ENSP00000212355	 rs1805113	ttT	ttC	F	F	676  	.   0.41	3qw9A   90  F
ENSP00000212355	 rs1805113	ttT	ttC	F	F	676  	.   0.41	3qw9B   90  F
ENSP00000212355	 rs1805113	ttT	ttC	F	F	676  	.   0.41	4ajvA   85  F
ENSP00000215587	    rs4921	cgG	cgT	R	R	52   	.   0.09	5flmE   51  R
ENSP00000215587	    rs4921	cgG	cgT	R	R	52   	.   0.09	5iy6E   52  R
ENSP00000215587	    rs4921	cgG	cgT	R	R	52   	.   0.09	5iy7E   52  R
ENSP00000215587	    rs4921	cgG	cgT	R	R	52   	.   0.09	5iy8E   52  R
ENSP00000215587	    rs4921	cgG	cgT	R	R	52   	.   0.09	5iy9E   52  R
ENSP00000215587	    rs4921	cgG	cgT	R	R	52   	.   0.09	5iyaE   52  R
ENSP00000215587	    rs4921	cgG	cgT	R	R	52   	.   0.09	5iybE   52  R
ENSP00000215587	    rs4921	cgG	cgT	R	R	52   	.   0.09	5iycE   52  R
ENSP00000215587	    rs4921	cgG	cgT	R	R	52   	.   0.09	5iydE   52  R
ENSP00000215587	    rs4921	cgG	cgT	R	R	52   	.   0.09	5oikE   51  R
ENSP00000215587	    rs4921	cgG	cgT	R	R	52   	.   0.09	6exvE   51  R
ENSP00000215587	    rs4921	cgG	cgT	R	R	52   	.   0.09	6gmhE   51  R
ENSP00000215587	    rs4921	cgG	cgT	R	R	52   	.   0.09	6gmlD   51  R
ENSP00000215727	    rs5907	cGc	cAc	R	H	208  	.   0.02	1jmjA  106  R
ENSP00000215727	    rs5907	cGc	cAc	R	H	208  	.   0.02	1jmjB   96  R
ENSP00000215727	    rs5907	cGc	cAc	R	H	208  	.   0.02	1jmoC  134  R
ENSP00000215812	 rs2269961	cGc	cAc	R	H	214  	.   0.05	4uybA  215  R
ENSP00000215812	 rs4820853	aTt	aCt	I	T	103  	.   0.01	4uybA  104  I
ENSP00000215812	 rs5749104	gaT	gaC	D	D	310  	.   0.01	4uybA  311  D
ENSP00000215812	rs35764129	Cgc	Tgc	R	C	364  	.    0.0	4uybA  365  R
ENSP00000215812	rs79967334	tAt	tGt	Y	C	342  	.   0.03	4uybA  343  Y
ENSP00000215838	 rs9606756	Ata	Gta	I	V	23   	.    0.1	2bb5A    5  I
ENSP00000215838	 rs9606756	Ata	Gta	I	V	23   	.    0.1	2bb5B    5  I
ENSP00000215838	 rs9606756	Ata	Gta	I	V	23   	.    0.1	4zrpA    5  I
ENSP00000215838	 rs9606756	Ata	Gta	I	V	23   	.    0.1	4zrpB    5  I
ENSP00000215838	 rs9606756	Ata	Gta	I	V	23   	.    0.1	4zrqA    5  I
ENSP00000215838	 rs9606756	Ata	Gta	I	V	23   	.    0.1	4zrqB    5  I
ENSP00000215838	 rs1801198	cGt	cAt	R	H	259  	.   0.08	2bb5A  241  P
ENSP00000215838	 rs1801198	cGt	cAt	R	H	259  	.   0.08	2bb5B  241  P
ENSP00000215838	 rs1801198	cGt	cAt	R	H	259  	.   0.08	4zrpA  232  R
ENSP00000215838	 rs1801198	cGt	cAt	R	H	259  	.   0.08	4zrpB  231  R
ENSP00000215838	 rs1801198	cGt	cAt	R	H	259  	.   0.08	4zrqA  232  R
ENSP00000215838	 rs1801198	cGt	cAt	R	H	259  	.   0.08	4zrqB  231  R
ENSP00000215838	 rs1801198	cGt	cCt	R	P	259  	.   0.08	2bb5A  241  P
ENSP00000215838	 rs1801198	cGt	cCt	R	P	259  	.   0.08	2bb5B  241  P
ENSP00000215838	 rs1801198	cGt	cCt	R	P	259  	.   0.08	4zrpA  232  R
ENSP00000215838	 rs1801198	cGt	cCt	R	P	259  	.   0.08	4zrpB  231  R
ENSP00000215838	 rs1801198	cGt	cCt	R	P	259  	.   0.08	4zrqA  232  R
ENSP00000215838	 rs1801198	cGt	cCt	R	P	259  	.   0.08	4zrqB  231  R
ENSP00000215838	rs11557600	Ggt	Agt	G	S	94   	.   0.41	2bb5A   76  G
ENSP00000215838	rs11557600	Ggt	Agt	G	S	94   	.   0.41	2bb5B   76  G
ENSP00000215838	rs11557600	Ggt	Cgt	G	R	94   	.   0.41	2bb5A   76  G
ENSP00000215838	rs11557600	Ggt	Cgt	G	R	94   	.   0.41	2bb5B   76  G
ENSP00000215838	rs35838082	Cgg	Tgg	R	W	215  	.   0.04	2bb5A  197  R
ENSP00000215838	rs35838082	Cgg	Tgg	R	W	215  	.   0.04	2bb5B  197  R
ENSP00000215838	rs35838082	Cgg	Tgg	R	W	215  	.   0.04	4zrpA  188  R
ENSP00000215838	rs35838082	Cgg	Tgg	R	W	215  	.   0.04	4zrpB  187  R
ENSP00000215838	rs35838082	Cgg	Tgg	R	W	215  	.   0.04	4zrqA  188  R
ENSP00000215838	rs35838082	Cgg	Tgg	R	W	215  	.   0.04	4zrqB  187  R
ENSP00000215838	rs45624233	Ctg	Ttg	L	L	293  	.   0.01	2bb5A  275  L
ENSP00000215838	rs45624233	Ctg	Ttg	L	L	293  	.   0.01	2bb5B  275  L
ENSP00000215838	rs45624233	Ctg	Ttg	L	L	293  	.   0.01	4zrpA  266  L
ENSP00000215838	rs45624233	Ctg	Ttg	L	L	293  	.   0.01	4zrpB  265  L
ENSP00000215838	rs45624233	Ctg	Ttg	L	L	293  	.   0.01	4zrqA  266  L
ENSP00000215838	rs45624233	Ctg	Ttg	L	L	293  	.   0.01	4zrqB  265  L
ENSP00000215838	rs76802001	ccG	ccA	P	P	341  	.   0.01	2bb5A  323  P
ENSP00000215838	rs76802001	ccG	ccA	P	P	341  	.   0.01	2bb5B  323  P
ENSP00000215838	rs76802001	ccG	ccA	P	P	341  	.   0.01	4zrpA  314  P
ENSP00000215838	rs76802001	ccG	ccA	P	P	341  	.   0.01	4zrpB  313  P
ENSP00000215838	rs76802001	ccG	ccA	P	P	341  	.   0.01	4zrqA  314  P
ENSP00000215838	rs76802001	ccG	ccA	P	P	341  	.   0.01	4zrqB  313  P
ENSP00000215838	rs76802001	ccG	ccA	P	P	341  	.   0.01	5no0A   19  P
ENSP00000215838	rs76802001	ccG	ccA	P	P	341  	.   0.01	5np4A   20  P
ENSP00000215838	rs76802001	ccG	ccA	P	P	341  	.   0.01	5nrpA   20  P
ENSP00000215838	rs76802001	ccG	ccA	P	P	341  	.   0.01	5nsaA   20  P
ENSP00000215838	rs76802001	ccG	ccT	P	P	341  	.   0.01	2bb5A  323  P
ENSP00000215838	rs76802001	ccG	ccT	P	P	341  	.   0.01	2bb5B  323  P
ENSP00000215838	rs76802001	ccG	ccT	P	P	341  	.   0.01	4zrpA  314  P
ENSP00000215838	rs76802001	ccG	ccT	P	P	341  	.   0.01	4zrpB  313  P
ENSP00000215838	rs76802001	ccG	ccT	P	P	341  	.   0.01	4zrqA  314  P
ENSP00000215838	rs76802001	ccG	ccT	P	P	341  	.   0.01	4zrqB  313  P
ENSP00000215838	rs76802001	ccG	ccT	P	P	341  	.   0.01	5no0A   19  P
ENSP00000215838	rs76802001	ccG	ccT	P	P	341  	.   0.01	5np4A   20  P
ENSP00000215838	rs76802001	ccG	ccT	P	P	341  	.   0.01	5nrpA   20  P
ENSP00000215838	rs76802001	ccG	ccT	P	P	341  	.   0.01	5nsaA   20  P
ENSP00000215862	rs76273991	aAt	aGt	N	S	147  	.   0.05	5of9A  205  N
ENSP00000215862	rs76273991	aAt	aGt	N	S	147  	.   0.05	5of9B  209  N
ENSP00000215862	rs76273991	aAt	aGt	N	S	147  	.   0.05	5ofaA  205  N
ENSP00000215862	rs76273991	aAt	aGt	N	S	147  	.   0.05	5ofaB  206  N
ENSP00000215862	rs76273991	aAt	aGt	N	S	147  	.   0.05	5ofbA  209  N
ENSP00000215862	rs76273991	aAt	aGt	N	S	147  	.   0.05	5ofbB  202  N
ENSP00000216027	rs17886090	tAc	tGc	Y	C	73   	.   0.01	3bvoA   35  Y
ENSP00000216027	rs17886090	tAc	tGc	Y	C	73   	.   0.01	3bvoB   28  Y
ENSP00000216027	rs17884212	atA	atG	I	M	163  	.   0.05	3bvoA  123  I
ENSP00000216027	rs17884212	atA	atG	I	M	163  	.   0.05	3bvoB  104  I
ENSP00000216027	rs17885263	Atc	Ctc	I	L	168  	.   0.04	3bvoA  127  I
ENSP00000216027	rs17885263	Atc	Ctc	I	L	168  	.   0.04	3bvoB  108  I
ENSP00000216124	 rs6151427	aAc	aGc	N	S	442  	.   0.11	1aukA  421  N
ENSP00000216124	 rs6151427	aAc	aGc	N	S	442  	.   0.11	1e1zA  422  N
ENSP00000216124	 rs6151427	aAc	aGc	N	S	442  	.   0.11	1e2sA  422  N
ENSP00000216124	 rs6151427	aAc	aGc	N	S	442  	.   0.11	1e33A  421  N
ENSP00000216124	 rs6151427	aAc	aGc	N	S	442  	.   0.11	1e3cA  422  N
ENSP00000216124	 rs6151427	aAc	aGc	N	S	442  	.   0.11	1n2kA  421  N
ENSP00000216124	 rs6151427	aAc	aGc	N	S	442  	.   0.11	1n2lA  421  N
ENSP00000216124	 rs6151425	gaC	gaG	D	E	383  	.   0.01	1aukA  362  D
ENSP00000216124	 rs6151425	gaC	gaG	D	E	383  	.   0.01	1e1zA  363  D
ENSP00000216124	 rs6151425	gaC	gaG	D	E	383  	.   0.01	1e2sA  363  D
ENSP00000216124	 rs6151425	gaC	gaG	D	E	383  	.   0.01	1e33A  362  D
ENSP00000216124	 rs6151425	gaC	gaG	D	E	383  	.   0.01	1e3cA  363  D
ENSP00000216124	 rs6151425	gaC	gaG	D	E	383  	.   0.01	1n2kA  362  D
ENSP00000216124	 rs6151425	gaC	gaG	D	E	383  	.   0.01	1n2lA  362  D
ENSP00000216124	 rs6151425	gaC	gaA	D	E	383  	.   0.01	1aukA  362  D
ENSP00000216124	 rs6151425	gaC	gaA	D	E	383  	.   0.01	1e1zA  363  D
ENSP00000216124	 rs6151425	gaC	gaA	D	E	383  	.   0.01	1e2sA  363  D
ENSP00000216124	 rs6151425	gaC	gaA	D	E	383  	.   0.01	1e33A  362  D
ENSP00000216124	 rs6151425	gaC	gaA	D	E	383  	.   0.01	1e3cA  363  D
ENSP00000216124	 rs6151425	gaC	gaA	D	E	383  	.   0.01	1n2kA  362  D
ENSP00000216124	 rs6151425	gaC	gaA	D	E	383  	.   0.01	1n2lA  362  D
ENSP00000216124	 rs6151422	Ttt	Gtt	F	V	358  	.   0.02	1aukA  337  F
ENSP00000216124	 rs6151422	Ttt	Gtt	F	V	358  	.   0.02	1e1zA  338  F
ENSP00000216124	 rs6151422	Ttt	Gtt	F	V	358  	.   0.02	1e2sA  338  F
ENSP00000216124	 rs6151422	Ttt	Gtt	F	V	358  	.   0.02	1e33A  337  F
ENSP00000216124	 rs6151422	Ttt	Gtt	F	V	358  	.   0.02	1e3cA  338  F
ENSP00000216124	 rs6151422	Ttt	Gtt	F	V	358  	.   0.02	1n2kA  337  F
ENSP00000216124	 rs6151422	Ttt	Gtt	F	V	358  	.   0.02	1n2lA  337  F
ENSP00000216124	 rs2071421	aAt	aGt	N	S	352  	.   0.02	1aukA  331  N
ENSP00000216124	 rs2071421	aAt	aGt	N	S	352  	.   0.02	1e1zA  332  N
ENSP00000216124	 rs2071421	aAt	aGt	N	S	352  	.   0.02	1e2sA  332  N
ENSP00000216124	 rs2071421	aAt	aGt	N	S	352  	.   0.02	1e33A  331  N
ENSP00000216124	 rs2071421	aAt	aGt	N	S	352  	.   0.02	1e3cA  332  N
ENSP00000216124	 rs2071421	aAt	aGt	N	S	352  	.   0.02	1n2kA  331  N
ENSP00000216124	 rs2071421	aAt	aGt	N	S	352  	.   0.02	1n2lA  331  N
ENSP00000216124	 rs6151415	tgG	tgT	W	C	195  	.   0.01	1aukA  174  W
ENSP00000216124	 rs6151415	tgG	tgT	W	C	195  	.   0.01	1e1zA  175  W
ENSP00000216124	 rs6151415	tgG	tgT	W	C	195  	.   0.01	1e2sA  175  W
ENSP00000216124	 rs6151415	tgG	tgT	W	C	195  	.   0.01	1e33A  174  W
ENSP00000216124	 rs6151415	tgG	tgT	W	C	195  	.   0.01	1e3cA  175  W
ENSP00000216124	 rs6151415	tgG	tgT	W	C	195  	.   0.01	1n2kA  174  W
ENSP00000216124	 rs6151415	tgG	tgT	W	C	195  	.   0.01	1n2lA  174  W
ENSP00000216124	 rs6151411	cCg	cTg	P	L	84   	.   0.03	1aukA   63  P
ENSP00000216124	 rs6151411	cCg	cTg	P	L	84   	.   0.03	1e1zA   64  P
ENSP00000216124	 rs6151411	cCg	cTg	P	L	84   	.   0.03	1e2sA   64  P
ENSP00000216124	 rs6151411	cCg	cTg	P	L	84   	.   0.03	1e33A   63  P
ENSP00000216124	 rs6151411	cCg	cTg	P	L	84   	.   0.03	1e3cA   64  P
ENSP00000216124	 rs6151411	cCg	cTg	P	L	84   	.   0.03	1n2kA   63  P
ENSP00000216124	 rs6151411	cCg	cTg	P	L	84   	.   0.03	1n2lA   63  P
ENSP00000216124	 rs6151425	gaC	gaT	D	D	383  	.   0.01	1aukA  362  D
ENSP00000216124	 rs6151425	gaC	gaT	D	D	383  	.   0.01	1e1zA  363  D
ENSP00000216124	 rs6151425	gaC	gaT	D	D	383  	.   0.01	1e2sA  363  D
ENSP00000216124	 rs6151425	gaC	gaT	D	D	383  	.   0.01	1e33A  362  D
ENSP00000216124	 rs6151425	gaC	gaT	D	D	383  	.   0.01	1e3cA  363  D
ENSP00000216124	 rs6151425	gaC	gaT	D	D	383  	.   0.01	1n2kA  362  D
ENSP00000216124	 rs6151425	gaC	gaT	D	D	383  	.   0.01	1n2lA  362  D
ENSP00000216124	 rs6151410	ggC	ggT	G	G	81   	.   0.03	1aukA   60  G
ENSP00000216124	 rs6151410	ggC	ggT	G	G	81   	.   0.03	1e1zA   61  G
ENSP00000216124	 rs6151410	ggC	ggT	G	G	81   	.   0.03	1e2sA   61  G
ENSP00000216124	 rs6151410	ggC	ggT	G	G	81   	.   0.03	1e33A   60  G
ENSP00000216124	 rs6151410	ggC	ggT	G	G	81   	.   0.03	1e3cA   61  G
ENSP00000216124	 rs6151410	ggC	ggT	G	G	81   	.   0.03	1n2kA   60  G
ENSP00000216124	 rs6151410	ggC	ggT	G	G	81   	.   0.03	1n2lA   60  G
ENSP00000216341	 rs8192917	cGa	cAa	R	Q	55   	.    0.0	1fq3A   35  Q
ENSP00000216341	 rs8192917	cGa	cAa	R	Q	55   	.    0.0	1fq3B   35  Q
ENSP00000216341	 rs8192917	cGa	cAa	R	Q	55   	.    0.0	1iauA   35  R
ENSP00000216367	 rs3218791	gtC	gtT	V	V	204  	.   0.01	5vbnA  104  V
ENSP00000216367	 rs3218791	gtC	gtT	V	V	204  	.   0.01	5vbnC  104  V
ENSP00000216367	 rs3218791	gtC	gtA	V	V	204  	.   0.01	5vbnA  104  V
ENSP00000216367	 rs3218791	gtC	gtA	V	V	204  	.   0.01	5vbnC  104  V
ENSP00000216392	 rs2275465	acC	acT	T	T	672  	*   0.85	1a8iA  649  T
ENSP00000216392	 rs2275465	acC	acT	T	T	672  	*   0.85	1abbA  658  T
ENSP00000216392	 rs2275465	acC	acT	T	T	672  	*   0.85	1abbB  658  T
ENSP00000216392	 rs2275465	acC	acT	T	T	672  	*   0.85	1abbC  658  T
ENSP00000216392	 rs2275465	acC	acT	T	T	672  	*   0.85	1abbD  658  T
ENSP00000216392	 rs2275465	acC	acT	T	T	672  	*   0.85	1axrA  658  T
ENSP00000216392	 rs2275465	acC	acT	T	T	672  	*   0.85	1b4dA  640  T
ENSP00000216392	 rs2275465	acC	acT	T	T	672  	*   0.85	1bx3A  637  T
ENSP00000216392	 rs2275465	acC	acT	T	T	672  	*   0.85	1c50A  659  T
ENSP00000216392	 rs2275465	acC	acT	T	T	672  	*   0.85	1c8kA  659  T
ENSP00000216392	 rs2275465	acC	acT	T	T	672  	*   0.85	1c8lA  647  T
ENSP00000216392	 rs2275465	acC	acT	T	T	672  	*   0.85	1e1yA  646  T
ENSP00000216392	 rs2275465	acC	acT	T	T	672  	*   0.85	1em6A  628  T
ENSP00000216392	 rs2275465	acC	acT	T	T	672  	*   0.85	1em6B  628  T
ENSP00000216392	 rs2275465	acC	acT	T	T	672  	*   0.85	1exvA  627  T
ENSP00000216392	 rs2275465	acC	acT	T	T	672  	*   0.85	1exvB  627  T
ENSP00000216392	 rs2275465	acC	acT	T	T	672  	*   0.85	1fa9A  666  T
ENSP00000216392	 rs2275465	acC	acT	T	T	672  	*   0.85	1fc0A  632  T
ENSP00000216392	 rs2275465	acC	acT	T	T	672  	*   0.85	1fc0B  633  T
ENSP00000216392	 rs2275465	acC	acT	T	T	672  	*   0.85	1fs4A  659  T
ENSP00000216392	 rs2275465	acC	acT	T	T	672  	*   0.85	1ftqA  659  T
ENSP00000216392	 rs2275465	acC	acT	T	T	672  	*   0.85	1ftwA  659  T
ENSP00000216392	 rs2275465	acC	acT	T	T	672  	*   0.85	1ftyA  659  T
ENSP00000216392	 rs2275465	acC	acT	T	T	672  	*   0.85	1fu4A  659  T
ENSP00000216392	 rs2275465	acC	acT	T	T	672  	*   0.85	1fu7A  659  T
ENSP00000216392	 rs2275465	acC	acT	T	T	672  	*   0.85	1fu8A  659  T
ENSP00000216392	 rs2275465	acC	acT	T	T	672  	*   0.85	1gfzA  648  T
ENSP00000216392	 rs2275465	acC	acT	T	T	672  	*   0.85	1gg8A  659  T
ENSP00000216392	 rs2275465	acC	acT	T	T	672  	*   0.85	1ggnA  659  T
ENSP00000216392	 rs2275465	acC	acT	T	T	672  	*   0.85	1gpaA  661  T
ENSP00000216392	 rs2275465	acC	acT	T	T	672  	*   0.85	1gpaB  658  T
ENSP00000216392	 rs2275465	acC	acT	T	T	672  	*   0.85	1gpaC  661  T
ENSP00000216392	 rs2275465	acC	acT	T	T	672  	*   0.85	1gpaD  661  T
ENSP00000216392	 rs2275465	acC	acT	T	T	672  	*   0.85	1gpbA  653  T
ENSP00000216392	 rs2275465	acC	acT	T	T	672  	*   0.85	1gpyA  658  T
ENSP00000216392	 rs2275465	acC	acT	T	T	672  	*   0.85	1h5uA  645  T
ENSP00000216392	 rs2275465	acC	acT	T	T	672  	*   0.85	1hlfA  659  T
ENSP00000216392	 rs2275465	acC	acT	T	T	672  	*   0.85	1k06A  641  T
ENSP00000216392	 rs2275465	acC	acT	T	T	672  	*   0.85	1k08A  651  T
ENSP00000216392	 rs2275465	acC	acT	T	T	672  	*   0.85	1ktiA  640  T
ENSP00000216392	 rs2275465	acC	acT	T	T	672  	*   0.85	1l5qA  632  T
ENSP00000216392	 rs2275465	acC	acT	T	T	672  	*   0.85	1l5qB  631  T
ENSP00000216392	 rs2275465	acC	acT	T	T	672  	*   0.85	1l5rA  632  T
ENSP00000216392	 rs2275465	acC	acT	T	T	672  	*   0.85	1l5rB  632  T
ENSP00000216392	 rs2275465	acC	acT	T	T	672  	*   0.85	1l5sA  633  T
ENSP00000216392	 rs2275465	acC	acT	T	T	672  	*   0.85	1l5sB  632  T
ENSP00000216392	 rs2275465	acC	acT	T	T	672  	*   0.85	1l7xA  635  T
ENSP00000216392	 rs2275465	acC	acT	T	T	672  	*   0.85	1l7xB  636  T
ENSP00000216392	 rs2275465	acC	acT	T	T	672  	*   0.85	1lwnA  647  T
ENSP00000216392	 rs2275465	acC	acT	T	T	672  	*   0.85	1lwoA  647  T
ENSP00000216392	 rs2275465	acC	acT	T	T	672  	*   0.85	1noiA  657  T
ENSP00000216392	 rs2275465	acC	acT	T	T	672  	*   0.85	1noiB  657  T
ENSP00000216392	 rs2275465	acC	acT	T	T	672  	*   0.85	1noiC  657  T
ENSP00000216392	 rs2275465	acC	acT	T	T	672  	*   0.85	1noiD  657  T
ENSP00000216392	 rs2275465	acC	acT	T	T	672  	*   0.85	1nojA  660  T
ENSP00000216392	 rs2275465	acC	acT	T	T	672  	*   0.85	1nokA  660  T
ENSP00000216392	 rs2275465	acC	acT	T	T	672  	*   0.85	1p29A  644  T
ENSP00000216392	 rs2275465	acC	acT	T	T	672  	*   0.85	1p2bA  643  T
ENSP00000216392	 rs2275465	acC	acT	T	T	672  	*   0.85	1p2dA  644  T
ENSP00000216392	 rs2275465	acC	acT	T	T	672  	*   0.85	1p2gA  643  T
ENSP00000216392	 rs2275465	acC	acT	T	T	672  	*   0.85	1p4gA  645  T
ENSP00000216392	 rs2275465	acC	acT	T	T	672  	*   0.85	1p4hA  645  T
ENSP00000216392	 rs2275465	acC	acT	T	T	672  	*   0.85	1p4jA  645  T
ENSP00000216392	 rs2275465	acC	acT	T	T	672  	*   0.85	1pygA  636  T
ENSP00000216392	 rs2275465	acC	acT	T	T	672  	*   0.85	1pygB  626  T
ENSP00000216392	 rs2275465	acC	acT	T	T	672  	*   0.85	1pygC  636  T
ENSP00000216392	 rs2275465	acC	acT	T	T	672  	*   0.85	1pygD  636  T
ENSP00000216392	 rs2275465	acC	acT	T	T	672  	*   0.85	1uzuA  643  T
ENSP00000216392	 rs2275465	acC	acT	T	T	672  	*   0.85	1wutA  650  T
ENSP00000216392	 rs2275465	acC	acT	T	T	672  	*   0.85	1wuyA  650  T
ENSP00000216392	 rs2275465	acC	acT	T	T	672  	*   0.85	1wv0A  650  T
ENSP00000216392	 rs2275465	acC	acT	T	T	672  	*   0.85	1wv1A  650  T
ENSP00000216392	 rs2275465	acC	acT	T	T	672  	*   0.85	1ww2A  651  T
ENSP00000216392	 rs2275465	acC	acT	T	T	672  	*   0.85	1ww3A  643  T
ENSP00000216392	 rs2275465	acC	acT	T	T	672  	*   0.85	1xc7A  645  T
ENSP00000216392	 rs2275465	acC	acT	T	T	672  	*   0.85	1xkxA  645  T
ENSP00000216392	 rs2275465	acC	acT	T	T	672  	*   0.85	1xl0A  645  T
ENSP00000216392	 rs2275465	acC	acT	T	T	672  	*   0.85	1xl1A  645  T
ENSP00000216392	 rs2275465	acC	acT	T	T	672  	*   0.85	1xoiA  637  T
ENSP00000216392	 rs2275465	acC	acT	T	T	672  	*   0.85	1xoiB  637  T
ENSP00000216392	 rs2275465	acC	acT	T	T	672  	*   0.85	1z62A  643  T
ENSP00000216392	 rs2275465	acC	acT	T	T	672  	*   0.85	1z6pA  649  T
ENSP00000216392	 rs2275465	acC	acT	T	T	672  	*   0.85	1z6qA  649  T
ENSP00000216392	 rs2275465	acC	acT	T	T	672  	*   0.85	1z8dA  655  T
ENSP00000216392	 rs2275465	acC	acT	T	T	672  	*   0.85	2amvA  659  T
ENSP00000216392	 rs2275465	acC	acT	T	T	672  	*   0.85	2atiA  631  T
ENSP00000216392	 rs2275465	acC	acT	T	T	672  	*   0.85	2atiB  631  T
ENSP00000216392	 rs2275465	acC	acT	T	T	672  	*   0.85	2f3pA  645  T
ENSP00000216392	 rs2275465	acC	acT	T	T	672  	*   0.85	2f3qA  645  T
ENSP00000216392	 rs2275465	acC	acT	T	T	672  	*   0.85	2f3sA  645  T
ENSP00000216392	 rs2275465	acC	acT	T	T	672  	*   0.85	2f3uA  645  T
ENSP00000216392	 rs2275465	acC	acT	T	T	672  	*   0.85	2fetA  642  T
ENSP00000216392	 rs2275465	acC	acT	T	T	672  	*   0.85	2ff5A  642  T
ENSP00000216392	 rs2275465	acC	acT	T	T	672  	*   0.85	2ffrA  645  T
ENSP00000216392	 rs2275465	acC	acT	T	T	672  	*   0.85	2g9qA  639  T
ENSP00000216392	 rs2275465	acC	acT	T	T	672  	*   0.85	2g9rA  645  T
ENSP00000216392	 rs2275465	acC	acT	T	T	672  	*   0.85	2g9uA  638  T
ENSP00000216392	 rs2275465	acC	acT	T	T	672  	*   0.85	2g9vA  642  T
ENSP00000216392	 rs2275465	acC	acT	T	T	672  	*   0.85	2gj4A  639  T
ENSP00000216392	 rs2275465	acC	acT	T	T	672  	*   0.85	2gm9A  640  T
ENSP00000216392	 rs2275465	acC	acT	T	T	672  	*   0.85	2gpaA  645  T
ENSP00000216392	 rs2275465	acC	acT	T	T	672  	*   0.85	2gpbA  660  T
ENSP00000216392	 rs2275465	acC	acT	T	T	672  	*   0.85	2gpnA  638  T
ENSP00000216392	 rs2275465	acC	acT	T	T	672  	*   0.85	2iegA  639  T
ENSP00000216392	 rs2275465	acC	acT	T	T	672  	*   0.85	2iegB  641  T
ENSP00000216392	 rs2275465	acC	acT	T	T	672  	*   0.85	2ieiA  634  T
ENSP00000216392	 rs2275465	acC	acT	T	T	672  	*   0.85	2ieiB  635  T
ENSP00000216392	 rs2275465	acC	acT	T	T	672  	*   0.85	2offA  645  T
ENSP00000216392	 rs2275465	acC	acT	T	T	672  	*   0.85	2priA  659  T
ENSP00000216392	 rs2275465	acC	acT	T	T	672  	*   0.85	2prjA  659  T
ENSP00000216392	 rs2275465	acC	acT	T	T	672  	*   0.85	2pydA  644  T
ENSP00000216392	 rs2275465	acC	acT	T	T	672  	*   0.85	2pyiA  643  T
ENSP00000216392	 rs2275465	acC	acT	T	T	672  	*   0.85	2qllA  638  T
ENSP00000216392	 rs2275465	acC	acT	T	T	672  	*   0.85	2qlmA  645  T
ENSP00000216392	 rs2275465	acC	acT	T	T	672  	*   0.85	2qlnA  645  T
ENSP00000216392	 rs2275465	acC	acT	T	T	672  	*   0.85	2qn1A  648  T
ENSP00000216392	 rs2275465	acC	acT	T	T	672  	*   0.85	2qn2A  648  T
ENSP00000216392	 rs2275465	acC	acT	T	T	672  	*   0.85	2qn3A  648  T
ENSP00000216392	 rs2275465	acC	acT	T	T	672  	*   0.85	2qn7A  640  T
ENSP00000216392	 rs2275465	acC	acT	T	T	672  	*   0.85	2qn8A  644  T
ENSP00000216392	 rs2275465	acC	acT	T	T	672  	*   0.85	2qn9A  642  T
ENSP00000216392	 rs2275465	acC	acT	T	T	672  	*   0.85	2qnbA  645  T
ENSP00000216392	 rs2275465	acC	acT	T	T	672  	*   0.85	2qrgA  645  T
ENSP00000216392	 rs2275465	acC	acT	T	T	672  	*   0.85	2qrhA  645  T
ENSP00000216392	 rs2275465	acC	acT	T	T	672  	*   0.85	2qrmA  645  T
ENSP00000216392	 rs2275465	acC	acT	T	T	672  	*   0.85	2qrpA  647  T
ENSP00000216392	 rs2275465	acC	acT	T	T	672  	*   0.85	2qrqA  644  T
ENSP00000216392	 rs2275465	acC	acT	T	T	672  	*   0.85	2skcA  659  T
ENSP00000216392	 rs2275465	acC	acT	T	T	672  	*   0.85	2skdA  659  T
ENSP00000216392	 rs2275465	acC	acT	T	T	672  	*   0.85	2skeA  659  T
ENSP00000216392	 rs2275465	acC	acT	T	T	672  	*   0.85	2zb2A  639  T
ENSP00000216392	 rs2275465	acC	acT	T	T	672  	*   0.85	2zb2B  632  T
ENSP00000216392	 rs2275465	acC	acT	T	T	672  	*   0.85	3amvA  647  T
ENSP00000216392	 rs2275465	acC	acT	T	T	672  	*   0.85	3bcrA  648  T
ENSP00000216392	 rs2275465	acC	acT	T	T	672  	*   0.85	3bcsA  645  T
ENSP00000216392	 rs2275465	acC	acT	T	T	672  	*   0.85	3bcuA  648  T
ENSP00000216392	 rs2275465	acC	acT	T	T	672  	*   0.85	3bd6A  648  T
ENSP00000216392	 rs2275465	acC	acT	T	T	672  	*   0.85	3bd7A  645  T
ENSP00000216392	 rs2275465	acC	acT	T	T	672  	*   0.85	3bd8A  645  T
ENSP00000216392	 rs2275465	acC	acT	T	T	672  	*   0.85	3bdaA  645  T
ENSP00000216392	 rs2275465	acC	acT	T	T	672  	*   0.85	3cehA  634  T
ENSP00000216392	 rs2275465	acC	acT	T	T	672  	*   0.85	3cehB  634  T
ENSP00000216392	 rs2275465	acC	acT	T	T	672  	*   0.85	3cejA  630  T
ENSP00000216392	 rs2275465	acC	acT	T	T	672  	*   0.85	3cejB  630  T
ENSP00000216392	 rs2275465	acC	acT	T	T	672  	*   0.85	3cemA  634  T
ENSP00000216392	 rs2275465	acC	acT	T	T	672  	*   0.85	3cemB  634  T
ENSP00000216392	 rs2275465	acC	acT	T	T	672  	*   0.85	3cutA  648  T
ENSP00000216392	 rs2275465	acC	acT	T	T	672  	*   0.85	3cuuA  648  T
ENSP00000216392	 rs2275465	acC	acT	T	T	672  	*   0.85	3cuvA  648  T
ENSP00000216392	 rs2275465	acC	acT	T	T	672  	*   0.85	3cuwA  648  T
ENSP00000216392	 rs2275465	acC	acT	T	T	672  	*   0.85	3dd1A  651  T
ENSP00000216392	 rs2275465	acC	acT	T	T	672  	*   0.85	3dd1B  646  T
ENSP00000216392	 rs2275465	acC	acT	T	T	672  	*   0.85	3ddsA  651  T
ENSP00000216392	 rs2275465	acC	acT	T	T	672  	*   0.85	3ddsB  643  T
ENSP00000216392	 rs2275465	acC	acT	T	T	672  	*   0.85	3ddwA  651  T
ENSP00000216392	 rs2275465	acC	acT	T	T	672  	*   0.85	3ddwB  641  T
ENSP00000216392	 rs2275465	acC	acT	T	T	672  	*   0.85	3e3lA  644  T
ENSP00000216392	 rs2275465	acC	acT	T	T	672  	*   0.85	3e3lB  643  T
ENSP00000216392	 rs2275465	acC	acT	T	T	672  	*   0.85	3e3lC  641  T
ENSP00000216392	 rs2275465	acC	acT	T	T	672  	*   0.85	3e3lD  640  T
ENSP00000216392	 rs2275465	acC	acT	T	T	672  	*   0.85	3e3nA  648  T
ENSP00000216392	 rs2275465	acC	acT	T	T	672  	*   0.85	3e3nB  649  T
ENSP00000216392	 rs2275465	acC	acT	T	T	672  	*   0.85	3e3nC  636  T
ENSP00000216392	 rs2275465	acC	acT	T	T	672  	*   0.85	3e3nD  648  T
ENSP00000216392	 rs2275465	acC	acT	T	T	672  	*   0.85	3e3nE  637  T
ENSP00000216392	 rs2275465	acC	acT	T	T	672  	*   0.85	3e3nF  647  T
ENSP00000216392	 rs2275465	acC	acT	T	T	672  	*   0.85	3e3nG  648  T
ENSP00000216392	 rs2275465	acC	acT	T	T	672  	*   0.85	3e3nH  649  T
ENSP00000216392	 rs2275465	acC	acT	T	T	672  	*   0.85	3e3oA  644  T
ENSP00000216392	 rs2275465	acC	acT	T	T	672  	*   0.85	3e3oB  646  T
ENSP00000216392	 rs2275465	acC	acT	T	T	672  	*   0.85	3e3oC  642  T
ENSP00000216392	 rs2275465	acC	acT	T	T	672  	*   0.85	3e3oD  640  T
ENSP00000216392	 rs2275465	acC	acT	T	T	672  	*   0.85	3eboA  645  T
ENSP00000216392	 rs2275465	acC	acT	T	T	672  	*   0.85	3ebpA  645  T
ENSP00000216392	 rs2275465	acC	acT	T	T	672  	*   0.85	3g2hA  642  T
ENSP00000216392	 rs2275465	acC	acT	T	T	672  	*   0.85	3g2iA  645  T
ENSP00000216392	 rs2275465	acC	acT	T	T	672  	*   0.85	3g2jA  645  T
ENSP00000216392	 rs2275465	acC	acT	T	T	672  	*   0.85	3g2kA  645  T
ENSP00000216392	 rs2275465	acC	acT	T	T	672  	*   0.85	3g2lA  645  T
ENSP00000216392	 rs2275465	acC	acT	T	T	672  	*   0.85	3g2nA  651  T
ENSP00000216392	 rs2275465	acC	acT	T	T	672  	*   0.85	3gpbA  662  T
ENSP00000216392	 rs2275465	acC	acT	T	T	672  	*   0.85	3l79A  645  T
ENSP00000216392	 rs2275465	acC	acT	T	T	672  	*   0.85	3l7aA  646  T
ENSP00000216392	 rs2275465	acC	acT	T	T	672  	*   0.85	3l7bA  644  T
ENSP00000216392	 rs2275465	acC	acT	T	T	672  	*   0.85	3l7cA  647  T
ENSP00000216392	 rs2275465	acC	acT	T	T	672  	*   0.85	3l7dA  644  T
ENSP00000216392	 rs2275465	acC	acT	T	T	672  	*   0.85	3mqfA  644  T
ENSP00000216392	 rs2275465	acC	acT	T	T	672  	*   0.85	3mrtA  645  T
ENSP00000216392	 rs2275465	acC	acT	T	T	672  	*   0.85	3mrvA  645  T
ENSP00000216392	 rs2275465	acC	acT	T	T	672  	*   0.85	3mrxA  646  T
ENSP00000216392	 rs2275465	acC	acT	T	T	672  	*   0.85	3ms2A  646  T
ENSP00000216392	 rs2275465	acC	acT	T	T	672  	*   0.85	3ms4A  645  T
ENSP00000216392	 rs2275465	acC	acT	T	T	672  	*   0.85	3ms7A  644  T
ENSP00000216392	 rs2275465	acC	acT	T	T	672  	*   0.85	3mscA  645  T
ENSP00000216392	 rs2275465	acC	acT	T	T	672  	*   0.85	3mt7A  645  T
ENSP00000216392	 rs2275465	acC	acT	T	T	672  	*   0.85	3mt8A  645  T
ENSP00000216392	 rs2275465	acC	acT	T	T	672  	*   0.85	3mt9A  645  T
ENSP00000216392	 rs2275465	acC	acT	T	T	672  	*   0.85	3mtaA  645  T
ENSP00000216392	 rs2275465	acC	acT	T	T	672  	*   0.85	3mtbA  645  T
ENSP00000216392	 rs2275465	acC	acT	T	T	672  	*   0.85	3mtdA  645  T
ENSP00000216392	 rs2275465	acC	acT	T	T	672  	*   0.85	3nc4A  645  T
ENSP00000216392	 rs2275465	acC	acT	T	T	672  	*   0.85	3np7A  648  T
ENSP00000216392	 rs2275465	acC	acT	T	T	672  	*   0.85	3np9A  645  T
ENSP00000216392	 rs2275465	acC	acT	T	T	672  	*   0.85	3npaA  645  T
ENSP00000216392	 rs2275465	acC	acT	T	T	672  	*   0.85	3s0jA  645  T
ENSP00000216392	 rs2275465	acC	acT	T	T	672  	*   0.85	3symA  642  T
ENSP00000216392	 rs2275465	acC	acT	T	T	672  	*   0.85	3syrA  642  T
ENSP00000216392	 rs2275465	acC	acT	T	T	672  	*   0.85	3t3dA  645  T
ENSP00000216392	 rs2275465	acC	acT	T	T	672  	*   0.85	3t3eA  645  T
ENSP00000216392	 rs2275465	acC	acT	T	T	672  	*   0.85	3t3gA  642  T
ENSP00000216392	 rs2275465	acC	acT	T	T	672  	*   0.85	3t3hA  642  T
ENSP00000216392	 rs2275465	acC	acT	T	T	672  	*   0.85	3t3iA  645  T
ENSP00000216392	 rs2275465	acC	acT	T	T	672  	*   0.85	3zcpA  645  T
ENSP00000216392	 rs2275465	acC	acT	T	T	672  	*   0.85	3zcqA  645  T
ENSP00000216392	 rs2275465	acC	acT	T	T	672  	*   0.85	3zcrA  642  T
ENSP00000216392	 rs2275465	acC	acT	T	T	672  	*   0.85	3zcsA  642  T
ENSP00000216392	 rs2275465	acC	acT	T	T	672  	*   0.85	3zctA  645  T
ENSP00000216392	 rs2275465	acC	acT	T	T	672  	*   0.85	3zcuA  642  T
ENSP00000216392	 rs2275465	acC	acT	T	T	672  	*   0.85	3zcvA  645  T
ENSP00000216392	 rs2275465	acC	acT	T	T	672  	*   0.85	4ctmA  642  T
ENSP00000216392	 rs2275465	acC	acT	T	T	672  	*   0.85	4ctnA  642  T
ENSP00000216392	 rs2275465	acC	acT	T	T	672  	*   0.85	4ctoA  645  T
ENSP00000216392	 rs2275465	acC	acT	T	T	672  	*   0.85	4ej2A  645  T
ENSP00000216392	 rs2275465	acC	acT	T	T	672  	*   0.85	4ekeA  645  T
ENSP00000216392	 rs2275465	acC	acT	T	T	672  	*   0.85	4ekyA  645  T
ENSP00000216392	 rs2275465	acC	acT	T	T	672  	*   0.85	4el0A  645  T
ENSP00000216392	 rs2275465	acC	acT	T	T	672  	*   0.85	4el5A  645  T
ENSP00000216392	 rs2275465	acC	acT	T	T	672  	*   0.85	4gpbA  662  T
ENSP00000216392	 rs2275465	acC	acT	T	T	672  	*   0.85	4mhoA  642  T
ENSP00000216392	 rs2275465	acC	acT	T	T	672  	*   0.85	4mhsA  645  T
ENSP00000216392	 rs2275465	acC	acT	T	T	672  	*   0.85	4mi3A  642  T
ENSP00000216392	 rs2275465	acC	acT	T	T	672  	*   0.85	4mi6A  645  T
ENSP00000216392	 rs2275465	acC	acT	T	T	672  	*   0.85	4mi9A  644  T
ENSP00000216392	 rs2275465	acC	acT	T	T	672  	*   0.85	4micA  642  T
ENSP00000216392	 rs2275465	acC	acT	T	T	672  	*   0.85	4mraA  642  T
ENSP00000216392	 rs2275465	acC	acT	T	T	672  	*   0.85	4yi3A  641  T
ENSP00000216392	 rs2275465	acC	acT	T	T	672  	*   0.85	4yi5A  644  T
ENSP00000216392	 rs2275465	acC	acT	T	T	672  	*   0.85	4yuaA  645  T
ENSP00000216392	 rs2275465	acC	acT	T	T	672  	*   0.85	4z5xA  644  T
ENSP00000216392	 rs2275465	acC	acT	T	T	672  	*   0.85	5gpbA  662  T
ENSP00000216392	 rs2275465	acC	acT	T	T	672  	*   0.85	5ikoA  639  T
ENSP00000216392	 rs2275465	acC	acT	T	T	672  	*   0.85	5ikpA  638  T
ENSP00000216392	 rs2275465	acC	acT	T	T	672  	*   0.85	5jttA  645  T
ENSP00000216392	 rs2275465	acC	acT	T	T	672  	*   0.85	5jtuA  645  T
ENSP00000216392	 rs2275465	acC	acT	T	T	672  	*   0.85	5lrcA  645  T
ENSP00000216392	 rs2275465	acC	acT	T	T	672  	*   0.85	5lrdA  645  T
ENSP00000216392	 rs2275465	acC	acT	T	T	672  	*   0.85	5lreA  645  T
ENSP00000216392	 rs2275465	acC	acT	T	T	672  	*   0.85	5lrfA  645  T
ENSP00000216392	 rs2275465	acC	acT	T	T	672  	*   0.85	5mcbA  644  T
ENSP00000216392	 rs2275465	acC	acT	T	T	672  	*   0.85	5memA  642  T
ENSP00000216392	 rs2275465	acC	acT	T	T	672  	*   0.85	5o50A  645  T
ENSP00000216392	 rs2275465	acC	acT	T	T	672  	*   0.85	5o52A  645  T
ENSP00000216392	 rs2275465	acC	acT	T	T	672  	*   0.85	5o54A  645  T
ENSP00000216392	 rs2275465	acC	acT	T	T	672  	*   0.85	5o56A  645  T
ENSP00000216392	 rs2275465	acC	acT	T	T	672  	*   0.85	5owyA  645  T
ENSP00000216392	 rs2275465	acC	acT	T	T	672  	*   0.85	5owzA  645  T
ENSP00000216392	 rs2275465	acC	acT	T	T	672  	*   0.85	5ox0A  643  T
ENSP00000216392	 rs2275465	acC	acT	T	T	672  	*   0.85	5ox1A  645  T
ENSP00000216392	 rs2275465	acC	acT	T	T	672  	*   0.85	5ox3A  645  T
ENSP00000216392	 rs2275465	acC	acT	T	T	672  	*   0.85	5ox4A  645  T
ENSP00000216392	 rs2275465	acC	acT	T	T	672  	*   0.85	6f3jA  645  T
ENSP00000216392	 rs2275465	acC	acT	T	T	672  	*   0.85	6f3lA  645  T
ENSP00000216392	 rs2275465	acC	acT	T	T	672  	*   0.85	6f3rA  645  T
ENSP00000216392	 rs2275465	acC	acT	T	T	672  	*   0.85	6f3sA  645  T
ENSP00000216392	 rs2275465	acC	acT	T	T	672  	*   0.85	6f3uA  645  T
ENSP00000216392	 rs2275465	acC	acT	T	T	672  	*   0.85	6gpbA  658  T
ENSP00000216392	 rs2275465	acC	acT	T	T	672  	*   0.85	7gpbA  658  T
ENSP00000216392	 rs2275465	acC	acT	T	T	672  	*   0.85	7gpbB  658  T
ENSP00000216392	 rs2275465	acC	acT	T	T	672  	*   0.85	7gpbC  658  T
ENSP00000216392	 rs2275465	acC	acT	T	T	672  	*   0.85	7gpbD  658  T
ENSP00000216392	 rs2275465	acC	acT	T	T	672  	*   0.85	8gpbA  661  T
ENSP00000216392	 rs2275465	acC	acT	T	T	672  	*   0.85	9gpbA  657  T
ENSP00000216392	 rs2275465	acC	acT	T	T	672  	*   0.85	9gpbB  657  T
ENSP00000216392	 rs2275465	acC	acT	T	T	672  	*   0.85	9gpbC  657  T
ENSP00000216392	 rs2275465	acC	acT	T	T	672  	*   0.85	9gpbD  657  T
ENSP00000216465	    rs7975	Gag	Aag	E	K	32   	.    0.0	1fw1A   28  K
ENSP00000216465	    rs7975	Gag	Aag	E	K	32   	.    0.0	2cz2A   29  E
ENSP00000216465	    rs7975	Gag	Aag	E	K	32   	.    0.0	2cz3A   29  E
ENSP00000216465	    rs7975	Gag	Aag	E	K	32   	.    0.0	2cz3B   29  E
ENSP00000216465	    rs7975	Gag	Cag	E	Q	32   	.    0.0	1fw1A   28  K
ENSP00000216465	    rs7975	Gag	Cag	E	Q	32   	.    0.0	2cz2A   29  E
ENSP00000216465	    rs7975	Gag	Cag	E	Q	32   	.    0.0	2cz3A   29  E
ENSP00000216465	    rs7975	Gag	Cag	E	Q	32   	.    0.0	2cz3B   29  E
ENSP00000216465	    rs7972	Ggg	Agg	G	R	42   	.   0.04	1fw1A   38  G
ENSP00000216465	    rs7972	Ggg	Agg	G	R	42   	.   0.04	2cz2A   39  G
ENSP00000216465	 rs1046428	aTg	aCg	M	T	82   	.   0.01	1fw1A   78  T
ENSP00000216465	 rs1046428	aTg	aCg	M	T	82   	.   0.01	2cz2A   77  T
ENSP00000216465	 rs1046428	aTg	aCg	M	T	82   	.   0.01	2cz3A   57  T
ENSP00000216465	 rs1046428	aTg	aCg	M	T	82   	.   0.01	2cz3B   72  T
ENSP00000216465	 rs2234955	Aac	Cac	N	H	133  	.   0.01	1fw1A  129  N
ENSP00000216465	 rs2234955	Aac	Cac	N	H	133  	.   0.01	2cz2A  126  K
ENSP00000216465	 rs2234955	Aac	Cac	N	H	133  	.   0.01	2cz3A  106  K
ENSP00000216465	 rs2234955	Aac	Cac	N	H	133  	.   0.01	2cz3B  112  K
ENSP00000216605	 rs1950902	aAa	aGa	K	R	134  	.   0.04	1a4iA  133  R
ENSP00000216605	 rs1950902	aAa	aGa	K	R	134  	.   0.04	1a4iB  133  R
ENSP00000216605	 rs1950902	aAa	aGa	K	R	134  	.   0.04	1diaA  133  R
ENSP00000216605	 rs1950902	aAa	aGa	K	R	134  	.   0.04	1diaB  133  R
ENSP00000216605	 rs1950902	aAa	aGa	K	R	134  	.   0.04	1dibA  133  R
ENSP00000216605	 rs1950902	aAa	aGa	K	R	134  	.   0.04	1dibB  133  R
ENSP00000216605	 rs1950902	aAa	aGa	K	R	134  	.   0.04	1digA  133  R
ENSP00000216605	 rs1950902	aAa	aGa	K	R	134  	.   0.04	1digB  133  R
ENSP00000216840	  rs729421	Acg	Gcg	T	A	420  	.   0.01	1dceA  419  A
ENSP00000216840	  rs729421	Acg	Gcg	T	A	420  	.   0.01	1dceC  419  A
ENSP00000216840	  rs729421	Acg	Gcg	T	A	420  	.   0.01	1ltxA  389  A
ENSP00000216840	  rs729421	Acg	Gcg	T	A	420  	.   0.01	3c72A  285  A
ENSP00000216840	  rs729421	Acg	Gcg	T	A	420  	.   0.01	3dssA  292  A
ENSP00000216840	  rs729421	Acg	Gcg	T	A	420  	.   0.01	3dstA  290  A
ENSP00000216840	  rs729421	Acg	Gcg	T	A	420  	.   0.01	3dsuA  285  A
ENSP00000216840	  rs729421	Acg	Gcg	T	A	420  	.   0.01	3dsvA  295  A
ENSP00000216840	  rs729421	Acg	Gcg	T	A	420  	.   0.01	3dswA  292  A
ENSP00000216840	  rs729421	Acg	Gcg	T	A	420  	.   0.01	3dsxA  296  A
ENSP00000216840	  rs729421	Acg	Gcg	T	A	420  	.   0.01	3hxbA  287  A
ENSP00000216840	  rs729421	Acg	Gcg	T	A	420  	.   0.01	3hxcA  286  A
ENSP00000216840	  rs729421	Acg	Gcg	T	A	420  	.   0.01	3hxdA  287  A
ENSP00000216840	  rs729421	Acg	Gcg	T	A	420  	.   0.01	3hxeA  285  A
ENSP00000216840	  rs729421	Acg	Gcg	T	A	420  	.   0.01	3hxfA  288  A
ENSP00000216840	  rs729421	Acg	Gcg	T	A	420  	.   0.01	3pz1A  284  A
ENSP00000216840	  rs729421	Acg	Gcg	T	A	420  	.   0.01	3pz2A  277  A
ENSP00000216840	  rs729421	Acg	Gcg	T	A	420  	.   0.01	3pz3A  287  A
ENSP00000216840	  rs729421	Acg	Gcg	T	A	420  	.   0.01	4ehmA  298  A
ENSP00000216840	  rs729421	Acg	Gcg	T	A	420  	.   0.01	4gtsA  291  A
ENSP00000216840	  rs729421	Acg	Gcg	T	A	420  	.   0.01	4gttA  290  A
ENSP00000216840	  rs729421	Acg	Gcg	T	A	420  	.   0.01	4gtvA  286  A
ENSP00000216862	 rs6068812	tTa	tCa	L	S	409  	.   0.01	3k9vA  359  L
ENSP00000216862	 rs6068812	tTa	tCa	L	S	409  	.   0.01	3k9vB  359  L
ENSP00000216862	 rs6068812	tTa	tCa	L	S	409  	.   0.01	3k9yA  356  L
ENSP00000216862	 rs6068812	tTa	tCa	L	S	409  	.   0.01	3k9yB  357  L
ENSP00000216862	 rs6022990	aTg	aCg	M	T	374  	.   0.01	3k9vA  324  M
ENSP00000216862	 rs6022990	aTg	aCg	M	T	374  	.   0.01	3k9vB  324  M
ENSP00000216862	 rs6022990	aTg	aCg	M	T	374  	.   0.01	3k9yA  321  M
ENSP00000216862	 rs6022990	aTg	aCg	M	T	374  	.   0.01	3k9yB  322  M
ENSP00000216862	 rs2296239	ccG	ccA	P	P	375  	.   0.01	3k9vA  325  P
ENSP00000216862	 rs2296239	ccG	ccA	P	P	375  	.   0.01	3k9vB  325  P
ENSP00000216862	 rs2296239	ccG	ccA	P	P	375  	.   0.01	3k9yA  322  P
ENSP00000216862	 rs2296239	ccG	ccA	P	P	375  	.   0.01	3k9yB  323  P
ENSP00000216862	 rs2296241	gcC	gcT	A	A	184  	.   0.01	3k9vA  134  A
ENSP00000216862	 rs2296241	gcC	gcT	A	A	184  	.   0.01	3k9vB  134  A
ENSP00000216862	 rs2296241	gcC	gcT	A	A	184  	.   0.01	3k9yA  131  A
ENSP00000216862	 rs2296241	gcC	gcT	A	A	184  	.   0.01	3k9yB  132  A
ENSP00000216862	rs35051736	cGg	cAg	R	Q	157  	.   0.02	3k9vA  107  R
ENSP00000216862	rs35051736	cGg	cAg	R	Q	157  	.   0.02	3k9vB  107  R
ENSP00000216862	rs35051736	cGg	cAg	R	Q	157  	.   0.02	3k9yA  104  R
ENSP00000216862	rs35051736	cGg	cAg	R	Q	157  	.   0.02	3k9yB  105  R
ENSP00000216927	 rs3746721	taC	taT	Y	Y	269  	.   0.03	4i2xE  307  A
ENSP00000216927	 rs3746721	taC	taT	Y	Y	269  	.   0.03	4i2xF  289  Q
ENSP00000217133	  rs463312	cAg	cCg	Q	P	43   	.   0.07	1ia0B   43  Q
ENSP00000217133	  rs463312	cAg	cCg	Q	P	43   	.   0.07	1jffB   42  Q
ENSP00000217133	  rs463312	cAg	cCg	Q	P	43   	.   0.07	1sa0B   42  Q
ENSP00000217133	  rs463312	cAg	cCg	Q	P	43   	.   0.07	1sa0D   42  Q
ENSP00000217133	  rs463312	cAg	cCg	Q	P	43   	.   0.07	1sa1B   42  Q
ENSP00000217133	  rs463312	cAg	cCg	Q	P	43   	.   0.07	1sa1D   42  Q
ENSP00000217133	  rs463312	cAg	cCg	Q	P	43   	.   0.07	1tubB   43  Q
ENSP00000217133	  rs463312	cAg	cCg	Q	P	43   	.   0.07	1tvkB   42  Q
ENSP00000217133	  rs463312	cAg	cCg	Q	P	43   	.   0.07	1z2bB   42  Q
ENSP00000217133	  rs463312	cAg	cCg	Q	P	43   	.   0.07	1z2bD   42  Q
ENSP00000217133	  rs463312	cAg	cCg	Q	P	43   	.   0.07	2hxfB   42  Q
ENSP00000217133	  rs463312	cAg	cCg	Q	P	43   	.   0.07	2hxhB   42  Q
ENSP00000217133	  rs463312	cAg	cCg	Q	P	43   	.   0.07	2p4nC   42  Q
ENSP00000217133	  rs463312	cAg	cCg	Q	P	43   	.   0.07	2wbeB   42  Q
ENSP00000217133	  rs463312	cAg	cCg	Q	P	43   	.   0.07	2xrpA   42  Q
ENSP00000217133	  rs463312	cAg	cCg	Q	P	43   	.   0.07	2xrpC   42  Q
ENSP00000217133	  rs463312	cAg	cCg	Q	P	43   	.   0.07	2xrpE   42  Q
ENSP00000217133	  rs463312	cAg	cCg	Q	P	43   	.   0.07	2xrpG   42  Q
ENSP00000217133	  rs463312	cAg	cCg	Q	P	43   	.   0.07	3dcoC   42  Q
ENSP00000217133	  rs463312	cAg	cCg	Q	P	43   	.   0.07	3du7B   42  Q
ENSP00000217133	  rs463312	cAg	cCg	Q	P	43   	.   0.07	3du7D   42  Q
ENSP00000217133	  rs463312	cAg	cCg	Q	P	43   	.   0.07	3e22B   42  Q
ENSP00000217133	  rs463312	cAg	cCg	Q	P	43   	.   0.07	3e22D   42  Q
ENSP00000217133	  rs463312	cAg	cCg	Q	P	43   	.   0.07	3edlB   42  Q
ENSP00000217133	  rs463312	cAg	cCg	Q	P	43   	.   0.07	3edlE   42  Q
ENSP00000217133	  rs463312	cAg	cCg	Q	P	43   	.   0.07	3hkbB   42  Q
ENSP00000217133	  rs463312	cAg	cCg	Q	P	43   	.   0.07	3hkbD   42  Q
ENSP00000217133	  rs463312	cAg	cCg	Q	P	43   	.   0.07	3hkcB   42  Q
ENSP00000217133	  rs463312	cAg	cCg	Q	P	43   	.   0.07	3hkcD   42  Q
ENSP00000217133	  rs463312	cAg	cCg	Q	P	43   	.   0.07	3hkdB   42  Q
ENSP00000217133	  rs463312	cAg	cCg	Q	P	43   	.   0.07	3hkdD   42  Q
ENSP00000217133	  rs463312	cAg	cCg	Q	P	43   	.   0.07	3hkeB   42  Q
ENSP00000217133	  rs463312	cAg	cCg	Q	P	43   	.   0.07	3hkeD   42  Q
ENSP00000217133	  rs463312	cAg	cCg	Q	P	43   	.   0.07	3iz0B   42  Q
ENSP00000217133	  rs463312	cAg	cCg	Q	P	43   	.   0.07	3j1tC   43  Q
ENSP00000217133	  rs463312	cAg	cCg	Q	P	43   	.   0.07	3j1uC   43  Q
ENSP00000217133	  rs463312	cAg	cCg	Q	P	43   	.   0.07	3j2uC   42  Q
ENSP00000217133	  rs463312	cAg	cCg	Q	P	43   	.   0.07	3j2uE   42  Q
ENSP00000217133	  rs463312	cAg	cCg	Q	P	43   	.   0.07	3j6eB   42  Q
ENSP00000217133	  rs463312	cAg	cCg	Q	P	43   	.   0.07	3j6eD   42  Q
ENSP00000217133	  rs463312	cAg	cCg	Q	P	43   	.   0.07	3j6eF   42  Q
ENSP00000217133	  rs463312	cAg	cCg	Q	P	43   	.   0.07	3j6eH   42  Q
ENSP00000217133	  rs463312	cAg	cCg	Q	P	43   	.   0.07	3j6eJ   42  Q
ENSP00000217133	  rs463312	cAg	cCg	Q	P	43   	.   0.07	3j6eL   42  Q
ENSP00000217133	  rs463312	cAg	cCg	Q	P	43   	.   0.07	3j6eN   42  Q
ENSP00000217133	  rs463312	cAg	cCg	Q	P	43   	.   0.07	3j6eP   42  Q
ENSP00000217133	  rs463312	cAg	cCg	Q	P	43   	.   0.07	3j6eR   42  Q
ENSP00000217133	  rs463312	cAg	cCg	Q	P	43   	.   0.07	3j6fB   42  Q
ENSP00000217133	  rs463312	cAg	cCg	Q	P	43   	.   0.07	3j6fD   42  Q
ENSP00000217133	  rs463312	cAg	cCg	Q	P	43   	.   0.07	3j6fF   42  Q
ENSP00000217133	  rs463312	cAg	cCg	Q	P	43   	.   0.07	3j6fH   42  Q
ENSP00000217133	  rs463312	cAg	cCg	Q	P	43   	.   0.07	3j6fJ   42  Q
ENSP00000217133	  rs463312	cAg	cCg	Q	P	43   	.   0.07	3j6fL   42  Q
ENSP00000217133	  rs463312	cAg	cCg	Q	P	43   	.   0.07	3j6fN   42  Q
ENSP00000217133	  rs463312	cAg	cCg	Q	P	43   	.   0.07	3j6fP   42  Q
ENSP00000217133	  rs463312	cAg	cCg	Q	P	43   	.   0.07	3j6fR   42  Q
ENSP00000217133	  rs463312	cAg	cCg	Q	P	43   	.   0.07	3j6gB   42  Q
ENSP00000217133	  rs463312	cAg	cCg	Q	P	43   	.   0.07	3j6gD   42  Q
ENSP00000217133	  rs463312	cAg	cCg	Q	P	43   	.   0.07	3j6gF   42  Q
ENSP00000217133	  rs463312	cAg	cCg	Q	P	43   	.   0.07	3j6gH   42  Q
ENSP00000217133	  rs463312	cAg	cCg	Q	P	43   	.   0.07	3j6gJ   42  Q
ENSP00000217133	  rs463312	cAg	cCg	Q	P	43   	.   0.07	3j6gL   42  Q
ENSP00000217133	  rs463312	cAg	cCg	Q	P	43   	.   0.07	3j6gN   42  Q
ENSP00000217133	  rs463312	cAg	cCg	Q	P	43   	.   0.07	3j6gP   42  Q
ENSP00000217133	  rs463312	cAg	cCg	Q	P	43   	.   0.07	3j6gR   42  Q
ENSP00000217133	  rs463312	cAg	cCg	Q	P	43   	.   0.07	3j6hB   42  Q
ENSP00000217133	  rs463312	cAg	cCg	Q	P	43   	.   0.07	3j6pC   42  Q
ENSP00000217133	  rs463312	cAg	cCg	Q	P	43   	.   0.07	3j7iB   42  Q
ENSP00000217133	  rs463312	cAg	cCg	Q	P	43   	.   0.07	3j8xC   43  Q
ENSP00000217133	  rs463312	cAg	cCg	Q	P	43   	.   0.07	3j8yC   43  Q
ENSP00000217133	  rs463312	cAg	cCg	Q	P	43   	.   0.07	3jakB   43  Q
ENSP00000217133	  rs463312	cAg	cCg	Q	P	43   	.   0.07	3jakE   43  Q
ENSP00000217133	  rs463312	cAg	cCg	Q	P	43   	.   0.07	3jakG   43  Q
ENSP00000217133	  rs463312	cAg	cCg	Q	P	43   	.   0.07	3jakI   43  Q
ENSP00000217133	  rs463312	cAg	cCg	Q	P	43   	.   0.07	3jakK   43  Q
ENSP00000217133	  rs463312	cAg	cCg	Q	P	43   	.   0.07	3jakN   43  Q
ENSP00000217133	  rs463312	cAg	cCg	Q	P	43   	.   0.07	3jalB   43  Q
ENSP00000217133	  rs463312	cAg	cCg	Q	P	43   	.   0.07	3jalE   43  Q
ENSP00000217133	  rs463312	cAg	cCg	Q	P	43   	.   0.07	3jalG   43  Q
ENSP00000217133	  rs463312	cAg	cCg	Q	P	43   	.   0.07	3jalI   43  Q
ENSP00000217133	  rs463312	cAg	cCg	Q	P	43   	.   0.07	3jalK   43  Q
ENSP00000217133	  rs463312	cAg	cCg	Q	P	43   	.   0.07	3jalN   43  Q
ENSP00000217133	  rs463312	cAg	cCg	Q	P	43   	.   0.07	3jaoB   42  Q
ENSP00000217133	  rs463312	cAg	cCg	Q	P	43   	.   0.07	3jarB   43  Q
ENSP00000217133	  rs463312	cAg	cCg	Q	P	43   	.   0.07	3jarE   43  Q
ENSP00000217133	  rs463312	cAg	cCg	Q	P	43   	.   0.07	3jarG   43  Q
ENSP00000217133	  rs463312	cAg	cCg	Q	P	43   	.   0.07	3jarI   43  Q
ENSP00000217133	  rs463312	cAg	cCg	Q	P	43   	.   0.07	3jarK   43  Q
ENSP00000217133	  rs463312	cAg	cCg	Q	P	43   	.   0.07	3jarN   43  Q
ENSP00000217133	  rs463312	cAg	cCg	Q	P	43   	.   0.07	3jasB   43  Q
ENSP00000217133	  rs463312	cAg	cCg	Q	P	43   	.   0.07	3jasD   43  Q
ENSP00000217133	  rs463312	cAg	cCg	Q	P	43   	.   0.07	3jasF   43  Q
ENSP00000217133	  rs463312	cAg	cCg	Q	P	43   	.   0.07	3jasH   43  Q
ENSP00000217133	  rs463312	cAg	cCg	Q	P	43   	.   0.07	3jasJ   43  Q
ENSP00000217133	  rs463312	cAg	cCg	Q	P	43   	.   0.07	3jasL   43  Q
ENSP00000217133	  rs463312	cAg	cCg	Q	P	43   	.   0.07	3jatB   43  Q
ENSP00000217133	  rs463312	cAg	cCg	Q	P	43   	.   0.07	3jatD   43  Q
ENSP00000217133	  rs463312	cAg	cCg	Q	P	43   	.   0.07	3jatF   43  Q
ENSP00000217133	  rs463312	cAg	cCg	Q	P	43   	.   0.07	3jatH   43  Q
ENSP00000217133	  rs463312	cAg	cCg	Q	P	43   	.   0.07	3jatJ   43  Q
ENSP00000217133	  rs463312	cAg	cCg	Q	P	43   	.   0.07	3jatL   43  Q
ENSP00000217133	  rs463312	cAg	cCg	Q	P	43   	.   0.07	3jawB   43  Q
ENSP00000217133	  rs463312	cAg	cCg	Q	P	43   	.   0.07	3jawD   43  Q
ENSP00000217133	  rs463312	cAg	cCg	Q	P	43   	.   0.07	3n2gB   42  Q
ENSP00000217133	  rs463312	cAg	cCg	Q	P	43   	.   0.07	3n2gD   42  Q
ENSP00000217133	  rs463312	cAg	cCg	Q	P	43   	.   0.07	3n2kB   42  Q
ENSP00000217133	  rs463312	cAg	cCg	Q	P	43   	.   0.07	3n2kD   42  Q
ENSP00000217133	  rs463312	cAg	cCg	Q	P	43   	.   0.07	3rycB   43  Q
ENSP00000217133	  rs463312	cAg	cCg	Q	P	43   	.   0.07	3rycD   43  Q
ENSP00000217133	  rs463312	cAg	cCg	Q	P	43   	.   0.07	3ryfB   43  Q
ENSP00000217133	  rs463312	cAg	cCg	Q	P	43   	.   0.07	3ryfD   43  Q
ENSP00000217133	  rs463312	cAg	cCg	Q	P	43   	.   0.07	3ryhB   43  Q
ENSP00000217133	  rs463312	cAg	cCg	Q	P	43   	.   0.07	3ryhD   43  Q
ENSP00000217133	  rs463312	cAg	cCg	Q	P	43   	.   0.07	3ryiB   43  Q
ENSP00000217133	  rs463312	cAg	cCg	Q	P	43   	.   0.07	3ryiD   43  Q
ENSP00000217133	  rs463312	cAg	cCg	Q	P	43   	.   0.07	3ut5B   43  Q
ENSP00000217133	  rs463312	cAg	cCg	Q	P	43   	.   0.07	3ut5D   43  Q
ENSP00000217133	  rs463312	cAg	cCg	Q	P	43   	.   0.07	4aboA   42  Q
ENSP00000217133	  rs463312	cAg	cCg	Q	P	43   	.   0.07	4aboC   42  Q
ENSP00000217133	  rs463312	cAg	cCg	Q	P	43   	.   0.07	4aboE   42  Q
ENSP00000217133	  rs463312	cAg	cCg	Q	P	43   	.   0.07	4aboG   42  Q
ENSP00000217133	  rs463312	cAg	cCg	Q	P	43   	.   0.07	4atuA   42  Q
ENSP00000217133	  rs463312	cAg	cCg	Q	P	43   	.   0.07	4atuC   42  Q
ENSP00000217133	  rs463312	cAg	cCg	Q	P	43   	.   0.07	4atuE   42  Q
ENSP00000217133	  rs463312	cAg	cCg	Q	P	43   	.   0.07	4atuG   42  Q
ENSP00000217133	  rs463312	cAg	cCg	Q	P	43   	.   0.07	4atxA   42  Q
ENSP00000217133	  rs463312	cAg	cCg	Q	P	43   	.   0.07	4drxB   43  Q
ENSP00000217133	  rs463312	cAg	cCg	Q	P	43   	.   0.07	4drxD   43  Q
ENSP00000217133	  rs463312	cAg	cCg	Q	P	43   	.   0.07	4eb6B   43  Q
ENSP00000217133	  rs463312	cAg	cCg	Q	P	43   	.   0.07	4eb6D   43  Q
ENSP00000217133	  rs463312	cAg	cCg	Q	P	43   	.   0.07	4f61B   43  Q
ENSP00000217133	  rs463312	cAg	cCg	Q	P	43   	.   0.07	4f61D   43  Q
ENSP00000217133	  rs463312	cAg	cCg	Q	P	43   	.   0.07	4f61F   43  Q
ENSP00000217133	  rs463312	cAg	cCg	Q	P	43   	.   0.07	4f61H   43  Q
ENSP00000217133	  rs463312	cAg	cCg	Q	P	43   	.   0.07	4f6rB   43  Q
ENSP00000217133	  rs463312	cAg	cCg	Q	P	43   	.   0.07	4hnaB   43  Q
ENSP00000217133	  rs463312	cAg	cCg	Q	P	43   	.   0.07	4i4tB   43  Q
ENSP00000217133	  rs463312	cAg	cCg	Q	P	43   	.   0.07	4i4tD   43  Q
ENSP00000217133	  rs463312	cAg	cCg	Q	P	43   	.   0.07	4i50B   42  Q
ENSP00000217133	  rs463312	cAg	cCg	Q	P	43   	.   0.07	4i50D   42  Q
ENSP00000217133	  rs463312	cAg	cCg	Q	P	43   	.   0.07	4i55B   43  Q
ENSP00000217133	  rs463312	cAg	cCg	Q	P	43   	.   0.07	4i55D   42  Q
ENSP00000217133	  rs463312	cAg	cCg	Q	P	43   	.   0.07	4ihjB   43  Q
ENSP00000217133	  rs463312	cAg	cCg	Q	P	43   	.   0.07	4ihjD   42  Q
ENSP00000217133	  rs463312	cAg	cCg	Q	P	43   	.   0.07	4iijB   43  Q
ENSP00000217133	  rs463312	cAg	cCg	Q	P	43   	.   0.07	4iijD   42  Q
ENSP00000217133	  rs463312	cAg	cCg	Q	P	43   	.   0.07	4lnuB   43  Q
ENSP00000217133	  rs463312	cAg	cCg	Q	P	43   	.   0.07	4o2aB   43  Q
ENSP00000217133	  rs463312	cAg	cCg	Q	P	43   	.   0.07	4o2aD   43  Q
ENSP00000217133	  rs463312	cAg	cCg	Q	P	43   	.   0.07	4o2bB   43  Q
ENSP00000217133	  rs463312	cAg	cCg	Q	P	43   	.   0.07	4o2bD   43  Q
ENSP00000217133	  rs463312	cAg	cCg	Q	P	43   	.   0.07	4o4hB   43  Q
ENSP00000217133	  rs463312	cAg	cCg	Q	P	43   	.   0.07	4o4hD   43  Q
ENSP00000217133	  rs463312	cAg	cCg	Q	P	43   	.   0.07	4o4iB   43  Q
ENSP00000217133	  rs463312	cAg	cCg	Q	P	43   	.   0.07	4o4iD   43  Q
ENSP00000217133	  rs463312	cAg	cCg	Q	P	43   	.   0.07	4o4jB   43  Q
ENSP00000217133	  rs463312	cAg	cCg	Q	P	43   	.   0.07	4o4jD   43  Q
ENSP00000217133	  rs463312	cAg	cCg	Q	P	43   	.   0.07	4o4lB   43  Q
ENSP00000217133	  rs463312	cAg	cCg	Q	P	43   	.   0.07	4o4lD   43  Q
ENSP00000217133	  rs463312	cAg	cCg	Q	P	43   	.   0.07	4tuyB   43  Q
ENSP00000217133	  rs463312	cAg	cCg	Q	P	43   	.   0.07	4tuyD   43  Q
ENSP00000217133	  rs463312	cAg	cCg	Q	P	43   	.   0.07	4tv8B   43  Q
ENSP00000217133	  rs463312	cAg	cCg	Q	P	43   	.   0.07	4tv8D   43  Q
ENSP00000217133	  rs463312	cAg	cCg	Q	P	43   	.   0.07	4tv9B   43  Q
ENSP00000217133	  rs463312	cAg	cCg	Q	P	43   	.   0.07	4tv9D   43  Q
ENSP00000217133	  rs463312	cAg	cCg	Q	P	43   	.   0.07	4wbnB   43  Q
ENSP00000217133	  rs463312	cAg	cCg	Q	P	43   	.   0.07	4wbnD   42  Q
ENSP00000217133	  rs463312	cAg	cCg	Q	P	43   	.   0.07	4x1iB   41  Q
ENSP00000217133	  rs463312	cAg	cCg	Q	P	43   	.   0.07	4x1iD   42  Q
ENSP00000217133	  rs463312	cAg	cCg	Q	P	43   	.   0.07	4x1kB   41  Q
ENSP00000217133	  rs463312	cAg	cCg	Q	P	43   	.   0.07	4x1kD   42  Q
ENSP00000217133	  rs463312	cAg	cCg	Q	P	43   	.   0.07	4x1yB   41  Q
ENSP00000217133	  rs463312	cAg	cCg	Q	P	43   	.   0.07	4x1yD   42  Q
ENSP00000217133	  rs463312	cAg	cCg	Q	P	43   	.   0.07	4x20B   41  Q
ENSP00000217133	  rs463312	cAg	cCg	Q	P	43   	.   0.07	4x20D   42  Q
ENSP00000217133	  rs463312	cAg	cCg	Q	P	43   	.   0.07	4yj2B   43  Q
ENSP00000217133	  rs463312	cAg	cCg	Q	P	43   	.   0.07	4yj2D   43  Q
ENSP00000217133	  rs463312	cAg	cCg	Q	P	43   	.   0.07	4yj3B   43  Q
ENSP00000217133	  rs463312	cAg	cCg	Q	P	43   	.   0.07	4yj3D   43  Q
ENSP00000217133	  rs463312	cAg	cCg	Q	P	43   	.   0.07	4zhqB   43  Q
ENSP00000217133	  rs463312	cAg	cCg	Q	P	43   	.   0.07	4zhqD   43  Q
ENSP00000217133	  rs463312	cAg	cCg	Q	P	43   	.   0.07	4zi7B   43  Q
ENSP00000217133	  rs463312	cAg	cCg	Q	P	43   	.   0.07	4zi7D   43  Q
ENSP00000217133	  rs463312	cAg	cCg	Q	P	43   	.   0.07	4zolB   43  Q
ENSP00000217133	  rs463312	cAg	cCg	Q	P	43   	.   0.07	4zolD   43  Q
ENSP00000217133	  rs463312	cAg	cCg	Q	P	43   	.   0.07	5bmvB   43  Q
ENSP00000217133	  rs463312	cAg	cCg	Q	P	43   	.   0.07	5bmvD   43  Q
ENSP00000217133	  rs463312	cAg	cCg	Q	P	43   	.   0.07	5c8yB   42  Q
ENSP00000217133	  rs463312	cAg	cCg	Q	P	43   	.   0.07	5c8yD   43  Q
ENSP00000217133	  rs463312	cAg	cCg	Q	P	43   	.   0.07	5ca0B   41  Q
ENSP00000217133	  rs463312	cAg	cCg	Q	P	43   	.   0.07	5ca0D   43  Q
ENSP00000217133	  rs463312	cAg	cCg	Q	P	43   	.   0.07	5ca1B   42  Q
ENSP00000217133	  rs463312	cAg	cCg	Q	P	43   	.   0.07	5ca1D   43  Q
ENSP00000217133	  rs463312	cAg	cCg	Q	P	43   	.   0.07	5cb4B   42  Q
ENSP00000217133	  rs463312	cAg	cCg	Q	P	43   	.   0.07	5cb4D   43  Q
ENSP00000217133	  rs463312	cAg	cCg	Q	P	43   	.   0.07	5eibB   42  Q
ENSP00000217133	  rs463312	cAg	cCg	Q	P	43   	.   0.07	5eypB   43  Q
ENSP00000217133	  rs463312	cAg	cCg	Q	P	43   	.   0.07	5ezyB   42  Q
ENSP00000217133	  rs463312	cAg	cCg	Q	P	43   	.   0.07	5ezyD   43  Q
ENSP00000217133	  rs463312	cAg	cCg	Q	P	43   	.   0.07	5fnvB   42  Q
ENSP00000217133	  rs463312	cAg	cCg	Q	P	43   	.   0.07	5fnvD   42  Q
ENSP00000217133	  rs463312	cAg	cCg	Q	P	43   	.   0.07	5gonB   43  Q
ENSP00000217133	  rs463312	cAg	cCg	Q	P	43   	.   0.07	5gonD   43  Q
ENSP00000217133	  rs463312	cAg	cCg	Q	P	43   	.   0.07	5h74B   43  Q
ENSP00000217133	  rs463312	cAg	cCg	Q	P	43   	.   0.07	5h74D   43  Q
ENSP00000217133	  rs463312	cAg	cCg	Q	P	43   	.   0.07	5h7oB   41  Q
ENSP00000217133	  rs463312	cAg	cCg	Q	P	43   	.   0.07	5h7oD   43  Q
ENSP00000217133	  rs463312	cAg	cCg	Q	P	43   	.   0.07	5hnwB   42  Q
ENSP00000217133	  rs463312	cAg	cCg	Q	P	43   	.   0.07	5hnxB   42  Q
ENSP00000217133	  rs463312	cAg	cCg	Q	P	43   	.   0.07	5hnyB   42  Q
ENSP00000217133	  rs463312	cAg	cCg	Q	P	43   	.   0.07	5hnzB   42  Q
ENSP00000217133	  rs463312	cAg	cCg	Q	P	43   	.   0.07	5ij0B   43  Q
ENSP00000217133	  rs463312	cAg	cCg	Q	P	43   	.   0.07	5itzB   43  Q
ENSP00000217133	  rs463312	cAg	cCg	Q	P	43   	.   0.07	5iyzB   43  Q
ENSP00000217133	  rs463312	cAg	cCg	Q	P	43   	.   0.07	5iyzD   43  Q
ENSP00000217133	  rs463312	cAg	cCg	Q	P	43   	.   0.07	5j2tC   43  Q
ENSP00000217133	  rs463312	cAg	cCg	Q	P	43   	.   0.07	5j2tF   43  Q
ENSP00000217133	  rs463312	cAg	cCg	Q	P	43   	.   0.07	5j2uB   43  Q
ENSP00000217133	  rs463312	cAg	cCg	Q	P	43   	.   0.07	5j2uD   42  Q
ENSP00000217133	  rs463312	cAg	cCg	Q	P	43   	.   0.07	5jcbB   42  Q
ENSP00000217133	  rs463312	cAg	cCg	Q	P	43   	.   0.07	5jcbD   43  Q
ENSP00000217133	  rs463312	cAg	cCg	Q	P	43   	.   0.07	5jcoA   43  Q
ENSP00000217133	  rs463312	cAg	cCg	Q	P	43   	.   0.07	5jcoC   43  Q
ENSP00000217133	  rs463312	cAg	cCg	Q	P	43   	.   0.07	5jcoE   43  Q
ENSP00000217133	  rs463312	cAg	cCg	Q	P	43   	.   0.07	5jcoF   43  Q
ENSP00000217133	  rs463312	cAg	cCg	Q	P	43   	.   0.07	5jcoG   43  Q
ENSP00000217133	  rs463312	cAg	cCg	Q	P	43   	.   0.07	5jcoK   43  Q
ENSP00000217133	  rs463312	cAg	cCg	Q	P	43   	.   0.07	5jh7B   43  Q
ENSP00000217133	  rs463312	cAg	cCg	Q	P	43   	.   0.07	5jh7D   43  Q
ENSP00000217133	  rs463312	cAg	cCg	Q	P	43   	.   0.07	5jqgB   42  Q
ENSP00000217133	  rs463312	cAg	cCg	Q	P	43   	.   0.07	5jqgD   42  Q
ENSP00000217133	  rs463312	cAg	cCg	Q	P	43   	.   0.07	5jvdB   42  Q
ENSP00000217133	  rs463312	cAg	cCg	Q	P	43   	.   0.07	5jvdD   42  Q
ENSP00000217133	  rs463312	cAg	cCg	Q	P	43   	.   0.07	5kmgB   43  Q
ENSP00000217133	  rs463312	cAg	cCg	Q	P	43   	.   0.07	5kx5B   43  Q
ENSP00000217133	  rs463312	cAg	cCg	Q	P	43   	.   0.07	5kx5D   42  Q
ENSP00000217133	  rs463312	cAg	cCg	Q	P	43   	.   0.07	5la6B   42  Q
ENSP00000217133	  rs463312	cAg	cCg	Q	P	43   	.   0.07	5la6D   42  Q
ENSP00000217133	  rs463312	cAg	cCg	Q	P	43   	.   0.07	5lovB   43  Q
ENSP00000217133	  rs463312	cAg	cCg	Q	P	43   	.   0.07	5lovD   43  Q
ENSP00000217133	  rs463312	cAg	cCg	Q	P	43   	.   0.07	5lp6B   43  Q
ENSP00000217133	  rs463312	cAg	cCg	Q	P	43   	.   0.07	5lp6D   42  Q
ENSP00000217133	  rs463312	cAg	cCg	Q	P	43   	.   0.07	5lxsB   43  Q
ENSP00000217133	  rs463312	cAg	cCg	Q	P	43   	.   0.07	5lxsD   43  Q
ENSP00000217133	  rs463312	cAg	cCg	Q	P	43   	.   0.07	5lxtB   43  Q
ENSP00000217133	  rs463312	cAg	cCg	Q	P	43   	.   0.07	5lxtD   43  Q
ENSP00000217133	  rs463312	cAg	cCg	Q	P	43   	.   0.07	5lyjB   42  Q
ENSP00000217133	  rs463312	cAg	cCg	Q	P	43   	.   0.07	5lyjD   42  Q
ENSP00000217133	  rs463312	cAg	cCg	Q	P	43   	.   0.07	5m50B   42  Q
ENSP00000217133	  rs463312	cAg	cCg	Q	P	43   	.   0.07	5m50D   42  Q
ENSP00000217133	  rs463312	cAg	cCg	Q	P	43   	.   0.07	5m54C   42  Q
ENSP00000217133	  rs463312	cAg	cCg	Q	P	43   	.   0.07	5m54E   42  Q
ENSP00000217133	  rs463312	cAg	cCg	Q	P	43   	.   0.07	5m5cC   42  Q
ENSP00000217133	  rs463312	cAg	cCg	Q	P	43   	.   0.07	5m5cE   42  Q
ENSP00000217133	  rs463312	cAg	cCg	Q	P	43   	.   0.07	5m7eB   42  Q
ENSP00000217133	  rs463312	cAg	cCg	Q	P	43   	.   0.07	5m7eD   42  Q
ENSP00000217133	  rs463312	cAg	cCg	Q	P	43   	.   0.07	5m7gB   42  Q
ENSP00000217133	  rs463312	cAg	cCg	Q	P	43   	.   0.07	5m7gD   42  Q
ENSP00000217133	  rs463312	cAg	cCg	Q	P	43   	.   0.07	5m8dB   42  Q
ENSP00000217133	  rs463312	cAg	cCg	Q	P	43   	.   0.07	5m8dD   42  Q
ENSP00000217133	  rs463312	cAg	cCg	Q	P	43   	.   0.07	5m8gB   42  Q
ENSP00000217133	  rs463312	cAg	cCg	Q	P	43   	.   0.07	5m8gD   42  Q
ENSP00000217133	  rs463312	cAg	cCg	Q	P	43   	.   0.07	5mf4B   42  Q
ENSP00000217133	  rs463312	cAg	cCg	Q	P	43   	.   0.07	5mf4D   42  Q
ENSP00000217133	  rs463312	cAg	cCg	Q	P	43   	.   0.07	5mioB   43  Q
ENSP00000217133	  rs463312	cAg	cCg	Q	P	43   	.   0.07	5mm4C   42  Q
ENSP00000217133	  rs463312	cAg	cCg	Q	P	43   	.   0.07	5mm7C   42  Q
ENSP00000217133	  rs463312	cAg	cCg	Q	P	43   	.   0.07	5n5nA   43  Q
ENSP00000217133	  rs463312	cAg	cCg	Q	P	43   	.   0.07	5n5nH   43  Q
ENSP00000217133	  rs463312	cAg	cCg	Q	P	43   	.   0.07	5n5nI   43  Q
ENSP00000217133	  rs463312	cAg	cCg	Q	P	43   	.   0.07	5n5nJ   43  Q
ENSP00000217133	  rs463312	cAg	cCg	Q	P	43   	.   0.07	5n5nK   43  Q
ENSP00000217133	  rs463312	cAg	cCg	Q	P	43   	.   0.07	5n5nL   43  Q
ENSP00000217133	  rs463312	cAg	cCg	Q	P	43   	.   0.07	5nd2C   42  Q
ENSP00000217133	  rs463312	cAg	cCg	Q	P	43   	.   0.07	5nd3C   42  Q
ENSP00000217133	  rs463312	cAg	cCg	Q	P	43   	.   0.07	5nd4C   42  Q
ENSP00000217133	  rs463312	cAg	cCg	Q	P	43   	.   0.07	5nd7C   42  Q
ENSP00000217133	  rs463312	cAg	cCg	Q	P	43   	.   0.07	5nfzB   42  Q
ENSP00000217133	  rs463312	cAg	cCg	Q	P	43   	.   0.07	5nfzD   42  Q
ENSP00000217133	  rs463312	cAg	cCg	Q	P	43   	.   0.07	5ng1B   43  Q
ENSP00000217133	  rs463312	cAg	cCg	Q	P	43   	.   0.07	5ng1D   43  Q
ENSP00000217133	  rs463312	cAg	cCg	Q	P	43   	.   0.07	5njhB   42  Q
ENSP00000217133	  rs463312	cAg	cCg	Q	P	43   	.   0.07	5njhD   43  Q
ENSP00000217133	  rs463312	cAg	cCg	Q	P	43   	.   0.07	5nm5B   42  Q
ENSP00000217133	  rs463312	cAg	cCg	Q	P	43   	.   0.07	5nqtB   43  Q
ENSP00000217133	  rs463312	cAg	cCg	Q	P	43   	.   0.07	5nquB   43  Q
ENSP00000217133	  rs463312	cAg	cCg	Q	P	43   	.   0.07	5o7aB   43  Q
ENSP00000217133	  rs463312	cAg	cCg	Q	P	43   	.   0.07	5o7aD   42  Q
ENSP00000217133	  rs463312	cAg	cCg	Q	P	43   	.   0.07	5ogcC   42  Q
ENSP00000217133	  rs463312	cAg	cCg	Q	P	43   	.   0.07	5oskB   43  Q
ENSP00000217133	  rs463312	cAg	cCg	Q	P	43   	.   0.07	5oskD   42  Q
ENSP00000217133	  rs463312	cAg	cCg	Q	P	43   	.   0.07	5ov7B   43  Q
ENSP00000217133	  rs463312	cAg	cCg	Q	P	43   	.   0.07	5ov7D   43  Q
ENSP00000217133	  rs463312	cAg	cCg	Q	P	43   	.   0.07	5sycB   43  Q
ENSP00000217133	  rs463312	cAg	cCg	Q	P	43   	.   0.07	5syeB   43  Q
ENSP00000217133	  rs463312	cAg	cCg	Q	P	43   	.   0.07	5syfB   43  Q
ENSP00000217133	  rs463312	cAg	cCg	Q	P	43   	.   0.07	5sygB   43  Q
ENSP00000217133	  rs463312	cAg	cCg	Q	P	43   	.   0.07	5xafB   43  Q
ENSP00000217133	  rs463312	cAg	cCg	Q	P	43   	.   0.07	5xafD   43  Q
ENSP00000217133	  rs463312	cAg	cCg	Q	P	43   	.   0.07	5xagB   43  Q
ENSP00000217133	  rs463312	cAg	cCg	Q	P	43   	.   0.07	5xagD   43  Q
ENSP00000217133	  rs463312	cAg	cCg	Q	P	43   	.   0.07	5xhcB   43  Q
ENSP00000217133	  rs463312	cAg	cCg	Q	P	43   	.   0.07	5xhcD   43  Q
ENSP00000217133	  rs463312	cAg	cCg	Q	P	43   	.   0.07	5xi5B   43  Q
ENSP00000217133	  rs463312	cAg	cCg	Q	P	43   	.   0.07	5xi5D   43  Q
ENSP00000217133	  rs463312	cAg	cCg	Q	P	43   	.   0.07	5xi7B   43  Q
ENSP00000217133	  rs463312	cAg	cCg	Q	P	43   	.   0.07	5xi7D   43  Q
ENSP00000217133	  rs463312	cAg	cCg	Q	P	43   	.   0.07	5xiwB   43  Q
ENSP00000217133	  rs463312	cAg	cCg	Q	P	43   	.   0.07	5xiwD   43  Q
ENSP00000217133	  rs463312	cAg	cCg	Q	P	43   	.   0.07	5xkeB   43  Q
ENSP00000217133	  rs463312	cAg	cCg	Q	P	43   	.   0.07	5xkeD   43  Q
ENSP00000217133	  rs463312	cAg	cCg	Q	P	43   	.   0.07	5xkfB   42  Q
ENSP00000217133	  rs463312	cAg	cCg	Q	P	43   	.   0.07	5xkfD   43  Q
ENSP00000217133	  rs463312	cAg	cCg	Q	P	43   	.   0.07	5xkgB   43  Q
ENSP00000217133	  rs463312	cAg	cCg	Q	P	43   	.   0.07	5xkgD   43  Q
ENSP00000217133	  rs463312	cAg	cCg	Q	P	43   	.   0.07	5xkhB   43  Q
ENSP00000217133	  rs463312	cAg	cCg	Q	P	43   	.   0.07	5xkhD   43  Q
ENSP00000217133	  rs463312	cAg	cCg	Q	P	43   	.   0.07	5xltB   42  Q
ENSP00000217133	  rs463312	cAg	cCg	Q	P	43   	.   0.07	5xltD   43  Q
ENSP00000217133	  rs463312	cAg	cCg	Q	P	43   	.   0.07	5xlzB   42  Q
ENSP00000217133	  rs463312	cAg	cCg	Q	P	43   	.   0.07	5xlzD   43  Q
ENSP00000217133	  rs463312	cAg	cCg	Q	P	43   	.   0.07	5xp3B   43  Q
ENSP00000217133	  rs463312	cAg	cCg	Q	P	43   	.   0.07	5xp3D   43  Q
ENSP00000217133	  rs463312	cAg	cCg	Q	P	43   	.   0.07	5yl2B   43  Q
ENSP00000217133	  rs463312	cAg	cCg	Q	P	43   	.   0.07	5yl2D   43  Q
ENSP00000217133	  rs463312	cAg	cCg	Q	P	43   	.   0.07	5yl4B   43  Q
ENSP00000217133	  rs463312	cAg	cCg	Q	P	43   	.   0.07	5yl4D   43  Q
ENSP00000217133	  rs463312	cAg	cCg	Q	P	43   	.   0.07	5yljB   43  Q
ENSP00000217133	  rs463312	cAg	cCg	Q	P	43   	.   0.07	5yljD   43  Q
ENSP00000217133	  rs463312	cAg	cCg	Q	P	43   	.   0.07	5ylsB   43  Q
ENSP00000217133	  rs463312	cAg	cCg	Q	P	43   	.   0.07	5ylsD   43  Q
ENSP00000217133	  rs463312	cAg	cCg	Q	P	43   	.   0.07	6b0cB   43  Q
ENSP00000217133	  rs463312	cAg	cCg	Q	P	43   	.   0.07	6b0cD   43  Q
ENSP00000217133	  rs463312	cAg	cCg	Q	P	43   	.   0.07	6b0iC   43  Q
ENSP00000217133	  rs463312	cAg	cCg	Q	P	43   	.   0.07	6b0lB   43  Q
ENSP00000217133	  rs463312	cAg	cCg	Q	P	43   	.   0.07	6bbnB   43  Q
ENSP00000217133	  rs463312	cAg	cCg	Q	P	43   	.   0.07	6bbnD   43  Q
ENSP00000217133	  rs463312	cAg	cCg	Q	P	43   	.   0.07	6bjcB   43  Q
ENSP00000217133	  rs463312	cAg	cCg	Q	P	43   	.   0.07	6bjcD   43  Q
ENSP00000217133	  rs463312	cAg	cCg	Q	P	43   	.   0.07	6bjcG   43  Q
ENSP00000217133	  rs463312	cAg	cCg	Q	P	43   	.   0.07	6bjcI   43  Q
ENSP00000217133	  rs463312	cAg	cCg	Q	P	43   	.   0.07	6bjcK   43  Q
ENSP00000217133	  rs463312	cAg	cCg	Q	P	43   	.   0.07	6bjcM   43  Q
ENSP00000217133	  rs463312	cAg	cCg	Q	P	43   	.   0.07	6br1B   42  Q
ENSP00000217133	  rs463312	cAg	cCg	Q	P	43   	.   0.07	6br1D   43  Q
ENSP00000217133	  rs463312	cAg	cCg	Q	P	43   	.   0.07	6brfB   42  Q
ENSP00000217133	  rs463312	cAg	cCg	Q	P	43   	.   0.07	6brfD   43  Q
ENSP00000217133	  rs463312	cAg	cCg	Q	P	43   	.   0.07	6bryB   43  Q
ENSP00000217133	  rs463312	cAg	cCg	Q	P	43   	.   0.07	6bryD   43  Q
ENSP00000217133	  rs463312	cAg	cCg	Q	P	43   	.   0.07	6bs2B   42  Q
ENSP00000217133	  rs463312	cAg	cCg	Q	P	43   	.   0.07	6bs2D   43  Q
ENSP00000217133	  rs463312	cAg	cCg	Q	P	43   	.   0.07	6cvjB   43  Q
ENSP00000217133	  rs463312	cAg	cCg	Q	P	43   	.   0.07	6cvjC   43  Q
ENSP00000217133	  rs463312	cAg	cCg	Q	P	43   	.   0.07	6cvnA   43  Q
ENSP00000217133	  rs463312	cAg	cCg	Q	P	43   	.   0.07	6cvnC   43  Q
ENSP00000217133	  rs463312	cAg	cCg	Q	P	43   	.   0.07	6dpuB   43  Q
ENSP00000217133	  rs463312	cAg	cCg	Q	P	43   	.   0.07	6dpuD   43  Q
ENSP00000217133	  rs463312	cAg	cCg	Q	P	43   	.   0.07	6dpuF   43  Q
ENSP00000217133	  rs463312	cAg	cCg	Q	P	43   	.   0.07	6dpuG   43  Q
ENSP00000217133	  rs463312	cAg	cCg	Q	P	43   	.   0.07	6dpuH   43  Q
ENSP00000217133	  rs463312	cAg	cCg	Q	P	43   	.   0.07	6dpuI   43  Q
ENSP00000217133	  rs463312	cAg	cCg	Q	P	43   	.   0.07	6dpvB   43  Q
ENSP00000217133	  rs463312	cAg	cCg	Q	P	43   	.   0.07	6dpvD   43  Q
ENSP00000217133	  rs463312	cAg	cCg	Q	P	43   	.   0.07	6dpvF   43  Q
ENSP00000217133	  rs463312	cAg	cCg	Q	P	43   	.   0.07	6dpvG   43  Q
ENSP00000217133	  rs463312	cAg	cCg	Q	P	43   	.   0.07	6dpvH   43  Q
ENSP00000217133	  rs463312	cAg	cCg	Q	P	43   	.   0.07	6dpvI   43  Q
ENSP00000217133	  rs463312	cAg	cCg	Q	P	43   	.   0.07	6dpwB   43  Q
ENSP00000217133	  rs463312	cAg	cCg	Q	P	43   	.   0.07	6dpwD   43  Q
ENSP00000217133	  rs463312	cAg	cCg	Q	P	43   	.   0.07	6dpwF   43  Q
ENSP00000217133	  rs463312	cAg	cCg	Q	P	43   	.   0.07	6dpwG   43  Q
ENSP00000217133	  rs463312	cAg	cCg	Q	P	43   	.   0.07	6dpwH   43  Q
ENSP00000217133	  rs463312	cAg	cCg	Q	P	43   	.   0.07	6dpwI   43  Q
ENSP00000217133	  rs463312	cAg	cCg	Q	P	43   	.   0.07	6evwG   43  Q
ENSP00000217133	  rs463312	cAg	cCg	Q	P	43   	.   0.07	6evwH   43  Q
ENSP00000217133	  rs463312	cAg	cCg	Q	P	43   	.   0.07	6evwI   43  Q
ENSP00000217133	  rs463312	cAg	cCg	Q	P	43   	.   0.07	6evwJ   43  Q
ENSP00000217133	  rs463312	cAg	cCg	Q	P	43   	.   0.07	6evwK   43  Q
ENSP00000217133	  rs463312	cAg	cCg	Q	P	43   	.   0.07	6evwL   43  Q
ENSP00000217133	  rs463312	cAg	cCg	Q	P	43   	.   0.07	6evxA   43  Q
ENSP00000217133	  rs463312	cAg	cCg	Q	P	43   	.   0.07	6evxC   43  Q
ENSP00000217133	  rs463312	cAg	cCg	Q	P	43   	.   0.07	6evxD   43  Q
ENSP00000217133	  rs463312	cAg	cCg	Q	P	43   	.   0.07	6evxE   43  Q
ENSP00000217133	  rs463312	cAg	cCg	Q	P	43   	.   0.07	6evxF   43  Q
ENSP00000217133	  rs463312	cAg	cCg	Q	P	43   	.   0.07	6evxG   43  Q
ENSP00000217133	  rs463312	cAg	cCg	Q	P	43   	.   0.07	6evyB   43  Q
ENSP00000217133	  rs463312	cAg	cCg	Q	P	43   	.   0.07	6evyH   43  Q
ENSP00000217133	  rs463312	cAg	cCg	Q	P	43   	.   0.07	6evyI   43  Q
ENSP00000217133	  rs463312	cAg	cCg	Q	P	43   	.   0.07	6evyJ   43  Q
ENSP00000217133	  rs463312	cAg	cCg	Q	P	43   	.   0.07	6evyK   43  Q
ENSP00000217133	  rs463312	cAg	cCg	Q	P	43   	.   0.07	6evyL   43  Q
ENSP00000217133	  rs463312	cAg	cCg	Q	P	43   	.   0.07	6evzA   43  Q
ENSP00000217133	  rs463312	cAg	cCg	Q	P	43   	.   0.07	6evzB   43  Q
ENSP00000217133	  rs463312	cAg	cCg	Q	P	43   	.   0.07	6evzC   43  Q
ENSP00000217133	  rs463312	cAg	cCg	Q	P	43   	.   0.07	6evzD   43  Q
ENSP00000217133	  rs463312	cAg	cCg	Q	P	43   	.   0.07	6evzF   43  Q
ENSP00000217133	  rs463312	cAg	cCg	Q	P	43   	.   0.07	6evzG   43  Q
ENSP00000217133	  rs463312	cAg	cCg	Q	P	43   	.   0.07	6ew0B   43  Q
ENSP00000217133	  rs463312	cAg	cCg	Q	P	43   	.   0.07	6ew0H   43  Q
ENSP00000217133	  rs463312	cAg	cCg	Q	P	43   	.   0.07	6ew0I   43  Q
ENSP00000217133	  rs463312	cAg	cCg	Q	P	43   	.   0.07	6ew0J   43  Q
ENSP00000217133	  rs463312	cAg	cCg	Q	P	43   	.   0.07	6ew0K   43  Q
ENSP00000217133	  rs463312	cAg	cCg	Q	P	43   	.   0.07	6ew0L   43  Q
ENSP00000217133	  rs463312	cAg	cCg	Q	P	43   	.   0.07	6fiiB   43  Q
ENSP00000217133	  rs463312	cAg	cCg	Q	P	43   	.   0.07	6fiiD   43  Q
ENSP00000217133	  rs463312	cAg	cCg	Q	P	43   	.   0.07	6fjfB   42  Q
ENSP00000217133	  rs463312	cAg	cCg	Q	P	43   	.   0.07	6fjfD   43  Q
ENSP00000217133	  rs463312	cAg	cCg	Q	P	43   	.   0.07	6fjmB   42  Q
ENSP00000217133	  rs463312	cAg	cCg	Q	P	43   	.   0.07	6fjmD   42  Q
ENSP00000217133	  rs463312	cAg	cCg	Q	P	43   	.   0.07	6fkjB   43  Q
ENSP00000217133	  rs463312	cAg	cCg	Q	P	43   	.   0.07	6fkjD   42  Q
ENSP00000217133	  rs463312	cAg	cCg	Q	P	43   	.   0.07	6fklB   43  Q
ENSP00000217133	  rs463312	cAg	cCg	Q	P	43   	.   0.07	6fklD   42  Q
ENSP00000217182	 rs2274860	ccG	ccA	P	P	160  	.   0.08	4c0sA  156  P
ENSP00000217182	 rs2274860	ccG	ccA	P	P	160  	.   0.08	4c0sB  157  P
ENSP00000217246	 rs2990505	aCt	aTt	T	I	58   	*   0.52	4iqyA   43  T
ENSP00000218032	 rs2159377	gaC	gaT	D	D	118  	.   0.02	3w3gA   76  D
ENSP00000218032	 rs2159377	gaC	gaT	D	D	118  	.   0.02	3w3gB   74  D
ENSP00000218032	 rs2159377	gaC	gaT	D	D	118  	.   0.02	3w3jA   73  D
ENSP00000218032	 rs2159377	gaC	gaT	D	D	118  	.   0.02	3w3jB   73  D
ENSP00000218032	 rs2159377	gaC	gaT	D	D	118  	.   0.02	3w3kA   71  D
ENSP00000218032	 rs2159377	gaC	gaT	D	D	118  	.   0.02	3w3kB   71  D
ENSP00000218032	 rs2159377	gaC	gaT	D	D	118  	.   0.02	3w3lA   76  D
ENSP00000218032	 rs2159377	gaC	gaT	D	D	118  	.   0.02	3w3lB   76  D
ENSP00000218032	 rs2159377	gaC	gaT	D	D	118  	.   0.02	3w3lC   76  D
ENSP00000218032	 rs2159377	gaC	gaT	D	D	118  	.   0.02	3w3lD   76  D
ENSP00000218032	 rs2159377	gaC	gaT	D	D	118  	.   0.02	3w3mA   76  D
ENSP00000218032	 rs2159377	gaC	gaT	D	D	118  	.   0.02	3w3nA   76  D
ENSP00000218032	 rs2159377	gaC	gaT	D	D	118  	.   0.02	3w3nB   75  D
ENSP00000218032	 rs2159377	gaC	gaT	D	D	118  	.   0.02	3wn4A   72  D
ENSP00000218032	 rs2159377	gaC	gaT	D	D	118  	.   0.02	4qbzA   76  D
ENSP00000218032	 rs2159377	gaC	gaT	D	D	118  	.   0.02	4qbzB   75  D
ENSP00000218032	 rs2159377	gaC	gaT	D	D	118  	.   0.02	4qc0A   72  D
ENSP00000218032	 rs2159377	gaC	gaT	D	D	118  	.   0.02	4qc0B   74  D
ENSP00000218032	 rs2159377	gaC	gaT	D	D	118  	.   0.02	4r07A   71  D
ENSP00000218032	 rs2159377	gaC	gaT	D	D	118  	.   0.02	4r07B   71  D
ENSP00000218032	 rs2159377	gaC	gaT	D	D	118  	.   0.02	4r07C   70  D
ENSP00000218032	 rs2159377	gaC	gaT	D	D	118  	.   0.02	4r07D   70  D
ENSP00000218032	 rs2159377	gaC	gaT	D	D	118  	.   0.02	4r08A   73  D
ENSP00000218032	 rs2159377	gaC	gaT	D	D	118  	.   0.02	4r08B   71  D
ENSP00000218032	 rs2159377	gaC	gaT	D	D	118  	.   0.02	4r08C   70  D
ENSP00000218032	 rs2159377	gaC	gaT	D	D	118  	.   0.02	4r08D   71  D
ENSP00000218032	 rs2159377	gaC	gaT	D	D	118  	.   0.02	4r09A   72  D
ENSP00000218032	 rs2159377	gaC	gaT	D	D	118  	.   0.02	4r09B   76  D
ENSP00000218032	 rs2159377	gaC	gaT	D	D	118  	.   0.02	4r09C   72  D
ENSP00000218032	 rs2159377	gaC	gaT	D	D	118  	.   0.02	4r09D   72  D
ENSP00000218032	 rs2159377	gaC	gaT	D	D	118  	.   0.02	4r0aA   75  D
ENSP00000218032	 rs2159377	gaC	gaT	D	D	118  	.   0.02	4r6aA   77  D
ENSP00000218032	 rs2159377	gaC	gaT	D	D	118  	.   0.02	4r6aB   73  D
ENSP00000218032	 rs2159377	gaC	gaT	D	D	118  	.   0.02	5awaA   72  D
ENSP00000218032	 rs2159377	gaC	gaT	D	D	118  	.   0.02	5awbA   74  D
ENSP00000218032	 rs2159377	gaC	gaT	D	D	118  	.   0.02	5awcA   73  D
ENSP00000218032	 rs2159377	gaC	gaT	D	D	118  	.   0.02	5awcB   73  D
ENSP00000218032	 rs2159377	gaC	gaT	D	D	118  	.   0.02	5awcC   70  D
ENSP00000218032	 rs2159377	gaC	gaT	D	D	118  	.   0.02	5awcD   61  D
ENSP00000218032	 rs2159377	gaC	gaT	D	D	118  	.   0.02	5awdA   74  D
ENSP00000218032	 rs2159377	gaC	gaT	D	D	118  	.   0.02	5az5A   73  D
ENSP00000218032	 rs2159377	gaC	gaT	D	D	118  	.   0.02	5az5B   74  D
ENSP00000218032	 rs2159377	gaC	gaT	D	D	118  	.   0.02	5az5C   75  D
ENSP00000218032	 rs2159377	gaC	gaT	D	D	118  	.   0.02	5az5D   72  D
ENSP00000218032	 rs2159377	gaC	gaT	D	D	118  	.   0.02	5hdhA   74  D
ENSP00000218032	 rs2159377	gaC	gaT	D	D	118  	.   0.02	5wyxA   76  D
ENSP00000218032	 rs2159377	gaC	gaT	D	D	118  	.   0.02	5wyxB   75  D
ENSP00000218032	 rs2159377	gaC	gaT	D	D	118  	.   0.02	5wyzA   76  D
ENSP00000218032	 rs2159377	gaC	gaT	D	D	118  	.   0.02	5wyzB   76  D
ENSP00000218032	 rs2159377	gaC	gaT	D	D	118  	.   0.02	5z14A   76  D
ENSP00000218032	 rs2159377	gaC	gaT	D	D	118  	.   0.02	5z14B   73  D
ENSP00000218032	 rs2159377	gaC	gaT	D	D	118  	.   0.02	5z15A   76  D
ENSP00000218032	 rs2159377	gaC	gaT	D	D	118  	.   0.02	5z15B   69  D
ENSP00000218340	 rs1805147	Cgg	Tgg	R	W	282  	.   0.09	2bx6A  246  R
ENSP00000218340	 rs1805147	Cgg	Tgg	R	W	282  	.   0.09	3bh6B  246  R
ENSP00000218340	 rs1805147	Cgg	Tgg	R	W	282  	.   0.09	3bh7B  246  R
ENSP00000219070	 rs2287074	acG	acA	T	T	460  	*   0.89	1gxdA  424  T
ENSP00000219070	 rs2287074	acG	acA	T	T	460  	*   0.89	1gxdB  423  T
ENSP00000219070	 rs2287074	acG	acA	T	T	460  	*   0.89	1rtgA    3  T
ENSP00000219070	 rs2287074	acG	acC	T	T	460  	*   0.89	1gxdA  424  T
ENSP00000219070	 rs2287074	acG	acC	T	T	460  	*   0.89	1gxdB  423  T
ENSP00000219070	 rs2287074	acG	acC	T	T	460  	*   0.89	1rtgA    3  T
ENSP00000219150	 rs1132812	ccA	ccG	P	P	112  	.   0.01	2aq5A  102  P
ENSP00000219150	 rs1132812	ccA	ccG	P	P	112  	.   0.01	2b4eA  104  P
ENSP00000219334	 rs1868158	ccG	ccA	P	P	465  	.   0.01	5uvgA  172  P
ENSP00000219596	 rs1231122	ccG	ccT	P	P	588  	.   0.16	2wl1A    3  P
ENSP00000219596	 rs1231122	ccG	ccT	P	P	588  	.   0.16	4cg4A  176  P
ENSP00000219596	 rs1231122	ccG	ccT	P	P	588  	.   0.16	4cg4B  176  P
ENSP00000219596	 rs1231122	ccG	ccT	P	P	588  	.   0.16	4cg4C  176  P
ENSP00000219596	 rs1231122	ccG	ccT	P	P	588  	.   0.16	4cg4D  176  P
ENSP00000219596	 rs1231122	ccG	ccT	P	P	588  	.   0.16	4cg4E  176  P
ENSP00000219596	 rs1231122	ccG	ccT	P	P	588  	.   0.16	4cg4F  176  P
ENSP00000219596	 rs1231122	ccG	ccA	P	P	588  	.   0.16	2wl1A    3  P
ENSP00000219596	 rs1231122	ccG	ccA	P	P	588  	.   0.16	4cg4A  176  P
ENSP00000219596	 rs1231122	ccG	ccA	P	P	588  	.   0.16	4cg4B  176  P
ENSP00000219596	 rs1231122	ccG	ccA	P	P	588  	.   0.16	4cg4C  176  P
ENSP00000219596	 rs1231122	ccG	ccA	P	P	588  	.   0.16	4cg4D  176  P
ENSP00000219596	 rs1231122	ccG	ccA	P	P	588  	.   0.16	4cg4E  176  P
ENSP00000219596	 rs1231122	ccG	ccA	P	P	588  	.   0.16	4cg4F  176  P
ENSP00000219596	rs104895094	aAg	aTg	K	M	695  	.   0.01	2wl1A  110  K
ENSP00000219596	rs104895094	aAg	aTg	K	M	695  	.   0.01	4cg4A  283  K
ENSP00000219596	rs104895094	aAg	aTg	K	M	695  	.   0.01	4cg4B  283  K
ENSP00000219596	rs104895094	aAg	aTg	K	M	695  	.   0.01	4cg4C  283  K
ENSP00000219596	rs104895094	aAg	aTg	K	M	695  	.   0.01	4cg4D  283  K
ENSP00000219596	rs104895094	aAg	aTg	K	M	695  	.   0.01	4cg4E  283  K
ENSP00000219596	rs104895094	aAg	aTg	K	M	695  	.   0.01	4cg4F  283  K
ENSP00000219596	rs104895094	aAg	aGg	K	R	695  	.   0.01	2wl1A  110  K
ENSP00000219596	rs104895094	aAg	aGg	K	R	695  	.   0.01	4cg4A  283  K
ENSP00000219596	rs104895094	aAg	aGg	K	R	695  	.   0.01	4cg4B  283  K
ENSP00000219596	rs104895094	aAg	aGg	K	R	695  	.   0.01	4cg4C  283  K
ENSP00000219596	rs104895094	aAg	aGg	K	R	695  	.   0.01	4cg4D  283  K
ENSP00000219596	rs104895094	aAg	aGg	K	R	695  	.   0.01	4cg4E  283  K
ENSP00000219596	rs104895094	aAg	aGg	K	R	695  	.   0.01	4cg4F  283  K
ENSP00000220166	   rs13345	gcG	gcA	A	A	153  	.   0.04	1nb3A   38  A
ENSP00000220166	   rs13345	gcG	gcA	A	A	153  	.   0.04	1nb3D   38  A
ENSP00000220166	   rs13345	gcG	gcA	A	A	153  	.   0.04	1nb3G   38  A
ENSP00000220166	   rs13345	gcG	gcA	A	A	153  	.   0.04	1nb3J   38  A
ENSP00000220166	   rs13345	gcG	gcA	A	A	153  	.   0.04	1nb5A   38  A
ENSP00000220166	   rs13345	gcG	gcA	A	A	153  	.   0.04	1nb5D   38  A
ENSP00000220166	   rs13345	gcG	gcA	A	A	153  	.   0.04	1nb5G   38  A
ENSP00000220166	   rs13345	gcG	gcA	A	A	153  	.   0.04	1nb5J   38  A
ENSP00000220166	rs61731865	gCg	gTg	A	V	165  	*   0.52	1nb3A   50  A
ENSP00000220166	rs61731865	gCg	gTg	A	V	165  	*   0.52	1nb3D   50  A
ENSP00000220166	rs61731865	gCg	gTg	A	V	165  	*   0.52	1nb3G   50  A
ENSP00000220166	rs61731865	gCg	gTg	A	V	165  	*   0.52	1nb3J   50  A
ENSP00000220166	rs61731865	gCg	gTg	A	V	165  	*   0.52	1nb5A   50  A
ENSP00000220166	rs61731865	gCg	gTg	A	V	165  	*   0.52	1nb5D   50  A
ENSP00000220166	rs61731865	gCg	gTg	A	V	165  	*   0.52	1nb5G   50  A
ENSP00000220166	rs61731865	gCg	gTg	A	V	165  	*   0.52	1nb5J   50  A
ENSP00000220166	rs61731865	gCg	gGg	A	G	165  	*   0.52	1nb3A   50  A
ENSP00000220166	rs61731865	gCg	gGg	A	G	165  	*   0.52	1nb3D   50  A
ENSP00000220166	rs61731865	gCg	gGg	A	G	165  	*   0.52	1nb3G   50  A
ENSP00000220166	rs61731865	gCg	gGg	A	G	165  	*   0.52	1nb3J   50  A
ENSP00000220166	rs61731865	gCg	gGg	A	G	165  	*   0.52	1nb5A   50  A
ENSP00000220166	rs61731865	gCg	gGg	A	G	165  	*   0.52	1nb5D   50  A
ENSP00000220166	rs61731865	gCg	gGg	A	G	165  	*   0.52	1nb5G   50  A
ENSP00000220166	rs61731865	gCg	gGg	A	G	165  	*   0.52	1nb5J   50  A
ENSP00000220325	 rs1704396	ttT	ttC	F	F	282  	.   0.04	5mtvA  258  F
ENSP00000220325	 rs1704396	ttT	ttC	F	F	282  	.   0.04	5mvfA  254  F
ENSP00000220325	rs11549015	Gtc	Atc	V	I	154  	.   0.05	5mtvA  136  I
ENSP00000220325	rs11549015	Gtc	Atc	V	I	154  	.   0.05	5mvfA  130  I
ENSP00000220592	 rs2293939	cgC	cgT	R	R	630  	.   0.03	4f3tA  588  R
ENSP00000220592	 rs2293939	cgC	cgT	R	R	630  	.   0.03	4kreA  587  R
ENSP00000220592	 rs2293939	cgC	cgT	R	R	630  	.   0.03	4krfA  604  R
ENSP00000220592	 rs2293939	cgC	cgT	R	R	630  	.   0.03	4kxtA  593  R
ENSP00000220592	 rs2293939	cgC	cgT	R	R	630  	.   0.03	4olaA  581  R
ENSP00000220592	 rs2293939	cgC	cgT	R	R	630  	.   0.03	4olbA  586  R
ENSP00000220592	 rs2293939	cgC	cgT	R	R	630  	.   0.03	4w5nA  598  R
ENSP00000220592	 rs2293939	cgC	cgT	R	R	630  	.   0.03	4w5oA  586  R
ENSP00000220592	 rs2293939	cgC	cgT	R	R	630  	.   0.03	4w5qA  590  R
ENSP00000220592	 rs2293939	cgC	cgT	R	R	630  	.   0.03	4w5rA  588  R
ENSP00000220592	 rs2293939	cgC	cgT	R	R	630  	.   0.03	4w5tA  592  R
ENSP00000220592	 rs2293939	cgC	cgT	R	R	630  	.   0.03	4z4cA  588  R
ENSP00000220592	 rs2293939	cgC	cgT	R	R	630  	.   0.03	4z4dA  588  R
ENSP00000220592	 rs2293939	cgC	cgT	R	R	630  	.   0.03	4z4eA  587  R
ENSP00000220592	 rs2293939	cgC	cgT	R	R	630  	.   0.03	4z4fA  586  R
ENSP00000220592	 rs2293939	cgC	cgT	R	R	630  	.   0.03	4z4gA  584  R
ENSP00000220592	 rs2293939	cgC	cgT	R	R	630  	.   0.03	4z4hA  587  R
ENSP00000220592	 rs2293939	cgC	cgT	R	R	630  	.   0.03	4z4iA  585  R
ENSP00000220592	 rs2293939	cgC	cgT	R	R	630  	.   0.03	5js1A  590  R
ENSP00000220592	 rs2293939	cgC	cgT	R	R	630  	.   0.03	5js2A  589  R
ENSP00000220592	 rs2293939	cgC	cgT	R	R	630  	.   0.03	5ki6A  590  R
ENSP00000220592	 rs2293939	cgC	cgT	R	R	630  	.   0.03	5t7bB  589  R
ENSP00000220592	 rs2293939	cgC	cgT	R	R	630  	.   0.03	5vm9A  568  R
ENSP00000220592	 rs2293939	cgC	cgT	R	R	630  	.   0.03	5vm9C  577  R
ENSP00000220592	 rs2293939	cgC	cgT	R	R	630  	.   0.03	5w6vA  585  R
ENSP00000220592	 rs2293939	cgC	cgT	R	R	630  	.   0.03	5weaA  556  R
ENSP00000220592	 rs2293939	cgC	cgT	R	R	630  	.   0.03	6cbdA  572  R
ENSP00000220592	 rs2271738	gcG	gcA	A	A	367  	.   0.11	1r4kA  146  A
ENSP00000220592	 rs2271738	gcG	gcA	A	A	367  	.   0.11	4f3tA  329  A
ENSP00000220592	 rs2271738	gcG	gcA	A	A	367  	.   0.11	4kreA  328  A
ENSP00000220592	 rs2271738	gcG	gcA	A	A	367  	.   0.11	4krfA  344  A
ENSP00000220592	 rs2271738	gcG	gcA	A	A	367  	.   0.11	4kxtA  330  A
ENSP00000220592	 rs2271738	gcG	gcA	A	A	367  	.   0.11	4olaA  324  A
ENSP00000220592	 rs2271738	gcG	gcA	A	A	367  	.   0.11	4olbA  327  A
ENSP00000220592	 rs2271738	gcG	gcA	A	A	367  	.   0.11	4w5nA  338  A
ENSP00000220592	 rs2271738	gcG	gcA	A	A	367  	.   0.11	4w5oA  323  A
ENSP00000220592	 rs2271738	gcG	gcA	A	A	367  	.   0.11	4w5qA  327  A
ENSP00000220592	 rs2271738	gcG	gcA	A	A	367  	.   0.11	4w5rA  325  A
ENSP00000220592	 rs2271738	gcG	gcA	A	A	367  	.   0.11	4w5tA  329  A
ENSP00000220592	 rs2271738	gcG	gcA	A	A	367  	.   0.11	4z4cA  325  A
ENSP00000220592	 rs2271738	gcG	gcA	A	A	367  	.   0.11	4z4dA  325  A
ENSP00000220592	 rs2271738	gcG	gcA	A	A	367  	.   0.11	4z4eA  324  A
ENSP00000220592	 rs2271738	gcG	gcA	A	A	367  	.   0.11	4z4fA  323  A
ENSP00000220592	 rs2271738	gcG	gcA	A	A	367  	.   0.11	4z4gA  321  A
ENSP00000220592	 rs2271738	gcG	gcA	A	A	367  	.   0.11	4z4hA  324  A
ENSP00000220592	 rs2271738	gcG	gcA	A	A	367  	.   0.11	4z4iA  322  A
ENSP00000220592	 rs2271738	gcG	gcA	A	A	367  	.   0.11	5js1A  330  A
ENSP00000220592	 rs2271738	gcG	gcA	A	A	367  	.   0.11	5js2A  330  A
ENSP00000220592	 rs2271738	gcG	gcA	A	A	367  	.   0.11	5ki6A  327  A
ENSP00000220592	 rs2271738	gcG	gcA	A	A	367  	.   0.11	5t7bB  330  A
ENSP00000220592	 rs2271738	gcG	gcA	A	A	367  	.   0.11	5vm9A  308  A
ENSP00000220592	 rs2271738	gcG	gcA	A	A	367  	.   0.11	5vm9C  317  A
ENSP00000220592	 rs2271738	gcG	gcA	A	A	367  	.   0.11	5w6vA  325  A
ENSP00000220592	 rs2271738	gcG	gcA	A	A	367  	.   0.11	5weaA  299  A
ENSP00000220592	 rs2271738	gcG	gcA	A	A	367  	.   0.11	6cbdA  309  A
ENSP00000220751	rs16900617	ttA	ttG	L	L	490  	.   0.12	2n7zA   57  L
ENSP00000220751	rs16900617	ttA	ttG	L	L	490  	.   0.12	2n83B   56  L
ENSP00000221130	 rs2020916	cCc	cAc	P	H	314  	.   0.22	1bwcA  253  P
ENSP00000221130	 rs2020916	cCc	cAc	P	H	314  	.   0.22	1dncA  252  P
ENSP00000221130	 rs2020916	cCc	cAc	P	H	314  	.   0.22	1graA  253  P
ENSP00000221130	 rs2020916	cCc	cAc	P	H	314  	.   0.22	1grbA  253  P
ENSP00000221130	 rs2020916	cCc	cAc	P	H	314  	.   0.22	1greA  253  P
ENSP00000221130	 rs2020916	cCc	cAc	P	H	314  	.   0.22	1grfA  253  P
ENSP00000221130	 rs2020916	cCc	cAc	P	H	314  	.   0.22	1grgA  252  P
ENSP00000221130	 rs2020916	cCc	cAc	P	H	314  	.   0.22	1grhA  253  P
ENSP00000221130	 rs2020916	cCc	cAc	P	H	314  	.   0.22	1grtA  254  P
ENSP00000221130	 rs2020916	cCc	cAc	P	H	314  	.   0.22	1gsnA  251  P
ENSP00000221130	 rs2020916	cCc	cAc	P	H	314  	.   0.22	1k4qA  253  P
ENSP00000221130	 rs2020916	cCc	cAc	P	H	314  	.   0.22	1xanA  253  P
ENSP00000221130	 rs2020916	cCc	cAc	P	H	314  	.   0.22	2aaqA  253  P
ENSP00000221130	 rs2020916	cCc	cAc	P	H	314  	.   0.22	2gh5A  253  P
ENSP00000221130	 rs2020916	cCc	cAc	P	H	314  	.   0.22	2gh5B  253  P
ENSP00000221130	 rs2020916	cCc	cAc	P	H	314  	.   0.22	2grtA  253  P
ENSP00000221130	 rs2020916	cCc	cAc	P	H	314  	.   0.22	3djgA  253  P
ENSP00000221130	 rs2020916	cCc	cAc	P	H	314  	.   0.22	3djjA  254  P
ENSP00000221130	 rs2020916	cCc	cAc	P	H	314  	.   0.22	3dk4A  254  P
ENSP00000221130	 rs2020916	cCc	cAc	P	H	314  	.   0.22	3dk8A  254  P
ENSP00000221130	 rs2020916	cCc	cAc	P	H	314  	.   0.22	3dk9A  254  P
ENSP00000221130	 rs2020916	cCc	cAc	P	H	314  	.   0.22	3grsA  253  P
ENSP00000221130	 rs2020916	cCc	cAc	P	H	314  	.   0.22	3grtA  253  P
ENSP00000221130	 rs2020916	cCc	cAc	P	H	314  	.   0.22	3sqpA  253  P
ENSP00000221130	 rs2020916	cCc	cAc	P	H	314  	.   0.22	3sqpB  253  P
ENSP00000221130	 rs2020916	cCc	cAc	P	H	314  	.   0.22	4gr1A  253  P
ENSP00000221130	 rs2020916	cCc	cAc	P	H	314  	.   0.22	4grtA  253  P
ENSP00000221130	 rs2020916	cCc	cAc	P	H	314  	.   0.22	5grtA  253  P
ENSP00000221130	 rs8191004	gaG	gaC	E	D	297  	.   0.07	1bwcA  236  E
ENSP00000221130	 rs8191004	gaG	gaC	E	D	297  	.   0.07	1dncA  235  E
ENSP00000221130	 rs8191004	gaG	gaC	E	D	297  	.   0.07	1graA  236  E
ENSP00000221130	 rs8191004	gaG	gaC	E	D	297  	.   0.07	1grbA  236  E
ENSP00000221130	 rs8191004	gaG	gaC	E	D	297  	.   0.07	1greA  236  E
ENSP00000221130	 rs8191004	gaG	gaC	E	D	297  	.   0.07	1grfA  236  E
ENSP00000221130	 rs8191004	gaG	gaC	E	D	297  	.   0.07	1grgA  235  E
ENSP00000221130	 rs8191004	gaG	gaC	E	D	297  	.   0.07	1grhA  236  E
ENSP00000221130	 rs8191004	gaG	gaC	E	D	297  	.   0.07	1grtA  237  E
ENSP00000221130	 rs8191004	gaG	gaC	E	D	297  	.   0.07	1gsnA  234  E
ENSP00000221130	 rs8191004	gaG	gaC	E	D	297  	.   0.07	1k4qA  236  E
ENSP00000221130	 rs8191004	gaG	gaC	E	D	297  	.   0.07	1xanA  236  E
ENSP00000221130	 rs8191004	gaG	gaC	E	D	297  	.   0.07	2aaqA  236  E
ENSP00000221130	 rs8191004	gaG	gaC	E	D	297  	.   0.07	2gh5A  236  E
ENSP00000221130	 rs8191004	gaG	gaC	E	D	297  	.   0.07	2gh5B  236  E
ENSP00000221130	 rs8191004	gaG	gaC	E	D	297  	.   0.07	2grtA  236  E
ENSP00000221130	 rs8191004	gaG	gaC	E	D	297  	.   0.07	3djgA  236  E
ENSP00000221130	 rs8191004	gaG	gaC	E	D	297  	.   0.07	3djjA  237  E
ENSP00000221130	 rs8191004	gaG	gaC	E	D	297  	.   0.07	3dk4A  237  E
ENSP00000221130	 rs8191004	gaG	gaC	E	D	297  	.   0.07	3dk8A  237  E
ENSP00000221130	 rs8191004	gaG	gaC	E	D	297  	.   0.07	3dk9A  237  E
ENSP00000221130	 rs8191004	gaG	gaC	E	D	297  	.   0.07	3grsA  236  E
ENSP00000221130	 rs8191004	gaG	gaC	E	D	297  	.   0.07	3grtA  236  E
ENSP00000221130	 rs8191004	gaG	gaC	E	D	297  	.   0.07	3sqpA  236  E
ENSP00000221130	 rs8191004	gaG	gaC	E	D	297  	.   0.07	3sqpB  236  E
ENSP00000221130	 rs8191004	gaG	gaC	E	D	297  	.   0.07	4gr1A  236  E
ENSP00000221130	 rs8191004	gaG	gaC	E	D	297  	.   0.07	4grtA  236  E
ENSP00000221130	 rs8191004	gaG	gaC	E	D	297  	.   0.07	5grtA  236  E
ENSP00000221130	 rs8190976	Ggc	Agc	G	S	232  	.   0.02	1bwcA  171  G
ENSP00000221130	 rs8190976	Ggc	Agc	G	S	232  	.   0.02	1dncA  170  G
ENSP00000221130	 rs8190976	Ggc	Agc	G	S	232  	.   0.02	1graA  171  G
ENSP00000221130	 rs8190976	Ggc	Agc	G	S	232  	.   0.02	1grbA  171  G
ENSP00000221130	 rs8190976	Ggc	Agc	G	S	232  	.   0.02	1greA  171  G
ENSP00000221130	 rs8190976	Ggc	Agc	G	S	232  	.   0.02	1grfA  171  G
ENSP00000221130	 rs8190976	Ggc	Agc	G	S	232  	.   0.02	1grgA  170  G
ENSP00000221130	 rs8190976	Ggc	Agc	G	S	232  	.   0.02	1grhA  171  G
ENSP00000221130	 rs8190976	Ggc	Agc	G	S	232  	.   0.02	1grtA  172  G
ENSP00000221130	 rs8190976	Ggc	Agc	G	S	232  	.   0.02	1gsnA  170  G
ENSP00000221130	 rs8190976	Ggc	Agc	G	S	232  	.   0.02	1k4qA  171  G
ENSP00000221130	 rs8190976	Ggc	Agc	G	S	232  	.   0.02	1xanA  171  G
ENSP00000221130	 rs8190976	Ggc	Agc	G	S	232  	.   0.02	2aaqA  171  G
ENSP00000221130	 rs8190976	Ggc	Agc	G	S	232  	.   0.02	2gh5A  171  G
ENSP00000221130	 rs8190976	Ggc	Agc	G	S	232  	.   0.02	2gh5B  171  G
ENSP00000221130	 rs8190976	Ggc	Agc	G	S	232  	.   0.02	2grtA  171  G
ENSP00000221130	 rs8190976	Ggc	Agc	G	S	232  	.   0.02	3djgA  171  G
ENSP00000221130	 rs8190976	Ggc	Agc	G	S	232  	.   0.02	3djjA  172  G
ENSP00000221130	 rs8190976	Ggc	Agc	G	S	232  	.   0.02	3dk4A  172  G
ENSP00000221130	 rs8190976	Ggc	Agc	G	S	232  	.   0.02	3dk8A  172  G
ENSP00000221130	 rs8190976	Ggc	Agc	G	S	232  	.   0.02	3dk9A  172  G
ENSP00000221130	 rs8190976	Ggc	Agc	G	S	232  	.   0.02	3grsA  171  G
ENSP00000221130	 rs8190976	Ggc	Agc	G	S	232  	.   0.02	3grtA  171  G
ENSP00000221130	 rs8190976	Ggc	Agc	G	S	232  	.   0.02	3sqpA  171  G
ENSP00000221130	 rs8190976	Ggc	Agc	G	S	232  	.   0.02	3sqpB  171  G
ENSP00000221130	 rs8190976	Ggc	Agc	G	S	232  	.   0.02	4gr1A  171  G
ENSP00000221130	 rs8190976	Ggc	Agc	G	S	232  	.   0.02	4grtA  171  G
ENSP00000221130	 rs8190976	Ggc	Agc	G	S	232  	.   0.02	5grtA  171  G
ENSP00000221132	 rs6557634	cAt	cGt	H	R	141  	.   0.06	5cirD   13  R
ENSP00000221132	 rs6557634	cAt	cGt	H	R	141  	.   0.06	5cirE   12  R
ENSP00000221132	 rs6557634	cAt	cGt	H	R	141  	.   0.06	5cirF   12  R
ENSP00000221222	 rs1064351	taC	taT	Y	Y	89   	.   0.06	1ddvA   81  Y
ENSP00000221222	 rs1064351	taC	taT	Y	Y	89   	.   0.06	1ddwA   84  Y
ENSP00000221222	 rs1064351	taC	taT	Y	Y	89   	.   0.06	1i7aA   78  F
ENSP00000221222	 rs1064351	taC	taT	Y	Y	89   	.   0.06	1i7aB   78  F
ENSP00000221222	 rs1064351	taC	taT	Y	Y	89   	.   0.06	1i7aC   78  F
ENSP00000221222	 rs1064351	taC	taT	Y	Y	89   	.   0.06	1i7aD   78  F
ENSP00000221222	 rs1064351	taC	taT	Y	Y	89   	.   0.06	2p8vA   88  Y
ENSP00000221233	rs36035938	gcC	gcT	A	A	213  	.   0.01	2nn6D  183  A
ENSP00000221233	rs36035938	gcC	gcT	A	A	213  	.   0.01	6d6qD  188  A
ENSP00000221233	rs36035938	gcC	gcT	A	A	213  	.   0.01	6d6rD  188  A
ENSP00000221233	rs36035938	gcC	gcT	A	A	213  	.   0.01	6h25D  189  A
ENSP00000221363	 rs1133330	cGg	cTg	R	L	337  	.   0.01	1o7dA  287  Q
ENSP00000221363	 rs1133330	cGg	cAg	R	Q	337  	.   0.01	1o7dA  287  Q
ENSP00000221403	 rs2270941	aGc	aAc	S	N	66   	.   0.01	2o48A   65  N
ENSP00000221403	 rs2270941	aGc	aAc	S	N	66   	.   0.01	2o4uA   65  N
ENSP00000221403	 rs2270941	aGc	aAc	S	N	66   	.   0.01	2poqA   65  N
ENSP00000221403	 rs2270941	aGc	aAc	S	N	66   	.   0.01	3ohsA   65  N
ENSP00000221403	 rs3765148	Ggg	Agg	G	R	282  	.   0.01	2o48A  281  G
ENSP00000221403	 rs3765148	Ggg	Agg	G	R	282  	.   0.01	2o4uA  281  G
ENSP00000221403	 rs3765148	Ggg	Agg	G	R	282  	.   0.01	2poqA  281  G
ENSP00000221403	 rs3765148	Ggg	Agg	G	R	282  	.   0.01	3ohsA  281  G
ENSP00000221403	rs11666105	gTa	gCa	V	A	247  	.   0.01	2o48A  246  A
ENSP00000221403	rs11666105	gTa	gCa	V	A	247  	.   0.01	2o4uA  246  A
ENSP00000221403	rs11666105	gTa	gCa	V	A	247  	.   0.01	2poqA  246  A
ENSP00000221403	rs11666105	gTa	gCa	V	A	247  	.   0.01	3ohsA  246  A
ENSP00000221421	 rs1056917	ggT	ggC	G	G	95   	.   0.21	1hcnB   74  G
ENSP00000221421	 rs1056917	ggT	ggC	G	G	95   	.   0.21	1hrpB   74  G
ENSP00000221421	 rs1056917	ggT	ggC	G	G	95   	.   0.21	1qfwB   74  G
ENSP00000221476	 rs1133190	ccT	ccC	P	P	123  	.   0.08	1g0wA  122  P
ENSP00000221476	 rs1133190	ccT	ccC	P	P	123  	.   0.08	1i0eA  116  P
ENSP00000221476	 rs1133190	ccT	ccC	P	P	123  	.   0.08	1i0eB  116  P
ENSP00000221476	 rs1133190	ccT	ccC	P	P	123  	.   0.08	1i0eC  116  P
ENSP00000221476	 rs1133190	ccT	ccC	P	P	123  	.   0.08	1i0eD  116  P
ENSP00000221476	 rs1133190	ccT	ccC	P	P	123  	.   0.08	1qh4A  122  P
ENSP00000221476	 rs1133190	ccT	ccC	P	P	123  	.   0.08	1qh4B  122  P
ENSP00000221476	 rs1133190	ccT	ccC	P	P	123  	.   0.08	1qh4C  122  P
ENSP00000221476	 rs1133190	ccT	ccC	P	P	123  	.   0.08	1qh4D  122  P
ENSP00000221476	 rs1133190	ccT	ccC	P	P	123  	.   0.08	1u6rA  122  P
ENSP00000221476	 rs1133190	ccT	ccC	P	P	123  	.   0.08	1u6rB  122  P
ENSP00000221476	 rs1133190	ccT	ccC	P	P	123  	.   0.08	1vrpA  112  P
ENSP00000221476	 rs1133190	ccT	ccC	P	P	123  	.   0.08	1vrpB  116  P
ENSP00000221476	 rs1133190	ccT	ccC	P	P	123  	.   0.08	2crkA  116  P
ENSP00000221476	 rs1133190	ccT	ccC	P	P	123  	.   0.08	3b6rA  118  P
ENSP00000221476	 rs1133190	ccT	ccC	P	P	123  	.   0.08	3b6rB  118  P
ENSP00000221476	 rs1133190	ccT	ccC	P	P	123  	.   0.08	3drbA  118  P
ENSP00000221476	 rs1133190	ccT	ccC	P	P	123  	.   0.08	3drbB  118  P
ENSP00000221476	 rs1133190	ccT	ccC	P	P	123  	.   0.08	3dreA  120  P
ENSP00000221476	 rs1133190	ccT	ccC	P	P	123  	.   0.08	3dreB  119  P
ENSP00000221476	 rs1133190	ccT	ccC	P	P	123  	.   0.08	4q2rA  117  P
ENSP00000221476	 rs1133190	ccT	ccC	P	P	123  	.   0.08	4q2rB  117  P
ENSP00000221476	rs17357122	aCg	aTg	T	M	166  	.   0.06	1g0wA  165  D
ENSP00000221476	rs17357122	aCg	aTg	T	M	166  	.   0.06	1i0eA  159  T
ENSP00000221476	rs17357122	aCg	aTg	T	M	166  	.   0.06	1i0eB  159  T
ENSP00000221476	rs17357122	aCg	aTg	T	M	166  	.   0.06	1i0eC  159  T
ENSP00000221476	rs17357122	aCg	aTg	T	M	166  	.   0.06	1i0eD  159  T
ENSP00000221476	rs17357122	aCg	aTg	T	M	166  	.   0.06	1qh4A  165  G
ENSP00000221476	rs17357122	aCg	aTg	T	M	166  	.   0.06	1qh4B  165  G
ENSP00000221476	rs17357122	aCg	aTg	T	M	166  	.   0.06	1qh4C  165  G
ENSP00000221476	rs17357122	aCg	aTg	T	M	166  	.   0.06	1qh4D  165  G
ENSP00000221476	rs17357122	aCg	aTg	T	M	166  	.   0.06	1u6rA  165  T
ENSP00000221476	rs17357122	aCg	aTg	T	M	166  	.   0.06	1u6rB  165  T
ENSP00000221476	rs17357122	aCg	aTg	T	M	166  	.   0.06	1vrpA  155  T
ENSP00000221476	rs17357122	aCg	aTg	T	M	166  	.   0.06	1vrpB  159  T
ENSP00000221476	rs17357122	aCg	aTg	T	M	166  	.   0.06	2crkA  159  T
ENSP00000221476	rs17357122	aCg	aTg	T	M	166  	.   0.06	3b6rA  161  D
ENSP00000221476	rs17357122	aCg	aTg	T	M	166  	.   0.06	3b6rB  161  D
ENSP00000221476	rs17357122	aCg	aTg	T	M	166  	.   0.06	3drbA  161  D
ENSP00000221476	rs17357122	aCg	aTg	T	M	166  	.   0.06	3drbB  161  D
ENSP00000221476	rs17357122	aCg	aTg	T	M	166  	.   0.06	3dreA  163  D
ENSP00000221476	rs17357122	aCg	aTg	T	M	166  	.   0.06	3dreB  162  D
ENSP00000221476	rs17357122	aCg	aTg	T	M	166  	.   0.06	4q2rA  160  D
ENSP00000221476	rs17357122	aCg	aTg	T	M	166  	.   0.06	4q2rB  160  D
ENSP00000221476	rs17875653	Ctc	Ttc	L	F	127  	.   0.07	1g0wA  126  L
ENSP00000221476	rs17875653	Ctc	Ttc	L	F	127  	.   0.07	1i0eA  120  L
ENSP00000221476	rs17875653	Ctc	Ttc	L	F	127  	.   0.07	1i0eB  120  L
ENSP00000221476	rs17875653	Ctc	Ttc	L	F	127  	.   0.07	1i0eC  120  L
ENSP00000221476	rs17875653	Ctc	Ttc	L	F	127  	.   0.07	1i0eD  120  L
ENSP00000221476	rs17875653	Ctc	Ttc	L	F	127  	.   0.07	1qh4A  126  L
ENSP00000221476	rs17875653	Ctc	Ttc	L	F	127  	.   0.07	1qh4B  126  L
ENSP00000221476	rs17875653	Ctc	Ttc	L	F	127  	.   0.07	1qh4C  126  L
ENSP00000221476	rs17875653	Ctc	Ttc	L	F	127  	.   0.07	1qh4D  126  L
ENSP00000221476	rs17875653	Ctc	Ttc	L	F	127  	.   0.07	1u6rA  126  L
ENSP00000221476	rs17875653	Ctc	Ttc	L	F	127  	.   0.07	1u6rB  126  L
ENSP00000221476	rs17875653	Ctc	Ttc	L	F	127  	.   0.07	1vrpA  116  L
ENSP00000221476	rs17875653	Ctc	Ttc	L	F	127  	.   0.07	1vrpB  120  L
ENSP00000221476	rs17875653	Ctc	Ttc	L	F	127  	.   0.07	2crkA  120  L
ENSP00000221476	rs17875653	Ctc	Ttc	L	F	127  	.   0.07	3b6rA  122  L
ENSP00000221476	rs17875653	Ctc	Ttc	L	F	127  	.   0.07	3b6rB  122  L
ENSP00000221476	rs17875653	Ctc	Ttc	L	F	127  	.   0.07	3drbA  122  L
ENSP00000221476	rs17875653	Ctc	Ttc	L	F	127  	.   0.07	3drbB  122  L
ENSP00000221476	rs17875653	Ctc	Ttc	L	F	127  	.   0.07	3dreA  124  L
ENSP00000221476	rs17875653	Ctc	Ttc	L	F	127  	.   0.07	3dreB  123  L
ENSP00000221476	rs17875653	Ctc	Ttc	L	F	127  	.   0.07	4q2rA  121  L
ENSP00000221476	rs17875653	Ctc	Ttc	L	F	127  	.   0.07	4q2rB  121  L
ENSP00000221476	rs17875653	Ctc	Gtc	L	V	127  	.   0.07	1g0wA  126  L
ENSP00000221476	rs17875653	Ctc	Gtc	L	V	127  	.   0.07	1i0eA  120  L
ENSP00000221476	rs17875653	Ctc	Gtc	L	V	127  	.   0.07	1i0eB  120  L
ENSP00000221476	rs17875653	Ctc	Gtc	L	V	127  	.   0.07	1i0eC  120  L
ENSP00000221476	rs17875653	Ctc	Gtc	L	V	127  	.   0.07	1i0eD  120  L
ENSP00000221476	rs17875653	Ctc	Gtc	L	V	127  	.   0.07	1qh4A  126  L
ENSP00000221476	rs17875653	Ctc	Gtc	L	V	127  	.   0.07	1qh4B  126  L
ENSP00000221476	rs17875653	Ctc	Gtc	L	V	127  	.   0.07	1qh4C  126  L
ENSP00000221476	rs17875653	Ctc	Gtc	L	V	127  	.   0.07	1qh4D  126  L
ENSP00000221476	rs17875653	Ctc	Gtc	L	V	127  	.   0.07	1u6rA  126  L
ENSP00000221476	rs17875653	Ctc	Gtc	L	V	127  	.   0.07	1u6rB  126  L
ENSP00000221476	rs17875653	Ctc	Gtc	L	V	127  	.   0.07	1vrpA  116  L
ENSP00000221476	rs17875653	Ctc	Gtc	L	V	127  	.   0.07	1vrpB  120  L
ENSP00000221476	rs17875653	Ctc	Gtc	L	V	127  	.   0.07	2crkA  120  L
ENSP00000221476	rs17875653	Ctc	Gtc	L	V	127  	.   0.07	3b6rA  122  L
ENSP00000221476	rs17875653	Ctc	Gtc	L	V	127  	.   0.07	3b6rB  122  L
ENSP00000221476	rs17875653	Ctc	Gtc	L	V	127  	.   0.07	3drbA  122  L
ENSP00000221476	rs17875653	Ctc	Gtc	L	V	127  	.   0.07	3drbB  122  L
ENSP00000221476	rs17875653	Ctc	Gtc	L	V	127  	.   0.07	3dreA  124  L
ENSP00000221476	rs17875653	Ctc	Gtc	L	V	127  	.   0.07	3dreB  123  L
ENSP00000221476	rs17875653	Ctc	Gtc	L	V	127  	.   0.07	4q2rA  121  L
ENSP00000221476	rs17875653	Ctc	Gtc	L	V	127  	.   0.07	4q2rB  121  L
ENSP00000221476	rs11559024	gAa	gGa	E	G	83   	.   0.01	1g0wA   82  D
ENSP00000221476	rs11559024	gAa	gGa	E	G	83   	.   0.01	1i0eA   76  E
ENSP00000221476	rs11559024	gAa	gGa	E	G	83   	.   0.01	1i0eB   76  E
ENSP00000221476	rs11559024	gAa	gGa	E	G	83   	.   0.01	1i0eC   76  E
ENSP00000221476	rs11559024	gAa	gGa	E	G	83   	.   0.01	1i0eD   76  E
ENSP00000221476	rs11559024	gAa	gGa	E	G	83   	.   0.01	1qh4A   82  E
ENSP00000221476	rs11559024	gAa	gGa	E	G	83   	.   0.01	1qh4B   82  E
ENSP00000221476	rs11559024	gAa	gGa	E	G	83   	.   0.01	1qh4C   82  E
ENSP00000221476	rs11559024	gAa	gGa	E	G	83   	.   0.01	1qh4D   82  E
ENSP00000221476	rs11559024	gAa	gGa	E	G	83   	.   0.01	1u6rA   82  T
ENSP00000221476	rs11559024	gAa	gGa	E	G	83   	.   0.01	1u6rB   82  T
ENSP00000221476	rs11559024	gAa	gGa	E	G	83   	.   0.01	1vrpA   72  E
ENSP00000221476	rs11559024	gAa	gGa	E	G	83   	.   0.01	1vrpB   76  E
ENSP00000221476	rs11559024	gAa	gGa	E	G	83   	.   0.01	2crkA   76  T
ENSP00000221476	rs11559024	gAa	gGa	E	G	83   	.   0.01	3b6rA   78  E
ENSP00000221476	rs11559024	gAa	gGa	E	G	83   	.   0.01	3b6rB   78  E
ENSP00000221476	rs11559024	gAa	gGa	E	G	83   	.   0.01	3drbA   78  E
ENSP00000221476	rs11559024	gAa	gGa	E	G	83   	.   0.01	3drbB   78  E
ENSP00000221476	rs11559024	gAa	gGa	E	G	83   	.   0.01	3dreA   80  E
ENSP00000221476	rs11559024	gAa	gGa	E	G	83   	.   0.01	3dreB   79  E
ENSP00000221476	rs11559024	gAa	gGa	E	G	83   	.   0.01	4q2rA   77  D
ENSP00000221476	rs11559024	gAa	gGa	E	G	83   	.   0.01	4q2rB   77  D
ENSP00000221486	rs62619782	gaT	gaA	D	E	205  	.   0.04	3kioA  199  D
ENSP00000221486	rs62619782	gaT	gaA	D	E	205  	.   0.04	3p56A  181  D
ENSP00000221486	rs62619782	gaT	gaA	D	E	205  	.   0.04	3p56D  157  D
ENSP00000221486	rs62619782	gaT	gaA	D	E	205  	.   0.04	3p5jA  194  D
ENSP00000221486	rs62619782	gaT	gaA	D	E	205  	.   0.04	3pufA  202  D
ENSP00000221486	rs62619782	gaT	gaA	D	E	205  	.   0.04	3pufD  204  D
ENSP00000221486	rs62619782	gaT	gaA	D	E	205  	.   0.04	3pufG  197  D
ENSP00000221486	rs62619782	gaT	gaA	D	E	205  	.   0.04	3pufJ  200  D
ENSP00000221486	rs62619782	gaT	gaA	D	E	205  	.   0.04	3pufM  204  D
ENSP00000222002	rs11569680	Aag	Gag	K	E	227  	.   0.27	1efhA  224  K
ENSP00000222002	rs11569680	Aag	Gag	K	E	227  	.   0.27	1efhB  224  K
ENSP00000222002	rs11569680	Aag	Gag	K	E	227  	.   0.27	1j99A  226  K
ENSP00000222002	rs11569680	Aag	Gag	K	E	227  	.   0.27	2qp4A  226  K
ENSP00000222002	rs11569680	Aag	Gag	K	E	227  	.   0.27	3f3yA  224  K
ENSP00000222002	rs11569680	Aag	Gag	K	E	227  	.   0.27	3f3yB  224  K
ENSP00000222002	rs11569680	Aag	Gag	K	E	227  	.   0.27	3f3yC  224  K
ENSP00000222002	rs11569680	Aag	Gag	K	E	227  	.   0.27	3f3yD  224  K
ENSP00000222002	rs11569680	Aag	Gag	K	E	227  	.   0.27	4ifbA  226  K
ENSP00000222002	rs11569680	Aag	Gag	K	E	227  	.   0.27	4ifbB  225  K
ENSP00000222002	rs11569680	Aag	Cag	K	Q	227  	.   0.27	1efhA  224  K
ENSP00000222002	rs11569680	Aag	Cag	K	Q	227  	.   0.27	1efhB  224  K
ENSP00000222002	rs11569680	Aag	Cag	K	Q	227  	.   0.27	1j99A  226  K
ENSP00000222002	rs11569680	Aag	Cag	K	Q	227  	.   0.27	2qp4A  226  K
ENSP00000222002	rs11569680	Aag	Cag	K	Q	227  	.   0.27	3f3yA  224  K
ENSP00000222002	rs11569680	Aag	Cag	K	Q	227  	.   0.27	3f3yB  224  K
ENSP00000222002	rs11569680	Aag	Cag	K	Q	227  	.   0.27	3f3yC  224  K
ENSP00000222002	rs11569680	Aag	Cag	K	Q	227  	.   0.27	3f3yD  224  K
ENSP00000222002	rs11569680	Aag	Cag	K	Q	227  	.   0.27	4ifbA  226  K
ENSP00000222002	rs11569680	Aag	Cag	K	Q	227  	.   0.27	4ifbB  225  K
ENSP00000222002	rs11569681	Gcc	Ccc	A	P	63   	.   0.02	1efhA   60  A
ENSP00000222002	rs11569681	Gcc	Ccc	A	P	63   	.   0.02	1efhB   60  A
ENSP00000222002	rs11569681	Gcc	Ccc	A	P	63   	.   0.02	1j99A   62  A
ENSP00000222002	rs11569681	Gcc	Ccc	A	P	63   	.   0.02	1ov4A   62  A
ENSP00000222002	rs11569681	Gcc	Ccc	A	P	63   	.   0.02	2qp3A   62  A
ENSP00000222002	rs11569681	Gcc	Ccc	A	P	63   	.   0.02	2qp4A   62  A
ENSP00000222002	rs11569681	Gcc	Ccc	A	P	63   	.   0.02	3f3yA   60  A
ENSP00000222002	rs11569681	Gcc	Ccc	A	P	63   	.   0.02	3f3yB   60  A
ENSP00000222002	rs11569681	Gcc	Ccc	A	P	63   	.   0.02	3f3yC   60  A
ENSP00000222002	rs11569681	Gcc	Ccc	A	P	63   	.   0.02	3f3yD   60  A
ENSP00000222002	rs11569681	Gcc	Ccc	A	P	63   	.   0.02	4ifbA   62  A
ENSP00000222002	rs11569681	Gcc	Ccc	A	P	63   	.   0.02	4ifbB   61  A
ENSP00000222002	rs11083907	ttC	ttT	F	F	30   	.   0.03	1efhA   27  F
ENSP00000222002	rs11083907	ttC	ttT	F	F	30   	.   0.03	1efhB   27  F
ENSP00000222002	rs11083907	ttC	ttT	F	F	30   	.   0.03	1j99A   29  F
ENSP00000222002	rs11083907	ttC	ttT	F	F	30   	.   0.03	1ov4A   29  F
ENSP00000222002	rs11083907	ttC	ttT	F	F	30   	.   0.03	2qp3A   29  F
ENSP00000222002	rs11083907	ttC	ttT	F	F	30   	.   0.03	2qp4A   29  F
ENSP00000222002	rs11083907	ttC	ttT	F	F	30   	.   0.03	3f3yA   27  F
ENSP00000222002	rs11083907	ttC	ttT	F	F	30   	.   0.03	3f3yB   27  F
ENSP00000222002	rs11083907	ttC	ttT	F	F	30   	.   0.03	3f3yC   27  F
ENSP00000222002	rs11083907	ttC	ttT	F	F	30   	.   0.03	3f3yD   27  F
ENSP00000222002	rs11083907	ttC	ttT	F	F	30   	.   0.03	4ifbA   29  F
ENSP00000222002	rs11083907	ttC	ttT	F	F	30   	.   0.03	4ifbB   28  F
ENSP00000222002	rs11569685	tcG	tcA	S	S	2    	.   0.43	1j99A    1  S
ENSP00000222002	rs11569685	tcG	tcA	S	S	2    	.   0.43	1ov4A    1  S
ENSP00000222002	rs11569685	tcG	tcA	S	S	2    	.   0.43	2qp3A    1  S
ENSP00000222002	rs11569685	tcG	tcA	S	S	2    	.   0.43	2qp4A    1  S
ENSP00000222002	rs11569685	tcG	tcA	S	S	2    	.   0.43	4ifbA    1  S
