ENSP00000456459	 rs1801030	Gtg	Atg	V	M	223  	.   0.02	1ls6A  216  M
ENSP00000456459	 rs1801030	Gtg	Atg	V	M	223  	.   0.02	1z28A  217  V
ENSP00000456459	 rs1801030	Gtg	Atg	V	M	223  	.   0.02	1z29A  209  M
ENSP00000456459	 rs1801030	Gtg	Atg	V	M	223  	.   0.02	2a3rA  215  M
ENSP00000456459	 rs1801030	Gtg	Atg	V	M	223  	.   0.02	2a3rB  215  M
ENSP00000456459	 rs1801030	Gtg	Atg	V	M	223  	.   0.02	2d06A  216  M
ENSP00000456459	 rs1801030	Gtg	Atg	V	M	223  	.   0.02	2d06B  216  M
ENSP00000456459	 rs1801030	Gtg	Atg	V	M	223  	.   0.02	3qvuA  216  M
ENSP00000456459	 rs1801030	Gtg	Atg	V	M	223  	.   0.02	3qvuB  216  M
ENSP00000456459	 rs1801030	Gtg	Atg	V	M	223  	.   0.02	3qvvA  216  M
ENSP00000456459	 rs1801030	Gtg	Atg	V	M	223  	.   0.02	3qvvB  216  M
ENSP00000456459	 rs1801030	Gtg	Atg	V	M	223  	.   0.02	3u3jA  216  M
ENSP00000456459	 rs1801030	Gtg	Atg	V	M	223  	.   0.02	3u3jB  216  M
ENSP00000456459	 rs1801030	Gtg	Atg	V	M	223  	.   0.02	3u3kA  217  M
ENSP00000456459	 rs1801030	Gtg	Atg	V	M	223  	.   0.02	3u3kB  216  M
ENSP00000456459	 rs1801030	Gtg	Atg	V	M	223  	.   0.02	3u3mA  217  M
ENSP00000456459	 rs1801030	Gtg	Atg	V	M	223  	.   0.02	3u3oA  216  M
ENSP00000456459	 rs1801030	Gtg	Atg	V	M	223  	.   0.02	3u3rA  216  M
ENSP00000456459	 rs1801030	Gtg	Atg	V	M	223  	.   0.02	4graA  216  M
ENSP00000456459	 rs1801030	Gtg	Atg	V	M	223  	.   0.02	4graB  216  M
ENSP00000456459	 rs9282861	cGc	cAc	R	H	213  	.   0.02	1cjmA  189  R
ENSP00000456459	 rs9282861	cGc	cAc	R	H	213  	.   0.02	1ls6A  206  H
ENSP00000456459	 rs9282861	cGc	cAc	R	H	213  	.   0.02	1z28A  207  R
ENSP00000456459	 rs9282861	cGc	cAc	R	H	213  	.   0.02	1z29A  199  R
ENSP00000456459	 rs9282861	cGc	cAc	R	H	213  	.   0.02	2a3rA  205  R
ENSP00000456459	 rs9282861	cGc	cAc	R	H	213  	.   0.02	2a3rB  205  R
ENSP00000456459	 rs9282861	cGc	cAc	R	H	213  	.   0.02	2d06A  206  H
ENSP00000456459	 rs9282861	cGc	cAc	R	H	213  	.   0.02	2d06B  206  H
ENSP00000456459	 rs9282861	cGc	cAc	R	H	213  	.   0.02	3qvuA  206  H
ENSP00000456459	 rs9282861	cGc	cAc	R	H	213  	.   0.02	3qvuB  206  H
ENSP00000456459	 rs9282861	cGc	cAc	R	H	213  	.   0.02	3qvvA  206  H
ENSP00000456459	 rs9282861	cGc	cAc	R	H	213  	.   0.02	3qvvB  206  H
ENSP00000456459	 rs9282861	cGc	cAc	R	H	213  	.   0.02	3u3jA  206  H
ENSP00000456459	 rs9282861	cGc	cAc	R	H	213  	.   0.02	3u3jB  206  H
ENSP00000456459	 rs9282861	cGc	cAc	R	H	213  	.   0.02	3u3kA  207  H
ENSP00000456459	 rs9282861	cGc	cAc	R	H	213  	.   0.02	3u3kB  206  H
ENSP00000456459	 rs9282861	cGc	cAc	R	H	213  	.   0.02	3u3mA  207  H
ENSP00000456459	 rs9282861	cGc	cAc	R	H	213  	.   0.02	3u3oA  206  H
ENSP00000456459	 rs9282861	cGc	cAc	R	H	213  	.   0.02	3u3rA  206  H
ENSP00000456459	 rs9282861	cGc	cAc	R	H	213  	.   0.02	4graA  206  R
ENSP00000456459	 rs9282861	cGc	cAc	R	H	213  	.   0.02	4graB  206  R
ENSP00000456459	 rs1042014	gaG	gaC	E	D	151  	.   0.01	1cjmA  127  E
ENSP00000456459	 rs1042014	gaG	gaC	E	D	151  	.   0.01	1ls6A  144  E
ENSP00000456459	 rs1042014	gaG	gaC	E	D	151  	.   0.01	1z28A  145  E
ENSP00000456459	 rs1042014	gaG	gaC	E	D	151  	.   0.01	1z29A  137  H
ENSP00000456459	 rs1042014	gaG	gaC	E	D	151  	.   0.01	2a3rA  143  E
ENSP00000456459	 rs1042014	gaG	gaC	E	D	151  	.   0.01	2a3rB  143  E
ENSP00000456459	 rs1042014	gaG	gaC	E	D	151  	.   0.01	2d06A  144  E
ENSP00000456459	 rs1042014	gaG	gaC	E	D	151  	.   0.01	2d06B  144  E
ENSP00000456459	 rs1042014	gaG	gaC	E	D	151  	.   0.01	3qvuA  144  D
ENSP00000456459	 rs1042014	gaG	gaC	E	D	151  	.   0.01	3qvuB  144  D
ENSP00000456459	 rs1042014	gaG	gaC	E	D	151  	.   0.01	3qvvA  144  D
ENSP00000456459	 rs1042014	gaG	gaC	E	D	151  	.   0.01	3qvvB  144  D
ENSP00000456459	 rs1042014	gaG	gaC	E	D	151  	.   0.01	3u3jA  144  E
ENSP00000456459	 rs1042014	gaG	gaC	E	D	151  	.   0.01	3u3jB  144  E
ENSP00000456459	 rs1042014	gaG	gaC	E	D	151  	.   0.01	3u3kA  145  E
ENSP00000456459	 rs1042014	gaG	gaC	E	D	151  	.   0.01	3u3kB  144  E
ENSP00000456459	 rs1042014	gaG	gaC	E	D	151  	.   0.01	3u3mA  145  E
ENSP00000456459	 rs1042014	gaG	gaC	E	D	151  	.   0.01	3u3oA  144  E
ENSP00000456459	 rs1042014	gaG	gaC	E	D	151  	.   0.01	3u3rA  144  E
ENSP00000456459	 rs1042014	gaG	gaC	E	D	151  	.   0.01	4graA  144  E
ENSP00000456459	 rs1042014	gaG	gaC	E	D	151  	.   0.01	4graB  144  E
ENSP00000456459	 rs1042008	Cac	Tac	H	Y	149  	.   0.01	1cjmA  125  H
ENSP00000456459	 rs1042008	Cac	Tac	H	Y	149  	.   0.01	1ls6A  142  H
ENSP00000456459	 rs1042008	Cac	Tac	H	Y	149  	.   0.01	1z28A  143  H
ENSP00000456459	 rs1042008	Cac	Tac	H	Y	149  	.   0.01	1z29A  135  Y
ENSP00000456459	 rs1042008	Cac	Tac	H	Y	149  	.   0.01	2a3rA  141  H
ENSP00000456459	 rs1042008	Cac	Tac	H	Y	149  	.   0.01	2a3rB  141  H
ENSP00000456459	 rs1042008	Cac	Tac	H	Y	149  	.   0.01	2d06A  142  H
ENSP00000456459	 rs1042008	Cac	Tac	H	Y	149  	.   0.01	2d06B  142  H
ENSP00000456459	 rs1042008	Cac	Tac	H	Y	149  	.   0.01	3qvuA  142  H
ENSP00000456459	 rs1042008	Cac	Tac	H	Y	149  	.   0.01	3qvuB  142  H
ENSP00000456459	 rs1042008	Cac	Tac	H	Y	149  	.   0.01	3qvvA  142  H
ENSP00000456459	 rs1042008	Cac	Tac	H	Y	149  	.   0.01	3qvvB  142  H
ENSP00000456459	 rs1042008	Cac	Tac	H	Y	149  	.   0.01	3u3jA  142  H
ENSP00000456459	 rs1042008	Cac	Tac	H	Y	149  	.   0.01	3u3jB  142  H
ENSP00000456459	 rs1042008	Cac	Tac	H	Y	149  	.   0.01	3u3kA  143  H
ENSP00000456459	 rs1042008	Cac	Tac	H	Y	149  	.   0.01	3u3kB  142  H
ENSP00000456459	 rs1042008	Cac	Tac	H	Y	149  	.   0.01	3u3mA  143  H
ENSP00000456459	 rs1042008	Cac	Tac	H	Y	149  	.   0.01	3u3oA  142  H
ENSP00000456459	 rs1042008	Cac	Tac	H	Y	149  	.   0.01	3u3rA  142  H
ENSP00000456459	 rs1042008	Cac	Tac	H	Y	149  	.   0.01	4graA  142  H
ENSP00000456459	 rs1042008	Cac	Tac	H	Y	149  	.   0.01	4graB  142  H
ENSP00000456459	rs35728980	aAc	aCc	N	T	235  	.   0.16	1ls6A  228  N
ENSP00000456459	rs35728980	aAc	aCc	N	T	235  	.   0.16	1z28A  229  N
ENSP00000456459	rs35728980	aAc	aCc	N	T	235  	.   0.16	1z29A  221  N
ENSP00000456459	rs35728980	aAc	aCc	N	T	235  	.   0.16	2a3rA  227  N
ENSP00000456459	rs35728980	aAc	aCc	N	T	235  	.   0.16	2a3rB  227  N
ENSP00000456459	rs35728980	aAc	aCc	N	T	235  	.   0.16	2d06A  228  N
ENSP00000456459	rs35728980	aAc	aCc	N	T	235  	.   0.16	2d06B  228  N
ENSP00000456459	rs35728980	aAc	aCc	N	T	235  	.   0.16	3qvuA  228  N
ENSP00000456459	rs35728980	aAc	aCc	N	T	235  	.   0.16	3qvuB  228  N
ENSP00000456459	rs35728980	aAc	aCc	N	T	235  	.   0.16	3qvvA  228  N
ENSP00000456459	rs35728980	aAc	aCc	N	T	235  	.   0.16	3qvvB  228  N
ENSP00000456459	rs35728980	aAc	aCc	N	T	235  	.   0.16	3u3jA  228  N
ENSP00000456459	rs35728980	aAc	aCc	N	T	235  	.   0.16	3u3jB  228  N
ENSP00000456459	rs35728980	aAc	aCc	N	T	235  	.   0.16	3u3kA  229  N
ENSP00000456459	rs35728980	aAc	aCc	N	T	235  	.   0.16	3u3kB  228  N
ENSP00000456459	rs35728980	aAc	aCc	N	T	235  	.   0.16	3u3mA  229  N
ENSP00000456459	rs35728980	aAc	aCc	N	T	235  	.   0.16	3u3oA  228  N
ENSP00000456459	rs35728980	aAc	aCc	N	T	235  	.   0.16	3u3rA  228  N
ENSP00000456459	rs35728980	aAc	aCc	N	T	235  	.   0.16	4graA  228  N
ENSP00000456459	rs35728980	aAc	aCc	N	T	235  	.   0.16	4graB  228  N
ENSP00000456459	rs72547525	gCc	gTc	A	V	86   	.   0.02	1cjmA   65  D
ENSP00000456459	rs72547525	gCc	gTc	A	V	86   	.   0.02	1ls6A   79  A
ENSP00000456459	rs72547525	gCc	gTc	A	V	86   	.   0.02	1z28A   80  A
ENSP00000456459	rs72547525	gCc	gTc	A	V	86   	.   0.02	1z29A   72  V
ENSP00000456459	rs72547525	gCc	gTc	A	V	86   	.   0.02	2a3rA   78  D
ENSP00000456459	rs72547525	gCc	gTc	A	V	86   	.   0.02	2a3rB   78  D
ENSP00000456459	rs72547525	gCc	gTc	A	V	86   	.   0.02	2d06A   79  A
ENSP00000456459	rs72547525	gCc	gTc	A	V	86   	.   0.02	2d06B   79  A
ENSP00000456459	rs72547525	gCc	gTc	A	V	86   	.   0.02	3qvuA   79  A
ENSP00000456459	rs72547525	gCc	gTc	A	V	86   	.   0.02	3qvuB   79  A
ENSP00000456459	rs72547525	gCc	gTc	A	V	86   	.   0.02	3qvvA   79  A
ENSP00000456459	rs72547525	gCc	gTc	A	V	86   	.   0.02	3qvvB   79  A
ENSP00000456459	rs72547525	gCc	gTc	A	V	86   	.   0.02	3u3jA   79  A
ENSP00000456459	rs72547525	gCc	gTc	A	V	86   	.   0.02	3u3jB   79  A
ENSP00000456459	rs72547525	gCc	gTc	A	V	86   	.   0.02	3u3kA   80  A
ENSP00000456459	rs72547525	gCc	gTc	A	V	86   	.   0.02	3u3kB   79  A
ENSP00000456459	rs72547525	gCc	gTc	A	V	86   	.   0.02	3u3mA   80  A
ENSP00000456459	rs72547525	gCc	gTc	A	V	86   	.   0.02	3u3oA   79  A
ENSP00000456459	rs72547525	gCc	gTc	A	V	86   	.   0.02	3u3rA   79  A
ENSP00000456459	rs72547525	gCc	gTc	A	V	86   	.   0.02	4graA   79  A
ENSP00000456459	rs72547525	gCc	gTc	A	V	86   	.   0.02	4graB   79  A
ENSP00000456459	rs72547525	gCc	gAc	A	D	86   	.   0.02	1cjmA   65  D
ENSP00000456459	rs72547525	gCc	gAc	A	D	86   	.   0.02	1ls6A   79  A
ENSP00000456459	rs72547525	gCc	gAc	A	D	86   	.   0.02	1z28A   80  A
ENSP00000456459	rs72547525	gCc	gAc	A	D	86   	.   0.02	1z29A   72  V
ENSP00000456459	rs72547525	gCc	gAc	A	D	86   	.   0.02	2a3rA   78  D
ENSP00000456459	rs72547525	gCc	gAc	A	D	86   	.   0.02	2a3rB   78  D
ENSP00000456459	rs72547525	gCc	gAc	A	D	86   	.   0.02	2d06A   79  A
ENSP00000456459	rs72547525	gCc	gAc	A	D	86   	.   0.02	2d06B   79  A
ENSP00000456459	rs72547525	gCc	gAc	A	D	86   	.   0.02	3qvuA   79  A
ENSP00000456459	rs72547525	gCc	gAc	A	D	86   	.   0.02	3qvuB   79  A
ENSP00000456459	rs72547525	gCc	gAc	A	D	86   	.   0.02	3qvvA   79  A
ENSP00000456459	rs72547525	gCc	gAc	A	D	86   	.   0.02	3qvvB   79  A
ENSP00000456459	rs72547525	gCc	gAc	A	D	86   	.   0.02	3u3jA   79  A
ENSP00000456459	rs72547525	gCc	gAc	A	D	86   	.   0.02	3u3jB   79  A
ENSP00000456459	rs72547525	gCc	gAc	A	D	86   	.   0.02	3u3kA   80  A
ENSP00000456459	rs72547525	gCc	gAc	A	D	86   	.   0.02	3u3kB   79  A
ENSP00000456459	rs72547525	gCc	gAc	A	D	86   	.   0.02	3u3mA   80  A
ENSP00000456459	rs72547525	gCc	gAc	A	D	86   	.   0.02	3u3oA   79  A
ENSP00000456459	rs72547525	gCc	gAc	A	D	86   	.   0.02	3u3rA   79  A
ENSP00000456459	rs72547525	gCc	gAc	A	D	86   	.   0.02	4graA   79  A
ENSP00000456459	rs72547525	gCc	gAc	A	D	86   	.   0.02	4graB   79  A
ENSP00000456459	rs72547526	tAc	tTc	Y	F	62   	.   0.01	1cjmA   55  Y
ENSP00000456459	rs72547526	tAc	tTc	Y	F	62   	.   0.01	1ls6A   55  Y
ENSP00000456459	rs72547526	tAc	tTc	Y	F	62   	.   0.01	1z28A   56  Y
ENSP00000456459	rs72547526	tAc	tTc	Y	F	62   	.   0.01	1z29A   55  Y
ENSP00000456459	rs72547526	tAc	tTc	Y	F	62   	.   0.01	2a3rA   54  Y
ENSP00000456459	rs72547526	tAc	tTc	Y	F	62   	.   0.01	2a3rB   54  Y
ENSP00000456459	rs72547526	tAc	tTc	Y	F	62   	.   0.01	2d06A   55  Y
ENSP00000456459	rs72547526	tAc	tTc	Y	F	62   	.   0.01	2d06B   55  Y
ENSP00000456459	rs72547526	tAc	tTc	Y	F	62   	.   0.01	3qvuA   55  Y
ENSP00000456459	rs72547526	tAc	tTc	Y	F	62   	.   0.01	3qvuB   55  Y
ENSP00000456459	rs72547526	tAc	tTc	Y	F	62   	.   0.01	3qvvA   55  Y
ENSP00000456459	rs72547526	tAc	tTc	Y	F	62   	.   0.01	3qvvB   55  Y
ENSP00000456459	rs72547526	tAc	tTc	Y	F	62   	.   0.01	3u3jA   55  Y
ENSP00000456459	rs72547526	tAc	tTc	Y	F	62   	.   0.01	3u3jB   55  Y
ENSP00000456459	rs72547526	tAc	tTc	Y	F	62   	.   0.01	3u3kA   56  Y
ENSP00000456459	rs72547526	tAc	tTc	Y	F	62   	.   0.01	3u3kB   55  Y
ENSP00000456459	rs72547526	tAc	tTc	Y	F	62   	.   0.01	3u3mA   56  Y
ENSP00000456459	rs72547526	tAc	tTc	Y	F	62   	.   0.01	3u3oA   55  Y
ENSP00000456459	rs72547526	tAc	tTc	Y	F	62   	.   0.01	3u3rA   55  Y
ENSP00000456459	rs72547526	tAc	tTc	Y	F	62   	.   0.01	4graA   55  Y
ENSP00000456459	rs72547526	tAc	tTc	Y	F	62   	.   0.01	4graB   55  Y
ENSP00000456518	 rs2287074	acG	acA	T	T	85   	*   0.75	1eakA  191  R
ENSP00000456518	 rs2287074	acG	acA	T	T	85   	*   0.75	1eakB  191  R
ENSP00000456518	 rs2287074	acG	acA	T	T	85   	*   0.75	1eakC  191  R
ENSP00000456518	 rs2287074	acG	acA	T	T	85   	*   0.75	1eakD  191  R
ENSP00000456518	 rs2287074	acG	acA	T	T	85   	*   0.75	1gxdA  424  T
ENSP00000456518	 rs2287074	acG	acA	T	T	85   	*   0.75	1gxdB  423  T
ENSP00000456518	 rs2287074	acG	acA	T	T	85   	*   0.75	1rtgA    3  T
ENSP00000456518	 rs2287074	acG	acC	T	T	85   	*   0.75	1eakA  191  R
ENSP00000456518	 rs2287074	acG	acC	T	T	85   	*   0.75	1eakB  191  R
ENSP00000456518	 rs2287074	acG	acC	T	T	85   	*   0.75	1eakC  191  R
ENSP00000456518	 rs2287074	acG	acC	T	T	85   	*   0.75	1eakD  191  R
ENSP00000456518	 rs2287074	acG	acC	T	T	85   	*   0.75	1gxdA  424  T
ENSP00000456518	 rs2287074	acG	acC	T	T	85   	*   0.75	1gxdB  423  T
ENSP00000456518	 rs2287074	acG	acC	T	T	85   	*   0.75	1rtgA    3  T
ENSP00000456585	 rs1048943	Att	Ttt	I	F	462  	.   0.04	4i8vA  427  I
ENSP00000456585	 rs1048943	Att	Ttt	I	F	462  	.   0.04	4i8vB  422  I
ENSP00000456585	 rs1048943	Att	Ttt	I	F	462  	.   0.04	4i8vC  418  I
ENSP00000456585	 rs1048943	Att	Ttt	I	F	462  	.   0.04	4i8vD  417  I
ENSP00000456585	 rs1048943	Att	Gtt	I	V	462  	.   0.04	4i8vA  427  I
ENSP00000456585	 rs1048943	Att	Gtt	I	V	462  	.   0.04	4i8vB  422  I
ENSP00000456585	 rs1048943	Att	Gtt	I	V	462  	.   0.04	4i8vC  418  I
ENSP00000456585	 rs1048943	Att	Gtt	I	V	462  	.   0.04	4i8vD  417  I
ENSP00000456585	 rs1048943	Att	Ctt	I	L	462  	.   0.04	4i8vA  427  I
ENSP00000456585	 rs1048943	Att	Ctt	I	L	462  	.   0.04	4i8vB  422  I
ENSP00000456585	 rs1048943	Att	Ctt	I	L	462  	.   0.04	4i8vC  418  I
ENSP00000456585	 rs1048943	Att	Ctt	I	L	462  	.   0.04	4i8vD  417  I
ENSP00000456585	 rs1799814	aCc	aTc	T	I	461  	.   0.04	4i8vA  426  T
ENSP00000456585	 rs1799814	aCc	aTc	T	I	461  	.   0.04	4i8vB  421  T
ENSP00000456585	 rs1799814	aCc	aTc	T	I	461  	.   0.04	4i8vC  417  T
ENSP00000456585	 rs1799814	aCc	aTc	T	I	461  	.   0.04	4i8vD  416  T
ENSP00000456585	 rs1799814	aCc	aAc	T	N	461  	.   0.04	4i8vA  426  T
ENSP00000456585	 rs1799814	aCc	aAc	T	N	461  	.   0.04	4i8vB  421  T
ENSP00000456585	 rs1799814	aCc	aAc	T	N	461  	.   0.04	4i8vC  417  T
ENSP00000456585	 rs1799814	aCc	aAc	T	N	461  	.   0.04	4i8vD  416  T
ENSP00000456585	 rs4987133	aTt	aCt	I	T	286  	.   0.18	4i8vA  251  I
ENSP00000456585	 rs4987133	aTt	aCt	I	T	286  	.   0.18	4i8vB  253  I
ENSP00000456585	 rs4987133	aTt	aCt	I	T	286  	.   0.18	4i8vC  250  I
ENSP00000456585	 rs4987133	aTt	aCt	I	T	286  	.   0.18	4i8vD  250  I
ENSP00000456585	 rs4646422	gGc	gAc	G	D	45   	.   0.01	4i8vA   10  G
ENSP00000456585	 rs4646422	gGc	gAc	G	D	45   	.   0.01	4i8vB   12  G
ENSP00000456585	 rs4646422	gGc	gAc	G	D	45   	.   0.01	4i8vC    9  G
ENSP00000456585	 rs4646422	gGc	gAc	G	D	45   	.   0.01	4i8vD    9  G
ENSP00000456585	rs28399430	cCc	cGc	P	R	492  	.   0.08	4i8vA  457  P
ENSP00000456585	rs28399430	cCc	cGc	P	R	492  	.   0.08	4i8vB  452  P
ENSP00000456585	rs28399430	cCc	cGc	P	R	492  	.   0.08	4i8vC  448  P
ENSP00000456585	rs28399430	cCc	cGc	P	R	492  	.   0.08	4i8vD  447  P
ENSP00000456585	rs56240201	Cgg	Tgg	R	W	477  	.   0.01	4i8vA  442  R
ENSP00000456585	rs56240201	Cgg	Tgg	R	W	477  	.   0.01	4i8vB  437  R
ENSP00000456585	rs56240201	Cgg	Tgg	R	W	477  	.   0.01	4i8vC  433  R
ENSP00000456585	rs56240201	Cgg	Tgg	R	W	477  	.   0.01	4i8vD  432  R
ENSP00000456585	rs56240201	Cgg	Ggg	R	G	477  	.   0.01	4i8vA  442  R
ENSP00000456585	rs56240201	Cgg	Ggg	R	G	477  	.   0.01	4i8vB  437  R
ENSP00000456585	rs56240201	Cgg	Ggg	R	G	477  	.   0.01	4i8vC  433  R
ENSP00000456585	rs56240201	Cgg	Ggg	R	G	477  	.   0.01	4i8vD  432  R
ENSP00000456585	rs41279188	Cgc	Tgc	R	C	464  	.   0.03	4i8vA  429  R
ENSP00000456585	rs41279188	Cgc	Tgc	R	C	464  	.   0.03	4i8vB  424  R
ENSP00000456585	rs41279188	Cgc	Tgc	R	C	464  	.   0.03	4i8vC  420  R
ENSP00000456585	rs41279188	Cgc	Tgc	R	C	464  	.   0.03	4i8vD  419  R
ENSP00000456585	rs41279188	Cgc	Agc	R	S	464  	.   0.03	4i8vA  429  R
ENSP00000456585	rs41279188	Cgc	Agc	R	S	464  	.   0.03	4i8vB  424  R
ENSP00000456585	rs41279188	Cgc	Agc	R	S	464  	.   0.03	4i8vC  420  R
ENSP00000456585	rs41279188	Cgc	Agc	R	S	464  	.   0.03	4i8vD  419  R
ENSP00000456585	rs72547509	aTt	aCt	I	T	448  	.   0.02	4i8vA  413  I
ENSP00000456585	rs72547509	aTt	aCt	I	T	448  	.   0.02	4i8vB  408  I
ENSP00000456585	rs72547509	aTt	aCt	I	T	448  	.   0.02	4i8vC  404  I
ENSP00000456585	rs72547509	aTt	aCt	I	T	448  	.   0.02	4i8vD  403  I
ENSP00000456585	rs72547509	aTt	aAt	I	N	448  	.   0.02	4i8vA  413  I
ENSP00000456585	rs72547509	aTt	aAt	I	N	448  	.   0.02	4i8vB  408  I
ENSP00000456585	rs72547509	aTt	aAt	I	N	448  	.   0.02	4i8vC  404  I
ENSP00000456585	rs72547509	aTt	aAt	I	N	448  	.   0.02	4i8vD  403  I
ENSP00000456585	rs34260157	Cgg	Tgg	R	W	279  	.   0.06	4i8vA  244  R
ENSP00000456585	rs34260157	Cgg	Tgg	R	W	279  	.   0.06	4i8vB  246  R
ENSP00000456585	rs34260157	Cgg	Tgg	R	W	279  	.   0.06	4i8vC  243  R
ENSP00000456585	rs34260157	Cgg	Tgg	R	W	279  	.   0.06	4i8vD  243  R
ENSP00000456585	rs34260157	Cgg	Ggg	R	G	279  	.   0.06	4i8vA  244  R
ENSP00000456585	rs34260157	Cgg	Ggg	R	G	279  	.   0.06	4i8vB  246  R
ENSP00000456585	rs34260157	Cgg	Ggg	R	G	279  	.   0.06	4i8vC  243  R
ENSP00000456585	rs34260157	Cgg	Ggg	R	G	279  	.   0.06	4i8vD  243  R
ENSP00000456748	rs186590045	gTg	gGg	V	G	56   	.   0.37	1w09A   54  V
ENSP00000456748	rs186590045	gTg	gGg	V	G	56   	.   0.37	1w0aA   54  V
ENSP00000456748	rs186590045	gTg	gGg	V	G	56   	.   0.37	1w0bA   56  V
ENSP00000456748	rs186590045	gTg	gGg	V	G	56   	.   0.37	1xzyA   56  V
ENSP00000456748	rs186590045	gTg	gGg	V	G	56   	.   0.37	1y01A   54  V
ENSP00000456748	rs186590045	gTg	gGg	V	G	56   	.   0.37	1z8uA   55  V
ENSP00000456748	rs186590045	gTg	gGg	V	G	56   	.   0.37	1z8uC   56  V
ENSP00000456748	rs186590045	gTg	gGg	V	G	56   	.   0.37	3ia3A   55  V
ENSP00000456748	rs186590045	gTg	gGg	V	G	56   	.   0.37	3ia3C   55  V
ENSP00000456748	rs186590045	gTg	gGg	V	G	56   	.   0.37	3ovuA   53  V
ENSP00000456756	 rs1132812	ccA	ccG	P	P	148  	.   0.01	2aq5A  102  P
ENSP00000456756	 rs1132812	ccA	ccG	P	P	148  	.   0.01	2b4eA  104  P
ENSP00000456769	rs17658212	ctC	ctT	L	L	293  	.   0.12	4islA    8  A
ENSP00000456769	rs17658212	ctC	ctT	L	L	293  	.   0.12	4isnA    8  A
ENSP00000456769	rs17658212	ctC	ctT	L	L	293  	.   0.12	4isoB    8  A
ENSP00000456769	rs17658212	ctC	ctT	L	L	293  	.   0.12	5ezdA   68  A
ENSP00000456769	rs17658212	ctC	ctT	L	L	293  	.   0.12	5ezdB   68  A
ENSP00000456769	rs17658212	ctC	ctT	L	L	293  	.   0.12	5h7vA  190  A
ENSP00000456926	  rs480727	Acc	Gcc	T	A	19   	.   0.13	2kloA    8  L
ENSP00000456926	  rs480727	Acc	Gcc	T	A	19   	.   0.13	2wvrC   62  R
ENSP00000456930	 rs1805010	Atc	Ctc	I	L	75   	.   0.04	1iarB   50  I
ENSP00000456930	 rs1805010	Atc	Ctc	I	L	75   	.   0.04	3bplB   53  I
ENSP00000456930	 rs1805010	Atc	Ctc	I	L	75   	.   0.04	3bpnB   51  I
ENSP00000456930	 rs1805010	Atc	Ctc	I	L	75   	.   0.04	3bpoB   52  I
ENSP00000456930	 rs1805010	Atc	Ctc	I	L	75   	.   0.04	5e4eB   49  I
ENSP00000456930	 rs1805010	Atc	Gtc	I	V	75   	.   0.04	1iarB   50  I
ENSP00000456930	 rs1805010	Atc	Gtc	I	V	75   	.   0.04	3bplB   53  I
ENSP00000456930	 rs1805010	Atc	Gtc	I	V	75   	.   0.04	3bpnB   51  I
ENSP00000456930	 rs1805010	Atc	Gtc	I	V	75   	.   0.04	3bpoB   52  I
ENSP00000456930	 rs1805010	Atc	Gtc	I	V	75   	.   0.04	5e4eB   49  I
ENSP00000456930	 rs1805010	Atc	Ttc	I	F	75   	.   0.04	1iarB   50  I
ENSP00000456930	 rs1805010	Atc	Ttc	I	F	75   	.   0.04	3bplB   53  I
ENSP00000456930	 rs1805010	Atc	Ttc	I	F	75   	.   0.04	3bpnB   51  I
ENSP00000456930	 rs1805010	Atc	Ttc	I	F	75   	.   0.04	3bpoB   52  I
ENSP00000456930	 rs1805010	Atc	Ttc	I	F	75   	.   0.04	5e4eB   49  I
ENSP00000456941	    rs6161	Gag	Aag	E	K	156  	.   0.01	3n9yA  271  E
ENSP00000456941	    rs6161	Gag	Aag	E	K	156  	.   0.01	3n9yB  270  E
ENSP00000456941	    rs6161	Gag	Aag	E	K	156  	.   0.01	3n9zA  270  E
ENSP00000456941	    rs6161	Gag	Aag	E	K	156  	.   0.01	3n9zB  270  E
ENSP00000456941	    rs6161	Gag	Aag	E	K	156  	.   0.01	3na0A  270  E
ENSP00000456941	    rs6161	Gag	Aag	E	K	156  	.   0.01	3na0B  270  E
ENSP00000456941	    rs6161	Gag	Aag	E	K	156  	.   0.01	3na1A  271  E
ENSP00000456941	    rs6161	Gag	Aag	E	K	156  	.   0.01	3na1B  270  E
ENSP00000456941	    rs6160	aaC	aaT	N	N	54   	.   0.01	3n9yA  169  N
ENSP00000456941	    rs6160	aaC	aaT	N	N	54   	.   0.01	3n9yB  168  N
ENSP00000456941	    rs6160	aaC	aaT	N	N	54   	.   0.01	3n9zA  168  N
ENSP00000456941	    rs6160	aaC	aaT	N	N	54   	.   0.01	3n9zB  168  N
ENSP00000456941	    rs6160	aaC	aaT	N	N	54   	.   0.01	3na0A  168  N
ENSP00000456941	    rs6160	aaC	aaT	N	N	54   	.   0.01	3na0B  168  N
ENSP00000456941	    rs6160	aaC	aaT	N	N	54   	.   0.01	3na1A  169  N
ENSP00000456941	    rs6160	aaC	aaT	N	N	54   	.   0.01	3na1B  168  N
ENSP00000456941	 rs1049968	atC	atG	I	M	143  	.   0.04	3n9yA  258  I
ENSP00000456941	 rs1049968	atC	atG	I	M	143  	.   0.04	3n9yB  257  I
ENSP00000456941	 rs1049968	atC	atG	I	M	143  	.   0.04	3n9zA  257  I
ENSP00000456941	 rs1049968	atC	atG	I	M	143  	.   0.04	3n9zB  257  I
ENSP00000456941	 rs1049968	atC	atG	I	M	143  	.   0.04	3na0A  257  I
ENSP00000456941	 rs1049968	atC	atG	I	M	143  	.   0.04	3na0B  257  I
ENSP00000456941	 rs1049968	atC	atG	I	M	143  	.   0.04	3na1A  258  I
ENSP00000456941	 rs1049968	atC	atG	I	M	143  	.   0.04	3na1B  257  I
ENSP00000456941	 rs1049968	atC	atA	I	I	143  	.   0.04	3n9yA  258  I
ENSP00000456941	 rs1049968	atC	atA	I	I	143  	.   0.04	3n9yB  257  I
ENSP00000456941	 rs1049968	atC	atA	I	I	143  	.   0.04	3n9zA  257  I
ENSP00000456941	 rs1049968	atC	atA	I	I	143  	.   0.04	3n9zB  257  I
ENSP00000456941	 rs1049968	atC	atA	I	I	143  	.   0.04	3na0A  257  I
ENSP00000456941	 rs1049968	atC	atA	I	I	143  	.   0.04	3na0B  257  I
ENSP00000456941	 rs1049968	atC	atA	I	I	143  	.   0.04	3na1A  258  I
ENSP00000456941	 rs1049968	atC	atA	I	I	143  	.   0.04	3na1B  257  I
ENSP00000456941	rs72547508	Cgg	Tgg	R	W	195  	.   0.02	3n9yA  310  R
ENSP00000456941	rs72547508	Cgg	Tgg	R	W	195  	.   0.02	3n9yB  309  R
ENSP00000456941	rs72547508	Cgg	Tgg	R	W	195  	.   0.02	3n9zA  309  R
ENSP00000456941	rs72547508	Cgg	Tgg	R	W	195  	.   0.02	3n9zB  309  R
ENSP00000456941	rs72547508	Cgg	Tgg	R	W	195  	.   0.02	3na0A  309  R
ENSP00000456941	rs72547508	Cgg	Tgg	R	W	195  	.   0.02	3na0B  309  R
ENSP00000456941	rs72547508	Cgg	Tgg	R	W	195  	.   0.02	3na1A  310  R
ENSP00000456941	rs72547508	Cgg	Tgg	R	W	195  	.   0.02	3na1B  309  R
ENSP00000456941	rs58174009	Gtc	Atc	V	I	21   	.   0.01	3n9yA  136  V
ENSP00000456941	rs58174009	Gtc	Atc	V	I	21   	.   0.01	3n9yB  135  V
ENSP00000456941	rs58174009	Gtc	Atc	V	I	21   	.   0.01	3n9zA  135  V
ENSP00000456941	rs58174009	Gtc	Atc	V	I	21   	.   0.01	3n9zB  135  V
ENSP00000456941	rs58174009	Gtc	Atc	V	I	21   	.   0.01	3na0A  135  V
ENSP00000456941	rs58174009	Gtc	Atc	V	I	21   	.   0.01	3na0B  135  V
ENSP00000456941	rs58174009	Gtc	Atc	V	I	21   	.   0.01	3na1A  136  V
ENSP00000456941	rs58174009	Gtc	Atc	V	I	21   	.   0.01	3na1B  135  V
ENSP00000457076	 rs8028552	agT	agC	S	S	370  	.   0.05	5h7vA  265  S
ENSP00000457076	rs17658212	ctC	ctT	L	L	251  	.   0.05	1yc0B   14  L
ENSP00000457076	rs17658212	ctC	ctT	L	L	251  	.   0.05	4islA    7  L
ENSP00000457076	rs17658212	ctC	ctT	L	L	251  	.   0.05	4isnA    7  L
ENSP00000457076	rs17658212	ctC	ctT	L	L	251  	.   0.05	4isoB    7  L
ENSP00000457076	rs17658212	ctC	ctT	L	L	251  	.   0.05	5ezdA   67  L
ENSP00000457076	rs17658212	ctC	ctT	L	L	251  	.   0.05	5ezdB   67  L
ENSP00000457076	rs17658212	ctC	ctT	L	L	251  	.   0.05	5h7vA  189  L
ENSP00000457103	 rs1134074	aaC	aaT	N	N	120  	.   0.01	3fhcB   47  N
ENSP00000457103	 rs1134074	aaC	aaT	N	N	120  	.   0.01	3fmoB   53  N
ENSP00000457103	 rs1134074	aaC	aaT	N	N	120  	.   0.01	3fmpB   52  N
ENSP00000457103	 rs1134074	aaC	aaT	N	N	120  	.   0.01	3fmpD   52  N
ENSP00000457232	 rs2967172	gaC	gaT	D	D	64   	.   0.07	5wdeA  157  D
ENSP00000457238	 rs1065375	acC	acT	T	T	60   	.   0.29	3c7kA  133  T
ENSP00000457238	 rs1065375	acC	acT	T	T	60   	.   0.29	3c7kC  137  T
ENSP00000457243	 rs2233457	Gac	Cac	D	H	75   	.   0.08	4uz0A    9  D
ENSP00000457243	 rs2233457	Gac	Cac	D	H	75   	.   0.08	4uz0B    9  D
ENSP00000457284	rs17658212	ctC	ctT	L	L	251  	.   0.01	1yc0B   14  L
ENSP00000457284	rs17658212	ctC	ctT	L	L	251  	.   0.01	4islA    7  L
ENSP00000457284	rs17658212	ctC	ctT	L	L	251  	.   0.01	4isnA    7  L
ENSP00000457284	rs17658212	ctC	ctT	L	L	251  	.   0.01	4isoB    7  L
ENSP00000457284	rs17658212	ctC	ctT	L	L	251  	.   0.01	5ezdA   67  L
ENSP00000457284	rs17658212	ctC	ctT	L	L	251  	.   0.01	5ezdB   67  L
ENSP00000457284	rs17658212	ctC	ctT	L	L	251  	.   0.01	5h7vA  189  L
ENSP00000457298	 rs2292954	Acc	Gcc	T	A	36   	.   0.02	2qz4A  176  F
ENSP00000457332	 rs1132812	ccA	ccG	P	P	71   	.   0.01	2aq5A  102  P
ENSP00000457332	 rs1132812	ccA	ccG	P	P	71   	.   0.01	2b4eA  104  P
ENSP00000457387	 rs2292954	Acc	Gcc	T	A	18   	.   0.05	2qz4A   23  D
ENSP00000457387	 rs2099104	Tct	Act	S	T	160  	.   0.02	2qz4A  183  E
ENSP00000457387	rs17783943	tTt	tGt	F	C	138  	.   0.01	2qz4A  161  F
ENSP00000457422	 rs1868158	ccG	ccA	P	P	465  	.   0.01	5uvgA  172  P
ENSP00000457447	 rs8023358	ggT	ggC	G	G	60   	.   0.03	5ccfA  135  G
ENSP00000457447	 rs8023358	ggT	ggC	G	G	60   	.   0.03	5ck7A  135  G
ENSP00000457509	 rs1132812	ccA	ccG	P	P	112  	.   0.01	2aq5A  102  P
ENSP00000457509	 rs1132812	ccA	ccG	P	P	112  	.   0.01	2b4eA  104  P
ENSP00000457668	 rs4987133	aTt	aCt	I	T	25   	.   0.05	4i8vA  251  I
ENSP00000457668	 rs4987133	aTt	aCt	I	T	25   	.   0.05	4i8vB  253  I
ENSP00000457668	 rs4987133	aTt	aCt	I	T	25   	.   0.05	4i8vC  250  I
ENSP00000457668	 rs4987133	aTt	aCt	I	T	25   	.   0.05	4i8vD  250  I
ENSP00000457668	rs34260157	Cgg	Tgg	R	W	18   	.   0.04	4i8vA  244  R
ENSP00000457668	rs34260157	Cgg	Tgg	R	W	18   	.   0.04	4i8vB  246  R
ENSP00000457668	rs34260157	Cgg	Tgg	R	W	18   	.   0.04	4i8vC  243  R
ENSP00000457668	rs34260157	Cgg	Tgg	R	W	18   	.   0.04	4i8vD  243  R
ENSP00000457668	rs34260157	Cgg	Ggg	R	G	18   	.   0.04	4i8vA  244  R
ENSP00000457668	rs34260157	Cgg	Ggg	R	G	18   	.   0.04	4i8vB  246  R
ENSP00000457668	rs34260157	Cgg	Ggg	R	G	18   	.   0.04	4i8vC  243  R
ENSP00000457668	rs34260157	Cgg	Ggg	R	G	18   	.   0.04	4i8vD  243  R
ENSP00000457720	 rs2233457	Gac	Cac	D	H	13   	.   0.22	4uz0A    9  D
ENSP00000457720	 rs2233457	Gac	Cac	D	H	13   	.   0.22	4uz0B    9  D
ENSP00000457732	 rs2233457	Gac	Cac	D	H	13   	.   0.08	4uz0A    9  D
ENSP00000457732	 rs2233457	Gac	Cac	D	H	13   	.   0.08	4uz0B    9  D
ENSP00000457907	 rs1138295	gcC	gcT	A	A	41   	.   0.01	5ijnC  566  A
ENSP00000457907	 rs1138295	gcC	gcT	A	A	41   	.   0.01	5ijnI  566  A
ENSP00000457907	 rs1138295	gcC	gcT	A	A	41   	.   0.01	5ijnO  566  A
ENSP00000457907	 rs1138295	gcC	gcT	A	A	41   	.   0.01	5ijnU  566  A
ENSP00000457907	 rs1138295	gcC	gcT	A	A	41   	.   0.01	5ijoC  566  A
ENSP00000457907	 rs1138295	gcC	gcT	A	A	41   	.   0.01	5ijoI  566  A
ENSP00000457907	 rs1138295	gcC	gcT	A	A	41   	.   0.01	5ijoO  566  A
ENSP00000457907	 rs1138295	gcC	gcT	A	A	41   	.   0.01	5ijoU  566  A
ENSP00000457912	 rs1801030	Gtg	Atg	V	M	223  	.   0.02	1ls6A  216  M
ENSP00000457912	 rs1801030	Gtg	Atg	V	M	223  	.   0.02	1z28A  217  V
ENSP00000457912	 rs1801030	Gtg	Atg	V	M	223  	.   0.02	1z29A  209  M
ENSP00000457912	 rs1801030	Gtg	Atg	V	M	223  	.   0.02	2a3rA  215  M
ENSP00000457912	 rs1801030	Gtg	Atg	V	M	223  	.   0.02	2a3rB  215  M
ENSP00000457912	 rs1801030	Gtg	Atg	V	M	223  	.   0.02	2d06A  216  M
ENSP00000457912	 rs1801030	Gtg	Atg	V	M	223  	.   0.02	2d06B  216  M
ENSP00000457912	 rs1801030	Gtg	Atg	V	M	223  	.   0.02	3qvuA  216  M
ENSP00000457912	 rs1801030	Gtg	Atg	V	M	223  	.   0.02	3qvuB  216  M
ENSP00000457912	 rs1801030	Gtg	Atg	V	M	223  	.   0.02	3qvvA  216  M
ENSP00000457912	 rs1801030	Gtg	Atg	V	M	223  	.   0.02	3qvvB  216  M
ENSP00000457912	 rs1801030	Gtg	Atg	V	M	223  	.   0.02	3u3jA  216  M
ENSP00000457912	 rs1801030	Gtg	Atg	V	M	223  	.   0.02	3u3jB  216  M
ENSP00000457912	 rs1801030	Gtg	Atg	V	M	223  	.   0.02	3u3kA  217  M
ENSP00000457912	 rs1801030	Gtg	Atg	V	M	223  	.   0.02	3u3kB  216  M
ENSP00000457912	 rs1801030	Gtg	Atg	V	M	223  	.   0.02	3u3mA  217  M
ENSP00000457912	 rs1801030	Gtg	Atg	V	M	223  	.   0.02	3u3oA  216  M
ENSP00000457912	 rs1801030	Gtg	Atg	V	M	223  	.   0.02	3u3rA  216  M
ENSP00000457912	 rs1801030	Gtg	Atg	V	M	223  	.   0.02	4graA  216  M
ENSP00000457912	 rs1801030	Gtg	Atg	V	M	223  	.   0.02	4graB  216  M
ENSP00000457912	 rs9282861	cGc	cAc	R	H	213  	.   0.02	1cjmA  189  R
ENSP00000457912	 rs9282861	cGc	cAc	R	H	213  	.   0.02	1ls6A  206  H
ENSP00000457912	 rs9282861	cGc	cAc	R	H	213  	.   0.02	1z28A  207  R
ENSP00000457912	 rs9282861	cGc	cAc	R	H	213  	.   0.02	1z29A  199  R
ENSP00000457912	 rs9282861	cGc	cAc	R	H	213  	.   0.02	2a3rA  205  R
ENSP00000457912	 rs9282861	cGc	cAc	R	H	213  	.   0.02	2a3rB  205  R
ENSP00000457912	 rs9282861	cGc	cAc	R	H	213  	.   0.02	2d06A  206  H
ENSP00000457912	 rs9282861	cGc	cAc	R	H	213  	.   0.02	2d06B  206  H
ENSP00000457912	 rs9282861	cGc	cAc	R	H	213  	.   0.02	3qvuA  206  H
ENSP00000457912	 rs9282861	cGc	cAc	R	H	213  	.   0.02	3qvuB  206  H
ENSP00000457912	 rs9282861	cGc	cAc	R	H	213  	.   0.02	3qvvA  206  H
ENSP00000457912	 rs9282861	cGc	cAc	R	H	213  	.   0.02	3qvvB  206  H
ENSP00000457912	 rs9282861	cGc	cAc	R	H	213  	.   0.02	3u3jA  206  H
ENSP00000457912	 rs9282861	cGc	cAc	R	H	213  	.   0.02	3u3jB  206  H
ENSP00000457912	 rs9282861	cGc	cAc	R	H	213  	.   0.02	3u3kA  207  H
ENSP00000457912	 rs9282861	cGc	cAc	R	H	213  	.   0.02	3u3kB  206  H
ENSP00000457912	 rs9282861	cGc	cAc	R	H	213  	.   0.02	3u3mA  207  H
ENSP00000457912	 rs9282861	cGc	cAc	R	H	213  	.   0.02	3u3oA  206  H
ENSP00000457912	 rs9282861	cGc	cAc	R	H	213  	.   0.02	3u3rA  206  H
ENSP00000457912	 rs9282861	cGc	cAc	R	H	213  	.   0.02	4graA  206  R
ENSP00000457912	 rs9282861	cGc	cAc	R	H	213  	.   0.02	4graB  206  R
ENSP00000457912	 rs1042014	gaG	gaC	E	D	151  	.   0.01	1cjmA  127  E
ENSP00000457912	 rs1042014	gaG	gaC	E	D	151  	.   0.01	1ls6A  144  E
ENSP00000457912	 rs1042014	gaG	gaC	E	D	151  	.   0.01	1z28A  145  E
ENSP00000457912	 rs1042014	gaG	gaC	E	D	151  	.   0.01	1z29A  137  H
ENSP00000457912	 rs1042014	gaG	gaC	E	D	151  	.   0.01	2a3rA  143  E
ENSP00000457912	 rs1042014	gaG	gaC	E	D	151  	.   0.01	2a3rB  143  E
ENSP00000457912	 rs1042014	gaG	gaC	E	D	151  	.   0.01	2d06A  144  E
ENSP00000457912	 rs1042014	gaG	gaC	E	D	151  	.   0.01	2d06B  144  E
ENSP00000457912	 rs1042014	gaG	gaC	E	D	151  	.   0.01	3qvuA  144  D
ENSP00000457912	 rs1042014	gaG	gaC	E	D	151  	.   0.01	3qvuB  144  D
ENSP00000457912	 rs1042014	gaG	gaC	E	D	151  	.   0.01	3qvvA  144  D
ENSP00000457912	 rs1042014	gaG	gaC	E	D	151  	.   0.01	3qvvB  144  D
ENSP00000457912	 rs1042014	gaG	gaC	E	D	151  	.   0.01	3u3jA  144  E
ENSP00000457912	 rs1042014	gaG	gaC	E	D	151  	.   0.01	3u3jB  144  E
ENSP00000457912	 rs1042014	gaG	gaC	E	D	151  	.   0.01	3u3kA  145  E
ENSP00000457912	 rs1042014	gaG	gaC	E	D	151  	.   0.01	3u3kB  144  E
ENSP00000457912	 rs1042014	gaG	gaC	E	D	151  	.   0.01	3u3mA  145  E
ENSP00000457912	 rs1042014	gaG	gaC	E	D	151  	.   0.01	3u3oA  144  E
ENSP00000457912	 rs1042014	gaG	gaC	E	D	151  	.   0.01	3u3rA  144  E
ENSP00000457912	 rs1042014	gaG	gaC	E	D	151  	.   0.01	4graA  144  E
ENSP00000457912	 rs1042014	gaG	gaC	E	D	151  	.   0.01	4graB  144  E
ENSP00000457912	 rs1042008	Cac	Tac	H	Y	149  	.   0.01	1cjmA  125  H
ENSP00000457912	 rs1042008	Cac	Tac	H	Y	149  	.   0.01	1ls6A  142  H
ENSP00000457912	 rs1042008	Cac	Tac	H	Y	149  	.   0.01	1z28A  143  H
ENSP00000457912	 rs1042008	Cac	Tac	H	Y	149  	.   0.01	1z29A  135  Y
ENSP00000457912	 rs1042008	Cac	Tac	H	Y	149  	.   0.01	2a3rA  141  H
ENSP00000457912	 rs1042008	Cac	Tac	H	Y	149  	.   0.01	2a3rB  141  H
ENSP00000457912	 rs1042008	Cac	Tac	H	Y	149  	.   0.01	2d06A  142  H
ENSP00000457912	 rs1042008	Cac	Tac	H	Y	149  	.   0.01	2d06B  142  H
ENSP00000457912	 rs1042008	Cac	Tac	H	Y	149  	.   0.01	3qvuA  142  H
ENSP00000457912	 rs1042008	Cac	Tac	H	Y	149  	.   0.01	3qvuB  142  H
ENSP00000457912	 rs1042008	Cac	Tac	H	Y	149  	.   0.01	3qvvA  142  H
ENSP00000457912	 rs1042008	Cac	Tac	H	Y	149  	.   0.01	3qvvB  142  H
ENSP00000457912	 rs1042008	Cac	Tac	H	Y	149  	.   0.01	3u3jA  142  H
ENSP00000457912	 rs1042008	Cac	Tac	H	Y	149  	.   0.01	3u3jB  142  H
ENSP00000457912	 rs1042008	Cac	Tac	H	Y	149  	.   0.01	3u3kA  143  H
ENSP00000457912	 rs1042008	Cac	Tac	H	Y	149  	.   0.01	3u3kB  142  H
ENSP00000457912	 rs1042008	Cac	Tac	H	Y	149  	.   0.01	3u3mA  143  H
ENSP00000457912	 rs1042008	Cac	Tac	H	Y	149  	.   0.01	3u3oA  142  H
ENSP00000457912	 rs1042008	Cac	Tac	H	Y	149  	.   0.01	3u3rA  142  H
ENSP00000457912	 rs1042008	Cac	Tac	H	Y	149  	.   0.01	4graA  142  H
ENSP00000457912	 rs1042008	Cac	Tac	H	Y	149  	.   0.01	4graB  142  H
ENSP00000457912	rs28374453	Ttc	Gtc	F	V	247  	.   0.06	1ls6A  240  F
ENSP00000457912	rs28374453	Ttc	Gtc	F	V	247  	.   0.06	1z28A  241  F
ENSP00000457912	rs28374453	Ttc	Gtc	F	V	247  	.   0.06	1z29A  233  F
ENSP00000457912	rs28374453	Ttc	Gtc	F	V	247  	.   0.06	2a3rA  239  L
ENSP00000457912	rs28374453	Ttc	Gtc	F	V	247  	.   0.06	2a3rB  239  L
ENSP00000457912	rs28374453	Ttc	Gtc	F	V	247  	.   0.06	2d06A  240  F
ENSP00000457912	rs28374453	Ttc	Gtc	F	V	247  	.   0.06	2d06B  240  F
ENSP00000457912	rs28374453	Ttc	Gtc	F	V	247  	.   0.06	3qvuA  240  I
ENSP00000457912	rs28374453	Ttc	Gtc	F	V	247  	.   0.06	3qvuB  240  I
ENSP00000457912	rs28374453	Ttc	Gtc	F	V	247  	.   0.06	3qvvA  240  I
ENSP00000457912	rs28374453	Ttc	Gtc	F	V	247  	.   0.06	3qvvB  240  I
ENSP00000457912	rs28374453	Ttc	Gtc	F	V	247  	.   0.06	3u3jA  240  F
ENSP00000457912	rs28374453	Ttc	Gtc	F	V	247  	.   0.06	3u3jB  240  F
ENSP00000457912	rs28374453	Ttc	Gtc	F	V	247  	.   0.06	3u3kA  241  F
ENSP00000457912	rs28374453	Ttc	Gtc	F	V	247  	.   0.06	3u3kB  240  F
ENSP00000457912	rs28374453	Ttc	Gtc	F	V	247  	.   0.06	3u3mA  241  F
ENSP00000457912	rs28374453	Ttc	Gtc	F	V	247  	.   0.06	3u3oA  240  F
ENSP00000457912	rs28374453	Ttc	Gtc	F	V	247  	.   0.06	3u3rA  240  F
ENSP00000457912	rs28374453	Ttc	Gtc	F	V	247  	.   0.06	4graA  240  F
ENSP00000457912	rs28374453	Ttc	Gtc	F	V	247  	.   0.06	4graB  240  F
ENSP00000457912	rs28374453	Ttc	Ctc	F	L	247  	.   0.06	1ls6A  240  F
ENSP00000457912	rs28374453	Ttc	Ctc	F	L	247  	.   0.06	1z28A  241  F
ENSP00000457912	rs28374453	Ttc	Ctc	F	L	247  	.   0.06	1z29A  233  F
ENSP00000457912	rs28374453	Ttc	Ctc	F	L	247  	.   0.06	2a3rA  239  L
ENSP00000457912	rs28374453	Ttc	Ctc	F	L	247  	.   0.06	2a3rB  239  L
ENSP00000457912	rs28374453	Ttc	Ctc	F	L	247  	.   0.06	2d06A  240  F
ENSP00000457912	rs28374453	Ttc	Ctc	F	L	247  	.   0.06	2d06B  240  F
ENSP00000457912	rs28374453	Ttc	Ctc	F	L	247  	.   0.06	3qvuA  240  I
ENSP00000457912	rs28374453	Ttc	Ctc	F	L	247  	.   0.06	3qvuB  240  I
ENSP00000457912	rs28374453	Ttc	Ctc	F	L	247  	.   0.06	3qvvA  240  I
ENSP00000457912	rs28374453	Ttc	Ctc	F	L	247  	.   0.06	3qvvB  240  I
ENSP00000457912	rs28374453	Ttc	Ctc	F	L	247  	.   0.06	3u3jA  240  F
ENSP00000457912	rs28374453	Ttc	Ctc	F	L	247  	.   0.06	3u3jB  240  F
ENSP00000457912	rs28374453	Ttc	Ctc	F	L	247  	.   0.06	3u3kA  241  F
ENSP00000457912	rs28374453	Ttc	Ctc	F	L	247  	.   0.06	3u3kB  240  F
ENSP00000457912	rs28374453	Ttc	Ctc	F	L	247  	.   0.06	3u3mA  241  F
ENSP00000457912	rs28374453	Ttc	Ctc	F	L	247  	.   0.06	3u3oA  240  F
ENSP00000457912	rs28374453	Ttc	Ctc	F	L	247  	.   0.06	3u3rA  240  F
ENSP00000457912	rs28374453	Ttc	Ctc	F	L	247  	.   0.06	4graA  240  F
ENSP00000457912	rs28374453	Ttc	Ctc	F	L	247  	.   0.06	4graB  240  F
ENSP00000457912	rs60749306	aAc	aGc	N	S	239  	.   0.18	1ls6A  232  N
ENSP00000457912	rs60749306	aAc	aGc	N	S	239  	.   0.18	1z28A  233  N
ENSP00000457912	rs60749306	aAc	aGc	N	S	239  	.   0.18	1z29A  225  N
ENSP00000457912	rs60749306	aAc	aGc	N	S	239  	.   0.18	2a3rA  231  N
ENSP00000457912	rs60749306	aAc	aGc	N	S	239  	.   0.18	2a3rB  231  N
ENSP00000457912	rs60749306	aAc	aGc	N	S	239  	.   0.18	2d06A  232  N
ENSP00000457912	rs60749306	aAc	aGc	N	S	239  	.   0.18	2d06B  232  N
ENSP00000457912	rs60749306	aAc	aGc	N	S	239  	.   0.18	3qvuA  232  N
ENSP00000457912	rs60749306	aAc	aGc	N	S	239  	.   0.18	3qvuB  232  N
ENSP00000457912	rs60749306	aAc	aGc	N	S	239  	.   0.18	3qvvA  232  N
ENSP00000457912	rs60749306	aAc	aGc	N	S	239  	.   0.18	3qvvB  232  N
ENSP00000457912	rs60749306	aAc	aGc	N	S	239  	.   0.18	3u3jA  232  N
ENSP00000457912	rs60749306	aAc	aGc	N	S	239  	.   0.18	3u3jB  232  N
ENSP00000457912	rs60749306	aAc	aGc	N	S	239  	.   0.18	3u3kA  233  N
ENSP00000457912	rs60749306	aAc	aGc	N	S	239  	.   0.18	3u3kB  232  N
ENSP00000457912	rs60749306	aAc	aGc	N	S	239  	.   0.18	3u3mA  233  N
ENSP00000457912	rs60749306	aAc	aGc	N	S	239  	.   0.18	3u3oA  232  N
ENSP00000457912	rs60749306	aAc	aGc	N	S	239  	.   0.18	3u3rA  232  N
ENSP00000457912	rs60749306	aAc	aGc	N	S	239  	.   0.18	4graA  232  N
ENSP00000457912	rs60749306	aAc	aGc	N	S	239  	.   0.18	4graB  232  N
ENSP00000457912	rs35728980	aAc	aCc	N	T	235  	.   0.14	1ls6A  228  N
ENSP00000457912	rs35728980	aAc	aCc	N	T	235  	.   0.14	1z28A  229  N
ENSP00000457912	rs35728980	aAc	aCc	N	T	235  	.   0.14	1z29A  221  N
ENSP00000457912	rs35728980	aAc	aCc	N	T	235  	.   0.14	2a3rA  227  N
ENSP00000457912	rs35728980	aAc	aCc	N	T	235  	.   0.14	2a3rB  227  N
ENSP00000457912	rs35728980	aAc	aCc	N	T	235  	.   0.14	2d06A  228  N
ENSP00000457912	rs35728980	aAc	aCc	N	T	235  	.   0.14	2d06B  228  N
ENSP00000457912	rs35728980	aAc	aCc	N	T	235  	.   0.14	3qvuA  228  N
ENSP00000457912	rs35728980	aAc	aCc	N	T	235  	.   0.14	3qvuB  228  N
ENSP00000457912	rs35728980	aAc	aCc	N	T	235  	.   0.14	3qvvA  228  N
ENSP00000457912	rs35728980	aAc	aCc	N	T	235  	.   0.14	3qvvB  228  N
ENSP00000457912	rs35728980	aAc	aCc	N	T	235  	.   0.14	3u3jA  228  N
ENSP00000457912	rs35728980	aAc	aCc	N	T	235  	.   0.14	3u3jB  228  N
ENSP00000457912	rs35728980	aAc	aCc	N	T	235  	.   0.14	3u3kA  229  N
ENSP00000457912	rs35728980	aAc	aCc	N	T	235  	.   0.14	3u3kB  228  N
ENSP00000457912	rs35728980	aAc	aCc	N	T	235  	.   0.14	3u3mA  229  N
ENSP00000457912	rs35728980	aAc	aCc	N	T	235  	.   0.14	3u3oA  228  N
ENSP00000457912	rs35728980	aAc	aCc	N	T	235  	.   0.14	3u3rA  228  N
ENSP00000457912	rs35728980	aAc	aCc	N	T	235  	.   0.14	4graA  228  N
ENSP00000457912	rs35728980	aAc	aCc	N	T	235  	.   0.14	4graB  228  N
ENSP00000457912	rs72547525	gCc	gTc	A	V	86   	.   0.02	1cjmA   65  D
ENSP00000457912	rs72547525	gCc	gTc	A	V	86   	.   0.02	1ls6A   79  A
ENSP00000457912	rs72547525	gCc	gTc	A	V	86   	.   0.02	1z28A   80  A
ENSP00000457912	rs72547525	gCc	gTc	A	V	86   	.   0.02	1z29A   72  V
ENSP00000457912	rs72547525	gCc	gTc	A	V	86   	.   0.02	2a3rA   78  D
ENSP00000457912	rs72547525	gCc	gTc	A	V	86   	.   0.02	2a3rB   78  D
ENSP00000457912	rs72547525	gCc	gTc	A	V	86   	.   0.02	2d06A   79  A
ENSP00000457912	rs72547525	gCc	gTc	A	V	86   	.   0.02	2d06B   79  A
ENSP00000457912	rs72547525	gCc	gTc	A	V	86   	.   0.02	3qvuA   79  A
ENSP00000457912	rs72547525	gCc	gTc	A	V	86   	.   0.02	3qvuB   79  A
ENSP00000457912	rs72547525	gCc	gTc	A	V	86   	.   0.02	3qvvA   79  A
ENSP00000457912	rs72547525	gCc	gTc	A	V	86   	.   0.02	3qvvB   79  A
ENSP00000457912	rs72547525	gCc	gTc	A	V	86   	.   0.02	3u3jA   79  A
ENSP00000457912	rs72547525	gCc	gTc	A	V	86   	.   0.02	3u3jB   79  A
ENSP00000457912	rs72547525	gCc	gTc	A	V	86   	.   0.02	3u3kA   80  A
ENSP00000457912	rs72547525	gCc	gTc	A	V	86   	.   0.02	3u3kB   79  A
ENSP00000457912	rs72547525	gCc	gTc	A	V	86   	.   0.02	3u3mA   80  A
ENSP00000457912	rs72547525	gCc	gTc	A	V	86   	.   0.02	3u3oA   79  A
ENSP00000457912	rs72547525	gCc	gTc	A	V	86   	.   0.02	3u3rA   79  A
ENSP00000457912	rs72547525	gCc	gTc	A	V	86   	.   0.02	4graA   79  A
ENSP00000457912	rs72547525	gCc	gTc	A	V	86   	.   0.02	4graB   79  A
ENSP00000457912	rs72547525	gCc	gAc	A	D	86   	.   0.02	1cjmA   65  D
ENSP00000457912	rs72547525	gCc	gAc	A	D	86   	.   0.02	1ls6A   79  A
ENSP00000457912	rs72547525	gCc	gAc	A	D	86   	.   0.02	1z28A   80  A
ENSP00000457912	rs72547525	gCc	gAc	A	D	86   	.   0.02	1z29A   72  V
ENSP00000457912	rs72547525	gCc	gAc	A	D	86   	.   0.02	2a3rA   78  D
ENSP00000457912	rs72547525	gCc	gAc	A	D	86   	.   0.02	2a3rB   78  D
ENSP00000457912	rs72547525	gCc	gAc	A	D	86   	.   0.02	2d06A   79  A
ENSP00000457912	rs72547525	gCc	gAc	A	D	86   	.   0.02	2d06B   79  A
ENSP00000457912	rs72547525	gCc	gAc	A	D	86   	.   0.02	3qvuA   79  A
ENSP00000457912	rs72547525	gCc	gAc	A	D	86   	.   0.02	3qvuB   79  A
ENSP00000457912	rs72547525	gCc	gAc	A	D	86   	.   0.02	3qvvA   79  A
ENSP00000457912	rs72547525	gCc	gAc	A	D	86   	.   0.02	3qvvB   79  A
ENSP00000457912	rs72547525	gCc	gAc	A	D	86   	.   0.02	3u3jA   79  A
ENSP00000457912	rs72547525	gCc	gAc	A	D	86   	.   0.02	3u3jB   79  A
ENSP00000457912	rs72547525	gCc	gAc	A	D	86   	.   0.02	3u3kA   80  A
ENSP00000457912	rs72547525	gCc	gAc	A	D	86   	.   0.02	3u3kB   79  A
ENSP00000457912	rs72547525	gCc	gAc	A	D	86   	.   0.02	3u3mA   80  A
ENSP00000457912	rs72547525	gCc	gAc	A	D	86   	.   0.02	3u3oA   79  A
ENSP00000457912	rs72547525	gCc	gAc	A	D	86   	.   0.02	3u3rA   79  A
ENSP00000457912	rs72547525	gCc	gAc	A	D	86   	.   0.02	4graA   79  A
ENSP00000457912	rs72547525	gCc	gAc	A	D	86   	.   0.02	4graB   79  A
ENSP00000457912	rs72547526	tAc	tTc	Y	F	62   	.   0.01	1cjmA   55  Y
ENSP00000457912	rs72547526	tAc	tTc	Y	F	62   	.   0.01	1ls6A   55  Y
ENSP00000457912	rs72547526	tAc	tTc	Y	F	62   	.   0.01	1z28A   56  Y
ENSP00000457912	rs72547526	tAc	tTc	Y	F	62   	.   0.01	1z29A   55  Y
ENSP00000457912	rs72547526	tAc	tTc	Y	F	62   	.   0.01	2a3rA   54  Y
ENSP00000457912	rs72547526	tAc	tTc	Y	F	62   	.   0.01	2a3rB   54  Y
ENSP00000457912	rs72547526	tAc	tTc	Y	F	62   	.   0.01	2d06A   55  Y
ENSP00000457912	rs72547526	tAc	tTc	Y	F	62   	.   0.01	2d06B   55  Y
ENSP00000457912	rs72547526	tAc	tTc	Y	F	62   	.   0.01	3qvuA   55  Y
ENSP00000457912	rs72547526	tAc	tTc	Y	F	62   	.   0.01	3qvuB   55  Y
ENSP00000457912	rs72547526	tAc	tTc	Y	F	62   	.   0.01	3qvvA   55  Y
ENSP00000457912	rs72547526	tAc	tTc	Y	F	62   	.   0.01	3qvvB   55  Y
ENSP00000457912	rs72547526	tAc	tTc	Y	F	62   	.   0.01	3u3jA   55  Y
ENSP00000457912	rs72547526	tAc	tTc	Y	F	62   	.   0.01	3u3jB   55  Y
ENSP00000457912	rs72547526	tAc	tTc	Y	F	62   	.   0.01	3u3kA   56  Y
ENSP00000457912	rs72547526	tAc	tTc	Y	F	62   	.   0.01	3u3kB   55  Y
ENSP00000457912	rs72547526	tAc	tTc	Y	F	62   	.   0.01	3u3mA   56  Y
ENSP00000457912	rs72547526	tAc	tTc	Y	F	62   	.   0.01	3u3oA   55  Y
ENSP00000457912	rs72547526	tAc	tTc	Y	F	62   	.   0.01	3u3rA   55  Y
ENSP00000457912	rs72547526	tAc	tTc	Y	F	62   	.   0.01	4graA   55  Y
ENSP00000457912	rs72547526	tAc	tTc	Y	F	62   	.   0.01	4graB   55  Y
ENSP00000458009	 rs2967172	gaC	gaT	D	D	462  	.    0.1	5wdeA  157  D
ENSP00000458021	 rs1052067	atG	atA	M	I	68   	.   0.01	5lsjB  107  M
ENSP00000458021	 rs1052067	atG	atA	M	I	68   	.   0.01	5lsjG  107  M
ENSP00000458021	 rs1052067	atG	atA	M	I	68   	.   0.01	5lskB  107  M
ENSP00000458039	 rs1138295	gcC	gcT	A	A	610  	.   0.04	5ijnC  566  A
ENSP00000458039	 rs1138295	gcC	gcT	A	A	610  	.   0.04	5ijnI  566  A
ENSP00000458039	 rs1138295	gcC	gcT	A	A	610  	.   0.04	5ijnO  566  A
ENSP00000458039	 rs1138295	gcC	gcT	A	A	610  	.   0.04	5ijnU  566  A
ENSP00000458039	 rs1138295	gcC	gcT	A	A	610  	.   0.04	5ijoC  566  A
ENSP00000458039	 rs1138295	gcC	gcT	A	A	610  	.   0.04	5ijoI  566  A
ENSP00000458039	 rs1138295	gcC	gcT	A	A	610  	.   0.04	5ijoO  566  A
ENSP00000458039	 rs1138295	gcC	gcT	A	A	610  	.   0.04	5ijoU  566  A
ENSP00000458074	 rs8028552	agT	agC	S	S	337  	.   0.03	5h7vA  265  S
ENSP00000458074	rs17658212	ctC	ctT	L	L	211  	.   0.12	4islA    7  L
ENSP00000458074	rs17658212	ctC	ctT	L	L	211  	.   0.12	4isnA    7  L
ENSP00000458074	rs17658212	ctC	ctT	L	L	211  	.   0.12	4isoB    7  L
ENSP00000458074	rs17658212	ctC	ctT	L	L	211  	.   0.12	5ezdA   67  L
ENSP00000458074	rs17658212	ctC	ctT	L	L	211  	.   0.12	5ezdB   67  L
ENSP00000458074	rs17658212	ctC	ctT	L	L	211  	.   0.12	5h7vA  189  L
ENSP00000458101	 rs1138295	gcC	gcT	A	A	733  	.   0.02	5ijnC  566  A
ENSP00000458101	 rs1138295	gcC	gcT	A	A	733  	.   0.02	5ijnI  566  A
ENSP00000458101	 rs1138295	gcC	gcT	A	A	733  	.   0.02	5ijnO  566  A
ENSP00000458101	 rs1138295	gcC	gcT	A	A	733  	.   0.02	5ijnU  566  A
ENSP00000458101	 rs1138295	gcC	gcT	A	A	733  	.   0.02	5ijoC  566  A
ENSP00000458101	 rs1138295	gcC	gcT	A	A	733  	.   0.02	5ijoI  566  A
ENSP00000458101	 rs1138295	gcC	gcT	A	A	733  	.   0.02	5ijoO  566  A
ENSP00000458101	 rs1138295	gcC	gcT	A	A	733  	.   0.02	5ijoU  566  A
ENSP00000458181	    rs6258	cCg	cAg	P	Q	127  	.   0.06	1d2sA  138  P
ENSP00000458181	    rs6258	cCg	cAg	P	Q	127  	.   0.06	1f5fA  140  P
ENSP00000458181	    rs6258	cCg	cAg	P	Q	127  	.   0.06	1kdkA  145  P
ENSP00000458181	    rs6258	cCg	cAg	P	Q	127  	.   0.06	1kdmA  145  P
ENSP00000458181	    rs6258	cCg	cAg	P	Q	127  	.   0.06	1lhnA  143  P
ENSP00000458181	    rs6258	cCg	cAg	P	Q	127  	.   0.06	1lhoA  144  P
ENSP00000458181	    rs6258	cCg	cAg	P	Q	127  	.   0.06	1lhuA  143  P
ENSP00000458181	    rs6258	cCg	cAg	P	Q	127  	.   0.06	1lhvA  140  P
ENSP00000458181	    rs6258	cCg	cAg	P	Q	127  	.   0.06	1lhwA  141  P
ENSP00000458181	    rs6258	cCg	cTg	P	L	127  	.   0.06	1d2sA  138  P
ENSP00000458181	    rs6258	cCg	cTg	P	L	127  	.   0.06	1f5fA  140  P
ENSP00000458181	    rs6258	cCg	cTg	P	L	127  	.   0.06	1kdkA  145  P
ENSP00000458181	    rs6258	cCg	cTg	P	L	127  	.   0.06	1kdmA  145  P
ENSP00000458181	    rs6258	cCg	cTg	P	L	127  	.   0.06	1lhnA  143  P
ENSP00000458181	    rs6258	cCg	cTg	P	L	127  	.   0.06	1lhoA  144  P
ENSP00000458181	    rs6258	cCg	cTg	P	L	127  	.   0.06	1lhuA  143  P
ENSP00000458181	    rs6258	cCg	cTg	P	L	127  	.   0.06	1lhvA  140  P
ENSP00000458181	    rs6258	cCg	cTg	P	L	127  	.   0.06	1lhwA  141  P
ENSP00000458221	rs11537609	tcT	tcC	S	S	572  	.   0.14	1d2nA   81  S
ENSP00000458221	rs11537609	tcT	tcC	S	S	572  	.   0.14	1nsfA   89  S
ENSP00000458221	rs11537609	tcT	tcC	S	S	572  	.   0.14	3j94A  330  S
ENSP00000458221	rs11537609	tcT	tcC	S	S	572  	.   0.14	3j94B  324  S
ENSP00000458221	rs11537609	tcT	tcC	S	S	572  	.   0.14	3j94C  328  S
ENSP00000458221	rs11537609	tcT	tcC	S	S	572  	.   0.14	3j94D  325  S
ENSP00000458221	rs11537609	tcT	tcC	S	S	572  	.   0.14	3j94E  322  S
ENSP00000458221	rs11537609	tcT	tcC	S	S	572  	.   0.14	3j94F  306  S
ENSP00000458221	rs11537609	tcT	tcC	S	S	572  	.   0.14	3j95A  323  S
ENSP00000458221	rs11537609	tcT	tcC	S	S	572  	.   0.14	3j95B  321  S
ENSP00000458221	rs11537609	tcT	tcC	S	S	572  	.   0.14	3j95C  325  S
ENSP00000458221	rs11537609	tcT	tcC	S	S	572  	.   0.14	3j95D  319  S
ENSP00000458221	rs11537609	tcT	tcC	S	S	572  	.   0.14	3j95E  322  S
ENSP00000458221	rs11537609	tcT	tcC	S	S	572  	.   0.14	3j95F  313  S
ENSP00000458221	rs11537609	tcT	tcC	S	S	572  	.   0.14	3j96A  518  S
ENSP00000458221	rs11537609	tcT	tcC	S	S	572  	.   0.14	3j96B  512  S
ENSP00000458221	rs11537609	tcT	tcC	S	S	572  	.   0.14	3j96C  516  S
ENSP00000458221	rs11537609	tcT	tcC	S	S	572  	.   0.14	3j96D  513  S
ENSP00000458221	rs11537609	tcT	tcC	S	S	572  	.   0.14	3j96E  510  S
ENSP00000458221	rs11537609	tcT	tcC	S	S	572  	.   0.14	3j96F  494  S
ENSP00000458221	rs11537609	tcT	tcC	S	S	572  	.   0.14	3j97A  518  S
ENSP00000458221	rs11537609	tcT	tcC	S	S	572  	.   0.14	3j97B  512  S
ENSP00000458221	rs11537609	tcT	tcC	S	S	572  	.   0.14	3j97C  516  S
ENSP00000458221	rs11537609	tcT	tcC	S	S	572  	.   0.14	3j97D  513  S
ENSP00000458221	rs11537609	tcT	tcC	S	S	572  	.   0.14	3j97E  510  S
ENSP00000458221	rs11537609	tcT	tcC	S	S	572  	.   0.14	3j97F  494  S
ENSP00000458221	rs11537609	tcT	tcC	S	S	572  	.   0.14	3j98A  516  S
ENSP00000458221	rs11537609	tcT	tcC	S	S	572  	.   0.14	3j98B  511  S
ENSP00000458221	rs11537609	tcT	tcC	S	S	572  	.   0.14	3j98C  516  S
ENSP00000458221	rs11537609	tcT	tcC	S	S	572  	.   0.14	3j98D  513  S
ENSP00000458221	rs11537609	tcT	tcC	S	S	572  	.   0.14	3j98E  510  S
ENSP00000458221	rs11537609	tcT	tcC	S	S	572  	.   0.14	3j98F  494  S
ENSP00000458221	rs11537609	tcT	tcC	S	S	572  	.   0.14	3j99A  518  S
ENSP00000458221	rs11537609	tcT	tcC	S	S	572  	.   0.14	3j99B  512  S
ENSP00000458221	rs11537609	tcT	tcC	S	S	572  	.   0.14	3j99C  516  S
ENSP00000458221	rs11537609	tcT	tcC	S	S	572  	.   0.14	3j99D  513  S
ENSP00000458221	rs11537609	tcT	tcC	S	S	572  	.   0.14	3j99E  510  S
ENSP00000458221	rs11537609	tcT	tcC	S	S	572  	.   0.14	3j99F  494  S
ENSP00000458322	 rs2230606	Ata	Cta	I	L	294  	.   0.37	5fmvA   71  I
ENSP00000458322	 rs2230606	Ata	Cta	I	L	294  	.   0.37	5fmvB   69  I
ENSP00000458322	 rs2230606	Ata	Cta	I	L	294  	.   0.37	5fn6A   67  I
ENSP00000458322	 rs2230606	Ata	Cta	I	L	294  	.   0.37	5fn7A   78  I
ENSP00000458322	 rs2230606	Ata	Cta	I	L	294  	.   0.37	5fn7B   78  I
ENSP00000458397	rs72547554	Cag	Gag	Q	E	10   	.   0.01	4qgkA   11  Q
ENSP00000458397	rs72547554	Cag	Gag	Q	E	10   	.   0.01	4qgkB   11  Q
ENSP00000458456	 rs8075035	ctA	ctG	L	L	88   	.   0.08	5u9aA   95  L
ENSP00000458456	 rs8075035	ctA	ctG	L	L	88   	.   0.08	5u9iA   91  L
ENSP00000458456	 rs8075035	ctA	ctG	L	L	88   	.   0.08	5u9jA   93  L
ENSP00000458456	 rs8075035	ctA	ctG	L	L	88   	.   0.08	5u9jB   93  L
ENSP00000458456	 rs8075035	ctA	ctG	L	L	88   	.   0.08	5u9kA   95  L
ENSP00000458456	 rs8075035	ctA	ctG	L	L	88   	.   0.08	5v35A   93  L
ENSP00000458456	rs12449580	Gac	Cac	D	H	78   	.   0.03	5u9aA   85  D
ENSP00000458456	rs12449580	Gac	Cac	D	H	78   	.   0.03	5u9iA   81  D
ENSP00000458456	rs12449580	Gac	Cac	D	H	78   	.   0.03	5u9jA   83  D
ENSP00000458456	rs12449580	Gac	Cac	D	H	78   	.   0.03	5u9jB   83  D
ENSP00000458456	rs12449580	Gac	Cac	D	H	78   	.   0.03	5u9kA   85  D
ENSP00000458456	rs12449580	Gac	Cac	D	H	78   	.   0.03	5v35A   83  D
ENSP00000458456	rs12449580	Gac	Aac	D	N	78   	.   0.03	5u9aA   85  D
ENSP00000458456	rs12449580	Gac	Aac	D	N	78   	.   0.03	5u9iA   81  D
ENSP00000458456	rs12449580	Gac	Aac	D	N	78   	.   0.03	5u9jA   83  D
ENSP00000458456	rs12449580	Gac	Aac	D	N	78   	.   0.03	5u9jB   83  D
ENSP00000458456	rs12449580	Gac	Aac	D	N	78   	.   0.03	5u9kA   85  D
ENSP00000458456	rs12449580	Gac	Aac	D	N	78   	.   0.03	5v35A   83  D
ENSP00000458559	    rs6258	cCg	cAg	P	Q	127  	.   0.06	1d2sA  138  P
ENSP00000458559	    rs6258	cCg	cAg	P	Q	127  	.   0.06	1f5fA  140  P
ENSP00000458559	    rs6258	cCg	cAg	P	Q	127  	.   0.06	1kdkA  145  P
ENSP00000458559	    rs6258	cCg	cAg	P	Q	127  	.   0.06	1kdmA  145  P
ENSP00000458559	    rs6258	cCg	cAg	P	Q	127  	.   0.06	1lhnA  143  P
ENSP00000458559	    rs6258	cCg	cAg	P	Q	127  	.   0.06	1lhoA  144  P
ENSP00000458559	    rs6258	cCg	cAg	P	Q	127  	.   0.06	1lhuA  143  P
ENSP00000458559	    rs6258	cCg	cAg	P	Q	127  	.   0.06	1lhvA  140  P
ENSP00000458559	    rs6258	cCg	cAg	P	Q	127  	.   0.06	1lhwA  141  P
ENSP00000458559	    rs6258	cCg	cTg	P	L	127  	.   0.06	1d2sA  138  P
ENSP00000458559	    rs6258	cCg	cTg	P	L	127  	.   0.06	1f5fA  140  P
ENSP00000458559	    rs6258	cCg	cTg	P	L	127  	.   0.06	1kdkA  145  P
ENSP00000458559	    rs6258	cCg	cTg	P	L	127  	.   0.06	1kdmA  145  P
ENSP00000458559	    rs6258	cCg	cTg	P	L	127  	.   0.06	1lhnA  143  P
ENSP00000458559	    rs6258	cCg	cTg	P	L	127  	.   0.06	1lhoA  144  P
ENSP00000458559	    rs6258	cCg	cTg	P	L	127  	.   0.06	1lhuA  143  P
ENSP00000458559	    rs6258	cCg	cTg	P	L	127  	.   0.06	1lhvA  140  P
ENSP00000458559	    rs6258	cCg	cTg	P	L	127  	.   0.06	1lhwA  141  P
ENSP00000458585	  rs652438	aAt	aGt	N	S	357  	.   0.01	2jxyA   81  N
ENSP00000458585	  rs652438	aAt	aGt	N	S	357  	.   0.01	3ba0A  252  N
ENSP00000458585	  rs652438	aAt	aCt	N	T	357  	.   0.01	2jxyA   81  N
ENSP00000458585	  rs652438	aAt	aCt	N	T	357  	.   0.01	3ba0A  252  N
ENSP00000458586	 rs2307240	aGc	aAc	S	N	75   	.   0.03	1k4yA   53  S
ENSP00000458586	 rs2307240	aGc	aAc	S	N	75   	.   0.03	1mx1A   55  S
ENSP00000458586	 rs2307240	aGc	aAc	S	N	75   	.   0.03	1mx1B   54  S
ENSP00000458586	 rs2307240	aGc	aAc	S	N	75   	.   0.03	1mx1C   54  S
ENSP00000458586	 rs2307240	aGc	aAc	S	N	75   	.   0.03	1mx1D   54  S
ENSP00000458586	 rs2307240	aGc	aAc	S	N	75   	.   0.03	1mx1E   54  S
ENSP00000458586	 rs2307240	aGc	aAc	S	N	75   	.   0.03	1mx1F   54  S
ENSP00000458586	 rs2307240	aGc	aAc	S	N	75   	.   0.03	1mx5A   55  S
ENSP00000458586	 rs2307240	aGc	aAc	S	N	75   	.   0.03	1mx5B   54  S
ENSP00000458586	 rs2307240	aGc	aAc	S	N	75   	.   0.03	1mx5C   54  S
ENSP00000458586	 rs2307240	aGc	aAc	S	N	75   	.   0.03	1mx5D   55  S
ENSP00000458586	 rs2307240	aGc	aAc	S	N	75   	.   0.03	1mx5E   54  S
ENSP00000458586	 rs2307240	aGc	aAc	S	N	75   	.   0.03	1mx5F   54  S
ENSP00000458586	 rs2307240	aGc	aAc	S	N	75   	.   0.03	1mx9A   55  S
ENSP00000458586	 rs2307240	aGc	aAc	S	N	75   	.   0.03	1mx9B   55  S
ENSP00000458586	 rs2307240	aGc	aAc	S	N	75   	.   0.03	1mx9C   54  S
ENSP00000458586	 rs2307240	aGc	aAc	S	N	75   	.   0.03	1mx9D   55  S
ENSP00000458586	 rs2307240	aGc	aAc	S	N	75   	.   0.03	1mx9E   54  S
ENSP00000458586	 rs2307240	aGc	aAc	S	N	75   	.   0.03	1mx9F   54  S
ENSP00000458586	 rs2307240	aGc	aAc	S	N	75   	.   0.03	1mx9G   55  S
ENSP00000458586	 rs2307240	aGc	aAc	S	N	75   	.   0.03	1mx9H   54  S
ENSP00000458586	 rs2307240	aGc	aAc	S	N	75   	.   0.03	1mx9I   54  S
ENSP00000458586	 rs2307240	aGc	aAc	S	N	75   	.   0.03	1mx9J   55  S
ENSP00000458586	 rs2307240	aGc	aAc	S	N	75   	.   0.03	1mx9K   54  S
ENSP00000458586	 rs2307240	aGc	aAc	S	N	75   	.   0.03	1mx9L   54  S
ENSP00000458586	 rs2307240	aGc	aAc	S	N	75   	.   0.03	1ya4A   54  S
ENSP00000458586	 rs2307240	aGc	aAc	S	N	75   	.   0.03	1ya4B   55  S
ENSP00000458586	 rs2307240	aGc	aAc	S	N	75   	.   0.03	1ya4C   55  S
ENSP00000458586	 rs2307240	aGc	aAc	S	N	75   	.   0.03	1ya8A   55  S
ENSP00000458586	 rs2307240	aGc	aAc	S	N	75   	.   0.03	1ya8B   55  S
ENSP00000458586	 rs2307240	aGc	aAc	S	N	75   	.   0.03	1ya8C   55  S
ENSP00000458586	 rs2307240	aGc	aAc	S	N	75   	.   0.03	1yahA   55  S
ENSP00000458586	 rs2307240	aGc	aAc	S	N	75   	.   0.03	1yahB   55  S
ENSP00000458586	 rs2307240	aGc	aAc	S	N	75   	.   0.03	1yahC   55  S
ENSP00000458586	 rs2307240	aGc	aAc	S	N	75   	.   0.03	1yajA   55  S
ENSP00000458586	 rs2307240	aGc	aAc	S	N	75   	.   0.03	1yajB   55  S
ENSP00000458586	 rs2307240	aGc	aAc	S	N	75   	.   0.03	1yajC   55  S
ENSP00000458586	 rs2307240	aGc	aAc	S	N	75   	.   0.03	1yajD   55  S
ENSP00000458586	 rs2307240	aGc	aAc	S	N	75   	.   0.03	1yajE   55  S
ENSP00000458586	 rs2307240	aGc	aAc	S	N	75   	.   0.03	1yajF   55  S
ENSP00000458586	 rs2307240	aGc	aAc	S	N	75   	.   0.03	1yajG   55  S
ENSP00000458586	 rs2307240	aGc	aAc	S	N	75   	.   0.03	1yajH   55  S
ENSP00000458586	 rs2307240	aGc	aAc	S	N	75   	.   0.03	1yajI   55  S
ENSP00000458586	 rs2307240	aGc	aAc	S	N	75   	.   0.03	1yajJ   55  S
ENSP00000458586	 rs2307240	aGc	aAc	S	N	75   	.   0.03	1yajK   55  S
ENSP00000458586	 rs2307240	aGc	aAc	S	N	75   	.   0.03	1yajL   55  S
ENSP00000458586	 rs2307240	aGc	aAc	S	N	75   	.   0.03	2dqyA   55  S
ENSP00000458586	 rs2307240	aGc	aAc	S	N	75   	.   0.03	2dqyB   55  S
ENSP00000458586	 rs2307240	aGc	aAc	S	N	75   	.   0.03	2dqyC   55  S
ENSP00000458586	 rs2307240	aGc	aAc	S	N	75   	.   0.03	2dqzA   55  S
ENSP00000458586	 rs2307240	aGc	aAc	S	N	75   	.   0.03	2dqzB   55  S
ENSP00000458586	 rs2307240	aGc	aAc	S	N	75   	.   0.03	2dqzC   55  S
ENSP00000458586	 rs2307240	aGc	aAc	S	N	75   	.   0.03	2dr0A   55  S
ENSP00000458586	 rs2307240	aGc	aAc	S	N	75   	.   0.03	2dr0B   55  S
ENSP00000458586	 rs2307240	aGc	aAc	S	N	75   	.   0.03	2dr0C   55  S
ENSP00000458586	 rs2307240	aGc	aAc	S	N	75   	.   0.03	2h7cA   55  S
ENSP00000458586	 rs2307240	aGc	aAc	S	N	75   	.   0.03	2h7cB   54  S
ENSP00000458586	 rs2307240	aGc	aAc	S	N	75   	.   0.03	2h7cC   54  S
ENSP00000458586	 rs2307240	aGc	aAc	S	N	75   	.   0.03	2h7cD   55  S
ENSP00000458586	 rs2307240	aGc	aAc	S	N	75   	.   0.03	2h7cE   54  S
ENSP00000458586	 rs2307240	aGc	aAc	S	N	75   	.   0.03	2h7cF   54  S
ENSP00000458586	 rs2307240	aGc	aAc	S	N	75   	.   0.03	2hrqA   55  S
ENSP00000458586	 rs2307240	aGc	aAc	S	N	75   	.   0.03	2hrqB   54  S
ENSP00000458586	 rs2307240	aGc	aAc	S	N	75   	.   0.03	2hrqC   54  S
ENSP00000458586	 rs2307240	aGc	aAc	S	N	75   	.   0.03	2hrqD   55  S
ENSP00000458586	 rs2307240	aGc	aAc	S	N	75   	.   0.03	2hrqE   54  S
ENSP00000458586	 rs2307240	aGc	aAc	S	N	75   	.   0.03	2hrqF   54  S
ENSP00000458586	 rs2307240	aGc	aAc	S	N	75   	.   0.03	2hrrA   55  S
ENSP00000458586	 rs2307240	aGc	aAc	S	N	75   	.   0.03	2hrrB   54  S
ENSP00000458586	 rs2307240	aGc	aAc	S	N	75   	.   0.03	2hrrC   54  S
ENSP00000458586	 rs2307240	aGc	aAc	S	N	75   	.   0.03	3k9bA   52  S
ENSP00000458586	 rs2307240	aGc	aAc	S	N	75   	.   0.03	3k9bB   52  S
ENSP00000458586	 rs2307240	aGc	aAc	S	N	75   	.   0.03	3k9bC   47  S
ENSP00000458586	 rs2307240	aGc	aAc	S	N	75   	.   0.03	4ab1A   54  S
ENSP00000458586	rs71647871	gGg	gAg	G	E	143  	.    0.0	1k4yA  121  G
ENSP00000458586	rs71647871	gGg	gAg	G	E	143  	.    0.0	1mx1A  123  G
ENSP00000458586	rs71647871	gGg	gAg	G	E	143  	.    0.0	1mx1B  122  G
ENSP00000458586	rs71647871	gGg	gAg	G	E	143  	.    0.0	1mx1C  122  G
ENSP00000458586	rs71647871	gGg	gAg	G	E	143  	.    0.0	1mx1D  122  G
ENSP00000458586	rs71647871	gGg	gAg	G	E	143  	.    0.0	1mx1E  122  G
ENSP00000458586	rs71647871	gGg	gAg	G	E	143  	.    0.0	1mx1F  122  G
ENSP00000458586	rs71647871	gGg	gAg	G	E	143  	.    0.0	1mx5A  123  G
ENSP00000458586	rs71647871	gGg	gAg	G	E	143  	.    0.0	1mx5B  122  G
ENSP00000458586	rs71647871	gGg	gAg	G	E	143  	.    0.0	1mx5C  122  G
ENSP00000458586	rs71647871	gGg	gAg	G	E	143  	.    0.0	1mx5D  123  G
ENSP00000458586	rs71647871	gGg	gAg	G	E	143  	.    0.0	1mx5E  122  G
ENSP00000458586	rs71647871	gGg	gAg	G	E	143  	.    0.0	1mx5F  122  G
ENSP00000458586	rs71647871	gGg	gAg	G	E	143  	.    0.0	1mx9A  123  G
ENSP00000458586	rs71647871	gGg	gAg	G	E	143  	.    0.0	1mx9B  123  G
ENSP00000458586	rs71647871	gGg	gAg	G	E	143  	.    0.0	1mx9C  122  G
ENSP00000458586	rs71647871	gGg	gAg	G	E	143  	.    0.0	1mx9D  123  G
ENSP00000458586	rs71647871	gGg	gAg	G	E	143  	.    0.0	1mx9E  122  G
ENSP00000458586	rs71647871	gGg	gAg	G	E	143  	.    0.0	1mx9F  122  G
ENSP00000458586	rs71647871	gGg	gAg	G	E	143  	.    0.0	1mx9G  123  G
ENSP00000458586	rs71647871	gGg	gAg	G	E	143  	.    0.0	1mx9H  122  G
ENSP00000458586	rs71647871	gGg	gAg	G	E	143  	.    0.0	1mx9I  122  G
ENSP00000458586	rs71647871	gGg	gAg	G	E	143  	.    0.0	1mx9J  123  G
ENSP00000458586	rs71647871	gGg	gAg	G	E	143  	.    0.0	1mx9K  122  G
ENSP00000458586	rs71647871	gGg	gAg	G	E	143  	.    0.0	1mx9L  122  G
ENSP00000458586	rs71647871	gGg	gAg	G	E	143  	.    0.0	1ya4A  122  G
ENSP00000458586	rs71647871	gGg	gAg	G	E	143  	.    0.0	1ya4B  123  G
ENSP00000458586	rs71647871	gGg	gAg	G	E	143  	.    0.0	1ya4C  123  G
ENSP00000458586	rs71647871	gGg	gAg	G	E	143  	.    0.0	1ya8A  123  G
ENSP00000458586	rs71647871	gGg	gAg	G	E	143  	.    0.0	1ya8B  123  G
ENSP00000458586	rs71647871	gGg	gAg	G	E	143  	.    0.0	1ya8C  123  G
ENSP00000458586	rs71647871	gGg	gAg	G	E	143  	.    0.0	1yahA  123  G
ENSP00000458586	rs71647871	gGg	gAg	G	E	143  	.    0.0	1yahB  123  G
ENSP00000458586	rs71647871	gGg	gAg	G	E	143  	.    0.0	1yahC  123  G
ENSP00000458586	rs71647871	gGg	gAg	G	E	143  	.    0.0	1yajA  123  G
ENSP00000458586	rs71647871	gGg	gAg	G	E	143  	.    0.0	1yajB  123  G
ENSP00000458586	rs71647871	gGg	gAg	G	E	143  	.    0.0	1yajC  123  G
ENSP00000458586	rs71647871	gGg	gAg	G	E	143  	.    0.0	1yajD  123  G
ENSP00000458586	rs71647871	gGg	gAg	G	E	143  	.    0.0	1yajE  123  G
ENSP00000458586	rs71647871	gGg	gAg	G	E	143  	.    0.0	1yajF  123  G
ENSP00000458586	rs71647871	gGg	gAg	G	E	143  	.    0.0	1yajG  123  G
ENSP00000458586	rs71647871	gGg	gAg	G	E	143  	.    0.0	1yajH  123  G
ENSP00000458586	rs71647871	gGg	gAg	G	E	143  	.    0.0	1yajI  123  G
ENSP00000458586	rs71647871	gGg	gAg	G	E	143  	.    0.0	1yajJ  123  G
ENSP00000458586	rs71647871	gGg	gAg	G	E	143  	.    0.0	1yajK  123  G
ENSP00000458586	rs71647871	gGg	gAg	G	E	143  	.    0.0	1yajL  123  G
ENSP00000458586	rs71647871	gGg	gAg	G	E	143  	.    0.0	2dqyA  123  G
ENSP00000458586	rs71647871	gGg	gAg	G	E	143  	.    0.0	2dqyB  123  G
ENSP00000458586	rs71647871	gGg	gAg	G	E	143  	.    0.0	2dqyC  123  G
ENSP00000458586	rs71647871	gGg	gAg	G	E	143  	.    0.0	2dqzA  123  G
ENSP00000458586	rs71647871	gGg	gAg	G	E	143  	.    0.0	2dqzB  123  G
ENSP00000458586	rs71647871	gGg	gAg	G	E	143  	.    0.0	2dqzC  123  G
ENSP00000458586	rs71647871	gGg	gAg	G	E	143  	.    0.0	2dr0A  123  G
ENSP00000458586	rs71647871	gGg	gAg	G	E	143  	.    0.0	2dr0B  123  G
ENSP00000458586	rs71647871	gGg	gAg	G	E	143  	.    0.0	2dr0C  123  G
ENSP00000458586	rs71647871	gGg	gAg	G	E	143  	.    0.0	2h7cA  123  G
ENSP00000458586	rs71647871	gGg	gAg	G	E	143  	.    0.0	2h7cB  122  G
ENSP00000458586	rs71647871	gGg	gAg	G	E	143  	.    0.0	2h7cC  122  G
ENSP00000458586	rs71647871	gGg	gAg	G	E	143  	.    0.0	2h7cD  123  G
ENSP00000458586	rs71647871	gGg	gAg	G	E	143  	.    0.0	2h7cE  122  G
ENSP00000458586	rs71647871	gGg	gAg	G	E	143  	.    0.0	2h7cF  122  G
ENSP00000458586	rs71647871	gGg	gAg	G	E	143  	.    0.0	2hrqA  123  G
ENSP00000458586	rs71647871	gGg	gAg	G	E	143  	.    0.0	2hrqB  122  G
ENSP00000458586	rs71647871	gGg	gAg	G	E	143  	.    0.0	2hrqC  122  G
ENSP00000458586	rs71647871	gGg	gAg	G	E	143  	.    0.0	2hrqD  123  G
ENSP00000458586	rs71647871	gGg	gAg	G	E	143  	.    0.0	2hrqE  122  G
ENSP00000458586	rs71647871	gGg	gAg	G	E	143  	.    0.0	2hrqF  122  G
ENSP00000458586	rs71647871	gGg	gAg	G	E	143  	.    0.0	2hrrA  123  G
ENSP00000458586	rs71647871	gGg	gAg	G	E	143  	.    0.0	2hrrB  122  G
ENSP00000458586	rs71647871	gGg	gAg	G	E	143  	.    0.0	2hrrC  122  G
ENSP00000458586	rs71647871	gGg	gAg	G	E	143  	.    0.0	3k9bA  120  G
ENSP00000458586	rs71647871	gGg	gAg	G	E	143  	.    0.0	3k9bB  120  G
ENSP00000458586	rs71647871	gGg	gAg	G	E	143  	.    0.0	3k9bC  115  G
ENSP00000458586	rs71647871	gGg	gAg	G	E	143  	.    0.0	4ab1A  122  G
ENSP00000458662	 rs2230606	Ata	Cta	I	L	228  	.   0.37	5fmvA   71  I
ENSP00000458662	 rs2230606	Ata	Cta	I	L	228  	.   0.37	5fmvB   69  I
ENSP00000458662	 rs2230606	Ata	Cta	I	L	228  	.   0.37	5fn6A   67  I
ENSP00000458662	 rs2230606	Ata	Cta	I	L	228  	.   0.37	5fn7A   78  I
ENSP00000458662	 rs2230606	Ata	Cta	I	L	228  	.   0.37	5fn7B   78  I
ENSP00000458665	 rs1803202	gaC	gaT	D	D	57   	.   0.06	3b5hA   43  D
ENSP00000458665	 rs1803202	gaC	gaT	D	D	57   	.   0.06	3b5hB   43  D
ENSP00000458665	 rs1803202	gaC	gaT	D	D	57   	.   0.06	3b5hC   43  D
ENSP00000458665	 rs1803202	gaC	gaT	D	D	57   	.   0.06	3b5hD   43  D
ENSP00000458665	 rs1803202	gaC	gaT	D	D	57   	.   0.06	3i84A   41  D
ENSP00000458665	 rs1803202	gaC	gaT	D	D	57   	.   0.06	3i84B   48  D
ENSP00000458665	 rs1803202	gaC	gaT	D	D	57   	.   0.06	3i85A   41  D
ENSP00000458665	 rs1803202	gaC	gaT	D	D	57   	.   0.06	3i85B   46  D
ENSP00000458665	 rs1803202	gaC	gaT	D	D	57   	.   0.06	4u0qB   43  D
ENSP00000458665	 rs1803202	gaC	gaT	D	D	57   	.   0.06	4u0qD   43  D
ENSP00000458665	 rs1803202	gaC	gaT	D	D	57   	.   0.06	5x0tE   41  D
ENSP00000458665	 rs1803202	gaC	gaT	D	D	57   	.   0.06	5x0tF   41  D
ENSP00000458731	 rs2272554	gcT	gcC	A	A	581  	.   0.04	1br1A  574  A
ENSP00000458731	 rs2272554	gcT	gcC	A	A	581  	.   0.04	1br1C  574  A
ENSP00000458731	 rs2272554	gcT	gcC	A	A	581  	.   0.04	1br1E  574  A
ENSP00000458731	 rs2272554	gcT	gcC	A	A	581  	.   0.04	1br1G  574  A
ENSP00000458731	 rs2272554	gcT	gcC	A	A	581  	.   0.04	1br2A  501  A
ENSP00000458731	 rs2272554	gcT	gcC	A	A	581  	.   0.04	1br2B  501  A
ENSP00000458731	 rs2272554	gcT	gcC	A	A	581  	.   0.04	1br2C  501  A
ENSP00000458731	 rs2272554	gcT	gcC	A	A	581  	.   0.04	1br2D  501  A
ENSP00000458731	 rs2272554	gcT	gcC	A	A	581  	.   0.04	1br2E  501  A
ENSP00000458731	 rs2272554	gcT	gcC	A	A	581  	.   0.04	1br2F  501  A
ENSP00000458731	 rs2272554	gcT	gcC	A	A	581  	.   0.04	1br4A  568  A
ENSP00000458731	 rs2272554	gcT	gcC	A	A	581  	.   0.04	1br4C  568  A
ENSP00000458731	 rs2272554	gcT	gcC	A	A	581  	.   0.04	1br4E  568  A
ENSP00000458731	 rs2272554	gcT	gcC	A	A	581  	.   0.04	1br4G  568  A
ENSP00000458731	 rs2272554	gcT	gcC	A	A	581  	.   0.04	1i84A  574  A
ENSP00000458731	 rs2272554	gcT	gcC	A	A	581  	.   0.04	1i84D  574  A
ENSP00000458731	 rs2272554	gcT	gcC	A	A	581  	.   0.04	3dtpA  574  A
ENSP00000458731	 rs2272554	gcT	gcC	A	A	581  	.   0.04	3dtpB  574  A
ENSP00000458731	 rs2272554	gcT	gcC	A	A	581  	.   0.04	3j04A  580  A
ENSP00000458731	 rs2272554	gcT	gcC	A	A	581  	.   0.04	3j04D  580  A
ENSP00000458731	 rs2272554	gcT	gcC	A	A	581  	.   0.04	3jaxA  574  A
ENSP00000458731	 rs2272554	gcT	gcC	A	A	581  	.   0.04	3jaxB  574  A
ENSP00000458731	 rs2272554	gcT	gcC	A	A	581  	.   0.04	5m05A  537  A
ENSP00000458731	 rs2272554	gcT	gcC	A	A	581  	.   0.04	5t45A  537  A
ENSP00000458749	 rs9904554	ggC	ggT	G	G	577  	.   0.03	4nreA  588  G
ENSP00000458846	 rs2230606	Ata	Cta	I	L	133  	.   0.01	5fmvA   71  I
ENSP00000458846	 rs2230606	Ata	Cta	I	L	133  	.   0.01	5fmvB   69  I
ENSP00000458846	 rs2230606	Ata	Cta	I	L	133  	.   0.01	5fn6A   67  I
ENSP00000458846	 rs2230606	Ata	Cta	I	L	133  	.   0.01	5fn7A   78  I
ENSP00000458846	 rs2230606	Ata	Cta	I	L	133  	.   0.01	5fn7B   78  I
ENSP00000458875	    rs6258	cCg	cAg	P	Q	127  	.   0.04	1d2sA  138  P
ENSP00000458875	    rs6258	cCg	cAg	P	Q	127  	.   0.04	1f5fA  140  P
ENSP00000458875	    rs6258	cCg	cAg	P	Q	127  	.   0.04	1kdkA  145  P
ENSP00000458875	    rs6258	cCg	cAg	P	Q	127  	.   0.04	1kdmA  145  P
ENSP00000458875	    rs6258	cCg	cAg	P	Q	127  	.   0.04	1lhnA  143  P
ENSP00000458875	    rs6258	cCg	cAg	P	Q	127  	.   0.04	1lhoA  144  P
ENSP00000458875	    rs6258	cCg	cAg	P	Q	127  	.   0.04	1lhuA  143  P
ENSP00000458875	    rs6258	cCg	cAg	P	Q	127  	.   0.04	1lhvA  140  P
ENSP00000458875	    rs6258	cCg	cAg	P	Q	127  	.   0.04	1lhwA  141  P
ENSP00000458875	    rs6258	cCg	cTg	P	L	127  	.   0.04	1d2sA  138  P
ENSP00000458875	    rs6258	cCg	cTg	P	L	127  	.   0.04	1f5fA  140  P
ENSP00000458875	    rs6258	cCg	cTg	P	L	127  	.   0.04	1kdkA  145  P
ENSP00000458875	    rs6258	cCg	cTg	P	L	127  	.   0.04	1kdmA  145  P
ENSP00000458875	    rs6258	cCg	cTg	P	L	127  	.   0.04	1lhnA  143  P
ENSP00000458875	    rs6258	cCg	cTg	P	L	127  	.   0.04	1lhoA  144  P
ENSP00000458875	    rs6258	cCg	cTg	P	L	127  	.   0.04	1lhuA  143  P
ENSP00000458875	    rs6258	cCg	cTg	P	L	127  	.   0.04	1lhvA  140  P
ENSP00000458875	    rs6258	cCg	cTg	P	L	127  	.   0.04	1lhwA  141  P
ENSP00000458942	rs72547561	Cga	Gga	R	G	8    	.   0.03	4qgkA  178  R
ENSP00000458942	rs72547561	Cga	Gga	R	G	8    	.   0.03	4qgkB  178  R
ENSP00000458942	rs72547562	aCg	aTg	T	M	15   	.   0.01	4qgkA  185  T
ENSP00000458942	rs72547562	aCg	aTg	T	M	15   	.   0.01	4qgkB  185  T
ENSP00000458942	rs72547566	Cgc	Tgc	R	C	59   	.    0.0	4qgkA  229  R
ENSP00000458942	rs72547566	Cgc	Tgc	R	C	59   	.    0.0	4qgkB  229  R
ENSP00000458942	rs72547568	Gac	Aac	D	N	76   	.   0.01	4qgkA  246  D
ENSP00000458942	rs72547568	Gac	Aac	D	N	76   	.   0.01	4qgkB  246  D
ENSP00000458973	    rs6258	cCg	cAg	P	Q	185  	.   0.11	1d2sA  138  P
ENSP00000458973	    rs6258	cCg	cAg	P	Q	185  	.   0.11	1f5fA  140  P
ENSP00000458973	    rs6258	cCg	cAg	P	Q	185  	.   0.11	1kdkA  145  P
ENSP00000458973	    rs6258	cCg	cAg	P	Q	185  	.   0.11	1kdmA  145  P
ENSP00000458973	    rs6258	cCg	cAg	P	Q	185  	.   0.11	1lhnA  143  P
ENSP00000458973	    rs6258	cCg	cAg	P	Q	185  	.   0.11	1lhoA  144  P
ENSP00000458973	    rs6258	cCg	cAg	P	Q	185  	.   0.11	1lhuA  143  P
ENSP00000458973	    rs6258	cCg	cAg	P	Q	185  	.   0.11	1lhvA  140  P
ENSP00000458973	    rs6258	cCg	cAg	P	Q	185  	.   0.11	1lhwA  141  P
ENSP00000458973	    rs6258	cCg	cTg	P	L	185  	.   0.11	1d2sA  138  P
ENSP00000458973	    rs6258	cCg	cTg	P	L	185  	.   0.11	1f5fA  140  P
ENSP00000458973	    rs6258	cCg	cTg	P	L	185  	.   0.11	1kdkA  145  P
ENSP00000458973	    rs6258	cCg	cTg	P	L	185  	.   0.11	1kdmA  145  P
ENSP00000458973	    rs6258	cCg	cTg	P	L	185  	.   0.11	1lhnA  143  P
ENSP00000458973	    rs6258	cCg	cTg	P	L	185  	.   0.11	1lhoA  144  P
ENSP00000458973	    rs6258	cCg	cTg	P	L	185  	.   0.11	1lhuA  143  P
ENSP00000458973	    rs6258	cCg	cTg	P	L	185  	.   0.11	1lhvA  140  P
ENSP00000458973	    rs6258	cCg	cTg	P	L	185  	.   0.11	1lhwA  141  P
ENSP00000459042	  rs224534	aCt	aTt	T	I	459  	.   0.01	3j5pA  358  T
ENSP00000459042	  rs224534	aCt	aTt	T	I	459  	.   0.01	3j5pB  358  T
ENSP00000459042	  rs224534	aCt	aTt	T	I	459  	.   0.01	3j5pC  358  T
ENSP00000459042	  rs224534	aCt	aTt	T	I	459  	.   0.01	3j5pD  358  T
ENSP00000459042	  rs224534	aCt	aTt	T	I	459  	.   0.01	3j5qA  358  T
ENSP00000459042	  rs224534	aCt	aTt	T	I	459  	.   0.01	3j5qB  358  T
ENSP00000459042	  rs224534	aCt	aTt	T	I	459  	.   0.01	3j5qC  358  T
ENSP00000459042	  rs224534	aCt	aTt	T	I	459  	.   0.01	3j5qD  358  T
ENSP00000459042	  rs224534	aCt	aTt	T	I	459  	.   0.01	3j5rA  358  T
ENSP00000459042	  rs224534	aCt	aTt	T	I	459  	.   0.01	3j5rB  358  T
ENSP00000459042	  rs224534	aCt	aTt	T	I	459  	.   0.01	3j5rC  358  T
ENSP00000459042	  rs224534	aCt	aTt	T	I	459  	.   0.01	3j5rD  358  T
ENSP00000459042	  rs224534	aCt	aTt	T	I	459  	.   0.01	3j9jA   88  T
ENSP00000459042	  rs224534	aCt	aTt	T	I	459  	.   0.01	3j9jB   88  T
ENSP00000459042	  rs224534	aCt	aTt	T	I	459  	.   0.01	3j9jC   88  T
ENSP00000459042	  rs224534	aCt	aTt	T	I	459  	.   0.01	3j9jD   88  T
ENSP00000459042	  rs224534	aCt	aTt	T	I	459  	.   0.01	5irxA  134  T
ENSP00000459042	  rs224534	aCt	aTt	T	I	459  	.   0.01	5irxB  134  T
ENSP00000459042	  rs224534	aCt	aTt	T	I	459  	.   0.01	5irxC  134  T
ENSP00000459042	  rs224534	aCt	aTt	T	I	459  	.   0.01	5irxD  134  T
ENSP00000459042	  rs224534	aCt	aTt	T	I	459  	.   0.01	5irzA  134  T
ENSP00000459042	  rs224534	aCt	aTt	T	I	459  	.   0.01	5irzB  134  T
ENSP00000459042	  rs224534	aCt	aTt	T	I	459  	.   0.01	5irzC  134  T
ENSP00000459042	  rs224534	aCt	aTt	T	I	459  	.   0.01	5irzD  134  T
ENSP00000459042	  rs224534	aCt	aTt	T	I	459  	.   0.01	5is0A  134  T
ENSP00000459042	  rs224534	aCt	aTt	T	I	459  	.   0.01	5is0B  134  T
ENSP00000459042	  rs224534	aCt	aTt	T	I	459  	.   0.01	5is0C  134  T
ENSP00000459042	  rs224534	aCt	aTt	T	I	459  	.   0.01	5is0D  134  T
ENSP00000459391	    rs8971	gAt	gGt	D	G	50   	.   0.02	2v9yA   42  L
ENSP00000459391	    rs8971	gAt	gGt	D	G	50   	.   0.02	2v9yB   42  L
ENSP00000459522	 rs8075035	ctA	ctG	L	L	40   	.   0.12	5u9aA   95  L
ENSP00000459522	 rs8075035	ctA	ctG	L	L	40   	.   0.12	5u9iA   91  L
ENSP00000459522	 rs8075035	ctA	ctG	L	L	40   	.   0.12	5u9jA   93  L
ENSP00000459522	 rs8075035	ctA	ctG	L	L	40   	.   0.12	5u9jB   93  L
ENSP00000459522	 rs8075035	ctA	ctG	L	L	40   	.   0.12	5u9kA   95  L
ENSP00000459522	 rs8075035	ctA	ctG	L	L	40   	.   0.12	5v35A   93  L
ENSP00000459532	    rs8971	gAt	gGt	D	G	50   	.   0.02	2v9yA   42  L
ENSP00000459532	    rs8971	gAt	gGt	D	G	50   	.   0.02	2v9yB   42  L
ENSP00000459646	rs11537609	tcT	tcC	S	S	5    	.    0.2	1d2nA   81  S
ENSP00000459646	rs11537609	tcT	tcC	S	S	5    	.    0.2	1nsfA   89  S
ENSP00000459646	rs11537609	tcT	tcC	S	S	5    	.    0.2	3j94A  330  S
ENSP00000459646	rs11537609	tcT	tcC	S	S	5    	.    0.2	3j94B  324  S
ENSP00000459646	rs11537609	tcT	tcC	S	S	5    	.    0.2	3j94C  328  S
ENSP00000459646	rs11537609	tcT	tcC	S	S	5    	.    0.2	3j94D  325  S
ENSP00000459646	rs11537609	tcT	tcC	S	S	5    	.    0.2	3j94E  322  S
ENSP00000459646	rs11537609	tcT	tcC	S	S	5    	.    0.2	3j94F  306  S
ENSP00000459646	rs11537609	tcT	tcC	S	S	5    	.    0.2	3j95A  323  S
ENSP00000459646	rs11537609	tcT	tcC	S	S	5    	.    0.2	3j95B  321  S
ENSP00000459646	rs11537609	tcT	tcC	S	S	5    	.    0.2	3j95C  325  S
ENSP00000459646	rs11537609	tcT	tcC	S	S	5    	.    0.2	3j95D  319  S
ENSP00000459646	rs11537609	tcT	tcC	S	S	5    	.    0.2	3j95E  322  S
ENSP00000459646	rs11537609	tcT	tcC	S	S	5    	.    0.2	3j95F  313  S
ENSP00000459646	rs11537609	tcT	tcC	S	S	5    	.    0.2	3j96A  518  S
ENSP00000459646	rs11537609	tcT	tcC	S	S	5    	.    0.2	3j96B  512  S
ENSP00000459646	rs11537609	tcT	tcC	S	S	5    	.    0.2	3j96C  516  S
ENSP00000459646	rs11537609	tcT	tcC	S	S	5    	.    0.2	3j96D  513  S
ENSP00000459646	rs11537609	tcT	tcC	S	S	5    	.    0.2	3j96E  510  S
ENSP00000459646	rs11537609	tcT	tcC	S	S	5    	.    0.2	3j96F  494  S
ENSP00000459646	rs11537609	tcT	tcC	S	S	5    	.    0.2	3j97A  518  S
ENSP00000459646	rs11537609	tcT	tcC	S	S	5    	.    0.2	3j97B  512  S
ENSP00000459646	rs11537609	tcT	tcC	S	S	5    	.    0.2	3j97C  516  S
ENSP00000459646	rs11537609	tcT	tcC	S	S	5    	.    0.2	3j97D  513  S
ENSP00000459646	rs11537609	tcT	tcC	S	S	5    	.    0.2	3j97E  510  S
ENSP00000459646	rs11537609	tcT	tcC	S	S	5    	.    0.2	3j97F  494  S
ENSP00000459646	rs11537609	tcT	tcC	S	S	5    	.    0.2	3j98A  516  S
ENSP00000459646	rs11537609	tcT	tcC	S	S	5    	.    0.2	3j98B  511  S
ENSP00000459646	rs11537609	tcT	tcC	S	S	5    	.    0.2	3j98C  516  S
ENSP00000459646	rs11537609	tcT	tcC	S	S	5    	.    0.2	3j98D  513  S
ENSP00000459646	rs11537609	tcT	tcC	S	S	5    	.    0.2	3j98E  510  S
ENSP00000459646	rs11537609	tcT	tcC	S	S	5    	.    0.2	3j98F  494  S
ENSP00000459646	rs11537609	tcT	tcC	S	S	5    	.    0.2	3j99A  518  S
ENSP00000459646	rs11537609	tcT	tcC	S	S	5    	.    0.2	3j99B  512  S
ENSP00000459646	rs11537609	tcT	tcC	S	S	5    	.    0.2	3j99C  516  S
ENSP00000459646	rs11537609	tcT	tcC	S	S	5    	.    0.2	3j99D  513  S
ENSP00000459646	rs11537609	tcT	tcC	S	S	5    	.    0.2	3j99E  510  S
ENSP00000459646	rs11537609	tcT	tcC	S	S	5    	.    0.2	3j99F  494  S
ENSP00000459673	 rs8075035	ctA	ctG	L	L	100  	.   0.09	5u9aA   95  L
ENSP00000459673	 rs8075035	ctA	ctG	L	L	100  	.   0.09	5u9iA   91  L
ENSP00000459673	 rs8075035	ctA	ctG	L	L	100  	.   0.09	5u9jA   93  L
ENSP00000459673	 rs8075035	ctA	ctG	L	L	100  	.   0.09	5u9jB   93  L
ENSP00000459673	 rs8075035	ctA	ctG	L	L	100  	.   0.09	5u9kA   95  L
ENSP00000459673	 rs8075035	ctA	ctG	L	L	100  	.   0.09	5v35A   93  L
ENSP00000459673	rs12449580	Gac	Cac	D	H	90   	.   0.01	5u9aA   85  D
ENSP00000459673	rs12449580	Gac	Cac	D	H	90   	.   0.01	5u9iA   81  D
ENSP00000459673	rs12449580	Gac	Cac	D	H	90   	.   0.01	5u9jA   83  D
ENSP00000459673	rs12449580	Gac	Cac	D	H	90   	.   0.01	5u9jB   83  D
ENSP00000459673	rs12449580	Gac	Cac	D	H	90   	.   0.01	5u9kA   85  D
ENSP00000459673	rs12449580	Gac	Cac	D	H	90   	.   0.01	5v35A   83  D
ENSP00000459673	rs12449580	Gac	Aac	D	N	90   	.   0.01	5u9aA   85  D
ENSP00000459673	rs12449580	Gac	Aac	D	N	90   	.   0.01	5u9iA   81  D
ENSP00000459673	rs12449580	Gac	Aac	D	N	90   	.   0.01	5u9jA   83  D
ENSP00000459673	rs12449580	Gac	Aac	D	N	90   	.   0.01	5u9jB   83  D
ENSP00000459673	rs12449580	Gac	Aac	D	N	90   	.   0.01	5u9kA   85  D
ENSP00000459673	rs12449580	Gac	Aac	D	N	90   	.   0.01	5v35A   83  D
