ENSP00000459788	rs17338586	ccG	ccA	P	P	26   	.   0.03	1ewiA   39  P
ENSP00000459788	rs17338586	ccG	ccA	P	P	26   	.   0.03	2b29A   37  P
ENSP00000459788	rs17338586	ccG	ccA	P	P	26   	.   0.03	2b3gA   36  P
ENSP00000459788	rs17338586	ccG	ccA	P	P	26   	.   0.03	4ijhA   42  P
ENSP00000459788	rs17338586	ccG	ccA	P	P	26   	.   0.03	4ijlA   41  P
ENSP00000459788	rs17338586	ccG	ccA	P	P	26   	.   0.03	4ipcA   42  P
ENSP00000459788	rs17338586	ccG	ccA	P	P	26   	.   0.03	4ipdA   42  P
ENSP00000459788	rs17338586	ccG	ccA	P	P	26   	.   0.03	4ipgA   40  P
ENSP00000459788	rs17338586	ccG	ccA	P	P	26   	.   0.03	4iphA   42  P
ENSP00000459788	rs17338586	ccG	ccA	P	P	26   	.   0.03	4luoA   42  P
ENSP00000459788	rs17338586	ccG	ccA	P	P	26   	.   0.03	4luvA   42  P
ENSP00000459788	rs17338586	ccG	ccA	P	P	26   	.   0.03	4luzA   42  P
ENSP00000459788	rs17338586	ccG	ccA	P	P	26   	.   0.03	4lw1A   42  P
ENSP00000459788	rs17338586	ccG	ccA	P	P	26   	.   0.03	4lwcA   42  P
ENSP00000459788	rs17338586	ccG	ccA	P	P	26   	.   0.03	4nb3A   42  P
ENSP00000459788	rs17338586	ccG	ccA	P	P	26   	.   0.03	4nb3B   41  P
ENSP00000459788	rs17338586	ccG	ccA	P	P	26   	.   0.03	4o0aA   42  P
ENSP00000459788	rs17338586	ccG	ccA	P	P	26   	.   0.03	4r4cA   42  P
ENSP00000459788	rs17338586	ccG	ccA	P	P	26   	.   0.03	4r4iA   42  P
ENSP00000459788	rs17338586	ccG	ccA	P	P	26   	.   0.03	4r4oA   42  P
ENSP00000459788	rs17338586	ccG	ccA	P	P	26   	.   0.03	4r4qA   40  P
ENSP00000459788	rs17338586	ccG	ccA	P	P	26   	.   0.03	4r4tA   41  P
ENSP00000459788	rs17338586	ccG	ccA	P	P	26   	.   0.03	5e7nA   42  P
ENSP00000459788	rs17338586	ccG	ccA	P	P	26   	.   0.03	5eayA   34  P
ENSP00000459788	rs17338586	ccG	ccA	P	P	26   	.   0.03	5eayB   34  P
ENSP00000459788	rs17338586	ccG	ccA	P	P	26   	.   0.03	5eayC   31  P
ENSP00000459788	rs17338586	ccG	ccA	P	P	26   	.   0.03	5eayD   32  P
ENSP00000459788	rs17338586	ccG	ccA	P	P	26   	.   0.03	5n85A   40  P
ENSP00000459788	rs17338586	ccG	ccA	P	P	26   	.   0.03	5n8aB   40  P
ENSP00000459869	 rs1136287	aCg	aTg	T	M	72   	.   0.01	1imvA   37  M
ENSP00000459869	 rs8074840	acT	acC	T	T	130  	.   0.13	1imvA   95  T
ENSP00000459962	  rs224534	aCt	aTt	T	I	469  	.   0.02	3j5pA  358  T
ENSP00000459962	  rs224534	aCt	aTt	T	I	469  	.   0.02	3j5pB  358  T
ENSP00000459962	  rs224534	aCt	aTt	T	I	469  	.   0.02	3j5pC  358  T
ENSP00000459962	  rs224534	aCt	aTt	T	I	469  	.   0.02	3j5pD  358  T
ENSP00000459962	  rs224534	aCt	aTt	T	I	469  	.   0.02	3j5qA  358  T
ENSP00000459962	  rs224534	aCt	aTt	T	I	469  	.   0.02	3j5qB  358  T
ENSP00000459962	  rs224534	aCt	aTt	T	I	469  	.   0.02	3j5qC  358  T
ENSP00000459962	  rs224534	aCt	aTt	T	I	469  	.   0.02	3j5qD  358  T
ENSP00000459962	  rs224534	aCt	aTt	T	I	469  	.   0.02	3j5rA  358  T
ENSP00000459962	  rs224534	aCt	aTt	T	I	469  	.   0.02	3j5rB  358  T
ENSP00000459962	  rs224534	aCt	aTt	T	I	469  	.   0.02	3j5rC  358  T
ENSP00000459962	  rs224534	aCt	aTt	T	I	469  	.   0.02	3j5rD  358  T
ENSP00000459962	  rs224534	aCt	aTt	T	I	469  	.   0.02	3j9jA   88  T
ENSP00000459962	  rs224534	aCt	aTt	T	I	469  	.   0.02	3j9jB   88  T
ENSP00000459962	  rs224534	aCt	aTt	T	I	469  	.   0.02	3j9jC   88  T
ENSP00000459962	  rs224534	aCt	aTt	T	I	469  	.   0.02	3j9jD   88  T
ENSP00000459962	  rs224534	aCt	aTt	T	I	469  	.   0.02	5irxA  134  T
ENSP00000459962	  rs224534	aCt	aTt	T	I	469  	.   0.02	5irxB  134  T
ENSP00000459962	  rs224534	aCt	aTt	T	I	469  	.   0.02	5irxC  134  T
ENSP00000459962	  rs224534	aCt	aTt	T	I	469  	.   0.02	5irxD  134  T
ENSP00000459962	  rs224534	aCt	aTt	T	I	469  	.   0.02	5irzA  134  T
ENSP00000459962	  rs224534	aCt	aTt	T	I	469  	.   0.02	5irzB  134  T
ENSP00000459962	  rs224534	aCt	aTt	T	I	469  	.   0.02	5irzC  134  T
ENSP00000459962	  rs224534	aCt	aTt	T	I	469  	.   0.02	5irzD  134  T
ENSP00000459962	  rs224534	aCt	aTt	T	I	469  	.   0.02	5is0A  134  T
ENSP00000459962	  rs224534	aCt	aTt	T	I	469  	.   0.02	5is0B  134  T
ENSP00000459962	  rs224534	aCt	aTt	T	I	469  	.   0.02	5is0C  134  T
ENSP00000459962	  rs224534	aCt	aTt	T	I	469  	.   0.02	5is0D  134  T
ENSP00000460045	 rs2307240	aGc	aAc	S	N	75   	.   0.03	1k4yA   53  S
ENSP00000460045	 rs2307240	aGc	aAc	S	N	75   	.   0.03	1mx1A   55  S
ENSP00000460045	 rs2307240	aGc	aAc	S	N	75   	.   0.03	1mx1B   54  S
ENSP00000460045	 rs2307240	aGc	aAc	S	N	75   	.   0.03	1mx1C   54  S
ENSP00000460045	 rs2307240	aGc	aAc	S	N	75   	.   0.03	1mx1D   54  S
ENSP00000460045	 rs2307240	aGc	aAc	S	N	75   	.   0.03	1mx1E   54  S
ENSP00000460045	 rs2307240	aGc	aAc	S	N	75   	.   0.03	1mx1F   54  S
ENSP00000460045	 rs2307240	aGc	aAc	S	N	75   	.   0.03	1mx5A   55  S
ENSP00000460045	 rs2307240	aGc	aAc	S	N	75   	.   0.03	1mx5B   54  S
ENSP00000460045	 rs2307240	aGc	aAc	S	N	75   	.   0.03	1mx5C   54  S
ENSP00000460045	 rs2307240	aGc	aAc	S	N	75   	.   0.03	1mx5D   55  S
ENSP00000460045	 rs2307240	aGc	aAc	S	N	75   	.   0.03	1mx5E   54  S
ENSP00000460045	 rs2307240	aGc	aAc	S	N	75   	.   0.03	1mx5F   54  S
ENSP00000460045	 rs2307240	aGc	aAc	S	N	75   	.   0.03	1mx9A   55  S
ENSP00000460045	 rs2307240	aGc	aAc	S	N	75   	.   0.03	1mx9B   55  S
ENSP00000460045	 rs2307240	aGc	aAc	S	N	75   	.   0.03	1mx9C   54  S
ENSP00000460045	 rs2307240	aGc	aAc	S	N	75   	.   0.03	1mx9D   55  S
ENSP00000460045	 rs2307240	aGc	aAc	S	N	75   	.   0.03	1mx9E   54  S
ENSP00000460045	 rs2307240	aGc	aAc	S	N	75   	.   0.03	1mx9F   54  S
ENSP00000460045	 rs2307240	aGc	aAc	S	N	75   	.   0.03	1mx9G   55  S
ENSP00000460045	 rs2307240	aGc	aAc	S	N	75   	.   0.03	1mx9H   54  S
ENSP00000460045	 rs2307240	aGc	aAc	S	N	75   	.   0.03	1mx9I   54  S
ENSP00000460045	 rs2307240	aGc	aAc	S	N	75   	.   0.03	1mx9J   55  S
ENSP00000460045	 rs2307240	aGc	aAc	S	N	75   	.   0.03	1mx9K   54  S
ENSP00000460045	 rs2307240	aGc	aAc	S	N	75   	.   0.03	1mx9L   54  S
ENSP00000460045	 rs2307240	aGc	aAc	S	N	75   	.   0.03	1ya4A   54  S
ENSP00000460045	 rs2307240	aGc	aAc	S	N	75   	.   0.03	1ya4B   55  S
ENSP00000460045	 rs2307240	aGc	aAc	S	N	75   	.   0.03	1ya4C   55  S
ENSP00000460045	 rs2307240	aGc	aAc	S	N	75   	.   0.03	1ya8A   55  S
ENSP00000460045	 rs2307240	aGc	aAc	S	N	75   	.   0.03	1ya8B   55  S
ENSP00000460045	 rs2307240	aGc	aAc	S	N	75   	.   0.03	1ya8C   55  S
ENSP00000460045	 rs2307240	aGc	aAc	S	N	75   	.   0.03	1yahA   55  S
ENSP00000460045	 rs2307240	aGc	aAc	S	N	75   	.   0.03	1yahB   55  S
ENSP00000460045	 rs2307240	aGc	aAc	S	N	75   	.   0.03	1yahC   55  S
ENSP00000460045	 rs2307240	aGc	aAc	S	N	75   	.   0.03	1yajA   55  S
ENSP00000460045	 rs2307240	aGc	aAc	S	N	75   	.   0.03	1yajB   55  S
ENSP00000460045	 rs2307240	aGc	aAc	S	N	75   	.   0.03	1yajC   55  S
ENSP00000460045	 rs2307240	aGc	aAc	S	N	75   	.   0.03	1yajD   55  S
ENSP00000460045	 rs2307240	aGc	aAc	S	N	75   	.   0.03	1yajE   55  S
ENSP00000460045	 rs2307240	aGc	aAc	S	N	75   	.   0.03	1yajF   55  S
ENSP00000460045	 rs2307240	aGc	aAc	S	N	75   	.   0.03	1yajG   55  S
ENSP00000460045	 rs2307240	aGc	aAc	S	N	75   	.   0.03	1yajH   55  S
ENSP00000460045	 rs2307240	aGc	aAc	S	N	75   	.   0.03	1yajI   55  S
ENSP00000460045	 rs2307240	aGc	aAc	S	N	75   	.   0.03	1yajJ   55  S
ENSP00000460045	 rs2307240	aGc	aAc	S	N	75   	.   0.03	1yajK   55  S
ENSP00000460045	 rs2307240	aGc	aAc	S	N	75   	.   0.03	1yajL   55  S
ENSP00000460045	 rs2307240	aGc	aAc	S	N	75   	.   0.03	2dqyA   55  S
ENSP00000460045	 rs2307240	aGc	aAc	S	N	75   	.   0.03	2dqyB   55  S
ENSP00000460045	 rs2307240	aGc	aAc	S	N	75   	.   0.03	2dqyC   55  S
ENSP00000460045	 rs2307240	aGc	aAc	S	N	75   	.   0.03	2dqzA   55  S
ENSP00000460045	 rs2307240	aGc	aAc	S	N	75   	.   0.03	2dqzB   55  S
ENSP00000460045	 rs2307240	aGc	aAc	S	N	75   	.   0.03	2dqzC   55  S
ENSP00000460045	 rs2307240	aGc	aAc	S	N	75   	.   0.03	2dr0A   55  S
ENSP00000460045	 rs2307240	aGc	aAc	S	N	75   	.   0.03	2dr0B   55  S
ENSP00000460045	 rs2307240	aGc	aAc	S	N	75   	.   0.03	2dr0C   55  S
ENSP00000460045	 rs2307240	aGc	aAc	S	N	75   	.   0.03	2h7cA   55  S
ENSP00000460045	 rs2307240	aGc	aAc	S	N	75   	.   0.03	2h7cB   54  S
ENSP00000460045	 rs2307240	aGc	aAc	S	N	75   	.   0.03	2h7cC   54  S
ENSP00000460045	 rs2307240	aGc	aAc	S	N	75   	.   0.03	2h7cD   55  S
ENSP00000460045	 rs2307240	aGc	aAc	S	N	75   	.   0.03	2h7cE   54  S
ENSP00000460045	 rs2307240	aGc	aAc	S	N	75   	.   0.03	2h7cF   54  S
ENSP00000460045	 rs2307240	aGc	aAc	S	N	75   	.   0.03	2hrqA   55  S
ENSP00000460045	 rs2307240	aGc	aAc	S	N	75   	.   0.03	2hrqB   54  S
ENSP00000460045	 rs2307240	aGc	aAc	S	N	75   	.   0.03	2hrqC   54  S
ENSP00000460045	 rs2307240	aGc	aAc	S	N	75   	.   0.03	2hrqD   55  S
ENSP00000460045	 rs2307240	aGc	aAc	S	N	75   	.   0.03	2hrqE   54  S
ENSP00000460045	 rs2307240	aGc	aAc	S	N	75   	.   0.03	2hrqF   54  S
ENSP00000460045	 rs2307240	aGc	aAc	S	N	75   	.   0.03	2hrrA   55  S
ENSP00000460045	 rs2307240	aGc	aAc	S	N	75   	.   0.03	2hrrB   54  S
ENSP00000460045	 rs2307240	aGc	aAc	S	N	75   	.   0.03	2hrrC   54  S
ENSP00000460045	 rs2307240	aGc	aAc	S	N	75   	.   0.03	3k9bA   52  S
ENSP00000460045	 rs2307240	aGc	aAc	S	N	75   	.   0.03	3k9bB   52  S
ENSP00000460045	 rs2307240	aGc	aAc	S	N	75   	.   0.03	3k9bC   47  S
ENSP00000460045	 rs2307240	aGc	aAc	S	N	75   	.   0.03	4ab1A   54  S
ENSP00000460045	rs71647871	gGg	gAg	G	E	143  	.    0.0	1k4yA  121  G
ENSP00000460045	rs71647871	gGg	gAg	G	E	143  	.    0.0	1mx1A  123  G
ENSP00000460045	rs71647871	gGg	gAg	G	E	143  	.    0.0	1mx1B  122  G
ENSP00000460045	rs71647871	gGg	gAg	G	E	143  	.    0.0	1mx1C  122  G
ENSP00000460045	rs71647871	gGg	gAg	G	E	143  	.    0.0	1mx1D  122  G
ENSP00000460045	rs71647871	gGg	gAg	G	E	143  	.    0.0	1mx1E  122  G
ENSP00000460045	rs71647871	gGg	gAg	G	E	143  	.    0.0	1mx1F  122  G
ENSP00000460045	rs71647871	gGg	gAg	G	E	143  	.    0.0	1mx5A  123  G
ENSP00000460045	rs71647871	gGg	gAg	G	E	143  	.    0.0	1mx5B  122  G
ENSP00000460045	rs71647871	gGg	gAg	G	E	143  	.    0.0	1mx5C  122  G
ENSP00000460045	rs71647871	gGg	gAg	G	E	143  	.    0.0	1mx5D  123  G
ENSP00000460045	rs71647871	gGg	gAg	G	E	143  	.    0.0	1mx5E  122  G
ENSP00000460045	rs71647871	gGg	gAg	G	E	143  	.    0.0	1mx5F  122  G
ENSP00000460045	rs71647871	gGg	gAg	G	E	143  	.    0.0	1mx9A  123  G
ENSP00000460045	rs71647871	gGg	gAg	G	E	143  	.    0.0	1mx9B  123  G
ENSP00000460045	rs71647871	gGg	gAg	G	E	143  	.    0.0	1mx9C  122  G
ENSP00000460045	rs71647871	gGg	gAg	G	E	143  	.    0.0	1mx9D  123  G
ENSP00000460045	rs71647871	gGg	gAg	G	E	143  	.    0.0	1mx9E  122  G
ENSP00000460045	rs71647871	gGg	gAg	G	E	143  	.    0.0	1mx9F  122  G
ENSP00000460045	rs71647871	gGg	gAg	G	E	143  	.    0.0	1mx9G  123  G
ENSP00000460045	rs71647871	gGg	gAg	G	E	143  	.    0.0	1mx9H  122  G
ENSP00000460045	rs71647871	gGg	gAg	G	E	143  	.    0.0	1mx9I  122  G
ENSP00000460045	rs71647871	gGg	gAg	G	E	143  	.    0.0	1mx9J  123  G
ENSP00000460045	rs71647871	gGg	gAg	G	E	143  	.    0.0	1mx9K  122  G
ENSP00000460045	rs71647871	gGg	gAg	G	E	143  	.    0.0	1mx9L  122  G
ENSP00000460045	rs71647871	gGg	gAg	G	E	143  	.    0.0	1ya4A  122  G
ENSP00000460045	rs71647871	gGg	gAg	G	E	143  	.    0.0	1ya4B  123  G
ENSP00000460045	rs71647871	gGg	gAg	G	E	143  	.    0.0	1ya4C  123  G
ENSP00000460045	rs71647871	gGg	gAg	G	E	143  	.    0.0	1ya8A  123  G
ENSP00000460045	rs71647871	gGg	gAg	G	E	143  	.    0.0	1ya8B  123  G
ENSP00000460045	rs71647871	gGg	gAg	G	E	143  	.    0.0	1ya8C  123  G
ENSP00000460045	rs71647871	gGg	gAg	G	E	143  	.    0.0	1yahA  123  G
ENSP00000460045	rs71647871	gGg	gAg	G	E	143  	.    0.0	1yahB  123  G
ENSP00000460045	rs71647871	gGg	gAg	G	E	143  	.    0.0	1yahC  123  G
ENSP00000460045	rs71647871	gGg	gAg	G	E	143  	.    0.0	1yajA  123  G
ENSP00000460045	rs71647871	gGg	gAg	G	E	143  	.    0.0	1yajB  123  G
ENSP00000460045	rs71647871	gGg	gAg	G	E	143  	.    0.0	1yajC  123  G
ENSP00000460045	rs71647871	gGg	gAg	G	E	143  	.    0.0	1yajD  123  G
ENSP00000460045	rs71647871	gGg	gAg	G	E	143  	.    0.0	1yajE  123  G
ENSP00000460045	rs71647871	gGg	gAg	G	E	143  	.    0.0	1yajF  123  G
ENSP00000460045	rs71647871	gGg	gAg	G	E	143  	.    0.0	1yajG  123  G
ENSP00000460045	rs71647871	gGg	gAg	G	E	143  	.    0.0	1yajH  123  G
ENSP00000460045	rs71647871	gGg	gAg	G	E	143  	.    0.0	1yajI  123  G
ENSP00000460045	rs71647871	gGg	gAg	G	E	143  	.    0.0	1yajJ  123  G
ENSP00000460045	rs71647871	gGg	gAg	G	E	143  	.    0.0	1yajK  123  G
ENSP00000460045	rs71647871	gGg	gAg	G	E	143  	.    0.0	1yajL  123  G
ENSP00000460045	rs71647871	gGg	gAg	G	E	143  	.    0.0	2dqyA  123  G
ENSP00000460045	rs71647871	gGg	gAg	G	E	143  	.    0.0	2dqyB  123  G
ENSP00000460045	rs71647871	gGg	gAg	G	E	143  	.    0.0	2dqyC  123  G
ENSP00000460045	rs71647871	gGg	gAg	G	E	143  	.    0.0	2dqzA  123  G
ENSP00000460045	rs71647871	gGg	gAg	G	E	143  	.    0.0	2dqzB  123  G
ENSP00000460045	rs71647871	gGg	gAg	G	E	143  	.    0.0	2dqzC  123  G
ENSP00000460045	rs71647871	gGg	gAg	G	E	143  	.    0.0	2dr0A  123  G
ENSP00000460045	rs71647871	gGg	gAg	G	E	143  	.    0.0	2dr0B  123  G
ENSP00000460045	rs71647871	gGg	gAg	G	E	143  	.    0.0	2dr0C  123  G
ENSP00000460045	rs71647871	gGg	gAg	G	E	143  	.    0.0	2h7cA  123  G
ENSP00000460045	rs71647871	gGg	gAg	G	E	143  	.    0.0	2h7cB  122  G
ENSP00000460045	rs71647871	gGg	gAg	G	E	143  	.    0.0	2h7cC  122  G
ENSP00000460045	rs71647871	gGg	gAg	G	E	143  	.    0.0	2h7cD  123  G
ENSP00000460045	rs71647871	gGg	gAg	G	E	143  	.    0.0	2h7cE  122  G
ENSP00000460045	rs71647871	gGg	gAg	G	E	143  	.    0.0	2h7cF  122  G
ENSP00000460045	rs71647871	gGg	gAg	G	E	143  	.    0.0	2hrqA  123  G
ENSP00000460045	rs71647871	gGg	gAg	G	E	143  	.    0.0	2hrqB  122  G
ENSP00000460045	rs71647871	gGg	gAg	G	E	143  	.    0.0	2hrqC  122  G
ENSP00000460045	rs71647871	gGg	gAg	G	E	143  	.    0.0	2hrqD  123  G
ENSP00000460045	rs71647871	gGg	gAg	G	E	143  	.    0.0	2hrqE  122  G
ENSP00000460045	rs71647871	gGg	gAg	G	E	143  	.    0.0	2hrqF  122  G
ENSP00000460045	rs71647871	gGg	gAg	G	E	143  	.    0.0	2hrrA  123  G
ENSP00000460045	rs71647871	gGg	gAg	G	E	143  	.    0.0	2hrrB  122  G
ENSP00000460045	rs71647871	gGg	gAg	G	E	143  	.    0.0	2hrrC  122  G
ENSP00000460045	rs71647871	gGg	gAg	G	E	143  	.    0.0	3k9bA  120  G
ENSP00000460045	rs71647871	gGg	gAg	G	E	143  	.    0.0	3k9bB  120  G
ENSP00000460045	rs71647871	gGg	gAg	G	E	143  	.    0.0	3k9bC  115  G
ENSP00000460045	rs71647871	gGg	gAg	G	E	143  	.    0.0	4ab1A  122  G
ENSP00000460049	 rs7193541	Att	Gtt	I	V	564  	.   0.01	6cvzA  131  I
ENSP00000460049	 rs7193541	Att	Gtt	I	V	564  	.   0.01	6cvzB  124  I
ENSP00000460049	 rs7193541	Att	Gtt	I	V	564  	.   0.01	6cvzC  126  I
ENSP00000460134	 rs8075035	ctA	ctG	L	L	100  	.   0.09	5u9aA   95  L
ENSP00000460134	 rs8075035	ctA	ctG	L	L	100  	.   0.09	5u9iA   91  L
ENSP00000460134	 rs8075035	ctA	ctG	L	L	100  	.   0.09	5u9jA   93  L
ENSP00000460134	 rs8075035	ctA	ctG	L	L	100  	.   0.09	5u9jB   93  L
ENSP00000460134	 rs8075035	ctA	ctG	L	L	100  	.   0.09	5u9kA   95  L
ENSP00000460134	 rs8075035	ctA	ctG	L	L	100  	.   0.09	5v35A   93  L
ENSP00000460134	rs12449580	Gac	Cac	D	H	90   	.   0.01	5u9aA   85  D
ENSP00000460134	rs12449580	Gac	Cac	D	H	90   	.   0.01	5u9iA   81  D
ENSP00000460134	rs12449580	Gac	Cac	D	H	90   	.   0.01	5u9jA   83  D
ENSP00000460134	rs12449580	Gac	Cac	D	H	90   	.   0.01	5u9jB   83  D
ENSP00000460134	rs12449580	Gac	Cac	D	H	90   	.   0.01	5u9kA   85  D
ENSP00000460134	rs12449580	Gac	Cac	D	H	90   	.   0.01	5v35A   83  D
ENSP00000460134	rs12449580	Gac	Aac	D	N	90   	.   0.01	5u9aA   85  D
ENSP00000460134	rs12449580	Gac	Aac	D	N	90   	.   0.01	5u9iA   81  D
ENSP00000460134	rs12449580	Gac	Aac	D	N	90   	.   0.01	5u9jA   83  D
ENSP00000460134	rs12449580	Gac	Aac	D	N	90   	.   0.01	5u9jB   83  D
ENSP00000460134	rs12449580	Gac	Aac	D	N	90   	.   0.01	5u9kA   85  D
ENSP00000460134	rs12449580	Gac	Aac	D	N	90   	.   0.01	5v35A   83  D
ENSP00000460180	 rs1134074	aaC	aaT	N	N	38   	.   0.11	3ewsA   70  A
ENSP00000460180	 rs1134074	aaC	aaT	N	N	38   	.   0.11	3ewsB   64  A
ENSP00000460180	 rs1134074	aaC	aaT	N	N	38   	.   0.11	3fhcB   48  A
ENSP00000460180	 rs1134074	aaC	aaT	N	N	38   	.   0.11	3fhtA   48  A
ENSP00000460180	 rs1134074	aaC	aaT	N	N	38   	.   0.11	3fhtB   48  A
ENSP00000460180	 rs1134074	aaC	aaT	N	N	38   	.   0.11	3fmoB   54  A
ENSP00000460180	 rs1134074	aaC	aaT	N	N	38   	.   0.11	3fmpB   53  A
ENSP00000460180	 rs1134074	aaC	aaT	N	N	38   	.   0.11	3fmpD   53  A
ENSP00000460180	 rs1134074	aaC	aaT	N	N	38   	.   0.11	3g0hA   63  A
ENSP00000460180	 rs1134074	aaC	aaT	N	N	38   	.   0.11	6b4iE   68  A
ENSP00000460180	 rs1134074	aaC	aaT	N	N	38   	.   0.11	6b4iF   69  A
ENSP00000460180	 rs1134074	aaC	aaT	N	N	38   	.   0.11	6b4jE   69  A
ENSP00000460180	 rs1134074	aaC	aaT	N	N	38   	.   0.11	6b4jF   69  A
ENSP00000460180	 rs1134074	aaC	aaT	N	N	38   	.   0.11	6b4kA   69  A
ENSP00000460180	 rs1134074	aaC	aaT	N	N	38   	.   0.11	6b4kB   69  A
ENSP00000460215	  rs395357	acG	acA	T	T	312  	.   0.04	4n5qA  196  T
ENSP00000460215	  rs395357	acG	acA	T	T	312  	.   0.04	4n5qB  196  T
ENSP00000460215	  rs395357	acG	acA	T	T	312  	.   0.04	6dvwA  198  T
ENSP00000460215	  rs395357	acG	acA	T	T	312  	.   0.04	6dvwB  198  T
ENSP00000460215	  rs395357	acG	acA	T	T	312  	.   0.04	6dvwC  198  T
ENSP00000460215	  rs395357	acG	acA	T	T	312  	.   0.04	6dvwD  198  T
ENSP00000460215	  rs395357	acG	acA	T	T	312  	.   0.04	6dvyA  198  T
ENSP00000460215	  rs395357	acG	acA	T	T	312  	.   0.04	6dvyB  198  T
ENSP00000460215	  rs395357	acG	acA	T	T	312  	.   0.04	6dvyC  198  T
ENSP00000460215	  rs395357	acG	acA	T	T	312  	.   0.04	6dvyD  198  T
ENSP00000460215	  rs395357	acG	acA	T	T	312  	.   0.04	6dvzA  198  T
ENSP00000460215	  rs395357	acG	acA	T	T	312  	.   0.04	6dvzB  198  T
ENSP00000460215	  rs395357	acG	acA	T	T	312  	.   0.04	6dvzC  198  T
ENSP00000460215	  rs395357	acG	acA	T	T	312  	.   0.04	6dvzD  198  T
ENSP00000460215	rs11078458	atA	atT	I	I	186  	.   0.01	4n5qA   70  I
ENSP00000460215	rs11078458	atA	atT	I	I	186  	.   0.01	4n5qB   70  I
ENSP00000460215	rs11078458	atA	atT	I	I	186  	.   0.01	6dvwA   72  I
ENSP00000460215	rs11078458	atA	atT	I	I	186  	.   0.01	6dvwB   72  I
ENSP00000460215	rs11078458	atA	atT	I	I	186  	.   0.01	6dvwC   72  I
ENSP00000460215	rs11078458	atA	atT	I	I	186  	.   0.01	6dvwD   72  I
ENSP00000460215	rs11078458	atA	atT	I	I	186  	.   0.01	6dvyA   72  I
ENSP00000460215	rs11078458	atA	atT	I	I	186  	.   0.01	6dvyB   72  I
ENSP00000460215	rs11078458	atA	atT	I	I	186  	.   0.01	6dvyC   72  I
ENSP00000460215	rs11078458	atA	atT	I	I	186  	.   0.01	6dvyD   72  I
ENSP00000460215	rs11078458	atA	atT	I	I	186  	.   0.01	6dvzA   72  I
ENSP00000460215	rs11078458	atA	atT	I	I	186  	.   0.01	6dvzB   72  I
ENSP00000460215	rs11078458	atA	atT	I	I	186  	.   0.01	6dvzC   72  I
ENSP00000460215	rs11078458	atA	atT	I	I	186  	.   0.01	6dvzD   72  I
ENSP00000460215	rs11078458	atA	atC	I	I	186  	.   0.01	4n5qA   70  I
ENSP00000460215	rs11078458	atA	atC	I	I	186  	.   0.01	4n5qB   70  I
ENSP00000460215	rs11078458	atA	atC	I	I	186  	.   0.01	6dvwA   72  I
ENSP00000460215	rs11078458	atA	atC	I	I	186  	.   0.01	6dvwB   72  I
ENSP00000460215	rs11078458	atA	atC	I	I	186  	.   0.01	6dvwC   72  I
ENSP00000460215	rs11078458	atA	atC	I	I	186  	.   0.01	6dvwD   72  I
ENSP00000460215	rs11078458	atA	atC	I	I	186  	.   0.01	6dvyA   72  I
ENSP00000460215	rs11078458	atA	atC	I	I	186  	.   0.01	6dvyB   72  I
ENSP00000460215	rs11078458	atA	atC	I	I	186  	.   0.01	6dvyC   72  I
ENSP00000460215	rs11078458	atA	atC	I	I	186  	.   0.01	6dvyD   72  I
ENSP00000460215	rs11078458	atA	atC	I	I	186  	.   0.01	6dvzA   72  I
ENSP00000460215	rs11078458	atA	atC	I	I	186  	.   0.01	6dvzB   72  I
ENSP00000460215	rs11078458	atA	atC	I	I	186  	.   0.01	6dvzC   72  I
ENSP00000460215	rs11078458	atA	atC	I	I	186  	.   0.01	6dvzD   72  I
ENSP00000460219	    rs6258	cCg	cAg	P	Q	158  	.   0.05	1d2sA  138  P
ENSP00000460219	    rs6258	cCg	cAg	P	Q	158  	.   0.05	1f5fA  140  P
ENSP00000460219	    rs6258	cCg	cAg	P	Q	158  	.   0.05	1kdkA  145  P
ENSP00000460219	    rs6258	cCg	cAg	P	Q	158  	.   0.05	1kdmA  145  P
ENSP00000460219	    rs6258	cCg	cAg	P	Q	158  	.   0.05	1lhnA  143  P
ENSP00000460219	    rs6258	cCg	cAg	P	Q	158  	.   0.05	1lhoA  144  P
ENSP00000460219	    rs6258	cCg	cAg	P	Q	158  	.   0.05	1lhuA  143  P
ENSP00000460219	    rs6258	cCg	cAg	P	Q	158  	.   0.05	1lhvA  140  P
ENSP00000460219	    rs6258	cCg	cAg	P	Q	158  	.   0.05	1lhwA  141  P
ENSP00000460219	    rs6258	cCg	cTg	P	L	158  	.   0.05	1d2sA  138  P
ENSP00000460219	    rs6258	cCg	cTg	P	L	158  	.   0.05	1f5fA  140  P
ENSP00000460219	    rs6258	cCg	cTg	P	L	158  	.   0.05	1kdkA  145  P
ENSP00000460219	    rs6258	cCg	cTg	P	L	158  	.   0.05	1kdmA  145  P
ENSP00000460219	    rs6258	cCg	cTg	P	L	158  	.   0.05	1lhnA  143  P
ENSP00000460219	    rs6258	cCg	cTg	P	L	158  	.   0.05	1lhoA  144  P
ENSP00000460219	    rs6258	cCg	cTg	P	L	158  	.   0.05	1lhuA  143  P
ENSP00000460219	    rs6258	cCg	cTg	P	L	158  	.   0.05	1lhvA  140  P
ENSP00000460219	    rs6258	cCg	cTg	P	L	158  	.   0.05	1lhwA  141  P
ENSP00000460236	 rs2303973	caA	caG	Q	Q	288  	.   0.04	3q13A   97  Q
ENSP00000460332	 rs9904554	ggC	ggT	G	G	515  	.   0.03	4nreA  588  G
ENSP00000460454	 rs3208659	Aat	Cat	N	H	213  	*   0.97	4rg6A  394  H
ENSP00000460454	 rs3208659	Aat	Cat	N	H	213  	*   0.97	4rg6B  393  H
ENSP00000460454	 rs3208659	Aat	Cat	N	H	213  	*   0.97	4rg7A  392  H
ENSP00000460454	 rs3208659	Aat	Cat	N	H	213  	*   0.97	4rg7B  431  I
ENSP00000460454	 rs3208659	Aat	Cat	N	H	213  	*   0.97	4rg9A  389  N
ENSP00000460454	 rs3208659	Aat	Cat	N	H	213  	*   0.97	4rg9B  390  N
ENSP00000460454	 rs3208659	Aat	Cat	N	H	213  	*   0.97	4ui9F  396  H
ENSP00000460454	 rs3208659	Aat	Cat	N	H	213  	*   0.97	4ui9H  396  H
ENSP00000460454	 rs3208659	Aat	Cat	N	H	213  	*   0.97	5a31F  396  H
ENSP00000460454	 rs3208659	Aat	Cat	N	H	213  	*   0.97	5a31H  396  H
ENSP00000460454	 rs3208659	Aat	Cat	N	H	213  	*   0.97	5g04F  396  H
ENSP00000460454	 rs3208659	Aat	Cat	N	H	213  	*   0.97	5g04H  396  H
ENSP00000460454	 rs3208659	Aat	Cat	N	H	213  	*   0.97	5g05F  393  H
ENSP00000460454	 rs3208659	Aat	Cat	N	H	213  	*   0.97	5g05H  401  H
ENSP00000460454	 rs3208659	Aat	Cat	N	H	213  	*   0.97	5lcwF  396  H
ENSP00000460454	 rs3208659	Aat	Cat	N	H	213  	*   0.97	5lcwH  396  H
ENSP00000460482	  rs887241	Tca	Gca	S	A	61   	.   0.01	1ad3A  132  A
ENSP00000460482	  rs887241	Tca	Gca	S	A	61   	.   0.01	1ad3B  132  A
ENSP00000460482	  rs887241	Tca	Gca	S	A	61   	.   0.01	3szaA  133  A
ENSP00000460482	  rs887241	Tca	Gca	S	A	61   	.   0.01	3szaB  133  A
ENSP00000460482	  rs887241	Tca	Gca	S	A	61   	.   0.01	3szbA  133  A
ENSP00000460482	  rs887241	Tca	Gca	S	A	61   	.   0.01	3szbB  133  A
ENSP00000460482	  rs887241	Tca	Gca	S	A	61   	.   0.01	4h80A  133  A
ENSP00000460482	  rs887241	Tca	Gca	S	A	61   	.   0.01	4h80B  133  A
ENSP00000460482	  rs887241	Tca	Gca	S	A	61   	.   0.01	4h80C  133  A
ENSP00000460482	  rs887241	Tca	Gca	S	A	61   	.   0.01	4h80D  133  A
ENSP00000460482	  rs887241	Tca	Gca	S	A	61   	.   0.01	4h80E  133  A
ENSP00000460482	  rs887241	Tca	Gca	S	A	61   	.   0.01	4h80F  133  A
ENSP00000460482	  rs887241	Tca	Gca	S	A	61   	.   0.01	4h80G  133  A
ENSP00000460482	  rs887241	Tca	Gca	S	A	61   	.   0.01	4h80H  133  A
ENSP00000460482	  rs887241	Tca	Gca	S	A	61   	.   0.01	4l1oA  133  A
ENSP00000460482	  rs887241	Tca	Gca	S	A	61   	.   0.01	4l1oB  133  A
ENSP00000460482	  rs887241	Tca	Gca	S	A	61   	.   0.01	4l2oA  133  A
ENSP00000460482	  rs887241	Tca	Gca	S	A	61   	.   0.01	4l2oB  133  A
ENSP00000460482	  rs887241	Tca	Gca	S	A	61   	.   0.01	4l2oC  133  A
ENSP00000460482	  rs887241	Tca	Gca	S	A	61   	.   0.01	4l2oD  133  A
ENSP00000460482	  rs887241	Tca	Aca	S	T	61   	.   0.01	1ad3A  132  A
ENSP00000460482	  rs887241	Tca	Aca	S	T	61   	.   0.01	1ad3B  132  A
ENSP00000460482	  rs887241	Tca	Aca	S	T	61   	.   0.01	3szaA  133  A
ENSP00000460482	  rs887241	Tca	Aca	S	T	61   	.   0.01	3szaB  133  A
ENSP00000460482	  rs887241	Tca	Aca	S	T	61   	.   0.01	3szbA  133  A
ENSP00000460482	  rs887241	Tca	Aca	S	T	61   	.   0.01	3szbB  133  A
ENSP00000460482	  rs887241	Tca	Aca	S	T	61   	.   0.01	4h80A  133  A
ENSP00000460482	  rs887241	Tca	Aca	S	T	61   	.   0.01	4h80B  133  A
ENSP00000460482	  rs887241	Tca	Aca	S	T	61   	.   0.01	4h80C  133  A
ENSP00000460482	  rs887241	Tca	Aca	S	T	61   	.   0.01	4h80D  133  A
ENSP00000460482	  rs887241	Tca	Aca	S	T	61   	.   0.01	4h80E  133  A
ENSP00000460482	  rs887241	Tca	Aca	S	T	61   	.   0.01	4h80F  133  A
ENSP00000460482	  rs887241	Tca	Aca	S	T	61   	.   0.01	4h80G  133  A
ENSP00000460482	  rs887241	Tca	Aca	S	T	61   	.   0.01	4h80H  133  A
ENSP00000460482	  rs887241	Tca	Aca	S	T	61   	.   0.01	4l1oA  133  A
ENSP00000460482	  rs887241	Tca	Aca	S	T	61   	.   0.01	4l1oB  133  A
ENSP00000460482	  rs887241	Tca	Aca	S	T	61   	.   0.01	4l2oA  133  A
ENSP00000460482	  rs887241	Tca	Aca	S	T	61   	.   0.01	4l2oB  133  A
ENSP00000460482	  rs887241	Tca	Aca	S	T	61   	.   0.01	4l2oC  133  A
ENSP00000460482	  rs887241	Tca	Aca	S	T	61   	.   0.01	4l2oD  133  A
ENSP00000460482	 rs2228100	Ccg	Gcg	P	A	256  	.   0.08	1ad3A  327  P
ENSP00000460482	 rs2228100	Ccg	Gcg	P	A	256  	.   0.08	1ad3B  327  P
ENSP00000460482	 rs2228100	Ccg	Gcg	P	A	256  	.   0.08	3szaA  328  P
ENSP00000460482	 rs2228100	Ccg	Gcg	P	A	256  	.   0.08	3szaB  328  P
ENSP00000460482	 rs2228100	Ccg	Gcg	P	A	256  	.   0.08	3szbA  328  P
ENSP00000460482	 rs2228100	Ccg	Gcg	P	A	256  	.   0.08	3szbB  328  P
ENSP00000460482	 rs2228100	Ccg	Gcg	P	A	256  	.   0.08	4h80A  328  P
ENSP00000460482	 rs2228100	Ccg	Gcg	P	A	256  	.   0.08	4h80B  328  P
ENSP00000460482	 rs2228100	Ccg	Gcg	P	A	256  	.   0.08	4h80C  328  P
ENSP00000460482	 rs2228100	Ccg	Gcg	P	A	256  	.   0.08	4h80D  328  P
ENSP00000460482	 rs2228100	Ccg	Gcg	P	A	256  	.   0.08	4h80E  328  P
ENSP00000460482	 rs2228100	Ccg	Gcg	P	A	256  	.   0.08	4h80F  328  P
ENSP00000460482	 rs2228100	Ccg	Gcg	P	A	256  	.   0.08	4h80G  328  P
ENSP00000460482	 rs2228100	Ccg	Gcg	P	A	256  	.   0.08	4h80H  328  P
ENSP00000460482	 rs2228100	Ccg	Gcg	P	A	256  	.   0.08	4l1oA  328  P
ENSP00000460482	 rs2228100	Ccg	Gcg	P	A	256  	.   0.08	4l1oB  328  P
ENSP00000460482	 rs2228100	Ccg	Gcg	P	A	256  	.   0.08	4l2oA  328  P
ENSP00000460482	 rs2228100	Ccg	Gcg	P	A	256  	.   0.08	4l2oB  328  P
ENSP00000460482	 rs2228100	Ccg	Gcg	P	A	256  	.   0.08	4l2oC  328  P
ENSP00000460482	 rs2228100	Ccg	Gcg	P	A	256  	.   0.08	4l2oD  328  P
ENSP00000460482	 rs2072330	ccT	ccA	P	P	174  	.   0.01	1ad3A  245  P
ENSP00000460482	 rs2072330	ccT	ccA	P	P	174  	.   0.01	1ad3B  245  P
ENSP00000460482	 rs2072330	ccT	ccA	P	P	174  	.   0.01	3szaA  246  P
ENSP00000460482	 rs2072330	ccT	ccA	P	P	174  	.   0.01	3szaB  246  P
ENSP00000460482	 rs2072330	ccT	ccA	P	P	174  	.   0.01	3szbA  246  P
ENSP00000460482	 rs2072330	ccT	ccA	P	P	174  	.   0.01	3szbB  246  P
ENSP00000460482	 rs2072330	ccT	ccA	P	P	174  	.   0.01	4h80A  246  P
ENSP00000460482	 rs2072330	ccT	ccA	P	P	174  	.   0.01	4h80B  246  P
ENSP00000460482	 rs2072330	ccT	ccA	P	P	174  	.   0.01	4h80C  246  P
ENSP00000460482	 rs2072330	ccT	ccA	P	P	174  	.   0.01	4h80D  246  P
ENSP00000460482	 rs2072330	ccT	ccA	P	P	174  	.   0.01	4h80E  246  P
ENSP00000460482	 rs2072330	ccT	ccA	P	P	174  	.   0.01	4h80F  246  P
ENSP00000460482	 rs2072330	ccT	ccA	P	P	174  	.   0.01	4h80G  246  P
ENSP00000460482	 rs2072330	ccT	ccA	P	P	174  	.   0.01	4h80H  246  P
ENSP00000460482	 rs2072330	ccT	ccA	P	P	174  	.   0.01	4l1oA  246  P
ENSP00000460482	 rs2072330	ccT	ccA	P	P	174  	.   0.01	4l1oB  246  P
ENSP00000460482	 rs2072330	ccT	ccA	P	P	174  	.   0.01	4l2oA  246  P
ENSP00000460482	 rs2072330	ccT	ccA	P	P	174  	.   0.01	4l2oB  246  P
ENSP00000460482	 rs2072330	ccT	ccA	P	P	174  	.   0.01	4l2oC  246  P
ENSP00000460482	 rs2072330	ccT	ccA	P	P	174  	.   0.01	4l2oD  246  P
ENSP00000460543	 rs1800300	tgT	tgC	C	C	108  	.   0.01	5kzwA   30  C
ENSP00000460543	 rs1800300	tgT	tgC	C	C	108  	.   0.01	5kzxA   30  C
ENSP00000460543	 rs1800300	tgT	tgC	C	C	108  	.   0.01	5nn3A   28  C
ENSP00000460543	 rs1800300	tgT	tgC	C	C	108  	.   0.01	5nn4A   28  C
ENSP00000460543	 rs1800300	tgT	tgC	C	C	108  	.   0.01	5nn5A   28  C
ENSP00000460543	 rs1800300	tgT	tgC	C	C	108  	.   0.01	5nn6A   28  C
ENSP00000460543	 rs1800300	tgT	tgC	C	C	108  	.   0.01	5nn8A   28  C
ENSP00000460543	rs11150843	cGc	cAc	R	H	223  	.   0.01	5kzwA  132  H
ENSP00000460543	rs11150843	cGc	cAc	R	H	223  	.   0.01	5kzxA  132  H
ENSP00000460543	rs11150843	cGc	cAc	R	H	223  	.   0.01	5nn3A  129  H
ENSP00000460543	rs11150843	cGc	cAc	R	H	223  	.   0.01	5nn4A  130  H
ENSP00000460543	rs11150843	cGc	cAc	R	H	223  	.   0.01	5nn5A  130  H
ENSP00000460543	rs11150843	cGc	cAc	R	H	223  	.   0.01	5nn6A  128  H
ENSP00000460543	rs11150843	cGc	cAc	R	H	223  	.   0.01	5nn8A  129  H
ENSP00000460607	 rs1045280	agC	agT	S	S	88   	.   0.16	1g4mA  275  A
ENSP00000460607	 rs1045280	agC	agT	S	S	88   	.   0.16	1g4mB  275  A
ENSP00000460607	 rs1045280	agC	agT	S	S	88   	.   0.16	1g4rA  273  A
ENSP00000460607	 rs1045280	agC	agT	S	S	88   	.   0.16	1jsyA  274  A
ENSP00000460607	 rs1045280	agC	agT	S	S	88   	.   0.16	1zshA  274  A
ENSP00000460607	 rs1045280	agC	agT	S	S	88   	.   0.16	2wtrA  274  A
ENSP00000460607	 rs1045280	agC	agT	S	S	88   	.   0.16	2wtrB  271  A
ENSP00000460607	 rs1045280	agC	agT	S	S	88   	.   0.16	3gc3A  248  A
ENSP00000460607	 rs1045280	agC	agT	S	S	88   	.   0.16	3gd1A  265  A
ENSP00000460607	 rs1045280	agC	agT	S	S	88   	.   0.16	3gd1B  219  A
ENSP00000460607	 rs1045280	agC	agT	S	S	88   	.   0.16	3p2dA  275  S
ENSP00000460607	 rs1045280	agC	agT	S	S	88   	.   0.16	3p2dB  275  S
ENSP00000460607	 rs1045280	agC	agT	S	S	88   	.   0.16	4jqiA  274  A
ENSP00000460607	 rs1045280	agC	agT	S	S	88   	.   0.16	5tv1A  273  S
ENSP00000460672	 rs8075035	ctA	ctG	L	L	100  	.   0.09	5u9aA   95  L
ENSP00000460672	 rs8075035	ctA	ctG	L	L	100  	.   0.09	5u9iA   91  L
ENSP00000460672	 rs8075035	ctA	ctG	L	L	100  	.   0.09	5u9jA   93  L
ENSP00000460672	 rs8075035	ctA	ctG	L	L	100  	.   0.09	5u9jB   93  L
ENSP00000460672	 rs8075035	ctA	ctG	L	L	100  	.   0.09	5u9kA   95  L
ENSP00000460672	 rs8075035	ctA	ctG	L	L	100  	.   0.09	5v35A   93  L
ENSP00000460672	rs12449580	Gac	Cac	D	H	90   	.   0.01	5u9aA   85  D
ENSP00000460672	rs12449580	Gac	Cac	D	H	90   	.   0.01	5u9iA   81  D
ENSP00000460672	rs12449580	Gac	Cac	D	H	90   	.   0.01	5u9jA   83  D
ENSP00000460672	rs12449580	Gac	Cac	D	H	90   	.   0.01	5u9jB   83  D
ENSP00000460672	rs12449580	Gac	Cac	D	H	90   	.   0.01	5u9kA   85  D
ENSP00000460672	rs12449580	Gac	Cac	D	H	90   	.   0.01	5v35A   83  D
ENSP00000460672	rs12449580	Gac	Aac	D	N	90   	.   0.01	5u9aA   85  D
ENSP00000460672	rs12449580	Gac	Aac	D	N	90   	.   0.01	5u9iA   81  D
ENSP00000460672	rs12449580	Gac	Aac	D	N	90   	.   0.01	5u9jA   83  D
ENSP00000460672	rs12449580	Gac	Aac	D	N	90   	.   0.01	5u9jB   83  D
ENSP00000460672	rs12449580	Gac	Aac	D	N	90   	.   0.01	5u9kA   85  D
ENSP00000460672	rs12449580	Gac	Aac	D	N	90   	.   0.01	5v35A   83  D
ENSP00000460827	 rs8075035	ctA	ctG	L	L	100  	.   0.07	5u9aA   95  L
ENSP00000460827	 rs8075035	ctA	ctG	L	L	100  	.   0.07	5u9iA   91  L
ENSP00000460827	 rs8075035	ctA	ctG	L	L	100  	.   0.07	5u9jA   93  L
ENSP00000460827	 rs8075035	ctA	ctG	L	L	100  	.   0.07	5u9jB   93  L
ENSP00000460827	 rs8075035	ctA	ctG	L	L	100  	.   0.07	5u9kA   95  L
ENSP00000460827	 rs8075035	ctA	ctG	L	L	100  	.   0.07	5v35A   93  L
ENSP00000460827	rs12449580	Gac	Cac	D	H	90   	.   0.03	5u9aA   85  D
ENSP00000460827	rs12449580	Gac	Cac	D	H	90   	.   0.03	5u9iA   81  D
ENSP00000460827	rs12449580	Gac	Cac	D	H	90   	.   0.03	5u9jA   83  D
ENSP00000460827	rs12449580	Gac	Cac	D	H	90   	.   0.03	5u9jB   83  D
ENSP00000460827	rs12449580	Gac	Cac	D	H	90   	.   0.03	5u9kA   85  D
ENSP00000460827	rs12449580	Gac	Cac	D	H	90   	.   0.03	5v35A   83  D
ENSP00000460827	rs12449580	Gac	Aac	D	N	90   	.   0.03	5u9aA   85  D
ENSP00000460827	rs12449580	Gac	Aac	D	N	90   	.   0.03	5u9iA   81  D
ENSP00000460827	rs12449580	Gac	Aac	D	N	90   	.   0.03	5u9jA   83  D
ENSP00000460827	rs12449580	Gac	Aac	D	N	90   	.   0.03	5u9jB   83  D
ENSP00000460827	rs12449580	Gac	Aac	D	N	90   	.   0.03	5u9kA   85  D
ENSP00000460827	rs12449580	Gac	Aac	D	N	90   	.   0.03	5v35A   83  D
ENSP00000460842	 rs1136287	aCg	aTg	T	M	72   	.   0.02	1imvA   37  M
ENSP00000461007	  rs224534	aCt	aTt	T	I	469  	.   0.02	3j5pA  358  T
ENSP00000461007	  rs224534	aCt	aTt	T	I	469  	.   0.02	3j5pB  358  T
ENSP00000461007	  rs224534	aCt	aTt	T	I	469  	.   0.02	3j5pC  358  T
ENSP00000461007	  rs224534	aCt	aTt	T	I	469  	.   0.02	3j5pD  358  T
ENSP00000461007	  rs224534	aCt	aTt	T	I	469  	.   0.02	3j5qA  358  T
ENSP00000461007	  rs224534	aCt	aTt	T	I	469  	.   0.02	3j5qB  358  T
ENSP00000461007	  rs224534	aCt	aTt	T	I	469  	.   0.02	3j5qC  358  T
ENSP00000461007	  rs224534	aCt	aTt	T	I	469  	.   0.02	3j5qD  358  T
ENSP00000461007	  rs224534	aCt	aTt	T	I	469  	.   0.02	3j5rA  358  T
ENSP00000461007	  rs224534	aCt	aTt	T	I	469  	.   0.02	3j5rB  358  T
ENSP00000461007	  rs224534	aCt	aTt	T	I	469  	.   0.02	3j5rC  358  T
ENSP00000461007	  rs224534	aCt	aTt	T	I	469  	.   0.02	3j5rD  358  T
ENSP00000461007	  rs224534	aCt	aTt	T	I	469  	.   0.02	3j9jA   88  T
ENSP00000461007	  rs224534	aCt	aTt	T	I	469  	.   0.02	3j9jB   88  T
ENSP00000461007	  rs224534	aCt	aTt	T	I	469  	.   0.02	3j9jC   88  T
ENSP00000461007	  rs224534	aCt	aTt	T	I	469  	.   0.02	3j9jD   88  T
ENSP00000461007	  rs224534	aCt	aTt	T	I	469  	.   0.02	5irxA  134  T
ENSP00000461007	  rs224534	aCt	aTt	T	I	469  	.   0.02	5irxB  134  T
ENSP00000461007	  rs224534	aCt	aTt	T	I	469  	.   0.02	5irxC  134  T
ENSP00000461007	  rs224534	aCt	aTt	T	I	469  	.   0.02	5irxD  134  T
ENSP00000461007	  rs224534	aCt	aTt	T	I	469  	.   0.02	5irzA  134  T
ENSP00000461007	  rs224534	aCt	aTt	T	I	469  	.   0.02	5irzB  134  T
ENSP00000461007	  rs224534	aCt	aTt	T	I	469  	.   0.02	5irzC  134  T
ENSP00000461007	  rs224534	aCt	aTt	T	I	469  	.   0.02	5irzD  134  T
ENSP00000461007	  rs224534	aCt	aTt	T	I	469  	.   0.02	5is0A  134  T
ENSP00000461007	  rs224534	aCt	aTt	T	I	469  	.   0.02	5is0B  134  T
ENSP00000461007	  rs224534	aCt	aTt	T	I	469  	.   0.02	5is0C  134  T
ENSP00000461007	  rs224534	aCt	aTt	T	I	469  	.   0.02	5is0D  134  T
ENSP00000461074	 rs2230606	Ata	Cta	I	L	133  	.    0.2	5fmvA   71  I
ENSP00000461074	 rs2230606	Ata	Cta	I	L	133  	.    0.2	5fmvB   69  I
ENSP00000461074	 rs2230606	Ata	Cta	I	L	133  	.    0.2	5fn6A   67  I
ENSP00000461074	 rs2230606	Ata	Cta	I	L	133  	.    0.2	5fn7A   78  I
ENSP00000461074	 rs2230606	Ata	Cta	I	L	133  	.    0.2	5fn7B   78  I
ENSP00000461129	 rs1053874	cGa	cAa	R	Q	40   	.   0.01	4awnA  222  R
ENSP00000461129	 rs1053874	cGa	cTa	R	L	40   	.   0.01	4awnA  222  R
ENSP00000461153	 rs1053874	cGa	cAa	R	Q	33   	.   0.01	4awnA  223  G
ENSP00000461153	 rs1053874	cGa	cTa	R	L	33   	.   0.01	4awnA  223  G
ENSP00000461208	 rs2307240	aGc	aAc	S	N	76   	.   0.03	1k4yA   53  S
ENSP00000461208	 rs2307240	aGc	aAc	S	N	76   	.   0.03	1mx1A   55  S
ENSP00000461208	 rs2307240	aGc	aAc	S	N	76   	.   0.03	1mx1B   54  S
ENSP00000461208	 rs2307240	aGc	aAc	S	N	76   	.   0.03	1mx1C   54  S
ENSP00000461208	 rs2307240	aGc	aAc	S	N	76   	.   0.03	1mx1D   54  S
ENSP00000461208	 rs2307240	aGc	aAc	S	N	76   	.   0.03	1mx1E   54  S
ENSP00000461208	 rs2307240	aGc	aAc	S	N	76   	.   0.03	1mx1F   54  S
ENSP00000461208	 rs2307240	aGc	aAc	S	N	76   	.   0.03	1mx5A   55  S
ENSP00000461208	 rs2307240	aGc	aAc	S	N	76   	.   0.03	1mx5B   54  S
ENSP00000461208	 rs2307240	aGc	aAc	S	N	76   	.   0.03	1mx5C   54  S
ENSP00000461208	 rs2307240	aGc	aAc	S	N	76   	.   0.03	1mx5D   55  S
ENSP00000461208	 rs2307240	aGc	aAc	S	N	76   	.   0.03	1mx5E   54  S
ENSP00000461208	 rs2307240	aGc	aAc	S	N	76   	.   0.03	1mx5F   54  S
ENSP00000461208	 rs2307240	aGc	aAc	S	N	76   	.   0.03	1mx9A   55  S
ENSP00000461208	 rs2307240	aGc	aAc	S	N	76   	.   0.03	1mx9B   55  S
ENSP00000461208	 rs2307240	aGc	aAc	S	N	76   	.   0.03	1mx9C   54  S
ENSP00000461208	 rs2307240	aGc	aAc	S	N	76   	.   0.03	1mx9D   55  S
ENSP00000461208	 rs2307240	aGc	aAc	S	N	76   	.   0.03	1mx9E   54  S
ENSP00000461208	 rs2307240	aGc	aAc	S	N	76   	.   0.03	1mx9F   54  S
ENSP00000461208	 rs2307240	aGc	aAc	S	N	76   	.   0.03	1mx9G   55  S
ENSP00000461208	 rs2307240	aGc	aAc	S	N	76   	.   0.03	1mx9H   54  S
ENSP00000461208	 rs2307240	aGc	aAc	S	N	76   	.   0.03	1mx9I   54  S
ENSP00000461208	 rs2307240	aGc	aAc	S	N	76   	.   0.03	1mx9J   55  S
ENSP00000461208	 rs2307240	aGc	aAc	S	N	76   	.   0.03	1mx9K   54  S
ENSP00000461208	 rs2307240	aGc	aAc	S	N	76   	.   0.03	1mx9L   54  S
ENSP00000461208	 rs2307240	aGc	aAc	S	N	76   	.   0.03	1ya4A   54  S
ENSP00000461208	 rs2307240	aGc	aAc	S	N	76   	.   0.03	1ya4B   55  S
ENSP00000461208	 rs2307240	aGc	aAc	S	N	76   	.   0.03	1ya4C   55  S
ENSP00000461208	 rs2307240	aGc	aAc	S	N	76   	.   0.03	1ya8A   55  S
ENSP00000461208	 rs2307240	aGc	aAc	S	N	76   	.   0.03	1ya8B   55  S
ENSP00000461208	 rs2307240	aGc	aAc	S	N	76   	.   0.03	1ya8C   55  S
ENSP00000461208	 rs2307240	aGc	aAc	S	N	76   	.   0.03	1yahA   55  S
ENSP00000461208	 rs2307240	aGc	aAc	S	N	76   	.   0.03	1yahB   55  S
ENSP00000461208	 rs2307240	aGc	aAc	S	N	76   	.   0.03	1yahC   55  S
ENSP00000461208	 rs2307240	aGc	aAc	S	N	76   	.   0.03	1yajA   55  S
ENSP00000461208	 rs2307240	aGc	aAc	S	N	76   	.   0.03	1yajB   55  S
ENSP00000461208	 rs2307240	aGc	aAc	S	N	76   	.   0.03	1yajC   55  S
ENSP00000461208	 rs2307240	aGc	aAc	S	N	76   	.   0.03	1yajD   55  S
ENSP00000461208	 rs2307240	aGc	aAc	S	N	76   	.   0.03	1yajE   55  S
ENSP00000461208	 rs2307240	aGc	aAc	S	N	76   	.   0.03	1yajF   55  S
ENSP00000461208	 rs2307240	aGc	aAc	S	N	76   	.   0.03	1yajG   55  S
ENSP00000461208	 rs2307240	aGc	aAc	S	N	76   	.   0.03	1yajH   55  S
ENSP00000461208	 rs2307240	aGc	aAc	S	N	76   	.   0.03	1yajI   55  S
ENSP00000461208	 rs2307240	aGc	aAc	S	N	76   	.   0.03	1yajJ   55  S
ENSP00000461208	 rs2307240	aGc	aAc	S	N	76   	.   0.03	1yajK   55  S
ENSP00000461208	 rs2307240	aGc	aAc	S	N	76   	.   0.03	1yajL   55  S
ENSP00000461208	 rs2307240	aGc	aAc	S	N	76   	.   0.03	2dqyA   55  S
ENSP00000461208	 rs2307240	aGc	aAc	S	N	76   	.   0.03	2dqyB   55  S
ENSP00000461208	 rs2307240	aGc	aAc	S	N	76   	.   0.03	2dqyC   55  S
ENSP00000461208	 rs2307240	aGc	aAc	S	N	76   	.   0.03	2dqzA   55  S
ENSP00000461208	 rs2307240	aGc	aAc	S	N	76   	.   0.03	2dqzB   55  S
ENSP00000461208	 rs2307240	aGc	aAc	S	N	76   	.   0.03	2dqzC   55  S
ENSP00000461208	 rs2307240	aGc	aAc	S	N	76   	.   0.03	2dr0A   55  S
ENSP00000461208	 rs2307240	aGc	aAc	S	N	76   	.   0.03	2dr0B   55  S
ENSP00000461208	 rs2307240	aGc	aAc	S	N	76   	.   0.03	2dr0C   55  S
ENSP00000461208	 rs2307240	aGc	aAc	S	N	76   	.   0.03	2h7cA   55  S
ENSP00000461208	 rs2307240	aGc	aAc	S	N	76   	.   0.03	2h7cB   54  S
ENSP00000461208	 rs2307240	aGc	aAc	S	N	76   	.   0.03	2h7cC   54  S
ENSP00000461208	 rs2307240	aGc	aAc	S	N	76   	.   0.03	2h7cD   55  S
ENSP00000461208	 rs2307240	aGc	aAc	S	N	76   	.   0.03	2h7cE   54  S
ENSP00000461208	 rs2307240	aGc	aAc	S	N	76   	.   0.03	2h7cF   54  S
ENSP00000461208	 rs2307240	aGc	aAc	S	N	76   	.   0.03	2hrqA   55  S
ENSP00000461208	 rs2307240	aGc	aAc	S	N	76   	.   0.03	2hrqB   54  S
ENSP00000461208	 rs2307240	aGc	aAc	S	N	76   	.   0.03	2hrqC   54  S
ENSP00000461208	 rs2307240	aGc	aAc	S	N	76   	.   0.03	2hrqD   55  S
ENSP00000461208	 rs2307240	aGc	aAc	S	N	76   	.   0.03	2hrqE   54  S
ENSP00000461208	 rs2307240	aGc	aAc	S	N	76   	.   0.03	2hrqF   54  S
ENSP00000461208	 rs2307240	aGc	aAc	S	N	76   	.   0.03	2hrrA   55  S
ENSP00000461208	 rs2307240	aGc	aAc	S	N	76   	.   0.03	2hrrB   54  S
ENSP00000461208	 rs2307240	aGc	aAc	S	N	76   	.   0.03	2hrrC   54  S
ENSP00000461208	 rs2307240	aGc	aAc	S	N	76   	.   0.03	3k9bA   52  S
ENSP00000461208	 rs2307240	aGc	aAc	S	N	76   	.   0.03	3k9bB   52  S
ENSP00000461208	 rs2307240	aGc	aAc	S	N	76   	.   0.03	3k9bC   47  S
ENSP00000461208	 rs2307240	aGc	aAc	S	N	76   	.   0.03	4ab1A   54  S
ENSP00000461208	rs71647871	gGg	gAg	G	E	144  	.    0.0	1k4yA  121  G
ENSP00000461208	rs71647871	gGg	gAg	G	E	144  	.    0.0	1mx1A  123  G
ENSP00000461208	rs71647871	gGg	gAg	G	E	144  	.    0.0	1mx1B  122  G
ENSP00000461208	rs71647871	gGg	gAg	G	E	144  	.    0.0	1mx1C  122  G
ENSP00000461208	rs71647871	gGg	gAg	G	E	144  	.    0.0	1mx1D  122  G
ENSP00000461208	rs71647871	gGg	gAg	G	E	144  	.    0.0	1mx1E  122  G
ENSP00000461208	rs71647871	gGg	gAg	G	E	144  	.    0.0	1mx1F  122  G
ENSP00000461208	rs71647871	gGg	gAg	G	E	144  	.    0.0	1mx5A  123  G
ENSP00000461208	rs71647871	gGg	gAg	G	E	144  	.    0.0	1mx5B  122  G
ENSP00000461208	rs71647871	gGg	gAg	G	E	144  	.    0.0	1mx5C  122  G
ENSP00000461208	rs71647871	gGg	gAg	G	E	144  	.    0.0	1mx5D  123  G
ENSP00000461208	rs71647871	gGg	gAg	G	E	144  	.    0.0	1mx5E  122  G
ENSP00000461208	rs71647871	gGg	gAg	G	E	144  	.    0.0	1mx5F  122  G
ENSP00000461208	rs71647871	gGg	gAg	G	E	144  	.    0.0	1mx9A  123  G
ENSP00000461208	rs71647871	gGg	gAg	G	E	144  	.    0.0	1mx9B  123  G
ENSP00000461208	rs71647871	gGg	gAg	G	E	144  	.    0.0	1mx9C  122  G
ENSP00000461208	rs71647871	gGg	gAg	G	E	144  	.    0.0	1mx9D  123  G
ENSP00000461208	rs71647871	gGg	gAg	G	E	144  	.    0.0	1mx9E  122  G
ENSP00000461208	rs71647871	gGg	gAg	G	E	144  	.    0.0	1mx9F  122  G
ENSP00000461208	rs71647871	gGg	gAg	G	E	144  	.    0.0	1mx9G  123  G
ENSP00000461208	rs71647871	gGg	gAg	G	E	144  	.    0.0	1mx9H  122  G
ENSP00000461208	rs71647871	gGg	gAg	G	E	144  	.    0.0	1mx9I  122  G
ENSP00000461208	rs71647871	gGg	gAg	G	E	144  	.    0.0	1mx9J  123  G
ENSP00000461208	rs71647871	gGg	gAg	G	E	144  	.    0.0	1mx9K  122  G
ENSP00000461208	rs71647871	gGg	gAg	G	E	144  	.    0.0	1mx9L  122  G
ENSP00000461208	rs71647871	gGg	gAg	G	E	144  	.    0.0	1ya4A  122  G
ENSP00000461208	rs71647871	gGg	gAg	G	E	144  	.    0.0	1ya4B  123  G
ENSP00000461208	rs71647871	gGg	gAg	G	E	144  	.    0.0	1ya4C  123  G
ENSP00000461208	rs71647871	gGg	gAg	G	E	144  	.    0.0	1ya8A  123  G
ENSP00000461208	rs71647871	gGg	gAg	G	E	144  	.    0.0	1ya8B  123  G
ENSP00000461208	rs71647871	gGg	gAg	G	E	144  	.    0.0	1ya8C  123  G
ENSP00000461208	rs71647871	gGg	gAg	G	E	144  	.    0.0	1yahA  123  G
ENSP00000461208	rs71647871	gGg	gAg	G	E	144  	.    0.0	1yahB  123  G
ENSP00000461208	rs71647871	gGg	gAg	G	E	144  	.    0.0	1yahC  123  G
ENSP00000461208	rs71647871	gGg	gAg	G	E	144  	.    0.0	1yajA  123  G
ENSP00000461208	rs71647871	gGg	gAg	G	E	144  	.    0.0	1yajB  123  G
ENSP00000461208	rs71647871	gGg	gAg	G	E	144  	.    0.0	1yajC  123  G
ENSP00000461208	rs71647871	gGg	gAg	G	E	144  	.    0.0	1yajD  123  G
ENSP00000461208	rs71647871	gGg	gAg	G	E	144  	.    0.0	1yajE  123  G
ENSP00000461208	rs71647871	gGg	gAg	G	E	144  	.    0.0	1yajF  123  G
ENSP00000461208	rs71647871	gGg	gAg	G	E	144  	.    0.0	1yajG  123  G
ENSP00000461208	rs71647871	gGg	gAg	G	E	144  	.    0.0	1yajH  123  G
ENSP00000461208	rs71647871	gGg	gAg	G	E	144  	.    0.0	1yajI  123  G
ENSP00000461208	rs71647871	gGg	gAg	G	E	144  	.    0.0	1yajJ  123  G
ENSP00000461208	rs71647871	gGg	gAg	G	E	144  	.    0.0	1yajK  123  G
ENSP00000461208	rs71647871	gGg	gAg	G	E	144  	.    0.0	1yajL  123  G
ENSP00000461208	rs71647871	gGg	gAg	G	E	144  	.    0.0	2dqyA  123  G
ENSP00000461208	rs71647871	gGg	gAg	G	E	144  	.    0.0	2dqyB  123  G
ENSP00000461208	rs71647871	gGg	gAg	G	E	144  	.    0.0	2dqyC  123  G
ENSP00000461208	rs71647871	gGg	gAg	G	E	144  	.    0.0	2dqzA  123  G
ENSP00000461208	rs71647871	gGg	gAg	G	E	144  	.    0.0	2dqzB  123  G
ENSP00000461208	rs71647871	gGg	gAg	G	E	144  	.    0.0	2dqzC  123  G
ENSP00000461208	rs71647871	gGg	gAg	G	E	144  	.    0.0	2dr0A  123  G
ENSP00000461208	rs71647871	gGg	gAg	G	E	144  	.    0.0	2dr0B  123  G
ENSP00000461208	rs71647871	gGg	gAg	G	E	144  	.    0.0	2dr0C  123  G
ENSP00000461208	rs71647871	gGg	gAg	G	E	144  	.    0.0	2h7cA  123  G
ENSP00000461208	rs71647871	gGg	gAg	G	E	144  	.    0.0	2h7cB  122  G
ENSP00000461208	rs71647871	gGg	gAg	G	E	144  	.    0.0	2h7cC  122  G
ENSP00000461208	rs71647871	gGg	gAg	G	E	144  	.    0.0	2h7cD  123  G
ENSP00000461208	rs71647871	gGg	gAg	G	E	144  	.    0.0	2h7cE  122  G
ENSP00000461208	rs71647871	gGg	gAg	G	E	144  	.    0.0	2h7cF  122  G
ENSP00000461208	rs71647871	gGg	gAg	G	E	144  	.    0.0	2hrqA  123  G
ENSP00000461208	rs71647871	gGg	gAg	G	E	144  	.    0.0	2hrqB  122  G
ENSP00000461208	rs71647871	gGg	gAg	G	E	144  	.    0.0	2hrqC  122  G
ENSP00000461208	rs71647871	gGg	gAg	G	E	144  	.    0.0	2hrqD  123  G
ENSP00000461208	rs71647871	gGg	gAg	G	E	144  	.    0.0	2hrqE  122  G
ENSP00000461208	rs71647871	gGg	gAg	G	E	144  	.    0.0	2hrqF  122  G
ENSP00000461208	rs71647871	gGg	gAg	G	E	144  	.    0.0	2hrrA  123  G
ENSP00000461208	rs71647871	gGg	gAg	G	E	144  	.    0.0	2hrrB  122  G
ENSP00000461208	rs71647871	gGg	gAg	G	E	144  	.    0.0	2hrrC  122  G
ENSP00000461208	rs71647871	gGg	gAg	G	E	144  	.    0.0	3k9bA  120  G
ENSP00000461208	rs71647871	gGg	gAg	G	E	144  	.    0.0	3k9bB  120  G
ENSP00000461208	rs71647871	gGg	gAg	G	E	144  	.    0.0	3k9bC  115  G
ENSP00000461208	rs71647871	gGg	gAg	G	E	144  	.    0.0	4ab1A  122  G
ENSP00000461287	 rs8075035	ctA	ctG	L	L	78   	.   0.03	5u9aA   95  L
ENSP00000461287	 rs8075035	ctA	ctG	L	L	78   	.   0.03	5u9iA   91  L
ENSP00000461287	 rs8075035	ctA	ctG	L	L	78   	.   0.03	5u9jA   93  L
ENSP00000461287	 rs8075035	ctA	ctG	L	L	78   	.   0.03	5u9jB   93  L
ENSP00000461287	 rs8075035	ctA	ctG	L	L	78   	.   0.03	5u9kA   95  L
ENSP00000461287	 rs8075035	ctA	ctG	L	L	78   	.   0.03	5v35A   93  L
ENSP00000461287	rs12449580	Gac	Cac	D	H	68   	.   0.02	5u9aA   85  D
ENSP00000461287	rs12449580	Gac	Cac	D	H	68   	.   0.02	5u9iA   81  D
ENSP00000461287	rs12449580	Gac	Cac	D	H	68   	.   0.02	5u9jA   83  D
ENSP00000461287	rs12449580	Gac	Cac	D	H	68   	.   0.02	5u9jB   83  D
ENSP00000461287	rs12449580	Gac	Cac	D	H	68   	.   0.02	5u9kA   85  D
ENSP00000461287	rs12449580	Gac	Cac	D	H	68   	.   0.02	5v35A   83  D
ENSP00000461287	rs12449580	Gac	Aac	D	N	68   	.   0.02	5u9aA   85  D
ENSP00000461287	rs12449580	Gac	Aac	D	N	68   	.   0.02	5u9iA   81  D
ENSP00000461287	rs12449580	Gac	Aac	D	N	68   	.   0.02	5u9jA   83  D
ENSP00000461287	rs12449580	Gac	Aac	D	N	68   	.   0.02	5u9jB   83  D
ENSP00000461287	rs12449580	Gac	Aac	D	N	68   	.   0.02	5u9kA   85  D
ENSP00000461287	rs12449580	Gac	Aac	D	N	68   	.   0.02	5v35A   83  D
ENSP00000461347	 rs2230606	Ata	Cta	I	L	180  	.   0.22	5fmvA   71  I
ENSP00000461347	 rs2230606	Ata	Cta	I	L	180  	.   0.22	5fmvB   69  I
ENSP00000461347	 rs2230606	Ata	Cta	I	L	180  	.   0.22	5fn6A   67  I
ENSP00000461347	 rs2230606	Ata	Cta	I	L	180  	.   0.22	5fn7A   78  I
ENSP00000461347	 rs2230606	Ata	Cta	I	L	180  	.   0.22	5fn7B   78  I
ENSP00000461360	    rs8971	gAt	gGt	D	G	16   	.   0.03	2v9yA   49  D
ENSP00000461360	    rs8971	gAt	gGt	D	G	16   	.   0.03	2v9yB   28  I
ENSP00000461421	 rs2287074	acG	acA	T	T	384  	*   0.89	1gxdA  424  T
ENSP00000461421	 rs2287074	acG	acA	T	T	384  	*   0.89	1gxdB  423  T
ENSP00000461421	 rs2287074	acG	acA	T	T	384  	*   0.89	1rtgA    3  T
ENSP00000461421	 rs2287074	acG	acC	T	T	384  	*   0.89	1gxdA  424  T
ENSP00000461421	 rs2287074	acG	acC	T	T	384  	*   0.89	1gxdB  423  T
ENSP00000461421	 rs2287074	acG	acC	T	T	384  	*   0.89	1rtgA    3  T
ENSP00000461518	  rs395357	acG	acA	T	T	312  	.   0.03	4n5qA  196  T
ENSP00000461518	  rs395357	acG	acA	T	T	312  	.   0.03	4n5qB  196  T
ENSP00000461518	  rs395357	acG	acA	T	T	312  	.   0.03	6dvwA  198  T
ENSP00000461518	  rs395357	acG	acA	T	T	312  	.   0.03	6dvwB  198  T
ENSP00000461518	  rs395357	acG	acA	T	T	312  	.   0.03	6dvwC  198  T
ENSP00000461518	  rs395357	acG	acA	T	T	312  	.   0.03	6dvwD  198  T
ENSP00000461518	  rs395357	acG	acA	T	T	312  	.   0.03	6dvyA  198  T
ENSP00000461518	  rs395357	acG	acA	T	T	312  	.   0.03	6dvyB  198  T
ENSP00000461518	  rs395357	acG	acA	T	T	312  	.   0.03	6dvyC  198  T
ENSP00000461518	  rs395357	acG	acA	T	T	312  	.   0.03	6dvyD  198  T
ENSP00000461518	  rs395357	acG	acA	T	T	312  	.   0.03	6dvzA  198  T
ENSP00000461518	  rs395357	acG	acA	T	T	312  	.   0.03	6dvzB  198  T
ENSP00000461518	  rs395357	acG	acA	T	T	312  	.   0.03	6dvzC  198  T
ENSP00000461518	  rs395357	acG	acA	T	T	312  	.   0.03	6dvzD  198  T
ENSP00000461518	rs11078458	atA	atT	I	I	186  	.   0.01	4n5qA   70  I
ENSP00000461518	rs11078458	atA	atT	I	I	186  	.   0.01	4n5qB   70  I
ENSP00000461518	rs11078458	atA	atT	I	I	186  	.   0.01	6dvwA   72  I
ENSP00000461518	rs11078458	atA	atT	I	I	186  	.   0.01	6dvwB   72  I
ENSP00000461518	rs11078458	atA	atT	I	I	186  	.   0.01	6dvwC   72  I
ENSP00000461518	rs11078458	atA	atT	I	I	186  	.   0.01	6dvwD   72  I
ENSP00000461518	rs11078458	atA	atT	I	I	186  	.   0.01	6dvyA   72  I
ENSP00000461518	rs11078458	atA	atT	I	I	186  	.   0.01	6dvyB   72  I
ENSP00000461518	rs11078458	atA	atT	I	I	186  	.   0.01	6dvyC   72  I
ENSP00000461518	rs11078458	atA	atT	I	I	186  	.   0.01	6dvyD   72  I
ENSP00000461518	rs11078458	atA	atT	I	I	186  	.   0.01	6dvzA   72  I
ENSP00000461518	rs11078458	atA	atT	I	I	186  	.   0.01	6dvzB   72  I
ENSP00000461518	rs11078458	atA	atT	I	I	186  	.   0.01	6dvzC   72  I
ENSP00000461518	rs11078458	atA	atT	I	I	186  	.   0.01	6dvzD   72  I
ENSP00000461518	rs11078458	atA	atC	I	I	186  	.   0.01	4n5qA   70  I
ENSP00000461518	rs11078458	atA	atC	I	I	186  	.   0.01	4n5qB   70  I
ENSP00000461518	rs11078458	atA	atC	I	I	186  	.   0.01	6dvwA   72  I
ENSP00000461518	rs11078458	atA	atC	I	I	186  	.   0.01	6dvwB   72  I
ENSP00000461518	rs11078458	atA	atC	I	I	186  	.   0.01	6dvwC   72  I
ENSP00000461518	rs11078458	atA	atC	I	I	186  	.   0.01	6dvwD   72  I
ENSP00000461518	rs11078458	atA	atC	I	I	186  	.   0.01	6dvyA   72  I
ENSP00000461518	rs11078458	atA	atC	I	I	186  	.   0.01	6dvyB   72  I
ENSP00000461518	rs11078458	atA	atC	I	I	186  	.   0.01	6dvyC   72  I
ENSP00000461518	rs11078458	atA	atC	I	I	186  	.   0.01	6dvyD   72  I
ENSP00000461518	rs11078458	atA	atC	I	I	186  	.   0.01	6dvzA   72  I
ENSP00000461518	rs11078458	atA	atC	I	I	186  	.   0.01	6dvzB   72  I
ENSP00000461518	rs11078458	atA	atC	I	I	186  	.   0.01	6dvzC   72  I
ENSP00000461518	rs11078458	atA	atC	I	I	186  	.   0.01	6dvzD   72  I
ENSP00000461615	 rs4148356	cGa	cAa	R	Q	622  	.   0.02	2cbzA   83  E
ENSP00000461615	 rs4148356	cGa	cAa	R	Q	622  	.   0.02	4c3zA   84  E
ENSP00000461615	 rs8187863	tcC	tcT	S	S	566  	.   0.04	2cbzA   27  I
ENSP00000461615	 rs8187863	tcC	tcT	S	S	566  	.   0.04	4c3zA   28  I
ENSP00000461660	 rs1136287	aCg	aTg	T	M	59   	.   0.01	1imvA   37  M
ENSP00000461660	 rs8074840	acT	acC	T	T	117  	.   0.07	1imvA   95  T
ENSP00000461700	    rs8971	gAt	gGt	D	G	50   	.   0.02	2v9yA   42  L
ENSP00000461700	    rs8971	gAt	gGt	D	G	50   	.   0.02	2v9yB   42  L
ENSP00000461729	rs17283846	aCg	aTg	T	M	187  	*   0.95	2v71A  156  V
ENSP00000461729	rs17283846	aCg	aTg	T	M	187  	*   0.95	2v71B  156  V
ENSP00000461733	rs17338586	ccG	ccA	P	P	26   	.   0.03	1ewiA   39  P
ENSP00000461733	rs17338586	ccG	ccA	P	P	26   	.   0.03	2b29A   37  P
ENSP00000461733	rs17338586	ccG	ccA	P	P	26   	.   0.03	2b3gA   36  P
ENSP00000461733	rs17338586	ccG	ccA	P	P	26   	.   0.03	4ijhA   42  P
ENSP00000461733	rs17338586	ccG	ccA	P	P	26   	.   0.03	4ijlA   41  P
ENSP00000461733	rs17338586	ccG	ccA	P	P	26   	.   0.03	4ipcA   42  P
ENSP00000461733	rs17338586	ccG	ccA	P	P	26   	.   0.03	4ipdA   42  P
ENSP00000461733	rs17338586	ccG	ccA	P	P	26   	.   0.03	4ipgA   40  P
ENSP00000461733	rs17338586	ccG	ccA	P	P	26   	.   0.03	4iphA   42  P
ENSP00000461733	rs17338586	ccG	ccA	P	P	26   	.   0.03	4luoA   42  P
ENSP00000461733	rs17338586	ccG	ccA	P	P	26   	.   0.03	4luvA   42  P
ENSP00000461733	rs17338586	ccG	ccA	P	P	26   	.   0.03	4luzA   42  P
ENSP00000461733	rs17338586	ccG	ccA	P	P	26   	.   0.03	4lw1A   42  P
ENSP00000461733	rs17338586	ccG	ccA	P	P	26   	.   0.03	4lwcA   42  P
ENSP00000461733	rs17338586	ccG	ccA	P	P	26   	.   0.03	4nb3A   42  P
ENSP00000461733	rs17338586	ccG	ccA	P	P	26   	.   0.03	4nb3B   41  P
ENSP00000461733	rs17338586	ccG	ccA	P	P	26   	.   0.03	4o0aA   42  P
ENSP00000461733	rs17338586	ccG	ccA	P	P	26   	.   0.03	4r4cA   42  P
ENSP00000461733	rs17338586	ccG	ccA	P	P	26   	.   0.03	4r4iA   42  P
ENSP00000461733	rs17338586	ccG	ccA	P	P	26   	.   0.03	4r4oA   42  P
ENSP00000461733	rs17338586	ccG	ccA	P	P	26   	.   0.03	4r4qA   40  P
ENSP00000461733	rs17338586	ccG	ccA	P	P	26   	.   0.03	4r4tA   41  P
ENSP00000461733	rs17338586	ccG	ccA	P	P	26   	.   0.03	5e7nA   42  P
ENSP00000461733	rs17338586	ccG	ccA	P	P	26   	.   0.03	5eayA   34  P
ENSP00000461733	rs17338586	ccG	ccA	P	P	26   	.   0.03	5eayB   34  P
ENSP00000461733	rs17338586	ccG	ccA	P	P	26   	.   0.03	5eayC   31  P
ENSP00000461733	rs17338586	ccG	ccA	P	P	26   	.   0.03	5eayD   32  P
ENSP00000461733	rs17338586	ccG	ccA	P	P	26   	.   0.03	5n85A   40  P
ENSP00000461733	rs17338586	ccG	ccA	P	P	26   	.   0.03	5n8aB   40  P
ENSP00000461916	rs72547554	Cag	Gag	Q	E	10   	.   0.02	4qgkA   11  Q
ENSP00000461916	rs72547554	Cag	Gag	Q	E	10   	.   0.02	4qgkB   11  Q
ENSP00000461916	rs72547561	Cga	Gga	R	G	177  	.   0.01	4qgkA  178  R
ENSP00000461916	rs72547561	Cga	Gga	R	G	177  	.   0.01	4qgkB  178  R
ENSP00000461916	rs72547562	aCg	aTg	T	M	184  	.   0.01	4qgkA  185  T
ENSP00000461916	rs72547562	aCg	aTg	T	M	184  	.   0.01	4qgkB  185  T
ENSP00000461916	rs72547566	Cgc	Tgc	R	C	228  	.    0.0	4qgkA  229  R
ENSP00000461916	rs72547566	Cgc	Tgc	R	C	228  	.    0.0	4qgkB  229  R
ENSP00000461916	rs72547568	Gac	Aac	D	N	245  	.   0.01	4qgkA  246  D
ENSP00000461916	rs72547568	Gac	Aac	D	N	245  	.   0.01	4qgkB  246  D
ENSP00000461927	rs11541956	cCg	cTg	P	L	68   	.   0.01	2i7dA   66  P
ENSP00000461927	rs11541956	cCg	cTg	P	L	68   	.   0.01	2i7dB   65  P
ENSP00000461927	rs11541956	cCg	cTg	P	L	68   	.   0.01	4l57A   65  P
ENSP00000461927	rs11541956	cCg	cTg	P	L	68   	.   0.01	4l57B   65  P
ENSP00000461927	rs11541956	cCg	cTg	P	L	68   	.   0.01	4yihA   65  P
ENSP00000461927	rs11541956	cCg	cTg	P	L	68   	.   0.01	4yihB   65  P
ENSP00000461927	rs11541956	cCg	cTg	P	L	68   	.   0.01	6g2nA   65  P
ENSP00000461927	rs11541956	cCg	cTg	P	L	68   	.   0.01	6g2nB   65  P
ENSP00000461932	rs10965163	cgC	cgT	R	R	204  	.   0.01	1cb0A  179  R
ENSP00000461932	rs10965163	cgC	cgT	R	R	204  	.   0.01	1cg6A  179  R
ENSP00000461932	rs10965163	cgC	cgT	R	R	204  	.   0.01	1k27A  179  R
ENSP00000461932	rs10965163	cgC	cgT	R	R	204  	.   0.01	1sd1A  179  R
ENSP00000461932	rs10965163	cgC	cgT	R	R	204  	.   0.01	1sd2A  173  R
ENSP00000461932	rs10965163	cgC	cgT	R	R	204  	.   0.01	3ozcA  179  R
ENSP00000461932	rs10965163	cgC	cgT	R	R	204  	.   0.01	3ozdA  179  R
ENSP00000461932	rs10965163	cgC	cgT	R	R	204  	.   0.01	3ozdB  179  R
ENSP00000461932	rs10965163	cgC	cgT	R	R	204  	.   0.01	3ozeA  179  R
ENSP00000461932	rs10965163	cgC	cgT	R	R	204  	.   0.01	3ozeB  179  R
ENSP00000461932	rs10965163	cgC	cgT	R	R	204  	.   0.01	3ozeC  179  R
ENSP00000461932	rs10965163	cgC	cgT	R	R	204  	.   0.01	3ozeD  179  R
ENSP00000461932	rs10965163	cgC	cgT	R	R	204  	.   0.01	3ozeE  179  R
ENSP00000461932	rs10965163	cgC	cgT	R	R	204  	.   0.01	3ozeF  179  R
ENSP00000461932	rs10965163	cgC	cgT	R	R	204  	.   0.01	5eubA  178  R
ENSP00000461932	rs10965163	cgC	cgT	R	R	204  	.   0.01	5tc5A  192  R
ENSP00000461932	rs10965163	cgC	cgT	R	R	204  	.   0.01	5tc5B  177  R
ENSP00000461932	rs10965163	cgC	cgT	R	R	204  	.   0.01	5tc5C  176  R
ENSP00000461932	rs10965163	cgC	cgT	R	R	204  	.   0.01	5tc6A  179  R
ENSP00000461932	rs10965163	cgC	cgT	R	R	204  	.   0.01	5tc7A  179  R
ENSP00000461932	rs10965163	cgC	cgT	R	R	204  	.   0.01	5tc8A  179  R
ENSP00000461932	rs62556500	ccT	ccG	P	P	273  	.   0.01	1cb0A  243  P
ENSP00000461932	rs62556500	ccT	ccG	P	P	273  	.   0.01	1cg6A  243  P
ENSP00000461932	rs62556500	ccT	ccG	P	P	273  	.   0.01	1k27A  245  P
ENSP00000461932	rs62556500	ccT	ccG	P	P	273  	.   0.01	1sd1A  243  P
ENSP00000461932	rs62556500	ccT	ccG	P	P	273  	.   0.01	1sd2A  237  P
ENSP00000461932	rs62556500	ccT	ccG	P	P	273  	.   0.01	3ozcA  248  P
ENSP00000461932	rs62556500	ccT	ccG	P	P	273  	.   0.01	3ozdA  248  P
ENSP00000461932	rs62556500	ccT	ccG	P	P	273  	.   0.01	3ozdB  248  P
ENSP00000461932	rs62556500	ccT	ccG	P	P	273  	.   0.01	3ozeA  238  P
ENSP00000461932	rs62556500	ccT	ccG	P	P	273  	.   0.01	3ozeB  243  P
ENSP00000461932	rs62556500	ccT	ccG	P	P	273  	.   0.01	3ozeC  238  P
ENSP00000461932	rs62556500	ccT	ccG	P	P	273  	.   0.01	3ozeD  238  P
ENSP00000461932	rs62556500	ccT	ccG	P	P	273  	.   0.01	3ozeE  239  P
ENSP00000461932	rs62556500	ccT	ccG	P	P	273  	.   0.01	3ozeF  241  P
ENSP00000461932	rs62556500	ccT	ccG	P	P	273  	.   0.01	5eubA  247  P
ENSP00000461932	rs62556500	ccT	ccG	P	P	273  	.   0.01	5tc5A  261  P
ENSP00000461932	rs62556500	ccT	ccG	P	P	273  	.   0.01	5tc5B  246  P
ENSP00000461932	rs62556500	ccT	ccG	P	P	273  	.   0.01	5tc5C  245  P
ENSP00000461932	rs62556500	ccT	ccG	P	P	273  	.   0.01	5tc6A  248  P
ENSP00000461932	rs62556500	ccT	ccG	P	P	273  	.   0.01	5tc7A  248  P
ENSP00000461932	rs62556500	ccT	ccG	P	P	273  	.   0.01	5tc8A  248  P
ENSP00000461979	 rs2099104	Tct	Act	S	T	24   	.   0.01	2qz4A   44  C
ENSP00000461979	rs17783943	tTt	tGt	F	C	2    	.   0.26	2qz4A    2  G
ENSP00000462018	rs80346989	Ccc	Gcc	P	A	371  	.   0.03	2a62A  307  P
ENSP00000462036	 rs8078132	ccA	ccG	P	P	560  	.   0.01	5o0yA  191  P
ENSP00000462038	 rs2289544	gaG	gaA	E	E	18   	.   0.04	4gwmA   26  E
ENSP00000462038	 rs2289544	gaG	gaA	E	E	18   	.   0.04	4gwmB   28  E
ENSP00000462038	rs71361372	atA	atG	I	M	84   	.   0.01	4gwmA   92  I
ENSP00000462038	rs71361372	atA	atG	I	M	84   	.   0.01	4gwmB   94  I
ENSP00000462071	rs61751983	gaT	gaG	D	E	139  	.   0.12	1g5hA  294  D
ENSP00000462071	rs61751983	gaT	gaG	D	E	139  	.   0.12	1g5hB  295  D
ENSP00000462071	rs61751983	gaT	gaG	D	E	139  	.   0.12	1g5hC  294  D
ENSP00000462071	rs61751983	gaT	gaG	D	E	139  	.   0.12	1g5hD  305  D
ENSP00000462071	rs61751983	gaT	gaG	D	E	139  	.   0.12	1g5iA  296  D
ENSP00000462071	rs61751983	gaT	gaG	D	E	139  	.   0.12	1g5iB  297  D
ENSP00000462071	rs61751983	gaT	gaG	D	E	139  	.   0.12	1g5iC  296  D
ENSP00000462071	rs61751983	gaT	gaG	D	E	139  	.   0.12	1g5iD  307  D
ENSP00000462071	rs61751983	gaT	gaG	D	E	139  	.   0.12	2g4cA  298  D
ENSP00000462071	rs61751983	gaT	gaG	D	E	139  	.   0.12	2g4cB  298  D
ENSP00000462071	rs61751983	gaT	gaG	D	E	139  	.   0.12	2g4cC  298  D
ENSP00000462071	rs61751983	gaT	gaG	D	E	139  	.   0.12	2g4cD  298  D
ENSP00000462071	rs61751983	gaT	gaG	D	E	139  	.   0.12	3iklA  265  D
ENSP00000462071	rs61751983	gaT	gaG	D	E	139  	.   0.12	3iklB  265  D
ENSP00000462071	rs61751983	gaT	gaG	D	E	139  	.   0.12	3ikmB  256  D
ENSP00000462071	rs61751983	gaT	gaG	D	E	139  	.   0.12	3ikmC  297  D
ENSP00000462071	rs61751983	gaT	gaG	D	E	139  	.   0.12	3ikmE  256  D
ENSP00000462071	rs61751983	gaT	gaG	D	E	139  	.   0.12	3ikmF  297  D
ENSP00000462071	rs61751983	gaT	gaG	D	E	139  	.   0.12	4ztuB  264  D
ENSP00000462071	rs61751983	gaT	gaG	D	E	139  	.   0.12	4ztuC  258  D
ENSP00000462071	rs61751983	gaT	gaG	D	E	139  	.   0.12	4ztzB  264  D
ENSP00000462071	rs61751983	gaT	gaG	D	E	139  	.   0.12	4ztzC  259  D
ENSP00000462071	rs61751983	gaT	gaG	D	E	139  	.   0.12	5c51B  264  D
ENSP00000462071	rs61751983	gaT	gaG	D	E	139  	.   0.12	5c51C  259  D
ENSP00000462071	rs61751983	gaT	gaG	D	E	139  	.   0.12	5c52B  264  D
ENSP00000462071	rs61751983	gaT	gaG	D	E	139  	.   0.12	5c52C  259  D
ENSP00000462071	rs61751983	gaT	gaG	D	E	139  	.   0.12	5c53B  264  D
ENSP00000462071	rs61751983	gaT	gaG	D	E	139  	.   0.12	5c53C  259  D
ENSP00000462096	rs12960862	taC	taT	Y	Y	198  	.   0.01	3dljA  208  Y
ENSP00000462096	rs12960862	taC	taT	Y	Y	198  	.   0.01	3dljB  203  Y
ENSP00000462123	rs11541956	cCg	cTg	P	L	68   	.   0.01	2i7dA   66  P
ENSP00000462123	rs11541956	cCg	cTg	P	L	68   	.   0.01	2i7dB   65  P
ENSP00000462123	rs11541956	cCg	cTg	P	L	68   	.   0.01	4l57A   65  P
ENSP00000462123	rs11541956	cCg	cTg	P	L	68   	.   0.01	4l57B   65  P
ENSP00000462123	rs11541956	cCg	cTg	P	L	68   	.   0.01	4yihA   65  P
ENSP00000462123	rs11541956	cCg	cTg	P	L	68   	.   0.01	4yihB   65  P
ENSP00000462123	rs11541956	cCg	cTg	P	L	68   	.   0.01	6g2nA   65  P
ENSP00000462123	rs11541956	cCg	cTg	P	L	68   	.   0.01	6g2nB   65  P
ENSP00000462207	 rs1059476	aTg	aCg	M	T	266  	.   0.01	4af3A  213  T
ENSP00000462311	 rs2303463	ccG	ccA	P	P	35   	.    0.1	2zofA   39  P
ENSP00000462311	 rs2303463	ccG	ccA	P	P	35   	.    0.1	2zofB   39  P
ENSP00000462311	 rs2303463	ccG	ccA	P	P	35   	.    0.1	2zogA   39  P
ENSP00000462311	 rs2303463	ccG	ccA	P	P	35   	.    0.1	2zogB   39  P
ENSP00000462311	 rs2303463	ccG	ccA	P	P	35   	.    0.1	4ruhA   32  P
ENSP00000462311	 rs2303463	ccG	ccA	P	P	35   	.    0.1	4ruhB   32  P
ENSP00000462349	rs17470798	agT	agC	S	S	100  	.   0.02	2mouA  100  S
ENSP00000462473	rs52809447	gAg	gGg	E	G	97   	.   0.01	1jplA  123  T
ENSP00000462473	rs52809447	gAg	gGg	E	G	97   	.   0.01	1jplC  122  T
ENSP00000462473	rs52809447	gAg	gGg	E	G	97   	.   0.01	1jplE  122  T
ENSP00000462473	rs52809447	gAg	gGg	E	G	97   	.   0.01	1jplG  123  T
ENSP00000462473	rs52809447	gAg	gGg	E	G	97   	.   0.01	1juqA  115  T
ENSP00000462473	rs52809447	gAg	gGg	E	G	97   	.   0.01	1juqC  122  T
ENSP00000462473	rs52809447	gAg	gGg	E	G	97   	.   0.01	1juqE  114  T
ENSP00000462473	rs52809447	gAg	gGg	E	G	97   	.   0.01	1juqG  122  T
ENSP00000462473	rs52809447	gAg	gGg	E	G	97   	.   0.01	1lf8A   85  N
ENSP00000462473	rs52809447	gAg	gGg	E	G	97   	.   0.01	1lf8B   93  N
ENSP00000462473	rs52809447	gAg	gGg	E	G	97   	.   0.01	1lf8C   84  N
ENSP00000462473	rs52809447	gAg	gGg	E	G	97   	.   0.01	1lf8D   93  N
ENSP00000462473	rs52809447	gAg	gGg	E	G	97   	.   0.01	1wr6A    9  E
ENSP00000462473	rs52809447	gAg	gGg	E	G	97   	.   0.01	1wr6B    5  E
ENSP00000462473	rs52809447	gAg	gGg	E	G	97   	.   0.01	1wr6C    8  E
ENSP00000462473	rs52809447	gAg	gGg	E	G	97   	.   0.01	1wr6D    5  E
ENSP00000462473	rs52809447	gAg	gGg	E	G	97   	.   0.01	1yd8B   13  E
ENSP00000462473	rs52809447	gAg	gGg	E	G	97   	.   0.01	1yd8D   13  E
ENSP00000462495	   rs13030	ctC	ctT	L	L	272  	.   0.02	5gjqR  241  L
ENSP00000462495	   rs13030	ctC	ctT	L	L	272  	.   0.02	5gjrE  241  L
ENSP00000462495	   rs13030	ctC	ctT	L	L	272  	.   0.02	5ln3R  256  L
ENSP00000462495	   rs13030	ctC	ctT	L	L	272  	.   0.02	5t0cR  270  L
ENSP00000462495	   rs13030	ctC	ctT	L	L	272  	.   0.02	5t0gT  270  L
ENSP00000462495	   rs13030	ctC	ctT	L	L	272  	.   0.02	5t0hC  270  L
ENSP00000462495	   rs13030	ctC	ctT	L	L	272  	.   0.02	5t0iC  270  L
ENSP00000462495	   rs13030	ctC	ctT	L	L	272  	.   0.02	5t0jU  270  L
ENSP00000462495	   rs13030	ctC	ctT	L	L	272  	.   0.02	5vftN  270  L
ENSP00000462495	   rs13030	ctC	ctT	L	L	272  	.   0.02	5vfuN  270  L
ENSP00000462495	   rs13030	ctC	ctT	L	L	272  	.   0.02	5vhfD  228  L
ENSP00000462495	   rs13030	ctC	ctT	L	L	272  	.   0.02	5vhhC  228  L
ENSP00000462495	   rs13030	ctC	ctT	L	L	272  	.   0.02	5vhiC  236  L
ENSP00000462495	   rs13030	ctC	ctT	L	L	272  	.   0.02	5vhjG   99  L
ENSP00000462495	   rs13030	ctC	ctT	L	L	272  	.   0.02	5vhmG  115  L
ENSP00000462495	   rs13030	ctC	ctT	L	L	272  	.   0.02	5vhnG  110  L
ENSP00000462495	   rs13030	ctC	ctT	L	L	272  	.   0.02	5vhoG  123  L
ENSP00000462495	   rs13030	ctC	ctT	L	L	272  	.   0.02	5vhpG  127  L
ENSP00000462495	   rs13030	ctC	ctT	L	L	272  	.   0.02	5vhqG  120  L
ENSP00000462495	   rs13030	ctC	ctT	L	L	272  	.   0.02	5vhrG  128  L
ENSP00000462495	   rs13030	ctC	ctT	L	L	272  	.   0.02	5vhsC  235  L
ENSP00000462503	rs191143292	gTg	gGg	V	G	158  	.   0.42	2yqgA  119  V
ENSP00000462503	rs191143292	gTg	gGg	V	G	158  	.   0.42	5erdA  109  V
ENSP00000462503	rs191143292	gTg	gGg	V	G	158  	.   0.42	5erdB  109  V
ENSP00000462599	    rs4331	gcA	gcG	A	A	157  	.   0.08	1o86A   87  A
ENSP00000462599	    rs4331	gcA	gcG	A	A	157  	.   0.08	1o8aA   87  A
ENSP00000462599	    rs4331	gcA	gcG	A	A	157  	.   0.08	1uzeA   87  A
ENSP00000462599	    rs4331	gcA	gcG	A	A	157  	.   0.08	1uzfA   87  A
ENSP00000462599	    rs4331	gcA	gcG	A	A	157  	.   0.08	2iulA   87  A
ENSP00000462599	    rs4331	gcA	gcG	A	A	157  	.   0.08	2iuxA   87  A
ENSP00000462599	    rs4331	gcA	gcG	A	A	157  	.   0.08	2oc2A   87  A
ENSP00000462599	    rs4331	gcA	gcG	A	A	157  	.   0.08	2xy9A   87  A
ENSP00000462599	    rs4331	gcA	gcG	A	A	157  	.   0.08	2ydmA   87  A
ENSP00000462599	    rs4331	gcA	gcG	A	A	157  	.   0.08	3bkkA   89  A
ENSP00000462599	    rs4331	gcA	gcG	A	A	157  	.   0.08	3bklA   87  A
ENSP00000462599	    rs4331	gcA	gcG	A	A	157  	.   0.08	3l3nA   87  A
ENSP00000462599	    rs4331	gcA	gcG	A	A	157  	.   0.08	4aphA   87  A
ENSP00000462599	    rs4331	gcA	gcG	A	A	157  	.   0.08	4apjA   87  A
ENSP00000462599	    rs4331	gcA	gcG	A	A	157  	.   0.08	4bzrA   87  A
ENSP00000462599	    rs4331	gcA	gcG	A	A	157  	.   0.08	4c2nA   87  A
ENSP00000462599	    rs4331	gcA	gcG	A	A	157  	.   0.08	4c2oA   87  A
ENSP00000462599	    rs4331	gcA	gcG	A	A	157  	.   0.08	4c2pA   87  A
ENSP00000462599	    rs4331	gcA	gcG	A	A	157  	.   0.08	4c2qA   87  A
ENSP00000462599	    rs4331	gcA	gcG	A	A	157  	.   0.08	4c2rA   87  A
ENSP00000462599	    rs4331	gcA	gcG	A	A	157  	.   0.08	4ca5A   87  A
ENSP00000462599	    rs4331	gcA	gcG	A	A	157  	.   0.08	6f9tA   87  A
ENSP00000462599	    rs4331	gcA	gcG	A	A	157  	.   0.08	6f9uA   87  A
ENSP00000462629	rs52809447	gAg	gGg	E	G	147  	.   0.06	1yd8B   13  E
ENSP00000462629	rs52809447	gAg	gGg	E	G	147  	.   0.06	1yd8D   13  E
ENSP00000462673	 rs2303463	ccG	ccA	P	P	35   	.   0.03	2zofA   39  P
ENSP00000462673	 rs2303463	ccG	ccA	P	P	35   	.   0.03	2zofB   39  P
ENSP00000462673	 rs2303463	ccG	ccA	P	P	35   	.   0.03	2zogA   39  P
ENSP00000462673	 rs2303463	ccG	ccA	P	P	35   	.   0.03	2zogB   39  P
ENSP00000462673	 rs2303463	ccG	ccA	P	P	35   	.   0.03	4ruhA   32  P
ENSP00000462673	 rs2303463	ccG	ccA	P	P	35   	.   0.03	4ruhB   32  P
ENSP00000462697	rs11541956	cCg	cTg	P	L	60   	.   0.01	2i7dA   66  P
ENSP00000462697	rs11541956	cCg	cTg	P	L	60   	.   0.01	2i7dB   65  P
ENSP00000462697	rs11541956	cCg	cTg	P	L	60   	.   0.01	2jaoA   67  P
ENSP00000462697	rs11541956	cCg	cTg	P	L	60   	.   0.01	2jarA   67  P
ENSP00000462697	rs11541956	cCg	cTg	P	L	60   	.   0.01	4l57A   65  P
ENSP00000462697	rs11541956	cCg	cTg	P	L	60   	.   0.01	4l57B   65  P
ENSP00000462697	rs11541956	cCg	cTg	P	L	60   	.   0.01	4yihA   65  P
ENSP00000462697	rs11541956	cCg	cTg	P	L	60   	.   0.01	4yihB   65  P
ENSP00000462697	rs11541956	cCg	cTg	P	L	60   	.   0.01	6g2nA   65  P
ENSP00000462697	rs11541956	cCg	cTg	P	L	60   	.   0.01	6g2nB   65  P
ENSP00000462701	rs80346989	Ccc	Gcc	P	A	371  	.   0.04	2a62A  307  P
ENSP00000462749	 rs2291029	ccC	ccT	P	P	200  	.   0.15	5a9qI  205  A
ENSP00000462749	 rs2291029	ccC	ccT	P	P	200  	.   0.15	5a9qR  205  A
ENSP00000462764	 rs2257205	cGc	cTc	R	L	117  	.   0.03	4kngE   74  R
ENSP00000462764	 rs2257205	cGc	cTc	R	L	117  	.   0.03	4kngF   74  R
ENSP00000462764	 rs2257205	cGc	cAc	R	H	117  	.   0.03	4kngE   74  R
ENSP00000462764	 rs2257205	cGc	cAc	R	H	117  	.   0.03	4kngF   74  R
ENSP00000462790	rs78919340	agC	agG	S	R	218  	.   0.07	4cgyA  223  S
ENSP00000462790	rs78919340	agC	agG	S	R	218  	.   0.07	4chtA  223  S
ENSP00000462858	 rs1059476	aTg	aCg	M	T	196  	.   0.01	2bfxA  229  G
ENSP00000462858	 rs1059476	aTg	aCg	M	T	196  	.   0.01	2bfxB  234  G
ENSP00000462858	 rs1059476	aTg	aCg	M	T	196  	.   0.01	2bfyA  229  G
ENSP00000462858	 rs1059476	aTg	aCg	M	T	196  	.   0.01	2vgoA  228  G
ENSP00000462858	 rs1059476	aTg	aCg	M	T	196  	.   0.01	2vgoB  235  G
ENSP00000462858	 rs1059476	aTg	aCg	M	T	196  	.   0.01	2vgpA  224  G
ENSP00000462858	 rs1059476	aTg	aCg	M	T	196  	.   0.01	2vgpB  237  G
ENSP00000462858	 rs1059476	aTg	aCg	M	T	196  	.   0.01	2vrxA  228  G
ENSP00000462858	 rs1059476	aTg	aCg	M	T	196  	.   0.01	2vrxB  234  G
ENSP00000462858	 rs1059476	aTg	aCg	M	T	196  	.   0.01	3ztxA  228  G
ENSP00000462858	 rs1059476	aTg	aCg	M	T	196  	.   0.01	3ztxB  232  G
ENSP00000462858	 rs1059476	aTg	aCg	M	T	196  	.   0.01	4af3A  214  G
ENSP00000462858	 rs1059476	aTg	aCg	M	T	196  	.   0.01	4b8lA  213  G
ENSP00000462858	 rs1059476	aTg	aCg	M	T	196  	.   0.01	4b8mA  228  G
ENSP00000462858	 rs1059476	aTg	aCg	M	T	196  	.   0.01	4b8mB  237  G
ENSP00000462858	 rs1059476	aTg	aCg	M	T	196  	.   0.01	4c2vA  228  G
ENSP00000462858	 rs1059476	aTg	aCg	M	T	196  	.   0.01	4c2wA  227  G
ENSP00000462858	 rs1059476	aTg	aCg	M	T	196  	.   0.01	4c2wB  237  G
ENSP00000462858	 rs1059476	aTg	aCg	M	T	196  	.   0.01	5k3yA  227  G
ENSP00000462909	 rs3730043	aCg	aTg	T	M	172  	.   0.01	1o86A  272  T
ENSP00000462909	 rs3730043	aCg	aTg	T	M	172  	.   0.01	1o8aA  272  T
ENSP00000462909	 rs3730043	aCg	aTg	T	M	172  	.   0.01	1uzeA  272  T
ENSP00000462909	 rs3730043	aCg	aTg	T	M	172  	.   0.01	1uzfA  272  T
ENSP00000462909	 rs3730043	aCg	aTg	T	M	172  	.   0.01	2iulA  272  T
ENSP00000462909	 rs3730043	aCg	aTg	T	M	172  	.   0.01	2iuxA  272  T
ENSP00000462909	 rs3730043	aCg	aTg	T	M	172  	.   0.01	2oc2A  272  T
ENSP00000462909	 rs3730043	aCg	aTg	T	M	172  	.   0.01	2xy9A  272  T
ENSP00000462909	 rs3730043	aCg	aTg	T	M	172  	.   0.01	2ydmA  272  T
ENSP00000462909	 rs3730043	aCg	aTg	T	M	172  	.   0.01	3bkkA  274  T
ENSP00000462909	 rs3730043	aCg	aTg	T	M	172  	.   0.01	3bklA  271  T
ENSP00000462909	 rs3730043	aCg	aTg	T	M	172  	.   0.01	3l3nA  272  T
ENSP00000462909	 rs3730043	aCg	aTg	T	M	172  	.   0.01	4aphA  272  T
ENSP00000462909	 rs3730043	aCg	aTg	T	M	172  	.   0.01	4apjA  272  T
ENSP00000462909	 rs3730043	aCg	aTg	T	M	172  	.   0.01	4bzrA  272  T
ENSP00000462909	 rs3730043	aCg	aTg	T	M	172  	.   0.01	4c2nA  272  T
ENSP00000462909	 rs3730043	aCg	aTg	T	M	172  	.   0.01	4c2oA  272  T
ENSP00000462909	 rs3730043	aCg	aTg	T	M	172  	.   0.01	4c2pA  272  T
ENSP00000462909	 rs3730043	aCg	aTg	T	M	172  	.   0.01	4c2qA  272  T
ENSP00000462909	 rs3730043	aCg	aTg	T	M	172  	.   0.01	4c2rA  272  T
ENSP00000462909	 rs3730043	aCg	aTg	T	M	172  	.   0.01	4ca5A  272  T
ENSP00000462909	 rs3730043	aCg	aTg	T	M	172  	.   0.01	6f9tA  272  T
ENSP00000462909	 rs3730043	aCg	aTg	T	M	172  	.   0.01	6f9uA  272  T
ENSP00000462964	rs72547554	Cag	Gag	Q	E	10   	.   0.01	4qgkA   11  Q
ENSP00000462964	rs72547554	Cag	Gag	Q	E	10   	.   0.01	4qgkB   11  Q
ENSP00000462976	rs80346989	Ccc	Gcc	P	A	371  	.   0.06	2a62A  307  P
ENSP00000463069	 rs2257205	cGc	cTc	R	L	117  	.   0.03	4kngE   74  R
ENSP00000463069	 rs2257205	cGc	cTc	R	L	117  	.   0.03	4kngF   74  R
ENSP00000463069	 rs2257205	cGc	cAc	R	H	117  	.   0.03	4kngE   74  R
ENSP00000463069	 rs2257205	cGc	cAc	R	H	117  	.   0.03	4kngF   74  R
