ENSP00000463182	 rs2303463	ccG	ccA	P	P	35   	.   0.03	2zofA   39  P
ENSP00000463182	 rs2303463	ccG	ccA	P	P	35   	.   0.03	2zofB   39  P
ENSP00000463182	 rs2303463	ccG	ccA	P	P	35   	.   0.03	2zogA   39  P
ENSP00000463182	 rs2303463	ccG	ccA	P	P	35   	.   0.03	2zogB   39  P
ENSP00000463182	 rs2303463	ccG	ccA	P	P	35   	.   0.03	4ruhA   32  P
ENSP00000463182	 rs2303463	ccG	ccA	P	P	35   	.   0.03	4ruhB   32  P
ENSP00000463222	 rs2303463	ccG	ccA	P	P	35   	.   0.03	2zofA   39  P
ENSP00000463222	 rs2303463	ccG	ccA	P	P	35   	.   0.03	2zofB   39  P
ENSP00000463222	 rs2303463	ccG	ccA	P	P	35   	.   0.03	2zogA   39  P
ENSP00000463222	 rs2303463	ccG	ccA	P	P	35   	.   0.03	2zogB   39  P
ENSP00000463222	 rs2303463	ccG	ccA	P	P	35   	.   0.03	4ruhA   32  P
ENSP00000463222	 rs2303463	ccG	ccA	P	P	35   	.   0.03	4ruhB   32  P
ENSP00000463266	rs80346989	Ccc	Gcc	P	A	371  	.   0.04	2a62A  307  P
ENSP00000463280	  rs173032	tcT	tcC	S	S	537  	.   0.04	4gwmA  501  S
ENSP00000463280	  rs173032	tcT	tcC	S	S	537  	.   0.04	4gwmB  498  S
ENSP00000463280	  rs173032	tcT	tcC	S	S	537  	.   0.04	4gwnA  476  S
ENSP00000463280	 rs9959396	Gtg	Atg	V	M	326  	.   0.17	4gwmA  290  V
ENSP00000463280	 rs9959396	Gtg	Atg	V	M	326  	.   0.17	4gwmB  287  V
ENSP00000463280	 rs9959396	Gtg	Atg	V	M	326  	.   0.17	4gwnA  265  V
ENSP00000463280	 rs2289544	gaG	gaA	E	E	50   	.   0.21	4gwmA   26  E
ENSP00000463280	 rs2289544	gaG	gaA	E	E	50   	.   0.21	4gwmB   28  E
ENSP00000463280	rs71361372	atA	atG	I	M	116  	.   0.01	4gwmA   92  I
ENSP00000463280	rs71361372	atA	atG	I	M	116  	.   0.01	4gwmB   94  I
ENSP00000463280	rs71361372	atA	atG	I	M	116  	.   0.01	4gwnA   55  I
ENSP00000463288	rs52809447	gAg	gGg	E	G	97   	.   0.06	1yd8B   13  E
ENSP00000463288	rs52809447	gAg	gGg	E	G	97   	.   0.06	1yd8D   13  E
ENSP00000463314	 rs2303463	ccG	ccA	P	P	74   	.   0.02	4ruhA   32  P
ENSP00000463314	 rs2303463	ccG	ccA	P	P	74   	.   0.02	4ruhB   32  P
ENSP00000463325	 rs2230601	aaC	aaT	N	N	439  	.   0.07	2v5yA  418  N
ENSP00000463424	rs10965163	cgC	cgT	R	R	187  	.   0.01	1cb0A  179  R
ENSP00000463424	rs10965163	cgC	cgT	R	R	187  	.   0.01	1cg6A  179  R
ENSP00000463424	rs10965163	cgC	cgT	R	R	187  	.   0.01	1k27A  179  R
ENSP00000463424	rs10965163	cgC	cgT	R	R	187  	.   0.01	1sd1A  179  R
ENSP00000463424	rs10965163	cgC	cgT	R	R	187  	.   0.01	1sd2A  173  R
ENSP00000463424	rs10965163	cgC	cgT	R	R	187  	.   0.01	3ozcA  179  R
ENSP00000463424	rs10965163	cgC	cgT	R	R	187  	.   0.01	3ozdA  179  R
ENSP00000463424	rs10965163	cgC	cgT	R	R	187  	.   0.01	3ozdB  179  R
ENSP00000463424	rs10965163	cgC	cgT	R	R	187  	.   0.01	3ozeA  179  R
ENSP00000463424	rs10965163	cgC	cgT	R	R	187  	.   0.01	3ozeB  179  R
ENSP00000463424	rs10965163	cgC	cgT	R	R	187  	.   0.01	3ozeC  179  R
ENSP00000463424	rs10965163	cgC	cgT	R	R	187  	.   0.01	3ozeD  179  R
ENSP00000463424	rs10965163	cgC	cgT	R	R	187  	.   0.01	3ozeE  179  R
ENSP00000463424	rs10965163	cgC	cgT	R	R	187  	.   0.01	3ozeF  179  R
ENSP00000463424	rs10965163	cgC	cgT	R	R	187  	.   0.01	5eubA  178  R
ENSP00000463424	rs10965163	cgC	cgT	R	R	187  	.   0.01	5tc5A  192  R
ENSP00000463424	rs10965163	cgC	cgT	R	R	187  	.   0.01	5tc5B  177  R
ENSP00000463424	rs10965163	cgC	cgT	R	R	187  	.   0.01	5tc5C  176  R
ENSP00000463424	rs10965163	cgC	cgT	R	R	187  	.   0.01	5tc6A  179  R
ENSP00000463424	rs10965163	cgC	cgT	R	R	187  	.   0.01	5tc7A  179  R
ENSP00000463424	rs10965163	cgC	cgT	R	R	187  	.   0.01	5tc8A  179  R
ENSP00000463424	rs62556500	ccT	ccG	P	P	256  	.   0.01	1cb0A  243  P
ENSP00000463424	rs62556500	ccT	ccG	P	P	256  	.   0.01	1cg6A  243  P
ENSP00000463424	rs62556500	ccT	ccG	P	P	256  	.   0.01	1k27A  245  P
ENSP00000463424	rs62556500	ccT	ccG	P	P	256  	.   0.01	1sd1A  243  P
ENSP00000463424	rs62556500	ccT	ccG	P	P	256  	.   0.01	1sd2A  237  P
ENSP00000463424	rs62556500	ccT	ccG	P	P	256  	.   0.01	3ozcA  248  P
ENSP00000463424	rs62556500	ccT	ccG	P	P	256  	.   0.01	3ozdA  248  P
ENSP00000463424	rs62556500	ccT	ccG	P	P	256  	.   0.01	3ozdB  248  P
ENSP00000463424	rs62556500	ccT	ccG	P	P	256  	.   0.01	3ozeA  238  P
ENSP00000463424	rs62556500	ccT	ccG	P	P	256  	.   0.01	3ozeB  243  P
ENSP00000463424	rs62556500	ccT	ccG	P	P	256  	.   0.01	3ozeC  238  P
ENSP00000463424	rs62556500	ccT	ccG	P	P	256  	.   0.01	3ozeD  238  P
ENSP00000463424	rs62556500	ccT	ccG	P	P	256  	.   0.01	3ozeE  239  P
ENSP00000463424	rs62556500	ccT	ccG	P	P	256  	.   0.01	3ozeF  241  P
ENSP00000463424	rs62556500	ccT	ccG	P	P	256  	.   0.01	5eubA  247  P
ENSP00000463424	rs62556500	ccT	ccG	P	P	256  	.   0.01	5tc5A  261  P
ENSP00000463424	rs62556500	ccT	ccG	P	P	256  	.   0.01	5tc5B  246  P
ENSP00000463424	rs62556500	ccT	ccG	P	P	256  	.   0.01	5tc5C  245  P
ENSP00000463424	rs62556500	ccT	ccG	P	P	256  	.   0.01	5tc6A  248  P
ENSP00000463424	rs62556500	ccT	ccG	P	P	256  	.   0.01	5tc7A  248  P
ENSP00000463424	rs62556500	ccT	ccG	P	P	256  	.   0.01	5tc8A  248  P
ENSP00000463495	    rs6972	cGt	cAt	R	H	58   	*   0.58	2n02A  162  R
ENSP00000463511	rs80346989	Ccc	Gcc	P	A	371  	.   0.04	2a62A  307  P
ENSP00000463574	    rs1344	caC	caT	H	H	413  	.   0.03	4jobA  363  H
ENSP00000463574	    rs1344	caC	caT	H	H	413  	.   0.03	4jocA  352  H
ENSP00000463574	    rs1344	caC	caT	H	H	413  	.   0.03	4jodA  372  H
ENSP00000463574	 rs2153463	Agg	Tgg	R	W	275  	.   0.01	4jobA  229  R
ENSP00000463574	 rs2153463	Agg	Tgg	R	W	275  	.   0.01	4jocA  223  R
ENSP00000463574	 rs2153463	Agg	Tgg	R	W	275  	.   0.01	4jodA  234  R
ENSP00000463574	 rs2153463	Agg	Cgg	R	R	275  	.   0.01	4jobA  229  R
ENSP00000463574	 rs2153463	Agg	Cgg	R	R	275  	.   0.01	4jocA  223  R
ENSP00000463574	 rs2153463	Agg	Cgg	R	R	275  	.   0.01	4jodA  234  R
ENSP00000463595	 rs8078132	ccA	ccG	P	P	475  	.   0.01	5o0yA  191  P
ENSP00000463613	 rs2941513	gtT	gtC	V	V	373  	.   0.01	1em2A  168  V
ENSP00000463613	 rs2941513	gtT	gtC	V	V	373  	.   0.01	5i9jA  169  V
ENSP00000463637	rs72547554	Cag	Gag	Q	E	10   	.   0.02	4qgkA   11  Q
ENSP00000463637	rs72547554	Cag	Gag	Q	E	10   	.   0.02	4qgkB   11  Q
ENSP00000463637	rs72547561	Cga	Gga	R	G	177  	.   0.01	4qgkA  178  R
ENSP00000463637	rs72547561	Cga	Gga	R	G	177  	.   0.01	4qgkB  178  R
ENSP00000463637	rs72547562	aCg	aTg	T	M	184  	.   0.01	4qgkA  185  T
ENSP00000463637	rs72547562	aCg	aTg	T	M	184  	.   0.01	4qgkB  185  T
ENSP00000463637	rs72547566	Cgc	Tgc	R	C	228  	.    0.0	4qgkA  229  R
ENSP00000463637	rs72547566	Cgc	Tgc	R	C	228  	.    0.0	4qgkB  229  R
ENSP00000463637	rs72547568	Gac	Aac	D	N	245  	.   0.01	4qgkA  246  D
ENSP00000463637	rs72547568	Gac	Aac	D	N	245  	.   0.01	4qgkB  246  D
ENSP00000463702	 rs2303463	ccG	ccA	P	P	35   	.   0.04	2zofA   39  P
ENSP00000463702	 rs2303463	ccG	ccA	P	P	35   	.   0.04	2zofB   39  P
ENSP00000463702	 rs2303463	ccG	ccA	P	P	35   	.   0.04	2zogA   39  P
ENSP00000463702	 rs2303463	ccG	ccA	P	P	35   	.   0.04	2zogB   39  P
ENSP00000463702	 rs2303463	ccG	ccA	P	P	35   	.   0.04	4ruhA   32  P
ENSP00000463702	 rs2303463	ccG	ccA	P	P	35   	.   0.04	4ruhB   32  P
ENSP00000463801	   rs13030	ctC	ctT	L	L	261  	.   0.34	5gjqR  241  L
ENSP00000463801	   rs13030	ctC	ctT	L	L	261  	.   0.34	5gjrE  241  L
ENSP00000463801	   rs13030	ctC	ctT	L	L	261  	.   0.34	5ln3R  256  L
ENSP00000463801	   rs13030	ctC	ctT	L	L	261  	.   0.34	5t0cR  270  L
ENSP00000463801	   rs13030	ctC	ctT	L	L	261  	.   0.34	5t0gT  270  L
ENSP00000463801	   rs13030	ctC	ctT	L	L	261  	.   0.34	5t0hC  270  L
ENSP00000463801	   rs13030	ctC	ctT	L	L	261  	.   0.34	5t0iC  270  L
ENSP00000463801	   rs13030	ctC	ctT	L	L	261  	.   0.34	5t0jU  270  L
ENSP00000463801	   rs13030	ctC	ctT	L	L	261  	.   0.34	5vftN  270  L
ENSP00000463801	   rs13030	ctC	ctT	L	L	261  	.   0.34	5vfuN  270  L
ENSP00000463801	   rs13030	ctC	ctT	L	L	261  	.   0.34	5vhfD  228  L
ENSP00000463801	   rs13030	ctC	ctT	L	L	261  	.   0.34	5vhhC  228  L
ENSP00000463801	   rs13030	ctC	ctT	L	L	261  	.   0.34	5vhiC  236  L
ENSP00000463801	   rs13030	ctC	ctT	L	L	261  	.   0.34	5vhjG   99  L
ENSP00000463801	   rs13030	ctC	ctT	L	L	261  	.   0.34	5vhmG  115  L
ENSP00000463801	   rs13030	ctC	ctT	L	L	261  	.   0.34	5vhnG  110  L
ENSP00000463801	   rs13030	ctC	ctT	L	L	261  	.   0.34	5vhoG  123  L
ENSP00000463801	   rs13030	ctC	ctT	L	L	261  	.   0.34	5vhpG  127  L
ENSP00000463801	   rs13030	ctC	ctT	L	L	261  	.   0.34	5vhqG  120  L
ENSP00000463801	   rs13030	ctC	ctT	L	L	261  	.   0.34	5vhrG  128  L
ENSP00000463801	   rs13030	ctC	ctT	L	L	261  	.   0.34	5vhsC  235  L
ENSP00000463816	 rs2303463	ccG	ccA	P	P	35   	.   0.02	4ruhA   32  P
ENSP00000463816	 rs2303463	ccG	ccA	P	P	35   	.   0.02	4ruhB   32  P
ENSP00000463919	 rs4378657	ctG	ctA	L	L	104  	.   0.04	1nrgA  136  L
ENSP00000463919	 rs4378657	ctG	ctA	L	L	104  	.   0.04	3hy8A  137  L
ENSP00000463919	 rs4378657	ctG	ctA	L	L	104  	.   0.04	6h00A  134  L
ENSP00000463938	   rs13030	ctC	ctT	L	L	272  	.   0.02	5gjqR  241  L
ENSP00000463938	   rs13030	ctC	ctT	L	L	272  	.   0.02	5gjrE  241  L
ENSP00000463938	   rs13030	ctC	ctT	L	L	272  	.   0.02	5ln3R  256  L
ENSP00000463938	   rs13030	ctC	ctT	L	L	272  	.   0.02	5t0cR  270  L
ENSP00000463938	   rs13030	ctC	ctT	L	L	272  	.   0.02	5t0gT  270  L
ENSP00000463938	   rs13030	ctC	ctT	L	L	272  	.   0.02	5t0hC  270  L
ENSP00000463938	   rs13030	ctC	ctT	L	L	272  	.   0.02	5t0iC  270  L
ENSP00000463938	   rs13030	ctC	ctT	L	L	272  	.   0.02	5t0jU  270  L
ENSP00000463938	   rs13030	ctC	ctT	L	L	272  	.   0.02	5vftN  270  L
ENSP00000463938	   rs13030	ctC	ctT	L	L	272  	.   0.02	5vfuN  270  L
ENSP00000463938	   rs13030	ctC	ctT	L	L	272  	.   0.02	5vhfD  228  L
ENSP00000463938	   rs13030	ctC	ctT	L	L	272  	.   0.02	5vhhC  228  L
ENSP00000463938	   rs13030	ctC	ctT	L	L	272  	.   0.02	5vhiC  236  L
ENSP00000463938	   rs13030	ctC	ctT	L	L	272  	.   0.02	5vhjG   99  L
ENSP00000463938	   rs13030	ctC	ctT	L	L	272  	.   0.02	5vhmG  115  L
ENSP00000463938	   rs13030	ctC	ctT	L	L	272  	.   0.02	5vhnG  110  L
ENSP00000463938	   rs13030	ctC	ctT	L	L	272  	.   0.02	5vhoG  123  L
ENSP00000463938	   rs13030	ctC	ctT	L	L	272  	.   0.02	5vhpG  127  L
ENSP00000463938	   rs13030	ctC	ctT	L	L	272  	.   0.02	5vhqG  120  L
ENSP00000463938	   rs13030	ctC	ctT	L	L	272  	.   0.02	5vhrG  128  L
ENSP00000463938	   rs13030	ctC	ctT	L	L	272  	.   0.02	5vhsC  235  L
ENSP00000463972	 rs4378657	ctG	ctA	L	L	161  	.   0.05	1nrgA  136  L
ENSP00000463972	 rs4378657	ctG	ctA	L	L	161  	.   0.05	3hy8A  137  L
ENSP00000463972	 rs4378657	ctG	ctA	L	L	161  	.   0.05	6h00A  134  L
ENSP00000463972	rs11079804	tcC	tcT	S	S	45   	.   0.06	1nrgA    7  S
ENSP00000463972	rs11079804	tcC	tcT	S	S	45   	.   0.06	3hy8A    8  S
ENSP00000463972	rs11079804	tcC	tcT	S	S	45   	.   0.06	6h00A    5  S
ENSP00000463999	 rs1059476	aTg	aCg	M	T	298  	.   0.01	2vgoA  227  D
ENSP00000463999	 rs1059476	aTg	aCg	M	T	298  	.   0.01	2vrxA  227  D
ENSP00000463999	 rs1059476	aTg	aCg	M	T	298  	.   0.01	4af3A  213  T
ENSP00000463999	 rs1059476	aTg	aCg	M	T	298  	.   0.01	4b8mA  227  D
ENSP00000463999	 rs1059476	aTg	aCg	M	T	298  	.   0.01	4c2vA  227  D
ENSP00000463999	 rs1059476	aTg	aCg	M	T	298  	.   0.01	5k3yA  226  D
ENSP00000464014	 rs2303463	ccG	ccA	P	P	35   	.   0.04	2zofA   39  P
ENSP00000464014	 rs2303463	ccG	ccA	P	P	35   	.   0.04	2zofB   39  P
ENSP00000464014	 rs2303463	ccG	ccA	P	P	35   	.   0.04	2zogA   39  P
ENSP00000464014	 rs2303463	ccG	ccA	P	P	35   	.   0.04	2zogB   39  P
ENSP00000464014	 rs2303463	ccG	ccA	P	P	35   	.   0.04	4ruhA   32  P
ENSP00000464014	 rs2303463	ccG	ccA	P	P	35   	.   0.04	4ruhB   32  P
ENSP00000464122	 rs2303463	ccG	ccA	P	P	35   	.   0.03	2zofA   39  P
ENSP00000464122	 rs2303463	ccG	ccA	P	P	35   	.   0.03	2zofB   39  P
ENSP00000464122	 rs2303463	ccG	ccA	P	P	35   	.   0.03	2zogA   39  P
ENSP00000464122	 rs2303463	ccG	ccA	P	P	35   	.   0.03	2zogB   39  P
ENSP00000464122	 rs2303463	ccG	ccA	P	P	35   	.   0.03	4ruhA   32  P
ENSP00000464122	 rs2303463	ccG	ccA	P	P	35   	.   0.03	4ruhB   32  P
ENSP00000464149	    rs4331	gcA	gcG	A	A	157  	.   0.14	1o86A   87  A
ENSP00000464149	    rs4331	gcA	gcG	A	A	157  	.   0.14	1o8aA   87  A
ENSP00000464149	    rs4331	gcA	gcG	A	A	157  	.   0.14	1uzeA   87  A
ENSP00000464149	    rs4331	gcA	gcG	A	A	157  	.   0.14	1uzfA   87  A
ENSP00000464149	    rs4331	gcA	gcG	A	A	157  	.   0.14	2iulA   87  A
ENSP00000464149	    rs4331	gcA	gcG	A	A	157  	.   0.14	2iuxA   87  A
ENSP00000464149	    rs4331	gcA	gcG	A	A	157  	.   0.14	2oc2A   87  A
ENSP00000464149	    rs4331	gcA	gcG	A	A	157  	.   0.14	2xy9A   87  A
ENSP00000464149	    rs4331	gcA	gcG	A	A	157  	.   0.14	2ydmA   87  A
ENSP00000464149	    rs4331	gcA	gcG	A	A	157  	.   0.14	3bkkA   89  A
ENSP00000464149	    rs4331	gcA	gcG	A	A	157  	.   0.14	3bklA   87  A
ENSP00000464149	    rs4331	gcA	gcG	A	A	157  	.   0.14	3l3nA   87  A
ENSP00000464149	    rs4331	gcA	gcG	A	A	157  	.   0.14	4aphA   87  A
ENSP00000464149	    rs4331	gcA	gcG	A	A	157  	.   0.14	4apjA   87  A
ENSP00000464149	    rs4331	gcA	gcG	A	A	157  	.   0.14	4bzrA   87  A
ENSP00000464149	    rs4331	gcA	gcG	A	A	157  	.   0.14	4c2nA   87  A
ENSP00000464149	    rs4331	gcA	gcG	A	A	157  	.   0.14	4c2oA   87  A
ENSP00000464149	    rs4331	gcA	gcG	A	A	157  	.   0.14	4c2pA   87  A
ENSP00000464149	    rs4331	gcA	gcG	A	A	157  	.   0.14	4c2qA   87  A
ENSP00000464149	    rs4331	gcA	gcG	A	A	157  	.   0.14	4c2rA   87  A
ENSP00000464149	    rs4331	gcA	gcG	A	A	157  	.   0.14	4ca5A   87  A
ENSP00000464149	    rs4331	gcA	gcG	A	A	157  	.   0.14	6f9tA   87  A
ENSP00000464149	    rs4331	gcA	gcG	A	A	157  	.   0.14	6f9uA   87  A
ENSP00000464149	    rs4362	ttT	ttC	F	F	555  	.   0.01	1o86A  481  F
ENSP00000464149	    rs4362	ttT	ttC	F	F	555  	.   0.01	1o8aA  481  F
ENSP00000464149	    rs4362	ttT	ttC	F	F	555  	.   0.01	1uzeA  481  F
ENSP00000464149	    rs4362	ttT	ttC	F	F	555  	.   0.01	1uzfA  481  F
ENSP00000464149	    rs4362	ttT	ttC	F	F	555  	.   0.01	2iulA  484  F
ENSP00000464149	    rs4362	ttT	ttC	F	F	555  	.   0.01	2iuxA  484  F
ENSP00000464149	    rs4362	ttT	ttC	F	F	555  	.   0.01	2oc2A  484  F
ENSP00000464149	    rs4362	ttT	ttC	F	F	555  	.   0.01	2xy9A  481  F
ENSP00000464149	    rs4362	ttT	ttC	F	F	555  	.   0.01	2ydmA  481  F
ENSP00000464149	    rs4362	ttT	ttC	F	F	555  	.   0.01	3bkkA  487  F
ENSP00000464149	    rs4362	ttT	ttC	F	F	555  	.   0.01	3bklA  482  F
ENSP00000464149	    rs4362	ttT	ttC	F	F	555  	.   0.01	3l3nA  482  F
ENSP00000464149	    rs4362	ttT	ttC	F	F	555  	.   0.01	4aphA  481  F
ENSP00000464149	    rs4362	ttT	ttC	F	F	555  	.   0.01	4apjA  481  F
ENSP00000464149	    rs4362	ttT	ttC	F	F	555  	.   0.01	4bzrA  481  F
ENSP00000464149	    rs4362	ttT	ttC	F	F	555  	.   0.01	4c2nA  481  F
ENSP00000464149	    rs4362	ttT	ttC	F	F	555  	.   0.01	4c2oA  485  F
ENSP00000464149	    rs4362	ttT	ttC	F	F	555  	.   0.01	4c2pA  481  F
ENSP00000464149	    rs4362	ttT	ttC	F	F	555  	.   0.01	4c2qA  485  F
ENSP00000464149	    rs4362	ttT	ttC	F	F	555  	.   0.01	4c2rA  484  F
ENSP00000464149	    rs4362	ttT	ttC	F	F	555  	.   0.01	4ca5A  485  F
ENSP00000464149	    rs4362	ttT	ttC	F	F	555  	.   0.01	6f9tA  484  F
ENSP00000464149	    rs4362	ttT	ttC	F	F	555  	.   0.01	6f9uA  485  F
ENSP00000464149	 rs3730043	aCg	aTg	T	M	342  	.   0.03	1o86A  272  T
ENSP00000464149	 rs3730043	aCg	aTg	T	M	342  	.   0.03	1o8aA  272  T
ENSP00000464149	 rs3730043	aCg	aTg	T	M	342  	.   0.03	1uzeA  272  T
ENSP00000464149	 rs3730043	aCg	aTg	T	M	342  	.   0.03	1uzfA  272  T
ENSP00000464149	 rs3730043	aCg	aTg	T	M	342  	.   0.03	2iulA  272  T
ENSP00000464149	 rs3730043	aCg	aTg	T	M	342  	.   0.03	2iuxA  272  T
ENSP00000464149	 rs3730043	aCg	aTg	T	M	342  	.   0.03	2oc2A  272  T
ENSP00000464149	 rs3730043	aCg	aTg	T	M	342  	.   0.03	2xy9A  272  T
ENSP00000464149	 rs3730043	aCg	aTg	T	M	342  	.   0.03	2ydmA  272  T
ENSP00000464149	 rs3730043	aCg	aTg	T	M	342  	.   0.03	3bkkA  274  T
ENSP00000464149	 rs3730043	aCg	aTg	T	M	342  	.   0.03	3bklA  271  T
ENSP00000464149	 rs3730043	aCg	aTg	T	M	342  	.   0.03	3l3nA  272  T
ENSP00000464149	 rs3730043	aCg	aTg	T	M	342  	.   0.03	4aphA  272  T
ENSP00000464149	 rs3730043	aCg	aTg	T	M	342  	.   0.03	4apjA  272  T
ENSP00000464149	 rs3730043	aCg	aTg	T	M	342  	.   0.03	4bzrA  272  T
ENSP00000464149	 rs3730043	aCg	aTg	T	M	342  	.   0.03	4c2nA  272  T
ENSP00000464149	 rs3730043	aCg	aTg	T	M	342  	.   0.03	4c2oA  272  T
ENSP00000464149	 rs3730043	aCg	aTg	T	M	342  	.   0.03	4c2pA  272  T
ENSP00000464149	 rs3730043	aCg	aTg	T	M	342  	.   0.03	4c2qA  272  T
ENSP00000464149	 rs3730043	aCg	aTg	T	M	342  	.   0.03	4c2rA  272  T
ENSP00000464149	 rs3730043	aCg	aTg	T	M	342  	.   0.03	4ca5A  272  T
ENSP00000464149	 rs3730043	aCg	aTg	T	M	342  	.   0.03	6f9tA  272  T
ENSP00000464149	 rs3730043	aCg	aTg	T	M	342  	.   0.03	6f9uA  272  T
ENSP00000464151	 rs2303463	ccG	ccA	P	P	35   	.   0.03	2zofA   39  P
ENSP00000464151	 rs2303463	ccG	ccA	P	P	35   	.   0.03	2zofB   39  P
ENSP00000464151	 rs2303463	ccG	ccA	P	P	35   	.   0.03	2zogA   39  P
ENSP00000464151	 rs2303463	ccG	ccA	P	P	35   	.   0.03	2zogB   39  P
ENSP00000464151	 rs2303463	ccG	ccA	P	P	35   	.   0.03	4ruhA   32  P
ENSP00000464151	 rs2303463	ccG	ccA	P	P	35   	.   0.03	4ruhB   32  P
ENSP00000464153	rs72547554	Cag	Gag	Q	E	10   	.   0.02	4qgkA   11  Q
ENSP00000464153	rs72547554	Cag	Gag	Q	E	10   	.   0.02	4qgkB   11  Q
ENSP00000464153	rs72547561	Cga	Gga	R	G	177  	.   0.01	4qgkA  178  R
ENSP00000464153	rs72547561	Cga	Gga	R	G	177  	.   0.01	4qgkB  178  R
ENSP00000464153	rs72547562	aCg	aTg	T	M	184  	.   0.01	4qgkA  185  T
ENSP00000464153	rs72547562	aCg	aTg	T	M	184  	.   0.01	4qgkB  185  T
ENSP00000464153	rs72547566	Cgc	Tgc	R	C	228  	.    0.0	4qgkA  229  R
ENSP00000464153	rs72547566	Cgc	Tgc	R	C	228  	.    0.0	4qgkB  229  R
ENSP00000464153	rs72547568	Gac	Aac	D	N	245  	.   0.01	4qgkA  246  D
ENSP00000464153	rs72547568	Gac	Aac	D	N	245  	.   0.01	4qgkB  246  D
ENSP00000464153	rs72547577	Tat	Gat	Y	D	393  	.   0.28	4qgkA  461  N
ENSP00000464153	rs72547577	Tat	Gat	Y	D	393  	.   0.28	4qgkB  458  K
ENSP00000464214	 rs6566811	Ggg	Agg	G	R	26   	.   0.07	4ruhA   40  R
ENSP00000464214	 rs6566811	Ggg	Agg	G	R	26   	.   0.07	4ruhB   40  R
ENSP00000464252	 rs1136201	Atc	Gtc	I	V	95   	.   0.01	1n8yA  367  E
ENSP00000464252	 rs1136201	Atc	Gtc	I	V	95   	.   0.01	1n8zC  366  E
ENSP00000464252	 rs1136201	Atc	Gtc	I	V	95   	.   0.01	1s78A  373  E
ENSP00000464252	 rs1136201	Atc	Gtc	I	V	95   	.   0.01	1s78B  373  E
ENSP00000464252	 rs1136201	Atc	Gtc	I	V	95   	.   0.01	2n2aA   13  S
ENSP00000464252	 rs1136201	Atc	Gtc	I	V	95   	.   0.01	2n2aB   13  S
ENSP00000464252	 rs1136201	Atc	Gtc	I	V	95   	.   0.01	3be1A  368  E
ENSP00000464252	 rs1136201	Atc	Gtc	I	V	95   	.   0.01	3mzwA  373  E
ENSP00000464252	 rs1136201	Atc	Gtc	I	V	95   	.   0.01	3wlwA  373  E
ENSP00000464252	 rs1136201	Atc	Gtc	I	V	95   	.   0.01	3wlwB  373  E
ENSP00000464252	 rs1136201	Atc	Gtc	I	V	95   	.   0.01	3wsqA  373  E
ENSP00000464252	 rs1136201	Atc	Gtc	I	V	95   	.   0.01	5k33B  371  E
ENSP00000464252	 rs1136201	Atc	Gtc	I	V	95   	.   0.01	5kwgA  371  E
ENSP00000464252	 rs1136201	Atc	Gtc	I	V	95   	.   0.01	5my6A  370  E
ENSP00000464252	 rs1136201	Atc	Gtc	I	V	95   	.   0.01	6attA  374  E
ENSP00000464252	 rs1136201	Atc	Ttc	I	F	95   	.   0.01	1n8yA  367  E
ENSP00000464252	 rs1136201	Atc	Ttc	I	F	95   	.   0.01	1n8zC  366  E
ENSP00000464252	 rs1136201	Atc	Ttc	I	F	95   	.   0.01	1s78A  373  E
ENSP00000464252	 rs1136201	Atc	Ttc	I	F	95   	.   0.01	1s78B  373  E
ENSP00000464252	 rs1136201	Atc	Ttc	I	F	95   	.   0.01	2n2aA   13  S
ENSP00000464252	 rs1136201	Atc	Ttc	I	F	95   	.   0.01	2n2aB   13  S
ENSP00000464252	 rs1136201	Atc	Ttc	I	F	95   	.   0.01	3be1A  368  E
ENSP00000464252	 rs1136201	Atc	Ttc	I	F	95   	.   0.01	3mzwA  373  E
ENSP00000464252	 rs1136201	Atc	Ttc	I	F	95   	.   0.01	3wlwA  373  E
ENSP00000464252	 rs1136201	Atc	Ttc	I	F	95   	.   0.01	3wlwB  373  E
ENSP00000464252	 rs1136201	Atc	Ttc	I	F	95   	.   0.01	3wsqA  373  E
ENSP00000464252	 rs1136201	Atc	Ttc	I	F	95   	.   0.01	5k33B  371  E
ENSP00000464252	 rs1136201	Atc	Ttc	I	F	95   	.   0.01	5kwgA  371  E
ENSP00000464252	 rs1136201	Atc	Ttc	I	F	95   	.   0.01	5my6A  370  E
ENSP00000464252	 rs1136201	Atc	Ttc	I	F	95   	.   0.01	6attA  374  E
ENSP00000464428	    rs4362	ttT	ttC	F	F	25   	.   0.01	1o86A  482  V
ENSP00000464428	    rs4362	ttT	ttC	F	F	25   	.   0.01	1o8aA  482  V
ENSP00000464428	    rs4362	ttT	ttC	F	F	25   	.   0.01	1uzeA  482  V
ENSP00000464428	    rs4362	ttT	ttC	F	F	25   	.   0.01	1uzfA  482  V
ENSP00000464428	    rs4362	ttT	ttC	F	F	25   	.   0.01	2iulA  485  V
ENSP00000464428	    rs4362	ttT	ttC	F	F	25   	.   0.01	2iuxA  485  V
ENSP00000464428	    rs4362	ttT	ttC	F	F	25   	.   0.01	2oc2A  485  V
ENSP00000464428	    rs4362	ttT	ttC	F	F	25   	.   0.01	2xy9A  482  V
ENSP00000464428	    rs4362	ttT	ttC	F	F	25   	.   0.01	2ydmA  482  V
ENSP00000464428	    rs4362	ttT	ttC	F	F	25   	.   0.01	3bkkA  488  V
ENSP00000464428	    rs4362	ttT	ttC	F	F	25   	.   0.01	3bklA  483  V
ENSP00000464428	    rs4362	ttT	ttC	F	F	25   	.   0.01	3l3nA  483  V
ENSP00000464428	    rs4362	ttT	ttC	F	F	25   	.   0.01	4aphA  482  V
ENSP00000464428	    rs4362	ttT	ttC	F	F	25   	.   0.01	4apjA  482  V
ENSP00000464428	    rs4362	ttT	ttC	F	F	25   	.   0.01	4bzrA  482  V
ENSP00000464428	    rs4362	ttT	ttC	F	F	25   	.   0.01	4c2nA  482  V
ENSP00000464428	    rs4362	ttT	ttC	F	F	25   	.   0.01	4c2oA  486  V
ENSP00000464428	    rs4362	ttT	ttC	F	F	25   	.   0.01	4c2pA  482  V
ENSP00000464428	    rs4362	ttT	ttC	F	F	25   	.   0.01	4c2qA  486  V
ENSP00000464428	    rs4362	ttT	ttC	F	F	25   	.   0.01	4c2rA  485  V
ENSP00000464428	    rs4362	ttT	ttC	F	F	25   	.   0.01	4ca5A  486  V
ENSP00000464428	    rs4362	ttT	ttC	F	F	25   	.   0.01	6f9tA  485  V
ENSP00000464428	    rs4362	ttT	ttC	F	F	25   	.   0.01	6f9uA  486  V
ENSP00000464453	rs72547566	Cgc	Tgc	R	C	39   	.   0.01	4qgkA  230  I
ENSP00000464453	rs72547566	Cgc	Tgc	R	C	39   	.   0.01	4qgkB  230  I
ENSP00000464453	rs72547568	Gac	Aac	D	N	56   	.   0.01	4qgkA  247  Y
ENSP00000464453	rs72547568	Gac	Aac	D	N	56   	.   0.01	4qgkB  247  Y
ENSP00000464507	 rs6502047	gtC	gtT	V	V	223  	.   0.28	1pr9A  243  A
ENSP00000464507	 rs6502047	gtC	gtT	V	V	223  	.   0.28	1pr9B  243  A
ENSP00000464507	 rs6502047	gtC	gtT	V	V	223  	.   0.28	1wntA  243  A
ENSP00000464507	 rs6502047	gtC	gtT	V	V	223  	.   0.28	1wntB  243  A
ENSP00000464507	 rs6502047	gtC	gtT	V	V	223  	.   0.28	1wntC  243  A
ENSP00000464507	 rs6502047	gtC	gtT	V	V	223  	.   0.28	1wntD  243  A
ENSP00000464507	 rs6502047	gtC	gtT	V	V	223  	.   0.28	3d3wA  242  A
ENSP00000464507	 rs6502047	gtC	gtT	V	V	223  	.   0.28	3d3wB  243  A
ENSP00000464616	rs10965163	cgC	cgT	R	R	187  	.   0.01	1cb0A  179  R
ENSP00000464616	rs10965163	cgC	cgT	R	R	187  	.   0.01	1cg6A  179  R
ENSP00000464616	rs10965163	cgC	cgT	R	R	187  	.   0.01	1k27A  179  R
ENSP00000464616	rs10965163	cgC	cgT	R	R	187  	.   0.01	1sd1A  179  R
ENSP00000464616	rs10965163	cgC	cgT	R	R	187  	.   0.01	1sd2A  173  R
ENSP00000464616	rs10965163	cgC	cgT	R	R	187  	.   0.01	3ozcA  179  R
ENSP00000464616	rs10965163	cgC	cgT	R	R	187  	.   0.01	3ozdA  179  R
ENSP00000464616	rs10965163	cgC	cgT	R	R	187  	.   0.01	3ozdB  179  R
ENSP00000464616	rs10965163	cgC	cgT	R	R	187  	.   0.01	3ozeA  179  R
ENSP00000464616	rs10965163	cgC	cgT	R	R	187  	.   0.01	3ozeB  179  R
ENSP00000464616	rs10965163	cgC	cgT	R	R	187  	.   0.01	3ozeC  179  R
ENSP00000464616	rs10965163	cgC	cgT	R	R	187  	.   0.01	3ozeD  179  R
ENSP00000464616	rs10965163	cgC	cgT	R	R	187  	.   0.01	3ozeE  179  R
ENSP00000464616	rs10965163	cgC	cgT	R	R	187  	.   0.01	3ozeF  179  R
ENSP00000464616	rs10965163	cgC	cgT	R	R	187  	.   0.01	5eubA  178  R
ENSP00000464616	rs10965163	cgC	cgT	R	R	187  	.   0.01	5tc5A  192  R
ENSP00000464616	rs10965163	cgC	cgT	R	R	187  	.   0.01	5tc5B  177  R
ENSP00000464616	rs10965163	cgC	cgT	R	R	187  	.   0.01	5tc5C  176  R
ENSP00000464616	rs10965163	cgC	cgT	R	R	187  	.   0.01	5tc6A  179  R
ENSP00000464616	rs10965163	cgC	cgT	R	R	187  	.   0.01	5tc7A  179  R
ENSP00000464616	rs10965163	cgC	cgT	R	R	187  	.   0.01	5tc8A  179  R
ENSP00000464645	rs12449554	ctT	ctC	L	L	284  	.   0.03	5ocnA   15  L
ENSP00000464645	rs12449554	ctT	ctC	L	L	284  	.   0.03	5ocnB   15  L
ENSP00000464645	rs12449554	ctT	ctC	L	L	284  	.   0.03	5ocnC   13  L
ENSP00000464645	rs12449554	ctT	ctC	L	L	284  	.   0.03	5ocnD   11  L
ENSP00000464645	rs12449554	ctT	ctC	L	L	284  	.   0.03	5ocnE   13  L
ENSP00000464645	rs12449554	ctT	ctC	L	L	284  	.   0.03	5ocnF   15  L
ENSP00000464645	rs12449554	ctT	ctC	L	L	284  	.   0.03	5ocnG   10  L
ENSP00000464645	rs12449554	ctT	ctC	L	L	284  	.   0.03	5ocnH   10  L
ENSP00000464645	rs12449554	ctT	ctC	L	L	284  	.   0.03	6el8A   16  L
ENSP00000464645	rs12449554	ctT	ctC	L	L	284  	.   0.03	6el8D   17  L
ENSP00000464703	   rs12164	gaC	gaT	D	D	13   	.    0.1	2lonA   13  D
ENSP00000464739	    rs4921	cgG	cgT	R	R	52   	.   0.09	5flmE   51  R
ENSP00000464739	    rs4921	cgG	cgT	R	R	52   	.   0.09	5iy6E   52  R
ENSP00000464739	    rs4921	cgG	cgT	R	R	52   	.   0.09	5iy7E   52  R
ENSP00000464739	    rs4921	cgG	cgT	R	R	52   	.   0.09	5iy8E   52  R
ENSP00000464739	    rs4921	cgG	cgT	R	R	52   	.   0.09	5iy9E   52  R
ENSP00000464739	    rs4921	cgG	cgT	R	R	52   	.   0.09	5iyaE   52  R
ENSP00000464739	    rs4921	cgG	cgT	R	R	52   	.   0.09	5iybE   52  R
ENSP00000464739	    rs4921	cgG	cgT	R	R	52   	.   0.09	5iycE   52  R
ENSP00000464739	    rs4921	cgG	cgT	R	R	52   	.   0.09	5iydE   52  R
ENSP00000464739	    rs4921	cgG	cgT	R	R	52   	.   0.09	5oikE   51  R
ENSP00000464739	    rs4921	cgG	cgT	R	R	52   	.   0.09	6exvE   51  R
ENSP00000464739	    rs4921	cgG	cgT	R	R	52   	.   0.09	6gmhE   51  R
ENSP00000464739	    rs4921	cgG	cgT	R	R	52   	.   0.09	6gmlD   51  R
ENSP00000464874	  rs238239	gTg	gCg	V	A	85   	.   0.01	1te6A   84  V
ENSP00000464874	  rs238239	gTg	gCg	V	A	85   	.   0.01	1te6B   84  V
ENSP00000464874	  rs238239	gTg	gCg	V	A	85   	.   0.01	2akmA   84  V
ENSP00000464874	  rs238239	gTg	gCg	V	A	85   	.   0.01	2akmB   84  V
ENSP00000464874	  rs238239	gTg	gCg	V	A	85   	.   0.01	2akzA   84  V
ENSP00000464874	  rs238239	gTg	gCg	V	A	85   	.   0.01	2akzB   84  V
ENSP00000464874	  rs238239	gTg	gCg	V	A	85   	.   0.01	2psnA   84  T
ENSP00000464874	  rs238239	gTg	gCg	V	A	85   	.   0.01	2psnB   84  T
ENSP00000464874	  rs238239	gTg	gCg	V	A	85   	.   0.01	2psnC   84  T
ENSP00000464874	  rs238239	gTg	gCg	V	A	85   	.   0.01	2psnD   84  T
ENSP00000464874	  rs238239	gTg	gCg	V	A	85   	.   0.01	2xsxA   85  A
ENSP00000464874	  rs238239	gTg	gCg	V	A	85   	.   0.01	2xsxB   86  A
ENSP00000464874	  rs238239	gTg	gCg	V	A	85   	.   0.01	3b97A   84  T
ENSP00000464874	  rs238239	gTg	gCg	V	A	85   	.   0.01	3b97B   84  T
ENSP00000464874	  rs238239	gTg	gCg	V	A	85   	.   0.01	3b97C   84  T
ENSP00000464874	  rs238239	gTg	gCg	V	A	85   	.   0.01	3b97D   84  T
ENSP00000464874	  rs238239	gTg	gCg	V	A	85   	.   0.01	3uccA   84  V
ENSP00000464874	  rs238239	gTg	gCg	V	A	85   	.   0.01	3uccB   84  V
ENSP00000464874	  rs238239	gTg	gCg	V	A	85   	.   0.01	3ucdA   84  V
ENSP00000464874	  rs238239	gTg	gCg	V	A	85   	.   0.01	3ucdB   84  V
ENSP00000464874	  rs238239	gTg	gCg	V	A	85   	.   0.01	3ujeA   84  V
ENSP00000464874	  rs238239	gTg	gCg	V	A	85   	.   0.01	3ujeB   84  V
ENSP00000464874	  rs238239	gTg	gCg	V	A	85   	.   0.01	3ujfA   84  V
ENSP00000464874	  rs238239	gTg	gCg	V	A	85   	.   0.01	3ujfB   84  V
ENSP00000464874	  rs238239	gTg	gCg	V	A	85   	.   0.01	3ujrA   84  V
ENSP00000464874	  rs238239	gTg	gCg	V	A	85   	.   0.01	3ujrB   84  V
ENSP00000464874	  rs238239	gTg	gCg	V	A	85   	.   0.01	3ujsA   84  V
ENSP00000464874	  rs238239	gTg	gCg	V	A	85   	.   0.01	3ujsB   84  V
ENSP00000464874	  rs238239	gTg	gCg	V	A	85   	.   0.01	4za0A   85  V
ENSP00000464874	  rs238239	gTg	gCg	V	A	85   	.   0.01	4za0B   85  V
ENSP00000464874	  rs238239	gTg	gCg	V	A	85   	.   0.01	4zcwA   84  V
ENSP00000464874	  rs238239	gTg	gCg	V	A	85   	.   0.01	4zcwB   84  V
ENSP00000464874	  rs238239	gTg	gCg	V	A	85   	.   0.01	5eu9A   84  V
ENSP00000464874	  rs238239	gTg	gCg	V	A	85   	.   0.01	5eu9B   84  V
ENSP00000464874	  rs238239	gTg	gCg	V	A	85   	.   0.01	5eu9C   84  V
ENSP00000464874	  rs238239	gTg	gCg	V	A	85   	.   0.01	5eu9D   84  V
ENSP00000464874	  rs238239	gTg	gCg	V	A	85   	.   0.01	5eu9E   84  V
ENSP00000464874	  rs238239	gTg	gCg	V	A	85   	.   0.01	5eu9F   84  V
ENSP00000464874	  rs238239	gTg	gCg	V	A	85   	.   0.01	5eu9G   84  V
ENSP00000464874	  rs238239	gTg	gCg	V	A	85   	.   0.01	5eu9H   84  V
ENSP00000464874	  rs238239	gTg	gCg	V	A	85   	.   0.01	5idzA   85  V
ENSP00000464874	  rs238239	gTg	gCg	V	A	85   	.   0.01	5idzB   85  V
ENSP00000464874	  rs238239	gTg	gCg	V	A	85   	.   0.01	5td9A   85  V
ENSP00000464874	  rs238239	gTg	gCg	V	A	85   	.   0.01	5td9B   85  V
ENSP00000464874	  rs238239	gTg	gCg	V	A	85   	.   0.01	5tijA   84  V
ENSP00000464874	  rs238239	gTg	gCg	V	A	85   	.   0.01	5tijB   84  V
ENSP00000464880	rs13306771	Gtg	Atg	V	M	75   	.   0.04	4yb9A   57  V
ENSP00000464880	rs13306771	Gtg	Atg	V	M	75   	.   0.04	4ybqA   46  V
ENSP00000464880	rs13306771	Gtg	Atg	V	M	75   	.   0.04	4ybqB   56  V
ENSP00000464887	 rs1799793	Gac	Tac	D	Y	288  	.    0.5	5ivwB  298  D
ENSP00000464887	 rs1799793	Gac	Tac	D	Y	288  	.    0.5	5iy6W  298  D
ENSP00000464887	 rs1799793	Gac	Tac	D	Y	288  	.    0.5	5iy7W  298  D
ENSP00000464887	 rs1799793	Gac	Tac	D	Y	288  	.    0.5	5iy8W  298  D
ENSP00000464887	 rs1799793	Gac	Tac	D	Y	288  	.    0.5	5iy9V  298  D
ENSP00000464887	 rs1799793	Gac	Tac	D	Y	288  	.    0.5	5of4B  302  D
ENSP00000464887	 rs1799793	Gac	Aac	D	N	288  	.    0.5	5ivwB  298  D
ENSP00000464887	 rs1799793	Gac	Aac	D	N	288  	.    0.5	5iy6W  298  D
ENSP00000464887	 rs1799793	Gac	Aac	D	N	288  	.    0.5	5iy7W  298  D
ENSP00000464887	 rs1799793	Gac	Aac	D	N	288  	.    0.5	5iy8W  298  D
ENSP00000464887	 rs1799793	Gac	Aac	D	N	288  	.    0.5	5iy9V  298  D
ENSP00000464887	 rs1799793	Gac	Aac	D	N	288  	.    0.5	5of4B  302  D
ENSP00000464952	 rs3731249	Gcg	Acg	A	T	97   	.   0.33	1a5eA  148  A
ENSP00000464952	 rs3731249	Gcg	Acg	A	T	97   	.   0.33	1dc2A  148  A
ENSP00000464952	 rs3731249	Gcg	Acg	A	T	97   	.   0.33	2a5eA  148  A
ENSP00000464989	rs73507255	Agc	Ggc	S	G	104  	.   0.01	2gs3A  105  S
ENSP00000464989	rs73507255	Agc	Ggc	S	G	104  	.   0.01	2obiA   99  S
ENSP00000464989	rs73507255	Agc	Ggc	S	G	104  	.   0.01	5h5qA   98  S
ENSP00000464989	rs73507255	Agc	Ggc	S	G	104  	.   0.01	5h5rA  102  S
ENSP00000464989	rs73507255	Agc	Ggc	S	G	104  	.   0.01	5h5sA   97  S
ENSP00000464989	rs73507255	Agc	Ggc	S	G	104  	.   0.01	5l71A   99  S
ENSP00000464989	rs73507255	Agc	Ggc	S	G	104  	.   0.01	6elwA   98  S
ENSP00000465193	 rs1045361	tcA	tcG	S	S	126  	.   0.07	1w63M  193  S
ENSP00000465193	 rs1045361	tcA	tcG	S	S	126  	.   0.07	1w63N  193  S
ENSP00000465193	 rs1045361	tcA	tcG	S	S	126  	.   0.07	1w63O  193  S
ENSP00000465193	 rs1045361	tcA	tcG	S	S	126  	.   0.07	1w63P  193  S
ENSP00000465193	 rs1045361	tcA	tcG	S	S	126  	.   0.07	1w63R  193  S
ENSP00000465193	 rs1045361	tcA	tcG	S	S	126  	.   0.07	1w63V  193  S
ENSP00000465193	 rs1045361	tcA	tcG	S	S	126  	.   0.07	4emzE   46  S
ENSP00000465193	 rs1045361	tcA	tcG	S	S	126  	.   0.07	4emzF   46  S
ENSP00000465193	 rs1045361	tcA	tcG	S	S	126  	.   0.07	4en2A   48  S
ENSP00000465193	 rs1045361	tcA	tcG	S	S	126  	.   0.07	4en2D   46  S
ENSP00000465193	 rs1045361	tcA	tcG	S	S	126  	.   0.07	4hmyC  191  S
ENSP00000465193	 rs1045361	tcA	tcG	S	S	126  	.   0.07	4p6zC  197  S
ENSP00000465193	 rs1045361	tcA	tcG	S	S	126  	.   0.07	6cm9G  197  S
ENSP00000465193	 rs1045361	tcA	tcG	S	S	126  	.   0.07	6criF  197  S
ENSP00000465193	 rs1045361	tcA	tcG	S	S	126  	.   0.07	6criN  197  S
ENSP00000465193	 rs1045361	tcA	tcG	S	S	126  	.   0.07	6criV  197  S
ENSP00000465193	 rs1045361	tcA	tcG	S	S	126  	.   0.07	6d83G  197  S
ENSP00000465193	 rs1045361	tcA	tcG	S	S	126  	.   0.07	6d84G  197  S
ENSP00000465193	 rs1045361	tcA	tcG	S	S	126  	.   0.07	6d84O  197  S
ENSP00000465193	 rs1045361	tcA	tcG	S	S	126  	.   0.07	6dffG  197  S
ENSP00000465219	rs77734807	Gaa	Aaa	E	K	298  	.   0.03	4at7B  261  E
ENSP00000465219	rs77734807	Gaa	Aaa	E	K	298  	.   0.03	4at8B  256  E
ENSP00000465219	rs77734807	Gaa	Aaa	E	K	298  	.   0.03	4at8D  257  E
ENSP00000465219	rs77734807	Gaa	Aaa	E	K	298  	.   0.03	4at9B  253  E
ENSP00000465219	rs77734807	Gaa	Aaa	E	K	298  	.   0.03	4atbB  258  E
ENSP00000465219	rs77734807	Gaa	Aaa	E	K	298  	.   0.03	4atbD  250  E
ENSP00000465224	 rs3752797	atC	atT	I	I	269  	.   0.01	1w63M  316  I
ENSP00000465224	 rs3752797	atC	atT	I	I	269  	.   0.01	1w63N  316  I
ENSP00000465224	 rs3752797	atC	atT	I	I	269  	.   0.01	1w63O  316  I
ENSP00000465224	 rs3752797	atC	atT	I	I	269  	.   0.01	1w63P  316  I
ENSP00000465224	 rs3752797	atC	atT	I	I	269  	.   0.01	1w63R  316  I
ENSP00000465224	 rs3752797	atC	atT	I	I	269  	.   0.01	1w63V  316  I
ENSP00000465224	 rs3752797	atC	atT	I	I	269  	.   0.01	4emzE  179  I
ENSP00000465224	 rs3752797	atC	atT	I	I	269  	.   0.01	4emzF  179  I
ENSP00000465224	 rs3752797	atC	atT	I	I	269  	.   0.01	4en2A  184  I
ENSP00000465224	 rs3752797	atC	atT	I	I	269  	.   0.01	4en2D  182  I
ENSP00000465224	 rs3752797	atC	atT	I	I	269  	.   0.01	4hmyC  313  I
ENSP00000465224	 rs3752797	atC	atT	I	I	269  	.   0.01	4p6zC  333  I
ENSP00000465224	 rs3752797	atC	atT	I	I	269  	.   0.01	6cm9G  333  I
ENSP00000465224	 rs3752797	atC	atT	I	I	269  	.   0.01	6criF  333  I
ENSP00000465224	 rs3752797	atC	atT	I	I	269  	.   0.01	6criN  333  I
ENSP00000465224	 rs3752797	atC	atT	I	I	269  	.   0.01	6criV  333  I
ENSP00000465224	 rs3752797	atC	atT	I	I	269  	.   0.01	6d83G  333  I
ENSP00000465224	 rs3752797	atC	atT	I	I	269  	.   0.01	6d84G  333  I
ENSP00000465224	 rs3752797	atC	atT	I	I	269  	.   0.01	6d84O  333  I
ENSP00000465224	 rs3752797	atC	atT	I	I	269  	.   0.01	6dffG  333  I
ENSP00000465296	 rs1045280	agC	agT	S	S	88   	.   0.16	1g4mA  275  A
ENSP00000465296	 rs1045280	agC	agT	S	S	88   	.   0.16	1g4mB  275  A
ENSP00000465296	 rs1045280	agC	agT	S	S	88   	.   0.16	1g4rA  273  A
ENSP00000465296	 rs1045280	agC	agT	S	S	88   	.   0.16	1jsyA  274  A
ENSP00000465296	 rs1045280	agC	agT	S	S	88   	.   0.16	1zshA  274  A
ENSP00000465296	 rs1045280	agC	agT	S	S	88   	.   0.16	2wtrA  274  A
ENSP00000465296	 rs1045280	agC	agT	S	S	88   	.   0.16	2wtrB  271  A
ENSP00000465296	 rs1045280	agC	agT	S	S	88   	.   0.16	3gc3A  248  A
ENSP00000465296	 rs1045280	agC	agT	S	S	88   	.   0.16	3gd1A  265  A
ENSP00000465296	 rs1045280	agC	agT	S	S	88   	.   0.16	3gd1B  219  A
ENSP00000465296	 rs1045280	agC	agT	S	S	88   	.   0.16	3p2dA  275  S
ENSP00000465296	 rs1045280	agC	agT	S	S	88   	.   0.16	3p2dB  275  S
ENSP00000465296	 rs1045280	agC	agT	S	S	88   	.   0.16	4jqiA  274  A
ENSP00000465296	 rs1045280	agC	agT	S	S	88   	.   0.16	5tv1A  273  S
ENSP00000465354	 rs3212977	Gca	Cca	A	P	55   	.   0.01	2a1jB   50  S
ENSP00000465354	 rs3212977	Gca	Aca	A	T	55   	.   0.01	2a1jB   50  S
ENSP00000465363	  rs536560	ccA	ccG	P	P	63   	.   0.03	1hrkA  244  M
ENSP00000465363	  rs536560	ccA	ccG	P	P	63   	.   0.03	1hrkB  244  M
ENSP00000465363	  rs536560	ccA	ccG	P	P	63   	.   0.03	2hrcA  244  M
ENSP00000465363	  rs536560	ccA	ccG	P	P	63   	.   0.03	2hrcB  244  M
ENSP00000465363	  rs536560	ccA	ccG	P	P	63   	.   0.03	2hreA  244  M
ENSP00000465363	  rs536560	ccA	ccG	P	P	63   	.   0.03	2hreB  244  M
ENSP00000465363	  rs536560	ccA	ccG	P	P	63   	.   0.03	2hreC  244  M
ENSP00000465363	  rs536560	ccA	ccG	P	P	63   	.   0.03	2hreD  244  M
ENSP00000465363	  rs536560	ccA	ccG	P	P	63   	.   0.03	2pnjA  240  M
ENSP00000465363	  rs536560	ccA	ccG	P	P	63   	.   0.03	2pnjB  241  M
ENSP00000465363	  rs536560	ccA	ccG	P	P	63   	.   0.03	2po5A  244  M
ENSP00000465363	  rs536560	ccA	ccG	P	P	63   	.   0.03	2po5B  244  M
ENSP00000465363	  rs536560	ccA	ccG	P	P	63   	.   0.03	2po7A  244  M
ENSP00000465363	  rs536560	ccA	ccG	P	P	63   	.   0.03	2po7B  244  M
ENSP00000465363	  rs536560	ccA	ccG	P	P	63   	.   0.03	2qd1A  244  M
ENSP00000465363	  rs536560	ccA	ccG	P	P	63   	.   0.03	2qd1B  244  M
ENSP00000465363	  rs536560	ccA	ccG	P	P	63   	.   0.03	2qd1C  244  M
ENSP00000465363	  rs536560	ccA	ccG	P	P	63   	.   0.03	2qd1D  244  M
ENSP00000465363	  rs536560	ccA	ccG	P	P	63   	.   0.03	2qd2A  244  M
ENSP00000465363	  rs536560	ccA	ccG	P	P	63   	.   0.03	2qd2B  244  M
ENSP00000465363	  rs536560	ccA	ccG	P	P	63   	.   0.03	2qd3A  244  M
ENSP00000465363	  rs536560	ccA	ccG	P	P	63   	.   0.03	2qd3B  244  M
ENSP00000465363	  rs536560	ccA	ccG	P	P	63   	.   0.03	2qd4A  244  M
ENSP00000465363	  rs536560	ccA	ccG	P	P	63   	.   0.03	2qd4B  244  M
ENSP00000465363	  rs536560	ccA	ccG	P	P	63   	.   0.03	2qd5A  244  M
ENSP00000465363	  rs536560	ccA	ccG	P	P	63   	.   0.03	2qd5B  244  M
ENSP00000465363	  rs536560	ccA	ccG	P	P	63   	.   0.03	3aqiA  244  M
ENSP00000465363	  rs536560	ccA	ccG	P	P	63   	.   0.03	3aqiB  244  M
ENSP00000465363	  rs536560	ccA	ccG	P	P	63   	.   0.03	3hcnA  244  M
ENSP00000465363	  rs536560	ccA	ccG	P	P	63   	.   0.03	3hcnB  244  M
ENSP00000465363	  rs536560	ccA	ccG	P	P	63   	.   0.03	3hcoA  244  M
ENSP00000465363	  rs536560	ccA	ccG	P	P	63   	.   0.03	3hcoB  244  M
ENSP00000465363	  rs536560	ccA	ccG	P	P	63   	.   0.03	3hcpA  244  M
ENSP00000465363	  rs536560	ccA	ccG	P	P	63   	.   0.03	3hcpB  244  M
ENSP00000465363	  rs536560	ccA	ccG	P	P	63   	.   0.03	3hcrA  244  M
ENSP00000465363	  rs536560	ccA	ccG	P	P	63   	.   0.03	3hcrB  244  M
ENSP00000465363	  rs536560	ccA	ccG	P	P	63   	.   0.03	3w1wA  244  M
ENSP00000465363	  rs536560	ccA	ccG	P	P	63   	.   0.03	3w1wB  244  M
ENSP00000465363	  rs536560	ccA	ccG	P	P	63   	.   0.03	4f4dA  244  M
ENSP00000465363	  rs536560	ccA	ccG	P	P	63   	.   0.03	4f4dB  244  M
ENSP00000465363	  rs536560	ccA	ccG	P	P	63   	.   0.03	4klaA  244  M
ENSP00000465363	  rs536560	ccA	ccG	P	P	63   	.   0.03	4klaB  244  M
ENSP00000465363	  rs536560	ccA	ccG	P	P	63   	.   0.03	4klcA  244  M
ENSP00000465363	  rs536560	ccA	ccG	P	P	63   	.   0.03	4klcB  244  M
ENSP00000465363	  rs536560	ccA	ccG	P	P	63   	.   0.03	4klrA  244  M
ENSP00000465363	  rs536560	ccA	ccG	P	P	63   	.   0.03	4klrB  244  M
ENSP00000465363	  rs536560	ccA	ccG	P	P	63   	.   0.03	4kmmA  244  M
ENSP00000465363	  rs536560	ccA	ccG	P	P	63   	.   0.03	4kmmB  244  M
ENSP00000465363	  rs536560	ccA	ccG	P	P	63   	.   0.03	4mk4A  244  M
ENSP00000465363	  rs536560	ccA	ccG	P	P	63   	.   0.03	4mk4B  244  M
ENSP00000465382	rs13306771	Gtg	Atg	V	M	75   	.   0.04	4ybqA   46  V
ENSP00000465382	rs13306771	Gtg	Atg	V	M	75   	.   0.04	4ybqB   56  V
ENSP00000465500	 rs1805034	gCg	gTg	A	V	192  	.   0.06	3me2B  160  V
ENSP00000465500	 rs1805034	gCg	gTg	A	V	192  	.   0.06	3me4A  161  V
ENSP00000465500	 rs1805034	gCg	gTg	A	V	192  	.   0.06	3me4B  149  V
ENSP00000465500	 rs1805034	gCg	gTg	A	V	192  	.   0.06	3qbqB  159  V
ENSP00000465500	 rs1805034	gCg	gTg	A	V	192  	.   0.06	3qbqD  159  V
ENSP00000465500	 rs1805034	gCg	gTg	A	V	192  	.   0.06	4giqB  159  V
ENSP00000465500	 rs1805034	gCg	gTg	A	V	192  	.   0.06	5bnqB  160  V
ENSP00000465507	rs13306771	Gtg	Atg	V	M	75   	.   0.04	4yb9A   57  V
ENSP00000465507	rs13306771	Gtg	Atg	V	M	75   	.   0.04	4ybqA   46  V
ENSP00000465507	rs13306771	Gtg	Atg	V	M	75   	.   0.04	4ybqB   56  V
ENSP00000465515	rs77734807	Gaa	Aaa	E	K	298  	.   0.03	4at7B  261  E
ENSP00000465515	rs77734807	Gaa	Aaa	E	K	298  	.   0.03	4at8B  256  E
ENSP00000465515	rs77734807	Gaa	Aaa	E	K	298  	.   0.03	4at8D  257  E
ENSP00000465515	rs77734807	Gaa	Aaa	E	K	298  	.   0.03	4at9B  253  E
ENSP00000465515	rs77734807	Gaa	Aaa	E	K	298  	.   0.03	4atbB  258  E
ENSP00000465515	rs77734807	Gaa	Aaa	E	K	298  	.   0.03	4atbD  250  E
ENSP00000465524	   rs11615	aaT	aaC	N	N	118  	.    0.0	2a1iA   20  N
ENSP00000465524	   rs11615	aaT	aaC	N	N	118  	.    0.0	2jnwA   20  N
ENSP00000465524	   rs11615	aaT	aaC	N	N	118  	.    0.0	2jpdA   23  N
ENSP00000465569	 rs2304103	tCg	tTg	S	L	63   	.   0.16	2lyhA   18  S
ENSP00000465569	 rs2304103	tCg	tTg	S	L	63   	.   0.16	2m9nA    4  S
ENSP00000465569	 rs2304103	tCg	tTg	S	L	63   	.   0.16	4bxoB  140  S
ENSP00000465569	 rs2304103	tCg	tTg	S	L	63   	.   0.16	4m6wB  135  S
ENSP00000465569	 rs3816032	aTt	aCt	I	T	97   	.   0.04	2lyhA   52  I
ENSP00000465569	 rs3816032	aTt	aCt	I	T	97   	.   0.04	2m9nA   38  I
ENSP00000465569	 rs3816032	aTt	aCt	I	T	97   	.   0.04	4bxoB  174  I
ENSP00000465569	 rs3816032	aTt	aCt	I	T	97   	.   0.04	4m6wB  169  I
ENSP00000465569	 rs2304102	gaG	gaA	E	E	44   	.    0.2	2m9mA  139  E
ENSP00000465569	 rs2304102	gaG	gaA	E	E	44   	.    0.2	4bxoB  128  E
ENSP00000465569	 rs2304102	gaG	gaA	E	E	44   	.    0.2	4m6wB  122  E
ENSP00000465569	rs36017455	tCc	tTc	S	F	31   	.   0.01	2m9mA  126  S
ENSP00000465569	rs36017455	tCc	tTc	S	F	31   	.   0.01	4bxoB  115  S
ENSP00000465569	rs36017455	tCc	tTc	S	F	31   	.   0.01	4m6wB  109  S
ENSP00000465593	 rs1799793	Gac	Tac	D	Y	20   	.   0.04	5ivwB  299  E
ENSP00000465593	 rs1799793	Gac	Tac	D	Y	20   	.   0.04	5iy6W  299  E
ENSP00000465593	 rs1799793	Gac	Tac	D	Y	20   	.   0.04	5iy7W  299  E
ENSP00000465593	 rs1799793	Gac	Tac	D	Y	20   	.   0.04	5iy8W  299  E
ENSP00000465593	 rs1799793	Gac	Tac	D	Y	20   	.   0.04	5iy9V  299  E
ENSP00000465593	 rs1799793	Gac	Tac	D	Y	20   	.   0.04	5of4B  303  E
ENSP00000465593	 rs1799793	Gac	Aac	D	N	20   	.   0.04	5ivwB  299  E
ENSP00000465593	 rs1799793	Gac	Aac	D	N	20   	.   0.04	5iy6W  299  E
ENSP00000465593	 rs1799793	Gac	Aac	D	N	20   	.   0.04	5iy7W  299  E
ENSP00000465593	 rs1799793	Gac	Aac	D	N	20   	.   0.04	5iy8W  299  E
ENSP00000465593	 rs1799793	Gac	Aac	D	N	20   	.   0.04	5iy9V  299  E
ENSP00000465593	 rs1799793	Gac	Aac	D	N	20   	.   0.04	5of4B  303  E
ENSP00000465685	 rs1045361	tcA	tcG	S	S	205  	.   0.09	4emzE   46  S
ENSP00000465685	 rs1045361	tcA	tcG	S	S	205  	.   0.09	4emzF   46  S
ENSP00000465685	 rs1045361	tcA	tcG	S	S	205  	.   0.09	4en2A   48  S
ENSP00000465685	 rs1045361	tcA	tcG	S	S	205  	.   0.09	4en2D   46  S
ENSP00000465685	 rs1045361	tcA	tcG	S	S	205  	.   0.09	4hmyC  191  S
ENSP00000465685	rs10406626	gaG	gaA	E	E	339  	.   0.02	4emzE  175  E
ENSP00000465685	rs10406626	gaG	gaA	E	E	339  	.   0.02	4emzF  175  E
ENSP00000465685	rs10406626	gaG	gaA	E	E	339  	.   0.02	4en2A  180  E
ENSP00000465685	rs10406626	gaG	gaA	E	E	339  	.   0.02	4en2D  178  E
ENSP00000465685	rs10406626	gaG	gaA	E	E	339  	.   0.02	4hmyC  309  E
ENSP00000465697	  rs238239	gTg	gCg	V	A	85   	.   0.01	1te6A   84  V
ENSP00000465697	  rs238239	gTg	gCg	V	A	85   	.   0.01	1te6B   84  V
ENSP00000465697	  rs238239	gTg	gCg	V	A	85   	.   0.01	2akmA   84  V
ENSP00000465697	  rs238239	gTg	gCg	V	A	85   	.   0.01	2akmB   84  V
ENSP00000465697	  rs238239	gTg	gCg	V	A	85   	.   0.01	2akzA   84  V
ENSP00000465697	  rs238239	gTg	gCg	V	A	85   	.   0.01	2akzB   84  V
ENSP00000465697	  rs238239	gTg	gCg	V	A	85   	.   0.01	2psnA   84  T
ENSP00000465697	  rs238239	gTg	gCg	V	A	85   	.   0.01	2psnB   84  T
ENSP00000465697	  rs238239	gTg	gCg	V	A	85   	.   0.01	2psnC   84  T
ENSP00000465697	  rs238239	gTg	gCg	V	A	85   	.   0.01	2psnD   84  T
ENSP00000465697	  rs238239	gTg	gCg	V	A	85   	.   0.01	2xsxA   85  A
ENSP00000465697	  rs238239	gTg	gCg	V	A	85   	.   0.01	2xsxB   86  A
ENSP00000465697	  rs238239	gTg	gCg	V	A	85   	.   0.01	3b97A   84  T
ENSP00000465697	  rs238239	gTg	gCg	V	A	85   	.   0.01	3b97B   84  T
ENSP00000465697	  rs238239	gTg	gCg	V	A	85   	.   0.01	3b97C   84  T
ENSP00000465697	  rs238239	gTg	gCg	V	A	85   	.   0.01	3b97D   84  T
ENSP00000465697	  rs238239	gTg	gCg	V	A	85   	.   0.01	3uccA   84  V
ENSP00000465697	  rs238239	gTg	gCg	V	A	85   	.   0.01	3uccB   84  V
ENSP00000465697	  rs238239	gTg	gCg	V	A	85   	.   0.01	3ucdA   84  V
ENSP00000465697	  rs238239	gTg	gCg	V	A	85   	.   0.01	3ucdB   84  V
ENSP00000465697	  rs238239	gTg	gCg	V	A	85   	.   0.01	3ujeA   84  V
ENSP00000465697	  rs238239	gTg	gCg	V	A	85   	.   0.01	3ujeB   84  V
ENSP00000465697	  rs238239	gTg	gCg	V	A	85   	.   0.01	3ujfA   84  V
ENSP00000465697	  rs238239	gTg	gCg	V	A	85   	.   0.01	3ujfB   84  V
ENSP00000465697	  rs238239	gTg	gCg	V	A	85   	.   0.01	3ujrA   84  V
ENSP00000465697	  rs238239	gTg	gCg	V	A	85   	.   0.01	3ujrB   84  V
ENSP00000465697	  rs238239	gTg	gCg	V	A	85   	.   0.01	3ujsA   84  V
ENSP00000465697	  rs238239	gTg	gCg	V	A	85   	.   0.01	3ujsB   84  V
ENSP00000465697	  rs238239	gTg	gCg	V	A	85   	.   0.01	4za0A   85  V
ENSP00000465697	  rs238239	gTg	gCg	V	A	85   	.   0.01	4za0B   85  V
ENSP00000465697	  rs238239	gTg	gCg	V	A	85   	.   0.01	4zcwA   84  V
ENSP00000465697	  rs238239	gTg	gCg	V	A	85   	.   0.01	4zcwB   84  V
ENSP00000465697	  rs238239	gTg	gCg	V	A	85   	.   0.01	5eu9A   84  V
ENSP00000465697	  rs238239	gTg	gCg	V	A	85   	.   0.01	5eu9B   84  V
ENSP00000465697	  rs238239	gTg	gCg	V	A	85   	.   0.01	5eu9C   84  V
ENSP00000465697	  rs238239	gTg	gCg	V	A	85   	.   0.01	5eu9D   84  V
ENSP00000465697	  rs238239	gTg	gCg	V	A	85   	.   0.01	5eu9E   84  V
ENSP00000465697	  rs238239	gTg	gCg	V	A	85   	.   0.01	5eu9F   84  V
ENSP00000465697	  rs238239	gTg	gCg	V	A	85   	.   0.01	5eu9G   84  V
ENSP00000465697	  rs238239	gTg	gCg	V	A	85   	.   0.01	5eu9H   84  V
ENSP00000465697	  rs238239	gTg	gCg	V	A	85   	.   0.01	5idzA   85  V
ENSP00000465697	  rs238239	gTg	gCg	V	A	85   	.   0.01	5idzB   85  V
ENSP00000465697	  rs238239	gTg	gCg	V	A	85   	.   0.01	5td9A   85  V
ENSP00000465697	  rs238239	gTg	gCg	V	A	85   	.   0.01	5td9B   85  V
ENSP00000465697	  rs238239	gTg	gCg	V	A	85   	.   0.01	5tijA   84  V
ENSP00000465697	  rs238239	gTg	gCg	V	A	85   	.   0.01	5tijB   84  V
ENSP00000465726	 rs3744037	taT	taC	Y	Y	321  	.   0.01	3vzbA  317  Y
ENSP00000465726	 rs3744037	taT	taC	Y	Y	321  	.   0.01	3vzbB  300  Y
ENSP00000465726	 rs3744037	taT	taC	Y	Y	321  	.   0.01	3vzbC  304  Y
ENSP00000465726	 rs3744037	taT	taC	Y	Y	321  	.   0.01	3vzcA  304  Y
ENSP00000465726	 rs3744037	taT	taC	Y	Y	321  	.   0.01	3vzcB  297  Y
ENSP00000465726	 rs3744037	taT	taC	Y	Y	321  	.   0.01	3vzcC  299  Y
ENSP00000465726	 rs3744037	taT	taC	Y	Y	321  	.   0.01	3vzcD  305  Y
ENSP00000465726	 rs3744037	taT	taC	Y	Y	321  	.   0.01	3vzcE  299  Y
ENSP00000465726	 rs3744037	taT	taC	Y	Y	321  	.   0.01	3vzcF  301  Y
ENSP00000465726	 rs3744037	taT	taC	Y	Y	321  	.   0.01	3vzdA  306  Y
ENSP00000465726	 rs3744037	taT	taC	Y	Y	321  	.   0.01	3vzdB  299  Y
ENSP00000465726	 rs3744037	taT	taC	Y	Y	321  	.   0.01	3vzdC  303  Y
ENSP00000465726	 rs3744037	taT	taC	Y	Y	321  	.   0.01	3vzdD  306  Y
ENSP00000465726	 rs3744037	taT	taC	Y	Y	321  	.   0.01	3vzdE  301  Y
ENSP00000465726	 rs3744037	taT	taC	Y	Y	321  	.   0.01	3vzdF  303  Y
ENSP00000465726	 rs3744037	taT	taC	Y	Y	321  	.   0.01	4l02A  317  Y
ENSP00000465726	 rs3744037	taT	taC	Y	Y	321  	.   0.01	4l02B  300  Y
ENSP00000465726	 rs3744037	taT	taC	Y	Y	321  	.   0.01	4l02C  302  Y
ENSP00000465726	 rs3744037	taT	taC	Y	Y	321  	.   0.01	4v24A  309  Y
ENSP00000465726	 rs3744037	taT	taC	Y	Y	321  	.   0.01	4v24B  307  Y
ENSP00000465728	 rs2304103	tCg	tTg	S	L	63   	.   0.16	2lyhA   18  S
ENSP00000465728	 rs2304103	tCg	tTg	S	L	63   	.   0.16	2m9nA    4  S
ENSP00000465728	 rs2304103	tCg	tTg	S	L	63   	.   0.16	4bxoB  140  S
ENSP00000465728	 rs2304103	tCg	tTg	S	L	63   	.   0.16	4m6wB  135  S
ENSP00000465728	 rs3816032	aTt	aCt	I	T	97   	.   0.04	2lyhA   52  I
ENSP00000465728	 rs3816032	aTt	aCt	I	T	97   	.   0.04	2m9nA   38  I
ENSP00000465728	 rs3816032	aTt	aCt	I	T	97   	.   0.04	4bxoB  174  I
ENSP00000465728	 rs3816032	aTt	aCt	I	T	97   	.   0.04	4m6wB  169  I
ENSP00000465728	 rs2304102	gaG	gaA	E	E	44   	.    0.2	2m9mA  139  E
ENSP00000465728	 rs2304102	gaG	gaA	E	E	44   	.    0.2	4bxoB  128  E
ENSP00000465728	 rs2304102	gaG	gaA	E	E	44   	.    0.2	4m6wB  122  E
ENSP00000465728	rs36017455	tCc	tTc	S	F	31   	.   0.01	2m9mA  126  S
ENSP00000465728	rs36017455	tCc	tTc	S	F	31   	.   0.01	4bxoB  115  S
ENSP00000465728	rs36017455	tCc	tTc	S	F	31   	.   0.01	4m6wB  109  S
ENSP00000465742	rs10412098	ggT	ggC	G	G	345  	.   0.02	6axgA  253  G
ENSP00000465742	rs10412098	ggT	ggC	G	G	345  	.   0.02	6axgC  251  G
ENSP00000465742	rs10412098	ggT	ggC	G	G	345  	.   0.02	6axgE  245  G
ENSP00000465742	rs10412098	ggT	ggC	G	G	345  	.   0.02	6axgG  235  G
ENSP00000465742	rs10412098	ggT	ggC	G	G	345  	.   0.02	6axgI  249  G
ENSP00000465742	rs10412098	ggT	ggC	G	G	345  	.   0.02	6axgK  252  G
ENSP00000465772	rs10412098	ggT	ggC	G	G	345  	.   0.02	6axgA  253  G
ENSP00000465772	rs10412098	ggT	ggC	G	G	345  	.   0.02	6axgC  251  G
ENSP00000465772	rs10412098	ggT	ggC	G	G	345  	.   0.02	6axgE  245  G
ENSP00000465772	rs10412098	ggT	ggC	G	G	345  	.   0.02	6axgG  235  G
ENSP00000465772	rs10412098	ggT	ggC	G	G	345  	.   0.02	6axgI  249  G
ENSP00000465772	rs10412098	ggT	ggC	G	G	345  	.   0.02	6axgK  252  G
ENSP00000465818	rs28897696	gCg	gTg	A	V	18   	.   0.02	1jnxA   59  A
ENSP00000465818	rs28897696	gCg	gTg	A	V	18   	.   0.02	1n5oA   59  A
ENSP00000465818	rs28897696	gCg	gTg	A	V	18   	.   0.02	1t15A   60  A
ENSP00000465818	rs28897696	gCg	gTg	A	V	18   	.   0.02	1t29A   60  A
ENSP00000465818	rs28897696	gCg	gTg	A	V	18   	.   0.02	1t2uA   60  A
ENSP00000465818	rs28897696	gCg	gTg	A	V	18   	.   0.02	1t2vA   60  A
ENSP00000465818	rs28897696	gCg	gTg	A	V	18   	.   0.02	1t2vB   63  A
ENSP00000465818	rs28897696	gCg	gTg	A	V	18   	.   0.02	1t2vC   60  A
ENSP00000465818	rs28897696	gCg	gTg	A	V	18   	.   0.02	1t2vD   62  A
ENSP00000465818	rs28897696	gCg	gTg	A	V	18   	.   0.02	1t2vE   60  A
ENSP00000465818	rs28897696	gCg	gTg	A	V	18   	.   0.02	1y98A   60  A
ENSP00000465818	rs28897696	gCg	gTg	A	V	18   	.   0.02	2ingA   59  A
ENSP00000465818	rs28897696	gCg	gTg	A	V	18   	.   0.02	3cojA   60  A
ENSP00000465818	rs28897696	gCg	gTg	A	V	18   	.   0.02	3cojB   60  A
ENSP00000465818	rs28897696	gCg	gTg	A	V	18   	.   0.02	3cojC   60  A
ENSP00000465818	rs28897696	gCg	gTg	A	V	18   	.   0.02	3cojD   60  A
ENSP00000465818	rs28897696	gCg	gTg	A	V	18   	.   0.02	3cojE   59  A
ENSP00000465818	rs28897696	gCg	gTg	A	V	18   	.   0.02	3cojF   59  A
ENSP00000465818	rs28897696	gCg	gTg	A	V	18   	.   0.02	3cojG   59  A
ENSP00000465818	rs28897696	gCg	gTg	A	V	18   	.   0.02	3cojH   60  A
ENSP00000465818	rs28897696	gCg	gTg	A	V	18   	.   0.02	3k0hA   60  A
ENSP00000465818	rs28897696	gCg	gTg	A	V	18   	.   0.02	3k0kA   60  A
ENSP00000465818	rs28897696	gCg	gTg	A	V	18   	.   0.02	3k15A   60  A
ENSP00000465818	rs28897696	gCg	gTg	A	V	18   	.   0.02	3k16A   60  A
ENSP00000465818	rs28897696	gCg	gTg	A	V	18   	.   0.02	3pxaA   60  A
ENSP00000465818	rs28897696	gCg	gTg	A	V	18   	.   0.02	3pxbA   60  A
ENSP00000465818	rs28897696	gCg	gTg	A	V	18   	.   0.02	3pxcA   59  A
ENSP00000465818	rs28897696	gCg	gTg	A	V	18   	.   0.02	3pxdA   60  A
ENSP00000465818	rs28897696	gCg	gTg	A	V	18   	.   0.02	3pxeA   62  A
ENSP00000465818	rs28897696	gCg	gTg	A	V	18   	.   0.02	3pxeB   62  A
ENSP00000465818	rs28897696	gCg	gTg	A	V	18   	.   0.02	3pxeC   62  A
ENSP00000465818	rs28897696	gCg	gTg	A	V	18   	.   0.02	3pxeD   60  A
ENSP00000465818	rs28897696	gCg	gTg	A	V	18   	.   0.02	4ifiA   60  A
ENSP00000465818	rs28897696	gCg	gTg	A	V	18   	.   0.02	4igkA   63  A
ENSP00000465818	rs28897696	gCg	gTg	A	V	18   	.   0.02	4igkB   63  A
ENSP00000465818	rs28897696	gCg	gTg	A	V	18   	.   0.02	4jluA   60  A
ENSP00000465818	rs28897696	gCg	gTg	A	V	18   	.   0.02	4ofbA   60  A
ENSP00000465818	rs28897696	gCg	gTg	A	V	18   	.   0.02	4u4aA   63  A
ENSP00000465818	rs28897696	gCg	gTg	A	V	18   	.   0.02	4u4aB   63  A
ENSP00000465818	rs28897696	gCg	gTg	A	V	18   	.   0.02	4u4aC   61  A
ENSP00000465818	rs28897696	gCg	gTg	A	V	18   	.   0.02	4y18A   63  A
ENSP00000465818	rs28897696	gCg	gTg	A	V	18   	.   0.02	4y18B   63  A
ENSP00000465818	rs28897696	gCg	gTg	A	V	18   	.   0.02	4y18C   63  A
ENSP00000465818	rs28897696	gCg	gTg	A	V	18   	.   0.02	4y18D   63  A
ENSP00000465818	rs28897696	gCg	gTg	A	V	18   	.   0.02	4y18E   63  A
ENSP00000465818	rs28897696	gCg	gTg	A	V	18   	.   0.02	4y18F   63  A
ENSP00000465818	rs28897696	gCg	gTg	A	V	18   	.   0.02	4y18G   60  A
ENSP00000465818	rs28897696	gCg	gTg	A	V	18   	.   0.02	4y18H   60  A
ENSP00000465818	rs28897696	gCg	gTg	A	V	18   	.   0.02	4y2gA   63  A
ENSP00000465818	rs28897696	gCg	gAg	A	E	18   	.   0.02	1jnxA   59  A
ENSP00000465818	rs28897696	gCg	gAg	A	E	18   	.   0.02	1n5oA   59  A
ENSP00000465818	rs28897696	gCg	gAg	A	E	18   	.   0.02	1t15A   60  A
ENSP00000465818	rs28897696	gCg	gAg	A	E	18   	.   0.02	1t29A   60  A
ENSP00000465818	rs28897696	gCg	gAg	A	E	18   	.   0.02	1t2uA   60  A
ENSP00000465818	rs28897696	gCg	gAg	A	E	18   	.   0.02	1t2vA   60  A
ENSP00000465818	rs28897696	gCg	gAg	A	E	18   	.   0.02	1t2vB   63  A
ENSP00000465818	rs28897696	gCg	gAg	A	E	18   	.   0.02	1t2vC   60  A
ENSP00000465818	rs28897696	gCg	gAg	A	E	18   	.   0.02	1t2vD   62  A
ENSP00000465818	rs28897696	gCg	gAg	A	E	18   	.   0.02	1t2vE   60  A
ENSP00000465818	rs28897696	gCg	gAg	A	E	18   	.   0.02	1y98A   60  A
ENSP00000465818	rs28897696	gCg	gAg	A	E	18   	.   0.02	2ingA   59  A
ENSP00000465818	rs28897696	gCg	gAg	A	E	18   	.   0.02	3cojA   60  A
ENSP00000465818	rs28897696	gCg	gAg	A	E	18   	.   0.02	3cojB   60  A
ENSP00000465818	rs28897696	gCg	gAg	A	E	18   	.   0.02	3cojC   60  A
ENSP00000465818	rs28897696	gCg	gAg	A	E	18   	.   0.02	3cojD   60  A
ENSP00000465818	rs28897696	gCg	gAg	A	E	18   	.   0.02	3cojE   59  A
ENSP00000465818	rs28897696	gCg	gAg	A	E	18   	.   0.02	3cojF   59  A
ENSP00000465818	rs28897696	gCg	gAg	A	E	18   	.   0.02	3cojG   59  A
ENSP00000465818	rs28897696	gCg	gAg	A	E	18   	.   0.02	3cojH   60  A
ENSP00000465818	rs28897696	gCg	gAg	A	E	18   	.   0.02	3k0hA   60  A
ENSP00000465818	rs28897696	gCg	gAg	A	E	18   	.   0.02	3k0kA   60  A
ENSP00000465818	rs28897696	gCg	gAg	A	E	18   	.   0.02	3k15A   60  A
ENSP00000465818	rs28897696	gCg	gAg	A	E	18   	.   0.02	3k16A   60  A
ENSP00000465818	rs28897696	gCg	gAg	A	E	18   	.   0.02	3pxaA   60  A
ENSP00000465818	rs28897696	gCg	gAg	A	E	18   	.   0.02	3pxbA   60  A
ENSP00000465818	rs28897696	gCg	gAg	A	E	18   	.   0.02	3pxcA   59  A
ENSP00000465818	rs28897696	gCg	gAg	A	E	18   	.   0.02	3pxdA   60  A
ENSP00000465818	rs28897696	gCg	gAg	A	E	18   	.   0.02	3pxeA   62  A
ENSP00000465818	rs28897696	gCg	gAg	A	E	18   	.   0.02	3pxeB   62  A
ENSP00000465818	rs28897696	gCg	gAg	A	E	18   	.   0.02	3pxeC   62  A
ENSP00000465818	rs28897696	gCg	gAg	A	E	18   	.   0.02	3pxeD   60  A
ENSP00000465818	rs28897696	gCg	gAg	A	E	18   	.   0.02	4ifiA   60  A
ENSP00000465818	rs28897696	gCg	gAg	A	E	18   	.   0.02	4igkA   63  A
ENSP00000465818	rs28897696	gCg	gAg	A	E	18   	.   0.02	4igkB   63  A
ENSP00000465818	rs28897696	gCg	gAg	A	E	18   	.   0.02	4jluA   60  A
ENSP00000465818	rs28897696	gCg	gAg	A	E	18   	.   0.02	4ofbA   60  A
ENSP00000465818	rs28897696	gCg	gAg	A	E	18   	.   0.02	4u4aA   63  A
ENSP00000465818	rs28897696	gCg	gAg	A	E	18   	.   0.02	4u4aB   63  A
ENSP00000465818	rs28897696	gCg	gAg	A	E	18   	.   0.02	4u4aC   61  A
ENSP00000465818	rs28897696	gCg	gAg	A	E	18   	.   0.02	4y18A   63  A
ENSP00000465818	rs28897696	gCg	gAg	A	E	18   	.   0.02	4y18B   63  A
ENSP00000465818	rs28897696	gCg	gAg	A	E	18   	.   0.02	4y18C   63  A
ENSP00000465818	rs28897696	gCg	gAg	A	E	18   	.   0.02	4y18D   63  A
ENSP00000465818	rs28897696	gCg	gAg	A	E	18   	.   0.02	4y18E   63  A
ENSP00000465818	rs28897696	gCg	gAg	A	E	18   	.   0.02	4y18F   63  A
ENSP00000465818	rs28897696	gCg	gAg	A	E	18   	.   0.02	4y18G   60  A
ENSP00000465818	rs28897696	gCg	gAg	A	E	18   	.   0.02	4y18H   60  A
ENSP00000465818	rs28897696	gCg	gAg	A	E	18   	.   0.02	4y2gA   63  A
ENSP00000465818	rs41293459	cGg	cTg	R	L	9    	.   0.06	1jnxA   50  R
ENSP00000465818	rs41293459	cGg	cTg	R	L	9    	.   0.06	1n5oA   50  R
ENSP00000465818	rs41293459	cGg	cTg	R	L	9    	.   0.06	1t15A   51  R
ENSP00000465818	rs41293459	cGg	cTg	R	L	9    	.   0.06	1t29A   51  R
ENSP00000465818	rs41293459	cGg	cTg	R	L	9    	.   0.06	1t2uA   51  R
ENSP00000465818	rs41293459	cGg	cTg	R	L	9    	.   0.06	1t2vA   51  R
ENSP00000465818	rs41293459	cGg	cTg	R	L	9    	.   0.06	1t2vB   54  R
ENSP00000465818	rs41293459	cGg	cTg	R	L	9    	.   0.06	1t2vC   51  R
ENSP00000465818	rs41293459	cGg	cTg	R	L	9    	.   0.06	1t2vD   53  R
ENSP00000465818	rs41293459	cGg	cTg	R	L	9    	.   0.06	1t2vE   51  R
ENSP00000465818	rs41293459	cGg	cTg	R	L	9    	.   0.06	1y98A   51  R
ENSP00000465818	rs41293459	cGg	cTg	R	L	9    	.   0.06	2ingA   50  R
ENSP00000465818	rs41293459	cGg	cTg	R	L	9    	.   0.06	3cojA   51  R
ENSP00000465818	rs41293459	cGg	cTg	R	L	9    	.   0.06	3cojB   51  R
ENSP00000465818	rs41293459	cGg	cTg	R	L	9    	.   0.06	3cojC   51  R
ENSP00000465818	rs41293459	cGg	cTg	R	L	9    	.   0.06	3cojD   51  R
ENSP00000465818	rs41293459	cGg	cTg	R	L	9    	.   0.06	3cojE   50  R
ENSP00000465818	rs41293459	cGg	cTg	R	L	9    	.   0.06	3cojF   50  R
ENSP00000465818	rs41293459	cGg	cTg	R	L	9    	.   0.06	3cojG   50  R
ENSP00000465818	rs41293459	cGg	cTg	R	L	9    	.   0.06	3cojH   51  R
ENSP00000465818	rs41293459	cGg	cTg	R	L	9    	.   0.06	3k0hA   51  R
ENSP00000465818	rs41293459	cGg	cTg	R	L	9    	.   0.06	3k0kA   51  R
ENSP00000465818	rs41293459	cGg	cTg	R	L	9    	.   0.06	3k15A   51  R
ENSP00000465818	rs41293459	cGg	cTg	R	L	9    	.   0.06	3k16A   51  R
ENSP00000465818	rs41293459	cGg	cTg	R	L	9    	.   0.06	3pxaA   51  R
ENSP00000465818	rs41293459	cGg	cTg	R	L	9    	.   0.06	3pxbA   51  R
ENSP00000465818	rs41293459	cGg	cTg	R	L	9    	.   0.06	3pxcA   50  Q
ENSP00000465818	rs41293459	cGg	cTg	R	L	9    	.   0.06	3pxdA   51  R
ENSP00000465818	rs41293459	cGg	cTg	R	L	9    	.   0.06	3pxeA   53  R
ENSP00000465818	rs41293459	cGg	cTg	R	L	9    	.   0.06	3pxeB   53  R
ENSP00000465818	rs41293459	cGg	cTg	R	L	9    	.   0.06	3pxeC   53  R
ENSP00000465818	rs41293459	cGg	cTg	R	L	9    	.   0.06	3pxeD   51  R
ENSP00000465818	rs41293459	cGg	cTg	R	L	9    	.   0.06	4ifiA   51  R
ENSP00000465818	rs41293459	cGg	cTg	R	L	9    	.   0.06	4igkA   54  R
ENSP00000465818	rs41293459	cGg	cTg	R	L	9    	.   0.06	4igkB   54  R
ENSP00000465818	rs41293459	cGg	cTg	R	L	9    	.   0.06	4jluA   51  R
ENSP00000465818	rs41293459	cGg	cTg	R	L	9    	.   0.06	4ofbA   51  R
ENSP00000465818	rs41293459	cGg	cTg	R	L	9    	.   0.06	4u4aA   54  R
ENSP00000465818	rs41293459	cGg	cTg	R	L	9    	.   0.06	4u4aB   54  R
ENSP00000465818	rs41293459	cGg	cTg	R	L	9    	.   0.06	4u4aC   52  R
ENSP00000465818	rs41293459	cGg	cTg	R	L	9    	.   0.06	4y18A   54  R
ENSP00000465818	rs41293459	cGg	cTg	R	L	9    	.   0.06	4y18B   54  R
ENSP00000465818	rs41293459	cGg	cTg	R	L	9    	.   0.06	4y18C   54  R
ENSP00000465818	rs41293459	cGg	cTg	R	L	9    	.   0.06	4y18D   54  R
ENSP00000465818	rs41293459	cGg	cTg	R	L	9    	.   0.06	4y18E   54  R
ENSP00000465818	rs41293459	cGg	cTg	R	L	9    	.   0.06	4y18F   54  R
ENSP00000465818	rs41293459	cGg	cTg	R	L	9    	.   0.06	4y18G   51  R
ENSP00000465818	rs41293459	cGg	cTg	R	L	9    	.   0.06	4y18H   51  R
ENSP00000465818	rs41293459	cGg	cTg	R	L	9    	.   0.06	4y2gA   54  R
ENSP00000465818	rs41293459	cGg	cCg	R	P	9    	.   0.06	1jnxA   50  R
ENSP00000465818	rs41293459	cGg	cCg	R	P	9    	.   0.06	1n5oA   50  R
ENSP00000465818	rs41293459	cGg	cCg	R	P	9    	.   0.06	1t15A   51  R
ENSP00000465818	rs41293459	cGg	cCg	R	P	9    	.   0.06	1t29A   51  R
ENSP00000465818	rs41293459	cGg	cCg	R	P	9    	.   0.06	1t2uA   51  R
ENSP00000465818	rs41293459	cGg	cCg	R	P	9    	.   0.06	1t2vA   51  R
ENSP00000465818	rs41293459	cGg	cCg	R	P	9    	.   0.06	1t2vB   54  R
ENSP00000465818	rs41293459	cGg	cCg	R	P	9    	.   0.06	1t2vC   51  R
ENSP00000465818	rs41293459	cGg	cCg	R	P	9    	.   0.06	1t2vD   53  R
ENSP00000465818	rs41293459	cGg	cCg	R	P	9    	.   0.06	1t2vE   51  R
ENSP00000465818	rs41293459	cGg	cCg	R	P	9    	.   0.06	1y98A   51  R
ENSP00000465818	rs41293459	cGg	cCg	R	P	9    	.   0.06	2ingA   50  R
ENSP00000465818	rs41293459	cGg	cCg	R	P	9    	.   0.06	3cojA   51  R
ENSP00000465818	rs41293459	cGg	cCg	R	P	9    	.   0.06	3cojB   51  R
ENSP00000465818	rs41293459	cGg	cCg	R	P	9    	.   0.06	3cojC   51  R
ENSP00000465818	rs41293459	cGg	cCg	R	P	9    	.   0.06	3cojD   51  R
ENSP00000465818	rs41293459	cGg	cCg	R	P	9    	.   0.06	3cojE   50  R
ENSP00000465818	rs41293459	cGg	cCg	R	P	9    	.   0.06	3cojF   50  R
ENSP00000465818	rs41293459	cGg	cCg	R	P	9    	.   0.06	3cojG   50  R
ENSP00000465818	rs41293459	cGg	cCg	R	P	9    	.   0.06	3cojH   51  R
ENSP00000465818	rs41293459	cGg	cCg	R	P	9    	.   0.06	3k0hA   51  R
ENSP00000465818	rs41293459	cGg	cCg	R	P	9    	.   0.06	3k0kA   51  R
ENSP00000465818	rs41293459	cGg	cCg	R	P	9    	.   0.06	3k15A   51  R
ENSP00000465818	rs41293459	cGg	cCg	R	P	9    	.   0.06	3k16A   51  R
ENSP00000465818	rs41293459	cGg	cCg	R	P	9    	.   0.06	3pxaA   51  R
ENSP00000465818	rs41293459	cGg	cCg	R	P	9    	.   0.06	3pxbA   51  R
ENSP00000465818	rs41293459	cGg	cCg	R	P	9    	.   0.06	3pxcA   50  Q
ENSP00000465818	rs41293459	cGg	cCg	R	P	9    	.   0.06	3pxdA   51  R
ENSP00000465818	rs41293459	cGg	cCg	R	P	9    	.   0.06	3pxeA   53  R
ENSP00000465818	rs41293459	cGg	cCg	R	P	9    	.   0.06	3pxeB   53  R
ENSP00000465818	rs41293459	cGg	cCg	R	P	9    	.   0.06	3pxeC   53  R
ENSP00000465818	rs41293459	cGg	cCg	R	P	9    	.   0.06	3pxeD   51  R
ENSP00000465818	rs41293459	cGg	cCg	R	P	9    	.   0.06	4ifiA   51  R
ENSP00000465818	rs41293459	cGg	cCg	R	P	9    	.   0.06	4igkA   54  R
ENSP00000465818	rs41293459	cGg	cCg	R	P	9    	.   0.06	4igkB   54  R
ENSP00000465818	rs41293459	cGg	cCg	R	P	9    	.   0.06	4jluA   51  R
ENSP00000465818	rs41293459	cGg	cCg	R	P	9    	.   0.06	4ofbA   51  R
ENSP00000465818	rs41293459	cGg	cCg	R	P	9    	.   0.06	4u4aA   54  R
ENSP00000465818	rs41293459	cGg	cCg	R	P	9    	.   0.06	4u4aB   54  R
ENSP00000465818	rs41293459	cGg	cCg	R	P	9    	.   0.06	4u4aC   52  R
ENSP00000465818	rs41293459	cGg	cCg	R	P	9    	.   0.06	4y18A   54  R
ENSP00000465818	rs41293459	cGg	cCg	R	P	9    	.   0.06	4y18B   54  R
ENSP00000465818	rs41293459	cGg	cCg	R	P	9    	.   0.06	4y18C   54  R
ENSP00000465818	rs41293459	cGg	cCg	R	P	9    	.   0.06	4y18D   54  R
ENSP00000465818	rs41293459	cGg	cCg	R	P	9    	.   0.06	4y18E   54  R
ENSP00000465818	rs41293459	cGg	cCg	R	P	9    	.   0.06	4y18F   54  R
ENSP00000465818	rs41293459	cGg	cCg	R	P	9    	.   0.06	4y18G   51  R
ENSP00000465818	rs41293459	cGg	cCg	R	P	9    	.   0.06	4y18H   51  R
ENSP00000465818	rs41293459	cGg	cCg	R	P	9    	.   0.06	4y2gA   54  R
