ENSP00000468547	 rs3744037	taT	taC	Y	Y	335  	.   0.01	3vzbA  317  Y
ENSP00000468547	 rs3744037	taT	taC	Y	Y	335  	.   0.01	3vzbB  300  Y
ENSP00000468547	 rs3744037	taT	taC	Y	Y	335  	.   0.01	3vzbC  304  Y
ENSP00000468547	 rs3744037	taT	taC	Y	Y	335  	.   0.01	3vzcA  304  Y
ENSP00000468547	 rs3744037	taT	taC	Y	Y	335  	.   0.01	3vzcB  297  Y
ENSP00000468547	 rs3744037	taT	taC	Y	Y	335  	.   0.01	3vzcC  299  Y
ENSP00000468547	 rs3744037	taT	taC	Y	Y	335  	.   0.01	3vzcD  305  Y
ENSP00000468547	 rs3744037	taT	taC	Y	Y	335  	.   0.01	3vzcE  299  Y
ENSP00000468547	 rs3744037	taT	taC	Y	Y	335  	.   0.01	3vzcF  301  Y
ENSP00000468547	 rs3744037	taT	taC	Y	Y	335  	.   0.01	3vzdA  306  Y
ENSP00000468547	 rs3744037	taT	taC	Y	Y	335  	.   0.01	3vzdB  299  Y
ENSP00000468547	 rs3744037	taT	taC	Y	Y	335  	.   0.01	3vzdC  303  Y
ENSP00000468547	 rs3744037	taT	taC	Y	Y	335  	.   0.01	3vzdD  306  Y
ENSP00000468547	 rs3744037	taT	taC	Y	Y	335  	.   0.01	3vzdE  301  Y
ENSP00000468547	 rs3744037	taT	taC	Y	Y	335  	.   0.01	3vzdF  303  Y
ENSP00000468547	 rs3744037	taT	taC	Y	Y	335  	.   0.01	4l02A  317  Y
ENSP00000468547	 rs3744037	taT	taC	Y	Y	335  	.   0.01	4l02B  300  Y
ENSP00000468547	 rs3744037	taT	taC	Y	Y	335  	.   0.01	4l02C  302  Y
ENSP00000468547	 rs3744037	taT	taC	Y	Y	335  	.   0.01	4v24A  309  Y
ENSP00000468547	 rs3744037	taT	taC	Y	Y	335  	.   0.01	4v24B  307  Y
ENSP00000468548	   rs11615	aaT	aaC	N	N	46   	.   0.01	2a1iA   20  N
ENSP00000468548	   rs11615	aaT	aaC	N	N	46   	.   0.01	2jnwA   20  N
ENSP00000468548	   rs11615	aaT	aaC	N	N	46   	.   0.01	2jpdA   23  N
ENSP00000468548	 rs3212977	Gca	Cca	A	P	194  	.   0.03	1z00A   48  A
ENSP00000468548	 rs3212977	Gca	Cca	A	P	194  	.   0.03	2a1jB   49  A
ENSP00000468548	 rs3212977	Gca	Cca	A	P	194  	.   0.03	2mutA   55  A
ENSP00000468548	 rs3212977	Gca	Aca	A	T	194  	.   0.03	1z00A   48  A
ENSP00000468548	 rs3212977	Gca	Aca	A	T	194  	.   0.03	2a1jB   49  A
ENSP00000468548	 rs3212977	Gca	Aca	A	T	194  	.   0.03	2mutA   55  A
ENSP00000468590	rs13306771	Gtg	Atg	V	M	75   	.   0.04	4yb9A   57  V
ENSP00000468590	rs13306771	Gtg	Atg	V	M	75   	.   0.04	4ybqA   46  V
ENSP00000468590	rs13306771	Gtg	Atg	V	M	75   	.   0.04	4ybqB   56  V
ENSP00000468674	 rs4987202	aCg	aTg	T	M	200  	.   0.07	1oqyA  200  T
ENSP00000468674	 rs4987202	aCg	aTg	T	M	200  	.   0.07	1qzeA  118  T
ENSP00000468734	 rs2229920	gcT	gcC	A	A	713  	.   0.26	3snhA  625  A
ENSP00000468734	 rs2229920	gcT	gcC	A	A	713  	.   0.26	3zvrA  645  A
ENSP00000468734	 rs2229920	gcT	gcC	A	A	713  	.   0.26	5a3fA  665  A
ENSP00000468734	 rs2229920	gcT	gcC	A	A	713  	.   0.26	5a3fB  531  A
ENSP00000468734	 rs2229920	gcT	gcC	A	A	713  	.   0.26	5a3fC  674  A
ENSP00000468734	 rs2229920	gcT	gcC	A	A	713  	.   0.26	5a3fD  530  A
ENSP00000468734	 rs2229920	gcT	gcC	A	A	713  	.   0.26	6dluA  705  A
ENSP00000468734	 rs2229920	gcT	gcC	A	A	713  	.   0.26	6dluB  719  A
ENSP00000468734	 rs2229920	gcT	gcC	A	A	713  	.   0.26	6dlvA  654  A
ENSP00000468734	 rs2229920	gcT	gcC	A	A	713  	.   0.26	6dlvB  656  A
ENSP00000468734	 rs2229920	gcT	gcC	A	A	713  	.   0.26	6dlvC  653  A
ENSP00000468734	 rs2229920	gcT	gcC	A	A	713  	.   0.26	6dlvD  651  A
ENSP00000468734	 rs2229920	gcT	gcG	A	A	713  	.   0.26	3snhA  625  A
ENSP00000468734	 rs2229920	gcT	gcG	A	A	713  	.   0.26	3zvrA  645  A
ENSP00000468734	 rs2229920	gcT	gcG	A	A	713  	.   0.26	5a3fA  665  A
ENSP00000468734	 rs2229920	gcT	gcG	A	A	713  	.   0.26	5a3fB  531  A
ENSP00000468734	 rs2229920	gcT	gcG	A	A	713  	.   0.26	5a3fC  674  A
ENSP00000468734	 rs2229920	gcT	gcG	A	A	713  	.   0.26	5a3fD  530  A
ENSP00000468734	 rs2229920	gcT	gcG	A	A	713  	.   0.26	6dluA  705  A
ENSP00000468734	 rs2229920	gcT	gcG	A	A	713  	.   0.26	6dluB  719  A
ENSP00000468734	 rs2229920	gcT	gcG	A	A	713  	.   0.26	6dlvA  654  A
ENSP00000468734	 rs2229920	gcT	gcG	A	A	713  	.   0.26	6dlvB  656  A
ENSP00000468734	 rs2229920	gcT	gcG	A	A	713  	.   0.26	6dlvC  653  A
ENSP00000468734	 rs2229920	gcT	gcG	A	A	713  	.   0.26	6dlvD  651  A
ENSP00000468787	 rs3815715	acG	acA	T	T	155  	.   0.17	5v6bA  187  T
ENSP00000468787	 rs3815715	acG	acA	T	T	155  	.   0.17	5v6bB  186  T
ENSP00000469035	 rs2074797	ccA	ccT	P	P	273  	.   0.01	3mkrA  234  P
ENSP00000469035	 rs2074797	ccA	ccG	P	P	273  	.   0.01	3mkrA  234  P
ENSP00000469035	 rs2074797	ccA	ccC	P	P	273  	.   0.01	3mkrA  234  P
ENSP00000469049	  rs344560	Aag	Gag	K	E	214  	.   0.01	4en0A  119  E
ENSP00000469049	  rs344560	Aag	Gag	K	E	214  	.   0.01	4en0B  117  E
ENSP00000469049	  rs344560	Aag	Gag	K	E	214  	.   0.01	4en0C  118  E
ENSP00000469049	  rs344560	Aag	Gag	K	E	214  	.   0.01	4j6gA  113  E
ENSP00000469049	  rs344560	Aag	Gag	K	E	214  	.   0.01	4j6gB  113  E
ENSP00000469049	  rs344560	Aag	Gag	K	E	214  	.   0.01	4kg8A  108  E
ENSP00000469049	  rs344560	Aag	Gag	K	E	214  	.   0.01	4kg8B  101  E
ENSP00000469049	  rs344560	Aag	Gag	K	E	214  	.   0.01	4kg8C   98  E
ENSP00000469049	  rs344560	Aag	Gag	K	E	214  	.   0.01	4kggC  115  E
ENSP00000469049	  rs344560	Aag	Gag	K	E	214  	.   0.01	4kggD  113  E
ENSP00000469049	  rs344560	Aag	Gag	K	E	214  	.   0.01	4kgqC  113  E
ENSP00000469049	  rs344560	Aag	Gag	K	E	214  	.   0.01	4kgqD  113  E
ENSP00000469049	  rs344560	Aag	Gag	K	E	214  	.   0.01	4rsuA  123  E
ENSP00000469049	  rs344560	Aag	Gag	K	E	214  	.   0.01	4rsuB  116  E
ENSP00000469049	  rs344560	Aag	Gag	K	E	214  	.   0.01	4rsuC  112  E
ENSP00000469049	  rs344560	Aag	Gag	K	E	214  	.   0.01	4rsuG  124  E
ENSP00000469049	  rs344560	Aag	Gag	K	E	214  	.   0.01	4rsuH  124  E
ENSP00000469049	  rs344560	Aag	Gag	K	E	214  	.   0.01	4rsuI  121  E
ENSP00000469141	 rs2230606	Ata	Cta	I	L	248  	.   0.39	1ygrA  154  V
ENSP00000469141	 rs2230606	Ata	Cta	I	L	248  	.   0.39	1ygrB  153  V
ENSP00000469141	 rs2230606	Ata	Cta	I	L	248  	.   0.39	1yguA  154  V
ENSP00000469141	 rs2230606	Ata	Cta	I	L	248  	.   0.39	1yguB  203  L
ENSP00000469141	 rs2230606	Ata	Cta	I	L	248  	.   0.39	5fmvA   71  I
ENSP00000469141	 rs2230606	Ata	Cta	I	L	248  	.   0.39	5fmvB   69  I
ENSP00000469141	 rs2230606	Ata	Cta	I	L	248  	.   0.39	5fn6A   67  I
ENSP00000469141	 rs2230606	Ata	Cta	I	L	248  	.   0.39	5fn7A   78  I
ENSP00000469141	 rs2230606	Ata	Cta	I	L	248  	.   0.39	5fn7B   78  I
ENSP00000469141	 rs7540378	ggC	ggT	G	G	724  	.   0.04	1ygrA  419  G
ENSP00000469141	 rs7540378	ggC	ggT	G	G	724  	.   0.04	1ygrB  420  G
ENSP00000469141	 rs7540378	ggC	ggT	G	G	724  	.   0.04	1yguA  419  G
ENSP00000469141	 rs7540378	ggC	ggT	G	G	724  	.   0.04	5fmvA  349  G
ENSP00000469289	 rs8110964	tcA	tcG	S	S	15   	.   0.43	5c5sA  153  S
ENSP00000469289	 rs8110964	tcA	tcG	S	S	15   	.   0.43	5c5sB  148  S
ENSP00000469289	 rs8110964	tcA	tcG	S	S	15   	.   0.43	5c5sC  150  S
ENSP00000469289	 rs8110964	tcA	tcG	S	S	15   	.   0.43	5c5sD  146  S
ENSP00000469289	 rs8110964	tcA	tcG	S	S	15   	.   0.43	5hpyA  139  S
ENSP00000469289	 rs8110964	tcA	tcG	S	S	15   	.   0.43	5hpyC  136  S
ENSP00000469289	rs17535005	ccG	ccA	P	P	36   	.   0.05	5c5sA  174  P
ENSP00000469289	rs17535005	ccG	ccA	P	P	36   	.   0.05	5c5sD  167  P
ENSP00000469289	rs17535005	ccG	ccA	P	P	36   	.   0.05	5hpyA  157  P
ENSP00000469289	rs17535005	ccG	ccA	P	P	36   	.   0.05	5hpyC  155  P
ENSP00000469378	 rs3752109	cGc	cAc	R	H	51   	.   0.01	2fi2A   17  H
ENSP00000469378	 rs3752109	cGc	cAc	R	H	51   	.   0.01	2fi2B   17  H
ENSP00000469499	 rs2233156	ccC	ccT	P	P	57   	.   0.01	1hjdA   27  P
ENSP00000469499	 rs2233156	ccC	ccT	P	P	57   	.   0.01	1i1jA   33  P
ENSP00000469499	 rs2233156	ccC	ccT	P	P	57   	.   0.01	1i1jB   31  P
ENSP00000469499	 rs2233156	ccC	ccT	P	P	57   	.   0.01	1k0xA   34  P
ENSP00000469499	 rs2233156	ccC	ccT	P	P	57   	.   0.01	5ixbA   31  P
ENSP00000469499	 rs2233156	ccC	ccT	P	P	57   	.   0.01	5ixbB   31  P
ENSP00000469744	rs190354796	tcG	tcA	S	S	37   	.   0.02	2a73B  656  S
ENSP00000469744	rs190354796	tcG	tcA	S	S	37   	.   0.02	2i07B  592  S
ENSP00000469744	rs190354796	tcG	tcA	S	S	37   	.   0.02	2icfB  592  S
ENSP00000469744	rs190354796	tcG	tcA	S	S	37   	.   0.02	2wiiB  592  S
ENSP00000469744	rs190354796	tcG	tcA	S	S	37   	.   0.02	2winB  589  S
ENSP00000469744	rs190354796	tcG	tcA	S	S	37   	.   0.02	2winD  589  S
ENSP00000469744	rs190354796	tcG	tcA	S	S	37   	.   0.02	2winF  589  S
ENSP00000469744	rs190354796	tcG	tcA	S	S	37   	.   0.02	2winH  589  S
ENSP00000469744	rs190354796	tcG	tcA	S	S	37   	.   0.02	2xwbB  592  S
ENSP00000469744	rs190354796	tcG	tcA	S	S	37   	.   0.02	2xwbD  592  S
ENSP00000469744	rs190354796	tcG	tcA	S	S	37   	.   0.02	2xwjB  592  S
ENSP00000469744	rs190354796	tcG	tcA	S	S	37   	.   0.02	2xwjD  592  S
ENSP00000469744	rs190354796	tcG	tcA	S	S	37   	.   0.02	2xwjF  592  S
ENSP00000469744	rs190354796	tcG	tcA	S	S	37   	.   0.02	2xwjH  592  S
ENSP00000469744	rs190354796	tcG	tcA	S	S	37   	.   0.02	3g6jB  592  S
ENSP00000469744	rs190354796	tcG	tcA	S	S	37   	.   0.02	3g6jD  592  S
ENSP00000469744	rs190354796	tcG	tcA	S	S	37   	.   0.02	3l5nB  589  S
ENSP00000469744	rs190354796	tcG	tcA	S	S	37   	.   0.02	5fo7B  590  S
ENSP00000469744	rs190354796	tcG	tcA	S	S	37   	.   0.02	5fo8B  591  S
ENSP00000469744	rs190354796	tcG	tcA	S	S	37   	.   0.02	5fo9B  592  S
ENSP00000469744	rs190354796	tcG	tcA	S	S	37   	.   0.02	5fo9E  592  S
ENSP00000469744	rs190354796	tcG	tcA	S	S	37   	.   0.02	5foaB  592  S
ENSP00000469744	rs190354796	tcG	tcA	S	S	37   	.   0.02	5foaD  592  S
ENSP00000469744	rs190354796	tcG	tcA	S	S	37   	.   0.02	5fobB  591  S
ENSP00000469744	rs190354796	tcG	tcA	S	S	37   	.   0.02	5m6wB  593  S
ENSP00000469744	rs190354796	tcG	tcA	S	S	37   	.   0.02	5m6wD  593  S
ENSP00000469744	rs190354796	tcG	tcA	S	S	37   	.   0.02	5o32B  592  S
ENSP00000469744	rs190354796	tcG	tcA	S	S	37   	.   0.02	5o32G  592  S
ENSP00000469744	rs190354796	tcG	tcA	S	S	37   	.   0.02	5o35B  592  S
ENSP00000469744	rs190354796	tcG	tcA	S	S	37   	.   0.02	6ehgB  591  S
ENSP00000469826	 rs3739206	gTc	gGc	V	G	447  	.   0.03	3zvlA  334  V
ENSP00000469826	 rs3739206	gTc	gGc	V	G	447  	.   0.03	3zvmA  335  V
ENSP00000469826	 rs3739206	gTc	gGc	V	G	447  	.   0.03	3zvmB  334  V
ENSP00000469826	 rs3739206	gTc	gGc	V	G	447  	.   0.03	3zvnA  331  V
ENSP00000470129	 rs2233156	ccC	ccT	P	P	57   	.   0.01	1hjdA   27  P
ENSP00000470129	 rs2233156	ccC	ccT	P	P	57   	.   0.01	1i1jA   33  P
ENSP00000470129	 rs2233156	ccC	ccT	P	P	57   	.   0.01	1i1jB   31  P
ENSP00000470129	 rs2233156	ccC	ccT	P	P	57   	.   0.01	1k0xA   34  P
ENSP00000470129	 rs2233156	ccC	ccT	P	P	57   	.   0.01	5ixbA   31  P
ENSP00000470129	 rs2233156	ccC	ccT	P	P	57   	.   0.01	5ixbB   31  P
ENSP00000470144	 rs8108468	ttC	ttT	F	F	107  	.   0.01	5f4eA   86  F
ENSP00000470144	 rs8108468	ttC	ttT	F	F	107  	.   0.01	5f4tA   86  F
ENSP00000470144	 rs8108468	ttC	ttT	F	F	107  	.   0.01	5f4vA   86  F
ENSP00000470144	 rs8108468	ttC	ttT	F	F	107  	.   0.01	5jk9A   90  F
ENSP00000470144	 rs8108468	ttC	ttT	F	F	107  	.   0.01	5jk9B   83  F
ENSP00000470144	 rs8108468	ttC	ttT	F	F	107  	.   0.01	5jk9C   90  F
ENSP00000470144	 rs8108468	ttC	ttT	F	F	107  	.   0.01	5jk9D   90  F
ENSP00000470144	 rs8108468	ttC	ttT	F	F	107  	.   0.01	5jk9E   84  F
ENSP00000470144	 rs8108468	ttC	ttT	F	F	107  	.   0.01	5jk9F   89  F
ENSP00000470144	 rs8108468	ttC	ttT	F	F	107  	.   0.01	5jkcA   86  F
ENSP00000470144	 rs8108468	ttC	ttT	F	F	107  	.   0.01	5jkdA   85  F
ENSP00000470144	 rs8108468	ttC	ttT	F	F	107  	.   0.01	5jkeA   85  F
ENSP00000470144	 rs8108468	ttC	ttT	F	F	107  	.   0.01	5jkeC   85  F
ENSP00000470215	  rs352493	aGt	aAt	S	N	33   	.   0.01	3k35A   32  S
ENSP00000470215	  rs352493	aGt	aAt	S	N	33   	.   0.01	3k35B   32  S
ENSP00000470215	  rs352493	aGt	aAt	S	N	33   	.   0.01	3k35C   32  S
ENSP00000470215	  rs352493	aGt	aAt	S	N	33   	.   0.01	3k35D   31  S
ENSP00000470215	  rs352493	aGt	aAt	S	N	33   	.   0.01	3k35E   32  S
ENSP00000470215	  rs352493	aGt	aAt	S	N	33   	.   0.01	3k35F   33  S
ENSP00000470215	  rs352493	aGt	aAt	S	N	33   	.   0.01	3pkiA   34  S
ENSP00000470215	  rs352493	aGt	aAt	S	N	33   	.   0.01	3pkiB   33  S
ENSP00000470215	  rs352493	aGt	aAt	S	N	33   	.   0.01	3pkiC   33  S
ENSP00000470215	  rs352493	aGt	aAt	S	N	33   	.   0.01	3pkiD   32  S
ENSP00000470215	  rs352493	aGt	aAt	S	N	33   	.   0.01	3pkiE   33  S
ENSP00000470215	  rs352493	aGt	aAt	S	N	33   	.   0.01	3pkiF   32  S
ENSP00000470215	  rs352493	aGt	aAt	S	N	33   	.   0.01	3pkjA   34  S
ENSP00000470215	  rs352493	aGt	aAt	S	N	33   	.   0.01	3pkjB   34  S
ENSP00000470215	  rs352493	aGt	aAt	S	N	33   	.   0.01	3pkjC   33  S
ENSP00000470215	  rs352493	aGt	aAt	S	N	33   	.   0.01	3pkjD   31  S
ENSP00000470215	  rs352493	aGt	aAt	S	N	33   	.   0.01	3pkjE   34  S
ENSP00000470215	  rs352493	aGt	aAt	S	N	33   	.   0.01	3pkjF   34  S
ENSP00000470215	  rs352493	aGt	aAt	S	N	33   	.   0.01	3zg6A   44  S
ENSP00000470215	  rs352493	aGt	aAt	S	N	33   	.   0.01	5mf6A   37  S
ENSP00000470215	  rs352493	aGt	aAt	S	N	33   	.   0.01	5mf6B   32  S
ENSP00000470215	  rs352493	aGt	aAt	S	N	33   	.   0.01	5mfpA   37  S
ENSP00000470215	  rs352493	aGt	aAt	S	N	33   	.   0.01	5mfpB   32  S
ENSP00000470215	  rs352493	aGt	aAt	S	N	33   	.   0.01	5mfzA   37  S
ENSP00000470215	  rs352493	aGt	aAt	S	N	33   	.   0.01	5mfzB   32  S
ENSP00000470215	  rs352493	aGt	aAt	S	N	33   	.   0.01	5mgnA   37  S
ENSP00000470215	  rs352493	aGt	aAt	S	N	33   	.   0.01	5mgnB   32  S
ENSP00000470215	  rs352493	aGt	aAt	S	N	33   	.   0.01	5x16A   40  S
ENSP00000470298	 rs3745509	tcG	tcA	S	S	1810 	*   0.58	5i4eA  914  S
ENSP00000470298	 rs3745509	tcG	tcA	S	S	1810 	*   0.58	5jlhF  727  S
ENSP00000470298	 rs3745509	tcG	tcA	S	S	1810 	*   0.58	5jlhG  727  S
ENSP00000470476	 rs1058396	Gac	Aac	D	N	280  	.   0.01	4ezcA  245  D
ENSP00000470476	 rs1058396	Gac	Aac	D	N	280  	.   0.01	4ezcB  245  D
ENSP00000470476	 rs1058396	Gac	Aac	D	N	280  	.   0.01	4ezcC  245  D
ENSP00000470476	 rs1058396	Gac	Aac	D	N	280  	.   0.01	4ezdA  245  D
ENSP00000470476	 rs1058396	Gac	Aac	D	N	280  	.   0.01	4ezdB  245  D
ENSP00000470476	 rs1058396	Gac	Aac	D	N	280  	.   0.01	4ezdC  245  D
ENSP00000470476	 rs2298718	ccA	ccG	P	P	196  	.   0.01	4ezcA  161  P
ENSP00000470476	 rs2298718	ccA	ccG	P	P	196  	.   0.01	4ezcB  161  P
ENSP00000470476	 rs2298718	ccA	ccG	P	P	196  	.   0.01	4ezcC  161  P
ENSP00000470476	 rs2298718	ccA	ccG	P	P	196  	.   0.01	4ezdA  161  P
ENSP00000470476	 rs2298718	ccA	ccG	P	P	196  	.   0.01	4ezdB  161  P
ENSP00000470476	 rs2298718	ccA	ccG	P	P	196  	.   0.01	4ezdC  161  P
ENSP00000470482	 rs1701950	ctG	ctC	L	L	162  	.   0.01	1gvlA  142  L
ENSP00000470482	 rs1701950	ctG	ctC	L	L	162  	.   0.01	1l2eA  141  L
ENSP00000470482	 rs1701950	ctG	ctC	L	L	162  	.   0.01	1lo6A  141  L
ENSP00000470482	 rs1701950	ctG	ctC	L	L	162  	.   0.01	3vfeA  141  L
ENSP00000470482	 rs1701950	ctG	ctC	L	L	162  	.   0.01	4d8nA  141  L
ENSP00000470482	 rs1701950	ctG	ctC	L	L	162  	.   0.01	5nx1A  141  L
ENSP00000470482	 rs1701950	ctG	ctC	L	L	162  	.   0.01	5nx3A  141  L
ENSP00000470523	 rs2003783	Ctc	Atc	L	I	95   	.   0.01	2zchA  108  L
ENSP00000470523	 rs2003783	Ctc	Atc	L	I	95   	.   0.01	2zckA  108  L
ENSP00000470523	 rs2003783	Ctc	Atc	L	I	95   	.   0.01	2zclA  108  L
ENSP00000470523	 rs2003783	Ctc	Atc	L	I	95   	.   0.01	3qumA  108  L
ENSP00000470523	 rs2003783	Ctc	Atc	L	I	95   	.   0.01	3qumF  108  L
ENSP00000470523	 rs2003783	Ctc	Ttc	L	F	95   	.   0.01	2zchA  108  L
ENSP00000470523	 rs2003783	Ctc	Ttc	L	F	95   	.   0.01	2zckA  108  L
ENSP00000470523	 rs2003783	Ctc	Ttc	L	F	95   	.   0.01	2zclA  108  L
ENSP00000470523	 rs2003783	Ctc	Ttc	L	F	95   	.   0.01	3qumA  108  L
ENSP00000470523	 rs2003783	Ctc	Ttc	L	F	95   	.   0.01	3qumF  108  L
ENSP00000470582	 rs3211371	Cgc	Agc	R	S	251  	.   0.01	3ibdA  460  R
ENSP00000470582	 rs3211371	Cgc	Agc	R	S	251  	.   0.01	3qoaA  455  R
ENSP00000470582	 rs3211371	Cgc	Agc	R	S	251  	.   0.01	3qu8A  457  R
ENSP00000470582	 rs3211371	Cgc	Agc	R	S	251  	.   0.01	3qu8B  454  R
ENSP00000470582	 rs3211371	Cgc	Agc	R	S	251  	.   0.01	3qu8C  457  R
ENSP00000470582	 rs3211371	Cgc	Agc	R	S	251  	.   0.01	3qu8D  454  R
ENSP00000470582	 rs3211371	Cgc	Agc	R	S	251  	.   0.01	3qu8E  454  R
ENSP00000470582	 rs3211371	Cgc	Agc	R	S	251  	.   0.01	3ua5A  460  R
ENSP00000470582	 rs3211371	Cgc	Agc	R	S	251  	.   0.01	3ua5B  457  R
ENSP00000470582	 rs3211371	Cgc	Agc	R	S	251  	.   0.01	4i91A  460  R
ENSP00000470582	 rs3211371	Cgc	Agc	R	S	251  	.   0.01	4rqlA  460  R
ENSP00000470582	 rs3211371	Cgc	Agc	R	S	251  	.   0.01	4rqlB  460  R
ENSP00000470582	 rs3211371	Cgc	Agc	R	S	251  	.   0.01	4rrtA  457  R
ENSP00000470582	 rs3211371	Cgc	Agc	R	S	251  	.   0.01	4rrtB  457  R
ENSP00000470582	 rs3211371	Cgc	Agc	R	S	251  	.   0.01	4zv8A  460  R
ENSP00000470582	 rs3211371	Cgc	Agc	R	S	251  	.   0.01	5uapA  460  R
ENSP00000470582	 rs3211371	Cgc	Agc	R	S	251  	.   0.01	5uapB  458  R
ENSP00000470582	 rs3211371	Cgc	Agc	R	S	251  	.   0.01	5udaA  457  R
ENSP00000470582	 rs3211371	Cgc	Agc	R	S	251  	.   0.01	5udaB  456  R
ENSP00000470582	 rs3211371	Cgc	Agc	R	S	251  	.   0.01	5ufgA  459  R
ENSP00000470582	 rs3211371	Cgc	Agc	R	S	251  	.   0.01	5wbgA  459  R
ENSP00000470582	 rs3211371	Cgc	Agc	R	S	251  	.   0.01	5wbgB  460  R
ENSP00000470582	 rs3211371	Cgc	Agc	R	S	251  	.   0.01	5wbgC  460  R
ENSP00000470582	 rs3211371	Cgc	Agc	R	S	251  	.   0.01	5wbgD  460  R
ENSP00000470582	 rs3211371	Cgc	Agc	R	S	251  	.   0.01	5wbgE  459  R
ENSP00000470582	 rs3211371	Cgc	Agc	R	S	251  	.   0.01	5wbgF  460  R
ENSP00000470582	 rs3211371	Cgc	Ggc	R	G	251  	.   0.01	3ibdA  460  R
ENSP00000470582	 rs3211371	Cgc	Ggc	R	G	251  	.   0.01	3qoaA  455  R
ENSP00000470582	 rs3211371	Cgc	Ggc	R	G	251  	.   0.01	3qu8A  457  R
ENSP00000470582	 rs3211371	Cgc	Ggc	R	G	251  	.   0.01	3qu8B  454  R
ENSP00000470582	 rs3211371	Cgc	Ggc	R	G	251  	.   0.01	3qu8C  457  R
ENSP00000470582	 rs3211371	Cgc	Ggc	R	G	251  	.   0.01	3qu8D  454  R
ENSP00000470582	 rs3211371	Cgc	Ggc	R	G	251  	.   0.01	3qu8E  454  R
ENSP00000470582	 rs3211371	Cgc	Ggc	R	G	251  	.   0.01	3ua5A  460  R
ENSP00000470582	 rs3211371	Cgc	Ggc	R	G	251  	.   0.01	3ua5B  457  R
ENSP00000470582	 rs3211371	Cgc	Ggc	R	G	251  	.   0.01	4i91A  460  R
ENSP00000470582	 rs3211371	Cgc	Ggc	R	G	251  	.   0.01	4rqlA  460  R
ENSP00000470582	 rs3211371	Cgc	Ggc	R	G	251  	.   0.01	4rqlB  460  R
ENSP00000470582	 rs3211371	Cgc	Ggc	R	G	251  	.   0.01	4rrtA  457  R
ENSP00000470582	 rs3211371	Cgc	Ggc	R	G	251  	.   0.01	4rrtB  457  R
ENSP00000470582	 rs3211371	Cgc	Ggc	R	G	251  	.   0.01	4zv8A  460  R
ENSP00000470582	 rs3211371	Cgc	Ggc	R	G	251  	.   0.01	5uapA  460  R
ENSP00000470582	 rs3211371	Cgc	Ggc	R	G	251  	.   0.01	5uapB  458  R
ENSP00000470582	 rs3211371	Cgc	Ggc	R	G	251  	.   0.01	5udaA  457  R
ENSP00000470582	 rs3211371	Cgc	Ggc	R	G	251  	.   0.01	5udaB  456  R
ENSP00000470582	 rs3211371	Cgc	Ggc	R	G	251  	.   0.01	5ufgA  459  R
ENSP00000470582	 rs3211371	Cgc	Ggc	R	G	251  	.   0.01	5wbgA  459  R
ENSP00000470582	 rs3211371	Cgc	Ggc	R	G	251  	.   0.01	5wbgB  460  R
ENSP00000470582	 rs3211371	Cgc	Ggc	R	G	251  	.   0.01	5wbgC  460  R
ENSP00000470582	 rs3211371	Cgc	Ggc	R	G	251  	.   0.01	5wbgD  460  R
ENSP00000470582	 rs3211371	Cgc	Ggc	R	G	251  	.   0.01	5wbgE  459  R
ENSP00000470582	 rs3211371	Cgc	Ggc	R	G	251  	.   0.01	5wbgF  460  R
ENSP00000470582	 rs3211371	Cgc	Tgc	R	C	251  	.   0.01	3ibdA  460  R
ENSP00000470582	 rs3211371	Cgc	Tgc	R	C	251  	.   0.01	3qoaA  455  R
ENSP00000470582	 rs3211371	Cgc	Tgc	R	C	251  	.   0.01	3qu8A  457  R
ENSP00000470582	 rs3211371	Cgc	Tgc	R	C	251  	.   0.01	3qu8B  454  R
ENSP00000470582	 rs3211371	Cgc	Tgc	R	C	251  	.   0.01	3qu8C  457  R
ENSP00000470582	 rs3211371	Cgc	Tgc	R	C	251  	.   0.01	3qu8D  454  R
ENSP00000470582	 rs3211371	Cgc	Tgc	R	C	251  	.   0.01	3qu8E  454  R
ENSP00000470582	 rs3211371	Cgc	Tgc	R	C	251  	.   0.01	3ua5A  460  R
ENSP00000470582	 rs3211371	Cgc	Tgc	R	C	251  	.   0.01	3ua5B  457  R
ENSP00000470582	 rs3211371	Cgc	Tgc	R	C	251  	.   0.01	4i91A  460  R
ENSP00000470582	 rs3211371	Cgc	Tgc	R	C	251  	.   0.01	4rqlA  460  R
ENSP00000470582	 rs3211371	Cgc	Tgc	R	C	251  	.   0.01	4rqlB  460  R
ENSP00000470582	 rs3211371	Cgc	Tgc	R	C	251  	.   0.01	4rrtA  457  R
ENSP00000470582	 rs3211371	Cgc	Tgc	R	C	251  	.   0.01	4rrtB  457  R
ENSP00000470582	 rs3211371	Cgc	Tgc	R	C	251  	.   0.01	4zv8A  460  R
ENSP00000470582	 rs3211371	Cgc	Tgc	R	C	251  	.   0.01	5uapA  460  R
ENSP00000470582	 rs3211371	Cgc	Tgc	R	C	251  	.   0.01	5uapB  458  R
ENSP00000470582	 rs3211371	Cgc	Tgc	R	C	251  	.   0.01	5udaA  457  R
ENSP00000470582	 rs3211371	Cgc	Tgc	R	C	251  	.   0.01	5udaB  456  R
ENSP00000470582	 rs3211371	Cgc	Tgc	R	C	251  	.   0.01	5ufgA  459  R
ENSP00000470582	 rs3211371	Cgc	Tgc	R	C	251  	.   0.01	5wbgA  459  R
ENSP00000470582	 rs3211371	Cgc	Tgc	R	C	251  	.   0.01	5wbgB  460  R
ENSP00000470582	 rs3211371	Cgc	Tgc	R	C	251  	.   0.01	5wbgC  460  R
ENSP00000470582	 rs3211371	Cgc	Tgc	R	C	251  	.   0.01	5wbgD  460  R
ENSP00000470582	 rs3211371	Cgc	Tgc	R	C	251  	.   0.01	5wbgE  459  R
ENSP00000470582	 rs3211371	Cgc	Tgc	R	C	251  	.   0.01	5wbgF  460  R
ENSP00000470582	rs36060847	gGa	gAa	G	E	23   	.   0.12	3ibdA   72  G
ENSP00000470582	rs36060847	gGa	gAa	G	E	23   	.   0.12	3qoaA   72  G
ENSP00000470582	rs36060847	gGa	gAa	G	E	23   	.   0.12	3qu8A   72  G
ENSP00000470582	rs36060847	gGa	gAa	G	E	23   	.   0.12	3qu8B   72  G
ENSP00000470582	rs36060847	gGa	gAa	G	E	23   	.   0.12	3qu8C   72  G
ENSP00000470582	rs36060847	gGa	gAa	G	E	23   	.   0.12	3qu8D   72  G
ENSP00000470582	rs36060847	gGa	gAa	G	E	23   	.   0.12	3qu8E   72  G
ENSP00000470582	rs36060847	gGa	gAa	G	E	23   	.   0.12	3qu8F   72  G
ENSP00000470582	rs36060847	gGa	gAa	G	E	23   	.   0.12	3ua5A   72  G
ENSP00000470582	rs36060847	gGa	gAa	G	E	23   	.   0.12	3ua5B   71  G
ENSP00000470582	rs36060847	gGa	gAa	G	E	23   	.   0.12	4i91A   72  G
ENSP00000470582	rs36060847	gGa	gAa	G	E	23   	.   0.12	4rqlA   72  G
ENSP00000470582	rs36060847	gGa	gAa	G	E	23   	.   0.12	4rqlB   72  G
ENSP00000470582	rs36060847	gGa	gAa	G	E	23   	.   0.12	4rrtA   72  G
ENSP00000470582	rs36060847	gGa	gAa	G	E	23   	.   0.12	4rrtB   72  G
ENSP00000470582	rs36060847	gGa	gAa	G	E	23   	.   0.12	4zv8A   72  G
ENSP00000470582	rs36060847	gGa	gAa	G	E	23   	.   0.12	5uapA   72  G
ENSP00000470582	rs36060847	gGa	gAa	G	E	23   	.   0.12	5uapB   71  G
ENSP00000470582	rs36060847	gGa	gAa	G	E	23   	.   0.12	5udaA   72  G
ENSP00000470582	rs36060847	gGa	gAa	G	E	23   	.   0.12	5udaB   72  G
ENSP00000470582	rs36060847	gGa	gAa	G	E	23   	.   0.12	5ufgA   71  G
ENSP00000470582	rs36060847	gGa	gAa	G	E	23   	.   0.12	5wbgA   72  G
ENSP00000470582	rs36060847	gGa	gAa	G	E	23   	.   0.12	5wbgB   73  G
ENSP00000470582	rs36060847	gGa	gAa	G	E	23   	.   0.12	5wbgC   73  G
ENSP00000470582	rs36060847	gGa	gAa	G	E	23   	.   0.12	5wbgD   73  G
ENSP00000470582	rs36060847	gGa	gAa	G	E	23   	.   0.12	5wbgE   72  G
ENSP00000470582	rs36060847	gGa	gAa	G	E	23   	.   0.12	5wbgF   73  G
ENSP00000470582	rs12721655	Aag	Gag	K	E	63   	.   0.03	3ibdA  112  K
ENSP00000470582	rs12721655	Aag	Gag	K	E	63   	.   0.03	3qu8C  109  K
ENSP00000470582	rs12721655	Aag	Gag	K	E	63   	.   0.03	3ua5A  112  K
ENSP00000470582	rs12721655	Aag	Gag	K	E	63   	.   0.03	3ua5B  111  K
ENSP00000470582	rs12721655	Aag	Gag	K	E	63   	.   0.03	4i91A  112  K
ENSP00000470582	rs12721655	Aag	Gag	K	E	63   	.   0.03	4rqlA  112  K
ENSP00000470582	rs12721655	Aag	Gag	K	E	63   	.   0.03	4rqlB  112  K
ENSP00000470582	rs12721655	Aag	Gag	K	E	63   	.   0.03	4rrtA  109  K
ENSP00000470582	rs12721655	Aag	Gag	K	E	63   	.   0.03	4rrtB  109  K
ENSP00000470582	rs12721655	Aag	Gag	K	E	63   	.   0.03	4zv8A  112  K
ENSP00000470582	rs12721655	Aag	Gag	K	E	63   	.   0.03	5uapA  112  K
ENSP00000470582	rs12721655	Aag	Gag	K	E	63   	.   0.03	5uapB  110  K
ENSP00000470582	rs12721655	Aag	Gag	K	E	63   	.   0.03	5udaB  108  K
ENSP00000470582	rs12721655	Aag	Gag	K	E	63   	.   0.03	5ufgA  111  K
ENSP00000470582	rs12721655	Aag	Gag	K	E	63   	.   0.03	5wbgA  112  K
ENSP00000470582	rs12721655	Aag	Gag	K	E	63   	.   0.03	5wbgB  113  K
ENSP00000470582	rs12721655	Aag	Gag	K	E	63   	.   0.03	5wbgC  113  K
ENSP00000470582	rs12721655	Aag	Gag	K	E	63   	.   0.03	5wbgD  113  K
ENSP00000470582	rs12721655	Aag	Gag	K	E	63   	.   0.03	5wbgE  112  K
ENSP00000470582	rs12721655	Aag	Gag	K	E	63   	.   0.03	5wbgF  113  K
ENSP00000470582	rs35773040	cGg	cAg	R	Q	64   	.   0.02	3ibdA  113  R
ENSP00000470582	rs35773040	cGg	cAg	R	Q	64   	.   0.02	3qoaA  108  R
ENSP00000470582	rs35773040	cGg	cAg	R	Q	64   	.   0.02	3qu8C  110  R
ENSP00000470582	rs35773040	cGg	cAg	R	Q	64   	.   0.02	3ua5A  113  R
ENSP00000470582	rs35773040	cGg	cAg	R	Q	64   	.   0.02	3ua5B  112  R
ENSP00000470582	rs35773040	cGg	cAg	R	Q	64   	.   0.02	4i91A  113  R
ENSP00000470582	rs35773040	cGg	cAg	R	Q	64   	.   0.02	4rqlA  113  R
ENSP00000470582	rs35773040	cGg	cAg	R	Q	64   	.   0.02	4rqlB  113  R
ENSP00000470582	rs35773040	cGg	cAg	R	Q	64   	.   0.02	4rrtA  110  R
ENSP00000470582	rs35773040	cGg	cAg	R	Q	64   	.   0.02	4rrtB  110  R
ENSP00000470582	rs35773040	cGg	cAg	R	Q	64   	.   0.02	4zv8A  113  R
ENSP00000470582	rs35773040	cGg	cAg	R	Q	64   	.   0.02	5uapA  113  R
ENSP00000470582	rs35773040	cGg	cAg	R	Q	64   	.   0.02	5uapB  111  R
ENSP00000470582	rs35773040	cGg	cAg	R	Q	64   	.   0.02	5udaA  110  R
ENSP00000470582	rs35773040	cGg	cAg	R	Q	64   	.   0.02	5udaB  109  R
ENSP00000470582	rs35773040	cGg	cAg	R	Q	64   	.   0.02	5ufgA  112  R
ENSP00000470582	rs35773040	cGg	cAg	R	Q	64   	.   0.02	5wbgA  113  R
ENSP00000470582	rs35773040	cGg	cAg	R	Q	64   	.   0.02	5wbgB  114  R
ENSP00000470582	rs35773040	cGg	cAg	R	Q	64   	.   0.02	5wbgC  114  R
ENSP00000470582	rs35773040	cGg	cAg	R	Q	64   	.   0.02	5wbgD  114  R
ENSP00000470582	rs35773040	cGg	cAg	R	Q	64   	.   0.02	5wbgE  113  R
ENSP00000470582	rs35773040	cGg	cAg	R	Q	64   	.   0.02	5wbgF  114  R
ENSP00000470582	rs35773040	cGg	cCg	R	P	64   	.   0.02	3ibdA  113  R
ENSP00000470582	rs35773040	cGg	cCg	R	P	64   	.   0.02	3qoaA  108  R
ENSP00000470582	rs35773040	cGg	cCg	R	P	64   	.   0.02	3qu8C  110  R
ENSP00000470582	rs35773040	cGg	cCg	R	P	64   	.   0.02	3ua5A  113  R
ENSP00000470582	rs35773040	cGg	cCg	R	P	64   	.   0.02	3ua5B  112  R
ENSP00000470582	rs35773040	cGg	cCg	R	P	64   	.   0.02	4i91A  113  R
ENSP00000470582	rs35773040	cGg	cCg	R	P	64   	.   0.02	4rqlA  113  R
ENSP00000470582	rs35773040	cGg	cCg	R	P	64   	.   0.02	4rqlB  113  R
ENSP00000470582	rs35773040	cGg	cCg	R	P	64   	.   0.02	4rrtA  110  R
ENSP00000470582	rs35773040	cGg	cCg	R	P	64   	.   0.02	4rrtB  110  R
ENSP00000470582	rs35773040	cGg	cCg	R	P	64   	.   0.02	4zv8A  113  R
ENSP00000470582	rs35773040	cGg	cCg	R	P	64   	.   0.02	5uapA  113  R
ENSP00000470582	rs35773040	cGg	cCg	R	P	64   	.   0.02	5uapB  111  R
ENSP00000470582	rs35773040	cGg	cCg	R	P	64   	.   0.02	5udaA  110  R
ENSP00000470582	rs35773040	cGg	cCg	R	P	64   	.   0.02	5udaB  109  R
ENSP00000470582	rs35773040	cGg	cCg	R	P	64   	.   0.02	5ufgA  112  R
ENSP00000470582	rs35773040	cGg	cCg	R	P	64   	.   0.02	5wbgA  113  R
ENSP00000470582	rs35773040	cGg	cCg	R	P	64   	.   0.02	5wbgB  114  R
ENSP00000470582	rs35773040	cGg	cCg	R	P	64   	.   0.02	5wbgC  114  R
ENSP00000470582	rs35773040	cGg	cCg	R	P	64   	.   0.02	5wbgD  114  R
ENSP00000470582	rs35773040	cGg	cCg	R	P	64   	.   0.02	5wbgE  113  R
ENSP00000470582	rs35773040	cGg	cCg	R	P	64   	.   0.02	5wbgF  114  R
ENSP00000470582	rs28399499	aTt	aCt	I	T	92   	.   0.04	3ibdA  301  I
ENSP00000470582	rs28399499	aTt	aCt	I	T	92   	.   0.04	3qoaA  296  I
ENSP00000470582	rs28399499	aTt	aCt	I	T	92   	.   0.04	3qu8A  298  I
ENSP00000470582	rs28399499	aTt	aCt	I	T	92   	.   0.04	3qu8B  295  I
ENSP00000470582	rs28399499	aTt	aCt	I	T	92   	.   0.04	3qu8C  298  I
ENSP00000470582	rs28399499	aTt	aCt	I	T	92   	.   0.04	3qu8D  295  I
ENSP00000470582	rs28399499	aTt	aCt	I	T	92   	.   0.04	3qu8E  295  I
ENSP00000470582	rs28399499	aTt	aCt	I	T	92   	.   0.04	3qu8F  295  I
ENSP00000470582	rs28399499	aTt	aCt	I	T	92   	.   0.04	3ua5A  301  I
ENSP00000470582	rs28399499	aTt	aCt	I	T	92   	.   0.04	3ua5B  298  I
ENSP00000470582	rs28399499	aTt	aCt	I	T	92   	.   0.04	4i91A  301  I
ENSP00000470582	rs28399499	aTt	aCt	I	T	92   	.   0.04	4rqlA  301  I
ENSP00000470582	rs28399499	aTt	aCt	I	T	92   	.   0.04	4rqlB  301  I
ENSP00000470582	rs28399499	aTt	aCt	I	T	92   	.   0.04	4rrtA  298  I
ENSP00000470582	rs28399499	aTt	aCt	I	T	92   	.   0.04	4rrtB  298  I
ENSP00000470582	rs28399499	aTt	aCt	I	T	92   	.   0.04	4zv8A  301  I
ENSP00000470582	rs28399499	aTt	aCt	I	T	92   	.   0.04	5uapA  301  I
ENSP00000470582	rs28399499	aTt	aCt	I	T	92   	.   0.04	5uapB  299  I
ENSP00000470582	rs28399499	aTt	aCt	I	T	92   	.   0.04	5udaA  298  I
ENSP00000470582	rs28399499	aTt	aCt	I	T	92   	.   0.04	5udaB  297  I
ENSP00000470582	rs28399499	aTt	aCt	I	T	92   	.   0.04	5ufgA  300  I
ENSP00000470582	rs28399499	aTt	aCt	I	T	92   	.   0.04	5wbgA  300  I
ENSP00000470582	rs28399499	aTt	aCt	I	T	92   	.   0.04	5wbgB  301  I
ENSP00000470582	rs28399499	aTt	aCt	I	T	92   	.   0.04	5wbgC  301  I
ENSP00000470582	rs28399499	aTt	aCt	I	T	92   	.   0.04	5wbgD  301  I
ENSP00000470582	rs28399499	aTt	aCt	I	T	92   	.   0.04	5wbgE  300  I
ENSP00000470582	rs28399499	aTt	aCt	I	T	92   	.   0.04	5wbgF  301  I
ENSP00000470582	rs34826503	Cgc	Tgc	R	C	100  	.   0.05	3ibdA  309  R
ENSP00000470582	rs34826503	Cgc	Tgc	R	C	100  	.   0.05	3qoaA  304  R
ENSP00000470582	rs34826503	Cgc	Tgc	R	C	100  	.   0.05	3qu8A  306  R
ENSP00000470582	rs34826503	Cgc	Tgc	R	C	100  	.   0.05	3qu8B  303  R
ENSP00000470582	rs34826503	Cgc	Tgc	R	C	100  	.   0.05	3qu8C  306  R
ENSP00000470582	rs34826503	Cgc	Tgc	R	C	100  	.   0.05	3qu8D  303  R
ENSP00000470582	rs34826503	Cgc	Tgc	R	C	100  	.   0.05	3qu8E  303  R
ENSP00000470582	rs34826503	Cgc	Tgc	R	C	100  	.   0.05	3qu8F  303  R
ENSP00000470582	rs34826503	Cgc	Tgc	R	C	100  	.   0.05	3ua5A  309  R
ENSP00000470582	rs34826503	Cgc	Tgc	R	C	100  	.   0.05	3ua5B  306  R
ENSP00000470582	rs34826503	Cgc	Tgc	R	C	100  	.   0.05	4i91A  309  R
ENSP00000470582	rs34826503	Cgc	Tgc	R	C	100  	.   0.05	4rqlA  309  R
ENSP00000470582	rs34826503	Cgc	Tgc	R	C	100  	.   0.05	4rqlB  309  R
ENSP00000470582	rs34826503	Cgc	Tgc	R	C	100  	.   0.05	4rrtA  306  R
ENSP00000470582	rs34826503	Cgc	Tgc	R	C	100  	.   0.05	4rrtB  306  R
ENSP00000470582	rs34826503	Cgc	Tgc	R	C	100  	.   0.05	4zv8A  309  R
ENSP00000470582	rs34826503	Cgc	Tgc	R	C	100  	.   0.05	5uapA  309  R
ENSP00000470582	rs34826503	Cgc	Tgc	R	C	100  	.   0.05	5uapB  307  R
ENSP00000470582	rs34826503	Cgc	Tgc	R	C	100  	.   0.05	5udaA  306  R
ENSP00000470582	rs34826503	Cgc	Tgc	R	C	100  	.   0.05	5udaB  305  R
ENSP00000470582	rs34826503	Cgc	Tgc	R	C	100  	.   0.05	5ufgA  308  R
ENSP00000470582	rs34826503	Cgc	Tgc	R	C	100  	.   0.05	5wbgA  308  R
ENSP00000470582	rs34826503	Cgc	Tgc	R	C	100  	.   0.05	5wbgB  309  R
ENSP00000470582	rs34826503	Cgc	Tgc	R	C	100  	.   0.05	5wbgC  309  R
ENSP00000470582	rs34826503	Cgc	Tgc	R	C	100  	.   0.05	5wbgD  309  R
ENSP00000470582	rs34826503	Cgc	Tgc	R	C	100  	.   0.05	5wbgE  308  R
ENSP00000470582	rs34826503	Cgc	Tgc	R	C	100  	.   0.05	5wbgF  309  R
ENSP00000470582	rs78511393	aTg	aGg	M	R	129  	.   0.01	3ibdA  338  M
ENSP00000470582	rs78511393	aTg	aGg	M	R	129  	.   0.01	3qoaA  333  M
ENSP00000470582	rs78511393	aTg	aGg	M	R	129  	.   0.01	3qu8A  335  M
ENSP00000470582	rs78511393	aTg	aGg	M	R	129  	.   0.01	3qu8B  332  M
ENSP00000470582	rs78511393	aTg	aGg	M	R	129  	.   0.01	3qu8C  335  M
ENSP00000470582	rs78511393	aTg	aGg	M	R	129  	.   0.01	3qu8D  332  M
ENSP00000470582	rs78511393	aTg	aGg	M	R	129  	.   0.01	3qu8E  332  M
ENSP00000470582	rs78511393	aTg	aGg	M	R	129  	.   0.01	3qu8F  332  M
ENSP00000470582	rs78511393	aTg	aGg	M	R	129  	.   0.01	3ua5A  338  M
ENSP00000470582	rs78511393	aTg	aGg	M	R	129  	.   0.01	3ua5B  335  M
ENSP00000470582	rs78511393	aTg	aGg	M	R	129  	.   0.01	4i91A  338  M
ENSP00000470582	rs78511393	aTg	aGg	M	R	129  	.   0.01	4rqlA  338  M
ENSP00000470582	rs78511393	aTg	aGg	M	R	129  	.   0.01	4rqlB  338  M
ENSP00000470582	rs78511393	aTg	aGg	M	R	129  	.   0.01	4rrtA  335  M
ENSP00000470582	rs78511393	aTg	aGg	M	R	129  	.   0.01	4rrtB  335  M
ENSP00000470582	rs78511393	aTg	aGg	M	R	129  	.   0.01	4zv8A  338  M
ENSP00000470582	rs78511393	aTg	aGg	M	R	129  	.   0.01	5uapA  338  M
ENSP00000470582	rs78511393	aTg	aGg	M	R	129  	.   0.01	5uapB  336  M
ENSP00000470582	rs78511393	aTg	aGg	M	R	129  	.   0.01	5udaA  335  M
ENSP00000470582	rs78511393	aTg	aGg	M	R	129  	.   0.01	5udaB  334  M
ENSP00000470582	rs78511393	aTg	aGg	M	R	129  	.   0.01	5ufgA  337  M
ENSP00000470582	rs78511393	aTg	aGg	M	R	129  	.   0.01	5wbgA  337  M
ENSP00000470582	rs78511393	aTg	aGg	M	R	129  	.   0.01	5wbgB  338  M
ENSP00000470582	rs78511393	aTg	aGg	M	R	129  	.   0.01	5wbgC  338  M
ENSP00000470582	rs78511393	aTg	aGg	M	R	129  	.   0.01	5wbgD  338  M
ENSP00000470582	rs78511393	aTg	aGg	M	R	129  	.   0.01	5wbgE  337  M
ENSP00000470582	rs78511393	aTg	aGg	M	R	129  	.   0.01	5wbgF  338  M
ENSP00000470582	rs35010098	Ccc	Acc	P	T	192  	.   0.01	3ibdA  401  P
ENSP00000470582	rs35010098	Ccc	Acc	P	T	192  	.   0.01	3qoaA  396  P
ENSP00000470582	rs35010098	Ccc	Acc	P	T	192  	.   0.01	3qu8A  398  P
ENSP00000470582	rs35010098	Ccc	Acc	P	T	192  	.   0.01	3qu8B  395  P
ENSP00000470582	rs35010098	Ccc	Acc	P	T	192  	.   0.01	3qu8C  398  P
ENSP00000470582	rs35010098	Ccc	Acc	P	T	192  	.   0.01	3qu8D  395  P
ENSP00000470582	rs35010098	Ccc	Acc	P	T	192  	.   0.01	3qu8E  395  P
ENSP00000470582	rs35010098	Ccc	Acc	P	T	192  	.   0.01	3qu8F  395  P
ENSP00000470582	rs35010098	Ccc	Acc	P	T	192  	.   0.01	3ua5A  401  P
ENSP00000470582	rs35010098	Ccc	Acc	P	T	192  	.   0.01	3ua5B  398  P
ENSP00000470582	rs35010098	Ccc	Acc	P	T	192  	.   0.01	4i91A  401  P
ENSP00000470582	rs35010098	Ccc	Acc	P	T	192  	.   0.01	4rqlA  401  P
ENSP00000470582	rs35010098	Ccc	Acc	P	T	192  	.   0.01	4rqlB  401  P
ENSP00000470582	rs35010098	Ccc	Acc	P	T	192  	.   0.01	4rrtA  398  P
ENSP00000470582	rs35010098	Ccc	Acc	P	T	192  	.   0.01	4rrtB  398  P
ENSP00000470582	rs35010098	Ccc	Acc	P	T	192  	.   0.01	4zv8A  401  P
ENSP00000470582	rs35010098	Ccc	Acc	P	T	192  	.   0.01	5uapA  401  P
ENSP00000470582	rs35010098	Ccc	Acc	P	T	192  	.   0.01	5uapB  399  P
ENSP00000470582	rs35010098	Ccc	Acc	P	T	192  	.   0.01	5udaA  398  P
ENSP00000470582	rs35010098	Ccc	Acc	P	T	192  	.   0.01	5udaB  397  P
ENSP00000470582	rs35010098	Ccc	Acc	P	T	192  	.   0.01	5ufgA  400  P
ENSP00000470582	rs35010098	Ccc	Acc	P	T	192  	.   0.01	5wbgA  400  P
ENSP00000470582	rs35010098	Ccc	Acc	P	T	192  	.   0.01	5wbgB  401  P
ENSP00000470582	rs35010098	Ccc	Acc	P	T	192  	.   0.01	5wbgC  401  P
ENSP00000470582	rs35010098	Ccc	Acc	P	T	192  	.   0.01	5wbgD  401  P
ENSP00000470582	rs35010098	Ccc	Acc	P	T	192  	.   0.01	5wbgE  400  P
ENSP00000470582	rs35010098	Ccc	Acc	P	T	192  	.   0.01	5wbgF  401  P
ENSP00000470609	     rs561	ccC	ccT	P	P	100  	.   0.04	5gupM   81  P
ENSP00000470609	     rs561	ccC	ccT	P	P	100  	.   0.04	5lnkV   82  P
ENSP00000470609	     rs561	ccC	ccT	P	P	100  	.   0.04	5xtbH   82  P
ENSP00000470609	     rs561	ccC	ccT	P	P	100  	.   0.04	5xtdH   82  P
ENSP00000470609	     rs561	ccC	ccT	P	P	100  	.   0.04	5xthH   82  P
ENSP00000470609	     rs561	ccC	ccT	P	P	100  	.   0.04	5xtiH   82  P
ENSP00000470609	     rs561	ccC	ccA	P	P	100  	.   0.04	5gupM   81  P
ENSP00000470609	     rs561	ccC	ccA	P	P	100  	.   0.04	5lnkV   82  P
ENSP00000470609	     rs561	ccC	ccA	P	P	100  	.   0.04	5xtbH   82  P
ENSP00000470609	     rs561	ccC	ccA	P	P	100  	.   0.04	5xtdH   82  P
ENSP00000470609	     rs561	ccC	ccA	P	P	100  	.   0.04	5xthH   82  P
ENSP00000470609	     rs561	ccC	ccA	P	P	100  	.   0.04	5xtiH   82  P
ENSP00000470659	 rs1064351	taC	taT	Y	Y	89   	.   0.01	1ddvA   81  Y
ENSP00000470659	 rs1064351	taC	taT	Y	Y	89   	.   0.01	1ddwA   84  Y
ENSP00000470659	 rs1064351	taC	taT	Y	Y	89   	.   0.01	1i7aA   78  F
ENSP00000470659	 rs1064351	taC	taT	Y	Y	89   	.   0.01	1i7aB   78  F
ENSP00000470659	 rs1064351	taC	taT	Y	Y	89   	.   0.01	1i7aC   78  F
ENSP00000470659	 rs1064351	taC	taT	Y	Y	89   	.   0.01	1i7aD   78  F
ENSP00000470659	 rs1064351	taC	taT	Y	Y	89   	.   0.01	2p8vA   88  Y
ENSP00000470715	 rs2288509	atC	atT	I	I	24   	*   0.83	1shzB    9  I
ENSP00000470715	 rs2288509	atC	atT	I	I	24   	*   0.83	1shzD    8  I
ENSP00000470715	 rs2288509	atC	atT	I	I	24   	*   0.83	3ab3B    3  I
ENSP00000470772	 rs3746248	gaG	gaA	E	E	129  	.   0.44	5lf5A  135  E
ENSP00000470772	 rs3746248	gaG	gaA	E	E	129  	.   0.44	5lfrA  133  E
ENSP00000470772	 rs3746248	gaG	gaA	E	E	129  	.   0.44	5lfrB  135  E
ENSP00000470772	 rs3746248	gaG	gaA	E	E	129  	.   0.44	5lfuA  135  E
ENSP00000470772	 rs3746248	gaG	gaA	E	E	129  	.   0.44	5lfvA  132  E
ENSP00000470772	 rs3746248	gaG	gaA	E	E	129  	.   0.44	5lfvB  136  E
ENSP00000470927	 rs2229146	agT	agC	S	S	681  	.   0.07	3rqrA  113  G
ENSP00000470927	 rs2229146	agT	agC	S	S	681  	.   0.07	4ertA  107  G
ENSP00000470927	 rs2229146	agT	agC	S	S	681  	.   0.07	4esuA  108  G
ENSP00000470927	 rs2229146	agT	agC	S	S	681  	.   0.07	4ettA  107  G
ENSP00000470927	 rs2229146	agT	agC	S	S	681  	.   0.07	4etuA  108  G
ENSP00000470962	     rs561	ccC	ccT	P	P	100  	.   0.04	5gupM   81  P
ENSP00000470962	     rs561	ccC	ccT	P	P	100  	.   0.04	5lnkV   82  P
ENSP00000470962	     rs561	ccC	ccT	P	P	100  	.   0.04	5xtbH   82  P
ENSP00000470962	     rs561	ccC	ccT	P	P	100  	.   0.04	5xtdH   82  P
ENSP00000470962	     rs561	ccC	ccT	P	P	100  	.   0.04	5xthH   82  P
ENSP00000470962	     rs561	ccC	ccT	P	P	100  	.   0.04	5xtiH   82  P
ENSP00000470962	     rs561	ccC	ccA	P	P	100  	.   0.04	5gupM   81  P
ENSP00000470962	     rs561	ccC	ccA	P	P	100  	.   0.04	5lnkV   82  P
ENSP00000470962	     rs561	ccC	ccA	P	P	100  	.   0.04	5xtbH   82  P
ENSP00000470962	     rs561	ccC	ccA	P	P	100  	.   0.04	5xtdH   82  P
ENSP00000470962	     rs561	ccC	ccA	P	P	100  	.   0.04	5xthH   82  P
ENSP00000470962	     rs561	ccC	ccA	P	P	100  	.   0.04	5xtiH   82  P
ENSP00000471002	rs36035938	gcC	gcT	A	A	175  	.   0.01	2nn6D  183  A
ENSP00000471002	rs36035938	gcC	gcT	A	A	175  	.   0.01	6d6qD  188  A
ENSP00000471002	rs36035938	gcC	gcT	A	A	175  	.   0.01	6d6rD  188  A
ENSP00000471002	rs36035938	gcC	gcT	A	A	175  	.   0.01	6h25D  189  A
ENSP00000471155	 rs2003783	Ctc	Atc	L	I	89   	.   0.01	2zchA  108  L
ENSP00000471155	 rs2003783	Ctc	Atc	L	I	89   	.   0.01	2zckA  108  L
ENSP00000471155	 rs2003783	Ctc	Atc	L	I	89   	.   0.01	2zclA  108  L
ENSP00000471155	 rs2003783	Ctc	Atc	L	I	89   	.   0.01	3qumA  108  L
ENSP00000471155	 rs2003783	Ctc	Atc	L	I	89   	.   0.01	3qumF  108  L
ENSP00000471155	 rs2003783	Ctc	Atc	L	I	89   	.   0.01	4nfeA   98  I
ENSP00000471155	 rs2003783	Ctc	Atc	L	I	89   	.   0.01	4nffA  100  I
ENSP00000471155	 rs2003783	Ctc	Ttc	L	F	89   	.   0.01	2zchA  108  L
ENSP00000471155	 rs2003783	Ctc	Ttc	L	F	89   	.   0.01	2zckA  108  L
ENSP00000471155	 rs2003783	Ctc	Ttc	L	F	89   	.   0.01	2zclA  108  L
ENSP00000471155	 rs2003783	Ctc	Ttc	L	F	89   	.   0.01	3qumA  108  L
ENSP00000471155	 rs2003783	Ctc	Ttc	L	F	89   	.   0.01	3qumF  108  L
ENSP00000471155	 rs2003783	Ctc	Ttc	L	F	89   	.   0.01	4nfeA   98  I
ENSP00000471155	 rs2003783	Ctc	Ttc	L	F	89   	.   0.01	4nffA  100  I
ENSP00000471242	rs61730892	Cac	Aac	H	N	644  	.   0.03	4h6yA   95  H
ENSP00000471242	rs61730892	Cac	Aac	H	N	644  	.   0.03	4h6yB   95  H
ENSP00000471242	rs61730892	Cac	Tac	H	Y	644  	.   0.03	4h6yA   95  H
ENSP00000471242	rs61730892	Cac	Tac	H	Y	644  	.   0.03	4h6yB   95  H
ENSP00000471333	     rs561	ccC	ccT	P	P	50   	.   0.12	5gupM   81  P
ENSP00000471333	     rs561	ccC	ccT	P	P	50   	.   0.12	5lnkV   82  P
ENSP00000471333	     rs561	ccC	ccT	P	P	50   	.   0.12	5xtbH   82  P
ENSP00000471333	     rs561	ccC	ccT	P	P	50   	.   0.12	5xtdH   82  P
ENSP00000471333	     rs561	ccC	ccT	P	P	50   	.   0.12	5xthH   82  P
ENSP00000471333	     rs561	ccC	ccT	P	P	50   	.   0.12	5xtiH   82  P
ENSP00000471333	     rs561	ccC	ccA	P	P	50   	.   0.12	5gupM   81  P
ENSP00000471333	     rs561	ccC	ccA	P	P	50   	.   0.12	5lnkV   82  P
ENSP00000471333	     rs561	ccC	ccA	P	P	50   	.   0.12	5xtbH   82  P
ENSP00000471333	     rs561	ccC	ccA	P	P	50   	.   0.12	5xtdH   82  P
ENSP00000471333	     rs561	ccC	ccA	P	P	50   	.   0.12	5xthH   82  P
ENSP00000471333	     rs561	ccC	ccA	P	P	50   	.   0.12	5xtiH   82  P
ENSP00000471367	 rs7248508	gTt	gCt	V	A	1693 	*   0.79	5c5sA    4  V
ENSP00000471367	 rs7248508	gTt	gCt	V	A	1693 	*   0.79	5c5sC    1  V
ENSP00000471367	 rs8110964	tcA	tcG	S	S	1842 	.   0.33	5c5sA  153  S
ENSP00000471367	 rs8110964	tcA	tcG	S	S	1842 	.   0.33	5c5sB  148  S
ENSP00000471367	 rs8110964	tcA	tcG	S	S	1842 	.   0.33	5c5sC  150  S
ENSP00000471367	 rs8110964	tcA	tcG	S	S	1842 	.   0.33	5c5sD  146  S
ENSP00000471367	 rs8110964	tcA	tcG	S	S	1842 	.   0.33	5hpyA  139  S
ENSP00000471367	 rs8110964	tcA	tcG	S	S	1842 	.   0.33	5hpyC  136  S
ENSP00000471367	rs17535005	ccG	ccA	P	P	1863 	.   0.25	5c5sA  174  P
ENSP00000471367	rs17535005	ccG	ccA	P	P	1863 	.   0.25	5c5sD  167  P
ENSP00000471367	rs17535005	ccG	ccA	P	P	1863 	.   0.25	5hpyA  157  P
ENSP00000471367	rs17535005	ccG	ccA	P	P	1863 	.   0.25	5hpyC  155  P
ENSP00000471380	 rs3731003	aCa	aTa	T	I	613  	.   0.06	1x9nD  340  T
ENSP00000471457	 rs7248508	gTt	gCt	V	A	1693 	*   0.77	5c5sA    4  V
ENSP00000471457	 rs7248508	gTt	gCt	V	A	1693 	*   0.77	5c5sC    1  V
ENSP00000471457	 rs8110964	tcA	tcG	S	S	1842 	.   0.39	5c5sA  153  S
ENSP00000471457	 rs8110964	tcA	tcG	S	S	1842 	.   0.39	5c5sB  148  S
ENSP00000471457	 rs8110964	tcA	tcG	S	S	1842 	.   0.39	5c5sC  150  S
ENSP00000471457	 rs8110964	tcA	tcG	S	S	1842 	.   0.39	5c5sD  146  S
ENSP00000471457	 rs8110964	tcA	tcG	S	S	1842 	.   0.39	5hpyA  139  S
ENSP00000471457	 rs8110964	tcA	tcG	S	S	1842 	.   0.39	5hpyC  136  S
ENSP00000471457	rs17535005	ccG	ccA	P	P	1863 	.   0.29	5c5sA  174  P
ENSP00000471457	rs17535005	ccG	ccA	P	P	1863 	.   0.29	5c5sD  167  P
ENSP00000471457	rs17535005	ccG	ccA	P	P	1863 	.   0.29	5hpyA  157  P
ENSP00000471457	rs17535005	ccG	ccA	P	P	1863 	.   0.29	5hpyC  155  P
ENSP00000471560	 rs8101480	gaT	gaC	D	D	215  	.   0.01	4wn5A   50  D
ENSP00000471560	 rs8101480	gaT	gaC	D	D	215  	.   0.01	4wn5B   47  D
ENSP00000471610	 rs3745535	Tcc	Gcc	S	A	50   	.   0.01	5lpeB    1  S
ENSP00000471610	 rs3745535	Tcc	Gcc	S	A	50   	.   0.01	5lpfB    1  S
ENSP00000471610	 rs2075689	ctG	ctA	L	L	141  	.   0.03	5lpeA   75  L
ENSP00000471610	 rs2075689	ctG	ctA	L	L	141  	.   0.03	5lpeB   77  L
ENSP00000471610	 rs2075689	ctG	ctA	L	L	141  	.   0.03	5lpfA   74  L
ENSP00000471610	 rs2075689	ctG	ctA	L	L	141  	.   0.03	5lpfB   77  L
ENSP00000471805	    rs1594	ccA	ccG	P	P	324  	.   0.04	3h11A  152  P
ENSP00000471805	    rs1594	ccA	ccG	P	P	324  	.   0.04	3h13A  149  P
ENSP00000471827	 rs2003783	Ctc	Atc	L	I	127  	.   0.01	2zchA  109  T
ENSP00000471827	 rs2003783	Ctc	Atc	L	I	127  	.   0.01	2zckA  109  T
ENSP00000471827	 rs2003783	Ctc	Atc	L	I	127  	.   0.01	2zclA  109  T
ENSP00000471827	 rs2003783	Ctc	Atc	L	I	127  	.   0.01	3qumA  109  T
ENSP00000471827	 rs2003783	Ctc	Atc	L	I	127  	.   0.01	3qumF  109  T
ENSP00000471827	 rs2003783	Ctc	Atc	L	I	127  	.   0.01	4nfeA   99  T
ENSP00000471827	 rs2003783	Ctc	Ttc	L	F	127  	.   0.01	2zchA  109  T
ENSP00000471827	 rs2003783	Ctc	Ttc	L	F	127  	.   0.01	2zckA  109  T
ENSP00000471827	 rs2003783	Ctc	Ttc	L	F	127  	.   0.01	2zclA  109  T
ENSP00000471827	 rs2003783	Ctc	Ttc	L	F	127  	.   0.01	3qumA  109  T
ENSP00000471827	 rs2003783	Ctc	Ttc	L	F	127  	.   0.01	3qumF  109  T
ENSP00000471827	 rs2003783	Ctc	Ttc	L	F	127  	.   0.01	4nfeA   99  T
ENSP00000471835	 rs1064351	taC	taT	Y	Y	89   	.   0.15	2p8vA   88  Y
ENSP00000471836	 rs3731003	aCa	aTa	T	I	614  	.   0.06	1x9nD  340  T
ENSP00000471837	  rs352493	aGt	aAt	S	N	44   	.   0.01	3k35A   32  S
ENSP00000471837	  rs352493	aGt	aAt	S	N	44   	.   0.01	3k35B   32  S
ENSP00000471837	  rs352493	aGt	aAt	S	N	44   	.   0.01	3k35C   32  S
ENSP00000471837	  rs352493	aGt	aAt	S	N	44   	.   0.01	3k35D   31  S
ENSP00000471837	  rs352493	aGt	aAt	S	N	44   	.   0.01	3k35E   32  S
ENSP00000471837	  rs352493	aGt	aAt	S	N	44   	.   0.01	3k35F   33  S
ENSP00000471837	  rs352493	aGt	aAt	S	N	44   	.   0.01	3pkiA   34  S
ENSP00000471837	  rs352493	aGt	aAt	S	N	44   	.   0.01	3pkiB   33  S
ENSP00000471837	  rs352493	aGt	aAt	S	N	44   	.   0.01	3pkiC   33  S
ENSP00000471837	  rs352493	aGt	aAt	S	N	44   	.   0.01	3pkiD   32  S
ENSP00000471837	  rs352493	aGt	aAt	S	N	44   	.   0.01	3pkiE   33  S
ENSP00000471837	  rs352493	aGt	aAt	S	N	44   	.   0.01	3pkiF   32  S
ENSP00000471837	  rs352493	aGt	aAt	S	N	44   	.   0.01	3pkjA   34  S
ENSP00000471837	  rs352493	aGt	aAt	S	N	44   	.   0.01	3pkjB   34  S
ENSP00000471837	  rs352493	aGt	aAt	S	N	44   	.   0.01	3pkjC   33  S
ENSP00000471837	  rs352493	aGt	aAt	S	N	44   	.   0.01	3pkjD   31  S
ENSP00000471837	  rs352493	aGt	aAt	S	N	44   	.   0.01	3pkjE   34  S
ENSP00000471837	  rs352493	aGt	aAt	S	N	44   	.   0.01	3pkjF   34  S
ENSP00000471837	  rs352493	aGt	aAt	S	N	44   	.   0.01	3zg6A   44  S
ENSP00000471837	  rs352493	aGt	aAt	S	N	44   	.   0.01	5mf6A   37  S
ENSP00000471837	  rs352493	aGt	aAt	S	N	44   	.   0.01	5mf6B   32  S
ENSP00000471837	  rs352493	aGt	aAt	S	N	44   	.   0.01	5mfpA   37  S
ENSP00000471837	  rs352493	aGt	aAt	S	N	44   	.   0.01	5mfpB   32  S
ENSP00000471837	  rs352493	aGt	aAt	S	N	44   	.   0.01	5mfzA   37  S
ENSP00000471837	  rs352493	aGt	aAt	S	N	44   	.   0.01	5mfzB   32  S
ENSP00000471837	  rs352493	aGt	aAt	S	N	44   	.   0.01	5mgnA   37  S
ENSP00000471837	  rs352493	aGt	aAt	S	N	44   	.   0.01	5mgnB   32  S
ENSP00000471837	  rs352493	aGt	aAt	S	N	44   	.   0.01	5x16A   40  S
ENSP00000471914	  rs273269	agT	agC	S	S	637  	.   0.09	2y3aB  153  S
ENSP00000472123	 rs3752109	cGc	cAc	R	H	51   	.   0.02	2fi2A   17  H
ENSP00000472123	 rs3752109	cGc	cAc	R	H	51   	.   0.02	2fi2B   17  H
ENSP00000472213	 rs2003783	Ctc	Atc	L	I	113  	.   0.01	2zchA  108  L
ENSP00000472213	 rs2003783	Ctc	Atc	L	I	113  	.   0.01	2zckA  108  L
ENSP00000472213	 rs2003783	Ctc	Atc	L	I	113  	.   0.01	2zclA  108  L
ENSP00000472213	 rs2003783	Ctc	Atc	L	I	113  	.   0.01	3qumA  108  L
ENSP00000472213	 rs2003783	Ctc	Atc	L	I	113  	.   0.01	3qumF  108  L
ENSP00000472213	 rs2003783	Ctc	Ttc	L	F	113  	.   0.01	2zchA  108  L
ENSP00000472213	 rs2003783	Ctc	Ttc	L	F	113  	.   0.01	2zckA  108  L
ENSP00000472213	 rs2003783	Ctc	Ttc	L	F	113  	.   0.01	2zclA  108  L
ENSP00000472213	 rs2003783	Ctc	Ttc	L	F	113  	.   0.01	3qumA  108  L
ENSP00000472213	 rs2003783	Ctc	Ttc	L	F	113  	.   0.01	3qumF  108  L
ENSP00000472300	 rs3739206	gTc	gGc	V	G	478  	.   0.05	3zvlA  334  V
ENSP00000472300	 rs3739206	gTc	gGc	V	G	478  	.   0.05	3zvmA  335  V
ENSP00000472300	 rs3739206	gTc	gGc	V	G	478  	.   0.05	3zvmB  334  V
ENSP00000472300	 rs3739206	gTc	gGc	V	G	478  	.   0.05	3zvnA  331  V
ENSP00000472384	 rs2233156	ccC	ccT	P	P	57   	.   0.01	1hjdA   27  P
ENSP00000472384	 rs2233156	ccC	ccT	P	P	57   	.   0.01	1i1jA   33  P
ENSP00000472384	 rs2233156	ccC	ccT	P	P	57   	.   0.01	1i1jB   31  P
ENSP00000472384	 rs2233156	ccC	ccT	P	P	57   	.   0.01	1k0xA   34  P
ENSP00000472384	 rs2233156	ccC	ccT	P	P	57   	.   0.01	5ixbA   31  P
ENSP00000472384	 rs2233156	ccC	ccT	P	P	57   	.   0.01	5ixbB   31  P
ENSP00000472411	 rs2003783	Ctc	Atc	L	I	89   	.   0.01	2zchA  108  L
ENSP00000472411	 rs2003783	Ctc	Atc	L	I	89   	.   0.01	2zckA  108  L
ENSP00000472411	 rs2003783	Ctc	Atc	L	I	89   	.   0.01	2zclA  108  L
ENSP00000472411	 rs2003783	Ctc	Atc	L	I	89   	.   0.01	3qumA  108  L
ENSP00000472411	 rs2003783	Ctc	Atc	L	I	89   	.   0.01	3qumF  108  L
ENSP00000472411	 rs2003783	Ctc	Ttc	L	F	89   	.   0.01	2zchA  108  L
ENSP00000472411	 rs2003783	Ctc	Ttc	L	F	89   	.   0.01	2zckA  108  L
ENSP00000472411	 rs2003783	Ctc	Ttc	L	F	89   	.   0.01	2zclA  108  L
ENSP00000472411	 rs2003783	Ctc	Ttc	L	F	89   	.   0.01	3qumA  108  L
ENSP00000472411	 rs2003783	Ctc	Ttc	L	F	89   	.   0.01	3qumF  108  L
ENSP00000472454	 rs3752109	cGc	cAc	R	H	51   	.   0.01	2fi2A   17  H
ENSP00000472454	 rs3752109	cGc	cAc	R	H	51   	.   0.01	2fi2B   17  H
ENSP00000472510	rs76935412	Cat	Aat	H	N	103  	.   0.41	6cnmA  313  H
ENSP00000472510	rs76935412	Cat	Aat	H	N	103  	.   0.41	6cnmB  313  H
ENSP00000472510	rs76935412	Cat	Aat	H	N	103  	.   0.41	6cnmC  313  H
ENSP00000472510	rs76935412	Cat	Aat	H	N	103  	.   0.41	6cnmD  313  H
ENSP00000472510	rs76935412	Cat	Aat	H	N	103  	.   0.41	6cnnA  314  H
ENSP00000472510	rs76935412	Cat	Aat	H	N	103  	.   0.41	6cnnB  314  H
ENSP00000472510	rs76935412	Cat	Aat	H	N	103  	.   0.41	6cnnC  314  H
ENSP00000472510	rs76935412	Cat	Aat	H	N	103  	.   0.41	6cnnD  314  H
ENSP00000472510	rs76935412	Cat	Aat	H	N	103  	.   0.41	6cnoA  314  H
ENSP00000472510	rs76935412	Cat	Aat	H	N	103  	.   0.41	6cnoB  314  H
ENSP00000472510	rs76935412	Cat	Aat	H	N	103  	.   0.41	6cnoC  314  H
ENSP00000472510	rs76935412	Cat	Aat	H	N	103  	.   0.41	6cnoD  314  H
ENSP00000472543	 rs3745509	tcG	tcA	S	S	1777 	*   0.55	5i4eA  914  S
ENSP00000472543	 rs3745509	tcG	tcA	S	S	1777 	*   0.55	5jlhF  727  S
ENSP00000472543	 rs3745509	tcG	tcA	S	S	1777 	*   0.55	5jlhG  727  S
ENSP00000472551	 rs1044250	aCg	aTg	T	M	266  	.   0.03	6eubA   83  T
ENSP00000472746	rs139341223	gcC	gcT	A	A	85   	.   0.01	1ydeA   98  E
ENSP00000472746	rs139341223	gcC	gcT	A	A	85   	.   0.01	1ydeB   99  E
ENSP00000472746	rs139341223	gcC	gcT	A	A	85   	.   0.01	1ydeC   98  E
ENSP00000472746	rs139341223	gcC	gcT	A	A	85   	.   0.01	1ydeD   98  E
ENSP00000472746	rs139341223	gcC	gcT	A	A	85   	.   0.01	1ydeE   98  E
ENSP00000472746	rs139341223	gcC	gcT	A	A	85   	.   0.01	1ydeF   98  E
ENSP00000472746	rs139341223	gcC	gcT	A	A	85   	.   0.01	1ydeG   96  E
ENSP00000472746	rs139341223	gcC	gcT	A	A	85   	.   0.01	1ydeH   97  E
ENSP00000472746	rs139341223	gcC	gcT	A	A	85   	.   0.01	1ydeI   95  E
ENSP00000472746	rs139341223	gcC	gcT	A	A	85   	.   0.01	1ydeJ   98  E
ENSP00000472746	rs139341223	gcC	gcT	A	A	85   	.   0.01	1ydeK   98  E
ENSP00000472746	rs139341223	gcC	gcT	A	A	85   	.   0.01	1ydeL   98  E
ENSP00000472746	rs139341223	gcC	gcT	A	A	85   	.   0.01	1ydeM   92  E
ENSP00000472746	rs139341223	gcC	gcT	A	A	85   	.   0.01	1ydeN   92  E
ENSP00000472746	rs139341223	gcC	gcT	A	A	85   	.   0.01	1ydeO   95  E
ENSP00000472746	rs139341223	gcC	gcT	A	A	85   	.   0.01	1ydeP   96  E
ENSP00000472746	rs139341223	gcC	gcT	A	A	85   	.   0.01	5en4A   98  E
ENSP00000472746	rs139341223	gcC	gcT	A	A	85   	.   0.01	5hs6A   98  E
ENSP00000472746	rs139341223	gcC	gcT	A	A	85   	.   0.01	5icmA   97  E
ENSP00000472746	rs139341223	gcC	gcT	A	A	85   	.   0.01	5icsA  100  E
ENSP00000472746	rs139341223	gcC	gcT	A	A	85   	.   0.01	5icsB   98  E
ENSP00000472746	rs139341223	gcC	gcT	A	A	85   	.   0.01	5icsC   98  E
ENSP00000472746	rs139341223	gcC	gcT	A	A	85   	.   0.01	5icsD   98  E
ENSP00000472746	rs139341223	gcC	gcT	A	A	85   	.   0.01	5js6A   98  E
ENSP00000472746	rs139341223	gcC	gcT	A	A	85   	.   0.01	5jsfA   98  E
ENSP00000472746	rs139341223	gcC	gcT	A	A	85   	.   0.01	5l7tA   98  E
ENSP00000472746	rs139341223	gcC	gcT	A	A	85   	.   0.01	5l7wA   98  E
ENSP00000472746	rs139341223	gcC	gcT	A	A	85   	.   0.01	5l7yA   98  E
ENSP00000472746	rs139341223	gcC	gcT	A	A	85   	.   0.01	5o42A   98  E
ENSP00000472746	rs139341223	gcC	gcT	A	A	85   	.   0.01	5o43A   98  E
ENSP00000472746	rs139341223	gcC	gcT	A	A	85   	.   0.01	5o6oA   98  E
ENSP00000472746	rs139341223	gcC	gcT	A	A	85   	.   0.01	5o6xA   97  E
ENSP00000472746	rs139341223	gcC	gcT	A	A	85   	.   0.01	5o6zA   98  E
ENSP00000472746	rs139341223	gcC	gcT	A	A	85   	.   0.01	5o72A   97  E
ENSP00000472746	rs139341223	gcC	gcT	A	A	85   	.   0.01	5o7cA   98  E
ENSP00000472815	 rs1064351	taC	taT	Y	Y	89   	.   0.04	1ddvA   81  Y
ENSP00000472815	 rs1064351	taC	taT	Y	Y	89   	.   0.04	1ddwA   84  Y
ENSP00000472815	 rs1064351	taC	taT	Y	Y	89   	.   0.04	1i7aA   78  F
ENSP00000472815	 rs1064351	taC	taT	Y	Y	89   	.   0.04	1i7aB   78  F
ENSP00000472815	 rs1064351	taC	taT	Y	Y	89   	.   0.04	1i7aC   78  F
ENSP00000472815	 rs1064351	taC	taT	Y	Y	89   	.   0.04	1i7aD   78  F
ENSP00000472815	 rs1064351	taC	taT	Y	Y	89   	.   0.04	2p8vA   88  Y
ENSP00000472819	 rs3745509	tcG	tcA	S	S	1769 	*   0.55	5i4eA  914  S
ENSP00000472819	 rs3745509	tcG	tcA	S	S	1769 	*   0.55	5jlhF  727  S
ENSP00000472819	 rs3745509	tcG	tcA	S	S	1769 	*   0.55	5jlhG  727  S
ENSP00000472907	 rs2003783	Ctc	Atc	L	I	132  	.   0.01	2zchA  108  L
ENSP00000472907	 rs2003783	Ctc	Atc	L	I	132  	.   0.01	2zckA  108  L
ENSP00000472907	 rs2003783	Ctc	Atc	L	I	132  	.   0.01	2zclA  108  L
ENSP00000472907	 rs2003783	Ctc	Atc	L	I	132  	.   0.01	3qumA  108  L
ENSP00000472907	 rs2003783	Ctc	Atc	L	I	132  	.   0.01	3qumF  108  L
ENSP00000472907	 rs2003783	Ctc	Ttc	L	F	132  	.   0.01	2zchA  108  L
ENSP00000472907	 rs2003783	Ctc	Ttc	L	F	132  	.   0.01	2zckA  108  L
ENSP00000472907	 rs2003783	Ctc	Ttc	L	F	132  	.   0.01	2zclA  108  L
ENSP00000472907	 rs2003783	Ctc	Ttc	L	F	132  	.   0.01	3qumA  108  L
ENSP00000472907	 rs2003783	Ctc	Ttc	L	F	132  	.   0.01	3qumF  108  L
ENSP00000472915	 rs7248508	gTt	gCt	V	A	1693 	*   0.78	5c5sA    4  V
ENSP00000472915	 rs7248508	gTt	gCt	V	A	1693 	*   0.78	5c5sC    1  V
