ENSP00000476642	 rs1048771	gcC	gcT	A	A	304  	.   0.06	1z3iA  631  V
ENSP00000476713	 rs2229540	aAt	aGt	N	S	52   	.   0.01	1hqtA   51  N
ENSP00000476713	 rs2229540	aAt	aGt	N	S	52   	.   0.01	2alrA   51  N
ENSP00000476713	 rs2229540	aAt	aGt	N	S	52   	.   0.01	3cv7A   52  N
ENSP00000476713	 rs2229540	aAt	aGt	N	S	52   	.   0.01	3fx4A   52  N
ENSP00000476713	 rs2229540	aAt	aGt	N	S	52   	.   0.01	3h4gA   52  N
ENSP00000476713	 rs2229540	aAt	aGt	N	S	52   	.   0.01	4gacA   51  N
ENSP00000476713	 rs2229540	aAt	aGt	N	S	52   	.   0.01	4gacB   50  N
ENSP00000476718	 rs6025601	gaT	gaC	D	D	119  	.   0.04	5k5hA   41  D
ENSP00000476718	 rs6025601	gaT	gaC	D	D	119  	.   0.04	5kkqA   74  D
ENSP00000476718	 rs6025601	gaT	gaC	D	D	119  	.   0.04	5kkqD   70  D
ENSP00000476718	 rs6025601	gaT	gaC	D	D	119  	.   0.04	5t00A   71  D
ENSP00000476718	 rs6025601	gaT	gaC	D	D	119  	.   0.04	5t00D   69  D
ENSP00000476718	 rs6025601	gaT	gaC	D	D	119  	.   0.04	5t0uA   98  D
ENSP00000476718	 rs6025601	gaT	gaC	D	D	119  	.   0.04	5t0uD   97  D
ENSP00000476718	 rs6025601	gaT	gaC	D	D	119  	.   0.04	5undA   43  D
ENSP00000476718	 rs6025601	gaT	gaC	D	D	119  	.   0.04	5undD   43  D
ENSP00000476718	 rs6025601	gaT	gaC	D	D	119  	.   0.04	5yefA   70  D
ENSP00000476718	 rs6025601	gaT	gaC	D	D	119  	.   0.04	5yefD   68  D
ENSP00000476718	 rs6025601	gaT	gaC	D	D	119  	.   0.04	5yefG   70  D
ENSP00000476718	 rs6025601	gaT	gaC	D	D	119  	.   0.04	5yefJ   68  D
ENSP00000476718	 rs6025601	gaT	gaC	D	D	119  	.   0.04	5yegA   41  D
ENSP00000476718	 rs6025601	gaT	gaC	D	D	119  	.   0.04	5yegB   42  D
ENSP00000476718	 rs6025601	gaT	gaC	D	D	119  	.   0.04	5yehA   42  D
ENSP00000476718	 rs6025601	gaT	gaC	D	D	119  	.   0.04	5yehD   42  D
ENSP00000476783	 rs6025601	gaT	gaC	D	D	381  	.   0.09	5k5hA   41  D
ENSP00000476783	 rs6025601	gaT	gaC	D	D	381  	.   0.09	5kkqA   74  D
ENSP00000476783	 rs6025601	gaT	gaC	D	D	381  	.   0.09	5kkqD   70  D
ENSP00000476783	 rs6025601	gaT	gaC	D	D	381  	.   0.09	5t00A   71  D
ENSP00000476783	 rs6025601	gaT	gaC	D	D	381  	.   0.09	5t00D   69  D
ENSP00000476783	 rs6025601	gaT	gaC	D	D	381  	.   0.09	5t0uA   98  D
ENSP00000476783	 rs6025601	gaT	gaC	D	D	381  	.   0.09	5t0uD   97  D
ENSP00000476783	 rs6025601	gaT	gaC	D	D	381  	.   0.09	5undA   43  D
ENSP00000476783	 rs6025601	gaT	gaC	D	D	381  	.   0.09	5undD   43  D
ENSP00000476783	 rs6025601	gaT	gaC	D	D	381  	.   0.09	5yefA   70  D
ENSP00000476783	 rs6025601	gaT	gaC	D	D	381  	.   0.09	5yefD   68  D
ENSP00000476783	 rs6025601	gaT	gaC	D	D	381  	.   0.09	5yefG   70  D
ENSP00000476783	 rs6025601	gaT	gaC	D	D	381  	.   0.09	5yefJ   68  D
ENSP00000476783	 rs6025601	gaT	gaC	D	D	381  	.   0.09	5yegA   41  D
ENSP00000476783	 rs6025601	gaT	gaC	D	D	381  	.   0.09	5yegB   42  D
ENSP00000476783	 rs6025601	gaT	gaC	D	D	381  	.   0.09	5yehA   42  D
ENSP00000476783	 rs6025601	gaT	gaC	D	D	381  	.   0.09	5yehD   42  D
ENSP00000476978	 rs2229540	aAt	aGt	N	S	52   	.   0.01	1hqtA   51  N
ENSP00000476978	 rs2229540	aAt	aGt	N	S	52   	.   0.01	2alrA   51  N
ENSP00000476978	 rs2229540	aAt	aGt	N	S	52   	.   0.01	3cv7A   52  N
ENSP00000476978	 rs2229540	aAt	aGt	N	S	52   	.   0.01	3fx4A   52  N
ENSP00000476978	 rs2229540	aAt	aGt	N	S	52   	.   0.01	3h4gA   52  N
ENSP00000476978	 rs2229540	aAt	aGt	N	S	52   	.   0.01	4gacA   51  N
ENSP00000476978	 rs2229540	aAt	aGt	N	S	52   	.   0.01	4gacB   50  N
ENSP00000477013	 rs6151425	gaC	gaG	D	E	6    	.   0.11	1aukA  363  E
ENSP00000477013	 rs6151425	gaC	gaG	D	E	6    	.   0.11	1e1zA  364  E
ENSP00000477013	 rs6151425	gaC	gaG	D	E	6    	.   0.11	1e2sA  364  E
ENSP00000477013	 rs6151425	gaC	gaG	D	E	6    	.   0.11	1e33A  363  E
ENSP00000477013	 rs6151425	gaC	gaG	D	E	6    	.   0.11	1e3cA  364  E
ENSP00000477013	 rs6151425	gaC	gaG	D	E	6    	.   0.11	1n2kA  363  E
ENSP00000477013	 rs6151425	gaC	gaG	D	E	6    	.   0.11	1n2lA  363  E
ENSP00000477013	 rs6151425	gaC	gaA	D	E	6    	.   0.11	1aukA  363  E
ENSP00000477013	 rs6151425	gaC	gaA	D	E	6    	.   0.11	1e1zA  364  E
ENSP00000477013	 rs6151425	gaC	gaA	D	E	6    	.   0.11	1e2sA  364  E
ENSP00000477013	 rs6151425	gaC	gaA	D	E	6    	.   0.11	1e33A  363  E
ENSP00000477013	 rs6151425	gaC	gaA	D	E	6    	.   0.11	1e3cA  364  E
ENSP00000477013	 rs6151425	gaC	gaA	D	E	6    	.   0.11	1n2kA  363  E
ENSP00000477013	 rs6151425	gaC	gaA	D	E	6    	.   0.11	1n2lA  363  E
ENSP00000477013	 rs6151425	gaC	gaT	D	D	6    	.   0.11	1aukA  363  E
ENSP00000477013	 rs6151425	gaC	gaT	D	D	6    	.   0.11	1e1zA  364  E
ENSP00000477013	 rs6151425	gaC	gaT	D	D	6    	.   0.11	1e2sA  364  E
ENSP00000477013	 rs6151425	gaC	gaT	D	D	6    	.   0.11	1e33A  363  E
ENSP00000477013	 rs6151425	gaC	gaT	D	D	6    	.   0.11	1e3cA  364  E
ENSP00000477013	 rs6151425	gaC	gaT	D	D	6    	.   0.11	1n2kA  363  E
ENSP00000477013	 rs6151425	gaC	gaT	D	D	6    	.   0.11	1n2lA  363  E
ENSP00000477140	 rs1228187	caA	caG	Q	Q	289  	.   0.03	1hlgA  292  Q
ENSP00000477140	 rs1228187	caA	caG	Q	Q	289  	.   0.03	1hlgB  292  Q
ENSP00000477140	 rs1228187	caA	caG	Q	Q	289  	.   0.03	1k8qA  303  M
ENSP00000477140	 rs1228187	caA	caG	Q	Q	289  	.   0.03	1k8qB  303  M
ENSP00000477437	 rs2070995	ccA	ccG	P	P	165  	.   0.01	3syaA  113  P
ENSP00000477437	 rs2070995	ccA	ccG	P	P	165  	.   0.01	3sycA   95  P
ENSP00000477437	 rs2070995	ccA	ccG	P	P	165  	.   0.01	3syoA   95  P
ENSP00000477437	 rs2070995	ccA	ccG	P	P	165  	.   0.01	3sypA   91  P
ENSP00000477437	 rs2070995	ccA	ccG	P	P	165  	.   0.01	3syqA   86  P
ENSP00000477437	 rs2070995	ccA	ccG	P	P	165  	.   0.01	3syqB   82  P
ENSP00000477437	 rs2070995	ccA	ccG	P	P	165  	.   0.01	4kfmA  113  P
ENSP00000477455	 rs1805482	agC	agT	S	S	555  	.   0.28	4pe5B  498  S
ENSP00000477455	 rs1805482	agC	agT	S	S	555  	.   0.28	4pe5D  497  S
ENSP00000477455	 rs1805482	agC	agT	S	S	555  	.   0.28	4tllB  502  S
ENSP00000477455	 rs1805482	agC	agT	S	S	555  	.   0.28	4tllD  501  S
ENSP00000477455	 rs1805482	agC	agT	S	S	555  	.   0.28	4tlmB  501  S
ENSP00000477455	 rs1805482	agC	agT	S	S	555  	.   0.28	4tlmD  489  S
ENSP00000477455	 rs1805482	agC	agT	S	S	555  	.   0.28	5fxiB  502  S
ENSP00000477455	 rs1805482	agC	agT	S	S	555  	.   0.28	5fxiD  501  S
ENSP00000477455	 rs1805482	agC	agT	S	S	555  	.   0.28	5fxjB  500  S
ENSP00000477455	 rs1805482	agC	agT	S	S	555  	.   0.28	5fxjD  501  S
ENSP00000477455	 rs1805482	agC	agT	S	S	555  	.   0.28	5fxkB  498  S
ENSP00000477455	 rs1805482	agC	agT	S	S	555  	.   0.28	5fxkD  497  S
ENSP00000477455	 rs1805482	agC	agT	S	S	555  	.   0.28	5iouC  520  S
ENSP00000477455	 rs1805482	agC	agT	S	S	555  	.   0.28	5iouD  520  S
ENSP00000477455	 rs1805482	agC	agT	S	S	555  	.   0.28	5iovC  521  S
ENSP00000477455	 rs1805482	agC	agT	S	S	555  	.   0.28	5iovD  520  S
ENSP00000477455	 rs1805482	agC	agT	S	S	555  	.   0.28	5un1C  134  S
ENSP00000477455	 rs1805482	agC	agT	S	S	555  	.   0.28	5un1D  145  S
ENSP00000477455	 rs1805482	agC	agT	S	S	555  	.   0.28	5un1F  149  S
ENSP00000477455	 rs1805482	agC	agT	S	S	555  	.   0.28	5un1H  142  S
ENSP00000477455	 rs1805482	agC	agT	S	S	555  	.   0.28	5uowD  522  S
ENSP00000477455	 rs1805482	agC	agT	S	S	555  	.   0.28	5up2D  522  S
ENSP00000477476	 rs2153463	Agg	Tgg	R	W	103  	.   0.01	4jobA  230  M
ENSP00000477476	 rs2153463	Agg	Tgg	R	W	103  	.   0.01	4jocA  224  M
ENSP00000477476	 rs2153463	Agg	Tgg	R	W	103  	.   0.01	4jodA  235  M
ENSP00000477476	 rs2153463	Agg	Cgg	R	R	103  	.   0.01	4jobA  230  M
ENSP00000477476	 rs2153463	Agg	Cgg	R	R	103  	.   0.01	4jocA  224  M
ENSP00000477476	 rs2153463	Agg	Cgg	R	R	103  	.   0.01	4jodA  235  M
ENSP00000477488	 rs6025601	gaT	gaC	D	D	381  	.   0.07	5k5hA   41  D
ENSP00000477488	 rs6025601	gaT	gaC	D	D	381  	.   0.07	5kkqA   74  D
ENSP00000477488	 rs6025601	gaT	gaC	D	D	381  	.   0.07	5kkqD   70  D
ENSP00000477488	 rs6025601	gaT	gaC	D	D	381  	.   0.07	5t00A   71  D
ENSP00000477488	 rs6025601	gaT	gaC	D	D	381  	.   0.07	5t00D   69  D
ENSP00000477488	 rs6025601	gaT	gaC	D	D	381  	.   0.07	5t0uA   98  D
ENSP00000477488	 rs6025601	gaT	gaC	D	D	381  	.   0.07	5t0uD   97  D
ENSP00000477488	 rs6025601	gaT	gaC	D	D	381  	.   0.07	5undA   43  D
ENSP00000477488	 rs6025601	gaT	gaC	D	D	381  	.   0.07	5undD   43  D
ENSP00000477488	 rs6025601	gaT	gaC	D	D	381  	.   0.07	5yefA   70  D
ENSP00000477488	 rs6025601	gaT	gaC	D	D	381  	.   0.07	5yefD   68  D
ENSP00000477488	 rs6025601	gaT	gaC	D	D	381  	.   0.07	5yefG   70  D
ENSP00000477488	 rs6025601	gaT	gaC	D	D	381  	.   0.07	5yefJ   68  D
ENSP00000477488	 rs6025601	gaT	gaC	D	D	381  	.   0.07	5yegA   41  D
ENSP00000477488	 rs6025601	gaT	gaC	D	D	381  	.   0.07	5yegB   42  D
ENSP00000477488	 rs6025601	gaT	gaC	D	D	381  	.   0.07	5yehA   42  D
ENSP00000477488	 rs6025601	gaT	gaC	D	D	381  	.   0.07	5yehD   42  D
ENSP00000477503	rs73507255	Agc	Ggc	S	G	167  	.   0.01	2gs3A  105  S
ENSP00000477503	rs73507255	Agc	Ggc	S	G	167  	.   0.01	2obiA   99  S
ENSP00000477503	rs73507255	Agc	Ggc	S	G	167  	.   0.01	5h5qA   98  S
ENSP00000477503	rs73507255	Agc	Ggc	S	G	167  	.   0.01	5h5rA  102  S
ENSP00000477503	rs73507255	Agc	Ggc	S	G	167  	.   0.01	5h5sA   97  S
ENSP00000477503	rs73507255	Agc	Ggc	S	G	167  	.   0.01	5l71A   99  S
ENSP00000477503	rs73507255	Agc	Ggc	S	G	167  	.   0.01	6elwA   98  S
ENSP00000477507	  rs758109	ttT	ttC	F	F	218  	.   0.01	4ccjA   37  F
ENSP00000477507	  rs758109	ttT	ttC	F	F	218  	.   0.01	4ccjB   37  F
ENSP00000477507	  rs758109	ttT	ttC	F	F	218  	.   0.01	4ccjC   37  F
ENSP00000477507	  rs758109	ttT	ttC	F	F	218  	.   0.01	4ccjD   37  F
ENSP00000477507	  rs758109	ttT	ttC	F	F	218  	.   0.01	4cckA   37  F
ENSP00000477507	  rs758109	ttT	ttC	F	F	218  	.   0.01	4cckB   37  F
ENSP00000477507	  rs758109	ttT	ttC	F	F	218  	.   0.01	4cckC   37  F
ENSP00000477507	  rs758109	ttT	ttC	F	F	218  	.   0.01	4cckD   37  F
ENSP00000477507	  rs758109	ttT	ttC	F	F	218  	.   0.01	4ccmA   37  F
ENSP00000477507	  rs758109	ttT	ttC	F	F	218  	.   0.01	4ccmB   37  F
ENSP00000477507	  rs758109	ttT	ttC	F	F	218  	.   0.01	4ccnA   37  F
ENSP00000477507	  rs758109	ttT	ttC	F	F	218  	.   0.01	4ccnB   37  F
ENSP00000477507	  rs758109	ttT	ttC	F	F	218  	.   0.01	4ccoA   37  F
ENSP00000477507	  rs758109	ttT	ttC	F	F	218  	.   0.01	4ccoB   37  F
ENSP00000477507	  rs758109	ttT	ttC	F	F	218  	.   0.01	4diqA   38  F
ENSP00000477507	  rs758109	ttT	ttC	F	F	218  	.   0.01	4diqB   38  F
ENSP00000477507	  rs758109	ttT	ttC	F	F	218  	.   0.01	4e4hA   37  F
ENSP00000477507	  rs758109	ttT	ttC	F	F	218  	.   0.01	4e4hB   38  F
ENSP00000477507	  rs758109	ttT	ttC	F	F	218  	.   0.01	4e4hC   37  F
ENSP00000477507	  rs758109	ttT	ttC	F	F	218  	.   0.01	4e4hD   37  F
ENSP00000477507	  rs758109	ttT	ttC	F	F	218  	.   0.01	4y33A   38  F
ENSP00000477507	  rs758109	ttT	ttC	F	F	218  	.   0.01	4y33B   38  F
ENSP00000477507	  rs758109	ttT	ttC	F	F	218  	.   0.01	4y33C   38  F
ENSP00000477507	  rs758109	ttT	ttC	F	F	218  	.   0.01	4y33D   38  F
ENSP00000477507	  rs758109	ttT	ttC	F	F	218  	.   0.01	4y3oA   38  F
ENSP00000477507	  rs758109	ttT	ttC	F	F	218  	.   0.01	4y3oB   38  F
ENSP00000477507	  rs758109	ttT	ttC	F	F	218  	.   0.01	4y4rA   38  F
ENSP00000477507	  rs758109	ttT	ttC	F	F	218  	.   0.01	4y4rB   40  F
ENSP00000477507	 rs3813563	gTc	gCc	V	A	364  	.   0.04	4ccjA  183  A
ENSP00000477507	 rs3813563	gTc	gCc	V	A	364  	.   0.04	4ccjB  183  A
ENSP00000477507	 rs3813563	gTc	gCc	V	A	364  	.   0.04	4ccjC  183  A
ENSP00000477507	 rs3813563	gTc	gCc	V	A	364  	.   0.04	4ccjD  183  A
ENSP00000477507	 rs3813563	gTc	gCc	V	A	364  	.   0.04	4cckA  183  A
ENSP00000477507	 rs3813563	gTc	gCc	V	A	364  	.   0.04	4cckB  183  A
ENSP00000477507	 rs3813563	gTc	gCc	V	A	364  	.   0.04	4cckC  183  A
ENSP00000477507	 rs3813563	gTc	gCc	V	A	364  	.   0.04	4cckD  183  A
ENSP00000477507	 rs3813563	gTc	gCc	V	A	364  	.   0.04	4ccmA  183  V
ENSP00000477507	 rs3813563	gTc	gCc	V	A	364  	.   0.04	4ccmB  183  V
ENSP00000477507	 rs3813563	gTc	gCc	V	A	364  	.   0.04	4ccnA  183  A
ENSP00000477507	 rs3813563	gTc	gCc	V	A	364  	.   0.04	4ccnB  183  A
ENSP00000477507	 rs3813563	gTc	gCc	V	A	364  	.   0.04	4ccoA  183  A
ENSP00000477507	 rs3813563	gTc	gCc	V	A	364  	.   0.04	4ccoB  183  A
ENSP00000477507	 rs3813563	gTc	gCc	V	A	364  	.   0.04	4diqA  184  A
ENSP00000477507	 rs3813563	gTc	gCc	V	A	364  	.   0.04	4diqB  184  A
ENSP00000477507	 rs3813563	gTc	gCc	V	A	364  	.   0.04	4e4hA  180  A
ENSP00000477507	 rs3813563	gTc	gCc	V	A	364  	.   0.04	4e4hB  184  A
ENSP00000477507	 rs3813563	gTc	gCc	V	A	364  	.   0.04	4e4hC  181  A
ENSP00000477507	 rs3813563	gTc	gCc	V	A	364  	.   0.04	4e4hD  183  A
ENSP00000477507	 rs3813563	gTc	gCc	V	A	364  	.   0.04	4y33A  184  V
ENSP00000477507	 rs3813563	gTc	gCc	V	A	364  	.   0.04	4y33B  184  V
ENSP00000477507	 rs3813563	gTc	gCc	V	A	364  	.   0.04	4y33C  184  V
ENSP00000477507	 rs3813563	gTc	gCc	V	A	364  	.   0.04	4y33D  184  V
ENSP00000477507	 rs3813563	gTc	gCc	V	A	364  	.   0.04	4y3oA  184  V
ENSP00000477507	 rs3813563	gTc	gCc	V	A	364  	.   0.04	4y3oB  184  V
ENSP00000477507	 rs3813563	gTc	gCc	V	A	364  	.   0.04	4y4rA  184  V
ENSP00000477507	 rs3813563	gTc	gCc	V	A	364  	.   0.04	4y4rB  186  V
ENSP00000477531	rs55819519	cGc	cAc	R	H	131  	.   0.37	1gzhA  185  R
ENSP00000477531	rs55819519	cGc	cAc	R	H	131  	.   0.37	1gzhC  196  R
ENSP00000477531	rs55819519	cGc	cAc	R	H	131  	.   0.37	1uolA  195  R
ENSP00000477531	rs55819519	cGc	cAc	R	H	131  	.   0.37	1uolB  195  R
ENSP00000477531	rs55819519	cGc	cAc	R	H	131  	.   0.37	2ac0E  197  R
ENSP00000477531	rs55819519	cGc	cAc	R	H	131  	.   0.37	2ac0F  197  R
ENSP00000477531	rs55819519	cGc	cAc	R	H	131  	.   0.37	2ac0G  195  R
ENSP00000477531	rs55819519	cGc	cAc	R	H	131  	.   0.37	2ac0H  195  R
ENSP00000477531	rs55819519	cGc	cAc	R	H	131  	.   0.37	2adyC  196  R
ENSP00000477531	rs55819519	cGc	cAc	R	H	131  	.   0.37	2adyD  197  R
ENSP00000477531	rs55819519	cGc	cAc	R	H	131  	.   0.37	2ahiE  196  R
ENSP00000477531	rs55819519	cGc	cAc	R	H	131  	.   0.37	2ahiF  197  R
ENSP00000477531	rs55819519	cGc	cAc	R	H	131  	.   0.37	2ahiH  195  R
ENSP00000477531	rs55819519	cGc	cAc	R	H	131  	.   0.37	2ataE  195  R
ENSP00000477531	rs55819519	cGc	cAc	R	H	131  	.   0.37	2ataF  197  R
ENSP00000477531	rs55819519	cGc	cAc	R	H	131  	.   0.37	2ataG  195  R
ENSP00000477531	rs55819519	cGc	cAc	R	H	131  	.   0.37	2ataH  197  R
ENSP00000477531	rs55819519	cGc	cAc	R	H	131  	.   0.37	2bimA  195  R
ENSP00000477531	rs55819519	cGc	cAc	R	H	131  	.   0.37	2bimB  195  R
ENSP00000477531	rs55819519	cGc	cAc	R	H	131  	.   0.37	2binA  182  R
ENSP00000477531	rs55819519	cGc	cAc	R	H	131  	.   0.37	2bioA  186  R
ENSP00000477531	rs55819519	cGc	cAc	R	H	131  	.   0.37	2bipA  185  R
ENSP00000477531	rs55819519	cGc	cAc	R	H	131  	.   0.37	2biqA  185  R
ENSP00000477531	rs55819519	cGc	cAc	R	H	131  	.   0.37	2fejA  197  R
ENSP00000477531	rs55819519	cGc	cAc	R	H	131  	.   0.37	2geqC  186  R
ENSP00000477531	rs55819519	cGc	cAc	R	H	131  	.   0.37	2geqD  186  R
ENSP00000477531	rs55819519	cGc	cAc	R	H	131  	.   0.37	2j1wA  195  R
ENSP00000477531	rs55819519	cGc	cAc	R	H	131  	.   0.37	2j1wB  195  R
ENSP00000477531	rs55819519	cGc	cAc	R	H	131  	.   0.37	2j1xA  195  R
ENSP00000477531	rs55819519	cGc	cAc	R	H	131  	.   0.37	2j1xB  194  R
ENSP00000477531	rs55819519	cGc	cAc	R	H	131  	.   0.37	2j1zA  195  R
ENSP00000477531	rs55819519	cGc	cAc	R	H	131  	.   0.37	2j1zB  195  R
ENSP00000477531	rs55819519	cGc	cAc	R	H	131  	.   0.37	2j20A  195  R
ENSP00000477531	rs55819519	cGc	cAc	R	H	131  	.   0.37	2j20B  194  R
ENSP00000477531	rs55819519	cGc	cAc	R	H	131  	.   0.37	2mejB  195  R
ENSP00000477531	rs55819519	cGc	cAc	R	H	131  	.   0.37	2p52A  196  R
ENSP00000477531	rs55819519	cGc	cAc	R	H	131  	.   0.37	2pcxA  203  R
ENSP00000477531	rs55819519	cGc	cAc	R	H	131  	.   0.37	2vukA  195  R
ENSP00000477531	rs55819519	cGc	cAc	R	H	131  	.   0.37	2vukB  196  R
ENSP00000477531	rs55819519	cGc	cAc	R	H	131  	.   0.37	2wgxA  195  R
ENSP00000477531	rs55819519	cGc	cAc	R	H	131  	.   0.37	2wgxB  194  R
ENSP00000477531	rs55819519	cGc	cAc	R	H	131  	.   0.37	2x0uA  195  R
ENSP00000477531	rs55819519	cGc	cAc	R	H	131  	.   0.37	2x0uB  194  R
ENSP00000477531	rs55819519	cGc	cAc	R	H	131  	.   0.37	2x0vA  193  R
ENSP00000477531	rs55819519	cGc	cAc	R	H	131  	.   0.37	2x0wA  195  R
ENSP00000477531	rs55819519	cGc	cAc	R	H	131  	.   0.37	2x0wB  194  R
ENSP00000477531	rs55819519	cGc	cAc	R	H	131  	.   0.37	2xwrB  200  R
ENSP00000477531	rs55819519	cGc	cAc	R	H	131  	.   0.37	3d07B  195  R
ENSP00000477531	rs55819519	cGc	cAc	R	H	131  	.   0.37	3d09A  188  R
ENSP00000477531	rs55819519	cGc	cAc	R	H	131  	.   0.37	3d0aE  195  R
ENSP00000477531	rs55819519	cGc	cAc	R	H	131  	.   0.37	3d0aF  196  R
ENSP00000477531	rs55819519	cGc	cAc	R	H	131  	.   0.37	3exjA  190  R
ENSP00000477531	rs55819519	cGc	cAc	R	H	131  	.   0.37	3exjB  192  R
ENSP00000477531	rs55819519	cGc	cAc	R	H	131  	.   0.37	3exlA  191  R
ENSP00000477531	rs55819519	cGc	cAc	R	H	131  	.   0.37	3igkA  194  R
ENSP00000477531	rs55819519	cGc	cAc	R	H	131  	.   0.37	3iglA  194  R
ENSP00000477531	rs55819519	cGc	cAc	R	H	131  	.   0.37	3kmdA  199  R
ENSP00000477531	rs55819519	cGc	cAc	R	H	131  	.   0.37	3kmdB  199  R
ENSP00000477531	rs55819519	cGc	cAc	R	H	131  	.   0.37	3kmdC  199  R
ENSP00000477531	rs55819519	cGc	cAc	R	H	131  	.   0.37	3kmdD  199  R
ENSP00000477531	rs55819519	cGc	cAc	R	H	131  	.   0.37	3kz8A  193  R
ENSP00000477531	rs55819519	cGc	cAc	R	H	131  	.   0.37	3kz8B  193  R
ENSP00000477531	rs55819519	cGc	cAc	R	H	131  	.   0.37	3q01A  197  R
ENSP00000477531	rs55819519	cGc	cAc	R	H	131  	.   0.37	3q01B  197  R
ENSP00000477531	rs55819519	cGc	cAc	R	H	131  	.   0.37	3q05A  197  R
ENSP00000477531	rs55819519	cGc	cAc	R	H	131  	.   0.37	3q05B  197  R
ENSP00000477531	rs55819519	cGc	cAc	R	H	131  	.   0.37	3q05C  197  R
ENSP00000477531	rs55819519	cGc	cAc	R	H	131  	.   0.37	3q05D  197  R
ENSP00000477531	rs55819519	cGc	cAc	R	H	131  	.   0.37	3q06A  195  R
ENSP00000477531	rs55819519	cGc	cAc	R	H	131  	.   0.37	3q06B  195  R
ENSP00000477531	rs55819519	cGc	cAc	R	H	131  	.   0.37	3q06C  195  R
ENSP00000477531	rs55819519	cGc	cAc	R	H	131  	.   0.37	3q06D  195  R
ENSP00000477531	rs55819519	cGc	cAc	R	H	131  	.   0.37	3ts8A  197  R
ENSP00000477531	rs55819519	cGc	cAc	R	H	131  	.   0.37	3ts8B  197  R
ENSP00000477531	rs55819519	cGc	cAc	R	H	131  	.   0.37	3ts8C  197  R
ENSP00000477531	rs55819519	cGc	cAc	R	H	131  	.   0.37	3ts8D  197  R
ENSP00000477531	rs55819519	cGc	cAc	R	H	131  	.   0.37	3zmeA  195  R
ENSP00000477531	rs55819519	cGc	cAc	R	H	131  	.   0.37	3zmeB  196  R
ENSP00000477531	rs55819519	cGc	cAc	R	H	131  	.   0.37	4aglA  195  R
ENSP00000477531	rs55819519	cGc	cAc	R	H	131  	.   0.37	4aglB  197  R
ENSP00000477531	rs55819519	cGc	cAc	R	H	131  	.   0.37	4agmA  195  R
ENSP00000477531	rs55819519	cGc	cAc	R	H	131  	.   0.37	4agmB  197  R
ENSP00000477531	rs55819519	cGc	cAc	R	H	131  	.   0.37	4agnA  195  R
ENSP00000477531	rs55819519	cGc	cAc	R	H	131  	.   0.37	4agnB  197  R
ENSP00000477531	rs55819519	cGc	cAc	R	H	131  	.   0.37	4agoA  195  R
ENSP00000477531	rs55819519	cGc	cAc	R	H	131  	.   0.37	4agpA  195  R
ENSP00000477531	rs55819519	cGc	cAc	R	H	131  	.   0.37	4agpB  197  R
ENSP00000477531	rs55819519	cGc	cAc	R	H	131  	.   0.37	4agqA  195  R
ENSP00000477531	rs55819519	cGc	cAc	R	H	131  	.   0.37	4hjeA  199  R
ENSP00000477531	rs55819519	cGc	cAc	R	H	131  	.   0.37	4hjeB  199  R
ENSP00000477531	rs55819519	cGc	cAc	R	H	131  	.   0.37	4hjeC  199  R
ENSP00000477531	rs55819519	cGc	cAc	R	H	131  	.   0.37	4hjeD  199  R
ENSP00000477531	rs55819519	cGc	cAc	R	H	131  	.   0.37	4ibtA  196  R
ENSP00000477531	rs55819519	cGc	cAc	R	H	131  	.   0.37	4ibtC  197  R
ENSP00000477531	rs55819519	cGc	cAc	R	H	131  	.   0.37	4ibuA  195  R
ENSP00000477531	rs55819519	cGc	cAc	R	H	131  	.   0.37	4ibuB  197  R
ENSP00000477531	rs55819519	cGc	cAc	R	H	131  	.   0.37	4ibuC  195  R
ENSP00000477531	rs55819519	cGc	cAc	R	H	131  	.   0.37	4ibuD  196  R
ENSP00000477531	rs55819519	cGc	cAc	R	H	131  	.   0.37	4ibvA  194  R
ENSP00000477531	rs55819519	cGc	cAc	R	H	131  	.   0.37	4ibwA  194  R
ENSP00000477531	rs55819519	cGc	cAc	R	H	131  	.   0.37	4ibyA  197  R
ENSP00000477531	rs55819519	cGc	cAc	R	H	131  	.   0.37	4ijtA  197  R
ENSP00000477531	rs55819519	cGc	cAc	R	H	131  	.   0.37	4lofA  197  R
ENSP00000477531	rs55819519	cGc	cAc	R	H	131  	.   0.37	4mzrA  197  R
ENSP00000477531	rs55819519	cGc	cAc	R	H	131  	.   0.37	4mzrB  197  R
ENSP00000477531	rs55819519	cGc	cAc	R	H	131  	.   0.37	4mzrC  197  R
ENSP00000477531	rs55819519	cGc	cAc	R	H	131  	.   0.37	4mzrD  197  R
ENSP00000477531	rs55819519	cGc	cAc	R	H	131  	.   0.37	4qo1B  199  R
ENSP00000477531	rs55819519	cGc	cAc	R	H	131  	.   0.37	4xr8C  197  R
ENSP00000477531	rs55819519	cGc	cAc	R	H	131  	.   0.37	4xr8D  197  R
ENSP00000477531	rs55819519	cGc	cAc	R	H	131  	.   0.37	5a7bA  195  R
ENSP00000477531	rs55819519	cGc	cAc	R	H	131  	.   0.37	5a7bB  197  R
ENSP00000477531	rs55819519	cGc	cAc	R	H	131  	.   0.37	5ab9A  195  R
ENSP00000477531	rs55819519	cGc	cAc	R	H	131  	.   0.37	5ab9B  196  R
ENSP00000477531	rs55819519	cGc	cAc	R	H	131  	.   0.37	5abaA  195  R
ENSP00000477531	rs55819519	cGc	cAc	R	H	131  	.   0.37	5abaB  197  R
ENSP00000477531	rs55819519	cGc	cAc	R	H	131  	.   0.37	5aoiA  195  R
ENSP00000477531	rs55819519	cGc	cAc	R	H	131  	.   0.37	5aoiB  196  R
ENSP00000477531	rs55819519	cGc	cAc	R	H	131  	.   0.37	5aojA  195  R
ENSP00000477531	rs55819519	cGc	cAc	R	H	131  	.   0.37	5aojB  197  R
ENSP00000477531	rs55819519	cGc	cAc	R	H	131  	.   0.37	5aokA  195  R
ENSP00000477531	rs55819519	cGc	cAc	R	H	131  	.   0.37	5aokB  197  R
ENSP00000477531	rs55819519	cGc	cAc	R	H	131  	.   0.37	5aolA  195  R
ENSP00000477531	rs55819519	cGc	cAc	R	H	131  	.   0.37	5aolB  197  R
ENSP00000477531	rs55819519	cGc	cAc	R	H	131  	.   0.37	5aomA  195  R
ENSP00000477531	rs55819519	cGc	cAc	R	H	131  	.   0.37	5buaA  196  R
ENSP00000477531	rs55819519	cGc	cAc	R	H	131  	.   0.37	5ecgA  189  R
ENSP00000477531	rs55819519	cGc	cAc	R	H	131  	.   0.37	5g4mA  195  R
ENSP00000477531	rs55819519	cGc	cAc	R	H	131  	.   0.37	5g4mB  197  R
ENSP00000477531	rs55819519	cGc	cAc	R	H	131  	.   0.37	5g4nA  195  R
ENSP00000477531	rs55819519	cGc	cAc	R	H	131  	.   0.37	5g4nB  197  R
ENSP00000477531	rs55819519	cGc	cAc	R	H	131  	.   0.37	5g4oA  195  R
ENSP00000477531	rs55819519	cGc	cAc	R	H	131  	.   0.37	5g4oB  197  R
ENSP00000477531	rs55819519	cGc	cAc	R	H	131  	.   0.37	5lapA  195  R
ENSP00000477531	rs55819519	cGc	cAc	R	H	131  	.   0.37	5lapB  196  R
ENSP00000477531	rs55819519	cGc	cAc	R	H	131  	.   0.37	5lgyA  195  R
ENSP00000477531	rs55819519	cGc	cAc	R	H	131  	.   0.37	5lgyB  196  R
ENSP00000477531	rs55819519	cGc	cAc	R	H	131  	.   0.37	5lgyC  195  R
ENSP00000477531	rs55819519	cGc	cAc	R	H	131  	.   0.37	5lgyD  195  R
ENSP00000477531	rs55819519	cGc	cAc	R	H	131  	.   0.37	5mctA  197  R
ENSP00000477531	rs55819519	cGc	cAc	R	H	131  	.   0.37	5mctB  197  R
ENSP00000477531	rs55819519	cGc	cAc	R	H	131  	.   0.37	5mcuA  196  R
ENSP00000477531	rs55819519	cGc	cAc	R	H	131  	.   0.37	5mcuB  196  R
ENSP00000477531	rs55819519	cGc	cAc	R	H	131  	.   0.37	5mcvA  197  R
ENSP00000477531	rs55819519	cGc	cAc	R	H	131  	.   0.37	5mcvB  197  R
ENSP00000477531	rs55819519	cGc	cAc	R	H	131  	.   0.37	5mcwA  197  R
ENSP00000477531	rs55819519	cGc	cAc	R	H	131  	.   0.37	5mcwB  197  R
ENSP00000477531	rs55819519	cGc	cAc	R	H	131  	.   0.37	5mf7A  185  R
ENSP00000477531	rs55819519	cGc	cAc	R	H	131  	.   0.37	5mf7B  185  R
ENSP00000477531	rs55819519	cGc	cAc	R	H	131  	.   0.37	5mg7A  196  R
ENSP00000477531	rs55819519	cGc	cAc	R	H	131  	.   0.37	5mg7B  196  R
ENSP00000477531	rs55819519	cGc	cAc	R	H	131  	.   0.37	5o1aA  195  R
ENSP00000477531	rs55819519	cGc	cAc	R	H	131  	.   0.37	5o1aB  196  R
ENSP00000477531	rs55819519	cGc	cAc	R	H	131  	.   0.37	5o1bA  195  R
ENSP00000477531	rs55819519	cGc	cAc	R	H	131  	.   0.37	5o1bB  197  R
ENSP00000477531	rs55819519	cGc	cAc	R	H	131  	.   0.37	5o1cA  195  R
ENSP00000477531	rs55819519	cGc	cAc	R	H	131  	.   0.37	5o1cB  196  R
ENSP00000477531	rs55819519	cGc	cAc	R	H	131  	.   0.37	5o1dA  195  R
ENSP00000477531	rs55819519	cGc	cAc	R	H	131  	.   0.37	5o1dB  196  R
ENSP00000477531	rs55819519	cGc	cAc	R	H	131  	.   0.37	5o1eA  195  R
ENSP00000477531	rs55819519	cGc	cAc	R	H	131  	.   0.37	5o1eB  197  R
ENSP00000477531	rs55819519	cGc	cAc	R	H	131  	.   0.37	5o1fA  195  R
ENSP00000477531	rs55819519	cGc	cAc	R	H	131  	.   0.37	5o1fB  196  R
ENSP00000477531	rs55819519	cGc	cAc	R	H	131  	.   0.37	5o1gA  195  R
ENSP00000477531	rs55819519	cGc	cAc	R	H	131  	.   0.37	5o1gB  196  R
ENSP00000477531	rs55819519	cGc	cAc	R	H	131  	.   0.37	5o1hA  195  R
ENSP00000477531	rs55819519	cGc	cAc	R	H	131  	.   0.37	5o1hB  196  R
ENSP00000477531	rs55819519	cGc	cAc	R	H	131  	.   0.37	5o1iA  195  R
ENSP00000477531	rs55819519	cGc	cAc	R	H	131  	.   0.37	5o1iB  196  R
ENSP00000477531	rs55819519	cGc	cAc	R	H	131  	.   0.37	6fj5A  197  R
ENSP00000477531	rs55819519	cGc	cAc	R	H	131  	.   0.37	6fj5B  197  R
ENSP00000477531	rs55819519	cGc	cAc	R	H	131  	.   0.37	6fj5C  197  R
ENSP00000477531	rs55819519	cGc	cAc	R	H	131  	.   0.37	6fj5D  197  R
ENSP00000477540	 rs4987176	Gac	Aac	D	N	153  	.   0.01	1ljrA  153  D
ENSP00000477540	 rs4987176	Gac	Aac	D	N	153  	.   0.01	1ljrB  153  D
ENSP00000477540	 rs4987176	Gac	Aac	D	N	153  	.   0.01	2ljrA  153  D
ENSP00000477540	 rs4987176	Gac	Aac	D	N	153  	.   0.01	2ljrB  153  D
ENSP00000477540	 rs4987176	Gac	Aac	D	N	153  	.   0.01	3ljrA  153  D
ENSP00000477540	 rs4987176	Gac	Aac	D	N	153  	.   0.01	3ljrB  153  D
ENSP00000477540	 rs4987176	Gac	Aac	D	N	153  	.   0.01	4mpfA  152  D
ENSP00000477540	 rs4987176	Gac	Aac	D	N	153  	.   0.01	4mpfB  157  D
ENSP00000477540	 rs4987176	Gac	Aac	D	N	153  	.   0.01	4mpgA  151  D
ENSP00000477540	 rs4987176	Gac	Aac	D	N	153  	.   0.01	4mpgB  160  D
ENSP00000477540	rs78284383	Gtg	Atg	V	M	118  	.   0.01	1ljrA  118  V
ENSP00000477540	rs78284383	Gtg	Atg	V	M	118  	.   0.01	1ljrB  118  V
ENSP00000477540	rs78284383	Gtg	Atg	V	M	118  	.   0.01	2ljrA  118  V
ENSP00000477540	rs78284383	Gtg	Atg	V	M	118  	.   0.01	2ljrB  118  V
ENSP00000477540	rs78284383	Gtg	Atg	V	M	118  	.   0.01	3ljrA  118  V
ENSP00000477540	rs78284383	Gtg	Atg	V	M	118  	.   0.01	3ljrB  118  V
ENSP00000477540	rs78284383	Gtg	Atg	V	M	118  	.   0.01	4mpfA  117  V
ENSP00000477540	rs78284383	Gtg	Atg	V	M	118  	.   0.01	4mpfB  122  V
ENSP00000477540	rs78284383	Gtg	Atg	V	M	118  	.   0.01	4mpgA  116  V
ENSP00000477540	rs78284383	Gtg	Atg	V	M	118  	.   0.01	4mpgB  125  V
ENSP00000477540	rs60718122	atG	atA	M	I	139  	.   0.01	1ljrA  139  M
ENSP00000477540	rs60718122	atG	atA	M	I	139  	.   0.01	1ljrB  139  M
ENSP00000477540	rs60718122	atG	atA	M	I	139  	.   0.01	2ljrA  139  M
ENSP00000477540	rs60718122	atG	atA	M	I	139  	.   0.01	2ljrB  139  M
ENSP00000477540	rs60718122	atG	atA	M	I	139  	.   0.01	3ljrA  139  M
ENSP00000477540	rs60718122	atG	atA	M	I	139  	.   0.01	3ljrB  139  M
ENSP00000477540	rs60718122	atG	atA	M	I	139  	.   0.01	4mpfA  138  M
ENSP00000477540	rs60718122	atG	atA	M	I	139  	.   0.01	4mpfB  143  M
ENSP00000477540	rs60718122	atG	atA	M	I	139  	.   0.01	4mpgA  137  M
ENSP00000477540	rs60718122	atG	atA	M	I	139  	.   0.01	4mpgB  146  M
ENSP00000477555	 rs4833837	tgC	tgT	C	C	78   	.   0.01	2oqpA   50  C
ENSP00000477555	 rs4833837	tgC	tgT	C	C	78   	.   0.01	3tgxB   48  C
ENSP00000477555	 rs4833837	tgC	tgT	C	C	78   	.   0.01	3tgxD   48  C
ENSP00000477555	 rs4833837	tgC	tgT	C	C	78   	.   0.01	3tgxF   48  C
ENSP00000477555	 rs4833837	tgC	tgT	C	C	78   	.   0.01	3tgxH   46  C
ENSP00000477555	 rs4833837	tgC	tgT	C	C	78   	.   0.01	3tgxJ   48  C
ENSP00000477555	 rs4833837	tgC	tgT	C	C	78   	.   0.01	3tgxL   46  C
ENSP00000477555	 rs4833837	tgC	tgT	C	C	78   	.   0.01	3tgxN   46  C
ENSP00000477555	 rs4833837	tgC	tgT	C	C	78   	.   0.01	3tgxP   46  C
ENSP00000477558	rs10280764	ctG	ctA	L	L	15   	.   0.03	5xgsA   16  V
ENSP00000477558	rs10280764	ctG	ctA	L	L	15   	.   0.03	5xgsB   14  G
ENSP00000477593	   rs14365	taT	taC	Y	Y	46   	.   0.01	1jwhC   41  Y
ENSP00000477593	   rs14365	taT	taC	Y	Y	46   	.   0.01	1jwhD   45  Y
ENSP00000477593	   rs14365	taT	taC	Y	Y	46   	.   0.01	1qf8A   40  Y
ENSP00000477593	   rs14365	taT	taC	Y	Y	46   	.   0.01	1qf8B   41  Y
ENSP00000477593	   rs14365	taT	taC	Y	Y	46   	.   0.01	1rqfA   40  Y
ENSP00000477593	   rs14365	taT	taC	Y	Y	46   	.   0.01	1rqfB   41  Y
ENSP00000477593	   rs14365	taT	taC	Y	Y	46   	.   0.01	1rqfC   41  Y
ENSP00000477593	   rs14365	taT	taC	Y	Y	46   	.   0.01	1rqfD   41  Y
ENSP00000477593	   rs14365	taT	taC	Y	Y	46   	.   0.01	1rqfE   42  Y
ENSP00000477593	   rs14365	taT	taC	Y	Y	46   	.   0.01	1rqfF   40  Y
ENSP00000477593	   rs14365	taT	taC	Y	Y	46   	.   0.01	1rqfG   41  Y
ENSP00000477593	   rs14365	taT	taC	Y	Y	46   	.   0.01	1rqfH   45  Y
ENSP00000477593	   rs14365	taT	taC	Y	Y	46   	.   0.01	2r6mA   40  Y
ENSP00000477593	   rs14365	taT	taC	Y	Y	46   	.   0.01	2r6mB   40  Y
ENSP00000477593	   rs14365	taT	taC	Y	Y	46   	.   0.01	3eedA   41  Y
ENSP00000477593	   rs14365	taT	taC	Y	Y	46   	.   0.01	3eedB   41  Y
ENSP00000477593	   rs14365	taT	taC	Y	Y	46   	.   0.01	4dglA   39  Y
ENSP00000477593	   rs14365	taT	taC	Y	Y	46   	.   0.01	4dglB   40  Y
ENSP00000477593	   rs14365	taT	taC	Y	Y	46   	.   0.01	4md7A   41  Y
ENSP00000477593	   rs14365	taT	taC	Y	Y	46   	.   0.01	4md7B   40  Y
ENSP00000477593	   rs14365	taT	taC	Y	Y	46   	.   0.01	4md7C   41  Y
ENSP00000477593	   rs14365	taT	taC	Y	Y	46   	.   0.01	4md7D   40  Y
ENSP00000477593	   rs14365	taT	taC	Y	Y	46   	.   0.01	4md8A   41  Y
ENSP00000477593	   rs14365	taT	taC	Y	Y	46   	.   0.01	4md8B   40  Y
ENSP00000477593	   rs14365	taT	taC	Y	Y	46   	.   0.01	4md8C   41  Y
ENSP00000477593	   rs14365	taT	taC	Y	Y	46   	.   0.01	4md8D   40  Y
ENSP00000477593	   rs14365	taT	taC	Y	Y	46   	.   0.01	4md9A   40  Y
ENSP00000477593	   rs14365	taT	taC	Y	Y	46   	.   0.01	4md9B   41  Y
ENSP00000477593	   rs14365	taT	taC	Y	Y	46   	.   0.01	4md9C   41  Y
ENSP00000477593	   rs14365	taT	taC	Y	Y	46   	.   0.01	4md9D   41  Y
ENSP00000477593	   rs14365	taT	taC	Y	Y	46   	.   0.01	4md9I   40  Y
ENSP00000477593	   rs14365	taT	taC	Y	Y	46   	.   0.01	4md9J   40  Y
ENSP00000477593	   rs14365	taT	taC	Y	Y	46   	.   0.01	4md9N   40  Y
ENSP00000477593	   rs14365	taT	taC	Y	Y	46   	.   0.01	4md9O   40  Y
ENSP00000477593	   rs14365	taT	taC	Y	Y	46   	.   0.01	4nh1C   40  Y
ENSP00000477593	   rs14365	taT	taC	Y	Y	46   	.   0.01	4nh1D   40  Y
ENSP00000477599	 rs1800458	Ggt	Agt	G	S	26   	*   0.71	1bz8A    6  G
ENSP00000477599	 rs1800458	Ggt	Agt	G	S	26   	*   0.71	1bz8B    6  G
ENSP00000477599	 rs1800458	Ggt	Agt	G	S	26   	*   0.71	1bzdA    6  S
ENSP00000477599	 rs1800458	Ggt	Agt	G	S	26   	*   0.71	1bzdB    6  S
ENSP00000477599	 rs1800458	Ggt	Agt	G	S	26   	*   0.71	1bzeA    6  G
ENSP00000477599	 rs1800458	Ggt	Agt	G	S	26   	*   0.71	1bzeB    6  G
ENSP00000477599	 rs1800458	Ggt	Agt	G	S	26   	*   0.71	1etaA    6  G
ENSP00000477599	 rs1800458	Ggt	Agt	G	S	26   	*   0.71	1etaB    6  G
ENSP00000477599	 rs1800458	Ggt	Agt	G	S	26   	*   0.71	1kgjA    2  G
ENSP00000477599	 rs1800458	Ggt	Agt	G	S	26   	*   0.71	1qabA    6  G
ENSP00000477599	 rs1800458	Ggt	Agt	G	S	26   	*   0.71	1rlbA    2  G
ENSP00000477599	 rs1800458	Ggt	Agt	G	S	26   	*   0.71	1rlbC    2  G
ENSP00000477599	 rs1800458	Ggt	Agt	G	S	26   	*   0.71	1tlmA    2  G
ENSP00000477599	 rs1800458	Ggt	Agt	G	S	26   	*   0.71	1tshA    6  G
ENSP00000477599	 rs1800458	Ggt	Agt	G	S	26   	*   0.71	1tshB    6  G
ENSP00000477599	 rs1800458	Ggt	Agt	G	S	26   	*   0.71	1ttaA    6  G
ENSP00000477599	 rs1800458	Ggt	Agt	G	S	26   	*   0.71	1ttaB    6  G
ENSP00000477599	 rs1800458	Ggt	Agt	G	S	26   	*   0.71	1ttbA    6  G
ENSP00000477599	 rs1800458	Ggt	Agt	G	S	26   	*   0.71	1ttbB    6  G
ENSP00000477599	 rs1800458	Ggt	Agt	G	S	26   	*   0.71	1ttcA    6  G
ENSP00000477599	 rs1800458	Ggt	Agt	G	S	26   	*   0.71	1ttcB    6  G
ENSP00000477599	 rs1800458	Ggt	Agt	G	S	26   	*   0.71	1tyrA    6  G
ENSP00000477599	 rs1800458	Ggt	Agt	G	S	26   	*   0.71	1tyrB    6  G
ENSP00000477599	 rs1800458	Ggt	Agt	G	S	26   	*   0.71	2nboA    6  G
ENSP00000477599	 rs1800458	Ggt	Agt	G	S	26   	*   0.71	2nbpA    6  G
ENSP00000477599	 rs1800458	Ggt	Agt	G	S	26   	*   0.71	2trhA    6  G
ENSP00000477599	 rs1800458	Ggt	Agt	G	S	26   	*   0.71	2trhB    6  G
ENSP00000477599	 rs1800458	Ggt	Agt	G	S	26   	*   0.71	2tryA    6  G
ENSP00000477599	 rs1800458	Ggt	Agt	G	S	26   	*   0.71	2tryB    6  G
ENSP00000477599	 rs1800458	Ggt	Agt	G	S	26   	*   0.71	2wqaC    3  G
ENSP00000477615	    rs6647	gCg	gTg	A	V	237  	.   0.17	1atuA  193  V
ENSP00000477615	    rs6647	gCg	gTg	A	V	237  	.   0.17	1d5sA  194  V
ENSP00000477615	    rs6647	gCg	gTg	A	V	237  	.   0.17	1ezxA  190  V
ENSP00000477615	    rs6647	gCg	gTg	A	V	237  	.   0.17	1hp7A  195  V
ENSP00000477615	    rs6647	gCg	gTg	A	V	237  	.   0.17	1iz2A  190  V
ENSP00000477615	    rs6647	gCg	gTg	A	V	237  	.   0.17	1kctA  194  V
ENSP00000477615	    rs6647	gCg	gTg	A	V	237  	.   0.17	1oo8A  190  V
ENSP00000477615	    rs6647	gCg	gTg	A	V	237  	.   0.17	1ophA  194  V
ENSP00000477615	    rs6647	gCg	gTg	A	V	237  	.   0.17	1psiA  191  V
ENSP00000477615	    rs6647	gCg	gTg	A	V	237  	.   0.17	1qlpA  191  V
ENSP00000477615	    rs6647	gCg	gTg	A	V	237  	.   0.17	1qmbA  188  V
ENSP00000477615	    rs6647	gCg	gTg	A	V	237  	.   0.17	2d26A  191  V
ENSP00000477615	    rs6647	gCg	gTg	A	V	237  	.   0.17	2qugA  190  V
ENSP00000477615	    rs6647	gCg	gTg	A	V	237  	.   0.17	3cwlA  191  V
ENSP00000477615	    rs6647	gCg	gTg	A	V	237  	.   0.17	3cwmA  190  V
ENSP00000477615	    rs6647	gCg	gTg	A	V	237  	.   0.17	3drmA  190  V
ENSP00000477615	    rs6647	gCg	gTg	A	V	237  	.   0.17	3druA  190  V
ENSP00000477615	    rs6647	gCg	gTg	A	V	237  	.   0.17	3druB  191  V
ENSP00000477615	    rs6647	gCg	gTg	A	V	237  	.   0.17	3druC  191  V
ENSP00000477615	    rs6647	gCg	gTg	A	V	237  	.   0.17	3nddA  190  V
ENSP00000477615	    rs6647	gCg	gTg	A	V	237  	.   0.17	3ndfA  191  V
ENSP00000477615	    rs6647	gCg	gTg	A	V	237  	.   0.17	3ne4A  190  V
ENSP00000477615	    rs6647	gCg	gTg	A	V	237  	.   0.17	3t1pA  190  V
ENSP00000477615	    rs6647	gCg	gTg	A	V	237  	.   0.17	4pywA  191  V
ENSP00000477615	    rs6647	gCg	gTg	A	V	237  	.   0.17	5io1A  190  V
ENSP00000477615	    rs6647	gCg	gTg	A	V	237  	.   0.17	5io1B  190  V
ENSP00000477615	    rs6647	gCg	gTg	A	V	237  	.   0.17	5nbuA  190  V
ENSP00000477615	    rs6647	gCg	gTg	A	V	237  	.   0.17	5nbvA  188  V
ENSP00000477615	    rs6647	gCg	gTg	A	V	237  	.   0.17	7apiA  194  V
ENSP00000477615	    rs6647	gCg	gTg	A	V	237  	.   0.17	8apiA  195  V
ENSP00000477615	    rs6647	gCg	gTg	A	V	237  	.   0.17	9apiA  194  V
ENSP00000477633	rs61737694	Gtc	Atc	V	I	375  	.   0.06	4h9nC  194  V
ENSP00000477633	rs61737694	Gtc	Atc	V	I	375  	.   0.06	4h9oC  194  V
ENSP00000477633	rs61737694	Gtc	Atc	V	I	375  	.   0.06	4h9pC  194  V
ENSP00000477633	rs61737694	Gtc	Atc	V	I	375  	.   0.06	4h9qC  194  V
ENSP00000477633	rs61737694	Gtc	Atc	V	I	375  	.   0.06	4h9rC  194  V
ENSP00000477633	rs61737694	Gtc	Atc	V	I	375  	.   0.06	4h9sE  187  V
ENSP00000477633	rs61737694	Gtc	Atc	V	I	375  	.   0.06	4h9sF  190  V
ENSP00000477633	rs61737694	Gtc	Atc	V	I	375  	.   0.06	4hgaA  195  V
ENSP00000477633	rs61737694	Gtc	Atc	V	I	375  	.   0.06	5kdmC  194  V
ENSP00000477725	 rs2296051	aaC	aaT	N	N	1161 	.   0.01	5yayA   80  N
ENSP00000477725	 rs2296051	aaC	aaT	N	N	1161 	.   0.01	5yazA   77  N
ENSP00000477725	 rs2296051	aaC	aaT	N	N	1161 	.   0.01	5ybeA   89  N
ENSP00000477725	 rs2296051	aaC	aaT	N	N	1161 	.   0.01	5ybjA   84  N
ENSP00000477725	 rs2296051	aaC	aaT	N	N	1161 	.   0.01	5ybuA   83  N
ENSP00000477773	   rs11538	aaT	aaC	N	N	80   	.   0.01	2bidA  178  N
ENSP00000477773	   rs11538	aaT	aaC	N	N	80   	.   0.01	2m5iA  116  N
ENSP00000477804	rs45627734	cgG	cgA	R	R	201  	.   0.01	1b3jA  200  W
ENSP00000477804	rs45627734	cgG	cgA	R	R	201  	.   0.01	1hyrC  211  W
ENSP00000477804	rs45627734	cgG	cgA	R	R	201  	.   0.01	1je6A  211  R
ENSP00000477804	rs45627734	cgG	cgT	R	R	201  	.   0.01	1b3jA  200  W
ENSP00000477804	rs45627734	cgG	cgT	R	R	201  	.   0.01	1hyrC  211  W
ENSP00000477804	rs45627734	cgG	cgT	R	R	201  	.   0.01	1je6A  211  R
ENSP00000477864	  rs273269	agT	agC	S	S	637  	.   0.09	2y3aB  153  S
ENSP00000477870	rs41266821	gTt	gCt	V	A	3    	*   0.96	1kx5D    2  G
ENSP00000477870	rs41266821	gTt	gCt	V	A	3    	*   0.96	1kx5H    2  G
ENSP00000477999	rs79487279	Atg	Ttg	M	L	619  	.   0.04	1k2rB  307  M
ENSP00000477999	rs79487279	Atg	Ttg	M	L	619  	.   0.04	1k2sB  307  M
ENSP00000477999	rs79487279	Atg	Ttg	M	L	619  	.   0.04	1k2tB  307  M
ENSP00000477999	rs79487279	Atg	Ttg	M	L	619  	.   0.04	1k2uB  307  M
ENSP00000477999	rs79487279	Atg	Ttg	M	L	619  	.   0.04	1lzxB  307  M
ENSP00000477999	rs79487279	Atg	Ttg	M	L	619  	.   0.04	1lzzB  307  M
ENSP00000477999	rs79487279	Atg	Ttg	M	L	619  	.   0.04	1m00B  307  M
ENSP00000477999	rs79487279	Atg	Ttg	M	L	619  	.   0.04	1mmvB  306  M
ENSP00000477999	rs79487279	Atg	Ttg	M	L	619  	.   0.04	1mmwB  307  M
ENSP00000477999	rs79487279	Atg	Ttg	M	L	619  	.   0.04	1om4B  307  M
ENSP00000477999	rs79487279	Atg	Ttg	M	L	619  	.   0.04	1om5B  307  M
ENSP00000477999	rs79487279	Atg	Ttg	M	L	619  	.   0.04	1p6hB  307  M
ENSP00000477999	rs79487279	Atg	Ttg	M	L	619  	.   0.04	1p6iB  307  M
ENSP00000477999	rs79487279	Atg	Ttg	M	L	619  	.   0.04	1p6jB  307  M
ENSP00000477999	rs79487279	Atg	Ttg	M	L	619  	.   0.04	1p6kB  307  M
ENSP00000477999	rs79487279	Atg	Ttg	M	L	619  	.   0.04	1qw6A  318  M
ENSP00000477999	rs79487279	Atg	Ttg	M	L	619  	.   0.04	1qwcA  318  M
ENSP00000477999	rs79487279	Atg	Ttg	M	L	619  	.   0.04	1rs6B  307  M
ENSP00000477999	rs79487279	Atg	Ttg	M	L	619  	.   0.04	1rs7B  307  M
ENSP00000477999	rs79487279	Atg	Ttg	M	L	619  	.   0.04	1vagA  318  M
ENSP00000477999	rs79487279	Atg	Ttg	M	L	619  	.   0.04	1zviA  315  M
ENSP00000477999	rs79487279	Atg	Ttg	M	L	619  	.   0.04	1zvlA  318  M
ENSP00000477999	rs79487279	Atg	Ttg	M	L	619  	.   0.04	1zvlB  318  M
ENSP00000477999	rs79487279	Atg	Ttg	M	L	619  	.   0.04	1zzqB  307  M
ENSP00000477999	rs79487279	Atg	Ttg	M	L	619  	.   0.04	1zzrB  307  M
ENSP00000477999	rs79487279	Atg	Ttg	M	L	619  	.   0.04	1zzuB  307  M
ENSP00000477999	rs79487279	Atg	Ttg	M	L	619  	.   0.04	2g6hB  307  M
ENSP00000477999	rs79487279	Atg	Ttg	M	L	619  	.   0.04	2g6iA  307  M
ENSP00000477999	rs79487279	Atg	Ttg	M	L	619  	.   0.04	2g6iB  307  M
ENSP00000477999	rs79487279	Atg	Ttg	M	L	619  	.   0.04	2g6jA  307  M
ENSP00000477999	rs79487279	Atg	Ttg	M	L	619  	.   0.04	2g6jB  307  M
ENSP00000477999	rs79487279	Atg	Ttg	M	L	619  	.   0.04	2g6kA  307  M
ENSP00000477999	rs79487279	Atg	Ttg	M	L	619  	.   0.04	2g6kB  307  M
ENSP00000477999	rs79487279	Atg	Ttg	M	L	619  	.   0.04	2g6lA  307  M
ENSP00000477999	rs79487279	Atg	Ttg	M	L	619  	.   0.04	2g6lB  307  M
ENSP00000477999	rs79487279	Atg	Ttg	M	L	619  	.   0.04	2g6mB  307  M
ENSP00000477999	rs79487279	Atg	Ttg	M	L	619  	.   0.04	2g6nA  307  M
ENSP00000477999	rs79487279	Atg	Ttg	M	L	619  	.   0.04	2g6nB  307  M
ENSP00000477999	rs79487279	Atg	Ttg	M	L	619  	.   0.04	2hx3B  307  M
ENSP00000477999	rs79487279	Atg	Ttg	M	L	619  	.   0.04	2hx4B  307  M
ENSP00000477999	rs79487279	Atg	Ttg	M	L	619  	.   0.04	3b3mB  307  M
ENSP00000477999	rs79487279	Atg	Ttg	M	L	619  	.   0.04	3b3nB  307  M
ENSP00000477999	rs79487279	Atg	Ttg	M	L	619  	.   0.04	3b3oA  307  M
ENSP00000477999	rs79487279	Atg	Ttg	M	L	619  	.   0.04	3b3oB  307  M
ENSP00000477999	rs79487279	Atg	Ttg	M	L	619  	.   0.04	3b3pA  307  M
ENSP00000477999	rs79487279	Atg	Ttg	M	L	619  	.   0.04	3b3pB  307  M
ENSP00000477999	rs79487279	Atg	Ttg	M	L	619  	.   0.04	3dqrB  307  M
ENSP00000477999	rs79487279	Atg	Ttg	M	L	619  	.   0.04	3fc5B  307  M
ENSP00000477999	rs79487279	Atg	Ttg	M	L	619  	.   0.04	3hsnA  307  M
ENSP00000477999	rs79487279	Atg	Ttg	M	L	619  	.   0.04	3hsnB  309  M
ENSP00000477999	rs79487279	Atg	Ttg	M	L	619  	.   0.04	3hsoA  307  M
ENSP00000477999	rs79487279	Atg	Ttg	M	L	619  	.   0.04	3hsoB  309  M
ENSP00000477999	rs79487279	Atg	Ttg	M	L	619  	.   0.04	3hspA  308  M
ENSP00000477999	rs79487279	Atg	Ttg	M	L	619  	.   0.04	3hspB  309  M
ENSP00000477999	rs79487279	Atg	Ttg	M	L	619  	.   0.04	3jt3B  307  M
ENSP00000477999	rs79487279	Atg	Ttg	M	L	619  	.   0.04	3jt4A  307  M
ENSP00000477999	rs79487279	Atg	Ttg	M	L	619  	.   0.04	3jt4B  307  M
ENSP00000477999	rs79487279	Atg	Ttg	M	L	619  	.   0.04	3jt5B  307  M
ENSP00000477999	rs79487279	Atg	Ttg	M	L	619  	.   0.04	3jt6B  307  M
ENSP00000477999	rs79487279	Atg	Ttg	M	L	619  	.   0.04	3jt7B  307  M
ENSP00000477999	rs79487279	Atg	Ttg	M	L	619  	.   0.04	3jt8B  307  M
ENSP00000477999	rs79487279	Atg	Ttg	M	L	619  	.   0.04	3jt9B  307  M
ENSP00000477999	rs79487279	Atg	Ttg	M	L	619  	.   0.04	3jtaB  307  M
ENSP00000477999	rs79487279	Atg	Ttg	M	L	619  	.   0.04	3jwsB  307  M
ENSP00000477999	rs79487279	Atg	Ttg	M	L	619  	.   0.04	3jwtB  307  M
ENSP00000477999	rs79487279	Atg	Ttg	M	L	619  	.   0.04	3jwuB  307  M
ENSP00000477999	rs79487279	Atg	Ttg	M	L	619  	.   0.04	3jwvB  307  M
ENSP00000477999	rs79487279	Atg	Ttg	M	L	619  	.   0.04	3jx0B  307  M
ENSP00000477999	rs79487279	Atg	Ttg	M	L	619  	.   0.04	3jx1B  307  M
ENSP00000477999	rs79487279	Atg	Ttg	M	L	619  	.   0.04	3jx2A  307  M
ENSP00000477999	rs79487279	Atg	Ttg	M	L	619  	.   0.04	3jx2B  307  M
ENSP00000477999	rs79487279	Atg	Ttg	M	L	619  	.   0.04	3jx3B  307  M
ENSP00000477999	rs79487279	Atg	Ttg	M	L	619  	.   0.04	3jx4B  307  M
ENSP00000477999	rs79487279	Atg	Ttg	M	L	619  	.   0.04	3jx5B  307  M
ENSP00000477999	rs79487279	Atg	Ttg	M	L	619  	.   0.04	3jx6B  307  M
ENSP00000477999	rs79487279	Atg	Ttg	M	L	619  	.   0.04	3n2rB  307  M
ENSP00000477999	rs79487279	Atg	Ttg	M	L	619  	.   0.04	3n5vB  307  M
ENSP00000477999	rs79487279	Atg	Ttg	M	L	619  	.   0.04	3n5wB  307  M
ENSP00000477999	rs79487279	Atg	Ttg	M	L	619  	.   0.04	3n5xB  307  M
ENSP00000477999	rs79487279	Atg	Ttg	M	L	619  	.   0.04	3n5yB  307  M
ENSP00000477999	rs79487279	Atg	Ttg	M	L	619  	.   0.04	3n5zB  307  M
ENSP00000477999	rs79487279	Atg	Ttg	M	L	619  	.   0.04	3n60A  305  M
ENSP00000477999	rs79487279	Atg	Ttg	M	L	619  	.   0.04	3n60B  307  M
ENSP00000477999	rs79487279	Atg	Ttg	M	L	619  	.   0.04	3n61B  307  M
ENSP00000477999	rs79487279	Atg	Ttg	M	L	619  	.   0.04	3n62B  307  M
ENSP00000477999	rs79487279	Atg	Ttg	M	L	619  	.   0.04	3n63B  307  M
ENSP00000477999	rs79487279	Atg	Ttg	M	L	619  	.   0.04	3n64B  307  M
ENSP00000477999	rs79487279	Atg	Ttg	M	L	619  	.   0.04	3n65B  307  M
ENSP00000477999	rs79487279	Atg	Ttg	M	L	619  	.   0.04	3n66B  307  M
ENSP00000477999	rs79487279	Atg	Ttg	M	L	619  	.   0.04	3nljB  307  M
ENSP00000477999	rs79487279	Atg	Ttg	M	L	619  	.   0.04	3nlkA  305  M
ENSP00000477999	rs79487279	Atg	Ttg	M	L	619  	.   0.04	3nlkB  307  M
ENSP00000477999	rs79487279	Atg	Ttg	M	L	619  	.   0.04	3nlmA  307  M
ENSP00000477999	rs79487279	Atg	Ttg	M	L	619  	.   0.04	3nlmB  307  M
ENSP00000477999	rs79487279	Atg	Ttg	M	L	619  	.   0.04	3nlnA  305  M
ENSP00000477999	rs79487279	Atg	Ttg	M	L	619  	.   0.04	3nlnB  307  M
ENSP00000477999	rs79487279	Atg	Ttg	M	L	619  	.   0.04	3nloA  305  M
ENSP00000477999	rs79487279	Atg	Ttg	M	L	619  	.   0.04	3nloB  307  M
ENSP00000477999	rs79487279	Atg	Ttg	M	L	619  	.   0.04	3nlpB  307  M
ENSP00000477999	rs79487279	Atg	Ttg	M	L	619  	.   0.04	3nlqB  307  M
ENSP00000477999	rs79487279	Atg	Ttg	M	L	619  	.   0.04	3nlrB  307  M
ENSP00000477999	rs79487279	Atg	Ttg	M	L	619  	.   0.04	3nlvA  305  M
ENSP00000477999	rs79487279	Atg	Ttg	M	L	619  	.   0.04	3nlvB  307  M
ENSP00000477999	rs79487279	Atg	Ttg	M	L	619  	.   0.04	3nlwA  305  M
ENSP00000477999	rs79487279	Atg	Ttg	M	L	619  	.   0.04	3nlwB  307  M
ENSP00000477999	rs79487279	Atg	Ttg	M	L	619  	.   0.04	3nlxA  305  M
ENSP00000477999	rs79487279	Atg	Ttg	M	L	619  	.   0.04	3nlxB  307  M
ENSP00000477999	rs79487279	Atg	Ttg	M	L	619  	.   0.04	3nlyA  305  M
ENSP00000477999	rs79487279	Atg	Ttg	M	L	619  	.   0.04	3nlyB  307  M
ENSP00000477999	rs79487279	Atg	Ttg	M	L	619  	.   0.04	3nlzA  307  M
ENSP00000477999	rs79487279	Atg	Ttg	M	L	619  	.   0.04	3nlzB  307  M
ENSP00000477999	rs79487279	Atg	Ttg	M	L	619  	.   0.04	3nm0A  307  M
ENSP00000477999	rs79487279	Atg	Ttg	M	L	619  	.   0.04	3nm0B  307  M
ENSP00000477999	rs79487279	Atg	Ttg	M	L	619  	.   0.04	3nnyA  305  M
ENSP00000477999	rs79487279	Atg	Ttg	M	L	619  	.   0.04	3nnyB  307  M
ENSP00000477999	rs79487279	Atg	Ttg	M	L	619  	.   0.04	3nnzA  305  M
ENSP00000477999	rs79487279	Atg	Ttg	M	L	619  	.   0.04	3nnzB  307  M
ENSP00000477999	rs79487279	Atg	Ttg	M	L	619  	.   0.04	3pneA  308  M
ENSP00000477999	rs79487279	Atg	Ttg	M	L	619  	.   0.04	3pneB  308  M
ENSP00000477999	rs79487279	Atg	Ttg	M	L	619  	.   0.04	3pnfA  307  M
ENSP00000477999	rs79487279	Atg	Ttg	M	L	619  	.   0.04	3pnfB  307  M
ENSP00000477999	rs79487279	Atg	Ttg	M	L	619  	.   0.04	3pngA  307  M
ENSP00000477999	rs79487279	Atg	Ttg	M	L	619  	.   0.04	3pngB  307  M
ENSP00000477999	rs79487279	Atg	Ttg	M	L	619  	.   0.04	3q99A  305  M
ENSP00000477999	rs79487279	Atg	Ttg	M	L	619  	.   0.04	3q99B  307  M
ENSP00000477999	rs79487279	Atg	Ttg	M	L	619  	.   0.04	3q9aA  305  M
ENSP00000477999	rs79487279	Atg	Ttg	M	L	619  	.   0.04	3q9aB  307  M
ENSP00000477999	rs79487279	Atg	Ttg	M	L	619  	.   0.04	3rqjA  305  M
ENSP00000477999	rs79487279	Atg	Ttg	M	L	619  	.   0.04	3rqjB  307  M
ENSP00000477999	rs79487279	Atg	Ttg	M	L	619  	.   0.04	3rqkA  305  M
ENSP00000477999	rs79487279	Atg	Ttg	M	L	619  	.   0.04	3rqkB  307  M
ENSP00000477999	rs79487279	Atg	Ttg	M	L	619  	.   0.04	3rqlA  307  M
ENSP00000477999	rs79487279	Atg	Ttg	M	L	619  	.   0.04	3rqlB  307  M
ENSP00000477999	rs79487279	Atg	Ttg	M	L	619  	.   0.04	3rqmA  305  M
ENSP00000477999	rs79487279	Atg	Ttg	M	L	619  	.   0.04	3rqmB  307  M
ENSP00000477999	rs79487279	Atg	Ttg	M	L	619  	.   0.04	3rqnA  307  M
ENSP00000477999	rs79487279	Atg	Ttg	M	L	619  	.   0.04	3rqnB  307  M
ENSP00000477999	rs79487279	Atg	Ttg	M	L	619  	.   0.04	3svpA  305  M
ENSP00000477999	rs79487279	Atg	Ttg	M	L	619  	.   0.04	3svpB  307  M
ENSP00000477999	rs79487279	Atg	Ttg	M	L	619  	.   0.04	3svqA  305  M
ENSP00000477999	rs79487279	Atg	Ttg	M	L	619  	.   0.04	3svqB  307  M
ENSP00000477999	rs79487279	Atg	Ttg	M	L	619  	.   0.04	3tylA  307  M
ENSP00000477999	rs79487279	Atg	Ttg	M	L	619  	.   0.04	3tylB  307  M
ENSP00000477999	rs79487279	Atg	Ttg	M	L	619  	.   0.04	3tymA  305  M
ENSP00000477999	rs79487279	Atg	Ttg	M	L	619  	.   0.04	3tymB  307  M
ENSP00000477999	rs79487279	Atg	Ttg	M	L	619  	.   0.04	3tynA  305  M
ENSP00000477999	rs79487279	Atg	Ttg	M	L	619  	.   0.04	3tynB  307  M
ENSP00000477999	rs79487279	Atg	Ttg	M	L	619  	.   0.04	3tyoA  305  M
ENSP00000477999	rs79487279	Atg	Ttg	M	L	619  	.   0.04	3tyoB  307  M
ENSP00000477999	rs79487279	Atg	Ttg	M	L	619  	.   0.04	3ufoA  305  M
ENSP00000477999	rs79487279	Atg	Ttg	M	L	619  	.   0.04	3ufoB  307  M
ENSP00000477999	rs79487279	Atg	Ttg	M	L	619  	.   0.04	3ufpA  305  M
ENSP00000477999	rs79487279	Atg	Ttg	M	L	619  	.   0.04	3ufpB  307  M
ENSP00000477999	rs79487279	Atg	Ttg	M	L	619  	.   0.04	3ufqA  305  M
ENSP00000477999	rs79487279	Atg	Ttg	M	L	619  	.   0.04	3ufqB  307  M
ENSP00000477999	rs79487279	Atg	Ttg	M	L	619  	.   0.04	3ufrA  305  M
ENSP00000477999	rs79487279	Atg	Ttg	M	L	619  	.   0.04	3ufrB  307  M
ENSP00000477999	rs79487279	Atg	Ttg	M	L	619  	.   0.04	3ufsA  305  M
ENSP00000477999	rs79487279	Atg	Ttg	M	L	619  	.   0.04	3ufsB  307  M
ENSP00000477999	rs79487279	Atg	Ttg	M	L	619  	.   0.04	3uftA  305  M
ENSP00000477999	rs79487279	Atg	Ttg	M	L	619  	.   0.04	3uftB  307  M
ENSP00000477999	rs79487279	Atg	Ttg	M	L	619  	.   0.04	3ufuA  305  M
ENSP00000477999	rs79487279	Atg	Ttg	M	L	619  	.   0.04	3ufuB  307  M
ENSP00000477999	rs79487279	Atg	Ttg	M	L	619  	.   0.04	3ufvA  305  M
ENSP00000477999	rs79487279	Atg	Ttg	M	L	619  	.   0.04	3ufvB  307  M
ENSP00000477999	rs79487279	Atg	Ttg	M	L	619  	.   0.04	3ufwA  305  M
ENSP00000477999	rs79487279	Atg	Ttg	M	L	619  	.   0.04	3ufwB  307  M
ENSP00000477999	rs79487279	Atg	Ttg	M	L	619  	.   0.04	4c39A  305  M
ENSP00000477999	rs79487279	Atg	Ttg	M	L	619  	.   0.04	4c39B  307  M
ENSP00000477999	rs79487279	Atg	Ttg	M	L	619  	.   0.04	4camA  305  M
ENSP00000477999	rs79487279	Atg	Ttg	M	L	619  	.   0.04	4camB  307  M
ENSP00000477999	rs79487279	Atg	Ttg	M	L	619  	.   0.04	4canA  305  M
ENSP00000477999	rs79487279	Atg	Ttg	M	L	619  	.   0.04	4canB  307  M
ENSP00000477999	rs79487279	Atg	Ttg	M	L	619  	.   0.04	4caoA  305  M
ENSP00000477999	rs79487279	Atg	Ttg	M	L	619  	.   0.04	4caoB  307  M
ENSP00000477999	rs79487279	Atg	Ttg	M	L	619  	.   0.04	4capA  305  M
ENSP00000477999	rs79487279	Atg	Ttg	M	L	619  	.   0.04	4capB  307  M
ENSP00000477999	rs79487279	Atg	Ttg	M	L	619  	.   0.04	4caqA  305  M
ENSP00000477999	rs79487279	Atg	Ttg	M	L	619  	.   0.04	4caqB  307  M
ENSP00000477999	rs79487279	Atg	Ttg	M	L	619  	.   0.04	4cdtA  305  M
ENSP00000477999	rs79487279	Atg	Ttg	M	L	619  	.   0.04	4cdtB  307  M
ENSP00000477999	rs79487279	Atg	Ttg	M	L	619  	.   0.04	4ctpA  305  M
ENSP00000477999	rs79487279	Atg	Ttg	M	L	619  	.   0.04	4ctpB  307  M
ENSP00000477999	rs79487279	Atg	Ttg	M	L	619  	.   0.04	4ctqA  305  M
ENSP00000477999	rs79487279	Atg	Ttg	M	L	619  	.   0.04	4ctqB  307  M
ENSP00000477999	rs79487279	Atg	Ttg	M	L	619  	.   0.04	4ctrA  305  M
ENSP00000477999	rs79487279	Atg	Ttg	M	L	619  	.   0.04	4ctrB  307  M
ENSP00000477999	rs79487279	Atg	Ttg	M	L	619  	.   0.04	4cttA  305  M
ENSP00000477999	rs79487279	Atg	Ttg	M	L	619  	.   0.04	4cttB  307  M
ENSP00000477999	rs79487279	Atg	Ttg	M	L	619  	.   0.04	4ctuA  305  M
ENSP00000477999	rs79487279	Atg	Ttg	M	L	619  	.   0.04	4ctuB  307  M
ENSP00000477999	rs79487279	Atg	Ttg	M	L	619  	.   0.04	4ctvA  305  M
ENSP00000477999	rs79487279	Atg	Ttg	M	L	619  	.   0.04	4ctvB  307  M
ENSP00000477999	rs79487279	Atg	Ttg	M	L	619  	.   0.04	4ctwA  305  M
ENSP00000477999	rs79487279	Atg	Ttg	M	L	619  	.   0.04	4ctwB  307  M
ENSP00000477999	rs79487279	Atg	Ttg	M	L	619  	.   0.04	4ctxA  305  M
ENSP00000477999	rs79487279	Atg	Ttg	M	L	619  	.   0.04	4ctxB  307  M
ENSP00000477999	rs79487279	Atg	Ttg	M	L	619  	.   0.04	4cx3B  307  M
ENSP00000477999	rs79487279	Atg	Ttg	M	L	619  	.   0.04	4cx4B  307  M
ENSP00000477999	rs79487279	Atg	Ttg	M	L	619  	.   0.04	4cx5A  305  M
ENSP00000477999	rs79487279	Atg	Ttg	M	L	619  	.   0.04	4cx5B  307  M
ENSP00000477999	rs79487279	Atg	Ttg	M	L	619  	.   0.04	4cx6A  305  M
ENSP00000477999	rs79487279	Atg	Ttg	M	L	619  	.   0.04	4cx6B  307  M
ENSP00000477999	rs79487279	Atg	Ttg	M	L	619  	.   0.04	4d1nA  318  M
ENSP00000477999	rs79487279	Atg	Ttg	M	L	619  	.   0.04	4d1nB  309  M
ENSP00000477999	rs79487279	Atg	Ttg	M	L	619  	.   0.04	4d1nC  318  M
ENSP00000477999	rs79487279	Atg	Ttg	M	L	619  	.   0.04	4d1nD  309  M
ENSP00000477999	rs79487279	Atg	Ttg	M	L	619  	.   0.04	4d2yA  305  M
ENSP00000477999	rs79487279	Atg	Ttg	M	L	619  	.   0.04	4d2yB  307  M
ENSP00000477999	rs79487279	Atg	Ttg	M	L	619  	.   0.04	4d2zA  305  M
ENSP00000477999	rs79487279	Atg	Ttg	M	L	619  	.   0.04	4d2zB  307  M
ENSP00000477999	rs79487279	Atg	Ttg	M	L	619  	.   0.04	4d30A  305  M
ENSP00000477999	rs79487279	Atg	Ttg	M	L	619  	.   0.04	4d30B  307  M
ENSP00000477999	rs79487279	Atg	Ttg	M	L	619  	.   0.04	4d31A  305  M
ENSP00000477999	rs79487279	Atg	Ttg	M	L	619  	.   0.04	4d31B  307  M
ENSP00000477999	rs79487279	Atg	Ttg	M	L	619  	.   0.04	4d32A  305  M
ENSP00000477999	rs79487279	Atg	Ttg	M	L	619  	.   0.04	4d32B  307  M
ENSP00000477999	rs79487279	Atg	Ttg	M	L	619  	.   0.04	4d3bA  305  M
ENSP00000477999	rs79487279	Atg	Ttg	M	L	619  	.   0.04	4d3bB  307  M
ENSP00000477999	rs79487279	Atg	Ttg	M	L	619  	.   0.04	4d7oA  305  M
ENSP00000477999	rs79487279	Atg	Ttg	M	L	619  	.   0.04	4d7oB  306  M
ENSP00000477999	rs79487279	Atg	Ttg	M	L	619  	.   0.04	4euxA  305  M
ENSP00000477999	rs79487279	Atg	Ttg	M	L	619  	.   0.04	4euxB  307  M
ENSP00000477999	rs79487279	Atg	Ttg	M	L	619  	.   0.04	4fvwA  305  M
ENSP00000477999	rs79487279	Atg	Ttg	M	L	619  	.   0.04	4fvwB  307  M
ENSP00000477999	rs79487279	Atg	Ttg	M	L	619  	.   0.04	4fvxA  305  M
ENSP00000477999	rs79487279	Atg	Ttg	M	L	619  	.   0.04	4fvxB  307  M
ENSP00000477999	rs79487279	Atg	Ttg	M	L	619  	.   0.04	4fvyA  305  M
ENSP00000477999	rs79487279	Atg	Ttg	M	L	619  	.   0.04	4fvyB  307  M
ENSP00000477999	rs79487279	Atg	Ttg	M	L	619  	.   0.04	4fvzA  305  M
ENSP00000477999	rs79487279	Atg	Ttg	M	L	619  	.   0.04	4fvzB  307  M
ENSP00000477999	rs79487279	Atg	Ttg	M	L	619  	.   0.04	4fw0A  305  M
ENSP00000477999	rs79487279	Atg	Ttg	M	L	619  	.   0.04	4fw0B  307  M
ENSP00000477999	rs79487279	Atg	Ttg	M	L	619  	.   0.04	4gqeA  305  M
ENSP00000477999	rs79487279	Atg	Ttg	M	L	619  	.   0.04	4gqeB  307  M
ENSP00000477999	rs79487279	Atg	Ttg	M	L	619  	.   0.04	4imsA  305  M
ENSP00000477999	rs79487279	Atg	Ttg	M	L	619  	.   0.04	4imsB  307  M
ENSP00000477999	rs79487279	Atg	Ttg	M	L	619  	.   0.04	4imtA  305  M
ENSP00000477999	rs79487279	Atg	Ttg	M	L	619  	.   0.04	4imtB  307  M
ENSP00000477999	rs79487279	Atg	Ttg	M	L	619  	.   0.04	4imuA  305  M
ENSP00000477999	rs79487279	Atg	Ttg	M	L	619  	.   0.04	4imuB  307  M
ENSP00000477999	rs79487279	Atg	Ttg	M	L	619  	.   0.04	4imwA  305  M
ENSP00000477999	rs79487279	Atg	Ttg	M	L	619  	.   0.04	4imwB  307  M
ENSP00000477999	rs79487279	Atg	Ttg	M	L	619  	.   0.04	4jseA  306  M
ENSP00000477999	rs79487279	Atg	Ttg	M	L	619  	.   0.04	4jseB  308  M
ENSP00000477999	rs79487279	Atg	Ttg	M	L	619  	.   0.04	4jsfA  305  M
ENSP00000477999	rs79487279	Atg	Ttg	M	L	619  	.   0.04	4jsfB  307  M
ENSP00000477999	rs79487279	Atg	Ttg	M	L	619  	.   0.04	4jsgB  307  M
ENSP00000477999	rs79487279	Atg	Ttg	M	L	619  	.   0.04	4jshA  316  M
ENSP00000477999	rs79487279	Atg	Ttg	M	L	619  	.   0.04	4jshB  316  M
ENSP00000477999	rs79487279	Atg	Ttg	M	L	619  	.   0.04	4jsiA  305  M
ENSP00000477999	rs79487279	Atg	Ttg	M	L	619  	.   0.04	4jsiB  307  M
ENSP00000477999	rs79487279	Atg	Ttg	M	L	619  	.   0.04	4jsjA  305  M
ENSP00000477999	rs79487279	Atg	Ttg	M	L	619  	.   0.04	4jsjB  307  M
ENSP00000477999	rs79487279	Atg	Ttg	M	L	619  	.   0.04	4k5dA  305  M
ENSP00000477999	rs79487279	Atg	Ttg	M	L	619  	.   0.04	4k5dB  307  M
ENSP00000477999	rs79487279	Atg	Ttg	M	L	619  	.   0.04	4k5eB  307  M
ENSP00000477999	rs79487279	Atg	Ttg	M	L	619  	.   0.04	4k5fA  305  M
ENSP00000477999	rs79487279	Atg	Ttg	M	L	619  	.   0.04	4k5fB  307  M
ENSP00000477999	rs79487279	Atg	Ttg	M	L	619  	.   0.04	4k5gA  305  M
ENSP00000477999	rs79487279	Atg	Ttg	M	L	619  	.   0.04	4k5gB  307  M
ENSP00000477999	rs79487279	Atg	Ttg	M	L	619  	.   0.04	4kchA  305  M
ENSP00000477999	rs79487279	Atg	Ttg	M	L	619  	.   0.04	4kchB  307  M
ENSP00000477999	rs79487279	Atg	Ttg	M	L	619  	.   0.04	4kciA  305  M
ENSP00000477999	rs79487279	Atg	Ttg	M	L	619  	.   0.04	4kciB  307  M
ENSP00000477999	rs79487279	Atg	Ttg	M	L	619  	.   0.04	4kcjA  305  M
ENSP00000477999	rs79487279	Atg	Ttg	M	L	619  	.   0.04	4kcjB  307  M
ENSP00000477999	rs79487279	Atg	Ttg	M	L	619  	.   0.04	4kckA  305  M
ENSP00000477999	rs79487279	Atg	Ttg	M	L	619  	.   0.04	4kckB  307  M
ENSP00000477999	rs79487279	Atg	Ttg	M	L	619  	.   0.04	4kclA  305  M
ENSP00000477999	rs79487279	Atg	Ttg	M	L	619  	.   0.04	4kclB  307  M
ENSP00000477999	rs79487279	Atg	Ttg	M	L	619  	.   0.04	4kcmA  305  M
ENSP00000477999	rs79487279	Atg	Ttg	M	L	619  	.   0.04	4kcmB  307  M
ENSP00000477999	rs79487279	Atg	Ttg	M	L	619  	.   0.04	4kcnA  305  M
ENSP00000477999	rs79487279	Atg	Ttg	M	L	619  	.   0.04	4kcnB  307  M
ENSP00000477999	rs79487279	Atg	Ttg	M	L	619  	.   0.04	4kcoA  305  M
ENSP00000477999	rs79487279	Atg	Ttg	M	L	619  	.   0.04	4kcoB  307  M
ENSP00000477999	rs79487279	Atg	Ttg	M	L	619  	.   0.04	4luxA  305  M
ENSP00000477999	rs79487279	Atg	Ttg	M	L	619  	.   0.04	4luxB  307  M
ENSP00000477999	rs79487279	Atg	Ttg	M	L	619  	.   0.04	4uchA  310  M
ENSP00000477999	rs79487279	Atg	Ttg	M	L	619  	.   0.04	4uchB  306  M
ENSP00000477999	rs79487279	Atg	Ttg	M	L	619  	.   0.04	4ugzA  305  M
ENSP00000477999	rs79487279	Atg	Ttg	M	L	619  	.   0.04	4ugzB  307  M
ENSP00000477999	rs79487279	Atg	Ttg	M	L	619  	.   0.04	4uh0A  305  M
ENSP00000477999	rs79487279	Atg	Ttg	M	L	619  	.   0.04	4uh0B  307  M
ENSP00000477999	rs79487279	Atg	Ttg	M	L	619  	.   0.04	4uh1A  305  M
ENSP00000477999	rs79487279	Atg	Ttg	M	L	619  	.   0.04	4uh1B  307  M
ENSP00000477999	rs79487279	Atg	Ttg	M	L	619  	.   0.04	4uh2A  305  M
ENSP00000477999	rs79487279	Atg	Ttg	M	L	619  	.   0.04	4uh2B  307  M
ENSP00000477999	rs79487279	Atg	Ttg	M	L	619  	.   0.04	4uh3A  305  M
ENSP00000477999	rs79487279	Atg	Ttg	M	L	619  	.   0.04	4uh3B  307  M
ENSP00000477999	rs79487279	Atg	Ttg	M	L	619  	.   0.04	4uh4A  305  M
ENSP00000477999	rs79487279	Atg	Ttg	M	L	619  	.   0.04	4uh4B  307  M
ENSP00000477999	rs79487279	Atg	Ttg	M	L	619  	.   0.04	4uh5A  313  M
ENSP00000477999	rs79487279	Atg	Ttg	M	L	619  	.   0.04	4uh5B  306  M
ENSP00000477999	rs79487279	Atg	Ttg	M	L	619  	.   0.04	4uh6A  310  M
ENSP00000477999	rs79487279	Atg	Ttg	M	L	619  	.   0.04	4uh6B  306  M
ENSP00000477999	rs79487279	Atg	Ttg	M	L	619  	.   0.04	4upmA  305  M
ENSP00000477999	rs79487279	Atg	Ttg	M	L	619  	.   0.04	4upmB  307  M
ENSP00000477999	rs79487279	Atg	Ttg	M	L	619  	.   0.04	4upnA  305  M
ENSP00000477999	rs79487279	Atg	Ttg	M	L	619  	.   0.04	4upnB  307  M
ENSP00000477999	rs79487279	Atg	Ttg	M	L	619  	.   0.04	4upoA  305  M
ENSP00000477999	rs79487279	Atg	Ttg	M	L	619  	.   0.04	4upoB  307  M
ENSP00000477999	rs79487279	Atg	Ttg	M	L	619  	.   0.04	4uppA  305  M
ENSP00000477999	rs79487279	Atg	Ttg	M	L	619  	.   0.04	4uppB  307  M
ENSP00000477999	rs79487279	Atg	Ttg	M	L	619  	.   0.04	4v3uA  318  M
ENSP00000477999	rs79487279	Atg	Ttg	M	L	619  	.   0.04	4v3uB  309  M
ENSP00000477999	rs79487279	Atg	Ttg	M	L	619  	.   0.04	4v3uC  318  M
ENSP00000477999	rs79487279	Atg	Ttg	M	L	619  	.   0.04	4v3uD  309  M
ENSP00000477999	rs79487279	Atg	Ttg	M	L	619  	.   0.04	4v3vA  305  M
ENSP00000477999	rs79487279	Atg	Ttg	M	L	619  	.   0.04	4v3vB  307  M
ENSP00000477999	rs79487279	Atg	Ttg	M	L	619  	.   0.04	4v3wA  305  M
ENSP00000477999	rs79487279	Atg	Ttg	M	L	619  	.   0.04	4v3wB  307  M
ENSP00000477999	rs79487279	Atg	Ttg	M	L	619  	.   0.04	4v3xA  305  M
ENSP00000477999	rs79487279	Atg	Ttg	M	L	619  	.   0.04	4v3xB  307  M
ENSP00000477999	rs79487279	Atg	Ttg	M	L	619  	.   0.04	4v3yA  305  M
ENSP00000477999	rs79487279	Atg	Ttg	M	L	619  	.   0.04	4v3yB  307  M
ENSP00000477999	rs79487279	Atg	Ttg	M	L	619  	.   0.04	4v3zA  305  M
ENSP00000477999	rs79487279	Atg	Ttg	M	L	619  	.   0.04	4v3zB  307  M
ENSP00000477999	rs79487279	Atg	Ttg	M	L	619  	.   0.04	5ad4A  305  M
ENSP00000477999	rs79487279	Atg	Ttg	M	L	619  	.   0.04	5ad4B  307  M
ENSP00000477999	rs79487279	Atg	Ttg	M	L	619  	.   0.04	5ad5A  305  M
ENSP00000477999	rs79487279	Atg	Ttg	M	L	619  	.   0.04	5ad5B  307  M
ENSP00000477999	rs79487279	Atg	Ttg	M	L	619  	.   0.04	5ad6A  305  M
ENSP00000477999	rs79487279	Atg	Ttg	M	L	619  	.   0.04	5ad6B  307  M
ENSP00000477999	rs79487279	Atg	Ttg	M	L	619  	.   0.04	5ad7A  305  M
ENSP00000477999	rs79487279	Atg	Ttg	M	L	619  	.   0.04	5ad7B  307  M
ENSP00000477999	rs79487279	Atg	Ttg	M	L	619  	.   0.04	5ad8A  305  M
ENSP00000477999	rs79487279	Atg	Ttg	M	L	619  	.   0.04	5ad8B  307  M
ENSP00000477999	rs79487279	Atg	Ttg	M	L	619  	.   0.04	5ad9A  305  M
ENSP00000477999	rs79487279	Atg	Ttg	M	L	619  	.   0.04	5ad9B  307  M
ENSP00000477999	rs79487279	Atg	Ttg	M	L	619  	.   0.04	5adaA  305  M
ENSP00000477999	rs79487279	Atg	Ttg	M	L	619  	.   0.04	5adaB  307  M
ENSP00000477999	rs79487279	Atg	Ttg	M	L	619  	.   0.04	5adbA  305  M
ENSP00000477999	rs79487279	Atg	Ttg	M	L	619  	.   0.04	5adbB  307  M
ENSP00000477999	rs79487279	Atg	Ttg	M	L	619  	.   0.04	5adcA  305  M
ENSP00000477999	rs79487279	Atg	Ttg	M	L	619  	.   0.04	5adcB  307  M
ENSP00000477999	rs79487279	Atg	Ttg	M	L	619  	.   0.04	5addB  307  M
ENSP00000477999	rs79487279	Atg	Ttg	M	L	619  	.   0.04	5adeB  307  M
ENSP00000477999	rs79487279	Atg	Ttg	M	L	619  	.   0.04	5adfA  310  M
ENSP00000477999	rs79487279	Atg	Ttg	M	L	619  	.   0.04	5adfB  306  M
ENSP00000477999	rs79487279	Atg	Ttg	M	L	619  	.   0.04	5adgA  310  M
ENSP00000477999	rs79487279	Atg	Ttg	M	L	619  	.   0.04	5adgB  306  M
ENSP00000477999	rs79487279	Atg	Ttg	M	L	619  	.   0.04	5adiA  310  M
ENSP00000477999	rs79487279	Atg	Ttg	M	L	619  	.   0.04	5adiB  306  M
ENSP00000477999	rs79487279	Atg	Ttg	M	L	619  	.   0.04	5agkA  305  M
ENSP00000477999	rs79487279	Atg	Ttg	M	L	619  	.   0.04	5agkB  307  M
ENSP00000477999	rs79487279	Atg	Ttg	M	L	619  	.   0.04	5aglA  305  M
ENSP00000477999	rs79487279	Atg	Ttg	M	L	619  	.   0.04	5aglB  307  M
ENSP00000477999	rs79487279	Atg	Ttg	M	L	619  	.   0.04	5agmA  305  M
ENSP00000477999	rs79487279	Atg	Ttg	M	L	619  	.   0.04	5agmB  307  M
ENSP00000477999	rs79487279	Atg	Ttg	M	L	619  	.   0.04	5agnA  305  M
ENSP00000477999	rs79487279	Atg	Ttg	M	L	619  	.   0.04	5agnB  307  M
ENSP00000477999	rs79487279	Atg	Ttg	M	L	619  	.   0.04	5agoA  305  M
ENSP00000477999	rs79487279	Atg	Ttg	M	L	619  	.   0.04	5agoB  307  M
ENSP00000477999	rs79487279	Atg	Ttg	M	L	619  	.   0.04	5agpA  305  M
ENSP00000477999	rs79487279	Atg	Ttg	M	L	619  	.   0.04	5agpB  307  M
ENSP00000477999	rs79487279	Atg	Ttg	M	L	619  	.   0.04	5fvoA  309  M
ENSP00000477999	rs79487279	Atg	Ttg	M	L	619  	.   0.04	5fvpA  305  M
ENSP00000477999	rs79487279	Atg	Ttg	M	L	619  	.   0.04	5fvpB  307  M
ENSP00000477999	rs79487279	Atg	Ttg	M	L	619  	.   0.04	5fvqA  305  M
ENSP00000477999	rs79487279	Atg	Ttg	M	L	619  	.   0.04	5fvqB  307  M
ENSP00000477999	rs79487279	Atg	Ttg	M	L	619  	.   0.04	5fvrA  305  M
ENSP00000477999	rs79487279	Atg	Ttg	M	L	619  	.   0.04	5fvrB  307  M
ENSP00000477999	rs79487279	Atg	Ttg	M	L	619  	.   0.04	5fvsA  305  M
ENSP00000477999	rs79487279	Atg	Ttg	M	L	619  	.   0.04	5fvsB  307  M
ENSP00000477999	rs79487279	Atg	Ttg	M	L	619  	.   0.04	5fvtA  305  M
ENSP00000477999	rs79487279	Atg	Ttg	M	L	619  	.   0.04	5fvtB  307  M
ENSP00000477999	rs79487279	Atg	Ttg	M	L	619  	.   0.04	5fvuA  310  M
ENSP00000477999	rs79487279	Atg	Ttg	M	L	619  	.   0.04	5fvuB  306  M
ENSP00000477999	rs79487279	Atg	Ttg	M	L	619  	.   0.04	5fvvA  310  M
ENSP00000477999	rs79487279	Atg	Ttg	M	L	619  	.   0.04	5fvvB  306  M
ENSP00000477999	rs79487279	Atg	Ttg	M	L	619  	.   0.04	5fvwA  310  M
ENSP00000477999	rs79487279	Atg	Ttg	M	L	619  	.   0.04	5fvwB  307  M
ENSP00000477999	rs79487279	Atg	Ttg	M	L	619  	.   0.04	5fvxA  310  M
ENSP00000477999	rs79487279	Atg	Ttg	M	L	619  	.   0.04	5fvxB  307  M
ENSP00000477999	rs79487279	Atg	Ttg	M	L	619  	.   0.04	5fw0A  305  M
ENSP00000477999	rs79487279	Atg	Ttg	M	L	619  	.   0.04	5fw0B  307  M
ENSP00000477999	rs79487279	Atg	Ttg	M	L	619  	.   0.04	5g0nA  305  M
ENSP00000477999	rs79487279	Atg	Ttg	M	L	619  	.   0.04	5g0nB  307  M
ENSP00000477999	rs79487279	Atg	Ttg	M	L	619  	.   0.04	5g0oA  305  M
ENSP00000477999	rs79487279	Atg	Ttg	M	L	619  	.   0.04	5g0oB  307  M
ENSP00000477999	rs79487279	Atg	Ttg	M	L	619  	.   0.04	5g0pB  307  M
ENSP00000477999	rs79487279	Atg	Ttg	M	L	619  	.   0.04	5unrA  305  M
ENSP00000477999	rs79487279	Atg	Ttg	M	L	619  	.   0.04	5unrB  307  M
ENSP00000477999	rs79487279	Atg	Ttg	M	L	619  	.   0.04	5unsA  305  M
ENSP00000477999	rs79487279	Atg	Ttg	M	L	619  	.   0.04	5unsB  307  M
ENSP00000477999	rs79487279	Atg	Ttg	M	L	619  	.   0.04	5untA  305  M
ENSP00000477999	rs79487279	Atg	Ttg	M	L	619  	.   0.04	5untB  307  M
ENSP00000477999	rs79487279	Atg	Ttg	M	L	619  	.   0.04	5unuA  305  M
ENSP00000477999	rs79487279	Atg	Ttg	M	L	619  	.   0.04	5unuB  307  M
ENSP00000477999	rs79487279	Atg	Ttg	M	L	619  	.   0.04	5unvA  305  M
ENSP00000477999	rs79487279	Atg	Ttg	M	L	619  	.   0.04	5unvB  307  M
ENSP00000477999	rs79487279	Atg	Ttg	M	L	619  	.   0.04	5unwA  308  M
ENSP00000477999	rs79487279	Atg	Ttg	M	L	619  	.   0.04	5unwB  307  M
ENSP00000477999	rs79487279	Atg	Ttg	M	L	619  	.   0.04	5unxA  307  M
ENSP00000477999	rs79487279	Atg	Ttg	M	L	619  	.   0.04	5unxB  307  M
ENSP00000477999	rs79487279	Atg	Ttg	M	L	619  	.   0.04	5unyA  308  M
ENSP00000477999	rs79487279	Atg	Ttg	M	L	619  	.   0.04	5unyB  307  M
ENSP00000477999	rs79487279	Atg	Ttg	M	L	619  	.   0.04	5unzA  305  M
ENSP00000477999	rs79487279	Atg	Ttg	M	L	619  	.   0.04	5unzB  307  M
ENSP00000477999	rs79487279	Atg	Ttg	M	L	619  	.   0.04	5uo0A  308  M
ENSP00000477999	rs79487279	Atg	Ttg	M	L	619  	.   0.04	5uo0B  307  M
ENSP00000477999	rs79487279	Atg	Ttg	M	L	619  	.   0.04	5uo1A  310  M
ENSP00000477999	rs79487279	Atg	Ttg	M	L	619  	.   0.04	5uo1B  307  M
ENSP00000477999	rs79487279	Atg	Ttg	M	L	619  	.   0.04	5uo2A  313  M
ENSP00000477999	rs79487279	Atg	Ttg	M	L	619  	.   0.04	5uo2B  307  M
ENSP00000477999	rs79487279	Atg	Ttg	M	L	619  	.   0.04	5uo3A  310  M
ENSP00000477999	rs79487279	Atg	Ttg	M	L	619  	.   0.04	5uo3B  307  M
ENSP00000477999	rs79487279	Atg	Ttg	M	L	619  	.   0.04	5uo4A  312  M
ENSP00000477999	rs79487279	Atg	Ttg	M	L	619  	.   0.04	5uo4B  306  M
ENSP00000477999	rs79487279	Atg	Ttg	M	L	619  	.   0.04	5uo5A  312  M
ENSP00000477999	rs79487279	Atg	Ttg	M	L	619  	.   0.04	5uo5B  307  M
ENSP00000477999	rs79487279	Atg	Ttg	M	L	619  	.   0.04	5uo6A  310  M
ENSP00000477999	rs79487279	Atg	Ttg	M	L	619  	.   0.04	5uo6B  308  M
ENSP00000477999	rs79487279	Atg	Ttg	M	L	619  	.   0.04	5uo7A  311  M
ENSP00000477999	rs79487279	Atg	Ttg	M	L	619  	.   0.04	5uo7B  308  M
ENSP00000477999	rs79487279	Atg	Ttg	M	L	619  	.   0.04	5vuiA  305  M
ENSP00000477999	rs79487279	Atg	Ttg	M	L	619  	.   0.04	5vuiB  307  M
ENSP00000477999	rs79487279	Atg	Ttg	M	L	619  	.   0.04	5vujA  305  M
ENSP00000477999	rs79487279	Atg	Ttg	M	L	619  	.   0.04	5vujB  307  M
ENSP00000477999	rs79487279	Atg	Ttg	M	L	619  	.   0.04	5vukA  305  M
ENSP00000477999	rs79487279	Atg	Ttg	M	L	619  	.   0.04	5vukB  307  M
ENSP00000477999	rs79487279	Atg	Ttg	M	L	619  	.   0.04	5vulA  305  M
ENSP00000477999	rs79487279	Atg	Ttg	M	L	619  	.   0.04	5vulB  307  M
ENSP00000477999	rs79487279	Atg	Ttg	M	L	619  	.   0.04	5vumA  305  M
ENSP00000477999	rs79487279	Atg	Ttg	M	L	619  	.   0.04	5vumB  307  M
ENSP00000477999	rs79487279	Atg	Ttg	M	L	619  	.   0.04	5vunA  305  M
ENSP00000477999	rs79487279	Atg	Ttg	M	L	619  	.   0.04	5vunB  307  M
ENSP00000477999	rs79487279	Atg	Ttg	M	L	619  	.   0.04	5vuoA  305  M
ENSP00000477999	rs79487279	Atg	Ttg	M	L	619  	.   0.04	5vuoB  307  M
ENSP00000477999	rs79487279	Atg	Ttg	M	L	619  	.   0.04	5vupA  305  M
ENSP00000477999	rs79487279	Atg	Ttg	M	L	619  	.   0.04	5vupB  307  M
ENSP00000477999	rs79487279	Atg	Ttg	M	L	619  	.   0.04	5vuqA  305  M
ENSP00000477999	rs79487279	Atg	Ttg	M	L	619  	.   0.04	5vuqB  307  M
ENSP00000477999	rs79487279	Atg	Ttg	M	L	619  	.   0.04	5vurA  305  M
ENSP00000477999	rs79487279	Atg	Ttg	M	L	619  	.   0.04	5vurB  307  M
ENSP00000477999	rs79487279	Atg	Ttg	M	L	619  	.   0.04	5vusA  308  M
ENSP00000477999	rs79487279	Atg	Ttg	M	L	619  	.   0.04	5vusB  307  M
ENSP00000477999	rs79487279	Atg	Ttg	M	L	619  	.   0.04	5vutA  305  M
ENSP00000477999	rs79487279	Atg	Ttg	M	L	619  	.   0.04	5vutB  307  M
ENSP00000477999	rs79487279	Atg	Ttg	M	L	619  	.   0.04	5vuuA  309  M
ENSP00000477999	rs79487279	Atg	Ttg	M	L	619  	.   0.04	5vuuB  308  M
ENSP00000477999	rs79487279	Atg	Ttg	M	L	619  	.   0.04	5vuvA  310  M
ENSP00000477999	rs79487279	Atg	Ttg	M	L	619  	.   0.04	5vuvB  307  M
ENSP00000477999	rs79487279	Atg	Ttg	M	L	619  	.   0.04	5vuwA  310  M
ENSP00000477999	rs79487279	Atg	Ttg	M	L	619  	.   0.04	5vuwB  307  M
ENSP00000477999	rs79487279	Atg	Ttg	M	L	619  	.   0.04	5vuxA  310  M
ENSP00000477999	rs79487279	Atg	Ttg	M	L	619  	.   0.04	5vuxB  306  M
ENSP00000477999	rs79487279	Atg	Ttg	M	L	619  	.   0.04	5vuyA  310  M
ENSP00000477999	rs79487279	Atg	Ttg	M	L	619  	.   0.04	5vuyB  306  M
ENSP00000477999	rs79487279	Atg	Ttg	M	L	619  	.   0.04	5vuzA  310  M
ENSP00000477999	rs79487279	Atg	Ttg	M	L	619  	.   0.04	5vuzB  306  M
ENSP00000477999	rs79487279	Atg	Ttg	M	L	619  	.   0.04	5vv0A  310  M
ENSP00000477999	rs79487279	Atg	Ttg	M	L	619  	.   0.04	5vv0B  306  M
ENSP00000477999	rs79487279	Atg	Ttg	M	L	619  	.   0.04	5vv1A  310  M
ENSP00000477999	rs79487279	Atg	Ttg	M	L	619  	.   0.04	5vv1B  306  M
ENSP00000477999	rs79487279	Atg	Ttg	M	L	619  	.   0.04	5vv2A  310  M
ENSP00000477999	rs79487279	Atg	Ttg	M	L	619  	.   0.04	5vv2B  306  M
ENSP00000477999	rs79487279	Atg	Ttg	M	L	619  	.   0.04	5vv3A  310  M
ENSP00000477999	rs79487279	Atg	Ttg	M	L	619  	.   0.04	5vv3B  306  M
ENSP00000477999	rs79487279	Atg	Ttg	M	L	619  	.   0.04	5vv4A  310  M
ENSP00000477999	rs79487279	Atg	Ttg	M	L	619  	.   0.04	5vv4B  306  M
ENSP00000477999	rs79487279	Atg	Ttg	M	L	619  	.   0.04	5vv5A  313  M
ENSP00000477999	rs79487279	Atg	Ttg	M	L	619  	.   0.04	5vv5B  307  M
ENSP00000477999	rs79487279	Atg	Ttg	M	L	619  	.   0.04	6auqA  305  M
ENSP00000477999	rs79487279	Atg	Ttg	M	L	619  	.   0.04	6auqB  307  M
ENSP00000477999	rs79487279	Atg	Ttg	M	L	619  	.   0.04	6aurA  305  M
ENSP00000477999	rs79487279	Atg	Ttg	M	L	619  	.   0.04	6aurB  307  M
ENSP00000477999	rs79487279	Atg	Ttg	M	L	619  	.   0.04	6ausA  305  M
ENSP00000477999	rs79487279	Atg	Ttg	M	L	619  	.   0.04	6ausB  307  M
ENSP00000477999	rs79487279	Atg	Ttg	M	L	619  	.   0.04	6autA  305  M
ENSP00000477999	rs79487279	Atg	Ttg	M	L	619  	.   0.04	6autB  307  M
ENSP00000477999	rs79487279	Atg	Ttg	M	L	619  	.   0.04	6auuA  308  M
ENSP00000477999	rs79487279	Atg	Ttg	M	L	619  	.   0.04	6auuB  307  M
ENSP00000477999	rs79487279	Atg	Ttg	M	L	619  	.   0.04	6auvA  309  M
ENSP00000477999	rs79487279	Atg	Ttg	M	L	619  	.   0.04	6auvB  309  M
ENSP00000477999	rs79487279	Atg	Ttg	M	L	619  	.   0.04	6auwA  305  M
ENSP00000477999	rs79487279	Atg	Ttg	M	L	619  	.   0.04	6auwB  307  M
ENSP00000477999	rs79487279	Atg	Ttg	M	L	619  	.   0.04	6auxA  305  M
ENSP00000477999	rs79487279	Atg	Ttg	M	L	619  	.   0.04	6auxB  307  M
ENSP00000477999	rs79487279	Atg	Ttg	M	L	619  	.   0.04	6auyA  312  M
ENSP00000477999	rs79487279	Atg	Ttg	M	L	619  	.   0.04	6auyB  307  M
ENSP00000477999	rs79487279	Atg	Ttg	M	L	619  	.   0.04	6auzA  310  M
ENSP00000477999	rs79487279	Atg	Ttg	M	L	619  	.   0.04	6auzB  306  M
ENSP00000477999	rs79487279	Atg	Ttg	M	L	619  	.   0.04	6av0A  310  M
ENSP00000477999	rs79487279	Atg	Ttg	M	L	619  	.   0.04	6av0B  307  M
ENSP00000477999	rs79487279	Atg	Ttg	M	L	619  	.   0.04	6av1A  310  M
ENSP00000477999	rs79487279	Atg	Ttg	M	L	619  	.   0.04	6av1B  306  M
ENSP00000477999	rs79487279	Atg	Ttg	M	L	619  	.   0.04	6av2A  310  M
ENSP00000477999	rs79487279	Atg	Ttg	M	L	619  	.   0.04	6av2B  307  M
ENSP00000477999	rs79487279	Atg	Ttg	M	L	619  	.   0.04	6av3A  310  M
ENSP00000477999	rs79487279	Atg	Ttg	M	L	619  	.   0.04	6av3B  306  M
ENSP00000477999	rs79487279	Atg	Ttg	M	L	619  	.   0.04	6av4A  312  M
ENSP00000477999	rs79487279	Atg	Ttg	M	L	619  	.   0.04	6av4B  307  M
ENSP00000477999	rs79487279	Atg	Ttg	M	L	619  	.   0.04	6av5A  310  M
ENSP00000477999	rs79487279	Atg	Ttg	M	L	619  	.   0.04	6av5B  307  M
ENSP00000478007	  rs241447	Aca	Gca	T	A	665  	.   0.06	5u1dB  536  T
ENSP00000478007	 rs4148876	Cgt	Tgt	R	C	651  	.   0.16	5u1dB  522  R
ENSP00000478007	 rs2228391	Atg	Gtg	M	V	577  	.   0.03	5u1dB  448  M
ENSP00000478007	 rs2228396	Act	Gct	T	A	565  	.   0.01	5u1dB  436  A
ENSP00000478007	 rs1800454	Ata	Gta	I	V	379  	.   0.02	5u1dB  250  V
ENSP00000478007	 rs2856992	gtG	gtA	V	V	387  	.   0.02	5u1dB  258  V
ENSP00000478007	 rs2228397	ggG	ggT	G	G	386  	.   0.02	5u1dB  257  G
ENSP00000478007	rs78328107	gCg	gTg	A	V	578  	.   0.03	5u1dB  449  A
ENSP00000478007	rs41551013	gtT	gtC	V	V	163  	.   0.08	5u1dB   34  V
ENSP00000478020	 rs3021082	cTg	cCg	L	P	162  	.   0.02	3qm4A  181  L
ENSP00000478020	 rs3021082	cTg	cCg	L	P	162  	.   0.02	3qm4B  181  L
ENSP00000478020	 rs3021082	cTg	cCg	L	P	162  	.   0.02	4wntA  173  L
ENSP00000478020	 rs3021082	cTg	cCg	L	P	162  	.   0.02	4wntB  171  L
ENSP00000478020	 rs3021082	cTg	cCg	L	P	162  	.   0.02	4wnuA  165  L
ENSP00000478020	 rs3021082	cTg	cCg	L	P	162  	.   0.02	4wnuB  169  L
ENSP00000478020	 rs3021082	cTg	cCg	L	P	162  	.   0.02	4wnuC  168  L
ENSP00000478020	 rs3021082	cTg	cCg	L	P	162  	.   0.02	4wnuD  166  L
ENSP00000478020	 rs3021082	cTg	cCg	L	P	162  	.   0.02	4wnvA  180  L
ENSP00000478020	 rs3021082	cTg	cCg	L	P	162  	.   0.02	4wnvB  171  L
ENSP00000478020	 rs3021082	cTg	cCg	L	P	162  	.   0.02	4wnvC  170  L
ENSP00000478020	 rs3021082	cTg	cCg	L	P	162  	.   0.02	4wnvD  169  L
ENSP00000478020	 rs3021082	cTg	cCg	L	P	162  	.   0.02	4wnwA  177  L
ENSP00000478020	 rs3021082	cTg	cCg	L	P	162  	.   0.02	4wnwB  176  L
ENSP00000478020	 rs3021082	cTg	cCg	L	P	162  	.   0.02	4xryA  180  L
ENSP00000478020	 rs3021082	cTg	cCg	L	P	162  	.   0.02	4xryB  171  L
ENSP00000478020	 rs3021082	cTg	cCg	L	P	162  	.   0.02	4xryC  162  L
ENSP00000478020	 rs3021082	cTg	cCg	L	P	162  	.   0.02	4xryD  168  L
ENSP00000478020	 rs3021082	cTg	cCg	L	P	162  	.   0.02	4xrzA  173  L
ENSP00000478020	 rs3021082	cTg	cCg	L	P	162  	.   0.02	4xrzB  174  L
ENSP00000478020	 rs3021082	cTg	cCg	L	P	162  	.   0.02	4xrzC  171  L
ENSP00000478020	 rs3021082	cTg	cCg	L	P	162  	.   0.02	4xrzD  171  L
ENSP00000478020	 rs3021082	cTg	cCg	L	P	162  	.   0.02	5tfuA  167  L
ENSP00000478020	 rs3021082	cTg	cCg	L	P	162  	.   0.02	5tfuB  167  L
ENSP00000478020	 rs3021082	cTg	cCg	L	P	162  	.   0.02	5tfuC  166  L
ENSP00000478020	 rs3021082	cTg	cCg	L	P	162  	.   0.02	5tfuD  169  L
ENSP00000478020	rs11090077	aGc	aAc	S	N	70   	.   0.01	3qm4A   38  S
ENSP00000478020	rs11090077	aGc	aAc	S	N	70   	.   0.01	3qm4B   38  S
ENSP00000478020	rs11090077	aGc	aAc	S	N	70   	.   0.01	4wntA   30  S
ENSP00000478020	rs11090077	aGc	aAc	S	N	70   	.   0.01	4wntB   28  S
ENSP00000478020	rs11090077	aGc	aAc	S	N	70   	.   0.01	4wnuA   25  S
ENSP00000478020	rs11090077	aGc	aAc	S	N	70   	.   0.01	4wnuB   26  S
ENSP00000478020	rs11090077	aGc	aAc	S	N	70   	.   0.01	4wnuC   25  S
ENSP00000478020	rs11090077	aGc	aAc	S	N	70   	.   0.01	4wnuD   25  S
ENSP00000478020	rs11090077	aGc	aAc	S	N	70   	.   0.01	4wnvA   37  S
ENSP00000478020	rs11090077	aGc	aAc	S	N	70   	.   0.01	4wnvB   28  S
ENSP00000478020	rs11090077	aGc	aAc	S	N	70   	.   0.01	4wnvC   27  S
ENSP00000478020	rs11090077	aGc	aAc	S	N	70   	.   0.01	4wnvD   26  S
ENSP00000478020	rs11090077	aGc	aAc	S	N	70   	.   0.01	4wnwA   38  S
ENSP00000478020	rs11090077	aGc	aAc	S	N	70   	.   0.01	4wnwB   38  S
ENSP00000478020	rs11090077	aGc	aAc	S	N	70   	.   0.01	4xryA   37  S
ENSP00000478020	rs11090077	aGc	aAc	S	N	70   	.   0.01	4xryB   32  S
ENSP00000478020	rs11090077	aGc	aAc	S	N	70   	.   0.01	4xryC   24  S
ENSP00000478020	rs11090077	aGc	aAc	S	N	70   	.   0.01	4xryD   25  S
ENSP00000478020	rs11090077	aGc	aAc	S	N	70   	.   0.01	4xrzA   30  S
ENSP00000478020	rs11090077	aGc	aAc	S	N	70   	.   0.01	4xrzB   31  S
ENSP00000478020	rs11090077	aGc	aAc	S	N	70   	.   0.01	4xrzC   28  S
ENSP00000478020	rs11090077	aGc	aAc	S	N	70   	.   0.01	4xrzD   28  S
ENSP00000478020	rs11090077	aGc	aAc	S	N	70   	.   0.01	5tfuA   24  S
ENSP00000478020	rs11090077	aGc	aAc	S	N	70   	.   0.01	5tfuB   28  S
ENSP00000478020	rs11090077	aGc	aAc	S	N	70   	.   0.01	5tfuC   26  S
ENSP00000478020	rs11090077	aGc	aAc	S	N	70   	.   0.01	5tfuD   26  S
ENSP00000478059	 rs2304891	caA	caG	Q	Q	360  	.   0.07	3teqA   17  Q
ENSP00000478059	 rs2304891	caA	caG	Q	Q	360  	.   0.07	3teqB   17  Q
ENSP00000478059	 rs2304891	caA	caG	Q	Q	360  	.   0.07	3teqC   17  Q
ENSP00000478059	 rs2304891	caA	caG	Q	Q	360  	.   0.07	3teqD   17  Q
ENSP00000478062	rs34775958	gCc	gTc	A	V	317  	.   0.05	5k6wA  219  A
ENSP00000478062	rs34775958	gCc	gTc	A	V	317  	.   0.05	5k6wB  219  A
ENSP00000478076	 rs7921598	acT	acC	T	T	421  	.   0.07	5t4mA  160  T
ENSP00000478076	 rs7921598	acT	acC	T	T	421  	.   0.07	5t4mB  151  T
ENSP00000478076	 rs7921598	acT	acC	T	T	421  	.   0.07	5t4nA  151  T
ENSP00000478076	 rs7921598	acT	acC	T	T	421  	.   0.07	5t4nB  151  T
ENSP00000478076	 rs7921598	acT	acC	T	T	421  	.   0.07	5w1dA   24  T
ENSP00000478092	 rs2272554	gcT	gcC	A	A	588  	.    0.1	1br1A  574  A
ENSP00000478092	 rs2272554	gcT	gcC	A	A	588  	.    0.1	1br1C  574  A
ENSP00000478092	 rs2272554	gcT	gcC	A	A	588  	.    0.1	1br1E  574  A
ENSP00000478092	 rs2272554	gcT	gcC	A	A	588  	.    0.1	1br1G  574  A
ENSP00000478092	 rs2272554	gcT	gcC	A	A	588  	.    0.1	1br2A  501  A
ENSP00000478092	 rs2272554	gcT	gcC	A	A	588  	.    0.1	1br2B  501  A
ENSP00000478092	 rs2272554	gcT	gcC	A	A	588  	.    0.1	1br2C  501  A
ENSP00000478092	 rs2272554	gcT	gcC	A	A	588  	.    0.1	1br2D  501  A
ENSP00000478092	 rs2272554	gcT	gcC	A	A	588  	.    0.1	1br2E  501  A
ENSP00000478092	 rs2272554	gcT	gcC	A	A	588  	.    0.1	1br2F  501  A
ENSP00000478092	 rs2272554	gcT	gcC	A	A	588  	.    0.1	1br4A  568  A
ENSP00000478092	 rs2272554	gcT	gcC	A	A	588  	.    0.1	1br4C  568  A
ENSP00000478092	 rs2272554	gcT	gcC	A	A	588  	.    0.1	1br4E  568  A
ENSP00000478092	 rs2272554	gcT	gcC	A	A	588  	.    0.1	1br4G  568  A
ENSP00000478092	 rs2272554	gcT	gcC	A	A	588  	.    0.1	1i84A  574  A
ENSP00000478092	 rs2272554	gcT	gcC	A	A	588  	.    0.1	1i84D  574  A
ENSP00000478092	 rs2272554	gcT	gcC	A	A	588  	.    0.1	3dtpA  574  A
ENSP00000478092	 rs2272554	gcT	gcC	A	A	588  	.    0.1	3dtpB  574  A
ENSP00000478092	 rs2272554	gcT	gcC	A	A	588  	.    0.1	3j04A  580  A
ENSP00000478092	 rs2272554	gcT	gcC	A	A	588  	.    0.1	3j04D  580  A
ENSP00000478092	 rs2272554	gcT	gcC	A	A	588  	.    0.1	3jaxA  574  A
ENSP00000478092	 rs2272554	gcT	gcC	A	A	588  	.    0.1	3jaxB  574  A
ENSP00000478092	 rs2272554	gcT	gcC	A	A	588  	.    0.1	5m05A  537  A
ENSP00000478092	 rs2272554	gcT	gcC	A	A	588  	.    0.1	5t45A  537  A
ENSP00000478109	 rs2272554	gcT	gcC	A	A	588  	.    0.1	1br1A  574  A
ENSP00000478109	 rs2272554	gcT	gcC	A	A	588  	.    0.1	1br1C  574  A
ENSP00000478109	 rs2272554	gcT	gcC	A	A	588  	.    0.1	1br1E  574  A
ENSP00000478109	 rs2272554	gcT	gcC	A	A	588  	.    0.1	1br1G  574  A
ENSP00000478109	 rs2272554	gcT	gcC	A	A	588  	.    0.1	1br2A  501  A
ENSP00000478109	 rs2272554	gcT	gcC	A	A	588  	.    0.1	1br2B  501  A
ENSP00000478109	 rs2272554	gcT	gcC	A	A	588  	.    0.1	1br2C  501  A
ENSP00000478109	 rs2272554	gcT	gcC	A	A	588  	.    0.1	1br2D  501  A
ENSP00000478109	 rs2272554	gcT	gcC	A	A	588  	.    0.1	1br2E  501  A
ENSP00000478109	 rs2272554	gcT	gcC	A	A	588  	.    0.1	1br2F  501  A
ENSP00000478109	 rs2272554	gcT	gcC	A	A	588  	.    0.1	1br4A  568  A
ENSP00000478109	 rs2272554	gcT	gcC	A	A	588  	.    0.1	1br4C  568  A
ENSP00000478109	 rs2272554	gcT	gcC	A	A	588  	.    0.1	1br4E  568  A
ENSP00000478109	 rs2272554	gcT	gcC	A	A	588  	.    0.1	1br4G  568  A
ENSP00000478109	 rs2272554	gcT	gcC	A	A	588  	.    0.1	1i84A  574  A
ENSP00000478109	 rs2272554	gcT	gcC	A	A	588  	.    0.1	1i84D  574  A
ENSP00000478109	 rs2272554	gcT	gcC	A	A	588  	.    0.1	3dtpA  574  A
ENSP00000478109	 rs2272554	gcT	gcC	A	A	588  	.    0.1	3dtpB  574  A
ENSP00000478109	 rs2272554	gcT	gcC	A	A	588  	.    0.1	3j04A  580  A
ENSP00000478109	 rs2272554	gcT	gcC	A	A	588  	.    0.1	3j04D  580  A
ENSP00000478109	 rs2272554	gcT	gcC	A	A	588  	.    0.1	3jaxA  574  A
ENSP00000478109	 rs2272554	gcT	gcC	A	A	588  	.    0.1	3jaxB  574  A
ENSP00000478109	 rs2272554	gcT	gcC	A	A	588  	.    0.1	5m05A  537  A
ENSP00000478109	 rs2272554	gcT	gcC	A	A	588  	.    0.1	5t45A  537  A
ENSP00000478171	 rs2123731	gaA	gaG	E	E	195  	.   0.16	2l3rA    7  E
ENSP00000478171	 rs2123731	gaA	gaG	E	E	195  	.   0.16	3db3A    5  E
ENSP00000478171	 rs2123731	gaA	gaG	E	E	195  	.   0.16	3db4A    3  E
ENSP00000478171	 rs2123731	gaA	gaG	E	E	195  	.   0.16	5xpiA    5  E
ENSP00000478219	rs55819519	cGc	cAc	R	H	251  	*   0.58	1gzhA  185  R
ENSP00000478219	rs55819519	cGc	cAc	R	H	251  	*   0.58	1gzhC  196  R
ENSP00000478219	rs55819519	cGc	cAc	R	H	251  	*   0.58	1uolA  195  R
ENSP00000478219	rs55819519	cGc	cAc	R	H	251  	*   0.58	1uolB  195  R
ENSP00000478219	rs55819519	cGc	cAc	R	H	251  	*   0.58	2ac0E  197  R
ENSP00000478219	rs55819519	cGc	cAc	R	H	251  	*   0.58	2ac0F  197  R
ENSP00000478219	rs55819519	cGc	cAc	R	H	251  	*   0.58	2ac0G  195  R
ENSP00000478219	rs55819519	cGc	cAc	R	H	251  	*   0.58	2ac0H  195  R
ENSP00000478219	rs55819519	cGc	cAc	R	H	251  	*   0.58	2adyC  196  R
ENSP00000478219	rs55819519	cGc	cAc	R	H	251  	*   0.58	2adyD  197  R
ENSP00000478219	rs55819519	cGc	cAc	R	H	251  	*   0.58	2ahiE  196  R
ENSP00000478219	rs55819519	cGc	cAc	R	H	251  	*   0.58	2ahiF  197  R
ENSP00000478219	rs55819519	cGc	cAc	R	H	251  	*   0.58	2ahiH  195  R
ENSP00000478219	rs55819519	cGc	cAc	R	H	251  	*   0.58	2ataE  195  R
ENSP00000478219	rs55819519	cGc	cAc	R	H	251  	*   0.58	2ataF  197  R
ENSP00000478219	rs55819519	cGc	cAc	R	H	251  	*   0.58	2ataG  195  R
ENSP00000478219	rs55819519	cGc	cAc	R	H	251  	*   0.58	2ataH  197  R
ENSP00000478219	rs55819519	cGc	cAc	R	H	251  	*   0.58	2bimA  195  R
ENSP00000478219	rs55819519	cGc	cAc	R	H	251  	*   0.58	2bimB  195  R
ENSP00000478219	rs55819519	cGc	cAc	R	H	251  	*   0.58	2binA  182  R
ENSP00000478219	rs55819519	cGc	cAc	R	H	251  	*   0.58	2bioA  186  R
ENSP00000478219	rs55819519	cGc	cAc	R	H	251  	*   0.58	2bipA  185  R
ENSP00000478219	rs55819519	cGc	cAc	R	H	251  	*   0.58	2biqA  185  R
ENSP00000478219	rs55819519	cGc	cAc	R	H	251  	*   0.58	2fejA  197  R
ENSP00000478219	rs55819519	cGc	cAc	R	H	251  	*   0.58	2geqC  186  R
ENSP00000478219	rs55819519	cGc	cAc	R	H	251  	*   0.58	2geqD  186  R
ENSP00000478219	rs55819519	cGc	cAc	R	H	251  	*   0.58	2j1wA  195  R
ENSP00000478219	rs55819519	cGc	cAc	R	H	251  	*   0.58	2j1wB  195  R
ENSP00000478219	rs55819519	cGc	cAc	R	H	251  	*   0.58	2j1xA  195  R
ENSP00000478219	rs55819519	cGc	cAc	R	H	251  	*   0.58	2j1xB  194  R
ENSP00000478219	rs55819519	cGc	cAc	R	H	251  	*   0.58	2j1zA  195  R
ENSP00000478219	rs55819519	cGc	cAc	R	H	251  	*   0.58	2j1zB  195  R
ENSP00000478219	rs55819519	cGc	cAc	R	H	251  	*   0.58	2j20A  195  R
ENSP00000478219	rs55819519	cGc	cAc	R	H	251  	*   0.58	2j20B  194  R
ENSP00000478219	rs55819519	cGc	cAc	R	H	251  	*   0.58	2mejB  195  R
ENSP00000478219	rs55819519	cGc	cAc	R	H	251  	*   0.58	2p52A  196  R
ENSP00000478219	rs55819519	cGc	cAc	R	H	251  	*   0.58	2pcxA  203  R
ENSP00000478219	rs55819519	cGc	cAc	R	H	251  	*   0.58	2vukA  195  R
ENSP00000478219	rs55819519	cGc	cAc	R	H	251  	*   0.58	2vukB  196  R
ENSP00000478219	rs55819519	cGc	cAc	R	H	251  	*   0.58	2wgxA  195  R
ENSP00000478219	rs55819519	cGc	cAc	R	H	251  	*   0.58	2wgxB  194  R
ENSP00000478219	rs55819519	cGc	cAc	R	H	251  	*   0.58	2x0uA  195  R
ENSP00000478219	rs55819519	cGc	cAc	R	H	251  	*   0.58	2x0uB  194  R
ENSP00000478219	rs55819519	cGc	cAc	R	H	251  	*   0.58	2x0vA  193  R
ENSP00000478219	rs55819519	cGc	cAc	R	H	251  	*   0.58	2x0wA  195  R
ENSP00000478219	rs55819519	cGc	cAc	R	H	251  	*   0.58	2x0wB  194  R
ENSP00000478219	rs55819519	cGc	cAc	R	H	251  	*   0.58	2xwrB  200  R
ENSP00000478219	rs55819519	cGc	cAc	R	H	251  	*   0.58	3d07B  195  R
ENSP00000478219	rs55819519	cGc	cAc	R	H	251  	*   0.58	3d09A  188  R
ENSP00000478219	rs55819519	cGc	cAc	R	H	251  	*   0.58	3d0aE  195  R
ENSP00000478219	rs55819519	cGc	cAc	R	H	251  	*   0.58	3d0aF  196  R
ENSP00000478219	rs55819519	cGc	cAc	R	H	251  	*   0.58	3exjA  190  R
ENSP00000478219	rs55819519	cGc	cAc	R	H	251  	*   0.58	3exjB  192  R
ENSP00000478219	rs55819519	cGc	cAc	R	H	251  	*   0.58	3exlA  191  R
ENSP00000478219	rs55819519	cGc	cAc	R	H	251  	*   0.58	3igkA  194  R
ENSP00000478219	rs55819519	cGc	cAc	R	H	251  	*   0.58	3iglA  194  R
ENSP00000478219	rs55819519	cGc	cAc	R	H	251  	*   0.58	3kmdA  199  R
ENSP00000478219	rs55819519	cGc	cAc	R	H	251  	*   0.58	3kmdB  199  R
ENSP00000478219	rs55819519	cGc	cAc	R	H	251  	*   0.58	3kmdC  199  R
ENSP00000478219	rs55819519	cGc	cAc	R	H	251  	*   0.58	3kmdD  199  R
ENSP00000478219	rs55819519	cGc	cAc	R	H	251  	*   0.58	3kz8A  193  R
ENSP00000478219	rs55819519	cGc	cAc	R	H	251  	*   0.58	3kz8B  193  R
ENSP00000478219	rs55819519	cGc	cAc	R	H	251  	*   0.58	3q01A  197  R
ENSP00000478219	rs55819519	cGc	cAc	R	H	251  	*   0.58	3q01B  197  R
ENSP00000478219	rs55819519	cGc	cAc	R	H	251  	*   0.58	3q05A  197  R
ENSP00000478219	rs55819519	cGc	cAc	R	H	251  	*   0.58	3q05B  197  R
ENSP00000478219	rs55819519	cGc	cAc	R	H	251  	*   0.58	3q05C  197  R
ENSP00000478219	rs55819519	cGc	cAc	R	H	251  	*   0.58	3q05D  197  R
ENSP00000478219	rs55819519	cGc	cAc	R	H	251  	*   0.58	3q06A  195  R
ENSP00000478219	rs55819519	cGc	cAc	R	H	251  	*   0.58	3q06B  195  R
ENSP00000478219	rs55819519	cGc	cAc	R	H	251  	*   0.58	3q06C  195  R
ENSP00000478219	rs55819519	cGc	cAc	R	H	251  	*   0.58	3q06D  195  R
ENSP00000478219	rs55819519	cGc	cAc	R	H	251  	*   0.58	3ts8A  197  R
ENSP00000478219	rs55819519	cGc	cAc	R	H	251  	*   0.58	3ts8B  197  R
ENSP00000478219	rs55819519	cGc	cAc	R	H	251  	*   0.58	3ts8C  197  R
ENSP00000478219	rs55819519	cGc	cAc	R	H	251  	*   0.58	3ts8D  197  R
ENSP00000478219	rs55819519	cGc	cAc	R	H	251  	*   0.58	3zmeA  195  R
ENSP00000478219	rs55819519	cGc	cAc	R	H	251  	*   0.58	3zmeB  196  R
ENSP00000478219	rs55819519	cGc	cAc	R	H	251  	*   0.58	4aglA  195  R
ENSP00000478219	rs55819519	cGc	cAc	R	H	251  	*   0.58	4aglB  197  R
ENSP00000478219	rs55819519	cGc	cAc	R	H	251  	*   0.58	4agmA  195  R
ENSP00000478219	rs55819519	cGc	cAc	R	H	251  	*   0.58	4agmB  197  R
ENSP00000478219	rs55819519	cGc	cAc	R	H	251  	*   0.58	4agnA  195  R
ENSP00000478219	rs55819519	cGc	cAc	R	H	251  	*   0.58	4agnB  197  R
ENSP00000478219	rs55819519	cGc	cAc	R	H	251  	*   0.58	4agoA  195  R
ENSP00000478219	rs55819519	cGc	cAc	R	H	251  	*   0.58	4agpA  195  R
ENSP00000478219	rs55819519	cGc	cAc	R	H	251  	*   0.58	4agpB  197  R
ENSP00000478219	rs55819519	cGc	cAc	R	H	251  	*   0.58	4agqA  195  R
ENSP00000478219	rs55819519	cGc	cAc	R	H	251  	*   0.58	4hjeA  199  R
ENSP00000478219	rs55819519	cGc	cAc	R	H	251  	*   0.58	4hjeB  199  R
ENSP00000478219	rs55819519	cGc	cAc	R	H	251  	*   0.58	4hjeC  199  R
ENSP00000478219	rs55819519	cGc	cAc	R	H	251  	*   0.58	4hjeD  199  R
ENSP00000478219	rs55819519	cGc	cAc	R	H	251  	*   0.58	4ibtA  196  R
ENSP00000478219	rs55819519	cGc	cAc	R	H	251  	*   0.58	4ibtC  197  R
ENSP00000478219	rs55819519	cGc	cAc	R	H	251  	*   0.58	4ibuA  195  R
ENSP00000478219	rs55819519	cGc	cAc	R	H	251  	*   0.58	4ibuB  197  R
ENSP00000478219	rs55819519	cGc	cAc	R	H	251  	*   0.58	4ibuC  195  R
ENSP00000478219	rs55819519	cGc	cAc	R	H	251  	*   0.58	4ibuD  196  R
ENSP00000478219	rs55819519	cGc	cAc	R	H	251  	*   0.58	4ibvA  194  R
ENSP00000478219	rs55819519	cGc	cAc	R	H	251  	*   0.58	4ibwA  194  R
ENSP00000478219	rs55819519	cGc	cAc	R	H	251  	*   0.58	4ibyA  197  R
ENSP00000478219	rs55819519	cGc	cAc	R	H	251  	*   0.58	4ijtA  197  R
ENSP00000478219	rs55819519	cGc	cAc	R	H	251  	*   0.58	4lofA  197  R
ENSP00000478219	rs55819519	cGc	cAc	R	H	251  	*   0.58	4mzrA  197  R
ENSP00000478219	rs55819519	cGc	cAc	R	H	251  	*   0.58	4mzrB  197  R
ENSP00000478219	rs55819519	cGc	cAc	R	H	251  	*   0.58	4mzrC  197  R
ENSP00000478219	rs55819519	cGc	cAc	R	H	251  	*   0.58	4mzrD  197  R
ENSP00000478219	rs55819519	cGc	cAc	R	H	251  	*   0.58	4qo1B  199  R
ENSP00000478219	rs55819519	cGc	cAc	R	H	251  	*   0.58	4xr8C  197  R
ENSP00000478219	rs55819519	cGc	cAc	R	H	251  	*   0.58	4xr8D  197  R
ENSP00000478219	rs55819519	cGc	cAc	R	H	251  	*   0.58	5a7bA  195  R
ENSP00000478219	rs55819519	cGc	cAc	R	H	251  	*   0.58	5a7bB  197  R
ENSP00000478219	rs55819519	cGc	cAc	R	H	251  	*   0.58	5ab9A  195  R
ENSP00000478219	rs55819519	cGc	cAc	R	H	251  	*   0.58	5ab9B  196  R
ENSP00000478219	rs55819519	cGc	cAc	R	H	251  	*   0.58	5abaA  195  R
ENSP00000478219	rs55819519	cGc	cAc	R	H	251  	*   0.58	5abaB  197  R
ENSP00000478219	rs55819519	cGc	cAc	R	H	251  	*   0.58	5aoiA  195  R
ENSP00000478219	rs55819519	cGc	cAc	R	H	251  	*   0.58	5aoiB  196  R
ENSP00000478219	rs55819519	cGc	cAc	R	H	251  	*   0.58	5aojA  195  R
ENSP00000478219	rs55819519	cGc	cAc	R	H	251  	*   0.58	5aojB  197  R
ENSP00000478219	rs55819519	cGc	cAc	R	H	251  	*   0.58	5aokA  195  R
ENSP00000478219	rs55819519	cGc	cAc	R	H	251  	*   0.58	5aokB  197  R
ENSP00000478219	rs55819519	cGc	cAc	R	H	251  	*   0.58	5aolA  195  R
ENSP00000478219	rs55819519	cGc	cAc	R	H	251  	*   0.58	5aolB  197  R
ENSP00000478219	rs55819519	cGc	cAc	R	H	251  	*   0.58	5aomA  195  R
ENSP00000478219	rs55819519	cGc	cAc	R	H	251  	*   0.58	5buaA  196  R
ENSP00000478219	rs55819519	cGc	cAc	R	H	251  	*   0.58	5ecgA  189  R
ENSP00000478219	rs55819519	cGc	cAc	R	H	251  	*   0.58	5g4mA  195  R
ENSP00000478219	rs55819519	cGc	cAc	R	H	251  	*   0.58	5g4mB  197  R
ENSP00000478219	rs55819519	cGc	cAc	R	H	251  	*   0.58	5g4nA  195  R
ENSP00000478219	rs55819519	cGc	cAc	R	H	251  	*   0.58	5g4nB  197  R
ENSP00000478219	rs55819519	cGc	cAc	R	H	251  	*   0.58	5g4oA  195  R
ENSP00000478219	rs55819519	cGc	cAc	R	H	251  	*   0.58	5g4oB  197  R
ENSP00000478219	rs55819519	cGc	cAc	R	H	251  	*   0.58	5lapA  195  R
ENSP00000478219	rs55819519	cGc	cAc	R	H	251  	*   0.58	5lapB  196  R
ENSP00000478219	rs55819519	cGc	cAc	R	H	251  	*   0.58	5lgyA  195  R
ENSP00000478219	rs55819519	cGc	cAc	R	H	251  	*   0.58	5lgyB  196  R
ENSP00000478219	rs55819519	cGc	cAc	R	H	251  	*   0.58	5lgyC  195  R
ENSP00000478219	rs55819519	cGc	cAc	R	H	251  	*   0.58	5lgyD  195  R
ENSP00000478219	rs55819519	cGc	cAc	R	H	251  	*   0.58	5mctA  197  R
ENSP00000478219	rs55819519	cGc	cAc	R	H	251  	*   0.58	5mctB  197  R
ENSP00000478219	rs55819519	cGc	cAc	R	H	251  	*   0.58	5mcuA  196  R
ENSP00000478219	rs55819519	cGc	cAc	R	H	251  	*   0.58	5mcuB  196  R
ENSP00000478219	rs55819519	cGc	cAc	R	H	251  	*   0.58	5mcvA  197  R
ENSP00000478219	rs55819519	cGc	cAc	R	H	251  	*   0.58	5mcvB  197  R
ENSP00000478219	rs55819519	cGc	cAc	R	H	251  	*   0.58	5mcwA  197  R
ENSP00000478219	rs55819519	cGc	cAc	R	H	251  	*   0.58	5mcwB  197  R
ENSP00000478219	rs55819519	cGc	cAc	R	H	251  	*   0.58	5mf7A  185  R
ENSP00000478219	rs55819519	cGc	cAc	R	H	251  	*   0.58	5mf7B  185  R
ENSP00000478219	rs55819519	cGc	cAc	R	H	251  	*   0.58	5mg7A  196  R
ENSP00000478219	rs55819519	cGc	cAc	R	H	251  	*   0.58	5mg7B  196  R
ENSP00000478219	rs55819519	cGc	cAc	R	H	251  	*   0.58	5o1aA  195  R
ENSP00000478219	rs55819519	cGc	cAc	R	H	251  	*   0.58	5o1aB  196  R
ENSP00000478219	rs55819519	cGc	cAc	R	H	251  	*   0.58	5o1bA  195  R
ENSP00000478219	rs55819519	cGc	cAc	R	H	251  	*   0.58	5o1bB  197  R
ENSP00000478219	rs55819519	cGc	cAc	R	H	251  	*   0.58	5o1cA  195  R
ENSP00000478219	rs55819519	cGc	cAc	R	H	251  	*   0.58	5o1cB  196  R
ENSP00000478219	rs55819519	cGc	cAc	R	H	251  	*   0.58	5o1dA  195  R
ENSP00000478219	rs55819519	cGc	cAc	R	H	251  	*   0.58	5o1dB  196  R
ENSP00000478219	rs55819519	cGc	cAc	R	H	251  	*   0.58	5o1eA  195  R
ENSP00000478219	rs55819519	cGc	cAc	R	H	251  	*   0.58	5o1eB  197  R
ENSP00000478219	rs55819519	cGc	cAc	R	H	251  	*   0.58	5o1fA  195  R
ENSP00000478219	rs55819519	cGc	cAc	R	H	251  	*   0.58	5o1fB  196  R
ENSP00000478219	rs55819519	cGc	cAc	R	H	251  	*   0.58	5o1gA  195  R
ENSP00000478219	rs55819519	cGc	cAc	R	H	251  	*   0.58	5o1gB  196  R
ENSP00000478219	rs55819519	cGc	cAc	R	H	251  	*   0.58	5o1hA  195  R
ENSP00000478219	rs55819519	cGc	cAc	R	H	251  	*   0.58	5o1hB  196  R
ENSP00000478219	rs55819519	cGc	cAc	R	H	251  	*   0.58	5o1iA  195  R
ENSP00000478219	rs55819519	cGc	cAc	R	H	251  	*   0.58	5o1iB  196  R
ENSP00000478219	rs55819519	cGc	cAc	R	H	251  	*   0.58	6fj5A  197  R
ENSP00000478219	rs55819519	cGc	cAc	R	H	251  	*   0.58	6fj5B  197  R
ENSP00000478219	rs55819519	cGc	cAc	R	H	251  	*   0.58	6fj5C  197  R
ENSP00000478219	rs55819519	cGc	cAc	R	H	251  	*   0.58	6fj5D  197  R
ENSP00000478227	   rs14365	taT	taC	Y	Y	46   	.   0.01	1jwhC   41  Y
ENSP00000478227	   rs14365	taT	taC	Y	Y	46   	.   0.01	1jwhD   45  Y
ENSP00000478227	   rs14365	taT	taC	Y	Y	46   	.   0.01	1qf8A   40  Y
ENSP00000478227	   rs14365	taT	taC	Y	Y	46   	.   0.01	1qf8B   41  Y
ENSP00000478227	   rs14365	taT	taC	Y	Y	46   	.   0.01	1rqfA   40  Y
ENSP00000478227	   rs14365	taT	taC	Y	Y	46   	.   0.01	1rqfB   41  Y
ENSP00000478227	   rs14365	taT	taC	Y	Y	46   	.   0.01	1rqfC   41  Y
ENSP00000478227	   rs14365	taT	taC	Y	Y	46   	.   0.01	1rqfD   41  Y
ENSP00000478227	   rs14365	taT	taC	Y	Y	46   	.   0.01	1rqfE   42  Y
ENSP00000478227	   rs14365	taT	taC	Y	Y	46   	.   0.01	1rqfF   40  Y
ENSP00000478227	   rs14365	taT	taC	Y	Y	46   	.   0.01	1rqfG   41  Y
ENSP00000478227	   rs14365	taT	taC	Y	Y	46   	.   0.01	1rqfH   45  Y
ENSP00000478227	   rs14365	taT	taC	Y	Y	46   	.   0.01	2r6mA   40  Y
ENSP00000478227	   rs14365	taT	taC	Y	Y	46   	.   0.01	2r6mB   40  Y
ENSP00000478227	   rs14365	taT	taC	Y	Y	46   	.   0.01	3eedA   41  Y
ENSP00000478227	   rs14365	taT	taC	Y	Y	46   	.   0.01	3eedB   41  Y
ENSP00000478227	   rs14365	taT	taC	Y	Y	46   	.   0.01	4dglA   39  Y
ENSP00000478227	   rs14365	taT	taC	Y	Y	46   	.   0.01	4dglB   40  Y
ENSP00000478227	   rs14365	taT	taC	Y	Y	46   	.   0.01	4md7A   41  Y
ENSP00000478227	   rs14365	taT	taC	Y	Y	46   	.   0.01	4md7B   40  Y
ENSP00000478227	   rs14365	taT	taC	Y	Y	46   	.   0.01	4md7C   41  Y
ENSP00000478227	   rs14365	taT	taC	Y	Y	46   	.   0.01	4md7D   40  Y
ENSP00000478227	   rs14365	taT	taC	Y	Y	46   	.   0.01	4md8A   41  Y
ENSP00000478227	   rs14365	taT	taC	Y	Y	46   	.   0.01	4md8B   40  Y
ENSP00000478227	   rs14365	taT	taC	Y	Y	46   	.   0.01	4md8C   41  Y
ENSP00000478227	   rs14365	taT	taC	Y	Y	46   	.   0.01	4md8D   40  Y
ENSP00000478227	   rs14365	taT	taC	Y	Y	46   	.   0.01	4md9A   40  Y
ENSP00000478227	   rs14365	taT	taC	Y	Y	46   	.   0.01	4md9B   41  Y
ENSP00000478227	   rs14365	taT	taC	Y	Y	46   	.   0.01	4md9C   41  Y
ENSP00000478227	   rs14365	taT	taC	Y	Y	46   	.   0.01	4md9D   41  Y
ENSP00000478227	   rs14365	taT	taC	Y	Y	46   	.   0.01	4md9I   40  Y
ENSP00000478227	   rs14365	taT	taC	Y	Y	46   	.   0.01	4md9J   40  Y
ENSP00000478227	   rs14365	taT	taC	Y	Y	46   	.   0.01	4md9N   40  Y
ENSP00000478227	   rs14365	taT	taC	Y	Y	46   	.   0.01	4md9O   40  Y
ENSP00000478227	   rs14365	taT	taC	Y	Y	46   	.   0.01	4nh1C   40  Y
ENSP00000478227	   rs14365	taT	taC	Y	Y	46   	.   0.01	4nh1D   40  Y
ENSP00000478291	rs121909362	Cgc	Tgc	R	C	179  	.   0.03	1a22B  116  R
ENSP00000478291	rs121909362	Cgc	Tgc	R	C	179  	.   0.03	1axiB  116  R
ENSP00000478291	rs121909362	Cgc	Tgc	R	C	179  	.   0.03	1hwgB  121  R
ENSP00000478291	rs121909362	Cgc	Tgc	R	C	179  	.   0.03	1hwgC  115  R
ENSP00000478291	rs121909362	Cgc	Tgc	R	C	179  	.   0.03	1hwhB  120  R
ENSP00000478291	rs121909362	Cgc	Tgc	R	C	179  	.   0.03	1kf9B  118  R
ENSP00000478291	rs121909362	Cgc	Tgc	R	C	179  	.   0.03	1kf9C  102  R
ENSP00000478291	rs121909362	Cgc	Tgc	R	C	179  	.   0.03	1kf9E  120  R
ENSP00000478291	rs121909362	Cgc	Tgc	R	C	179  	.   0.03	1kf9F  111  R
ENSP00000478291	rs121909362	Cgc	Tgc	R	C	179  	.   0.03	2aewA  123  R
ENSP00000478291	rs121909362	Cgc	Tgc	R	C	179  	.   0.03	2aewB  116  R
ENSP00000478291	rs121909362	Cgc	Tgc	R	C	179  	.   0.03	3hhrB  124  R
ENSP00000478291	rs121909362	Cgc	Tgc	R	C	179  	.   0.03	3hhrC  121  R
ENSP00000478303	    rs4921	cgG	cgT	R	R	52   	.   0.09	5flmE   51  R
ENSP00000478303	    rs4921	cgG	cgT	R	R	52   	.   0.09	5iy6E   52  R
ENSP00000478303	    rs4921	cgG	cgT	R	R	52   	.   0.09	5iy7E   52  R
ENSP00000478303	    rs4921	cgG	cgT	R	R	52   	.   0.09	5iy8E   52  R
ENSP00000478303	    rs4921	cgG	cgT	R	R	52   	.   0.09	5iy9E   52  R
ENSP00000478303	    rs4921	cgG	cgT	R	R	52   	.   0.09	5iyaE   52  R
ENSP00000478303	    rs4921	cgG	cgT	R	R	52   	.   0.09	5iybE   52  R
ENSP00000478303	    rs4921	cgG	cgT	R	R	52   	.   0.09	5iycE   52  R
ENSP00000478303	    rs4921	cgG	cgT	R	R	52   	.   0.09	5iydE   52  R
ENSP00000478303	    rs4921	cgG	cgT	R	R	52   	.   0.09	5oikE   51  R
ENSP00000478303	    rs4921	cgG	cgT	R	R	52   	.   0.09	6exvE   51  R
ENSP00000478303	    rs4921	cgG	cgT	R	R	52   	.   0.09	6gmhE   51  R
ENSP00000478303	    rs4921	cgG	cgT	R	R	52   	.   0.09	6gmlD   51  R
ENSP00000478332	rs121909362	Cgc	Tgc	R	C	179  	.   0.03	1a22B  116  R
ENSP00000478332	rs121909362	Cgc	Tgc	R	C	179  	.   0.03	1axiB  116  R
ENSP00000478332	rs121909362	Cgc	Tgc	R	C	179  	.   0.03	1hwgB  121  R
ENSP00000478332	rs121909362	Cgc	Tgc	R	C	179  	.   0.03	1hwgC  115  R
ENSP00000478332	rs121909362	Cgc	Tgc	R	C	179  	.   0.03	1hwhB  120  R
ENSP00000478332	rs121909362	Cgc	Tgc	R	C	179  	.   0.03	1kf9B  118  R
ENSP00000478332	rs121909362	Cgc	Tgc	R	C	179  	.   0.03	1kf9C  102  R
ENSP00000478332	rs121909362	Cgc	Tgc	R	C	179  	.   0.03	1kf9E  120  R
ENSP00000478332	rs121909362	Cgc	Tgc	R	C	179  	.   0.03	1kf9F  111  R
ENSP00000478332	rs121909362	Cgc	Tgc	R	C	179  	.   0.03	2aewA  123  R
ENSP00000478332	rs121909362	Cgc	Tgc	R	C	179  	.   0.03	2aewB  116  R
ENSP00000478332	rs121909362	Cgc	Tgc	R	C	179  	.   0.03	3hhrB  124  R
ENSP00000478332	rs121909362	Cgc	Tgc	R	C	179  	.   0.03	3hhrC  121  R
ENSP00000478348	 rs2123731	gaA	gaG	E	E	131  	.    0.2	2l3rA    7  E
ENSP00000478348	 rs2123731	gaA	gaG	E	E	131  	.    0.2	3db3A    5  E
ENSP00000478348	 rs2123731	gaA	gaG	E	E	131  	.    0.2	3db4A    3  E
ENSP00000478348	 rs2123731	gaA	gaG	E	E	131  	.    0.2	5xpiA    5  E
ENSP00000478351	 rs9332739	gaG	gaC	E	D	72   	.   0.05	2i6qA   76  E
ENSP00000478351	 rs9332739	gaG	gaC	E	D	72   	.   0.05	2i6sA   76  E
ENSP00000478351	 rs9332739	gaG	gaC	E	D	72   	.   0.05	2odpA   75  E
ENSP00000478351	 rs9332739	gaG	gaC	E	D	72   	.   0.05	2odqA   75  E
ENSP00000478351	 rs4151648	Cgc	Tgc	R	C	488  	.   0.01	2i6qA  485  R
ENSP00000478351	 rs4151648	Cgc	Tgc	R	C	488  	.   0.01	2i6sA  479  R
ENSP00000478351	 rs4151648	Cgc	Tgc	R	C	488  	.   0.01	2odpA  474  R
ENSP00000478351	 rs4151648	Cgc	Tgc	R	C	488  	.   0.01	2odqA  476  R
ENSP00000478351	 rs1042663	gcG	gcA	A	A	95   	.   0.03	2i6qA   99  A
ENSP00000478351	 rs1042663	gcG	gcA	A	A	95   	.   0.03	2i6sA   99  A
ENSP00000478351	 rs1042663	gcG	gcA	A	A	95   	.   0.03	2odpA   98  A
ENSP00000478351	 rs1042663	gcG	gcA	A	A	95   	.   0.03	2odqA   98  A
ENSP00000478351	rs45476300	cGc	cAc	R	H	264  	.   0.01	2i6qA  268  R
ENSP00000478351	rs45476300	cGc	cAc	R	H	264  	.   0.01	2i6sA  259  R
ENSP00000478351	rs36221133	gTt	gCt	V	A	395  	.   0.02	2i6qA  399  V
ENSP00000478351	rs36221133	gTt	gCt	V	A	395  	.   0.02	2i6sA  390  V
ENSP00000478351	rs36221133	gTt	gCt	V	A	395  	.   0.02	2odpA  386  V
ENSP00000478351	rs36221133	gTt	gCt	V	A	395  	.   0.02	2odqA  388  V
ENSP00000478352	rs74491811	Atc	Gtc	I	V	584  	.   0.04	1p1dA  138  V
