ENSP00000340879	 rs2308957	gGt	gAt	G	D	114  	.   0.01	3a1jC  100  G
ENSP00000340879	 rs2308957	gGt	gAt	G	D	114  	.   0.01	3g65B  100  G
ENSP00000340879	 rs2308957	gGt	gAt	G	D	114  	.   0.01	3ggrC  102  G
ENSP00000340913	rs36111323	gCg	gTg	A	V	404  	.   0.03	5yx9A  301  A
ENSP00000340913	rs36111323	gCg	gTg	A	V	404  	.   0.03	5yx9B  301  A
ENSP00000340913	rs36111323	gCg	gTg	A	V	404  	.   0.03	5yx9C  301  A
ENSP00000340913	rs36111323	gCg	gTg	A	V	404  	.   0.03	5yx9D  301  A
ENSP00000340913	rs36111323	gCg	gTg	A	V	404  	.   0.03	5zbgA  299  A
ENSP00000340913	rs36111323	gCg	gTg	A	V	404  	.   0.03	5zbgB  299  A
ENSP00000340913	rs36111323	gCg	gTg	A	V	404  	.   0.03	5zbgC  299  A
ENSP00000340913	rs36111323	gCg	gTg	A	V	404  	.   0.03	5zbgD  299  A
ENSP00000340913	rs36111323	gCg	gTg	A	V	404  	.   0.03	6cudA  303  A
ENSP00000340913	rs36111323	gCg	gTg	A	V	404  	.   0.03	6cudB  303  A
ENSP00000340913	rs36111323	gCg	gTg	A	V	404  	.   0.03	6cudC  303  A
ENSP00000340913	rs36111323	gCg	gTg	A	V	404  	.   0.03	6cudD  303  A
ENSP00000340913	rs36111323	gCg	gAg	A	E	404  	.   0.03	5yx9A  301  A
ENSP00000340913	rs36111323	gCg	gAg	A	E	404  	.   0.03	5yx9B  301  A
ENSP00000340913	rs36111323	gCg	gAg	A	E	404  	.   0.03	5yx9C  301  A
ENSP00000340913	rs36111323	gCg	gAg	A	E	404  	.   0.03	5yx9D  301  A
ENSP00000340913	rs36111323	gCg	gAg	A	E	404  	.   0.03	5zbgA  299  A
ENSP00000340913	rs36111323	gCg	gAg	A	E	404  	.   0.03	5zbgB  299  A
ENSP00000340913	rs36111323	gCg	gAg	A	E	404  	.   0.03	5zbgC  299  A
ENSP00000340913	rs36111323	gCg	gAg	A	E	404  	.   0.03	5zbgD  299  A
ENSP00000340913	rs36111323	gCg	gAg	A	E	404  	.   0.03	6cudA  303  A
ENSP00000340913	rs36111323	gCg	gAg	A	E	404  	.   0.03	6cudB  303  A
ENSP00000340913	rs36111323	gCg	gAg	A	E	404  	.   0.03	6cudC  303  A
ENSP00000340913	rs36111323	gCg	gAg	A	E	404  	.   0.03	6cudD  303  A
ENSP00000340931	 rs2217332	cGt	cAt	R	H	50   	.   0.02	1wgdA   48  R
ENSP00000340944	rs79068130	Tct	Gct	S	A	189  	.   0.01	2shpA  183  S
ENSP00000340944	rs79068130	Tct	Gct	S	A	189  	.   0.01	2shpB  183  S
ENSP00000341044	 rs7135947	ggC	ggT	G	G	728  	.   0.02	2hjwA  463  G
ENSP00000341044	 rs7135947	ggC	ggT	G	G	728  	.   0.02	2yl2A  450  G
ENSP00000341044	 rs7135947	ggC	ggT	G	G	728  	.   0.02	2yl2B  455  G
ENSP00000341044	 rs7135947	ggC	ggT	G	G	728  	.   0.02	3jrwA  467  G
ENSP00000341044	 rs7135947	ggC	ggT	G	G	728  	.   0.02	3jrxA  466  G
ENSP00000341044	 rs7135947	ggC	ggT	G	G	728  	.   0.02	4hq6A  463  G
ENSP00000341044	 rs7135947	ggC	ggT	G	G	728  	.   0.02	5kknA  450  G
ENSP00000341044	 rs2241220	ctT	ctA	L	L	1502 	.   0.36	6g2dA  441  L
ENSP00000341044	 rs2241220	ctT	ctA	L	L	1502 	.   0.36	6g2dD  450  L
ENSP00000341044	 rs2241220	ctT	ctC	L	L	1502 	.   0.36	6g2dA  441  L
ENSP00000341044	 rs2241220	ctT	ctC	L	L	1502 	.   0.36	6g2dD  450  L
ENSP00000341044	rs16940029	Atc	Gtc	I	V	552  	.   0.28	2hjwA  308  I
ENSP00000341044	rs16940029	Atc	Gtc	I	V	552  	.   0.28	2yl2A  298  V
ENSP00000341044	rs16940029	Atc	Gtc	I	V	552  	.   0.28	2yl2B  303  V
ENSP00000341044	rs16940029	Atc	Gtc	I	V	552  	.   0.28	3gidA  287  I
ENSP00000341044	rs16940029	Atc	Gtc	I	V	552  	.   0.28	3gidB  286  I
ENSP00000341044	rs16940029	Atc	Gtc	I	V	552  	.   0.28	3glkA  298  I
ENSP00000341044	rs16940029	Atc	Gtc	I	V	552  	.   0.28	3jrwA  312  I
ENSP00000341044	rs16940029	Atc	Gtc	I	V	552  	.   0.28	3jrxA  310  I
ENSP00000341044	rs16940029	Atc	Gtc	I	V	552  	.   0.28	4hq6A  308  I
ENSP00000341044	rs16940029	Atc	Gtc	I	V	552  	.   0.28	5kknA  301  I
ENSP00000341044	rs16940029	Atc	Gtc	I	V	552  	.   0.28	5kknB  299  I
ENSP00000341044	rs11065772	gaT	gaC	D	D	597  	.    0.1	2hjwA  353  D
ENSP00000341044	rs11065772	gaT	gaC	D	D	597  	.    0.1	2yl2A  343  D
ENSP00000341044	rs11065772	gaT	gaC	D	D	597  	.    0.1	2yl2B  348  D
ENSP00000341044	rs11065772	gaT	gaC	D	D	597  	.    0.1	3gidA  332  D
ENSP00000341044	rs11065772	gaT	gaC	D	D	597  	.    0.1	3gidB  331  D
ENSP00000341044	rs11065772	gaT	gaC	D	D	597  	.    0.1	3glkA  343  D
ENSP00000341044	rs11065772	gaT	gaC	D	D	597  	.    0.1	3jrwA  357  D
ENSP00000341044	rs11065772	gaT	gaC	D	D	597  	.    0.1	3jrxA  355  D
ENSP00000341044	rs11065772	gaT	gaC	D	D	597  	.    0.1	4hq6A  353  D
ENSP00000341044	rs11065772	gaT	gaC	D	D	597  	.    0.1	5kknA  346  D
ENSP00000341044	rs11065772	gaT	gaC	D	D	597  	.    0.1	5kknB  344  D
ENSP00000341071	 rs3772219	Ttg	Gtg	L	V	367  	.   0.02	2z0qA  207  L
ENSP00000341071	 rs3772219	Ttg	Atg	L	M	367  	.   0.02	2z0qA  207  L
ENSP00000341071	 rs3772219	Ttg	Ctg	L	L	367  	.   0.02	2z0qA  207  L
ENSP00000341170	rs61735090	Gca	Tca	A	S	151  	*    0.9	2n6fA  119  A
ENSP00000341170	rs61735090	Gca	Aca	A	T	151  	*    0.9	2n6fA  119  A
ENSP00000341293	rs41303835	gAt	gGt	D	G	188  	.   0.01	1og2A  159  D
ENSP00000341293	rs41303835	gAt	gGt	D	G	188  	.   0.01	1og2B  159  D
ENSP00000341293	rs41303835	gAt	gGt	D	G	188  	.   0.01	1og5A  159  D
ENSP00000341293	rs41303835	gAt	gGt	D	G	188  	.   0.01	1og5B  159  D
ENSP00000341293	rs41303835	gAt	gGt	D	G	188  	.   0.01	1r9oA  158  D
ENSP00000341293	rs41303835	gAt	gGt	D	G	188  	.   0.01	4gqsA  160  D
ENSP00000341293	rs41303835	gAt	gGt	D	G	188  	.   0.01	4gqsB  160  D
ENSP00000341293	rs41303835	gAt	gGt	D	G	188  	.   0.01	4gqsC  160  D
ENSP00000341293	rs41303835	gAt	gGt	D	G	188  	.   0.01	4gqsD  150  D
ENSP00000341293	rs41303835	gAt	gGt	D	G	188  	.   0.01	4nz2A  162  D
ENSP00000341293	rs41303835	gAt	gGt	D	G	188  	.   0.01	4nz2B  162  D
ENSP00000341293	rs41303835	gAt	gGt	D	G	188  	.   0.01	5a5iA  156  D
ENSP00000341293	rs41303835	gAt	gGt	D	G	188  	.   0.01	5a5jA  158  D
ENSP00000341293	rs41303835	gAt	gGt	D	G	188  	.   0.01	5w0cA  162  D
ENSP00000341293	rs41303835	gAt	gGt	D	G	188  	.   0.01	5x23A  161  D
ENSP00000341293	rs41303835	gAt	gGt	D	G	188  	.   0.01	5x24A  161  D
ENSP00000341293	rs41303835	gAt	gGt	D	G	188  	.   0.01	5xxiA  161  D
ENSP00000341293	rs60181876	aCa	aTa	T	I	240  	.   0.01	1og2A  270  T
ENSP00000341293	rs60181876	aCa	aTa	T	I	240  	.   0.01	1og2B  270  T
ENSP00000341293	rs60181876	aCa	aTa	T	I	240  	.   0.01	1og5A  270  T
ENSP00000341293	rs60181876	aCa	aTa	T	I	240  	.   0.01	1og5B  270  T
ENSP00000341293	rs60181876	aCa	aTa	T	I	240  	.   0.01	1r9oA  262  T
ENSP00000341293	rs60181876	aCa	aTa	T	I	240  	.   0.01	4gqsA  271  T
ENSP00000341293	rs60181876	aCa	aTa	T	I	240  	.   0.01	4gqsB  265  T
ENSP00000341293	rs60181876	aCa	aTa	T	I	240  	.   0.01	4gqsC  271  T
ENSP00000341293	rs60181876	aCa	aTa	T	I	240  	.   0.01	4gqsD  261  T
ENSP00000341293	rs60181876	aCa	aTa	T	I	240  	.   0.01	4nz2A  273  T
ENSP00000341293	rs60181876	aCa	aTa	T	I	240  	.   0.01	4nz2B  273  T
ENSP00000341293	rs60181876	aCa	aTa	T	I	240  	.   0.01	5a5iA  260  T
ENSP00000341293	rs60181876	aCa	aTa	T	I	240  	.   0.01	5a5jA  262  T
ENSP00000341293	rs60181876	aCa	aTa	T	I	240  	.   0.01	5w0cA  273  T
ENSP00000341293	rs60181876	aCa	aTa	T	I	240  	.   0.01	5x23A  272  T
ENSP00000341293	rs60181876	aCa	aTa	T	I	240  	.   0.01	5x24A  272  T
ENSP00000341293	rs60181876	aCa	aTa	T	I	240  	.   0.01	5xxiA  272  T
ENSP00000341293	rs79500998	Cgc	Tgc	R	C	383  	.   0.01	1og2A  413  G
ENSP00000341293	rs79500998	Cgc	Tgc	R	C	383  	.   0.01	1og2B  413  G
ENSP00000341293	rs79500998	Cgc	Tgc	R	C	383  	.   0.01	1og5A  413  G
ENSP00000341293	rs79500998	Cgc	Tgc	R	C	383  	.   0.01	1og5B  413  G
ENSP00000341293	rs79500998	Cgc	Tgc	R	C	383  	.   0.01	1r9oA  405  G
ENSP00000341293	rs79500998	Cgc	Tgc	R	C	383  	.   0.01	4gqsA  414  R
ENSP00000341293	rs79500998	Cgc	Tgc	R	C	383  	.   0.01	4gqsB  408  R
ENSP00000341293	rs79500998	Cgc	Tgc	R	C	383  	.   0.01	4gqsC  414  R
ENSP00000341293	rs79500998	Cgc	Tgc	R	C	383  	.   0.01	4gqsD  404  R
ENSP00000341293	rs79500998	Cgc	Tgc	R	C	383  	.   0.01	4nz2A  416  G
ENSP00000341293	rs79500998	Cgc	Tgc	R	C	383  	.   0.01	4nz2B  416  G
ENSP00000341293	rs79500998	Cgc	Tgc	R	C	383  	.   0.01	5a5iA  403  G
ENSP00000341293	rs79500998	Cgc	Tgc	R	C	383  	.   0.01	5a5jA  405  G
ENSP00000341293	rs79500998	Cgc	Tgc	R	C	383  	.   0.01	5w0cA  416  G
ENSP00000341293	rs79500998	Cgc	Tgc	R	C	383  	.   0.01	5x23A  415  G
ENSP00000341293	rs79500998	Cgc	Tgc	R	C	383  	.   0.01	5x24A  415  G
ENSP00000341293	rs79500998	Cgc	Tgc	R	C	383  	.   0.01	5xxiA  415  G
ENSP00000341325	rs35986685	cAa	cCa	Q	P	613  	.   0.11	4qt8A  576  Q
ENSP00000341325	rs35986685	cAa	cCa	Q	P	613  	.   0.11	4qt8B  576  Q
ENSP00000341500	rs17019360	gtT	gtA	V	V	279  	.   0.15	1h6gA  221  P
ENSP00000341500	rs17019360	gtT	gtA	V	V	279  	.   0.15	1h6gB  207  P
ENSP00000341500	rs17019360	gtT	gtA	V	V	279  	.   0.15	4iggA  521  P
ENSP00000341500	rs17019360	gtT	gtA	V	V	279  	.   0.15	4iggB  521  P
ENSP00000341500	rs17019360	gtT	gtA	V	V	279  	.   0.15	5xflB  330  V
ENSP00000341500	rs17019360	gtT	gtA	V	V	279  	.   0.15	5xflC  330  V
ENSP00000341500	rs17019360	gtT	gtC	V	V	279  	.   0.15	1h6gA  221  P
ENSP00000341500	rs17019360	gtT	gtC	V	V	279  	.   0.15	1h6gB  207  P
ENSP00000341500	rs17019360	gtT	gtC	V	V	279  	.   0.15	4iggA  521  P
ENSP00000341500	rs17019360	gtT	gtC	V	V	279  	.   0.15	4iggB  521  P
ENSP00000341500	rs17019360	gtT	gtC	V	V	279  	.   0.15	5xflB  330  V
ENSP00000341500	rs17019360	gtT	gtC	V	V	279  	.   0.15	5xflC  330  V
ENSP00000341679	    rs7407	ccG	ccA	P	P	404  	.   0.01	3pfnA  295  P
ENSP00000341679	    rs7407	ccG	ccA	P	P	404  	.   0.01	3pfnB  295  P
ENSP00000341679	    rs7407	ccG	ccA	P	P	404  	.   0.01	3pfnC  289  P
ENSP00000341679	    rs7407	ccG	ccA	P	P	404  	.   0.01	3pfnD  288  P
ENSP00000341794	 rs6761276	aTa	aCa	I	T	44   	.   0.01	5bowA   43  T
ENSP00000341794	 rs6743376	gCc	gAc	A	D	51   	.   0.03	5bowA   50  D
ENSP00000341828	 rs2275253	Atc	Gtc	I	V	339  	.   0.02	2ybtA  319  I
ENSP00000341828	 rs2275253	Atc	Gtc	I	V	339  	.   0.02	2ybtB  319  I
ENSP00000341828	 rs2275253	Atc	Gtc	I	V	339  	.   0.02	2ybtC  319  I
ENSP00000341828	 rs2275253	Atc	Gtc	I	V	339  	.   0.02	2ybtD  319  I
ENSP00000341828	 rs2275253	Atc	Gtc	I	V	339  	.   0.02	2ybtE  319  I
ENSP00000341828	 rs2275253	Atc	Gtc	I	V	339  	.   0.02	2ybtF  319  I
ENSP00000341828	 rs2275253	Atc	Gtc	I	V	339  	.   0.02	2ybuA  319  I
ENSP00000341828	 rs2275253	Atc	Gtc	I	V	339  	.   0.02	2ybuB  319  I
ENSP00000341828	 rs2275253	Atc	Gtc	I	V	339  	.   0.02	2ybuC  319  I
ENSP00000341828	 rs2275253	Atc	Gtc	I	V	339  	.   0.02	2ybuD  319  I
ENSP00000341828	 rs2275253	Atc	Gtc	I	V	339  	.   0.02	2ybuE  319  I
ENSP00000341828	 rs2275253	Atc	Gtc	I	V	339  	.   0.02	2ybuF  319  I
ENSP00000341828	 rs2275253	Atc	Gtc	I	V	339  	.   0.02	3fxyA  318  V
ENSP00000341828	 rs2275253	Atc	Gtc	I	V	339  	.   0.02	3fxyB  312  V
ENSP00000341828	 rs2275253	Atc	Gtc	I	V	339  	.   0.02	3fxyC  318  V
ENSP00000341828	 rs2275253	Atc	Gtc	I	V	339  	.   0.02	3fxyD  318  V
ENSP00000341828	 rs2275253	Atc	Gtc	I	V	339  	.   0.02	3fy1A  318  V
ENSP00000341828	 rs2275253	Atc	Gtc	I	V	339  	.   0.02	3fy1B  318  V
ENSP00000341828	 rs2275253	Atc	Gtc	I	V	339  	.   0.02	3rm4A  318  V
ENSP00000341828	 rs2275253	Atc	Gtc	I	V	339  	.   0.02	3rm4B  318  V
ENSP00000341828	 rs2275253	Atc	Gtc	I	V	339  	.   0.02	3rm8A  318  V
ENSP00000341828	 rs2275253	Atc	Gtc	I	V	339  	.   0.02	3rm8B  318  V
ENSP00000341828	 rs2275253	Atc	Gtc	I	V	339  	.   0.02	3rm9A  318  V
ENSP00000341828	 rs2275253	Atc	Gtc	I	V	339  	.   0.02	3rm9B  318  V
ENSP00000341828	 rs2275253	Atc	Gtc	I	V	339  	.   0.02	3rmeA  318  V
ENSP00000341828	 rs2275253	Atc	Gtc	I	V	339  	.   0.02	3rmeB  318  V
ENSP00000341828	 rs2275254	tTt	tCt	F	S	354  	.   0.01	2ybtA  334  F
ENSP00000341828	 rs2275254	tTt	tCt	F	S	354  	.   0.01	2ybtB  334  F
ENSP00000341828	 rs2275254	tTt	tCt	F	S	354  	.   0.01	2ybtC  334  F
ENSP00000341828	 rs2275254	tTt	tCt	F	S	354  	.   0.01	2ybtD  334  F
ENSP00000341828	 rs2275254	tTt	tCt	F	S	354  	.   0.01	2ybtE  334  F
ENSP00000341828	 rs2275254	tTt	tCt	F	S	354  	.   0.01	2ybtF  334  F
ENSP00000341828	 rs2275254	tTt	tCt	F	S	354  	.   0.01	2ybuA  334  F
ENSP00000341828	 rs2275254	tTt	tCt	F	S	354  	.   0.01	2ybuB  334  F
ENSP00000341828	 rs2275254	tTt	tCt	F	S	354  	.   0.01	2ybuC  334  F
ENSP00000341828	 rs2275254	tTt	tCt	F	S	354  	.   0.01	2ybuD  334  F
ENSP00000341828	 rs2275254	tTt	tCt	F	S	354  	.   0.01	2ybuE  334  F
ENSP00000341828	 rs2275254	tTt	tCt	F	S	354  	.   0.01	2ybuF  334  F
ENSP00000341828	 rs2275254	tTt	tCt	F	S	354  	.   0.01	3fxyA  333  F
ENSP00000341828	 rs2275254	tTt	tCt	F	S	354  	.   0.01	3fxyB  327  F
ENSP00000341828	 rs2275254	tTt	tCt	F	S	354  	.   0.01	3fxyC  333  F
ENSP00000341828	 rs2275254	tTt	tCt	F	S	354  	.   0.01	3fxyD  333  F
ENSP00000341828	 rs2275254	tTt	tCt	F	S	354  	.   0.01	3fy1A  333  F
ENSP00000341828	 rs2275254	tTt	tCt	F	S	354  	.   0.01	3fy1B  333  F
ENSP00000341828	 rs2275254	tTt	tCt	F	S	354  	.   0.01	3rm4A  333  F
ENSP00000341828	 rs2275254	tTt	tCt	F	S	354  	.   0.01	3rm4B  333  F
ENSP00000341828	 rs2275254	tTt	tCt	F	S	354  	.   0.01	3rm8A  333  F
ENSP00000341828	 rs2275254	tTt	tCt	F	S	354  	.   0.01	3rm8B  333  F
ENSP00000341828	 rs2275254	tTt	tCt	F	S	354  	.   0.01	3rm9A  333  F
ENSP00000341828	 rs2275254	tTt	tCt	F	S	354  	.   0.01	3rm9B  333  F
ENSP00000341828	 rs2275254	tTt	tCt	F	S	354  	.   0.01	3rmeA  333  F
ENSP00000341828	 rs2275254	tTt	tCt	F	S	354  	.   0.01	3rmeB  333  F
ENSP00000341843	 rs2234080	gCc	gTc	A	V	250  	.   0.02	4mhgC   27  S
ENSP00000341895	 rs1045280	agC	agT	S	S	265  	.   0.44	1g4mA  275  A
ENSP00000341895	 rs1045280	agC	agT	S	S	265  	.   0.44	1g4mB  275  A
ENSP00000341895	 rs1045280	agC	agT	S	S	265  	.   0.44	1g4rA  273  A
ENSP00000341895	 rs1045280	agC	agT	S	S	265  	.   0.44	1jsyA  274  A
ENSP00000341895	 rs1045280	agC	agT	S	S	265  	.   0.44	1zshA  274  A
ENSP00000341895	 rs1045280	agC	agT	S	S	265  	.   0.44	2wtrA  274  A
ENSP00000341895	 rs1045280	agC	agT	S	S	265  	.   0.44	3gc3A  248  A
ENSP00000341895	 rs1045280	agC	agT	S	S	265  	.   0.44	3gd1A  265  A
ENSP00000341895	 rs1045280	agC	agT	S	S	265  	.   0.44	3gd1B  219  A
ENSP00000341895	 rs1045280	agC	agT	S	S	265  	.   0.44	3p2dA  275  S
ENSP00000341895	 rs1045280	agC	agT	S	S	265  	.   0.44	3p2dB  275  S
ENSP00000341895	 rs1045280	agC	agT	S	S	265  	.   0.44	4jqiA  274  A
ENSP00000341895	 rs1045280	agC	agT	S	S	265  	.   0.44	5tv1A  273  S
ENSP00000342007	rs72547511	cCa	cGa	P	R	42   	.   0.09	2hi4A    9  P
ENSP00000342007	rs72547513	ttC	ttA	F	L	186  	.   0.03	2hi4A  153  F
ENSP00000342007	rs45468096	Cgg	Tgg	R	W	281  	.   0.05	2hi4A  248  R
ENSP00000342007	rs17861157	agC	agA	S	R	298  	.   0.18	2hi4A  265  S
ENSP00000342007	rs56276455	Gac	Aac	D	N	348  	.   0.23	2hi4A  315  D
ENSP00000342007	rs72547515	cGa	cAa	R	Q	377  	.   0.01	2hi4A  344  R
ENSP00000342007	rs72547515	cGa	cCa	R	P	377  	.   0.01	2hi4A  344  R
ENSP00000342007	rs28399424	Cgg	Tgg	R	W	431  	.   0.04	2hi4A  398  R
ENSP00000342007	rs72547517	cGc	cAc	R	H	456  	.   0.03	2hi4A  423  R
ENSP00000342007	rs72547513	ttC	ttT	F	F	186  	.   0.03	2hi4A  153  F
ENSP00000342007	rs17861155	ttC	ttT	F	F	205  	.   0.02	2hi4A  172  F
ENSP00000342007	rs17861157	agC	agT	S	S	298  	.   0.18	2hi4A  265  S
ENSP00000342007	rs34058039	ctT	ctC	L	L	310  	.   0.01	2hi4A  277  L
ENSP00000342070	   rs12338	Ctg	Gtg	L	V	26   	.   0.09	1pbhA   10  L
ENSP00000342070	   rs12338	Ctg	Gtg	L	V	26   	.   0.09	2pbhA   10  L
ENSP00000342070	   rs12338	Ctg	Gtg	L	V	26   	.   0.09	3pbhA   10  L
ENSP00000342070	   rs12338	Ctg	Atg	L	M	26   	.   0.09	1pbhA   10  L
ENSP00000342070	   rs12338	Ctg	Atg	L	M	26   	.   0.09	2pbhA   10  L
ENSP00000342070	   rs12338	Ctg	Atg	L	M	26   	.   0.09	3pbhA   10  L
ENSP00000342070	   rs12338	Ctg	Ttg	L	L	26   	.   0.09	1pbhA   10  L
ENSP00000342070	   rs12338	Ctg	Ttg	L	L	26   	.   0.09	2pbhA   10  L
ENSP00000342070	   rs12338	Ctg	Ttg	L	L	26   	.   0.09	3pbhA   10  L
ENSP00000342098	 rs8028552	agT	agC	S	S	386  	.   0.08	5h7vA  265  S
ENSP00000342098	rs17658212	ctC	ctT	L	L	251  	.   0.07	4islA    7  L
ENSP00000342098	rs17658212	ctC	ctT	L	L	251  	.   0.07	4isnA    7  L
ENSP00000342098	rs17658212	ctC	ctT	L	L	251  	.   0.07	4isoB    7  L
ENSP00000342098	rs17658212	ctC	ctT	L	L	251  	.   0.07	5ezdA   67  L
ENSP00000342098	rs17658212	ctC	ctT	L	L	251  	.   0.07	5ezdB   67  L
ENSP00000342098	rs17658212	ctC	ctT	L	L	251  	.   0.07	5h7vA  189  L
ENSP00000342156	rs11575840	Gcc	Acc	A	T	103  	.   0.01	3noiA   92  A
ENSP00000342156	rs11575840	Gcc	Acc	A	T	103  	.   0.01	3noiB   93  A
ENSP00000342156	rs11575840	Gcc	Acc	A	T	103  	.   0.01	3pv6B   85  A
ENSP00000342376	 rs2072454	aaC	aaT	N	N	158  	.   0.07	1ivoA  133  N
ENSP00000342376	 rs2072454	aaC	aaT	N	N	158  	.   0.07	1ivoB  132  N
ENSP00000342376	 rs2072454	aaC	aaT	N	N	158  	.   0.07	1moxA  134  N
ENSP00000342376	 rs2072454	aaC	aaT	N	N	158  	.   0.07	1moxB  134  N
ENSP00000342376	 rs2072454	aaC	aaT	N	N	158  	.   0.07	1nqlA  132  N
ENSP00000342376	 rs2072454	aaC	aaT	N	N	158  	.   0.07	1yy9A  133  N
ENSP00000342376	 rs2072454	aaC	aaT	N	N	158  	.   0.07	3njpA  134  N
ENSP00000342376	 rs2072454	aaC	aaT	N	N	158  	.   0.07	3njpB  134  N
ENSP00000342376	 rs2072454	aaC	aaT	N	N	158  	.   0.07	3qwqA  133  N
ENSP00000342376	 rs2072454	aaC	aaT	N	N	158  	.   0.07	4kroA  124  N
ENSP00000342376	 rs2072454	aaC	aaT	N	N	158  	.   0.07	4uipA  133  N
ENSP00000342376	 rs2072454	aaC	aaT	N	N	158  	.   0.07	4uv7A  134  N
ENSP00000342376	 rs2072454	aaC	aaT	N	N	158  	.   0.07	5wb7A  133  N
ENSP00000342376	 rs2072454	aaC	aaT	N	N	158  	.   0.07	5wb7B  133  N
ENSP00000342376	 rs2072454	aaC	aaT	N	N	158  	.   0.07	5wb7C  133  N
ENSP00000342376	 rs2072454	aaC	aaT	N	N	158  	.   0.07	5wb7D  133  N
ENSP00000342376	 rs2072454	aaC	aaT	N	N	158  	.   0.07	5wb8A  131  N
ENSP00000342376	 rs2072454	aaC	aaT	N	N	158  	.   0.07	5wb8D  134  N
ENSP00000342376	 rs2072454	aaC	aaT	N	N	158  	.   0.07	5xwdA  131  N
ENSP00000342376	 rs2072454	aaC	aaT	N	N	158  	.   0.07	6aruA  131  N
ENSP00000342626	 rs4738118	ggC	ggT	G	G	426  	.   0.19	3gebA   92  G
ENSP00000342626	 rs4738118	ggC	ggT	G	G	426  	.   0.19	3gebC   92  G
ENSP00000342626	 rs4738118	ggC	ggT	G	G	426  	.   0.19	3gebD   90  G
ENSP00000342626	 rs4738118	ggC	ggT	G	G	426  	.   0.19	3hb0A   93  G
ENSP00000342626	 rs4738118	ggC	ggT	G	G	426  	.   0.19	3hb0C   93  G
ENSP00000342626	 rs4738118	ggC	ggT	G	G	426  	.   0.19	3hb0D   90  G
ENSP00000342626	 rs4738118	ggC	ggT	G	G	426  	.   0.19	3hb1A   92  G
ENSP00000342626	 rs4738118	ggC	ggT	G	G	426  	.   0.19	3hb1C   92  G
ENSP00000342626	 rs4738118	ggC	ggT	G	G	426  	.   0.19	3hb1D   90  G
ENSP00000342626	 rs4738118	ggC	ggT	G	G	426  	.   0.19	4egcB   89  G
ENSP00000342759	 rs3746721	taC	taT	Y	Y	163  	.   0.08	4i2xE  220  R
ENSP00000342759	 rs3746721	taC	taT	Y	Y	163  	.   0.08	4i2xF  220  R
ENSP00000342838	 rs1799816	Gtg	Atg	V	M	1000 	.   0.23	1gagA    5  V
ENSP00000342838	 rs1799816	Gtg	Atg	V	M	1000 	.   0.23	1ir3A    5  V
ENSP00000342838	 rs1799816	Gtg	Atg	V	M	1000 	.   0.23	1irkA    5  V
ENSP00000342838	 rs1799816	Gtg	Atg	V	M	1000 	.   0.23	1jqhA    5  V
ENSP00000342838	 rs1799816	Gtg	Atg	V	M	1000 	.   0.23	1jqhB    5  V
ENSP00000342838	 rs1799816	Gtg	Atg	V	M	1000 	.   0.23	1jqhC    5  V
ENSP00000342838	 rs1799816	Gtg	Atg	V	M	1000 	.   0.23	1k3aA    1  V
ENSP00000342838	 rs1799816	Gtg	Atg	V	M	1000 	.   0.23	1m7nA    7  V
ENSP00000342838	 rs1799816	Gtg	Atg	V	M	1000 	.   0.23	1m7nB    7  V
ENSP00000342838	 rs1799816	Gtg	Atg	V	M	1000 	.   0.23	1p14A    8  V
ENSP00000342838	 rs1799816	Gtg	Atg	V	M	1000 	.   0.23	1p4oA   11  V
ENSP00000342838	 rs1799816	Gtg	Atg	V	M	1000 	.   0.23	2auhA    2  V
ENSP00000342838	 rs1799816	Gtg	Atg	V	M	1000 	.   0.23	2oj9A    5  V
ENSP00000342838	 rs1799816	Gtg	Atg	V	M	1000 	.   0.23	2z8cA    2  V
ENSP00000342838	 rs1799816	Gtg	Atg	V	M	1000 	.   0.23	2zm3A    9  V
ENSP00000342838	 rs1799816	Gtg	Atg	V	M	1000 	.   0.23	2zm3B    9  V
ENSP00000342838	 rs1799816	Gtg	Atg	V	M	1000 	.   0.23	2zm3C    9  V
ENSP00000342838	 rs1799816	Gtg	Atg	V	M	1000 	.   0.23	2zm3D    9  V
ENSP00000342838	 rs1799816	Gtg	Atg	V	M	1000 	.   0.23	3d94A    3  V
ENSP00000342838	 rs1799816	Gtg	Atg	V	M	1000 	.   0.23	3ekkA    6  V
ENSP00000342838	 rs1799816	Gtg	Atg	V	M	1000 	.   0.23	3eknA    2  V
ENSP00000342838	 rs1799816	Gtg	Atg	V	M	1000 	.   0.23	3f5pA    9  V
ENSP00000342838	 rs1799816	Gtg	Atg	V	M	1000 	.   0.23	3f5pB    9  V
ENSP00000342838	 rs1799816	Gtg	Atg	V	M	1000 	.   0.23	3f5pC    9  V
ENSP00000342838	 rs1799816	Gtg	Atg	V	M	1000 	.   0.23	3f5pD    9  V
ENSP00000342838	 rs1799816	Gtg	Atg	V	M	1000 	.   0.23	3f5pE    9  V
ENSP00000342838	 rs1799816	Gtg	Atg	V	M	1000 	.   0.23	3f5pF    9  V
ENSP00000342838	 rs1799816	Gtg	Atg	V	M	1000 	.   0.23	3f5pG    9  V
ENSP00000342838	 rs1799816	Gtg	Atg	V	M	1000 	.   0.23	3f5pH    9  V
ENSP00000342838	 rs1799816	Gtg	Atg	V	M	1000 	.   0.23	3f5pI    9  V
ENSP00000342838	 rs1799816	Gtg	Atg	V	M	1000 	.   0.23	3f5pJ    9  V
ENSP00000342838	 rs1799816	Gtg	Atg	V	M	1000 	.   0.23	3f5pK    9  V
ENSP00000342838	 rs1799816	Gtg	Atg	V	M	1000 	.   0.23	3f5pL    9  V
ENSP00000342838	 rs1799816	Gtg	Atg	V	M	1000 	.   0.23	3f5pM    9  V
ENSP00000342838	 rs1799816	Gtg	Atg	V	M	1000 	.   0.23	3f5pN    9  V
ENSP00000342838	 rs1799816	Gtg	Atg	V	M	1000 	.   0.23	3f5pO    9  V
ENSP00000342838	 rs1799816	Gtg	Atg	V	M	1000 	.   0.23	3f5pP    9  V
ENSP00000342838	 rs1799816	Gtg	Atg	V	M	1000 	.   0.23	3i81A    4  V
ENSP00000342838	 rs1799816	Gtg	Atg	V	M	1000 	.   0.23	3lvpB    3  V
ENSP00000342838	 rs1799816	Gtg	Atg	V	M	1000 	.   0.23	3lvpC    2  V
ENSP00000342838	 rs1799816	Gtg	Atg	V	M	1000 	.   0.23	3lvpD    3  V
ENSP00000342838	 rs1799816	Gtg	Atg	V	M	1000 	.   0.23	3lw0A    6  V
ENSP00000342838	 rs1799816	Gtg	Atg	V	M	1000 	.   0.23	3lw0B    6  V
ENSP00000342838	 rs1799816	Gtg	Atg	V	M	1000 	.   0.23	3lw0C    6  V
ENSP00000342838	 rs1799816	Gtg	Atg	V	M	1000 	.   0.23	3lw0D    6  V
ENSP00000342838	 rs1799816	Gtg	Atg	V	M	1000 	.   0.23	3nw5A    4  V
ENSP00000342838	 rs1799816	Gtg	Atg	V	M	1000 	.   0.23	3nw6A    3  V
ENSP00000342838	 rs1799816	Gtg	Atg	V	M	1000 	.   0.23	3nw7A    2  V
ENSP00000342838	 rs1799816	Gtg	Atg	V	M	1000 	.   0.23	3qquB    1  V
ENSP00000342838	 rs1799816	Gtg	Atg	V	M	1000 	.   0.23	4d2rA    4  V
ENSP00000342838	 rs1799816	Gtg	Atg	V	M	1000 	.   0.23	4ibmA    4  V
ENSP00000342838	 rs1799816	Gtg	Atg	V	M	1000 	.   0.23	4xlvA   12  V
ENSP00000342838	 rs1799816	Gtg	Atg	V	M	1000 	.   0.23	5e1sA    3  V
ENSP00000342838	 rs1799816	Gtg	Atg	V	M	1000 	.   0.23	5fxqA   10  V
ENSP00000342838	 rs1799816	Gtg	Atg	V	M	1000 	.   0.23	5hhwA    8  V
ENSP00000342838	 rs1799816	Gtg	Atg	V	M	1000 	.   0.23	5hznA    6  V
ENSP00000342838	 rs1799816	Gtg	Atg	V	M	1000 	.   0.23	5hznB    6  V
ENSP00000342838	 rs1799816	Gtg	Atg	V	M	1000 	.   0.23	5hznC    6  V
ENSP00000342838	 rs1799816	Gtg	Atg	V	M	1000 	.   0.23	5hznE    6  V
ENSP00000342838	 rs1799816	Gtg	Atg	V	M	1000 	.   0.23	5hznF    6  V
ENSP00000342838	 rs1799816	Gtg	Atg	V	M	1000 	.   0.23	5hznG    6  V
ENSP00000342838	 rs1799817	caC	caT	H	H	1073 	.   0.04	1gagA   78  H
ENSP00000342838	 rs1799817	caC	caT	H	H	1073 	.   0.04	1i44A   73  H
ENSP00000342838	 rs1799817	caC	caT	H	H	1073 	.   0.04	1ir3A   78  H
ENSP00000342838	 rs1799817	caC	caT	H	H	1073 	.   0.04	1irkA   78  H
ENSP00000342838	 rs1799817	caC	caT	H	H	1073 	.   0.04	1jqhA   78  H
ENSP00000342838	 rs1799817	caC	caT	H	H	1073 	.   0.04	1jqhB   78  H
ENSP00000342838	 rs1799817	caC	caT	H	H	1073 	.   0.04	1jqhC   78  H
ENSP00000342838	 rs1799817	caC	caT	H	H	1073 	.   0.04	1k3aA   74  H
ENSP00000342838	 rs1799817	caC	caT	H	H	1073 	.   0.04	1m7nA   80  H
ENSP00000342838	 rs1799817	caC	caT	H	H	1073 	.   0.04	1m7nB   80  H
ENSP00000342838	 rs1799817	caC	caT	H	H	1073 	.   0.04	1p14A   81  H
ENSP00000342838	 rs1799817	caC	caT	H	H	1073 	.   0.04	1p4oA   84  H
ENSP00000342838	 rs1799817	caC	caT	H	H	1073 	.   0.04	1rqqA   72  H
ENSP00000342838	 rs1799817	caC	caT	H	H	1073 	.   0.04	1rqqB   72  H
ENSP00000342838	 rs1799817	caC	caT	H	H	1073 	.   0.04	2auhA   75  H
ENSP00000342838	 rs1799817	caC	caT	H	H	1073 	.   0.04	2b4sB   72  H
ENSP00000342838	 rs1799817	caC	caT	H	H	1073 	.   0.04	2b4sD   72  H
ENSP00000342838	 rs1799817	caC	caT	H	H	1073 	.   0.04	2oj9A   78  H
ENSP00000342838	 rs1799817	caC	caT	H	H	1073 	.   0.04	2z8cA   75  H
ENSP00000342838	 rs1799817	caC	caT	H	H	1073 	.   0.04	2zm3A   82  H
ENSP00000342838	 rs1799817	caC	caT	H	H	1073 	.   0.04	2zm3B   82  H
ENSP00000342838	 rs1799817	caC	caT	H	H	1073 	.   0.04	2zm3C   82  H
ENSP00000342838	 rs1799817	caC	caT	H	H	1073 	.   0.04	2zm3D   82  H
ENSP00000342838	 rs1799817	caC	caT	H	H	1073 	.   0.04	3bu3A   72  H
ENSP00000342838	 rs1799817	caC	caT	H	H	1073 	.   0.04	3bu5A   69  H
ENSP00000342838	 rs1799817	caC	caT	H	H	1073 	.   0.04	3bu6A   72  H
ENSP00000342838	 rs1799817	caC	caT	H	H	1073 	.   0.04	3d94A   76  H
ENSP00000342838	 rs1799817	caC	caT	H	H	1073 	.   0.04	3ekkA   79  H
ENSP00000342838	 rs1799817	caC	caT	H	H	1073 	.   0.04	3eknA   75  H
ENSP00000342838	 rs1799817	caC	caT	H	H	1073 	.   0.04	3etaA   69  H
ENSP00000342838	 rs1799817	caC	caT	H	H	1073 	.   0.04	3etaB   69  H
ENSP00000342838	 rs1799817	caC	caT	H	H	1073 	.   0.04	3f5pA   82  H
ENSP00000342838	 rs1799817	caC	caT	H	H	1073 	.   0.04	3f5pB   82  H
ENSP00000342838	 rs1799817	caC	caT	H	H	1073 	.   0.04	3f5pC   82  H
ENSP00000342838	 rs1799817	caC	caT	H	H	1073 	.   0.04	3f5pD   82  H
ENSP00000342838	 rs1799817	caC	caT	H	H	1073 	.   0.04	3f5pE   82  H
ENSP00000342838	 rs1799817	caC	caT	H	H	1073 	.   0.04	3f5pF   82  H
ENSP00000342838	 rs1799817	caC	caT	H	H	1073 	.   0.04	3f5pG   82  H
ENSP00000342838	 rs1799817	caC	caT	H	H	1073 	.   0.04	3f5pH   82  H
ENSP00000342838	 rs1799817	caC	caT	H	H	1073 	.   0.04	3f5pI   82  H
ENSP00000342838	 rs1799817	caC	caT	H	H	1073 	.   0.04	3f5pJ   82  H
ENSP00000342838	 rs1799817	caC	caT	H	H	1073 	.   0.04	3f5pK   82  H
ENSP00000342838	 rs1799817	caC	caT	H	H	1073 	.   0.04	3f5pL   82  H
ENSP00000342838	 rs1799817	caC	caT	H	H	1073 	.   0.04	3f5pM   82  H
ENSP00000342838	 rs1799817	caC	caT	H	H	1073 	.   0.04	3f5pN   82  H
ENSP00000342838	 rs1799817	caC	caT	H	H	1073 	.   0.04	3f5pO   82  H
ENSP00000342838	 rs1799817	caC	caT	H	H	1073 	.   0.04	3f5pP   82  H
ENSP00000342838	 rs1799817	caC	caT	H	H	1073 	.   0.04	3i81A   77  H
ENSP00000342838	 rs1799817	caC	caT	H	H	1073 	.   0.04	3lvpA   73  H
ENSP00000342838	 rs1799817	caC	caT	H	H	1073 	.   0.04	3lvpB   76  H
ENSP00000342838	 rs1799817	caC	caT	H	H	1073 	.   0.04	3lvpC   75  H
ENSP00000342838	 rs1799817	caC	caT	H	H	1073 	.   0.04	3lvpD   66  H
ENSP00000342838	 rs1799817	caC	caT	H	H	1073 	.   0.04	3lw0A   79  H
ENSP00000342838	 rs1799817	caC	caT	H	H	1073 	.   0.04	3lw0B   79  H
ENSP00000342838	 rs1799817	caC	caT	H	H	1073 	.   0.04	3lw0C   79  H
ENSP00000342838	 rs1799817	caC	caT	H	H	1073 	.   0.04	3lw0D   79  H
ENSP00000342838	 rs1799817	caC	caT	H	H	1073 	.   0.04	3nw5A   77  H
ENSP00000342838	 rs1799817	caC	caT	H	H	1073 	.   0.04	3nw6A   76  H
ENSP00000342838	 rs1799817	caC	caT	H	H	1073 	.   0.04	3nw7A   75  H
ENSP00000342838	 rs1799817	caC	caT	H	H	1073 	.   0.04	3o23A   71  H
ENSP00000342838	 rs1799817	caC	caT	H	H	1073 	.   0.04	3qquA   71  H
ENSP00000342838	 rs1799817	caC	caT	H	H	1073 	.   0.04	3qquB   74  H
ENSP00000342838	 rs1799817	caC	caT	H	H	1073 	.   0.04	3qquC   73  H
ENSP00000342838	 rs1799817	caC	caT	H	H	1073 	.   0.04	3qquD   73  H
ENSP00000342838	 rs1799817	caC	caT	H	H	1073 	.   0.04	4d2rA   77  H
ENSP00000342838	 rs1799817	caC	caT	H	H	1073 	.   0.04	4ibmA   77  H
ENSP00000342838	 rs1799817	caC	caT	H	H	1073 	.   0.04	4ibmB   72  H
ENSP00000342838	 rs1799817	caC	caT	H	H	1073 	.   0.04	4xlvA   85  H
ENSP00000342838	 rs1799817	caC	caT	H	H	1073 	.   0.04	5e1sA   76  H
ENSP00000342838	 rs1799817	caC	caT	H	H	1073 	.   0.04	5fxqA   82  H
ENSP00000342838	 rs1799817	caC	caT	H	H	1073 	.   0.04	5hhwA   81  H
ENSP00000342838	 rs1799817	caC	caT	H	H	1073 	.   0.04	5hznA   79  H
ENSP00000342838	 rs1799817	caC	caT	H	H	1073 	.   0.04	5hznB   79  H
ENSP00000342838	 rs1799817	caC	caT	H	H	1073 	.   0.04	5hznC   79  H
ENSP00000342838	 rs1799817	caC	caT	H	H	1073 	.   0.04	5hznE   79  H
ENSP00000342838	 rs1799817	caC	caT	H	H	1073 	.   0.04	5hznF   79  H
ENSP00000342838	 rs1799817	caC	caT	H	H	1073 	.   0.04	5hznG   79  H
ENSP00000342838	 rs2229431	aaC	aaT	N	N	853  	.   0.08	4zxbE  716  N
ENSP00000342851	 rs1805373	cGa	cAa	R	Q	229  	.   0.01	1ebmC  218  R
ENSP00000342851	 rs1805373	cGa	cAa	R	Q	229  	.   0.01	1fn7C  218  R
ENSP00000342851	 rs1805373	cGa	cAa	R	Q	229  	.   0.01	1hu0C  218  R
ENSP00000342851	 rs1805373	cGa	cAa	R	Q	229  	.   0.01	1ko9A  218  R
ENSP00000342851	 rs1805373	cGa	cAa	R	Q	229  	.   0.01	1lwvC  218  R
ENSP00000342851	 rs1805373	cGa	cAa	R	Q	229  	.   0.01	1lwwC  218  R
ENSP00000342851	 rs1805373	cGa	cAa	R	Q	229  	.   0.01	1lwyC  218  R
ENSP00000342851	 rs1805373	cGa	cAa	R	Q	229  	.   0.01	1m3hD  218  R
ENSP00000342851	 rs1805373	cGa	cAa	R	Q	229  	.   0.01	1m3qC  218  R
ENSP00000342851	 rs1805373	cGa	cAa	R	Q	229  	.   0.01	1n39C  218  R
ENSP00000342851	 rs1805373	cGa	cAa	R	Q	229  	.   0.01	1n3aC  218  R
ENSP00000342851	 rs1805373	cGa	cAa	R	Q	229  	.   0.01	1n3cC  218  R
ENSP00000342851	 rs1805373	cGa	cAa	R	Q	229  	.   0.01	1yqkC  218  R
ENSP00000342851	 rs1805373	cGa	cAa	R	Q	229  	.   0.01	1yqlC  218  R
ENSP00000342851	 rs1805373	cGa	cAa	R	Q	229  	.   0.01	1yqmC  218  R
ENSP00000342851	 rs1805373	cGa	cAa	R	Q	229  	.   0.01	1yqrC  218  R
ENSP00000342851	 rs1805373	cGa	cAa	R	Q	229  	.   0.01	2i5wC  217  R
ENSP00000342851	 rs1805373	cGa	cAa	R	Q	229  	.   0.01	2nobC  218  R
ENSP00000342851	 rs1805373	cGa	cAa	R	Q	229  	.   0.01	2noeC  218  R
ENSP00000342851	 rs1805373	cGa	cAa	R	Q	229  	.   0.01	2nofC  218  R
ENSP00000342851	 rs1805373	cGa	cAa	R	Q	229  	.   0.01	2nohC  217  R
ENSP00000342851	 rs1805373	cGa	cAa	R	Q	229  	.   0.01	2noiC  219  R
ENSP00000342851	 rs1805373	cGa	cAa	R	Q	229  	.   0.01	2nolC  218  R
ENSP00000342851	 rs1805373	cGa	cAa	R	Q	229  	.   0.01	2nozC  218  R
ENSP00000342851	 rs1805373	cGa	cAa	R	Q	229  	.   0.01	2xhiA  220  R
ENSP00000342851	 rs1805373	cGa	cAa	R	Q	229  	.   0.01	3ih7A  217  R
ENSP00000342851	 rs1805373	cGa	cAa	R	Q	229  	.   0.01	3ktuA  218  R
ENSP00000342851	 rs1805373	cGa	cAa	R	Q	229  	.   0.01	5an4A  218  R
ENSP00000342851	 rs1805373	cGa	cCa	R	P	229  	.   0.01	1ebmC  218  R
ENSP00000342851	 rs1805373	cGa	cCa	R	P	229  	.   0.01	1fn7C  218  R
ENSP00000342851	 rs1805373	cGa	cCa	R	P	229  	.   0.01	1hu0C  218  R
ENSP00000342851	 rs1805373	cGa	cCa	R	P	229  	.   0.01	1ko9A  218  R
ENSP00000342851	 rs1805373	cGa	cCa	R	P	229  	.   0.01	1lwvC  218  R
ENSP00000342851	 rs1805373	cGa	cCa	R	P	229  	.   0.01	1lwwC  218  R
ENSP00000342851	 rs1805373	cGa	cCa	R	P	229  	.   0.01	1lwyC  218  R
ENSP00000342851	 rs1805373	cGa	cCa	R	P	229  	.   0.01	1m3hD  218  R
ENSP00000342851	 rs1805373	cGa	cCa	R	P	229  	.   0.01	1m3qC  218  R
ENSP00000342851	 rs1805373	cGa	cCa	R	P	229  	.   0.01	1n39C  218  R
ENSP00000342851	 rs1805373	cGa	cCa	R	P	229  	.   0.01	1n3aC  218  R
ENSP00000342851	 rs1805373	cGa	cCa	R	P	229  	.   0.01	1n3cC  218  R
ENSP00000342851	 rs1805373	cGa	cCa	R	P	229  	.   0.01	1yqkC  218  R
ENSP00000342851	 rs1805373	cGa	cCa	R	P	229  	.   0.01	1yqlC  218  R
ENSP00000342851	 rs1805373	cGa	cCa	R	P	229  	.   0.01	1yqmC  218  R
ENSP00000342851	 rs1805373	cGa	cCa	R	P	229  	.   0.01	1yqrC  218  R
ENSP00000342851	 rs1805373	cGa	cCa	R	P	229  	.   0.01	2i5wC  217  R
ENSP00000342851	 rs1805373	cGa	cCa	R	P	229  	.   0.01	2nobC  218  R
ENSP00000342851	 rs1805373	cGa	cCa	R	P	229  	.   0.01	2noeC  218  R
ENSP00000342851	 rs1805373	cGa	cCa	R	P	229  	.   0.01	2nofC  218  R
ENSP00000342851	 rs1805373	cGa	cCa	R	P	229  	.   0.01	2nohC  217  R
ENSP00000342851	 rs1805373	cGa	cCa	R	P	229  	.   0.01	2noiC  219  R
ENSP00000342851	 rs1805373	cGa	cCa	R	P	229  	.   0.01	2nolC  218  R
ENSP00000342851	 rs1805373	cGa	cCa	R	P	229  	.   0.01	2nozC  218  R
ENSP00000342851	 rs1805373	cGa	cCa	R	P	229  	.   0.01	2xhiA  220  R
ENSP00000342851	 rs1805373	cGa	cCa	R	P	229  	.   0.01	3ih7A  217  R
ENSP00000342851	 rs1805373	cGa	cCa	R	P	229  	.   0.01	3ktuA  218  R
ENSP00000342851	 rs1805373	cGa	cCa	R	P	229  	.   0.01	5an4A  218  R
ENSP00000342851	 rs3219012	gCg	gTg	A	V	288  	.   0.25	1ebmC  277  A
ENSP00000342851	 rs3219012	gCg	gTg	A	V	288  	.   0.25	1fn7C  277  A
ENSP00000342851	 rs3219012	gCg	gTg	A	V	288  	.   0.25	1hu0C  277  A
ENSP00000342851	 rs3219012	gCg	gTg	A	V	288  	.   0.25	1ko9A  277  A
ENSP00000342851	 rs3219012	gCg	gTg	A	V	288  	.   0.25	1lwvC  277  A
ENSP00000342851	 rs3219012	gCg	gTg	A	V	288  	.   0.25	1lwwC  277  A
ENSP00000342851	 rs3219012	gCg	gTg	A	V	288  	.   0.25	1lwyC  277  A
ENSP00000342851	 rs3219012	gCg	gTg	A	V	288  	.   0.25	1m3hD  277  A
ENSP00000342851	 rs3219012	gCg	gTg	A	V	288  	.   0.25	1m3qC  277  A
ENSP00000342851	 rs3219012	gCg	gTg	A	V	288  	.   0.25	1n39C  277  A
ENSP00000342851	 rs3219012	gCg	gTg	A	V	288  	.   0.25	1n3aC  277  A
ENSP00000342851	 rs3219012	gCg	gTg	A	V	288  	.   0.25	1n3cC  277  A
ENSP00000342851	 rs3219012	gCg	gTg	A	V	288  	.   0.25	1yqkC  277  A
ENSP00000342851	 rs3219012	gCg	gTg	A	V	288  	.   0.25	1yqlC  277  A
ENSP00000342851	 rs3219012	gCg	gTg	A	V	288  	.   0.25	1yqmC  277  A
ENSP00000342851	 rs3219012	gCg	gTg	A	V	288  	.   0.25	1yqrC  277  A
ENSP00000342851	 rs3219012	gCg	gTg	A	V	288  	.   0.25	2i5wC  276  A
ENSP00000342851	 rs3219012	gCg	gTg	A	V	288  	.   0.25	2nobC  277  A
ENSP00000342851	 rs3219012	gCg	gTg	A	V	288  	.   0.25	2noeC  277  A
ENSP00000342851	 rs3219012	gCg	gTg	A	V	288  	.   0.25	2nofC  277  A
ENSP00000342851	 rs3219012	gCg	gTg	A	V	288  	.   0.25	2nohC  276  A
ENSP00000342851	 rs3219012	gCg	gTg	A	V	288  	.   0.25	2noiC  278  A
ENSP00000342851	 rs3219012	gCg	gTg	A	V	288  	.   0.25	2nolC  277  A
ENSP00000342851	 rs3219012	gCg	gTg	A	V	288  	.   0.25	2nozC  275  A
ENSP00000342851	 rs3219012	gCg	gTg	A	V	288  	.   0.25	2xhiA  279  A
ENSP00000342851	 rs3219012	gCg	gTg	A	V	288  	.   0.25	3ih7A  276  A
ENSP00000342851	 rs3219012	gCg	gTg	A	V	288  	.   0.25	3ktuA  277  A
ENSP00000342851	 rs3219012	gCg	gTg	A	V	288  	.   0.25	5an4A  277  A
ENSP00000342851	 rs3219014	Gac	Aac	D	N	322  	.   0.06	1ebmC  311  D
ENSP00000342851	 rs3219014	Gac	Aac	D	N	322  	.   0.06	1fn7C  311  D
ENSP00000342851	 rs3219014	Gac	Aac	D	N	322  	.   0.06	1hu0C  311  D
ENSP00000342851	 rs3219014	Gac	Aac	D	N	322  	.   0.06	1ko9A  311  D
ENSP00000342851	 rs3219014	Gac	Aac	D	N	322  	.   0.06	1lwvC  311  D
ENSP00000342851	 rs3219014	Gac	Aac	D	N	322  	.   0.06	1lwwC  311  D
ENSP00000342851	 rs3219014	Gac	Aac	D	N	322  	.   0.06	1lwyC  311  D
ENSP00000342851	 rs3219014	Gac	Aac	D	N	322  	.   0.06	1m3hD  311  D
ENSP00000342851	 rs3219014	Gac	Aac	D	N	322  	.   0.06	1m3qC  311  D
ENSP00000342851	 rs3219014	Gac	Aac	D	N	322  	.   0.06	1n39C  311  D
ENSP00000342851	 rs3219014	Gac	Aac	D	N	322  	.   0.06	1n3aC  311  D
ENSP00000342851	 rs3219014	Gac	Aac	D	N	322  	.   0.06	1n3cC  311  D
ENSP00000342851	 rs3219014	Gac	Aac	D	N	322  	.   0.06	1yqkC  311  D
ENSP00000342851	 rs3219014	Gac	Aac	D	N	322  	.   0.06	1yqlC  311  D
ENSP00000342851	 rs3219014	Gac	Aac	D	N	322  	.   0.06	1yqmC  311  D
ENSP00000342851	 rs3219014	Gac	Aac	D	N	322  	.   0.06	1yqrC  311  D
ENSP00000342851	 rs3219014	Gac	Aac	D	N	322  	.   0.06	2i5wC  310  D
ENSP00000342851	 rs3219014	Gac	Aac	D	N	322  	.   0.06	2nobC  311  D
ENSP00000342851	 rs3219014	Gac	Aac	D	N	322  	.   0.06	2noeC  311  D
ENSP00000342851	 rs3219014	Gac	Aac	D	N	322  	.   0.06	2nofC  311  D
ENSP00000342851	 rs3219014	Gac	Aac	D	N	322  	.   0.06	2nohC  310  D
ENSP00000342851	 rs3219014	Gac	Aac	D	N	322  	.   0.06	2noiC  312  D
ENSP00000342851	 rs3219014	Gac	Aac	D	N	322  	.   0.06	2nolC  311  D
ENSP00000342851	 rs3219014	Gac	Aac	D	N	322  	.   0.06	2nozC  309  D
ENSP00000342851	 rs3219014	Gac	Aac	D	N	322  	.   0.06	2xhiA  313  D
ENSP00000342851	 rs3219014	Gac	Aac	D	N	322  	.   0.06	3ih7A  310  D
ENSP00000342851	 rs3219014	Gac	Aac	D	N	322  	.   0.06	3ktuA  311  D
ENSP00000342851	 rs3219014	Gac	Aac	D	N	322  	.   0.06	5an4A  311  D
ENSP00000342922	 rs3759880	gCt	gTt	A	V	31   	.   0.04	4nqjA   48  A
ENSP00000342922	 rs3759880	gCt	gTt	A	V	31   	.   0.04	4nqjB   45  A
ENSP00000342922	 rs3759880	gCt	gTt	A	V	31   	.   0.04	4nqjC   47  A
ENSP00000342922	rs77414494	aaT	aaA	N	K	80   	.    0.2	4nqjA   97  N
ENSP00000342922	rs77414494	aaT	aaA	N	K	80   	.    0.2	4nqjB   94  N
ENSP00000342922	rs77414494	aaT	aaA	N	K	80   	.    0.2	4nqjC   96  N
ENSP00000342924	 rs1057090	gCg	gAg	A	E	761  	.   0.01	3shtA  116  A
ENSP00000342924	 rs1057090	gCg	gAg	A	E	761  	.   0.01	3shtB  115  A
ENSP00000342924	 rs1057090	gCg	gAg	A	E	761  	.   0.01	3shtC  115  A
ENSP00000342924	 rs1057090	gCg	gAg	A	E	761  	.   0.01	3shvA  117  A
ENSP00000342924	 rs1057090	gCg	gAg	A	E	761  	.   0.01	3shvB  117  A
ENSP00000342924	 rs1057090	gCg	gAg	A	E	761  	.   0.01	3szmA  116  V
ENSP00000342924	 rs1057090	gCg	gAg	A	E	761  	.   0.01	3szmB  116  V
ENSP00000342924	 rs1057090	gCg	gAg	A	E	761  	.   0.01	3szmC  118  V
ENSP00000342924	 rs1057090	gCg	gAg	A	E	761  	.   0.01	3szmD  116  V
ENSP00000342924	 rs1057090	gCg	gAg	A	E	761  	.   0.01	3szmE  116  V
ENSP00000342924	 rs1057090	gCg	gAg	A	E	761  	.   0.01	3szmF  116  V
ENSP00000342924	 rs1057090	gCg	gAg	A	E	761  	.   0.01	3szmG  118  V
ENSP00000342924	 rs1057090	gCg	gAg	A	E	761  	.   0.01	3szmH  117  V
ENSP00000342924	 rs1057090	gCg	gAg	A	E	761  	.   0.01	3t1nA  118  V
ENSP00000342924	 rs1057090	gCg	gAg	A	E	761  	.   0.01	3t1nB  117  V
ENSP00000342924	 rs1057090	gCg	gAg	A	E	761  	.   0.01	3u3zA  116  V
ENSP00000342924	 rs1057090	gCg	gGg	A	G	761  	.   0.01	3shtA  116  A
ENSP00000342924	 rs1057090	gCg	gGg	A	G	761  	.   0.01	3shtB  115  A
ENSP00000342924	 rs1057090	gCg	gGg	A	G	761  	.   0.01	3shtC  115  A
ENSP00000342924	 rs1057090	gCg	gGg	A	G	761  	.   0.01	3shvA  117  A
ENSP00000342924	 rs1057090	gCg	gGg	A	G	761  	.   0.01	3shvB  117  A
ENSP00000342924	 rs1057090	gCg	gGg	A	G	761  	.   0.01	3szmA  116  V
ENSP00000342924	 rs1057090	gCg	gGg	A	G	761  	.   0.01	3szmB  116  V
ENSP00000342924	 rs1057090	gCg	gGg	A	G	761  	.   0.01	3szmC  118  V
ENSP00000342924	 rs1057090	gCg	gGg	A	G	761  	.   0.01	3szmD  116  V
ENSP00000342924	 rs1057090	gCg	gGg	A	G	761  	.   0.01	3szmE  116  V
ENSP00000342924	 rs1057090	gCg	gGg	A	G	761  	.   0.01	3szmF  116  V
ENSP00000342924	 rs1057090	gCg	gGg	A	G	761  	.   0.01	3szmG  118  V
ENSP00000342924	 rs1057090	gCg	gGg	A	G	761  	.   0.01	3szmH  117  V
ENSP00000342924	 rs1057090	gCg	gGg	A	G	761  	.   0.01	3t1nA  118  V
ENSP00000342924	 rs1057090	gCg	gGg	A	G	761  	.   0.01	3t1nB  117  V
ENSP00000342924	 rs1057090	gCg	gGg	A	G	761  	.   0.01	3u3zA  116  V
ENSP00000342924	 rs1057090	gCg	gTg	A	V	761  	.   0.01	3shtA  116  A
ENSP00000342924	 rs1057090	gCg	gTg	A	V	761  	.   0.01	3shtB  115  A
ENSP00000342924	 rs1057090	gCg	gTg	A	V	761  	.   0.01	3shtC  115  A
ENSP00000342924	 rs1057090	gCg	gTg	A	V	761  	.   0.01	3shvA  117  A
ENSP00000342924	 rs1057090	gCg	gTg	A	V	761  	.   0.01	3shvB  117  A
ENSP00000342924	 rs1057090	gCg	gTg	A	V	761  	.   0.01	3szmA  116  V
ENSP00000342924	 rs1057090	gCg	gTg	A	V	761  	.   0.01	3szmB  116  V
ENSP00000342924	 rs1057090	gCg	gTg	A	V	761  	.   0.01	3szmC  118  V
ENSP00000342924	 rs1057090	gCg	gTg	A	V	761  	.   0.01	3szmD  116  V
ENSP00000342924	 rs1057090	gCg	gTg	A	V	761  	.   0.01	3szmE  116  V
ENSP00000342924	 rs1057090	gCg	gTg	A	V	761  	.   0.01	3szmF  116  V
ENSP00000342924	 rs1057090	gCg	gTg	A	V	761  	.   0.01	3szmG  118  V
ENSP00000342924	 rs1057090	gCg	gTg	A	V	761  	.   0.01	3szmH  117  V
ENSP00000342924	 rs1057090	gCg	gTg	A	V	761  	.   0.01	3t1nA  118  V
ENSP00000342924	 rs1057090	gCg	gTg	A	V	761  	.   0.01	3t1nB  117  V
ENSP00000342924	 rs1057090	gCg	gTg	A	V	761  	.   0.01	3u3zA  116  V
ENSP00000342952	 rs2290910	tgC	tgT	C	C	887  	.   0.01	1ab8A   10  C
ENSP00000342952	 rs2290910	tgC	tgT	C	C	887  	.   0.01	1ab8B   12  C
ENSP00000342952	 rs2290910	tgC	tgT	C	C	887  	.   0.01	1azsB    8  C
ENSP00000342952	 rs2290910	tgC	tgT	C	C	887  	.   0.01	1cjkB   10  C
ENSP00000342952	 rs2290910	tgC	tgT	C	C	887  	.   0.01	1cjtB    9  C
ENSP00000342952	 rs2290910	tgC	tgT	C	C	887  	.   0.01	1cjuB    9  C
ENSP00000342952	 rs2290910	tgC	tgT	C	C	887  	.   0.01	1cjvB    8  C
ENSP00000342952	 rs2290910	tgC	tgT	C	C	887  	.   0.01	1cs4B    9  C
ENSP00000342952	 rs2290910	tgC	tgT	C	C	887  	.   0.01	1culB    9  C
ENSP00000342952	 rs2290910	tgC	tgT	C	C	887  	.   0.01	1tl7B    8  C
ENSP00000342952	 rs2290910	tgC	tgT	C	C	887  	.   0.01	1u0hB    8  C
ENSP00000342952	 rs2290910	tgC	tgT	C	C	887  	.   0.01	2gvdB    8  C
ENSP00000342952	 rs2290910	tgC	tgT	C	C	887  	.   0.01	2gvzB    7  C
ENSP00000342952	 rs2290910	tgC	tgT	C	C	887  	.   0.01	3c14B    8  C
ENSP00000342952	 rs2290910	tgC	tgT	C	C	887  	.   0.01	3c15B    8  C
ENSP00000342952	 rs2290910	tgC	tgT	C	C	887  	.   0.01	3c16B    8  C
ENSP00000342952	 rs2290910	tgC	tgT	C	C	887  	.   0.01	3g82B    8  C
ENSP00000342952	 rs2290910	tgC	tgT	C	C	887  	.   0.01	3maaB    8  C
ENSP00000343000	 rs2243191	tTc	tCc	F	S	213  	*   0.52	1n1fA  151  S
ENSP00000343102	 rs3730477	Cgg	Tgg	R	W	161  	.   0.02	1rztM  190  R
ENSP00000343102	 rs3730477	Cgg	Tgg	R	W	161  	.   0.02	1rztN  189  R
ENSP00000343102	 rs3730477	Cgg	Tgg	R	W	161  	.   0.02	1rztO  189  R
ENSP00000343102	 rs3730477	Cgg	Tgg	R	W	161  	.   0.02	1rztP  190  R
ENSP00000343102	 rs3730477	Cgg	Tgg	R	W	161  	.   0.02	1xslM  190  R
ENSP00000343102	 rs3730477	Cgg	Tgg	R	W	161  	.   0.02	1xslN  188  R
ENSP00000343102	 rs3730477	Cgg	Tgg	R	W	161  	.   0.02	1xslO  189  R
ENSP00000343102	 rs3730477	Cgg	Tgg	R	W	161  	.   0.02	1xslP  190  R
ENSP00000343102	 rs3730477	Cgg	Tgg	R	W	161  	.   0.02	1xsnD  187  R
ENSP00000343102	 rs3730477	Cgg	Tgg	R	W	161  	.   0.02	1xspD  190  R
ENSP00000343102	 rs3730477	Cgg	Tgg	R	W	161  	.   0.02	2bcqD  187  R
ENSP00000343102	 rs3730477	Cgg	Tgg	R	W	161  	.   0.02	2bcrD  188  R
ENSP00000343102	 rs3730477	Cgg	Tgg	R	W	161  	.   0.02	2bcsD  187  R
ENSP00000343102	 rs3730477	Cgg	Tgg	R	W	161  	.   0.02	2bcuD  189  R
ENSP00000343102	 rs3730477	Cgg	Tgg	R	W	161  	.   0.02	2bcvD  186  R
ENSP00000343102	 rs3730477	Cgg	Tgg	R	W	161  	.   0.02	2gwsM  190  R
ENSP00000343102	 rs3730477	Cgg	Tgg	R	W	161  	.   0.02	2gwsN  189  R
ENSP00000343102	 rs3730477	Cgg	Tgg	R	W	161  	.   0.02	2gwsO  189  R
ENSP00000343102	 rs3730477	Cgg	Tgg	R	W	161  	.   0.02	2gwsP  189  R
ENSP00000343102	 rs3730477	Cgg	Tgg	R	W	161  	.   0.02	2pfnD  188  R
ENSP00000343102	 rs3730477	Cgg	Tgg	R	W	161  	.   0.02	2pfoD  186  R
ENSP00000343102	 rs3730477	Cgg	Tgg	R	W	161  	.   0.02	2pfpD  189  R
ENSP00000343102	 rs3730477	Cgg	Tgg	R	W	161  	.   0.02	2pfqD  187  R
ENSP00000343102	 rs3730477	Cgg	Tgg	R	W	161  	.   0.02	3c5fG  189  R
ENSP00000343102	 rs3730477	Cgg	Tgg	R	W	161  	.   0.02	3c5fH  189  R
ENSP00000343102	 rs3730477	Cgg	Tgg	R	W	161  	.   0.02	3c5gA  190  R
ENSP00000343102	 rs3730477	Cgg	Tgg	R	W	161  	.   0.02	3c5gE  194  R
ENSP00000343102	 rs3730477	Cgg	Tgg	R	W	161  	.   0.02	3hw8A  190  R
ENSP00000343102	 rs3730477	Cgg	Tgg	R	W	161  	.   0.02	3hwtA  182  R
ENSP00000343102	 rs3730477	Cgg	Tgg	R	W	161  	.   0.02	3hx0A  193  R
ENSP00000343102	 rs3730477	Cgg	Tgg	R	W	161  	.   0.02	3hx0E  192  R
ENSP00000343102	 rs3730477	Cgg	Tgg	R	W	161  	.   0.02	3hx0I  190  R
ENSP00000343102	 rs3730477	Cgg	Tgg	R	W	161  	.   0.02	3hx0M  190  R
ENSP00000343102	 rs3730477	Cgg	Tgg	R	W	161  	.   0.02	3mdaA  188  R
ENSP00000343102	 rs3730477	Cgg	Tgg	R	W	161  	.   0.02	3mdcA  185  R
ENSP00000343102	 rs3730477	Cgg	Tgg	R	W	161  	.   0.02	3mghA  190  R
ENSP00000343102	 rs3730477	Cgg	Tgg	R	W	161  	.   0.02	3mghE  189  R
ENSP00000343102	 rs3730477	Cgg	Tgg	R	W	161  	.   0.02	3mgiA  187  R
ENSP00000343102	 rs3730477	Cgg	Tgg	R	W	161  	.   0.02	3pmlA  190  R
ENSP00000343102	 rs3730477	Cgg	Tgg	R	W	161  	.   0.02	3pmlB  192  R
ENSP00000343102	 rs3730477	Cgg	Tgg	R	W	161  	.   0.02	3pmnA  190  R
ENSP00000343102	 rs3730477	Cgg	Tgg	R	W	161  	.   0.02	3pncA  189  R
ENSP00000343102	 rs3730477	Cgg	Tgg	R	W	161  	.   0.02	3upqA  187  R
ENSP00000343102	 rs3730477	Cgg	Tgg	R	W	161  	.   0.02	3uq0A  188  R
ENSP00000343102	 rs3730477	Cgg	Tgg	R	W	161  	.   0.02	3uq2A  186  R
ENSP00000343102	 rs3730477	Cgg	Tgg	R	W	161  	.   0.02	4k4gA  189  R
ENSP00000343102	 rs3730477	Cgg	Tgg	R	W	161  	.   0.02	4k4gE  190  R
ENSP00000343102	 rs3730477	Cgg	Tgg	R	W	161  	.   0.02	4k4gI  189  R
ENSP00000343102	 rs3730477	Cgg	Tgg	R	W	161  	.   0.02	4k4gM  190  R
ENSP00000343102	 rs3730477	Cgg	Tgg	R	W	161  	.   0.02	4k4hA  190  R
ENSP00000343102	 rs3730477	Cgg	Tgg	R	W	161  	.   0.02	4k4hE  190  R
ENSP00000343102	 rs3730477	Cgg	Tgg	R	W	161  	.   0.02	4k4hI  190  R
ENSP00000343102	 rs3730477	Cgg	Tgg	R	W	161  	.   0.02	4k4hM  190  R
ENSP00000343102	 rs3730477	Cgg	Tgg	R	W	161  	.   0.02	4k4iA  189  R
ENSP00000343102	 rs3730477	Cgg	Tgg	R	W	161  	.   0.02	4k4iE  190  R
ENSP00000343102	 rs3730477	Cgg	Tgg	R	W	161  	.   0.02	4k4iI  189  R
ENSP00000343102	 rs3730477	Cgg	Tgg	R	W	161  	.   0.02	4k4iM  190  R
ENSP00000343102	 rs3730477	Cgg	Tgg	R	W	161  	.   0.02	4x5vA  180  R
ENSP00000343102	 rs3730477	Cgg	Tgg	R	W	161  	.   0.02	4xa5A  186  R
ENSP00000343102	 rs3730477	Cgg	Tgg	R	W	161  	.   0.02	4xq8A  110  R
ENSP00000343102	 rs3730477	Cgg	Tgg	R	W	161  	.   0.02	4xq8B  107  R
ENSP00000343102	 rs3730477	Cgg	Tgg	R	W	161  	.   0.02	4xrhA  110  R
ENSP00000343102	 rs3730477	Cgg	Tgg	R	W	161  	.   0.02	4xrhB  106  R
ENSP00000343102	 rs3730477	Cgg	Tgg	R	W	161  	.   0.02	4xusA  187  R
ENSP00000343102	 rs3730477	Cgg	Tgg	R	W	161  	.   0.02	5ca7A  110  R
ENSP00000343102	 rs3730477	Cgg	Tgg	R	W	161  	.   0.02	5ca7B  106  R
ENSP00000343102	 rs3730477	Cgg	Tgg	R	W	161  	.   0.02	5cb1A  189  R
ENSP00000343102	 rs3730477	Cgg	Tgg	R	W	161  	.   0.02	5cb1B  108  R
ENSP00000343102	 rs3730477	Cgg	Tgg	R	W	161  	.   0.02	5chgA  109  R
ENSP00000343102	 rs3730477	Cgg	Tgg	R	W	161  	.   0.02	5chgB  106  R
ENSP00000343102	 rs3730477	Cgg	Tgg	R	W	161  	.   0.02	5cj7A  109  R
ENSP00000343102	 rs3730477	Cgg	Tgg	R	W	161  	.   0.02	5cj7B  106  R
ENSP00000343102	 rs3730477	Cgg	Tgg	R	W	161  	.   0.02	5cp2A  103  R
ENSP00000343102	 rs3730477	Cgg	Tgg	R	W	161  	.   0.02	5cp2B  109  R
ENSP00000343102	 rs3730477	Cgg	Tgg	R	W	161  	.   0.02	5cr0A  109  R
ENSP00000343102	 rs3730477	Cgg	Tgg	R	W	161  	.   0.02	5cr0B  106  R
ENSP00000343102	 rs3730477	Cgg	Tgg	R	W	161  	.   0.02	5cwrA  189  R
ENSP00000343102	 rs3730477	Cgg	Tgg	R	W	161  	.   0.02	5cwrD  189  R
ENSP00000343102	 rs3730477	Cgg	Tgg	R	W	161  	.   0.02	5ddmA  110  R
ENSP00000343102	 rs3730477	Cgg	Tgg	R	W	161  	.   0.02	5ddmB  105  R
ENSP00000343102	 rs3730477	Cgg	Tgg	R	W	161  	.   0.02	5ddyA  190  R
ENSP00000343102	 rs3730477	Cgg	Tgg	R	W	161  	.   0.02	5ddyB  190  R
ENSP00000343102	 rs3730477	Cgg	Tgg	R	W	161  	.   0.02	5ddyC  107  R
ENSP00000343102	 rs3730477	Cgg	Tgg	R	W	161  	.   0.02	5ddyD  107  R
ENSP00000343102	 rs3730477	Cgg	Tgg	R	W	161  	.   0.02	5dkwA  190  R
ENSP00000343102	 rs3730477	Cgg	Tgg	R	W	161  	.   0.02	5dkwB  190  R
ENSP00000343102	 rs3730477	Cgg	Tgg	R	W	161  	.   0.02	5iiiA  187  R
ENSP00000343102	 rs3730477	Cgg	Tgg	R	W	161  	.   0.02	5iijA  187  R
ENSP00000343102	 rs3730477	Cgg	Tgg	R	W	161  	.   0.02	5iikA  189  R
ENSP00000343102	 rs3730477	Cgg	Tgg	R	W	161  	.   0.02	5iilA  189  R
ENSP00000343102	 rs3730477	Cgg	Tgg	R	W	161  	.   0.02	5iimA  189  R
ENSP00000343102	 rs3730477	Cgg	Tgg	R	W	161  	.   0.02	5iinA  189  R
ENSP00000343102	 rs3730477	Cgg	Tgg	R	W	161  	.   0.02	5iioM  190  R
ENSP00000343102	 rs3730477	Cgg	Tgg	R	W	161  	.   0.02	5iioN  188  R
ENSP00000343102	 rs3730477	Cgg	Tgg	R	W	161  	.   0.02	5iioO  189  R
ENSP00000343102	 rs3730477	Cgg	Tgg	R	W	161  	.   0.02	5iioP  190  R
ENSP00000343103	 rs1131933	acC	acT	T	T	599  	.   0.02	4c4aA  566  T
ENSP00000343103	rs12926948	gcC	gcT	A	A	236  	.   0.01	4c4aA  210  A
ENSP00000343134	 rs2074797	ccA	ccT	P	P	198  	.   0.01	3mkrA  234  P
ENSP00000343134	 rs2074797	ccA	ccG	P	P	198  	.   0.01	3mkrA  234  P
ENSP00000343134	 rs2074797	ccA	ccC	P	P	198  	.   0.01	3mkrA  234  P
ENSP00000343205	    rs6196	aaT	aaC	N	N	766  	.   0.45	1m2zA  244  N
ENSP00000343205	    rs6196	aaT	aaC	N	N	766  	.   0.45	1m2zC  242  N
ENSP00000343205	    rs6196	aaT	aaC	N	N	766  	.   0.45	1p93A  237  N
ENSP00000343205	    rs6196	aaT	aaC	N	N	766  	.   0.45	1p93C  235  N
ENSP00000343205	    rs6196	aaT	aaC	N	N	766  	.   0.45	1p93E  237  N
ENSP00000343205	    rs6196	aaT	aaC	N	N	766  	.   0.45	1p93G  237  N
ENSP00000343205	    rs6196	aaT	aaC	N	N	766  	.   0.45	3bqdA  242  N
ENSP00000343205	    rs6196	aaT	aaC	N	N	766  	.   0.45	3cldA  233  N
ENSP00000343205	    rs6196	aaT	aaC	N	N	766  	.   0.45	3cldC  231  N
ENSP00000343205	    rs6196	aaT	aaC	N	N	766  	.   0.45	3e7cA  238  N
ENSP00000343205	    rs6196	aaT	aaC	N	N	766  	.   0.45	3e7cC  235  N
ENSP00000343205	    rs6196	aaT	aaC	N	N	766  	.   0.45	3h52B  239  N
ENSP00000343205	    rs6196	aaT	aaC	N	N	766  	.   0.45	3h52C  227  N
ENSP00000343205	    rs6196	aaT	aaC	N	N	766  	.   0.45	3h52D  224  N
ENSP00000343205	    rs6196	aaT	aaC	N	N	766  	.   0.45	3k22A  240  N
ENSP00000343205	    rs6196	aaT	aaC	N	N	766  	.   0.45	3k22C  240  N
ENSP00000343205	    rs6196	aaT	aaC	N	N	766  	.   0.45	3k23A  235  N
ENSP00000343205	    rs6196	aaT	aaC	N	N	766  	.   0.45	3k23C  237  N
ENSP00000343205	    rs6196	aaT	aaC	N	N	766  	.   0.45	3mneA  242  N
ENSP00000343205	    rs6196	aaT	aaC	N	N	766  	.   0.45	3mnoA  244  N
ENSP00000343205	    rs6196	aaT	aaC	N	N	766  	.   0.45	3mnpA  247  N
ENSP00000343205	    rs6196	aaT	aaC	N	N	766  	.   0.45	4csjA  237  N
ENSP00000343205	    rs6196	aaT	aaC	N	N	766  	.   0.45	4lsjA  233  N
ENSP00000343205	    rs6196	aaT	aaC	N	N	766  	.   0.45	4mddA  237  N
ENSP00000343205	    rs6196	aaT	aaC	N	N	766  	.   0.45	4p6wA  241  N
ENSP00000343205	    rs6196	aaT	aaC	N	N	766  	.   0.45	4p6xA  241  N
ENSP00000343205	    rs6196	aaT	aaC	N	N	766  	.   0.45	4p6xC  244  N
ENSP00000343205	    rs6196	aaT	aaC	N	N	766  	.   0.45	4p6xE  244  N
ENSP00000343205	    rs6196	aaT	aaC	N	N	766  	.   0.45	4p6xG  244  N
ENSP00000343205	    rs6196	aaT	aaC	N	N	766  	.   0.45	4p6xI  244  N
ENSP00000343205	    rs6196	aaT	aaC	N	N	766  	.   0.45	4p6xK  244  N
ENSP00000343205	    rs6196	aaT	aaC	N	N	766  	.   0.45	4udcA  238  N
ENSP00000343205	    rs6196	aaT	aaC	N	N	766  	.   0.45	4uddA  238  N
ENSP00000343205	    rs6196	aaT	aaC	N	N	766  	.   0.45	5g3jA  238  N
ENSP00000343205	    rs6196	aaT	aaC	N	N	766  	.   0.45	5g5wA  237  N
ENSP00000343205	    rs6196	aaT	aaC	N	N	766  	.   0.45	5nfpA  237  N
ENSP00000343205	    rs6196	aaT	aaC	N	N	766  	.   0.45	5nftA  238  N
ENSP00000343205	    rs6196	aaT	aaC	N	N	766  	.   0.45	6el6A  237  N
ENSP00000343205	    rs6196	aaT	aaC	N	N	766  	.   0.45	6el7A  237  N
ENSP00000343205	    rs6196	aaT	aaC	N	N	766  	.   0.45	6el9A  237  N
ENSP00000343205	    rs6194	caC	caT	H	H	588  	.   0.02	1m2zA   66  H
ENSP00000343205	    rs6194	caC	caT	H	H	588  	.   0.02	1m2zC   64  H
ENSP00000343205	    rs6194	caC	caT	H	H	588  	.   0.02	1nhzA   59  H
ENSP00000343205	    rs6194	caC	caT	H	H	588  	.   0.02	1p93A   62  H
ENSP00000343205	    rs6194	caC	caT	H	H	588  	.   0.02	1p93C   60  H
ENSP00000343205	    rs6194	caC	caT	H	H	588  	.   0.02	1p93E   62  H
ENSP00000343205	    rs6194	caC	caT	H	H	588  	.   0.02	1p93G   62  H
ENSP00000343205	    rs6194	caC	caT	H	H	588  	.   0.02	3bqdA   64  H
ENSP00000343205	    rs6194	caC	caT	H	H	588  	.   0.02	3cldA   63  H
ENSP00000343205	    rs6194	caC	caT	H	H	588  	.   0.02	3cldC   61  H
ENSP00000343205	    rs6194	caC	caT	H	H	588  	.   0.02	3e7cA   63  H
ENSP00000343205	    rs6194	caC	caT	H	H	588  	.   0.02	3e7cC   64  H
ENSP00000343205	    rs6194	caC	caT	H	H	588  	.   0.02	3h52A   63  H
ENSP00000343205	    rs6194	caC	caT	H	H	588  	.   0.02	3h52B   61  H
ENSP00000343205	    rs6194	caC	caT	H	H	588  	.   0.02	3h52C   62  H
ENSP00000343205	    rs6194	caC	caT	H	H	588  	.   0.02	3h52D   59  H
ENSP00000343205	    rs6194	caC	caT	H	H	588  	.   0.02	3k22A   63  H
ENSP00000343205	    rs6194	caC	caT	H	H	588  	.   0.02	3k22C   65  H
ENSP00000343205	    rs6194	caC	caT	H	H	588  	.   0.02	3k23A   63  H
ENSP00000343205	    rs6194	caC	caT	H	H	588  	.   0.02	3k23C   62  H
ENSP00000343205	    rs6194	caC	caT	H	H	588  	.   0.02	3k23E   64  H
ENSP00000343205	    rs6194	caC	caT	H	H	588  	.   0.02	3mneA   64  H
ENSP00000343205	    rs6194	caC	caT	H	H	588  	.   0.02	3mnoA   66  H
ENSP00000343205	    rs6194	caC	caT	H	H	588  	.   0.02	3mnpA   69  H
ENSP00000343205	    rs6194	caC	caT	H	H	588  	.   0.02	4csjA   59  H
ENSP00000343205	    rs6194	caC	caT	H	H	588  	.   0.02	4lsjA   63  H
ENSP00000343205	    rs6194	caC	caT	H	H	588  	.   0.02	4mddA   59  H
ENSP00000343205	    rs6194	caC	caT	H	H	588  	.   0.02	4mddB   58  H
ENSP00000343205	    rs6194	caC	caT	H	H	588  	.   0.02	4p6wA   63  H
ENSP00000343205	    rs6194	caC	caT	H	H	588  	.   0.02	4p6xA   63  H
ENSP00000343205	    rs6194	caC	caT	H	H	588  	.   0.02	4p6xC   66  H
ENSP00000343205	    rs6194	caC	caT	H	H	588  	.   0.02	4p6xE   66  H
ENSP00000343205	    rs6194	caC	caT	H	H	588  	.   0.02	4p6xG   66  H
ENSP00000343205	    rs6194	caC	caT	H	H	588  	.   0.02	4p6xI   66  H
ENSP00000343205	    rs6194	caC	caT	H	H	588  	.   0.02	4p6xK   66  H
ENSP00000343205	    rs6194	caC	caT	H	H	588  	.   0.02	4udcA   60  H
ENSP00000343205	    rs6194	caC	caT	H	H	588  	.   0.02	4uddA   60  H
ENSP00000343205	    rs6194	caC	caT	H	H	588  	.   0.02	5g3jA   60  H
ENSP00000343205	    rs6194	caC	caT	H	H	588  	.   0.02	5g5wA   59  H
ENSP00000343205	    rs6194	caC	caT	H	H	588  	.   0.02	5nfpA   59  H
ENSP00000343205	    rs6194	caC	caT	H	H	588  	.   0.02	5nftA   60  H
ENSP00000343205	    rs6194	caC	caT	H	H	588  	.   0.02	5uc1A   65  H
ENSP00000343205	    rs6194	caC	caT	H	H	588  	.   0.02	5uc1B   65  H
ENSP00000343205	    rs6194	caC	caT	H	H	588  	.   0.02	5uc3A   63  H
ENSP00000343205	    rs6194	caC	caT	H	H	588  	.   0.02	5uc3B   63  H
ENSP00000343205	    rs6194	caC	caT	H	H	588  	.   0.02	6el6A   59  H
ENSP00000343205	    rs6194	caC	caT	H	H	588  	.   0.02	6el7A   59  H
ENSP00000343205	    rs6194	caC	caT	H	H	588  	.   0.02	6el9A   59  H
