ENSP00000343294	 rs3803430	Atg	Gtg	M	V	279  	.   0.19	5fhzA  368  M
ENSP00000343294	 rs3803430	Atg	Gtg	M	V	279  	.   0.19	5fhzB  353  M
ENSP00000343294	 rs3803430	Atg	Gtg	M	V	279  	.   0.19	5fhzC  367  M
ENSP00000343294	 rs3803430	Atg	Gtg	M	V	279  	.   0.19	5fhzD  367  M
ENSP00000343294	 rs3803430	Atg	Gtg	M	V	279  	.   0.19	5fhzH  366  M
ENSP00000343294	 rs3803431	atC	atA	I	I	262  	.   0.25	5fhzA  351  I
ENSP00000343294	 rs3803431	atC	atA	I	I	262  	.   0.25	5fhzB  336  I
ENSP00000343294	 rs3803431	atC	atA	I	I	262  	.   0.25	5fhzC  350  I
ENSP00000343294	 rs3803431	atC	atA	I	I	262  	.   0.25	5fhzD  350  I
ENSP00000343294	 rs3803431	atC	atA	I	I	262  	.   0.25	5fhzE  347  I
ENSP00000343294	 rs3803431	atC	atA	I	I	262  	.   0.25	5fhzF  329  I
ENSP00000343294	 rs3803431	atC	atA	I	I	262  	.   0.25	5fhzG  341  I
ENSP00000343294	 rs3803431	atC	atA	I	I	262  	.   0.25	5fhzH  349  I
ENSP00000343294	 rs3803431	atC	atT	I	I	262  	.   0.25	5fhzA  351  I
ENSP00000343294	 rs3803431	atC	atT	I	I	262  	.   0.25	5fhzB  336  I
ENSP00000343294	 rs3803431	atC	atT	I	I	262  	.   0.25	5fhzC  350  I
ENSP00000343294	 rs3803431	atC	atT	I	I	262  	.   0.25	5fhzD  350  I
ENSP00000343294	 rs3803431	atC	atT	I	I	262  	.   0.25	5fhzE  347  I
ENSP00000343294	 rs3803431	atC	atT	I	I	262  	.   0.25	5fhzF  329  I
ENSP00000343294	 rs3803431	atC	atT	I	I	262  	.   0.25	5fhzG  341  I
ENSP00000343294	 rs3803431	atC	atT	I	I	262  	.   0.25	5fhzH  349  I
ENSP00000343396	rs77283008	gaT	gaC	D	D	215  	.   0.01	1wenA   36  D
ENSP00000343396	rs77283008	gaT	gaC	D	D	215  	.   0.01	1weuA   56  D
ENSP00000343396	rs77283008	gaT	gaC	D	D	215  	.   0.01	2k1jA   30  D
ENSP00000343396	rs77283008	gaT	gaC	D	D	215  	.   0.01	2m1rA   30  D
ENSP00000343396	rs77283008	gaT	gaC	D	D	215  	.   0.01	2pnxA   22  D
ENSP00000343396	rs77283008	gaT	gaC	D	D	215  	.   0.01	2pnxC   23  D
ENSP00000343396	rs77283008	gaT	gaC	D	D	215  	.   0.01	2vnfC   26  D
ENSP00000343396	rs77283008	gaT	gaC	D	D	215  	.   0.01	3c6wA   22  D
ENSP00000343396	rs77283008	gaT	gaC	D	D	215  	.   0.01	3c6wC   23  D
ENSP00000343439	    rs4866	Gtg	Atg	V	M	83   	.   0.01	1iryA   83  V
ENSP00000343439	    rs4866	Gtg	Atg	V	M	83   	.   0.01	3q93A   81  V
ENSP00000343439	    rs4866	Gtg	Atg	V	M	83   	.   0.01	3q93B   81  V
ENSP00000343439	    rs4866	Gtg	Atg	V	M	83   	.   0.01	3whwA   81  V
ENSP00000343439	    rs4866	Gtg	Atg	V	M	83   	.   0.01	3whwB   81  V
ENSP00000343439	    rs4866	Gtg	Atg	V	M	83   	.   0.01	3zr0A   81  V
ENSP00000343439	    rs4866	Gtg	Atg	V	M	83   	.   0.01	3zr0B   78  V
ENSP00000343439	    rs4866	Gtg	Atg	V	M	83   	.   0.01	3zr1A   81  V
ENSP00000343439	    rs4866	Gtg	Atg	V	M	83   	.   0.01	3zr1B   78  V
ENSP00000343439	    rs4866	Gtg	Atg	V	M	83   	.   0.01	4c9wA   81  V
ENSP00000343439	    rs4866	Gtg	Atg	V	M	83   	.   0.01	4c9xA   81  V
ENSP00000343439	    rs4866	Gtg	Atg	V	M	83   	.   0.01	4n1tA   81  V
ENSP00000343439	    rs4866	Gtg	Atg	V	M	83   	.   0.01	4n1uA   81  V
ENSP00000343439	    rs4866	Gtg	Atg	V	M	83   	.   0.01	4n1uB   82  V
ENSP00000343439	    rs4866	Gtg	Atg	V	M	83   	.   0.01	5ansA   82  V
ENSP00000343439	    rs4866	Gtg	Atg	V	M	83   	.   0.01	5antA   82  V
ENSP00000343439	    rs4866	Gtg	Atg	V	M	83   	.   0.01	5antB   82  V
ENSP00000343439	    rs4866	Gtg	Atg	V	M	83   	.   0.01	5antC   80  V
ENSP00000343439	    rs4866	Gtg	Atg	V	M	83   	.   0.01	5anuA   81  V
ENSP00000343439	    rs4866	Gtg	Atg	V	M	83   	.   0.01	5anvA   81  V
ENSP00000343439	    rs4866	Gtg	Atg	V	M	83   	.   0.01	5anwA   81  V
ENSP00000343439	    rs4866	Gtg	Atg	V	M	83   	.   0.01	5fsiA   81  V
ENSP00000343439	    rs4866	Gtg	Atg	V	M	83   	.   0.01	5fskA   81  V
ENSP00000343439	    rs4866	Gtg	Atg	V	M	83   	.   0.01	5fslA   81  V
ENSP00000343439	    rs4866	Gtg	Atg	V	M	83   	.   0.01	5fsmA   81  V
ENSP00000343439	    rs4866	Gtg	Atg	V	M	83   	.   0.01	5fsnA   81  V
ENSP00000343439	    rs4866	Gtg	Atg	V	M	83   	.   0.01	5fsoA   81  V
ENSP00000343439	    rs4866	Gtg	Atg	V	M	83   	.   0.01	5ghiA   83  V
ENSP00000343439	    rs4866	Gtg	Atg	V	M	83   	.   0.01	5ghiB   83  V
ENSP00000343439	    rs4866	Gtg	Atg	V	M	83   	.   0.01	5ghjA   83  V
ENSP00000343439	    rs4866	Gtg	Atg	V	M	83   	.   0.01	5ghjB   83  V
ENSP00000343439	    rs4866	Gtg	Atg	V	M	83   	.   0.01	5ghmA   83  V
ENSP00000343439	    rs4866	Gtg	Atg	V	M	83   	.   0.01	5ghmB   83  V
ENSP00000343439	    rs4866	Gtg	Atg	V	M	83   	.   0.01	5ghnA   83  V
ENSP00000343439	    rs4866	Gtg	Atg	V	M	83   	.   0.01	5ghnB   83  V
ENSP00000343439	    rs4866	Gtg	Atg	V	M	83   	.   0.01	5ghoA   83  V
ENSP00000343439	    rs4866	Gtg	Atg	V	M	83   	.   0.01	5ghoB   83  V
ENSP00000343439	    rs4866	Gtg	Atg	V	M	83   	.   0.01	5ghpA   83  V
ENSP00000343439	    rs4866	Gtg	Atg	V	M	83   	.   0.01	5ghpB   83  V
ENSP00000343439	    rs4866	Gtg	Atg	V	M	83   	.   0.01	5ghqA   83  V
ENSP00000343439	    rs4866	Gtg	Atg	V	M	83   	.   0.01	5ghqB   83  V
ENSP00000343439	    rs4866	Gtg	Atg	V	M	83   	.   0.01	5mzeA   80  V
ENSP00000343439	    rs4866	Gtg	Atg	V	M	83   	.   0.01	5mzeB   80  V
ENSP00000343439	    rs4866	Gtg	Atg	V	M	83   	.   0.01	5mzeC   81  V
ENSP00000343439	    rs4866	Gtg	Atg	V	M	83   	.   0.01	5mzeD   81  V
ENSP00000343439	    rs4866	Gtg	Atg	V	M	83   	.   0.01	5mzfA   82  V
ENSP00000343439	    rs4866	Gtg	Atg	V	M	83   	.   0.01	5mzfB   91  V
ENSP00000343439	    rs4866	Gtg	Atg	V	M	83   	.   0.01	5mzfC   81  V
ENSP00000343439	    rs4866	Gtg	Atg	V	M	83   	.   0.01	5mzfD   91  V
ENSP00000343439	    rs4866	Gtg	Atg	V	M	83   	.   0.01	5mzgA   84  V
ENSP00000343439	    rs4866	Gtg	Atg	V	M	83   	.   0.01	5mzgB   83  V
ENSP00000343439	    rs4866	Gtg	Atg	V	M	83   	.   0.01	5ngrA   81  V
ENSP00000343439	    rs4866	Gtg	Atg	V	M	83   	.   0.01	5ngrB   81  V
ENSP00000343439	    rs4866	Gtg	Atg	V	M	83   	.   0.01	5ngsA   81  V
ENSP00000343439	    rs4866	Gtg	Atg	V	M	83   	.   0.01	5ngsB   81  V
ENSP00000343439	    rs4866	Gtg	Atg	V	M	83   	.   0.01	5ngtA   81  V
ENSP00000343439	    rs4866	Gtg	Atg	V	M	83   	.   0.01	5nhyA   81  V
ENSP00000343439	    rs4866	Gtg	Atg	V	M	83   	.   0.01	5nhyB   79  V
ENSP00000343439	    rs4866	Gtg	Atg	V	M	83   	.   0.01	5otmA   84  V
ENSP00000343439	    rs4866	Gtg	Atg	V	M	83   	.   0.01	5otmB   84  V
ENSP00000343439	    rs4866	Gtg	Atg	V	M	83   	.   0.01	5ws7A   83  V
ENSP00000343439	    rs4866	Gtg	Atg	V	M	83   	.   0.01	5ws7B   83  V
ENSP00000343439	    rs4866	Gtg	Atg	V	M	83   	.   0.01	6ehhA   82  V
ENSP00000343439	    rs4866	Gtg	Atg	V	M	83   	.   0.01	6ehhB   81  V
ENSP00000343439	    rs4866	Gtg	Atg	V	M	83   	.   0.01	6ehhC   81  V
ENSP00000343439	    rs4866	Gtg	Atg	V	M	83   	.   0.01	6ehhD   81  V
ENSP00000343439	    rs4866	Gtg	Atg	V	M	83   	.   0.01	6f1xA   81  V
ENSP00000343439	    rs4866	Gtg	Atg	V	M	83   	.   0.01	6f1xB   82  V
ENSP00000343439	    rs4866	Gtg	Atg	V	M	83   	.   0.01	6f20A   83  V
ENSP00000343439	    rs4866	Gtg	Atg	V	M	83   	.   0.01	6f20B   80  V
ENSP00000343439	    rs4866	Gtg	Atg	V	M	83   	.   0.01	6f22A   84  V
ENSP00000343439	    rs4866	Gtg	Atg	V	M	83   	.   0.01	6f22B   81  V
ENSP00000343439	    rs4866	Gtg	Atg	V	M	83   	.   0.01	6f23A   86  V
ENSP00000343439	    rs4866	Gtg	Atg	V	M	83   	.   0.01	6f23B   81  V
ENSP00000343450	 rs2230571	caC	caT	H	H	1336 	.   0.21	1ug3A  103  H
ENSP00000343450	 rs2230571	caC	caT	H	H	1336 	.   0.21	1ug3B  103  H
ENSP00000343486	 rs8178992	caT	caA	H	Q	429  	.   0.01	1q6xA  422  Y
ENSP00000343486	 rs8178992	caT	caA	H	Q	429  	.   0.01	1q6xB  422  Y
ENSP00000343486	 rs8178992	caT	caA	H	Q	429  	.   0.01	1t1uA  420  Y
ENSP00000343486	 rs8178992	caT	caA	H	Q	429  	.   0.01	2fy2A  407  H
ENSP00000343486	 rs8178992	caT	caA	H	Q	429  	.   0.01	2fy3A  415  H
ENSP00000343486	 rs8178992	caT	caA	H	Q	429  	.   0.01	2fy4A  412  H
ENSP00000343486	 rs8178992	caT	caA	H	Q	429  	.   0.01	2fy5A  399  H
ENSP00000343486	 rs8178992	caT	caC	H	H	429  	.   0.01	1q6xA  422  Y
ENSP00000343486	 rs8178992	caT	caC	H	H	429  	.   0.01	1q6xB  422  Y
ENSP00000343486	 rs8178992	caT	caC	H	H	429  	.   0.01	1t1uA  420  Y
ENSP00000343486	 rs8178992	caT	caC	H	H	429  	.   0.01	2fy2A  407  H
ENSP00000343486	 rs8178992	caT	caC	H	H	429  	.   0.01	2fy3A  415  H
ENSP00000343486	 rs8178992	caT	caC	H	H	429  	.   0.01	2fy4A  412  H
ENSP00000343486	 rs8178992	caT	caC	H	H	429  	.   0.01	2fy5A  399  H
ENSP00000343486	 rs3793801	atC	atT	I	I	571  	.   0.01	1q6xA  564  I
ENSP00000343486	 rs3793801	atC	atT	I	I	571  	.   0.01	1q6xB  564  I
ENSP00000343486	 rs3793801	atC	atT	I	I	571  	.   0.01	1t1uA  562  I
ENSP00000343486	 rs3793801	atC	atT	I	I	571  	.   0.01	2fy2A  549  I
ENSP00000343486	 rs3793801	atC	atT	I	I	571  	.   0.01	2fy3A  557  I
ENSP00000343486	 rs3793801	atC	atT	I	I	571  	.   0.01	2fy4A  554  I
ENSP00000343486	 rs3793801	atC	atT	I	I	571  	.   0.01	2fy5A  541  I
ENSP00000343517	 rs2916747	taT	taC	Y	Y	317  	.   0.01	1z3sA   90  Y
ENSP00000343517	 rs2916747	taT	taC	Y	Y	317  	.   0.01	1z3sB   90  Y
ENSP00000343517	 rs2916747	taT	taC	Y	Y	317  	.   0.01	1z3uA   90  Y
ENSP00000343517	 rs2916747	taT	taC	Y	Y	317  	.   0.01	1z3uB   90  Y
ENSP00000343517	 rs2916747	taT	taC	Y	Y	317  	.   0.01	1z3uC   90  Y
ENSP00000343517	 rs2916747	taT	taC	Y	Y	317  	.   0.01	1z3uD   90  Y
ENSP00000343517	 rs2916747	taT	taC	Y	Y	317  	.   0.01	2gy7A   90  Y
ENSP00000343517	 rs2916747	taT	taC	Y	Y	317  	.   0.01	4jzcA   91  Y
ENSP00000343517	 rs2916747	taT	taC	Y	Y	317  	.   0.01	4zfgA   92  Y
ENSP00000343517	 rs1961222	acG	acA	T	T	242  	.   0.01	1z3sA   15  T
ENSP00000343517	 rs1961222	acG	acA	T	T	242  	.   0.01	1z3sB   15  T
ENSP00000343517	 rs1961222	acG	acA	T	T	242  	.   0.01	1z3uA   15  T
ENSP00000343517	 rs1961222	acG	acA	T	T	242  	.   0.01	1z3uB   15  T
ENSP00000343517	 rs1961222	acG	acA	T	T	242  	.   0.01	1z3uC   15  T
ENSP00000343517	 rs1961222	acG	acA	T	T	242  	.   0.01	1z3uD   15  T
ENSP00000343517	 rs1961222	acG	acA	T	T	242  	.   0.01	2gy7A   15  T
ENSP00000343517	 rs1961222	acG	acA	T	T	242  	.   0.01	4jzcA   16  T
ENSP00000343517	 rs1961222	acG	acA	T	T	242  	.   0.01	4zfgA   17  T
ENSP00000343589	 rs9456711	ttA	ttG	L	L	70   	.    0.0	4bm9A  120  L
ENSP00000343589	 rs9456711	ttA	ttG	L	L	70   	.    0.0	4i1fA  117  L
ENSP00000343589	 rs9456711	ttA	ttG	L	L	70   	.    0.0	4i1hA  121  L
ENSP00000343589	 rs9456711	ttA	ttG	L	L	70   	.    0.0	4k7dA  122  L
ENSP00000343589	 rs9456711	ttA	ttG	L	L	70   	.    0.0	4k7dB  122  L
ENSP00000343589	 rs9456711	ttA	ttG	L	L	70   	.    0.0	4k7dC  122  L
ENSP00000343589	 rs9456711	ttA	ttG	L	L	70   	.    0.0	4k95A  193  L
ENSP00000343589	 rs9456711	ttA	ttG	L	L	70   	.    0.0	4k95B  193  L
ENSP00000343589	 rs9456711	ttA	ttG	L	L	70   	.    0.0	4k95C  193  L
ENSP00000343589	 rs9456711	ttA	ttG	L	L	70   	.    0.0	4k95D  193  L
ENSP00000343589	 rs9456711	ttA	ttG	L	L	70   	.    0.0	4k95E  193  L
ENSP00000343589	 rs9456711	ttA	ttG	L	L	70   	.    0.0	4k95F  193  L
ENSP00000343589	 rs9456711	ttA	ttG	L	L	70   	.    0.0	4k95G  193  L
ENSP00000343589	 rs9456711	ttA	ttG	L	L	70   	.    0.0	4k95H  193  L
ENSP00000343589	 rs9456711	ttA	ttG	L	L	70   	.    0.0	4k95I  193  L
ENSP00000343589	 rs9456711	ttA	ttG	L	L	70   	.    0.0	4k95J  193  L
ENSP00000343589	 rs9456711	ttA	ttG	L	L	70   	.    0.0	4k95K  193  L
ENSP00000343589	 rs9456711	ttA	ttG	L	L	70   	.    0.0	4k95L  193  L
ENSP00000343589	 rs9456711	ttA	ttG	L	L	70   	.    0.0	4zynA  195  L
ENSP00000343589	 rs9456711	ttA	ttG	L	L	70   	.    0.0	4zynB  197  L
ENSP00000343589	 rs9456711	ttA	ttG	L	L	70   	.    0.0	5c1zA  201  L
ENSP00000343589	 rs9456711	ttA	ttG	L	L	70   	.    0.0	5c1zB  201  L
ENSP00000343589	 rs9456711	ttA	ttG	L	L	70   	.    0.0	5c23A  201  L
ENSP00000343589	 rs9456711	ttA	ttG	L	L	70   	.    0.0	5c23B  201  L
ENSP00000343589	 rs9456711	ttA	ttG	L	L	70   	.    0.0	5c9vA  120  L
ENSP00000343589	 rs9456711	ttA	ttG	L	L	70   	.    0.0	5n2wA  194  L
ENSP00000343589	 rs9456711	ttA	ttG	L	L	70   	.    0.0	5n38A  197  L
ENSP00000343589	 rs9456711	ttA	ttG	L	L	70   	.    0.0	6glcA  200  L
ENSP00000343589	rs55830907	Cgt	Tgt	R	C	211  	.   0.11	4bm9A  246  R
ENSP00000343589	rs55830907	Cgt	Tgt	R	C	211  	.   0.11	4i1fA  243  R
ENSP00000343589	rs55830907	Cgt	Tgt	R	C	211  	.   0.11	4i1hA  243  R
ENSP00000343589	rs55830907	Cgt	Tgt	R	C	211  	.   0.11	4k7dA  250  R
ENSP00000343589	rs55830907	Cgt	Tgt	R	C	211  	.   0.11	4k7dB  255  R
ENSP00000343589	rs55830907	Cgt	Tgt	R	C	211  	.   0.11	4k7dC  250  R
ENSP00000343589	rs55830907	Cgt	Tgt	R	C	211  	.   0.11	4k95A  321  R
ENSP00000343589	rs55830907	Cgt	Tgt	R	C	211  	.   0.11	4k95B  321  R
ENSP00000343589	rs55830907	Cgt	Tgt	R	C	211  	.   0.11	4k95C  321  R
ENSP00000343589	rs55830907	Cgt	Tgt	R	C	211  	.   0.11	4k95D  321  R
ENSP00000343589	rs55830907	Cgt	Tgt	R	C	211  	.   0.11	4k95E  321  R
ENSP00000343589	rs55830907	Cgt	Tgt	R	C	211  	.   0.11	4k95F  321  R
ENSP00000343589	rs55830907	Cgt	Tgt	R	C	211  	.   0.11	4k95G  321  R
ENSP00000343589	rs55830907	Cgt	Tgt	R	C	211  	.   0.11	4k95H  321  R
ENSP00000343589	rs55830907	Cgt	Tgt	R	C	211  	.   0.11	4k95I  321  R
ENSP00000343589	rs55830907	Cgt	Tgt	R	C	211  	.   0.11	4k95J  321  R
ENSP00000343589	rs55830907	Cgt	Tgt	R	C	211  	.   0.11	4k95K  321  R
ENSP00000343589	rs55830907	Cgt	Tgt	R	C	211  	.   0.11	4k95L  321  R
ENSP00000343589	rs55830907	Cgt	Tgt	R	C	211  	.   0.11	4zynA  306  R
ENSP00000343589	rs55830907	Cgt	Tgt	R	C	211  	.   0.11	4zynB  322  R
ENSP00000343589	rs55830907	Cgt	Tgt	R	C	211  	.   0.11	5c1zA  329  R
ENSP00000343589	rs55830907	Cgt	Tgt	R	C	211  	.   0.11	5c1zB  329  R
ENSP00000343589	rs55830907	Cgt	Tgt	R	C	211  	.   0.11	5c23A  329  R
ENSP00000343589	rs55830907	Cgt	Tgt	R	C	211  	.   0.11	5c23B  329  R
ENSP00000343589	rs55830907	Cgt	Tgt	R	C	211  	.   0.11	5c9vA  252  R
ENSP00000343589	rs55830907	Cgt	Tgt	R	C	211  	.   0.11	5n2wA  326  R
ENSP00000343589	rs55830907	Cgt	Tgt	R	C	211  	.   0.11	5n38A  323  R
ENSP00000343809	 rs1803202	gaC	gaT	D	D	65   	.   0.04	3b5hA   43  D
ENSP00000343809	 rs1803202	gaC	gaT	D	D	65   	.   0.04	3b5hB   43  D
ENSP00000343809	 rs1803202	gaC	gaT	D	D	65   	.   0.04	3b5hC   43  D
ENSP00000343809	 rs1803202	gaC	gaT	D	D	65   	.   0.04	3b5hD   43  D
ENSP00000343809	 rs1803202	gaC	gaT	D	D	65   	.   0.04	3i84A   41  D
ENSP00000343809	 rs1803202	gaC	gaT	D	D	65   	.   0.04	3i84B   48  D
ENSP00000343809	 rs1803202	gaC	gaT	D	D	65   	.   0.04	3i85A   41  D
ENSP00000343809	 rs1803202	gaC	gaT	D	D	65   	.   0.04	3i85B   46  D
ENSP00000343809	 rs1803202	gaC	gaT	D	D	65   	.   0.04	4u0qB   43  D
ENSP00000343809	 rs1803202	gaC	gaT	D	D	65   	.   0.04	4u0qD   43  D
ENSP00000343809	 rs1803202	gaC	gaT	D	D	65   	.   0.04	5x0tE   41  D
ENSP00000343809	 rs1803202	gaC	gaT	D	D	65   	.   0.04	5x0tF   41  D
ENSP00000344002	 rs3816885	gaC	gaT	D	D	2374 	.   0.43	2d7pA   10  D
ENSP00000344002	 rs3816885	gaC	gaT	D	D	2374 	.   0.43	2k9uA  111  D
ENSP00000344272	 rs1453458	caC	caT	H	H	953  	.   0.03	6caaA  465  H
ENSP00000344272	 rs1453458	caC	caT	H	H	953  	.   0.03	6caaB  465  H
ENSP00000344340	    rs7407	ccG	ccA	P	P	404  	.   0.01	3pfnA  295  P
ENSP00000344340	    rs7407	ccG	ccA	P	P	404  	.   0.01	3pfnB  295  P
ENSP00000344340	    rs7407	ccG	ccA	P	P	404  	.   0.01	3pfnC  289  P
ENSP00000344340	    rs7407	ccG	ccA	P	P	404  	.   0.01	3pfnD  288  P
ENSP00000344429	 rs2288509	atC	atT	I	I	24   	*   0.75	1shzB    9  I
ENSP00000344477	rs16919923	Cca	Tca	P	S	137  	.   0.05	1fj2A  153  P
ENSP00000344477	rs16919923	Cca	Tca	P	S	137  	.   0.05	1fj2B  153  P
ENSP00000344477	rs16919923	Cca	Tca	P	S	137  	.   0.05	5symA  146  P
ENSP00000344477	rs16919923	Cca	Tca	P	S	137  	.   0.05	5symB  146  P
ENSP00000344974	rs78809001	cGg	cAg	R	Q	199  	.   0.16	3alpA  164  R
ENSP00000344974	rs78809001	cGg	cAg	R	Q	199  	.   0.16	3alpB  167  R
ENSP00000344974	rs78809001	cGg	cAg	R	Q	199  	.   0.16	3skuD  149  R
ENSP00000344974	rs78809001	cGg	cAg	R	Q	199  	.   0.16	3skuE  149  R
ENSP00000344974	rs78809001	cGg	cAg	R	Q	199  	.   0.16	3skuF  144  R
ENSP00000344974	rs78809001	cGg	cAg	R	Q	199  	.   0.16	3u82B  164  R
ENSP00000344974	rs78809001	cGg	cAg	R	Q	199  	.   0.16	3u83A  164  R
ENSP00000344974	rs78809001	cGg	cAg	R	Q	199  	.   0.16	4fmfA  164  R
ENSP00000344974	rs78809001	cGg	cAg	R	Q	199  	.   0.16	4fmfB  164  R
ENSP00000344974	rs78809001	cGg	cAg	R	Q	199  	.   0.16	4fmfC  164  R
ENSP00000344974	rs78809001	cGg	cAg	R	Q	199  	.   0.16	4fmfD  164  R
ENSP00000344974	rs78809001	cGg	cAg	R	Q	199  	.   0.16	4mywB  167  R
ENSP00000344974	rs78809001	cGg	cAg	R	Q	199  	.   0.16	4mywD  167  R
ENSP00000345023	  rs156697	Aat	Gat	N	D	142  	.   0.05	3q18A  139  N
ENSP00000345023	  rs156697	Aat	Gat	N	D	142  	.   0.05	3q18B  136  N
ENSP00000345023	  rs156697	Aat	Gat	N	D	142  	.   0.05	3q19A  138  N
ENSP00000345023	  rs156697	Aat	Gat	N	D	142  	.   0.05	3q19B  136  N
ENSP00000345023	  rs156697	Aat	Gat	N	D	142  	.   0.05	3qagA  141  N
ENSP00000345023	rs34400162	Gtc	Atc	V	I	41   	.   0.01	3q18A   38  V
ENSP00000345023	rs34400162	Gtc	Atc	V	I	41   	.   0.01	3q18B   35  V
ENSP00000345023	rs34400162	Gtc	Atc	V	I	41   	.   0.01	3q19A   37  V
ENSP00000345023	rs34400162	Gtc	Atc	V	I	41   	.   0.01	3q19B   35  V
ENSP00000345023	rs34400162	Gtc	Atc	V	I	41   	.   0.01	3qagA   40  V
ENSP00000345023	rs34145840	Ctt	Att	L	I	158  	.   0.01	3q18A  155  L
ENSP00000345023	rs34145840	Ctt	Att	L	I	158  	.   0.01	3q18B  152  L
ENSP00000345023	rs34145840	Ctt	Att	L	I	158  	.   0.01	3q19A  154  L
ENSP00000345023	rs34145840	Ctt	Att	L	I	158  	.   0.01	3q19B  152  L
ENSP00000345023	rs34145840	Ctt	Att	L	I	158  	.   0.01	3qagA  157  L
ENSP00000345203	   rs11615	aaT	aaC	N	N	118  	.    0.0	2a1iA   20  N
ENSP00000345203	   rs11615	aaT	aaC	N	N	118  	.    0.0	2jnwA   20  N
ENSP00000345203	   rs11615	aaT	aaC	N	N	118  	.    0.0	2jpdA   23  N
ENSP00000345203	 rs3212977	Gca	Cca	A	P	242  	.   0.04	1z00A   48  A
ENSP00000345203	 rs3212977	Gca	Cca	A	P	242  	.   0.04	2a1jB   49  A
ENSP00000345203	 rs3212977	Gca	Cca	A	P	242  	.   0.04	2mutA   55  A
ENSP00000345203	 rs3212977	Gca	Aca	A	T	242  	.   0.04	1z00A   48  A
ENSP00000345203	 rs3212977	Gca	Aca	A	T	242  	.   0.04	2a1jB   49  A
ENSP00000345203	 rs3212977	Gca	Aca	A	T	242  	.   0.04	2mutA   55  A
ENSP00000345284	rs12651268	agC	agT	S	S	80   	.   0.01	3jadA   39  S
ENSP00000345284	rs12651268	agC	agT	S	S	80   	.   0.01	3jadB   39  S
ENSP00000345284	rs12651268	agC	agT	S	S	80   	.   0.01	3jadC   39  S
ENSP00000345284	rs12651268	agC	agT	S	S	80   	.   0.01	3jadD   39  S
ENSP00000345284	rs12651268	agC	agT	S	S	80   	.   0.01	3jadE   39  S
ENSP00000345284	rs12651268	agC	agT	S	S	80   	.   0.01	3jaeA   39  S
ENSP00000345284	rs12651268	agC	agT	S	S	80   	.   0.01	3jaeB   39  S
ENSP00000345284	rs12651268	agC	agT	S	S	80   	.   0.01	3jaeC   39  S
ENSP00000345284	rs12651268	agC	agT	S	S	80   	.   0.01	3jaeD   39  S
ENSP00000345284	rs12651268	agC	agT	S	S	80   	.   0.01	3jaeE   39  S
ENSP00000345284	rs12651268	agC	agT	S	S	80   	.   0.01	3jafA   39  S
ENSP00000345284	rs12651268	agC	agT	S	S	80   	.   0.01	3jafB   39  S
ENSP00000345284	rs12651268	agC	agT	S	S	80   	.   0.01	3jafC   39  S
ENSP00000345284	rs12651268	agC	agT	S	S	80   	.   0.01	3jafD   39  S
ENSP00000345284	rs12651268	agC	agT	S	S	80   	.   0.01	3jafE   39  S
ENSP00000345284	rs12651268	agC	agT	S	S	80   	.   0.01	5cfbA   39  S
ENSP00000345284	rs12651268	agC	agT	S	S	80   	.   0.01	5cfbB   39  S
ENSP00000345284	rs12651268	agC	agT	S	S	80   	.   0.01	5cfbC   39  S
ENSP00000345284	rs12651268	agC	agT	S	S	80   	.   0.01	5cfbD   39  S
ENSP00000345284	rs12651268	agC	agT	S	S	80   	.   0.01	5cfbE   39  S
ENSP00000345289	rs78809001	cGg	cAg	R	Q	199  	.   0.14	3alpA  164  R
ENSP00000345289	rs78809001	cGg	cAg	R	Q	199  	.   0.14	3alpB  167  R
ENSP00000345289	rs78809001	cGg	cAg	R	Q	199  	.   0.14	3skuD  149  R
ENSP00000345289	rs78809001	cGg	cAg	R	Q	199  	.   0.14	3skuE  149  R
ENSP00000345289	rs78809001	cGg	cAg	R	Q	199  	.   0.14	3skuF  144  R
ENSP00000345289	rs78809001	cGg	cAg	R	Q	199  	.   0.14	3u82B  164  R
ENSP00000345289	rs78809001	cGg	cAg	R	Q	199  	.   0.14	3u83A  164  R
ENSP00000345289	rs78809001	cGg	cAg	R	Q	199  	.   0.14	4fmfA  164  R
ENSP00000345289	rs78809001	cGg	cAg	R	Q	199  	.   0.14	4fmfB  164  R
ENSP00000345289	rs78809001	cGg	cAg	R	Q	199  	.   0.14	4fmfC  164  R
ENSP00000345289	rs78809001	cGg	cAg	R	Q	199  	.   0.14	4fmfD  164  R
ENSP00000345289	rs78809001	cGg	cAg	R	Q	199  	.   0.14	4mywB  167  R
ENSP00000345289	rs78809001	cGg	cAg	R	Q	199  	.   0.14	4mywD  167  R
ENSP00000345345	 rs1129644	aaC	aaT	N	N	156  	.   0.01	5inoA  107  N
ENSP00000345345	 rs1129644	aaC	aaT	N	N	156  	.   0.01	5inoC  104  N
ENSP00000345345	 rs1129644	aaC	aaT	N	N	156  	.   0.01	5j3pA  103  N
ENSP00000345345	 rs1129644	aaC	aaT	N	N	156  	.   0.01	5j3pB  103  N
ENSP00000345345	 rs1129644	aaC	aaT	N	N	156  	.   0.01	5j3sA  103  N
ENSP00000345345	 rs1129644	aaC	aaT	N	N	156  	.   0.01	5j3zA  103  S
ENSP00000345345	 rs1129644	aaC	aaT	N	N	156  	.   0.01	5j42A  102  S
ENSP00000345345	 rs1129644	aaC	aaT	N	N	156  	.   0.01	5j42B  103  S
ENSP00000345352	 rs3796295	ccC	ccT	P	P	21   	.   0.41	2x7fA    7  P
ENSP00000345352	 rs3796295	ccC	ccT	P	P	21   	.   0.41	2x7fB    9  P
ENSP00000345352	 rs3796295	ccC	ccT	P	P	21   	.   0.41	2x7fC    8  P
ENSP00000345352	 rs3796295	ccC	ccT	P	P	21   	.   0.41	2x7fD    5  P
ENSP00000345352	 rs3796295	ccC	ccT	P	P	21   	.   0.41	2x7fE    8  P
ENSP00000345352	 rs3796295	ccC	ccT	P	P	21   	.   0.41	4oboA    6  P
ENSP00000345352	 rs3796295	ccC	ccT	P	P	21   	.   0.41	4oboB   10  P
ENSP00000345352	 rs3796295	ccC	ccT	P	P	21   	.   0.41	4obpA    9  P
ENSP00000345352	 rs3796295	ccC	ccT	P	P	21   	.   0.41	4obpB    8  P
ENSP00000345352	 rs3796295	ccC	ccT	P	P	21   	.   0.41	4obqA    6  P
ENSP00000345352	 rs3796295	ccC	ccT	P	P	21   	.   0.41	4obqB    9  P
ENSP00000345352	 rs3796295	ccC	ccT	P	P	21   	.   0.41	4rvtA    8  P
ENSP00000345352	 rs3796295	ccC	ccT	P	P	21   	.   0.41	4rvtB    9  P
ENSP00000345352	 rs3796295	ccC	ccT	P	P	21   	.   0.41	4u3yA    5  P
ENSP00000345352	 rs3796295	ccC	ccT	P	P	21   	.   0.41	4u3yB   14  P
ENSP00000345352	 rs3796295	ccC	ccT	P	P	21   	.   0.41	4u3zA    8  P
ENSP00000345352	 rs3796295	ccC	ccT	P	P	21   	.   0.41	4u3zB    5  P
ENSP00000345352	 rs3796295	ccC	ccT	P	P	21   	.   0.41	4u40A    5  P
ENSP00000345352	 rs3796295	ccC	ccT	P	P	21   	.   0.41	4u40B    9  P
ENSP00000345352	 rs3796295	ccC	ccT	P	P	21   	.   0.41	4u41A    6  P
ENSP00000345352	 rs3796295	ccC	ccT	P	P	21   	.   0.41	4u41B   10  P
ENSP00000345352	 rs3796295	ccC	ccT	P	P	21   	.   0.41	4u42A    6  P
ENSP00000345352	 rs3796295	ccC	ccT	P	P	21   	.   0.41	4u42B    5  P
ENSP00000345352	 rs3796295	ccC	ccT	P	P	21   	.   0.41	4u43A    8  P
ENSP00000345352	 rs3796295	ccC	ccT	P	P	21   	.   0.41	4u43B   12  P
ENSP00000345352	 rs3796295	ccC	ccT	P	P	21   	.   0.41	4u44A   10  P
ENSP00000345352	 rs3796295	ccC	ccT	P	P	21   	.   0.41	4u44B    8  P
ENSP00000345352	 rs3796295	ccC	ccT	P	P	21   	.   0.41	4u45A   10  P
ENSP00000345352	 rs3796295	ccC	ccT	P	P	21   	.   0.41	4u45B    9  P
ENSP00000345352	 rs3796295	ccC	ccT	P	P	21   	.   0.41	4zk5A    5  P
ENSP00000345352	 rs3796295	ccC	ccT	P	P	21   	.   0.41	4zk5B    9  P
ENSP00000345352	 rs3796295	ccC	ccT	P	P	21   	.   0.41	4zp5A    8  P
ENSP00000345352	 rs3796295	ccC	ccT	P	P	21   	.   0.41	4zp5B   12  P
ENSP00000345352	 rs3796295	ccC	ccT	P	P	21   	.   0.41	5ax9A   10  P
ENSP00000345352	 rs3796295	ccC	ccT	P	P	21   	.   0.41	5ax9B    9  P
ENSP00000345352	 rs3796295	ccC	ccT	P	P	21   	.   0.41	5ax9C   10  P
ENSP00000345352	 rs3796295	ccC	ccT	P	P	21   	.   0.41	5cwzA   11  P
ENSP00000345352	 rs3796295	ccC	ccT	P	P	21   	.   0.41	5cwzB   11  P
ENSP00000345352	 rs3796295	ccC	ccT	P	P	21   	.   0.41	5cwzC    7  P
ENSP00000345352	 rs3796295	ccC	ccT	P	P	21   	.   0.41	5d7aA   11  P
ENSP00000345352	 rs3796295	ccC	ccT	P	P	21   	.   0.41	5d7aB   11  P
ENSP00000345352	 rs3796295	ccC	ccT	P	P	21   	.   0.41	5d7aC    9  P
ENSP00000345352	 rs3796295	ccC	ccT	P	P	21   	.   0.41	5di1A    9  P
ENSP00000345352	 rs3796295	ccC	ccT	P	P	21   	.   0.41	5di1B   12  P
ENSP00000345352	 rs3796295	ccC	ccT	P	P	21   	.   0.41	5j95A    8  P
ENSP00000345352	 rs3796295	ccC	ccT	P	P	21   	.   0.41	5j95B   12  P
ENSP00000345352	 rs3796295	ccC	ccT	P	P	21   	.   0.41	5w5qA    5  P
ENSP00000345352	 rs3796295	ccC	ccT	P	P	21   	.   0.41	5w5qB    9  P
ENSP00000345352	rs12637875	aaC	aaT	N	N	248  	.   0.35	2x7fA  211  N
ENSP00000345352	rs12637875	aaC	aaT	N	N	248  	.   0.35	2x7fB  223  N
ENSP00000345352	rs12637875	aaC	aaT	N	N	248  	.   0.35	2x7fC  220  N
ENSP00000345352	rs12637875	aaC	aaT	N	N	248  	.   0.35	2x7fD  178  N
ENSP00000345352	rs12637875	aaC	aaT	N	N	248  	.   0.35	2x7fE  192  N
ENSP00000345352	rs12637875	aaC	aaT	N	N	248  	.   0.35	4oboA  213  N
ENSP00000345352	rs12637875	aaC	aaT	N	N	248  	.   0.35	4oboB  234  N
ENSP00000345352	rs12637875	aaC	aaT	N	N	248  	.   0.35	4obpA  223  N
ENSP00000345352	rs12637875	aaC	aaT	N	N	248  	.   0.35	4obpB  227  N
ENSP00000345352	rs12637875	aaC	aaT	N	N	248  	.   0.35	4obqA  212  N
ENSP00000345352	rs12637875	aaC	aaT	N	N	248  	.   0.35	4obqB  230  N
ENSP00000345352	rs12637875	aaC	aaT	N	N	248  	.   0.35	4rvtA  220  N
ENSP00000345352	rs12637875	aaC	aaT	N	N	248  	.   0.35	4rvtB  234  N
ENSP00000345352	rs12637875	aaC	aaT	N	N	248  	.   0.35	4u3yA  232  N
ENSP00000345352	rs12637875	aaC	aaT	N	N	248  	.   0.35	4u3yB  237  N
ENSP00000345352	rs12637875	aaC	aaT	N	N	248  	.   0.35	4u3zA  231  N
ENSP00000345352	rs12637875	aaC	aaT	N	N	248  	.   0.35	4u3zB  219  N
ENSP00000345352	rs12637875	aaC	aaT	N	N	248  	.   0.35	4u40A  232  N
ENSP00000345352	rs12637875	aaC	aaT	N	N	248  	.   0.35	4u40B  236  N
ENSP00000345352	rs12637875	aaC	aaT	N	N	248  	.   0.35	4u41A  213  N
ENSP00000345352	rs12637875	aaC	aaT	N	N	248  	.   0.35	4u41B  234  N
ENSP00000345352	rs12637875	aaC	aaT	N	N	248  	.   0.35	4u42A  220  N
ENSP00000345352	rs12637875	aaC	aaT	N	N	248  	.   0.35	4u42B  203  N
ENSP00000345352	rs12637875	aaC	aaT	N	N	248  	.   0.35	4u43A  224  N
ENSP00000345352	rs12637875	aaC	aaT	N	N	248  	.   0.35	4u43B  239  N
ENSP00000345352	rs12637875	aaC	aaT	N	N	248  	.   0.35	4u44A  224  N
ENSP00000345352	rs12637875	aaC	aaT	N	N	248  	.   0.35	4u44B  233  N
ENSP00000345352	rs12637875	aaC	aaT	N	N	248  	.   0.35	4u45A  226  N
ENSP00000345352	rs12637875	aaC	aaT	N	N	248  	.   0.35	4u45B  232  N
ENSP00000345352	rs12637875	aaC	aaT	N	N	248  	.   0.35	4zk5A  223  N
ENSP00000345352	rs12637875	aaC	aaT	N	N	248  	.   0.35	4zk5B  231  N
ENSP00000345352	rs12637875	aaC	aaT	N	N	248  	.   0.35	4zp5A  223  N
ENSP00000345352	rs12637875	aaC	aaT	N	N	248  	.   0.35	4zp5B  239  N
ENSP00000345352	rs12637875	aaC	aaT	N	N	248  	.   0.35	5ax9A  223  N
ENSP00000345352	rs12637875	aaC	aaT	N	N	248  	.   0.35	5ax9B  215  N
ENSP00000345352	rs12637875	aaC	aaT	N	N	248  	.   0.35	5ax9C  221  N
ENSP00000345352	rs12637875	aaC	aaT	N	N	248  	.   0.35	5cwzA  225  N
ENSP00000345352	rs12637875	aaC	aaT	N	N	248  	.   0.35	5cwzB  225  N
ENSP00000345352	rs12637875	aaC	aaT	N	N	248  	.   0.35	5cwzC  211  N
ENSP00000345352	rs12637875	aaC	aaT	N	N	248  	.   0.35	5d7aA  227  N
ENSP00000345352	rs12637875	aaC	aaT	N	N	248  	.   0.35	5d7aB  227  N
ENSP00000345352	rs12637875	aaC	aaT	N	N	248  	.   0.35	5d7aC  224  N
ENSP00000345352	rs12637875	aaC	aaT	N	N	248  	.   0.35	5di1A  224  N
ENSP00000345352	rs12637875	aaC	aaT	N	N	248  	.   0.35	5di1B  239  N
ENSP00000345352	rs12637875	aaC	aaT	N	N	248  	.   0.35	5j95A  223  N
ENSP00000345352	rs12637875	aaC	aaT	N	N	248  	.   0.35	5j95B  239  N
ENSP00000345352	rs12637875	aaC	aaT	N	N	248  	.   0.35	5w5qA  228  N
ENSP00000345352	rs12637875	aaC	aaT	N	N	248  	.   0.35	5w5qB  234  N
ENSP00000345419	rs80057584	Gtc	Atc	V	I	246  	.   0.02	5ercA   34  V
ENSP00000345434	 rs7422651	atT	atC	I	I	63   	.   0.09	5j5tA   52  I
ENSP00000345520	 rs1805373	cGa	cAa	R	Q	229  	.   0.01	1ebmC  218  R
ENSP00000345520	 rs1805373	cGa	cAa	R	Q	229  	.   0.01	1fn7C  218  R
ENSP00000345520	 rs1805373	cGa	cAa	R	Q	229  	.   0.01	1hu0C  218  R
ENSP00000345520	 rs1805373	cGa	cAa	R	Q	229  	.   0.01	1ko9A  218  R
ENSP00000345520	 rs1805373	cGa	cAa	R	Q	229  	.   0.01	1lwvC  218  R
ENSP00000345520	 rs1805373	cGa	cAa	R	Q	229  	.   0.01	1lwwC  218  R
ENSP00000345520	 rs1805373	cGa	cAa	R	Q	229  	.   0.01	1lwyC  218  R
ENSP00000345520	 rs1805373	cGa	cAa	R	Q	229  	.   0.01	1m3hD  218  R
ENSP00000345520	 rs1805373	cGa	cAa	R	Q	229  	.   0.01	1m3qC  218  R
ENSP00000345520	 rs1805373	cGa	cAa	R	Q	229  	.   0.01	1n39C  218  R
ENSP00000345520	 rs1805373	cGa	cAa	R	Q	229  	.   0.01	1n3aC  218  R
ENSP00000345520	 rs1805373	cGa	cAa	R	Q	229  	.   0.01	1n3cC  218  R
ENSP00000345520	 rs1805373	cGa	cAa	R	Q	229  	.   0.01	1yqkC  218  R
ENSP00000345520	 rs1805373	cGa	cAa	R	Q	229  	.   0.01	1yqlC  218  R
ENSP00000345520	 rs1805373	cGa	cAa	R	Q	229  	.   0.01	1yqmC  218  R
ENSP00000345520	 rs1805373	cGa	cAa	R	Q	229  	.   0.01	1yqrC  218  R
ENSP00000345520	 rs1805373	cGa	cAa	R	Q	229  	.   0.01	2i5wC  217  R
ENSP00000345520	 rs1805373	cGa	cAa	R	Q	229  	.   0.01	2nobC  218  R
ENSP00000345520	 rs1805373	cGa	cAa	R	Q	229  	.   0.01	2noeC  218  R
ENSP00000345520	 rs1805373	cGa	cAa	R	Q	229  	.   0.01	2nofC  218  R
ENSP00000345520	 rs1805373	cGa	cAa	R	Q	229  	.   0.01	2nohC  217  R
ENSP00000345520	 rs1805373	cGa	cAa	R	Q	229  	.   0.01	2noiC  219  R
ENSP00000345520	 rs1805373	cGa	cAa	R	Q	229  	.   0.01	2nolC  218  R
ENSP00000345520	 rs1805373	cGa	cAa	R	Q	229  	.   0.01	2nozC  218  R
ENSP00000345520	 rs1805373	cGa	cAa	R	Q	229  	.   0.01	2xhiA  220  R
ENSP00000345520	 rs1805373	cGa	cAa	R	Q	229  	.   0.01	3ih7A  217  R
ENSP00000345520	 rs1805373	cGa	cAa	R	Q	229  	.   0.01	3ktuA  218  R
ENSP00000345520	 rs1805373	cGa	cAa	R	Q	229  	.   0.01	5an4A  218  R
ENSP00000345520	 rs1805373	cGa	cCa	R	P	229  	.   0.01	1ebmC  218  R
ENSP00000345520	 rs1805373	cGa	cCa	R	P	229  	.   0.01	1fn7C  218  R
ENSP00000345520	 rs1805373	cGa	cCa	R	P	229  	.   0.01	1hu0C  218  R
ENSP00000345520	 rs1805373	cGa	cCa	R	P	229  	.   0.01	1ko9A  218  R
ENSP00000345520	 rs1805373	cGa	cCa	R	P	229  	.   0.01	1lwvC  218  R
ENSP00000345520	 rs1805373	cGa	cCa	R	P	229  	.   0.01	1lwwC  218  R
ENSP00000345520	 rs1805373	cGa	cCa	R	P	229  	.   0.01	1lwyC  218  R
ENSP00000345520	 rs1805373	cGa	cCa	R	P	229  	.   0.01	1m3hD  218  R
ENSP00000345520	 rs1805373	cGa	cCa	R	P	229  	.   0.01	1m3qC  218  R
ENSP00000345520	 rs1805373	cGa	cCa	R	P	229  	.   0.01	1n39C  218  R
ENSP00000345520	 rs1805373	cGa	cCa	R	P	229  	.   0.01	1n3aC  218  R
ENSP00000345520	 rs1805373	cGa	cCa	R	P	229  	.   0.01	1n3cC  218  R
ENSP00000345520	 rs1805373	cGa	cCa	R	P	229  	.   0.01	1yqkC  218  R
ENSP00000345520	 rs1805373	cGa	cCa	R	P	229  	.   0.01	1yqlC  218  R
ENSP00000345520	 rs1805373	cGa	cCa	R	P	229  	.   0.01	1yqmC  218  R
ENSP00000345520	 rs1805373	cGa	cCa	R	P	229  	.   0.01	1yqrC  218  R
ENSP00000345520	 rs1805373	cGa	cCa	R	P	229  	.   0.01	2i5wC  217  R
ENSP00000345520	 rs1805373	cGa	cCa	R	P	229  	.   0.01	2nobC  218  R
ENSP00000345520	 rs1805373	cGa	cCa	R	P	229  	.   0.01	2noeC  218  R
ENSP00000345520	 rs1805373	cGa	cCa	R	P	229  	.   0.01	2nofC  218  R
ENSP00000345520	 rs1805373	cGa	cCa	R	P	229  	.   0.01	2nohC  217  R
ENSP00000345520	 rs1805373	cGa	cCa	R	P	229  	.   0.01	2noiC  219  R
ENSP00000345520	 rs1805373	cGa	cCa	R	P	229  	.   0.01	2nolC  218  R
ENSP00000345520	 rs1805373	cGa	cCa	R	P	229  	.   0.01	2nozC  218  R
ENSP00000345520	 rs1805373	cGa	cCa	R	P	229  	.   0.01	2xhiA  220  R
ENSP00000345520	 rs1805373	cGa	cCa	R	P	229  	.   0.01	3ih7A  217  R
ENSP00000345520	 rs1805373	cGa	cCa	R	P	229  	.   0.01	3ktuA  218  R
ENSP00000345520	 rs1805373	cGa	cCa	R	P	229  	.   0.01	5an4A  218  R
ENSP00000345520	 rs3219012	gCg	gTg	A	V	288  	.    0.3	1ebmC  277  A
ENSP00000345520	 rs3219012	gCg	gTg	A	V	288  	.    0.3	1fn7C  277  A
ENSP00000345520	 rs3219012	gCg	gTg	A	V	288  	.    0.3	1hu0C  277  A
ENSP00000345520	 rs3219012	gCg	gTg	A	V	288  	.    0.3	1ko9A  277  A
ENSP00000345520	 rs3219012	gCg	gTg	A	V	288  	.    0.3	1lwvC  277  A
ENSP00000345520	 rs3219012	gCg	gTg	A	V	288  	.    0.3	1lwwC  277  A
ENSP00000345520	 rs3219012	gCg	gTg	A	V	288  	.    0.3	1lwyC  277  A
ENSP00000345520	 rs3219012	gCg	gTg	A	V	288  	.    0.3	1m3hD  277  A
ENSP00000345520	 rs3219012	gCg	gTg	A	V	288  	.    0.3	1m3qC  277  A
ENSP00000345520	 rs3219012	gCg	gTg	A	V	288  	.    0.3	1n39C  277  A
ENSP00000345520	 rs3219012	gCg	gTg	A	V	288  	.    0.3	1n3aC  277  A
ENSP00000345520	 rs3219012	gCg	gTg	A	V	288  	.    0.3	1n3cC  277  A
ENSP00000345520	 rs3219012	gCg	gTg	A	V	288  	.    0.3	1yqkC  277  A
ENSP00000345520	 rs3219012	gCg	gTg	A	V	288  	.    0.3	1yqlC  277  A
ENSP00000345520	 rs3219012	gCg	gTg	A	V	288  	.    0.3	1yqmC  277  A
ENSP00000345520	 rs3219012	gCg	gTg	A	V	288  	.    0.3	1yqrC  277  A
ENSP00000345520	 rs3219012	gCg	gTg	A	V	288  	.    0.3	2i5wC  276  A
ENSP00000345520	 rs3219012	gCg	gTg	A	V	288  	.    0.3	2nobC  277  A
ENSP00000345520	 rs3219012	gCg	gTg	A	V	288  	.    0.3	2noeC  277  A
ENSP00000345520	 rs3219012	gCg	gTg	A	V	288  	.    0.3	2nofC  277  A
ENSP00000345520	 rs3219012	gCg	gTg	A	V	288  	.    0.3	2nohC  276  A
ENSP00000345520	 rs3219012	gCg	gTg	A	V	288  	.    0.3	2noiC  278  A
ENSP00000345520	 rs3219012	gCg	gTg	A	V	288  	.    0.3	2nolC  277  A
ENSP00000345520	 rs3219012	gCg	gTg	A	V	288  	.    0.3	2nozC  275  A
ENSP00000345520	 rs3219012	gCg	gTg	A	V	288  	.    0.3	2xhiA  279  A
ENSP00000345520	 rs3219012	gCg	gTg	A	V	288  	.    0.3	3ih7A  276  A
ENSP00000345520	 rs3219012	gCg	gTg	A	V	288  	.    0.3	3ktuA  277  A
ENSP00000345520	 rs3219012	gCg	gTg	A	V	288  	.    0.3	5an4A  277  A
ENSP00000345672	   rs12338	Ctg	Gtg	L	V	26   	.   0.09	1pbhA   10  L
ENSP00000345672	   rs12338	Ctg	Gtg	L	V	26   	.   0.09	2pbhA   10  L
ENSP00000345672	   rs12338	Ctg	Gtg	L	V	26   	.   0.09	3pbhA   10  L
ENSP00000345672	   rs12338	Ctg	Atg	L	M	26   	.   0.09	1pbhA   10  L
ENSP00000345672	   rs12338	Ctg	Atg	L	M	26   	.   0.09	2pbhA   10  L
ENSP00000345672	   rs12338	Ctg	Atg	L	M	26   	.   0.09	3pbhA   10  L
ENSP00000345672	   rs12338	Ctg	Ttg	L	L	26   	.   0.09	1pbhA   10  L
ENSP00000345672	   rs12338	Ctg	Ttg	L	L	26   	.   0.09	2pbhA   10  L
ENSP00000345672	   rs12338	Ctg	Ttg	L	L	26   	.   0.09	3pbhA   10  L
ENSP00000345674	 rs2074797	ccA	ccT	P	P	199  	.   0.01	3mkrA  234  P
ENSP00000345674	 rs2074797	ccA	ccG	P	P	199  	.   0.01	3mkrA  234  P
ENSP00000345674	 rs2074797	ccA	ccC	P	P	199  	.   0.01	3mkrA  234  P
ENSP00000345675	    rs6258	cCg	cAg	P	Q	127  	.   0.06	1d2sA  138  P
ENSP00000345675	    rs6258	cCg	cAg	P	Q	127  	.   0.06	1f5fA  140  P
ENSP00000345675	    rs6258	cCg	cAg	P	Q	127  	.   0.06	1kdkA  145  P
ENSP00000345675	    rs6258	cCg	cAg	P	Q	127  	.   0.06	1kdmA  145  P
ENSP00000345675	    rs6258	cCg	cAg	P	Q	127  	.   0.06	1lhnA  143  P
ENSP00000345675	    rs6258	cCg	cAg	P	Q	127  	.   0.06	1lhoA  144  P
ENSP00000345675	    rs6258	cCg	cAg	P	Q	127  	.   0.06	1lhuA  143  P
ENSP00000345675	    rs6258	cCg	cAg	P	Q	127  	.   0.06	1lhvA  140  P
ENSP00000345675	    rs6258	cCg	cAg	P	Q	127  	.   0.06	1lhwA  141  P
ENSP00000345675	    rs6258	cCg	cTg	P	L	127  	.   0.06	1d2sA  138  P
ENSP00000345675	    rs6258	cCg	cTg	P	L	127  	.   0.06	1f5fA  140  P
ENSP00000345675	    rs6258	cCg	cTg	P	L	127  	.   0.06	1kdkA  145  P
ENSP00000345675	    rs6258	cCg	cTg	P	L	127  	.   0.06	1kdmA  145  P
ENSP00000345675	    rs6258	cCg	cTg	P	L	127  	.   0.06	1lhnA  143  P
ENSP00000345675	    rs6258	cCg	cTg	P	L	127  	.   0.06	1lhoA  144  P
ENSP00000345675	    rs6258	cCg	cTg	P	L	127  	.   0.06	1lhuA  143  P
ENSP00000345675	    rs6258	cCg	cTg	P	L	127  	.   0.06	1lhvA  140  P
ENSP00000345675	    rs6258	cCg	cTg	P	L	127  	.   0.06	1lhwA  141  P
ENSP00000345680	 rs3003609	ttC	ttT	F	F	336  	.   0.01	3snhA  319  F
ENSP00000345680	 rs3003609	ttC	ttT	F	F	336  	.   0.01	3zvrA  332  F
ENSP00000345680	 rs3003609	ttC	ttT	F	F	336  	.   0.01	4uudB   12  F
ENSP00000345680	 rs3003609	ttC	ttT	F	F	336  	.   0.01	4uudE   12  F
ENSP00000345680	 rs3003609	ttC	ttT	F	F	336  	.   0.01	4uudI   12  F
ENSP00000345680	 rs3003609	ttC	ttT	F	F	336  	.   0.01	4uudJ   12  F
ENSP00000345680	 rs3003609	ttC	ttT	F	F	336  	.   0.01	4uukB   12  F
ENSP00000345680	 rs3003609	ttC	ttT	F	F	336  	.   0.01	4uukE   12  F
ENSP00000345680	 rs3003609	ttC	ttT	F	F	336  	.   0.01	4uukI   12  F
ENSP00000345680	 rs3003609	ttC	ttT	F	F	336  	.   0.01	4uukJ   12  F
ENSP00000345680	 rs3003609	ttC	ttT	F	F	336  	.   0.01	5a3fA  331  F
ENSP00000345680	 rs3003609	ttC	ttT	F	F	336  	.   0.01	5a3fB  317  F
ENSP00000345680	 rs3003609	ttC	ttT	F	F	336  	.   0.01	5a3fC  331  F
ENSP00000345680	 rs3003609	ttC	ttT	F	F	336  	.   0.01	5a3fD  316  F
ENSP00000345680	 rs3003609	ttC	ttT	F	F	336  	.   0.01	6dluA  322  F
ENSP00000345680	 rs3003609	ttC	ttT	F	F	336  	.   0.01	6dluB  336  F
ENSP00000345680	 rs3003609	ttC	ttT	F	F	336  	.   0.01	6dlvA  330  F
ENSP00000345680	 rs3003609	ttC	ttT	F	F	336  	.   0.01	6dlvB  336  F
ENSP00000345680	 rs3003609	ttC	ttT	F	F	336  	.   0.01	6dlvC  330  F
ENSP00000345680	 rs3003609	ttC	ttT	F	F	336  	.   0.01	6dlvD  336  F
ENSP00000345680	rs35048348	taC	taT	Y	Y	354  	.   0.06	5a3fB  335  L
ENSP00000345680	rs35048348	taC	taT	Y	Y	354  	.   0.06	5a3fD  334  L
ENSP00000345680	rs35048348	taC	taT	Y	Y	354  	.   0.06	6dluA  340  Y
ENSP00000345680	rs35048348	taC	taT	Y	Y	354  	.   0.06	6dluB  354  Y
ENSP00000345708	    rs5215	Gtc	Atc	V	I	337  	.   0.01	5twvA  306  V
ENSP00000345708	    rs5215	Gtc	Atc	V	I	337  	.   0.01	5twvC  306  V
ENSP00000345708	    rs5215	Gtc	Atc	V	I	337  	.   0.01	5twvE  306  V
ENSP00000345708	    rs5215	Gtc	Atc	V	I	337  	.   0.01	5twvG  306  V
ENSP00000345708	    rs5215	Gtc	Atc	V	I	337  	.   0.01	5wuaA  304  I
ENSP00000345708	    rs5215	Gtc	Atc	V	I	337  	.   0.01	5wuaB  304  I
ENSP00000345708	    rs5215	Gtc	Atc	V	I	337  	.   0.01	5wuaC  304  I
ENSP00000345708	    rs5215	Gtc	Atc	V	I	337  	.   0.01	5wuaD  304  I
ENSP00000345708	    rs5215	Gtc	Atc	V	I	337  	.   0.01	5ykfA  306  I
ENSP00000345708	    rs5215	Gtc	Atc	V	I	337  	.   0.01	5ykfC  306  I
ENSP00000345708	    rs5215	Gtc	Atc	V	I	337  	.   0.01	5ykfE  306  I
ENSP00000345708	    rs5215	Gtc	Atc	V	I	337  	.   0.01	5ykfG  306  I
ENSP00000345708	    rs5215	Gtc	Atc	V	I	337  	.   0.01	5ykgA  306  I
ENSP00000345708	    rs5215	Gtc	Atc	V	I	337  	.   0.01	5ykgC  306  I
ENSP00000345708	    rs5215	Gtc	Atc	V	I	337  	.   0.01	5ykgE  306  I
ENSP00000345708	    rs5215	Gtc	Atc	V	I	337  	.   0.01	5ykgG  306  I
ENSP00000345708	    rs5215	Gtc	Atc	V	I	337  	.   0.01	5yw8A  306  I
ENSP00000345708	    rs5215	Gtc	Atc	V	I	337  	.   0.01	5yw8C  306  I
ENSP00000345708	    rs5215	Gtc	Atc	V	I	337  	.   0.01	5yw8E  306  I
ENSP00000345708	    rs5215	Gtc	Atc	V	I	337  	.   0.01	5yw8G  306  I
ENSP00000345708	    rs5215	Gtc	Atc	V	I	337  	.   0.01	5yw9A  306  I
ENSP00000345708	    rs5215	Gtc	Atc	V	I	337  	.   0.01	5yw9C  306  I
ENSP00000345708	    rs5215	Gtc	Atc	V	I	337  	.   0.01	5yw9E  306  I
ENSP00000345708	    rs5215	Gtc	Atc	V	I	337  	.   0.01	5yw9G  306  I
ENSP00000345708	    rs5215	Gtc	Atc	V	I	337  	.   0.01	5ywaA  306  I
ENSP00000345708	    rs5215	Gtc	Atc	V	I	337  	.   0.01	5ywaC  306  I
ENSP00000345708	    rs5215	Gtc	Atc	V	I	337  	.   0.01	5ywaE  306  I
ENSP00000345708	    rs5215	Gtc	Atc	V	I	337  	.   0.01	5ywaG  306  I
ENSP00000345708	    rs5215	Gtc	Atc	V	I	337  	.   0.01	5ywbA  306  I
ENSP00000345708	    rs5215	Gtc	Atc	V	I	337  	.   0.01	5ywbC  306  I
ENSP00000345708	    rs5215	Gtc	Atc	V	I	337  	.   0.01	5ywbE  306  I
ENSP00000345708	    rs5215	Gtc	Atc	V	I	337  	.   0.01	5ywbG  306  I
ENSP00000345708	    rs5215	Gtc	Atc	V	I	337  	.   0.01	5ywcA  306  I
ENSP00000345708	    rs5215	Gtc	Atc	V	I	337  	.   0.01	5ywcC  306  I
ENSP00000345708	    rs5215	Gtc	Atc	V	I	337  	.   0.01	5ywcE  306  I
ENSP00000345708	    rs5215	Gtc	Atc	V	I	337  	.   0.01	5ywcG  306  I
ENSP00000345708	    rs5215	Gtc	Atc	V	I	337  	.   0.01	6baaA  306  V
ENSP00000345708	    rs5215	Gtc	Atc	V	I	337  	.   0.01	6baaB  306  V
ENSP00000345708	    rs5215	Gtc	Atc	V	I	337  	.   0.01	6baaC  306  V
ENSP00000345708	    rs5215	Gtc	Atc	V	I	337  	.   0.01	6baaD  306  V
ENSP00000345708	    rs5215	Gtc	Atc	V	I	337  	.   0.01	6c3oA  306  I
ENSP00000345708	    rs5215	Gtc	Atc	V	I	337  	.   0.01	6c3oB  306  I
ENSP00000345708	    rs5215	Gtc	Atc	V	I	337  	.   0.01	6c3oC  306  I
ENSP00000345708	    rs5215	Gtc	Atc	V	I	337  	.   0.01	6c3oD  306  I
ENSP00000345708	    rs5215	Gtc	Atc	V	I	337  	.   0.01	6c3pA  306  I
ENSP00000345708	    rs5215	Gtc	Atc	V	I	337  	.   0.01	6c3pB  306  I
ENSP00000345708	    rs5215	Gtc	Atc	V	I	337  	.   0.01	6c3pC  306  I
ENSP00000345708	    rs5215	Gtc	Atc	V	I	337  	.   0.01	6c3pD  306  I
ENSP00000345708	 rs1800467	Ctg	Gtg	L	V	270  	.   0.05	5twvA  239  L
ENSP00000345708	 rs1800467	Ctg	Gtg	L	V	270  	.   0.05	5twvC  239  L
ENSP00000345708	 rs1800467	Ctg	Gtg	L	V	270  	.   0.05	5twvE  239  L
ENSP00000345708	 rs1800467	Ctg	Gtg	L	V	270  	.   0.05	5twvG  239  L
ENSP00000345708	 rs1800467	Ctg	Gtg	L	V	270  	.   0.05	5wuaA  237  L
ENSP00000345708	 rs1800467	Ctg	Gtg	L	V	270  	.   0.05	5wuaB  237  L
ENSP00000345708	 rs1800467	Ctg	Gtg	L	V	270  	.   0.05	5wuaC  237  L
ENSP00000345708	 rs1800467	Ctg	Gtg	L	V	270  	.   0.05	5wuaD  237  L
ENSP00000345708	 rs1800467	Ctg	Gtg	L	V	270  	.   0.05	5ykfA  239  L
ENSP00000345708	 rs1800467	Ctg	Gtg	L	V	270  	.   0.05	5ykfC  239  L
ENSP00000345708	 rs1800467	Ctg	Gtg	L	V	270  	.   0.05	5ykfE  239  L
ENSP00000345708	 rs1800467	Ctg	Gtg	L	V	270  	.   0.05	5ykfG  239  L
ENSP00000345708	 rs1800467	Ctg	Gtg	L	V	270  	.   0.05	5ykgA  239  L
ENSP00000345708	 rs1800467	Ctg	Gtg	L	V	270  	.   0.05	5ykgC  239  L
ENSP00000345708	 rs1800467	Ctg	Gtg	L	V	270  	.   0.05	5ykgE  239  L
ENSP00000345708	 rs1800467	Ctg	Gtg	L	V	270  	.   0.05	5ykgG  239  L
ENSP00000345708	 rs1800467	Ctg	Gtg	L	V	270  	.   0.05	5yw8A  239  L
ENSP00000345708	 rs1800467	Ctg	Gtg	L	V	270  	.   0.05	5yw8C  239  L
ENSP00000345708	 rs1800467	Ctg	Gtg	L	V	270  	.   0.05	5yw8E  239  L
ENSP00000345708	 rs1800467	Ctg	Gtg	L	V	270  	.   0.05	5yw8G  239  L
ENSP00000345708	 rs1800467	Ctg	Gtg	L	V	270  	.   0.05	5yw9A  239  L
ENSP00000345708	 rs1800467	Ctg	Gtg	L	V	270  	.   0.05	5yw9C  239  L
ENSP00000345708	 rs1800467	Ctg	Gtg	L	V	270  	.   0.05	5yw9E  239  L
ENSP00000345708	 rs1800467	Ctg	Gtg	L	V	270  	.   0.05	5yw9G  239  L
ENSP00000345708	 rs1800467	Ctg	Gtg	L	V	270  	.   0.05	5ywaA  239  L
ENSP00000345708	 rs1800467	Ctg	Gtg	L	V	270  	.   0.05	5ywaC  239  L
ENSP00000345708	 rs1800467	Ctg	Gtg	L	V	270  	.   0.05	5ywaE  239  L
ENSP00000345708	 rs1800467	Ctg	Gtg	L	V	270  	.   0.05	5ywaG  239  L
ENSP00000345708	 rs1800467	Ctg	Gtg	L	V	270  	.   0.05	5ywbA  239  L
ENSP00000345708	 rs1800467	Ctg	Gtg	L	V	270  	.   0.05	5ywbC  239  L
ENSP00000345708	 rs1800467	Ctg	Gtg	L	V	270  	.   0.05	5ywbE  239  L
ENSP00000345708	 rs1800467	Ctg	Gtg	L	V	270  	.   0.05	5ywbG  239  L
ENSP00000345708	 rs1800467	Ctg	Gtg	L	V	270  	.   0.05	5ywcA  239  L
ENSP00000345708	 rs1800467	Ctg	Gtg	L	V	270  	.   0.05	5ywcC  239  L
ENSP00000345708	 rs1800467	Ctg	Gtg	L	V	270  	.   0.05	5ywcE  239  L
ENSP00000345708	 rs1800467	Ctg	Gtg	L	V	270  	.   0.05	5ywcG  239  L
ENSP00000345708	 rs1800467	Ctg	Gtg	L	V	270  	.   0.05	6baaA  239  L
ENSP00000345708	 rs1800467	Ctg	Gtg	L	V	270  	.   0.05	6baaB  239  L
ENSP00000345708	 rs1800467	Ctg	Gtg	L	V	270  	.   0.05	6baaC  239  L
ENSP00000345708	 rs1800467	Ctg	Gtg	L	V	270  	.   0.05	6baaD  239  L
ENSP00000345708	 rs1800467	Ctg	Gtg	L	V	270  	.   0.05	6c3oA  239  L
ENSP00000345708	 rs1800467	Ctg	Gtg	L	V	270  	.   0.05	6c3oB  239  L
ENSP00000345708	 rs1800467	Ctg	Gtg	L	V	270  	.   0.05	6c3oC  239  L
ENSP00000345708	 rs1800467	Ctg	Gtg	L	V	270  	.   0.05	6c3oD  239  L
ENSP00000345708	 rs1800467	Ctg	Gtg	L	V	270  	.   0.05	6c3pA  239  L
ENSP00000345708	 rs1800467	Ctg	Gtg	L	V	270  	.   0.05	6c3pB  239  L
ENSP00000345708	 rs1800467	Ctg	Gtg	L	V	270  	.   0.05	6c3pC  239  L
ENSP00000345708	 rs1800467	Ctg	Gtg	L	V	270  	.   0.05	6c3pD  239  L
ENSP00000345708	 rs1800467	Ctg	Atg	L	M	270  	.   0.05	5twvA  239  L
ENSP00000345708	 rs1800467	Ctg	Atg	L	M	270  	.   0.05	5twvC  239  L
ENSP00000345708	 rs1800467	Ctg	Atg	L	M	270  	.   0.05	5twvE  239  L
ENSP00000345708	 rs1800467	Ctg	Atg	L	M	270  	.   0.05	5twvG  239  L
ENSP00000345708	 rs1800467	Ctg	Atg	L	M	270  	.   0.05	5wuaA  237  L
ENSP00000345708	 rs1800467	Ctg	Atg	L	M	270  	.   0.05	5wuaB  237  L
ENSP00000345708	 rs1800467	Ctg	Atg	L	M	270  	.   0.05	5wuaC  237  L
ENSP00000345708	 rs1800467	Ctg	Atg	L	M	270  	.   0.05	5wuaD  237  L
ENSP00000345708	 rs1800467	Ctg	Atg	L	M	270  	.   0.05	5ykfA  239  L
ENSP00000345708	 rs1800467	Ctg	Atg	L	M	270  	.   0.05	5ykfC  239  L
ENSP00000345708	 rs1800467	Ctg	Atg	L	M	270  	.   0.05	5ykfE  239  L
ENSP00000345708	 rs1800467	Ctg	Atg	L	M	270  	.   0.05	5ykfG  239  L
ENSP00000345708	 rs1800467	Ctg	Atg	L	M	270  	.   0.05	5ykgA  239  L
ENSP00000345708	 rs1800467	Ctg	Atg	L	M	270  	.   0.05	5ykgC  239  L
ENSP00000345708	 rs1800467	Ctg	Atg	L	M	270  	.   0.05	5ykgE  239  L
ENSP00000345708	 rs1800467	Ctg	Atg	L	M	270  	.   0.05	5ykgG  239  L
ENSP00000345708	 rs1800467	Ctg	Atg	L	M	270  	.   0.05	5yw8A  239  L
ENSP00000345708	 rs1800467	Ctg	Atg	L	M	270  	.   0.05	5yw8C  239  L
ENSP00000345708	 rs1800467	Ctg	Atg	L	M	270  	.   0.05	5yw8E  239  L
ENSP00000345708	 rs1800467	Ctg	Atg	L	M	270  	.   0.05	5yw8G  239  L
ENSP00000345708	 rs1800467	Ctg	Atg	L	M	270  	.   0.05	5yw9A  239  L
ENSP00000345708	 rs1800467	Ctg	Atg	L	M	270  	.   0.05	5yw9C  239  L
ENSP00000345708	 rs1800467	Ctg	Atg	L	M	270  	.   0.05	5yw9E  239  L
ENSP00000345708	 rs1800467	Ctg	Atg	L	M	270  	.   0.05	5yw9G  239  L
ENSP00000345708	 rs1800467	Ctg	Atg	L	M	270  	.   0.05	5ywaA  239  L
ENSP00000345708	 rs1800467	Ctg	Atg	L	M	270  	.   0.05	5ywaC  239  L
ENSP00000345708	 rs1800467	Ctg	Atg	L	M	270  	.   0.05	5ywaE  239  L
ENSP00000345708	 rs1800467	Ctg	Atg	L	M	270  	.   0.05	5ywaG  239  L
ENSP00000345708	 rs1800467	Ctg	Atg	L	M	270  	.   0.05	5ywbA  239  L
ENSP00000345708	 rs1800467	Ctg	Atg	L	M	270  	.   0.05	5ywbC  239  L
ENSP00000345708	 rs1800467	Ctg	Atg	L	M	270  	.   0.05	5ywbE  239  L
ENSP00000345708	 rs1800467	Ctg	Atg	L	M	270  	.   0.05	5ywbG  239  L
ENSP00000345708	 rs1800467	Ctg	Atg	L	M	270  	.   0.05	5ywcA  239  L
ENSP00000345708	 rs1800467	Ctg	Atg	L	M	270  	.   0.05	5ywcC  239  L
ENSP00000345708	 rs1800467	Ctg	Atg	L	M	270  	.   0.05	5ywcE  239  L
ENSP00000345708	 rs1800467	Ctg	Atg	L	M	270  	.   0.05	5ywcG  239  L
ENSP00000345708	 rs1800467	Ctg	Atg	L	M	270  	.   0.05	6baaA  239  L
ENSP00000345708	 rs1800467	Ctg	Atg	L	M	270  	.   0.05	6baaB  239  L
ENSP00000345708	 rs1800467	Ctg	Atg	L	M	270  	.   0.05	6baaC  239  L
ENSP00000345708	 rs1800467	Ctg	Atg	L	M	270  	.   0.05	6baaD  239  L
ENSP00000345708	 rs1800467	Ctg	Atg	L	M	270  	.   0.05	6c3oA  239  L
ENSP00000345708	 rs1800467	Ctg	Atg	L	M	270  	.   0.05	6c3oB  239  L
ENSP00000345708	 rs1800467	Ctg	Atg	L	M	270  	.   0.05	6c3oC  239  L
ENSP00000345708	 rs1800467	Ctg	Atg	L	M	270  	.   0.05	6c3oD  239  L
ENSP00000345708	 rs1800467	Ctg	Atg	L	M	270  	.   0.05	6c3pA  239  L
ENSP00000345708	 rs1800467	Ctg	Atg	L	M	270  	.   0.05	6c3pB  239  L
ENSP00000345708	 rs1800467	Ctg	Atg	L	M	270  	.   0.05	6c3pC  239  L
ENSP00000345708	 rs1800467	Ctg	Atg	L	M	270  	.   0.05	6c3pD  239  L
ENSP00000345719	 rs2296793	gcC	gcT	A	A	82   	.   0.03	5j1sA   28  A
ENSP00000345719	 rs2296793	gcC	gcT	A	A	82   	.   0.03	5j1tA   29  A
ENSP00000345731	 rs1134986	cGa	cAa	R	Q	278  	.   0.05	2ka9A   59  F
ENSP00000345731	 rs1134986	cGa	cAa	R	Q	278  	.   0.05	3gslA   60  F
ENSP00000345731	 rs1134986	cGa	cAa	R	Q	278  	.   0.05	3gslB   59  F
ENSP00000345731	 rs1134986	cGa	cAa	R	Q	278  	.   0.05	3zrtA   69  F
ENSP00000345731	 rs1134986	cGa	cAa	R	Q	278  	.   0.05	3zrtB   69  F
ENSP00000345731	 rs1134986	cGa	cAa	R	Q	278  	.   0.05	3zrtC   61  F
ENSP00000345731	rs34492126	cCg	cTg	P	L	921  	.   0.05	3uatA  274  P
ENSP00000345731	rs34492126	cCg	cTg	P	L	921  	.   0.05	3w9yA  166  P
ENSP00000345739	 rs2228611	ccA	ccG	P	P	447  	*   0.73	5wvoC   88  P
ENSP00000345739	 rs2228611	ccA	ccG	P	P	447  	*   0.73	5ydrB   98  P
ENSP00000345774	rs72547554	Cag	Gag	Q	E	10   	.   0.02	4qgkA   11  Q
ENSP00000345774	rs72547554	Cag	Gag	Q	E	10   	.   0.02	4qgkB   11  Q
ENSP00000345774	rs72547561	Cga	Gga	R	G	177  	.   0.01	4qgkA  178  R
ENSP00000345774	rs72547561	Cga	Gga	R	G	177  	.   0.01	4qgkB  178  R
ENSP00000345774	rs72547562	aCg	aTg	T	M	184  	.   0.01	4qgkA  185  T
ENSP00000345774	rs72547562	aCg	aTg	T	M	184  	.   0.01	4qgkB  185  T
ENSP00000345774	rs72547566	Cgc	Tgc	R	C	228  	.    0.0	4qgkA  229  R
ENSP00000345774	rs72547566	Cgc	Tgc	R	C	228  	.    0.0	4qgkB  229  R
ENSP00000345774	rs72547568	Gac	Aac	D	N	245  	.   0.01	4qgkA  246  D
ENSP00000345774	rs72547568	Gac	Aac	D	N	245  	.   0.01	4qgkB  246  D
ENSP00000345807	    rs1594	ccA	ccG	P	P	385  	.   0.02	3h11A  152  P
ENSP00000345807	    rs1594	ccA	ccG	P	P	385  	.   0.02	3h13A  149  P
ENSP00000345878	 rs8178992	caT	caA	H	Q	429  	.   0.01	1q6xA  422  Y
ENSP00000345878	 rs8178992	caT	caA	H	Q	429  	.   0.01	1q6xB  422  Y
ENSP00000345878	 rs8178992	caT	caA	H	Q	429  	.   0.01	1t1uA  420  Y
ENSP00000345878	 rs8178992	caT	caA	H	Q	429  	.   0.01	2fy2A  407  H
ENSP00000345878	 rs8178992	caT	caA	H	Q	429  	.   0.01	2fy3A  415  H
ENSP00000345878	 rs8178992	caT	caA	H	Q	429  	.   0.01	2fy4A  412  H
ENSP00000345878	 rs8178992	caT	caA	H	Q	429  	.   0.01	2fy5A  399  H
ENSP00000345878	 rs8178992	caT	caC	H	H	429  	.   0.01	1q6xA  422  Y
ENSP00000345878	 rs8178992	caT	caC	H	H	429  	.   0.01	1q6xB  422  Y
ENSP00000345878	 rs8178992	caT	caC	H	H	429  	.   0.01	1t1uA  420  Y
ENSP00000345878	 rs8178992	caT	caC	H	H	429  	.   0.01	2fy2A  407  H
ENSP00000345878	 rs8178992	caT	caC	H	H	429  	.   0.01	2fy3A  415  H
ENSP00000345878	 rs8178992	caT	caC	H	H	429  	.   0.01	2fy4A  412  H
ENSP00000345878	 rs8178992	caT	caC	H	H	429  	.   0.01	2fy5A  399  H
ENSP00000345878	 rs3793801	atC	atT	I	I	571  	.   0.01	1q6xA  564  I
ENSP00000345878	 rs3793801	atC	atT	I	I	571  	.   0.01	1q6xB  564  I
ENSP00000345878	 rs3793801	atC	atT	I	I	571  	.   0.01	1t1uA  562  I
ENSP00000345878	 rs3793801	atC	atT	I	I	571  	.   0.01	2fy2A  549  I
ENSP00000345878	 rs3793801	atC	atT	I	I	571  	.   0.01	2fy3A  557  I
ENSP00000345878	 rs3793801	atC	atT	I	I	571  	.   0.01	2fy4A  554  I
ENSP00000345878	 rs3793801	atC	atT	I	I	571  	.   0.01	2fy5A  541  I
ENSP00000345881	rs78909145	aAg	aGg	K	R	78   	.   0.01	1bj4A  206  K
ENSP00000345881	rs78909145	aAg	aGg	K	R	78   	.   0.01	1cj0A  202  K
ENSP00000345881	rs78909145	aAg	aGg	K	R	78   	.   0.01	1cj0B  202  K
ENSP00000345881	rs78909145	aAg	aGg	K	R	78   	.   0.01	1ejiA  205  K
ENSP00000345881	rs78909145	aAg	aGg	K	R	78   	.   0.01	1ejiB  205  K
ENSP00000345881	rs78909145	aAg	aGg	K	R	78   	.   0.01	1ejiC  205  K
ENSP00000345881	rs78909145	aAg	aGg	K	R	78   	.   0.01	1ejiD  205  K
ENSP00000345881	rs78909145	aAg	aGg	K	R	78   	.   0.01	1ls3A  204  K
ENSP00000345881	rs78909145	aAg	aGg	K	R	78   	.   0.01	1ls3B  202  K
ENSP00000345881	rs78909145	aAg	aGg	K	R	78   	.   0.01	1ls3C  204  K
ENSP00000345881	rs78909145	aAg	aGg	K	R	78   	.   0.01	1ls3D  200  K
ENSP00000345881	rs78909145	aAg	aGg	K	R	78   	.   0.01	1rv3A  202  K
ENSP00000345881	rs78909145	aAg	aGg	K	R	78   	.   0.01	1rv3B  202  K
ENSP00000345881	rs78909145	aAg	aGg	K	R	78   	.   0.01	1rv4A  202  K
ENSP00000345881	rs78909145	aAg	aGg	K	R	78   	.   0.01	1rv4B  202  K
ENSP00000345881	rs78909145	aAg	aGg	K	R	78   	.   0.01	1rvuA  202  K
ENSP00000345881	rs78909145	aAg	aGg	K	R	78   	.   0.01	1rvuB  202  K
ENSP00000345881	rs78909145	aAg	aGg	K	R	78   	.   0.01	1rvyA  202  K
ENSP00000345881	rs78909145	aAg	aGg	K	R	78   	.   0.01	1rvyB  202  K
ENSP00000345973	 rs2072454	aaC	aaT	N	N	158  	.   0.06	1ivoA  133  N
ENSP00000345973	 rs2072454	aaC	aaT	N	N	158  	.   0.06	1ivoB  132  N
ENSP00000345973	 rs2072454	aaC	aaT	N	N	158  	.   0.06	1moxA  134  N
ENSP00000345973	 rs2072454	aaC	aaT	N	N	158  	.   0.06	1moxB  134  N
ENSP00000345973	 rs2072454	aaC	aaT	N	N	158  	.   0.06	1nqlA  132  N
ENSP00000345973	 rs2072454	aaC	aaT	N	N	158  	.   0.06	1yy9A  133  N
ENSP00000345973	 rs2072454	aaC	aaT	N	N	158  	.   0.06	3njpA  134  N
ENSP00000345973	 rs2072454	aaC	aaT	N	N	158  	.   0.06	3njpB  134  N
ENSP00000345973	 rs2072454	aaC	aaT	N	N	158  	.   0.06	3qwqA  133  N
ENSP00000345973	 rs2072454	aaC	aaT	N	N	158  	.   0.06	4kroA  124  N
ENSP00000345973	 rs2072454	aaC	aaT	N	N	158  	.   0.06	4uipA  133  N
ENSP00000345973	 rs2072454	aaC	aaT	N	N	158  	.   0.06	4uv7A  134  N
ENSP00000345973	 rs2072454	aaC	aaT	N	N	158  	.   0.06	5wb7A  133  N
ENSP00000345973	 rs2072454	aaC	aaT	N	N	158  	.   0.06	5wb7B  133  N
ENSP00000345973	 rs2072454	aaC	aaT	N	N	158  	.   0.06	5wb7C  133  N
ENSP00000345973	 rs2072454	aaC	aaT	N	N	158  	.   0.06	5wb7D  133  N
ENSP00000345973	 rs2072454	aaC	aaT	N	N	158  	.   0.06	5wb8A  131  N
ENSP00000345973	 rs2072454	aaC	aaT	N	N	158  	.   0.06	5wb8D  134  N
ENSP00000345973	 rs2072454	aaC	aaT	N	N	158  	.   0.06	5xwdA  131  N
ENSP00000345973	 rs2072454	aaC	aaT	N	N	158  	.   0.06	6aruA  131  N
ENSP00000345974	 rs2612086	aTg	aCg	M	T	166  	.   0.01	4a35A  146  M
ENSP00000346103	rs73507255	Agc	Ggc	S	G	131  	.   0.01	2gs3A  105  S
ENSP00000346103	rs73507255	Agc	Ggc	S	G	131  	.   0.01	2obiA   99  S
ENSP00000346103	rs73507255	Agc	Ggc	S	G	131  	.   0.01	5h5qA   98  S
ENSP00000346103	rs73507255	Agc	Ggc	S	G	131  	.   0.01	5h5rA  102  S
ENSP00000346103	rs73507255	Agc	Ggc	S	G	131  	.   0.01	5h5sA   97  S
ENSP00000346103	rs73507255	Agc	Ggc	S	G	131  	.   0.01	5l71A   99  S
ENSP00000346103	rs73507255	Agc	Ggc	S	G	131  	.   0.01	6elwA   98  S
ENSP00000346142	  rs643788	Atc	Gtc	I	V	393  	.   0.04	5levA  365  I
ENSP00000346142	  rs643788	Atc	Gtc	I	V	393  	.   0.04	5o5eA  372  I
ENSP00000346142	  rs643788	Atc	Gtc	I	V	393  	.   0.04	6bw5A  367  I
ENSP00000346142	  rs643788	Atc	Gtc	I	V	393  	.   0.04	6bw5B  362  I
ENSP00000346142	  rs643788	Atc	Gtc	I	V	393  	.   0.04	6bw5C  367  I
ENSP00000346142	  rs643788	Atc	Gtc	I	V	393  	.   0.04	6bw5D  355  I
ENSP00000346142	  rs643788	Atc	Gtc	I	V	393  	.   0.04	6bw6A  362  I
ENSP00000346142	  rs643788	Atc	Gtc	I	V	393  	.   0.04	6bw6B  364  I
ENSP00000346142	  rs643788	Atc	Gtc	I	V	393  	.   0.04	6bw6C  358  I
ENSP00000346142	  rs643788	Atc	Gtc	I	V	393  	.   0.04	6bw6D  361  I
ENSP00000346142	  rs643788	Atc	Gtc	I	V	393  	.   0.04	6fm9A  366  I
ENSP00000346142	  rs643788	Atc	Gtc	I	V	393  	.   0.04	6fwzA  366  I
ENSP00000346206	 rs2228106	cCa	cTa	P	L	576  	.   0.01	1jj7A   25  P
ENSP00000346206	 rs2228106	cCa	cTa	P	L	576  	.   0.01	5u1dA  335  P
ENSP00000346206	 rs2228110	Ggt	Tgt	G	C	479  	.   0.02	5u1dA  245  G
ENSP00000346206	 rs2228110	Ggt	Agt	G	S	479  	.   0.02	5u1dA  245  G
ENSP00000346206	 rs2127679	gCt	gTt	A	V	430  	.   0.05	5u1dA  196  A
ENSP00000346206	 rs2228111	tCt	tTt	S	F	346  	.   0.38	5u1dA  114  S
ENSP00000346206	 rs2228111	tCt	tGt	S	C	346  	.   0.38	5u1dA  114  S
ENSP00000346206	rs41550019	Gtg	Ttg	V	L	518  	.   0.03	5u1dA  284  V
ENSP00000346206	rs41550019	Gtg	Ctg	V	L	518  	.   0.03	5u1dA  284  V
ENSP00000346206	rs36229525	Gtg	Ttg	V	L	304  	.   0.01	5u1dA   72  V
ENSP00000346206	rs36229525	Gtg	Atg	V	M	304  	.   0.01	5u1dA   72  V
ENSP00000346206	rs41559815	Ctg	Ttg	L	L	703  	.   0.22	1jj7A  152  L
ENSP00000346206	rs41559815	Ctg	Ttg	L	L	703  	.   0.22	5u1dA  462  L
ENSP00000346328	    rs7121	atC	atT	I	I	132  	.   0.01	1azsC   77  I
ENSP00000346328	    rs7121	atC	atT	I	I	132  	.   0.01	1aztA   75  I
ENSP00000346328	    rs7121	atC	atT	I	I	132  	.   0.01	1aztB   80  I
ENSP00000346328	    rs7121	atC	atT	I	I	132  	.   0.01	1cjkC   73  I
ENSP00000346328	    rs7121	atC	atT	I	I	132  	.   0.01	1cjtC   73  I
ENSP00000346328	    rs7121	atC	atT	I	I	132  	.   0.01	1cjuC   74  I
ENSP00000346328	    rs7121	atC	atT	I	I	132  	.   0.01	1cjvC   72  I
ENSP00000346328	    rs7121	atC	atT	I	I	132  	.   0.01	1cs4C   73  I
ENSP00000346328	    rs7121	atC	atT	I	I	132  	.   0.01	1culC   73  I
ENSP00000346328	    rs7121	atC	atT	I	I	132  	.   0.01	1tl7C   73  I
ENSP00000346328	    rs7121	atC	atT	I	I	132  	.   0.01	1u0hC   73  I
ENSP00000346328	    rs7121	atC	atT	I	I	132  	.   0.01	2gvdC   71  I
ENSP00000346328	    rs7121	atC	atT	I	I	132  	.   0.01	2gvzC   73  I
ENSP00000346328	    rs7121	atC	atT	I	I	132  	.   0.01	3c14C   74  I
ENSP00000346328	    rs7121	atC	atT	I	I	132  	.   0.01	3c15C   77  I
ENSP00000346328	    rs7121	atC	atT	I	I	132  	.   0.01	3c16C   74  I
ENSP00000346328	    rs7121	atC	atT	I	I	132  	.   0.01	3g82C   73  I
ENSP00000346328	    rs7121	atC	atT	I	I	132  	.   0.01	3maaC   74  I
ENSP00000346328	    rs7121	atC	atT	I	I	132  	.   0.01	3sn6A   95  I
ENSP00000346328	    rs7121	atC	atT	I	I	132  	.   0.01	6au6A   80  I
ENSP00000346354	rs36053993	gGt	gAt	G	D	369  	.   0.07	1x51A   45  G
ENSP00000346372	 rs2229175	cGg	cTg	R	L	430  	.   0.11	1x0oA   79  R
ENSP00000346372	 rs2229175	cGg	cTg	R	L	430  	.   0.11	2a24B   73  R
ENSP00000346372	 rs2229175	cGg	cTg	R	L	430  	.   0.11	2b02A   75  R
ENSP00000346372	 rs2229175	cGg	cTg	R	L	430  	.   0.11	2hv1A   73  R
ENSP00000346372	 rs2229175	cGg	cTg	R	L	430  	.   0.11	2hv1B   73  R
ENSP00000346372	 rs2229175	cGg	cTg	R	L	430  	.   0.11	2k7sA   79  R
ENSP00000346372	 rs2229175	cGg	cTg	R	L	430  	.   0.11	3f1nB   74  R
ENSP00000346372	 rs2229175	cGg	cTg	R	L	430  	.   0.11	3f1oB   74  R
ENSP00000346372	 rs2229175	cGg	cTg	R	L	430  	.   0.11	3f1pB   74  R
ENSP00000346372	 rs2229175	cGg	cTg	R	L	430  	.   0.11	3h7wB   73  R
ENSP00000346372	 rs2229175	cGg	cTg	R	L	430  	.   0.11	3h82A   76  R
ENSP00000346372	 rs2229175	cGg	cTg	R	L	430  	.   0.11	4eq1A   75  R
ENSP00000346372	 rs2229175	cGg	cTg	R	L	430  	.   0.11	4eq1B   75  R
ENSP00000346372	 rs2229175	cGg	cTg	R	L	430  	.   0.11	4ghiB   73  R
ENSP00000346372	 rs2229175	cGg	cTg	R	L	430  	.   0.11	4gs9B   71  R
ENSP00000346372	 rs2229175	cGg	cTg	R	L	430  	.   0.11	4h6jB   75  R
ENSP00000346372	 rs2229175	cGg	cTg	R	L	430  	.   0.11	4lpzA   70  R
ENSP00000346372	 rs2229175	cGg	cTg	R	L	430  	.   0.11	4lpzB   70  R
ENSP00000346372	 rs2229175	cGg	cTg	R	L	430  	.   0.11	4pkyA   70  R
ENSP00000346372	 rs2229175	cGg	cTg	R	L	430  	.   0.11	4pkyD   70  R
ENSP00000346372	 rs2229175	cGg	cTg	R	L	430  	.   0.11	4xt2A   73  R
ENSP00000346372	 rs2229175	cGg	cTg	R	L	430  	.   0.11	4xt2B   71  R
ENSP00000346372	 rs2229175	cGg	cTg	R	L	430  	.   0.11	4zp4A  227  R
ENSP00000346372	 rs2229175	cGg	cTg	R	L	430  	.   0.11	4zp4C  224  R
ENSP00000346372	 rs2229175	cGg	cTg	R	L	430  	.   0.11	4zphA  220  R
ENSP00000346372	 rs2229175	cGg	cTg	R	L	430  	.   0.11	4zphC  218  R
ENSP00000346372	 rs2229175	cGg	cTg	R	L	430  	.   0.11	4zpkA  234  R
ENSP00000346372	 rs2229175	cGg	cTg	R	L	430  	.   0.11	4zqdA  209  R
ENSP00000346372	 rs2229175	cGg	cTg	R	L	430  	.   0.11	4zqdC  218  R
ENSP00000346372	 rs2229175	cGg	cTg	R	L	430  	.   0.11	5sy5A  244  R
ENSP00000346372	 rs2229175	cGg	cTg	R	L	430  	.   0.11	5sy5C  235  R
ENSP00000346372	 rs2229175	cGg	cTg	R	L	430  	.   0.11	5sy5E  245  R
ENSP00000346372	 rs2229175	cGg	cTg	R	L	430  	.   0.11	5sy7A  243  R
ENSP00000346372	 rs2229175	cGg	cTg	R	L	430  	.   0.11	5tbmB   73  R
ENSP00000346372	 rs2229175	cGg	cTg	R	L	430  	.   0.11	5ufpB   73  R
ENSP00000346372	 rs2229175	cGg	cTg	R	L	430  	.   0.11	5y7yB  229  R
