ENSP00000348406	 rs6151422	Ttt	Gtt	F	V	358  	.   0.02	1aukA  337  F
ENSP00000348406	 rs6151422	Ttt	Gtt	F	V	358  	.   0.02	1e1zA  338  F
ENSP00000348406	 rs6151422	Ttt	Gtt	F	V	358  	.   0.02	1e2sA  338  F
ENSP00000348406	 rs6151422	Ttt	Gtt	F	V	358  	.   0.02	1e33A  337  F
ENSP00000348406	 rs6151422	Ttt	Gtt	F	V	358  	.   0.02	1e3cA  338  F
ENSP00000348406	 rs6151422	Ttt	Gtt	F	V	358  	.   0.02	1n2kA  337  F
ENSP00000348406	 rs6151422	Ttt	Gtt	F	V	358  	.   0.02	1n2lA  337  F
ENSP00000348406	 rs2071421	aAt	aGt	N	S	352  	.   0.02	1aukA  331  N
ENSP00000348406	 rs2071421	aAt	aGt	N	S	352  	.   0.02	1e1zA  332  N
ENSP00000348406	 rs2071421	aAt	aGt	N	S	352  	.   0.02	1e2sA  332  N
ENSP00000348406	 rs2071421	aAt	aGt	N	S	352  	.   0.02	1e33A  331  N
ENSP00000348406	 rs2071421	aAt	aGt	N	S	352  	.   0.02	1e3cA  332  N
ENSP00000348406	 rs2071421	aAt	aGt	N	S	352  	.   0.02	1n2kA  331  N
ENSP00000348406	 rs2071421	aAt	aGt	N	S	352  	.   0.02	1n2lA  331  N
ENSP00000348406	 rs6151415	tgG	tgT	W	C	195  	.   0.01	1aukA  174  W
ENSP00000348406	 rs6151415	tgG	tgT	W	C	195  	.   0.01	1e1zA  175  W
ENSP00000348406	 rs6151415	tgG	tgT	W	C	195  	.   0.01	1e2sA  175  W
ENSP00000348406	 rs6151415	tgG	tgT	W	C	195  	.   0.01	1e33A  174  W
ENSP00000348406	 rs6151415	tgG	tgT	W	C	195  	.   0.01	1e3cA  175  W
ENSP00000348406	 rs6151415	tgG	tgT	W	C	195  	.   0.01	1n2kA  174  W
ENSP00000348406	 rs6151415	tgG	tgT	W	C	195  	.   0.01	1n2lA  174  W
ENSP00000348406	 rs6151411	cCg	cTg	P	L	84   	.   0.03	1aukA   63  P
ENSP00000348406	 rs6151411	cCg	cTg	P	L	84   	.   0.03	1e1zA   64  P
ENSP00000348406	 rs6151411	cCg	cTg	P	L	84   	.   0.03	1e2sA   64  P
ENSP00000348406	 rs6151411	cCg	cTg	P	L	84   	.   0.03	1e33A   63  P
ENSP00000348406	 rs6151411	cCg	cTg	P	L	84   	.   0.03	1e3cA   64  P
ENSP00000348406	 rs6151411	cCg	cTg	P	L	84   	.   0.03	1n2kA   63  P
ENSP00000348406	 rs6151411	cCg	cTg	P	L	84   	.   0.03	1n2lA   63  P
ENSP00000348406	 rs6151425	gaC	gaT	D	D	383  	.   0.01	1aukA  362  D
ENSP00000348406	 rs6151425	gaC	gaT	D	D	383  	.   0.01	1e1zA  363  D
ENSP00000348406	 rs6151425	gaC	gaT	D	D	383  	.   0.01	1e2sA  363  D
ENSP00000348406	 rs6151425	gaC	gaT	D	D	383  	.   0.01	1e33A  362  D
ENSP00000348406	 rs6151425	gaC	gaT	D	D	383  	.   0.01	1e3cA  363  D
ENSP00000348406	 rs6151425	gaC	gaT	D	D	383  	.   0.01	1n2kA  362  D
ENSP00000348406	 rs6151425	gaC	gaT	D	D	383  	.   0.01	1n2lA  362  D
ENSP00000348406	 rs6151410	ggC	ggT	G	G	81   	.   0.03	1aukA   60  G
ENSP00000348406	 rs6151410	ggC	ggT	G	G	81   	.   0.03	1e1zA   61  G
ENSP00000348406	 rs6151410	ggC	ggT	G	G	81   	.   0.03	1e2sA   61  G
ENSP00000348406	 rs6151410	ggC	ggT	G	G	81   	.   0.03	1e33A   60  G
ENSP00000348406	 rs6151410	ggC	ggT	G	G	81   	.   0.03	1e3cA   61  G
ENSP00000348406	 rs6151410	ggC	ggT	G	G	81   	.   0.03	1n2kA   60  G
ENSP00000348406	 rs6151410	ggC	ggT	G	G	81   	.   0.03	1n2lA   60  G
ENSP00000348498	rs17887014	aaG	aaA	K	K	1724 	.   0.12	2d4qA  165  K
ENSP00000348498	rs17887014	aaG	aaA	K	K	1724 	.   0.12	2d4qB  163  K
ENSP00000348498	rs17887014	aaG	aaA	K	K	1724 	.   0.12	2e2xA  158  K
ENSP00000348498	rs17887014	aaG	aaA	K	K	1724 	.   0.12	2e2xB  158  K
ENSP00000348498	rs17887014	aaG	aaA	K	K	1724 	.   0.12	3p7zA  178  K
ENSP00000348498	rs17887014	aaG	aaA	K	K	1724 	.   0.12	3p7zB  178  K
ENSP00000348498	rs17887014	aaG	aaA	K	K	1724 	.   0.12	3pegA  152  K
ENSP00000348498	rs17887014	aaG	aaA	K	K	1724 	.   0.12	3pg7A  165  K
ENSP00000348498	rs17887014	aaG	aaA	K	K	1724 	.   0.12	3pg7B  165  K
ENSP00000348559	 rs1047100	gtA	gtT	V	V	117  	.   0.01	1djsA   82  V
ENSP00000348559	 rs1047100	gtA	gtT	V	V	117  	.   0.01	1e0oB   84  V
ENSP00000348559	 rs1047100	gtA	gtT	V	V	117  	.   0.01	1e0oD   84  V
ENSP00000348559	 rs1047100	gtA	gtT	V	V	117  	.   0.01	1ev2E   83  V
ENSP00000348559	 rs1047100	gtA	gtT	V	V	117  	.   0.01	1ev2F   83  V
ENSP00000348559	 rs1047100	gtA	gtT	V	V	117  	.   0.01	1ev2G   82  V
ENSP00000348559	 rs1047100	gtA	gtT	V	V	117  	.   0.01	1ev2H   82  V
ENSP00000348559	 rs1047100	gtA	gtT	V	V	117  	.   0.01	1ii4E   83  V
ENSP00000348559	 rs1047100	gtA	gtT	V	V	117  	.   0.01	1ii4F   83  V
ENSP00000348559	 rs1047100	gtA	gtT	V	V	117  	.   0.01	1ii4G   83  V
ENSP00000348559	 rs1047100	gtA	gtT	V	V	117  	.   0.01	1ii4H   83  V
ENSP00000348559	 rs1047100	gtA	gtT	V	V	117  	.   0.01	1iilE   83  V
ENSP00000348559	 rs1047100	gtA	gtT	V	V	117  	.   0.01	1iilF   83  V
ENSP00000348559	 rs1047100	gtA	gtT	V	V	117  	.   0.01	1iilG   83  V
ENSP00000348559	 rs1047100	gtA	gtT	V	V	117  	.   0.01	1iilH   83  V
ENSP00000348559	 rs1047100	gtA	gtT	V	V	117  	.   0.01	1nunB   78  V
ENSP00000348559	 rs1047100	gtA	gtT	V	V	117  	.   0.01	2fdbB   82  V
ENSP00000348559	 rs1047100	gtA	gtT	V	V	117  	.   0.01	2fdbD   82  V
ENSP00000348559	 rs1047100	gtA	gtT	V	V	117  	.   0.01	3oj2C   82  V
ENSP00000348559	 rs1047100	gtA	gtT	V	V	117  	.   0.01	3oj2D   82  V
ENSP00000348559	 rs1047100	gtA	gtT	V	V	117  	.   0.01	3ojmB   82  V
ENSP00000348559	 rs1047100	gtA	gtT	V	V	117  	.   0.01	4j23A   80  V
ENSP00000348559	 rs1047100	gtA	gtG	V	V	117  	.   0.01	1djsA   82  V
ENSP00000348559	 rs1047100	gtA	gtG	V	V	117  	.   0.01	1e0oB   84  V
ENSP00000348559	 rs1047100	gtA	gtG	V	V	117  	.   0.01	1e0oD   84  V
ENSP00000348559	 rs1047100	gtA	gtG	V	V	117  	.   0.01	1ev2E   83  V
ENSP00000348559	 rs1047100	gtA	gtG	V	V	117  	.   0.01	1ev2F   83  V
ENSP00000348559	 rs1047100	gtA	gtG	V	V	117  	.   0.01	1ev2G   82  V
ENSP00000348559	 rs1047100	gtA	gtG	V	V	117  	.   0.01	1ev2H   82  V
ENSP00000348559	 rs1047100	gtA	gtG	V	V	117  	.   0.01	1ii4E   83  V
ENSP00000348559	 rs1047100	gtA	gtG	V	V	117  	.   0.01	1ii4F   83  V
ENSP00000348559	 rs1047100	gtA	gtG	V	V	117  	.   0.01	1ii4G   83  V
ENSP00000348559	 rs1047100	gtA	gtG	V	V	117  	.   0.01	1ii4H   83  V
ENSP00000348559	 rs1047100	gtA	gtG	V	V	117  	.   0.01	1iilE   83  V
ENSP00000348559	 rs1047100	gtA	gtG	V	V	117  	.   0.01	1iilF   83  V
ENSP00000348559	 rs1047100	gtA	gtG	V	V	117  	.   0.01	1iilG   83  V
ENSP00000348559	 rs1047100	gtA	gtG	V	V	117  	.   0.01	1iilH   83  V
ENSP00000348559	 rs1047100	gtA	gtG	V	V	117  	.   0.01	1nunB   78  V
ENSP00000348559	 rs1047100	gtA	gtG	V	V	117  	.   0.01	2fdbB   82  V
ENSP00000348559	 rs1047100	gtA	gtG	V	V	117  	.   0.01	2fdbD   82  V
ENSP00000348559	 rs1047100	gtA	gtG	V	V	117  	.   0.01	3oj2C   82  V
ENSP00000348559	 rs1047100	gtA	gtG	V	V	117  	.   0.01	3oj2D   82  V
ENSP00000348559	 rs1047100	gtA	gtG	V	V	117  	.   0.01	3ojmB   82  V
ENSP00000348559	 rs1047100	gtA	gtG	V	V	117  	.   0.01	4j23A   80  V
ENSP00000348762	 rs2839158	cGa	cAa	R	Q	175  	.   0.01	1w6jA  170  R
ENSP00000348762	 rs2839158	cGa	cAa	R	Q	175  	.   0.01	1w6kA  168  R
ENSP00000348813	rs80189640	gCt	gAt	A	D	138  	.   0.01	3qwlA  118  A
ENSP00000348813	rs80189640	gCt	gAt	A	D	138  	.   0.01	4z6yA  118  A
ENSP00000348813	rs80189640	gCt	gAt	A	D	138  	.   0.01	4z6yC  118  A
ENSP00000348813	rs80189640	gCt	gAt	A	D	138  	.   0.01	4z6yE  118  A
ENSP00000348813	rs80189640	gCt	gAt	A	D	138  	.   0.01	4z6yG  118  A
ENSP00000348813	rs80189640	gCt	gAt	A	D	138  	.   0.01	5ejcA  113  A
ENSP00000348813	rs80189640	gCt	gAt	A	D	138  	.   0.01	5ejcB  114  A
ENSP00000348821	rs16944397	aTg	aCg	M	T	1453 	*   0.79	2y25A   97  M
ENSP00000348821	rs16944397	aTg	aCg	M	T	1453 	*   0.79	2y25B  101  M
ENSP00000348821	rs16944397	aTg	aCg	M	T	1453 	*   0.79	2y25C   97  M
ENSP00000348821	rs16944397	aTg	aCg	M	T	1453 	*   0.79	2y25D  101  M
ENSP00000348888	 rs2275531	Ggc	Agc	G	S	365  	.   0.07	5d4kA  342  S
ENSP00000348888	 rs2275531	Ggc	Agc	G	S	365  	.   0.07	5d4kB  339  S
ENSP00000348904	rs11809873	gaC	gaT	D	D	18   	.   0.05	2cqbA   25  D
ENSP00000348904	rs11809873	gaC	gaT	D	D	18   	.   0.05	2ku7A   76  D
ENSP00000348904	rs11809873	gaC	gaT	D	D	18   	.   0.05	2kyxA   18  D
ENSP00000348904	rs11809873	gaC	gaT	D	D	18   	.   0.05	3lpyA   15  D
ENSP00000348904	rs11809873	gaC	gaT	D	D	18   	.   0.05	3lpyB   15  D
ENSP00000348904	rs11809873	gaC	gaT	D	D	18   	.   0.05	3mdfA   18  D
ENSP00000348904	rs11809873	gaC	gaT	D	D	18   	.   0.05	3mdfB   18  D
ENSP00000348924	rs80084141	Cca	Gca	P	A	11   	*   0.97	1kx5F    7  P
ENSP00000348924	rs80084141	Cca	Gca	P	A	11   	*   0.97	1kx5J    7  P
ENSP00000348924	rs80084141	Cca	Gca	P	A	11   	*   0.97	2rvqB   14  P
ENSP00000348997	 rs3124768	acG	acA	T	T	541  	.   0.01	3ghmA  259  T
ENSP00000348997	 rs3124768	acG	acA	T	T	541  	.   0.01	3ghnA  261  T
ENSP00000348997	 rs3124768	acG	acA	T	T	541  	.   0.01	3vn4A  265  T
ENSP00000349000	rs11135176	aaC	aaT	N	N	93   	.   0.06	6d6tE   43  A
ENSP00000349000	rs11135176	aaC	aaT	N	N	93   	.   0.06	6d6uE   43  A
ENSP00000349000	rs11135176	aaC	aaT	N	N	93   	.   0.06	6dw0A   43  A
ENSP00000349000	rs11135176	aaC	aaT	N	N	93   	.   0.06	6dw1A   43  A
ENSP00000349148	    rs4866	Gtg	Atg	V	M	83   	.   0.01	1iryA   83  V
ENSP00000349148	    rs4866	Gtg	Atg	V	M	83   	.   0.01	3q93A   81  V
ENSP00000349148	    rs4866	Gtg	Atg	V	M	83   	.   0.01	3q93B   81  V
ENSP00000349148	    rs4866	Gtg	Atg	V	M	83   	.   0.01	3whwA   81  V
ENSP00000349148	    rs4866	Gtg	Atg	V	M	83   	.   0.01	3whwB   81  V
ENSP00000349148	    rs4866	Gtg	Atg	V	M	83   	.   0.01	3zr0A   81  V
ENSP00000349148	    rs4866	Gtg	Atg	V	M	83   	.   0.01	3zr0B   78  V
ENSP00000349148	    rs4866	Gtg	Atg	V	M	83   	.   0.01	3zr1A   81  V
ENSP00000349148	    rs4866	Gtg	Atg	V	M	83   	.   0.01	3zr1B   78  V
ENSP00000349148	    rs4866	Gtg	Atg	V	M	83   	.   0.01	4c9wA   81  V
ENSP00000349148	    rs4866	Gtg	Atg	V	M	83   	.   0.01	4c9xA   81  V
ENSP00000349148	    rs4866	Gtg	Atg	V	M	83   	.   0.01	4n1tA   81  V
ENSP00000349148	    rs4866	Gtg	Atg	V	M	83   	.   0.01	4n1uA   81  V
ENSP00000349148	    rs4866	Gtg	Atg	V	M	83   	.   0.01	4n1uB   82  V
ENSP00000349148	    rs4866	Gtg	Atg	V	M	83   	.   0.01	5ansA   82  V
ENSP00000349148	    rs4866	Gtg	Atg	V	M	83   	.   0.01	5antA   82  V
ENSP00000349148	    rs4866	Gtg	Atg	V	M	83   	.   0.01	5antB   82  V
ENSP00000349148	    rs4866	Gtg	Atg	V	M	83   	.   0.01	5antC   80  V
ENSP00000349148	    rs4866	Gtg	Atg	V	M	83   	.   0.01	5anuA   81  V
ENSP00000349148	    rs4866	Gtg	Atg	V	M	83   	.   0.01	5anvA   81  V
ENSP00000349148	    rs4866	Gtg	Atg	V	M	83   	.   0.01	5anwA   81  V
ENSP00000349148	    rs4866	Gtg	Atg	V	M	83   	.   0.01	5fsiA   81  V
ENSP00000349148	    rs4866	Gtg	Atg	V	M	83   	.   0.01	5fskA   81  V
ENSP00000349148	    rs4866	Gtg	Atg	V	M	83   	.   0.01	5fslA   81  V
ENSP00000349148	    rs4866	Gtg	Atg	V	M	83   	.   0.01	5fsmA   81  V
ENSP00000349148	    rs4866	Gtg	Atg	V	M	83   	.   0.01	5fsnA   81  V
ENSP00000349148	    rs4866	Gtg	Atg	V	M	83   	.   0.01	5fsoA   81  V
ENSP00000349148	    rs4866	Gtg	Atg	V	M	83   	.   0.01	5ghiA   83  V
ENSP00000349148	    rs4866	Gtg	Atg	V	M	83   	.   0.01	5ghiB   83  V
ENSP00000349148	    rs4866	Gtg	Atg	V	M	83   	.   0.01	5ghjA   83  V
ENSP00000349148	    rs4866	Gtg	Atg	V	M	83   	.   0.01	5ghjB   83  V
ENSP00000349148	    rs4866	Gtg	Atg	V	M	83   	.   0.01	5ghmA   83  V
ENSP00000349148	    rs4866	Gtg	Atg	V	M	83   	.   0.01	5ghmB   83  V
ENSP00000349148	    rs4866	Gtg	Atg	V	M	83   	.   0.01	5ghnA   83  V
ENSP00000349148	    rs4866	Gtg	Atg	V	M	83   	.   0.01	5ghnB   83  V
ENSP00000349148	    rs4866	Gtg	Atg	V	M	83   	.   0.01	5ghoA   83  V
ENSP00000349148	    rs4866	Gtg	Atg	V	M	83   	.   0.01	5ghoB   83  V
ENSP00000349148	    rs4866	Gtg	Atg	V	M	83   	.   0.01	5ghpA   83  V
ENSP00000349148	    rs4866	Gtg	Atg	V	M	83   	.   0.01	5ghpB   83  V
ENSP00000349148	    rs4866	Gtg	Atg	V	M	83   	.   0.01	5ghqA   83  V
ENSP00000349148	    rs4866	Gtg	Atg	V	M	83   	.   0.01	5ghqB   83  V
ENSP00000349148	    rs4866	Gtg	Atg	V	M	83   	.   0.01	5mzeA   80  V
ENSP00000349148	    rs4866	Gtg	Atg	V	M	83   	.   0.01	5mzeB   80  V
ENSP00000349148	    rs4866	Gtg	Atg	V	M	83   	.   0.01	5mzeC   81  V
ENSP00000349148	    rs4866	Gtg	Atg	V	M	83   	.   0.01	5mzeD   81  V
ENSP00000349148	    rs4866	Gtg	Atg	V	M	83   	.   0.01	5mzfA   82  V
ENSP00000349148	    rs4866	Gtg	Atg	V	M	83   	.   0.01	5mzfB   91  V
ENSP00000349148	    rs4866	Gtg	Atg	V	M	83   	.   0.01	5mzfC   81  V
ENSP00000349148	    rs4866	Gtg	Atg	V	M	83   	.   0.01	5mzfD   91  V
ENSP00000349148	    rs4866	Gtg	Atg	V	M	83   	.   0.01	5mzgA   84  V
ENSP00000349148	    rs4866	Gtg	Atg	V	M	83   	.   0.01	5mzgB   83  V
ENSP00000349148	    rs4866	Gtg	Atg	V	M	83   	.   0.01	5ngrA   81  V
ENSP00000349148	    rs4866	Gtg	Atg	V	M	83   	.   0.01	5ngrB   81  V
ENSP00000349148	    rs4866	Gtg	Atg	V	M	83   	.   0.01	5ngsA   81  V
ENSP00000349148	    rs4866	Gtg	Atg	V	M	83   	.   0.01	5ngsB   81  V
ENSP00000349148	    rs4866	Gtg	Atg	V	M	83   	.   0.01	5ngtA   81  V
ENSP00000349148	    rs4866	Gtg	Atg	V	M	83   	.   0.01	5nhyA   81  V
ENSP00000349148	    rs4866	Gtg	Atg	V	M	83   	.   0.01	5nhyB   79  V
ENSP00000349148	    rs4866	Gtg	Atg	V	M	83   	.   0.01	5otmA   84  V
ENSP00000349148	    rs4866	Gtg	Atg	V	M	83   	.   0.01	5otmB   84  V
ENSP00000349148	    rs4866	Gtg	Atg	V	M	83   	.   0.01	5ws7A   83  V
ENSP00000349148	    rs4866	Gtg	Atg	V	M	83   	.   0.01	5ws7B   83  V
ENSP00000349148	    rs4866	Gtg	Atg	V	M	83   	.   0.01	6ehhA   82  V
ENSP00000349148	    rs4866	Gtg	Atg	V	M	83   	.   0.01	6ehhB   81  V
ENSP00000349148	    rs4866	Gtg	Atg	V	M	83   	.   0.01	6ehhC   81  V
ENSP00000349148	    rs4866	Gtg	Atg	V	M	83   	.   0.01	6ehhD   81  V
ENSP00000349148	    rs4866	Gtg	Atg	V	M	83   	.   0.01	6f1xA   81  V
ENSP00000349148	    rs4866	Gtg	Atg	V	M	83   	.   0.01	6f1xB   82  V
ENSP00000349148	    rs4866	Gtg	Atg	V	M	83   	.   0.01	6f20A   83  V
ENSP00000349148	    rs4866	Gtg	Atg	V	M	83   	.   0.01	6f20B   80  V
ENSP00000349148	    rs4866	Gtg	Atg	V	M	83   	.   0.01	6f22A   84  V
ENSP00000349148	    rs4866	Gtg	Atg	V	M	83   	.   0.01	6f22B   81  V
ENSP00000349148	    rs4866	Gtg	Atg	V	M	83   	.   0.01	6f23A   86  V
ENSP00000349148	    rs4866	Gtg	Atg	V	M	83   	.   0.01	6f23B   81  V
ENSP00000349150	rs10936599	caC	caT	H	H	6    	*   0.56	2vpkA    5  H
ENSP00000349259	 rs2271328	acA	acC	T	T	1910 	.   0.02	3edvA  217  T
ENSP00000349259	 rs2271328	acA	acC	T	T	1910 	.   0.02	3edvB  217  T
ENSP00000349259	 rs2271328	acA	acG	T	T	1910 	.   0.02	3edvA  217  T
ENSP00000349259	 rs2271328	acA	acG	T	T	1910 	.   0.02	3edvB  217  T
ENSP00000349393	 rs1805388	aCt	aTt	T	I	9    	*   0.69	3w1bA    4  T
ENSP00000349393	 rs1805388	aCt	aTt	T	I	9    	*   0.69	3w1gA    4  T
ENSP00000349393	 rs1805388	aCt	aTt	T	I	9    	*   0.69	3w5oA    2  T
ENSP00000349393	 rs1805388	aCt	aTt	T	I	9    	*   0.69	3w5oB    2  T
ENSP00000349393	 rs1805388	aCt	aTt	T	I	9    	*   0.69	4htoA    3  T
ENSP00000349393	 rs1805388	aCt	aTt	T	I	9    	*   0.69	4htpA    3  T
ENSP00000349393	 rs1805388	aCt	aTt	T	I	9    	*   0.69	4htpB    2  T
ENSP00000349393	 rs1805388	aCt	aTt	T	I	9    	*   0.69	6bkfA    1  T
ENSP00000349393	 rs1805388	aCt	aTt	T	I	9    	*   0.69	6bkgA    3  T
ENSP00000349393	 rs1805386	gaT	gaC	D	D	568  	.   0.01	3w1bA  552  D
ENSP00000349393	 rs1805386	gaT	gaC	D	D	568  	.   0.01	3w1gA  547  D
ENSP00000349393	 rs1805386	gaT	gaC	D	D	568  	.   0.01	3w5oA  542  D
ENSP00000349393	 rs1805386	gaT	gaC	D	D	568  	.   0.01	3w5oB  544  D
ENSP00000349393	 rs1805386	gaT	gaC	D	D	568  	.   0.01	6bkfA  527  D
ENSP00000349393	 rs1805386	gaT	gaC	D	D	568  	.   0.01	6bkgA  552  D
ENSP00000349437	  rs629849	Agg	Ggg	R	G	1619 	.   0.32	2v5nA  103  G
ENSP00000349437	  rs629849	Agg	Ggg	R	G	1619 	.   0.32	2v5oA  104  G
ENSP00000349437	  rs629849	Agg	Ggg	R	G	1619 	.   0.32	2v5pA  104  G
ENSP00000349437	  rs629849	Agg	Ggg	R	G	1619 	.   0.32	2v5pB  104  G
ENSP00000349437	  rs629849	Agg	Tgg	R	W	1619 	.   0.32	2v5nA  103  G
ENSP00000349437	  rs629849	Agg	Tgg	R	W	1619 	.   0.32	2v5oA  104  G
ENSP00000349437	  rs629849	Agg	Tgg	R	W	1619 	.   0.32	2v5pA  104  G
ENSP00000349437	  rs629849	Agg	Tgg	R	W	1619 	.   0.32	2v5pB  104  G
ENSP00000349437	  rs629849	Agg	Cgg	R	R	1619 	.   0.32	2v5nA  103  G
ENSP00000349437	  rs629849	Agg	Cgg	R	R	1619 	.   0.32	2v5oA  104  G
ENSP00000349437	  rs629849	Agg	Cgg	R	R	1619 	.   0.32	2v5pA  104  G
ENSP00000349437	  rs629849	Agg	Cgg	R	R	1619 	.   0.32	2v5pB  104  G
ENSP00000349437	  rs614754	ctC	ctG	L	L	2017 	.   0.21	2v5oA  493  L
ENSP00000349437	 rs8191904	cGc	cAc	R	H	1832 	.   0.07	2v5oA  308  R
ENSP00000349437	 rs8191904	cGc	cAc	R	H	1832 	.   0.07	2v5pA  308  R
ENSP00000349437	 rs8191904	cGc	cAc	R	H	1832 	.   0.07	2v5pB  308  R
ENSP00000349437	 rs8191905	gGc	gAc	G	D	1860 	.   0.31	2v5oA  336  G
ENSP00000349437	 rs8191905	gGc	gAc	G	D	1860 	.   0.31	2v5pA  336  G
ENSP00000349437	 rs8191905	gGc	gAc	G	D	1860 	.   0.31	2v5pB  336  G
ENSP00000349437	 rs8191908	atA	atG	I	M	1908 	.   0.01	2v5oA  384  I
ENSP00000349437	 rs8191908	atA	atG	I	M	1908 	.   0.01	2v5pA  384  I
ENSP00000349437	 rs8191908	atA	atG	I	M	1908 	.   0.01	2v5pB  384  I
ENSP00000349437	 rs1805075	aAc	aGc	N	S	2020 	.   0.08	2v5oA  496  N
ENSP00000349496	   rs20568	ggC	ggT	G	G	41   	.   0.01	3hfwA   41  G
ENSP00000349632	  rs849526	taT	taC	Y	Y	357  	.   0.03	2qqjA   82  Y
ENSP00000349632	  rs849526	taT	taC	Y	Y	357  	.   0.03	2qqkA  315  Y
ENSP00000349632	  rs849526	taT	taC	Y	Y	357  	.   0.03	2qqlA  321  Y
ENSP00000349632	  rs849526	taT	taC	Y	Y	357  	.   0.03	2qqoA  195  Y
ENSP00000349632	  rs849526	taT	taC	Y	Y	357  	.   0.03	2qqoB  195  Y
ENSP00000349632	  rs849526	taT	taC	Y	Y	357  	.   0.03	4qdqA   82  Y
ENSP00000349632	  rs849526	taT	taC	Y	Y	357  	.   0.03	4qdqB   82  Y
ENSP00000349632	  rs849526	taT	taC	Y	Y	357  	.   0.03	4qdrA   84  Y
ENSP00000349632	  rs849526	taT	taC	Y	Y	357  	.   0.03	4qdsA   86  Y
ENSP00000349632	  rs849526	taT	taC	Y	Y	357  	.   0.03	4qdsB   83  Y
ENSP00000349632	  rs849526	taT	taC	Y	Y	357  	.   0.03	5dn2A   84  Y
ENSP00000349632	  rs849526	taT	taC	Y	Y	357  	.   0.03	5dn2B   84  Y
ENSP00000349632	  rs849526	taT	taC	Y	Y	357  	.   0.03	5dn2C   84  Y
ENSP00000349632	  rs849526	taT	taC	Y	Y	357  	.   0.03	5dn2D   84  Y
ENSP00000349632	  rs849526	taT	taC	Y	Y	357  	.   0.03	5dq0A   81  Y
ENSP00000349705	rs75602167	cAt	cGt	H	R	382  	.   0.08	5gvcA  382  H
ENSP00000349705	rs75602167	cAt	cGt	H	R	382  	.   0.08	5gvcB  373  H
ENSP00000349705	rs75602167	cAt	cGt	H	R	382  	.   0.08	5gveA  382  H
ENSP00000349726	 rs2480452	tCg	tTg	S	L	293  	*   0.65	2g62A  302  S
ENSP00000349726	 rs2480452	tCg	tTg	S	L	293  	*   0.65	2hv6A  301  S
ENSP00000349726	 rs2480452	tCg	tTg	S	L	293  	*   0.65	2hv6B  295  S
ENSP00000349726	 rs2480452	tCg	tTg	S	L	293  	*   0.65	2hv7A  301  S
ENSP00000349726	 rs2480452	tCg	tTg	S	L	293  	*   0.65	2hv7B  301  S
ENSP00000349726	 rs2480452	tCg	tTg	S	L	293  	*   0.65	2hv7C  301  S
ENSP00000349726	 rs2480452	tCg	tTg	S	L	293  	*   0.65	2hv7D  301  S
ENSP00000349726	 rs2480452	tCg	tTg	S	L	293  	*   0.65	2hv7E  301  S
ENSP00000349726	 rs2480452	tCg	tTg	S	L	293  	*   0.65	2hv7F  301  S
ENSP00000349726	 rs2480452	tCg	tTg	S	L	293  	*   0.65	2hv7G  301  S
ENSP00000349726	 rs2480452	tCg	tTg	S	L	293  	*   0.65	2hv7H  301  S
ENSP00000349726	 rs2480452	tCg	tTg	S	L	293  	*   0.65	2ixmA  300  S
ENSP00000349726	 rs2480452	tCg	tTg	S	L	293  	*   0.65	4ny3A  299  S
ENSP00000349726	 rs2480452	tCg	tTg	S	L	293  	*   0.65	4ny3B  298  S
ENSP00000349783	rs10818759	aaC	aaT	N	N	139  	.   0.05	4qikA   53  H
ENSP00000349783	rs10818759	aaC	aaT	N	N	139  	.   0.05	4qikB   40  H
ENSP00000349783	rs10818759	aaC	aaT	N	N	139  	.   0.05	4qilA   41  H
ENSP00000349783	rs10818759	aaC	aaT	N	N	139  	.   0.05	4qilB   35  H
ENSP00000349783	rs10818759	aaC	aaT	N	N	139  	.   0.05	4txaA  112  H
ENSP00000349783	rs10818759	aaC	aaT	N	N	139  	.   0.05	4z30A   37  N
ENSP00000349783	rs10818759	aaC	aaT	N	N	139  	.   0.05	4z31A   35  N
ENSP00000349783	rs10818759	aaC	aaT	N	N	139  	.   0.05	4z31B   38  N
ENSP00000349880	 rs3796295	ccC	ccT	P	P	21   	.   0.39	2x7fA    7  P
ENSP00000349880	 rs3796295	ccC	ccT	P	P	21   	.   0.39	2x7fB    9  P
ENSP00000349880	 rs3796295	ccC	ccT	P	P	21   	.   0.39	2x7fC    8  P
ENSP00000349880	 rs3796295	ccC	ccT	P	P	21   	.   0.39	2x7fE    8  P
ENSP00000349880	 rs3796295	ccC	ccT	P	P	21   	.   0.39	4oboA    6  P
ENSP00000349880	 rs3796295	ccC	ccT	P	P	21   	.   0.39	4oboB   10  P
ENSP00000349880	 rs3796295	ccC	ccT	P	P	21   	.   0.39	4obpA    9  P
ENSP00000349880	 rs3796295	ccC	ccT	P	P	21   	.   0.39	4obpB    8  P
ENSP00000349880	 rs3796295	ccC	ccT	P	P	21   	.   0.39	4obqA    6  P
ENSP00000349880	 rs3796295	ccC	ccT	P	P	21   	.   0.39	4obqB    9  P
ENSP00000349880	 rs3796295	ccC	ccT	P	P	21   	.   0.39	4rvtA    8  P
ENSP00000349880	 rs3796295	ccC	ccT	P	P	21   	.   0.39	4rvtB    9  P
ENSP00000349880	 rs3796295	ccC	ccT	P	P	21   	.   0.39	4u3yA    5  P
ENSP00000349880	 rs3796295	ccC	ccT	P	P	21   	.   0.39	4u3yB   14  P
ENSP00000349880	 rs3796295	ccC	ccT	P	P	21   	.   0.39	4u3zA    8  P
ENSP00000349880	 rs3796295	ccC	ccT	P	P	21   	.   0.39	4u3zB    5  P
ENSP00000349880	 rs3796295	ccC	ccT	P	P	21   	.   0.39	4u40A    5  P
ENSP00000349880	 rs3796295	ccC	ccT	P	P	21   	.   0.39	4u40B    9  P
ENSP00000349880	 rs3796295	ccC	ccT	P	P	21   	.   0.39	4u41A    6  P
ENSP00000349880	 rs3796295	ccC	ccT	P	P	21   	.   0.39	4u41B   10  P
ENSP00000349880	 rs3796295	ccC	ccT	P	P	21   	.   0.39	4u42A    6  P
ENSP00000349880	 rs3796295	ccC	ccT	P	P	21   	.   0.39	4u42B    5  P
ENSP00000349880	 rs3796295	ccC	ccT	P	P	21   	.   0.39	4u43A    8  P
ENSP00000349880	 rs3796295	ccC	ccT	P	P	21   	.   0.39	4u43B   12  P
ENSP00000349880	 rs3796295	ccC	ccT	P	P	21   	.   0.39	4u44A   10  P
ENSP00000349880	 rs3796295	ccC	ccT	P	P	21   	.   0.39	4u44B    8  P
ENSP00000349880	 rs3796295	ccC	ccT	P	P	21   	.   0.39	4u45A   10  P
ENSP00000349880	 rs3796295	ccC	ccT	P	P	21   	.   0.39	4u45B    9  P
ENSP00000349880	 rs3796295	ccC	ccT	P	P	21   	.   0.39	4zk5A    5  P
ENSP00000349880	 rs3796295	ccC	ccT	P	P	21   	.   0.39	4zk5B    9  P
ENSP00000349880	 rs3796295	ccC	ccT	P	P	21   	.   0.39	4zp5A    8  P
ENSP00000349880	 rs3796295	ccC	ccT	P	P	21   	.   0.39	4zp5B   12  P
ENSP00000349880	 rs3796295	ccC	ccT	P	P	21   	.   0.39	5ax9A   10  P
ENSP00000349880	 rs3796295	ccC	ccT	P	P	21   	.   0.39	5ax9B    9  P
ENSP00000349880	 rs3796295	ccC	ccT	P	P	21   	.   0.39	5ax9C   10  P
ENSP00000349880	 rs3796295	ccC	ccT	P	P	21   	.   0.39	5cwzA   11  P
ENSP00000349880	 rs3796295	ccC	ccT	P	P	21   	.   0.39	5cwzB   11  P
ENSP00000349880	 rs3796295	ccC	ccT	P	P	21   	.   0.39	5cwzC    7  P
ENSP00000349880	 rs3796295	ccC	ccT	P	P	21   	.   0.39	5d7aA   11  P
ENSP00000349880	 rs3796295	ccC	ccT	P	P	21   	.   0.39	5d7aB   11  P
ENSP00000349880	 rs3796295	ccC	ccT	P	P	21   	.   0.39	5d7aC    9  P
ENSP00000349880	 rs3796295	ccC	ccT	P	P	21   	.   0.39	5di1A    9  P
ENSP00000349880	 rs3796295	ccC	ccT	P	P	21   	.   0.39	5di1B   12  P
ENSP00000349880	 rs3796295	ccC	ccT	P	P	21   	.   0.39	5j95A    8  P
ENSP00000349880	 rs3796295	ccC	ccT	P	P	21   	.   0.39	5j95B   12  P
ENSP00000349880	 rs3796295	ccC	ccT	P	P	21   	.   0.39	5w5qA    5  P
ENSP00000349880	 rs3796295	ccC	ccT	P	P	21   	.   0.39	5w5qB    9  P
ENSP00000349880	rs12637875	aaC	aaT	N	N	248  	.   0.33	2x7fA  211  N
ENSP00000349880	rs12637875	aaC	aaT	N	N	248  	.   0.33	2x7fB  223  N
ENSP00000349880	rs12637875	aaC	aaT	N	N	248  	.   0.33	2x7fC  220  N
ENSP00000349880	rs12637875	aaC	aaT	N	N	248  	.   0.33	2x7fE  192  N
ENSP00000349880	rs12637875	aaC	aaT	N	N	248  	.   0.33	4oboA  213  N
ENSP00000349880	rs12637875	aaC	aaT	N	N	248  	.   0.33	4oboB  234  N
ENSP00000349880	rs12637875	aaC	aaT	N	N	248  	.   0.33	4obpA  223  N
ENSP00000349880	rs12637875	aaC	aaT	N	N	248  	.   0.33	4obpB  227  N
ENSP00000349880	rs12637875	aaC	aaT	N	N	248  	.   0.33	4obqA  212  N
ENSP00000349880	rs12637875	aaC	aaT	N	N	248  	.   0.33	4obqB  230  N
ENSP00000349880	rs12637875	aaC	aaT	N	N	248  	.   0.33	4rvtA  220  N
ENSP00000349880	rs12637875	aaC	aaT	N	N	248  	.   0.33	4rvtB  234  N
ENSP00000349880	rs12637875	aaC	aaT	N	N	248  	.   0.33	4u3yA  232  N
ENSP00000349880	rs12637875	aaC	aaT	N	N	248  	.   0.33	4u3yB  237  N
ENSP00000349880	rs12637875	aaC	aaT	N	N	248  	.   0.33	4u3zA  231  N
ENSP00000349880	rs12637875	aaC	aaT	N	N	248  	.   0.33	4u3zB  219  N
ENSP00000349880	rs12637875	aaC	aaT	N	N	248  	.   0.33	4u40A  232  N
ENSP00000349880	rs12637875	aaC	aaT	N	N	248  	.   0.33	4u40B  236  N
ENSP00000349880	rs12637875	aaC	aaT	N	N	248  	.   0.33	4u41A  213  N
ENSP00000349880	rs12637875	aaC	aaT	N	N	248  	.   0.33	4u41B  234  N
ENSP00000349880	rs12637875	aaC	aaT	N	N	248  	.   0.33	4u42A  220  N
ENSP00000349880	rs12637875	aaC	aaT	N	N	248  	.   0.33	4u42B  203  N
ENSP00000349880	rs12637875	aaC	aaT	N	N	248  	.   0.33	4u43A  224  N
ENSP00000349880	rs12637875	aaC	aaT	N	N	248  	.   0.33	4u43B  239  N
ENSP00000349880	rs12637875	aaC	aaT	N	N	248  	.   0.33	4u44A  224  N
ENSP00000349880	rs12637875	aaC	aaT	N	N	248  	.   0.33	4u44B  233  N
ENSP00000349880	rs12637875	aaC	aaT	N	N	248  	.   0.33	4u45A  226  N
ENSP00000349880	rs12637875	aaC	aaT	N	N	248  	.   0.33	4u45B  232  N
ENSP00000349880	rs12637875	aaC	aaT	N	N	248  	.   0.33	4zk5A  223  N
ENSP00000349880	rs12637875	aaC	aaT	N	N	248  	.   0.33	4zk5B  231  N
ENSP00000349880	rs12637875	aaC	aaT	N	N	248  	.   0.33	4zp5A  223  N
ENSP00000349880	rs12637875	aaC	aaT	N	N	248  	.   0.33	4zp5B  239  N
ENSP00000349880	rs12637875	aaC	aaT	N	N	248  	.   0.33	5ax9A  223  N
ENSP00000349880	rs12637875	aaC	aaT	N	N	248  	.   0.33	5ax9B  215  N
ENSP00000349880	rs12637875	aaC	aaT	N	N	248  	.   0.33	5ax9C  221  N
ENSP00000349880	rs12637875	aaC	aaT	N	N	248  	.   0.33	5cwzA  225  N
ENSP00000349880	rs12637875	aaC	aaT	N	N	248  	.   0.33	5cwzB  225  N
ENSP00000349880	rs12637875	aaC	aaT	N	N	248  	.   0.33	5cwzC  211  N
ENSP00000349880	rs12637875	aaC	aaT	N	N	248  	.   0.33	5d7aA  227  N
ENSP00000349880	rs12637875	aaC	aaT	N	N	248  	.   0.33	5d7aB  227  N
ENSP00000349880	rs12637875	aaC	aaT	N	N	248  	.   0.33	5d7aC  224  N
ENSP00000349880	rs12637875	aaC	aaT	N	N	248  	.   0.33	5di1A  224  N
ENSP00000349880	rs12637875	aaC	aaT	N	N	248  	.   0.33	5di1B  239  N
ENSP00000349880	rs12637875	aaC	aaT	N	N	248  	.   0.33	5j95A  223  N
ENSP00000349880	rs12637875	aaC	aaT	N	N	248  	.   0.33	5j95B  239  N
ENSP00000349880	rs12637875	aaC	aaT	N	N	248  	.   0.33	5w5qA  228  N
ENSP00000349880	rs12637875	aaC	aaT	N	N	248  	.   0.33	5w5qB  234  N
ENSP00000349944	rs11549898	gGc	gCc	G	A	864  	.   0.11	2g31A   16  G
ENSP00000349944	rs11549898	gGc	gCc	G	A	864  	.   0.11	2jv5A   16  G
ENSP00000349944	rs11549898	gGc	gCc	G	A	864  	.   0.11	2ko2A   17  G
ENSP00000349959	 rs2043112	tCc	tTc	S	F	837  	.   0.01	5zcsE  646  S
ENSP00000349959	 rs2043112	tCc	tTc	S	F	837  	.   0.01	5zcsF  646  S
ENSP00000349959	 rs2043112	tCc	tAc	S	Y	837  	.   0.01	5zcsE  646  S
ENSP00000349959	 rs2043112	tCc	tAc	S	Y	837  	.   0.01	5zcsF  646  S
ENSP00000350046	  rs698912	gaA	gaG	E	E	67   	.   0.37	2e3oA  222  E
ENSP00000350046	  rs698912	gaA	gaG	E	E	67   	.   0.37	2e3pA  226  E
ENSP00000350046	  rs698912	gaA	gaG	E	E	67   	.   0.37	2e3pB  222  E
ENSP00000350046	  rs698912	gaA	gaG	E	E	67   	.   0.37	2e3qA  226  E
ENSP00000350046	  rs698912	gaA	gaG	E	E	67   	.   0.37	2e3sA  215  E
ENSP00000350046	  rs698912	gaA	gaG	E	E	67   	.   0.37	2z9yA  221  E
ENSP00000350046	  rs698912	gaA	gaG	E	E	67   	.   0.37	2z9zA  226  E
ENSP00000350046	  rs698912	gaA	gaG	E	E	67   	.   0.37	3h3qB  225  E
ENSP00000350046	  rs698912	gaA	gaG	E	E	67   	.   0.37	3h3rB  226  E
ENSP00000350046	  rs698912	gaA	gaG	E	E	67   	.   0.37	3h3sB  225  E
ENSP00000350046	  rs698912	gaA	gaG	E	E	67   	.   0.37	3h3tB  225  E
ENSP00000350166	 rs1047100	gtA	gtT	V	V	143  	.   0.01	1djsA   82  V
ENSP00000350166	 rs1047100	gtA	gtT	V	V	143  	.   0.01	1e0oB   84  V
ENSP00000350166	 rs1047100	gtA	gtT	V	V	143  	.   0.01	1e0oD   84  V
ENSP00000350166	 rs1047100	gtA	gtT	V	V	143  	.   0.01	1ev2E   83  V
ENSP00000350166	 rs1047100	gtA	gtT	V	V	143  	.   0.01	1ev2F   83  V
ENSP00000350166	 rs1047100	gtA	gtT	V	V	143  	.   0.01	1ev2G   82  V
ENSP00000350166	 rs1047100	gtA	gtT	V	V	143  	.   0.01	1ev2H   82  V
ENSP00000350166	 rs1047100	gtA	gtT	V	V	143  	.   0.01	1ii4E   83  V
ENSP00000350166	 rs1047100	gtA	gtT	V	V	143  	.   0.01	1ii4F   83  V
ENSP00000350166	 rs1047100	gtA	gtT	V	V	143  	.   0.01	1ii4G   83  V
ENSP00000350166	 rs1047100	gtA	gtT	V	V	143  	.   0.01	1ii4H   83  V
ENSP00000350166	 rs1047100	gtA	gtT	V	V	143  	.   0.01	1iilE   83  V
ENSP00000350166	 rs1047100	gtA	gtT	V	V	143  	.   0.01	1iilF   83  V
ENSP00000350166	 rs1047100	gtA	gtT	V	V	143  	.   0.01	1iilG   83  V
ENSP00000350166	 rs1047100	gtA	gtT	V	V	143  	.   0.01	1iilH   83  V
ENSP00000350166	 rs1047100	gtA	gtT	V	V	143  	.   0.01	1nunB   78  V
ENSP00000350166	 rs1047100	gtA	gtT	V	V	143  	.   0.01	2fdbB   82  V
ENSP00000350166	 rs1047100	gtA	gtT	V	V	143  	.   0.01	2fdbD   82  V
ENSP00000350166	 rs1047100	gtA	gtT	V	V	143  	.   0.01	3oj2C   82  V
ENSP00000350166	 rs1047100	gtA	gtT	V	V	143  	.   0.01	3oj2D   82  V
ENSP00000350166	 rs1047100	gtA	gtT	V	V	143  	.   0.01	3ojmB   82  V
ENSP00000350166	 rs1047100	gtA	gtT	V	V	143  	.   0.01	4j23A   80  V
ENSP00000350166	 rs1047100	gtA	gtG	V	V	143  	.   0.01	1djsA   82  V
ENSP00000350166	 rs1047100	gtA	gtG	V	V	143  	.   0.01	1e0oB   84  V
ENSP00000350166	 rs1047100	gtA	gtG	V	V	143  	.   0.01	1e0oD   84  V
ENSP00000350166	 rs1047100	gtA	gtG	V	V	143  	.   0.01	1ev2E   83  V
ENSP00000350166	 rs1047100	gtA	gtG	V	V	143  	.   0.01	1ev2F   83  V
ENSP00000350166	 rs1047100	gtA	gtG	V	V	143  	.   0.01	1ev2G   82  V
ENSP00000350166	 rs1047100	gtA	gtG	V	V	143  	.   0.01	1ev2H   82  V
ENSP00000350166	 rs1047100	gtA	gtG	V	V	143  	.   0.01	1ii4E   83  V
ENSP00000350166	 rs1047100	gtA	gtG	V	V	143  	.   0.01	1ii4F   83  V
ENSP00000350166	 rs1047100	gtA	gtG	V	V	143  	.   0.01	1ii4G   83  V
ENSP00000350166	 rs1047100	gtA	gtG	V	V	143  	.   0.01	1ii4H   83  V
ENSP00000350166	 rs1047100	gtA	gtG	V	V	143  	.   0.01	1iilE   83  V
ENSP00000350166	 rs1047100	gtA	gtG	V	V	143  	.   0.01	1iilF   83  V
ENSP00000350166	 rs1047100	gtA	gtG	V	V	143  	.   0.01	1iilG   83  V
ENSP00000350166	 rs1047100	gtA	gtG	V	V	143  	.   0.01	1iilH   83  V
ENSP00000350166	 rs1047100	gtA	gtG	V	V	143  	.   0.01	1nunB   78  V
ENSP00000350166	 rs1047100	gtA	gtG	V	V	143  	.   0.01	2fdbB   82  V
ENSP00000350166	 rs1047100	gtA	gtG	V	V	143  	.   0.01	2fdbD   82  V
ENSP00000350166	 rs1047100	gtA	gtG	V	V	143  	.   0.01	3oj2C   82  V
ENSP00000350166	 rs1047100	gtA	gtG	V	V	143  	.   0.01	3oj2D   82  V
ENSP00000350166	 rs1047100	gtA	gtG	V	V	143  	.   0.01	3ojmB   82  V
ENSP00000350166	 rs1047100	gtA	gtG	V	V	143  	.   0.01	4j23A   80  V
ENSP00000350181	 rs1801449	Gca	Aca	A	T	236  	.   0.02	6bdtA  177  A
ENSP00000350181	 rs1801449	Gca	Aca	A	T	236  	.   0.02	6bdtB  179  A
ENSP00000350181	 rs1801449	Gca	Aca	A	T	236  	.   0.02	6bdtC  182  A
ENSP00000350181	 rs1801449	Gca	Aca	A	T	236  	.   0.02	6bdtD  179  A
ENSP00000350181	 rs1801449	Gca	Aca	A	T	236  	.   0.02	6bgpA  174  A
ENSP00000350181	 rs1801449	Gca	Aca	A	T	236  	.   0.02	6bgpB  179  A
ENSP00000350181	 rs1801449	Gca	Aca	A	T	236  	.   0.02	6bgpC  180  A
ENSP00000350181	 rs1801449	Gca	Aca	A	T	236  	.   0.02	6bgpD  179  A
ENSP00000350181	 rs1801449	Gca	Aca	A	T	236  	.   0.02	6bjdA  184  A
ENSP00000350181	 rs1801449	Gca	Aca	A	T	236  	.   0.02	6bjdB  179  A
ENSP00000350181	 rs1801449	Gca	Aca	A	T	236  	.   0.02	6bjdC  177  A
ENSP00000350181	 rs1801449	Gca	Aca	A	T	236  	.   0.02	6bjdD  178  A
ENSP00000350181	 rs1801449	Gca	Aca	A	T	236  	.   0.02	6bkjA  180  A
ENSP00000350181	 rs1801449	Gca	Aca	A	T	236  	.   0.02	6bkjB  179  A
ENSP00000350181	 rs1801449	Gca	Aca	A	T	236  	.   0.02	6bkjC  178  A
ENSP00000350181	 rs1801449	Gca	Aca	A	T	236  	.   0.02	6bkjD  180  A
ENSP00000350181	rs28364441	tgC	tgT	C	C	328  	.   0.05	6bdtA  216  C
ENSP00000350181	rs28364441	tgC	tgT	C	C	328  	.   0.05	6bdtB  227  C
ENSP00000350181	rs28364441	tgC	tgT	C	C	328  	.   0.05	6bdtC  228  C
ENSP00000350181	rs28364441	tgC	tgT	C	C	328  	.   0.05	6bdtD  224  C
ENSP00000350181	rs28364441	tgC	tgT	C	C	328  	.   0.05	6bgpA  214  C
ENSP00000350181	rs28364441	tgC	tgT	C	C	328  	.   0.05	6bgpB  223  C
ENSP00000350181	rs28364441	tgC	tgT	C	C	328  	.   0.05	6bgpC  223  C
ENSP00000350181	rs28364441	tgC	tgT	C	C	328  	.   0.05	6bgpD  223  C
ENSP00000350181	rs28364441	tgC	tgT	C	C	328  	.   0.05	6bjdA  224  C
ENSP00000350181	rs28364441	tgC	tgT	C	C	328  	.   0.05	6bjdB  216  C
ENSP00000350181	rs28364441	tgC	tgT	C	C	328  	.   0.05	6bjdC  217  C
ENSP00000350181	rs28364441	tgC	tgT	C	C	328  	.   0.05	6bjdD  216  C
ENSP00000350181	rs28364441	tgC	tgT	C	C	328  	.   0.05	6bkjA  218  C
ENSP00000350181	rs28364441	tgC	tgT	C	C	328  	.   0.05	6bkjB  217  C
ENSP00000350181	rs28364441	tgC	tgT	C	C	328  	.   0.05	6bkjC  214  C
ENSP00000350181	rs28364441	tgC	tgT	C	C	328  	.   0.05	6bkjD  219  C
ENSP00000350191	 rs2760118	Cac	Tac	H	Y	180  	.   0.01	2w8nA  125  H
ENSP00000350191	 rs2760118	Cac	Tac	H	Y	180  	.   0.01	2w8oA  130  H
ENSP00000350191	 rs2760118	Cac	Tac	H	Y	180  	.   0.01	2w8pA  130  H
ENSP00000350191	 rs2760118	Cac	Tac	H	Y	180  	.   0.01	2w8qA  130  H
ENSP00000350191	 rs2760118	Cac	Tac	H	Y	180  	.   0.01	2w8rA  130  H
ENSP00000350265	 rs9493048	ccA	ccG	P	P	218  	.   0.01	6c01A  166  P
ENSP00000350265	 rs9493048	ccA	ccG	P	P	218  	.   0.01	6c01B  154  P
ENSP00000350265	 rs9493048	ccA	ccG	P	P	218  	.   0.01	6c02A  162  P
ENSP00000350265	 rs9493048	ccA	ccG	P	P	218  	.   0.01	6c02B  162  P
ENSP00000350265	 rs9493048	ccA	ccG	P	P	218  	.   0.01	6f2tA   76  P
ENSP00000350265	 rs9493048	ccA	ccG	P	P	218  	.   0.01	6f2tB   75  P
ENSP00000350265	 rs9493048	ccA	ccG	P	P	218  	.   0.01	6f2vA   76  P
ENSP00000350265	 rs9493048	ccA	ccG	P	P	218  	.   0.01	6f2vB   75  P
ENSP00000350265	 rs9493048	ccA	ccG	P	P	218  	.   0.01	6f2yA   76  P
ENSP00000350265	 rs9493048	ccA	ccG	P	P	218  	.   0.01	6f2yB   75  P
ENSP00000350265	 rs9493048	ccA	ccG	P	P	218  	.   0.01	6f30A   75  P
ENSP00000350265	 rs9493048	ccA	ccG	P	P	218  	.   0.01	6f30B   75  P
ENSP00000350265	 rs9493048	ccA	ccG	P	P	218  	.   0.01	6f33A   76  P
ENSP00000350265	 rs9493048	ccA	ccG	P	P	218  	.   0.01	6f33B   75  P
ENSP00000350283	 rs1799967	atG	atA	M	I	1652 	.   0.18	1jnxA    4  M
ENSP00000350283	 rs1799967	atG	atA	M	I	1652 	.   0.18	1n5oA    4  M
ENSP00000350283	 rs1799967	atG	atA	M	I	1652 	.   0.18	1t15A    4  M
ENSP00000350283	 rs1799967	atG	atA	M	I	1652 	.   0.18	1t29A    4  M
ENSP00000350283	 rs1799967	atG	atA	M	I	1652 	.   0.18	1t2uA    4  M
ENSP00000350283	 rs1799967	atG	atA	M	I	1652 	.   0.18	1t2vA    4  M
ENSP00000350283	 rs1799967	atG	atA	M	I	1652 	.   0.18	1t2vB    7  M
ENSP00000350283	 rs1799967	atG	atA	M	I	1652 	.   0.18	1t2vC    4  M
ENSP00000350283	 rs1799967	atG	atA	M	I	1652 	.   0.18	1t2vD    6  M
ENSP00000350283	 rs1799967	atG	atA	M	I	1652 	.   0.18	1t2vE    4  M
ENSP00000350283	 rs1799967	atG	atA	M	I	1652 	.   0.18	1y98A    4  M
ENSP00000350283	 rs1799967	atG	atA	M	I	1652 	.   0.18	2ingA    4  M
ENSP00000350283	 rs1799967	atG	atA	M	I	1652 	.   0.18	3cojA    5  M
ENSP00000350283	 rs1799967	atG	atA	M	I	1652 	.   0.18	3cojB    5  M
ENSP00000350283	 rs1799967	atG	atA	M	I	1652 	.   0.18	3cojC    5  M
ENSP00000350283	 rs1799967	atG	atA	M	I	1652 	.   0.18	3cojD    5  M
ENSP00000350283	 rs1799967	atG	atA	M	I	1652 	.   0.18	3cojE    4  M
ENSP00000350283	 rs1799967	atG	atA	M	I	1652 	.   0.18	3cojF    4  M
ENSP00000350283	 rs1799967	atG	atA	M	I	1652 	.   0.18	3cojG    4  M
ENSP00000350283	 rs1799967	atG	atA	M	I	1652 	.   0.18	3cojH    5  M
ENSP00000350283	 rs1799967	atG	atA	M	I	1652 	.   0.18	3k0hA    4  M
ENSP00000350283	 rs1799967	atG	atA	M	I	1652 	.   0.18	3k0kA    4  M
ENSP00000350283	 rs1799967	atG	atA	M	I	1652 	.   0.18	3k15A    4  M
ENSP00000350283	 rs1799967	atG	atA	M	I	1652 	.   0.18	3k16A    4  M
ENSP00000350283	 rs1799967	atG	atA	M	I	1652 	.   0.18	3pxaA    4  M
ENSP00000350283	 rs1799967	atG	atA	M	I	1652 	.   0.18	3pxbA    4  M
ENSP00000350283	 rs1799967	atG	atA	M	I	1652 	.   0.18	3pxcA    4  M
ENSP00000350283	 rs1799967	atG	atA	M	I	1652 	.   0.18	3pxdA    4  M
ENSP00000350283	 rs1799967	atG	atA	M	I	1652 	.   0.18	3pxeA    6  M
ENSP00000350283	 rs1799967	atG	atA	M	I	1652 	.   0.18	3pxeB    6  M
ENSP00000350283	 rs1799967	atG	atA	M	I	1652 	.   0.18	3pxeC    6  M
ENSP00000350283	 rs1799967	atG	atA	M	I	1652 	.   0.18	3pxeD    4  M
ENSP00000350283	 rs1799967	atG	atA	M	I	1652 	.   0.18	4ifiA    4  M
ENSP00000350283	 rs1799967	atG	atA	M	I	1652 	.   0.18	4igkA    7  M
ENSP00000350283	 rs1799967	atG	atA	M	I	1652 	.   0.18	4igkB    7  M
ENSP00000350283	 rs1799967	atG	atA	M	I	1652 	.   0.18	4jluA    4  M
ENSP00000350283	 rs1799967	atG	atA	M	I	1652 	.   0.18	4ofbA    4  M
ENSP00000350283	 rs1799967	atG	atA	M	I	1652 	.   0.18	4u4aA    7  M
ENSP00000350283	 rs1799967	atG	atA	M	I	1652 	.   0.18	4u4aB    7  M
ENSP00000350283	 rs1799967	atG	atA	M	I	1652 	.   0.18	4u4aC    5  M
ENSP00000350283	 rs1799967	atG	atA	M	I	1652 	.   0.18	4y18A    7  M
ENSP00000350283	 rs1799967	atG	atA	M	I	1652 	.   0.18	4y18B    7  M
ENSP00000350283	 rs1799967	atG	atA	M	I	1652 	.   0.18	4y18C    7  M
ENSP00000350283	 rs1799967	atG	atA	M	I	1652 	.   0.18	4y18D    7  M
ENSP00000350283	 rs1799967	atG	atA	M	I	1652 	.   0.18	4y18E    7  M
ENSP00000350283	 rs1799967	atG	atA	M	I	1652 	.   0.18	4y18F    7  M
ENSP00000350283	 rs1799967	atG	atA	M	I	1652 	.   0.18	4y18G    4  M
ENSP00000350283	 rs1799967	atG	atA	M	I	1652 	.   0.18	4y18H    4  M
ENSP00000350283	 rs1799967	atG	atA	M	I	1652 	.   0.18	4y2gA    7  M
ENSP00000350283	rs28897696	gCg	gTg	A	V	1708 	.   0.06	1jnxA   59  A
ENSP00000350283	rs28897696	gCg	gTg	A	V	1708 	.   0.06	1n5oA   59  A
ENSP00000350283	rs28897696	gCg	gTg	A	V	1708 	.   0.06	1t15A   60  A
ENSP00000350283	rs28897696	gCg	gTg	A	V	1708 	.   0.06	1t29A   60  A
ENSP00000350283	rs28897696	gCg	gTg	A	V	1708 	.   0.06	1t2uA   60  A
ENSP00000350283	rs28897696	gCg	gTg	A	V	1708 	.   0.06	1t2vA   60  A
ENSP00000350283	rs28897696	gCg	gTg	A	V	1708 	.   0.06	1t2vB   63  A
ENSP00000350283	rs28897696	gCg	gTg	A	V	1708 	.   0.06	1t2vC   60  A
ENSP00000350283	rs28897696	gCg	gTg	A	V	1708 	.   0.06	1t2vD   62  A
ENSP00000350283	rs28897696	gCg	gTg	A	V	1708 	.   0.06	1t2vE   60  A
ENSP00000350283	rs28897696	gCg	gTg	A	V	1708 	.   0.06	1y98A   60  A
ENSP00000350283	rs28897696	gCg	gTg	A	V	1708 	.   0.06	2ingA   59  A
ENSP00000350283	rs28897696	gCg	gTg	A	V	1708 	.   0.06	3cojA   60  A
ENSP00000350283	rs28897696	gCg	gTg	A	V	1708 	.   0.06	3cojB   60  A
ENSP00000350283	rs28897696	gCg	gTg	A	V	1708 	.   0.06	3cojC   60  A
ENSP00000350283	rs28897696	gCg	gTg	A	V	1708 	.   0.06	3cojD   60  A
ENSP00000350283	rs28897696	gCg	gTg	A	V	1708 	.   0.06	3cojE   59  A
ENSP00000350283	rs28897696	gCg	gTg	A	V	1708 	.   0.06	3cojF   59  A
ENSP00000350283	rs28897696	gCg	gTg	A	V	1708 	.   0.06	3cojG   59  A
ENSP00000350283	rs28897696	gCg	gTg	A	V	1708 	.   0.06	3cojH   60  A
ENSP00000350283	rs28897696	gCg	gTg	A	V	1708 	.   0.06	3k0hA   60  A
ENSP00000350283	rs28897696	gCg	gTg	A	V	1708 	.   0.06	3k0kA   60  A
ENSP00000350283	rs28897696	gCg	gTg	A	V	1708 	.   0.06	3k15A   60  A
ENSP00000350283	rs28897696	gCg	gTg	A	V	1708 	.   0.06	3k16A   60  A
ENSP00000350283	rs28897696	gCg	gTg	A	V	1708 	.   0.06	3pxaA   60  A
ENSP00000350283	rs28897696	gCg	gTg	A	V	1708 	.   0.06	3pxbA   60  A
ENSP00000350283	rs28897696	gCg	gTg	A	V	1708 	.   0.06	3pxcA   59  A
ENSP00000350283	rs28897696	gCg	gTg	A	V	1708 	.   0.06	3pxdA   60  A
ENSP00000350283	rs28897696	gCg	gTg	A	V	1708 	.   0.06	3pxeA   62  A
ENSP00000350283	rs28897696	gCg	gTg	A	V	1708 	.   0.06	3pxeB   62  A
ENSP00000350283	rs28897696	gCg	gTg	A	V	1708 	.   0.06	3pxeC   62  A
ENSP00000350283	rs28897696	gCg	gTg	A	V	1708 	.   0.06	3pxeD   60  A
ENSP00000350283	rs28897696	gCg	gTg	A	V	1708 	.   0.06	4ifiA   60  A
ENSP00000350283	rs28897696	gCg	gTg	A	V	1708 	.   0.06	4igkA   63  A
ENSP00000350283	rs28897696	gCg	gTg	A	V	1708 	.   0.06	4igkB   63  A
ENSP00000350283	rs28897696	gCg	gTg	A	V	1708 	.   0.06	4jluA   60  A
ENSP00000350283	rs28897696	gCg	gTg	A	V	1708 	.   0.06	4ofbA   60  A
ENSP00000350283	rs28897696	gCg	gTg	A	V	1708 	.   0.06	4u4aA   63  A
ENSP00000350283	rs28897696	gCg	gTg	A	V	1708 	.   0.06	4u4aB   63  A
ENSP00000350283	rs28897696	gCg	gTg	A	V	1708 	.   0.06	4u4aC   61  A
ENSP00000350283	rs28897696	gCg	gTg	A	V	1708 	.   0.06	4y18A   63  A
ENSP00000350283	rs28897696	gCg	gTg	A	V	1708 	.   0.06	4y18B   63  A
ENSP00000350283	rs28897696	gCg	gTg	A	V	1708 	.   0.06	4y18C   63  A
ENSP00000350283	rs28897696	gCg	gTg	A	V	1708 	.   0.06	4y18D   63  A
ENSP00000350283	rs28897696	gCg	gTg	A	V	1708 	.   0.06	4y18E   63  A
ENSP00000350283	rs28897696	gCg	gTg	A	V	1708 	.   0.06	4y18F   63  A
ENSP00000350283	rs28897696	gCg	gTg	A	V	1708 	.   0.06	4y18G   60  A
ENSP00000350283	rs28897696	gCg	gTg	A	V	1708 	.   0.06	4y18H   60  A
ENSP00000350283	rs28897696	gCg	gTg	A	V	1708 	.   0.06	4y2gA   63  A
ENSP00000350283	rs28897696	gCg	gAg	A	E	1708 	.   0.06	1jnxA   59  A
ENSP00000350283	rs28897696	gCg	gAg	A	E	1708 	.   0.06	1n5oA   59  A
ENSP00000350283	rs28897696	gCg	gAg	A	E	1708 	.   0.06	1t15A   60  A
ENSP00000350283	rs28897696	gCg	gAg	A	E	1708 	.   0.06	1t29A   60  A
ENSP00000350283	rs28897696	gCg	gAg	A	E	1708 	.   0.06	1t2uA   60  A
ENSP00000350283	rs28897696	gCg	gAg	A	E	1708 	.   0.06	1t2vA   60  A
ENSP00000350283	rs28897696	gCg	gAg	A	E	1708 	.   0.06	1t2vB   63  A
ENSP00000350283	rs28897696	gCg	gAg	A	E	1708 	.   0.06	1t2vC   60  A
ENSP00000350283	rs28897696	gCg	gAg	A	E	1708 	.   0.06	1t2vD   62  A
ENSP00000350283	rs28897696	gCg	gAg	A	E	1708 	.   0.06	1t2vE   60  A
ENSP00000350283	rs28897696	gCg	gAg	A	E	1708 	.   0.06	1y98A   60  A
ENSP00000350283	rs28897696	gCg	gAg	A	E	1708 	.   0.06	2ingA   59  A
ENSP00000350283	rs28897696	gCg	gAg	A	E	1708 	.   0.06	3cojA   60  A
ENSP00000350283	rs28897696	gCg	gAg	A	E	1708 	.   0.06	3cojB   60  A
ENSP00000350283	rs28897696	gCg	gAg	A	E	1708 	.   0.06	3cojC   60  A
ENSP00000350283	rs28897696	gCg	gAg	A	E	1708 	.   0.06	3cojD   60  A
ENSP00000350283	rs28897696	gCg	gAg	A	E	1708 	.   0.06	3cojE   59  A
ENSP00000350283	rs28897696	gCg	gAg	A	E	1708 	.   0.06	3cojF   59  A
ENSP00000350283	rs28897696	gCg	gAg	A	E	1708 	.   0.06	3cojG   59  A
ENSP00000350283	rs28897696	gCg	gAg	A	E	1708 	.   0.06	3cojH   60  A
ENSP00000350283	rs28897696	gCg	gAg	A	E	1708 	.   0.06	3k0hA   60  A
ENSP00000350283	rs28897696	gCg	gAg	A	E	1708 	.   0.06	3k0kA   60  A
ENSP00000350283	rs28897696	gCg	gAg	A	E	1708 	.   0.06	3k15A   60  A
ENSP00000350283	rs28897696	gCg	gAg	A	E	1708 	.   0.06	3k16A   60  A
ENSP00000350283	rs28897696	gCg	gAg	A	E	1708 	.   0.06	3pxaA   60  A
ENSP00000350283	rs28897696	gCg	gAg	A	E	1708 	.   0.06	3pxbA   60  A
ENSP00000350283	rs28897696	gCg	gAg	A	E	1708 	.   0.06	3pxcA   59  A
ENSP00000350283	rs28897696	gCg	gAg	A	E	1708 	.   0.06	3pxdA   60  A
ENSP00000350283	rs28897696	gCg	gAg	A	E	1708 	.   0.06	3pxeA   62  A
ENSP00000350283	rs28897696	gCg	gAg	A	E	1708 	.   0.06	3pxeB   62  A
ENSP00000350283	rs28897696	gCg	gAg	A	E	1708 	.   0.06	3pxeC   62  A
ENSP00000350283	rs28897696	gCg	gAg	A	E	1708 	.   0.06	3pxeD   60  A
ENSP00000350283	rs28897696	gCg	gAg	A	E	1708 	.   0.06	4ifiA   60  A
ENSP00000350283	rs28897696	gCg	gAg	A	E	1708 	.   0.06	4igkA   63  A
ENSP00000350283	rs28897696	gCg	gAg	A	E	1708 	.   0.06	4igkB   63  A
ENSP00000350283	rs28897696	gCg	gAg	A	E	1708 	.   0.06	4jluA   60  A
ENSP00000350283	rs28897696	gCg	gAg	A	E	1708 	.   0.06	4ofbA   60  A
ENSP00000350283	rs28897696	gCg	gAg	A	E	1708 	.   0.06	4u4aA   63  A
ENSP00000350283	rs28897696	gCg	gAg	A	E	1708 	.   0.06	4u4aB   63  A
ENSP00000350283	rs28897696	gCg	gAg	A	E	1708 	.   0.06	4u4aC   61  A
ENSP00000350283	rs28897696	gCg	gAg	A	E	1708 	.   0.06	4y18A   63  A
ENSP00000350283	rs28897696	gCg	gAg	A	E	1708 	.   0.06	4y18B   63  A
ENSP00000350283	rs28897696	gCg	gAg	A	E	1708 	.   0.06	4y18C   63  A
ENSP00000350283	rs28897696	gCg	gAg	A	E	1708 	.   0.06	4y18D   63  A
ENSP00000350283	rs28897696	gCg	gAg	A	E	1708 	.   0.06	4y18E   63  A
ENSP00000350283	rs28897696	gCg	gAg	A	E	1708 	.   0.06	4y18F   63  A
ENSP00000350283	rs28897696	gCg	gAg	A	E	1708 	.   0.06	4y18G   60  A
ENSP00000350283	rs28897696	gCg	gAg	A	E	1708 	.   0.06	4y18H   60  A
ENSP00000350283	rs28897696	gCg	gAg	A	E	1708 	.   0.06	4y2gA   63  A
ENSP00000350283	rs41293459	cGg	cTg	R	L	1699 	.   0.27	1jnxA   50  R
ENSP00000350283	rs41293459	cGg	cTg	R	L	1699 	.   0.27	1n5oA   50  R
ENSP00000350283	rs41293459	cGg	cTg	R	L	1699 	.   0.27	1t15A   51  R
ENSP00000350283	rs41293459	cGg	cTg	R	L	1699 	.   0.27	1t29A   51  R
ENSP00000350283	rs41293459	cGg	cTg	R	L	1699 	.   0.27	1t2uA   51  R
ENSP00000350283	rs41293459	cGg	cTg	R	L	1699 	.   0.27	1t2vA   51  R
ENSP00000350283	rs41293459	cGg	cTg	R	L	1699 	.   0.27	1t2vB   54  R
ENSP00000350283	rs41293459	cGg	cTg	R	L	1699 	.   0.27	1t2vC   51  R
ENSP00000350283	rs41293459	cGg	cTg	R	L	1699 	.   0.27	1t2vD   53  R
ENSP00000350283	rs41293459	cGg	cTg	R	L	1699 	.   0.27	1t2vE   51  R
ENSP00000350283	rs41293459	cGg	cTg	R	L	1699 	.   0.27	1y98A   51  R
ENSP00000350283	rs41293459	cGg	cTg	R	L	1699 	.   0.27	2ingA   50  R
ENSP00000350283	rs41293459	cGg	cTg	R	L	1699 	.   0.27	3cojA   51  R
ENSP00000350283	rs41293459	cGg	cTg	R	L	1699 	.   0.27	3cojB   51  R
ENSP00000350283	rs41293459	cGg	cTg	R	L	1699 	.   0.27	3cojC   51  R
ENSP00000350283	rs41293459	cGg	cTg	R	L	1699 	.   0.27	3cojD   51  R
ENSP00000350283	rs41293459	cGg	cTg	R	L	1699 	.   0.27	3cojE   50  R
ENSP00000350283	rs41293459	cGg	cTg	R	L	1699 	.   0.27	3cojF   50  R
ENSP00000350283	rs41293459	cGg	cTg	R	L	1699 	.   0.27	3cojG   50  R
ENSP00000350283	rs41293459	cGg	cTg	R	L	1699 	.   0.27	3cojH   51  R
ENSP00000350283	rs41293459	cGg	cTg	R	L	1699 	.   0.27	3k0hA   51  R
ENSP00000350283	rs41293459	cGg	cTg	R	L	1699 	.   0.27	3k0kA   51  R
ENSP00000350283	rs41293459	cGg	cTg	R	L	1699 	.   0.27	3k15A   51  R
ENSP00000350283	rs41293459	cGg	cTg	R	L	1699 	.   0.27	3k16A   51  R
ENSP00000350283	rs41293459	cGg	cTg	R	L	1699 	.   0.27	3pxaA   51  R
ENSP00000350283	rs41293459	cGg	cTg	R	L	1699 	.   0.27	3pxbA   51  R
ENSP00000350283	rs41293459	cGg	cTg	R	L	1699 	.   0.27	3pxcA   50  Q
ENSP00000350283	rs41293459	cGg	cTg	R	L	1699 	.   0.27	3pxdA   51  R
ENSP00000350283	rs41293459	cGg	cTg	R	L	1699 	.   0.27	3pxeA   53  R
ENSP00000350283	rs41293459	cGg	cTg	R	L	1699 	.   0.27	3pxeB   53  R
ENSP00000350283	rs41293459	cGg	cTg	R	L	1699 	.   0.27	3pxeC   53  R
ENSP00000350283	rs41293459	cGg	cTg	R	L	1699 	.   0.27	3pxeD   51  R
ENSP00000350283	rs41293459	cGg	cTg	R	L	1699 	.   0.27	4ifiA   51  R
ENSP00000350283	rs41293459	cGg	cTg	R	L	1699 	.   0.27	4igkA   54  R
ENSP00000350283	rs41293459	cGg	cTg	R	L	1699 	.   0.27	4igkB   54  R
ENSP00000350283	rs41293459	cGg	cTg	R	L	1699 	.   0.27	4jluA   51  R
ENSP00000350283	rs41293459	cGg	cTg	R	L	1699 	.   0.27	4ofbA   51  R
ENSP00000350283	rs41293459	cGg	cTg	R	L	1699 	.   0.27	4u4aA   54  R
ENSP00000350283	rs41293459	cGg	cTg	R	L	1699 	.   0.27	4u4aB   54  R
ENSP00000350283	rs41293459	cGg	cTg	R	L	1699 	.   0.27	4u4aC   52  R
ENSP00000350283	rs41293459	cGg	cTg	R	L	1699 	.   0.27	4y18A   54  R
ENSP00000350283	rs41293459	cGg	cTg	R	L	1699 	.   0.27	4y18B   54  R
ENSP00000350283	rs41293459	cGg	cTg	R	L	1699 	.   0.27	4y18C   54  R
ENSP00000350283	rs41293459	cGg	cTg	R	L	1699 	.   0.27	4y18D   54  R
ENSP00000350283	rs41293459	cGg	cTg	R	L	1699 	.   0.27	4y18E   54  R
ENSP00000350283	rs41293459	cGg	cTg	R	L	1699 	.   0.27	4y18F   54  R
ENSP00000350283	rs41293459	cGg	cTg	R	L	1699 	.   0.27	4y18G   51  R
ENSP00000350283	rs41293459	cGg	cTg	R	L	1699 	.   0.27	4y18H   51  R
ENSP00000350283	rs41293459	cGg	cTg	R	L	1699 	.   0.27	4y2gA   54  R
ENSP00000350283	rs41293459	cGg	cCg	R	P	1699 	.   0.27	1jnxA   50  R
ENSP00000350283	rs41293459	cGg	cCg	R	P	1699 	.   0.27	1n5oA   50  R
ENSP00000350283	rs41293459	cGg	cCg	R	P	1699 	.   0.27	1t15A   51  R
ENSP00000350283	rs41293459	cGg	cCg	R	P	1699 	.   0.27	1t29A   51  R
ENSP00000350283	rs41293459	cGg	cCg	R	P	1699 	.   0.27	1t2uA   51  R
ENSP00000350283	rs41293459	cGg	cCg	R	P	1699 	.   0.27	1t2vA   51  R
ENSP00000350283	rs41293459	cGg	cCg	R	P	1699 	.   0.27	1t2vB   54  R
ENSP00000350283	rs41293459	cGg	cCg	R	P	1699 	.   0.27	1t2vC   51  R
ENSP00000350283	rs41293459	cGg	cCg	R	P	1699 	.   0.27	1t2vD   53  R
ENSP00000350283	rs41293459	cGg	cCg	R	P	1699 	.   0.27	1t2vE   51  R
ENSP00000350283	rs41293459	cGg	cCg	R	P	1699 	.   0.27	1y98A   51  R
ENSP00000350283	rs41293459	cGg	cCg	R	P	1699 	.   0.27	2ingA   50  R
ENSP00000350283	rs41293459	cGg	cCg	R	P	1699 	.   0.27	3cojA   51  R
ENSP00000350283	rs41293459	cGg	cCg	R	P	1699 	.   0.27	3cojB   51  R
ENSP00000350283	rs41293459	cGg	cCg	R	P	1699 	.   0.27	3cojC   51  R
ENSP00000350283	rs41293459	cGg	cCg	R	P	1699 	.   0.27	3cojD   51  R
ENSP00000350283	rs41293459	cGg	cCg	R	P	1699 	.   0.27	3cojE   50  R
ENSP00000350283	rs41293459	cGg	cCg	R	P	1699 	.   0.27	3cojF   50  R
ENSP00000350283	rs41293459	cGg	cCg	R	P	1699 	.   0.27	3cojG   50  R
ENSP00000350283	rs41293459	cGg	cCg	R	P	1699 	.   0.27	3cojH   51  R
ENSP00000350283	rs41293459	cGg	cCg	R	P	1699 	.   0.27	3k0hA   51  R
ENSP00000350283	rs41293459	cGg	cCg	R	P	1699 	.   0.27	3k0kA   51  R
ENSP00000350283	rs41293459	cGg	cCg	R	P	1699 	.   0.27	3k15A   51  R
ENSP00000350283	rs41293459	cGg	cCg	R	P	1699 	.   0.27	3k16A   51  R
ENSP00000350283	rs41293459	cGg	cCg	R	P	1699 	.   0.27	3pxaA   51  R
ENSP00000350283	rs41293459	cGg	cCg	R	P	1699 	.   0.27	3pxbA   51  R
ENSP00000350283	rs41293459	cGg	cCg	R	P	1699 	.   0.27	3pxcA   50  Q
ENSP00000350283	rs41293459	cGg	cCg	R	P	1699 	.   0.27	3pxdA   51  R
ENSP00000350283	rs41293459	cGg	cCg	R	P	1699 	.   0.27	3pxeA   53  R
ENSP00000350283	rs41293459	cGg	cCg	R	P	1699 	.   0.27	3pxeB   53  R
ENSP00000350283	rs41293459	cGg	cCg	R	P	1699 	.   0.27	3pxeC   53  R
ENSP00000350283	rs41293459	cGg	cCg	R	P	1699 	.   0.27	3pxeD   51  R
ENSP00000350283	rs41293459	cGg	cCg	R	P	1699 	.   0.27	4ifiA   51  R
ENSP00000350283	rs41293459	cGg	cCg	R	P	1699 	.   0.27	4igkA   54  R
ENSP00000350283	rs41293459	cGg	cCg	R	P	1699 	.   0.27	4igkB   54  R
ENSP00000350283	rs41293459	cGg	cCg	R	P	1699 	.   0.27	4jluA   51  R
ENSP00000350283	rs41293459	cGg	cCg	R	P	1699 	.   0.27	4ofbA   51  R
ENSP00000350283	rs41293459	cGg	cCg	R	P	1699 	.   0.27	4u4aA   54  R
ENSP00000350283	rs41293459	cGg	cCg	R	P	1699 	.   0.27	4u4aB   54  R
ENSP00000350283	rs41293459	cGg	cCg	R	P	1699 	.   0.27	4u4aC   52  R
ENSP00000350283	rs41293459	cGg	cCg	R	P	1699 	.   0.27	4y18A   54  R
ENSP00000350283	rs41293459	cGg	cCg	R	P	1699 	.   0.27	4y18B   54  R
ENSP00000350283	rs41293459	cGg	cCg	R	P	1699 	.   0.27	4y18C   54  R
ENSP00000350283	rs41293459	cGg	cCg	R	P	1699 	.   0.27	4y18D   54  R
ENSP00000350283	rs41293459	cGg	cCg	R	P	1699 	.   0.27	4y18E   54  R
ENSP00000350283	rs41293459	cGg	cCg	R	P	1699 	.   0.27	4y18F   54  R
ENSP00000350283	rs41293459	cGg	cCg	R	P	1699 	.   0.27	4y18G   51  R
ENSP00000350283	rs41293459	cGg	cCg	R	P	1699 	.   0.27	4y18H   51  R
ENSP00000350283	rs41293459	cGg	cCg	R	P	1699 	.   0.27	4y2gA   54  R
ENSP00000350283	rs41293459	cGg	cAg	R	Q	1699 	.   0.27	1jnxA   50  R
ENSP00000350283	rs41293459	cGg	cAg	R	Q	1699 	.   0.27	1n5oA   50  R
ENSP00000350283	rs41293459	cGg	cAg	R	Q	1699 	.   0.27	1t15A   51  R
ENSP00000350283	rs41293459	cGg	cAg	R	Q	1699 	.   0.27	1t29A   51  R
ENSP00000350283	rs41293459	cGg	cAg	R	Q	1699 	.   0.27	1t2uA   51  R
ENSP00000350283	rs41293459	cGg	cAg	R	Q	1699 	.   0.27	1t2vA   51  R
ENSP00000350283	rs41293459	cGg	cAg	R	Q	1699 	.   0.27	1t2vB   54  R
ENSP00000350283	rs41293459	cGg	cAg	R	Q	1699 	.   0.27	1t2vC   51  R
ENSP00000350283	rs41293459	cGg	cAg	R	Q	1699 	.   0.27	1t2vD   53  R
ENSP00000350283	rs41293459	cGg	cAg	R	Q	1699 	.   0.27	1t2vE   51  R
ENSP00000350283	rs41293459	cGg	cAg	R	Q	1699 	.   0.27	1y98A   51  R
ENSP00000350283	rs41293459	cGg	cAg	R	Q	1699 	.   0.27	2ingA   50  R
ENSP00000350283	rs41293459	cGg	cAg	R	Q	1699 	.   0.27	3cojA   51  R
ENSP00000350283	rs41293459	cGg	cAg	R	Q	1699 	.   0.27	3cojB   51  R
ENSP00000350283	rs41293459	cGg	cAg	R	Q	1699 	.   0.27	3cojC   51  R
ENSP00000350283	rs41293459	cGg	cAg	R	Q	1699 	.   0.27	3cojD   51  R
ENSP00000350283	rs41293459	cGg	cAg	R	Q	1699 	.   0.27	3cojE   50  R
ENSP00000350283	rs41293459	cGg	cAg	R	Q	1699 	.   0.27	3cojF   50  R
ENSP00000350283	rs41293459	cGg	cAg	R	Q	1699 	.   0.27	3cojG   50  R
ENSP00000350283	rs41293459	cGg	cAg	R	Q	1699 	.   0.27	3cojH   51  R
ENSP00000350283	rs41293459	cGg	cAg	R	Q	1699 	.   0.27	3k0hA   51  R
ENSP00000350283	rs41293459	cGg	cAg	R	Q	1699 	.   0.27	3k0kA   51  R
ENSP00000350283	rs41293459	cGg	cAg	R	Q	1699 	.   0.27	3k15A   51  R
ENSP00000350283	rs41293459	cGg	cAg	R	Q	1699 	.   0.27	3k16A   51  R
ENSP00000350283	rs41293459	cGg	cAg	R	Q	1699 	.   0.27	3pxaA   51  R
ENSP00000350283	rs41293459	cGg	cAg	R	Q	1699 	.   0.27	3pxbA   51  R
ENSP00000350283	rs41293459	cGg	cAg	R	Q	1699 	.   0.27	3pxcA   50  Q
ENSP00000350283	rs41293459	cGg	cAg	R	Q	1699 	.   0.27	3pxdA   51  R
ENSP00000350283	rs41293459	cGg	cAg	R	Q	1699 	.   0.27	3pxeA   53  R
ENSP00000350283	rs41293459	cGg	cAg	R	Q	1699 	.   0.27	3pxeB   53  R
ENSP00000350283	rs41293459	cGg	cAg	R	Q	1699 	.   0.27	3pxeC   53  R
ENSP00000350283	rs41293459	cGg	cAg	R	Q	1699 	.   0.27	3pxeD   51  R
ENSP00000350283	rs41293459	cGg	cAg	R	Q	1699 	.   0.27	4ifiA   51  R
ENSP00000350283	rs41293459	cGg	cAg	R	Q	1699 	.   0.27	4igkA   54  R
ENSP00000350283	rs41293459	cGg	cAg	R	Q	1699 	.   0.27	4igkB   54  R
ENSP00000350283	rs41293459	cGg	cAg	R	Q	1699 	.   0.27	4jluA   51  R
ENSP00000350283	rs41293459	cGg	cAg	R	Q	1699 	.   0.27	4ofbA   51  R
ENSP00000350283	rs41293459	cGg	cAg	R	Q	1699 	.   0.27	4u4aA   54  R
ENSP00000350283	rs41293459	cGg	cAg	R	Q	1699 	.   0.27	4u4aB   54  R
ENSP00000350283	rs41293459	cGg	cAg	R	Q	1699 	.   0.27	4u4aC   52  R
ENSP00000350283	rs41293459	cGg	cAg	R	Q	1699 	.   0.27	4y18A   54  R
ENSP00000350283	rs41293459	cGg	cAg	R	Q	1699 	.   0.27	4y18B   54  R
ENSP00000350283	rs41293459	cGg	cAg	R	Q	1699 	.   0.27	4y18C   54  R
ENSP00000350283	rs41293459	cGg	cAg	R	Q	1699 	.   0.27	4y18D   54  R
ENSP00000350283	rs41293459	cGg	cAg	R	Q	1699 	.   0.27	4y18E   54  R
ENSP00000350283	rs41293459	cGg	cAg	R	Q	1699 	.   0.27	4y18F   54  R
ENSP00000350283	rs41293459	cGg	cAg	R	Q	1699 	.   0.27	4y18G   51  R
ENSP00000350283	rs41293459	cGg	cAg	R	Q	1699 	.   0.27	4y18H   51  R
ENSP00000350283	rs41293459	cGg	cAg	R	Q	1699 	.   0.27	4y2gA   54  R
