ENSP00000354737	 rs3177253	atG	atT	M	I	17   	.   0.21	2cquA   24  M
ENSP00000354737	 rs3177253	atG	atA	M	I	17   	.   0.21	2cquA   24  M
ENSP00000354813	 rs2854122	Ttc	Ctc	F	L	124  	.   0.01	5xtcT  124  F
ENSP00000354813	rs28359178	Gca	Aca	A	T	458  	.   0.01	5xtcT  458  A
ENSP00000354813	rs28359179	Tac	Cac	Y	H	485  	.   0.11	5xtcT  485  Y
ENSP00000354816	  rs315952	agT	agA	S	R	96   	.   0.02	1ilrA   98  S
ENSP00000354816	  rs315952	agT	agA	S	R	96   	.   0.02	1ilrB   97  S
ENSP00000354816	  rs315952	agT	agA	S	R	96   	.   0.02	1iraA   99  S
ENSP00000354816	  rs315952	agT	agA	S	R	96   	.   0.02	1irpA  106  S
ENSP00000354816	  rs315952	agT	agC	S	S	96   	.   0.02	1ilrA   98  S
ENSP00000354816	  rs315952	agT	agC	S	S	96   	.   0.02	1ilrB   97  S
ENSP00000354816	  rs315952	agT	agC	S	S	96   	.   0.02	1iraA   99  S
ENSP00000354816	  rs315952	agT	agC	S	S	96   	.   0.02	1irpA  106  S
ENSP00000354845	  rs764291	ccA	ccG	P	P	939  	.   0.01	2yuxA   18  P
ENSP00000354849	  rs764291	ccA	ccG	P	P	939  	.   0.01	2yuxA   18  P
ENSP00000354932	rs41311400	ggC	ggT	G	G	676  	.   0.01	1fyvA   51  G
ENSP00000354932	rs41311400	ggC	ggT	G	G	676  	.   0.01	4om7A   42  G
ENSP00000354932	rs41311400	ggC	ggT	G	G	676  	.   0.01	4om7B   42  G
ENSP00000354932	rs41311400	ggC	ggA	G	G	676  	.   0.01	1fyvA   51  G
ENSP00000354932	rs41311400	ggC	ggA	G	G	676  	.   0.01	4om7A   42  G
ENSP00000354932	rs41311400	ggC	ggA	G	G	676  	.   0.01	4om7B   42  G
ENSP00000354947	    rs4808	ttC	ttT	F	F	33   	.   0.01	1iznA   27  F
ENSP00000354947	    rs4808	ttC	ttT	F	F	33   	.   0.01	1iznC   29  F
ENSP00000354947	    rs4808	ttC	ttT	F	F	33   	.   0.01	2kxpA   27  F
ENSP00000354947	    rs4808	ttC	ttT	F	F	33   	.   0.01	2kz7A   27  F
ENSP00000354947	    rs4808	ttC	ttT	F	F	33   	.   0.01	3aa0A   27  F
ENSP00000354947	    rs4808	ttC	ttT	F	F	33   	.   0.01	3aa1A   27  F
ENSP00000354947	    rs4808	ttC	ttT	F	F	33   	.   0.01	3aa6A   27  F
ENSP00000354947	    rs4808	ttC	ttT	F	F	33   	.   0.01	3aa7A   26  F
ENSP00000354947	    rs4808	ttC	ttT	F	F	33   	.   0.01	3aaaA   25  F
ENSP00000354947	    rs4808	ttC	ttT	F	F	33   	.   0.01	3aaeA   27  F
ENSP00000354947	    rs4808	ttC	ttT	F	F	33   	.   0.01	3aaeC   27  F
ENSP00000354947	    rs4808	ttC	ttT	F	F	33   	.   0.01	3aaeE   27  F
ENSP00000354947	    rs4808	ttC	ttT	F	F	33   	.   0.01	3aaeG   27  F
ENSP00000354947	    rs4808	ttC	ttT	F	F	33   	.   0.01	3aaeI   27  F
ENSP00000354947	    rs4808	ttC	ttT	F	F	33   	.   0.01	3lk2A   27  F
ENSP00000354947	    rs4808	ttC	ttT	F	F	33   	.   0.01	3lk3A   27  F
ENSP00000354947	    rs4808	ttC	ttT	F	F	33   	.   0.01	3lk4A   26  F
ENSP00000354947	    rs4808	ttC	ttT	F	F	33   	.   0.01	3lk4D   26  F
ENSP00000354947	    rs4808	ttC	ttT	F	F	33   	.   0.01	3lk4G   26  F
ENSP00000354947	    rs4808	ttC	ttT	F	F	33   	.   0.01	3lk4J   26  F
ENSP00000354947	    rs4808	ttC	ttT	F	F	33   	.   0.01	3lk4M   26  F
ENSP00000354947	    rs4808	ttC	ttT	F	F	33   	.   0.01	3lk4P   26  F
ENSP00000354947	    rs4808	ttC	ttT	F	F	33   	.   0.01	3lk4S   26  F
ENSP00000354947	    rs4808	ttC	ttT	F	F	33   	.   0.01	3lk4V   26  F
ENSP00000354947	    rs4808	ttC	ttT	F	F	33   	.   0.01	3lk4Y   26  F
ENSP00000354947	    rs4808	ttC	ttT	F	F	33   	.   0.01	5adxK   27  F
ENSP00000354947	    rs4808	ttC	ttT	F	F	33   	.   0.01	5afuQ   27  F
ENSP00000354947	    rs4808	ttC	ttT	F	F	33   	.   0.01	5nw4U   27  F
ENSP00000354947	    rs4808	ttC	ttT	F	F	33   	.   0.01	6f1tK   27  F
ENSP00000354947	    rs4808	ttC	ttT	F	F	33   	.   0.01	6f1uD   27  F
ENSP00000354947	    rs4808	ttC	ttT	F	F	33   	.   0.01	6f38K   27  F
ENSP00000354947	    rs4808	ttC	ttT	F	F	33   	.   0.01	6f3aK   27  F
ENSP00000354950	 rs7921598	acT	acC	T	T	421  	.   0.08	5t4mA  160  T
ENSP00000354950	 rs7921598	acT	acC	T	T	421  	.   0.08	5t4mB  151  T
ENSP00000354950	 rs7921598	acT	acC	T	T	421  	.   0.08	5t4nA  151  T
ENSP00000354950	 rs7921598	acT	acC	T	T	421  	.   0.08	5t4nB  151  T
ENSP00000354950	 rs7921598	acT	acC	T	T	421  	.   0.08	5w1dA   24  T
ENSP00000354959	 rs1046428	aTg	aCg	M	T	27   	.   0.01	1fw1A   78  T
ENSP00000354959	 rs1046428	aTg	aCg	M	T	27   	.   0.01	2cz2A   77  T
ENSP00000354959	 rs1046428	aTg	aCg	M	T	27   	.   0.01	2cz3A   57  T
ENSP00000354959	 rs1046428	aTg	aCg	M	T	27   	.   0.01	2cz3B   72  T
ENSP00000354959	 rs2234955	Aac	Cac	N	H	78   	.   0.01	1fw1A  129  N
ENSP00000354959	 rs2234955	Aac	Cac	N	H	78   	.   0.01	2cz2A  126  K
ENSP00000354959	 rs2234955	Aac	Cac	N	H	78   	.   0.01	2cz3A  106  K
ENSP00000354959	 rs2234955	Aac	Cac	N	H	78   	.   0.01	2cz3B  112  K
ENSP00000354961	 rs3088053	ctA	ctC	L	L	351  	.   0.01	5xtcY  351  L
ENSP00000354961	 rs3088053	ctA	ctG	L	L	351  	.   0.01	5xtcY  351  L
ENSP00000354961	 rs3088053	ctA	ctT	L	L	351  	.   0.01	5xtcY  351  L
ENSP00000354961	 rs2853497	tgG	tgA	W	W	416  	.   0.05	5xtcY  416  W
ENSP00000354961	rs28359169	Gcc	Acc	A	T	404  	.   0.01	5xtcY  404  A
ENSP00000354961	rs28359168	acA	acG	T	T	396  	.   0.01	5xtcY  396  T
ENSP00000355046	 rs3021088	Gcc	Acc	A	T	331  	*   0.86	5xtcQ  331  A
ENSP00000355046	 rs3902405	ctT	ctC	L	L	332  	*   0.88	5xtcQ  332  L
ENSP00000355136	  rs726176	ctA	ctG	L	L	809  	.   0.13	2moxA   22  L
ENSP00000355155	rs10989563	Gat	Aat	D	N	835  	.   0.07	2rc7A  211  D
ENSP00000355155	rs10989563	Gat	Aat	D	N	835  	.   0.07	2rc7B  211  D
ENSP00000355155	rs10989563	Gat	Aat	D	N	835  	.   0.07	2rc8A  211  D
ENSP00000355155	rs10989563	Gat	Aat	D	N	835  	.   0.07	2rc8B  211  D
ENSP00000355155	rs10989563	Gat	Aat	D	N	835  	.   0.07	2rc9A  211  D
ENSP00000355155	rs10989563	Gat	Aat	D	N	835  	.   0.07	2rc9B  211  D
ENSP00000355155	rs10512285	Ttg	Ctg	L	L	554  	.   0.31	2rc7A   43  L
ENSP00000355155	rs10512285	Ttg	Ctg	L	L	554  	.   0.31	2rc7B   43  L
ENSP00000355155	rs10512285	Ttg	Ctg	L	L	554  	.   0.31	2rc8A   43  L
ENSP00000355155	rs10512285	Ttg	Ctg	L	L	554  	.   0.31	2rc8B   43  L
ENSP00000355155	rs10512285	Ttg	Ctg	L	L	554  	.   0.31	2rc9A   43  L
ENSP00000355155	rs10512285	Ttg	Ctg	L	L	554  	.   0.31	2rc9B   43  L
ENSP00000355193	 rs2307240	aGc	aAc	S	N	75   	.   0.03	1k4yA   53  S
ENSP00000355193	 rs2307240	aGc	aAc	S	N	75   	.   0.03	1mx1A   55  S
ENSP00000355193	 rs2307240	aGc	aAc	S	N	75   	.   0.03	1mx1B   54  S
ENSP00000355193	 rs2307240	aGc	aAc	S	N	75   	.   0.03	1mx1C   54  S
ENSP00000355193	 rs2307240	aGc	aAc	S	N	75   	.   0.03	1mx1D   54  S
ENSP00000355193	 rs2307240	aGc	aAc	S	N	75   	.   0.03	1mx1E   54  S
ENSP00000355193	 rs2307240	aGc	aAc	S	N	75   	.   0.03	1mx1F   54  S
ENSP00000355193	 rs2307240	aGc	aAc	S	N	75   	.   0.03	1mx5A   55  S
ENSP00000355193	 rs2307240	aGc	aAc	S	N	75   	.   0.03	1mx5B   54  S
ENSP00000355193	 rs2307240	aGc	aAc	S	N	75   	.   0.03	1mx5C   54  S
ENSP00000355193	 rs2307240	aGc	aAc	S	N	75   	.   0.03	1mx5D   55  S
ENSP00000355193	 rs2307240	aGc	aAc	S	N	75   	.   0.03	1mx5E   54  S
ENSP00000355193	 rs2307240	aGc	aAc	S	N	75   	.   0.03	1mx5F   54  S
ENSP00000355193	 rs2307240	aGc	aAc	S	N	75   	.   0.03	1mx9A   55  S
ENSP00000355193	 rs2307240	aGc	aAc	S	N	75   	.   0.03	1mx9B   55  S
ENSP00000355193	 rs2307240	aGc	aAc	S	N	75   	.   0.03	1mx9C   54  S
ENSP00000355193	 rs2307240	aGc	aAc	S	N	75   	.   0.03	1mx9D   55  S
ENSP00000355193	 rs2307240	aGc	aAc	S	N	75   	.   0.03	1mx9E   54  S
ENSP00000355193	 rs2307240	aGc	aAc	S	N	75   	.   0.03	1mx9F   54  S
ENSP00000355193	 rs2307240	aGc	aAc	S	N	75   	.   0.03	1mx9G   55  S
ENSP00000355193	 rs2307240	aGc	aAc	S	N	75   	.   0.03	1mx9H   54  S
ENSP00000355193	 rs2307240	aGc	aAc	S	N	75   	.   0.03	1mx9I   54  S
ENSP00000355193	 rs2307240	aGc	aAc	S	N	75   	.   0.03	1mx9J   55  S
ENSP00000355193	 rs2307240	aGc	aAc	S	N	75   	.   0.03	1mx9K   54  S
ENSP00000355193	 rs2307240	aGc	aAc	S	N	75   	.   0.03	1mx9L   54  S
ENSP00000355193	 rs2307240	aGc	aAc	S	N	75   	.   0.03	1ya4A   54  S
ENSP00000355193	 rs2307240	aGc	aAc	S	N	75   	.   0.03	1ya4B   55  S
ENSP00000355193	 rs2307240	aGc	aAc	S	N	75   	.   0.03	1ya4C   55  S
ENSP00000355193	 rs2307240	aGc	aAc	S	N	75   	.   0.03	1ya8A   55  S
ENSP00000355193	 rs2307240	aGc	aAc	S	N	75   	.   0.03	1ya8B   55  S
ENSP00000355193	 rs2307240	aGc	aAc	S	N	75   	.   0.03	1ya8C   55  S
ENSP00000355193	 rs2307240	aGc	aAc	S	N	75   	.   0.03	1yahA   55  S
ENSP00000355193	 rs2307240	aGc	aAc	S	N	75   	.   0.03	1yahB   55  S
ENSP00000355193	 rs2307240	aGc	aAc	S	N	75   	.   0.03	1yahC   55  S
ENSP00000355193	 rs2307240	aGc	aAc	S	N	75   	.   0.03	1yajA   55  S
ENSP00000355193	 rs2307240	aGc	aAc	S	N	75   	.   0.03	1yajB   55  S
ENSP00000355193	 rs2307240	aGc	aAc	S	N	75   	.   0.03	1yajC   55  S
ENSP00000355193	 rs2307240	aGc	aAc	S	N	75   	.   0.03	1yajD   55  S
ENSP00000355193	 rs2307240	aGc	aAc	S	N	75   	.   0.03	1yajE   55  S
ENSP00000355193	 rs2307240	aGc	aAc	S	N	75   	.   0.03	1yajF   55  S
ENSP00000355193	 rs2307240	aGc	aAc	S	N	75   	.   0.03	1yajG   55  S
ENSP00000355193	 rs2307240	aGc	aAc	S	N	75   	.   0.03	1yajH   55  S
ENSP00000355193	 rs2307240	aGc	aAc	S	N	75   	.   0.03	1yajI   55  S
ENSP00000355193	 rs2307240	aGc	aAc	S	N	75   	.   0.03	1yajJ   55  S
ENSP00000355193	 rs2307240	aGc	aAc	S	N	75   	.   0.03	1yajK   55  S
ENSP00000355193	 rs2307240	aGc	aAc	S	N	75   	.   0.03	1yajL   55  S
ENSP00000355193	 rs2307240	aGc	aAc	S	N	75   	.   0.03	2dqyA   55  S
ENSP00000355193	 rs2307240	aGc	aAc	S	N	75   	.   0.03	2dqyB   55  S
ENSP00000355193	 rs2307240	aGc	aAc	S	N	75   	.   0.03	2dqyC   55  S
ENSP00000355193	 rs2307240	aGc	aAc	S	N	75   	.   0.03	2dqzA   55  S
ENSP00000355193	 rs2307240	aGc	aAc	S	N	75   	.   0.03	2dqzB   55  S
ENSP00000355193	 rs2307240	aGc	aAc	S	N	75   	.   0.03	2dqzC   55  S
ENSP00000355193	 rs2307240	aGc	aAc	S	N	75   	.   0.03	2dr0A   55  S
ENSP00000355193	 rs2307240	aGc	aAc	S	N	75   	.   0.03	2dr0B   55  S
ENSP00000355193	 rs2307240	aGc	aAc	S	N	75   	.   0.03	2dr0C   55  S
ENSP00000355193	 rs2307240	aGc	aAc	S	N	75   	.   0.03	2h7cA   55  S
ENSP00000355193	 rs2307240	aGc	aAc	S	N	75   	.   0.03	2h7cB   54  S
ENSP00000355193	 rs2307240	aGc	aAc	S	N	75   	.   0.03	2h7cC   54  S
ENSP00000355193	 rs2307240	aGc	aAc	S	N	75   	.   0.03	2h7cD   55  S
ENSP00000355193	 rs2307240	aGc	aAc	S	N	75   	.   0.03	2h7cE   54  S
ENSP00000355193	 rs2307240	aGc	aAc	S	N	75   	.   0.03	2h7cF   54  S
ENSP00000355193	 rs2307240	aGc	aAc	S	N	75   	.   0.03	2hrqA   55  S
ENSP00000355193	 rs2307240	aGc	aAc	S	N	75   	.   0.03	2hrqB   54  S
ENSP00000355193	 rs2307240	aGc	aAc	S	N	75   	.   0.03	2hrqC   54  S
ENSP00000355193	 rs2307240	aGc	aAc	S	N	75   	.   0.03	2hrqD   55  S
ENSP00000355193	 rs2307240	aGc	aAc	S	N	75   	.   0.03	2hrqE   54  S
ENSP00000355193	 rs2307240	aGc	aAc	S	N	75   	.   0.03	2hrqF   54  S
ENSP00000355193	 rs2307240	aGc	aAc	S	N	75   	.   0.03	2hrrA   55  S
ENSP00000355193	 rs2307240	aGc	aAc	S	N	75   	.   0.03	2hrrB   54  S
ENSP00000355193	 rs2307240	aGc	aAc	S	N	75   	.   0.03	2hrrC   54  S
ENSP00000355193	 rs2307240	aGc	aAc	S	N	75   	.   0.03	3k9bA   52  S
ENSP00000355193	 rs2307240	aGc	aAc	S	N	75   	.   0.03	3k9bB   52  S
ENSP00000355193	 rs2307240	aGc	aAc	S	N	75   	.   0.03	3k9bC   47  S
ENSP00000355193	 rs2307240	aGc	aAc	S	N	75   	.   0.03	4ab1A   54  S
ENSP00000355193	rs71647871	gGg	gAg	G	E	143  	.    0.0	1k4yA  121  G
ENSP00000355193	rs71647871	gGg	gAg	G	E	143  	.    0.0	1mx1A  123  G
ENSP00000355193	rs71647871	gGg	gAg	G	E	143  	.    0.0	1mx1B  122  G
ENSP00000355193	rs71647871	gGg	gAg	G	E	143  	.    0.0	1mx1C  122  G
ENSP00000355193	rs71647871	gGg	gAg	G	E	143  	.    0.0	1mx1D  122  G
ENSP00000355193	rs71647871	gGg	gAg	G	E	143  	.    0.0	1mx1E  122  G
ENSP00000355193	rs71647871	gGg	gAg	G	E	143  	.    0.0	1mx1F  122  G
ENSP00000355193	rs71647871	gGg	gAg	G	E	143  	.    0.0	1mx5A  123  G
ENSP00000355193	rs71647871	gGg	gAg	G	E	143  	.    0.0	1mx5B  122  G
ENSP00000355193	rs71647871	gGg	gAg	G	E	143  	.    0.0	1mx5C  122  G
ENSP00000355193	rs71647871	gGg	gAg	G	E	143  	.    0.0	1mx5D  123  G
ENSP00000355193	rs71647871	gGg	gAg	G	E	143  	.    0.0	1mx5E  122  G
ENSP00000355193	rs71647871	gGg	gAg	G	E	143  	.    0.0	1mx5F  122  G
ENSP00000355193	rs71647871	gGg	gAg	G	E	143  	.    0.0	1mx9A  123  G
ENSP00000355193	rs71647871	gGg	gAg	G	E	143  	.    0.0	1mx9B  123  G
ENSP00000355193	rs71647871	gGg	gAg	G	E	143  	.    0.0	1mx9C  122  G
ENSP00000355193	rs71647871	gGg	gAg	G	E	143  	.    0.0	1mx9D  123  G
ENSP00000355193	rs71647871	gGg	gAg	G	E	143  	.    0.0	1mx9E  122  G
ENSP00000355193	rs71647871	gGg	gAg	G	E	143  	.    0.0	1mx9F  122  G
ENSP00000355193	rs71647871	gGg	gAg	G	E	143  	.    0.0	1mx9G  123  G
ENSP00000355193	rs71647871	gGg	gAg	G	E	143  	.    0.0	1mx9H  122  G
ENSP00000355193	rs71647871	gGg	gAg	G	E	143  	.    0.0	1mx9I  122  G
ENSP00000355193	rs71647871	gGg	gAg	G	E	143  	.    0.0	1mx9J  123  G
ENSP00000355193	rs71647871	gGg	gAg	G	E	143  	.    0.0	1mx9K  122  G
ENSP00000355193	rs71647871	gGg	gAg	G	E	143  	.    0.0	1mx9L  122  G
ENSP00000355193	rs71647871	gGg	gAg	G	E	143  	.    0.0	1ya4A  122  G
ENSP00000355193	rs71647871	gGg	gAg	G	E	143  	.    0.0	1ya4B  123  G
ENSP00000355193	rs71647871	gGg	gAg	G	E	143  	.    0.0	1ya4C  123  G
ENSP00000355193	rs71647871	gGg	gAg	G	E	143  	.    0.0	1ya8A  123  G
ENSP00000355193	rs71647871	gGg	gAg	G	E	143  	.    0.0	1ya8B  123  G
ENSP00000355193	rs71647871	gGg	gAg	G	E	143  	.    0.0	1ya8C  123  G
ENSP00000355193	rs71647871	gGg	gAg	G	E	143  	.    0.0	1yahA  123  G
ENSP00000355193	rs71647871	gGg	gAg	G	E	143  	.    0.0	1yahB  123  G
ENSP00000355193	rs71647871	gGg	gAg	G	E	143  	.    0.0	1yahC  123  G
ENSP00000355193	rs71647871	gGg	gAg	G	E	143  	.    0.0	1yajA  123  G
ENSP00000355193	rs71647871	gGg	gAg	G	E	143  	.    0.0	1yajB  123  G
ENSP00000355193	rs71647871	gGg	gAg	G	E	143  	.    0.0	1yajC  123  G
ENSP00000355193	rs71647871	gGg	gAg	G	E	143  	.    0.0	1yajD  123  G
ENSP00000355193	rs71647871	gGg	gAg	G	E	143  	.    0.0	1yajE  123  G
ENSP00000355193	rs71647871	gGg	gAg	G	E	143  	.    0.0	1yajF  123  G
ENSP00000355193	rs71647871	gGg	gAg	G	E	143  	.    0.0	1yajG  123  G
ENSP00000355193	rs71647871	gGg	gAg	G	E	143  	.    0.0	1yajH  123  G
ENSP00000355193	rs71647871	gGg	gAg	G	E	143  	.    0.0	1yajI  123  G
ENSP00000355193	rs71647871	gGg	gAg	G	E	143  	.    0.0	1yajJ  123  G
ENSP00000355193	rs71647871	gGg	gAg	G	E	143  	.    0.0	1yajK  123  G
ENSP00000355193	rs71647871	gGg	gAg	G	E	143  	.    0.0	1yajL  123  G
ENSP00000355193	rs71647871	gGg	gAg	G	E	143  	.    0.0	2dqyA  123  G
ENSP00000355193	rs71647871	gGg	gAg	G	E	143  	.    0.0	2dqyB  123  G
ENSP00000355193	rs71647871	gGg	gAg	G	E	143  	.    0.0	2dqyC  123  G
ENSP00000355193	rs71647871	gGg	gAg	G	E	143  	.    0.0	2dqzA  123  G
ENSP00000355193	rs71647871	gGg	gAg	G	E	143  	.    0.0	2dqzB  123  G
ENSP00000355193	rs71647871	gGg	gAg	G	E	143  	.    0.0	2dqzC  123  G
ENSP00000355193	rs71647871	gGg	gAg	G	E	143  	.    0.0	2dr0A  123  G
ENSP00000355193	rs71647871	gGg	gAg	G	E	143  	.    0.0	2dr0B  123  G
ENSP00000355193	rs71647871	gGg	gAg	G	E	143  	.    0.0	2dr0C  123  G
ENSP00000355193	rs71647871	gGg	gAg	G	E	143  	.    0.0	2h7cA  123  G
ENSP00000355193	rs71647871	gGg	gAg	G	E	143  	.    0.0	2h7cB  122  G
ENSP00000355193	rs71647871	gGg	gAg	G	E	143  	.    0.0	2h7cC  122  G
ENSP00000355193	rs71647871	gGg	gAg	G	E	143  	.    0.0	2h7cD  123  G
ENSP00000355193	rs71647871	gGg	gAg	G	E	143  	.    0.0	2h7cE  122  G
ENSP00000355193	rs71647871	gGg	gAg	G	E	143  	.    0.0	2h7cF  122  G
ENSP00000355193	rs71647871	gGg	gAg	G	E	143  	.    0.0	2hrqA  123  G
ENSP00000355193	rs71647871	gGg	gAg	G	E	143  	.    0.0	2hrqB  122  G
ENSP00000355193	rs71647871	gGg	gAg	G	E	143  	.    0.0	2hrqC  122  G
ENSP00000355193	rs71647871	gGg	gAg	G	E	143  	.    0.0	2hrqD  123  G
ENSP00000355193	rs71647871	gGg	gAg	G	E	143  	.    0.0	2hrqE  122  G
ENSP00000355193	rs71647871	gGg	gAg	G	E	143  	.    0.0	2hrqF  122  G
ENSP00000355193	rs71647871	gGg	gAg	G	E	143  	.    0.0	2hrrA  123  G
ENSP00000355193	rs71647871	gGg	gAg	G	E	143  	.    0.0	2hrrB  122  G
ENSP00000355193	rs71647871	gGg	gAg	G	E	143  	.    0.0	2hrrC  122  G
ENSP00000355193	rs71647871	gGg	gAg	G	E	143  	.    0.0	3k9bA  120  G
ENSP00000355193	rs71647871	gGg	gAg	G	E	143  	.    0.0	3k9bB  120  G
ENSP00000355193	rs71647871	gGg	gAg	G	E	143  	.    0.0	3k9bC  115  G
ENSP00000355193	rs71647871	gGg	gAg	G	E	143  	.    0.0	4ab1A  122  G
ENSP00000355206	 rs2853826	Acc	Gcc	T	A	114  	.   0.14	5xtcR  114  A
ENSP00000355206	 rs3899188	atT	atC	I	I	19   	.   0.23	5xtcR   19  I
ENSP00000355234	 rs3746248	gaG	gaA	E	E	154  	.   0.16	5lf5A  135  E
ENSP00000355234	 rs3746248	gaG	gaA	E	E	154  	.   0.16	5lfrA  133  E
ENSP00000355234	 rs3746248	gaG	gaA	E	E	154  	.   0.16	5lfrB  135  E
ENSP00000355234	 rs3746248	gaG	gaA	E	E	154  	.   0.16	5lfuA  135  E
ENSP00000355234	 rs3746248	gaG	gaA	E	E	154  	.   0.16	5lfvA  132  E
ENSP00000355234	 rs3746248	gaG	gaA	E	E	154  	.   0.16	5lfvB  136  E
ENSP00000355237	rs34750098	aaT	aaC	N	N	331  	.   0.14	3qfvA  330  N
ENSP00000355237	rs34750098	aaT	aaC	N	N	331  	.   0.14	3qfvB  330  N
ENSP00000355237	rs34750098	aaT	aaC	N	N	331  	.   0.14	3tkuA  330  N
ENSP00000355237	rs34750098	aaT	aaC	N	N	331  	.   0.14	3tkuB  330  N
ENSP00000355237	rs34750098	aaT	aaC	N	N	331  	.   0.14	4aw2A  331  N
ENSP00000355237	rs34750098	aaT	aaC	N	N	331  	.   0.14	4uakA  333  N
ENSP00000355237	rs34750098	aaT	aaC	N	N	331  	.   0.14	4ualA  328  N
ENSP00000355237	rs34750098	aaT	aaC	N	N	331  	.   0.14	5oteA  331  N
ENSP00000355237	rs34750098	aaT	aaC	N	N	331  	.   0.14	5otfA  333  N
ENSP00000355292	rs41313880	cgC	cgT	R	R	119  	.   0.02	1ufgA   55  R
ENSP00000355330	 rs2076390	ctG	ctA	L	L	291  	.   0.02	1kv3A  255  L
ENSP00000355330	 rs2076390	ctG	ctA	L	L	291  	.   0.02	1kv3B  255  L
ENSP00000355330	 rs2076390	ctG	ctA	L	L	291  	.   0.02	1kv3C  255  L
ENSP00000355330	 rs2076390	ctG	ctA	L	L	291  	.   0.02	1kv3D  255  L
ENSP00000355330	 rs2076390	ctG	ctA	L	L	291  	.   0.02	1kv3E  255  L
ENSP00000355330	 rs2076390	ctG	ctA	L	L	291  	.   0.02	1kv3F  255  L
ENSP00000355330	 rs2076390	ctG	ctA	L	L	291  	.   0.02	2q3zA  291  L
ENSP00000355330	 rs2076390	ctG	ctA	L	L	291  	.   0.02	3ly6A  286  L
ENSP00000355330	 rs2076390	ctG	ctA	L	L	291  	.   0.02	3ly6B  286  L
ENSP00000355330	 rs2076390	ctG	ctA	L	L	291  	.   0.02	3ly6C  286  L
ENSP00000355330	 rs2076390	ctG	ctA	L	L	291  	.   0.02	3s3jA  290  L
ENSP00000355330	 rs2076390	ctG	ctA	L	L	291  	.   0.02	3s3pA  267  L
ENSP00000355330	 rs2076390	ctG	ctA	L	L	291  	.   0.02	3s3sA  266  L
ENSP00000355330	 rs2076390	ctG	ctA	L	L	291  	.   0.02	4pygA  288  L
ENSP00000355330	 rs2076390	ctG	ctA	L	L	291  	.   0.02	4pygB  288  L
ENSP00000355330	 rs2076390	ctG	ctA	L	L	291  	.   0.02	4pygC  288  L
ENSP00000355398	rs17019360	gtT	gtA	V	V	216  	.   0.15	1h6gA  221  P
ENSP00000355398	rs17019360	gtT	gtA	V	V	216  	.   0.15	1h6gB  207  P
ENSP00000355398	rs17019360	gtT	gtA	V	V	216  	.   0.15	4iggA  521  P
ENSP00000355398	rs17019360	gtT	gtA	V	V	216  	.   0.15	4iggB  521  P
ENSP00000355398	rs17019360	gtT	gtA	V	V	216  	.   0.15	4k1nA  491  P
ENSP00000355398	rs17019360	gtT	gtA	V	V	216  	.   0.15	4k1nB  491  P
ENSP00000355398	rs17019360	gtT	gtA	V	V	216  	.   0.15	5xflB  330  V
ENSP00000355398	rs17019360	gtT	gtA	V	V	216  	.   0.15	5xflC  330  V
ENSP00000355398	rs17019360	gtT	gtC	V	V	216  	.   0.15	1h6gA  221  P
ENSP00000355398	rs17019360	gtT	gtC	V	V	216  	.   0.15	1h6gB  207  P
ENSP00000355398	rs17019360	gtT	gtC	V	V	216  	.   0.15	4iggA  521  P
ENSP00000355398	rs17019360	gtT	gtC	V	V	216  	.   0.15	4iggB  521  P
ENSP00000355398	rs17019360	gtT	gtC	V	V	216  	.   0.15	4k1nA  491  P
ENSP00000355398	rs17019360	gtT	gtC	V	V	216  	.   0.15	4k1nB  491  P
ENSP00000355398	rs17019360	gtT	gtC	V	V	216  	.   0.15	5xflB  330  V
ENSP00000355398	rs17019360	gtT	gtC	V	V	216  	.   0.15	5xflC  330  V
ENSP00000355506	 rs4149909	aAc	aGc	N	S	279  	.   0.01	3qe9A  278  N
ENSP00000355506	 rs4149909	aAc	aGc	N	S	279  	.   0.01	3qe9D  278  N
ENSP00000355506	 rs4149909	aAc	aGc	N	S	279  	.   0.01	3qeaA  278  N
ENSP00000355506	 rs4149909	aAc	aGc	N	S	279  	.   0.01	3qebA  278  N
ENSP00000355506	 rs4149909	aAc	aGc	N	S	279  	.   0.01	5uzvA  278  N
ENSP00000355506	 rs4149909	aAc	aGc	N	S	279  	.   0.01	5v04A  278  N
ENSP00000355506	 rs4149909	aAc	aGc	N	S	279  	.   0.01	5v05A  278  N
ENSP00000355506	 rs4149909	aAc	aGc	N	S	279  	.   0.01	5v06A  278  N
ENSP00000355506	 rs4149909	aAc	aGc	N	S	279  	.   0.01	5v07A  278  N
ENSP00000355506	 rs4149909	aAc	aGc	N	S	279  	.   0.01	5v08A  277  N
ENSP00000355506	 rs4149909	aAc	aGc	N	S	279  	.   0.01	5v09A  278  N
ENSP00000355506	 rs4149909	aAc	aGc	N	S	279  	.   0.01	5v0aA  278  N
ENSP00000355506	 rs4149909	aAc	aGc	N	S	279  	.   0.01	5v0bA  278  N
ENSP00000355506	 rs4149909	aAc	aGc	N	S	279  	.   0.01	5v0cA  278  N
ENSP00000355506	 rs4149909	aAc	aGc	N	S	279  	.   0.01	5v0dA  278  N
ENSP00000355506	 rs4149909	aAc	aGc	N	S	279  	.   0.01	5v0eA  278  N
ENSP00000355506	 rs4149909	aAc	aTc	N	I	279  	.   0.01	3qe9A  278  N
ENSP00000355506	 rs4149909	aAc	aTc	N	I	279  	.   0.01	3qe9D  278  N
ENSP00000355506	 rs4149909	aAc	aTc	N	I	279  	.   0.01	3qeaA  278  N
ENSP00000355506	 rs4149909	aAc	aTc	N	I	279  	.   0.01	3qebA  278  N
ENSP00000355506	 rs4149909	aAc	aTc	N	I	279  	.   0.01	5uzvA  278  N
ENSP00000355506	 rs4149909	aAc	aTc	N	I	279  	.   0.01	5v04A  278  N
ENSP00000355506	 rs4149909	aAc	aTc	N	I	279  	.   0.01	5v05A  278  N
ENSP00000355506	 rs4149909	aAc	aTc	N	I	279  	.   0.01	5v06A  278  N
ENSP00000355506	 rs4149909	aAc	aTc	N	I	279  	.   0.01	5v07A  278  N
ENSP00000355506	 rs4149909	aAc	aTc	N	I	279  	.   0.01	5v08A  277  N
ENSP00000355506	 rs4149909	aAc	aTc	N	I	279  	.   0.01	5v09A  278  N
ENSP00000355506	 rs4149909	aAc	aTc	N	I	279  	.   0.01	5v0aA  278  N
ENSP00000355506	 rs4149909	aAc	aTc	N	I	279  	.   0.01	5v0bA  278  N
ENSP00000355506	 rs4149909	aAc	aTc	N	I	279  	.   0.01	5v0cA  278  N
ENSP00000355506	 rs4149909	aAc	aTc	N	I	279  	.   0.01	5v0dA  278  N
ENSP00000355506	 rs4149909	aAc	aTc	N	I	279  	.   0.01	5v0eA  278  N
ENSP00000355513	 rs1053230	Cgc	Tgc	R	C	138  	.   0.06	5x68A  232  L
ENSP00000355513	 rs1053230	Cgc	Tgc	R	C	138  	.   0.06	5x68B  234  L
ENSP00000355535	rs61736440	gAt	gGt	D	G	175  	.   0.02	4cczA  581  D
ENSP00000355535	rs61736326	cGc	cAc	R	H	718  	.   0.04	2o2kA  233  R
ENSP00000355535	rs61736326	cGc	cAc	R	H	718  	.   0.04	2o2kB  233  R
ENSP00000355535	rs61739582	aAt	aGt	N	S	776  	.   0.01	2o2kA  291  N
ENSP00000355535	rs61739582	aAt	aGt	N	S	776  	.   0.01	2o2kB  291  N
ENSP00000355535	rs11799647	Att	Gtt	I	V	813  	.   0.15	2o2kA  328  I
ENSP00000355535	rs11799647	Att	Gtt	I	V	813  	.   0.15	2o2kB  328  I
ENSP00000355535	rs76418646	ccC	ccT	P	P	812  	.   0.14	2o2kA  327  P
ENSP00000355535	rs76418646	ccC	ccT	P	P	812  	.   0.14	2o2kB  327  P
ENSP00000355536	rs61736442	cCg	cTg	P	L	62   	.   0.07	4cczA   45  P
ENSP00000355536	rs61736441	Gtt	Att	V	I	229  	.   0.03	4cczA  210  V
ENSP00000355536	rs74767314	Aca	Cca	T	P	279  	.   0.01	4cczA  260  T
ENSP00000355536	rs61736440	gAt	gGt	D	G	621  	.   0.02	4cczA  581  D
ENSP00000355536	rs61736326	cGc	cAc	R	H	1164 	.   0.04	2o2kA  233  R
ENSP00000355536	rs61736326	cGc	cAc	R	H	1164 	.   0.04	2o2kB  233  R
ENSP00000355536	rs61739582	aAt	aGt	N	S	1222 	.   0.02	2o2kA  291  N
ENSP00000355536	rs61739582	aAt	aGt	N	S	1222 	.   0.02	2o2kB  291  N
ENSP00000355536	rs11799647	Att	Gtt	I	V	1259 	.   0.14	2o2kA  328  I
ENSP00000355536	rs11799647	Att	Gtt	I	V	1259 	.   0.14	2o2kB  328  I
ENSP00000355536	rs76418646	ccC	ccT	P	P	1258 	.   0.17	2o2kA  327  P
ENSP00000355536	rs76418646	ccC	ccT	P	P	1258 	.   0.17	2o2kB  327  P
ENSP00000355554	 rs3738525	Ttg	Ctg	L	L	930  	.   0.01	1npeA  121  L
ENSP00000355556	   rs14326	gcT	gcG	A	A	38   	.   0.01	1omwC   27  A
ENSP00000355556	   rs14326	gcT	gcG	A	A	38   	.   0.01	3cikC   27  A
ENSP00000355556	   rs14326	gcT	gcG	A	A	38   	.   0.01	3krwC   27  A
ENSP00000355556	   rs14326	gcT	gcG	A	A	38   	.   0.01	3krxC   27  A
ENSP00000355556	   rs14326	gcT	gcG	A	A	38   	.   0.01	3pscC   27  A
ENSP00000355556	   rs14326	gcT	gcG	A	A	38   	.   0.01	3pvuC   27  A
ENSP00000355556	   rs14326	gcT	gcG	A	A	38   	.   0.01	3pvwC   27  A
ENSP00000355556	   rs14326	gcT	gcG	A	A	38   	.   0.01	3v5wC   27  A
ENSP00000355556	   rs14326	gcT	gcG	A	A	38   	.   0.01	4kfmC   27  A
ENSP00000355556	   rs14326	gcT	gcG	A	A	38   	.   0.01	5tdhC   27  A
ENSP00000355556	   rs14326	gcT	gcG	A	A	38   	.   0.01	5tdhF   27  A
ENSP00000355556	   rs14326	gcT	gcG	A	A	38   	.   0.01	5ukkC   27  A
ENSP00000355556	   rs14326	gcT	gcG	A	A	38   	.   0.01	5uklC   27  A
ENSP00000355556	   rs14326	gcT	gcG	A	A	38   	.   0.01	5ukmC   27  A
ENSP00000355556	   rs14326	gcT	gcG	A	A	38   	.   0.01	5uz7C   27  A
ENSP00000355556	   rs14326	gcT	gcC	A	A	38   	.   0.01	1omwC   27  A
ENSP00000355556	   rs14326	gcT	gcC	A	A	38   	.   0.01	3cikC   27  A
ENSP00000355556	   rs14326	gcT	gcC	A	A	38   	.   0.01	3krwC   27  A
ENSP00000355556	   rs14326	gcT	gcC	A	A	38   	.   0.01	3krxC   27  A
ENSP00000355556	   rs14326	gcT	gcC	A	A	38   	.   0.01	3pscC   27  A
ENSP00000355556	   rs14326	gcT	gcC	A	A	38   	.   0.01	3pvuC   27  A
ENSP00000355556	   rs14326	gcT	gcC	A	A	38   	.   0.01	3pvwC   27  A
ENSP00000355556	   rs14326	gcT	gcC	A	A	38   	.   0.01	3v5wC   27  A
ENSP00000355556	   rs14326	gcT	gcC	A	A	38   	.   0.01	4kfmC   27  A
ENSP00000355556	   rs14326	gcT	gcC	A	A	38   	.   0.01	5tdhC   27  A
ENSP00000355556	   rs14326	gcT	gcC	A	A	38   	.   0.01	5tdhF   27  A
ENSP00000355556	   rs14326	gcT	gcC	A	A	38   	.   0.01	5ukkC   27  A
ENSP00000355556	   rs14326	gcT	gcC	A	A	38   	.   0.01	5uklC   27  A
ENSP00000355556	   rs14326	gcT	gcC	A	A	38   	.   0.01	5ukmC   27  A
ENSP00000355556	   rs14326	gcT	gcC	A	A	38   	.   0.01	5uz7C   27  A
ENSP00000355557	   rs14326	gcT	gcG	A	A	38   	.   0.01	1omwC   27  A
ENSP00000355557	   rs14326	gcT	gcG	A	A	38   	.   0.01	3cikC   27  A
ENSP00000355557	   rs14326	gcT	gcG	A	A	38   	.   0.01	3krwC   27  A
ENSP00000355557	   rs14326	gcT	gcG	A	A	38   	.   0.01	3krxC   27  A
ENSP00000355557	   rs14326	gcT	gcG	A	A	38   	.   0.01	3pscC   27  A
ENSP00000355557	   rs14326	gcT	gcG	A	A	38   	.   0.01	3pvuC   27  A
ENSP00000355557	   rs14326	gcT	gcG	A	A	38   	.   0.01	3pvwC   27  A
ENSP00000355557	   rs14326	gcT	gcG	A	A	38   	.   0.01	3v5wC   27  A
ENSP00000355557	   rs14326	gcT	gcG	A	A	38   	.   0.01	4kfmC   27  A
ENSP00000355557	   rs14326	gcT	gcG	A	A	38   	.   0.01	5tdhC   27  A
ENSP00000355557	   rs14326	gcT	gcG	A	A	38   	.   0.01	5tdhF   27  A
ENSP00000355557	   rs14326	gcT	gcG	A	A	38   	.   0.01	5ukkC   27  A
ENSP00000355557	   rs14326	gcT	gcG	A	A	38   	.   0.01	5uklC   27  A
ENSP00000355557	   rs14326	gcT	gcG	A	A	38   	.   0.01	5ukmC   27  A
ENSP00000355557	   rs14326	gcT	gcG	A	A	38   	.   0.01	5uz7C   27  A
ENSP00000355557	   rs14326	gcT	gcC	A	A	38   	.   0.01	1omwC   27  A
ENSP00000355557	   rs14326	gcT	gcC	A	A	38   	.   0.01	3cikC   27  A
ENSP00000355557	   rs14326	gcT	gcC	A	A	38   	.   0.01	3krwC   27  A
ENSP00000355557	   rs14326	gcT	gcC	A	A	38   	.   0.01	3krxC   27  A
ENSP00000355557	   rs14326	gcT	gcC	A	A	38   	.   0.01	3pscC   27  A
ENSP00000355557	   rs14326	gcT	gcC	A	A	38   	.   0.01	3pvuC   27  A
ENSP00000355557	   rs14326	gcT	gcC	A	A	38   	.   0.01	3pvwC   27  A
ENSP00000355557	   rs14326	gcT	gcC	A	A	38   	.   0.01	3v5wC   27  A
ENSP00000355557	   rs14326	gcT	gcC	A	A	38   	.   0.01	4kfmC   27  A
ENSP00000355557	   rs14326	gcT	gcC	A	A	38   	.   0.01	5tdhC   27  A
ENSP00000355557	   rs14326	gcT	gcC	A	A	38   	.   0.01	5tdhF   27  A
ENSP00000355557	   rs14326	gcT	gcC	A	A	38   	.   0.01	5ukkC   27  A
ENSP00000355557	   rs14326	gcT	gcC	A	A	38   	.   0.01	5uklC   27  A
ENSP00000355557	   rs14326	gcT	gcC	A	A	38   	.   0.01	5ukmC   27  A
ENSP00000355557	   rs14326	gcT	gcC	A	A	38   	.   0.01	5uz7C   27  A
ENSP00000355626	rs28359647	Gct	Act	A	T	176  	.   0.11	1zivA  210  A
ENSP00000355626	rs28359647	Gct	Act	A	T	176  	.   0.11	2p0rA  221  A
ENSP00000355626	rs28359647	Gct	Act	A	T	176  	.   0.11	2p0rB  221  A
ENSP00000355627	     rs699	aTg	aCg	M	T	268  	.   0.05	2wxwA  236  M
ENSP00000355627	     rs699	aTg	aCg	M	T	268  	.   0.05	2x0bB  221  M
ENSP00000355627	     rs699	aTg	aCg	M	T	268  	.   0.05	2x0bD  221  M
ENSP00000355627	     rs699	aTg	aCg	M	T	268  	.   0.05	2x0bF  221  M
ENSP00000355627	     rs699	aTg	aCg	M	T	268  	.   0.05	2x0bH  221  M
ENSP00000355627	     rs699	aTg	aCg	M	T	268  	.   0.05	5m3yA  217  M
ENSP00000355627	 rs1805090	Ctg	Atg	L	M	392  	.   0.02	2wxwA  360  L
ENSP00000355627	 rs1805090	Ctg	Atg	L	M	392  	.   0.02	2x0bB  345  L
ENSP00000355627	 rs1805090	Ctg	Atg	L	M	392  	.   0.02	2x0bD  345  L
ENSP00000355627	 rs1805090	Ctg	Atg	L	M	392  	.   0.02	2x0bF  345  L
ENSP00000355627	 rs1805090	Ctg	Atg	L	M	392  	.   0.02	2x0bH  345  L
ENSP00000355627	 rs1805090	Ctg	Atg	L	M	392  	.   0.02	5m3xA  307  L
ENSP00000355627	 rs1805090	Ctg	Atg	L	M	392  	.   0.02	5m3xB  310  L
ENSP00000355627	 rs1805090	Ctg	Atg	L	M	392  	.   0.02	5m3yA  341  L
ENSP00000355632	 rs3748006	gaT	gaC	D	D	275  	.   0.01	2ffuA  201  D
ENSP00000355632	 rs3748006	gaT	gaC	D	D	275  	.   0.01	2ffvA  196  D
ENSP00000355632	 rs3748006	gaT	gaC	D	D	275  	.   0.01	2ffvB  188  D
ENSP00000355632	 rs3748006	gaT	gaC	D	D	275  	.   0.01	4d0tA  201  D
ENSP00000355632	 rs3748006	gaT	gaC	D	D	275  	.   0.01	4d0tB  201  D
ENSP00000355632	 rs3748006	gaT	gaC	D	D	275  	.   0.01	4d0tC  201  D
ENSP00000355632	 rs3748006	gaT	gaC	D	D	275  	.   0.01	4d0tD  201  D
ENSP00000355632	 rs3748006	gaT	gaC	D	D	275  	.   0.01	4d0tE  201  D
ENSP00000355632	 rs3748006	gaT	gaC	D	D	275  	.   0.01	4d0tF  201  D
ENSP00000355632	 rs3748006	gaT	gaC	D	D	275  	.   0.01	4d0zA  201  D
ENSP00000355632	 rs3748006	gaT	gaC	D	D	275  	.   0.01	4d0zB  201  D
ENSP00000355632	 rs3748006	gaT	gaC	D	D	275  	.   0.01	4d0zC  196  D
ENSP00000355632	 rs3748006	gaT	gaC	D	D	275  	.   0.01	4d0zD  201  D
ENSP00000355632	 rs3748006	gaT	gaC	D	D	275  	.   0.01	4d0zE  201  D
ENSP00000355632	 rs3748006	gaT	gaC	D	D	275  	.   0.01	4d0zF  197  D
ENSP00000355632	 rs3748006	gaT	gaC	D	D	275  	.   0.01	4d11A  201  D
ENSP00000355632	 rs3748006	gaT	gaC	D	D	275  	.   0.01	4d11B  194  D
ENSP00000355632	 rs3748006	gaT	gaC	D	D	275  	.   0.01	4d11C  194  D
ENSP00000355632	 rs3748006	gaT	gaC	D	D	275  	.   0.01	4d11D  201  D
ENSP00000355632	 rs3748006	gaT	gaC	D	D	275  	.   0.01	4d11E  201  D
ENSP00000355632	 rs3748006	gaT	gaC	D	D	275  	.   0.01	4d11F  189  D
ENSP00000355632	 rs3748006	gaT	gaC	D	D	275  	.   0.01	5ajnA  201  D
ENSP00000355632	 rs3748006	gaT	gaC	D	D	275  	.   0.01	5ajoA  201  D
ENSP00000355632	 rs3748006	gaT	gaC	D	D	275  	.   0.01	5ajpA  201  D
ENSP00000355632	 rs3748006	gaT	gaC	D	D	275  	.   0.01	5fv9A  201  D
ENSP00000355632	 rs3748006	gaT	gaC	D	D	275  	.   0.01	5fv9B  201  D
ENSP00000355632	 rs3748006	gaT	gaC	D	D	275  	.   0.01	5fv9C  201  D
ENSP00000355632	 rs3748006	gaT	gaC	D	D	275  	.   0.01	5fv9D  201  D
ENSP00000355632	 rs3748006	gaT	gaC	D	D	275  	.   0.01	5fv9E  201  D
ENSP00000355632	 rs3748006	gaT	gaC	D	D	275  	.   0.01	5fv9F  201  D
ENSP00000355632	 rs3748006	gaT	gaC	D	D	275  	.   0.01	5ndfA  201  D
ENSP00000355632	 rs3748006	gaT	gaC	D	D	275  	.   0.01	5ndfB  201  D
ENSP00000355632	 rs3748006	gaT	gaC	D	D	275  	.   0.01	5ndfC  201  D
ENSP00000355632	 rs3748006	gaT	gaC	D	D	275  	.   0.01	5ndfD  201  D
ENSP00000355632	 rs3748006	gaT	gaC	D	D	275  	.   0.01	5ndfE  201  D
ENSP00000355632	 rs3748006	gaT	gaC	D	D	275  	.   0.01	5ndfF  201  D
ENSP00000355632	 rs3748006	gaT	gaC	D	D	275  	.   0.01	6egsA  188  D
ENSP00000355632	 rs3748006	gaT	gaC	D	D	275  	.   0.01	6egsB  186  D
ENSP00000355637	 rs3738187	tcC	tcT	S	S	301  	.   0.23	3zdqA  149  S
ENSP00000355637	 rs3738187	tcC	tcT	S	S	301  	.   0.23	4aytA  148  S
ENSP00000355637	 rs3738187	tcC	tcT	S	S	301  	.   0.23	4aywA  148  S
ENSP00000355637	 rs3738187	tcC	tcT	S	S	301  	.   0.23	4ayxA  148  S
ENSP00000355637	 rs3738187	tcC	tcG	S	S	301  	.   0.23	3zdqA  149  S
ENSP00000355637	 rs3738187	tcC	tcG	S	S	301  	.   0.23	4aytA  148  S
ENSP00000355637	 rs3738187	tcC	tcG	S	S	301  	.   0.23	4aywA  148  S
ENSP00000355637	 rs3738187	tcC	tcG	S	S	301  	.   0.23	4ayxA  148  S
ENSP00000355858	 rs9456711	ttA	ttG	L	L	261  	.    0.0	4bm9A  120  L
ENSP00000355858	 rs9456711	ttA	ttG	L	L	261  	.    0.0	4i1fA  117  L
ENSP00000355858	 rs9456711	ttA	ttG	L	L	261  	.    0.0	4i1hA  121  L
ENSP00000355858	 rs9456711	ttA	ttG	L	L	261  	.    0.0	4k7dA  122  L
ENSP00000355858	 rs9456711	ttA	ttG	L	L	261  	.    0.0	4k7dB  122  L
ENSP00000355858	 rs9456711	ttA	ttG	L	L	261  	.    0.0	4k7dC  122  L
ENSP00000355858	 rs9456711	ttA	ttG	L	L	261  	.    0.0	4k95A  193  L
ENSP00000355858	 rs9456711	ttA	ttG	L	L	261  	.    0.0	4k95B  193  L
ENSP00000355858	 rs9456711	ttA	ttG	L	L	261  	.    0.0	4k95C  193  L
ENSP00000355858	 rs9456711	ttA	ttG	L	L	261  	.    0.0	4k95D  193  L
ENSP00000355858	 rs9456711	ttA	ttG	L	L	261  	.    0.0	4k95E  193  L
ENSP00000355858	 rs9456711	ttA	ttG	L	L	261  	.    0.0	4k95F  193  L
ENSP00000355858	 rs9456711	ttA	ttG	L	L	261  	.    0.0	4k95G  193  L
ENSP00000355858	 rs9456711	ttA	ttG	L	L	261  	.    0.0	4k95H  193  L
ENSP00000355858	 rs9456711	ttA	ttG	L	L	261  	.    0.0	4k95I  193  L
ENSP00000355858	 rs9456711	ttA	ttG	L	L	261  	.    0.0	4k95J  193  L
ENSP00000355858	 rs9456711	ttA	ttG	L	L	261  	.    0.0	4k95K  193  L
ENSP00000355858	 rs9456711	ttA	ttG	L	L	261  	.    0.0	4k95L  193  L
ENSP00000355858	 rs9456711	ttA	ttG	L	L	261  	.    0.0	4zynA  195  L
ENSP00000355858	 rs9456711	ttA	ttG	L	L	261  	.    0.0	4zynB  197  L
ENSP00000355858	 rs9456711	ttA	ttG	L	L	261  	.    0.0	5c1zA  201  L
ENSP00000355858	 rs9456711	ttA	ttG	L	L	261  	.    0.0	5c1zB  201  L
ENSP00000355858	 rs9456711	ttA	ttG	L	L	261  	.    0.0	5c23A  201  L
ENSP00000355858	 rs9456711	ttA	ttG	L	L	261  	.    0.0	5c23B  201  L
ENSP00000355858	 rs9456711	ttA	ttG	L	L	261  	.    0.0	5c9vA  120  L
ENSP00000355858	 rs9456711	ttA	ttG	L	L	261  	.    0.0	5n2wA  194  L
ENSP00000355858	 rs9456711	ttA	ttG	L	L	261  	.    0.0	5n38A  197  L
ENSP00000355858	 rs9456711	ttA	ttG	L	L	261  	.    0.0	6glcA  200  L
ENSP00000355860	 rs9456711	ttA	ttG	L	L	70   	.    0.0	4bm9A  120  L
ENSP00000355860	 rs9456711	ttA	ttG	L	L	70   	.    0.0	4i1fA  117  L
ENSP00000355860	 rs9456711	ttA	ttG	L	L	70   	.    0.0	4i1hA  121  L
ENSP00000355860	 rs9456711	ttA	ttG	L	L	70   	.    0.0	4k7dA  122  L
ENSP00000355860	 rs9456711	ttA	ttG	L	L	70   	.    0.0	4k7dB  122  L
ENSP00000355860	 rs9456711	ttA	ttG	L	L	70   	.    0.0	4k7dC  122  L
ENSP00000355860	 rs9456711	ttA	ttG	L	L	70   	.    0.0	4k95A  193  L
ENSP00000355860	 rs9456711	ttA	ttG	L	L	70   	.    0.0	4k95B  193  L
ENSP00000355860	 rs9456711	ttA	ttG	L	L	70   	.    0.0	4k95C  193  L
ENSP00000355860	 rs9456711	ttA	ttG	L	L	70   	.    0.0	4k95D  193  L
ENSP00000355860	 rs9456711	ttA	ttG	L	L	70   	.    0.0	4k95E  193  L
ENSP00000355860	 rs9456711	ttA	ttG	L	L	70   	.    0.0	4k95F  193  L
ENSP00000355860	 rs9456711	ttA	ttG	L	L	70   	.    0.0	4k95G  193  L
ENSP00000355860	 rs9456711	ttA	ttG	L	L	70   	.    0.0	4k95H  193  L
ENSP00000355860	 rs9456711	ttA	ttG	L	L	70   	.    0.0	4k95I  193  L
ENSP00000355860	 rs9456711	ttA	ttG	L	L	70   	.    0.0	4k95J  193  L
ENSP00000355860	 rs9456711	ttA	ttG	L	L	70   	.    0.0	4k95K  193  L
ENSP00000355860	 rs9456711	ttA	ttG	L	L	70   	.    0.0	4k95L  193  L
ENSP00000355860	 rs9456711	ttA	ttG	L	L	70   	.    0.0	4zynA  195  L
ENSP00000355860	 rs9456711	ttA	ttG	L	L	70   	.    0.0	4zynB  197  L
ENSP00000355860	 rs9456711	ttA	ttG	L	L	70   	.    0.0	5c1zA  201  L
ENSP00000355860	 rs9456711	ttA	ttG	L	L	70   	.    0.0	5c1zB  201  L
ENSP00000355860	 rs9456711	ttA	ttG	L	L	70   	.    0.0	5c23A  201  L
ENSP00000355860	 rs9456711	ttA	ttG	L	L	70   	.    0.0	5c23B  201  L
ENSP00000355860	 rs9456711	ttA	ttG	L	L	70   	.    0.0	5c9vA  120  L
ENSP00000355860	 rs9456711	ttA	ttG	L	L	70   	.    0.0	5n2wA  194  L
ENSP00000355860	 rs9456711	ttA	ttG	L	L	70   	.    0.0	5n38A  197  L
ENSP00000355860	 rs9456711	ttA	ttG	L	L	70   	.    0.0	6glcA  200  L
ENSP00000355860	rs55830907	Cgt	Tgt	R	C	211  	.   0.11	4bm9A  246  R
ENSP00000355860	rs55830907	Cgt	Tgt	R	C	211  	.   0.11	4i1fA  243  R
ENSP00000355860	rs55830907	Cgt	Tgt	R	C	211  	.   0.11	4i1hA  243  R
ENSP00000355860	rs55830907	Cgt	Tgt	R	C	211  	.   0.11	4k7dA  250  R
ENSP00000355860	rs55830907	Cgt	Tgt	R	C	211  	.   0.11	4k7dB  255  R
ENSP00000355860	rs55830907	Cgt	Tgt	R	C	211  	.   0.11	4k7dC  250  R
ENSP00000355860	rs55830907	Cgt	Tgt	R	C	211  	.   0.11	4k95A  321  R
ENSP00000355860	rs55830907	Cgt	Tgt	R	C	211  	.   0.11	4k95B  321  R
ENSP00000355860	rs55830907	Cgt	Tgt	R	C	211  	.   0.11	4k95C  321  R
ENSP00000355860	rs55830907	Cgt	Tgt	R	C	211  	.   0.11	4k95D  321  R
ENSP00000355860	rs55830907	Cgt	Tgt	R	C	211  	.   0.11	4k95E  321  R
ENSP00000355860	rs55830907	Cgt	Tgt	R	C	211  	.   0.11	4k95F  321  R
ENSP00000355860	rs55830907	Cgt	Tgt	R	C	211  	.   0.11	4k95G  321  R
ENSP00000355860	rs55830907	Cgt	Tgt	R	C	211  	.   0.11	4k95H  321  R
ENSP00000355860	rs55830907	Cgt	Tgt	R	C	211  	.   0.11	4k95I  321  R
ENSP00000355860	rs55830907	Cgt	Tgt	R	C	211  	.   0.11	4k95J  321  R
ENSP00000355860	rs55830907	Cgt	Tgt	R	C	211  	.   0.11	4k95K  321  R
ENSP00000355860	rs55830907	Cgt	Tgt	R	C	211  	.   0.11	4k95L  321  R
ENSP00000355860	rs55830907	Cgt	Tgt	R	C	211  	.   0.11	4zynA  306  R
ENSP00000355860	rs55830907	Cgt	Tgt	R	C	211  	.   0.11	4zynB  322  R
ENSP00000355860	rs55830907	Cgt	Tgt	R	C	211  	.   0.11	5c1zA  329  R
ENSP00000355860	rs55830907	Cgt	Tgt	R	C	211  	.   0.11	5c1zB  329  R
ENSP00000355860	rs55830907	Cgt	Tgt	R	C	211  	.   0.11	5c23A  329  R
ENSP00000355860	rs55830907	Cgt	Tgt	R	C	211  	.   0.11	5c23B  329  R
ENSP00000355860	rs55830907	Cgt	Tgt	R	C	211  	.   0.11	5c9vA  252  R
ENSP00000355860	rs55830907	Cgt	Tgt	R	C	211  	.   0.11	5n2wA  326  R
ENSP00000355860	rs55830907	Cgt	Tgt	R	C	211  	.   0.11	5n38A  323  R
ENSP00000355862	 rs9456711	ttA	ttG	L	L	112  	.    0.0	4bm9A  120  L
ENSP00000355862	 rs9456711	ttA	ttG	L	L	112  	.    0.0	4i1fA  117  L
ENSP00000355862	 rs9456711	ttA	ttG	L	L	112  	.    0.0	4i1hA  121  L
ENSP00000355862	 rs9456711	ttA	ttG	L	L	112  	.    0.0	4k95A  193  L
ENSP00000355862	 rs9456711	ttA	ttG	L	L	112  	.    0.0	4k95B  193  L
ENSP00000355862	 rs9456711	ttA	ttG	L	L	112  	.    0.0	4k95C  193  L
ENSP00000355862	 rs9456711	ttA	ttG	L	L	112  	.    0.0	4k95D  193  L
ENSP00000355862	 rs9456711	ttA	ttG	L	L	112  	.    0.0	4k95E  193  L
ENSP00000355862	 rs9456711	ttA	ttG	L	L	112  	.    0.0	4k95F  193  L
ENSP00000355862	 rs9456711	ttA	ttG	L	L	112  	.    0.0	4k95G  193  L
ENSP00000355862	 rs9456711	ttA	ttG	L	L	112  	.    0.0	4k95H  193  L
ENSP00000355862	 rs9456711	ttA	ttG	L	L	112  	.    0.0	4k95I  193  L
ENSP00000355862	 rs9456711	ttA	ttG	L	L	112  	.    0.0	4k95J  193  L
ENSP00000355862	 rs9456711	ttA	ttG	L	L	112  	.    0.0	4k95K  193  L
ENSP00000355862	 rs9456711	ttA	ttG	L	L	112  	.    0.0	4k95L  193  L
ENSP00000355862	 rs9456711	ttA	ttG	L	L	112  	.    0.0	4zynA  195  L
ENSP00000355862	 rs9456711	ttA	ttG	L	L	112  	.    0.0	4zynB  197  L
ENSP00000355862	 rs9456711	ttA	ttG	L	L	112  	.    0.0	5c1zA  201  L
ENSP00000355862	 rs9456711	ttA	ttG	L	L	112  	.    0.0	5c1zB  201  L
ENSP00000355862	 rs9456711	ttA	ttG	L	L	112  	.    0.0	5c23A  201  L
ENSP00000355862	 rs9456711	ttA	ttG	L	L	112  	.    0.0	5c23B  201  L
ENSP00000355862	 rs9456711	ttA	ttG	L	L	112  	.    0.0	5c9vA  120  L
ENSP00000355862	 rs9456711	ttA	ttG	L	L	112  	.    0.0	5n2wA  194  L
ENSP00000355862	 rs9456711	ttA	ttG	L	L	112  	.    0.0	5n38A  197  L
ENSP00000355862	 rs9456711	ttA	ttG	L	L	112  	.    0.0	6glcA  200  L
ENSP00000355862	rs55830907	Cgt	Tgt	R	C	253  	.   0.11	4bm9A  246  R
ENSP00000355862	rs55830907	Cgt	Tgt	R	C	253  	.   0.11	4i1fA  243  R
ENSP00000355862	rs55830907	Cgt	Tgt	R	C	253  	.   0.11	4i1hA  243  R
ENSP00000355862	rs55830907	Cgt	Tgt	R	C	253  	.   0.11	4k95A  321  R
ENSP00000355862	rs55830907	Cgt	Tgt	R	C	253  	.   0.11	4k95B  321  R
ENSP00000355862	rs55830907	Cgt	Tgt	R	C	253  	.   0.11	4k95C  321  R
ENSP00000355862	rs55830907	Cgt	Tgt	R	C	253  	.   0.11	4k95D  321  R
ENSP00000355862	rs55830907	Cgt	Tgt	R	C	253  	.   0.11	4k95E  321  R
ENSP00000355862	rs55830907	Cgt	Tgt	R	C	253  	.   0.11	4k95F  321  R
ENSP00000355862	rs55830907	Cgt	Tgt	R	C	253  	.   0.11	4k95G  321  R
ENSP00000355862	rs55830907	Cgt	Tgt	R	C	253  	.   0.11	4k95H  321  R
ENSP00000355862	rs55830907	Cgt	Tgt	R	C	253  	.   0.11	4k95I  321  R
ENSP00000355862	rs55830907	Cgt	Tgt	R	C	253  	.   0.11	4k95J  321  R
ENSP00000355862	rs55830907	Cgt	Tgt	R	C	253  	.   0.11	4k95K  321  R
ENSP00000355862	rs55830907	Cgt	Tgt	R	C	253  	.   0.11	4k95L  321  R
ENSP00000355862	rs55830907	Cgt	Tgt	R	C	253  	.   0.11	4zynA  306  R
ENSP00000355862	rs55830907	Cgt	Tgt	R	C	253  	.   0.11	4zynB  322  R
ENSP00000355862	rs55830907	Cgt	Tgt	R	C	253  	.   0.11	5c1zA  329  R
ENSP00000355862	rs55830907	Cgt	Tgt	R	C	253  	.   0.11	5c1zB  329  R
ENSP00000355862	rs55830907	Cgt	Tgt	R	C	253  	.   0.11	5c23A  329  R
ENSP00000355862	rs55830907	Cgt	Tgt	R	C	253  	.   0.11	5c23B  329  R
ENSP00000355862	rs55830907	Cgt	Tgt	R	C	253  	.   0.11	5c9vA  252  R
ENSP00000355862	rs55830907	Cgt	Tgt	R	C	253  	.   0.11	5n2wA  326  R
ENSP00000355862	rs55830907	Cgt	Tgt	R	C	253  	.   0.11	5n38A  323  R
ENSP00000355863	 rs9456711	ttA	ttG	L	L	233  	.    0.0	4bm9A  120  L
ENSP00000355863	 rs9456711	ttA	ttG	L	L	233  	.    0.0	4i1fA  117  L
ENSP00000355863	 rs9456711	ttA	ttG	L	L	233  	.    0.0	4i1hA  121  L
ENSP00000355863	 rs9456711	ttA	ttG	L	L	233  	.    0.0	4k7dA  122  L
ENSP00000355863	 rs9456711	ttA	ttG	L	L	233  	.    0.0	4k7dB  122  L
ENSP00000355863	 rs9456711	ttA	ttG	L	L	233  	.    0.0	4k7dC  122  L
ENSP00000355863	 rs9456711	ttA	ttG	L	L	233  	.    0.0	4k95A  193  L
ENSP00000355863	 rs9456711	ttA	ttG	L	L	233  	.    0.0	4k95B  193  L
ENSP00000355863	 rs9456711	ttA	ttG	L	L	233  	.    0.0	4k95C  193  L
ENSP00000355863	 rs9456711	ttA	ttG	L	L	233  	.    0.0	4k95D  193  L
ENSP00000355863	 rs9456711	ttA	ttG	L	L	233  	.    0.0	4k95E  193  L
ENSP00000355863	 rs9456711	ttA	ttG	L	L	233  	.    0.0	4k95F  193  L
ENSP00000355863	 rs9456711	ttA	ttG	L	L	233  	.    0.0	4k95G  193  L
ENSP00000355863	 rs9456711	ttA	ttG	L	L	233  	.    0.0	4k95H  193  L
ENSP00000355863	 rs9456711	ttA	ttG	L	L	233  	.    0.0	4k95I  193  L
ENSP00000355863	 rs9456711	ttA	ttG	L	L	233  	.    0.0	4k95J  193  L
ENSP00000355863	 rs9456711	ttA	ttG	L	L	233  	.    0.0	4k95K  193  L
ENSP00000355863	 rs9456711	ttA	ttG	L	L	233  	.    0.0	4k95L  193  L
ENSP00000355863	 rs9456711	ttA	ttG	L	L	233  	.    0.0	4zynA  195  L
ENSP00000355863	 rs9456711	ttA	ttG	L	L	233  	.    0.0	4zynB  197  L
ENSP00000355863	 rs9456711	ttA	ttG	L	L	233  	.    0.0	5c1zA  201  L
ENSP00000355863	 rs9456711	ttA	ttG	L	L	233  	.    0.0	5c1zB  201  L
ENSP00000355863	 rs9456711	ttA	ttG	L	L	233  	.    0.0	5c23A  201  L
ENSP00000355863	 rs9456711	ttA	ttG	L	L	233  	.    0.0	5c23B  201  L
ENSP00000355863	 rs9456711	ttA	ttG	L	L	233  	.    0.0	5c9vA  120  L
ENSP00000355863	 rs9456711	ttA	ttG	L	L	233  	.    0.0	5n2wA  194  L
ENSP00000355863	 rs9456711	ttA	ttG	L	L	233  	.    0.0	5n38A  197  L
ENSP00000355863	 rs9456711	ttA	ttG	L	L	233  	.    0.0	6glcA  200  L
ENSP00000355863	rs55830907	Cgt	Tgt	R	C	374  	.   0.14	4bm9A  246  R
ENSP00000355863	rs55830907	Cgt	Tgt	R	C	374  	.   0.14	4i1fA  243  R
ENSP00000355863	rs55830907	Cgt	Tgt	R	C	374  	.   0.14	4i1hA  243  R
ENSP00000355863	rs55830907	Cgt	Tgt	R	C	374  	.   0.14	4k7dA  250  R
ENSP00000355863	rs55830907	Cgt	Tgt	R	C	374  	.   0.14	4k7dB  255  R
ENSP00000355863	rs55830907	Cgt	Tgt	R	C	374  	.   0.14	4k7dC  250  R
ENSP00000355863	rs55830907	Cgt	Tgt	R	C	374  	.   0.14	4k95A  321  R
ENSP00000355863	rs55830907	Cgt	Tgt	R	C	374  	.   0.14	4k95B  321  R
ENSP00000355863	rs55830907	Cgt	Tgt	R	C	374  	.   0.14	4k95C  321  R
ENSP00000355863	rs55830907	Cgt	Tgt	R	C	374  	.   0.14	4k95D  321  R
ENSP00000355863	rs55830907	Cgt	Tgt	R	C	374  	.   0.14	4k95E  321  R
ENSP00000355863	rs55830907	Cgt	Tgt	R	C	374  	.   0.14	4k95F  321  R
ENSP00000355863	rs55830907	Cgt	Tgt	R	C	374  	.   0.14	4k95G  321  R
ENSP00000355863	rs55830907	Cgt	Tgt	R	C	374  	.   0.14	4k95H  321  R
ENSP00000355863	rs55830907	Cgt	Tgt	R	C	374  	.   0.14	4k95I  321  R
ENSP00000355863	rs55830907	Cgt	Tgt	R	C	374  	.   0.14	4k95J  321  R
ENSP00000355863	rs55830907	Cgt	Tgt	R	C	374  	.   0.14	4k95K  321  R
ENSP00000355863	rs55830907	Cgt	Tgt	R	C	374  	.   0.14	4k95L  321  R
ENSP00000355863	rs55830907	Cgt	Tgt	R	C	374  	.   0.14	4zynA  306  R
ENSP00000355863	rs55830907	Cgt	Tgt	R	C	374  	.   0.14	4zynB  322  R
ENSP00000355863	rs55830907	Cgt	Tgt	R	C	374  	.   0.14	5c1zA  329  R
ENSP00000355863	rs55830907	Cgt	Tgt	R	C	374  	.   0.14	5c1zB  329  R
ENSP00000355863	rs55830907	Cgt	Tgt	R	C	374  	.   0.14	5c23A  329  R
ENSP00000355863	rs55830907	Cgt	Tgt	R	C	374  	.   0.14	5c23B  329  R
ENSP00000355863	rs55830907	Cgt	Tgt	R	C	374  	.   0.14	5c9vA  252  R
ENSP00000355863	rs55830907	Cgt	Tgt	R	C	374  	.   0.14	5n2wA  326  R
ENSP00000355863	rs55830907	Cgt	Tgt	R	C	374  	.   0.14	5n38A  323  R
ENSP00000355865	 rs9456711	ttA	ttG	L	L	261  	.    0.0	4bm9A  120  L
ENSP00000355865	 rs9456711	ttA	ttG	L	L	261  	.    0.0	4i1fA  117  L
ENSP00000355865	 rs9456711	ttA	ttG	L	L	261  	.    0.0	4i1hA  121  L
ENSP00000355865	 rs9456711	ttA	ttG	L	L	261  	.    0.0	4k7dA  122  L
ENSP00000355865	 rs9456711	ttA	ttG	L	L	261  	.    0.0	4k7dB  122  L
ENSP00000355865	 rs9456711	ttA	ttG	L	L	261  	.    0.0	4k7dC  122  L
ENSP00000355865	 rs9456711	ttA	ttG	L	L	261  	.    0.0	4k95A  193  L
ENSP00000355865	 rs9456711	ttA	ttG	L	L	261  	.    0.0	4k95B  193  L
ENSP00000355865	 rs9456711	ttA	ttG	L	L	261  	.    0.0	4k95C  193  L
ENSP00000355865	 rs9456711	ttA	ttG	L	L	261  	.    0.0	4k95D  193  L
ENSP00000355865	 rs9456711	ttA	ttG	L	L	261  	.    0.0	4k95E  193  L
ENSP00000355865	 rs9456711	ttA	ttG	L	L	261  	.    0.0	4k95F  193  L
ENSP00000355865	 rs9456711	ttA	ttG	L	L	261  	.    0.0	4k95G  193  L
ENSP00000355865	 rs9456711	ttA	ttG	L	L	261  	.    0.0	4k95H  193  L
ENSP00000355865	 rs9456711	ttA	ttG	L	L	261  	.    0.0	4k95I  193  L
ENSP00000355865	 rs9456711	ttA	ttG	L	L	261  	.    0.0	4k95J  193  L
ENSP00000355865	 rs9456711	ttA	ttG	L	L	261  	.    0.0	4k95K  193  L
ENSP00000355865	 rs9456711	ttA	ttG	L	L	261  	.    0.0	4k95L  193  L
ENSP00000355865	 rs9456711	ttA	ttG	L	L	261  	.    0.0	4zynA  195  L
ENSP00000355865	 rs9456711	ttA	ttG	L	L	261  	.    0.0	4zynB  197  L
ENSP00000355865	 rs9456711	ttA	ttG	L	L	261  	.    0.0	5c1zA  201  L
ENSP00000355865	 rs9456711	ttA	ttG	L	L	261  	.    0.0	5c1zB  201  L
ENSP00000355865	 rs9456711	ttA	ttG	L	L	261  	.    0.0	5c23A  201  L
ENSP00000355865	 rs9456711	ttA	ttG	L	L	261  	.    0.0	5c23B  201  L
ENSP00000355865	 rs9456711	ttA	ttG	L	L	261  	.    0.0	5c9vA  120  L
ENSP00000355865	 rs9456711	ttA	ttG	L	L	261  	.    0.0	5n2wA  194  L
ENSP00000355865	 rs9456711	ttA	ttG	L	L	261  	.    0.0	5n38A  197  L
ENSP00000355865	 rs9456711	ttA	ttG	L	L	261  	.    0.0	6glcA  200  L
ENSP00000355865	rs55830907	Cgt	Tgt	R	C	402  	.   0.17	4bm9A  246  R
ENSP00000355865	rs55830907	Cgt	Tgt	R	C	402  	.   0.17	4i1fA  243  R
ENSP00000355865	rs55830907	Cgt	Tgt	R	C	402  	.   0.17	4i1hA  243  R
ENSP00000355865	rs55830907	Cgt	Tgt	R	C	402  	.   0.17	4k7dA  250  R
ENSP00000355865	rs55830907	Cgt	Tgt	R	C	402  	.   0.17	4k7dB  255  R
ENSP00000355865	rs55830907	Cgt	Tgt	R	C	402  	.   0.17	4k7dC  250  R
ENSP00000355865	rs55830907	Cgt	Tgt	R	C	402  	.   0.17	4k95A  321  R
ENSP00000355865	rs55830907	Cgt	Tgt	R	C	402  	.   0.17	4k95B  321  R
ENSP00000355865	rs55830907	Cgt	Tgt	R	C	402  	.   0.17	4k95C  321  R
ENSP00000355865	rs55830907	Cgt	Tgt	R	C	402  	.   0.17	4k95D  321  R
ENSP00000355865	rs55830907	Cgt	Tgt	R	C	402  	.   0.17	4k95E  321  R
ENSP00000355865	rs55830907	Cgt	Tgt	R	C	402  	.   0.17	4k95F  321  R
ENSP00000355865	rs55830907	Cgt	Tgt	R	C	402  	.   0.17	4k95G  321  R
ENSP00000355865	rs55830907	Cgt	Tgt	R	C	402  	.   0.17	4k95H  321  R
ENSP00000355865	rs55830907	Cgt	Tgt	R	C	402  	.   0.17	4k95I  321  R
ENSP00000355865	rs55830907	Cgt	Tgt	R	C	402  	.   0.17	4k95J  321  R
ENSP00000355865	rs55830907	Cgt	Tgt	R	C	402  	.   0.17	4k95K  321  R
ENSP00000355865	rs55830907	Cgt	Tgt	R	C	402  	.   0.17	4k95L  321  R
ENSP00000355865	rs55830907	Cgt	Tgt	R	C	402  	.   0.17	4zynA  306  R
ENSP00000355865	rs55830907	Cgt	Tgt	R	C	402  	.   0.17	4zynB  322  R
ENSP00000355865	rs55830907	Cgt	Tgt	R	C	402  	.   0.17	5c1zA  329  R
ENSP00000355865	rs55830907	Cgt	Tgt	R	C	402  	.   0.17	5c1zB  329  R
ENSP00000355865	rs55830907	Cgt	Tgt	R	C	402  	.   0.17	5c23A  329  R
ENSP00000355865	rs55830907	Cgt	Tgt	R	C	402  	.   0.17	5c23B  329  R
ENSP00000355865	rs55830907	Cgt	Tgt	R	C	402  	.   0.17	5c9vA  252  R
ENSP00000355865	rs55830907	Cgt	Tgt	R	C	402  	.   0.17	5n2wA  326  R
ENSP00000355865	rs55830907	Cgt	Tgt	R	C	402  	.   0.17	5n38A  323  R
ENSP00000355866	 rs1141714	gaA	gaG	E	E	242  	.   0.15	2oucA   85  E
ENSP00000355866	 rs1141714	gaA	gaG	E	E	242  	.   0.15	2oucB   85  E
ENSP00000355866	 rs1141714	gaA	gaG	E	E	242  	.   0.15	3tg1B   85  E
ENSP00000355890	 rs1061160	caG	caA	Q	Q	1135 	.   0.01	4hvcA  120  Q
ENSP00000355890	 rs1061160	caG	caA	Q	Q	1135 	.   0.01	4hvcB  121  Q
ENSP00000355890	 rs1061160	caG	caA	Q	Q	1135 	.   0.01	4k86A  120  Q
ENSP00000355890	 rs1061160	caG	caA	Q	Q	1135 	.   0.01	4k87A  120  Q
ENSP00000355890	 rs1061160	caG	caA	Q	Q	1135 	.   0.01	4k88A  120  Q
ENSP00000355890	 rs1061160	caG	caA	Q	Q	1135 	.   0.01	5v58A  117  Q
ENSP00000355890	 rs1061160	caG	caA	Q	Q	1135 	.   0.01	5vadA  120  Q
ENSP00000355890	 rs1061160	caG	caA	Q	Q	1135 	.   0.01	5vadB  120  Q
ENSP00000355891	 rs4252186	caC	caA	H	Q	133  	.   0.38	1ceaA   32  H
ENSP00000355891	 rs4252186	caC	caA	H	Q	133  	.   0.38	1ceaB   32  H
ENSP00000355891	 rs4252186	caC	caA	H	Q	133  	.   0.38	1cebA   32  H
ENSP00000355891	 rs4252186	caC	caA	H	Q	133  	.   0.38	1cebB   32  H
ENSP00000355891	 rs4252186	caC	caA	H	Q	133  	.   0.38	1hpjA   31  H
ENSP00000355891	 rs4252186	caC	caA	H	Q	133  	.   0.38	1hpkA   31  H
ENSP00000355891	 rs4252186	caC	caA	H	Q	133  	.   0.38	1pkrA   32  H
ENSP00000355891	 rs4252186	caC	caA	H	Q	133  	.   0.38	2dohA  116  H
ENSP00000355891	 rs4252186	caC	caA	H	Q	133  	.   0.38	2doiA  116  H
ENSP00000355891	 rs4252186	caC	caA	H	Q	133  	.   0.38	2doiC  116  H
ENSP00000355891	 rs4252186	caC	caA	H	Q	133  	.   0.38	4cikA   33  H
ENSP00000355923	 rs1135352	gaA	gaG	E	E	1084 	.   0.05	2bzlA  184  E
