ENSP00000356000	rs17011882	gCa	gGa	A	G	805  	.   0.09	5l5gA  759  A
ENSP00000356000	rs17011882	gCa	gGa	A	G	805  	.   0.09	5l5gB  759  A
ENSP00000356000	rs17011882	gCa	gGa	A	G	805  	.   0.09	5l5gC  759  A
ENSP00000356000	rs17011882	gCa	gGa	A	G	805  	.   0.09	5l5gD  759  A
ENSP00000356000	rs79601528	Gtg	Ttg	V	L	81   	.   0.19	3al8B   46  V
ENSP00000356000	rs79601528	Gtg	Ttg	V	L	81   	.   0.19	3al9A   44  V
ENSP00000356000	rs79601528	Gtg	Ttg	V	L	81   	.   0.19	3al9B   44  V
ENSP00000356000	rs79601528	Gtg	Ttg	V	L	81   	.   0.19	3oktA   46  V
ENSP00000356000	rs79601528	Gtg	Ttg	V	L	81   	.   0.19	3okyA   45  V
ENSP00000356000	rs79601528	Gtg	Ttg	V	L	81   	.   0.19	4gzaA   46  V
ENSP00000356000	rs79601528	Gtg	Ttg	V	L	81   	.   0.19	4gzaB   46  V
ENSP00000356000	rs79601528	Gtg	Ttg	V	L	81   	.   0.19	4gzaC   46  V
ENSP00000356000	rs79601528	Gtg	Ttg	V	L	81   	.   0.19	4gzaD   46  V
ENSP00000356000	rs79601528	Gtg	Ttg	V	L	81   	.   0.19	4gzaE   46  V
ENSP00000356000	rs79601528	Gtg	Ttg	V	L	81   	.   0.19	4gzaF   46  V
ENSP00000356000	rs79601528	Gtg	Ttg	V	L	81   	.   0.19	5l5gA   46  V
ENSP00000356000	rs79601528	Gtg	Ttg	V	L	81   	.   0.19	5l5gB   46  V
ENSP00000356000	rs79601528	Gtg	Ttg	V	L	81   	.   0.19	5l5gC   46  V
ENSP00000356000	rs79601528	Gtg	Ttg	V	L	81   	.   0.19	5l5gD   46  V
ENSP00000356015	    rs3465	ggG	ggA	G	G	273  	.   0.02	1wl4A  269  G
ENSP00000356015	    rs3465	ggG	ggA	G	G	273  	.   0.02	1wl5A  269  G
ENSP00000356021	 rs5746129	Cgg	Tgg	R	W	117  	.   0.01	1ap5A  132  R
ENSP00000356021	 rs5746129	Cgg	Tgg	R	W	117  	.   0.01	1ap5B  132  R
ENSP00000356021	 rs5746129	Cgg	Tgg	R	W	117  	.   0.01	1ap6A  132  R
ENSP00000356021	 rs5746129	Cgg	Tgg	R	W	117  	.   0.01	1ap6B  132  R
ENSP00000356021	 rs5746129	Cgg	Tgg	R	W	117  	.   0.01	1em1A  132  R
ENSP00000356021	 rs5746129	Cgg	Tgg	R	W	117  	.   0.01	1em1B  132  R
ENSP00000356021	 rs5746129	Cgg	Tgg	R	W	117  	.   0.01	1ja8A  132  R
ENSP00000356021	 rs5746129	Cgg	Tgg	R	W	117  	.   0.01	1ja8B  132  R
ENSP00000356021	 rs5746129	Cgg	Tgg	R	W	117  	.   0.01	1luvA  132  R
ENSP00000356021	 rs5746129	Cgg	Tgg	R	W	117  	.   0.01	1luvB  132  R
ENSP00000356021	 rs5746129	Cgg	Tgg	R	W	117  	.   0.01	1luwA  132  R
ENSP00000356021	 rs5746129	Cgg	Tgg	R	W	117  	.   0.01	1luwB  132  R
ENSP00000356021	 rs5746129	Cgg	Tgg	R	W	117  	.   0.01	1msdA  132  R
ENSP00000356021	 rs5746129	Cgg	Tgg	R	W	117  	.   0.01	1msdB  132  R
ENSP00000356021	 rs5746129	Cgg	Tgg	R	W	117  	.   0.01	1n0jA  132  R
ENSP00000356021	 rs5746129	Cgg	Tgg	R	W	117  	.   0.01	1n0jB  132  R
ENSP00000356021	 rs5746129	Cgg	Tgg	R	W	117  	.   0.01	1n0nA  132  R
ENSP00000356021	 rs5746129	Cgg	Tgg	R	W	117  	.   0.01	1n0nB  132  R
ENSP00000356021	 rs5746129	Cgg	Tgg	R	W	117  	.   0.01	1pl4A  132  R
ENSP00000356021	 rs5746129	Cgg	Tgg	R	W	117  	.   0.01	1pl4B  132  R
ENSP00000356021	 rs5746129	Cgg	Tgg	R	W	117  	.   0.01	1pl4C  132  R
ENSP00000356021	 rs5746129	Cgg	Tgg	R	W	117  	.   0.01	1pl4D  132  R
ENSP00000356021	 rs5746129	Cgg	Tgg	R	W	117  	.   0.01	1pm9A  132  R
ENSP00000356021	 rs5746129	Cgg	Tgg	R	W	117  	.   0.01	1pm9B  132  R
ENSP00000356021	 rs5746129	Cgg	Tgg	R	W	117  	.   0.01	1qnmA  132  R
ENSP00000356021	 rs5746129	Cgg	Tgg	R	W	117  	.   0.01	1qnmB  132  R
ENSP00000356021	 rs5746129	Cgg	Tgg	R	W	117  	.   0.01	1szxA  132  R
ENSP00000356021	 rs5746129	Cgg	Tgg	R	W	117  	.   0.01	1szxB  132  R
ENSP00000356021	 rs5746129	Cgg	Tgg	R	W	117  	.   0.01	1varA  132  R
ENSP00000356021	 rs5746129	Cgg	Tgg	R	W	117  	.   0.01	1varB  132  R
ENSP00000356021	 rs5746129	Cgg	Tgg	R	W	117  	.   0.01	1xdcA  128  R
ENSP00000356021	 rs5746129	Cgg	Tgg	R	W	117  	.   0.01	1xdcB  128  R
ENSP00000356021	 rs5746129	Cgg	Tgg	R	W	117  	.   0.01	1xilA  129  R
ENSP00000356021	 rs5746129	Cgg	Tgg	R	W	117  	.   0.01	1xilB  129  R
ENSP00000356021	 rs5746129	Cgg	Tgg	R	W	117  	.   0.01	1zspA  132  R
ENSP00000356021	 rs5746129	Cgg	Tgg	R	W	117  	.   0.01	1zspB  132  R
ENSP00000356021	 rs5746129	Cgg	Tgg	R	W	117  	.   0.01	1zteA  132  R
ENSP00000356021	 rs5746129	Cgg	Tgg	R	W	117  	.   0.01	1zteB  132  R
ENSP00000356021	 rs5746129	Cgg	Tgg	R	W	117  	.   0.01	1zteC  132  R
ENSP00000356021	 rs5746129	Cgg	Tgg	R	W	117  	.   0.01	1zteD  132  R
ENSP00000356021	 rs5746129	Cgg	Tgg	R	W	117  	.   0.01	1zuqA  132  R
ENSP00000356021	 rs5746129	Cgg	Tgg	R	W	117  	.   0.01	1zuqB  132  R
ENSP00000356021	 rs5746129	Cgg	Tgg	R	W	117  	.   0.01	2adpA  131  R
ENSP00000356021	 rs5746129	Cgg	Tgg	R	W	117  	.   0.01	2adqA  132  R
ENSP00000356021	 rs5746129	Cgg	Tgg	R	W	117  	.   0.01	2gdsA  132  R
ENSP00000356021	 rs5746129	Cgg	Tgg	R	W	117  	.   0.01	2gdsB  132  R
ENSP00000356021	 rs5746129	Cgg	Tgg	R	W	117  	.   0.01	2gdsC  132  R
ENSP00000356021	 rs5746129	Cgg	Tgg	R	W	117  	.   0.01	2gdsD  132  R
ENSP00000356021	 rs5746129	Cgg	Tgg	R	W	117  	.   0.01	2p4kA  132  R
ENSP00000356021	 rs5746129	Cgg	Tgg	R	W	117  	.   0.01	2p4kB  132  R
ENSP00000356021	 rs5746129	Cgg	Tgg	R	W	117  	.   0.01	2p4kC  132  R
ENSP00000356021	 rs5746129	Cgg	Tgg	R	W	117  	.   0.01	2p4kD  132  R
ENSP00000356021	 rs5746129	Cgg	Tgg	R	W	117  	.   0.01	2qkaA  132  R
ENSP00000356021	 rs5746129	Cgg	Tgg	R	W	117  	.   0.01	2qkaB  132  R
ENSP00000356021	 rs5746129	Cgg	Tgg	R	W	117  	.   0.01	2qkcA  132  R
ENSP00000356021	 rs5746129	Cgg	Tgg	R	W	117  	.   0.01	2qkcB  132  R
ENSP00000356021	 rs5746129	Cgg	Tgg	R	W	117  	.   0.01	3c3sA  132  R
ENSP00000356021	 rs5746129	Cgg	Tgg	R	W	117  	.   0.01	3c3sB  132  R
ENSP00000356021	 rs5746129	Cgg	Tgg	R	W	117  	.   0.01	3c3tA  132  R
ENSP00000356021	 rs5746129	Cgg	Tgg	R	W	117  	.   0.01	3c3tB  132  R
ENSP00000356021	 rs5746129	Cgg	Tgg	R	W	117  	.   0.01	5gxoA  131  R
ENSP00000356021	 rs5746129	Cgg	Tgg	R	W	117  	.   0.01	5gxoB  131  R
ENSP00000356021	 rs5746129	Cgg	Tgg	R	W	117  	.   0.01	5t30A  133  R
ENSP00000356021	 rs5746129	Cgg	Tgg	R	W	117  	.   0.01	5t30B  133  R
ENSP00000356021	 rs5746129	Cgg	Tgg	R	W	117  	.   0.01	5vf9A  133  R
ENSP00000356021	 rs5746129	Cgg	Tgg	R	W	117  	.   0.01	5vf9B  133  R
ENSP00000356021	 rs4987023	Ggg	Agg	G	R	76   	.   0.02	1ap5A   91  G
ENSP00000356021	 rs4987023	Ggg	Agg	G	R	76   	.   0.02	1ap5B   91  G
ENSP00000356021	 rs4987023	Ggg	Agg	G	R	76   	.   0.02	1ap6A   91  G
ENSP00000356021	 rs4987023	Ggg	Agg	G	R	76   	.   0.02	1ap6B   91  G
ENSP00000356021	 rs4987023	Ggg	Agg	G	R	76   	.   0.02	1em1A   91  G
ENSP00000356021	 rs4987023	Ggg	Agg	G	R	76   	.   0.02	1em1B   91  G
ENSP00000356021	 rs4987023	Ggg	Agg	G	R	76   	.   0.02	1ja8A   91  G
ENSP00000356021	 rs4987023	Ggg	Agg	G	R	76   	.   0.02	1ja8B   91  G
ENSP00000356021	 rs4987023	Ggg	Agg	G	R	76   	.   0.02	1luvA   91  G
ENSP00000356021	 rs4987023	Ggg	Agg	G	R	76   	.   0.02	1luvB   91  G
ENSP00000356021	 rs4987023	Ggg	Agg	G	R	76   	.   0.02	1luwA   91  G
ENSP00000356021	 rs4987023	Ggg	Agg	G	R	76   	.   0.02	1luwB   91  G
ENSP00000356021	 rs4987023	Ggg	Agg	G	R	76   	.   0.02	1msdA   91  G
ENSP00000356021	 rs4987023	Ggg	Agg	G	R	76   	.   0.02	1msdB   91  G
ENSP00000356021	 rs4987023	Ggg	Agg	G	R	76   	.   0.02	1n0jA   91  G
ENSP00000356021	 rs4987023	Ggg	Agg	G	R	76   	.   0.02	1n0jB   91  G
ENSP00000356021	 rs4987023	Ggg	Agg	G	R	76   	.   0.02	1n0nA   91  G
ENSP00000356021	 rs4987023	Ggg	Agg	G	R	76   	.   0.02	1n0nB   91  G
ENSP00000356021	 rs4987023	Ggg	Agg	G	R	76   	.   0.02	1pl4A   91  G
ENSP00000356021	 rs4987023	Ggg	Agg	G	R	76   	.   0.02	1pl4B   91  G
ENSP00000356021	 rs4987023	Ggg	Agg	G	R	76   	.   0.02	1pl4C   91  G
ENSP00000356021	 rs4987023	Ggg	Agg	G	R	76   	.   0.02	1pl4D   91  G
ENSP00000356021	 rs4987023	Ggg	Agg	G	R	76   	.   0.02	1pm9A   91  G
ENSP00000356021	 rs4987023	Ggg	Agg	G	R	76   	.   0.02	1pm9B   91  G
ENSP00000356021	 rs4987023	Ggg	Agg	G	R	76   	.   0.02	1qnmA   91  G
ENSP00000356021	 rs4987023	Ggg	Agg	G	R	76   	.   0.02	1qnmB   91  G
ENSP00000356021	 rs4987023	Ggg	Agg	G	R	76   	.   0.02	1szxA   91  G
ENSP00000356021	 rs4987023	Ggg	Agg	G	R	76   	.   0.02	1szxB   91  G
ENSP00000356021	 rs4987023	Ggg	Agg	G	R	76   	.   0.02	1varA   91  G
ENSP00000356021	 rs4987023	Ggg	Agg	G	R	76   	.   0.02	1varB   91  G
ENSP00000356021	 rs4987023	Ggg	Agg	G	R	76   	.   0.02	1xdcA   87  G
ENSP00000356021	 rs4987023	Ggg	Agg	G	R	76   	.   0.02	1xdcB   87  G
ENSP00000356021	 rs4987023	Ggg	Agg	G	R	76   	.   0.02	1xilA   88  G
ENSP00000356021	 rs4987023	Ggg	Agg	G	R	76   	.   0.02	1xilB   88  G
ENSP00000356021	 rs4987023	Ggg	Agg	G	R	76   	.   0.02	1zspA   91  G
ENSP00000356021	 rs4987023	Ggg	Agg	G	R	76   	.   0.02	1zspB   91  G
ENSP00000356021	 rs4987023	Ggg	Agg	G	R	76   	.   0.02	1zteA   91  G
ENSP00000356021	 rs4987023	Ggg	Agg	G	R	76   	.   0.02	1zteB   91  G
ENSP00000356021	 rs4987023	Ggg	Agg	G	R	76   	.   0.02	1zteC   91  G
ENSP00000356021	 rs4987023	Ggg	Agg	G	R	76   	.   0.02	1zteD   91  G
ENSP00000356021	 rs4987023	Ggg	Agg	G	R	76   	.   0.02	1zuqA   91  G
ENSP00000356021	 rs4987023	Ggg	Agg	G	R	76   	.   0.02	1zuqB   91  G
ENSP00000356021	 rs4987023	Ggg	Agg	G	R	76   	.   0.02	2adpA   90  G
ENSP00000356021	 rs4987023	Ggg	Agg	G	R	76   	.   0.02	2adqA   91  G
ENSP00000356021	 rs4987023	Ggg	Agg	G	R	76   	.   0.02	2gdsA   91  G
ENSP00000356021	 rs4987023	Ggg	Agg	G	R	76   	.   0.02	2gdsB   91  G
ENSP00000356021	 rs4987023	Ggg	Agg	G	R	76   	.   0.02	2gdsC   91  G
ENSP00000356021	 rs4987023	Ggg	Agg	G	R	76   	.   0.02	2gdsD   91  G
ENSP00000356021	 rs4987023	Ggg	Agg	G	R	76   	.   0.02	2p4kA   91  G
ENSP00000356021	 rs4987023	Ggg	Agg	G	R	76   	.   0.02	2p4kB   91  G
ENSP00000356021	 rs4987023	Ggg	Agg	G	R	76   	.   0.02	2p4kC   91  G
ENSP00000356021	 rs4987023	Ggg	Agg	G	R	76   	.   0.02	2p4kD   91  G
ENSP00000356021	 rs4987023	Ggg	Agg	G	R	76   	.   0.02	2qkaA   91  G
ENSP00000356021	 rs4987023	Ggg	Agg	G	R	76   	.   0.02	2qkaB   91  G
ENSP00000356021	 rs4987023	Ggg	Agg	G	R	76   	.   0.02	2qkcA   91  G
ENSP00000356021	 rs4987023	Ggg	Agg	G	R	76   	.   0.02	2qkcB   91  G
ENSP00000356021	 rs4987023	Ggg	Agg	G	R	76   	.   0.02	3c3sA   91  G
ENSP00000356021	 rs4987023	Ggg	Agg	G	R	76   	.   0.02	3c3sB   91  G
ENSP00000356021	 rs4987023	Ggg	Agg	G	R	76   	.   0.02	3c3tA   91  G
ENSP00000356021	 rs4987023	Ggg	Agg	G	R	76   	.   0.02	3c3tB   91  G
ENSP00000356021	 rs4987023	Ggg	Agg	G	R	76   	.   0.02	5gxoA   90  G
ENSP00000356021	 rs4987023	Ggg	Agg	G	R	76   	.   0.02	5gxoB   90  G
ENSP00000356021	 rs4987023	Ggg	Agg	G	R	76   	.   0.02	5t30A   92  G
ENSP00000356021	 rs4987023	Ggg	Agg	G	R	76   	.   0.02	5t30B   92  G
ENSP00000356021	 rs4987023	Ggg	Agg	G	R	76   	.   0.02	5vf9A   92  G
ENSP00000356021	 rs4987023	Ggg	Agg	G	R	76   	.   0.02	5vf9B   92  G
ENSP00000356022	 rs5746129	Cgg	Tgg	R	W	156  	.   0.01	1ap5A  132  R
ENSP00000356022	 rs5746129	Cgg	Tgg	R	W	156  	.   0.01	1ap5B  132  R
ENSP00000356022	 rs5746129	Cgg	Tgg	R	W	156  	.   0.01	1ap6A  132  R
ENSP00000356022	 rs5746129	Cgg	Tgg	R	W	156  	.   0.01	1ap6B  132  R
ENSP00000356022	 rs5746129	Cgg	Tgg	R	W	156  	.   0.01	1em1A  132  R
ENSP00000356022	 rs5746129	Cgg	Tgg	R	W	156  	.   0.01	1em1B  132  R
ENSP00000356022	 rs5746129	Cgg	Tgg	R	W	156  	.   0.01	1ja8A  132  R
ENSP00000356022	 rs5746129	Cgg	Tgg	R	W	156  	.   0.01	1ja8B  132  R
ENSP00000356022	 rs5746129	Cgg	Tgg	R	W	156  	.   0.01	1luvA  132  R
ENSP00000356022	 rs5746129	Cgg	Tgg	R	W	156  	.   0.01	1luvB  132  R
ENSP00000356022	 rs5746129	Cgg	Tgg	R	W	156  	.   0.01	1luwA  132  R
ENSP00000356022	 rs5746129	Cgg	Tgg	R	W	156  	.   0.01	1luwB  132  R
ENSP00000356022	 rs5746129	Cgg	Tgg	R	W	156  	.   0.01	1msdA  132  R
ENSP00000356022	 rs5746129	Cgg	Tgg	R	W	156  	.   0.01	1msdB  132  R
ENSP00000356022	 rs5746129	Cgg	Tgg	R	W	156  	.   0.01	1n0jA  132  R
ENSP00000356022	 rs5746129	Cgg	Tgg	R	W	156  	.   0.01	1n0jB  132  R
ENSP00000356022	 rs5746129	Cgg	Tgg	R	W	156  	.   0.01	1n0nA  132  R
ENSP00000356022	 rs5746129	Cgg	Tgg	R	W	156  	.   0.01	1n0nB  132  R
ENSP00000356022	 rs5746129	Cgg	Tgg	R	W	156  	.   0.01	1pl4A  132  R
ENSP00000356022	 rs5746129	Cgg	Tgg	R	W	156  	.   0.01	1pl4B  132  R
ENSP00000356022	 rs5746129	Cgg	Tgg	R	W	156  	.   0.01	1pl4C  132  R
ENSP00000356022	 rs5746129	Cgg	Tgg	R	W	156  	.   0.01	1pl4D  132  R
ENSP00000356022	 rs5746129	Cgg	Tgg	R	W	156  	.   0.01	1pm9A  132  R
ENSP00000356022	 rs5746129	Cgg	Tgg	R	W	156  	.   0.01	1pm9B  132  R
ENSP00000356022	 rs5746129	Cgg	Tgg	R	W	156  	.   0.01	1qnmA  132  R
ENSP00000356022	 rs5746129	Cgg	Tgg	R	W	156  	.   0.01	1qnmB  132  R
ENSP00000356022	 rs5746129	Cgg	Tgg	R	W	156  	.   0.01	1szxA  132  R
ENSP00000356022	 rs5746129	Cgg	Tgg	R	W	156  	.   0.01	1szxB  132  R
ENSP00000356022	 rs5746129	Cgg	Tgg	R	W	156  	.   0.01	1varA  132  R
ENSP00000356022	 rs5746129	Cgg	Tgg	R	W	156  	.   0.01	1varB  132  R
ENSP00000356022	 rs5746129	Cgg	Tgg	R	W	156  	.   0.01	1xdcA  128  R
ENSP00000356022	 rs5746129	Cgg	Tgg	R	W	156  	.   0.01	1xdcB  128  R
ENSP00000356022	 rs5746129	Cgg	Tgg	R	W	156  	.   0.01	1xilA  129  R
ENSP00000356022	 rs5746129	Cgg	Tgg	R	W	156  	.   0.01	1xilB  129  R
ENSP00000356022	 rs5746129	Cgg	Tgg	R	W	156  	.   0.01	1zspA  132  R
ENSP00000356022	 rs5746129	Cgg	Tgg	R	W	156  	.   0.01	1zspB  132  R
ENSP00000356022	 rs5746129	Cgg	Tgg	R	W	156  	.   0.01	1zteA  132  R
ENSP00000356022	 rs5746129	Cgg	Tgg	R	W	156  	.   0.01	1zteB  132  R
ENSP00000356022	 rs5746129	Cgg	Tgg	R	W	156  	.   0.01	1zteC  132  R
ENSP00000356022	 rs5746129	Cgg	Tgg	R	W	156  	.   0.01	1zteD  132  R
ENSP00000356022	 rs5746129	Cgg	Tgg	R	W	156  	.   0.01	1zuqA  132  R
ENSP00000356022	 rs5746129	Cgg	Tgg	R	W	156  	.   0.01	1zuqB  132  R
ENSP00000356022	 rs5746129	Cgg	Tgg	R	W	156  	.   0.01	2adpA  131  R
ENSP00000356022	 rs5746129	Cgg	Tgg	R	W	156  	.   0.01	2adqA  132  R
ENSP00000356022	 rs5746129	Cgg	Tgg	R	W	156  	.   0.01	2gdsA  132  R
ENSP00000356022	 rs5746129	Cgg	Tgg	R	W	156  	.   0.01	2gdsB  132  R
ENSP00000356022	 rs5746129	Cgg	Tgg	R	W	156  	.   0.01	2gdsC  132  R
ENSP00000356022	 rs5746129	Cgg	Tgg	R	W	156  	.   0.01	2gdsD  132  R
ENSP00000356022	 rs5746129	Cgg	Tgg	R	W	156  	.   0.01	2p4kA  132  R
ENSP00000356022	 rs5746129	Cgg	Tgg	R	W	156  	.   0.01	2p4kB  132  R
ENSP00000356022	 rs5746129	Cgg	Tgg	R	W	156  	.   0.01	2p4kC  132  R
ENSP00000356022	 rs5746129	Cgg	Tgg	R	W	156  	.   0.01	2p4kD  132  R
ENSP00000356022	 rs5746129	Cgg	Tgg	R	W	156  	.   0.01	2qkaA  132  R
ENSP00000356022	 rs5746129	Cgg	Tgg	R	W	156  	.   0.01	2qkaB  132  R
ENSP00000356022	 rs5746129	Cgg	Tgg	R	W	156  	.   0.01	2qkcA  132  R
ENSP00000356022	 rs5746129	Cgg	Tgg	R	W	156  	.   0.01	2qkcB  132  R
ENSP00000356022	 rs5746129	Cgg	Tgg	R	W	156  	.   0.01	3c3sA  132  R
ENSP00000356022	 rs5746129	Cgg	Tgg	R	W	156  	.   0.01	3c3sB  132  R
ENSP00000356022	 rs5746129	Cgg	Tgg	R	W	156  	.   0.01	3c3tA  132  R
ENSP00000356022	 rs5746129	Cgg	Tgg	R	W	156  	.   0.01	3c3tB  132  R
ENSP00000356022	 rs5746129	Cgg	Tgg	R	W	156  	.   0.01	5gxoA  131  R
ENSP00000356022	 rs5746129	Cgg	Tgg	R	W	156  	.   0.01	5gxoB  131  R
ENSP00000356022	 rs5746129	Cgg	Tgg	R	W	156  	.   0.01	5t30A  133  R
ENSP00000356022	 rs5746129	Cgg	Tgg	R	W	156  	.   0.01	5t30B  133  R
ENSP00000356022	 rs5746129	Cgg	Tgg	R	W	156  	.   0.01	5vf9A  133  R
ENSP00000356022	 rs5746129	Cgg	Tgg	R	W	156  	.   0.01	5vf9B  133  R
ENSP00000356022	 rs1141718	aTa	aCa	I	T	82   	.   0.02	1ap5A   58  I
ENSP00000356022	 rs1141718	aTa	aCa	I	T	82   	.   0.02	1ap5B   58  I
ENSP00000356022	 rs1141718	aTa	aCa	I	T	82   	.   0.02	1ap6A   58  I
ENSP00000356022	 rs1141718	aTa	aCa	I	T	82   	.   0.02	1ap6B   58  I
ENSP00000356022	 rs1141718	aTa	aCa	I	T	82   	.   0.02	1em1A   58  I
ENSP00000356022	 rs1141718	aTa	aCa	I	T	82   	.   0.02	1em1B   58  I
ENSP00000356022	 rs1141718	aTa	aCa	I	T	82   	.   0.02	1ja8A   58  I
ENSP00000356022	 rs1141718	aTa	aCa	I	T	82   	.   0.02	1ja8B   58  I
ENSP00000356022	 rs1141718	aTa	aCa	I	T	82   	.   0.02	1luvA   58  I
ENSP00000356022	 rs1141718	aTa	aCa	I	T	82   	.   0.02	1luvB   58  I
ENSP00000356022	 rs1141718	aTa	aCa	I	T	82   	.   0.02	1luwA   58  I
ENSP00000356022	 rs1141718	aTa	aCa	I	T	82   	.   0.02	1luwB   58  I
ENSP00000356022	 rs1141718	aTa	aCa	I	T	82   	.   0.02	1msdA   58  I
ENSP00000356022	 rs1141718	aTa	aCa	I	T	82   	.   0.02	1msdB   58  I
ENSP00000356022	 rs1141718	aTa	aCa	I	T	82   	.   0.02	1n0jA   58  I
ENSP00000356022	 rs1141718	aTa	aCa	I	T	82   	.   0.02	1n0jB   58  I
ENSP00000356022	 rs1141718	aTa	aCa	I	T	82   	.   0.02	1n0nA   58  I
ENSP00000356022	 rs1141718	aTa	aCa	I	T	82   	.   0.02	1n0nB   58  I
ENSP00000356022	 rs1141718	aTa	aCa	I	T	82   	.   0.02	1pl4A   58  I
ENSP00000356022	 rs1141718	aTa	aCa	I	T	82   	.   0.02	1pl4B   58  I
ENSP00000356022	 rs1141718	aTa	aCa	I	T	82   	.   0.02	1pl4C   58  I
ENSP00000356022	 rs1141718	aTa	aCa	I	T	82   	.   0.02	1pl4D   58  I
ENSP00000356022	 rs1141718	aTa	aCa	I	T	82   	.   0.02	1pm9A   58  I
ENSP00000356022	 rs1141718	aTa	aCa	I	T	82   	.   0.02	1pm9B   58  I
ENSP00000356022	 rs1141718	aTa	aCa	I	T	82   	.   0.02	1qnmA   58  I
ENSP00000356022	 rs1141718	aTa	aCa	I	T	82   	.   0.02	1qnmB   58  I
ENSP00000356022	 rs1141718	aTa	aCa	I	T	82   	.   0.02	1szxA   58  I
ENSP00000356022	 rs1141718	aTa	aCa	I	T	82   	.   0.02	1szxB   58  I
ENSP00000356022	 rs1141718	aTa	aCa	I	T	82   	.   0.02	1varA   58  T
ENSP00000356022	 rs1141718	aTa	aCa	I	T	82   	.   0.02	1varB   58  T
ENSP00000356022	 rs1141718	aTa	aCa	I	T	82   	.   0.02	1xdcA   54  I
ENSP00000356022	 rs1141718	aTa	aCa	I	T	82   	.   0.02	1xdcB   54  I
ENSP00000356022	 rs1141718	aTa	aCa	I	T	82   	.   0.02	1xilA   55  I
ENSP00000356022	 rs1141718	aTa	aCa	I	T	82   	.   0.02	1xilB   55  I
ENSP00000356022	 rs1141718	aTa	aCa	I	T	82   	.   0.02	1zspA   58  I
ENSP00000356022	 rs1141718	aTa	aCa	I	T	82   	.   0.02	1zspB   58  I
ENSP00000356022	 rs1141718	aTa	aCa	I	T	82   	.   0.02	1zteA   58  I
ENSP00000356022	 rs1141718	aTa	aCa	I	T	82   	.   0.02	1zteB   58  I
ENSP00000356022	 rs1141718	aTa	aCa	I	T	82   	.   0.02	1zteC   58  I
ENSP00000356022	 rs1141718	aTa	aCa	I	T	82   	.   0.02	1zteD   58  I
ENSP00000356022	 rs1141718	aTa	aCa	I	T	82   	.   0.02	1zuqA   58  I
ENSP00000356022	 rs1141718	aTa	aCa	I	T	82   	.   0.02	1zuqB   58  I
ENSP00000356022	 rs1141718	aTa	aCa	I	T	82   	.   0.02	2adpA   57  I
ENSP00000356022	 rs1141718	aTa	aCa	I	T	82   	.   0.02	2adqA   58  I
ENSP00000356022	 rs1141718	aTa	aCa	I	T	82   	.   0.02	2gdsA   58  I
ENSP00000356022	 rs1141718	aTa	aCa	I	T	82   	.   0.02	2gdsB   58  I
ENSP00000356022	 rs1141718	aTa	aCa	I	T	82   	.   0.02	2gdsC   58  I
ENSP00000356022	 rs1141718	aTa	aCa	I	T	82   	.   0.02	2gdsD   58  I
ENSP00000356022	 rs1141718	aTa	aCa	I	T	82   	.   0.02	2p4kA   58  I
ENSP00000356022	 rs1141718	aTa	aCa	I	T	82   	.   0.02	2p4kB   58  I
ENSP00000356022	 rs1141718	aTa	aCa	I	T	82   	.   0.02	2p4kC   58  I
ENSP00000356022	 rs1141718	aTa	aCa	I	T	82   	.   0.02	2p4kD   58  I
ENSP00000356022	 rs1141718	aTa	aCa	I	T	82   	.   0.02	2qkaA   58  I
ENSP00000356022	 rs1141718	aTa	aCa	I	T	82   	.   0.02	2qkaB   58  I
ENSP00000356022	 rs1141718	aTa	aCa	I	T	82   	.   0.02	2qkcA   58  I
ENSP00000356022	 rs1141718	aTa	aCa	I	T	82   	.   0.02	2qkcB   58  I
ENSP00000356022	 rs1141718	aTa	aCa	I	T	82   	.   0.02	3c3sA   58  I
ENSP00000356022	 rs1141718	aTa	aCa	I	T	82   	.   0.02	3c3sB   58  I
ENSP00000356022	 rs1141718	aTa	aCa	I	T	82   	.   0.02	3c3tA   58  I
ENSP00000356022	 rs1141718	aTa	aCa	I	T	82   	.   0.02	3c3tB   58  I
ENSP00000356022	 rs1141718	aTa	aCa	I	T	82   	.   0.02	5gxoA   57  I
ENSP00000356022	 rs1141718	aTa	aCa	I	T	82   	.   0.02	5gxoB   57  I
ENSP00000356022	 rs1141718	aTa	aCa	I	T	82   	.   0.02	5t30A   59  I
ENSP00000356022	 rs1141718	aTa	aCa	I	T	82   	.   0.02	5t30B   59  I
ENSP00000356022	 rs1141718	aTa	aCa	I	T	82   	.   0.02	5vf9A   59  I
ENSP00000356022	 rs1141718	aTa	aCa	I	T	82   	.   0.02	5vf9B   59  I
ENSP00000356022	 rs4987023	Gga	Aga	G	R	76   	.   0.07	1ap5A   52  G
ENSP00000356022	 rs4987023	Gga	Aga	G	R	76   	.   0.07	1ap5B   52  G
ENSP00000356022	 rs4987023	Gga	Aga	G	R	76   	.   0.07	1ap6A   52  G
ENSP00000356022	 rs4987023	Gga	Aga	G	R	76   	.   0.07	1ap6B   52  G
ENSP00000356022	 rs4987023	Gga	Aga	G	R	76   	.   0.07	1em1A   52  G
ENSP00000356022	 rs4987023	Gga	Aga	G	R	76   	.   0.07	1em1B   52  G
ENSP00000356022	 rs4987023	Gga	Aga	G	R	76   	.   0.07	1ja8A   52  G
ENSP00000356022	 rs4987023	Gga	Aga	G	R	76   	.   0.07	1ja8B   52  G
ENSP00000356022	 rs4987023	Gga	Aga	G	R	76   	.   0.07	1luvA   52  G
ENSP00000356022	 rs4987023	Gga	Aga	G	R	76   	.   0.07	1luvB   52  G
ENSP00000356022	 rs4987023	Gga	Aga	G	R	76   	.   0.07	1luwA   52  G
ENSP00000356022	 rs4987023	Gga	Aga	G	R	76   	.   0.07	1luwB   52  G
ENSP00000356022	 rs4987023	Gga	Aga	G	R	76   	.   0.07	1msdA   52  G
ENSP00000356022	 rs4987023	Gga	Aga	G	R	76   	.   0.07	1msdB   52  G
ENSP00000356022	 rs4987023	Gga	Aga	G	R	76   	.   0.07	1n0jA   52  G
ENSP00000356022	 rs4987023	Gga	Aga	G	R	76   	.   0.07	1n0jB   52  G
ENSP00000356022	 rs4987023	Gga	Aga	G	R	76   	.   0.07	1n0nA   52  G
ENSP00000356022	 rs4987023	Gga	Aga	G	R	76   	.   0.07	1n0nB   52  G
ENSP00000356022	 rs4987023	Gga	Aga	G	R	76   	.   0.07	1pl4A   52  G
ENSP00000356022	 rs4987023	Gga	Aga	G	R	76   	.   0.07	1pl4B   52  G
ENSP00000356022	 rs4987023	Gga	Aga	G	R	76   	.   0.07	1pl4C   52  G
ENSP00000356022	 rs4987023	Gga	Aga	G	R	76   	.   0.07	1pl4D   52  G
ENSP00000356022	 rs4987023	Gga	Aga	G	R	76   	.   0.07	1pm9A   52  G
ENSP00000356022	 rs4987023	Gga	Aga	G	R	76   	.   0.07	1pm9B   52  G
ENSP00000356022	 rs4987023	Gga	Aga	G	R	76   	.   0.07	1qnmA   52  G
ENSP00000356022	 rs4987023	Gga	Aga	G	R	76   	.   0.07	1qnmB   52  G
ENSP00000356022	 rs4987023	Gga	Aga	G	R	76   	.   0.07	1szxA   52  G
ENSP00000356022	 rs4987023	Gga	Aga	G	R	76   	.   0.07	1szxB   52  G
ENSP00000356022	 rs4987023	Gga	Aga	G	R	76   	.   0.07	1varA   52  G
ENSP00000356022	 rs4987023	Gga	Aga	G	R	76   	.   0.07	1varB   52  G
ENSP00000356022	 rs4987023	Gga	Aga	G	R	76   	.   0.07	1xdcA   48  G
ENSP00000356022	 rs4987023	Gga	Aga	G	R	76   	.   0.07	1xdcB   48  G
ENSP00000356022	 rs4987023	Gga	Aga	G	R	76   	.   0.07	1xilA   49  G
ENSP00000356022	 rs4987023	Gga	Aga	G	R	76   	.   0.07	1xilB   49  G
ENSP00000356022	 rs4987023	Gga	Aga	G	R	76   	.   0.07	1zspA   52  G
ENSP00000356022	 rs4987023	Gga	Aga	G	R	76   	.   0.07	1zspB   52  G
ENSP00000356022	 rs4987023	Gga	Aga	G	R	76   	.   0.07	1zteA   52  G
ENSP00000356022	 rs4987023	Gga	Aga	G	R	76   	.   0.07	1zteB   52  G
ENSP00000356022	 rs4987023	Gga	Aga	G	R	76   	.   0.07	1zteC   52  G
ENSP00000356022	 rs4987023	Gga	Aga	G	R	76   	.   0.07	1zteD   52  G
ENSP00000356022	 rs4987023	Gga	Aga	G	R	76   	.   0.07	1zuqA   52  G
ENSP00000356022	 rs4987023	Gga	Aga	G	R	76   	.   0.07	1zuqB   52  G
ENSP00000356022	 rs4987023	Gga	Aga	G	R	76   	.   0.07	2adpA   51  G
ENSP00000356022	 rs4987023	Gga	Aga	G	R	76   	.   0.07	2adqA   52  G
ENSP00000356022	 rs4987023	Gga	Aga	G	R	76   	.   0.07	2gdsA   52  G
ENSP00000356022	 rs4987023	Gga	Aga	G	R	76   	.   0.07	2gdsB   52  G
ENSP00000356022	 rs4987023	Gga	Aga	G	R	76   	.   0.07	2gdsC   52  G
ENSP00000356022	 rs4987023	Gga	Aga	G	R	76   	.   0.07	2gdsD   52  G
ENSP00000356022	 rs4987023	Gga	Aga	G	R	76   	.   0.07	2p4kA   52  G
ENSP00000356022	 rs4987023	Gga	Aga	G	R	76   	.   0.07	2p4kB   52  G
ENSP00000356022	 rs4987023	Gga	Aga	G	R	76   	.   0.07	2p4kC   52  G
ENSP00000356022	 rs4987023	Gga	Aga	G	R	76   	.   0.07	2p4kD   52  G
ENSP00000356022	 rs4987023	Gga	Aga	G	R	76   	.   0.07	2qkaA   52  G
ENSP00000356022	 rs4987023	Gga	Aga	G	R	76   	.   0.07	2qkaB   52  G
ENSP00000356022	 rs4987023	Gga	Aga	G	R	76   	.   0.07	2qkcA   52  G
ENSP00000356022	 rs4987023	Gga	Aga	G	R	76   	.   0.07	2qkcB   52  G
ENSP00000356022	 rs4987023	Gga	Aga	G	R	76   	.   0.07	3c3sA   52  G
ENSP00000356022	 rs4987023	Gga	Aga	G	R	76   	.   0.07	3c3sB   52  G
ENSP00000356022	 rs4987023	Gga	Aga	G	R	76   	.   0.07	3c3tA   52  G
ENSP00000356022	 rs4987023	Gga	Aga	G	R	76   	.   0.07	3c3tB   52  G
ENSP00000356022	 rs4987023	Gga	Aga	G	R	76   	.   0.07	5gxoA   51  G
ENSP00000356022	 rs4987023	Gga	Aga	G	R	76   	.   0.07	5gxoB   51  G
ENSP00000356022	 rs4987023	Gga	Aga	G	R	76   	.   0.07	5t30A   53  G
ENSP00000356022	 rs4987023	Gga	Aga	G	R	76   	.   0.07	5t30B   53  G
ENSP00000356022	 rs4987023	Gga	Aga	G	R	76   	.   0.07	5vf9A   53  G
ENSP00000356022	 rs4987023	Gga	Aga	G	R	76   	.   0.07	5vf9B   53  G
ENSP00000356046	 rs2629639	gcG	gcA	A	A	115  	.   0.01	5hr5A   89  A
ENSP00000356046	 rs2629639	gcG	gcA	A	A	115  	.   0.01	5htkA   85  A
ENSP00000356046	 rs2629639	gcG	gcA	A	A	115  	.   0.01	5htkB   85  A
ENSP00000356046	 rs2629639	gcG	gcC	A	A	115  	.   0.01	5hr5A   89  A
ENSP00000356046	 rs2629639	gcG	gcC	A	A	115  	.   0.01	5htkA   85  A
ENSP00000356046	 rs2629639	gcG	gcC	A	A	115  	.   0.01	5htkB   85  A
ENSP00000356047	 rs2629639	gcG	gcA	A	A	115  	.   0.01	5hr5A   89  A
ENSP00000356047	 rs2629639	gcG	gcA	A	A	115  	.   0.01	5htkA   85  A
ENSP00000356047	 rs2629639	gcG	gcA	A	A	115  	.   0.01	5htkB   85  A
ENSP00000356047	 rs2629639	gcG	gcC	A	A	115  	.   0.01	5hr5A   89  A
ENSP00000356047	 rs2629639	gcG	gcC	A	A	115  	.   0.01	5htkA   85  A
ENSP00000356047	 rs2629639	gcG	gcC	A	A	115  	.   0.01	5htkB   85  A
ENSP00000356134	  rs324356	acG	acA	T	T	211  	.   0.01	4gc5A  199  T
ENSP00000356134	  rs324356	acG	acA	T	T	211  	.   0.01	4gc9A  199  T
ENSP00000356164	   rs17571	gCg	gTg	A	V	23   	.   0.34	1lyaB   33  A
ENSP00000356164	   rs17571	gCg	gTg	A	V	23   	.   0.34	1lyaD   33  A
ENSP00000356164	   rs17571	gCg	gTg	A	V	23   	.   0.34	1lybB   33  A
ENSP00000356164	   rs17571	gCg	gTg	A	V	23   	.   0.34	1lybE   33  A
ENSP00000356164	   rs17571	gCg	gTg	A	V	23   	.   0.34	1lywB   33  A
ENSP00000356164	   rs17571	gCg	gTg	A	V	23   	.   0.34	1lywD   33  A
ENSP00000356164	   rs17571	gCg	gTg	A	V	23   	.   0.34	1lywF   33  A
ENSP00000356164	   rs17571	gCg	gTg	A	V	23   	.   0.34	1lywH   33  A
ENSP00000356164	   rs17571	gCg	gTg	A	V	23   	.   0.34	4obzB   32  A
ENSP00000356164	   rs17571	gCg	gTg	A	V	23   	.   0.34	4obzD   33  A
ENSP00000356164	   rs17571	gCg	gTg	A	V	23   	.   0.34	4oc6B   33  A
ENSP00000356164	   rs17571	gCg	gTg	A	V	23   	.   0.34	4od9B   32  A
ENSP00000356164	   rs17571	gCg	gTg	A	V	23   	.   0.34	4od9D   33  A
ENSP00000356293	 rs7514146	Ctg	Ttg	L	L	245  	.   0.06	1xm9A    2  L
ENSP00000356337	 rs2230606	Ata	Cta	I	L	230  	.   0.46	1ygrA  115  I
ENSP00000356337	 rs2230606	Ata	Cta	I	L	230  	.   0.46	1ygrB  114  I
ENSP00000356337	 rs2230606	Ata	Cta	I	L	230  	.   0.46	1yguA  115  I
ENSP00000356337	 rs2230606	Ata	Cta	I	L	230  	.   0.46	1yguB  114  I
ENSP00000356337	 rs2230606	Ata	Cta	I	L	230  	.   0.46	5fmvA   71  I
ENSP00000356337	 rs2230606	Ata	Cta	I	L	230  	.   0.46	5fmvB   69  I
ENSP00000356337	 rs2230606	Ata	Cta	I	L	230  	.   0.46	5fn6A   67  I
ENSP00000356337	 rs2230606	Ata	Cta	I	L	230  	.   0.46	5fn7A   78  I
ENSP00000356337	 rs2230606	Ata	Cta	I	L	230  	.   0.46	5fn7B   78  I
ENSP00000356337	 rs7540378	ggC	ggT	G	G	706  	.   0.03	1ygrA  419  G
ENSP00000356337	 rs7540378	ggC	ggT	G	G	706  	.   0.03	1ygrB  420  G
ENSP00000356337	 rs7540378	ggC	ggT	G	G	706  	.   0.03	1yguA  419  G
ENSP00000356337	 rs7540378	ggC	ggT	G	G	706  	.   0.03	1yguB  420  G
ENSP00000356337	 rs7540378	ggC	ggT	G	G	706  	.   0.03	5fmvA  349  G
ENSP00000356349	 rs2230606	Ata	Cta	I	L	135  	.   0.01	5fmvA   71  I
ENSP00000356349	 rs2230606	Ata	Cta	I	L	135  	.   0.01	5fmvB   69  I
ENSP00000356349	 rs2230606	Ata	Cta	I	L	135  	.   0.01	5fn6A   67  I
ENSP00000356349	 rs2230606	Ata	Cta	I	L	135  	.   0.01	5fn7A   78  I
ENSP00000356349	 rs2230606	Ata	Cta	I	L	135  	.   0.01	5fn7B   78  I
ENSP00000356399	  rs800292	Gta	Ata	V	I	62   	.   0.01	2wiiC   42  I
ENSP00000356399	  rs800292	Gta	Ata	V	I	62   	.   0.01	5o32C   44  V
ENSP00000356399	  rs800292	Gta	Ata	V	I	62   	.   0.01	5o32H   44  V
ENSP00000356399	  rs800292	Gta	Ata	V	I	62   	.   0.01	5o35C   42  V
ENSP00000356399	  rs515299	aGt	aAt	S	N	890  	.   0.03	1hfhA   25  S
ENSP00000356399	  rs515299	aGt	aCt	S	T	890  	.   0.03	1hfhA   25  S
ENSP00000356399	  rs515299	aGt	aTt	S	I	890  	.   0.03	1hfhA   25  S
ENSP00000356399	 rs1065489	gaG	gaT	E	D	936  	.   0.03	1hccA   10  E
ENSP00000356399	 rs1065489	gaG	gaT	E	D	936  	.   0.03	1hfhA   71  E
ENSP00000356438	    rs5273	gTt	gGt	V	G	511  	.   0.02	1cvuA  494  L
ENSP00000356438	    rs5273	gTt	gGt	V	G	511  	.   0.02	1cvuB  494  L
ENSP00000356438	    rs5273	gTt	gGt	V	G	511  	.   0.02	1cx2A  494  L
ENSP00000356438	    rs5273	gTt	gGt	V	G	511  	.   0.02	1cx2B  494  L
ENSP00000356438	    rs5273	gTt	gGt	V	G	511  	.   0.02	1cx2C  494  L
ENSP00000356438	    rs5273	gTt	gGt	V	G	511  	.   0.02	1cx2D  494  L
ENSP00000356438	    rs5273	gTt	gGt	V	G	511  	.   0.02	1ddxA  494  L
ENSP00000356438	    rs5273	gTt	gGt	V	G	511  	.   0.02	1ddxB  494  L
ENSP00000356438	    rs5273	gTt	gGt	V	G	511  	.   0.02	1ddxC  494  L
ENSP00000356438	    rs5273	gTt	gGt	V	G	511  	.   0.02	1ddxD  494  L
ENSP00000356438	    rs5273	gTt	gGt	V	G	511  	.   0.02	1pxxA  494  L
ENSP00000356438	    rs5273	gTt	gGt	V	G	511  	.   0.02	1pxxB  494  L
ENSP00000356438	    rs5273	gTt	gGt	V	G	511  	.   0.02	1pxxC  494  L
ENSP00000356438	    rs5273	gTt	gGt	V	G	511  	.   0.02	1pxxD  494  L
ENSP00000356438	    rs5273	gTt	gGt	V	G	511  	.   0.02	3hs5A  494  L
ENSP00000356438	    rs5273	gTt	gGt	V	G	511  	.   0.02	3hs5B  494  L
ENSP00000356438	    rs5273	gTt	gGt	V	G	511  	.   0.02	3hs6A  494  L
ENSP00000356438	    rs5273	gTt	gGt	V	G	511  	.   0.02	3hs6B  494  L
ENSP00000356438	    rs5273	gTt	gGt	V	G	511  	.   0.02	3hs7A  494  L
ENSP00000356438	    rs5273	gTt	gGt	V	G	511  	.   0.02	3hs7B  494  L
ENSP00000356438	    rs5273	gTt	gGt	V	G	511  	.   0.02	3krkA  494  L
ENSP00000356438	    rs5273	gTt	gGt	V	G	511  	.   0.02	3krkB  494  L
ENSP00000356438	    rs5273	gTt	gGt	V	G	511  	.   0.02	3ln0A  494  L
ENSP00000356438	    rs5273	gTt	gGt	V	G	511  	.   0.02	3ln0B  494  L
ENSP00000356438	    rs5273	gTt	gGt	V	G	511  	.   0.02	3ln0C  494  L
ENSP00000356438	    rs5273	gTt	gGt	V	G	511  	.   0.02	3ln0D  494  L
ENSP00000356438	    rs5273	gTt	gGt	V	G	511  	.   0.02	3ln1A  494  L
ENSP00000356438	    rs5273	gTt	gGt	V	G	511  	.   0.02	3ln1B  494  L
ENSP00000356438	    rs5273	gTt	gGt	V	G	511  	.   0.02	3ln1C  494  L
ENSP00000356438	    rs5273	gTt	gGt	V	G	511  	.   0.02	3ln1D  494  L
ENSP00000356438	    rs5273	gTt	gGt	V	G	511  	.   0.02	3mdlA  494  L
ENSP00000356438	    rs5273	gTt	gGt	V	G	511  	.   0.02	3mdlB  494  L
ENSP00000356438	    rs5273	gTt	gGt	V	G	511  	.   0.02	3mqeA  494  L
ENSP00000356438	    rs5273	gTt	gGt	V	G	511  	.   0.02	3mqeB  494  L
ENSP00000356438	    rs5273	gTt	gGt	V	G	511  	.   0.02	3mqeC  494  L
ENSP00000356438	    rs5273	gTt	gGt	V	G	511  	.   0.02	3mqeD  494  L
ENSP00000356438	    rs5273	gTt	gGt	V	G	511  	.   0.02	3nt1A  494  L
ENSP00000356438	    rs5273	gTt	gGt	V	G	511  	.   0.02	3nt1B  494  L
ENSP00000356438	    rs5273	gTt	gGt	V	G	511  	.   0.02	3ntbA  494  L
ENSP00000356438	    rs5273	gTt	gGt	V	G	511  	.   0.02	3ntbB  494  L
ENSP00000356438	    rs5273	gTt	gGt	V	G	511  	.   0.02	3ntbC  494  L
ENSP00000356438	    rs5273	gTt	gGt	V	G	511  	.   0.02	3ntbD  494  L
ENSP00000356438	    rs5273	gTt	gGt	V	G	511  	.   0.02	3ntgA  494  L
ENSP00000356438	    rs5273	gTt	gGt	V	G	511  	.   0.02	3ntgB  494  L
ENSP00000356438	    rs5273	gTt	gGt	V	G	511  	.   0.02	3ntgC  494  L
ENSP00000356438	    rs5273	gTt	gGt	V	G	511  	.   0.02	3ntgD  494  L
ENSP00000356438	    rs5273	gTt	gGt	V	G	511  	.   0.02	3oltA  494  L
ENSP00000356438	    rs5273	gTt	gGt	V	G	511  	.   0.02	3oltB  494  L
ENSP00000356438	    rs5273	gTt	gGt	V	G	511  	.   0.02	3oluA  494  L
ENSP00000356438	    rs5273	gTt	gGt	V	G	511  	.   0.02	3oluB  494  L
ENSP00000356438	    rs5273	gTt	gGt	V	G	511  	.   0.02	3pghA  494  L
ENSP00000356438	    rs5273	gTt	gGt	V	G	511  	.   0.02	3pghB  494  L
ENSP00000356438	    rs5273	gTt	gGt	V	G	511  	.   0.02	3pghC  494  L
ENSP00000356438	    rs5273	gTt	gGt	V	G	511  	.   0.02	3pghD  494  L
ENSP00000356438	    rs5273	gTt	gGt	V	G	511  	.   0.02	3q7dA  494  L
ENSP00000356438	    rs5273	gTt	gGt	V	G	511  	.   0.02	3q7dB  494  L
ENSP00000356438	    rs5273	gTt	gGt	V	G	511  	.   0.02	3qh0A  494  L
ENSP00000356438	    rs5273	gTt	gGt	V	G	511  	.   0.02	3qh0B  494  L
ENSP00000356438	    rs5273	gTt	gGt	V	G	511  	.   0.02	3qmoA  494  L
ENSP00000356438	    rs5273	gTt	gGt	V	G	511  	.   0.02	3qmoB  494  L
ENSP00000356438	    rs5273	gTt	gGt	V	G	511  	.   0.02	3rr3A  494  L
ENSP00000356438	    rs5273	gTt	gGt	V	G	511  	.   0.02	3rr3B  494  L
ENSP00000356438	    rs5273	gTt	gGt	V	G	511  	.   0.02	3rr3C  494  L
ENSP00000356438	    rs5273	gTt	gGt	V	G	511  	.   0.02	3rr3D  494  L
ENSP00000356438	    rs5273	gTt	gGt	V	G	511  	.   0.02	3tziA  494  L
ENSP00000356438	    rs5273	gTt	gGt	V	G	511  	.   0.02	3tziB  494  L
ENSP00000356438	    rs5273	gTt	gGt	V	G	511  	.   0.02	4coxA  494  L
ENSP00000356438	    rs5273	gTt	gGt	V	G	511  	.   0.02	4coxB  494  L
ENSP00000356438	    rs5273	gTt	gGt	V	G	511  	.   0.02	4coxC  494  L
ENSP00000356438	    rs5273	gTt	gGt	V	G	511  	.   0.02	4coxD  494  L
ENSP00000356438	    rs5273	gTt	gGt	V	G	511  	.   0.02	4e1gA  494  L
ENSP00000356438	    rs5273	gTt	gGt	V	G	511  	.   0.02	4e1gB  494  L
ENSP00000356438	    rs5273	gTt	gGt	V	G	511  	.   0.02	4fm5A  494  L
ENSP00000356438	    rs5273	gTt	gGt	V	G	511  	.   0.02	4fm5B  494  L
ENSP00000356438	    rs5273	gTt	gGt	V	G	511  	.   0.02	4fm5C  494  L
ENSP00000356438	    rs5273	gTt	gGt	V	G	511  	.   0.02	4fm5D  494  L
ENSP00000356438	    rs5273	gTt	gGt	V	G	511  	.   0.02	4m10A  494  L
ENSP00000356438	    rs5273	gTt	gGt	V	G	511  	.   0.02	4m10B  494  L
ENSP00000356438	    rs5273	gTt	gGt	V	G	511  	.   0.02	4m10C  494  L
ENSP00000356438	    rs5273	gTt	gGt	V	G	511  	.   0.02	4m10D  494  L
ENSP00000356438	    rs5273	gTt	gGt	V	G	511  	.   0.02	4m11A  494  L
ENSP00000356438	    rs5273	gTt	gGt	V	G	511  	.   0.02	4m11B  494  L
ENSP00000356438	    rs5273	gTt	gGt	V	G	511  	.   0.02	4m11C  494  L
ENSP00000356438	    rs5273	gTt	gGt	V	G	511  	.   0.02	4m11D  494  L
ENSP00000356438	    rs5273	gTt	gGt	V	G	511  	.   0.02	4otjA  494  L
ENSP00000356438	    rs5273	gTt	gGt	V	G	511  	.   0.02	4otjB  494  L
ENSP00000356438	    rs5273	gTt	gGt	V	G	511  	.   0.02	4otjC  494  L
ENSP00000356438	    rs5273	gTt	gGt	V	G	511  	.   0.02	4otjD  494  L
ENSP00000356438	    rs5273	gTt	gGt	V	G	511  	.   0.02	4otyA  494  L
ENSP00000356438	    rs5273	gTt	gGt	V	G	511  	.   0.02	4otyB  494  L
ENSP00000356438	    rs5273	gTt	gGt	V	G	511  	.   0.02	4ph9A  494  L
ENSP00000356438	    rs5273	gTt	gGt	V	G	511  	.   0.02	4ph9B  494  L
ENSP00000356438	    rs5273	gTt	gGt	V	G	511  	.   0.02	4rrwA  494  L
ENSP00000356438	    rs5273	gTt	gGt	V	G	511  	.   0.02	4rrwB  494  L
ENSP00000356438	    rs5273	gTt	gGt	V	G	511  	.   0.02	4rrwC  494  L
ENSP00000356438	    rs5273	gTt	gGt	V	G	511  	.   0.02	4rrwD  494  L
ENSP00000356438	    rs5273	gTt	gGt	V	G	511  	.   0.02	4rrxA  494  L
ENSP00000356438	    rs5273	gTt	gGt	V	G	511  	.   0.02	4rrxB  494  L
ENSP00000356438	    rs5273	gTt	gGt	V	G	511  	.   0.02	4rryA  494  L
ENSP00000356438	    rs5273	gTt	gGt	V	G	511  	.   0.02	4rryB  494  L
ENSP00000356438	    rs5273	gTt	gGt	V	G	511  	.   0.02	4rryC  494  L
ENSP00000356438	    rs5273	gTt	gGt	V	G	511  	.   0.02	4rryD  494  L
ENSP00000356438	    rs5273	gTt	gGt	V	G	511  	.   0.02	4rrzA  494  L
ENSP00000356438	    rs5273	gTt	gGt	V	G	511  	.   0.02	4rrzB  494  L
ENSP00000356438	    rs5273	gTt	gGt	V	G	511  	.   0.02	4rrzC  494  L
ENSP00000356438	    rs5273	gTt	gGt	V	G	511  	.   0.02	4rrzD  494  L
ENSP00000356438	    rs5273	gTt	gGt	V	G	511  	.   0.02	4rs0A  494  L
ENSP00000356438	    rs5273	gTt	gGt	V	G	511  	.   0.02	4rutA  494  L
ENSP00000356438	    rs5273	gTt	gGt	V	G	511  	.   0.02	4rutB  494  L
ENSP00000356438	    rs5273	gTt	gGt	V	G	511  	.   0.02	4rutC  494  L
ENSP00000356438	    rs5273	gTt	gGt	V	G	511  	.   0.02	4rutD  494  L
ENSP00000356438	    rs5273	gTt	gGt	V	G	511  	.   0.02	4z0lA  494  L
ENSP00000356438	    rs5273	gTt	gGt	V	G	511  	.   0.02	4z0lB  494  L
ENSP00000356438	    rs5273	gTt	gGt	V	G	511  	.   0.02	4z0lC  494  L
ENSP00000356438	    rs5273	gTt	gGt	V	G	511  	.   0.02	4z0lD  494  L
ENSP00000356438	    rs5273	gTt	gGt	V	G	511  	.   0.02	5coxA  494  L
ENSP00000356438	    rs5273	gTt	gGt	V	G	511  	.   0.02	5coxB  494  L
ENSP00000356438	    rs5273	gTt	gGt	V	G	511  	.   0.02	5coxC  494  L
ENSP00000356438	    rs5273	gTt	gGt	V	G	511  	.   0.02	5coxD  494  L
ENSP00000356438	    rs5273	gTt	gGt	V	G	511  	.   0.02	5f19A  494  V
ENSP00000356438	    rs5273	gTt	gGt	V	G	511  	.   0.02	5f19B  494  V
ENSP00000356438	    rs5273	gTt	gGt	V	G	511  	.   0.02	5f1aA  494  V
ENSP00000356438	    rs5273	gTt	gGt	V	G	511  	.   0.02	5f1aB  494  V
ENSP00000356438	    rs5273	gTt	gGt	V	G	511  	.   0.02	5fdqA  494  L
ENSP00000356438	    rs5273	gTt	gGt	V	G	511  	.   0.02	5fdqB  494  L
ENSP00000356438	    rs5273	gTt	gGt	V	G	511  	.   0.02	5ikqA  493  V
ENSP00000356438	    rs5273	gTt	gGt	V	G	511  	.   0.02	5ikqB  493  V
ENSP00000356438	    rs5273	gTt	gGt	V	G	511  	.   0.02	5ikrA  493  V
ENSP00000356438	    rs5273	gTt	gGt	V	G	511  	.   0.02	5ikrB  493  V
ENSP00000356438	    rs5273	gTt	gGt	V	G	511  	.   0.02	5iktA  493  V
ENSP00000356438	    rs5273	gTt	gGt	V	G	511  	.   0.02	5iktB  493  V
ENSP00000356438	    rs5273	gTt	gGt	V	G	511  	.   0.02	5ikvA  493  V
ENSP00000356438	    rs5273	gTt	gGt	V	G	511  	.   0.02	5ikvB  493  V
ENSP00000356438	    rs5273	gTt	gGt	V	G	511  	.   0.02	5jvyA  494  L
ENSP00000356438	    rs5273	gTt	gGt	V	G	511  	.   0.02	5jvyB  494  L
ENSP00000356438	    rs5273	gTt	gGt	V	G	511  	.   0.02	5jvzA  494  L
ENSP00000356438	    rs5273	gTt	gGt	V	G	511  	.   0.02	5jvzB  494  L
ENSP00000356438	    rs5273	gTt	gGt	V	G	511  	.   0.02	5jw1A  494  L
ENSP00000356438	    rs5273	gTt	gGt	V	G	511  	.   0.02	5jw1B  494  L
ENSP00000356438	    rs5273	gTt	gGt	V	G	511  	.   0.02	5kirA  493  V
ENSP00000356438	    rs5273	gTt	gGt	V	G	511  	.   0.02	5kirB  493  V
ENSP00000356438	    rs5273	gTt	gGt	V	G	511  	.   0.02	5w58A  494  L
ENSP00000356438	    rs5273	gTt	gGt	V	G	511  	.   0.02	6coxA  494  L
ENSP00000356438	    rs5273	gTt	gGt	V	G	511  	.   0.02	6coxB  494  L
ENSP00000356438	    rs5273	gTt	gCt	V	A	511  	.   0.02	1cvuA  494  L
ENSP00000356438	    rs5273	gTt	gCt	V	A	511  	.   0.02	1cvuB  494  L
ENSP00000356438	    rs5273	gTt	gCt	V	A	511  	.   0.02	1cx2A  494  L
ENSP00000356438	    rs5273	gTt	gCt	V	A	511  	.   0.02	1cx2B  494  L
ENSP00000356438	    rs5273	gTt	gCt	V	A	511  	.   0.02	1cx2C  494  L
ENSP00000356438	    rs5273	gTt	gCt	V	A	511  	.   0.02	1cx2D  494  L
ENSP00000356438	    rs5273	gTt	gCt	V	A	511  	.   0.02	1ddxA  494  L
ENSP00000356438	    rs5273	gTt	gCt	V	A	511  	.   0.02	1ddxB  494  L
ENSP00000356438	    rs5273	gTt	gCt	V	A	511  	.   0.02	1ddxC  494  L
ENSP00000356438	    rs5273	gTt	gCt	V	A	511  	.   0.02	1ddxD  494  L
ENSP00000356438	    rs5273	gTt	gCt	V	A	511  	.   0.02	1pxxA  494  L
ENSP00000356438	    rs5273	gTt	gCt	V	A	511  	.   0.02	1pxxB  494  L
ENSP00000356438	    rs5273	gTt	gCt	V	A	511  	.   0.02	1pxxC  494  L
ENSP00000356438	    rs5273	gTt	gCt	V	A	511  	.   0.02	1pxxD  494  L
ENSP00000356438	    rs5273	gTt	gCt	V	A	511  	.   0.02	3hs5A  494  L
ENSP00000356438	    rs5273	gTt	gCt	V	A	511  	.   0.02	3hs5B  494  L
ENSP00000356438	    rs5273	gTt	gCt	V	A	511  	.   0.02	3hs6A  494  L
ENSP00000356438	    rs5273	gTt	gCt	V	A	511  	.   0.02	3hs6B  494  L
ENSP00000356438	    rs5273	gTt	gCt	V	A	511  	.   0.02	3hs7A  494  L
ENSP00000356438	    rs5273	gTt	gCt	V	A	511  	.   0.02	3hs7B  494  L
ENSP00000356438	    rs5273	gTt	gCt	V	A	511  	.   0.02	3krkA  494  L
ENSP00000356438	    rs5273	gTt	gCt	V	A	511  	.   0.02	3krkB  494  L
ENSP00000356438	    rs5273	gTt	gCt	V	A	511  	.   0.02	3ln0A  494  L
ENSP00000356438	    rs5273	gTt	gCt	V	A	511  	.   0.02	3ln0B  494  L
ENSP00000356438	    rs5273	gTt	gCt	V	A	511  	.   0.02	3ln0C  494  L
ENSP00000356438	    rs5273	gTt	gCt	V	A	511  	.   0.02	3ln0D  494  L
ENSP00000356438	    rs5273	gTt	gCt	V	A	511  	.   0.02	3ln1A  494  L
ENSP00000356438	    rs5273	gTt	gCt	V	A	511  	.   0.02	3ln1B  494  L
ENSP00000356438	    rs5273	gTt	gCt	V	A	511  	.   0.02	3ln1C  494  L
ENSP00000356438	    rs5273	gTt	gCt	V	A	511  	.   0.02	3ln1D  494  L
ENSP00000356438	    rs5273	gTt	gCt	V	A	511  	.   0.02	3mdlA  494  L
ENSP00000356438	    rs5273	gTt	gCt	V	A	511  	.   0.02	3mdlB  494  L
ENSP00000356438	    rs5273	gTt	gCt	V	A	511  	.   0.02	3mqeA  494  L
ENSP00000356438	    rs5273	gTt	gCt	V	A	511  	.   0.02	3mqeB  494  L
ENSP00000356438	    rs5273	gTt	gCt	V	A	511  	.   0.02	3mqeC  494  L
ENSP00000356438	    rs5273	gTt	gCt	V	A	511  	.   0.02	3mqeD  494  L
ENSP00000356438	    rs5273	gTt	gCt	V	A	511  	.   0.02	3nt1A  494  L
ENSP00000356438	    rs5273	gTt	gCt	V	A	511  	.   0.02	3nt1B  494  L
ENSP00000356438	    rs5273	gTt	gCt	V	A	511  	.   0.02	3ntbA  494  L
ENSP00000356438	    rs5273	gTt	gCt	V	A	511  	.   0.02	3ntbB  494  L
ENSP00000356438	    rs5273	gTt	gCt	V	A	511  	.   0.02	3ntbC  494  L
ENSP00000356438	    rs5273	gTt	gCt	V	A	511  	.   0.02	3ntbD  494  L
ENSP00000356438	    rs5273	gTt	gCt	V	A	511  	.   0.02	3ntgA  494  L
ENSP00000356438	    rs5273	gTt	gCt	V	A	511  	.   0.02	3ntgB  494  L
ENSP00000356438	    rs5273	gTt	gCt	V	A	511  	.   0.02	3ntgC  494  L
ENSP00000356438	    rs5273	gTt	gCt	V	A	511  	.   0.02	3ntgD  494  L
ENSP00000356438	    rs5273	gTt	gCt	V	A	511  	.   0.02	3oltA  494  L
ENSP00000356438	    rs5273	gTt	gCt	V	A	511  	.   0.02	3oltB  494  L
ENSP00000356438	    rs5273	gTt	gCt	V	A	511  	.   0.02	3oluA  494  L
ENSP00000356438	    rs5273	gTt	gCt	V	A	511  	.   0.02	3oluB  494  L
ENSP00000356438	    rs5273	gTt	gCt	V	A	511  	.   0.02	3pghA  494  L
ENSP00000356438	    rs5273	gTt	gCt	V	A	511  	.   0.02	3pghB  494  L
ENSP00000356438	    rs5273	gTt	gCt	V	A	511  	.   0.02	3pghC  494  L
ENSP00000356438	    rs5273	gTt	gCt	V	A	511  	.   0.02	3pghD  494  L
ENSP00000356438	    rs5273	gTt	gCt	V	A	511  	.   0.02	3q7dA  494  L
ENSP00000356438	    rs5273	gTt	gCt	V	A	511  	.   0.02	3q7dB  494  L
ENSP00000356438	    rs5273	gTt	gCt	V	A	511  	.   0.02	3qh0A  494  L
ENSP00000356438	    rs5273	gTt	gCt	V	A	511  	.   0.02	3qh0B  494  L
ENSP00000356438	    rs5273	gTt	gCt	V	A	511  	.   0.02	3qmoA  494  L
ENSP00000356438	    rs5273	gTt	gCt	V	A	511  	.   0.02	3qmoB  494  L
ENSP00000356438	    rs5273	gTt	gCt	V	A	511  	.   0.02	3rr3A  494  L
ENSP00000356438	    rs5273	gTt	gCt	V	A	511  	.   0.02	3rr3B  494  L
ENSP00000356438	    rs5273	gTt	gCt	V	A	511  	.   0.02	3rr3C  494  L
ENSP00000356438	    rs5273	gTt	gCt	V	A	511  	.   0.02	3rr3D  494  L
ENSP00000356438	    rs5273	gTt	gCt	V	A	511  	.   0.02	3tziA  494  L
ENSP00000356438	    rs5273	gTt	gCt	V	A	511  	.   0.02	3tziB  494  L
ENSP00000356438	    rs5273	gTt	gCt	V	A	511  	.   0.02	4coxA  494  L
ENSP00000356438	    rs5273	gTt	gCt	V	A	511  	.   0.02	4coxB  494  L
ENSP00000356438	    rs5273	gTt	gCt	V	A	511  	.   0.02	4coxC  494  L
ENSP00000356438	    rs5273	gTt	gCt	V	A	511  	.   0.02	4coxD  494  L
ENSP00000356438	    rs5273	gTt	gCt	V	A	511  	.   0.02	4e1gA  494  L
ENSP00000356438	    rs5273	gTt	gCt	V	A	511  	.   0.02	4e1gB  494  L
ENSP00000356438	    rs5273	gTt	gCt	V	A	511  	.   0.02	4fm5A  494  L
ENSP00000356438	    rs5273	gTt	gCt	V	A	511  	.   0.02	4fm5B  494  L
ENSP00000356438	    rs5273	gTt	gCt	V	A	511  	.   0.02	4fm5C  494  L
ENSP00000356438	    rs5273	gTt	gCt	V	A	511  	.   0.02	4fm5D  494  L
ENSP00000356438	    rs5273	gTt	gCt	V	A	511  	.   0.02	4m10A  494  L
ENSP00000356438	    rs5273	gTt	gCt	V	A	511  	.   0.02	4m10B  494  L
ENSP00000356438	    rs5273	gTt	gCt	V	A	511  	.   0.02	4m10C  494  L
ENSP00000356438	    rs5273	gTt	gCt	V	A	511  	.   0.02	4m10D  494  L
ENSP00000356438	    rs5273	gTt	gCt	V	A	511  	.   0.02	4m11A  494  L
ENSP00000356438	    rs5273	gTt	gCt	V	A	511  	.   0.02	4m11B  494  L
ENSP00000356438	    rs5273	gTt	gCt	V	A	511  	.   0.02	4m11C  494  L
ENSP00000356438	    rs5273	gTt	gCt	V	A	511  	.   0.02	4m11D  494  L
ENSP00000356438	    rs5273	gTt	gCt	V	A	511  	.   0.02	4otjA  494  L
ENSP00000356438	    rs5273	gTt	gCt	V	A	511  	.   0.02	4otjB  494  L
ENSP00000356438	    rs5273	gTt	gCt	V	A	511  	.   0.02	4otjC  494  L
ENSP00000356438	    rs5273	gTt	gCt	V	A	511  	.   0.02	4otjD  494  L
ENSP00000356438	    rs5273	gTt	gCt	V	A	511  	.   0.02	4otyA  494  L
ENSP00000356438	    rs5273	gTt	gCt	V	A	511  	.   0.02	4otyB  494  L
ENSP00000356438	    rs5273	gTt	gCt	V	A	511  	.   0.02	4ph9A  494  L
ENSP00000356438	    rs5273	gTt	gCt	V	A	511  	.   0.02	4ph9B  494  L
ENSP00000356438	    rs5273	gTt	gCt	V	A	511  	.   0.02	4rrwA  494  L
ENSP00000356438	    rs5273	gTt	gCt	V	A	511  	.   0.02	4rrwB  494  L
ENSP00000356438	    rs5273	gTt	gCt	V	A	511  	.   0.02	4rrwC  494  L
ENSP00000356438	    rs5273	gTt	gCt	V	A	511  	.   0.02	4rrwD  494  L
ENSP00000356438	    rs5273	gTt	gCt	V	A	511  	.   0.02	4rrxA  494  L
ENSP00000356438	    rs5273	gTt	gCt	V	A	511  	.   0.02	4rrxB  494  L
ENSP00000356438	    rs5273	gTt	gCt	V	A	511  	.   0.02	4rryA  494  L
ENSP00000356438	    rs5273	gTt	gCt	V	A	511  	.   0.02	4rryB  494  L
ENSP00000356438	    rs5273	gTt	gCt	V	A	511  	.   0.02	4rryC  494  L
ENSP00000356438	    rs5273	gTt	gCt	V	A	511  	.   0.02	4rryD  494  L
ENSP00000356438	    rs5273	gTt	gCt	V	A	511  	.   0.02	4rrzA  494  L
ENSP00000356438	    rs5273	gTt	gCt	V	A	511  	.   0.02	4rrzB  494  L
ENSP00000356438	    rs5273	gTt	gCt	V	A	511  	.   0.02	4rrzC  494  L
ENSP00000356438	    rs5273	gTt	gCt	V	A	511  	.   0.02	4rrzD  494  L
ENSP00000356438	    rs5273	gTt	gCt	V	A	511  	.   0.02	4rs0A  494  L
ENSP00000356438	    rs5273	gTt	gCt	V	A	511  	.   0.02	4rutA  494  L
ENSP00000356438	    rs5273	gTt	gCt	V	A	511  	.   0.02	4rutB  494  L
ENSP00000356438	    rs5273	gTt	gCt	V	A	511  	.   0.02	4rutC  494  L
ENSP00000356438	    rs5273	gTt	gCt	V	A	511  	.   0.02	4rutD  494  L
ENSP00000356438	    rs5273	gTt	gCt	V	A	511  	.   0.02	4z0lA  494  L
ENSP00000356438	    rs5273	gTt	gCt	V	A	511  	.   0.02	4z0lB  494  L
ENSP00000356438	    rs5273	gTt	gCt	V	A	511  	.   0.02	4z0lC  494  L
ENSP00000356438	    rs5273	gTt	gCt	V	A	511  	.   0.02	4z0lD  494  L
ENSP00000356438	    rs5273	gTt	gCt	V	A	511  	.   0.02	5coxA  494  L
ENSP00000356438	    rs5273	gTt	gCt	V	A	511  	.   0.02	5coxB  494  L
ENSP00000356438	    rs5273	gTt	gCt	V	A	511  	.   0.02	5coxC  494  L
ENSP00000356438	    rs5273	gTt	gCt	V	A	511  	.   0.02	5coxD  494  L
ENSP00000356438	    rs5273	gTt	gCt	V	A	511  	.   0.02	5f19A  494  V
ENSP00000356438	    rs5273	gTt	gCt	V	A	511  	.   0.02	5f19B  494  V
ENSP00000356438	    rs5273	gTt	gCt	V	A	511  	.   0.02	5f1aA  494  V
ENSP00000356438	    rs5273	gTt	gCt	V	A	511  	.   0.02	5f1aB  494  V
ENSP00000356438	    rs5273	gTt	gCt	V	A	511  	.   0.02	5fdqA  494  L
ENSP00000356438	    rs5273	gTt	gCt	V	A	511  	.   0.02	5fdqB  494  L
ENSP00000356438	    rs5273	gTt	gCt	V	A	511  	.   0.02	5ikqA  493  V
ENSP00000356438	    rs5273	gTt	gCt	V	A	511  	.   0.02	5ikqB  493  V
ENSP00000356438	    rs5273	gTt	gCt	V	A	511  	.   0.02	5ikrA  493  V
ENSP00000356438	    rs5273	gTt	gCt	V	A	511  	.   0.02	5ikrB  493  V
ENSP00000356438	    rs5273	gTt	gCt	V	A	511  	.   0.02	5iktA  493  V
ENSP00000356438	    rs5273	gTt	gCt	V	A	511  	.   0.02	5iktB  493  V
ENSP00000356438	    rs5273	gTt	gCt	V	A	511  	.   0.02	5ikvA  493  V
ENSP00000356438	    rs5273	gTt	gCt	V	A	511  	.   0.02	5ikvB  493  V
ENSP00000356438	    rs5273	gTt	gCt	V	A	511  	.   0.02	5jvyA  494  L
ENSP00000356438	    rs5273	gTt	gCt	V	A	511  	.   0.02	5jvyB  494  L
ENSP00000356438	    rs5273	gTt	gCt	V	A	511  	.   0.02	5jvzA  494  L
ENSP00000356438	    rs5273	gTt	gCt	V	A	511  	.   0.02	5jvzB  494  L
ENSP00000356438	    rs5273	gTt	gCt	V	A	511  	.   0.02	5jw1A  494  L
ENSP00000356438	    rs5273	gTt	gCt	V	A	511  	.   0.02	5jw1B  494  L
ENSP00000356438	    rs5273	gTt	gCt	V	A	511  	.   0.02	5kirA  493  V
ENSP00000356438	    rs5273	gTt	gCt	V	A	511  	.   0.02	5kirB  493  V
ENSP00000356438	    rs5273	gTt	gCt	V	A	511  	.   0.02	5w58A  494  L
ENSP00000356438	    rs5273	gTt	gCt	V	A	511  	.   0.02	6coxA  494  L
ENSP00000356438	    rs5273	gTt	gCt	V	A	511  	.   0.02	6coxB  494  L
ENSP00000356438	    rs5277	gtG	gtC	V	V	102  	.   0.04	1cvuA   85  V
ENSP00000356438	    rs5277	gtG	gtC	V	V	102  	.   0.04	1cvuB   85  V
ENSP00000356438	    rs5277	gtG	gtC	V	V	102  	.   0.04	1cx2A   85  V
ENSP00000356438	    rs5277	gtG	gtC	V	V	102  	.   0.04	1cx2B   85  V
ENSP00000356438	    rs5277	gtG	gtC	V	V	102  	.   0.04	1cx2C   85  V
ENSP00000356438	    rs5277	gtG	gtC	V	V	102  	.   0.04	1cx2D   85  V
ENSP00000356438	    rs5277	gtG	gtC	V	V	102  	.   0.04	1ddxA   85  V
ENSP00000356438	    rs5277	gtG	gtC	V	V	102  	.   0.04	1ddxB   85  V
ENSP00000356438	    rs5277	gtG	gtC	V	V	102  	.   0.04	1ddxC   85  V
ENSP00000356438	    rs5277	gtG	gtC	V	V	102  	.   0.04	1ddxD   85  V
ENSP00000356438	    rs5277	gtG	gtC	V	V	102  	.   0.04	1pxxA   85  V
ENSP00000356438	    rs5277	gtG	gtC	V	V	102  	.   0.04	1pxxB   85  V
ENSP00000356438	    rs5277	gtG	gtC	V	V	102  	.   0.04	1pxxC   85  V
ENSP00000356438	    rs5277	gtG	gtC	V	V	102  	.   0.04	1pxxD   85  V
ENSP00000356438	    rs5277	gtG	gtC	V	V	102  	.   0.04	3hs5A   85  V
ENSP00000356438	    rs5277	gtG	gtC	V	V	102  	.   0.04	3hs5B   85  V
ENSP00000356438	    rs5277	gtG	gtC	V	V	102  	.   0.04	3hs6A   85  V
ENSP00000356438	    rs5277	gtG	gtC	V	V	102  	.   0.04	3hs6B   85  V
ENSP00000356438	    rs5277	gtG	gtC	V	V	102  	.   0.04	3hs7A   85  V
ENSP00000356438	    rs5277	gtG	gtC	V	V	102  	.   0.04	3hs7B   85  V
ENSP00000356438	    rs5277	gtG	gtC	V	V	102  	.   0.04	3krkA   85  V
ENSP00000356438	    rs5277	gtG	gtC	V	V	102  	.   0.04	3krkB   85  V
ENSP00000356438	    rs5277	gtG	gtC	V	V	102  	.   0.04	3ln0A   85  V
ENSP00000356438	    rs5277	gtG	gtC	V	V	102  	.   0.04	3ln0B   85  V
ENSP00000356438	    rs5277	gtG	gtC	V	V	102  	.   0.04	3ln0C   85  V
ENSP00000356438	    rs5277	gtG	gtC	V	V	102  	.   0.04	3ln0D   85  V
ENSP00000356438	    rs5277	gtG	gtC	V	V	102  	.   0.04	3ln1A   85  V
ENSP00000356438	    rs5277	gtG	gtC	V	V	102  	.   0.04	3ln1B   85  V
ENSP00000356438	    rs5277	gtG	gtC	V	V	102  	.   0.04	3ln1C   85  V
ENSP00000356438	    rs5277	gtG	gtC	V	V	102  	.   0.04	3ln1D   85  V
ENSP00000356438	    rs5277	gtG	gtC	V	V	102  	.   0.04	3mdlA   85  V
ENSP00000356438	    rs5277	gtG	gtC	V	V	102  	.   0.04	3mdlB   85  V
ENSP00000356438	    rs5277	gtG	gtC	V	V	102  	.   0.04	3mqeA   85  V
ENSP00000356438	    rs5277	gtG	gtC	V	V	102  	.   0.04	3mqeB   85  V
ENSP00000356438	    rs5277	gtG	gtC	V	V	102  	.   0.04	3mqeC   85  V
ENSP00000356438	    rs5277	gtG	gtC	V	V	102  	.   0.04	3mqeD   85  V
ENSP00000356438	    rs5277	gtG	gtC	V	V	102  	.   0.04	3nt1A   85  V
ENSP00000356438	    rs5277	gtG	gtC	V	V	102  	.   0.04	3nt1B   85  V
ENSP00000356438	    rs5277	gtG	gtC	V	V	102  	.   0.04	3ntbA   85  V
ENSP00000356438	    rs5277	gtG	gtC	V	V	102  	.   0.04	3ntbB   85  V
ENSP00000356438	    rs5277	gtG	gtC	V	V	102  	.   0.04	3ntbC   85  V
ENSP00000356438	    rs5277	gtG	gtC	V	V	102  	.   0.04	3ntbD   85  V
ENSP00000356438	    rs5277	gtG	gtC	V	V	102  	.   0.04	3ntgA   85  V
ENSP00000356438	    rs5277	gtG	gtC	V	V	102  	.   0.04	3ntgB   85  V
ENSP00000356438	    rs5277	gtG	gtC	V	V	102  	.   0.04	3ntgC   85  V
ENSP00000356438	    rs5277	gtG	gtC	V	V	102  	.   0.04	3ntgD   85  V
ENSP00000356438	    rs5277	gtG	gtC	V	V	102  	.   0.04	3oltA   85  V
ENSP00000356438	    rs5277	gtG	gtC	V	V	102  	.   0.04	3oltB   85  V
ENSP00000356438	    rs5277	gtG	gtC	V	V	102  	.   0.04	3oluA   85  V
ENSP00000356438	    rs5277	gtG	gtC	V	V	102  	.   0.04	3oluB   85  V
ENSP00000356438	    rs5277	gtG	gtC	V	V	102  	.   0.04	3pghA   85  V
ENSP00000356438	    rs5277	gtG	gtC	V	V	102  	.   0.04	3pghB   85  V
ENSP00000356438	    rs5277	gtG	gtC	V	V	102  	.   0.04	3pghC   85  V
ENSP00000356438	    rs5277	gtG	gtC	V	V	102  	.   0.04	3pghD   85  V
ENSP00000356438	    rs5277	gtG	gtC	V	V	102  	.   0.04	3q7dA   85  V
ENSP00000356438	    rs5277	gtG	gtC	V	V	102  	.   0.04	3q7dB   85  V
ENSP00000356438	    rs5277	gtG	gtC	V	V	102  	.   0.04	3qh0A   85  V
ENSP00000356438	    rs5277	gtG	gtC	V	V	102  	.   0.04	3qh0B   85  V
ENSP00000356438	    rs5277	gtG	gtC	V	V	102  	.   0.04	3qmoA   85  V
ENSP00000356438	    rs5277	gtG	gtC	V	V	102  	.   0.04	3qmoB   85  V
ENSP00000356438	    rs5277	gtG	gtC	V	V	102  	.   0.04	3rr3A   85  V
ENSP00000356438	    rs5277	gtG	gtC	V	V	102  	.   0.04	3rr3B   85  V
ENSP00000356438	    rs5277	gtG	gtC	V	V	102  	.   0.04	3rr3C   85  V
ENSP00000356438	    rs5277	gtG	gtC	V	V	102  	.   0.04	3rr3D   85  V
ENSP00000356438	    rs5277	gtG	gtC	V	V	102  	.   0.04	3tziA   85  V
ENSP00000356438	    rs5277	gtG	gtC	V	V	102  	.   0.04	3tziB   85  V
ENSP00000356438	    rs5277	gtG	gtC	V	V	102  	.   0.04	4coxA   85  V
ENSP00000356438	    rs5277	gtG	gtC	V	V	102  	.   0.04	4coxB   85  V
ENSP00000356438	    rs5277	gtG	gtC	V	V	102  	.   0.04	4coxC   85  V
ENSP00000356438	    rs5277	gtG	gtC	V	V	102  	.   0.04	4coxD   85  V
ENSP00000356438	    rs5277	gtG	gtC	V	V	102  	.   0.04	4e1gA   85  V
ENSP00000356438	    rs5277	gtG	gtC	V	V	102  	.   0.04	4e1gB   85  V
ENSP00000356438	    rs5277	gtG	gtC	V	V	102  	.   0.04	4fm5A   85  V
ENSP00000356438	    rs5277	gtG	gtC	V	V	102  	.   0.04	4fm5B   85  V
ENSP00000356438	    rs5277	gtG	gtC	V	V	102  	.   0.04	4fm5C   85  V
ENSP00000356438	    rs5277	gtG	gtC	V	V	102  	.   0.04	4fm5D   85  V
ENSP00000356438	    rs5277	gtG	gtC	V	V	102  	.   0.04	4m10A   85  V
ENSP00000356438	    rs5277	gtG	gtC	V	V	102  	.   0.04	4m10B   85  V
ENSP00000356438	    rs5277	gtG	gtC	V	V	102  	.   0.04	4m10C   85  V
ENSP00000356438	    rs5277	gtG	gtC	V	V	102  	.   0.04	4m10D   85  V
ENSP00000356438	    rs5277	gtG	gtC	V	V	102  	.   0.04	4m11A   85  V
ENSP00000356438	    rs5277	gtG	gtC	V	V	102  	.   0.04	4m11B   85  V
ENSP00000356438	    rs5277	gtG	gtC	V	V	102  	.   0.04	4m11C   85  V
ENSP00000356438	    rs5277	gtG	gtC	V	V	102  	.   0.04	4m11D   85  V
ENSP00000356438	    rs5277	gtG	gtC	V	V	102  	.   0.04	4otjA   85  V
ENSP00000356438	    rs5277	gtG	gtC	V	V	102  	.   0.04	4otjB   85  V
ENSP00000356438	    rs5277	gtG	gtC	V	V	102  	.   0.04	4otjC   85  V
ENSP00000356438	    rs5277	gtG	gtC	V	V	102  	.   0.04	4otjD   85  V
ENSP00000356438	    rs5277	gtG	gtC	V	V	102  	.   0.04	4otyA   85  V
ENSP00000356438	    rs5277	gtG	gtC	V	V	102  	.   0.04	4otyB   85  V
ENSP00000356438	    rs5277	gtG	gtC	V	V	102  	.   0.04	4ph9A   85  V
ENSP00000356438	    rs5277	gtG	gtC	V	V	102  	.   0.04	4ph9B   85  V
ENSP00000356438	    rs5277	gtG	gtC	V	V	102  	.   0.04	4rrwA   85  V
ENSP00000356438	    rs5277	gtG	gtC	V	V	102  	.   0.04	4rrwB   85  V
ENSP00000356438	    rs5277	gtG	gtC	V	V	102  	.   0.04	4rrwC   85  V
ENSP00000356438	    rs5277	gtG	gtC	V	V	102  	.   0.04	4rrwD   85  V
ENSP00000356438	    rs5277	gtG	gtC	V	V	102  	.   0.04	4rrxA   85  V
ENSP00000356438	    rs5277	gtG	gtC	V	V	102  	.   0.04	4rrxB   85  V
ENSP00000356438	    rs5277	gtG	gtC	V	V	102  	.   0.04	4rryA   85  V
ENSP00000356438	    rs5277	gtG	gtC	V	V	102  	.   0.04	4rryB   85  V
ENSP00000356438	    rs5277	gtG	gtC	V	V	102  	.   0.04	4rryC   85  V
ENSP00000356438	    rs5277	gtG	gtC	V	V	102  	.   0.04	4rryD   85  V
ENSP00000356438	    rs5277	gtG	gtC	V	V	102  	.   0.04	4rrzA   85  V
ENSP00000356438	    rs5277	gtG	gtC	V	V	102  	.   0.04	4rrzB   85  V
ENSP00000356438	    rs5277	gtG	gtC	V	V	102  	.   0.04	4rrzC   85  V
ENSP00000356438	    rs5277	gtG	gtC	V	V	102  	.   0.04	4rrzD   85  V
ENSP00000356438	    rs5277	gtG	gtC	V	V	102  	.   0.04	4rs0A   85  V
ENSP00000356438	    rs5277	gtG	gtC	V	V	102  	.   0.04	4rutA   85  V
ENSP00000356438	    rs5277	gtG	gtC	V	V	102  	.   0.04	4rutB   85  V
ENSP00000356438	    rs5277	gtG	gtC	V	V	102  	.   0.04	4rutC   85  V
ENSP00000356438	    rs5277	gtG	gtC	V	V	102  	.   0.04	4rutD   85  V
ENSP00000356438	    rs5277	gtG	gtC	V	V	102  	.   0.04	4z0lA   85  V
ENSP00000356438	    rs5277	gtG	gtC	V	V	102  	.   0.04	4z0lB   85  V
ENSP00000356438	    rs5277	gtG	gtC	V	V	102  	.   0.04	4z0lC   85  V
ENSP00000356438	    rs5277	gtG	gtC	V	V	102  	.   0.04	4z0lD   85  V
ENSP00000356438	    rs5277	gtG	gtC	V	V	102  	.   0.04	5coxA   85  V
ENSP00000356438	    rs5277	gtG	gtC	V	V	102  	.   0.04	5coxB   85  V
ENSP00000356438	    rs5277	gtG	gtC	V	V	102  	.   0.04	5coxC   85  V
ENSP00000356438	    rs5277	gtG	gtC	V	V	102  	.   0.04	5coxD   85  V
ENSP00000356438	    rs5277	gtG	gtC	V	V	102  	.   0.04	5f19A   85  V
ENSP00000356438	    rs5277	gtG	gtC	V	V	102  	.   0.04	5f19B   85  V
ENSP00000356438	    rs5277	gtG	gtC	V	V	102  	.   0.04	5f1aA   85  V
ENSP00000356438	    rs5277	gtG	gtC	V	V	102  	.   0.04	5f1aB   85  V
ENSP00000356438	    rs5277	gtG	gtC	V	V	102  	.   0.04	5fdqA   85  V
ENSP00000356438	    rs5277	gtG	gtC	V	V	102  	.   0.04	5fdqB   85  V
ENSP00000356438	    rs5277	gtG	gtC	V	V	102  	.   0.04	5ikqA   84  V
ENSP00000356438	    rs5277	gtG	gtC	V	V	102  	.   0.04	5ikqB   84  V
ENSP00000356438	    rs5277	gtG	gtC	V	V	102  	.   0.04	5ikrA   84  V
ENSP00000356438	    rs5277	gtG	gtC	V	V	102  	.   0.04	5ikrB   84  V
ENSP00000356438	    rs5277	gtG	gtC	V	V	102  	.   0.04	5iktA   84  V
ENSP00000356438	    rs5277	gtG	gtC	V	V	102  	.   0.04	5iktB   84  V
ENSP00000356438	    rs5277	gtG	gtC	V	V	102  	.   0.04	5ikvA   84  V
ENSP00000356438	    rs5277	gtG	gtC	V	V	102  	.   0.04	5ikvB   84  V
ENSP00000356438	    rs5277	gtG	gtC	V	V	102  	.   0.04	5jvyA   85  V
ENSP00000356438	    rs5277	gtG	gtC	V	V	102  	.   0.04	5jvyB   85  V
ENSP00000356438	    rs5277	gtG	gtC	V	V	102  	.   0.04	5jvzA   85  V
ENSP00000356438	    rs5277	gtG	gtC	V	V	102  	.   0.04	5jvzB   85  V
ENSP00000356438	    rs5277	gtG	gtC	V	V	102  	.   0.04	5jw1A   85  V
ENSP00000356438	    rs5277	gtG	gtC	V	V	102  	.   0.04	5jw1B   85  V
ENSP00000356438	    rs5277	gtG	gtC	V	V	102  	.   0.04	5kirA   84  V
ENSP00000356438	    rs5277	gtG	gtC	V	V	102  	.   0.04	5kirB   84  V
ENSP00000356438	    rs5277	gtG	gtC	V	V	102  	.   0.04	5w58A   85  V
ENSP00000356438	    rs5277	gtG	gtC	V	V	102  	.   0.04	6coxA   85  V
ENSP00000356438	    rs5277	gtG	gtC	V	V	102  	.   0.04	6coxB   85  V
ENSP00000356438	    rs5277	gtG	gtA	V	V	102  	.   0.04	1cvuA   85  V
ENSP00000356438	    rs5277	gtG	gtA	V	V	102  	.   0.04	1cvuB   85  V
ENSP00000356438	    rs5277	gtG	gtA	V	V	102  	.   0.04	1cx2A   85  V
ENSP00000356438	    rs5277	gtG	gtA	V	V	102  	.   0.04	1cx2B   85  V
ENSP00000356438	    rs5277	gtG	gtA	V	V	102  	.   0.04	1cx2C   85  V
ENSP00000356438	    rs5277	gtG	gtA	V	V	102  	.   0.04	1cx2D   85  V
ENSP00000356438	    rs5277	gtG	gtA	V	V	102  	.   0.04	1ddxA   85  V
ENSP00000356438	    rs5277	gtG	gtA	V	V	102  	.   0.04	1ddxB   85  V
ENSP00000356438	    rs5277	gtG	gtA	V	V	102  	.   0.04	1ddxC   85  V
ENSP00000356438	    rs5277	gtG	gtA	V	V	102  	.   0.04	1ddxD   85  V
ENSP00000356438	    rs5277	gtG	gtA	V	V	102  	.   0.04	1pxxA   85  V
ENSP00000356438	    rs5277	gtG	gtA	V	V	102  	.   0.04	1pxxB   85  V
ENSP00000356438	    rs5277	gtG	gtA	V	V	102  	.   0.04	1pxxC   85  V
ENSP00000356438	    rs5277	gtG	gtA	V	V	102  	.   0.04	1pxxD   85  V
ENSP00000356438	    rs5277	gtG	gtA	V	V	102  	.   0.04	3hs5A   85  V
ENSP00000356438	    rs5277	gtG	gtA	V	V	102  	.   0.04	3hs5B   85  V
ENSP00000356438	    rs5277	gtG	gtA	V	V	102  	.   0.04	3hs6A   85  V
ENSP00000356438	    rs5277	gtG	gtA	V	V	102  	.   0.04	3hs6B   85  V
ENSP00000356438	    rs5277	gtG	gtA	V	V	102  	.   0.04	3hs7A   85  V
ENSP00000356438	    rs5277	gtG	gtA	V	V	102  	.   0.04	3hs7B   85  V
ENSP00000356438	    rs5277	gtG	gtA	V	V	102  	.   0.04	3krkA   85  V
ENSP00000356438	    rs5277	gtG	gtA	V	V	102  	.   0.04	3krkB   85  V
ENSP00000356438	    rs5277	gtG	gtA	V	V	102  	.   0.04	3ln0A   85  V
ENSP00000356438	    rs5277	gtG	gtA	V	V	102  	.   0.04	3ln0B   85  V
ENSP00000356438	    rs5277	gtG	gtA	V	V	102  	.   0.04	3ln0C   85  V
ENSP00000356438	    rs5277	gtG	gtA	V	V	102  	.   0.04	3ln0D   85  V
ENSP00000356438	    rs5277	gtG	gtA	V	V	102  	.   0.04	3ln1A   85  V
ENSP00000356438	    rs5277	gtG	gtA	V	V	102  	.   0.04	3ln1B   85  V
ENSP00000356438	    rs5277	gtG	gtA	V	V	102  	.   0.04	3ln1C   85  V
ENSP00000356438	    rs5277	gtG	gtA	V	V	102  	.   0.04	3ln1D   85  V
ENSP00000356438	    rs5277	gtG	gtA	V	V	102  	.   0.04	3mdlA   85  V
ENSP00000356438	    rs5277	gtG	gtA	V	V	102  	.   0.04	3mdlB   85  V
ENSP00000356438	    rs5277	gtG	gtA	V	V	102  	.   0.04	3mqeA   85  V
ENSP00000356438	    rs5277	gtG	gtA	V	V	102  	.   0.04	3mqeB   85  V
ENSP00000356438	    rs5277	gtG	gtA	V	V	102  	.   0.04	3mqeC   85  V
ENSP00000356438	    rs5277	gtG	gtA	V	V	102  	.   0.04	3mqeD   85  V
ENSP00000356438	    rs5277	gtG	gtA	V	V	102  	.   0.04	3nt1A   85  V
ENSP00000356438	    rs5277	gtG	gtA	V	V	102  	.   0.04	3nt1B   85  V
ENSP00000356438	    rs5277	gtG	gtA	V	V	102  	.   0.04	3ntbA   85  V
ENSP00000356438	    rs5277	gtG	gtA	V	V	102  	.   0.04	3ntbB   85  V
ENSP00000356438	    rs5277	gtG	gtA	V	V	102  	.   0.04	3ntbC   85  V
ENSP00000356438	    rs5277	gtG	gtA	V	V	102  	.   0.04	3ntbD   85  V
ENSP00000356438	    rs5277	gtG	gtA	V	V	102  	.   0.04	3ntgA   85  V
ENSP00000356438	    rs5277	gtG	gtA	V	V	102  	.   0.04	3ntgB   85  V
ENSP00000356438	    rs5277	gtG	gtA	V	V	102  	.   0.04	3ntgC   85  V
ENSP00000356438	    rs5277	gtG	gtA	V	V	102  	.   0.04	3ntgD   85  V
ENSP00000356438	    rs5277	gtG	gtA	V	V	102  	.   0.04	3oltA   85  V
ENSP00000356438	    rs5277	gtG	gtA	V	V	102  	.   0.04	3oltB   85  V
ENSP00000356438	    rs5277	gtG	gtA	V	V	102  	.   0.04	3oluA   85  V
ENSP00000356438	    rs5277	gtG	gtA	V	V	102  	.   0.04	3oluB   85  V
ENSP00000356438	    rs5277	gtG	gtA	V	V	102  	.   0.04	3pghA   85  V
ENSP00000356438	    rs5277	gtG	gtA	V	V	102  	.   0.04	3pghB   85  V
ENSP00000356438	    rs5277	gtG	gtA	V	V	102  	.   0.04	3pghC   85  V
ENSP00000356438	    rs5277	gtG	gtA	V	V	102  	.   0.04	3pghD   85  V
ENSP00000356438	    rs5277	gtG	gtA	V	V	102  	.   0.04	3q7dA   85  V
ENSP00000356438	    rs5277	gtG	gtA	V	V	102  	.   0.04	3q7dB   85  V
ENSP00000356438	    rs5277	gtG	gtA	V	V	102  	.   0.04	3qh0A   85  V
ENSP00000356438	    rs5277	gtG	gtA	V	V	102  	.   0.04	3qh0B   85  V
ENSP00000356438	    rs5277	gtG	gtA	V	V	102  	.   0.04	3qmoA   85  V
ENSP00000356438	    rs5277	gtG	gtA	V	V	102  	.   0.04	3qmoB   85  V
ENSP00000356438	    rs5277	gtG	gtA	V	V	102  	.   0.04	3rr3A   85  V
ENSP00000356438	    rs5277	gtG	gtA	V	V	102  	.   0.04	3rr3B   85  V
ENSP00000356438	    rs5277	gtG	gtA	V	V	102  	.   0.04	3rr3C   85  V
ENSP00000356438	    rs5277	gtG	gtA	V	V	102  	.   0.04	3rr3D   85  V
ENSP00000356438	    rs5277	gtG	gtA	V	V	102  	.   0.04	3tziA   85  V
ENSP00000356438	    rs5277	gtG	gtA	V	V	102  	.   0.04	3tziB   85  V
ENSP00000356438	    rs5277	gtG	gtA	V	V	102  	.   0.04	4coxA   85  V
ENSP00000356438	    rs5277	gtG	gtA	V	V	102  	.   0.04	4coxB   85  V
ENSP00000356438	    rs5277	gtG	gtA	V	V	102  	.   0.04	4coxC   85  V
ENSP00000356438	    rs5277	gtG	gtA	V	V	102  	.   0.04	4coxD   85  V
ENSP00000356438	    rs5277	gtG	gtA	V	V	102  	.   0.04	4e1gA   85  V
ENSP00000356438	    rs5277	gtG	gtA	V	V	102  	.   0.04	4e1gB   85  V
ENSP00000356438	    rs5277	gtG	gtA	V	V	102  	.   0.04	4fm5A   85  V
ENSP00000356438	    rs5277	gtG	gtA	V	V	102  	.   0.04	4fm5B   85  V
ENSP00000356438	    rs5277	gtG	gtA	V	V	102  	.   0.04	4fm5C   85  V
ENSP00000356438	    rs5277	gtG	gtA	V	V	102  	.   0.04	4fm5D   85  V
ENSP00000356438	    rs5277	gtG	gtA	V	V	102  	.   0.04	4m10A   85  V
ENSP00000356438	    rs5277	gtG	gtA	V	V	102  	.   0.04	4m10B   85  V
ENSP00000356438	    rs5277	gtG	gtA	V	V	102  	.   0.04	4m10C   85  V
ENSP00000356438	    rs5277	gtG	gtA	V	V	102  	.   0.04	4m10D   85  V
ENSP00000356438	    rs5277	gtG	gtA	V	V	102  	.   0.04	4m11A   85  V
ENSP00000356438	    rs5277	gtG	gtA	V	V	102  	.   0.04	4m11B   85  V
ENSP00000356438	    rs5277	gtG	gtA	V	V	102  	.   0.04	4m11C   85  V
ENSP00000356438	    rs5277	gtG	gtA	V	V	102  	.   0.04	4m11D   85  V
ENSP00000356438	    rs5277	gtG	gtA	V	V	102  	.   0.04	4otjA   85  V
ENSP00000356438	    rs5277	gtG	gtA	V	V	102  	.   0.04	4otjB   85  V
ENSP00000356438	    rs5277	gtG	gtA	V	V	102  	.   0.04	4otjC   85  V
ENSP00000356438	    rs5277	gtG	gtA	V	V	102  	.   0.04	4otjD   85  V
ENSP00000356438	    rs5277	gtG	gtA	V	V	102  	.   0.04	4otyA   85  V
ENSP00000356438	    rs5277	gtG	gtA	V	V	102  	.   0.04	4otyB   85  V
ENSP00000356438	    rs5277	gtG	gtA	V	V	102  	.   0.04	4ph9A   85  V
ENSP00000356438	    rs5277	gtG	gtA	V	V	102  	.   0.04	4ph9B   85  V
ENSP00000356438	    rs5277	gtG	gtA	V	V	102  	.   0.04	4rrwA   85  V
ENSP00000356438	    rs5277	gtG	gtA	V	V	102  	.   0.04	4rrwB   85  V
ENSP00000356438	    rs5277	gtG	gtA	V	V	102  	.   0.04	4rrwC   85  V
ENSP00000356438	    rs5277	gtG	gtA	V	V	102  	.   0.04	4rrwD   85  V
ENSP00000356438	    rs5277	gtG	gtA	V	V	102  	.   0.04	4rrxA   85  V
ENSP00000356438	    rs5277	gtG	gtA	V	V	102  	.   0.04	4rrxB   85  V
ENSP00000356438	    rs5277	gtG	gtA	V	V	102  	.   0.04	4rryA   85  V
ENSP00000356438	    rs5277	gtG	gtA	V	V	102  	.   0.04	4rryB   85  V
ENSP00000356438	    rs5277	gtG	gtA	V	V	102  	.   0.04	4rryC   85  V
ENSP00000356438	    rs5277	gtG	gtA	V	V	102  	.   0.04	4rryD   85  V
ENSP00000356438	    rs5277	gtG	gtA	V	V	102  	.   0.04	4rrzA   85  V
ENSP00000356438	    rs5277	gtG	gtA	V	V	102  	.   0.04	4rrzB   85  V
ENSP00000356438	    rs5277	gtG	gtA	V	V	102  	.   0.04	4rrzC   85  V
ENSP00000356438	    rs5277	gtG	gtA	V	V	102  	.   0.04	4rrzD   85  V
ENSP00000356438	    rs5277	gtG	gtA	V	V	102  	.   0.04	4rs0A   85  V
ENSP00000356438	    rs5277	gtG	gtA	V	V	102  	.   0.04	4rutA   85  V
ENSP00000356438	    rs5277	gtG	gtA	V	V	102  	.   0.04	4rutB   85  V
ENSP00000356438	    rs5277	gtG	gtA	V	V	102  	.   0.04	4rutC   85  V
ENSP00000356438	    rs5277	gtG	gtA	V	V	102  	.   0.04	4rutD   85  V
ENSP00000356438	    rs5277	gtG	gtA	V	V	102  	.   0.04	4z0lA   85  V
ENSP00000356438	    rs5277	gtG	gtA	V	V	102  	.   0.04	4z0lB   85  V
ENSP00000356438	    rs5277	gtG	gtA	V	V	102  	.   0.04	4z0lC   85  V
ENSP00000356438	    rs5277	gtG	gtA	V	V	102  	.   0.04	4z0lD   85  V
ENSP00000356438	    rs5277	gtG	gtA	V	V	102  	.   0.04	5coxA   85  V
ENSP00000356438	    rs5277	gtG	gtA	V	V	102  	.   0.04	5coxB   85  V
ENSP00000356438	    rs5277	gtG	gtA	V	V	102  	.   0.04	5coxC   85  V
ENSP00000356438	    rs5277	gtG	gtA	V	V	102  	.   0.04	5coxD   85  V
ENSP00000356438	    rs5277	gtG	gtA	V	V	102  	.   0.04	5f19A   85  V
ENSP00000356438	    rs5277	gtG	gtA	V	V	102  	.   0.04	5f19B   85  V
ENSP00000356438	    rs5277	gtG	gtA	V	V	102  	.   0.04	5f1aA   85  V
ENSP00000356438	    rs5277	gtG	gtA	V	V	102  	.   0.04	5f1aB   85  V
ENSP00000356438	    rs5277	gtG	gtA	V	V	102  	.   0.04	5fdqA   85  V
ENSP00000356438	    rs5277	gtG	gtA	V	V	102  	.   0.04	5fdqB   85  V
ENSP00000356438	    rs5277	gtG	gtA	V	V	102  	.   0.04	5ikqA   84  V
ENSP00000356438	    rs5277	gtG	gtA	V	V	102  	.   0.04	5ikqB   84  V
ENSP00000356438	    rs5277	gtG	gtA	V	V	102  	.   0.04	5ikrA   84  V
ENSP00000356438	    rs5277	gtG	gtA	V	V	102  	.   0.04	5ikrB   84  V
ENSP00000356438	    rs5277	gtG	gtA	V	V	102  	.   0.04	5iktA   84  V
ENSP00000356438	    rs5277	gtG	gtA	V	V	102  	.   0.04	5iktB   84  V
ENSP00000356438	    rs5277	gtG	gtA	V	V	102  	.   0.04	5ikvA   84  V
ENSP00000356438	    rs5277	gtG	gtA	V	V	102  	.   0.04	5ikvB   84  V
ENSP00000356438	    rs5277	gtG	gtA	V	V	102  	.   0.04	5jvyA   85  V
ENSP00000356438	    rs5277	gtG	gtA	V	V	102  	.   0.04	5jvyB   85  V
ENSP00000356438	    rs5277	gtG	gtA	V	V	102  	.   0.04	5jvzA   85  V
ENSP00000356438	    rs5277	gtG	gtA	V	V	102  	.   0.04	5jvzB   85  V
ENSP00000356438	    rs5277	gtG	gtA	V	V	102  	.   0.04	5jw1A   85  V
ENSP00000356438	    rs5277	gtG	gtA	V	V	102  	.   0.04	5jw1B   85  V
ENSP00000356438	    rs5277	gtG	gtA	V	V	102  	.   0.04	5kirA   84  V
ENSP00000356438	    rs5277	gtG	gtA	V	V	102  	.   0.04	5kirB   84  V
ENSP00000356438	    rs5277	gtG	gtA	V	V	102  	.   0.04	5w58A   85  V
ENSP00000356438	    rs5277	gtG	gtA	V	V	102  	.   0.04	6coxA   85  V
ENSP00000356438	    rs5277	gtG	gtA	V	V	102  	.   0.04	6coxB   85  V
ENSP00000356505	 rs2274064	aAg	aGg	K	R	181  	.   0.13	1e96B  180  K
ENSP00000356505	 rs2274064	aAg	aGg	K	R	181  	.   0.13	1hh8A  180  R
ENSP00000356505	 rs2274064	aAg	aGg	K	R	181  	.   0.13	1wm5A  185  K
ENSP00000356505	rs17849501	gcG	gcA	A	A	202  	*   0.81	1wm5A  204  A
ENSP00000356506	 rs2274064	aAg	aGg	K	R	181  	.   0.13	1e96B  180  K
ENSP00000356506	 rs2274064	aAg	aGg	K	R	181  	.   0.13	1hh8A  180  R
ENSP00000356506	 rs2274064	aAg	aGg	K	R	181  	.   0.13	1wm5A  185  K
ENSP00000356506	rs17849501	gcG	gcA	A	A	202  	*   0.81	1wm5A  204  A
ENSP00000356507	  rs789169	ctG	ctA	L	L	101  	.   0.15	1ya0A   72  L
ENSP00000356507	  rs789169	ctG	ctA	L	L	101  	.   0.15	1ya0B   72  L
ENSP00000356530	rs56250729	Atc	Gtc	I	V	97   	.   0.01	4g8kB   74  I
ENSP00000356530	rs56250729	Atc	Gtc	I	V	97   	.   0.01	4g8lB   77  I
ENSP00000356530	rs56250729	Atc	Gtc	I	V	97   	.   0.01	4g8lC   83  I
ENSP00000356530	rs56250729	Atc	Gtc	I	V	97   	.   0.01	4oavA   74  I
ENSP00000356530	rs56250729	Atc	Ctc	I	L	97   	.   0.01	4g8kB   74  I
ENSP00000356530	rs56250729	Atc	Ctc	I	L	97   	.   0.01	4g8lB   77  I
ENSP00000356530	rs56250729	Atc	Ctc	I	L	97   	.   0.01	4g8lC   83  I
ENSP00000356530	rs56250729	Atc	Ctc	I	L	97   	.   0.01	4oavA   74  I
ENSP00000356572	 rs2298206	acA	acG	T	T	145  	.   0.06	3q6oA  109  T
ENSP00000356572	 rs2298206	acA	acG	T	T	145  	.   0.06	4ij3A  111  T
ENSP00000356572	 rs2298206	acA	acG	T	T	145  	.   0.06	4p2lB  111  T
ENSP00000356572	 rs2298206	acA	acG	T	T	145  	.   0.06	5d8iA  111  T
ENSP00000356572	 rs2298206	acA	acG	T	T	145  	.   0.06	5d8iB  112  T
ENSP00000356572	 rs2298206	acA	acG	T	T	145  	.   0.06	5d93A  114  T
ENSP00000356572	 rs2298206	acA	acG	T	T	145  	.   0.06	5d93D  112  T
ENSP00000356572	 rs2298206	acA	acG	T	T	145  	.   0.06	5d96A  111  T
ENSP00000356572	 rs2298206	acA	acG	T	T	145  	.   0.06	5d96D  111  T
ENSP00000356574	 rs2298206	acA	acG	T	T	145  	.   0.03	3q6oA  109  T
ENSP00000356574	 rs2298206	acA	acG	T	T	145  	.   0.03	4ij3A  111  T
ENSP00000356574	 rs2298206	acA	acG	T	T	145  	.   0.03	4p2lB  111  T
ENSP00000356574	 rs2298206	acA	acG	T	T	145  	.   0.03	5d8iA  111  T
ENSP00000356574	 rs2298206	acA	acG	T	T	145  	.   0.03	5d8iB  112  T
ENSP00000356574	 rs2298206	acA	acG	T	T	145  	.   0.03	5d93A  114  T
ENSP00000356574	 rs2298206	acA	acG	T	T	145  	.   0.03	5d93D  112  T
ENSP00000356574	 rs2298206	acA	acG	T	T	145  	.   0.03	5d96A  111  T
ENSP00000356574	 rs2298206	acA	acG	T	T	145  	.   0.03	5d96D  111  T
ENSP00000356593	 rs2232300	acT	acA	T	T	11   	.   0.15	2lxlA   69  A
ENSP00000356593	 rs2232300	acT	acA	T	T	11   	.   0.15	2lxmA   69  A
ENSP00000356593	 rs2232300	acT	acA	T	T	11   	.   0.15	4txpA   67  A
ENSP00000356593	 rs2232300	acT	acA	T	T	11   	.   0.15	4txpB   66  A
ENSP00000356593	 rs2232300	acT	acA	T	T	11   	.   0.15	4txpC   61  A
ENSP00000356593	 rs2232300	acT	acA	T	T	11   	.   0.15	4txqA   69  A
ENSP00000356593	 rs2232300	acT	acA	T	T	11   	.   0.15	4txqB   69  A
ENSP00000356593	 rs2232300	acT	acA	T	T	11   	.   0.15	4txrB   66  A
ENSP00000356593	 rs2232300	acT	acA	T	T	11   	.   0.15	4u7eA   70  A
ENSP00000356602	 rs2232300	Tgt	Agt	C	S	38   	.   0.01	2lxlA   38  C
ENSP00000356602	 rs2232300	Tgt	Agt	C	S	38   	.   0.01	2lxmA   38  C
ENSP00000356602	 rs2232300	Tgt	Agt	C	S	38   	.   0.01	4txpA   36  C
ENSP00000356602	 rs2232300	Tgt	Agt	C	S	38   	.   0.01	4txpB   35  C
ENSP00000356602	 rs2232300	Tgt	Agt	C	S	38   	.   0.01	4txpC   34  C
ENSP00000356602	 rs2232300	Tgt	Agt	C	S	38   	.   0.01	4txqA   38  C
ENSP00000356602	 rs2232300	Tgt	Agt	C	S	38   	.   0.01	4txqB   38  C
ENSP00000356602	 rs2232300	Tgt	Agt	C	S	38   	.   0.01	4txrB   35  C
ENSP00000356602	 rs2232300	Tgt	Agt	C	S	38   	.   0.01	4u7eA   39  C
ENSP00000356705	rs139523475	aaC	aaT	N	N	682  	.   0.02	3snhA  605  N
ENSP00000356705	rs139523475	aaC	aaT	N	N	682  	.   0.02	3zvrA  618  N
ENSP00000356705	rs139523475	aaC	aaT	N	N	682  	.   0.02	4uudB  189  N
ENSP00000356705	rs139523475	aaC	aaT	N	N	682  	.   0.02	4uudE  189  N
ENSP00000356705	rs139523475	aaC	aaT	N	N	682  	.   0.02	4uudI  189  N
ENSP00000356705	rs139523475	aaC	aaT	N	N	682  	.   0.02	4uudJ  189  N
ENSP00000356705	rs139523475	aaC	aaT	N	N	682  	.   0.02	4uukB  193  N
ENSP00000356705	rs139523475	aaC	aaT	N	N	682  	.   0.02	4uukE  193  N
ENSP00000356705	rs139523475	aaC	aaT	N	N	682  	.   0.02	4uukI  193  N
ENSP00000356705	rs139523475	aaC	aaT	N	N	682  	.   0.02	4uukJ  193  N
ENSP00000356705	rs139523475	aaC	aaT	N	N	682  	.   0.02	5a3fA  638  N
ENSP00000356705	rs139523475	aaC	aaT	N	N	682  	.   0.02	5a3fB  504  N
ENSP00000356705	rs139523475	aaC	aaT	N	N	682  	.   0.02	5a3fC  647  N
ENSP00000356705	rs139523475	aaC	aaT	N	N	682  	.   0.02	5a3fD  503  N
ENSP00000356705	rs139523475	aaC	aaT	N	N	682  	.   0.02	6dluA  678  N
ENSP00000356705	rs139523475	aaC	aaT	N	N	682  	.   0.02	6dluB  692  N
ENSP00000356705	rs139523475	aaC	aaT	N	N	682  	.   0.02	6dlvA  627  N
ENSP00000356705	rs139523475	aaC	aaT	N	N	682  	.   0.02	6dlvB  629  N
ENSP00000356705	rs139523475	aaC	aaT	N	N	682  	.   0.02	6dlvC  626  N
ENSP00000356705	rs139523475	aaC	aaT	N	N	682  	.   0.02	6dlvD  624  N
ENSP00000356748	    rs5361	Agt	Cgt	S	R	149  	.   0.01	1eslA  128  S
ENSP00000356748	    rs5361	Agt	Cgt	S	R	149  	.   0.01	1g1tA  128  S
ENSP00000356748	    rs5361	Agt	Cgt	S	R	149  	.   0.01	4c16A  128  S
ENSP00000356748	    rs5361	Agt	Cgt	S	R	149  	.   0.01	4c16B  128  S
ENSP00000356748	    rs5361	Agt	Cgt	S	R	149  	.   0.01	4csyA  128  S
ENSP00000356748	    rs5361	Agt	Cgt	S	R	149  	.   0.01	4csyB  128  S
ENSP00000356749	    rs5361	Agt	Cgt	S	R	149  	.   0.02	1eslA  128  S
ENSP00000356749	    rs5361	Agt	Cgt	S	R	149  	.   0.02	1g1tA  128  S
ENSP00000356750	    rs5361	Agt	Cgt	S	R	149  	.   0.02	1eslA  128  S
ENSP00000356750	    rs5361	Agt	Cgt	S	R	149  	.   0.02	1g1tA  128  S
ENSP00000356750	    rs5361	Agt	Cgt	S	R	149  	.   0.02	4c16A  128  S
ENSP00000356750	    rs5361	Agt	Cgt	S	R	149  	.   0.02	4c16B  128  S
ENSP00000356750	    rs5361	Agt	Cgt	S	R	149  	.   0.02	4csyA  128  S
ENSP00000356750	    rs5361	Agt	Cgt	S	R	149  	.   0.02	4csyB  128  S
ENSP00000356751	    rs5361	Agt	Cgt	S	R	149  	.   0.02	1eslA  128  S
ENSP00000356751	    rs5361	Agt	Cgt	S	R	149  	.   0.02	1g1tA  128  S
ENSP00000356751	    rs5361	Agt	Cgt	S	R	149  	.   0.02	4c16A  128  S
ENSP00000356751	    rs5361	Agt	Cgt	S	R	149  	.   0.02	4c16B  128  S
ENSP00000356751	    rs5361	Agt	Cgt	S	R	149  	.   0.02	4csyA  128  S
ENSP00000356751	    rs5361	Agt	Cgt	S	R	149  	.   0.02	4csyB  128  S
ENSP00000356770	    rs6030	Atg	Gtg	M	V	1769 	.   0.21	1sddB  157  V
ENSP00000356771	    rs6030	Atg	Gtg	M	V	1764 	.    0.2	1sddB  157  V
ENSP00000356846	rs11578336	Tca	Gca	S	A	41   	.   0.04	2ctoA   48  S
ENSP00000356905	 rs2294757	aCt	aTt	T	I	26   	.   0.02	4cyfA    5  I
ENSP00000356905	 rs2294757	aCt	aTt	T	I	26   	.   0.02	4cyfB    5  I
ENSP00000356905	 rs2294757	aCt	aTt	T	I	26   	.   0.02	4cygA    6  I
ENSP00000356905	 rs2294757	aCt	aTt	T	I	26   	.   0.02	4cygB    5  I
ENSP00000356905	 rs2294757	aCt	aTt	T	I	26   	.   0.02	4cyyA    7  I
ENSP00000356949	 rs1801274	cAt	cGt	H	R	166  	.   0.04	1fcgA  131  H
ENSP00000356949	 rs1801274	cAt	cGt	H	R	166  	.   0.04	1h9vA  131  R
ENSP00000356949	 rs1801274	cAt	cGt	H	R	166  	.   0.04	2fcbA  131  R
ENSP00000356949	 rs1801274	cAt	cGt	H	R	166  	.   0.04	3d5oF  131  R
ENSP00000356949	 rs1801274	cAt	cGt	H	R	166  	.   0.04	3ry4A  131  H
ENSP00000356949	 rs1801274	cAt	cGt	H	R	166  	.   0.04	3ry5A  131  R
ENSP00000356949	 rs1801274	cAt	cGt	H	R	166  	.   0.04	3ry6C  128  R
ENSP00000356949	 rs1801274	cAt	cGt	H	R	166  	.   0.04	3wjjC  127  R
ENSP00000356949	 rs1801274	cAt	cGt	H	R	166  	.   0.04	3wjlC  121  R
ENSP00000356949	 rs1801274	cAt	cGt	H	R	166  	.   0.04	5occA  120  R
ENSP00000356958	 rs2307414	Ggc	Tgc	G	C	323  	.   0.27	1xv9B  212  G
ENSP00000356958	 rs2307414	Ggc	Tgc	G	C	323  	.   0.27	1xv9D  212  G
ENSP00000356958	 rs2307414	Ggc	Tgc	G	C	323  	.   0.27	1xvpB  212  G
ENSP00000356958	 rs2307414	Ggc	Tgc	G	C	323  	.   0.27	1xvpD  212  G
ENSP00000356958	 rs2307414	Ggc	Cgc	G	R	323  	.   0.27	1xv9B  212  G
ENSP00000356958	 rs2307414	Ggc	Cgc	G	R	323  	.   0.27	1xv9D  212  G
ENSP00000356958	 rs2307414	Ggc	Cgc	G	R	323  	.   0.27	1xvpB  212  G
ENSP00000356958	 rs2307414	Ggc	Cgc	G	R	323  	.   0.27	1xvpD  212  G
ENSP00000356958	 rs2307414	Ggc	Agc	G	S	323  	.   0.27	1xv9B  212  G
ENSP00000356958	 rs2307414	Ggc	Agc	G	S	323  	.   0.27	1xv9D  212  G
ENSP00000356958	 rs2307414	Ggc	Agc	G	S	323  	.   0.27	1xvpB  212  G
ENSP00000356958	 rs2307414	Ggc	Agc	G	S	323  	.   0.27	1xvpD  212  G
ENSP00000356958	 rs2307424	ccC	ccT	P	P	180  	.   0.01	1xv9B   78  P
ENSP00000356958	 rs2307424	ccC	ccT	P	P	180  	.   0.01	1xv9D   78  P
ENSP00000356958	 rs2307424	ccC	ccT	P	P	180  	.   0.01	1xvpB   78  P
ENSP00000356958	 rs2307424	ccC	ccT	P	P	180  	.   0.01	1xvpD   78  P
ENSP00000356959	 rs2307414	Ggc	Tgc	G	C	323  	.   0.27	1xv9B  212  G
ENSP00000356959	 rs2307414	Ggc	Tgc	G	C	323  	.   0.27	1xv9D  212  G
ENSP00000356959	 rs2307414	Ggc	Tgc	G	C	323  	.   0.27	1xvpB  212  G
ENSP00000356959	 rs2307414	Ggc	Tgc	G	C	323  	.   0.27	1xvpD  212  G
ENSP00000356959	 rs2307414	Ggc	Cgc	G	R	323  	.   0.27	1xv9B  212  G
ENSP00000356959	 rs2307414	Ggc	Cgc	G	R	323  	.   0.27	1xv9D  212  G
ENSP00000356959	 rs2307414	Ggc	Cgc	G	R	323  	.   0.27	1xvpB  212  G
ENSP00000356959	 rs2307414	Ggc	Cgc	G	R	323  	.   0.27	1xvpD  212  G
ENSP00000356959	 rs2307414	Ggc	Agc	G	S	323  	.   0.27	1xv9B  212  G
ENSP00000356959	 rs2307414	Ggc	Agc	G	S	323  	.   0.27	1xv9D  212  G
ENSP00000356959	 rs2307414	Ggc	Agc	G	S	323  	.   0.27	1xvpB  212  G
ENSP00000356959	 rs2307414	Ggc	Agc	G	S	323  	.   0.27	1xvpD  212  G
ENSP00000356959	 rs2307424	ccC	ccT	P	P	180  	.   0.01	1xv9B   78  P
ENSP00000356959	 rs2307424	ccC	ccT	P	P	180  	.   0.01	1xv9D   78  P
ENSP00000356959	 rs2307424	ccC	ccT	P	P	180  	.   0.01	1xvpB   78  P
ENSP00000356959	 rs2307424	ccC	ccT	P	P	180  	.   0.01	1xvpD   78  P
ENSP00000356960	 rs2307414	Ggc	Tgc	G	C	290  	.   0.03	1xv9B  212  G
ENSP00000356960	 rs2307414	Ggc	Tgc	G	C	290  	.   0.03	1xv9D  212  G
ENSP00000356960	 rs2307414	Ggc	Tgc	G	C	290  	.   0.03	1xvpB  212  G
ENSP00000356960	 rs2307414	Ggc	Tgc	G	C	290  	.   0.03	1xvpD  212  G
ENSP00000356960	 rs2307414	Ggc	Cgc	G	R	290  	.   0.03	1xv9B  212  G
ENSP00000356960	 rs2307414	Ggc	Cgc	G	R	290  	.   0.03	1xv9D  212  G
ENSP00000356960	 rs2307414	Ggc	Cgc	G	R	290  	.   0.03	1xvpB  212  G
ENSP00000356960	 rs2307414	Ggc	Cgc	G	R	290  	.   0.03	1xvpD  212  G
ENSP00000356960	 rs2307414	Ggc	Agc	G	S	290  	.   0.03	1xv9B  212  G
ENSP00000356960	 rs2307414	Ggc	Agc	G	S	290  	.   0.03	1xv9D  212  G
ENSP00000356960	 rs2307414	Ggc	Agc	G	S	290  	.   0.03	1xvpB  212  G
ENSP00000356960	 rs2307414	Ggc	Agc	G	S	290  	.   0.03	1xvpD  212  G
ENSP00000356960	 rs2307424	ccC	ccT	P	P	151  	.   0.01	1xv9B   78  P
ENSP00000356960	 rs2307424	ccC	ccT	P	P	151  	.   0.01	1xv9D   78  P
ENSP00000356960	 rs2307424	ccC	ccT	P	P	151  	.   0.01	1xvpB   78  P
ENSP00000356960	 rs2307424	ccC	ccT	P	P	151  	.   0.01	1xvpD   78  P
ENSP00000356961	 rs2307414	Ggc	Tgc	G	C	318  	.    0.2	1xv9B  212  G
ENSP00000356961	 rs2307414	Ggc	Tgc	G	C	318  	.    0.2	1xv9D  212  G
ENSP00000356961	 rs2307414	Ggc	Tgc	G	C	318  	.    0.2	1xvpB  212  G
ENSP00000356961	 rs2307414	Ggc	Tgc	G	C	318  	.    0.2	1xvpD  212  G
ENSP00000356961	 rs2307414	Ggc	Cgc	G	R	318  	.    0.2	1xv9B  212  G
ENSP00000356961	 rs2307414	Ggc	Cgc	G	R	318  	.    0.2	1xv9D  212  G
ENSP00000356961	 rs2307414	Ggc	Cgc	G	R	318  	.    0.2	1xvpB  212  G
ENSP00000356961	 rs2307414	Ggc	Cgc	G	R	318  	.    0.2	1xvpD  212  G
ENSP00000356961	 rs2307414	Ggc	Agc	G	S	318  	.    0.2	1xv9B  212  G
ENSP00000356961	 rs2307414	Ggc	Agc	G	S	318  	.    0.2	1xv9D  212  G
ENSP00000356961	 rs2307414	Ggc	Agc	G	S	318  	.    0.2	1xvpB  212  G
ENSP00000356961	 rs2307414	Ggc	Agc	G	S	318  	.    0.2	1xvpD  212  G
ENSP00000356961	 rs2307424	ccC	ccT	P	P	180  	.   0.01	1xv9B   78  P
ENSP00000356961	 rs2307424	ccC	ccT	P	P	180  	.   0.01	1xv9D   78  P
ENSP00000356961	 rs2307424	ccC	ccT	P	P	180  	.   0.01	1xvpB   78  P
ENSP00000356961	 rs2307424	ccC	ccT	P	P	180  	.   0.01	1xvpD   78  P
ENSP00000356962	 rs2307414	Ggc	Tgc	G	C	314  	.   0.27	1xv9B  212  G
ENSP00000356962	 rs2307414	Ggc	Tgc	G	C	314  	.   0.27	1xv9D  212  G
ENSP00000356962	 rs2307414	Ggc	Tgc	G	C	314  	.   0.27	1xvpB  212  G
ENSP00000356962	 rs2307414	Ggc	Tgc	G	C	314  	.   0.27	1xvpD  212  G
ENSP00000356962	 rs2307414	Ggc	Cgc	G	R	314  	.   0.27	1xv9B  212  G
ENSP00000356962	 rs2307414	Ggc	Cgc	G	R	314  	.   0.27	1xv9D  212  G
ENSP00000356962	 rs2307414	Ggc	Cgc	G	R	314  	.   0.27	1xvpB  212  G
ENSP00000356962	 rs2307414	Ggc	Cgc	G	R	314  	.   0.27	1xvpD  212  G
ENSP00000356962	 rs2307414	Ggc	Agc	G	S	314  	.   0.27	1xv9B  212  G
ENSP00000356962	 rs2307414	Ggc	Agc	G	S	314  	.   0.27	1xv9D  212  G
ENSP00000356962	 rs2307414	Ggc	Agc	G	S	314  	.   0.27	1xvpB  212  G
ENSP00000356962	 rs2307414	Ggc	Agc	G	S	314  	.   0.27	1xvpD  212  G
