ENSP00000356962	 rs2307424	ccC	ccT	P	P	180  	.   0.01	1xv9B   78  P
ENSP00000356962	 rs2307424	ccC	ccT	P	P	180  	.   0.01	1xv9D   78  P
ENSP00000356962	 rs2307424	ccC	ccT	P	P	180  	.   0.01	1xvpB   78  P
ENSP00000356962	 rs2307424	ccC	ccT	P	P	180  	.   0.01	1xvpD   78  P
ENSP00000356963	 rs2307414	Ggc	Tgc	G	C	275  	.   0.02	1xv9B  212  G
ENSP00000356963	 rs2307414	Ggc	Tgc	G	C	275  	.   0.02	1xv9D  212  G
ENSP00000356963	 rs2307414	Ggc	Tgc	G	C	275  	.   0.02	1xvpB  212  G
ENSP00000356963	 rs2307414	Ggc	Tgc	G	C	275  	.   0.02	1xvpD  212  G
ENSP00000356963	 rs2307414	Ggc	Cgc	G	R	275  	.   0.02	1xv9B  212  G
ENSP00000356963	 rs2307414	Ggc	Cgc	G	R	275  	.   0.02	1xv9D  212  G
ENSP00000356963	 rs2307414	Ggc	Cgc	G	R	275  	.   0.02	1xvpB  212  G
ENSP00000356963	 rs2307414	Ggc	Cgc	G	R	275  	.   0.02	1xvpD  212  G
ENSP00000356963	 rs2307414	Ggc	Agc	G	S	275  	.   0.02	1xv9B  212  G
ENSP00000356963	 rs2307414	Ggc	Agc	G	S	275  	.   0.02	1xv9D  212  G
ENSP00000356963	 rs2307414	Ggc	Agc	G	S	275  	.   0.02	1xvpB  212  G
ENSP00000356963	 rs2307414	Ggc	Agc	G	S	275  	.   0.02	1xvpD  212  G
ENSP00000356963	 rs2307424	ccC	ccT	P	P	180  	.   0.01	1xv9B   78  P
ENSP00000356963	 rs2307424	ccC	ccT	P	P	180  	.   0.01	1xv9D   78  P
ENSP00000356963	 rs2307424	ccC	ccT	P	P	180  	.   0.01	1xvpB   78  P
ENSP00000356963	 rs2307424	ccC	ccT	P	P	180  	.   0.01	1xvpD   78  P
ENSP00000356965	 rs2307414	Ggc	Tgc	G	C	280  	.   0.04	1xv9B  212  G
ENSP00000356965	 rs2307414	Ggc	Tgc	G	C	280  	.   0.04	1xv9D  212  G
ENSP00000356965	 rs2307414	Ggc	Tgc	G	C	280  	.   0.04	1xvpB  212  G
ENSP00000356965	 rs2307414	Ggc	Tgc	G	C	280  	.   0.04	1xvpD  212  G
ENSP00000356965	 rs2307414	Ggc	Cgc	G	R	280  	.   0.04	1xv9B  212  G
ENSP00000356965	 rs2307414	Ggc	Cgc	G	R	280  	.   0.04	1xv9D  212  G
ENSP00000356965	 rs2307414	Ggc	Cgc	G	R	280  	.   0.04	1xvpB  212  G
ENSP00000356965	 rs2307414	Ggc	Cgc	G	R	280  	.   0.04	1xvpD  212  G
ENSP00000356965	 rs2307414	Ggc	Agc	G	S	280  	.   0.04	1xv9B  212  G
ENSP00000356965	 rs2307414	Ggc	Agc	G	S	280  	.   0.04	1xv9D  212  G
ENSP00000356965	 rs2307414	Ggc	Agc	G	S	280  	.   0.04	1xvpB  212  G
ENSP00000356965	 rs2307414	Ggc	Agc	G	S	280  	.   0.04	1xvpD  212  G
ENSP00000356965	 rs2307424	ccC	ccT	P	P	180  	.   0.01	1xv9B   78  P
ENSP00000356965	 rs2307424	ccC	ccT	P	P	180  	.   0.01	1xv9D   78  P
ENSP00000356965	 rs2307424	ccC	ccT	P	P	180  	.   0.01	1xvpB   78  P
ENSP00000356965	 rs2307424	ccC	ccT	P	P	180  	.   0.01	1xvpD   78  P
ENSP00000356972	 rs1136207	gcC	gcT	A	A	430  	.   0.01	5gpnY  342  A
ENSP00000356972	 rs1136207	gcC	gcT	A	A	430  	.   0.01	5gupC  397  A
ENSP00000356972	 rs1136207	gcC	gcT	A	A	430  	.   0.01	5lc5D  393  A
ENSP00000356972	 rs1136207	gcC	gcT	A	A	430  	.   0.01	5ldwD  383  A
ENSP00000356972	 rs1136207	gcC	gcT	A	A	430  	.   0.01	5ldxD  383  A
ENSP00000356972	 rs1136207	gcC	gcT	A	A	430  	.   0.01	5lnkD  354  A
ENSP00000356972	 rs1136207	gcC	gcT	A	A	430  	.   0.01	5o31D  383  A
ENSP00000356972	 rs1136207	gcC	gcT	A	A	430  	.   0.01	5xtbP  352  A
ENSP00000356972	 rs1136207	gcC	gcT	A	A	430  	.   0.01	5xtdP  397  A
ENSP00000356972	 rs1136207	gcC	gcT	A	A	430  	.   0.01	5xthP  397  A
ENSP00000356972	 rs1136207	gcC	gcT	A	A	430  	.   0.01	5xtiP  397  A
ENSP00000356972	 rs1136207	gcC	gcT	A	A	430  	.   0.01	6g2jD  396  A
ENSP00000356972	 rs1136207	gcC	gcT	A	A	430  	.   0.01	6g72D  387  A
ENSP00000356972	rs16827493	Cca	Gca	P	A	229  	.   0.01	5gpnY  141  P
ENSP00000356972	rs16827493	Cca	Gca	P	A	229  	.   0.01	5gupC  196  P
ENSP00000356972	rs16827493	Cca	Gca	P	A	229  	.   0.01	5lc5D  192  P
ENSP00000356972	rs16827493	Cca	Gca	P	A	229  	.   0.01	5ldwD  182  P
ENSP00000356972	rs16827493	Cca	Gca	P	A	229  	.   0.01	5ldxD  182  P
ENSP00000356972	rs16827493	Cca	Gca	P	A	229  	.   0.01	5lnkD  153  P
ENSP00000356972	rs16827493	Cca	Gca	P	A	229  	.   0.01	5o31D  182  P
ENSP00000356972	rs16827493	Cca	Gca	P	A	229  	.   0.01	5xtbP  151  P
ENSP00000356972	rs16827493	Cca	Gca	P	A	229  	.   0.01	5xtdP  196  P
ENSP00000356972	rs16827493	Cca	Gca	P	A	229  	.   0.01	5xthP  196  P
ENSP00000356972	rs16827493	Cca	Gca	P	A	229  	.   0.01	5xtiP  196  P
ENSP00000356972	rs16827493	Cca	Gca	P	A	229  	.   0.01	6g2jD  195  P
ENSP00000356972	rs16827493	Cca	Gca	P	A	229  	.   0.01	6g72D  186  P
ENSP00000356972	rs35086265	cGa	cAa	R	Q	323  	.   0.01	5gpnY  235  R
ENSP00000356972	rs35086265	cGa	cAa	R	Q	323  	.   0.01	5gupC  290  R
ENSP00000356972	rs35086265	cGa	cAa	R	Q	323  	.   0.01	5lc5D  286  R
ENSP00000356972	rs35086265	cGa	cAa	R	Q	323  	.   0.01	5ldwD  276  R
ENSP00000356972	rs35086265	cGa	cAa	R	Q	323  	.   0.01	5ldxD  276  R
ENSP00000356972	rs35086265	cGa	cAa	R	Q	323  	.   0.01	5lnkD  247  R
ENSP00000356972	rs35086265	cGa	cAa	R	Q	323  	.   0.01	5o31D  276  R
ENSP00000356972	rs35086265	cGa	cAa	R	Q	323  	.   0.01	5xtbP  245  R
ENSP00000356972	rs35086265	cGa	cAa	R	Q	323  	.   0.01	5xtdP  290  R
ENSP00000356972	rs35086265	cGa	cAa	R	Q	323  	.   0.01	5xthP  290  R
ENSP00000356972	rs35086265	cGa	cAa	R	Q	323  	.   0.01	5xtiP  290  R
ENSP00000356972	rs35086265	cGa	cAa	R	Q	323  	.   0.01	6g2jD  289  R
ENSP00000356972	rs35086265	cGa	cAa	R	Q	323  	.   0.01	6g72D  280  R
ENSP00000356972	rs11576415	Cct	Gct	P	A	352  	.   0.01	5gpnY  264  P
ENSP00000356972	rs11576415	Cct	Gct	P	A	352  	.   0.01	5gupC  319  P
ENSP00000356972	rs11576415	Cct	Gct	P	A	352  	.   0.01	5lc5D  315  P
ENSP00000356972	rs11576415	Cct	Gct	P	A	352  	.   0.01	5ldwD  305  P
ENSP00000356972	rs11576415	Cct	Gct	P	A	352  	.   0.01	5ldxD  305  P
ENSP00000356972	rs11576415	Cct	Gct	P	A	352  	.   0.01	5lnkD  276  P
ENSP00000356972	rs11576415	Cct	Gct	P	A	352  	.   0.01	5o31D  305  P
ENSP00000356972	rs11576415	Cct	Gct	P	A	352  	.   0.01	5xtbP  274  P
ENSP00000356972	rs11576415	Cct	Gct	P	A	352  	.   0.01	5xtdP  319  P
ENSP00000356972	rs11576415	Cct	Gct	P	A	352  	.   0.01	5xthP  319  P
ENSP00000356972	rs11576415	Cct	Gct	P	A	352  	.   0.01	5xtiP  319  P
ENSP00000356972	rs11576415	Cct	Gct	P	A	352  	.   0.01	6g2jD  318  P
ENSP00000356972	rs11576415	Cct	Gct	P	A	352  	.   0.01	6g72D  309  P
ENSP00000356991	rs35434391	Cca	Aca	P	T	104  	.   0.08	4frwA   73  P
ENSP00000356991	rs35434391	Cca	Aca	P	T	104  	.   0.08	4frwB   73  P
ENSP00000356991	rs35434391	Cca	Aca	P	T	104  	.   0.08	4frwC   73  P
ENSP00000356991	rs35434391	Cca	Aca	P	T	104  	.   0.08	4frwD   72  P
ENSP00000356991	rs35434391	Cca	Aca	P	T	104  	.   0.08	4frwE   71  P
ENSP00000356991	rs35434391	Cca	Aca	P	T	104  	.   0.08	4frwF   53  P
ENSP00000356991	rs35434391	Cca	Aca	P	T	104  	.   0.08	4gjtB   73  P
ENSP00000356991	rs35434391	Cca	Aca	P	T	104  	.   0.08	4gjtC   73  P
ENSP00000356991	rs35434391	Cca	Aca	P	T	104  	.   0.08	4jjhA   62  P
ENSP00000356991	rs35434391	Cca	Aca	P	T	104  	.   0.08	4jjhB   63  P
ENSP00000357024	 rs1980606	ggC	ggT	G	G	92   	.   0.01	2edoA   73  G
ENSP00000357025	 rs1980606	ggC	ggT	G	G	92   	.   0.01	2edoA   73  G
ENSP00000357129	 rs3738791	gcC	gcA	A	A	1764 	.   0.13	5j4oA  160  A
ENSP00000357179	    rs6336	Cat	Tat	H	Y	598  	.   0.14	4aojA  102  H
ENSP00000357179	    rs6336	Cat	Tat	H	Y	598  	.   0.14	4aojB  102  H
ENSP00000357179	    rs6336	Cat	Tat	H	Y	598  	.   0.14	4aojC  104  H
ENSP00000357179	    rs6336	Cat	Tat	H	Y	598  	.   0.14	4f0iA   98  H
ENSP00000357179	    rs6336	Cat	Tat	H	Y	598  	.   0.14	4f0iB  104  H
ENSP00000357179	    rs6336	Cat	Tat	H	Y	598  	.   0.14	4gt5A  104  H
ENSP00000357179	    rs6336	Cat	Tat	H	Y	598  	.   0.14	4pmmA   98  H
ENSP00000357179	    rs6336	Cat	Tat	H	Y	598  	.   0.14	4pmpA   96  H
ENSP00000357179	    rs6336	Cat	Tat	H	Y	598  	.   0.14	4pmsA   98  H
ENSP00000357179	    rs6336	Cat	Tat	H	Y	598  	.   0.14	4pmtA   91  H
ENSP00000357179	    rs6336	Cat	Tat	H	Y	598  	.   0.14	4yneA  101  H
ENSP00000357179	    rs6336	Cat	Tat	H	Y	598  	.   0.14	4ypsA   99  H
ENSP00000357179	    rs6336	Cat	Tat	H	Y	598  	.   0.14	5h3qA  111  H
ENSP00000357179	    rs6336	Cat	Tat	H	Y	598  	.   0.14	5i8aA   87  H
ENSP00000357179	    rs6336	Cat	Tat	H	Y	598  	.   0.14	5jfsA  116  H
ENSP00000357179	    rs6336	Cat	Tat	H	Y	598  	.   0.14	5jfvA  116  H
ENSP00000357179	    rs6336	Cat	Tat	H	Y	598  	.   0.14	5jfwA  116  H
ENSP00000357179	    rs6336	Cat	Tat	H	Y	598  	.   0.14	5jfxA  116  H
ENSP00000357179	    rs6336	Cat	Tat	H	Y	598  	.   0.14	5kmiA  111  H
ENSP00000357179	    rs6336	Cat	Tat	H	Y	598  	.   0.14	5kmjA  113  H
ENSP00000357179	    rs6336	Cat	Tat	H	Y	598  	.   0.14	5kmkA  112  H
ENSP00000357179	    rs6336	Cat	Tat	H	Y	598  	.   0.14	5kmlA  109  H
ENSP00000357179	    rs6336	Cat	Tat	H	Y	598  	.   0.14	5kmmA  110  H
ENSP00000357179	    rs6336	Cat	Tat	H	Y	598  	.   0.14	5kmnA  109  H
ENSP00000357179	    rs6336	Cat	Tat	H	Y	598  	.   0.14	5kmoA  102  H
ENSP00000357179	    rs6336	Cat	Tat	H	Y	598  	.   0.14	5kvtA  100  H
ENSP00000357179	    rs6336	Cat	Tat	H	Y	598  	.   0.14	5wr7A  116  H
ENSP00000357179	    rs6336	Cat	Tat	H	Y	598  	.   0.14	6d1yA  121  H
ENSP00000357179	    rs6336	Cat	Tat	H	Y	598  	.   0.14	6d1zA  114  H
ENSP00000357179	    rs6336	Cat	Tat	H	Y	598  	.   0.14	6d20A  117  H
ENSP00000357179	    rs6336	Cat	Tat	H	Y	598  	.   0.14	6d22A  109  H
ENSP00000357179	    rs6336	Cat	Tat	H	Y	598  	.   0.14	6dkbA  104  H
ENSP00000357179	    rs6336	Cat	Tat	H	Y	598  	.   0.14	6dkgA  105  H
ENSP00000357179	    rs6336	Cat	Tat	H	Y	598  	.   0.14	6dkiA  105  H
ENSP00000357179	    rs6336	Cat	Tat	H	Y	598  	.   0.14	6dkwA  116  H
ENSP00000357179	    rs6336	Cat	Tat	H	Y	598  	.   0.14	6dkwB  106  H
ENSP00000357256	 rs1052067	atG	atA	M	I	139  	.   0.01	5lsjB  107  M
ENSP00000357256	 rs1052067	atG	atA	M	I	139  	.   0.01	5lsjG  107  M
ENSP00000357256	 rs1052067	atG	atA	M	I	139  	.   0.01	5lskB  107  M
ENSP00000357260	 rs1052067	atG	atA	M	I	137  	.   0.02	5lsjB  107  M
ENSP00000357260	 rs1052067	atG	atA	M	I	137  	.   0.02	5lsjG  107  M
ENSP00000357260	 rs1052067	atG	atA	M	I	137  	.   0.02	5lskB  107  M
ENSP00000357330	rs41264231	cGt	cAt	R	H	2528 	.   0.46	3mqmA   93  R
ENSP00000357330	rs41264231	cGt	cAt	R	H	2528 	.   0.46	3mqmB   93  R
ENSP00000357452	 rs1891805	gaA	gaG	E	E	49   	.   0.01	3ch4A   51  E
ENSP00000357633	 rs2274217	Ccc	Tcc	P	S	123  	.   0.48	2diyA  127  P
ENSP00000357633	 rs2274217	Ccc	Tcc	P	S	123  	.   0.48	2wz9A  113  P
ENSP00000357807	 rs6587625	gAc	gGc	D	G	197  	.   0.01	4ae7A  136  D
ENSP00000357812	rs11204885	caT	caA	H	Q	444  	.   0.01	5j39A  145  H
ENSP00000357812	rs11204885	caT	caA	H	Q	444  	.   0.01	5j39B  145  H
ENSP00000357812	rs11204885	caT	caA	H	Q	444  	.   0.01	6b57A  145  H
ENSP00000357812	rs11204885	caT	caA	H	Q	444  	.   0.01	6b57B  146  H
ENSP00000357812	rs11204885	caT	caC	H	H	444  	.   0.01	5j39A  145  H
ENSP00000357812	rs11204885	caT	caC	H	H	444  	.   0.01	5j39B  145  H
ENSP00000357812	rs11204885	caT	caC	H	H	444  	.   0.01	6b57A  145  H
ENSP00000357812	rs11204885	caT	caC	H	H	444  	.   0.01	6b57B  146  H
ENSP00000357813	rs11204885	caT	caA	H	Q	440  	.   0.01	5j39A  145  H
ENSP00000357813	rs11204885	caT	caA	H	Q	440  	.   0.01	5j39B  145  H
ENSP00000357813	rs11204885	caT	caA	H	Q	440  	.   0.01	6b57A  145  H
ENSP00000357813	rs11204885	caT	caA	H	Q	440  	.   0.01	6b57B  146  H
ENSP00000357813	rs11204885	caT	caC	H	H	440  	.   0.01	5j39A  145  H
ENSP00000357813	rs11204885	caT	caC	H	H	440  	.   0.01	5j39B  145  H
ENSP00000357813	rs11204885	caT	caC	H	H	440  	.   0.01	6b57A  145  H
ENSP00000357813	rs11204885	caT	caC	H	H	440  	.   0.01	6b57B  146  H
ENSP00000357815	rs11204885	caT	caA	H	Q	444  	.   0.01	5j39A  145  H
ENSP00000357815	rs11204885	caT	caA	H	Q	444  	.   0.01	5j39B  145  H
ENSP00000357815	rs11204885	caT	caA	H	Q	444  	.   0.01	6b57A  145  H
ENSP00000357815	rs11204885	caT	caA	H	Q	444  	.   0.01	6b57B  146  H
ENSP00000357815	rs11204885	caT	caC	H	H	444  	.   0.01	5j39A  145  H
ENSP00000357815	rs11204885	caT	caC	H	H	444  	.   0.01	5j39B  145  H
ENSP00000357815	rs11204885	caT	caC	H	H	444  	.   0.01	6b57A  145  H
ENSP00000357815	rs11204885	caT	caC	H	H	444  	.   0.01	6b57B  146  H
ENSP00000357817	rs11204885	caT	caA	H	Q	399  	.   0.01	5j39A  145  H
ENSP00000357817	rs11204885	caT	caA	H	Q	399  	.   0.01	5j39B  145  H
ENSP00000357817	rs11204885	caT	caA	H	Q	399  	.   0.01	6b57A  145  H
ENSP00000357817	rs11204885	caT	caA	H	Q	399  	.   0.01	6b57B  146  H
ENSP00000357817	rs11204885	caT	caC	H	H	399  	.   0.01	5j39A  145  H
ENSP00000357817	rs11204885	caT	caC	H	H	399  	.   0.01	5j39B  145  H
ENSP00000357817	rs11204885	caT	caC	H	H	399  	.   0.01	6b57A  145  H
ENSP00000357817	rs11204885	caT	caC	H	H	399  	.   0.01	6b57B  146  H
ENSP00000357819	rs11204885	caT	caA	H	Q	444  	.   0.01	5j39A  145  H
ENSP00000357819	rs11204885	caT	caA	H	Q	444  	.   0.01	5j39B  145  H
ENSP00000357819	rs11204885	caT	caA	H	Q	444  	.   0.01	6b57A  145  H
ENSP00000357819	rs11204885	caT	caA	H	Q	444  	.   0.01	6b57B  146  H
ENSP00000357819	rs11204885	caT	caC	H	H	444  	.   0.01	5j39A  145  H
ENSP00000357819	rs11204885	caT	caC	H	H	444  	.   0.01	5j39B  145  H
ENSP00000357819	rs11204885	caT	caC	H	H	444  	.   0.01	6b57A  145  H
ENSP00000357819	rs11204885	caT	caC	H	H	444  	.   0.01	6b57B  146  H
ENSP00000357862	rs10902866	caC	caA	H	Q	111  	.    0.0	2jifA  162  H
ENSP00000357862	rs10902866	caC	caA	H	Q	111  	.    0.0	2jifB  158  H
ENSP00000357862	rs10902866	caC	caA	H	Q	111  	.    0.0	2jifC  158  H
ENSP00000357862	rs10902866	caC	caA	H	Q	111  	.    0.0	2jifD  162  H
ENSP00000357862	rs10902866	caC	caG	H	Q	111  	.    0.0	2jifA  162  H
ENSP00000357862	rs10902866	caC	caG	H	Q	111  	.    0.0	2jifB  158  H
ENSP00000357862	rs10902866	caC	caG	H	Q	111  	.    0.0	2jifC  158  H
ENSP00000357862	rs10902866	caC	caG	H	Q	111  	.    0.0	2jifD  162  H
ENSP00000357862	rs10902866	caC	caT	H	H	111  	.    0.0	2jifA  162  H
ENSP00000357862	rs10902866	caC	caT	H	H	111  	.    0.0	2jifB  158  H
ENSP00000357862	rs10902866	caC	caT	H	H	111  	.    0.0	2jifC  158  H
ENSP00000357862	rs10902866	caC	caT	H	H	111  	.    0.0	2jifD  162  H
ENSP00000357873	rs10902866	caC	caA	H	Q	213  	.   0.01	2jifA  162  H
ENSP00000357873	rs10902866	caC	caA	H	Q	213  	.   0.01	2jifB  158  H
ENSP00000357873	rs10902866	caC	caA	H	Q	213  	.   0.01	2jifC  158  H
ENSP00000357873	rs10902866	caC	caA	H	Q	213  	.   0.01	2jifD  162  H
ENSP00000357873	rs10902866	caC	caG	H	Q	213  	.   0.01	2jifA  162  H
ENSP00000357873	rs10902866	caC	caG	H	Q	213  	.   0.01	2jifB  158  H
ENSP00000357873	rs10902866	caC	caG	H	Q	213  	.   0.01	2jifC  158  H
ENSP00000357873	rs10902866	caC	caG	H	Q	213  	.   0.01	2jifD  162  H
ENSP00000357873	rs10902866	caC	caT	H	H	213  	.   0.01	2jifA  162  H
ENSP00000357873	rs10902866	caC	caT	H	H	213  	.   0.01	2jifB  158  H
ENSP00000357873	rs10902866	caC	caT	H	H	213  	.   0.01	2jifC  158  H
ENSP00000357873	rs10902866	caC	caT	H	H	213  	.   0.01	2jifD  162  H
ENSP00000357958	rs142077867	Ctg	Ttg	L	L	317  	.   0.01	3dlmA  128  L
ENSP00000357958	rs142077867	Ctg	Ttg	L	L	317  	.   0.01	5kchA  128  L
ENSP00000357958	rs142077867	Ctg	Ttg	L	L	317  	.   0.01	5kcoA  128  L
ENSP00000357958	rs142077867	Ctg	Ttg	L	L	317  	.   0.01	5ke2A  124  L
ENSP00000357958	rs142077867	Ctg	Ttg	L	L	317  	.   0.01	5ke3A  125  L
ENSP00000357958	rs142077867	Ctg	Ttg	L	L	317  	.   0.01	5kh6A  128  L
ENSP00000357958	rs142077867	Ctg	Ttg	L	L	317  	.   0.01	6au2A  127  L
ENSP00000357958	rs142077867	Ctg	Ttg	L	L	317  	.   0.01	6au3A  124  L
ENSP00000357958	rs142077867	Ctg	Ttg	L	L	317  	.   0.01	6bhdA  128  L
ENSP00000357958	rs142077867	Ctg	Ttg	L	L	317  	.   0.01	6bheA  127  L
ENSP00000357958	rs142077867	Ctg	Ttg	L	L	317  	.   0.01	6bhgA  126  L
ENSP00000357958	rs142077867	Ctg	Ttg	L	L	317  	.   0.01	6bhhA  126  L
ENSP00000357958	rs142077867	Ctg	Ttg	L	L	317  	.   0.01	6bhiA  127  L
ENSP00000357958	rs142077867	Ctg	Ttg	L	L	317  	.   0.01	6bpiA  125  L
ENSP00000357965	rs142077867	Ctg	Ttg	L	L	317  	.   0.04	3dlmA  128  L
ENSP00000357965	rs142077867	Ctg	Ttg	L	L	317  	.   0.04	5kchA  128  L
ENSP00000357965	rs142077867	Ctg	Ttg	L	L	317  	.   0.04	5kcoA  128  L
ENSP00000357965	rs142077867	Ctg	Ttg	L	L	317  	.   0.04	5ke2A  124  L
ENSP00000357965	rs142077867	Ctg	Ttg	L	L	317  	.   0.04	5ke3A  125  L
ENSP00000357965	rs142077867	Ctg	Ttg	L	L	317  	.   0.04	5kh6A  128  L
ENSP00000357965	rs142077867	Ctg	Ttg	L	L	317  	.   0.04	6au2A  127  L
ENSP00000357965	rs142077867	Ctg	Ttg	L	L	317  	.   0.04	6au3A  124  L
ENSP00000357965	rs142077867	Ctg	Ttg	L	L	317  	.   0.04	6bhdA  128  L
ENSP00000357965	rs142077867	Ctg	Ttg	L	L	317  	.   0.04	6bheA  127  L
ENSP00000357965	rs142077867	Ctg	Ttg	L	L	317  	.   0.04	6bhgA  126  L
ENSP00000357965	rs142077867	Ctg	Ttg	L	L	317  	.   0.04	6bhhA  126  L
ENSP00000357965	rs142077867	Ctg	Ttg	L	L	317  	.   0.04	6bhiA  127  L
ENSP00000357965	rs142077867	Ctg	Ttg	L	L	317  	.   0.04	6bpiA  125  L
ENSP00000358052	 rs1047100	gtA	gtT	V	V	232  	.   0.01	1djsA   82  V
ENSP00000358052	 rs1047100	gtA	gtT	V	V	232  	.   0.01	1e0oB   84  V
ENSP00000358052	 rs1047100	gtA	gtT	V	V	232  	.   0.01	1e0oD   84  V
ENSP00000358052	 rs1047100	gtA	gtT	V	V	232  	.   0.01	1ev2E   83  V
ENSP00000358052	 rs1047100	gtA	gtT	V	V	232  	.   0.01	1ev2F   83  V
ENSP00000358052	 rs1047100	gtA	gtT	V	V	232  	.   0.01	1ev2G   82  V
ENSP00000358052	 rs1047100	gtA	gtT	V	V	232  	.   0.01	1ev2H   82  V
ENSP00000358052	 rs1047100	gtA	gtT	V	V	232  	.   0.01	1ii4E   83  V
ENSP00000358052	 rs1047100	gtA	gtT	V	V	232  	.   0.01	1ii4F   83  V
ENSP00000358052	 rs1047100	gtA	gtT	V	V	232  	.   0.01	1ii4G   83  V
ENSP00000358052	 rs1047100	gtA	gtT	V	V	232  	.   0.01	1ii4H   83  V
ENSP00000358052	 rs1047100	gtA	gtT	V	V	232  	.   0.01	1iilE   83  V
ENSP00000358052	 rs1047100	gtA	gtT	V	V	232  	.   0.01	1iilF   83  V
ENSP00000358052	 rs1047100	gtA	gtT	V	V	232  	.   0.01	1iilG   83  V
ENSP00000358052	 rs1047100	gtA	gtT	V	V	232  	.   0.01	1iilH   83  V
ENSP00000358052	 rs1047100	gtA	gtT	V	V	232  	.   0.01	1nunB   78  V
ENSP00000358052	 rs1047100	gtA	gtT	V	V	232  	.   0.01	2fdbB   82  V
ENSP00000358052	 rs1047100	gtA	gtT	V	V	232  	.   0.01	2fdbD   82  V
ENSP00000358052	 rs1047100	gtA	gtT	V	V	232  	.   0.01	3oj2C   82  V
ENSP00000358052	 rs1047100	gtA	gtT	V	V	232  	.   0.01	3oj2D   82  V
ENSP00000358052	 rs1047100	gtA	gtT	V	V	232  	.   0.01	3ojmB   82  V
ENSP00000358052	 rs1047100	gtA	gtT	V	V	232  	.   0.01	4j23A   80  V
ENSP00000358052	 rs1047100	gtA	gtG	V	V	232  	.   0.01	1djsA   82  V
ENSP00000358052	 rs1047100	gtA	gtG	V	V	232  	.   0.01	1e0oB   84  V
ENSP00000358052	 rs1047100	gtA	gtG	V	V	232  	.   0.01	1e0oD   84  V
ENSP00000358052	 rs1047100	gtA	gtG	V	V	232  	.   0.01	1ev2E   83  V
ENSP00000358052	 rs1047100	gtA	gtG	V	V	232  	.   0.01	1ev2F   83  V
ENSP00000358052	 rs1047100	gtA	gtG	V	V	232  	.   0.01	1ev2G   82  V
ENSP00000358052	 rs1047100	gtA	gtG	V	V	232  	.   0.01	1ev2H   82  V
ENSP00000358052	 rs1047100	gtA	gtG	V	V	232  	.   0.01	1ii4E   83  V
ENSP00000358052	 rs1047100	gtA	gtG	V	V	232  	.   0.01	1ii4F   83  V
ENSP00000358052	 rs1047100	gtA	gtG	V	V	232  	.   0.01	1ii4G   83  V
ENSP00000358052	 rs1047100	gtA	gtG	V	V	232  	.   0.01	1ii4H   83  V
ENSP00000358052	 rs1047100	gtA	gtG	V	V	232  	.   0.01	1iilE   83  V
ENSP00000358052	 rs1047100	gtA	gtG	V	V	232  	.   0.01	1iilF   83  V
ENSP00000358052	 rs1047100	gtA	gtG	V	V	232  	.   0.01	1iilG   83  V
ENSP00000358052	 rs1047100	gtA	gtG	V	V	232  	.   0.01	1iilH   83  V
ENSP00000358052	 rs1047100	gtA	gtG	V	V	232  	.   0.01	1nunB   78  V
ENSP00000358052	 rs1047100	gtA	gtG	V	V	232  	.   0.01	2fdbB   82  V
ENSP00000358052	 rs1047100	gtA	gtG	V	V	232  	.   0.01	2fdbD   82  V
ENSP00000358052	 rs1047100	gtA	gtG	V	V	232  	.   0.01	3oj2C   82  V
ENSP00000358052	 rs1047100	gtA	gtG	V	V	232  	.   0.01	3oj2D   82  V
ENSP00000358052	 rs1047100	gtA	gtG	V	V	232  	.   0.01	3ojmB   82  V
ENSP00000358052	 rs1047100	gtA	gtG	V	V	232  	.   0.01	4j23A   80  V
ENSP00000358054	 rs1047100	gtA	gtT	V	V	232  	.   0.01	1djsA   82  V
ENSP00000358054	 rs1047100	gtA	gtT	V	V	232  	.   0.01	1e0oB   84  V
ENSP00000358054	 rs1047100	gtA	gtT	V	V	232  	.   0.01	1e0oD   84  V
ENSP00000358054	 rs1047100	gtA	gtT	V	V	232  	.   0.01	1ev2E   83  V
ENSP00000358054	 rs1047100	gtA	gtT	V	V	232  	.   0.01	1ev2F   83  V
ENSP00000358054	 rs1047100	gtA	gtT	V	V	232  	.   0.01	1ev2G   82  V
ENSP00000358054	 rs1047100	gtA	gtT	V	V	232  	.   0.01	1ev2H   82  V
ENSP00000358054	 rs1047100	gtA	gtT	V	V	232  	.   0.01	1ii4E   83  V
ENSP00000358054	 rs1047100	gtA	gtT	V	V	232  	.   0.01	1ii4F   83  V
ENSP00000358054	 rs1047100	gtA	gtT	V	V	232  	.   0.01	1ii4G   83  V
ENSP00000358054	 rs1047100	gtA	gtT	V	V	232  	.   0.01	1ii4H   83  V
ENSP00000358054	 rs1047100	gtA	gtT	V	V	232  	.   0.01	1iilE   83  V
ENSP00000358054	 rs1047100	gtA	gtT	V	V	232  	.   0.01	1iilF   83  V
ENSP00000358054	 rs1047100	gtA	gtT	V	V	232  	.   0.01	1iilG   83  V
ENSP00000358054	 rs1047100	gtA	gtT	V	V	232  	.   0.01	1iilH   83  V
ENSP00000358054	 rs1047100	gtA	gtT	V	V	232  	.   0.01	1nunB   78  V
ENSP00000358054	 rs1047100	gtA	gtT	V	V	232  	.   0.01	2fdbB   82  V
ENSP00000358054	 rs1047100	gtA	gtT	V	V	232  	.   0.01	2fdbD   82  V
ENSP00000358054	 rs1047100	gtA	gtT	V	V	232  	.   0.01	3oj2C   82  V
ENSP00000358054	 rs1047100	gtA	gtT	V	V	232  	.   0.01	3oj2D   82  V
ENSP00000358054	 rs1047100	gtA	gtT	V	V	232  	.   0.01	3ojmB   82  V
ENSP00000358054	 rs1047100	gtA	gtT	V	V	232  	.   0.01	4j23A   80  V
ENSP00000358054	 rs1047100	gtA	gtG	V	V	232  	.   0.01	1djsA   82  V
ENSP00000358054	 rs1047100	gtA	gtG	V	V	232  	.   0.01	1e0oB   84  V
ENSP00000358054	 rs1047100	gtA	gtG	V	V	232  	.   0.01	1e0oD   84  V
ENSP00000358054	 rs1047100	gtA	gtG	V	V	232  	.   0.01	1ev2E   83  V
ENSP00000358054	 rs1047100	gtA	gtG	V	V	232  	.   0.01	1ev2F   83  V
ENSP00000358054	 rs1047100	gtA	gtG	V	V	232  	.   0.01	1ev2G   82  V
ENSP00000358054	 rs1047100	gtA	gtG	V	V	232  	.   0.01	1ev2H   82  V
ENSP00000358054	 rs1047100	gtA	gtG	V	V	232  	.   0.01	1ii4E   83  V
ENSP00000358054	 rs1047100	gtA	gtG	V	V	232  	.   0.01	1ii4F   83  V
ENSP00000358054	 rs1047100	gtA	gtG	V	V	232  	.   0.01	1ii4G   83  V
ENSP00000358054	 rs1047100	gtA	gtG	V	V	232  	.   0.01	1ii4H   83  V
ENSP00000358054	 rs1047100	gtA	gtG	V	V	232  	.   0.01	1iilE   83  V
ENSP00000358054	 rs1047100	gtA	gtG	V	V	232  	.   0.01	1iilF   83  V
ENSP00000358054	 rs1047100	gtA	gtG	V	V	232  	.   0.01	1iilG   83  V
ENSP00000358054	 rs1047100	gtA	gtG	V	V	232  	.   0.01	1iilH   83  V
ENSP00000358054	 rs1047100	gtA	gtG	V	V	232  	.   0.01	1nunB   78  V
ENSP00000358054	 rs1047100	gtA	gtG	V	V	232  	.   0.01	2fdbB   82  V
ENSP00000358054	 rs1047100	gtA	gtG	V	V	232  	.   0.01	2fdbD   82  V
ENSP00000358054	 rs1047100	gtA	gtG	V	V	232  	.   0.01	3oj2C   82  V
ENSP00000358054	 rs1047100	gtA	gtG	V	V	232  	.   0.01	3oj2D   82  V
ENSP00000358054	 rs1047100	gtA	gtG	V	V	232  	.   0.01	3ojmB   82  V
ENSP00000358054	 rs1047100	gtA	gtG	V	V	232  	.   0.01	4j23A   80  V
ENSP00000358055	 rs1047100	gtA	gtT	V	V	117  	.   0.01	1djsA   82  V
ENSP00000358055	 rs1047100	gtA	gtT	V	V	117  	.   0.01	1e0oB   84  V
ENSP00000358055	 rs1047100	gtA	gtT	V	V	117  	.   0.01	1e0oD   84  V
ENSP00000358055	 rs1047100	gtA	gtT	V	V	117  	.   0.01	1ev2E   83  V
ENSP00000358055	 rs1047100	gtA	gtT	V	V	117  	.   0.01	1ev2F   83  V
ENSP00000358055	 rs1047100	gtA	gtT	V	V	117  	.   0.01	1ev2G   82  V
ENSP00000358055	 rs1047100	gtA	gtT	V	V	117  	.   0.01	1ev2H   82  V
ENSP00000358055	 rs1047100	gtA	gtT	V	V	117  	.   0.01	1ii4E   83  V
ENSP00000358055	 rs1047100	gtA	gtT	V	V	117  	.   0.01	1ii4F   83  V
ENSP00000358055	 rs1047100	gtA	gtT	V	V	117  	.   0.01	1ii4G   83  V
ENSP00000358055	 rs1047100	gtA	gtT	V	V	117  	.   0.01	1ii4H   83  V
ENSP00000358055	 rs1047100	gtA	gtT	V	V	117  	.   0.01	1iilE   83  V
ENSP00000358055	 rs1047100	gtA	gtT	V	V	117  	.   0.01	1iilF   83  V
ENSP00000358055	 rs1047100	gtA	gtT	V	V	117  	.   0.01	1iilG   83  V
ENSP00000358055	 rs1047100	gtA	gtT	V	V	117  	.   0.01	1iilH   83  V
ENSP00000358055	 rs1047100	gtA	gtT	V	V	117  	.   0.01	1nunB   78  V
ENSP00000358055	 rs1047100	gtA	gtT	V	V	117  	.   0.01	2fdbB   82  V
ENSP00000358055	 rs1047100	gtA	gtT	V	V	117  	.   0.01	2fdbD   82  V
ENSP00000358055	 rs1047100	gtA	gtT	V	V	117  	.   0.01	3oj2C   82  V
ENSP00000358055	 rs1047100	gtA	gtT	V	V	117  	.   0.01	3oj2D   82  V
ENSP00000358055	 rs1047100	gtA	gtT	V	V	117  	.   0.01	3ojmB   82  V
ENSP00000358055	 rs1047100	gtA	gtT	V	V	117  	.   0.01	4j23A   80  V
ENSP00000358055	 rs1047100	gtA	gtG	V	V	117  	.   0.01	1djsA   82  V
ENSP00000358055	 rs1047100	gtA	gtG	V	V	117  	.   0.01	1e0oB   84  V
ENSP00000358055	 rs1047100	gtA	gtG	V	V	117  	.   0.01	1e0oD   84  V
ENSP00000358055	 rs1047100	gtA	gtG	V	V	117  	.   0.01	1ev2E   83  V
ENSP00000358055	 rs1047100	gtA	gtG	V	V	117  	.   0.01	1ev2F   83  V
ENSP00000358055	 rs1047100	gtA	gtG	V	V	117  	.   0.01	1ev2G   82  V
ENSP00000358055	 rs1047100	gtA	gtG	V	V	117  	.   0.01	1ev2H   82  V
ENSP00000358055	 rs1047100	gtA	gtG	V	V	117  	.   0.01	1ii4E   83  V
ENSP00000358055	 rs1047100	gtA	gtG	V	V	117  	.   0.01	1ii4F   83  V
ENSP00000358055	 rs1047100	gtA	gtG	V	V	117  	.   0.01	1ii4G   83  V
ENSP00000358055	 rs1047100	gtA	gtG	V	V	117  	.   0.01	1ii4H   83  V
ENSP00000358055	 rs1047100	gtA	gtG	V	V	117  	.   0.01	1iilE   83  V
ENSP00000358055	 rs1047100	gtA	gtG	V	V	117  	.   0.01	1iilF   83  V
ENSP00000358055	 rs1047100	gtA	gtG	V	V	117  	.   0.01	1iilG   83  V
ENSP00000358055	 rs1047100	gtA	gtG	V	V	117  	.   0.01	1iilH   83  V
ENSP00000358055	 rs1047100	gtA	gtG	V	V	117  	.   0.01	1nunB   78  V
ENSP00000358055	 rs1047100	gtA	gtG	V	V	117  	.   0.01	2fdbB   82  V
ENSP00000358055	 rs1047100	gtA	gtG	V	V	117  	.   0.01	2fdbD   82  V
ENSP00000358055	 rs1047100	gtA	gtG	V	V	117  	.   0.01	3oj2C   82  V
ENSP00000358055	 rs1047100	gtA	gtG	V	V	117  	.   0.01	3oj2D   82  V
ENSP00000358055	 rs1047100	gtA	gtG	V	V	117  	.   0.01	3ojmB   82  V
ENSP00000358055	 rs1047100	gtA	gtG	V	V	117  	.   0.01	4j23A   80  V
ENSP00000358056	 rs1047100	gtA	gtT	V	V	232  	.   0.01	1djsA   82  V
ENSP00000358056	 rs1047100	gtA	gtT	V	V	232  	.   0.01	1e0oB   84  V
ENSP00000358056	 rs1047100	gtA	gtT	V	V	232  	.   0.01	1e0oD   84  V
ENSP00000358056	 rs1047100	gtA	gtT	V	V	232  	.   0.01	1ev2E   83  V
ENSP00000358056	 rs1047100	gtA	gtT	V	V	232  	.   0.01	1ev2F   83  V
ENSP00000358056	 rs1047100	gtA	gtT	V	V	232  	.   0.01	1ev2G   82  V
ENSP00000358056	 rs1047100	gtA	gtT	V	V	232  	.   0.01	1ev2H   82  V
ENSP00000358056	 rs1047100	gtA	gtT	V	V	232  	.   0.01	1ii4E   83  V
ENSP00000358056	 rs1047100	gtA	gtT	V	V	232  	.   0.01	1ii4F   83  V
ENSP00000358056	 rs1047100	gtA	gtT	V	V	232  	.   0.01	1ii4G   83  V
ENSP00000358056	 rs1047100	gtA	gtT	V	V	232  	.   0.01	1ii4H   83  V
ENSP00000358056	 rs1047100	gtA	gtT	V	V	232  	.   0.01	1iilE   83  V
ENSP00000358056	 rs1047100	gtA	gtT	V	V	232  	.   0.01	1iilF   83  V
ENSP00000358056	 rs1047100	gtA	gtT	V	V	232  	.   0.01	1iilG   83  V
ENSP00000358056	 rs1047100	gtA	gtT	V	V	232  	.   0.01	1iilH   83  V
ENSP00000358056	 rs1047100	gtA	gtT	V	V	232  	.   0.01	1nunB   78  V
ENSP00000358056	 rs1047100	gtA	gtT	V	V	232  	.   0.01	1wvzA   84  V
ENSP00000358056	 rs1047100	gtA	gtT	V	V	232  	.   0.01	2fdbB   82  V
ENSP00000358056	 rs1047100	gtA	gtT	V	V	232  	.   0.01	2fdbD   82  V
ENSP00000358056	 rs1047100	gtA	gtT	V	V	232  	.   0.01	3cafA   83  V
ENSP00000358056	 rs1047100	gtA	gtT	V	V	232  	.   0.01	3cu1A   83  V
ENSP00000358056	 rs1047100	gtA	gtT	V	V	232  	.   0.01	3cu1C   83  V
ENSP00000358056	 rs1047100	gtA	gtT	V	V	232  	.   0.01	3darA   82  V
ENSP00000358056	 rs1047100	gtA	gtT	V	V	232  	.   0.01	3darB   82  V
ENSP00000358056	 rs1047100	gtA	gtT	V	V	232  	.   0.01	3euuA   83  V
ENSP00000358056	 rs1047100	gtA	gtT	V	V	232  	.   0.01	3euuB   83  V
ENSP00000358056	 rs1047100	gtA	gtT	V	V	232  	.   0.01	3oj2C   82  V
ENSP00000358056	 rs1047100	gtA	gtT	V	V	232  	.   0.01	3oj2D   82  V
ENSP00000358056	 rs1047100	gtA	gtT	V	V	232  	.   0.01	3ojmB   82  V
ENSP00000358056	 rs1047100	gtA	gtT	V	V	232  	.   0.01	4j23A   80  V
ENSP00000358056	 rs1047100	gtA	gtT	V	V	232  	.   0.01	4wv1A   79  V
ENSP00000358056	 rs1047100	gtA	gtT	V	V	232  	.   0.01	4wv1B   79  V
ENSP00000358056	 rs1047100	gtA	gtG	V	V	232  	.   0.01	1djsA   82  V
ENSP00000358056	 rs1047100	gtA	gtG	V	V	232  	.   0.01	1e0oB   84  V
ENSP00000358056	 rs1047100	gtA	gtG	V	V	232  	.   0.01	1e0oD   84  V
ENSP00000358056	 rs1047100	gtA	gtG	V	V	232  	.   0.01	1ev2E   83  V
ENSP00000358056	 rs1047100	gtA	gtG	V	V	232  	.   0.01	1ev2F   83  V
ENSP00000358056	 rs1047100	gtA	gtG	V	V	232  	.   0.01	1ev2G   82  V
ENSP00000358056	 rs1047100	gtA	gtG	V	V	232  	.   0.01	1ev2H   82  V
ENSP00000358056	 rs1047100	gtA	gtG	V	V	232  	.   0.01	1ii4E   83  V
ENSP00000358056	 rs1047100	gtA	gtG	V	V	232  	.   0.01	1ii4F   83  V
ENSP00000358056	 rs1047100	gtA	gtG	V	V	232  	.   0.01	1ii4G   83  V
ENSP00000358056	 rs1047100	gtA	gtG	V	V	232  	.   0.01	1ii4H   83  V
ENSP00000358056	 rs1047100	gtA	gtG	V	V	232  	.   0.01	1iilE   83  V
ENSP00000358056	 rs1047100	gtA	gtG	V	V	232  	.   0.01	1iilF   83  V
ENSP00000358056	 rs1047100	gtA	gtG	V	V	232  	.   0.01	1iilG   83  V
ENSP00000358056	 rs1047100	gtA	gtG	V	V	232  	.   0.01	1iilH   83  V
ENSP00000358056	 rs1047100	gtA	gtG	V	V	232  	.   0.01	1nunB   78  V
ENSP00000358056	 rs1047100	gtA	gtG	V	V	232  	.   0.01	1wvzA   84  V
ENSP00000358056	 rs1047100	gtA	gtG	V	V	232  	.   0.01	2fdbB   82  V
ENSP00000358056	 rs1047100	gtA	gtG	V	V	232  	.   0.01	2fdbD   82  V
ENSP00000358056	 rs1047100	gtA	gtG	V	V	232  	.   0.01	3cafA   83  V
ENSP00000358056	 rs1047100	gtA	gtG	V	V	232  	.   0.01	3cu1A   83  V
ENSP00000358056	 rs1047100	gtA	gtG	V	V	232  	.   0.01	3cu1C   83  V
ENSP00000358056	 rs1047100	gtA	gtG	V	V	232  	.   0.01	3darA   82  V
ENSP00000358056	 rs1047100	gtA	gtG	V	V	232  	.   0.01	3darB   82  V
ENSP00000358056	 rs1047100	gtA	gtG	V	V	232  	.   0.01	3euuA   83  V
ENSP00000358056	 rs1047100	gtA	gtG	V	V	232  	.   0.01	3euuB   83  V
ENSP00000358056	 rs1047100	gtA	gtG	V	V	232  	.   0.01	3oj2C   82  V
ENSP00000358056	 rs1047100	gtA	gtG	V	V	232  	.   0.01	3oj2D   82  V
ENSP00000358056	 rs1047100	gtA	gtG	V	V	232  	.   0.01	3ojmB   82  V
ENSP00000358056	 rs1047100	gtA	gtG	V	V	232  	.   0.01	4j23A   80  V
ENSP00000358056	 rs1047100	gtA	gtG	V	V	232  	.   0.01	4wv1A   79  V
ENSP00000358056	 rs1047100	gtA	gtG	V	V	232  	.   0.01	4wv1B   79  V
ENSP00000358057	 rs1047100	gtA	gtT	V	V	232  	.   0.01	1wvzA   84  V
ENSP00000358057	 rs1047100	gtA	gtT	V	V	232  	.   0.01	3cafA   83  V
ENSP00000358057	 rs1047100	gtA	gtT	V	V	232  	.   0.01	3cu1A   83  V
ENSP00000358057	 rs1047100	gtA	gtT	V	V	232  	.   0.01	3cu1C   83  V
ENSP00000358057	 rs1047100	gtA	gtT	V	V	232  	.   0.01	3darA   82  V
ENSP00000358057	 rs1047100	gtA	gtT	V	V	232  	.   0.01	3darB   82  V
ENSP00000358057	 rs1047100	gtA	gtT	V	V	232  	.   0.01	3euuA   83  V
ENSP00000358057	 rs1047100	gtA	gtT	V	V	232  	.   0.01	3euuB   83  V
ENSP00000358057	 rs1047100	gtA	gtG	V	V	232  	.   0.01	1wvzA   84  V
ENSP00000358057	 rs1047100	gtA	gtG	V	V	232  	.   0.01	3cafA   83  V
ENSP00000358057	 rs1047100	gtA	gtG	V	V	232  	.   0.01	3cu1A   83  V
ENSP00000358057	 rs1047100	gtA	gtG	V	V	232  	.   0.01	3cu1C   83  V
ENSP00000358057	 rs1047100	gtA	gtG	V	V	232  	.   0.01	3darA   82  V
ENSP00000358057	 rs1047100	gtA	gtG	V	V	232  	.   0.01	3darB   82  V
ENSP00000358057	 rs1047100	gtA	gtG	V	V	232  	.   0.01	3euuA   83  V
ENSP00000358057	 rs1047100	gtA	gtG	V	V	232  	.   0.01	3euuB   83  V
ENSP00000358081	  rs196295	gtA	gtG	V	V	432  	.   0.07	1uk5A   39  V
ENSP00000358106	 rs1051484	Gtc	Atc	V	I	706  	.   0.02	1e5tA  706  I
ENSP00000358106	 rs1051484	Gtc	Atc	V	I	706  	.   0.02	1e8mA  706  I
ENSP00000358106	 rs1051484	Gtc	Atc	V	I	706  	.   0.02	1e8nA  706  I
ENSP00000358106	 rs1051484	Gtc	Atc	V	I	706  	.   0.02	1h2wA  706  I
ENSP00000358106	 rs1051484	Gtc	Atc	V	I	706  	.   0.02	1h2xA  706  I
ENSP00000358106	 rs1051484	Gtc	Atc	V	I	706  	.   0.02	1h2yA  706  I
ENSP00000358106	 rs1051484	Gtc	Atc	V	I	706  	.   0.02	1h2zA  706  I
ENSP00000358106	 rs1051484	Gtc	Atc	V	I	706  	.   0.02	1o6fA  706  I
ENSP00000358106	 rs1051484	Gtc	Atc	V	I	706  	.   0.02	1o6gA  706  I
ENSP00000358106	 rs1051484	Gtc	Atc	V	I	706  	.   0.02	1qfmA  701  I
ENSP00000358106	 rs1051484	Gtc	Atc	V	I	706  	.   0.02	1qfsA  706  I
ENSP00000358106	 rs1051484	Gtc	Atc	V	I	706  	.   0.02	1uooA  706  I
ENSP00000358106	 rs1051484	Gtc	Atc	V	I	706  	.   0.02	1uopA  706  I
ENSP00000358106	 rs1051484	Gtc	Atc	V	I	706  	.   0.02	1uoqA  706  I
ENSP00000358106	 rs1051484	Gtc	Atc	V	I	706  	.   0.02	1vz2A  706  I
ENSP00000358106	 rs1051484	Gtc	Atc	V	I	706  	.   0.02	1vz3A  706  I
ENSP00000358106	 rs1051484	Gtc	Atc	V	I	706  	.   0.02	2xdwA  706  I
ENSP00000358106	 rs1051484	Gtc	Atc	V	I	706  	.   0.02	3dduA  703  V
ENSP00000358106	 rs1051484	Gtc	Atc	V	I	706  	.   0.02	3eq7A  703  I
ENSP00000358106	 rs1051484	Gtc	Atc	V	I	706  	.   0.02	3eq8A  705  I
ENSP00000358106	 rs1051484	Gtc	Atc	V	I	706  	.   0.02	3eq9A  704  I
ENSP00000358106	 rs1051484	Gtc	Atc	V	I	706  	.   0.02	4amyA  706  I
ENSP00000358106	 rs1051484	Gtc	Atc	V	I	706  	.   0.02	4amzA  706  I
ENSP00000358106	 rs1051484	Gtc	Atc	V	I	706  	.   0.02	4an0A  706  I
ENSP00000358106	 rs1051484	Gtc	Atc	V	I	706  	.   0.02	4an1A  706  I
ENSP00000358106	 rs1051484	Gtc	Atc	V	I	706  	.   0.02	4ax4A  696  I
ENSP00000358106	 rs1051484	Gtc	Atc	V	I	706  	.   0.02	4bcbA  706  I
ENSP00000358106	 rs1051484	Gtc	Atc	V	I	706  	.   0.02	4bccA  706  I
ENSP00000358106	 rs1051484	Gtc	Atc	V	I	706  	.   0.02	4bcdA  706  I
ENSP00000358140	 rs7908387	gaT	gaG	D	E	313  	.    0.4	3j8bA  273  D
ENSP00000358140	 rs7908387	gaT	gaG	D	E	313  	.    0.4	3j8cA  273  D
ENSP00000358140	 rs7908387	gaT	gaG	D	E	313  	.    0.4	5a5tA  307  D
ENSP00000358140	 rs7908387	gaT	gaC	D	D	313  	.    0.4	3j8bA  273  D
ENSP00000358140	 rs7908387	gaT	gaC	D	D	313  	.    0.4	3j8cA  273  D
ENSP00000358140	 rs7908387	gaT	gaC	D	D	313  	.    0.4	5a5tA  307  D
ENSP00000358223	rs11197738	Gtc	Atc	V	I	206  	.   0.07	1ethA  190  V
ENSP00000358223	rs11197738	Gtc	Atc	V	I	206  	.   0.07	1ethC  190  V
ENSP00000358223	rs11197738	Gtc	Atc	V	I	206  	.   0.07	1hplA  190  V
ENSP00000358223	rs11197738	Gtc	Atc	V	I	206  	.   0.07	1hplB  190  V
ENSP00000358223	rs11197738	Gtc	Atc	V	I	206  	.   0.07	1lpaB  190  V
ENSP00000358223	rs11197738	Gtc	Atc	V	I	206  	.   0.07	1lpbB  190  V
ENSP00000358223	rs11197738	Gtc	Atc	V	I	206  	.   0.07	1n8sA  190  V
ENSP00000358301	 rs1801253	Gga	Cga	G	R	389  	.   0.03	2vt4D  270  R
ENSP00000358508	rs12079419	acC	acA	T	T	216  	.   0.02	2zxeA  216  T
ENSP00000358508	rs12079419	acC	acA	T	T	216  	.   0.02	3a3yA  216  T
ENSP00000358508	rs12079419	acC	acA	T	T	216  	.   0.02	3b8eA  222  T
ENSP00000358508	rs12079419	acC	acA	T	T	216  	.   0.02	3b8eD  222  T
ENSP00000358508	rs12079419	acC	acA	T	T	216  	.   0.02	3kdpA  222  T
ENSP00000358508	rs12079419	acC	acA	T	T	216  	.   0.02	3kdpD  222  T
ENSP00000358508	rs12079419	acC	acA	T	T	216  	.   0.02	3n23A  216  T
ENSP00000358508	rs12079419	acC	acA	T	T	216  	.   0.02	3n23D  216  T
ENSP00000358508	rs12079419	acC	acA	T	T	216  	.   0.02	3wguA  218  T
ENSP00000358508	rs12079419	acC	acA	T	T	216  	.   0.02	3wguD  218  T
ENSP00000358508	rs12079419	acC	acA	T	T	216  	.   0.02	3wgvA  218  T
ENSP00000358508	rs12079419	acC	acA	T	T	216  	.   0.02	3wgvD  218  T
ENSP00000358508	rs12079419	acC	acA	T	T	216  	.   0.02	4hqjA  209  T
ENSP00000358508	rs12079419	acC	acA	T	T	216  	.   0.02	4hqjD  211  T
ENSP00000358508	rs12079419	acC	acA	T	T	216  	.   0.02	4hytA  220  T
ENSP00000358508	rs12079419	acC	acA	T	T	216  	.   0.02	4hytD  220  T
ENSP00000358508	rs12079419	acC	acA	T	T	216  	.   0.02	4resA  220  T
ENSP00000358508	rs12079419	acC	acA	T	T	216  	.   0.02	4resD  220  T
ENSP00000358508	rs12079419	acC	acA	T	T	216  	.   0.02	4retA  220  T
ENSP00000358508	rs12079419	acC	acA	T	T	216  	.   0.02	4retD  220  T
ENSP00000358508	rs12079419	acC	acA	T	T	216  	.   0.02	4xe5A  219  T
ENSP00000358508	rs12079419	acC	acA	T	T	216  	.   0.02	5avqA  216  T
ENSP00000358508	rs12079419	acC	acA	T	T	216  	.   0.02	5avrA  216  T
ENSP00000358508	rs12079419	acC	acA	T	T	216  	.   0.02	5avsA  216  T
ENSP00000358508	rs12079419	acC	acA	T	T	216  	.   0.02	5avtA  216  T
ENSP00000358508	rs12079419	acC	acA	T	T	216  	.   0.02	5avuA  216  T
ENSP00000358508	rs12079419	acC	acA	T	T	216  	.   0.02	5avvA  216  T
ENSP00000358508	rs12079419	acC	acA	T	T	216  	.   0.02	5avwA  216  T
ENSP00000358508	rs12079419	acC	acA	T	T	216  	.   0.02	5avxA  216  T
ENSP00000358508	rs12079419	acC	acA	T	T	216  	.   0.02	5avyA  216  T
ENSP00000358508	rs12079419	acC	acA	T	T	216  	.   0.02	5avzA  216  T
ENSP00000358508	rs12079419	acC	acA	T	T	216  	.   0.02	5aw0A  216  T
ENSP00000358508	rs12079419	acC	acA	T	T	216  	.   0.02	5aw1A  216  T
ENSP00000358508	rs12079419	acC	acA	T	T	216  	.   0.02	5aw2A  216  T
ENSP00000358508	rs12079419	acC	acA	T	T	216  	.   0.02	5aw3A  216  T
ENSP00000358508	rs12079419	acC	acA	T	T	216  	.   0.02	5aw4A  216  T
ENSP00000358508	rs12079419	acC	acA	T	T	216  	.   0.02	5aw5A  216  T
ENSP00000358508	rs12079419	acC	acA	T	T	216  	.   0.02	5aw6A  216  T
ENSP00000358508	rs12079419	acC	acA	T	T	216  	.   0.02	5aw7A  216  T
ENSP00000358508	rs12079419	acC	acA	T	T	216  	.   0.02	5aw8A  216  T
ENSP00000358508	rs12079419	acC	acA	T	T	216  	.   0.02	5aw9A  216  T
ENSP00000358596	 rs1889567	Ctg	Ttg	L	L	203  	.   0.01	2g6zA   30  L
ENSP00000358596	 rs1889567	Ctg	Ttg	L	L	203  	.   0.01	2g6zB   26  L
ENSP00000358596	 rs1889567	Ctg	Ttg	L	L	203  	.   0.01	2g6zC   30  L
ENSP00000358633	 rs5030868	tCc	tTc	S	F	188  	.   0.03	1qkiA  165  S
ENSP00000358633	 rs5030868	tCc	tTc	S	F	188  	.   0.03	1qkiB  166  S
ENSP00000358633	 rs5030868	tCc	tTc	S	F	188  	.   0.03	1qkiC  166  S
ENSP00000358633	 rs5030868	tCc	tTc	S	F	188  	.   0.03	1qkiD  167  S
ENSP00000358633	 rs5030868	tCc	tTc	S	F	188  	.   0.03	1qkiE  164  S
ENSP00000358633	 rs5030868	tCc	tTc	S	F	188  	.   0.03	1qkiF  168  S
ENSP00000358633	 rs5030868	tCc	tTc	S	F	188  	.   0.03	1qkiG  166  S
ENSP00000358633	 rs5030868	tCc	tTc	S	F	188  	.   0.03	1qkiH  166  S
ENSP00000358633	 rs5030868	tCc	tTc	S	F	188  	.   0.03	2bh9A  162  S
ENSP00000358633	 rs5030868	tCc	tTc	S	F	188  	.   0.03	2bhlA  162  S
ENSP00000358633	 rs5030868	tCc	tTc	S	F	188  	.   0.03	2bhlB  162  S
ENSP00000358633	 rs5030868	tCc	tTc	S	F	188  	.   0.03	5ukwA  161  S
ENSP00000358633	 rs5030868	tCc	tTc	S	F	188  	.   0.03	6e07A  161  S
ENSP00000358633	 rs5030868	tCc	tTc	S	F	188  	.   0.03	6e07B  161  S
ENSP00000358633	 rs5030868	tCc	tTc	S	F	188  	.   0.03	6e07C  161  S
ENSP00000358633	 rs5030868	tCc	tTc	S	F	188  	.   0.03	6e07D  161  S
ENSP00000358633	 rs5030868	tCc	tTc	S	F	188  	.   0.03	6e07E  162  S
ENSP00000358633	 rs5030868	tCc	tTc	S	F	188  	.   0.03	6e07F  161  S
ENSP00000358633	 rs5030868	tCc	tTc	S	F	188  	.   0.03	6e07G  161  S
ENSP00000358633	 rs5030868	tCc	tTc	S	F	188  	.   0.03	6e07H  160  S
ENSP00000358633	 rs5030868	tCc	tTc	S	F	188  	.   0.03	6e08A  161  S
ENSP00000358633	 rs1050828	Gtg	Atg	V	M	68   	.   0.01	1qkiA   45  V
ENSP00000358633	 rs1050828	Gtg	Atg	V	M	68   	.   0.01	1qkiB   46  V
ENSP00000358633	 rs1050828	Gtg	Atg	V	M	68   	.   0.01	1qkiC   46  V
ENSP00000358633	 rs1050828	Gtg	Atg	V	M	68   	.   0.01	1qkiD   47  V
ENSP00000358633	 rs1050828	Gtg	Atg	V	M	68   	.   0.01	1qkiE   44  V
ENSP00000358633	 rs1050828	Gtg	Atg	V	M	68   	.   0.01	1qkiF   48  V
ENSP00000358633	 rs1050828	Gtg	Atg	V	M	68   	.   0.01	1qkiG   46  V
ENSP00000358633	 rs1050828	Gtg	Atg	V	M	68   	.   0.01	1qkiH   46  V
ENSP00000358633	 rs1050828	Gtg	Atg	V	M	68   	.   0.01	2bh9A   42  V
ENSP00000358633	 rs1050828	Gtg	Atg	V	M	68   	.   0.01	2bhlA   42  V
ENSP00000358633	 rs1050828	Gtg	Atg	V	M	68   	.   0.01	2bhlB   42  V
ENSP00000358633	 rs1050828	Gtg	Atg	V	M	68   	.   0.01	5ukwA   41  V
ENSP00000358633	 rs1050828	Gtg	Atg	V	M	68   	.   0.01	6e07A   41  V
ENSP00000358633	 rs1050828	Gtg	Atg	V	M	68   	.   0.01	6e07B   41  V
ENSP00000358633	 rs1050828	Gtg	Atg	V	M	68   	.   0.01	6e07C   41  V
ENSP00000358633	 rs1050828	Gtg	Atg	V	M	68   	.   0.01	6e07D   41  V
ENSP00000358633	 rs1050828	Gtg	Atg	V	M	68   	.   0.01	6e07E   42  V
ENSP00000358633	 rs1050828	Gtg	Atg	V	M	68   	.   0.01	6e07F   41  V
ENSP00000358633	 rs1050828	Gtg	Atg	V	M	68   	.   0.01	6e07G   41  V
ENSP00000358633	 rs1050828	Gtg	Atg	V	M	68   	.   0.01	6e07H   40  V
ENSP00000358633	 rs1050828	Gtg	Atg	V	M	68   	.   0.01	6e08A   41  V
ENSP00000358665	 rs3812138	Acg	Gcg	T	A	376  	.   0.03	4h1sA  348  T
ENSP00000358665	 rs3812138	Acg	Gcg	T	A	376  	.   0.03	4h1yA  351  A
ENSP00000358665	 rs3812138	Acg	Gcg	T	A	376  	.   0.03	4h2bA  351  A
ENSP00000358665	 rs3812138	Acg	Gcg	T	A	376  	.   0.03	4h2fA  351  A
ENSP00000358665	 rs3812138	Acg	Gcg	T	A	376  	.   0.03	4h2gA  351  A
ENSP00000358665	 rs3812138	Acg	Gcg	T	A	376  	.   0.03	4h2iA  351  A
ENSP00000358704	rs61739350	ctC	ctG	L	L	6    	*   0.63	3zylA    2  L
ENSP00000358704	rs61739350	ctC	ctG	L	L	6    	*   0.63	3zymA    2  L
ENSP00000358704	rs61739350	ctC	ctG	L	L	6    	*   0.63	3zymB    2  L
ENSP00000358704	rs61739350	ctC	ctG	L	L	6    	*   0.63	3zymC    2  L
ENSP00000358708	rs61739350	ctC	ctG	L	L	6    	*   0.87	3zylA    2  L
ENSP00000358721	  rs156697	Aat	Gat	N	D	114  	.   0.03	3q18A  139  N
ENSP00000358721	  rs156697	Aat	Gat	N	D	114  	.   0.03	3q18B  136  N
ENSP00000358721	  rs156697	Aat	Gat	N	D	114  	.   0.03	3q19A  138  N
ENSP00000358721	  rs156697	Aat	Gat	N	D	114  	.   0.03	3q19B  136  N
ENSP00000358721	  rs156697	Aat	Gat	N	D	114  	.   0.03	3qagA  141  N
ENSP00000358721	rs34400162	Gtc	Atc	V	I	13   	.   0.03	3q18A   38  V
ENSP00000358721	rs34400162	Gtc	Atc	V	I	13   	.   0.03	3q18B   35  V
ENSP00000358721	rs34400162	Gtc	Atc	V	I	13   	.   0.03	3q19A   37  V
ENSP00000358721	rs34400162	Gtc	Atc	V	I	13   	.   0.03	3q19B   35  V
ENSP00000358721	rs34400162	Gtc	Atc	V	I	13   	.   0.03	3qagA   40  V
ENSP00000358721	rs34145840	Ctt	Att	L	I	130  	.   0.01	3q18A  155  L
ENSP00000358721	rs34145840	Ctt	Att	L	I	130  	.   0.01	3q18B  152  L
ENSP00000358721	rs34145840	Ctt	Att	L	I	130  	.   0.01	3q19A  154  L
ENSP00000358721	rs34145840	Ctt	Att	L	I	130  	.   0.01	3q19B  152  L
ENSP00000358721	rs34145840	Ctt	Att	L	I	130  	.   0.01	3qagA  157  L
ENSP00000358724	rs11509436	tCt	tGt	S	C	86   	.   0.01	1eemA   82  S
ENSP00000358724	rs11509436	tCt	tGt	S	C	86   	.   0.01	3lflA   82  S
ENSP00000358724	rs11509436	tCt	tGt	S	C	86   	.   0.01	3lflB   82  S
ENSP00000358724	rs11509436	tCt	tGt	S	C	86   	.   0.01	3lflC   82  S
ENSP00000358724	rs11509436	tCt	tGt	S	C	86   	.   0.01	3vlnA   84  S
ENSP00000358724	rs11509436	tCt	tGt	S	C	86   	.   0.01	4is0A   83  S
ENSP00000358724	rs11509436	tCt	tGt	S	C	86   	.   0.01	4yqmA   82  S
ENSP00000358724	rs11509436	tCt	tGt	S	C	86   	.   0.01	4yqmB   82  S
ENSP00000358724	rs11509436	tCt	tGt	S	C	86   	.   0.01	4yqmC   82  S
ENSP00000358724	rs11509436	tCt	tGt	S	C	86   	.   0.01	4yquA   83  S
ENSP00000358724	rs11509436	tCt	tGt	S	C	86   	.   0.01	4yquB   82  S
ENSP00000358724	rs11509436	tCt	tGt	S	C	86   	.   0.01	4yqvA   82  S
ENSP00000358724	rs11509436	tCt	tGt	S	C	86   	.   0.01	4yqvB   82  S
ENSP00000358724	rs11509436	tCt	tGt	S	C	86   	.   0.01	4yqvC   82  S
ENSP00000358724	rs11509436	tCt	tGt	S	C	86   	.   0.01	5uehA   84  S
ENSP00000358724	rs11509436	tCt	tGt	S	C	86   	.   0.01	5v3qA   84  S
ENSP00000358724	rs11509439	gCc	gTc	A	V	203  	.   0.02	1eemA  232  A
ENSP00000358724	rs11509439	gCc	gTc	A	V	203  	.   0.02	3lflA  231  A
ENSP00000358724	rs11509439	gCc	gTc	A	V	203  	.   0.02	3vlnA  234  A
ENSP00000358724	rs11509439	gCc	gTc	A	V	203  	.   0.02	4is0A  233  A
ENSP00000358724	rs11509439	gCc	gTc	A	V	203  	.   0.02	4yqmA  232  A
ENSP00000358724	rs11509439	gCc	gTc	A	V	203  	.   0.02	4yqmB  232  A
ENSP00000358724	rs11509439	gCc	gTc	A	V	203  	.   0.02	4yqmC  232  A
ENSP00000358724	rs11509439	gCc	gTc	A	V	203  	.   0.02	4yquA  230  A
ENSP00000358724	rs11509439	gCc	gTc	A	V	203  	.   0.02	4yquB  230  A
ENSP00000358724	rs11509439	gCc	gTc	A	V	203  	.   0.02	4yqvA  232  A
ENSP00000358724	rs11509439	gCc	gTc	A	V	203  	.   0.02	4yqvB  232  A
ENSP00000358724	rs11509439	gCc	gTc	A	V	203  	.   0.02	4yqvC  232  A
ENSP00000358724	rs11509439	gCc	gTc	A	V	203  	.   0.02	5uehA  234  A
ENSP00000358724	rs11509439	gCc	gTc	A	V	203  	.   0.02	5v3qA  234  A
ENSP00000358724	rs45488299	gcG	gcT	A	A	14   	.   0.35	1eemA   10  A
ENSP00000358724	rs45488299	gcG	gcT	A	A	14   	.   0.35	3lflA   10  A
ENSP00000358724	rs45488299	gcG	gcT	A	A	14   	.   0.35	3lflB   10  A
ENSP00000358724	rs45488299	gcG	gcT	A	A	14   	.   0.35	3lflC   10  A
ENSP00000358724	rs45488299	gcG	gcT	A	A	14   	.   0.35	3vlnA   12  A
ENSP00000358724	rs45488299	gcG	gcT	A	A	14   	.   0.35	4is0A   11  A
ENSP00000358724	rs45488299	gcG	gcT	A	A	14   	.   0.35	4yqmA   10  A
ENSP00000358724	rs45488299	gcG	gcT	A	A	14   	.   0.35	4yqmB   10  A
ENSP00000358724	rs45488299	gcG	gcT	A	A	14   	.   0.35	4yqmC   10  A
ENSP00000358724	rs45488299	gcG	gcT	A	A	14   	.   0.35	4yquA   11  A
ENSP00000358724	rs45488299	gcG	gcT	A	A	14   	.   0.35	4yquB   10  A
ENSP00000358724	rs45488299	gcG	gcT	A	A	14   	.   0.35	4yqvA   10  A
ENSP00000358724	rs45488299	gcG	gcT	A	A	14   	.   0.35	4yqvB   10  A
ENSP00000358724	rs45488299	gcG	gcT	A	A	14   	.   0.35	4yqvC   10  A
ENSP00000358724	rs45488299	gcG	gcT	A	A	14   	.   0.35	5uehA   12  A
ENSP00000358724	rs45488299	gcG	gcT	A	A	14   	.   0.35	5v3qA   12  A
ENSP00000358724	rs78978552	gtC	gtT	V	V	179  	.   0.01	1eemA  208  V
ENSP00000358724	rs78978552	gtC	gtT	V	V	179  	.   0.01	3lflA  207  V
ENSP00000358724	rs78978552	gtC	gtT	V	V	179  	.   0.01	3lflB  207  V
ENSP00000358724	rs78978552	gtC	gtT	V	V	179  	.   0.01	3lflC  207  V
ENSP00000358724	rs78978552	gtC	gtT	V	V	179  	.   0.01	3vlnA  210  V
ENSP00000358724	rs78978552	gtC	gtT	V	V	179  	.   0.01	4is0A  209  V
ENSP00000358724	rs78978552	gtC	gtT	V	V	179  	.   0.01	4yqmA  208  V
ENSP00000358724	rs78978552	gtC	gtT	V	V	179  	.   0.01	4yqmB  208  V
ENSP00000358724	rs78978552	gtC	gtT	V	V	179  	.   0.01	4yqmC  208  V
ENSP00000358724	rs78978552	gtC	gtT	V	V	179  	.   0.01	4yquA  206  V
ENSP00000358724	rs78978552	gtC	gtT	V	V	179  	.   0.01	4yquB  206  V
ENSP00000358724	rs78978552	gtC	gtT	V	V	179  	.   0.01	4yqvA  208  V
ENSP00000358724	rs78978552	gtC	gtT	V	V	179  	.   0.01	4yqvB  208  V
ENSP00000358724	rs78978552	gtC	gtT	V	V	179  	.   0.01	4yqvC  208  V
ENSP00000358724	rs78978552	gtC	gtT	V	V	179  	.   0.01	5uehA  210  V
ENSP00000358724	rs78978552	gtC	gtT	V	V	179  	.   0.01	5v3qA  210  V
ENSP00000358727	    rs4925	gCt	gAt	A	D	140  	.   0.06	1eemA  136  A
ENSP00000358727	    rs4925	gCt	gAt	A	D	140  	.   0.06	3lflA  136  A
ENSP00000358727	    rs4925	gCt	gAt	A	D	140  	.   0.06	3lflB  136  A
ENSP00000358727	    rs4925	gCt	gAt	A	D	140  	.   0.06	3lflC  136  A
ENSP00000358727	    rs4925	gCt	gAt	A	D	140  	.   0.06	3vlnA  138  A
ENSP00000358727	    rs4925	gCt	gAt	A	D	140  	.   0.06	4is0A  137  A
ENSP00000358727	    rs4925	gCt	gAt	A	D	140  	.   0.06	4yqmA  136  A
ENSP00000358727	    rs4925	gCt	gAt	A	D	140  	.   0.06	4yqmB  136  A
ENSP00000358727	    rs4925	gCt	gAt	A	D	140  	.   0.06	4yqmC  136  A
ENSP00000358727	    rs4925	gCt	gAt	A	D	140  	.   0.06	4yquA  134  A
ENSP00000358727	    rs4925	gCt	gAt	A	D	140  	.   0.06	4yquB  134  A
ENSP00000358727	    rs4925	gCt	gAt	A	D	140  	.   0.06	4yqvA  136  A
ENSP00000358727	    rs4925	gCt	gAt	A	D	140  	.   0.06	4yqvB  136  A
ENSP00000358727	    rs4925	gCt	gAt	A	D	140  	.   0.06	4yqvC  136  A
ENSP00000358727	    rs4925	gCt	gAt	A	D	140  	.   0.06	5uehA  138  A
ENSP00000358727	    rs4925	gCt	gAt	A	D	140  	.   0.06	5v3qA  138  A
ENSP00000358727	rs11509436	tCt	tGt	S	C	86   	.   0.01	1eemA   82  S
ENSP00000358727	rs11509436	tCt	tGt	S	C	86   	.   0.01	3lflA   82  S
ENSP00000358727	rs11509436	tCt	tGt	S	C	86   	.   0.01	3lflB   82  S
ENSP00000358727	rs11509436	tCt	tGt	S	C	86   	.   0.01	3lflC   82  S
ENSP00000358727	rs11509436	tCt	tGt	S	C	86   	.   0.01	3vlnA   84  S
ENSP00000358727	rs11509436	tCt	tGt	S	C	86   	.   0.01	4is0A   83  S
ENSP00000358727	rs11509436	tCt	tGt	S	C	86   	.   0.01	4yqmA   82  S
ENSP00000358727	rs11509436	tCt	tGt	S	C	86   	.   0.01	4yqmB   82  S
ENSP00000358727	rs11509436	tCt	tGt	S	C	86   	.   0.01	4yqmC   82  S
ENSP00000358727	rs11509436	tCt	tGt	S	C	86   	.   0.01	4yquA   83  S
ENSP00000358727	rs11509436	tCt	tGt	S	C	86   	.   0.01	4yquB   82  S
ENSP00000358727	rs11509436	tCt	tGt	S	C	86   	.   0.01	4yqvA   82  S
ENSP00000358727	rs11509436	tCt	tGt	S	C	86   	.   0.01	4yqvB   82  S
ENSP00000358727	rs11509436	tCt	tGt	S	C	86   	.   0.01	4yqvC   82  S
ENSP00000358727	rs11509436	tCt	tGt	S	C	86   	.   0.01	5uehA   84  S
ENSP00000358727	rs11509436	tCt	tGt	S	C	86   	.   0.01	5v3qA   84  S
ENSP00000358727	rs11509439	gCc	gTc	A	V	236  	.   0.05	1eemA  232  A
ENSP00000358727	rs11509439	gCc	gTc	A	V	236  	.   0.05	3lflA  231  A
ENSP00000358727	rs11509439	gCc	gTc	A	V	236  	.   0.05	3vlnA  234  A
ENSP00000358727	rs11509439	gCc	gTc	A	V	236  	.   0.05	4is0A  233  A
ENSP00000358727	rs11509439	gCc	gTc	A	V	236  	.   0.05	4yqmA  232  A
ENSP00000358727	rs11509439	gCc	gTc	A	V	236  	.   0.05	4yqmB  232  A
ENSP00000358727	rs11509439	gCc	gTc	A	V	236  	.   0.05	4yqmC  232  A
ENSP00000358727	rs11509439	gCc	gTc	A	V	236  	.   0.05	4yquA  230  A
ENSP00000358727	rs11509439	gCc	gTc	A	V	236  	.   0.05	4yquB  230  A
ENSP00000358727	rs11509439	gCc	gTc	A	V	236  	.   0.05	4yqvA  232  A
ENSP00000358727	rs11509439	gCc	gTc	A	V	236  	.   0.05	4yqvB  232  A
ENSP00000358727	rs11509439	gCc	gTc	A	V	236  	.   0.05	4yqvC  232  A
ENSP00000358727	rs11509439	gCc	gTc	A	V	236  	.   0.05	5uehA  234  A
ENSP00000358727	rs11509439	gCc	gTc	A	V	236  	.   0.05	5v3qA  234  A
ENSP00000358727	rs45488299	gcG	gcT	A	A	14   	.   0.28	1eemA   10  A
ENSP00000358727	rs45488299	gcG	gcT	A	A	14   	.   0.28	3lflA   10  A
ENSP00000358727	rs45488299	gcG	gcT	A	A	14   	.   0.28	3lflB   10  A
ENSP00000358727	rs45488299	gcG	gcT	A	A	14   	.   0.28	3lflC   10  A
ENSP00000358727	rs45488299	gcG	gcT	A	A	14   	.   0.28	3vlnA   12  A
ENSP00000358727	rs45488299	gcG	gcT	A	A	14   	.   0.28	4is0A   11  A
ENSP00000358727	rs45488299	gcG	gcT	A	A	14   	.   0.28	4yqmA   10  A
ENSP00000358727	rs45488299	gcG	gcT	A	A	14   	.   0.28	4yqmB   10  A
ENSP00000358727	rs45488299	gcG	gcT	A	A	14   	.   0.28	4yqmC   10  A
ENSP00000358727	rs45488299	gcG	gcT	A	A	14   	.   0.28	4yquA   11  A
ENSP00000358727	rs45488299	gcG	gcT	A	A	14   	.   0.28	4yquB   10  A
ENSP00000358727	rs45488299	gcG	gcT	A	A	14   	.   0.28	4yqvA   10  A
ENSP00000358727	rs45488299	gcG	gcT	A	A	14   	.   0.28	4yqvB   10  A
ENSP00000358727	rs45488299	gcG	gcT	A	A	14   	.   0.28	4yqvC   10  A
ENSP00000358727	rs45488299	gcG	gcT	A	A	14   	.   0.28	5uehA   12  A
ENSP00000358727	rs45488299	gcG	gcT	A	A	14   	.   0.28	5v3qA   12  A
ENSP00000358727	rs78978552	gtC	gtT	V	V	212  	.   0.01	1eemA  208  V
ENSP00000358727	rs78978552	gtC	gtT	V	V	212  	.   0.01	3lflA  207  V
ENSP00000358727	rs78978552	gtC	gtT	V	V	212  	.   0.01	3lflB  207  V
ENSP00000358727	rs78978552	gtC	gtT	V	V	212  	.   0.01	3lflC  207  V
ENSP00000358727	rs78978552	gtC	gtT	V	V	212  	.   0.01	3vlnA  210  V
ENSP00000358727	rs78978552	gtC	gtT	V	V	212  	.   0.01	4is0A  209  V
ENSP00000358727	rs78978552	gtC	gtT	V	V	212  	.   0.01	4yqmA  208  V
ENSP00000358727	rs78978552	gtC	gtT	V	V	212  	.   0.01	4yqmB  208  V
ENSP00000358727	rs78978552	gtC	gtT	V	V	212  	.   0.01	4yqmC  208  V
ENSP00000358727	rs78978552	gtC	gtT	V	V	212  	.   0.01	4yquA  206  V
ENSP00000358727	rs78978552	gtC	gtT	V	V	212  	.   0.01	4yquB  206  V
ENSP00000358727	rs78978552	gtC	gtT	V	V	212  	.   0.01	4yqvA  208  V
ENSP00000358727	rs78978552	gtC	gtT	V	V	212  	.   0.01	4yqvB  208  V
ENSP00000358727	rs78978552	gtC	gtT	V	V	212  	.   0.01	4yqvC  208  V
ENSP00000358727	rs78978552	gtC	gtT	V	V	212  	.   0.01	5uehA  210  V
ENSP00000358727	rs78978552	gtC	gtT	V	V	212  	.   0.01	5v3qA  210  V
ENSP00000358755	 rs2275253	Atc	Gtc	I	V	339  	.   0.02	2ybtA  319  I
ENSP00000358755	 rs2275253	Atc	Gtc	I	V	339  	.   0.02	2ybtB  319  I
ENSP00000358755	 rs2275253	Atc	Gtc	I	V	339  	.   0.02	2ybtC  319  I
ENSP00000358755	 rs2275253	Atc	Gtc	I	V	339  	.   0.02	2ybtD  319  I
ENSP00000358755	 rs2275253	Atc	Gtc	I	V	339  	.   0.02	2ybtE  319  I
ENSP00000358755	 rs2275253	Atc	Gtc	I	V	339  	.   0.02	2ybtF  319  I
ENSP00000358755	 rs2275253	Atc	Gtc	I	V	339  	.   0.02	2ybuA  319  I
ENSP00000358755	 rs2275253	Atc	Gtc	I	V	339  	.   0.02	2ybuB  319  I
ENSP00000358755	 rs2275253	Atc	Gtc	I	V	339  	.   0.02	2ybuC  319  I
ENSP00000358755	 rs2275253	Atc	Gtc	I	V	339  	.   0.02	2ybuD  319  I
ENSP00000358755	 rs2275253	Atc	Gtc	I	V	339  	.   0.02	2ybuE  319  I
ENSP00000358755	 rs2275253	Atc	Gtc	I	V	339  	.   0.02	2ybuF  319  I
ENSP00000358755	 rs2275253	Atc	Gtc	I	V	339  	.   0.02	3fxyA  318  V
ENSP00000358755	 rs2275253	Atc	Gtc	I	V	339  	.   0.02	3fxyB  312  V
ENSP00000358755	 rs2275253	Atc	Gtc	I	V	339  	.   0.02	3fxyC  318  V
ENSP00000358755	 rs2275253	Atc	Gtc	I	V	339  	.   0.02	3fxyD  318  V
ENSP00000358755	 rs2275253	Atc	Gtc	I	V	339  	.   0.02	3fy1A  318  V
ENSP00000358755	 rs2275253	Atc	Gtc	I	V	339  	.   0.02	3fy1B  318  V
ENSP00000358755	 rs2275253	Atc	Gtc	I	V	339  	.   0.02	3rm4A  318  V
ENSP00000358755	 rs2275253	Atc	Gtc	I	V	339  	.   0.02	3rm4B  318  V
ENSP00000358755	 rs2275253	Atc	Gtc	I	V	339  	.   0.02	3rm8A  318  V
ENSP00000358755	 rs2275253	Atc	Gtc	I	V	339  	.   0.02	3rm8B  318  V
ENSP00000358755	 rs2275253	Atc	Gtc	I	V	339  	.   0.02	3rm9A  318  V
ENSP00000358755	 rs2275253	Atc	Gtc	I	V	339  	.   0.02	3rm9B  318  V
ENSP00000358755	 rs2275253	Atc	Gtc	I	V	339  	.   0.02	3rmeA  318  V
ENSP00000358755	 rs2275253	Atc	Gtc	I	V	339  	.   0.02	3rmeB  318  V
ENSP00000358755	 rs2275254	tTt	tCt	F	S	354  	.   0.01	2ybtA  334  F
ENSP00000358755	 rs2275254	tTt	tCt	F	S	354  	.   0.01	2ybtB  334  F
ENSP00000358755	 rs2275254	tTt	tCt	F	S	354  	.   0.01	2ybtC  334  F
ENSP00000358755	 rs2275254	tTt	tCt	F	S	354  	.   0.01	2ybtD  334  F
ENSP00000358755	 rs2275254	tTt	tCt	F	S	354  	.   0.01	2ybtE  334  F
ENSP00000358755	 rs2275254	tTt	tCt	F	S	354  	.   0.01	2ybtF  334  F
ENSP00000358755	 rs2275254	tTt	tCt	F	S	354  	.   0.01	2ybuA  334  F
ENSP00000358755	 rs2275254	tTt	tCt	F	S	354  	.   0.01	2ybuB  334  F
ENSP00000358755	 rs2275254	tTt	tCt	F	S	354  	.   0.01	2ybuC  334  F
ENSP00000358755	 rs2275254	tTt	tCt	F	S	354  	.   0.01	2ybuD  334  F
ENSP00000358755	 rs2275254	tTt	tCt	F	S	354  	.   0.01	2ybuE  334  F
ENSP00000358755	 rs2275254	tTt	tCt	F	S	354  	.   0.01	2ybuF  334  F
ENSP00000358755	 rs2275254	tTt	tCt	F	S	354  	.   0.01	3fxyA  333  F
ENSP00000358755	 rs2275254	tTt	tCt	F	S	354  	.   0.01	3fxyB  327  F
ENSP00000358755	 rs2275254	tTt	tCt	F	S	354  	.   0.01	3fxyC  333  F
ENSP00000358755	 rs2275254	tTt	tCt	F	S	354  	.   0.01	3fxyD  333  F
ENSP00000358755	 rs2275254	tTt	tCt	F	S	354  	.   0.01	3fy1A  333  F
ENSP00000358755	 rs2275254	tTt	tCt	F	S	354  	.   0.01	3fy1B  333  F
ENSP00000358755	 rs2275254	tTt	tCt	F	S	354  	.   0.01	3rm4A  333  F
ENSP00000358755	 rs2275254	tTt	tCt	F	S	354  	.   0.01	3rm4B  333  F
ENSP00000358755	 rs2275254	tTt	tCt	F	S	354  	.   0.01	3rm8A  333  F
ENSP00000358755	 rs2275254	tTt	tCt	F	S	354  	.   0.01	3rm8B  333  F
ENSP00000358755	 rs2275254	tTt	tCt	F	S	354  	.   0.01	3rm9A  333  F
ENSP00000358755	 rs2275254	tTt	tCt	F	S	354  	.   0.01	3rm9B  333  F
ENSP00000358755	 rs2275254	tTt	tCt	F	S	354  	.   0.01	3rmeA  333  F
ENSP00000358755	 rs2275254	tTt	tCt	F	S	354  	.   0.01	3rmeB  333  F
ENSP00000358786	 rs3748731	cgG	cgT	R	R	133  	.   0.06	2a79B   49  R
