ENSP00000360372	 rs4244285	ccG	ccA	P	P	227  	.   0.01	1og5B  198  P
ENSP00000360372	 rs4244285	ccG	ccA	P	P	227  	.   0.01	1r9oA  190  P
ENSP00000360372	 rs4244285	ccG	ccA	P	P	227  	.   0.01	5k7kA  190  P
ENSP00000360372	 rs4244285	ccG	ccA	P	P	227  	.   0.01	5w0cA  201  P
ENSP00000360372	 rs4244285	ccG	ccA	P	P	227  	.   0.01	5x23A  200  P
ENSP00000360372	 rs4244285	ccG	ccA	P	P	227  	.   0.01	5x24A  200  P
ENSP00000360372	 rs4244285	ccG	ccA	P	P	227  	.   0.01	5xxiA  200  P
ENSP00000360372	 rs4244285	ccG	ccC	P	P	227  	.   0.01	1og5B  198  P
ENSP00000360372	 rs4244285	ccG	ccC	P	P	227  	.   0.01	1r9oA  190  P
ENSP00000360372	 rs4244285	ccG	ccC	P	P	227  	.   0.01	5k7kA  190  P
ENSP00000360372	 rs4244285	ccG	ccC	P	P	227  	.   0.01	5w0cA  201  P
ENSP00000360372	 rs4244285	ccG	ccC	P	P	227  	.   0.01	5x23A  200  P
ENSP00000360372	 rs4244285	ccG	ccC	P	P	227  	.   0.01	5x24A  200  P
ENSP00000360372	 rs4244285	ccG	ccC	P	P	227  	.   0.01	5xxiA  200  P
ENSP00000360372	rs58744432	tCt	tAt	S	Y	280  	.   0.15	1og5B  251  S
ENSP00000360372	rs58744432	tCt	tAt	S	Y	280  	.   0.15	1r9oA  243  S
ENSP00000360372	rs58744432	tCt	tAt	S	Y	280  	.   0.15	5k7kA  243  S
ENSP00000360372	rs58744432	tCt	tAt	S	Y	280  	.   0.15	5w0cA  254  S
ENSP00000360372	rs58744432	tCt	tAt	S	Y	280  	.   0.15	5x23A  253  S
ENSP00000360372	rs58744432	tCt	tAt	S	Y	280  	.   0.15	5x24A  253  S
ENSP00000360372	rs58744432	tCt	tAt	S	Y	280  	.   0.15	5xxiA  253  S
ENSP00000360372	rs58259047	aCa	aGa	T	R	302  	.   0.01	1og5B  273  T
ENSP00000360372	rs58259047	aCa	aGa	T	R	302  	.   0.01	1r9oA  265  T
ENSP00000360372	rs58259047	aCa	aGa	T	R	302  	.   0.01	5k7kA  265  T
ENSP00000360372	rs58259047	aCa	aGa	T	R	302  	.   0.01	5w0cA  276  T
ENSP00000360372	rs58259047	aCa	aGa	T	R	302  	.   0.01	5x23A  275  T
ENSP00000360372	rs58259047	aCa	aGa	T	R	302  	.   0.01	5x24A  275  T
ENSP00000360372	rs58259047	aCa	aGa	T	R	302  	.   0.01	5xxiA  275  T
ENSP00000360372	rs58259047	aCa	aTa	T	I	302  	.   0.01	1og5B  273  T
ENSP00000360372	rs58259047	aCa	aTa	T	I	302  	.   0.01	1r9oA  265  T
ENSP00000360372	rs58259047	aCa	aTa	T	I	302  	.   0.01	5k7kA  265  T
ENSP00000360372	rs58259047	aCa	aTa	T	I	302  	.   0.01	5w0cA  276  T
ENSP00000360372	rs58259047	aCa	aTa	T	I	302  	.   0.01	5x23A  275  T
ENSP00000360372	rs58259047	aCa	aTa	T	I	302  	.   0.01	5x24A  275  T
ENSP00000360372	rs58259047	aCa	aTa	T	I	302  	.   0.01	5xxiA  275  T
ENSP00000360372	rs59734894	Cgt	Agt	R	S	329  	.   0.17	1og5B  300  R
ENSP00000360372	rs59734894	Cgt	Agt	R	S	329  	.   0.17	1r9oA  292  R
ENSP00000360372	rs59734894	Cgt	Agt	R	S	329  	.   0.17	5k7kA  292  R
ENSP00000360372	rs59734894	Cgt	Agt	R	S	329  	.   0.17	5w0cA  303  R
ENSP00000360372	rs59734894	Cgt	Agt	R	S	329  	.   0.17	5x23A  302  R
ENSP00000360372	rs59734894	Cgt	Agt	R	S	329  	.   0.17	5x24A  302  R
ENSP00000360372	rs59734894	Cgt	Agt	R	S	329  	.   0.17	5xxiA  302  R
ENSP00000360372	rs59734894	Cgt	Tgt	R	C	329  	.   0.17	1og5B  300  R
ENSP00000360372	rs59734894	Cgt	Tgt	R	C	329  	.   0.17	1r9oA  292  R
ENSP00000360372	rs59734894	Cgt	Tgt	R	C	329  	.   0.17	5k7kA  292  R
ENSP00000360372	rs59734894	Cgt	Tgt	R	C	329  	.   0.17	5w0cA  303  R
ENSP00000360372	rs59734894	Cgt	Tgt	R	C	329  	.   0.17	5x23A  302  R
ENSP00000360372	rs59734894	Cgt	Tgt	R	C	329  	.   0.17	5x24A  302  R
ENSP00000360372	rs59734894	Cgt	Tgt	R	C	329  	.   0.17	5xxiA  302  R
ENSP00000360372	rs58068888	atT	atG	I	M	331  	.   0.17	1og5B  302  I
ENSP00000360372	rs58068888	atT	atG	I	M	331  	.   0.17	1r9oA  294  I
ENSP00000360372	rs58068888	atT	atG	I	M	331  	.   0.17	5k7kA  294  I
ENSP00000360372	rs58068888	atT	atG	I	M	331  	.   0.17	5w0cA  305  I
ENSP00000360372	rs58068888	atT	atG	I	M	331  	.   0.17	5x23A  304  I
ENSP00000360372	rs58068888	atT	atG	I	M	331  	.   0.17	5x24A  304  I
ENSP00000360372	rs58068888	atT	atG	I	M	331  	.   0.17	5xxiA  304  I
ENSP00000360372	rs17879685	Cgt	Tgt	R	C	410  	.   0.08	1og5B  381  H
ENSP00000360372	rs17879685	Cgt	Tgt	R	C	410  	.   0.08	1r9oA  373  H
ENSP00000360372	rs17879685	Cgt	Tgt	R	C	410  	.   0.08	5k7kA  373  H
ENSP00000360372	rs17879685	Cgt	Tgt	R	C	410  	.   0.08	5w0cA  384  H
ENSP00000360372	rs17879685	Cgt	Tgt	R	C	410  	.   0.08	5x23A  383  H
ENSP00000360372	rs17879685	Cgt	Tgt	R	C	410  	.   0.08	5x24A  383  H
ENSP00000360372	rs17879685	Cgt	Tgt	R	C	410  	.   0.08	5xxiA  383  H
ENSP00000360372	rs56337013	Cgg	Tgg	R	W	433  	.   0.06	1og5B  404  R
ENSP00000360372	rs56337013	Cgg	Tgg	R	W	433  	.   0.06	1r9oA  396  R
ENSP00000360372	rs56337013	Cgg	Tgg	R	W	433  	.   0.06	5k7kA  396  R
ENSP00000360372	rs56337013	Cgg	Tgg	R	W	433  	.   0.06	5w0cA  407  R
ENSP00000360372	rs56337013	Cgg	Tgg	R	W	433  	.   0.06	5x23A  406  R
ENSP00000360372	rs56337013	Cgg	Tgg	R	W	433  	.   0.06	5x24A  406  R
ENSP00000360372	rs56337013	Cgg	Tgg	R	W	433  	.   0.06	5xxiA  406  R
ENSP00000360372	rs58519063	Cca	Aca	P	T	464  	.   0.19	1og5B  435  P
ENSP00000360372	rs58519063	Cca	Aca	P	T	464  	.   0.19	1r9oA  427  P
ENSP00000360372	rs58519063	Cca	Aca	P	T	464  	.   0.19	5k7kA  427  P
ENSP00000360372	rs58519063	Cca	Aca	P	T	464  	.   0.19	5w0cA  438  P
ENSP00000360372	rs58519063	Cca	Aca	P	T	464  	.   0.19	5x23A  437  P
ENSP00000360372	rs58519063	Cca	Aca	P	T	464  	.   0.19	5x24A  437  P
ENSP00000360372	rs58519063	Cca	Aca	P	T	464  	.   0.19	5xxiA  437  P
ENSP00000360372	rs58519063	Cca	Tca	P	S	464  	.   0.19	1og5B  435  P
ENSP00000360372	rs58519063	Cca	Tca	P	S	464  	.   0.19	1r9oA  427  P
ENSP00000360372	rs58519063	Cca	Tca	P	S	464  	.   0.19	5k7kA  427  P
ENSP00000360372	rs58519063	Cca	Tca	P	S	464  	.   0.19	5w0cA  438  P
ENSP00000360372	rs58519063	Cca	Tca	P	S	464  	.   0.19	5x23A  437  P
ENSP00000360372	rs58519063	Cca	Tca	P	S	464  	.   0.19	5x24A  437  P
ENSP00000360372	rs58519063	Cca	Tca	P	S	464  	.   0.19	5xxiA  437  P
ENSP00000360372	rs17885098	ccC	ccT	P	P	33   	.   0.03	1og5B    4  P
ENSP00000360372	rs17885098	ccC	ccT	P	P	33   	.   0.03	1r9oA    8  P
ENSP00000360372	rs17885098	ccC	ccT	P	P	33   	.   0.03	5k7kA    8  P
ENSP00000360372	rs17885098	ccC	ccT	P	P	33   	.   0.03	5w0cA    7  P
ENSP00000360372	rs17885098	ccC	ccT	P	P	33   	.   0.03	5x23A    6  P
ENSP00000360372	rs17885098	ccC	ccT	P	P	33   	.   0.03	5x24A    6  P
ENSP00000360372	rs17885098	ccC	ccT	P	P	33   	.   0.03	5xxiA    6  P
ENSP00000360509	 rs3820198	gaT	gaG	D	E	46   	.   0.14	5b4xB    2  E
ENSP00000360509	 rs3820198	gaT	gaG	D	E	46   	.   0.14	5b4xD    2  E
ENSP00000360509	rs34377407	Gac	Cac	D	H	353  	.   0.02	5b4xB   95  D
ENSP00000360509	rs34377407	Gac	Cac	D	H	353  	.   0.02	5b4xD   95  D
ENSP00000360541	 rs1799822	Atg	Gtg	M	V	647  	.   0.06	2debA  604  I
ENSP00000360541	 rs1799822	Atg	Gtg	M	V	647  	.   0.06	2debB  604  I
ENSP00000360541	 rs1799822	Atg	Gtg	M	V	647  	.   0.06	2fw3A  616  I
ENSP00000360541	 rs1799822	Atg	Gtg	M	V	647  	.   0.06	2fyoA  604  I
ENSP00000360541	 rs1799822	Atg	Gtg	M	V	647  	.   0.06	2h4tA  617  I
ENSP00000360541	 rs1799822	Atg	Gtg	M	V	647  	.   0.06	2h4tB  617  I
ENSP00000360541	 rs1799822	Atg	Gtg	M	V	647  	.   0.06	2rcuA  616  I
ENSP00000360541	 rs1799822	Atg	Gtg	M	V	647  	.   0.06	2rcuB  616  I
ENSP00000360541	 rs1799822	Atg	Gtg	M	V	647  	.   0.06	4ep9A  616  I
ENSP00000360541	 rs1799822	Atg	Gtg	M	V	647  	.   0.06	4ephA  616  I
ENSP00000360541	 rs1799822	Atg	Gtg	M	V	647  	.   0.06	4eywA  616  I
ENSP00000360541	 rs1799822	Atg	Gtg	M	V	647  	.   0.06	4eywB  623  I
ENSP00000360609	  rs324134	gtG	gtA	V	V	510  	.   0.01	3pryA  219  V
ENSP00000360609	  rs324134	gtG	gtA	V	V	510  	.   0.01	3pryB  214  V
ENSP00000360609	  rs324134	gtG	gtA	V	V	510  	.   0.01	3pryC  215  V
ENSP00000360609	  rs324134	gtG	gtA	V	V	510  	.   0.01	3q6mA  207  V
ENSP00000360609	  rs324134	gtG	gtA	V	V	510  	.   0.01	3q6mB  207  V
ENSP00000360609	  rs324134	gtG	gtA	V	V	510  	.   0.01	3q6mC  205  V
ENSP00000360609	  rs324134	gtG	gtA	V	V	510  	.   0.01	3q6nA  199  V
ENSP00000360609	  rs324134	gtG	gtA	V	V	510  	.   0.01	3q6nB  201  V
ENSP00000360609	  rs324134	gtG	gtA	V	V	510  	.   0.01	3q6nC  199  V
ENSP00000360609	  rs324134	gtG	gtA	V	V	510  	.   0.01	3q6nD  200  V
ENSP00000360609	  rs324134	gtG	gtA	V	V	510  	.   0.01	3q6nE  200  V
ENSP00000360609	  rs324134	gtG	gtA	V	V	510  	.   0.01	3q6nF  202  V
ENSP00000360609	  rs324134	gtG	gtA	V	V	510  	.   0.01	5fwkA  458  V
ENSP00000360609	  rs324134	gtG	gtA	V	V	510  	.   0.01	5fwkB  449  V
ENSP00000360609	  rs324134	gtG	gtA	V	V	510  	.   0.01	5fwlA  458  V
ENSP00000360609	  rs324134	gtG	gtA	V	V	510  	.   0.01	5fwlB  449  V
ENSP00000360609	  rs324134	gtG	gtA	V	V	510  	.   0.01	5fwmA  458  V
ENSP00000360609	  rs324134	gtG	gtA	V	V	510  	.   0.01	5fwmB  449  V
ENSP00000360609	  rs324134	gtG	gtA	V	V	510  	.   0.01	5fwpA  458  V
ENSP00000360609	  rs324134	gtG	gtA	V	V	510  	.   0.01	5fwpB  449  V
ENSP00000360621	rs34521609	aTg	aCg	M	T	816  	.   0.02	5uj7A  292  M
ENSP00000360621	rs34521609	aTg	aCg	M	T	816  	.   0.02	5uj7D  292  M
ENSP00000360621	rs34521609	aTg	aCg	M	T	816  	.   0.02	5ujmA  292  M
ENSP00000360621	rs61756138	aAa	aGa	K	R	768  	.   0.12	5uj7A  244  K
ENSP00000360621	rs61756138	aAa	aGa	K	R	768  	.   0.12	5uj7D  244  K
ENSP00000360621	rs61756138	aAa	aGa	K	R	768  	.   0.12	5ujmA  244  K
ENSP00000360623	rs34521609	aTg	aCg	M	T	816  	.   0.02	5uj7A  292  M
ENSP00000360623	rs34521609	aTg	aCg	M	T	816  	.   0.02	5uj7D  292  M
ENSP00000360623	rs34521609	aTg	aCg	M	T	816  	.   0.02	5ujmA  292  M
ENSP00000360623	rs61756138	aAa	aGa	K	R	768  	.   0.12	5uj7A  244  K
ENSP00000360623	rs61756138	aAa	aGa	K	R	768  	.   0.12	5uj7D  244  K
ENSP00000360623	rs61756138	aAa	aGa	K	R	768  	.   0.12	5ujmA  244  K
ENSP00000360635	   rs13631	ctC	ctT	L	L	404  	.   0.01	3jyhA  377  L
ENSP00000360635	   rs13631	ctC	ctT	L	L	404  	.   0.01	3jyhB  377  L
ENSP00000360635	   rs13631	ctC	ctT	L	L	404  	.   0.01	3jyhC  377  L
ENSP00000360635	   rs13631	ctC	ctT	L	L	404  	.   0.01	3jyhD  377  L
ENSP00000360635	   rs13631	ctC	ctT	L	L	404  	.   0.01	3n0tA  377  L
ENSP00000360635	   rs13631	ctC	ctT	L	L	404  	.   0.01	3n0tB  377  L
ENSP00000360635	   rs13631	ctC	ctT	L	L	404  	.   0.01	3n0tC  377  L
ENSP00000360635	   rs13631	ctC	ctT	L	L	404  	.   0.01	3n0tD  376  L
ENSP00000360635	   rs13631	ctC	ctT	L	L	404  	.   0.01	4ebbA  371  L
ENSP00000360635	   rs13631	ctC	ctT	L	L	404  	.   0.01	4ebbB  370  L
ENSP00000360697	   rs17613	Cac	Aac	H	N	124  	.   0.01	1iw2A   87  H
ENSP00000360697	   rs17613	Cac	Aac	H	N	124  	.   0.01	1lf7A   88  H
ENSP00000360697	   rs17613	Cac	Aac	H	N	124  	.   0.01	2ovaA   88  H
ENSP00000360697	   rs17613	Cac	Aac	H	N	124  	.   0.01	2ovdA   86  H
ENSP00000360697	   rs17613	Cac	Aac	H	N	124  	.   0.01	2oveA   86  H
ENSP00000360697	   rs17613	Cac	Aac	H	N	124  	.   0.01	2qosA   95  H
ENSP00000360697	   rs17613	Cac	Aac	H	N	124  	.   0.01	2rd7B   84  H
ENSP00000360697	   rs17613	Cac	Aac	H	N	124  	.   0.01	3ojyC   89  H
ENSP00000360709	  rs324134	gtG	gtA	V	V	510  	.   0.01	3pryA  219  V
ENSP00000360709	  rs324134	gtG	gtA	V	V	510  	.   0.01	3pryB  214  V
ENSP00000360709	  rs324134	gtG	gtA	V	V	510  	.   0.01	3pryC  215  V
ENSP00000360709	  rs324134	gtG	gtA	V	V	510  	.   0.01	3q6mA  207  V
ENSP00000360709	  rs324134	gtG	gtA	V	V	510  	.   0.01	3q6mB  207  V
ENSP00000360709	  rs324134	gtG	gtA	V	V	510  	.   0.01	3q6mC  205  V
ENSP00000360709	  rs324134	gtG	gtA	V	V	510  	.   0.01	3q6nA  199  V
ENSP00000360709	  rs324134	gtG	gtA	V	V	510  	.   0.01	3q6nB  201  V
ENSP00000360709	  rs324134	gtG	gtA	V	V	510  	.   0.01	3q6nC  199  V
ENSP00000360709	  rs324134	gtG	gtA	V	V	510  	.   0.01	3q6nD  200  V
ENSP00000360709	  rs324134	gtG	gtA	V	V	510  	.   0.01	3q6nE  200  V
ENSP00000360709	  rs324134	gtG	gtA	V	V	510  	.   0.01	3q6nF  202  V
ENSP00000360709	  rs324134	gtG	gtA	V	V	510  	.   0.01	5fwkA  458  V
ENSP00000360709	  rs324134	gtG	gtA	V	V	510  	.   0.01	5fwkB  449  V
ENSP00000360709	  rs324134	gtG	gtA	V	V	510  	.   0.01	5fwlA  458  V
ENSP00000360709	  rs324134	gtG	gtA	V	V	510  	.   0.01	5fwlB  449  V
ENSP00000360709	  rs324134	gtG	gtA	V	V	510  	.   0.01	5fwmA  458  V
ENSP00000360709	  rs324134	gtG	gtA	V	V	510  	.   0.01	5fwmB  449  V
ENSP00000360709	  rs324134	gtG	gtA	V	V	510  	.   0.01	5fwpA  458  V
ENSP00000360709	  rs324134	gtG	gtA	V	V	510  	.   0.01	5fwpB  449  V
ENSP00000360860	rs114398188	aaG	aaA	K	K	158  	.   0.01	3zgqA  157  K
ENSP00000360860	rs114398188	aaG	aaA	K	K	158  	.   0.01	4hoqA  156  K
ENSP00000360860	rs114398188	aaG	aaA	K	K	158  	.   0.01	4horA  158  K
ENSP00000360860	rs114398188	aaG	aaA	K	K	158  	.   0.01	4hosA  158  K
ENSP00000360860	rs114398188	aaG	aaA	K	K	158  	.   0.01	4hotA  153  K
ENSP00000360860	rs114398188	aaG	aaA	K	K	158  	.   0.01	4j0uA  156  K
ENSP00000360984	 rs3124768	acG	acA	T	T	324  	.   0.01	3ghmA  259  T
ENSP00000360984	 rs3124768	acG	acA	T	T	324  	.   0.01	3ghnA  261  T
ENSP00000360984	 rs3124768	acG	acA	T	T	324  	.   0.01	3vn4A  265  T
ENSP00000360987	 rs4646487	Cgg	Tgg	R	W	158  	.   0.04	5t6qA  149  C
ENSP00000360987	 rs4646487	Cgg	Tgg	R	W	158  	.   0.04	6c93A  148  C
ENSP00000360987	 rs4646487	Cgg	Tgg	R	W	158  	.   0.04	6c94A  150  C
ENSP00000360987	 rs2297810	atG	atA	M	I	317  	.   0.01	5t6qA  297  M
ENSP00000360987	 rs2297810	atG	atA	M	I	317  	.   0.01	6c93A  304  M
ENSP00000360987	 rs2297810	atG	atA	M	I	317  	.   0.01	6c94A  308  M
ENSP00000360987	rs45467195	Agt	Ggt	S	G	308  	.   0.01	5t6qA  288  S
ENSP00000360987	rs45467195	Agt	Ggt	S	G	308  	.   0.01	6c93A  295  S
ENSP00000360987	rs45467195	Agt	Ggt	S	G	308  	.   0.01	6c94A  299  S
ENSP00000360987	rs17102592	tTc	tGc	F	C	340  	.   0.03	5t6qA  320  S
ENSP00000360987	rs17102592	tTc	tGc	F	C	340  	.   0.03	6c93A  327  S
ENSP00000360987	rs17102592	tTc	tGc	F	C	340  	.   0.03	6c94A  331  S
ENSP00000360987	rs45500401	ggG	ggA	G	G	108  	.   0.01	5t6qA   99  G
ENSP00000360987	rs45500401	ggG	ggA	G	G	108  	.   0.01	6c93A   98  G
ENSP00000360987	rs45500401	ggG	ggA	G	G	108  	.   0.01	6c94A  100  G
ENSP00000360987	rs45500401	ggG	ggC	G	G	108  	.   0.01	5t6qA   99  G
ENSP00000360987	rs45500401	ggG	ggC	G	G	108  	.   0.01	6c93A   98  G
ENSP00000360987	rs45500401	ggG	ggC	G	G	108  	.   0.01	6c94A  100  G
ENSP00000360991	 rs4646487	Cgg	Tgg	R	W	173  	.   0.04	5t6qA  149  C
ENSP00000360991	 rs4646487	Cgg	Tgg	R	W	173  	.   0.04	6c93A  148  C
ENSP00000360991	 rs4646487	Cgg	Tgg	R	W	173  	.   0.04	6c94A  150  C
ENSP00000360991	 rs2297810	atG	atA	M	I	332  	.   0.01	5t6qA  297  M
ENSP00000360991	 rs2297810	atG	atA	M	I	332  	.   0.01	6c93A  304  M
ENSP00000360991	 rs2297810	atG	atA	M	I	332  	.   0.01	6c94A  308  M
ENSP00000360991	rs45559437	gCc	gTc	A	V	111  	.   0.09	5t6qA   87  A
ENSP00000360991	rs45559437	gCc	gTc	A	V	111  	.   0.09	6c93A   86  A
ENSP00000360991	rs45559437	gCc	gTc	A	V	111  	.   0.09	6c94A   88  A
ENSP00000360991	rs45467195	Agt	Ggt	S	G	323  	.   0.01	5t6qA  288  S
ENSP00000360991	rs45467195	Agt	Ggt	S	G	323  	.   0.01	6c93A  295  S
ENSP00000360991	rs45467195	Agt	Ggt	S	G	323  	.   0.01	6c94A  299  S
ENSP00000360991	rs17102592	tTc	tGc	F	C	355  	.   0.03	5t6qA  320  S
ENSP00000360991	rs17102592	tTc	tGc	F	C	355  	.   0.03	6c93A  327  S
ENSP00000360991	rs17102592	tTc	tGc	F	C	355  	.   0.03	6c94A  331  S
ENSP00000360991	rs45500401	ggG	ggA	G	G	123  	.   0.01	5t6qA   99  G
ENSP00000360991	rs45500401	ggG	ggA	G	G	123  	.   0.01	6c93A   98  G
ENSP00000360991	rs45500401	ggG	ggA	G	G	123  	.   0.01	6c94A  100  G
ENSP00000360991	rs45500401	ggG	ggC	G	G	123  	.   0.01	5t6qA   99  G
ENSP00000360991	rs45500401	ggG	ggC	G	G	123  	.   0.01	6c93A   98  G
ENSP00000360991	rs45500401	ggG	ggC	G	G	123  	.   0.01	6c94A  100  G
ENSP00000360997	 rs3124768	acG	acA	T	T	572  	.   0.01	3ghmA  259  T
ENSP00000360997	 rs3124768	acG	acA	T	T	572  	.   0.01	3ghnA  261  T
ENSP00000360997	 rs3124768	acG	acA	T	T	572  	.   0.01	3vn4A  265  T
ENSP00000361043	 rs1048771	gcC	gcA	A	A	730  	.    0.2	1z3iA  630  A
ENSP00000361043	 rs1048771	gcC	gcT	A	A	730  	.    0.2	1z3iA  630  A
ENSP00000361140	 rs2229540	aAt	aGt	N	S	52   	.   0.01	1hqtA   51  N
ENSP00000361140	 rs2229540	aAt	aGt	N	S	52   	.   0.01	2alrA   51  N
ENSP00000361140	 rs2229540	aAt	aGt	N	S	52   	.   0.01	3cv7A   52  N
ENSP00000361140	 rs2229540	aAt	aGt	N	S	52   	.   0.01	3fx4A   52  N
ENSP00000361140	 rs2229540	aAt	aGt	N	S	52   	.   0.01	3h4gA   52  N
ENSP00000361140	 rs2229540	aAt	aGt	N	S	52   	.   0.01	4gacA   51  N
ENSP00000361140	 rs2229540	aAt	aGt	N	S	52   	.   0.01	4gacB   50  N
ENSP00000361145	 rs7094132	acA	acG	T	T	356  	.   0.02	4k6jA  432  T
ENSP00000361145	 rs7094132	acA	acG	T	T	356  	.   0.02	4k6jB  406  T
ENSP00000361170	rs36053993	gGt	gAt	G	D	393  	.   0.08	1x51A   45  G
ENSP00000361176	rs36053993	gGt	gAt	G	D	368  	.   0.07	1x51A   45  G
ENSP00000361182	rs36053993	gGt	gAt	G	D	383  	.   0.07	1x51A   45  G
ENSP00000361187	rs36053993	gGt	gAt	G	D	382  	.   0.06	1x51A   45  G
ENSP00000361252	 rs3824574	ttC	ttT	F	F	246  	.   0.01	3tbdA  229  F
ENSP00000361252	 rs3824574	ttC	ttT	F	F	246  	.   0.01	3zygA  223  F
ENSP00000361252	 rs3824574	ttC	ttT	F	F	246  	.   0.01	3zygB  218  F
ENSP00000361252	 rs3824574	ttC	ttT	F	F	246  	.   0.01	3zyiB  202  F
ENSP00000361287	 rs2993763	taC	taT	Y	Y	377  	.   0.05	1o90A  350  Y
ENSP00000361287	 rs2993763	taC	taT	Y	Y	377  	.   0.05	1o90B  350  Y
ENSP00000361287	 rs2993763	taC	taT	Y	Y	377  	.   0.05	1o92A  350  Y
ENSP00000361287	 rs2993763	taC	taT	Y	Y	377  	.   0.05	1o92B  350  Y
ENSP00000361287	 rs2993763	taC	taT	Y	Y	377  	.   0.05	1o93A  350  Y
ENSP00000361287	 rs2993763	taC	taT	Y	Y	377  	.   0.05	1o93B  350  Y
ENSP00000361287	 rs2993763	taC	taT	Y	Y	377  	.   0.05	1o9tA  350  Y
ENSP00000361287	 rs2993763	taC	taT	Y	Y	377  	.   0.05	1o9tB  350  Y
ENSP00000361287	 rs2993763	taC	taT	Y	Y	377  	.   0.05	1qm4A  350  Y
ENSP00000361287	 rs2993763	taC	taT	Y	Y	377  	.   0.05	1qm4B  350  Y
ENSP00000361287	 rs2993763	taC	taT	Y	Y	377  	.   0.05	2obvA  366  Y
ENSP00000361287	 rs2993763	taC	taT	Y	Y	377  	.   0.05	2p02A  362  Y
ENSP00000361287	 rs2993763	taC	taT	Y	Y	377  	.   0.05	4kttA  342  Y
ENSP00000361287	 rs2993763	taC	taT	Y	Y	377  	.   0.05	4kttB  364  Y
ENSP00000361287	 rs2993763	taC	taT	Y	Y	377  	.   0.05	4kttC  342  Y
ENSP00000361287	 rs2993763	taC	taT	Y	Y	377  	.   0.05	4kttD  362  Y
ENSP00000361287	 rs2993763	taC	taT	Y	Y	377  	.   0.05	4ktvA  344  Y
ENSP00000361287	 rs2993763	taC	taT	Y	Y	377  	.   0.05	4ktvB  363  Y
ENSP00000361287	 rs2993763	taC	taT	Y	Y	377  	.   0.05	4ktvC  343  Y
ENSP00000361287	 rs2993763	taC	taT	Y	Y	377  	.   0.05	4ktvD  363  Y
ENSP00000361287	 rs2993763	taC	taT	Y	Y	377  	.   0.05	4ndnA  344  Y
ENSP00000361287	 rs2993763	taC	taT	Y	Y	377  	.   0.05	4ndnB  365  Y
ENSP00000361287	 rs2993763	taC	taT	Y	Y	377  	.   0.05	4ndnC  342  Y
ENSP00000361287	 rs2993763	taC	taT	Y	Y	377  	.   0.05	4ndnD  364  Y
ENSP00000361287	 rs2993763	taC	taT	Y	Y	377  	.   0.05	5a19A  351  Y
ENSP00000361287	 rs2993763	taC	taT	Y	Y	377  	.   0.05	5a1gA  362  Y
ENSP00000361287	 rs2993763	taC	taT	Y	Y	377  	.   0.05	5a1iA  363  Y
ENSP00000361287	 rs2993763	taC	taT	Y	Y	377  	.   0.05	5ughA  351  Y
ENSP00000361287	 rs2993763	taC	taT	Y	Y	377  	.   0.05	5ughB  347  Y
ENSP00000361287	 rs2993763	taC	taT	Y	Y	377  	.   0.05	5ughC  350  Y
ENSP00000361287	 rs2993763	taC	taT	Y	Y	377  	.   0.05	5ughD  348  Y
ENSP00000361287	rs72558181	cGt	cAt	R	H	264  	.   0.02	1o90A  237  R
ENSP00000361287	rs72558181	cGt	cAt	R	H	264  	.   0.02	1o90B  237  R
ENSP00000361287	rs72558181	cGt	cAt	R	H	264  	.   0.02	1o92A  237  R
ENSP00000361287	rs72558181	cGt	cAt	R	H	264  	.   0.02	1o92B  237  R
ENSP00000361287	rs72558181	cGt	cAt	R	H	264  	.   0.02	1o93A  237  R
ENSP00000361287	rs72558181	cGt	cAt	R	H	264  	.   0.02	1o93B  237  R
ENSP00000361287	rs72558181	cGt	cAt	R	H	264  	.   0.02	1o9tA  237  R
ENSP00000361287	rs72558181	cGt	cAt	R	H	264  	.   0.02	1o9tB  237  R
ENSP00000361287	rs72558181	cGt	cAt	R	H	264  	.   0.02	1qm4A  237  R
ENSP00000361287	rs72558181	cGt	cAt	R	H	264  	.   0.02	1qm4B  237  R
ENSP00000361287	rs72558181	cGt	cAt	R	H	264  	.   0.02	2obvA  253  R
ENSP00000361287	rs72558181	cGt	cAt	R	H	264  	.   0.02	2p02A  249  R
ENSP00000361287	rs72558181	cGt	cAt	R	H	264  	.   0.02	4kttA  231  R
ENSP00000361287	rs72558181	cGt	cAt	R	H	264  	.   0.02	4kttB  251  R
ENSP00000361287	rs72558181	cGt	cAt	R	H	264  	.   0.02	4kttC  232  R
ENSP00000361287	rs72558181	cGt	cAt	R	H	264  	.   0.02	4kttD  249  R
ENSP00000361287	rs72558181	cGt	cAt	R	H	264  	.   0.02	4ktvA  231  R
ENSP00000361287	rs72558181	cGt	cAt	R	H	264  	.   0.02	4ktvB  250  R
ENSP00000361287	rs72558181	cGt	cAt	R	H	264  	.   0.02	4ktvC  230  R
ENSP00000361287	rs72558181	cGt	cAt	R	H	264  	.   0.02	4ktvD  250  R
ENSP00000361287	rs72558181	cGt	cAt	R	H	264  	.   0.02	4ndnA  231  R
ENSP00000361287	rs72558181	cGt	cAt	R	H	264  	.   0.02	4ndnB  252  R
ENSP00000361287	rs72558181	cGt	cAt	R	H	264  	.   0.02	4ndnC  229  R
ENSP00000361287	rs72558181	cGt	cAt	R	H	264  	.   0.02	4ndnD  251  R
ENSP00000361287	rs72558181	cGt	cAt	R	H	264  	.   0.02	5a19A  238  R
ENSP00000361287	rs72558181	cGt	cAt	R	H	264  	.   0.02	5a1gA  249  R
ENSP00000361287	rs72558181	cGt	cAt	R	H	264  	.   0.02	5a1iA  250  R
ENSP00000361287	rs72558181	cGt	cAt	R	H	264  	.   0.02	5ughA  238  R
ENSP00000361287	rs72558181	cGt	cAt	R	H	264  	.   0.02	5ughB  234  R
ENSP00000361287	rs72558181	cGt	cAt	R	H	264  	.   0.02	5ughC  237  R
ENSP00000361287	rs72558181	cGt	cAt	R	H	264  	.   0.02	5ughD  235  R
ENSP00000361287	rs10887711	gcT	gcC	A	A	294  	.   0.04	1o90A  267  A
ENSP00000361287	rs10887711	gcT	gcC	A	A	294  	.   0.04	1o90B  267  A
ENSP00000361287	rs10887711	gcT	gcC	A	A	294  	.   0.04	1o92A  267  A
ENSP00000361287	rs10887711	gcT	gcC	A	A	294  	.   0.04	1o92B  267  A
ENSP00000361287	rs10887711	gcT	gcC	A	A	294  	.   0.04	1o93A  267  A
ENSP00000361287	rs10887711	gcT	gcC	A	A	294  	.   0.04	1o93B  267  A
ENSP00000361287	rs10887711	gcT	gcC	A	A	294  	.   0.04	1o9tA  267  A
ENSP00000361287	rs10887711	gcT	gcC	A	A	294  	.   0.04	1o9tB  267  A
ENSP00000361287	rs10887711	gcT	gcC	A	A	294  	.   0.04	1qm4A  267  A
ENSP00000361287	rs10887711	gcT	gcC	A	A	294  	.   0.04	1qm4B  267  A
ENSP00000361287	rs10887711	gcT	gcC	A	A	294  	.   0.04	2obvA  283  A
ENSP00000361287	rs10887711	gcT	gcC	A	A	294  	.   0.04	2p02A  279  A
ENSP00000361287	rs10887711	gcT	gcC	A	A	294  	.   0.04	4kttA  261  A
ENSP00000361287	rs10887711	gcT	gcC	A	A	294  	.   0.04	4kttB  281  A
ENSP00000361287	rs10887711	gcT	gcC	A	A	294  	.   0.04	4kttC  262  A
ENSP00000361287	rs10887711	gcT	gcC	A	A	294  	.   0.04	4kttD  279  A
ENSP00000361287	rs10887711	gcT	gcC	A	A	294  	.   0.04	4ktvA  261  A
ENSP00000361287	rs10887711	gcT	gcC	A	A	294  	.   0.04	4ktvB  280  A
ENSP00000361287	rs10887711	gcT	gcC	A	A	294  	.   0.04	4ktvC  260  A
ENSP00000361287	rs10887711	gcT	gcC	A	A	294  	.   0.04	4ktvD  280  A
ENSP00000361287	rs10887711	gcT	gcC	A	A	294  	.   0.04	4ndnA  261  A
ENSP00000361287	rs10887711	gcT	gcC	A	A	294  	.   0.04	4ndnB  282  A
ENSP00000361287	rs10887711	gcT	gcC	A	A	294  	.   0.04	4ndnC  259  A
ENSP00000361287	rs10887711	gcT	gcC	A	A	294  	.   0.04	4ndnD  281  A
ENSP00000361287	rs10887711	gcT	gcC	A	A	294  	.   0.04	5a19A  268  A
ENSP00000361287	rs10887711	gcT	gcC	A	A	294  	.   0.04	5a1gA  279  A
ENSP00000361287	rs10887711	gcT	gcC	A	A	294  	.   0.04	5a1iA  280  A
ENSP00000361287	rs10887711	gcT	gcC	A	A	294  	.   0.04	5ughA  268  A
ENSP00000361287	rs10887711	gcT	gcC	A	A	294  	.   0.04	5ughB  264  A
ENSP00000361287	rs10887711	gcT	gcC	A	A	294  	.   0.04	5ughC  267  A
ENSP00000361287	rs10887711	gcT	gcC	A	A	294  	.   0.04	5ughD  265  A
ENSP00000361366	 rs4469829	Gag	Aag	E	K	309  	.   0.11	1b08A   86  E
ENSP00000361366	 rs4469829	Gag	Aag	E	K	309  	.   0.11	1b08B   85  E
ENSP00000361366	 rs4469829	Gag	Aag	E	K	309  	.   0.11	1b08C   82  E
ENSP00000361366	 rs4469829	Gag	Aag	E	K	309  	.   0.11	1pw9A   85  E
ENSP00000361366	 rs4469829	Gag	Aag	E	K	309  	.   0.11	1pw9B   85  E
ENSP00000361366	 rs4469829	Gag	Aag	E	K	309  	.   0.11	1pw9C   84  E
ENSP00000361366	 rs4469829	Gag	Aag	E	K	309  	.   0.11	1pwbA   85  E
ENSP00000361366	 rs4469829	Gag	Aag	E	K	309  	.   0.11	1pwbB   85  E
ENSP00000361366	 rs4469829	Gag	Aag	E	K	309  	.   0.11	1pwbC   84  E
ENSP00000361366	 rs4469829	Gag	Aag	E	K	309  	.   0.11	2gguA   85  E
ENSP00000361366	 rs4469829	Gag	Aag	E	K	309  	.   0.11	2gguB   85  E
ENSP00000361366	 rs4469829	Gag	Aag	E	K	309  	.   0.11	2gguC   85  E
ENSP00000361366	 rs4469829	Gag	Aag	E	K	309  	.   0.11	2ggxA   85  E
ENSP00000361366	 rs4469829	Gag	Aag	E	K	309  	.   0.11	2ggxB   85  E
ENSP00000361366	 rs4469829	Gag	Aag	E	K	309  	.   0.11	2ggxC   85  E
ENSP00000361366	 rs4469829	Gag	Aag	E	K	309  	.   0.11	2orjA   85  E
ENSP00000361366	 rs4469829	Gag	Aag	E	K	309  	.   0.11	2orjB   85  E
ENSP00000361366	 rs4469829	Gag	Aag	E	K	309  	.   0.11	2orjC   85  E
ENSP00000361366	 rs4469829	Gag	Aag	E	K	309  	.   0.11	2orkA   85  E
ENSP00000361366	 rs4469829	Gag	Aag	E	K	309  	.   0.11	2orkB   85  E
ENSP00000361366	 rs4469829	Gag	Aag	E	K	309  	.   0.11	2orkC   84  E
ENSP00000361366	 rs4469829	Gag	Aag	E	K	309  	.   0.11	2os9A   85  E
ENSP00000361366	 rs4469829	Gag	Aag	E	K	309  	.   0.11	2os9B   85  E
ENSP00000361366	 rs4469829	Gag	Aag	E	K	309  	.   0.11	2os9C   84  E
ENSP00000361366	 rs4469829	Gag	Aag	E	K	309  	.   0.11	2riaA   80  E
ENSP00000361366	 rs4469829	Gag	Aag	E	K	309  	.   0.11	2riaB   80  E
ENSP00000361366	 rs4469829	Gag	Aag	E	K	309  	.   0.11	2riaC   80  E
ENSP00000361366	 rs4469829	Gag	Aag	E	K	309  	.   0.11	2ribA   84  E
ENSP00000361366	 rs4469829	Gag	Aag	E	K	309  	.   0.11	2ribB   86  E
ENSP00000361366	 rs4469829	Gag	Aag	E	K	309  	.   0.11	2ribC   84  E
ENSP00000361366	 rs4469829	Gag	Aag	E	K	309  	.   0.11	2ricA   89  E
ENSP00000361366	 rs4469829	Gag	Aag	E	K	309  	.   0.11	2ricB   86  E
ENSP00000361366	 rs4469829	Gag	Aag	E	K	309  	.   0.11	2ricC   92  E
ENSP00000361366	 rs4469829	Gag	Aag	E	K	309  	.   0.11	2ridA   81  E
ENSP00000361366	 rs4469829	Gag	Aag	E	K	309  	.   0.11	2ridB   85  E
ENSP00000361366	 rs4469829	Gag	Aag	E	K	309  	.   0.11	2ridC   83  E
ENSP00000361366	 rs4469829	Gag	Aag	E	K	309  	.   0.11	2rieA   79  E
ENSP00000361366	 rs4469829	Gag	Aag	E	K	309  	.   0.11	2rieB   82  E
ENSP00000361366	 rs4469829	Gag	Aag	E	K	309  	.   0.11	2rieC   79  E
ENSP00000361366	 rs4469829	Gag	Aag	E	K	309  	.   0.11	3dbzA   86  E
ENSP00000361366	 rs4469829	Gag	Aag	E	K	309  	.   0.11	3dbzB   89  E
ENSP00000361366	 rs4469829	Gag	Aag	E	K	309  	.   0.11	3dbzC   84  E
ENSP00000361366	 rs4469829	Gag	Aag	E	K	309  	.   0.11	3g81A   85  E
ENSP00000361366	 rs4469829	Gag	Aag	E	K	309  	.   0.11	3g81B   85  E
ENSP00000361366	 rs4469829	Gag	Aag	E	K	309  	.   0.11	3g81C   84  E
ENSP00000361366	 rs4469829	Gag	Aag	E	K	309  	.   0.11	3g83A   85  E
ENSP00000361366	 rs4469829	Gag	Aag	E	K	309  	.   0.11	3g83B   85  E
ENSP00000361366	 rs4469829	Gag	Aag	E	K	309  	.   0.11	3g83C   84  E
ENSP00000361366	 rs4469829	Gag	Aag	E	K	309  	.   0.11	3g84A   85  E
ENSP00000361366	 rs4469829	Gag	Aag	E	K	309  	.   0.11	3g84B   85  E
ENSP00000361366	 rs4469829	Gag	Aag	E	K	309  	.   0.11	3g84C   85  E
ENSP00000361366	 rs4469829	Gag	Aag	E	K	309  	.   0.11	3iknA   86  E
ENSP00000361366	 rs4469829	Gag	Aag	E	K	309  	.   0.11	3iknB   86  E
ENSP00000361366	 rs4469829	Gag	Aag	E	K	309  	.   0.11	3iknC   86  E
ENSP00000361366	 rs4469829	Gag	Aag	E	K	309  	.   0.11	3ikpA   85  E
ENSP00000361366	 rs4469829	Gag	Aag	E	K	309  	.   0.11	3ikpB   86  E
ENSP00000361366	 rs4469829	Gag	Aag	E	K	309  	.   0.11	3ikpC   84  E
ENSP00000361366	 rs4469829	Gag	Aag	E	K	309  	.   0.11	3ikqA   80  E
ENSP00000361366	 rs4469829	Gag	Aag	E	K	309  	.   0.11	3ikqB   80  E
ENSP00000361366	 rs4469829	Gag	Aag	E	K	309  	.   0.11	3ikqC   79  E
ENSP00000361366	 rs4469829	Gag	Aag	E	K	309  	.   0.11	3ikrA   86  E
ENSP00000361366	 rs4469829	Gag	Aag	E	K	309  	.   0.11	3ikrB   85  E
ENSP00000361366	 rs4469829	Gag	Aag	E	K	309  	.   0.11	3ikrC   86  E
ENSP00000361366	 rs4469829	Gag	Aag	E	K	309  	.   0.11	4e52A   86  E
ENSP00000361366	 rs4469829	Gag	Aag	E	K	309  	.   0.11	4e52B   86  E
ENSP00000361366	 rs4469829	Gag	Aag	E	K	309  	.   0.11	4e52C   86  E
ENSP00000361366	 rs4469829	Gag	Aag	E	K	309  	.   0.11	4m17A   74  E
ENSP00000361366	 rs4469829	Gag	Aag	E	K	309  	.   0.11	4m17B   76  E
ENSP00000361366	 rs4469829	Gag	Aag	E	K	309  	.   0.11	4m17C   78  E
ENSP00000361366	 rs4469829	Gag	Aag	E	K	309  	.   0.11	4m17D   74  E
ENSP00000361366	 rs4469829	Gag	Aag	E	K	309  	.   0.11	4m17E   74  E
ENSP00000361366	 rs4469829	Gag	Aag	E	K	309  	.   0.11	4m17F   75  E
ENSP00000361366	 rs4469829	Gag	Aag	E	K	309  	.   0.11	4m17G   74  E
ENSP00000361366	 rs4469829	Gag	Aag	E	K	309  	.   0.11	4m17H   76  E
ENSP00000361366	 rs4469829	Gag	Aag	E	K	309  	.   0.11	4m17I   74  E
ENSP00000361366	 rs4469829	Gag	Aag	E	K	309  	.   0.11	4m17J   74  E
ENSP00000361366	 rs4469829	Gag	Aag	E	K	309  	.   0.11	4m17K   73  E
ENSP00000361366	 rs4469829	Gag	Aag	E	K	309  	.   0.11	4m17L   72  E
ENSP00000361366	 rs4469829	Gag	Aag	E	K	309  	.   0.11	4m18A   76  E
ENSP00000361366	 rs4469829	Gag	Aag	E	K	309  	.   0.11	4m18B   76  E
ENSP00000361366	 rs4469829	Gag	Aag	E	K	309  	.   0.11	4m18C   78  E
ENSP00000361366	 rs4469829	Gag	Aag	E	K	309  	.   0.11	4m18D   79  E
ENSP00000361366	 rs4469829	Gag	Aag	E	K	309  	.   0.11	4m18E   79  E
ENSP00000361366	 rs4469829	Gag	Aag	E	K	309  	.   0.11	4m18F   79  E
ENSP00000361366	 rs4469829	Gag	Aag	E	K	309  	.   0.11	4m18G   77  E
ENSP00000361366	 rs4469829	Gag	Aag	E	K	309  	.   0.11	4m18H   79  E
ENSP00000361366	 rs4469829	Gag	Aag	E	K	309  	.   0.11	4m18I   76  E
ENSP00000361366	 rs4469829	Gag	Aag	E	K	309  	.   0.11	4m18J   76  E
ENSP00000361366	 rs4469829	Gag	Aag	E	K	309  	.   0.11	4m18K   77  E
ENSP00000361366	 rs4469829	Gag	Aag	E	K	309  	.   0.11	4m18L   77  E
ENSP00000361366	 rs4469829	Gag	Aag	E	K	309  	.   0.11	5oxrA   85  E
ENSP00000361366	 rs4469829	Gag	Aag	E	K	309  	.   0.11	5oxrB   86  E
ENSP00000361366	 rs4469829	Gag	Aag	E	K	309  	.   0.11	5oxrC   85  E
ENSP00000361366	 rs4469829	Gag	Aag	E	K	309  	.   0.11	5oxsA   86  E
ENSP00000361366	 rs4469829	Gag	Aag	E	K	309  	.   0.11	5oxsB   87  E
ENSP00000361366	 rs4469829	Gag	Aag	E	K	309  	.   0.11	5oxsC   87  E
ENSP00000361366	 rs1051246	gcT	gcC	A	A	306  	.    0.1	1b08A   83  A
ENSP00000361366	 rs1051246	gcT	gcC	A	A	306  	.    0.1	1b08B   82  A
ENSP00000361366	 rs1051246	gcT	gcC	A	A	306  	.    0.1	1b08C   79  A
ENSP00000361366	 rs1051246	gcT	gcC	A	A	306  	.    0.1	1pw9A   82  A
ENSP00000361366	 rs1051246	gcT	gcC	A	A	306  	.    0.1	1pw9B   82  A
ENSP00000361366	 rs1051246	gcT	gcC	A	A	306  	.    0.1	1pw9C   81  A
ENSP00000361366	 rs1051246	gcT	gcC	A	A	306  	.    0.1	1pwbA   82  A
ENSP00000361366	 rs1051246	gcT	gcC	A	A	306  	.    0.1	1pwbB   82  A
ENSP00000361366	 rs1051246	gcT	gcC	A	A	306  	.    0.1	1pwbC   81  A
ENSP00000361366	 rs1051246	gcT	gcC	A	A	306  	.    0.1	2gguA   82  A
ENSP00000361366	 rs1051246	gcT	gcC	A	A	306  	.    0.1	2gguB   82  A
ENSP00000361366	 rs1051246	gcT	gcC	A	A	306  	.    0.1	2gguC   82  A
ENSP00000361366	 rs1051246	gcT	gcC	A	A	306  	.    0.1	2ggxA   82  A
ENSP00000361366	 rs1051246	gcT	gcC	A	A	306  	.    0.1	2ggxB   82  A
ENSP00000361366	 rs1051246	gcT	gcC	A	A	306  	.    0.1	2ggxC   82  A
ENSP00000361366	 rs1051246	gcT	gcC	A	A	306  	.    0.1	2orjA   82  A
ENSP00000361366	 rs1051246	gcT	gcC	A	A	306  	.    0.1	2orjB   82  A
ENSP00000361366	 rs1051246	gcT	gcC	A	A	306  	.    0.1	2orjC   82  A
ENSP00000361366	 rs1051246	gcT	gcC	A	A	306  	.    0.1	2orkA   82  A
ENSP00000361366	 rs1051246	gcT	gcC	A	A	306  	.    0.1	2orkB   82  A
ENSP00000361366	 rs1051246	gcT	gcC	A	A	306  	.    0.1	2orkC   81  A
ENSP00000361366	 rs1051246	gcT	gcC	A	A	306  	.    0.1	2os9A   82  A
ENSP00000361366	 rs1051246	gcT	gcC	A	A	306  	.    0.1	2os9B   82  A
ENSP00000361366	 rs1051246	gcT	gcC	A	A	306  	.    0.1	2os9C   81  A
ENSP00000361366	 rs1051246	gcT	gcC	A	A	306  	.    0.1	2riaA   77  A
ENSP00000361366	 rs1051246	gcT	gcC	A	A	306  	.    0.1	2riaB   77  A
ENSP00000361366	 rs1051246	gcT	gcC	A	A	306  	.    0.1	2riaC   77  A
ENSP00000361366	 rs1051246	gcT	gcC	A	A	306  	.    0.1	2ribA   81  A
ENSP00000361366	 rs1051246	gcT	gcC	A	A	306  	.    0.1	2ribB   83  A
ENSP00000361366	 rs1051246	gcT	gcC	A	A	306  	.    0.1	2ribC   81  A
ENSP00000361366	 rs1051246	gcT	gcC	A	A	306  	.    0.1	2ricA   86  A
ENSP00000361366	 rs1051246	gcT	gcC	A	A	306  	.    0.1	2ricB   83  A
ENSP00000361366	 rs1051246	gcT	gcC	A	A	306  	.    0.1	2ricC   89  A
ENSP00000361366	 rs1051246	gcT	gcC	A	A	306  	.    0.1	2ridA   78  A
ENSP00000361366	 rs1051246	gcT	gcC	A	A	306  	.    0.1	2ridB   82  A
ENSP00000361366	 rs1051246	gcT	gcC	A	A	306  	.    0.1	2ridC   80  A
ENSP00000361366	 rs1051246	gcT	gcC	A	A	306  	.    0.1	2rieA   76  A
ENSP00000361366	 rs1051246	gcT	gcC	A	A	306  	.    0.1	2rieB   79  A
ENSP00000361366	 rs1051246	gcT	gcC	A	A	306  	.    0.1	2rieC   76  A
ENSP00000361366	 rs1051246	gcT	gcC	A	A	306  	.    0.1	3dbzA   83  A
ENSP00000361366	 rs1051246	gcT	gcC	A	A	306  	.    0.1	3dbzB   86  A
ENSP00000361366	 rs1051246	gcT	gcC	A	A	306  	.    0.1	3dbzC   81  A
ENSP00000361366	 rs1051246	gcT	gcC	A	A	306  	.    0.1	3g81A   82  A
ENSP00000361366	 rs1051246	gcT	gcC	A	A	306  	.    0.1	3g81B   82  A
ENSP00000361366	 rs1051246	gcT	gcC	A	A	306  	.    0.1	3g81C   81  A
ENSP00000361366	 rs1051246	gcT	gcC	A	A	306  	.    0.1	3g83A   82  A
ENSP00000361366	 rs1051246	gcT	gcC	A	A	306  	.    0.1	3g83B   82  A
ENSP00000361366	 rs1051246	gcT	gcC	A	A	306  	.    0.1	3g83C   81  A
ENSP00000361366	 rs1051246	gcT	gcC	A	A	306  	.    0.1	3g84A   82  A
ENSP00000361366	 rs1051246	gcT	gcC	A	A	306  	.    0.1	3g84B   82  A
ENSP00000361366	 rs1051246	gcT	gcC	A	A	306  	.    0.1	3g84C   82  A
ENSP00000361366	 rs1051246	gcT	gcC	A	A	306  	.    0.1	3iknA   83  A
ENSP00000361366	 rs1051246	gcT	gcC	A	A	306  	.    0.1	3iknB   83  A
ENSP00000361366	 rs1051246	gcT	gcC	A	A	306  	.    0.1	3iknC   83  A
ENSP00000361366	 rs1051246	gcT	gcC	A	A	306  	.    0.1	3ikpA   82  A
ENSP00000361366	 rs1051246	gcT	gcC	A	A	306  	.    0.1	3ikpB   83  A
ENSP00000361366	 rs1051246	gcT	gcC	A	A	306  	.    0.1	3ikpC   81  A
ENSP00000361366	 rs1051246	gcT	gcC	A	A	306  	.    0.1	3ikqA   77  A
ENSP00000361366	 rs1051246	gcT	gcC	A	A	306  	.    0.1	3ikqB   77  A
ENSP00000361366	 rs1051246	gcT	gcC	A	A	306  	.    0.1	3ikqC   76  A
ENSP00000361366	 rs1051246	gcT	gcC	A	A	306  	.    0.1	3ikrA   83  A
ENSP00000361366	 rs1051246	gcT	gcC	A	A	306  	.    0.1	3ikrB   82  A
ENSP00000361366	 rs1051246	gcT	gcC	A	A	306  	.    0.1	3ikrC   83  A
ENSP00000361366	 rs1051246	gcT	gcC	A	A	306  	.    0.1	4e52A   83  A
ENSP00000361366	 rs1051246	gcT	gcC	A	A	306  	.    0.1	4e52B   83  A
ENSP00000361366	 rs1051246	gcT	gcC	A	A	306  	.    0.1	4e52C   83  A
ENSP00000361366	 rs1051246	gcT	gcC	A	A	306  	.    0.1	4m17A   71  A
ENSP00000361366	 rs1051246	gcT	gcC	A	A	306  	.    0.1	4m17B   73  A
ENSP00000361366	 rs1051246	gcT	gcC	A	A	306  	.    0.1	4m17C   75  A
ENSP00000361366	 rs1051246	gcT	gcC	A	A	306  	.    0.1	4m17D   71  A
ENSP00000361366	 rs1051246	gcT	gcC	A	A	306  	.    0.1	4m17E   71  A
ENSP00000361366	 rs1051246	gcT	gcC	A	A	306  	.    0.1	4m17F   72  A
ENSP00000361366	 rs1051246	gcT	gcC	A	A	306  	.    0.1	4m17G   71  A
ENSP00000361366	 rs1051246	gcT	gcC	A	A	306  	.    0.1	4m17H   73  A
ENSP00000361366	 rs1051246	gcT	gcC	A	A	306  	.    0.1	4m17I   71  A
ENSP00000361366	 rs1051246	gcT	gcC	A	A	306  	.    0.1	4m17J   71  A
ENSP00000361366	 rs1051246	gcT	gcC	A	A	306  	.    0.1	4m17K   70  A
ENSP00000361366	 rs1051246	gcT	gcC	A	A	306  	.    0.1	4m17L   69  A
ENSP00000361366	 rs1051246	gcT	gcC	A	A	306  	.    0.1	4m18A   73  A
ENSP00000361366	 rs1051246	gcT	gcC	A	A	306  	.    0.1	4m18B   73  A
ENSP00000361366	 rs1051246	gcT	gcC	A	A	306  	.    0.1	4m18C   75  A
ENSP00000361366	 rs1051246	gcT	gcC	A	A	306  	.    0.1	4m18D   76  A
ENSP00000361366	 rs1051246	gcT	gcC	A	A	306  	.    0.1	4m18E   76  A
ENSP00000361366	 rs1051246	gcT	gcC	A	A	306  	.    0.1	4m18F   76  A
ENSP00000361366	 rs1051246	gcT	gcC	A	A	306  	.    0.1	4m18G   74  A
ENSP00000361366	 rs1051246	gcT	gcC	A	A	306  	.    0.1	4m18H   76  A
ENSP00000361366	 rs1051246	gcT	gcC	A	A	306  	.    0.1	4m18I   73  A
ENSP00000361366	 rs1051246	gcT	gcC	A	A	306  	.    0.1	4m18J   73  A
ENSP00000361366	 rs1051246	gcT	gcC	A	A	306  	.    0.1	4m18K   74  A
ENSP00000361366	 rs1051246	gcT	gcC	A	A	306  	.    0.1	4m18L   74  A
ENSP00000361366	 rs1051246	gcT	gcC	A	A	306  	.    0.1	5oxrA   82  A
ENSP00000361366	 rs1051246	gcT	gcC	A	A	306  	.    0.1	5oxrB   83  A
ENSP00000361366	 rs1051246	gcT	gcC	A	A	306  	.    0.1	5oxrC   82  A
ENSP00000361366	 rs1051246	gcT	gcC	A	A	306  	.    0.1	5oxsA   83  A
ENSP00000361366	 rs1051246	gcT	gcC	A	A	306  	.    0.1	5oxsB   84  A
ENSP00000361366	 rs1051246	gcT	gcC	A	A	306  	.    0.1	5oxsC   84  A
ENSP00000361405	   rs13925	gtG	gtA	V	V	694  	.   0.15	1itvA  182  V
ENSP00000361405	   rs13925	gtG	gtA	V	V	694  	.   0.15	1itvB  182  V
ENSP00000361405	rs41529445	aCc	aTc	T	I	258  	.   0.18	1l6jA  219  T
ENSP00000361412	 rs6597650	gaT	gaC	D	D	142  	.   0.01	4m7fA   62  D
ENSP00000361412	 rs6597650	gaT	gaC	D	D	142  	.   0.01	4m7fB   62  D
ENSP00000361412	 rs6597650	gaT	gaC	D	D	142  	.   0.01	4m7hA   62  D
ENSP00000361412	 rs6597650	gaT	gaC	D	D	142  	.   0.01	4m7hB   62  D
ENSP00000361413	 rs6597650	gaT	gaC	D	D	300  	.   0.01	4m7fA   62  D
ENSP00000361413	 rs6597650	gaT	gaC	D	D	300  	.   0.01	4m7fB   62  D
ENSP00000361413	 rs6597650	gaT	gaC	D	D	300  	.   0.01	4m7hA   62  D
ENSP00000361413	 rs6597650	gaT	gaC	D	D	300  	.   0.01	4m7hB   62  D
ENSP00000361475	 rs2277200	ggT	ggG	G	G	172  	.   0.02	1g8iA  164  G
ENSP00000361475	 rs2277200	ggT	ggG	G	G	172  	.   0.02	1g8iB  170  G
ENSP00000361475	 rs2277200	ggT	ggG	G	G	172  	.   0.02	2lcpA  172  G
ENSP00000361475	 rs2277200	ggT	ggG	G	G	172  	.   0.02	4gukA  165  G
ENSP00000361475	 rs2277200	ggT	ggG	G	G	172  	.   0.02	4gukB  165  G
ENSP00000361475	 rs2277200	ggT	ggG	G	G	172  	.   0.02	4gukC  162  G
ENSP00000361475	 rs2277200	ggT	ggG	G	G	172  	.   0.02	4gukD  162  G
ENSP00000361475	 rs2277200	ggT	ggG	G	G	172  	.   0.02	4ov2A  149  G
ENSP00000361475	 rs2277200	ggT	ggG	G	G	172  	.   0.02	4ov2B  160  G
ENSP00000361475	 rs2277200	ggT	ggG	G	G	172  	.   0.02	4ov2C  154  G
ENSP00000361475	 rs2277200	ggT	ggG	G	G	172  	.   0.02	4ov2D  162  G
ENSP00000361475	 rs2277200	ggT	ggG	G	G	172  	.   0.02	4yruA  149  G
ENSP00000361475	 rs2277200	ggT	ggG	G	G	172  	.   0.02	4yruB  160  G
ENSP00000361475	 rs2277200	ggT	ggG	G	G	172  	.   0.02	4yruC  154  G
ENSP00000361475	 rs2277200	ggT	ggG	G	G	172  	.   0.02	4yruD  162  G
ENSP00000361475	 rs2277200	ggT	ggG	G	G	172  	.   0.02	5aeqA  155  G
ENSP00000361475	 rs2277200	ggT	ggG	G	G	172  	.   0.02	5aeqB  158  G
ENSP00000361475	 rs2277200	ggT	ggG	G	G	172  	.   0.02	5aerA  163  G
ENSP00000361475	 rs2277200	ggT	ggG	G	G	172  	.   0.02	5afpA  161  G
ENSP00000361475	 rs2277200	ggT	ggG	G	G	172  	.   0.02	5afpB  159  G
ENSP00000361630	 rs7556478	gcG	gcA	A	A	70   	.   0.02	1mzwA  109  A
ENSP00000361630	 rs7556478	gcG	gcA	A	A	70   	.   0.02	1qoiA  109  A
ENSP00000361630	 rs7556478	gcG	gcA	A	A	70   	.   0.02	5o9zM  105  A
ENSP00000361630	 rs7556478	gcG	gcC	A	A	70   	.   0.02	1mzwA  109  A
ENSP00000361630	 rs7556478	gcG	gcC	A	A	70   	.   0.02	1qoiA  109  A
ENSP00000361630	 rs7556478	gcG	gcC	A	A	70   	.   0.02	5o9zM  105  A
ENSP00000361644	 rs1804495	ttG	ttT	L	F	303  	.   0.05	2ceoA  264  L
ENSP00000361644	 rs1804495	ttG	ttT	L	F	303  	.   0.05	2ceoB  264  L
ENSP00000361644	 rs1804495	ttG	ttT	L	F	303  	.   0.05	2rivA  267  L
ENSP00000361644	 rs1804495	ttG	ttT	L	F	303  	.   0.05	2riwA  265  L
ENSP00000361644	 rs1804495	ttG	ttT	L	F	303  	.   0.05	2xn3A  265  L
ENSP00000361644	 rs1804495	ttG	ttT	L	F	303  	.   0.05	2xn5A  269  L
ENSP00000361644	 rs1804495	ttG	ttT	L	F	303  	.   0.05	2xn6A  265  L
ENSP00000361644	 rs1804495	ttG	ttT	L	F	303  	.   0.05	2xn7A  267  L
ENSP00000361644	 rs1804495	ttG	ttT	L	F	303  	.   0.05	4x30A  267  L
ENSP00000361644	 rs1804495	ttG	ttT	L	F	303  	.   0.05	4yiaA  265  L
ENSP00000361644	 rs2234036	Gca	Aca	A	T	211  	.   0.02	2ceoA  172  A
ENSP00000361644	 rs2234036	Gca	Aca	A	T	211  	.   0.02	2ceoB  172  A
ENSP00000361644	 rs2234036	Gca	Aca	A	T	211  	.   0.02	2rivA  175  A
ENSP00000361644	 rs2234036	Gca	Aca	A	T	211  	.   0.02	2riwA  173  A
ENSP00000361644	 rs2234036	Gca	Aca	A	T	211  	.   0.02	2xn3A  173  A
ENSP00000361644	 rs2234036	Gca	Aca	A	T	211  	.   0.02	2xn5A  177  A
ENSP00000361644	 rs2234036	Gca	Aca	A	T	211  	.   0.02	2xn6A  173  A
ENSP00000361644	 rs2234036	Gca	Aca	A	T	211  	.   0.02	2xn7A  175  A
ENSP00000361644	 rs2234036	Gca	Aca	A	T	211  	.   0.02	4x30A  175  A
ENSP00000361644	 rs2234036	Gca	Aca	A	T	211  	.   0.02	4yiaA  173  A
ENSP00000361644	 rs2234040	Cta	Tta	L	L	381  	.   0.04	2ceoA  334  L
ENSP00000361644	 rs2234040	Cta	Tta	L	L	381  	.   0.04	2ceoB  334  L
ENSP00000361644	 rs2234040	Cta	Tta	L	L	381  	.   0.04	4x30A  339  L
ENSP00000361644	rs72554661	gaC	gaA	D	E	48   	.   0.01	2ceoA    9  D
ENSP00000361644	rs72554661	gaC	gaA	D	E	48   	.   0.01	2ceoB    9  D
ENSP00000361644	rs72554661	gaC	gaA	D	E	48   	.   0.01	2rivA   12  D
ENSP00000361644	rs72554661	gaC	gaA	D	E	48   	.   0.01	2riwA   10  D
ENSP00000361644	rs72554661	gaC	gaA	D	E	48   	.   0.01	2xn3A   10  D
ENSP00000361644	rs72554661	gaC	gaA	D	E	48   	.   0.01	2xn5A   14  D
ENSP00000361644	rs72554661	gaC	gaA	D	E	48   	.   0.01	2xn6A   10  D
ENSP00000361644	rs72554661	gaC	gaA	D	E	48   	.   0.01	2xn7A   12  D
ENSP00000361644	rs72554661	gaC	gaA	D	E	48   	.   0.01	4x30A   12  D
ENSP00000361644	rs72554661	gaC	gaA	D	E	48   	.   0.01	4yiaA   10  D
ENSP00000361644	rs72554662	Tca	Aca	S	T	43   	.   0.07	2ceoA    4  S
ENSP00000361644	rs72554662	Tca	Aca	S	T	43   	.   0.07	2ceoB    4  S
ENSP00000361644	rs72554662	Tca	Aca	S	T	43   	.   0.07	2rivA    7  S
ENSP00000361644	rs72554662	Tca	Aca	S	T	43   	.   0.07	2riwA    5  S
ENSP00000361644	rs72554662	Tca	Aca	S	T	43   	.   0.07	2xn3A    5  S
ENSP00000361644	rs72554662	Tca	Aca	S	T	43   	.   0.07	2xn5A    9  S
ENSP00000361644	rs72554662	Tca	Aca	S	T	43   	.   0.07	2xn6A    5  S
ENSP00000361644	rs72554662	Tca	Aca	S	T	43   	.   0.07	2xn7A    7  S
ENSP00000361644	rs72554662	Tca	Aca	S	T	43   	.   0.07	4x30A    7  S
ENSP00000361644	rs72554662	Tca	Aca	S	T	43   	.   0.07	4yiaA    5  S
ENSP00000361644	rs45613332	ccA	ccG	P	P	306  	.   0.04	2ceoA  267  P
ENSP00000361644	rs45613332	ccA	ccG	P	P	306  	.   0.04	2ceoB  267  P
ENSP00000361644	rs45613332	ccA	ccG	P	P	306  	.   0.04	2rivA  270  P
ENSP00000361644	rs45613332	ccA	ccG	P	P	306  	.   0.04	2riwA  268  P
ENSP00000361644	rs45613332	ccA	ccG	P	P	306  	.   0.04	2xn3A  268  P
ENSP00000361644	rs45613332	ccA	ccG	P	P	306  	.   0.04	2xn5A  272  P
ENSP00000361644	rs45613332	ccA	ccG	P	P	306  	.   0.04	2xn6A  268  P
ENSP00000361644	rs45613332	ccA	ccG	P	P	306  	.   0.04	2xn7A  270  P
ENSP00000361644	rs45613332	ccA	ccG	P	P	306  	.   0.04	4x30A  270  P
ENSP00000361644	rs45613332	ccA	ccG	P	P	306  	.   0.04	4yiaA  268  P
ENSP00000361644	rs45613332	ccA	ccC	P	P	306  	.   0.04	2ceoA  267  P
ENSP00000361644	rs45613332	ccA	ccC	P	P	306  	.   0.04	2ceoB  267  P
ENSP00000361644	rs45613332	ccA	ccC	P	P	306  	.   0.04	2rivA  270  P
ENSP00000361644	rs45613332	ccA	ccC	P	P	306  	.   0.04	2riwA  268  P
ENSP00000361644	rs45613332	ccA	ccC	P	P	306  	.   0.04	2xn3A  268  P
ENSP00000361644	rs45613332	ccA	ccC	P	P	306  	.   0.04	2xn5A  272  P
ENSP00000361644	rs45613332	ccA	ccC	P	P	306  	.   0.04	2xn6A  268  P
ENSP00000361644	rs45613332	ccA	ccC	P	P	306  	.   0.04	2xn7A  270  P
ENSP00000361644	rs45613332	ccA	ccC	P	P	306  	.   0.04	4x30A  270  P
ENSP00000361644	rs45613332	ccA	ccC	P	P	306  	.   0.04	4yiaA  268  P
ENSP00000361785	 rs3088142	tGt	tAt	C	Y	206  	.   0.01	2gwoA  132  C
ENSP00000361785	 rs3088142	tGt	tAt	C	Y	206  	.   0.01	2gwoB  132  C
ENSP00000361785	 rs3088142	tGt	tAt	C	Y	206  	.   0.01	2gwoC  132  C
ENSP00000361785	 rs3088142	tGt	tAt	C	Y	206  	.   0.01	2gwoD  132  C
ENSP00000361785	 rs3088142	tGt	tAt	C	Y	206  	.   0.01	2pq5A  132  Y
ENSP00000361785	 rs3088142	tGt	tAt	C	Y	206  	.   0.01	2pq5B  132  Y
ENSP00000361785	 rs3088142	tGt	tAt	C	Y	206  	.   0.01	2pq5C  133  Y
ENSP00000361785	 rs3088142	tGt	tAt	C	Y	206  	.   0.01	2pq5D  132  Y
ENSP00000361787	 rs7912300	aAg	aGg	K	R	73   	.   0.01	5xjvA   58  K
ENSP00000361787	 rs7912300	aAg	aGg	K	R	73   	.   0.01	5xjvB   59  K
ENSP00000361816	 rs3750334	acC	acG	T	T	1797 	.   0.18	1cunA   33  T
ENSP00000361816	 rs3750334	acC	acG	T	T	1797 	.   0.18	1cunB   33  T
ENSP00000361816	 rs3750334	acC	acG	T	T	1797 	.   0.18	1cunC   33  T
ENSP00000361816	 rs3750334	acC	acG	T	T	1797 	.   0.18	1u4qA  141  T
ENSP00000361816	 rs3750334	acC	acG	T	T	1797 	.   0.18	1u4qB  138  T
ENSP00000361816	 rs3750334	acC	acG	T	T	1797 	.   0.18	1u5pA  141  T
ENSP00000361816	 rs3750334	acC	acT	T	T	1797 	.   0.18	1cunA   33  T
ENSP00000361816	 rs3750334	acC	acT	T	T	1797 	.   0.18	1cunB   33  T
ENSP00000361816	 rs3750334	acC	acT	T	T	1797 	.   0.18	1cunC   33  T
ENSP00000361816	 rs3750334	acC	acT	T	T	1797 	.   0.18	1u4qA  141  T
ENSP00000361816	 rs3750334	acC	acT	T	T	1797 	.   0.18	1u4qB  138  T
ENSP00000361816	 rs3750334	acC	acT	T	T	1797 	.   0.18	1u5pA  141  T
ENSP00000361824	 rs3750334	acC	acG	T	T	1802 	.   0.19	1cunA   33  T
ENSP00000361824	 rs3750334	acC	acG	T	T	1802 	.   0.19	1cunB   33  T
ENSP00000361824	 rs3750334	acC	acG	T	T	1802 	.   0.19	1cunC   33  T
ENSP00000361824	 rs3750334	acC	acG	T	T	1802 	.   0.19	1u4qA  141  T
ENSP00000361824	 rs3750334	acC	acG	T	T	1802 	.   0.19	1u4qB  138  T
ENSP00000361824	 rs3750334	acC	acG	T	T	1802 	.   0.19	1u5pA  141  T
ENSP00000361824	 rs3750334	acC	acT	T	T	1802 	.   0.19	1cunA   33  T
ENSP00000361824	 rs3750334	acC	acT	T	T	1802 	.   0.19	1cunB   33  T
ENSP00000361824	 rs3750334	acC	acT	T	T	1802 	.   0.19	1cunC   33  T
ENSP00000361824	 rs3750334	acC	acT	T	T	1802 	.   0.19	1u4qA  141  T
ENSP00000361824	 rs3750334	acC	acT	T	T	1802 	.   0.19	1u4qB  138  T
ENSP00000361824	 rs3750334	acC	acT	T	T	1802 	.   0.19	1u5pA  141  T
ENSP00000361845	rs116771294	Ctt	Ttt	L	F	438  	.   0.01	2yptA  390  L
ENSP00000361845	rs116771294	Ctt	Ttt	L	F	438  	.   0.01	2yptB  382  L
ENSP00000361845	rs116771294	Ctt	Ttt	L	F	438  	.   0.01	2yptC  382  L
ENSP00000361845	rs116771294	Ctt	Ttt	L	F	438  	.   0.01	2yptD  381  L
ENSP00000361845	rs116771294	Ctt	Ttt	L	F	438  	.   0.01	4aw6A  393  L
ENSP00000361845	rs116771294	Ctt	Ttt	L	F	438  	.   0.01	4aw6B  385  L
ENSP00000361845	rs116771294	Ctt	Ttt	L	F	438  	.   0.01	4aw6C  385  L
ENSP00000361845	rs116771294	Ctt	Ttt	L	F	438  	.   0.01	4aw6D  385  L
ENSP00000361845	rs116771294	Ctt	Ttt	L	F	438  	.   0.01	5sytA  402  L
ENSP00000361845	rs116771294	Ctt	Ttt	L	F	438  	.   0.01	6bh8A  339  L
ENSP00000361845	rs116771294	Ctt	Ttt	L	F	438  	.   0.01	6bh8B  378  L
ENSP00000361851	 rs2675671	aaG	aaA	K	K	49   	.   0.13	2bdwA   43  K
ENSP00000361851	 rs2675671	aaG	aaA	K	K	49   	.   0.13	2bdwB   40  K
ENSP00000361851	 rs2675671	aaG	aaA	K	K	49   	.   0.13	2v7oA   52  K
ENSP00000361851	 rs2675671	aaG	aaA	K	K	49   	.   0.13	2vn9A   41  K
ENSP00000361851	 rs2675671	aaG	aaA	K	K	49   	.   0.13	2vn9B   41  K
ENSP00000361851	 rs2675671	aaG	aaA	K	K	49   	.   0.13	2vz6A   40  K
ENSP00000361851	 rs2675671	aaG	aaA	K	K	49   	.   0.13	2vz6B   42  K
ENSP00000361851	 rs2675671	aaG	aaA	K	K	49   	.   0.13	2welA   41  K
ENSP00000361851	 rs2675671	aaG	aaA	K	K	49   	.   0.13	3bhhA   37  K
ENSP00000361851	 rs2675671	aaG	aaA	K	K	49   	.   0.13	3bhhB   37  K
ENSP00000361851	 rs2675671	aaG	aaA	K	K	49   	.   0.13	3bhhC   34  K
ENSP00000361851	 rs2675671	aaG	aaA	K	K	49   	.   0.13	3bhhD   34  K
ENSP00000361851	 rs2675671	aaG	aaA	K	K	49   	.   0.13	3kk8A   43  K
ENSP00000361851	 rs2675671	aaG	aaA	K	K	49   	.   0.13	3kk9A   42  K
ENSP00000361851	 rs2675671	aaG	aaA	K	K	49   	.   0.13	3kl8A   30  K
ENSP00000361851	 rs2675671	aaG	aaA	K	K	49   	.   0.13	3soaA   40  K
ENSP00000361851	 rs2675671	aaG	aaA	K	K	49   	.   0.13	5fg8A   43  K
ENSP00000361851	 rs2675671	aaG	aaA	K	K	49   	.   0.13	5h9bA   43  K
ENSP00000361851	 rs2675671	aaG	aaA	K	K	49   	.   0.13	5hu3A   43  K
ENSP00000361851	 rs2675671	aaG	aaA	K	K	49   	.   0.13	5u6yA   37  K
ENSP00000361851	 rs2675671	aaG	aaA	K	K	49   	.   0.13	5u6yB   37  K
ENSP00000361851	 rs2675671	aaG	aaA	K	K	49   	.   0.13	5u6yC   37  K
ENSP00000361851	 rs2675671	aaG	aaA	K	K	49   	.   0.13	5u6yD   37  K
ENSP00000361851	 rs2675671	aaG	aaA	K	K	49   	.   0.13	5u6yE   37  K
ENSP00000361851	 rs2675671	aaG	aaA	K	K	49   	.   0.13	5u6yF   37  K
ENSP00000361851	 rs2675671	aaG	aaA	K	K	49   	.   0.13	5u6yG   37  K
ENSP00000361851	 rs2675671	aaG	aaA	K	K	49   	.   0.13	5u6yH   37  K
ENSP00000361851	 rs2675671	aaG	aaA	K	K	49   	.   0.13	5u6yI   37  K
ENSP00000361851	 rs2675671	aaG	aaA	K	K	49   	.   0.13	5u6yJ   37  K
ENSP00000361851	 rs2675671	aaG	aaA	K	K	49   	.   0.13	5u6yK   37  K
ENSP00000361851	 rs2675671	aaG	aaA	K	K	49   	.   0.13	5u6yL   37  K
ENSP00000361851	 rs2675671	aaG	aaA	K	K	49   	.   0.13	5vloA   39  K
ENSP00000361851	 rs2675671	aaG	aaA	K	K	49   	.   0.13	5vloB   43  K
ENSP00000361851	 rs2675671	aaG	aaA	K	K	49   	.   0.13	6aywA   42  K
ENSP00000361851	 rs2675671	aaG	aaA	K	K	49   	.   0.13	6aywB   43  K
ENSP00000361851	 rs2675671	aaG	aaA	K	K	49   	.   0.13	6babA   39  K
ENSP00000361851	 rs2675671	aaG	aaA	K	K	49   	.   0.13	6babB   33  K
ENSP00000361851	 rs2675671	aaG	aaA	K	K	49   	.   0.13	6babC   33  K
ENSP00000361851	 rs2675671	aaG	aaA	K	K	49   	.   0.13	6babD   41  K
ENSP00000361918	rs11809873	gaC	gaT	D	D	18   	.   0.05	2cqbA   25  D
ENSP00000361918	rs11809873	gaC	gaT	D	D	18   	.   0.05	2ku7A   76  D
ENSP00000361918	rs11809873	gaC	gaT	D	D	18   	.   0.05	2kyxA   18  D
ENSP00000361918	rs11809873	gaC	gaT	D	D	18   	.   0.05	3lpyA   15  D
ENSP00000361918	rs11809873	gaC	gaT	D	D	18   	.   0.05	3lpyB   15  D
ENSP00000361918	rs11809873	gaC	gaT	D	D	18   	.   0.05	3mdfA   18  D
ENSP00000361918	rs11809873	gaC	gaT	D	D	18   	.   0.05	3mdfB   18  D
ENSP00000362014	 rs3003609	ttC	ttT	F	F	336  	.   0.01	3snhA  319  F
ENSP00000362014	 rs3003609	ttC	ttT	F	F	336  	.   0.01	3zvrA  332  F
ENSP00000362014	 rs3003609	ttC	ttT	F	F	336  	.   0.01	4uudB   12  F
ENSP00000362014	 rs3003609	ttC	ttT	F	F	336  	.   0.01	4uudE   12  F
ENSP00000362014	 rs3003609	ttC	ttT	F	F	336  	.   0.01	4uudI   12  F
ENSP00000362014	 rs3003609	ttC	ttT	F	F	336  	.   0.01	4uudJ   12  F
ENSP00000362014	 rs3003609	ttC	ttT	F	F	336  	.   0.01	4uukB   12  F
ENSP00000362014	 rs3003609	ttC	ttT	F	F	336  	.   0.01	4uukE   12  F
ENSP00000362014	 rs3003609	ttC	ttT	F	F	336  	.   0.01	4uukI   12  F
ENSP00000362014	 rs3003609	ttC	ttT	F	F	336  	.   0.01	4uukJ   12  F
ENSP00000362014	 rs3003609	ttC	ttT	F	F	336  	.   0.01	5a3fA  331  F
ENSP00000362014	 rs3003609	ttC	ttT	F	F	336  	.   0.01	5a3fB  317  F
ENSP00000362014	 rs3003609	ttC	ttT	F	F	336  	.   0.01	5a3fC  331  F
ENSP00000362014	 rs3003609	ttC	ttT	F	F	336  	.   0.01	5a3fD  316  F
ENSP00000362014	 rs3003609	ttC	ttT	F	F	336  	.   0.01	6dluA  322  F
ENSP00000362014	 rs3003609	ttC	ttT	F	F	336  	.   0.01	6dluB  336  F
ENSP00000362014	 rs3003609	ttC	ttT	F	F	336  	.   0.01	6dlvA  330  F
ENSP00000362014	 rs3003609	ttC	ttT	F	F	336  	.   0.01	6dlvB  336  F
ENSP00000362014	 rs3003609	ttC	ttT	F	F	336  	.   0.01	6dlvC  330  F
ENSP00000362014	 rs3003609	ttC	ttT	F	F	336  	.   0.01	6dlvD  336  F
ENSP00000362014	rs35048348	taC	taT	Y	Y	354  	.   0.05	5a3fB  335  L
ENSP00000362014	rs35048348	taC	taT	Y	Y	354  	.   0.05	5a3fD  334  L
ENSP00000362014	rs35048348	taC	taT	Y	Y	354  	.   0.05	6dluA  340  Y
ENSP00000362014	rs35048348	taC	taT	Y	Y	354  	.   0.05	6dluB  354  Y
