ENSP00000362353	 rs6923761	Ggc	Agc	G	S	168  	.   0.06	5nx2A  140  G
ENSP00000362353	 rs6923761	Ggc	Agc	G	S	168  	.   0.06	5vaiA  134  G
ENSP00000362353	 rs6923761	Ggc	Agc	G	S	168  	.   0.06	5vewA   33  G
ENSP00000362353	 rs6923761	Ggc	Agc	G	S	168  	.   0.06	5vewB   33  G
ENSP00000362353	 rs6923761	Ggc	Agc	G	S	168  	.   0.06	5vexA   33  G
ENSP00000362353	 rs6923761	Ggc	Agc	G	S	168  	.   0.06	5vexB   33  G
ENSP00000362353	 rs6923761	Ggc	Agc	G	S	168  	.   0.06	6b3jA  131  G
ENSP00000362353	 rs6923761	Ggc	Cgc	G	R	168  	.   0.06	5nx2A  140  G
ENSP00000362353	 rs6923761	Ggc	Cgc	G	R	168  	.   0.06	5vaiA  134  G
ENSP00000362353	 rs6923761	Ggc	Cgc	G	R	168  	.   0.06	5vewA   33  G
ENSP00000362353	 rs6923761	Ggc	Cgc	G	R	168  	.   0.06	5vewB   33  G
ENSP00000362353	 rs6923761	Ggc	Cgc	G	R	168  	.   0.06	5vexA   33  G
ENSP00000362353	 rs6923761	Ggc	Cgc	G	R	168  	.   0.06	5vexB   33  G
ENSP00000362353	 rs6923761	Ggc	Cgc	G	R	168  	.   0.06	6b3jA  131  G
ENSP00000362353	 rs2235868	Agg	Tgg	R	W	176  	.   0.05	5nx2A  148  R
ENSP00000362353	 rs2235868	Agg	Tgg	R	W	176  	.   0.05	5vaiA  142  R
ENSP00000362353	 rs2235868	Agg	Tgg	R	W	176  	.   0.05	5vewA   41  R
ENSP00000362353	 rs2235868	Agg	Tgg	R	W	176  	.   0.05	5vewB   41  R
ENSP00000362353	 rs2235868	Agg	Tgg	R	W	176  	.   0.05	5vexA   41  R
ENSP00000362353	 rs2235868	Agg	Tgg	R	W	176  	.   0.05	5vexB   41  R
ENSP00000362353	 rs2235868	Agg	Tgg	R	W	176  	.   0.05	6b3jA  139  R
ENSP00000362353	 rs1042044	ttA	ttC	L	F	260  	.   0.07	5nx2A  232  F
ENSP00000362353	 rs1042044	ttA	ttC	L	F	260  	.   0.07	5vaiA  226  F
ENSP00000362353	 rs1042044	ttA	ttC	L	F	260  	.   0.07	5vewA  110  F
ENSP00000362353	 rs1042044	ttA	ttC	L	F	260  	.   0.07	5vewB  112  F
ENSP00000362353	 rs1042044	ttA	ttC	L	F	260  	.   0.07	5vexA  110  F
ENSP00000362353	 rs1042044	ttA	ttC	L	F	260  	.   0.07	5vexB  110  F
ENSP00000362353	 rs1042044	ttA	ttC	L	F	260  	.   0.07	6b3jA  223  F
ENSP00000362353	 rs1042044	ttA	ttT	L	F	260  	.   0.07	5nx2A  232  F
ENSP00000362353	 rs1042044	ttA	ttT	L	F	260  	.   0.07	5vaiA  226  F
ENSP00000362353	 rs1042044	ttA	ttT	L	F	260  	.   0.07	5vewA  110  F
ENSP00000362353	 rs1042044	ttA	ttT	L	F	260  	.   0.07	5vewB  112  F
ENSP00000362353	 rs1042044	ttA	ttT	L	F	260  	.   0.07	5vexA  110  F
ENSP00000362353	 rs1042044	ttA	ttT	L	F	260  	.   0.07	5vexB  110  F
ENSP00000362353	 rs1042044	ttA	ttT	L	F	260  	.   0.07	6b3jA  223  F
ENSP00000362353	 rs2235868	Agg	Cgg	R	R	176  	.   0.05	5nx2A  148  R
ENSP00000362353	 rs2235868	Agg	Cgg	R	R	176  	.   0.05	5vaiA  142  R
ENSP00000362353	 rs2235868	Agg	Cgg	R	R	176  	.   0.05	5vewA   41  R
ENSP00000362353	 rs2235868	Agg	Cgg	R	R	176  	.   0.05	5vewB   41  R
ENSP00000362353	 rs2235868	Agg	Cgg	R	R	176  	.   0.05	5vexA   41  R
ENSP00000362353	 rs2235868	Agg	Cgg	R	R	176  	.   0.05	5vexB   41  R
ENSP00000362353	 rs2235868	Agg	Cgg	R	R	176  	.   0.05	6b3jA  139  R
ENSP00000362774	rs10818759	aaC	aaT	N	N	139  	.   0.05	4qikA   53  H
ENSP00000362774	rs10818759	aaC	aaT	N	N	139  	.   0.05	4qikB   40  H
ENSP00000362774	rs10818759	aaC	aaT	N	N	139  	.   0.05	4qilA   41  H
ENSP00000362774	rs10818759	aaC	aaT	N	N	139  	.   0.05	4qilB   35  H
ENSP00000362774	rs10818759	aaC	aaT	N	N	139  	.   0.05	4txaA  112  H
ENSP00000362774	rs10818759	aaC	aaT	N	N	139  	.   0.05	4z30A   37  N
ENSP00000362774	rs10818759	aaC	aaT	N	N	139  	.   0.05	4z31A   35  N
ENSP00000362774	rs10818759	aaC	aaT	N	N	139  	.   0.05	4z31B   38  N
ENSP00000362842	 rs2234080	gCc	gTc	A	V	173  	.   0.01	4mhgC   27  S
ENSP00000362843	 rs2234080	gCc	gTc	A	V	195  	.   0.01	4mhgC   27  S
ENSP00000362871	 rs1059227	acA	acC	T	T	17   	.   0.01	3coiA   18  T
ENSP00000362871	 rs1059227	acA	acC	T	T	17   	.   0.01	4eyjA   16  T
ENSP00000362871	 rs1059227	acA	acC	T	T	17   	.   0.01	4eymA   16  T
ENSP00000362871	 rs1059227	acA	acC	T	T	17   	.   0.01	4mygA    3  T
ENSP00000362871	 rs1059227	acA	acC	T	T	17   	.   0.01	4mygB    3  T
ENSP00000362871	 rs1059227	acA	acC	T	T	17   	.   0.01	4ynoA   16  T
ENSP00000362871	 rs1059227	acA	acC	T	T	17   	.   0.01	5eknA   16  T
ENSP00000362871	 rs1059227	acA	acC	T	T	17   	.   0.01	5ekoA   16  T
ENSP00000362871	rs41270090	cGc	cAc	R	H	249  	*   0.68	3coiA  319  D
ENSP00000362871	rs41270090	cGc	cAc	R	H	249  	*   0.68	4eyjA  313  D
ENSP00000362871	rs41270090	cGc	cAc	R	H	249  	*   0.68	4eymA  315  D
ENSP00000362871	rs41270090	cGc	cAc	R	H	249  	*   0.68	4mygA  310  D
ENSP00000362871	rs41270090	cGc	cAc	R	H	249  	*   0.68	4mygB  310  D
ENSP00000362871	rs41270090	cGc	cAc	R	H	249  	*   0.68	4ynoA  317  D
ENSP00000362871	rs41270090	cGc	cAc	R	H	249  	*   0.68	5eknA  311  D
ENSP00000362871	rs41270090	cGc	cAc	R	H	249  	*   0.68	5ekoA  316  D
ENSP00000362896	 rs1128400	Ttc	Ctc	F	L	20   	.   0.01	1zsyA   70  L
ENSP00000362896	 rs1128400	Ttc	Ctc	F	L	20   	.   0.01	2vcyA   55  L
ENSP00000362896	 rs1128400	Ttc	Ctc	F	L	20   	.   0.01	2vcyB   55  L
ENSP00000362931	rs61731461	aAa	aGa	K	R	506  	.   0.01	1wakA  204  K
ENSP00000362931	rs61731461	aAa	aGa	K	R	506  	.   0.01	1wbpA  201  K
ENSP00000362931	rs61731461	aAa	aGa	K	R	506  	.   0.01	2x7gA  195  K
ENSP00000362931	rs61731461	aAa	aGa	K	R	506  	.   0.01	3begA  199  K
ENSP00000362931	rs61731461	aAa	aGa	K	R	506  	.   0.01	4wuaA  195  K
ENSP00000362931	rs61731461	aAa	aGa	K	R	506  	.   0.01	5mxxA  212  K
ENSP00000362931	rs61731461	aAa	aGa	K	R	506  	.   0.01	5my8A  206  K
ENSP00000362931	rs61731461	aAa	aGa	K	R	506  	.   0.01	5myvA  203  K
ENSP00000362931	rs61731461	aAa	aGa	K	R	506  	.   0.01	5myvB  200  K
ENSP00000362931	rs61731461	aAa	aGa	K	R	506  	.   0.01	5myvC  199  K
ENSP00000362931	rs61731461	aAa	aGa	K	R	506  	.   0.01	5myvD  202  K
ENSP00000362931	rs61731461	aAa	aGa	K	R	506  	.   0.01	5xv7A  201  K
ENSP00000363066	 rs7921598	acT	acC	T	T	421  	.   0.05	5t4mA  160  T
ENSP00000363066	 rs7921598	acT	acC	T	T	421  	.   0.05	5t4mB  151  T
ENSP00000363066	 rs7921598	acT	acC	T	T	421  	.   0.05	5t4nA  151  T
ENSP00000363066	 rs7921598	acT	acC	T	T	421  	.   0.05	5t4nB  151  T
ENSP00000363066	 rs7921598	acT	acC	T	T	421  	.   0.05	5w1dA   24  T
ENSP00000363067	 rs7921598	acT	acC	T	T	421  	.   0.03	5t4mA  160  T
ENSP00000363067	 rs7921598	acT	acC	T	T	421  	.   0.03	5t4mB  151  T
ENSP00000363067	 rs7921598	acT	acC	T	T	421  	.   0.03	5t4nA  151  T
ENSP00000363067	 rs7921598	acT	acC	T	T	421  	.   0.03	5t4nB  151  T
ENSP00000363067	 rs7921598	acT	acC	T	T	421  	.   0.03	5w1dA   24  T
ENSP00000363068	 rs7921598	acT	acC	T	T	426  	.   0.08	5t4mA  160  T
ENSP00000363068	 rs7921598	acT	acC	T	T	426  	.   0.08	5t4mB  151  T
ENSP00000363068	 rs7921598	acT	acC	T	T	426  	.   0.08	5t4nA  151  T
ENSP00000363068	 rs7921598	acT	acC	T	T	426  	.   0.08	5t4nB  151  T
ENSP00000363068	 rs7921598	acT	acC	T	T	426  	.   0.08	5w1dA   24  T
ENSP00000363076	 rs7921598	acT	acC	T	T	421  	.   0.07	5t4mA  160  T
ENSP00000363076	 rs7921598	acT	acC	T	T	421  	.   0.07	5t4mB  151  T
ENSP00000363076	 rs7921598	acT	acC	T	T	421  	.   0.07	5t4nA  151  T
ENSP00000363076	 rs7921598	acT	acC	T	T	421  	.   0.07	5t4nB  151  T
ENSP00000363076	 rs7921598	acT	acC	T	T	421  	.   0.07	5w1dA   24  T
ENSP00000363079	rs74754826	Gag	Aag	E	K	210  	.   0.02	1hupA  103  E
ENSP00000363149	 rs7751270	Cgc	Tgc	R	C	192  	.   0.03	2dkxA   69  R
ENSP00000363552	 rs3739709	cgC	cgT	R	R	314  	.   0.03	4z34A  372  R
ENSP00000363552	 rs3739709	cgC	cgT	R	R	314  	.   0.03	4z35A  369  R
ENSP00000363552	 rs3739709	cgC	cgT	R	R	314  	.   0.03	4z36A  369  R
ENSP00000363553	 rs3739709	cgC	cgT	R	R	314  	.   0.03	4z34A  372  R
ENSP00000363553	 rs3739709	cgC	cgT	R	R	314  	.   0.03	4z35A  369  R
ENSP00000363553	 rs3739709	cgC	cgT	R	R	314  	.   0.03	4z36A  369  R
ENSP00000363563	  rs578430	Gtg	Atg	V	M	743  	.   0.03	1lufA  243  L
ENSP00000363563	  rs578430	Gtg	Ctg	V	L	743  	.   0.03	1lufA  243  L
ENSP00000363563	  rs578430	Gtg	Ttg	V	L	743  	.   0.03	1lufA  243  L
ENSP00000363571	  rs578430	Gtg	Atg	V	M	829  	.   0.04	1lufA  243  L
ENSP00000363571	  rs578430	Gtg	Ctg	V	L	829  	.   0.04	1lufA  243  L
ENSP00000363571	  rs578430	Gtg	Ttg	V	L	829  	.   0.04	1lufA  243  L
ENSP00000363591	 rs4987115	gCc	gTc	A	V	28   	.   0.12	2imsA   10  A
ENSP00000363591	 rs4987115	gCc	gTc	A	V	28   	.   0.12	2imtA    8  A
ENSP00000363591	 rs4987115	gCc	gTc	A	V	28   	.   0.12	2jcnA    6  A
ENSP00000363591	 rs4987115	gCc	gTc	A	V	28   	.   0.12	2m5bA   11  A
ENSP00000363591	 rs4987115	gCc	gTc	A	V	28   	.   0.12	2yv6A    6  A
ENSP00000363591	 rs4987115	gCc	gTc	A	V	28   	.   0.12	4u2uA    8  A
ENSP00000363591	 rs4987115	gCc	gTc	A	V	28   	.   0.12	4u2uB    7  A
ENSP00000363591	 rs4987115	gCc	gTc	A	V	28   	.   0.12	5fmiA    6  A
ENSP00000363591	 rs4987115	gCc	gTc	A	V	28   	.   0.12	5vwvA   12  A
ENSP00000363591	 rs4987115	gCc	gTc	A	V	28   	.   0.12	5vwwA   10  A
ENSP00000363591	 rs4987115	gCc	gTc	A	V	28   	.   0.12	5vwwB    6  A
ENSP00000363591	 rs4987115	gCc	gTc	A	V	28   	.   0.12	5vwxA    7  A
ENSP00000363591	 rs4987115	gCc	gTc	A	V	28   	.   0.12	5vwxC    7  A
ENSP00000363591	 rs4987115	gCc	gTc	A	V	28   	.   0.12	5vwyA    6  A
ENSP00000363591	 rs4987115	gCc	gTc	A	V	28   	.   0.12	5vwzA    8  A
ENSP00000363591	 rs4987115	gCc	gTc	A	V	28   	.   0.12	5vwzC    8  A
ENSP00000363591	 rs4987115	gCc	gTc	A	V	28   	.   0.12	5vx0A   12  A
ENSP00000363591	 rs4987115	gCc	gTc	A	V	28   	.   0.12	5vx0C    8  A
ENSP00000363591	 rs4987115	gCc	gTc	A	V	28   	.   0.12	5vx1A    8  A
ENSP00000363591	 rs4987115	gCc	gTc	A	V	28   	.   0.12	5vx1B    9  A
ENSP00000363620	rs41267649	cGc	cAc	R	H	142  	.   0.04	1oscA  103  H
ENSP00000363620	rs41267649	cGc	cAc	R	H	142  	.   0.04	1oscB  103  H
ENSP00000363620	rs41267649	cGc	cAc	R	H	142  	.   0.04	1oscC  103  H
ENSP00000363620	rs41267649	cGc	cAc	R	H	142  	.   0.04	1oscD  105  H
ENSP00000363620	rs41267649	cGc	cAc	R	H	142  	.   0.04	1oscE  104  H
ENSP00000363620	rs41267649	cGc	cAc	R	H	142  	.   0.04	1oscF  105  H
ENSP00000363620	rs41267649	cGc	cAc	R	H	142  	.   0.04	1xk8A  103  R
ENSP00000363620	rs41267649	cGc	cAc	R	H	142  	.   0.04	1xk8B  103  R
ENSP00000363620	rs41267649	cGc	cAc	R	H	142  	.   0.04	1xk8C  103  R
ENSP00000363620	rs41267649	cGc	cAc	R	H	142  	.   0.04	1xk8D  103  R
ENSP00000363620	rs41267649	cGc	cAc	R	H	142  	.   0.04	1xk8E  103  R
ENSP00000363620	rs41267649	cGc	cAc	R	H	142  	.   0.04	1xk8F  103  R
ENSP00000363620	rs41267649	cGc	cAc	R	H	142  	.   0.04	2zfhA  105  R
ENSP00000363620	rs41267649	cGc	cAc	R	H	142  	.   0.04	2zfhB  104  R
ENSP00000363620	rs41267649	cGc	cAc	R	H	142  	.   0.04	2zfhC  103  R
ENSP00000363620	rs41267649	cGc	cAc	R	H	142  	.   0.04	2zfhD  104  R
ENSP00000363620	rs41267649	cGc	cAc	R	H	142  	.   0.04	2zfhE  104  R
ENSP00000363620	rs41267649	cGc	cAc	R	H	142  	.   0.04	2zfhF  104  R
ENSP00000363624	rs41267649	cGc	cAc	R	H	184  	.   0.05	1oscA  103  H
ENSP00000363624	rs41267649	cGc	cAc	R	H	184  	.   0.05	1oscB  103  H
ENSP00000363624	rs41267649	cGc	cAc	R	H	184  	.   0.05	1oscC  103  H
ENSP00000363624	rs41267649	cGc	cAc	R	H	184  	.   0.05	1oscD  105  H
ENSP00000363624	rs41267649	cGc	cAc	R	H	184  	.   0.05	1oscE  104  H
ENSP00000363624	rs41267649	cGc	cAc	R	H	184  	.   0.05	1oscF  105  H
ENSP00000363624	rs41267649	cGc	cAc	R	H	184  	.   0.05	1xk8A  103  R
ENSP00000363624	rs41267649	cGc	cAc	R	H	184  	.   0.05	1xk8B  103  R
ENSP00000363624	rs41267649	cGc	cAc	R	H	184  	.   0.05	1xk8C  103  R
ENSP00000363624	rs41267649	cGc	cAc	R	H	184  	.   0.05	1xk8D  103  R
ENSP00000363624	rs41267649	cGc	cAc	R	H	184  	.   0.05	1xk8E  103  R
ENSP00000363624	rs41267649	cGc	cAc	R	H	184  	.   0.05	1xk8F  103  R
ENSP00000363624	rs41267649	cGc	cAc	R	H	184  	.   0.05	2zfhA  105  R
ENSP00000363624	rs41267649	cGc	cAc	R	H	184  	.   0.05	2zfhB  104  R
ENSP00000363624	rs41267649	cGc	cAc	R	H	184  	.   0.05	2zfhC  103  R
ENSP00000363624	rs41267649	cGc	cAc	R	H	184  	.   0.05	2zfhD  104  R
ENSP00000363624	rs41267649	cGc	cAc	R	H	184  	.   0.05	2zfhE  104  R
ENSP00000363624	rs41267649	cGc	cAc	R	H	184  	.   0.05	2zfhF  104  R
ENSP00000363636	 rs3116713	aGg	aAg	R	K	304  	.   0.05	5xfnA  273  R
ENSP00000363636	 rs3116713	aGg	aAg	R	K	304  	.   0.05	5xfoA  279  R
ENSP00000363636	 rs3116713	aGg	aAg	R	K	304  	.   0.05	5xfpA  270  R
ENSP00000363636	 rs3116713	aGg	aAg	R	K	304  	.   0.05	5xfpB  269  R
ENSP00000363636	 rs3116713	aGg	aAg	R	K	304  	.   0.05	5xfpE  269  R
ENSP00000363636	 rs3116713	aGg	aAg	R	K	304  	.   0.05	5xfqA  277  Q
ENSP00000363636	 rs3116713	aGg	aAg	R	K	304  	.   0.05	5xfqB  264  Q
ENSP00000363636	rs41267645	ctC	ctT	L	L	83   	.   0.26	5xfnA   58  L
ENSP00000363636	rs41267645	ctC	ctT	L	L	83   	.   0.26	5xfoA   58  L
ENSP00000363636	rs41267645	ctC	ctT	L	L	83   	.   0.26	5xfpA   55  L
ENSP00000363636	rs41267645	ctC	ctT	L	L	83   	.   0.26	5xfpB   54  L
ENSP00000363636	rs41267645	ctC	ctT	L	L	83   	.   0.26	5xfpE   54  L
ENSP00000363636	rs41267645	ctC	ctT	L	L	83   	.   0.26	5xfqA   56  L
ENSP00000363640	 rs3116713	aGg	aAg	R	K	304  	.   0.03	5xfnA  273  R
ENSP00000363640	 rs3116713	aGg	aAg	R	K	304  	.   0.03	5xfoA  279  R
ENSP00000363640	 rs3116713	aGg	aAg	R	K	304  	.   0.03	5xfpA  270  R
ENSP00000363640	 rs3116713	aGg	aAg	R	K	304  	.   0.03	5xfpB  269  R
ENSP00000363640	 rs3116713	aGg	aAg	R	K	304  	.   0.03	5xfpE  269  R
ENSP00000363640	 rs3116713	aGg	aAg	R	K	304  	.   0.03	5xfqA  277  Q
ENSP00000363640	 rs3116713	aGg	aAg	R	K	304  	.   0.03	5xfqB  264  Q
ENSP00000363640	rs41267645	ctC	ctT	L	L	83   	.   0.24	5xfnA   58  L
ENSP00000363640	rs41267645	ctC	ctT	L	L	83   	.   0.24	5xfoA   58  L
ENSP00000363640	rs41267645	ctC	ctT	L	L	83   	.   0.24	5xfpA   55  L
ENSP00000363640	rs41267645	ctC	ctT	L	L	83   	.   0.24	5xfpB   54  L
ENSP00000363640	rs41267645	ctC	ctT	L	L	83   	.   0.24	5xfpE   54  L
ENSP00000363640	rs41267645	ctC	ctT	L	L	83   	.   0.24	5xfqA   56  L
ENSP00000363647	 rs4470839	gTg	gCg	V	A	660  	.   0.33	5wdhA  295  V
ENSP00000363647	 rs4470839	gTg	gGg	V	G	660  	.   0.33	5wdhA  295  V
ENSP00000363668	rs61737694	Gtc	Atc	V	I	375  	.   0.07	4h9nC  194  V
ENSP00000363668	rs61737694	Gtc	Atc	V	I	375  	.   0.07	4h9oC  194  V
ENSP00000363668	rs61737694	Gtc	Atc	V	I	375  	.   0.07	4h9pC  194  V
ENSP00000363668	rs61737694	Gtc	Atc	V	I	375  	.   0.07	4h9qC  194  V
ENSP00000363668	rs61737694	Gtc	Atc	V	I	375  	.   0.07	4h9rC  194  V
ENSP00000363668	rs61737694	Gtc	Atc	V	I	375  	.   0.07	4h9sE  187  V
ENSP00000363668	rs61737694	Gtc	Atc	V	I	375  	.   0.07	4h9sF  190  V
ENSP00000363668	rs61737694	Gtc	Atc	V	I	375  	.   0.07	4hgaA  195  V
ENSP00000363668	rs61737694	Gtc	Atc	V	I	375  	.   0.07	5kdmC  194  V
ENSP00000363696	rs45583737	Gac	Tac	D	Y	59   	.   0.33	3f8uB   25  D
ENSP00000363696	rs45583737	Gac	Tac	D	Y	59   	.   0.33	3f8uD   28  D
ENSP00000363696	rs45583737	Gac	Tac	D	Y	59   	.   0.33	6enyB   29  D
ENSP00000363700	rs45583737	Gac	Tac	D	Y	59   	.   0.46	3f8uB   25  D
ENSP00000363700	rs45583737	Gac	Tac	D	Y	59   	.   0.46	3f8uD   28  D
ENSP00000363700	rs45583737	Gac	Tac	D	Y	59   	.   0.46	6enyB   29  D
ENSP00000363768	rs45487196	Gtc	Atc	V	I	187  	.   0.03	1pk6C   71  V
ENSP00000363768	rs45487196	Gtc	Atc	V	I	187  	.   0.03	2jg8C   73  V
ENSP00000363768	rs45487196	Gtc	Atc	V	I	187  	.   0.03	2jg8F   71  V
ENSP00000363768	rs45487196	Gtc	Atc	V	I	187  	.   0.03	2jg9C   71  V
ENSP00000363768	rs45487196	Gtc	Atc	V	I	187  	.   0.03	2jg9F   71  V
ENSP00000363768	rs45487196	Gtc	Atc	V	I	187  	.   0.03	2wnuC   71  V
ENSP00000363768	rs45487196	Gtc	Atc	V	I	187  	.   0.03	2wnuF   71  V
ENSP00000363768	rs45487196	Gtc	Atc	V	I	187  	.   0.03	2wnvC   71  V
ENSP00000363768	rs45487196	Gtc	Atc	V	I	187  	.   0.03	2wnvF   71  V
ENSP00000363768	rs45487196	Gtc	Atc	V	I	187  	.   0.03	6fczC   71  V
ENSP00000363770	rs45487196	Gtc	Atc	V	I	187  	.   0.03	1pk6C   71  V
ENSP00000363770	rs45487196	Gtc	Atc	V	I	187  	.   0.03	2jg8C   73  V
ENSP00000363770	rs45487196	Gtc	Atc	V	I	187  	.   0.03	2jg8F   71  V
ENSP00000363770	rs45487196	Gtc	Atc	V	I	187  	.   0.03	2jg9C   71  V
ENSP00000363770	rs45487196	Gtc	Atc	V	I	187  	.   0.03	2jg9F   71  V
ENSP00000363770	rs45487196	Gtc	Atc	V	I	187  	.   0.03	2wnuC   71  V
ENSP00000363770	rs45487196	Gtc	Atc	V	I	187  	.   0.03	2wnuF   71  V
ENSP00000363770	rs45487196	Gtc	Atc	V	I	187  	.   0.03	2wnvC   71  V
ENSP00000363770	rs45487196	Gtc	Atc	V	I	187  	.   0.03	2wnvF   71  V
ENSP00000363770	rs45487196	Gtc	Atc	V	I	187  	.   0.03	6fczC   71  V
ENSP00000363771	rs45487196	Gtc	Atc	V	I	187  	.   0.03	1pk6C   71  V
ENSP00000363771	rs45487196	Gtc	Atc	V	I	187  	.   0.03	2jg8C   73  V
ENSP00000363771	rs45487196	Gtc	Atc	V	I	187  	.   0.03	2jg8F   71  V
ENSP00000363771	rs45487196	Gtc	Atc	V	I	187  	.   0.03	2jg9C   71  V
ENSP00000363771	rs45487196	Gtc	Atc	V	I	187  	.   0.03	2jg9F   71  V
ENSP00000363771	rs45487196	Gtc	Atc	V	I	187  	.   0.03	2wnuC   71  V
ENSP00000363771	rs45487196	Gtc	Atc	V	I	187  	.   0.03	2wnuF   71  V
ENSP00000363771	rs45487196	Gtc	Atc	V	I	187  	.   0.03	2wnvC   71  V
ENSP00000363771	rs45487196	Gtc	Atc	V	I	187  	.   0.03	2wnvF   71  V
ENSP00000363771	rs45487196	Gtc	Atc	V	I	187  	.   0.03	6fczC   71  V
ENSP00000363779	 rs3204145	Tgt	Cgt	C	R	1072 	.   0.01	5cqrA  340  C
ENSP00000363779	 rs3204145	Tgt	Agt	C	S	1072 	.   0.01	5cqrA  340  C
ENSP00000363779	 rs2230793	Ata	Cta	I	L	816  	.   0.06	5cqrA   87  I
ENSP00000363787	rs61736933	atC	atT	I	I	110  	.   0.01	2cklB   95  I
ENSP00000363787	rs61736933	atC	atT	I	I	110  	.   0.01	2h0dB   99  I
ENSP00000363787	rs61736933	atC	atT	I	I	110  	.   0.01	3rpgC   98  I
ENSP00000363787	rs61736933	atC	atT	I	I	110  	.   0.01	4s3oC  102  I
ENSP00000363787	rs61736933	atC	atT	I	I	110  	.   0.01	4s3oD   96  I
ENSP00000363794	rs34491699	cAt	cGt	H	R	190  	.   0.01	2pd6A  174  H
ENSP00000363794	rs34491699	cAt	cGt	H	R	190  	.   0.01	2pd6B  171  H
ENSP00000363794	rs34491699	cAt	cGt	H	R	190  	.   0.01	2pd6C  167  H
ENSP00000363794	rs34491699	cAt	cGt	H	R	190  	.   0.01	2pd6D  172  H
ENSP00000363794	rs34491699	cAt	cGt	H	R	190  	.   0.01	4cqlA  175  H
ENSP00000363794	rs34491699	cAt	cGt	H	R	190  	.   0.01	4cqlD  176  H
ENSP00000363794	rs34491699	cAt	cGt	H	R	190  	.   0.01	4cqlE  173  H
ENSP00000363794	rs34491699	cAt	cGt	H	R	190  	.   0.01	4cqlH  177  H
ENSP00000363794	rs34491699	cAt	cGt	H	R	190  	.   0.01	4cqlI  180  H
ENSP00000363794	rs34491699	cAt	cGt	H	R	190  	.   0.01	4cqlL  174  H
ENSP00000363794	rs34491699	cAt	cGt	H	R	190  	.   0.01	4cqlM  174  H
ENSP00000363794	rs34491699	cAt	cGt	H	R	190  	.   0.01	4cqlP  177  H
ENSP00000363794	rs34491699	cAt	cGt	H	R	190  	.   0.01	4cqmA  177  H
ENSP00000363794	rs34491699	cAt	cGt	H	R	190  	.   0.01	4cqmD  176  H
ENSP00000363794	rs34491699	cAt	cGt	H	R	190  	.   0.01	4cqmE  177  H
ENSP00000363794	rs34491699	cAt	cGt	H	R	190  	.   0.01	4cqmH  178  H
ENSP00000363794	rs34491699	cAt	cGt	H	R	190  	.   0.01	4cqmI  178  H
ENSP00000363794	rs34491699	cAt	cGt	H	R	190  	.   0.01	4cqmL  175  H
ENSP00000363794	rs34491699	cAt	cGt	H	R	190  	.   0.01	4cqmM  178  H
ENSP00000363794	rs34491699	cAt	cGt	H	R	190  	.   0.01	4cqmP  177  H
ENSP00000363822	 rs9332969	cGt	cAt	R	H	841  	.   0.03	1e3gA  172  R
ENSP00000363822	 rs9332969	cGt	cAt	R	H	841  	.   0.03	1gs4A  171  R
ENSP00000363822	 rs9332969	cGt	cAt	R	H	841  	.   0.03	1i37A  169  R
ENSP00000363822	 rs9332969	cGt	cAt	R	H	841  	.   0.03	1i38A  169  R
ENSP00000363822	 rs9332969	cGt	cAt	R	H	841  	.   0.03	1t5zA  172  R
ENSP00000363822	 rs9332969	cGt	cAt	R	H	841  	.   0.03	1t63A  172  R
ENSP00000363822	 rs9332969	cGt	cAt	R	H	841  	.   0.03	1t65A  172  R
ENSP00000363822	 rs9332969	cGt	cAt	R	H	841  	.   0.03	1t73A  172  R
ENSP00000363822	 rs9332969	cGt	cAt	R	H	841  	.   0.03	1t74A  171  R
ENSP00000363822	 rs9332969	cGt	cAt	R	H	841  	.   0.03	1t76A  171  R
ENSP00000363822	 rs9332969	cGt	cAt	R	H	841  	.   0.03	1t79A  172  R
ENSP00000363822	 rs9332969	cGt	cAt	R	H	841  	.   0.03	1t7fA  172  R
ENSP00000363822	 rs9332969	cGt	cAt	R	H	841  	.   0.03	1t7mA  171  R
ENSP00000363822	 rs9332969	cGt	cAt	R	H	841  	.   0.03	1t7rA  172  R
ENSP00000363822	 rs9332969	cGt	cAt	R	H	841  	.   0.03	1t7tA  172  R
ENSP00000363822	 rs9332969	cGt	cAt	R	H	841  	.   0.03	1xj7A  178  R
ENSP00000363822	 rs9332969	cGt	cAt	R	H	841  	.   0.03	1xnnA  169  R
ENSP00000363822	 rs9332969	cGt	cAt	R	H	841  	.   0.03	1xowA  170  R
ENSP00000363822	 rs9332969	cGt	cAt	R	H	841  	.   0.03	1xq3A  170  R
ENSP00000363822	 rs9332969	cGt	cAt	R	H	841  	.   0.03	1z95A  169  R
ENSP00000363822	 rs9332969	cGt	cAt	R	H	841  	.   0.03	2am9A  171  R
ENSP00000363822	 rs9332969	cGt	cAt	R	H	841  	.   0.03	2amaA  170  R
ENSP00000363822	 rs9332969	cGt	cAt	R	H	841  	.   0.03	2ambA  170  R
ENSP00000363822	 rs9332969	cGt	cAt	R	H	841  	.   0.03	2ao6A  170  R
ENSP00000363822	 rs9332969	cGt	cAt	R	H	841  	.   0.03	2ax6A  170  R
ENSP00000363822	 rs9332969	cGt	cAt	R	H	841  	.   0.03	2ax7A  169  R
ENSP00000363822	 rs9332969	cGt	cAt	R	H	841  	.   0.03	2ax8A  169  R
ENSP00000363822	 rs9332969	cGt	cAt	R	H	841  	.   0.03	2ax9A  169  R
ENSP00000363822	 rs9332969	cGt	cAt	R	H	841  	.   0.03	2axaA  169  R
ENSP00000363822	 rs9332969	cGt	cAt	R	H	841  	.   0.03	2hvcA  172  R
ENSP00000363822	 rs9332969	cGt	cAt	R	H	841  	.   0.03	2ihqA  170  R
ENSP00000363822	 rs9332969	cGt	cAt	R	H	841  	.   0.03	2nw4A  170  R
ENSP00000363822	 rs9332969	cGt	cAt	R	H	841  	.   0.03	2oz7A  170  R
ENSP00000363822	 rs9332969	cGt	cAt	R	H	841  	.   0.03	2pioA  170  R
ENSP00000363822	 rs9332969	cGt	cAt	R	H	841  	.   0.03	2pipA  171  R
ENSP00000363822	 rs9332969	cGt	cAt	R	H	841  	.   0.03	2piqA  171  R
ENSP00000363822	 rs9332969	cGt	cAt	R	H	841  	.   0.03	2pirA  172  R
ENSP00000363822	 rs9332969	cGt	cAt	R	H	841  	.   0.03	2pitA  172  R
ENSP00000363822	 rs9332969	cGt	cAt	R	H	841  	.   0.03	2piuA  170  R
ENSP00000363822	 rs9332969	cGt	cAt	R	H	841  	.   0.03	2pivA  171  R
ENSP00000363822	 rs9332969	cGt	cAt	R	H	841  	.   0.03	2piwA  170  R
ENSP00000363822	 rs9332969	cGt	cAt	R	H	841  	.   0.03	2pixA  170  R
ENSP00000363822	 rs9332969	cGt	cAt	R	H	841  	.   0.03	2pklA  171  R
ENSP00000363822	 rs9332969	cGt	cAt	R	H	841  	.   0.03	2pnuA  171  R
ENSP00000363822	 rs9332969	cGt	cAt	R	H	841  	.   0.03	2q7iA  170  R
ENSP00000363822	 rs9332969	cGt	cAt	R	H	841  	.   0.03	2q7jA  170  R
ENSP00000363822	 rs9332969	cGt	cAt	R	H	841  	.   0.03	2q7kA  170  R
ENSP00000363822	 rs9332969	cGt	cAt	R	H	841  	.   0.03	2q7lA  170  R
ENSP00000363822	 rs9332969	cGt	cAt	R	H	841  	.   0.03	2qpyA  170  R
ENSP00000363822	 rs9332969	cGt	cAt	R	H	841  	.   0.03	2yhdA  170  R
ENSP00000363822	 rs9332969	cGt	cAt	R	H	841  	.   0.03	2yloA  171  R
ENSP00000363822	 rs9332969	cGt	cAt	R	H	841  	.   0.03	2ylpA  170  R
ENSP00000363822	 rs9332969	cGt	cAt	R	H	841  	.   0.03	2ylqA  170  R
ENSP00000363822	 rs9332969	cGt	cAt	R	H	841  	.   0.03	2z4jA  170  R
ENSP00000363822	 rs9332969	cGt	cAt	R	H	841  	.   0.03	3b5rA  170  R
ENSP00000363822	 rs9332969	cGt	cAt	R	H	841  	.   0.03	3b65A  170  R
ENSP00000363822	 rs9332969	cGt	cAt	R	H	841  	.   0.03	3b66A  170  R
ENSP00000363822	 rs9332969	cGt	cAt	R	H	841  	.   0.03	3b67A  170  R
ENSP00000363822	 rs9332969	cGt	cAt	R	H	841  	.   0.03	3b68A  170  R
ENSP00000363822	 rs9332969	cGt	cAt	R	H	841  	.   0.03	3g0wA  171  R
ENSP00000363822	 rs9332969	cGt	cAt	R	H	841  	.   0.03	3l3xA  172  R
ENSP00000363822	 rs9332969	cGt	cAt	R	H	841  	.   0.03	3l3zA  172  R
ENSP00000363822	 rs9332969	cGt	cAt	R	H	841  	.   0.03	3rljA  170  R
ENSP00000363822	 rs9332969	cGt	cAt	R	H	841  	.   0.03	3rllA  169  R
ENSP00000363822	 rs9332969	cGt	cAt	R	H	841  	.   0.03	3v49A  170  R
ENSP00000363822	 rs9332969	cGt	cAt	R	H	841  	.   0.03	3v4aA  170  R
ENSP00000363822	 rs9332969	cGt	cAt	R	H	841  	.   0.03	3zqtA  171  R
ENSP00000363822	 rs9332969	cGt	cAt	R	H	841  	.   0.03	4hlwA  171  R
ENSP00000363822	 rs9332969	cGt	cAt	R	H	841  	.   0.03	4k7aA  171  R
ENSP00000363822	 rs9332969	cGt	cAt	R	H	841  	.   0.03	4oeaA  171  R
ENSP00000363822	 rs9332969	cGt	cAt	R	H	841  	.   0.03	4oedA  171  R
ENSP00000363822	 rs9332969	cGt	cAt	R	H	841  	.   0.03	4oeyA  170  R
ENSP00000363822	 rs9332969	cGt	cAt	R	H	841  	.   0.03	4oezA  171  R
ENSP00000363822	 rs9332969	cGt	cAt	R	H	841  	.   0.03	4ofrA  170  R
ENSP00000363822	 rs9332969	cGt	cAt	R	H	841  	.   0.03	4ofuA  170  R
ENSP00000363822	 rs9332969	cGt	cAt	R	H	841  	.   0.03	4oghA  170  R
ENSP00000363822	 rs9332969	cGt	cAt	R	H	841  	.   0.03	4oh5A  170  R
ENSP00000363822	 rs9332969	cGt	cAt	R	H	841  	.   0.03	4oh6A  170  R
ENSP00000363822	 rs9332969	cGt	cAt	R	H	841  	.   0.03	4ohaA  170  R
ENSP00000363822	 rs9332969	cGt	cAt	R	H	841  	.   0.03	4oilA  171  R
ENSP00000363822	 rs9332969	cGt	cAt	R	H	841  	.   0.03	4oiuA  171  R
ENSP00000363822	 rs9332969	cGt	cAt	R	H	841  	.   0.03	4oj9A  171  R
ENSP00000363822	 rs9332969	cGt	cAt	R	H	841  	.   0.03	4ojbA  170  R
ENSP00000363822	 rs9332969	cGt	cAt	R	H	841  	.   0.03	4ok1A  171  R
ENSP00000363822	 rs9332969	cGt	cAt	R	H	841  	.   0.03	4okbA  170  R
ENSP00000363822	 rs9332969	cGt	cAt	R	H	841  	.   0.03	4oktA  171  R
ENSP00000363822	 rs9332969	cGt	cAt	R	H	841  	.   0.03	4okwA  170  R
ENSP00000363822	 rs9332969	cGt	cAt	R	H	841  	.   0.03	4okxA  170  R
ENSP00000363822	 rs9332969	cGt	cAt	R	H	841  	.   0.03	4olmA  170  R
ENSP00000363822	 rs9332969	cGt	cAt	R	H	841  	.   0.03	4ql8A  170  R
ENSP00000363822	 rs9332969	cGt	cAt	R	H	841  	.   0.03	5cj6A  170  R
ENSP00000363822	 rs9332969	cGt	cAt	R	H	841  	.   0.03	5jjmA  173  R
ENSP00000363822	 rs9332969	cGt	cAt	R	H	841  	.   0.03	5jjmC  171  R
ENSP00000363822	 rs9332969	cGt	cAt	R	H	841  	.   0.03	5jjmE  173  R
ENSP00000363822	 rs9332969	cGt	cAt	R	H	841  	.   0.03	5jjmG  172  R
ENSP00000363822	 rs9332969	cGt	cAt	R	H	841  	.   0.03	5t8eA  170  R
ENSP00000363822	 rs9332969	cGt	cAt	R	H	841  	.   0.03	5t8jA  170  R
ENSP00000363822	 rs9332969	cGt	cAt	R	H	841  	.   0.03	5v8qA  170  R
ENSP00000363822	 rs9332969	cGt	cAt	R	H	841  	.   0.03	5vo4A  171  R
ENSP00000363822	 rs9332971	cGc	cAc	R	H	856  	.   0.23	1e3gA  187  R
ENSP00000363822	 rs9332971	cGc	cAc	R	H	856  	.   0.23	1gs4A  182  R
ENSP00000363822	 rs9332971	cGc	cAc	R	H	856  	.   0.23	1i37A  184  R
ENSP00000363822	 rs9332971	cGc	cAc	R	H	856  	.   0.23	1i38A  184  R
ENSP00000363822	 rs9332971	cGc	cAc	R	H	856  	.   0.23	1t5zA  187  R
ENSP00000363822	 rs9332971	cGc	cAc	R	H	856  	.   0.23	1t63A  187  R
ENSP00000363822	 rs9332971	cGc	cAc	R	H	856  	.   0.23	1t65A  187  R
ENSP00000363822	 rs9332971	cGc	cAc	R	H	856  	.   0.23	1t73A  187  R
ENSP00000363822	 rs9332971	cGc	cAc	R	H	856  	.   0.23	1t74A  186  R
ENSP00000363822	 rs9332971	cGc	cAc	R	H	856  	.   0.23	1t76A  186  R
ENSP00000363822	 rs9332971	cGc	cAc	R	H	856  	.   0.23	1t79A  187  R
ENSP00000363822	 rs9332971	cGc	cAc	R	H	856  	.   0.23	1t7fA  187  R
ENSP00000363822	 rs9332971	cGc	cAc	R	H	856  	.   0.23	1t7mA  186  R
ENSP00000363822	 rs9332971	cGc	cAc	R	H	856  	.   0.23	1t7rA  187  R
ENSP00000363822	 rs9332971	cGc	cAc	R	H	856  	.   0.23	1t7tA  187  R
ENSP00000363822	 rs9332971	cGc	cAc	R	H	856  	.   0.23	1xj7A  193  R
ENSP00000363822	 rs9332971	cGc	cAc	R	H	856  	.   0.23	1xnnA  184  R
ENSP00000363822	 rs9332971	cGc	cAc	R	H	856  	.   0.23	1xowA  179  R
ENSP00000363822	 rs9332971	cGc	cAc	R	H	856  	.   0.23	1xq3A  179  R
ENSP00000363822	 rs9332971	cGc	cAc	R	H	856  	.   0.23	1z95A  176  R
ENSP00000363822	 rs9332971	cGc	cAc	R	H	856  	.   0.23	2am9A  186  R
ENSP00000363822	 rs9332971	cGc	cAc	R	H	856  	.   0.23	2amaA  179  R
ENSP00000363822	 rs9332971	cGc	cAc	R	H	856  	.   0.23	2ambA  182  R
ENSP00000363822	 rs9332971	cGc	cAc	R	H	856  	.   0.23	2ao6A  179  R
ENSP00000363822	 rs9332971	cGc	cAc	R	H	856  	.   0.23	2ax6A  180  R
ENSP00000363822	 rs9332971	cGc	cAc	R	H	856  	.   0.23	2ax7A  176  R
ENSP00000363822	 rs9332971	cGc	cAc	R	H	856  	.   0.23	2ax8A  176  R
ENSP00000363822	 rs9332971	cGc	cAc	R	H	856  	.   0.23	2ax9A  176  R
ENSP00000363822	 rs9332971	cGc	cAc	R	H	856  	.   0.23	2axaA  176  R
ENSP00000363822	 rs9332971	cGc	cAc	R	H	856  	.   0.23	2hvcA  187  R
ENSP00000363822	 rs9332971	cGc	cAc	R	H	856  	.   0.23	2ihqA  185  R
ENSP00000363822	 rs9332971	cGc	cAc	R	H	856  	.   0.23	2nw4A  185  R
ENSP00000363822	 rs9332971	cGc	cAc	R	H	856  	.   0.23	2oz7A  185  R
ENSP00000363822	 rs9332971	cGc	cAc	R	H	856  	.   0.23	2pioA  185  R
ENSP00000363822	 rs9332971	cGc	cAc	R	H	856  	.   0.23	2pipA  186  R
ENSP00000363822	 rs9332971	cGc	cAc	R	H	856  	.   0.23	2piqA  186  R
ENSP00000363822	 rs9332971	cGc	cAc	R	H	856  	.   0.23	2pirA  187  R
ENSP00000363822	 rs9332971	cGc	cAc	R	H	856  	.   0.23	2pitA  187  R
ENSP00000363822	 rs9332971	cGc	cAc	R	H	856  	.   0.23	2piuA  185  R
ENSP00000363822	 rs9332971	cGc	cAc	R	H	856  	.   0.23	2pivA  186  R
ENSP00000363822	 rs9332971	cGc	cAc	R	H	856  	.   0.23	2piwA  185  R
ENSP00000363822	 rs9332971	cGc	cAc	R	H	856  	.   0.23	2pixA  185  R
ENSP00000363822	 rs9332971	cGc	cAc	R	H	856  	.   0.23	2pklA  186  R
ENSP00000363822	 rs9332971	cGc	cAc	R	H	856  	.   0.23	2pnuA  181  R
ENSP00000363822	 rs9332971	cGc	cAc	R	H	856  	.   0.23	2q7iA  177  R
ENSP00000363822	 rs9332971	cGc	cAc	R	H	856  	.   0.23	2q7jA  183  R
ENSP00000363822	 rs9332971	cGc	cAc	R	H	856  	.   0.23	2q7kA  178  R
ENSP00000363822	 rs9332971	cGc	cAc	R	H	856  	.   0.23	2q7lA  183  R
ENSP00000363822	 rs9332971	cGc	cAc	R	H	856  	.   0.23	2qpyA  185  R
ENSP00000363822	 rs9332971	cGc	cAc	R	H	856  	.   0.23	2yhdA  185  R
ENSP00000363822	 rs9332971	cGc	cAc	R	H	856  	.   0.23	2yloA  186  R
ENSP00000363822	 rs9332971	cGc	cAc	R	H	856  	.   0.23	2ylpA  185  R
ENSP00000363822	 rs9332971	cGc	cAc	R	H	856  	.   0.23	2ylqA  185  R
ENSP00000363822	 rs9332971	cGc	cAc	R	H	856  	.   0.23	2z4jA  185  R
ENSP00000363822	 rs9332971	cGc	cAc	R	H	856  	.   0.23	3b5rA  185  R
ENSP00000363822	 rs9332971	cGc	cAc	R	H	856  	.   0.23	3b65A  185  R
ENSP00000363822	 rs9332971	cGc	cAc	R	H	856  	.   0.23	3b66A  185  R
ENSP00000363822	 rs9332971	cGc	cAc	R	H	856  	.   0.23	3b67A  185  R
ENSP00000363822	 rs9332971	cGc	cAc	R	H	856  	.   0.23	3b68A  185  R
ENSP00000363822	 rs9332971	cGc	cAc	R	H	856  	.   0.23	3g0wA  186  R
ENSP00000363822	 rs9332971	cGc	cAc	R	H	856  	.   0.23	3l3xA  187  R
ENSP00000363822	 rs9332971	cGc	cAc	R	H	856  	.   0.23	3l3zA  186  R
ENSP00000363822	 rs9332971	cGc	cAc	R	H	856  	.   0.23	3rljA  185  R
ENSP00000363822	 rs9332971	cGc	cAc	R	H	856  	.   0.23	3rllA  176  R
ENSP00000363822	 rs9332971	cGc	cAc	R	H	856  	.   0.23	3v49A  180  R
ENSP00000363822	 rs9332971	cGc	cAc	R	H	856  	.   0.23	3v4aA  180  R
ENSP00000363822	 rs9332971	cGc	cAc	R	H	856  	.   0.23	3zqtA  186  R
ENSP00000363822	 rs9332971	cGc	cAc	R	H	856  	.   0.23	4hlwA  180  R
ENSP00000363822	 rs9332971	cGc	cAc	R	H	856  	.   0.23	4k7aA  179  R
ENSP00000363822	 rs9332971	cGc	cAc	R	H	856  	.   0.23	4oeaA  179  R
ENSP00000363822	 rs9332971	cGc	cAc	R	H	856  	.   0.23	4oedA  179  R
ENSP00000363822	 rs9332971	cGc	cAc	R	H	856  	.   0.23	4oeyA  178  R
ENSP00000363822	 rs9332971	cGc	cAc	R	H	856  	.   0.23	4oezA  179  R
ENSP00000363822	 rs9332971	cGc	cAc	R	H	856  	.   0.23	4ofrA  180  R
ENSP00000363822	 rs9332971	cGc	cAc	R	H	856  	.   0.23	4ofuA  178  R
ENSP00000363822	 rs9332971	cGc	cAc	R	H	856  	.   0.23	4oghA  178  R
ENSP00000363822	 rs9332971	cGc	cAc	R	H	856  	.   0.23	4oh5A  178  R
ENSP00000363822	 rs9332971	cGc	cAc	R	H	856  	.   0.23	4oh6A  178  R
ENSP00000363822	 rs9332971	cGc	cAc	R	H	856  	.   0.23	4ohaA  178  R
ENSP00000363822	 rs9332971	cGc	cAc	R	H	856  	.   0.23	4oilA  179  R
ENSP00000363822	 rs9332971	cGc	cAc	R	H	856  	.   0.23	4oiuA  179  R
ENSP00000363822	 rs9332971	cGc	cAc	R	H	856  	.   0.23	4oj9A  186  R
ENSP00000363822	 rs9332971	cGc	cAc	R	H	856  	.   0.23	4ojbA  177  R
ENSP00000363822	 rs9332971	cGc	cAc	R	H	856  	.   0.23	4ok1A  186  R
ENSP00000363822	 rs9332971	cGc	cAc	R	H	856  	.   0.23	4okbA  177  R
ENSP00000363822	 rs9332971	cGc	cAc	R	H	856  	.   0.23	4oktA  185  R
ENSP00000363822	 rs9332971	cGc	cAc	R	H	856  	.   0.23	4okwA  177  R
ENSP00000363822	 rs9332971	cGc	cAc	R	H	856  	.   0.23	4okxA  177  R
ENSP00000363822	 rs9332971	cGc	cAc	R	H	856  	.   0.23	4olmA  177  R
ENSP00000363822	 rs9332971	cGc	cAc	R	H	856  	.   0.23	4ql8A  178  R
ENSP00000363822	 rs9332971	cGc	cAc	R	H	856  	.   0.23	5cj6A  181  R
ENSP00000363822	 rs9332971	cGc	cAc	R	H	856  	.   0.23	5jjmA  188  R
ENSP00000363822	 rs9332971	cGc	cAc	R	H	856  	.   0.23	5jjmC  186  R
ENSP00000363822	 rs9332971	cGc	cAc	R	H	856  	.   0.23	5jjmE  188  R
ENSP00000363822	 rs9332971	cGc	cAc	R	H	856  	.   0.23	5jjmG  187  R
ENSP00000363822	 rs9332971	cGc	cAc	R	H	856  	.   0.23	5t8eA  185  R
ENSP00000363822	 rs9332971	cGc	cAc	R	H	856  	.   0.23	5t8jA  185  R
ENSP00000363822	 rs9332971	cGc	cAc	R	H	856  	.   0.23	5v8qA  185  R
ENSP00000363822	 rs9332971	cGc	cAc	R	H	856  	.   0.23	5vo4A  181  R
ENSP00000363822	 rs9332971	cGc	cTc	R	L	856  	.   0.23	1e3gA  187  R
ENSP00000363822	 rs9332971	cGc	cTc	R	L	856  	.   0.23	1gs4A  182  R
ENSP00000363822	 rs9332971	cGc	cTc	R	L	856  	.   0.23	1i37A  184  R
ENSP00000363822	 rs9332971	cGc	cTc	R	L	856  	.   0.23	1i38A  184  R
ENSP00000363822	 rs9332971	cGc	cTc	R	L	856  	.   0.23	1t5zA  187  R
ENSP00000363822	 rs9332971	cGc	cTc	R	L	856  	.   0.23	1t63A  187  R
ENSP00000363822	 rs9332971	cGc	cTc	R	L	856  	.   0.23	1t65A  187  R
ENSP00000363822	 rs9332971	cGc	cTc	R	L	856  	.   0.23	1t73A  187  R
ENSP00000363822	 rs9332971	cGc	cTc	R	L	856  	.   0.23	1t74A  186  R
ENSP00000363822	 rs9332971	cGc	cTc	R	L	856  	.   0.23	1t76A  186  R
ENSP00000363822	 rs9332971	cGc	cTc	R	L	856  	.   0.23	1t79A  187  R
ENSP00000363822	 rs9332971	cGc	cTc	R	L	856  	.   0.23	1t7fA  187  R
ENSP00000363822	 rs9332971	cGc	cTc	R	L	856  	.   0.23	1t7mA  186  R
ENSP00000363822	 rs9332971	cGc	cTc	R	L	856  	.   0.23	1t7rA  187  R
ENSP00000363822	 rs9332971	cGc	cTc	R	L	856  	.   0.23	1t7tA  187  R
ENSP00000363822	 rs9332971	cGc	cTc	R	L	856  	.   0.23	1xj7A  193  R
ENSP00000363822	 rs9332971	cGc	cTc	R	L	856  	.   0.23	1xnnA  184  R
ENSP00000363822	 rs9332971	cGc	cTc	R	L	856  	.   0.23	1xowA  179  R
ENSP00000363822	 rs9332971	cGc	cTc	R	L	856  	.   0.23	1xq3A  179  R
ENSP00000363822	 rs9332971	cGc	cTc	R	L	856  	.   0.23	1z95A  176  R
ENSP00000363822	 rs9332971	cGc	cTc	R	L	856  	.   0.23	2am9A  186  R
ENSP00000363822	 rs9332971	cGc	cTc	R	L	856  	.   0.23	2amaA  179  R
ENSP00000363822	 rs9332971	cGc	cTc	R	L	856  	.   0.23	2ambA  182  R
ENSP00000363822	 rs9332971	cGc	cTc	R	L	856  	.   0.23	2ao6A  179  R
ENSP00000363822	 rs9332971	cGc	cTc	R	L	856  	.   0.23	2ax6A  180  R
ENSP00000363822	 rs9332971	cGc	cTc	R	L	856  	.   0.23	2ax7A  176  R
ENSP00000363822	 rs9332971	cGc	cTc	R	L	856  	.   0.23	2ax8A  176  R
ENSP00000363822	 rs9332971	cGc	cTc	R	L	856  	.   0.23	2ax9A  176  R
ENSP00000363822	 rs9332971	cGc	cTc	R	L	856  	.   0.23	2axaA  176  R
ENSP00000363822	 rs9332971	cGc	cTc	R	L	856  	.   0.23	2hvcA  187  R
ENSP00000363822	 rs9332971	cGc	cTc	R	L	856  	.   0.23	2ihqA  185  R
ENSP00000363822	 rs9332971	cGc	cTc	R	L	856  	.   0.23	2nw4A  185  R
ENSP00000363822	 rs9332971	cGc	cTc	R	L	856  	.   0.23	2oz7A  185  R
ENSP00000363822	 rs9332971	cGc	cTc	R	L	856  	.   0.23	2pioA  185  R
ENSP00000363822	 rs9332971	cGc	cTc	R	L	856  	.   0.23	2pipA  186  R
ENSP00000363822	 rs9332971	cGc	cTc	R	L	856  	.   0.23	2piqA  186  R
ENSP00000363822	 rs9332971	cGc	cTc	R	L	856  	.   0.23	2pirA  187  R
ENSP00000363822	 rs9332971	cGc	cTc	R	L	856  	.   0.23	2pitA  187  R
ENSP00000363822	 rs9332971	cGc	cTc	R	L	856  	.   0.23	2piuA  185  R
ENSP00000363822	 rs9332971	cGc	cTc	R	L	856  	.   0.23	2pivA  186  R
ENSP00000363822	 rs9332971	cGc	cTc	R	L	856  	.   0.23	2piwA  185  R
ENSP00000363822	 rs9332971	cGc	cTc	R	L	856  	.   0.23	2pixA  185  R
ENSP00000363822	 rs9332971	cGc	cTc	R	L	856  	.   0.23	2pklA  186  R
ENSP00000363822	 rs9332971	cGc	cTc	R	L	856  	.   0.23	2pnuA  181  R
ENSP00000363822	 rs9332971	cGc	cTc	R	L	856  	.   0.23	2q7iA  177  R
ENSP00000363822	 rs9332971	cGc	cTc	R	L	856  	.   0.23	2q7jA  183  R
ENSP00000363822	 rs9332971	cGc	cTc	R	L	856  	.   0.23	2q7kA  178  R
ENSP00000363822	 rs9332971	cGc	cTc	R	L	856  	.   0.23	2q7lA  183  R
ENSP00000363822	 rs9332971	cGc	cTc	R	L	856  	.   0.23	2qpyA  185  R
ENSP00000363822	 rs9332971	cGc	cTc	R	L	856  	.   0.23	2yhdA  185  R
ENSP00000363822	 rs9332971	cGc	cTc	R	L	856  	.   0.23	2yloA  186  R
ENSP00000363822	 rs9332971	cGc	cTc	R	L	856  	.   0.23	2ylpA  185  R
ENSP00000363822	 rs9332971	cGc	cTc	R	L	856  	.   0.23	2ylqA  185  R
ENSP00000363822	 rs9332971	cGc	cTc	R	L	856  	.   0.23	2z4jA  185  R
ENSP00000363822	 rs9332971	cGc	cTc	R	L	856  	.   0.23	3b5rA  185  R
ENSP00000363822	 rs9332971	cGc	cTc	R	L	856  	.   0.23	3b65A  185  R
ENSP00000363822	 rs9332971	cGc	cTc	R	L	856  	.   0.23	3b66A  185  R
ENSP00000363822	 rs9332971	cGc	cTc	R	L	856  	.   0.23	3b67A  185  R
ENSP00000363822	 rs9332971	cGc	cTc	R	L	856  	.   0.23	3b68A  185  R
ENSP00000363822	 rs9332971	cGc	cTc	R	L	856  	.   0.23	3g0wA  186  R
ENSP00000363822	 rs9332971	cGc	cTc	R	L	856  	.   0.23	3l3xA  187  R
ENSP00000363822	 rs9332971	cGc	cTc	R	L	856  	.   0.23	3l3zA  186  R
ENSP00000363822	 rs9332971	cGc	cTc	R	L	856  	.   0.23	3rljA  185  R
ENSP00000363822	 rs9332971	cGc	cTc	R	L	856  	.   0.23	3rllA  176  R
ENSP00000363822	 rs9332971	cGc	cTc	R	L	856  	.   0.23	3v49A  180  R
ENSP00000363822	 rs9332971	cGc	cTc	R	L	856  	.   0.23	3v4aA  180  R
ENSP00000363822	 rs9332971	cGc	cTc	R	L	856  	.   0.23	3zqtA  186  R
ENSP00000363822	 rs9332971	cGc	cTc	R	L	856  	.   0.23	4hlwA  180  R
ENSP00000363822	 rs9332971	cGc	cTc	R	L	856  	.   0.23	4k7aA  179  R
ENSP00000363822	 rs9332971	cGc	cTc	R	L	856  	.   0.23	4oeaA  179  R
ENSP00000363822	 rs9332971	cGc	cTc	R	L	856  	.   0.23	4oedA  179  R
ENSP00000363822	 rs9332971	cGc	cTc	R	L	856  	.   0.23	4oeyA  178  R
ENSP00000363822	 rs9332971	cGc	cTc	R	L	856  	.   0.23	4oezA  179  R
ENSP00000363822	 rs9332971	cGc	cTc	R	L	856  	.   0.23	4ofrA  180  R
ENSP00000363822	 rs9332971	cGc	cTc	R	L	856  	.   0.23	4ofuA  178  R
ENSP00000363822	 rs9332971	cGc	cTc	R	L	856  	.   0.23	4oghA  178  R
ENSP00000363822	 rs9332971	cGc	cTc	R	L	856  	.   0.23	4oh5A  178  R
ENSP00000363822	 rs9332971	cGc	cTc	R	L	856  	.   0.23	4oh6A  178  R
ENSP00000363822	 rs9332971	cGc	cTc	R	L	856  	.   0.23	4ohaA  178  R
ENSP00000363822	 rs9332971	cGc	cTc	R	L	856  	.   0.23	4oilA  179  R
ENSP00000363822	 rs9332971	cGc	cTc	R	L	856  	.   0.23	4oiuA  179  R
ENSP00000363822	 rs9332971	cGc	cTc	R	L	856  	.   0.23	4oj9A  186  R
ENSP00000363822	 rs9332971	cGc	cTc	R	L	856  	.   0.23	4ojbA  177  R
ENSP00000363822	 rs9332971	cGc	cTc	R	L	856  	.   0.23	4ok1A  186  R
ENSP00000363822	 rs9332971	cGc	cTc	R	L	856  	.   0.23	4okbA  177  R
ENSP00000363822	 rs9332971	cGc	cTc	R	L	856  	.   0.23	4oktA  185  R
ENSP00000363822	 rs9332971	cGc	cTc	R	L	856  	.   0.23	4okwA  177  R
ENSP00000363822	 rs9332971	cGc	cTc	R	L	856  	.   0.23	4okxA  177  R
ENSP00000363822	 rs9332971	cGc	cTc	R	L	856  	.   0.23	4olmA  177  R
ENSP00000363822	 rs9332971	cGc	cTc	R	L	856  	.   0.23	4ql8A  178  R
ENSP00000363822	 rs9332971	cGc	cTc	R	L	856  	.   0.23	5cj6A  181  R
ENSP00000363822	 rs9332971	cGc	cTc	R	L	856  	.   0.23	5jjmA  188  R
ENSP00000363822	 rs9332971	cGc	cTc	R	L	856  	.   0.23	5jjmC  186  R
ENSP00000363822	 rs9332971	cGc	cTc	R	L	856  	.   0.23	5jjmE  188  R
ENSP00000363822	 rs9332971	cGc	cTc	R	L	856  	.   0.23	5jjmG  187  R
ENSP00000363822	 rs9332971	cGc	cTc	R	L	856  	.   0.23	5t8eA  185  R
ENSP00000363822	 rs9332971	cGc	cTc	R	L	856  	.   0.23	5t8jA  185  R
ENSP00000363822	 rs9332971	cGc	cTc	R	L	856  	.   0.23	5v8qA  185  R
ENSP00000363822	 rs9332971	cGc	cTc	R	L	856  	.   0.23	5vo4A  181  R
ENSP00000363893	 rs2275363	Gct	Act	A	T	138  	.   0.02	1srqA   30  T
ENSP00000363893	 rs2275363	Gct	Act	A	T	138  	.   0.02	1srqB   29  T
ENSP00000363893	 rs2275363	Gct	Act	A	T	138  	.   0.02	1srqC   31  T
ENSP00000363893	 rs2275363	Gct	Act	A	T	138  	.   0.02	3brwA   32  T
ENSP00000363893	 rs2275363	Gct	Act	A	T	138  	.   0.02	3brwB   30  T
ENSP00000363893	 rs2275363	Gct	Act	A	T	138  	.   0.02	3brwC   30  T
ENSP00000363895	 rs2275363	Gct	Act	A	T	107  	.   0.02	1srqA   30  T
ENSP00000363895	 rs2275363	Gct	Act	A	T	107  	.   0.02	1srqB   29  T
ENSP00000363895	 rs2275363	Gct	Act	A	T	107  	.   0.02	1srqC   31  T
ENSP00000363895	 rs2275363	Gct	Act	A	T	107  	.   0.02	3brwA   32  T
ENSP00000363895	 rs2275363	Gct	Act	A	T	107  	.   0.02	3brwB   30  T
ENSP00000363895	 rs2275363	Gct	Act	A	T	107  	.   0.02	3brwC   30  T
ENSP00000363897	 rs2275363	Gct	Act	A	T	107  	.   0.02	1srqA   30  T
ENSP00000363897	 rs2275363	Gct	Act	A	T	107  	.   0.02	1srqB   29  T
ENSP00000363897	 rs2275363	Gct	Act	A	T	107  	.   0.02	1srqC   31  T
ENSP00000363897	 rs2275363	Gct	Act	A	T	107  	.   0.02	3brwA   32  T
ENSP00000363897	 rs2275363	Gct	Act	A	T	107  	.   0.02	3brwB   30  T
ENSP00000363897	 rs2275363	Gct	Act	A	T	107  	.   0.02	3brwC   30  T
ENSP00000363941	 rs1042308	Ttc	Gtc	F	V	191  	.   0.01	3lqzA  160  F
ENSP00000363941	 rs1042308	Ttc	Gtc	F	V	191  	.   0.01	3wexA  160  V
ENSP00000363941	 rs1042308	Ttc	Gtc	F	V	191  	.   0.01	3wexC  160  V
ENSP00000363941	 rs1042308	Ttc	Gtc	F	V	191  	.   0.01	3wexE  160  V
ENSP00000363941	 rs1042308	Ttc	Gtc	F	V	191  	.   0.01	3wexG  160  V
ENSP00000363941	 rs1042308	Ttc	Gtc	F	V	191  	.   0.01	4p4kA  159  F
ENSP00000363941	 rs1042308	Ttc	Gtc	F	V	191  	.   0.01	4p4kE  160  F
ENSP00000363941	 rs1042308	Ttc	Gtc	F	V	191  	.   0.01	4p4rA  159  F
ENSP00000363941	 rs1042308	Ttc	Gtc	F	V	191  	.   0.01	4p4rC  159  F
ENSP00000363941	 rs1042308	Ttc	Gtc	F	V	191  	.   0.01	4p57A  159  F
ENSP00000363941	 rs1042308	Ttc	Gtc	F	V	191  	.   0.01	4p57C  159  F
ENSP00000363941	 rs1042308	Ttc	Gtc	F	V	191  	.   0.01	4p5kA  160  F
ENSP00000363941	 rs1042308	Ttc	Gtc	F	V	191  	.   0.01	4p5kC  160  F
ENSP00000363941	 rs1042308	Ttc	Gtc	F	V	191  	.   0.01	4p5mA  160  F
ENSP00000363941	 rs1042308	Ttc	Gtc	F	V	191  	.   0.01	4p5mC  160  F
ENSP00000363941	 rs1042308	Ttc	Gtc	F	V	191  	.   0.01	4p5mE  160  F
ENSP00000363941	 rs1042308	Ttc	Gtc	F	V	191  	.   0.01	4p5mG  160  F
ENSP00000363941	 rs1042308	Ttc	Ctc	F	L	191  	.   0.01	3lqzA  160  F
ENSP00000363941	 rs1042308	Ttc	Ctc	F	L	191  	.   0.01	3wexA  160  V
ENSP00000363941	 rs1042308	Ttc	Ctc	F	L	191  	.   0.01	3wexC  160  V
ENSP00000363941	 rs1042308	Ttc	Ctc	F	L	191  	.   0.01	3wexE  160  V
ENSP00000363941	 rs1042308	Ttc	Ctc	F	L	191  	.   0.01	3wexG  160  V
ENSP00000363941	 rs1042308	Ttc	Ctc	F	L	191  	.   0.01	4p4kA  159  F
ENSP00000363941	 rs1042308	Ttc	Ctc	F	L	191  	.   0.01	4p4kE  160  F
ENSP00000363941	 rs1042308	Ttc	Ctc	F	L	191  	.   0.01	4p4rA  159  F
ENSP00000363941	 rs1042308	Ttc	Ctc	F	L	191  	.   0.01	4p4rC  159  F
ENSP00000363941	 rs1042308	Ttc	Ctc	F	L	191  	.   0.01	4p57A  159  F
ENSP00000363941	 rs1042308	Ttc	Ctc	F	L	191  	.   0.01	4p57C  159  F
ENSP00000363941	 rs1042308	Ttc	Ctc	F	L	191  	.   0.01	4p5kA  160  F
ENSP00000363941	 rs1042308	Ttc	Ctc	F	L	191  	.   0.01	4p5kC  160  F
ENSP00000363941	 rs1042308	Ttc	Ctc	F	L	191  	.   0.01	4p5mA  160  F
ENSP00000363941	 rs1042308	Ttc	Ctc	F	L	191  	.   0.01	4p5mC  160  F
ENSP00000363941	 rs1042308	Ttc	Ctc	F	L	191  	.   0.01	4p5mE  160  F
ENSP00000363941	 rs1042308	Ttc	Ctc	F	L	191  	.   0.01	4p5mG  160  F
ENSP00000363941	 rs1042308	Ttc	Atc	F	I	191  	.   0.01	3lqzA  160  F
ENSP00000363941	 rs1042308	Ttc	Atc	F	I	191  	.   0.01	3wexA  160  V
ENSP00000363941	 rs1042308	Ttc	Atc	F	I	191  	.   0.01	3wexC  160  V
ENSP00000363941	 rs1042308	Ttc	Atc	F	I	191  	.   0.01	3wexE  160  V
ENSP00000363941	 rs1042308	Ttc	Atc	F	I	191  	.   0.01	3wexG  160  V
ENSP00000363941	 rs1042308	Ttc	Atc	F	I	191  	.   0.01	4p4kA  159  F
ENSP00000363941	 rs1042308	Ttc	Atc	F	I	191  	.   0.01	4p4kE  160  F
ENSP00000363941	 rs1042308	Ttc	Atc	F	I	191  	.   0.01	4p4rA  159  F
ENSP00000363941	 rs1042308	Ttc	Atc	F	I	191  	.   0.01	4p4rC  159  F
ENSP00000363941	 rs1042308	Ttc	Atc	F	I	191  	.   0.01	4p57A  159  F
ENSP00000363941	 rs1042308	Ttc	Atc	F	I	191  	.   0.01	4p57C  159  F
ENSP00000363941	 rs1042308	Ttc	Atc	F	I	191  	.   0.01	4p5kA  160  F
ENSP00000363941	 rs1042308	Ttc	Atc	F	I	191  	.   0.01	4p5kC  160  F
ENSP00000363941	 rs1042308	Ttc	Atc	F	I	191  	.   0.01	4p5mA  160  F
ENSP00000363941	 rs1042308	Ttc	Atc	F	I	191  	.   0.01	4p5mC  160  F
ENSP00000363941	 rs1042308	Ttc	Atc	F	I	191  	.   0.01	4p5mE  160  F
ENSP00000363941	 rs1042308	Ttc	Atc	F	I	191  	.   0.01	4p5mG  160  F
ENSP00000363941	 rs1042190	aAg	aGg	K	R	142  	.   0.01	3lqzA  111  K
ENSP00000363941	 rs1042190	aAg	aGg	K	R	142  	.   0.01	3wexA  111  R
ENSP00000363941	 rs1042190	aAg	aGg	K	R	142  	.   0.01	3wexC  111  R
ENSP00000363941	 rs1042190	aAg	aGg	K	R	142  	.   0.01	3wexE  111  R
ENSP00000363941	 rs1042190	aAg	aGg	K	R	142  	.   0.01	3wexG  111  R
ENSP00000363941	 rs1042190	aAg	aGg	K	R	142  	.   0.01	4p4kA  110  K
ENSP00000363941	 rs1042190	aAg	aGg	K	R	142  	.   0.01	4p4kE  111  K
ENSP00000363941	 rs1042190	aAg	aGg	K	R	142  	.   0.01	4p4rA  110  K
ENSP00000363941	 rs1042190	aAg	aGg	K	R	142  	.   0.01	4p4rC  110  K
ENSP00000363941	 rs1042190	aAg	aGg	K	R	142  	.   0.01	4p57A  110  K
ENSP00000363941	 rs1042190	aAg	aGg	K	R	142  	.   0.01	4p57C  110  K
ENSP00000363941	 rs1042190	aAg	aGg	K	R	142  	.   0.01	4p5kA  111  K
ENSP00000363941	 rs1042190	aAg	aGg	K	R	142  	.   0.01	4p5kC  111  K
ENSP00000363941	 rs1042190	aAg	aGg	K	R	142  	.   0.01	4p5mA  111  K
ENSP00000363941	 rs1042190	aAg	aGg	K	R	142  	.   0.01	4p5mC  111  K
ENSP00000363941	 rs1042190	aAg	aGg	K	R	142  	.   0.01	4p5mE  111  K
ENSP00000363941	 rs1042190	aAg	aGg	K	R	142  	.   0.01	4p5mG  111  K
ENSP00000363941	 rs2308917	tTg	tCg	L	S	97   	.   0.01	3lqzA   66  L
ENSP00000363941	 rs2308917	tTg	tCg	L	S	97   	.   0.01	3wexA   66  L
ENSP00000363941	 rs2308917	tTg	tCg	L	S	97   	.   0.01	3wexC   66  L
ENSP00000363941	 rs2308917	tTg	tCg	L	S	97   	.   0.01	3wexE   66  L
ENSP00000363941	 rs2308917	tTg	tCg	L	S	97   	.   0.01	3wexG   66  L
ENSP00000363941	 rs2308917	tTg	tCg	L	S	97   	.   0.01	4p4kA   65  L
ENSP00000363941	 rs2308917	tTg	tCg	L	S	97   	.   0.01	4p4kE   66  L
ENSP00000363941	 rs2308917	tTg	tCg	L	S	97   	.   0.01	4p4rA   65  L
ENSP00000363941	 rs2308917	tTg	tCg	L	S	97   	.   0.01	4p4rC   65  L
ENSP00000363941	 rs2308917	tTg	tCg	L	S	97   	.   0.01	4p57A   65  L
ENSP00000363941	 rs2308917	tTg	tCg	L	S	97   	.   0.01	4p57C   65  L
ENSP00000363941	 rs2308917	tTg	tCg	L	S	97   	.   0.01	4p5kA   66  L
ENSP00000363941	 rs2308917	tTg	tCg	L	S	97   	.   0.01	4p5kC   66  L
ENSP00000363941	 rs2308917	tTg	tCg	L	S	97   	.   0.01	4p5mA   66  L
ENSP00000363941	 rs2308917	tTg	tCg	L	S	97   	.   0.01	4p5mC   66  L
ENSP00000363941	 rs2308917	tTg	tCg	L	S	97   	.   0.01	4p5mE   66  L
ENSP00000363941	 rs2308917	tTg	tCg	L	S	97   	.   0.01	4p5mG   66  L
ENSP00000363941	 rs2308911	Atg	Ctg	M	L	62   	.   0.11	3lqzA   31  M
ENSP00000363941	 rs2308911	Atg	Ctg	M	L	62   	.   0.11	3wexA   31  Q
ENSP00000363941	 rs2308911	Atg	Ctg	M	L	62   	.   0.11	3wexC   31  Q
ENSP00000363941	 rs2308911	Atg	Ctg	M	L	62   	.   0.11	3wexE   31  Q
ENSP00000363941	 rs2308911	Atg	Ctg	M	L	62   	.   0.11	3wexG   31  Q
ENSP00000363941	 rs2308911	Atg	Ctg	M	L	62   	.   0.11	4p4kA   30  M
ENSP00000363941	 rs2308911	Atg	Ctg	M	L	62   	.   0.11	4p4kE   31  M
ENSP00000363941	 rs2308911	Atg	Ctg	M	L	62   	.   0.11	4p4rA   30  M
ENSP00000363941	 rs2308911	Atg	Ctg	M	L	62   	.   0.11	4p4rC   30  M
ENSP00000363941	 rs2308911	Atg	Ctg	M	L	62   	.   0.11	4p57A   30  M
ENSP00000363941	 rs2308911	Atg	Ctg	M	L	62   	.   0.11	4p57C   30  M
ENSP00000363941	 rs2308911	Atg	Ctg	M	L	62   	.   0.11	4p5kA   31  M
ENSP00000363941	 rs2308911	Atg	Ctg	M	L	62   	.   0.11	4p5kC   31  M
ENSP00000363941	 rs2308911	Atg	Ctg	M	L	62   	.   0.11	4p5mA   31  M
ENSP00000363941	 rs2308911	Atg	Ctg	M	L	62   	.   0.11	4p5mC   31  M
ENSP00000363941	 rs2308911	Atg	Ctg	M	L	62   	.   0.11	4p5mE   31  M
ENSP00000363941	 rs2308911	Atg	Ctg	M	L	62   	.   0.11	4p5mG   31  M
ENSP00000363941	 rs1126534	gCg	gTg	A	V	42   	.   0.03	3lqzA   11  A
ENSP00000363941	 rs1126534	gCg	gTg	A	V	42   	.   0.03	3wexA   11  M
ENSP00000363941	 rs1126534	gCg	gTg	A	V	42   	.   0.03	3wexC   11  M
ENSP00000363941	 rs1126534	gCg	gTg	A	V	42   	.   0.03	3wexE   11  M
ENSP00000363941	 rs1126534	gCg	gTg	A	V	42   	.   0.03	3wexG   11  M
ENSP00000363941	 rs1126534	gCg	gTg	A	V	42   	.   0.03	4p4kA   10  A
ENSP00000363941	 rs1126534	gCg	gTg	A	V	42   	.   0.03	4p4kE   11  A
ENSP00000363941	 rs1126534	gCg	gTg	A	V	42   	.   0.03	4p4rA   10  A
ENSP00000363941	 rs1126534	gCg	gTg	A	V	42   	.   0.03	4p4rC   10  A
ENSP00000363941	 rs1126534	gCg	gTg	A	V	42   	.   0.03	4p57A   10  A
ENSP00000363941	 rs1126534	gCg	gTg	A	V	42   	.   0.03	4p57C   10  A
ENSP00000363941	 rs1126534	gCg	gTg	A	V	42   	.   0.03	4p5kA   11  A
ENSP00000363941	 rs1126534	gCg	gTg	A	V	42   	.   0.03	4p5kC   11  A
ENSP00000363941	 rs1126534	gCg	gTg	A	V	42   	.   0.03	4p5mA   11  A
ENSP00000363941	 rs1126534	gCg	gTg	A	V	42   	.   0.03	4p5mC   11  A
ENSP00000363941	 rs1126534	gCg	gTg	A	V	42   	.   0.03	4p5mE   11  A
ENSP00000363941	 rs1126534	gCg	gTg	A	V	42   	.   0.03	4p5mG   11  A
ENSP00000363941	 rs2308931	ctG	ctA	L	L	158  	.   0.03	3lqzA  127  L
ENSP00000363941	 rs2308931	ctG	ctA	L	L	158  	.   0.03	3wexA  127  P
ENSP00000363941	 rs2308931	ctG	ctA	L	L	158  	.   0.03	3wexC  127  P
ENSP00000363941	 rs2308931	ctG	ctA	L	L	158  	.   0.03	3wexE  127  P
ENSP00000363941	 rs2308931	ctG	ctA	L	L	158  	.   0.03	3wexG  127  P
ENSP00000363941	 rs2308931	ctG	ctA	L	L	158  	.   0.03	4p4kA  126  L
ENSP00000363941	 rs2308931	ctG	ctA	L	L	158  	.   0.03	4p4kE  127  L
ENSP00000363941	 rs2308931	ctG	ctA	L	L	158  	.   0.03	4p4rA  126  L
ENSP00000363941	 rs2308931	ctG	ctA	L	L	158  	.   0.03	4p4rC  126  L
ENSP00000363941	 rs2308931	ctG	ctA	L	L	158  	.   0.03	4p57A  126  L
ENSP00000363941	 rs2308931	ctG	ctA	L	L	158  	.   0.03	4p57C  126  L
ENSP00000363941	 rs2308931	ctG	ctA	L	L	158  	.   0.03	4p5kA  127  L
ENSP00000363941	 rs2308931	ctG	ctA	L	L	158  	.   0.03	4p5kC  127  L
ENSP00000363941	 rs2308931	ctG	ctA	L	L	158  	.   0.03	4p5mA  127  L
ENSP00000363941	 rs2308931	ctG	ctA	L	L	158  	.   0.03	4p5mC  127  L
ENSP00000363941	 rs2308931	ctG	ctA	L	L	158  	.   0.03	4p5mE  127  L
ENSP00000363941	 rs2308931	ctG	ctA	L	L	158  	.   0.03	4p5mG  127  L
ENSP00000363941	rs41548220	ttG	ttT	L	F	104  	.   0.01	3lqzA   73  L
ENSP00000363941	rs41548220	ttG	ttT	L	F	104  	.   0.01	3wexA   73  L
ENSP00000363941	rs41548220	ttG	ttT	L	F	104  	.   0.01	3wexC   73  L
ENSP00000363941	rs41548220	ttG	ttT	L	F	104  	.   0.01	3wexE   73  L
ENSP00000363941	rs41548220	ttG	ttT	L	F	104  	.   0.01	3wexG   73  L
ENSP00000363941	rs41548220	ttG	ttT	L	F	104  	.   0.01	4p4kA   72  L
ENSP00000363941	rs41548220	ttG	ttT	L	F	104  	.   0.01	4p4kE   73  L
ENSP00000363941	rs41548220	ttG	ttT	L	F	104  	.   0.01	4p4rA   72  L
ENSP00000363941	rs41548220	ttG	ttT	L	F	104  	.   0.01	4p4rC   72  L
ENSP00000363941	rs41548220	ttG	ttT	L	F	104  	.   0.01	4p57A   72  L
ENSP00000363941	rs41548220	ttG	ttT	L	F	104  	.   0.01	4p57C   72  L
ENSP00000363941	rs41548220	ttG	ttT	L	F	104  	.   0.01	4p5kA   73  L
ENSP00000363941	rs41548220	ttG	ttT	L	F	104  	.   0.01	4p5kC   73  L
ENSP00000363941	rs41548220	ttG	ttT	L	F	104  	.   0.01	4p5mA   73  L
ENSP00000363941	rs41548220	ttG	ttT	L	F	104  	.   0.01	4p5mC   73  L
ENSP00000363941	rs41548220	ttG	ttT	L	F	104  	.   0.01	4p5mE   73  L
ENSP00000363941	rs41548220	ttG	ttT	L	F	104  	.   0.01	4p5mG   73  L
ENSP00000363941	rs41559316	aCc	aTc	T	I	103  	.   0.01	3lqzA   72  T
ENSP00000363941	rs41559316	aCc	aTc	T	I	103  	.   0.01	3wexA   72  T
ENSP00000363941	rs41559316	aCc	aTc	T	I	103  	.   0.01	3wexC   72  T
ENSP00000363941	rs41559316	aCc	aTc	T	I	103  	.   0.01	3wexE   72  T
ENSP00000363941	rs41559316	aCc	aTc	T	I	103  	.   0.01	3wexG   72  T
ENSP00000363941	rs41559316	aCc	aTc	T	I	103  	.   0.01	4p4kA   71  T
ENSP00000363941	rs41559316	aCc	aTc	T	I	103  	.   0.01	4p4kE   72  T
ENSP00000363941	rs41559316	aCc	aTc	T	I	103  	.   0.01	4p4rA   71  T
ENSP00000363941	rs41559316	aCc	aTc	T	I	103  	.   0.01	4p4rC   71  T
ENSP00000363941	rs41559316	aCc	aTc	T	I	103  	.   0.01	4p57A   71  T
ENSP00000363941	rs41559316	aCc	aTc	T	I	103  	.   0.01	4p57C   71  T
ENSP00000363941	rs41559316	aCc	aTc	T	I	103  	.   0.01	4p5kA   72  T
ENSP00000363941	rs41559316	aCc	aTc	T	I	103  	.   0.01	4p5kC   72  T
ENSP00000363941	rs41559316	aCc	aTc	T	I	103  	.   0.01	4p5mA   72  T
ENSP00000363941	rs41559316	aCc	aTc	T	I	103  	.   0.01	4p5mC   72  T
ENSP00000363941	rs41559316	aCc	aTc	T	I	103  	.   0.01	4p5mE   72  T
ENSP00000363941	rs41559316	aCc	aTc	T	I	103  	.   0.01	4p5mG   72  T
ENSP00000363949	 rs2070296	gtG	gtC	V	V	179  	.   0.01	2qqmA   35  A
ENSP00000363949	 rs2070296	gtG	gtC	V	V	179  	.   0.01	4gz9A  155  A
ENSP00000363949	 rs2070296	gtG	gtA	V	V	179  	.   0.01	2qqmA   35  A
ENSP00000363949	 rs2070296	gtG	gtA	V	V	179  	.   0.01	4gz9A  155  A
ENSP00000363954	 rs2070296	gtG	gtC	V	V	179  	.   0.01	2qqmA   35  A
ENSP00000363954	 rs2070296	gtG	gtC	V	V	179  	.   0.01	4gz9A  155  A
ENSP00000363954	 rs2070296	gtG	gtA	V	V	179  	.   0.01	2qqmA   35  A
ENSP00000363954	 rs2070296	gtG	gtA	V	V	179  	.   0.01	4gz9A  155  A
ENSP00000363955	 rs2070296	gtG	gtC	V	V	179  	.   0.01	2qqmA   35  A
ENSP00000363955	 rs2070296	gtG	gtC	V	V	179  	.   0.01	4gz9A  155  A
ENSP00000363955	 rs2070296	gtG	gtA	V	V	179  	.   0.01	2qqmA   35  A
ENSP00000363955	 rs2070296	gtG	gtA	V	V	179  	.   0.01	4gz9A  155  A
ENSP00000363956	 rs2070296	gtG	gtC	V	V	179  	.   0.01	2qqmA   35  A
ENSP00000363956	 rs2070296	gtG	gtC	V	V	179  	.   0.01	4gz9A  155  A
ENSP00000363956	 rs2070296	gtG	gtA	V	V	179  	.   0.01	2qqmA   35  A
ENSP00000363956	 rs2070296	gtG	gtA	V	V	179  	.   0.01	4gz9A  155  A
