ENSP00000365753	 rs2524235	Ctg	Gtg	L	V	796  	.   0.01	3zosA  221  L
ENSP00000365753	 rs2524235	Ctg	Gtg	L	V	796  	.   0.01	3zosB  223  L
ENSP00000365753	 rs2524235	Ctg	Gtg	L	V	796  	.   0.01	4bkjA  215  L
ENSP00000365753	 rs2524235	Ctg	Gtg	L	V	796  	.   0.01	4bkjB  217  L
ENSP00000365753	 rs2524235	Ctg	Gtg	L	V	796  	.   0.01	4ckrA  215  L
ENSP00000365753	 rs2524235	Ctg	Gtg	L	V	796  	.   0.01	5bvkA  200  L
ENSP00000365753	 rs2524235	Ctg	Gtg	L	V	796  	.   0.01	5bvnA  200  L
ENSP00000365753	 rs2524235	Ctg	Gtg	L	V	796  	.   0.01	5bvoA  198  L
ENSP00000365753	 rs2524235	Ctg	Gtg	L	V	796  	.   0.01	5bvwA  196  L
ENSP00000365753	 rs2524235	Ctg	Gtg	L	V	796  	.   0.01	5fdpA  206  L
ENSP00000365753	 rs2524235	Ctg	Gtg	L	V	796  	.   0.01	5fdxA  204  L
ENSP00000365753	 rs2524235	Ctg	Gtg	L	V	796  	.   0.01	5fdxB  200  L
ENSP00000365753	 rs2524235	Ctg	Gtg	L	V	796  	.   0.01	6gwrA  221  L
ENSP00000365753	 rs2524235	Ctg	Gtg	L	V	796  	.   0.01	6gwrB  210  L
ENSP00000365754	 rs2524235	Ctg	Gtg	L	V	796  	.   0.01	3zosA  221  L
ENSP00000365754	 rs2524235	Ctg	Gtg	L	V	796  	.   0.01	3zosB  223  L
ENSP00000365754	 rs2524235	Ctg	Gtg	L	V	796  	.   0.01	4bkjA  215  L
ENSP00000365754	 rs2524235	Ctg	Gtg	L	V	796  	.   0.01	4bkjB  217  L
ENSP00000365754	 rs2524235	Ctg	Gtg	L	V	796  	.   0.01	4ckrA  215  L
ENSP00000365754	 rs2524235	Ctg	Gtg	L	V	796  	.   0.01	5bvkA  200  L
ENSP00000365754	 rs2524235	Ctg	Gtg	L	V	796  	.   0.01	5bvnA  200  L
ENSP00000365754	 rs2524235	Ctg	Gtg	L	V	796  	.   0.01	5bvoA  198  L
ENSP00000365754	 rs2524235	Ctg	Gtg	L	V	796  	.   0.01	5bvwA  196  L
ENSP00000365754	 rs2524235	Ctg	Gtg	L	V	796  	.   0.01	5fdpA  206  L
ENSP00000365754	 rs2524235	Ctg	Gtg	L	V	796  	.   0.01	5fdxA  204  L
ENSP00000365754	 rs2524235	Ctg	Gtg	L	V	796  	.   0.01	5fdxB  200  L
ENSP00000365754	 rs2524235	Ctg	Gtg	L	V	796  	.   0.01	6gwrA  221  L
ENSP00000365754	 rs2524235	Ctg	Gtg	L	V	796  	.   0.01	6gwrB  210  L
ENSP00000365757	rs10828317	aAc	aGc	N	S	251  	.   0.01	1bo1A  219  S
ENSP00000365757	rs10828317	aAc	aGc	N	S	251  	.   0.01	1bo1B  221  S
ENSP00000365757	rs10828317	aAc	aGc	N	S	251  	.   0.01	2ybxA  219  N
ENSP00000365757	rs10828317	aAc	aGc	N	S	251  	.   0.01	2ybxB  220  N
ENSP00000365757	rs10828317	aAc	aGc	N	S	251  	.   0.01	3wzzA  218  S
ENSP00000365757	rs10828317	aAc	aGc	N	S	251  	.   0.01	3wzzB  212  S
ENSP00000365757	rs10828317	aAc	aGc	N	S	251  	.   0.01	3x01A  215  S
ENSP00000365757	rs10828317	aAc	aGc	N	S	251  	.   0.01	3x01B  208  S
ENSP00000365757	rs10828317	aAc	aGc	N	S	251  	.   0.01	3x02A  215  S
ENSP00000365757	rs10828317	aAc	aGc	N	S	251  	.   0.01	3x02B  214  S
ENSP00000365757	rs10828317	aAc	aGc	N	S	251  	.   0.01	3x03A  218  S
ENSP00000365757	rs10828317	aAc	aGc	N	S	251  	.   0.01	3x03B  210  S
ENSP00000365757	rs10828317	aAc	aGc	N	S	251  	.   0.01	3x04A  215  S
ENSP00000365757	rs10828317	aAc	aGc	N	S	251  	.   0.01	3x05A  216  S
ENSP00000365757	rs10828317	aAc	aGc	N	S	251  	.   0.01	3x05B  211  S
ENSP00000365757	rs10828317	aAc	aGc	N	S	251  	.   0.01	3x06A  216  S
ENSP00000365757	rs10828317	aAc	aGc	N	S	251  	.   0.01	3x06B  214  S
ENSP00000365757	rs10828317	aAc	aGc	N	S	251  	.   0.01	3x07A  214  S
ENSP00000365757	rs10828317	aAc	aGc	N	S	251  	.   0.01	3x07B  207  S
ENSP00000365757	rs10828317	aAc	aGc	N	S	251  	.   0.01	3x08A  216  S
ENSP00000365757	rs10828317	aAc	aGc	N	S	251  	.   0.01	3x08B  213  S
ENSP00000365757	rs10828317	aAc	aGc	N	S	251  	.   0.01	3x09A  213  S
ENSP00000365757	rs10828317	aAc	aGc	N	S	251  	.   0.01	3x09B  213  S
ENSP00000365757	rs10828317	aAc	aGc	N	S	251  	.   0.01	3x0aA  216  S
ENSP00000365757	rs10828317	aAc	aGc	N	S	251  	.   0.01	3x0aB  212  S
ENSP00000365757	rs10828317	aAc	aGc	N	S	251  	.   0.01	3x0bA  215  S
ENSP00000365757	rs10828317	aAc	aGc	N	S	251  	.   0.01	3x0bB  208  S
ENSP00000365757	rs10828317	aAc	aGc	N	S	251  	.   0.01	3x0cA  216  S
ENSP00000365757	rs10828317	aAc	aGc	N	S	251  	.   0.01	3x0cB  215  S
ENSP00000365767	 rs2274976	cGg	cAg	R	Q	635  	.   0.01	6fcxA  539  Q
ENSP00000365767	 rs2274976	cGg	cAg	R	Q	635  	.   0.01	6fcxB  536  Q
ENSP00000365767	 rs2274974	gGg	gAg	G	E	607  	.   0.01	6fcxA  511  G
ENSP00000365767	 rs2274974	gGg	gAg	G	E	607  	.   0.01	6fcxB  508  G
ENSP00000365767	 rs1801131	gAa	gCa	E	A	470  	.   0.01	6fcxA  374  A
ENSP00000365767	 rs1801131	gAa	gCa	E	A	470  	.   0.01	6fcxB  371  A
ENSP00000365767	 rs1801133	gCc	gTc	A	V	263  	.   0.01	6fcxA  172  A
ENSP00000365767	 rs1801133	gCc	gTc	A	V	263  	.   0.01	6fcxB  167  A
ENSP00000365767	 rs2066472	cGa	cAa	R	Q	109  	.   0.05	6fcxA   29  R
ENSP00000365767	 rs2066472	cGa	cAa	R	Q	109  	.   0.05	6fcxB   28  R
ENSP00000365767	 rs4846051	ttC	ttT	F	F	476  	.   0.01	6fcxA  380  F
ENSP00000365767	 rs4846051	ttC	ttT	F	F	476  	.   0.01	6fcxB  377  F
ENSP00000365767	 rs2066462	agC	agT	S	S	393  	*   0.51	6fcxA  302  S
ENSP00000365767	 rs2066462	agC	agT	S	S	393  	*   0.51	6fcxB  294  S
ENSP00000365767	 rs6664734	gtG	gtA	V	V	356  	.   0.01	6fcxA  265  V
ENSP00000365767	 rs2066466	acG	acT	T	T	180  	.   0.01	6fcxA  100  T
ENSP00000365767	 rs2066466	acG	acT	T	T	180  	.   0.01	6fcxB   99  T
ENSP00000365767	 rs2066466	acG	acC	T	T	180  	.   0.01	6fcxA  100  T
ENSP00000365767	 rs2066466	acG	acC	T	T	180  	.   0.01	6fcxB   99  T
ENSP00000365767	 rs2066466	acG	acA	T	T	180  	.   0.01	6fcxA  100  T
ENSP00000365767	 rs2066466	acG	acA	T	T	180  	.   0.01	6fcxB   99  T
ENSP00000365767	 rs2066461	acC	acT	T	T	156  	.   0.03	6fcxA   76  T
ENSP00000365767	 rs2066461	acC	acT	T	T	156  	.   0.03	6fcxB   75  T
ENSP00000365767	 rs2066461	acC	acA	T	T	156  	.   0.03	6fcxA   76  T
ENSP00000365767	 rs2066461	acC	acA	T	T	156  	.   0.03	6fcxB   75  T
ENSP00000365767	rs35737219	aCg	aTg	T	M	694  	*   0.96	6fcxA  593  L
ENSP00000365767	rs35737219	aCg	aTg	T	M	694  	*   0.96	6fcxB  587  A
ENSP00000365767	rs45590836	atG	atA	M	I	622  	.   0.02	6fcxA  526  M
ENSP00000365767	rs45590836	atG	atA	M	I	622  	.   0.02	6fcxB  523  M
ENSP00000365767	rs45496998	Cgc	Tgc	R	C	560  	.   0.01	6fcxA  464  R
ENSP00000365767	rs45496998	Cgc	Tgc	R	C	560  	.   0.01	6fcxB  461  R
ENSP00000365767	rs72552099	Agt	Cgt	S	R	471  	.   0.01	6fcxA  375  S
ENSP00000365767	rs72552099	Agt	Cgt	S	R	471  	.   0.01	6fcxB  372  S
ENSP00000365767	rs45571736	Ggg	Agg	G	R	463  	.   0.03	6fcxA  367  G
ENSP00000365767	rs45571736	Ggg	Agg	G	R	463  	.   0.03	6fcxB  364  G
ENSP00000365767	rs34279942	ttC	ttA	F	L	277  	.   0.01	6fcxA  186  F
ENSP00000365767	rs34279942	ttC	ttA	F	L	277  	.   0.01	6fcxB  181  F
ENSP00000365767	rs45589033	Gac	Aac	D	N	275  	.   0.01	6fcxA  184  D
ENSP00000365767	rs45589033	Gac	Aac	D	N	275  	.   0.01	6fcxB  179  D
ENSP00000365767	rs45438591	Gga	Aga	G	R	262  	.   0.01	6fcxA  171  G
ENSP00000365767	rs45550133	Cgc	Tgc	R	C	175  	.   0.01	6fcxA   95  R
ENSP00000365767	rs45550133	Cgc	Tgc	R	C	175  	.   0.01	6fcxB   94  R
ENSP00000365767	rs45572531	acG	acA	T	T	694  	*   0.96	6fcxA  593  L
ENSP00000365767	rs45572531	acG	acA	T	T	694  	*   0.96	6fcxB  587  A
ENSP00000365767	rs35653697	ccG	ccA	P	P	533  	.   0.17	6fcxA  437  P
ENSP00000365767	rs35653697	ccG	ccA	P	P	533  	.   0.17	6fcxB  434  P
ENSP00000365767	rs79157191	acC	acT	T	T	505  	.   0.08	6fcxA  409  T
ENSP00000365767	rs79157191	acC	acT	T	T	505  	.   0.08	6fcxB  406  T
ENSP00000365767	rs45498098	tgC	tgT	C	C	347  	.   0.01	6fcxA  256  C
ENSP00000365767	rs45498098	tgC	tgT	C	C	347  	.   0.01	6fcxB  251  C
ENSP00000365767	rs13306555	gcC	gcT	A	A	343  	.   0.01	6fcxA  252  A
ENSP00000365767	rs13306555	gcC	gcT	A	A	343  	.   0.01	6fcxB  247  A
ENSP00000365767	rs45486194	acC	acT	T	T	285  	.   0.01	6fcxA  194  T
ENSP00000365767	rs45486194	acC	acT	T	T	285  	.   0.01	6fcxB  189  T
ENSP00000365767	rs45459991	gcA	gcG	A	A	283  	.   0.01	6fcxA  192  A
ENSP00000365767	rs45459991	gcA	gcG	A	A	283  	.   0.01	6fcxB  187  A
ENSP00000365767	rs34279942	ttC	ttT	F	F	277  	.   0.01	6fcxA  186  F
ENSP00000365767	rs34279942	ttC	ttT	F	F	277  	.   0.01	6fcxB  181  F
ENSP00000365767	rs13306554	ccC	ccT	P	P	243  	.   0.04	6fcxA  152  P
ENSP00000365767	rs13306554	ccC	ccT	P	P	243  	.   0.04	6fcxB  151  P
ENSP00000365767	rs45546035	gaC	gaT	D	D	133  	.   0.01	6fcxA   53  D
ENSP00000365767	rs45546035	gaC	gaT	D	D	133  	.   0.01	6fcxB   52  D
ENSP00000365770	 rs2274976	cGg	cAg	R	Q	635  	.   0.01	6fcxA  539  Q
ENSP00000365770	 rs2274976	cGg	cAg	R	Q	635  	.   0.01	6fcxB  536  Q
ENSP00000365770	 rs2274974	gGg	gAg	G	E	607  	.   0.01	6fcxA  511  G
ENSP00000365770	 rs2274974	gGg	gAg	G	E	607  	.   0.01	6fcxB  508  G
ENSP00000365770	 rs1801131	gAa	gCa	E	A	470  	.   0.01	6fcxA  374  A
ENSP00000365770	 rs1801131	gAa	gCa	E	A	470  	.   0.01	6fcxB  371  A
ENSP00000365770	 rs1801133	gCc	gTc	A	V	263  	.   0.01	6fcxA  172  A
ENSP00000365770	 rs1801133	gCc	gTc	A	V	263  	.   0.01	6fcxB  167  A
ENSP00000365770	 rs2066472	cGa	cAa	R	Q	109  	.   0.05	6fcxA   29  R
ENSP00000365770	 rs2066472	cGa	cAa	R	Q	109  	.   0.05	6fcxB   28  R
ENSP00000365770	 rs4846051	ttC	ttT	F	F	476  	.   0.01	6fcxA  380  F
ENSP00000365770	 rs4846051	ttC	ttT	F	F	476  	.   0.01	6fcxB  377  F
ENSP00000365770	 rs2066462	agC	agT	S	S	393  	*   0.51	6fcxA  302  S
ENSP00000365770	 rs2066462	agC	agT	S	S	393  	*   0.51	6fcxB  294  S
ENSP00000365770	 rs6664734	gtG	gtA	V	V	356  	.   0.01	6fcxA  265  V
ENSP00000365770	 rs2066466	acG	acT	T	T	180  	.   0.01	6fcxA  100  T
ENSP00000365770	 rs2066466	acG	acT	T	T	180  	.   0.01	6fcxB   99  T
ENSP00000365770	 rs2066466	acG	acC	T	T	180  	.   0.01	6fcxA  100  T
ENSP00000365770	 rs2066466	acG	acC	T	T	180  	.   0.01	6fcxB   99  T
ENSP00000365770	 rs2066466	acG	acA	T	T	180  	.   0.01	6fcxA  100  T
ENSP00000365770	 rs2066466	acG	acA	T	T	180  	.   0.01	6fcxB   99  T
ENSP00000365770	 rs2066461	acC	acT	T	T	156  	.   0.03	6fcxA   76  T
ENSP00000365770	 rs2066461	acC	acT	T	T	156  	.   0.03	6fcxB   75  T
ENSP00000365770	 rs2066461	acC	acA	T	T	156  	.   0.03	6fcxA   76  T
ENSP00000365770	 rs2066461	acC	acA	T	T	156  	.   0.03	6fcxB   75  T
ENSP00000365770	rs35737219	aCg	aTg	T	M	694  	*   0.96	6fcxA  593  L
ENSP00000365770	rs35737219	aCg	aTg	T	M	694  	*   0.96	6fcxB  587  A
ENSP00000365770	rs45590836	atG	atA	M	I	622  	.   0.02	6fcxA  526  M
ENSP00000365770	rs45590836	atG	atA	M	I	622  	.   0.02	6fcxB  523  M
ENSP00000365770	rs45496998	Cgc	Tgc	R	C	560  	.   0.01	6fcxA  464  R
ENSP00000365770	rs45496998	Cgc	Tgc	R	C	560  	.   0.01	6fcxB  461  R
ENSP00000365770	rs72552099	Agt	Cgt	S	R	471  	.   0.01	6fcxA  375  S
ENSP00000365770	rs72552099	Agt	Cgt	S	R	471  	.   0.01	6fcxB  372  S
ENSP00000365770	rs45571736	Ggg	Agg	G	R	463  	.   0.03	6fcxA  367  G
ENSP00000365770	rs45571736	Ggg	Agg	G	R	463  	.   0.03	6fcxB  364  G
ENSP00000365770	rs34279942	ttC	ttA	F	L	277  	.   0.01	6fcxA  186  F
ENSP00000365770	rs34279942	ttC	ttA	F	L	277  	.   0.01	6fcxB  181  F
ENSP00000365770	rs45589033	Gac	Aac	D	N	275  	.   0.01	6fcxA  184  D
ENSP00000365770	rs45589033	Gac	Aac	D	N	275  	.   0.01	6fcxB  179  D
ENSP00000365770	rs45438591	Gga	Aga	G	R	262  	.   0.01	6fcxA  171  G
ENSP00000365770	rs45550133	Cgc	Tgc	R	C	175  	.   0.01	6fcxA   95  R
ENSP00000365770	rs45550133	Cgc	Tgc	R	C	175  	.   0.01	6fcxB   94  R
ENSP00000365770	rs45572531	acG	acA	T	T	694  	*   0.96	6fcxA  593  L
ENSP00000365770	rs45572531	acG	acA	T	T	694  	*   0.96	6fcxB  587  A
ENSP00000365770	rs35653697	ccG	ccA	P	P	533  	.   0.17	6fcxA  437  P
ENSP00000365770	rs35653697	ccG	ccA	P	P	533  	.   0.17	6fcxB  434  P
ENSP00000365770	rs79157191	acC	acT	T	T	505  	.   0.08	6fcxA  409  T
ENSP00000365770	rs79157191	acC	acT	T	T	505  	.   0.08	6fcxB  406  T
ENSP00000365770	rs45498098	tgC	tgT	C	C	347  	.   0.01	6fcxA  256  C
ENSP00000365770	rs45498098	tgC	tgT	C	C	347  	.   0.01	6fcxB  251  C
ENSP00000365770	rs13306555	gcC	gcT	A	A	343  	.   0.01	6fcxA  252  A
ENSP00000365770	rs13306555	gcC	gcT	A	A	343  	.   0.01	6fcxB  247  A
ENSP00000365770	rs45486194	acC	acT	T	T	285  	.   0.01	6fcxA  194  T
ENSP00000365770	rs45486194	acC	acT	T	T	285  	.   0.01	6fcxB  189  T
ENSP00000365770	rs45459991	gcA	gcG	A	A	283  	.   0.01	6fcxA  192  A
ENSP00000365770	rs45459991	gcA	gcG	A	A	283  	.   0.01	6fcxB  187  A
ENSP00000365770	rs34279942	ttC	ttT	F	F	277  	.   0.01	6fcxA  186  F
ENSP00000365770	rs34279942	ttC	ttT	F	F	277  	.   0.01	6fcxB  181  F
ENSP00000365770	rs13306554	ccC	ccT	P	P	243  	.   0.04	6fcxA  152  P
ENSP00000365770	rs13306554	ccC	ccT	P	P	243  	.   0.04	6fcxB  151  P
ENSP00000365770	rs45546035	gaC	gaT	D	D	133  	.   0.01	6fcxA   53  D
ENSP00000365770	rs45546035	gaC	gaT	D	D	133  	.   0.01	6fcxB   52  D
ENSP00000365775	 rs2274976	cGg	cAg	R	Q	594  	.   0.01	6fcxA  539  Q
ENSP00000365775	 rs2274976	cGg	cAg	R	Q	594  	.   0.01	6fcxB  536  Q
ENSP00000365775	 rs2274974	gGg	gAg	G	E	566  	.   0.01	6fcxA  511  G
ENSP00000365775	 rs2274974	gGg	gAg	G	E	566  	.   0.01	6fcxB  508  G
ENSP00000365775	 rs1801131	gAa	gCa	E	A	429  	.   0.01	6fcxA  374  A
ENSP00000365775	 rs1801131	gAa	gCa	E	A	429  	.   0.01	6fcxB  371  A
ENSP00000365775	 rs1801133	gCc	gTc	A	V	222  	.   0.01	6fcxA  172  A
ENSP00000365775	 rs1801133	gCc	gTc	A	V	222  	.   0.01	6fcxB  167  A
ENSP00000365775	 rs2066472	cGa	cAa	R	Q	68   	.   0.04	6fcxA   29  R
ENSP00000365775	 rs2066472	cGa	cAa	R	Q	68   	.   0.04	6fcxB   28  R
ENSP00000365775	 rs4846051	ttC	ttT	F	F	435  	.   0.01	6fcxA  380  F
ENSP00000365775	 rs4846051	ttC	ttT	F	F	435  	.   0.01	6fcxB  377  F
ENSP00000365775	 rs2066462	agC	agT	S	S	352  	*   0.57	6fcxA  302  S
ENSP00000365775	 rs2066462	agC	agT	S	S	352  	*   0.57	6fcxB  294  S
ENSP00000365775	 rs6664734	gtG	gtA	V	V	315  	.   0.01	6fcxA  265  V
ENSP00000365775	 rs2066466	acG	acT	T	T	139  	.   0.01	6fcxA  100  T
ENSP00000365775	 rs2066466	acG	acT	T	T	139  	.   0.01	6fcxB   99  T
ENSP00000365775	 rs2066466	acG	acC	T	T	139  	.   0.01	6fcxA  100  T
ENSP00000365775	 rs2066466	acG	acC	T	T	139  	.   0.01	6fcxB   99  T
ENSP00000365775	 rs2066466	acG	acA	T	T	139  	.   0.01	6fcxA  100  T
ENSP00000365775	 rs2066466	acG	acA	T	T	139  	.   0.01	6fcxB   99  T
ENSP00000365775	 rs2066461	acC	acT	T	T	115  	.   0.03	6fcxA   76  T
ENSP00000365775	 rs2066461	acC	acT	T	T	115  	.   0.03	6fcxB   75  T
ENSP00000365775	 rs2066461	acC	acA	T	T	115  	.   0.03	6fcxA   76  T
ENSP00000365775	 rs2066461	acC	acA	T	T	115  	.   0.03	6fcxB   75  T
ENSP00000365775	rs35737219	aCg	aTg	T	M	653  	*   0.96	6fcxA  593  L
ENSP00000365775	rs35737219	aCg	aTg	T	M	653  	*   0.96	6fcxB  587  A
ENSP00000365775	rs45590836	atG	atA	M	I	581  	.   0.02	6fcxA  526  M
ENSP00000365775	rs45590836	atG	atA	M	I	581  	.   0.02	6fcxB  523  M
ENSP00000365775	rs45496998	Cgc	Tgc	R	C	519  	.   0.01	6fcxA  464  R
ENSP00000365775	rs45496998	Cgc	Tgc	R	C	519  	.   0.01	6fcxB  461  R
ENSP00000365775	rs72552099	Agt	Cgt	S	R	430  	.   0.01	6fcxA  375  S
ENSP00000365775	rs72552099	Agt	Cgt	S	R	430  	.   0.01	6fcxB  372  S
ENSP00000365775	rs45571736	Ggg	Agg	G	R	422  	.   0.02	6fcxA  367  G
ENSP00000365775	rs45571736	Ggg	Agg	G	R	422  	.   0.02	6fcxB  364  G
ENSP00000365775	rs34279942	ttC	ttA	F	L	236  	.   0.01	6fcxA  186  F
ENSP00000365775	rs34279942	ttC	ttA	F	L	236  	.   0.01	6fcxB  181  F
ENSP00000365775	rs45589033	Gac	Aac	D	N	234  	.   0.01	6fcxA  184  D
ENSP00000365775	rs45589033	Gac	Aac	D	N	234  	.   0.01	6fcxB  179  D
ENSP00000365775	rs45438591	Gga	Aga	G	R	221  	.   0.01	6fcxA  171  G
ENSP00000365775	rs45550133	Cgc	Tgc	R	C	134  	.   0.01	6fcxA   95  R
ENSP00000365775	rs45550133	Cgc	Tgc	R	C	134  	.   0.01	6fcxB   94  R
ENSP00000365775	rs45572531	acG	acA	T	T	653  	*   0.96	6fcxA  593  L
ENSP00000365775	rs45572531	acG	acA	T	T	653  	*   0.96	6fcxB  587  A
ENSP00000365775	rs35653697	ccG	ccA	P	P	492  	.   0.18	6fcxA  437  P
ENSP00000365775	rs35653697	ccG	ccA	P	P	492  	.   0.18	6fcxB  434  P
ENSP00000365775	rs79157191	acC	acT	T	T	464  	.   0.06	6fcxA  409  T
ENSP00000365775	rs79157191	acC	acT	T	T	464  	.   0.06	6fcxB  406  T
ENSP00000365775	rs45498098	tgC	tgT	C	C	306  	.   0.01	6fcxA  256  C
ENSP00000365775	rs45498098	tgC	tgT	C	C	306  	.   0.01	6fcxB  251  C
ENSP00000365775	rs13306555	gcC	gcT	A	A	302  	.   0.01	6fcxA  252  A
ENSP00000365775	rs13306555	gcC	gcT	A	A	302  	.   0.01	6fcxB  247  A
ENSP00000365775	rs45486194	acC	acT	T	T	244  	.   0.01	6fcxA  194  T
ENSP00000365775	rs45486194	acC	acT	T	T	244  	.   0.01	6fcxB  189  T
ENSP00000365775	rs45459991	gcA	gcG	A	A	242  	.   0.01	6fcxA  192  A
ENSP00000365775	rs45459991	gcA	gcG	A	A	242  	.   0.01	6fcxB  187  A
ENSP00000365775	rs34279942	ttC	ttT	F	F	236  	.   0.01	6fcxA  186  F
ENSP00000365775	rs34279942	ttC	ttT	F	F	236  	.   0.01	6fcxB  181  F
ENSP00000365775	rs13306554	ccC	ccT	P	P	202  	.   0.04	6fcxA  152  P
ENSP00000365775	rs13306554	ccC	ccT	P	P	202  	.   0.04	6fcxB  151  P
ENSP00000365775	rs45546035	gaC	gaT	D	D	92   	.   0.01	6fcxA   53  D
ENSP00000365775	rs45546035	gaC	gaT	D	D	92   	.   0.01	6fcxB   52  D
ENSP00000365777	 rs2274976	cGg	cAg	R	Q	594  	.   0.01	6fcxA  539  Q
ENSP00000365777	 rs2274976	cGg	cAg	R	Q	594  	.   0.01	6fcxB  536  Q
ENSP00000365777	 rs2274974	gGg	gAg	G	E	566  	.   0.01	6fcxA  511  G
ENSP00000365777	 rs2274974	gGg	gAg	G	E	566  	.   0.01	6fcxB  508  G
ENSP00000365777	 rs1801131	gAa	gCa	E	A	429  	.   0.01	6fcxA  374  A
ENSP00000365777	 rs1801131	gAa	gCa	E	A	429  	.   0.01	6fcxB  371  A
ENSP00000365777	 rs1801133	gCc	gTc	A	V	222  	.   0.01	6fcxA  172  A
ENSP00000365777	 rs1801133	gCc	gTc	A	V	222  	.   0.01	6fcxB  167  A
ENSP00000365777	 rs2066472	cGa	cAa	R	Q	68   	.   0.04	6fcxA   29  R
ENSP00000365777	 rs2066472	cGa	cAa	R	Q	68   	.   0.04	6fcxB   28  R
ENSP00000365777	 rs4846051	ttC	ttT	F	F	435  	.   0.01	6fcxA  380  F
ENSP00000365777	 rs4846051	ttC	ttT	F	F	435  	.   0.01	6fcxB  377  F
ENSP00000365777	 rs2066462	agC	agT	S	S	352  	*   0.57	6fcxA  302  S
ENSP00000365777	 rs2066462	agC	agT	S	S	352  	*   0.57	6fcxB  294  S
ENSP00000365777	 rs6664734	gtG	gtA	V	V	315  	.   0.01	6fcxA  265  V
ENSP00000365777	rs35737219	aCg	aTg	T	M	653  	*   0.96	6fcxA  593  L
ENSP00000365777	rs35737219	aCg	aTg	T	M	653  	*   0.96	6fcxB  587  A
ENSP00000365777	rs45590836	atG	atA	M	I	581  	.   0.02	6fcxA  526  M
ENSP00000365777	rs45590836	atG	atA	M	I	581  	.   0.02	6fcxB  523  M
ENSP00000365777	rs45496998	Cgc	Tgc	R	C	519  	.   0.01	6fcxA  464  R
ENSP00000365777	rs45496998	Cgc	Tgc	R	C	519  	.   0.01	6fcxB  461  R
ENSP00000365777	rs72552099	Agt	Cgt	S	R	430  	.   0.01	6fcxA  375  S
ENSP00000365777	rs72552099	Agt	Cgt	S	R	430  	.   0.01	6fcxB  372  S
ENSP00000365777	rs45571736	Ggg	Agg	G	R	422  	.   0.02	6fcxA  367  G
ENSP00000365777	rs45571736	Ggg	Agg	G	R	422  	.   0.02	6fcxB  364  G
ENSP00000365777	rs34279942	ttC	ttA	F	L	236  	.   0.01	6fcxA  186  F
ENSP00000365777	rs34279942	ttC	ttA	F	L	236  	.   0.01	6fcxB  181  F
ENSP00000365777	rs45589033	Gac	Aac	D	N	234  	.   0.01	6fcxA  184  D
ENSP00000365777	rs45589033	Gac	Aac	D	N	234  	.   0.01	6fcxB  179  D
ENSP00000365777	rs45438591	Gga	Aga	G	R	221  	.   0.01	6fcxA  171  G
ENSP00000365777	rs45550133	Cgc	Tgc	R	C	134  	.   0.01	6fcxA   95  R
ENSP00000365777	rs45550133	Cgc	Tgc	R	C	134  	.   0.01	6fcxB   94  R
ENSP00000365777	rs45572531	acG	acA	T	T	653  	*   0.96	6fcxA  593  L
ENSP00000365777	rs45572531	acG	acA	T	T	653  	*   0.96	6fcxB  587  A
ENSP00000365777	rs35653697	ccG	ccA	P	P	492  	.   0.18	6fcxA  437  P
ENSP00000365777	rs35653697	ccG	ccA	P	P	492  	.   0.18	6fcxB  434  P
ENSP00000365777	rs79157191	acC	acT	T	T	464  	.   0.06	6fcxA  409  T
ENSP00000365777	rs79157191	acC	acT	T	T	464  	.   0.06	6fcxB  406  T
ENSP00000365777	rs45498098	tgC	tgT	C	C	306  	.   0.01	6fcxA  256  C
ENSP00000365777	rs45498098	tgC	tgT	C	C	306  	.   0.01	6fcxB  251  C
ENSP00000365777	rs13306555	gcC	gcT	A	A	302  	.   0.01	6fcxA  252  A
ENSP00000365777	rs13306555	gcC	gcT	A	A	302  	.   0.01	6fcxB  247  A
