ENSP00000250373	 rs2295298	acT	acC	T	T	607  	.   0.06	2yrpA   30  T
ENSP00000250377	rs11156878	aAt	aGt	N	S	421  	.   0.02	4rouA  139  N
ENSP00000250377	rs11156878	aAt	aGt	N	S	421  	.   0.02	4rouB  140  N
ENSP00000250377	rs11156878	aAt	aGt	N	S	421  	.   0.02	4xglA  218  N
ENSP00000250377	rs11156878	aAt	aGt	N	S	421  	.   0.02	4xgmA  218  N
ENSP00000250378	    rs5249	tcC	tcA	S	S	133  	.   0.01	1kltA  112  S
ENSP00000250378	    rs5249	tcC	tcA	S	S	133  	.   0.01	1nn6A  110  S
ENSP00000250378	    rs5249	tcC	tcA	S	S	133  	.   0.01	1pjpA  112  S
ENSP00000250378	    rs5249	tcC	tcA	S	S	133  	.   0.01	1t31A  112  S
ENSP00000250378	    rs5249	tcC	tcA	S	S	133  	.   0.01	2hvxA  112  S
ENSP00000250378	    rs5249	tcC	tcA	S	S	133  	.   0.01	3n7oA  112  S
ENSP00000250378	    rs5249	tcC	tcA	S	S	133  	.   0.01	3s0nA  112  S
ENSP00000250378	    rs5249	tcC	tcA	S	S	133  	.   0.01	4afqA  112  S
ENSP00000250378	    rs5249	tcC	tcA	S	S	133  	.   0.01	4afsA  112  S
ENSP00000250378	    rs5249	tcC	tcA	S	S	133  	.   0.01	4afuA  109  S
ENSP00000250378	    rs5249	tcC	tcA	S	S	133  	.   0.01	4afzA  110  S
ENSP00000250378	    rs5249	tcC	tcA	S	S	133  	.   0.01	4ag2B  112  S
ENSP00000250416	 rs3093927	ccG	ccA	P	P	310  	.   0.01	1gs0A   80  P
ENSP00000250416	 rs3093927	ccG	ccA	P	P	310  	.   0.01	1gs0B   78  P
ENSP00000250416	 rs3093927	ccG	ccA	P	P	310  	.   0.01	3kczA   87  P
ENSP00000250416	 rs3093927	ccG	ccA	P	P	310  	.   0.01	3kczB   85  P
ENSP00000250416	 rs3093927	ccG	ccA	P	P	310  	.   0.01	3kjdA   85  P
ENSP00000250416	 rs3093927	ccG	ccA	P	P	310  	.   0.01	3kjdB   88  P
ENSP00000250416	 rs3093927	ccG	ccA	P	P	310  	.   0.01	4pjvA   74  P
ENSP00000250416	 rs3093927	ccG	ccA	P	P	310  	.   0.01	4pjvB   71  P
ENSP00000250416	 rs3093927	ccG	ccA	P	P	310  	.   0.01	4tvjA   88  P
ENSP00000250416	 rs3093927	ccG	ccA	P	P	310  	.   0.01	4tvjB   85  P
ENSP00000250416	 rs3093927	ccG	ccA	P	P	310  	.   0.01	4zzxA   80  P
ENSP00000250416	 rs3093927	ccG	ccA	P	P	310  	.   0.01	4zzxB   78  P
ENSP00000250416	 rs3093927	ccG	ccA	P	P	310  	.   0.01	4zzyA   80  P
ENSP00000251101	 rs2612086	aTg	aCg	M	T	145  	.   0.01	4a35A  146  M
ENSP00000251481	rs72549391	gAt	gCt	D	A	60   	.   0.01	3bfxA   49  D
ENSP00000251481	rs72549391	gAt	gCt	D	A	60   	.   0.01	3bfxB   49  D
ENSP00000251481	rs72549391	gAt	gGt	D	G	60   	.   0.01	3bfxA   49  D
ENSP00000251481	rs72549391	gAt	gGt	D	G	60   	.   0.01	3bfxB   49  D
ENSP00000251481	rs17036091	Tat	Cat	Y	H	128  	.   0.01	3bfxA  104  Y
ENSP00000251481	rs17036091	Tat	Cat	Y	H	128  	.   0.01	3bfxB  104  Y
ENSP00000251527	 rs2305475	Tcc	Gcc	S	A	584  	.   0.02	4npjA  245  S
ENSP00000251527	 rs2305475	Tcc	Gcc	S	A	584  	.   0.02	4npjB  235  S
ENSP00000251527	 rs2305475	Tcc	Gcc	S	A	584  	.   0.02	4npkA  222  S
ENSP00000251527	 rs2305475	Tcc	Gcc	S	A	584  	.   0.02	4p42A  409  S
ENSP00000251527	 rs2305475	Tcc	Gcc	S	A	584  	.   0.02	4p42B  385  S
ENSP00000251527	 rs2305475	Tcc	Ccc	S	P	584  	.   0.02	4npjA  245  S
ENSP00000251527	 rs2305475	Tcc	Ccc	S	P	584  	.   0.02	4npjB  235  S
ENSP00000251527	 rs2305475	Tcc	Ccc	S	P	584  	.   0.02	4npkA  222  S
ENSP00000251527	 rs2305475	Tcc	Ccc	S	P	584  	.   0.02	4p42A  409  S
ENSP00000251527	 rs2305475	Tcc	Ccc	S	P	584  	.   0.02	4p42B  385  S
ENSP00000251527	 rs2305475	Tcc	Acc	S	T	584  	.   0.02	4npjA  245  S
ENSP00000251527	 rs2305475	Tcc	Acc	S	T	584  	.   0.02	4npjB  235  S
ENSP00000251527	 rs2305475	Tcc	Acc	S	T	584  	.   0.02	4npkA  222  S
ENSP00000251527	 rs2305475	Tcc	Acc	S	T	584  	.   0.02	4p42A  409  S
ENSP00000251527	 rs2305475	Tcc	Acc	S	T	584  	.   0.02	4p42B  385  S
ENSP00000251535	  rs312462	ctG	ctA	L	L	634  	.   0.03	3d3lA  423  L
ENSP00000251535	  rs312462	ctG	ctA	L	L	634  	.   0.03	3d3lB  419  L
ENSP00000251607	 rs1705805	gcA	gcG	A	A	316  	.   0.01	1ou5A  277  A
ENSP00000251607	 rs1705805	gcA	gcG	A	A	316  	.   0.01	1ou5B  277  A
ENSP00000251607	 rs1705805	gcA	gcG	A	A	316  	.   0.01	4x4wA  282  A
ENSP00000251607	 rs1705805	gcA	gcG	A	A	316  	.   0.01	4x4wB  281  A
ENSP00000252172	 rs3760423	ggC	ggT	G	G	632  	*   0.71	1m8qA  593  G
ENSP00000252172	 rs3760423	ggC	ggT	G	G	632  	*   0.71	1m8qD  593  G
ENSP00000252172	 rs3760423	ggC	ggT	G	G	632  	*   0.71	1m8qG  593  G
ENSP00000252172	 rs3760423	ggC	ggT	G	G	632  	*   0.71	1m8qJ  593  G
ENSP00000252172	 rs3760423	ggC	ggT	G	G	632  	*   0.71	1mvwA  593  G
ENSP00000252172	 rs3760423	ggC	ggT	G	G	632  	*   0.71	1mvwD  593  G
ENSP00000252172	 rs3760423	ggC	ggT	G	G	632  	*   0.71	1mvwG  593  G
ENSP00000252172	 rs3760423	ggC	ggT	G	G	632  	*   0.71	1mvwJ  593  G
ENSP00000252172	 rs3760423	ggC	ggT	G	G	632  	*   0.71	1mvwM  593  G
ENSP00000252172	 rs3760423	ggC	ggT	G	G	632  	*   0.71	1mvwP  593  G
ENSP00000252172	 rs3760423	ggC	ggT	G	G	632  	*   0.71	1o18A  593  G
ENSP00000252172	 rs3760423	ggC	ggT	G	G	632  	*   0.71	1o18B  593  G
ENSP00000252172	 rs3760423	ggC	ggT	G	G	632  	*   0.71	1o18E  593  G
ENSP00000252172	 rs3760423	ggC	ggT	G	G	632  	*   0.71	1o18H  593  G
ENSP00000252172	 rs3760423	ggC	ggT	G	G	632  	*   0.71	1o18K  593  G
ENSP00000252172	 rs3760423	ggC	ggT	G	G	632  	*   0.71	1o18N  593  G
ENSP00000252172	 rs3760423	ggC	ggT	G	G	632  	*   0.71	1o19A  593  G
ENSP00000252172	 rs3760423	ggC	ggT	G	G	632  	*   0.71	1o19D  593  G
ENSP00000252172	 rs3760423	ggC	ggT	G	G	632  	*   0.71	1o19G  593  G
ENSP00000252172	 rs3760423	ggC	ggT	G	G	632  	*   0.71	1o19J  593  G
ENSP00000252172	 rs3760423	ggC	ggT	G	G	632  	*   0.71	1o19M  593  G
ENSP00000252172	 rs3760423	ggC	ggT	G	G	632  	*   0.71	1o19P  593  G
ENSP00000252172	 rs3760423	ggC	ggT	G	G	632  	*   0.71	1o1aA  593  G
ENSP00000252172	 rs3760423	ggC	ggT	G	G	632  	*   0.71	1o1aD  593  G
ENSP00000252172	 rs3760423	ggC	ggT	G	G	632  	*   0.71	1o1aG  593  G
ENSP00000252172	 rs3760423	ggC	ggT	G	G	632  	*   0.71	1o1aJ  593  G
ENSP00000252172	 rs3760423	ggC	ggT	G	G	632  	*   0.71	1o1aM  593  G
ENSP00000252172	 rs3760423	ggC	ggT	G	G	632  	*   0.71	1o1aP  593  G
ENSP00000252172	 rs3760423	ggC	ggT	G	G	632  	*   0.71	1o1bA  593  G
ENSP00000252172	 rs3760423	ggC	ggT	G	G	632  	*   0.71	1o1bD  593  G
ENSP00000252172	 rs3760423	ggC	ggT	G	G	632  	*   0.71	1o1bG  593  G
ENSP00000252172	 rs3760423	ggC	ggT	G	G	632  	*   0.71	1o1bJ  593  G
ENSP00000252172	 rs3760423	ggC	ggT	G	G	632  	*   0.71	1o1cA  593  G
ENSP00000252172	 rs3760423	ggC	ggT	G	G	632  	*   0.71	1o1cD  593  G
ENSP00000252172	 rs3760423	ggC	ggT	G	G	632  	*   0.71	1o1cG  593  G
ENSP00000252172	 rs3760423	ggC	ggT	G	G	632  	*   0.71	1o1cJ  593  G
ENSP00000252172	 rs3760423	ggC	ggT	G	G	632  	*   0.71	1o1cM  593  G
ENSP00000252172	 rs3760423	ggC	ggT	G	G	632  	*   0.71	1o1dA  593  G
ENSP00000252172	 rs3760423	ggC	ggT	G	G	632  	*   0.71	1o1dD  593  G
ENSP00000252172	 rs3760423	ggC	ggT	G	G	632  	*   0.71	1o1dG  593  G
ENSP00000252172	 rs3760423	ggC	ggT	G	G	632  	*   0.71	1o1dJ  593  G
ENSP00000252172	 rs3760423	ggC	ggT	G	G	632  	*   0.71	1o1dM  593  G
ENSP00000252172	 rs3760423	ggC	ggT	G	G	632  	*   0.71	1o1dP  593  G
ENSP00000252172	 rs3760423	ggC	ggT	G	G	632  	*   0.71	1o1eA  593  G
ENSP00000252172	 rs3760423	ggC	ggT	G	G	632  	*   0.71	1o1eD  593  G
ENSP00000252172	 rs3760423	ggC	ggT	G	G	632  	*   0.71	1o1eG  593  G
ENSP00000252172	 rs3760423	ggC	ggT	G	G	632  	*   0.71	1o1eJ  593  G
ENSP00000252172	 rs3760423	ggC	ggT	G	G	632  	*   0.71	1o1eM  593  G
ENSP00000252172	 rs3760423	ggC	ggT	G	G	632  	*   0.71	1o1eP  593  G
ENSP00000252172	 rs3760423	ggC	ggT	G	G	632  	*   0.71	1o1fA  593  G
ENSP00000252172	 rs3760423	ggC	ggT	G	G	632  	*   0.71	1o1fD  593  G
ENSP00000252172	 rs3760423	ggC	ggT	G	G	632  	*   0.71	1o1fG  593  G
ENSP00000252172	 rs3760423	ggC	ggT	G	G	632  	*   0.71	1o1fJ  593  G
ENSP00000252172	 rs3760423	ggC	ggT	G	G	632  	*   0.71	1o1gA  593  G
ENSP00000252172	 rs3760423	ggC	ggT	G	G	632  	*   0.71	1o1gD  593  G
ENSP00000252172	 rs3760423	ggC	ggT	G	G	632  	*   0.71	1o1gG  593  G
ENSP00000252172	 rs3760423	ggC	ggT	G	G	632  	*   0.71	1o1gJ  593  G
ENSP00000252172	 rs3760423	ggC	ggT	G	G	632  	*   0.71	1o1gM  593  G
ENSP00000252172	 rs3760423	ggC	ggT	G	G	632  	*   0.71	1o1gP  593  G
ENSP00000252172	 rs3760423	ggC	ggT	G	G	632  	*   0.71	5h53A  632  G
ENSP00000252172	 rs3760423	ggC	ggT	G	G	632  	*   0.71	5tbyA  625  P
ENSP00000252172	 rs3760423	ggC	ggT	G	G	632  	*   0.71	5tbyB  621  P
ENSP00000252229	rs45627734	cgG	cgA	R	R	233  	.   0.01	1b3jA  200  W
ENSP00000252229	rs45627734	cgG	cgA	R	R	233  	.   0.01	1hyrC  211  W
ENSP00000252229	rs45627734	cgG	cgA	R	R	233  	.   0.01	1je6A  211  R
ENSP00000252229	rs45627734	cgG	cgT	R	R	233  	.   0.01	1b3jA  200  W
ENSP00000252229	rs45627734	cgG	cgT	R	R	233  	.   0.01	1hyrC  211  W
ENSP00000252229	rs45627734	cgG	cgT	R	R	233  	.   0.01	1je6A  211  R
ENSP00000252245	  rs401926	tgT	tgC	C	C	388  	.   0.17	3tnuB   26  C
ENSP00000252444	     rs688	aaC	aaT	N	N	676  	.   0.02	1ijqA  187  G
ENSP00000252444	     rs688	aaC	aaT	N	N	676  	.   0.02	1ijqB  184  G
ENSP00000252444	     rs688	aaC	aaT	N	N	676  	.   0.02	1n7dA  517  G
ENSP00000252444	     rs688	aaC	aaT	N	N	676  	.   0.02	3m0cC  309  G
ENSP00000252444	     rs688	aaC	aaT	N	N	676  	.   0.02	3p5bC  271  G
ENSP00000252444	     rs688	aaC	aaT	N	N	676  	.   0.02	3p5cC  317  G
ENSP00000252444	    rs5930	agA	agG	R	R	556  	.   0.01	1ijqA   67  D
ENSP00000252444	    rs5930	agA	agG	R	R	556  	.   0.01	1ijqB   64  D
ENSP00000252444	    rs5930	agA	agG	R	R	556  	.   0.01	1n7dA  399  D
ENSP00000252444	    rs5930	agA	agG	R	R	556  	.   0.01	3m0cC  189  D
ENSP00000252444	    rs5930	agA	agG	R	R	556  	.   0.01	3p5bC  151  D
ENSP00000252444	    rs5930	agA	agG	R	R	556  	.   0.01	3p5cC  197  D
ENSP00000252444	rs11669576	Gcc	Acc	A	T	476  	.   0.04	1n7dA  321  C
ENSP00000252444	rs11669576	Gcc	Acc	A	T	476  	.   0.04	3m0cC  117  C
ENSP00000252444	rs11669576	Gcc	Acc	A	T	476  	.   0.04	3p5bC   77  C
ENSP00000252444	rs11669576	Gcc	Acc	A	T	476  	.   0.04	3p5cC  117  C
ENSP00000252458	 rs2296970	ccT	ccC	P	P	23   	*   0.91	4ui9J   35  E
ENSP00000252458	 rs2296970	ccT	ccC	P	P	23   	*   0.91	4ui9K   83  K
ENSP00000252458	 rs2296970	ccT	ccC	P	P	23   	*   0.91	5a31J   35  E
ENSP00000252458	 rs2296970	ccT	ccC	P	P	23   	*   0.91	5a31K   83  K
ENSP00000252458	 rs2296970	ccT	ccC	P	P	23   	*   0.91	5g04J   35  E
ENSP00000252458	 rs2296970	ccT	ccC	P	P	23   	*   0.91	5g04K   83  K
ENSP00000252458	 rs2296970	ccT	ccC	P	P	23   	*   0.91	5g05J   35  E
ENSP00000252458	 rs2296970	ccT	ccC	P	P	23   	*   0.91	5g05K   83  K
ENSP00000252458	 rs2296970	ccT	ccC	P	P	23   	*   0.91	5lcwJ   35  E
ENSP00000252458	 rs2296970	ccT	ccC	P	P	23   	*   0.91	5lcwK   83  K
ENSP00000252486	    rs7412	Cgc	Tgc	R	C	176  	.   0.02	1b68A  134  R
ENSP00000252486	    rs7412	Cgc	Tgc	R	C	176  	.   0.02	1bz4A  137  R
ENSP00000252486	    rs7412	Cgc	Tgc	R	C	176  	.   0.02	1ea8A  136  R
ENSP00000252486	    rs7412	Cgc	Tgc	R	C	176  	.   0.02	1gs9A  137  R
ENSP00000252486	    rs7412	Cgc	Tgc	R	C	176  	.   0.02	1h7iA  136  R
ENSP00000252486	    rs7412	Cgc	Tgc	R	C	176  	.   0.02	1le2A  136  C
ENSP00000252486	    rs7412	Cgc	Tgc	R	C	176  	.   0.02	1le4A  135  R
ENSP00000252486	    rs7412	Cgc	Tgc	R	C	176  	.   0.02	1lpeA  136  R
ENSP00000252486	    rs7412	Cgc	Tgc	R	C	176  	.   0.02	1nfnA  126  R
ENSP00000252486	    rs7412	Cgc	Tgc	R	C	176  	.   0.02	1nfoA  126  C
ENSP00000252486	    rs7412	Cgc	Tgc	R	C	176  	.   0.02	1or2A  121  R
ENSP00000252486	    rs7412	Cgc	Tgc	R	C	176  	.   0.02	1or3A  130  R
ENSP00000252486	    rs7412	Cgc	Tgc	R	C	176  	.   0.02	2kc3A  158  R
ENSP00000252486	    rs7412	Cgc	Tgc	R	C	176  	.   0.02	2l7bA  158  R
ENSP00000252674	 rs2233188	gaC	gaT	D	D	103  	.   0.02	2ndfA  106  D
ENSP00000252674	 rs2233188	gaC	gaT	D	D	103  	.   0.02	2ndgA  106  D
ENSP00000252674	 rs2233188	gaC	gaT	D	D	103  	.   0.02	4tmpA  103  D
ENSP00000252674	 rs2233188	gaC	gaT	D	D	103  	.   0.02	4tmpC  104  D
ENSP00000252674	 rs2233188	gaC	gaT	D	D	103  	.   0.02	5hjbA  105  D
ENSP00000252674	 rs2233188	gaC	gaT	D	D	103  	.   0.02	5hjdA  103  D
ENSP00000252674	 rs2233188	gaC	gaT	D	D	103  	.   0.02	5hjdB  103  D
ENSP00000252674	 rs2233188	gaC	gaT	D	D	103  	.   0.02	5hjdC  103  D
ENSP00000252674	 rs2233188	gaC	gaT	D	D	103  	.   0.02	5hjdD  103  D
ENSP00000252674	 rs2233188	gaC	gaT	D	D	103  	.   0.02	5hjdE  103  D
ENSP00000252674	 rs2233188	gaC	gaT	D	D	103  	.   0.02	5hjdF  102  D
ENSP00000252674	 rs2233188	gaC	gaT	D	D	103  	.   0.02	5hjdG  103  D
ENSP00000252674	 rs2233188	gaC	gaT	D	D	103  	.   0.02	5hjdH  103  D
ENSP00000252674	 rs2233188	gaC	gaT	D	D	103  	.   0.02	5j9sA   99  D
ENSP00000252711	 rs1138444	caA	caG	Q	Q	257  	.   0.01	5lc5O  132  Q
ENSP00000252711	 rs1138444	caA	caG	Q	Q	257  	.   0.01	5ldwO  132  Q
ENSP00000252711	 rs1138444	caA	caG	Q	Q	257  	.   0.01	5ldxO  132  Q
ENSP00000252711	 rs1138444	caA	caG	Q	Q	257  	.   0.01	5o31N  218  Q
ENSP00000252725	    rs4765	aaC	aaT	N	N	52   	.   0.01	1k8kC   51  N
ENSP00000252725	    rs4765	aaC	aaT	N	N	52   	.   0.01	1tyqC   52  N
ENSP00000252725	    rs4765	aaC	aaT	N	N	52   	.   0.01	1u2vC   51  N
ENSP00000252725	    rs4765	aaC	aaT	N	N	52   	.   0.01	2p9iC   51  N
ENSP00000252725	    rs4765	aaC	aaT	N	N	52   	.   0.01	2p9kC   51  N
ENSP00000252725	    rs4765	aaC	aaT	N	N	52   	.   0.01	2p9lC   51  N
ENSP00000252725	    rs4765	aaC	aaT	N	N	52   	.   0.01	2p9nC   51  N
ENSP00000252725	    rs4765	aaC	aaT	N	N	52   	.   0.01	2p9pC   51  N
ENSP00000252725	    rs4765	aaC	aaT	N	N	52   	.   0.01	2p9sC   51  N
ENSP00000252725	    rs4765	aaC	aaT	N	N	52   	.   0.01	2p9uC   51  N
ENSP00000252725	    rs4765	aaC	aaT	N	N	52   	.   0.01	3dxkC   51  N
ENSP00000252725	    rs4765	aaC	aaT	N	N	52   	.   0.01	3dxmC   51  N
ENSP00000252725	    rs4765	aaC	aaT	N	N	52   	.   0.01	3rseC   51  N
ENSP00000252725	    rs4765	aaC	aaT	N	N	52   	.   0.01	3ukrC   51  N
ENSP00000252725	    rs4765	aaC	aaT	N	N	52   	.   0.01	3ukuC   51  N
ENSP00000252725	    rs4765	aaC	aaT	N	N	52   	.   0.01	3uleC   51  N
ENSP00000252725	    rs4765	aaC	aaT	N	N	52   	.   0.01	4jd2C   52  N
ENSP00000252725	    rs4765	aaC	aaT	N	N	52   	.   0.01	4xeiC   51  N
ENSP00000252725	    rs4765	aaC	aaT	N	N	52   	.   0.01	4xf2C   51  N
ENSP00000252725	    rs4765	aaC	aaT	N	N	52   	.   0.01	4xf2J   51  N
ENSP00000252785	   rs12148	gcA	gcC	A	A	211  	.   0.13	2rliA  115  A
ENSP00000252945	 rs6413419	Gtc	Atc	V	I	179  	.   0.01	3e4eA  146  V
ENSP00000252945	 rs6413419	Gtc	Atc	V	I	179  	.   0.01	3e4eB  146  V
ENSP00000252945	 rs6413419	Gtc	Atc	V	I	179  	.   0.01	3e6iA  148  V
ENSP00000252945	 rs6413419	Gtc	Atc	V	I	179  	.   0.01	3e6iB  147  V
ENSP00000252945	 rs6413419	Gtc	Atc	V	I	179  	.   0.01	3gphA  147  V
ENSP00000252945	 rs6413419	Gtc	Atc	V	I	179  	.   0.01	3gphB  147  V
ENSP00000252945	 rs6413419	Gtc	Atc	V	I	179  	.   0.01	3kohA  149  V
ENSP00000252945	 rs6413419	Gtc	Atc	V	I	179  	.   0.01	3kohB  149  V
ENSP00000252945	 rs6413419	Gtc	Atc	V	I	179  	.   0.01	3lc4A  146  V
ENSP00000252945	 rs6413419	Gtc	Atc	V	I	179  	.   0.01	3lc4B  145  V
ENSP00000252945	 rs6413419	Gtc	Atc	V	I	179  	.   0.01	3t3zA  149  V
ENSP00000252945	 rs6413419	Gtc	Atc	V	I	179  	.   0.01	3t3zB  149  V
ENSP00000252945	 rs6413419	Gtc	Atc	V	I	179  	.   0.01	3t3zC  149  V
ENSP00000252945	 rs6413419	Gtc	Atc	V	I	179  	.   0.01	3t3zD  149  V
ENSP00000252945	 rs2515641	ttC	ttG	F	L	421  	.   0.12	3e4eA  388  F
ENSP00000252945	 rs2515641	ttC	ttG	F	L	421  	.   0.12	3e4eB  388  F
ENSP00000252945	 rs2515641	ttC	ttG	F	L	421  	.   0.12	3e6iA  390  F
ENSP00000252945	 rs2515641	ttC	ttG	F	L	421  	.   0.12	3e6iB  389  F
ENSP00000252945	 rs2515641	ttC	ttG	F	L	421  	.   0.12	3gphA  389  F
ENSP00000252945	 rs2515641	ttC	ttG	F	L	421  	.   0.12	3gphB  389  F
ENSP00000252945	 rs2515641	ttC	ttG	F	L	421  	.   0.12	3kohA  391  F
ENSP00000252945	 rs2515641	ttC	ttG	F	L	421  	.   0.12	3kohB  391  F
ENSP00000252945	 rs2515641	ttC	ttG	F	L	421  	.   0.12	3lc4A  388  F
ENSP00000252945	 rs2515641	ttC	ttG	F	L	421  	.   0.12	3lc4B  387  F
ENSP00000252945	 rs2515641	ttC	ttG	F	L	421  	.   0.12	3t3zA  391  F
ENSP00000252945	 rs2515641	ttC	ttG	F	L	421  	.   0.12	3t3zB  391  F
ENSP00000252945	 rs2515641	ttC	ttG	F	L	421  	.   0.12	3t3zC  391  F
ENSP00000252945	 rs2515641	ttC	ttG	F	L	421  	.   0.12	3t3zD  391  F
ENSP00000252945	 rs2515641	ttC	ttT	F	F	421  	.   0.12	3e4eA  388  F
ENSP00000252945	 rs2515641	ttC	ttT	F	F	421  	.   0.12	3e4eB  388  F
ENSP00000252945	 rs2515641	ttC	ttT	F	F	421  	.   0.12	3e6iA  390  F
ENSP00000252945	 rs2515641	ttC	ttT	F	F	421  	.   0.12	3e6iB  389  F
ENSP00000252945	 rs2515641	ttC	ttT	F	F	421  	.   0.12	3gphA  389  F
ENSP00000252945	 rs2515641	ttC	ttT	F	F	421  	.   0.12	3gphB  389  F
ENSP00000252945	 rs2515641	ttC	ttT	F	F	421  	.   0.12	3kohA  391  F
ENSP00000252945	 rs2515641	ttC	ttT	F	F	421  	.   0.12	3kohB  391  F
ENSP00000252945	 rs2515641	ttC	ttT	F	F	421  	.   0.12	3lc4A  388  F
ENSP00000252945	 rs2515641	ttC	ttT	F	F	421  	.   0.12	3lc4B  387  F
ENSP00000252945	 rs2515641	ttC	ttT	F	F	421  	.   0.12	3t3zA  391  F
ENSP00000252945	 rs2515641	ttC	ttT	F	F	421  	.   0.12	3t3zB  391  F
ENSP00000252945	 rs2515641	ttC	ttT	F	F	421  	.   0.12	3t3zC  391  F
ENSP00000252945	 rs2515641	ttC	ttT	F	F	421  	.   0.12	3t3zD  391  F
ENSP00000252945	rs41299426	Aat	Gat	N	D	219  	.   0.01	3e4eA  186  N
ENSP00000252945	rs41299426	Aat	Gat	N	D	219  	.   0.01	3e4eB  186  N
ENSP00000252945	rs41299426	Aat	Gat	N	D	219  	.   0.01	3e6iA  188  N
ENSP00000252945	rs41299426	Aat	Gat	N	D	219  	.   0.01	3e6iB  187  N
ENSP00000252945	rs41299426	Aat	Gat	N	D	219  	.   0.01	3gphA  187  N
ENSP00000252945	rs41299426	Aat	Gat	N	D	219  	.   0.01	3gphB  187  N
ENSP00000252945	rs41299426	Aat	Gat	N	D	219  	.   0.01	3kohA  189  N
ENSP00000252945	rs41299426	Aat	Gat	N	D	219  	.   0.01	3kohB  189  N
ENSP00000252945	rs41299426	Aat	Gat	N	D	219  	.   0.01	3lc4A  186  N
ENSP00000252945	rs41299426	Aat	Gat	N	D	219  	.   0.01	3lc4B  185  N
ENSP00000252945	rs41299426	Aat	Gat	N	D	219  	.   0.01	3t3zA  189  N
ENSP00000252945	rs41299426	Aat	Gat	N	D	219  	.   0.01	3t3zB  189  N
ENSP00000252945	rs41299426	Aat	Gat	N	D	219  	.   0.01	3t3zC  189  N
ENSP00000252945	rs41299426	Aat	Gat	N	D	219  	.   0.01	3t3zD  189  N
ENSP00000252945	rs55897648	Gta	Ata	V	I	389  	.   0.01	3e4eA  356  V
ENSP00000252945	rs55897648	Gta	Ata	V	I	389  	.   0.01	3e4eB  356  V
ENSP00000252945	rs55897648	Gta	Ata	V	I	389  	.   0.01	3e6iA  358  V
ENSP00000252945	rs55897648	Gta	Ata	V	I	389  	.   0.01	3e6iB  357  V
ENSP00000252945	rs55897648	Gta	Ata	V	I	389  	.   0.01	3gphA  357  V
ENSP00000252945	rs55897648	Gta	Ata	V	I	389  	.   0.01	3gphB  357  V
ENSP00000252945	rs55897648	Gta	Ata	V	I	389  	.   0.01	3kohA  359  V
ENSP00000252945	rs55897648	Gta	Ata	V	I	389  	.   0.01	3kohB  359  V
ENSP00000252945	rs55897648	Gta	Ata	V	I	389  	.   0.01	3lc4A  356  V
ENSP00000252945	rs55897648	Gta	Ata	V	I	389  	.   0.01	3lc4B  355  V
ENSP00000252945	rs55897648	Gta	Ata	V	I	389  	.   0.01	3t3zA  359  V
ENSP00000252945	rs55897648	Gta	Ata	V	I	389  	.   0.01	3t3zB  359  V
ENSP00000252945	rs55897648	Gta	Ata	V	I	389  	.   0.01	3t3zC  359  V
ENSP00000252945	rs55897648	Gta	Ata	V	I	389  	.   0.01	3t3zD  359  V
ENSP00000252945	rs55897648	Gta	Tta	V	L	389  	.   0.01	3e4eA  356  V
ENSP00000252945	rs55897648	Gta	Tta	V	L	389  	.   0.01	3e4eB  356  V
ENSP00000252945	rs55897648	Gta	Tta	V	L	389  	.   0.01	3e6iA  358  V
ENSP00000252945	rs55897648	Gta	Tta	V	L	389  	.   0.01	3e6iB  357  V
ENSP00000252945	rs55897648	Gta	Tta	V	L	389  	.   0.01	3gphA  357  V
ENSP00000252945	rs55897648	Gta	Tta	V	L	389  	.   0.01	3gphB  357  V
ENSP00000252945	rs55897648	Gta	Tta	V	L	389  	.   0.01	3kohA  359  V
ENSP00000252945	rs55897648	Gta	Tta	V	L	389  	.   0.01	3kohB  359  V
ENSP00000252945	rs55897648	Gta	Tta	V	L	389  	.   0.01	3lc4A  356  V
ENSP00000252945	rs55897648	Gta	Tta	V	L	389  	.   0.01	3lc4B  355  V
ENSP00000252945	rs55897648	Gta	Tta	V	L	389  	.   0.01	3t3zA  359  V
ENSP00000252945	rs55897648	Gta	Tta	V	L	389  	.   0.01	3t3zB  359  V
ENSP00000252945	rs55897648	Gta	Tta	V	L	389  	.   0.01	3t3zC  359  V
ENSP00000252945	rs55897648	Gta	Tta	V	L	389  	.   0.01	3t3zD  359  V
ENSP00000252997	 rs6587239	aaG	aaC	K	N	284  	.   0.26	2m9wA   54  K
ENSP00000252997	 rs6587239	aaG	aaA	K	K	284  	.   0.26	2m9wA   54  K
ENSP00000252999	  rs944895	Cgg	Tgg	R	W	3079 	*   0.54	5xauA  393  R
ENSP00000252999	  rs944895	Cgg	Tgg	R	W	3079 	*   0.54	5xauD  396  R
ENSP00000253083	 rs2271051	Gtg	Atg	V	M	782  	.   0.33	1r0dA   10  V
ENSP00000253083	 rs2271051	Gtg	Atg	V	M	782  	.   0.33	1r0dB   10  V
ENSP00000253083	 rs2271051	Gtg	Atg	V	M	782  	.   0.33	1r0dC   10  V
ENSP00000253083	 rs2271051	Gtg	Atg	V	M	782  	.   0.33	1r0dD   10  V
ENSP00000253083	 rs2271051	Gtg	Atg	V	M	782  	.   0.33	1r0dE   10  V
ENSP00000253083	 rs2271051	Gtg	Atg	V	M	782  	.   0.33	1r0dF   10  V
ENSP00000253083	 rs2271051	Gtg	Atg	V	M	782  	.   0.33	1r0dG   10  V
ENSP00000253083	 rs2271051	Gtg	Atg	V	M	782  	.   0.33	1r0dH   10  V
ENSP00000253410	   rs12164	gaC	gaT	D	D	13   	.   0.45	2lonA   13  D
ENSP00000253778	 rs1035411	atT	atC	I	I	636  	.   0.02	2v4mA  318  I
ENSP00000253778	 rs1035411	atT	atC	I	I	636  	.   0.02	2v4mB  317  I
ENSP00000253778	 rs1035411	atT	atC	I	I	636  	.   0.02	2v4mC  315  I
ENSP00000253778	 rs1035411	atT	atC	I	I	636  	.   0.02	2v4mD  316  I
ENSP00000253778	 rs1035411	atT	atC	I	I	636  	.   0.02	2zj3A  319  I
ENSP00000253778	 rs1035411	atT	atC	I	I	636  	.   0.02	2zj4A  319  I
ENSP00000254101	rs34137344	Gtc	Atc	V	I	155  	.   0.01	1z0mA   79  V
ENSP00000254101	rs34137344	Gtc	Atc	V	I	155  	.   0.01	1z0mB   80  V
ENSP00000254101	rs34137344	Gtc	Atc	V	I	155  	.   0.01	1z0mC   79  V
ENSP00000254101	rs34137344	Gtc	Atc	V	I	155  	.   0.01	1z0nA   78  V
ENSP00000254101	rs34137344	Gtc	Atc	V	I	155  	.   0.01	1z0nB   78  V
ENSP00000254101	rs34137344	Gtc	Atc	V	I	155  	.   0.01	1z0nC   78  V
ENSP00000254101	rs34137344	Gtc	Atc	V	I	155  	.   0.01	2f15A   81  V
ENSP00000254101	rs34137344	Gtc	Atc	V	I	155  	.   0.01	2lu3A   96  V
ENSP00000254101	rs34137344	Gtc	Atc	V	I	155  	.   0.01	2lu4A   96  V
ENSP00000254101	rs34137344	Gtc	Atc	V	I	155  	.   0.01	4cfeB   77  V
ENSP00000254101	rs34137344	Gtc	Atc	V	I	155  	.   0.01	4cfeD   77  V
ENSP00000254101	rs34137344	Gtc	Atc	V	I	155  	.   0.01	4cffB   77  V
ENSP00000254101	rs34137344	Gtc	Atc	V	I	155  	.   0.01	4cffD   77  V
ENSP00000254101	rs34137344	Gtc	Atc	V	I	155  	.   0.01	4qfgB   79  V
ENSP00000254101	rs34137344	Gtc	Atc	V	I	155  	.   0.01	4qfrB   77  V
ENSP00000254101	rs34137344	Gtc	Atc	V	I	155  	.   0.01	4qfsB   77  V
ENSP00000254101	rs34137344	Gtc	Atc	V	I	155  	.   0.01	4rerB   77  V
ENSP00000254101	rs34137344	Gtc	Atc	V	I	155  	.   0.01	4y0gA   81  V
ENSP00000254101	rs34137344	Gtc	Atc	V	I	155  	.   0.01	4y0gB   83  V
ENSP00000254101	rs34137344	Gtc	Atc	V	I	155  	.   0.01	4yeeA   81  V
ENSP00000254101	rs34137344	Gtc	Atc	V	I	155  	.   0.01	4yeeB   82  V
ENSP00000254101	rs34137344	Gtc	Atc	V	I	155  	.   0.01	4yeeC   82  V
ENSP00000254101	rs34137344	Gtc	Atc	V	I	155  	.   0.01	4yeeD   78  V
ENSP00000254101	rs34137344	Gtc	Atc	V	I	155  	.   0.01	4yeeE   84  V
ENSP00000254101	rs34137344	Gtc	Atc	V	I	155  	.   0.01	4yeeF   84  V
ENSP00000254101	rs34137344	Gtc	Atc	V	I	155  	.   0.01	4yeeG   82  V
ENSP00000254101	rs34137344	Gtc	Atc	V	I	155  	.   0.01	4yeeH   84  V
ENSP00000254101	rs34137344	Gtc	Atc	V	I	155  	.   0.01	4yeeI   84  V
ENSP00000254101	rs34137344	Gtc	Atc	V	I	155  	.   0.01	4yeeJ   84  V
ENSP00000254101	rs34137344	Gtc	Atc	V	I	155  	.   0.01	4yeeK   81  V
ENSP00000254101	rs34137344	Gtc	Atc	V	I	155  	.   0.01	4yeeL   81  V
ENSP00000254101	rs34137344	Gtc	Atc	V	I	155  	.   0.01	4yeeM   84  V
ENSP00000254101	rs34137344	Gtc	Atc	V	I	155  	.   0.01	4yeeN   83  V
ENSP00000254101	rs34137344	Gtc	Atc	V	I	155  	.   0.01	4yeeO   83  V
ENSP00000254101	rs34137344	Gtc	Atc	V	I	155  	.   0.01	4yeeP   84  V
ENSP00000254101	rs34137344	Gtc	Atc	V	I	155  	.   0.01	4yeeQ   83  V
ENSP00000254101	rs34137344	Gtc	Atc	V	I	155  	.   0.01	4yeeR   83  V
ENSP00000254101	rs34137344	Gtc	Atc	V	I	155  	.   0.01	4yefA   79  V
ENSP00000254101	rs34137344	Gtc	Atc	V	I	155  	.   0.01	4yefC   78  V
ENSP00000254101	rs34137344	Gtc	Atc	V	I	155  	.   0.01	4yefD   77  V
ENSP00000254101	rs34137344	Gtc	Atc	V	I	155  	.   0.01	4yefF   77  V
ENSP00000254101	rs34137344	Gtc	Atc	V	I	155  	.   0.01	4zhxB   77  V
ENSP00000254101	rs34137344	Gtc	Atc	V	I	155  	.   0.01	4zhxD   77  V
ENSP00000254101	rs34137344	Gtc	Atc	V	I	155  	.   0.01	5ezvB   77  V
ENSP00000254101	rs34137344	Gtc	Atc	V	I	155  	.   0.01	5ezvD   78  V
ENSP00000254101	rs34137344	Gtc	Atc	V	I	155  	.   0.01	5isoB   78  V
ENSP00000254101	rs34137344	Gtc	Atc	V	I	155  	.   0.01	5isoE   76  V
ENSP00000254101	rs34137344	Gtc	Atc	V	I	155  	.   0.01	5kq5B   78  V
ENSP00000254101	rs34137344	Gtc	Atc	V	I	155  	.   0.01	5t5tB   79  V
ENSP00000254101	rs34137344	Gtc	Atc	V	I	155  	.   0.01	5ufuB   79  V
ENSP00000254101	rs34137344	Gtc	Atc	V	I	155  	.   0.01	6b1uB   77  V
ENSP00000254101	rs34137344	Gtc	Atc	V	I	155  	.   0.01	6b1uD   79  V
ENSP00000254101	rs34137344	Gtc	Atc	V	I	155  	.   0.01	6b2eB   96  V
ENSP00000254101	rs34137344	Gtc	Atc	V	I	155  	.   0.01	6e4tB   76  V
ENSP00000254101	rs34137344	Gtc	Atc	V	I	155  	.   0.01	6e4uB   78  V
ENSP00000254101	rs34137344	Gtc	Atc	V	I	155  	.   0.01	6e4wB   76  V
ENSP00000254122	    rs6169	taC	taT	Y	Y	76   	.   0.13	1fl7B   56  Y
ENSP00000254122	    rs6169	taC	taT	Y	Y	76   	.   0.13	1fl7D   56  Y
ENSP00000254122	    rs6169	taC	taT	Y	Y	76   	.   0.13	1xwdB   56  Y
ENSP00000254122	    rs6169	taC	taT	Y	Y	76   	.   0.13	1xwdE   56  Y
ENSP00000254122	    rs6169	taC	taT	Y	Y	76   	.   0.13	4ay9B   58  Y
ENSP00000254122	    rs6169	taC	taT	Y	Y	76   	.   0.13	4ay9D   58  Y
ENSP00000254122	    rs6169	taC	taT	Y	Y	76   	.   0.13	4ay9F   58  Y
ENSP00000254122	    rs6169	taC	taT	Y	Y	76   	.   0.13	4mqwB   58  Y
ENSP00000254122	    rs6169	taC	taT	Y	Y	76   	.   0.13	4mqwE   58  Y
ENSP00000254122	    rs6169	taC	taT	Y	Y	76   	.   0.13	4mqwH   58  Y
ENSP00000254260	rs79314177	Cgc	Tgc	R	C	518  	.   0.07	1vaeA   20  H
ENSP00000254260	rs79314177	Cgc	Tgc	R	C	518  	.   0.07	2vsvA   21  R
ENSP00000254260	rs10410414	acC	acT	T	T	203  	.   0.03	2vsvA    2  S
ENSP00000254663	 rs3210400	Gca	Aca	A	T	183  	.   0.02	3a9xA  138  V
ENSP00000254663	 rs3210400	Gca	Aca	A	T	183  	.   0.02	3a9xB  134  V
ENSP00000254663	 rs3210400	Gca	Aca	A	T	183  	.   0.02	3a9yA  134  V
ENSP00000254663	 rs3210400	Gca	Aca	A	T	183  	.   0.02	3a9yB  131  V
ENSP00000254663	 rs3210400	Gca	Aca	A	T	183  	.   0.02	3a9zA  134  V
ENSP00000254663	 rs3210400	Gca	Aca	A	T	183  	.   0.02	3a9zB  130  V
ENSP00000254663	 rs3210400	Gca	Aca	A	T	183  	.   0.02	3gzcA  134  T
ENSP00000254663	 rs3210400	Gca	Aca	A	T	183  	.   0.02	3gzcB  134  T
ENSP00000254663	 rs3210400	Gca	Aca	A	T	183  	.   0.02	3gzdA  133  T
ENSP00000254663	 rs3210400	Gca	Aca	A	T	183  	.   0.02	3gzdB  133  T
ENSP00000254663	 rs3210400	Gca	Aca	A	T	183  	.   0.02	3gzdC  133  T
ENSP00000254663	 rs3210400	Gca	Aca	A	T	183  	.   0.02	3gzdD  133  T
ENSP00000254663	 rs1128552	gcT	gcC	A	A	311  	.   0.01	3a9xA  266  A
ENSP00000254663	 rs1128552	gcT	gcC	A	A	311  	.   0.01	3a9xB  262  A
ENSP00000254663	 rs1128552	gcT	gcC	A	A	311  	.   0.01	3a9yA  262  A
ENSP00000254663	 rs1128552	gcT	gcC	A	A	311  	.   0.01	3a9yB  259  A
ENSP00000254663	 rs1128552	gcT	gcC	A	A	311  	.   0.01	3a9zA  262  A
ENSP00000254663	 rs1128552	gcT	gcC	A	A	311  	.   0.01	3a9zB  258  A
ENSP00000254663	 rs1128552	gcT	gcC	A	A	311  	.   0.01	3gzcA  262  A
ENSP00000254663	 rs1128552	gcT	gcC	A	A	311  	.   0.01	3gzcB  262  A
ENSP00000254663	 rs1128552	gcT	gcC	A	A	311  	.   0.01	3gzdA  261  A
ENSP00000254663	 rs1128552	gcT	gcC	A	A	311  	.   0.01	3gzdB  261  A
ENSP00000254663	 rs1128552	gcT	gcC	A	A	311  	.   0.01	3gzdC  261  A
ENSP00000254663	 rs1128552	gcT	gcC	A	A	311  	.   0.01	3gzdD  261  A
ENSP00000254667	 rs2275803	aaA	aaG	K	K	518  	.   0.01	2jjdA  370  K
ENSP00000254667	 rs2275803	aaA	aaG	K	K	518  	.   0.01	2jjdB  374  K
ENSP00000254667	 rs2275803	aaA	aaG	K	K	518  	.   0.01	2jjdC  374  K
ENSP00000254667	 rs2275803	aaA	aaG	K	K	518  	.   0.01	2jjdD  372  K
ENSP00000254667	 rs2275803	aaA	aaG	K	K	518  	.   0.01	2jjdE  374  K
ENSP00000254667	 rs2275803	aaA	aaG	K	K	518  	.   0.01	2jjdF  375  K
ENSP00000254719	rs17338586	ccG	ccA	P	P	39   	.   0.07	2b29A   37  P
ENSP00000254719	rs17338586	ccG	ccA	P	P	39   	.   0.07	4ijhA   42  P
ENSP00000254719	rs17338586	ccG	ccA	P	P	39   	.   0.07	4ijlA   41  P
ENSP00000254719	rs17338586	ccG	ccA	P	P	39   	.   0.07	4ipcA   42  P
ENSP00000254719	rs17338586	ccG	ccA	P	P	39   	.   0.07	4ipdA   42  P
ENSP00000254719	rs17338586	ccG	ccA	P	P	39   	.   0.07	4ipgA   40  P
ENSP00000254719	rs17338586	ccG	ccA	P	P	39   	.   0.07	4iphA   42  P
ENSP00000254719	rs17338586	ccG	ccA	P	P	39   	.   0.07	4luoA   42  P
ENSP00000254719	rs17338586	ccG	ccA	P	P	39   	.   0.07	4luvA   42  P
ENSP00000254719	rs17338586	ccG	ccA	P	P	39   	.   0.07	4luzA   42  P
ENSP00000254719	rs17338586	ccG	ccA	P	P	39   	.   0.07	4lw1A   42  P
ENSP00000254719	rs17338586	ccG	ccA	P	P	39   	.   0.07	4lwcA   42  P
ENSP00000254719	rs17338586	ccG	ccA	P	P	39   	.   0.07	4nb3A   42  P
ENSP00000254719	rs17338586	ccG	ccA	P	P	39   	.   0.07	4nb3B   41  P
ENSP00000254719	rs17338586	ccG	ccA	P	P	39   	.   0.07	4o0aA   42  P
ENSP00000254719	rs17338586	ccG	ccA	P	P	39   	.   0.07	4r4cA   42  P
ENSP00000254719	rs17338586	ccG	ccA	P	P	39   	.   0.07	4r4iA   42  P
ENSP00000254719	rs17338586	ccG	ccA	P	P	39   	.   0.07	4r4oA   42  P
ENSP00000254719	rs17338586	ccG	ccA	P	P	39   	.   0.07	4r4qA   40  P
ENSP00000254719	rs17338586	ccG	ccA	P	P	39   	.   0.07	4r4tA   41  P
ENSP00000254719	rs17338586	ccG	ccA	P	P	39   	.   0.07	5e7nA   42  P
ENSP00000254719	rs17338586	ccG	ccA	P	P	39   	.   0.07	5n85A   40  P
ENSP00000254719	rs17338586	ccG	ccA	P	P	39   	.   0.07	5n8aB   40  P
ENSP00000254722	 rs1136287	aCg	aTg	T	M	72   	.   0.02	1imvA   37  M
ENSP00000254722	 rs8074840	acT	acC	T	T	130  	.   0.02	1imvA   95  T
ENSP00000254958	 rs1801138	tgC	tgT	C	C	196  	.   0.12	4cbzA  150  C
ENSP00000254958	 rs1801138	tgC	tgT	C	C	196  	.   0.12	4cbzB  150  C
ENSP00000254958	 rs1801138	tgC	tgT	C	C	196  	.   0.12	4cc0A  165  C
ENSP00000254958	 rs1801138	tgC	tgT	C	C	196  	.   0.12	4cc0B  165  C
ENSP00000254958	 rs1801138	tgC	tgT	C	C	196  	.   0.12	4cc1A  165  C
ENSP00000254958	 rs1801138	tgC	tgT	C	C	196  	.   0.12	4cc1B  165  C
ENSP00000254958	 rs1801138	tgC	tgT	C	C	196  	.   0.12	5uk5B  165  C
ENSP00000255040	 rs2808661	gtA	gtG	V	V	144  	.   0.03	1gykA  125  V
ENSP00000255040	 rs2808661	gtA	gtG	V	V	144  	.   0.03	1gykB  125  V
ENSP00000255040	 rs2808661	gtA	gtG	V	V	144  	.   0.03	1gykC  125  V
ENSP00000255040	 rs2808661	gtA	gtG	V	V	144  	.   0.03	1gykD  125  V
ENSP00000255040	 rs2808661	gtA	gtG	V	V	144  	.   0.03	1gykE  125  V
ENSP00000255040	 rs2808661	gtA	gtG	V	V	144  	.   0.03	1lgnA  125  V
ENSP00000255040	 rs2808661	gtA	gtG	V	V	144  	.   0.03	1lgnB  125  V
ENSP00000255040	 rs2808661	gtA	gtG	V	V	144  	.   0.03	1lgnC  125  V
ENSP00000255040	 rs2808661	gtA	gtG	V	V	144  	.   0.03	1lgnD  125  V
ENSP00000255040	 rs2808661	gtA	gtG	V	V	144  	.   0.03	1lgnE  125  V
ENSP00000255040	 rs2808661	gtA	gtG	V	V	144  	.   0.03	1sacA  125  V
ENSP00000255040	 rs2808661	gtA	gtG	V	V	144  	.   0.03	1sacB  125  V
ENSP00000255040	 rs2808661	gtA	gtG	V	V	144  	.   0.03	1sacC  125  V
ENSP00000255040	 rs2808661	gtA	gtG	V	V	144  	.   0.03	1sacD  125  V
ENSP00000255040	 rs2808661	gtA	gtG	V	V	144  	.   0.03	1sacE  125  V
ENSP00000255040	 rs2808661	gtA	gtG	V	V	144  	.   0.03	2a3wA  125  V
ENSP00000255040	 rs2808661	gtA	gtG	V	V	144  	.   0.03	2a3wB  125  V
ENSP00000255040	 rs2808661	gtA	gtG	V	V	144  	.   0.03	2a3wC  125  V
ENSP00000255040	 rs2808661	gtA	gtG	V	V	144  	.   0.03	2a3wD  125  V
ENSP00000255040	 rs2808661	gtA	gtG	V	V	144  	.   0.03	2a3wE  125  V
ENSP00000255040	 rs2808661	gtA	gtG	V	V	144  	.   0.03	2a3wF  125  V
ENSP00000255040	 rs2808661	gtA	gtG	V	V	144  	.   0.03	2a3wG  125  V
ENSP00000255040	 rs2808661	gtA	gtG	V	V	144  	.   0.03	2a3wH  125  V
ENSP00000255040	 rs2808661	gtA	gtG	V	V	144  	.   0.03	2a3wI  125  V
ENSP00000255040	 rs2808661	gtA	gtG	V	V	144  	.   0.03	2a3wJ  125  V
ENSP00000255040	 rs2808661	gtA	gtG	V	V	144  	.   0.03	2a3wK  125  V
ENSP00000255040	 rs2808661	gtA	gtG	V	V	144  	.   0.03	2a3wL  125  V
ENSP00000255040	 rs2808661	gtA	gtG	V	V	144  	.   0.03	2a3wM  125  V
ENSP00000255040	 rs2808661	gtA	gtG	V	V	144  	.   0.03	2a3wN  125  V
ENSP00000255040	 rs2808661	gtA	gtG	V	V	144  	.   0.03	2a3wO  125  V
ENSP00000255040	 rs2808661	gtA	gtG	V	V	144  	.   0.03	2a3wP  125  V
ENSP00000255040	 rs2808661	gtA	gtG	V	V	144  	.   0.03	2a3wQ  125  V
ENSP00000255040	 rs2808661	gtA	gtG	V	V	144  	.   0.03	2a3wR  125  V
ENSP00000255040	 rs2808661	gtA	gtG	V	V	144  	.   0.03	2a3wS  125  V
ENSP00000255040	 rs2808661	gtA	gtG	V	V	144  	.   0.03	2a3wT  125  V
ENSP00000255040	 rs2808661	gtA	gtG	V	V	144  	.   0.03	2a3xA  125  V
ENSP00000255040	 rs2808661	gtA	gtG	V	V	144  	.   0.03	2a3xB  125  V
ENSP00000255040	 rs2808661	gtA	gtG	V	V	144  	.   0.03	2a3xC  125  V
ENSP00000255040	 rs2808661	gtA	gtG	V	V	144  	.   0.03	2a3xD  125  V
ENSP00000255040	 rs2808661	gtA	gtG	V	V	144  	.   0.03	2a3xE  125  V
ENSP00000255040	 rs2808661	gtA	gtG	V	V	144  	.   0.03	2a3xF  125  V
ENSP00000255040	 rs2808661	gtA	gtG	V	V	144  	.   0.03	2a3xG  125  V
ENSP00000255040	 rs2808661	gtA	gtG	V	V	144  	.   0.03	2a3xH  125  V
ENSP00000255040	 rs2808661	gtA	gtG	V	V	144  	.   0.03	2a3xI  125  V
ENSP00000255040	 rs2808661	gtA	gtG	V	V	144  	.   0.03	2a3xJ  125  V
ENSP00000255040	 rs2808661	gtA	gtG	V	V	144  	.   0.03	2a3yA  125  V
ENSP00000255040	 rs2808661	gtA	gtG	V	V	144  	.   0.03	2a3yB  125  V
ENSP00000255040	 rs2808661	gtA	gtG	V	V	144  	.   0.03	2a3yC  125  V
ENSP00000255040	 rs2808661	gtA	gtG	V	V	144  	.   0.03	2a3yD  125  V
ENSP00000255040	 rs2808661	gtA	gtG	V	V	144  	.   0.03	2a3yE  125  V
ENSP00000255040	 rs2808661	gtA	gtG	V	V	144  	.   0.03	2w08A  125  V
ENSP00000255040	 rs2808661	gtA	gtG	V	V	144  	.   0.03	2w08B  125  V
ENSP00000255040	 rs2808661	gtA	gtG	V	V	144  	.   0.03	2w08C  125  V
ENSP00000255040	 rs2808661	gtA	gtG	V	V	144  	.   0.03	2w08D  125  V
ENSP00000255040	 rs2808661	gtA	gtG	V	V	144  	.   0.03	2w08E  125  V
ENSP00000255040	 rs2808661	gtA	gtG	V	V	144  	.   0.03	3d5oA  125  V
ENSP00000255040	 rs2808661	gtA	gtG	V	V	144  	.   0.03	3d5oB  125  V
ENSP00000255040	 rs2808661	gtA	gtG	V	V	144  	.   0.03	3d5oC  125  V
ENSP00000255040	 rs2808661	gtA	gtG	V	V	144  	.   0.03	3d5oD  125  V
ENSP00000255040	 rs2808661	gtA	gtG	V	V	144  	.   0.03	3d5oE  125  V
ENSP00000255040	 rs2808661	gtA	gtG	V	V	144  	.   0.03	3kqrA  125  V
ENSP00000255040	 rs2808661	gtA	gtG	V	V	144  	.   0.03	3kqrB  125  V
ENSP00000255040	 rs2808661	gtA	gtG	V	V	144  	.   0.03	3kqrC  125  V
ENSP00000255040	 rs2808661	gtA	gtG	V	V	144  	.   0.03	3kqrD  125  V
ENSP00000255040	 rs2808661	gtA	gtG	V	V	144  	.   0.03	3kqrE  125  V
ENSP00000255040	 rs2808661	gtA	gtG	V	V	144  	.   0.03	4avsA  125  V
ENSP00000255040	 rs2808661	gtA	gtG	V	V	144  	.   0.03	4avsB  125  V
ENSP00000255040	 rs2808661	gtA	gtG	V	V	144  	.   0.03	4avsC  125  V
ENSP00000255040	 rs2808661	gtA	gtG	V	V	144  	.   0.03	4avsD  125  V
ENSP00000255040	 rs2808661	gtA	gtG	V	V	144  	.   0.03	4avsE  125  V
ENSP00000255040	 rs2808661	gtA	gtG	V	V	144  	.   0.03	4avtA  125  V
ENSP00000255040	 rs2808661	gtA	gtG	V	V	144  	.   0.03	4avtB  125  V
ENSP00000255040	 rs2808661	gtA	gtG	V	V	144  	.   0.03	4avtC  125  V
ENSP00000255040	 rs2808661	gtA	gtG	V	V	144  	.   0.03	4avtD  125  V
ENSP00000255040	 rs2808661	gtA	gtG	V	V	144  	.   0.03	4avtE  125  V
ENSP00000255040	 rs2808661	gtA	gtG	V	V	144  	.   0.03	4avtF  125  V
ENSP00000255040	 rs2808661	gtA	gtG	V	V	144  	.   0.03	4avtG  125  V
ENSP00000255040	 rs2808661	gtA	gtG	V	V	144  	.   0.03	4avtH  125  V
ENSP00000255040	 rs2808661	gtA	gtG	V	V	144  	.   0.03	4avtI  125  V
ENSP00000255040	 rs2808661	gtA	gtG	V	V	144  	.   0.03	4avtJ  125  V
ENSP00000255040	 rs2808661	gtA	gtG	V	V	144  	.   0.03	4avvA  125  V
ENSP00000255040	 rs2808661	gtA	gtG	V	V	144  	.   0.03	4avvB  125  V
ENSP00000255040	 rs2808661	gtA	gtG	V	V	144  	.   0.03	4avvC  125  V
ENSP00000255040	 rs2808661	gtA	gtG	V	V	144  	.   0.03	4avvD  125  V
ENSP00000255040	 rs2808661	gtA	gtG	V	V	144  	.   0.03	4avvE  125  V
ENSP00000255040	 rs2808661	gtA	gtG	V	V	144  	.   0.03	4ayuA  125  V
ENSP00000255040	 rs2808661	gtA	gtG	V	V	144  	.   0.03	4ayuB  125  V
ENSP00000255040	 rs2808661	gtA	gtG	V	V	144  	.   0.03	4ayuC  125  V
ENSP00000255040	 rs2808661	gtA	gtG	V	V	144  	.   0.03	4ayuD  125  V
ENSP00000255040	 rs2808661	gtA	gtG	V	V	144  	.   0.03	4ayuE  125  V
ENSP00000255078	  rs560096	tTa	tCa	L	S	201  	.   0.08	4b3fA  189  L
ENSP00000255078	  rs560096	tTa	tCa	L	S	201  	.   0.08	4b3gA  185  L
ENSP00000255078	  rs560096	tTa	tCa	L	S	201  	.   0.08	4b3gB  179  L
ENSP00000255078	  rs546382	tcC	tcT	S	S	772  	.   0.41	1mszA   48  S
ENSP00000255078	  rs546382	tcC	tcT	S	S	772  	.   0.41	2lrrA   56  S
ENSP00000255078	rs10896380	Att	Gtt	I	V	275  	.   0.14	4b3fA  263  I
ENSP00000255078	rs10896380	Att	Gtt	I	V	275  	.   0.14	4b3gA  259  I
ENSP00000255078	rs10896380	Att	Gtt	I	V	275  	.   0.14	4b3gB  253  I
ENSP00000255409	  rs880633	Aga	Gga	R	G	145  	.   0.01	1hjvA  124  R
ENSP00000255409	  rs880633	Aga	Gga	R	G	145  	.   0.01	1hjvB  124  R
ENSP00000255409	  rs880633	Aga	Gga	R	G	145  	.   0.01	1hjvC  124  R
ENSP00000255409	  rs880633	Aga	Gga	R	G	145  	.   0.01	1hjvD  124  R
ENSP00000255409	  rs880633	Aga	Gga	R	G	145  	.   0.01	1hjwA  124  R
ENSP00000255409	  rs880633	Aga	Gga	R	G	145  	.   0.01	1hjwB  124  R
ENSP00000255409	  rs880633	Aga	Gga	R	G	145  	.   0.01	1hjxA  124  R
ENSP00000255409	  rs880633	Aga	Gga	R	G	145  	.   0.01	1hjxB  124  R
ENSP00000255409	  rs880633	Aga	Gga	R	G	145  	.   0.01	1hjxC  124  R
ENSP00000255409	  rs880633	Aga	Gga	R	G	145  	.   0.01	1hjxD  124  R
ENSP00000255409	  rs880633	Aga	Gga	R	G	145  	.   0.01	1ljyA  124  R
ENSP00000255409	  rs880633	Aga	Gga	R	G	145  	.   0.01	1nwrA  124  R
ENSP00000255409	  rs880633	Aga	Gga	R	G	145  	.   0.01	1nwrB  124  R
ENSP00000255409	  rs880633	Aga	Gga	R	G	145  	.   0.01	1nwrC  124  R
ENSP00000255409	  rs880633	Aga	Gga	R	G	145  	.   0.01	1nwrD  124  R
ENSP00000255409	  rs880633	Aga	Gga	R	G	145  	.   0.01	1nwsA  124  R
ENSP00000255409	  rs880633	Aga	Gga	R	G	145  	.   0.01	1nwsB  124  R
ENSP00000255409	  rs880633	Aga	Gga	R	G	145  	.   0.01	1nwsC  124  R
ENSP00000255409	  rs880633	Aga	Gga	R	G	145  	.   0.01	1nwsD  124  R
ENSP00000255409	  rs880633	Aga	Gga	R	G	145  	.   0.01	1nwtA  124  R
ENSP00000255409	  rs880633	Aga	Gga	R	G	145  	.   0.01	1nwtB  124  R
ENSP00000255409	  rs880633	Aga	Gga	R	G	145  	.   0.01	1nwtC  124  R
ENSP00000255409	  rs880633	Aga	Gga	R	G	145  	.   0.01	1nwtD  124  R
ENSP00000255409	  rs880633	Aga	Gga	R	G	145  	.   0.01	1nwuA  124  R
ENSP00000255409	  rs880633	Aga	Gga	R	G	145  	.   0.01	1nwuB  124  R
ENSP00000255409	  rs880633	Aga	Gga	R	G	145  	.   0.01	1nwuC  124  R
ENSP00000255409	  rs880633	Aga	Gga	R	G	145  	.   0.01	1nwuD  124  R
ENSP00000255409	  rs880633	Aga	Gga	R	G	145  	.   0.01	1owqA  124  R
ENSP00000255409	  rs880633	Aga	Gga	R	G	145  	.   0.01	1sr0A  124  R
ENSP00000255409	  rs880633	Aga	Gga	R	G	145  	.   0.01	1sytA  124  R
ENSP00000255409	  rs880633	Aga	Gga	R	G	145  	.   0.01	1tfvA  124  R
ENSP00000255409	  rs880633	Aga	Gga	R	G	145  	.   0.01	1xhgA  124  R
ENSP00000255409	  rs880633	Aga	Gga	R	G	145  	.   0.01	1xrvA  124  R
ENSP00000255409	  rs880633	Aga	Gga	R	G	145  	.   0.01	1zb5A  124  R
ENSP00000255409	  rs880633	Aga	Gga	R	G	145  	.   0.01	1zbcA  124  R
ENSP00000255409	  rs880633	Aga	Gga	R	G	145  	.   0.01	1zbkA  124  R
ENSP00000255409	  rs880633	Aga	Gga	R	G	145  	.   0.01	1zbvA  124  R
ENSP00000255409	  rs880633	Aga	Gga	R	G	145  	.   0.01	1zbwA  124  R
ENSP00000255409	  rs880633	Aga	Gga	R	G	145  	.   0.01	1zl1A  124  R
ENSP00000255409	  rs880633	Aga	Gga	R	G	145  	.   0.01	1zu8A  124  R
ENSP00000255409	  rs880633	Aga	Gga	R	G	145  	.   0.01	2aosA  124  R
ENSP00000255409	  rs880633	Aga	Gga	R	G	145  	.   0.01	2b31A  124  R
ENSP00000255409	  rs880633	Aga	Gga	R	G	145  	.   0.01	2dpeA  124  R
ENSP00000255409	  rs880633	Aga	Gga	R	G	145  	.   0.01	2dsuA  124  R
ENSP00000255409	  rs880633	Aga	Gga	R	G	145  	.   0.01	2dsvA  124  R
ENSP00000255409	  rs880633	Aga	Gga	R	G	145  	.   0.01	2dswA  124  R
ENSP00000255409	  rs880633	Aga	Gga	R	G	145  	.   0.01	2dszA  124  R
ENSP00000255409	  rs880633	Aga	Gga	R	G	145  	.   0.01	2dt0A  124  R
ENSP00000255409	  rs880633	Aga	Gga	R	G	145  	.   0.01	2dt1A  124  R
ENSP00000255409	  rs880633	Aga	Gga	R	G	145  	.   0.01	2dt2A  124  R
ENSP00000255409	  rs880633	Aga	Gga	R	G	145  	.   0.01	2dt3A  124  R
ENSP00000255409	  rs880633	Aga	Gga	R	G	145  	.   0.01	2escA  124  R
ENSP00000255409	  rs880633	Aga	Gga	R	G	145  	.   0.01	2fdmA  124  R
ENSP00000255409	  rs880633	Aga	Gga	R	G	145  	.   0.01	2g41A  124  R
ENSP00000255409	  rs880633	Aga	Gga	R	G	145  	.   0.01	2g8zA  124  R
ENSP00000255409	  rs880633	Aga	Gga	R	G	145  	.   0.01	2o92A  124  R
ENSP00000255409	  rs880633	Aga	Gga	R	G	145  	.   0.01	2o9oA  124  R
ENSP00000255409	  rs880633	Aga	Gga	R	G	145  	.   0.01	2olhA  124  R
ENSP00000255409	  rs880633	Aga	Gga	R	G	145  	.   0.01	2pi6A  124  R
ENSP00000255409	  rs880633	Aga	Gga	R	G	145  	.   0.01	2qf8A  124  R
ENSP00000255409	  rs880633	Aga	Gga	R	G	145  	.   0.01	4mavA  124  R
ENSP00000255409	  rs880633	Aga	Gga	R	G	145  	.   0.01	4ml4A  124  R
ENSP00000255409	  rs880633	Aga	Gga	R	G	145  	.   0.01	4mpkA  124  R
ENSP00000255409	  rs880633	Aga	Gga	R	G	145  	.   0.01	4mtvA  124  R
ENSP00000255409	  rs880633	Aga	Gga	R	G	145  	.   0.01	4nsbA  124  R
ENSP00000255409	  rs880633	Aga	Gga	R	G	145  	.   0.01	4q7nA  124  R
ENSP00000255409	  rs880633	Aga	Gga	R	G	145  	.   0.01	5z05A  124  R
ENSP00000255409	  rs880633	Aga	Gga	R	G	145  	.   0.01	5z3sA  124  R
ENSP00000255409	  rs880633	Aga	Gga	R	G	145  	.   0.01	5z4vA  124  R
ENSP00000255409	  rs880633	Aga	Gga	R	G	145  	.   0.01	5z4wA  124  R
ENSP00000255858	 rs9608956	Agc	Ggc	S	G	3    	*   0.62	4tlgA    1  S
ENSP00000255858	rs17738527	Gag	Aag	E	K	211  	.   0.04	4tlgA  209  E
ENSP00000255858	rs17738527	Gag	Aag	E	K	211  	.   0.04	4tlgB  203  E
ENSP00000255945	 rs2293172	gaG	gaT	E	D	128  	.    0.1	3lxxA   88  E
ENSP00000255945	 rs2293172	gaG	gaA	E	E	128  	.    0.1	3lxxA   88  E
ENSP00000256084	 rs2400478	ggT	ggA	G	G	1003 	.   0.33	1uvfA   15  G
ENSP00000256084	 rs2400478	ggT	ggA	G	G	1003 	.   0.33	1uvgA   15  G
ENSP00000256084	 rs2400478	ggT	ggC	G	G	1003 	.   0.33	1uvfA   15  G
ENSP00000256084	 rs2400478	ggT	ggC	G	G	1003 	.   0.33	1uvgA   15  G
ENSP00000256442	 rs1128761	ttG	ttA	L	L	322  	.   0.05	2b9rA  152  L
ENSP00000256442	 rs1128761	ttG	ttA	L	L	322  	.   0.05	2b9rB  152  L
ENSP00000256442	 rs1128761	ttG	ttA	L	L	322  	.   0.05	2jgzB  156  L
ENSP00000256442	 rs1128761	ttG	ttA	L	L	322  	.   0.05	4y72B  156  L
ENSP00000256442	 rs1128761	ttG	ttA	L	L	322  	.   0.05	4yc3B  156  L
ENSP00000256442	 rs1128761	ttG	ttA	L	L	322  	.   0.05	5hq0B  156  L
ENSP00000256442	 rs1128761	ttG	ttA	L	L	322  	.   0.05	5lqfB  156  L
ENSP00000256442	 rs1128761	ttG	ttA	L	L	322  	.   0.05	5lqfE  156  L
ENSP00000256452	 rs2290610	Att	Gtt	I	V	129  	.   0.02	3qt2A  103  I
ENSP00000256452	 rs2290610	Att	Gtt	I	V	129  	.   0.02	3qt2D  102  I
ENSP00000256452	 rs2290610	Att	Gtt	I	V	129  	.   0.02	3va2C  103  I
ENSP00000256593	rs61734547	cTg	cGg	L	R	13   	.    0.0	1gtuA   12  L
ENSP00000256593	rs61734547	cTg	cGg	L	R	13   	.    0.0	1gtuB   12  L
ENSP00000256593	rs61734547	cTg	cGg	L	R	13   	.    0.0	1gtuC   12  L
ENSP00000256593	rs61734547	cTg	cGg	L	R	13   	.    0.0	1gtuD   12  L
ENSP00000256593	rs61734547	cTg	cGg	L	R	13   	.    0.0	1hnaA   12  L
ENSP00000256593	rs61734547	cTg	cGg	L	R	13   	.    0.0	1hnbA   12  L
ENSP00000256593	rs61734547	cTg	cGg	L	R	13   	.    0.0	1hnbB   12  L
ENSP00000256593	rs61734547	cTg	cGg	L	R	13   	.    0.0	1hncA   12  L
ENSP00000256593	rs61734547	cTg	cGg	L	R	13   	.    0.0	1hncB   12  L
ENSP00000256593	rs61734547	cTg	cGg	L	R	13   	.    0.0	1hncC   12  L
ENSP00000256593	rs61734547	cTg	cGg	L	R	13   	.    0.0	1hncD   12  L
ENSP00000256593	rs61734547	cTg	cGg	L	R	13   	.    0.0	1xw5A   12  L
ENSP00000256593	rs61734547	cTg	cGg	L	R	13   	.    0.0	1xw5B   12  L
ENSP00000256593	rs61734547	cTg	cGg	L	R	13   	.    0.0	1xw6A   12  L
ENSP00000256593	rs61734547	cTg	cGg	L	R	13   	.    0.0	1xw6B   12  L
ENSP00000256593	rs61734547	cTg	cGg	L	R	13   	.    0.0	1xw6C   12  L
ENSP00000256593	rs61734547	cTg	cGg	L	R	13   	.    0.0	1xw6D   12  L
ENSP00000256593	rs61734547	cTg	cGg	L	R	13   	.    0.0	1xwkA   12  L
ENSP00000256593	rs61734547	cTg	cGg	L	R	13   	.    0.0	1xwkB   12  L
ENSP00000256593	rs61734547	cTg	cGg	L	R	13   	.    0.0	1xwkC   12  L
ENSP00000256593	rs61734547	cTg	cGg	L	R	13   	.    0.0	1yj6A   12  L
ENSP00000256593	rs61734547	cTg	cGg	L	R	13   	.    0.0	1yj6B   12  L
ENSP00000256593	rs61734547	cTg	cGg	L	R	13   	.    0.0	1yj6C   12  L
ENSP00000256593	rs61734547	cTg	cGg	L	R	13   	.    0.0	1ykcA   12  L
ENSP00000256593	rs61734547	cTg	cGg	L	R	13   	.    0.0	1ykcB   12  L
ENSP00000256593	rs61734547	cTg	cGg	L	R	13   	.    0.0	2ab6A   12  L
ENSP00000256593	rs61734547	cTg	cGg	L	R	13   	.    0.0	2ab6B   12  L
ENSP00000256593	rs61734547	cTg	cGg	L	R	13   	.    0.0	2ab6C   12  L
ENSP00000256593	rs61734547	cTg	cGg	L	R	13   	.    0.0	2ab6D   12  L
ENSP00000256593	rs61734547	cTg	cGg	L	R	13   	.    0.0	2c4jA   12  L
ENSP00000256593	rs61734547	cTg	cGg	L	R	13   	.    0.0	2c4jB   12  L
ENSP00000256593	rs61734547	cTg	cGg	L	R	13   	.    0.0	2c4jC   12  L
ENSP00000256593	rs61734547	cTg	cGg	L	R	13   	.    0.0	2c4jD   12  L
ENSP00000256593	rs61734547	cTg	cGg	L	R	13   	.    0.0	2dc5A   11  L
ENSP00000256593	rs61734547	cTg	cGg	L	R	13   	.    0.0	2dc5B   11  L
ENSP00000256593	rs61734547	cTg	cGg	L	R	13   	.    0.0	2f3mA   13  L
ENSP00000256593	rs61734547	cTg	cGg	L	R	13   	.    0.0	2f3mB   13  L
ENSP00000256593	rs61734547	cTg	cGg	L	R	13   	.    0.0	2f3mC   12  L
ENSP00000256593	rs61734547	cTg	cGg	L	R	13   	.    0.0	2f3mD   13  L
ENSP00000256593	rs61734547	cTg	cGg	L	R	13   	.    0.0	2f3mE   13  L
ENSP00000256593	rs61734547	cTg	cGg	L	R	13   	.    0.0	2f3mF   13  L
ENSP00000256593	rs61734547	cTg	cGg	L	R	13   	.    0.0	2gtuA   12  L
ENSP00000256593	rs61734547	cTg	cGg	L	R	13   	.    0.0	2gtuB   12  L
ENSP00000256593	rs61734547	cTg	cGg	L	R	13   	.    0.0	3gtuA   12  L
ENSP00000256593	rs61734547	cTg	cGg	L	R	13   	.    0.0	3gtuC   12  L
ENSP00000256593	rs61734547	cTg	cGg	L	R	13   	.    0.0	3gurA   12  L
ENSP00000256593	rs61734547	cTg	cGg	L	R	13   	.    0.0	3gurB   12  L
ENSP00000256593	rs61734547	cTg	cGg	L	R	13   	.    0.0	3gurC   12  L
ENSP00000256593	rs61734547	cTg	cGg	L	R	13   	.    0.0	3gurD   12  L
ENSP00000256593	rs61734547	cTg	cGg	L	R	13   	.    0.0	4gtuA   12  L
ENSP00000256593	rs61734547	cTg	cGg	L	R	13   	.    0.0	4gtuB   12  L
ENSP00000256593	rs61734547	cTg	cGg	L	R	13   	.    0.0	4gtuC   12  L
ENSP00000256593	rs61734547	cTg	cGg	L	R	13   	.    0.0	4gtuD   12  L
ENSP00000256593	rs61734547	cTg	cGg	L	R	13   	.    0.0	4gtuE   12  L
ENSP00000256593	rs61734547	cTg	cGg	L	R	13   	.    0.0	4gtuF   12  L
ENSP00000256593	rs61734547	cTg	cGg	L	R	13   	.    0.0	4gtuG   12  L
ENSP00000256593	rs61734547	cTg	cGg	L	R	13   	.    0.0	4gtuH   12  L
ENSP00000256593	rs61734547	cTg	cGg	L	R	13   	.    0.0	5hwlA   12  L
ENSP00000256593	rs61734547	cTg	cGg	L	R	13   	.    0.0	5hwlB   11  L
ENSP00000256593	rs45439194	aAc	aGc	N	S	85   	.   0.01	1gtuA   84  N
ENSP00000256593	rs45439194	aAc	aGc	N	S	85   	.   0.01	1gtuB   84  N
ENSP00000256593	rs45439194	aAc	aGc	N	S	85   	.   0.01	1gtuC   84  N
ENSP00000256593	rs45439194	aAc	aGc	N	S	85   	.   0.01	1gtuD   84  N
ENSP00000256593	rs45439194	aAc	aGc	N	S	85   	.   0.01	1hnaA   84  N
ENSP00000256593	rs45439194	aAc	aGc	N	S	85   	.   0.01	1hnbA   84  N
ENSP00000256593	rs45439194	aAc	aGc	N	S	85   	.   0.01	1hnbB   84  N
ENSP00000256593	rs45439194	aAc	aGc	N	S	85   	.   0.01	1hncA   84  N
ENSP00000256593	rs45439194	aAc	aGc	N	S	85   	.   0.01	1hncB   84  N
ENSP00000256593	rs45439194	aAc	aGc	N	S	85   	.   0.01	1hncC   84  N
ENSP00000256593	rs45439194	aAc	aGc	N	S	85   	.   0.01	1hncD   84  N
ENSP00000256593	rs45439194	aAc	aGc	N	S	85   	.   0.01	1xw5A   84  N
ENSP00000256593	rs45439194	aAc	aGc	N	S	85   	.   0.01	1xw5B   84  N
ENSP00000256593	rs45439194	aAc	aGc	N	S	85   	.   0.01	1xw6A   84  N
ENSP00000256593	rs45439194	aAc	aGc	N	S	85   	.   0.01	1xw6B   84  N
ENSP00000256593	rs45439194	aAc	aGc	N	S	85   	.   0.01	1xw6C   84  N
ENSP00000256593	rs45439194	aAc	aGc	N	S	85   	.   0.01	1xw6D   84  N
ENSP00000256593	rs45439194	aAc	aGc	N	S	85   	.   0.01	1xwkA   84  N
ENSP00000256593	rs45439194	aAc	aGc	N	S	85   	.   0.01	1xwkB   84  N
ENSP00000256593	rs45439194	aAc	aGc	N	S	85   	.   0.01	1xwkC   84  N
ENSP00000256593	rs45439194	aAc	aGc	N	S	85   	.   0.01	1yj6A   84  N
ENSP00000256593	rs45439194	aAc	aGc	N	S	85   	.   0.01	1yj6B   84  N
ENSP00000256593	rs45439194	aAc	aGc	N	S	85   	.   0.01	1yj6C   84  N
ENSP00000256593	rs45439194	aAc	aGc	N	S	85   	.   0.01	1ykcA   84  N
ENSP00000256593	rs45439194	aAc	aGc	N	S	85   	.   0.01	1ykcB   84  N
ENSP00000256593	rs45439194	aAc	aGc	N	S	85   	.   0.01	2ab6A   84  N
ENSP00000256593	rs45439194	aAc	aGc	N	S	85   	.   0.01	2ab6B   84  N
ENSP00000256593	rs45439194	aAc	aGc	N	S	85   	.   0.01	2ab6C   84  N
ENSP00000256593	rs45439194	aAc	aGc	N	S	85   	.   0.01	2ab6D   84  N
ENSP00000256593	rs45439194	aAc	aGc	N	S	85   	.   0.01	2c4jA   84  N
ENSP00000256593	rs45439194	aAc	aGc	N	S	85   	.   0.01	2c4jB   84  N
ENSP00000256593	rs45439194	aAc	aGc	N	S	85   	.   0.01	2c4jC   84  N
ENSP00000256593	rs45439194	aAc	aGc	N	S	85   	.   0.01	2c4jD   84  N
ENSP00000256593	rs45439194	aAc	aGc	N	S	85   	.   0.01	2dc5A   82  N
ENSP00000256593	rs45439194	aAc	aGc	N	S	85   	.   0.01	2dc5B   82  N
ENSP00000256593	rs45439194	aAc	aGc	N	S	85   	.   0.01	2f3mA   85  N
ENSP00000256593	rs45439194	aAc	aGc	N	S	85   	.   0.01	2f3mB   85  N
ENSP00000256593	rs45439194	aAc	aGc	N	S	85   	.   0.01	2f3mC   84  N
ENSP00000256593	rs45439194	aAc	aGc	N	S	85   	.   0.01	2f3mD   85  N
ENSP00000256593	rs45439194	aAc	aGc	N	S	85   	.   0.01	2f3mE   85  N
ENSP00000256593	rs45439194	aAc	aGc	N	S	85   	.   0.01	2f3mF   85  N
ENSP00000256593	rs45439194	aAc	aGc	N	S	85   	.   0.01	2gtuA   84  N
ENSP00000256593	rs45439194	aAc	aGc	N	S	85   	.   0.01	2gtuB   84  N
ENSP00000256593	rs45439194	aAc	aGc	N	S	85   	.   0.01	3gtuA   84  N
ENSP00000256593	rs45439194	aAc	aGc	N	S	85   	.   0.01	3gtuC   84  N
ENSP00000256593	rs45439194	aAc	aGc	N	S	85   	.   0.01	3gurA   84  N
ENSP00000256593	rs45439194	aAc	aGc	N	S	85   	.   0.01	3gurB   84  N
ENSP00000256593	rs45439194	aAc	aGc	N	S	85   	.   0.01	3gurC   84  N
ENSP00000256593	rs45439194	aAc	aGc	N	S	85   	.   0.01	3gurD   84  N
ENSP00000256593	rs45439194	aAc	aGc	N	S	85   	.   0.01	4gtuA   84  N
ENSP00000256593	rs45439194	aAc	aGc	N	S	85   	.   0.01	4gtuB   84  N
ENSP00000256593	rs45439194	aAc	aGc	N	S	85   	.   0.01	4gtuC   84  N
ENSP00000256593	rs45439194	aAc	aGc	N	S	85   	.   0.01	4gtuD   84  N
ENSP00000256593	rs45439194	aAc	aGc	N	S	85   	.   0.01	4gtuE   84  N
ENSP00000256593	rs45439194	aAc	aGc	N	S	85   	.   0.01	4gtuF   84  N
ENSP00000256593	rs45439194	aAc	aGc	N	S	85   	.   0.01	4gtuG   84  N
ENSP00000256593	rs45439194	aAc	aGc	N	S	85   	.   0.01	4gtuH   84  N
ENSP00000256593	rs45439194	aAc	aGc	N	S	85   	.   0.01	5hwlA   84  N
ENSP00000256593	rs45439194	aAc	aGc	N	S	85   	.   0.01	5hwlB   83  N
ENSP00000256594	    rs7483	Gta	Ata	V	I	224  	.   0.25	3gtuB  223  V
ENSP00000256594	    rs7483	Gta	Ata	V	I	224  	.   0.25	3gtuD  223  V
ENSP00000256594	 rs1803687	aaG	aaC	K	N	128  	.   0.01	3gtuB  127  K
ENSP00000256594	 rs1803687	aaG	aaC	K	N	128  	.   0.01	3gtuD  127  K
ENSP00000256594	rs67174253	Atg	Gtg	M	V	7    	.   0.04	3gtuB    6  M
ENSP00000256594	rs67174253	Atg	Gtg	M	V	7    	.   0.04	3gtuD    6  M
ENSP00000256594	rs67174253	Atg	Ctg	M	L	7    	.   0.04	3gtuB    6  M
ENSP00000256594	rs67174253	Atg	Ctg	M	L	7    	.   0.04	3gtuD    6  M
ENSP00000256682	 rs2228417	caC	caT	H	H	80   	.   0.01	1hurA   79  H
ENSP00000256682	 rs2228417	caC	caT	H	H	80   	.   0.01	1hurB   79  H
ENSP00000256682	 rs2228417	caC	caT	H	H	80   	.   0.01	1j2jA   65  H
ENSP00000256682	 rs2228417	caC	caT	H	H	80   	.   0.01	1o3yA   65  H
ENSP00000256682	 rs2228417	caC	caT	H	H	80   	.   0.01	1o3yB   65  H
ENSP00000256682	 rs2228417	caC	caT	H	H	80   	.   0.01	1r8qA   79  H
ENSP00000256682	 rs2228417	caC	caT	H	H	80   	.   0.01	1r8qC   79  H
ENSP00000256682	 rs2228417	caC	caT	H	H	80   	.   0.01	1r8sA   63  H
ENSP00000256682	 rs2228417	caC	caT	H	H	80   	.   0.01	1re0A   63  H
ENSP00000256682	 rs2228417	caC	caT	H	H	80   	.   0.01	1rrgA   76  H
ENSP00000256682	 rs2228417	caC	caT	H	H	80   	.   0.01	1rrgB   76  H
ENSP00000256682	 rs2228417	caC	caT	H	H	80   	.   0.01	1s9dA   57  H
ENSP00000256682	 rs2228417	caC	caT	H	H	80   	.   0.01	1u81A   63  H
ENSP00000256682	 rs2228417	caC	caT	H	H	80   	.   0.01	1z6xA   77  H
ENSP00000256682	 rs2228417	caC	caT	H	H	80   	.   0.01	1z6xB   77  H
ENSP00000256682	 rs2228417	caC	caT	H	H	80   	.   0.01	2b6hA   71  H
ENSP00000256682	 rs2228417	caC	caT	H	H	80   	.   0.01	2j59A   65  H
ENSP00000256682	 rs2228417	caC	caT	H	H	80   	.   0.01	2j59B   65  H
ENSP00000256682	 rs2228417	caC	caT	H	H	80   	.   0.01	2j59C   65  H
ENSP00000256682	 rs2228417	caC	caT	H	H	80   	.   0.01	2j59D   65  H
ENSP00000256682	 rs2228417	caC	caT	H	H	80   	.   0.01	2j59E   65  H
ENSP00000256682	 rs2228417	caC	caT	H	H	80   	.   0.01	2j59F   65  H
ENSP00000256682	 rs2228417	caC	caT	H	H	80   	.   0.01	3aq4A   70  H
ENSP00000256682	 rs2228417	caC	caT	H	H	80   	.   0.01	3o47A  190  H
ENSP00000256682	 rs2228417	caC	caT	H	H	80   	.   0.01	3o47B  191  H
ENSP00000256682	 rs2228417	caC	caT	H	H	80   	.   0.01	4c0aC   63  H
ENSP00000256682	 rs2228417	caC	caT	H	H	80   	.   0.01	4c0aD   63  H
ENSP00000256682	 rs2228417	caC	caT	H	H	80   	.   0.01	4c0aG   63  H
ENSP00000256682	 rs2228417	caC	caT	H	H	80   	.   0.01	4c0aH   62  H
ENSP00000256682	 rs2228417	caC	caT	H	H	80   	.   0.01	4hmyE   64  H
ENSP00000256682	 rs2228417	caC	caT	H	H	80   	.   0.01	4q66K   56  H
ENSP00000256682	 rs2228417	caC	caT	H	H	80   	.   0.01	4q66L   38  H
ENSP00000256682	 rs2228417	caC	caT	H	H	80   	.   0.01	5uf8A   64  Y
ENSP00000256682	 rs2228417	caC	caT	H	H	80   	.   0.01	5uf8B   62  Y
ENSP00000256682	 rs2228417	caC	caT	H	H	80   	.   0.01	5uf8C   64  Y
ENSP00000256682	 rs2228417	caC	caT	H	H	80   	.   0.01	5uf8D   63  Y
ENSP00000256682	 rs2228417	caC	caT	H	H	80   	.   0.01	6cm9D   64  H
ENSP00000256682	 rs2228417	caC	caT	H	H	80   	.   0.01	6cm9F   64  H
ENSP00000256682	 rs2228417	caC	caT	H	H	80   	.   0.01	6criC   64  H
ENSP00000256682	 rs2228417	caC	caT	H	H	80   	.   0.01	6criE   64  H
ENSP00000256682	 rs2228417	caC	caT	H	H	80   	.   0.01	6criK   64  H
ENSP00000256682	 rs2228417	caC	caT	H	H	80   	.   0.01	6criM   64  H
ENSP00000256682	 rs2228417	caC	caT	H	H	80   	.   0.01	6criS   64  H
ENSP00000256682	 rs2228417	caC	caT	H	H	80   	.   0.01	6criU   64  H
ENSP00000256682	 rs2228417	caC	caT	H	H	80   	.   0.01	6d83D   64  H
ENSP00000256682	 rs2228417	caC	caT	H	H	80   	.   0.01	6d83F   64  H
ENSP00000256682	 rs2228417	caC	caT	H	H	80   	.   0.01	6d84D   64  H
ENSP00000256682	 rs2228417	caC	caT	H	H	80   	.   0.01	6d84F   64  H
ENSP00000256682	 rs2228417	caC	caT	H	H	80   	.   0.01	6d84L   64  H
ENSP00000256682	 rs2228417	caC	caT	H	H	80   	.   0.01	6d84N   64  H
ENSP00000256682	 rs2228417	caC	caT	H	H	80   	.   0.01	6dffD   64  H
ENSP00000256682	 rs2228417	caC	caT	H	H	80   	.   0.01	6dffF   64  H
ENSP00000256682	 rs2228417	caC	caT	H	H	80   	.   0.01	6faeB   63  H
ENSP00000257189	 rs7240789	gtC	gtT	V	V	115  	.   0.02	5eqxA   66  V
ENSP00000257189	rs73414212	cGa	cAa	R	Q	362  	.   0.26	5eqxA  313  R
