ENSP00000371236	    rs8971	gAt	gGt	D	G	752  	.   0.04	2v9yA  278  G
ENSP00000371236	    rs8971	gAt	gGt	D	G	752  	.   0.04	2v9yB  278  G
ENSP00000371236	 rs9984077	Gtc	Ttc	V	F	421  	.   0.02	2qk4A  412  I
ENSP00000371236	 rs9984077	Gtc	Ttc	V	F	421  	.   0.02	2qk4B  415  I
ENSP00000371236	 rs9984077	Gtc	Atc	V	I	421  	.   0.02	2qk4A  412  I
ENSP00000371236	 rs9984077	Gtc	Atc	V	I	421  	.   0.02	2qk4B  415  I
ENSP00000371248	rs36010631	agG	agA	R	R	134  	.    0.0	1agqA   29  R
ENSP00000371248	rs36010631	agG	agA	R	R	134  	.    0.0	1agqB   30  R
ENSP00000371248	rs36010631	agG	agA	R	R	134  	.    0.0	1agqC   27  R
ENSP00000371248	rs36010631	agG	agA	R	R	134  	.    0.0	1agqD   27  R
ENSP00000371248	rs36010631	agG	agA	R	R	134  	.    0.0	2v5eB   33  R
ENSP00000371248	rs36010631	agG	agA	R	R	134  	.    0.0	3fubB   27  R
ENSP00000371248	rs36010631	agG	agA	R	R	134  	.    0.0	3fubD   35  R
ENSP00000371248	rs36010631	agG	agA	R	R	134  	.    0.0	4ux8D   25  R
ENSP00000371248	rs36010631	agG	agA	R	R	134  	.    0.0	4ux8F   25  R
ENSP00000371253	    rs8971	gAt	gGt	D	G	752  	.   0.04	2v9yA  278  G
ENSP00000371253	    rs8971	gAt	gGt	D	G	752  	.   0.04	2v9yB  278  G
ENSP00000371253	 rs9984077	Gtc	Ttc	V	F	421  	.   0.02	2qk4A  412  I
ENSP00000371253	 rs9984077	Gtc	Ttc	V	F	421  	.   0.02	2qk4B  415  I
ENSP00000371253	 rs9984077	Gtc	Atc	V	I	421  	.   0.02	2qk4A  412  I
ENSP00000371253	 rs9984077	Gtc	Atc	V	I	421  	.   0.02	2qk4B  415  I
ENSP00000371261	    rs8971	gAt	gGt	D	G	752  	.   0.04	2v9yA  278  G
ENSP00000371261	    rs8971	gAt	gGt	D	G	752  	.   0.04	2v9yB  278  G
ENSP00000371261	 rs9984077	Gtc	Ttc	V	F	421  	.   0.02	2qk4A  412  I
ENSP00000371261	 rs9984077	Gtc	Ttc	V	F	421  	.   0.02	2qk4B  415  I
ENSP00000371261	 rs9984077	Gtc	Atc	V	I	421  	.   0.02	2qk4A  412  I
ENSP00000371261	 rs9984077	Gtc	Atc	V	I	421  	.   0.02	2qk4B  415  I
ENSP00000371324	 rs1803415	tTc	tGc	F	C	36   	.   0.02	4ouhA   39  C
ENSP00000371324	 rs1803415	tTc	tGc	F	C	36   	.   0.02	4ouhB   39  C
ENSP00000371324	 rs1803415	tTc	tGc	F	C	36   	.   0.02	4ouhC   39  C
ENSP00000371324	 rs1803415	tTc	tGc	F	C	36   	.   0.02	4ouhD   38  C
ENSP00000371338	  rs395357	acG	acA	T	T	86   	.   0.02	4n5qA  197  Q
ENSP00000371338	  rs395357	acG	acA	T	T	86   	.   0.02	4n5qB  197  Q
ENSP00000371338	  rs395357	acG	acA	T	T	86   	.   0.02	6dvwA  199  Q
ENSP00000371338	  rs395357	acG	acA	T	T	86   	.   0.02	6dvwB  199  Q
ENSP00000371338	  rs395357	acG	acA	T	T	86   	.   0.02	6dvwC  199  Q
ENSP00000371338	  rs395357	acG	acA	T	T	86   	.   0.02	6dvwD  199  Q
ENSP00000371338	  rs395357	acG	acA	T	T	86   	.   0.02	6dvyA  199  Q
ENSP00000371338	  rs395357	acG	acA	T	T	86   	.   0.02	6dvyB  199  Q
ENSP00000371338	  rs395357	acG	acA	T	T	86   	.   0.02	6dvyC  199  Q
ENSP00000371338	  rs395357	acG	acA	T	T	86   	.   0.02	6dvyD  199  Q
ENSP00000371338	  rs395357	acG	acA	T	T	86   	.   0.02	6dvzA  199  Q
ENSP00000371338	  rs395357	acG	acA	T	T	86   	.   0.02	6dvzB  199  Q
ENSP00000371338	  rs395357	acG	acA	T	T	86   	.   0.02	6dvzC  199  Q
ENSP00000371338	  rs395357	acG	acA	T	T	86   	.   0.02	6dvzD  199  Q
ENSP00000371412	 rs9608956	Agc	Ggc	S	G	3    	*   0.61	4tlgA    1  S
ENSP00000371412	rs17738527	Gag	Aag	E	K	211  	.   0.04	4tlgA  209  E
ENSP00000371412	rs17738527	Gag	Aag	E	K	211  	.   0.04	4tlgB  203  E
ENSP00000371469	 rs2308957	gGt	gAt	G	D	114  	.   0.01	3a1jC  100  G
ENSP00000371469	 rs2308957	gGt	gAt	G	D	114  	.   0.01	3g65B  100  G
ENSP00000371469	 rs2308957	gGt	gAt	G	D	114  	.   0.01	3ggrC  102  G
ENSP00000371470	rs11554564	Ggg	Tgg	G	W	1443 	*    0.8	1ssfA    5  G
ENSP00000371470	rs11554564	Ggg	Tgg	G	W	1443 	*    0.8	1xniA    4  G
ENSP00000371470	rs11554564	Ggg	Tgg	G	W	1443 	*    0.8	1xniB    4  G
ENSP00000371470	rs11554564	Ggg	Tgg	G	W	1443 	*    0.8	1xniC    4  G
ENSP00000371470	rs11554564	Ggg	Tgg	G	W	1443 	*    0.8	1xniD    4  G
ENSP00000371470	rs11554564	Ggg	Tgg	G	W	1443 	*    0.8	1xniE    4  G
ENSP00000371470	rs11554564	Ggg	Tgg	G	W	1443 	*    0.8	1xniF    4  G
ENSP00000371470	rs11554564	Ggg	Tgg	G	W	1443 	*    0.8	1xniG    4  G
ENSP00000371470	rs11554564	Ggg	Tgg	G	W	1443 	*    0.8	1xniH    4  G
ENSP00000371470	rs11554564	Ggg	Tgg	G	W	1443 	*    0.8	1xniI    4  G
ENSP00000371470	rs11554564	Ggg	Tgg	G	W	1443 	*    0.8	1xniJ    4  G
ENSP00000371470	rs11554564	Ggg	Tgg	G	W	1443 	*    0.8	2g3rA    4  G
ENSP00000371470	rs11554564	Ggg	Tgg	G	W	1443 	*    0.8	2ig0A    4  G
ENSP00000371470	rs11554564	Ggg	Tgg	G	W	1443 	*    0.8	2lvmA    8  G
ENSP00000371470	rs11554564	Ggg	Tgg	G	W	1443 	*    0.8	2mwoA    8  G
ENSP00000371470	rs11554564	Ggg	Tgg	G	W	1443 	*    0.8	2mwpA    8  G
ENSP00000371470	rs11554564	Ggg	Tgg	G	W	1443 	*    0.8	3lgfA    4  G
ENSP00000371470	rs11554564	Ggg	Tgg	G	W	1443 	*    0.8	3lglA    4  G
ENSP00000371470	rs11554564	Ggg	Tgg	G	W	1443 	*    0.8	3lh0A    5  G
ENSP00000371470	rs11554564	Ggg	Tgg	G	W	1443 	*    0.8	4criA    4  G
ENSP00000371470	rs11554564	Ggg	Tgg	G	W	1443 	*    0.8	4criB    4  G
ENSP00000371470	rs11554564	Ggg	Tgg	G	W	1443 	*    0.8	4rg2A    4  G
ENSP00000371470	rs11554564	Ggg	Tgg	G	W	1443 	*    0.8	4rg2B    7  G
ENSP00000371470	rs11554564	Ggg	Tgg	G	W	1443 	*    0.8	4x34A    5  G
ENSP00000371470	rs11554564	Ggg	Tgg	G	W	1443 	*    0.8	4x34B    5  G
ENSP00000371470	rs11554564	Ggg	Tgg	G	W	1443 	*    0.8	5j26B    2  G
ENSP00000371470	rs11554564	Ggg	Tgg	G	W	1443 	*    0.8	5z78C    7  G
ENSP00000371470	rs11554564	Ggg	Tgg	G	W	1443 	*    0.8	5zcjC    3  G
ENSP00000371470	rs11554564	Ggg	Tgg	G	W	1443 	*    0.8	6co1E    5  G
ENSP00000371470	rs11554564	Ggg	Tgg	G	W	1443 	*    0.8	6co1F    4  G
ENSP00000371470	rs11554564	Ggg	Tgg	G	W	1443 	*    0.8	6co2C    4  G
ENSP00000371470	rs11554564	Ggg	Tgg	G	W	1443 	*    0.8	6co2D    3  G
ENSP00000371475	rs11554564	Ggg	Tgg	G	W	1493 	.   0.28	1ssfA    5  G
ENSP00000371475	rs11554564	Ggg	Tgg	G	W	1493 	.   0.28	1xniA    4  G
ENSP00000371475	rs11554564	Ggg	Tgg	G	W	1493 	.   0.28	1xniB    4  G
ENSP00000371475	rs11554564	Ggg	Tgg	G	W	1493 	.   0.28	1xniC    4  G
ENSP00000371475	rs11554564	Ggg	Tgg	G	W	1493 	.   0.28	1xniD    4  G
ENSP00000371475	rs11554564	Ggg	Tgg	G	W	1493 	.   0.28	1xniE    4  G
ENSP00000371475	rs11554564	Ggg	Tgg	G	W	1493 	.   0.28	1xniF    4  G
ENSP00000371475	rs11554564	Ggg	Tgg	G	W	1493 	.   0.28	1xniG    4  G
ENSP00000371475	rs11554564	Ggg	Tgg	G	W	1493 	.   0.28	1xniH    4  G
ENSP00000371475	rs11554564	Ggg	Tgg	G	W	1493 	.   0.28	1xniI    4  G
ENSP00000371475	rs11554564	Ggg	Tgg	G	W	1493 	.   0.28	1xniJ    4  G
ENSP00000371475	rs11554564	Ggg	Tgg	G	W	1493 	.   0.28	2g3rA    4  G
ENSP00000371475	rs11554564	Ggg	Tgg	G	W	1493 	.   0.28	2ig0A    4  G
ENSP00000371475	rs11554564	Ggg	Tgg	G	W	1493 	.   0.28	2lvmA    8  G
ENSP00000371475	rs11554564	Ggg	Tgg	G	W	1493 	.   0.28	2mwoA    8  G
ENSP00000371475	rs11554564	Ggg	Tgg	G	W	1493 	.   0.28	2mwpA    8  G
ENSP00000371475	rs11554564	Ggg	Tgg	G	W	1493 	.   0.28	3lgfA    4  G
ENSP00000371475	rs11554564	Ggg	Tgg	G	W	1493 	.   0.28	3lglA    4  G
ENSP00000371475	rs11554564	Ggg	Tgg	G	W	1493 	.   0.28	3lh0A    5  G
ENSP00000371475	rs11554564	Ggg	Tgg	G	W	1493 	.   0.28	4criA    4  G
ENSP00000371475	rs11554564	Ggg	Tgg	G	W	1493 	.   0.28	4criB    4  G
ENSP00000371475	rs11554564	Ggg	Tgg	G	W	1493 	.   0.28	4rg2A    4  G
ENSP00000371475	rs11554564	Ggg	Tgg	G	W	1493 	.   0.28	4rg2B    7  G
ENSP00000371475	rs11554564	Ggg	Tgg	G	W	1493 	.   0.28	4x34A    5  G
ENSP00000371475	rs11554564	Ggg	Tgg	G	W	1493 	.   0.28	4x34B    5  G
ENSP00000371475	rs11554564	Ggg	Tgg	G	W	1493 	.   0.28	5j26B    2  G
ENSP00000371475	rs11554564	Ggg	Tgg	G	W	1493 	.   0.28	5z78C    7  G
ENSP00000371475	rs11554564	Ggg	Tgg	G	W	1493 	.   0.28	5zcjC    3  G
ENSP00000371475	rs11554564	Ggg	Tgg	G	W	1493 	.   0.28	6co1E    5  G
ENSP00000371475	rs11554564	Ggg	Tgg	G	W	1493 	.   0.28	6co1F    4  G
ENSP00000371475	rs11554564	Ggg	Tgg	G	W	1493 	.   0.28	6co2C    4  G
ENSP00000371475	rs11554564	Ggg	Tgg	G	W	1493 	.   0.28	6co2D    3  G
ENSP00000371493	 rs1057335	aGg	aAg	R	K	434  	.   0.11	2r9yA  353  R
ENSP00000371583	 rs3765121	aaT	aaC	N	N	71   	.   0.01	2julA   27  N
ENSP00000371583	 rs3765121	aaT	aaC	N	N	71   	.   0.01	3dd4A   71  N
ENSP00000371583	 rs3765122	ccT	ccC	P	P	45   	.   0.43	2julA    1  P
ENSP00000371583	 rs3765122	ccT	ccC	P	P	45   	.   0.43	3dd4A   45  P
ENSP00000371585	 rs3765121	aaT	aaC	N	N	75   	.   0.01	2julA   27  N
ENSP00000371585	 rs3765121	aaT	aaC	N	N	75   	.   0.01	3dd4A   71  N
ENSP00000371585	 rs3765122	ccT	ccC	P	P	49   	.   0.41	2julA    1  P
ENSP00000371585	 rs3765122	ccT	ccC	P	P	49   	.   0.41	3dd4A   45  P
ENSP00000371587	 rs3765121	aaT	aaC	N	N	96   	.   0.01	2julA   27  N
ENSP00000371587	 rs3765121	aaT	aaC	N	N	96   	.   0.01	3dd4A   71  N
ENSP00000371587	 rs3765122	ccT	ccC	P	P	70   	.   0.34	2julA    1  P
ENSP00000371587	 rs3765122	ccT	ccC	P	P	70   	.   0.34	3dd4A   45  P
ENSP00000371723	 rs2296051	aaC	aaT	N	N	80   	.   0.01	5yayA   81  G
ENSP00000371723	 rs2296051	aaC	aaT	N	N	80   	.   0.01	5yazA   78  G
ENSP00000371723	 rs2296051	aaC	aaT	N	N	80   	.   0.01	5ybeA   90  G
ENSP00000371723	 rs2296051	aaC	aaT	N	N	80   	.   0.01	5ybjA   85  G
ENSP00000371723	 rs2296051	aaC	aaT	N	N	80   	.   0.01	5ybuA   84  G
ENSP00000371726	 rs2296051	aaC	aaT	N	N	161  	.   0.01	5yayA   80  N
ENSP00000371726	 rs2296051	aaC	aaT	N	N	161  	.   0.01	5yazA   77  N
ENSP00000371726	 rs2296051	aaC	aaT	N	N	161  	.   0.01	5ybeA   89  N
ENSP00000371726	 rs2296051	aaC	aaT	N	N	161  	.   0.01	5ybjA   84  N
ENSP00000371726	 rs2296051	aaC	aaT	N	N	161  	.   0.01	5ybuA   83  N
ENSP00000371730	 rs2296051	aaC	aaT	N	N	1003 	.   0.01	5yayA   80  N
ENSP00000371730	 rs2296051	aaC	aaT	N	N	1003 	.   0.01	5yazA   77  N
ENSP00000371730	 rs2296051	aaC	aaT	N	N	1003 	.   0.01	5ybeA   89  N
ENSP00000371730	 rs2296051	aaC	aaT	N	N	1003 	.   0.01	5ybjA   84  N
ENSP00000371730	 rs2296051	aaC	aaT	N	N	1003 	.   0.01	5ybuA   83  N
ENSP00000371734	 rs2296051	aaC	aaT	N	N	1161 	.   0.01	5yayA   80  N
ENSP00000371734	 rs2296051	aaC	aaT	N	N	1161 	.   0.01	5yazA   77  N
ENSP00000371734	 rs2296051	aaC	aaT	N	N	1161 	.   0.01	5ybeA   89  N
ENSP00000371734	 rs2296051	aaC	aaT	N	N	1161 	.   0.01	5ybjA   84  N
ENSP00000371734	 rs2296051	aaC	aaT	N	N	1161 	.   0.01	5ybuA   83  N
ENSP00000371740	 rs2296051	aaC	aaT	N	N	1161 	.   0.01	5yayA   80  N
ENSP00000371740	 rs2296051	aaC	aaT	N	N	1161 	.   0.01	5yazA   77  N
ENSP00000371740	 rs2296051	aaC	aaT	N	N	1161 	.   0.01	5ybeA   89  N
ENSP00000371740	 rs2296051	aaC	aaT	N	N	1161 	.   0.01	5ybjA   84  N
ENSP00000371740	 rs2296051	aaC	aaT	N	N	1161 	.   0.01	5ybuA   83  N
ENSP00000371767	 rs2230571	caC	caT	H	H	1342 	.   0.23	1ug3A  103  H
ENSP00000371767	 rs2230571	caC	caT	H	H	1342 	.   0.23	1ug3B  103  H
ENSP00000371790	 rs9509841	tcA	tcG	S	S	149  	.   0.02	1g82A   98  S
ENSP00000371790	 rs9509841	tcA	tcG	S	S	149  	.   0.02	1g82B   99  S
ENSP00000371790	 rs9509841	tcA	tcG	S	S	149  	.   0.02	1g82C   98  S
ENSP00000371790	 rs9509841	tcA	tcG	S	S	149  	.   0.02	1g82D  101  S
ENSP00000371790	 rs9509841	tcA	tcG	S	S	149  	.   0.02	1ihkA   98  S
ENSP00000371790	 rs9509841	tcA	tcG	S	S	149  	.   0.02	3f1rA  101  S
ENSP00000371790	 rs9509841	tcA	tcG	S	S	149  	.   0.02	3f1rB  101  S
ENSP00000371790	 rs9509841	tcA	tcG	S	S	149  	.   0.02	5w59A   92  S
ENSP00000371790	 rs9509841	tcA	tcT	S	S	149  	.   0.02	1g82A   98  S
ENSP00000371790	 rs9509841	tcA	tcT	S	S	149  	.   0.02	1g82B   99  S
ENSP00000371790	 rs9509841	tcA	tcT	S	S	149  	.   0.02	1g82C   98  S
ENSP00000371790	 rs9509841	tcA	tcT	S	S	149  	.   0.02	1g82D  101  S
ENSP00000371790	 rs9509841	tcA	tcT	S	S	149  	.   0.02	1ihkA   98  S
ENSP00000371790	 rs9509841	tcA	tcT	S	S	149  	.   0.02	3f1rA  101  S
ENSP00000371790	 rs9509841	tcA	tcT	S	S	149  	.   0.02	3f1rB  101  S
ENSP00000371790	 rs9509841	tcA	tcT	S	S	149  	.   0.02	5w59A   92  S
ENSP00000371980	 rs8192917	cGa	cAa	R	Q	55   	.    0.0	1fq3A   35  Q
ENSP00000371980	 rs8192917	cGa	cAa	R	Q	55   	.    0.0	1fq3B   35  Q
ENSP00000371980	 rs8192917	cGa	cAa	R	Q	55   	.    0.0	1iauA   35  R
ENSP00000371982	 rs8192917	cGa	cAa	R	Q	55   	.    0.0	1fq3A   35  Q
ENSP00000371982	 rs8192917	cGa	cAa	R	Q	55   	.    0.0	1fq3B   35  Q
ENSP00000371982	 rs8192917	cGa	cAa	R	Q	55   	.    0.0	1iauA   35  R
ENSP00000371985	 rs1048500	tgT	tgC	C	C	228  	.   0.01	2a79B  111  C
ENSP00000371985	 rs1048500	tgT	tgC	C	C	228  	.   0.01	2r9rB  198  C
ENSP00000371985	 rs1048500	tgT	tgC	C	C	228  	.   0.01	2r9rD  175  C
ENSP00000371985	 rs1048500	tgT	tgC	C	C	228  	.   0.01	3lnmB  201  C
ENSP00000371985	 rs1048500	tgT	tgC	C	C	228  	.   0.01	3lnmD  153  C
ENSP00000371985	 rs1048500	tgT	tgC	C	C	228  	.   0.01	3lutB  198  C
ENSP00000371985	 rs1048500	tgT	tgC	C	C	228  	.   0.01	4jtaB  198  C
ENSP00000371985	 rs1048500	tgT	tgC	C	C	228  	.   0.01	4jtaD  175  C
ENSP00000371985	 rs1048500	tgT	tgC	C	C	228  	.   0.01	4jtcB  198  C
ENSP00000371985	 rs1048500	tgT	tgC	C	C	228  	.   0.01	4jtcD  175  C
ENSP00000371985	 rs1048500	tgT	tgC	C	C	228  	.   0.01	4jtdB  198  C
ENSP00000371985	 rs1048500	tgT	tgC	C	C	228  	.   0.01	4jtdD  175  C
ENSP00000371985	 rs1048500	tgT	tgC	C	C	228  	.   0.01	5wieB  202  C
ENSP00000371985	 rs1048500	tgT	tgC	C	C	228  	.   0.01	5wieD  161  C
ENSP00000371985	 rs1048500	tgT	tgC	C	C	228  	.   0.01	6ebkB  199  C
ENSP00000371985	 rs1048500	tgT	tgC	C	C	228  	.   0.01	6ebkD  199  C
ENSP00000371985	 rs1048500	tgT	tgC	C	C	228  	.   0.01	6ebkF  199  C
ENSP00000371985	 rs1048500	tgT	tgC	C	C	228  	.   0.01	6ebkH  199  C
ENSP00000372006	rs17879961	aTt	aGt	I	S	157  	.   0.01	1gxcA   66  I
ENSP00000372006	rs17879961	aTt	aGt	I	S	157  	.   0.01	1gxcC   66  I
ENSP00000372006	rs17879961	aTt	aGt	I	S	157  	.   0.01	1gxcE   66  I
ENSP00000372006	rs17879961	aTt	aGt	I	S	157  	.   0.01	1gxcG   66  I
ENSP00000372006	rs17879961	aTt	aGt	I	S	157  	.   0.01	3i6uA   69  I
ENSP00000372006	rs17879961	aTt	aGt	I	S	157  	.   0.01	3i6uB   69  I
ENSP00000372006	rs17879961	aTt	aGt	I	S	157  	.   0.01	3i6wA   66  I
ENSP00000372006	rs17879961	aTt	aGt	I	S	157  	.   0.01	3i6wB   66  I
ENSP00000372006	rs17879961	aTt	aGt	I	S	157  	.   0.01	3i6wC   66  I
ENSP00000372006	rs17879961	aTt	aGt	I	S	157  	.   0.01	3i6wD   66  I
ENSP00000372006	rs17879961	aTt	aGt	I	S	157  	.   0.01	3i6wE   66  I
ENSP00000372006	rs17879961	aTt	aGt	I	S	157  	.   0.01	3i6wF   66  I
ENSP00000372006	rs17879961	aTt	aGt	I	S	157  	.   0.01	3i6wG   66  I
ENSP00000372006	rs17879961	aTt	aGt	I	S	157  	.   0.01	3i6wH   66  I
ENSP00000372006	rs17879961	aTt	aCt	I	T	157  	.   0.01	1gxcA   66  I
ENSP00000372006	rs17879961	aTt	aCt	I	T	157  	.   0.01	1gxcC   66  I
ENSP00000372006	rs17879961	aTt	aCt	I	T	157  	.   0.01	1gxcE   66  I
ENSP00000372006	rs17879961	aTt	aCt	I	T	157  	.   0.01	1gxcG   66  I
ENSP00000372006	rs17879961	aTt	aCt	I	T	157  	.   0.01	3i6uA   69  I
ENSP00000372006	rs17879961	aTt	aCt	I	T	157  	.   0.01	3i6uB   69  I
ENSP00000372006	rs17879961	aTt	aCt	I	T	157  	.   0.01	3i6wA   66  I
ENSP00000372006	rs17879961	aTt	aCt	I	T	157  	.   0.01	3i6wB   66  I
ENSP00000372006	rs17879961	aTt	aCt	I	T	157  	.   0.01	3i6wC   66  I
ENSP00000372006	rs17879961	aTt	aCt	I	T	157  	.   0.01	3i6wD   66  I
ENSP00000372006	rs17879961	aTt	aCt	I	T	157  	.   0.01	3i6wE   66  I
ENSP00000372006	rs17879961	aTt	aCt	I	T	157  	.   0.01	3i6wF   66  I
ENSP00000372006	rs17879961	aTt	aCt	I	T	157  	.   0.01	3i6wG   66  I
ENSP00000372006	rs17879961	aTt	aCt	I	T	157  	.   0.01	3i6wH   66  I
ENSP00000372006	rs28909982	Agg	Ggg	R	G	117  	.   0.01	1gxcA   26  R
ENSP00000372006	rs28909982	Agg	Ggg	R	G	117  	.   0.01	1gxcC   26  R
ENSP00000372006	rs28909982	Agg	Ggg	R	G	117  	.   0.01	1gxcE   26  R
ENSP00000372006	rs28909982	Agg	Ggg	R	G	117  	.   0.01	1gxcG   26  R
ENSP00000372006	rs28909982	Agg	Ggg	R	G	117  	.   0.01	3i6uA   29  R
ENSP00000372006	rs28909982	Agg	Ggg	R	G	117  	.   0.01	3i6uB   29  R
ENSP00000372006	rs28909982	Agg	Ggg	R	G	117  	.   0.01	3i6wA   26  R
ENSP00000372006	rs28909982	Agg	Ggg	R	G	117  	.   0.01	3i6wB   26  R
ENSP00000372006	rs28909982	Agg	Ggg	R	G	117  	.   0.01	3i6wC   26  R
ENSP00000372006	rs28909982	Agg	Ggg	R	G	117  	.   0.01	3i6wD   26  R
ENSP00000372006	rs28909982	Agg	Ggg	R	G	117  	.   0.01	3i6wE   26  R
ENSP00000372006	rs28909982	Agg	Ggg	R	G	117  	.   0.01	3i6wF   26  R
ENSP00000372006	rs28909982	Agg	Ggg	R	G	117  	.   0.01	3i6wG   26  R
ENSP00000372006	rs28909982	Agg	Ggg	R	G	117  	.   0.01	3i6wH   26  R
ENSP00000372023	rs17883172	Gag	Aag	E	K	544  	*   0.86	2cn5A  280  E
ENSP00000372023	rs17883172	Gag	Aag	E	K	544  	*   0.86	2cn8A  264  E
ENSP00000372023	rs17883172	Gag	Aag	E	K	544  	*   0.86	2w0jA  272  E
ENSP00000372023	rs17883172	Gag	Aag	E	K	544  	*   0.86	2w7xA  276  E
ENSP00000372023	rs17883172	Gag	Aag	E	K	544  	*   0.86	2wtcA  273  E
ENSP00000372023	rs17883172	Gag	Aag	E	K	544  	*   0.86	2wtdA  274  E
ENSP00000372023	rs17883172	Gag	Aag	E	K	544  	*   0.86	2wtiA  275  E
ENSP00000372023	rs17883172	Gag	Aag	E	K	544  	*   0.86	2wtjA  276  E
ENSP00000372023	rs17883172	Gag	Aag	E	K	544  	*   0.86	2xbjA  275  E
ENSP00000372023	rs17883172	Gag	Aag	E	K	544  	*   0.86	2xk9A  275  E
ENSP00000372023	rs17883172	Gag	Aag	E	K	544  	*   0.86	2xm8A  263  E
ENSP00000372023	rs17883172	Gag	Aag	E	K	544  	*   0.86	2xm9A  276  E
ENSP00000372023	rs17883172	Gag	Aag	E	K	544  	*   0.86	2ycfA  277  E
ENSP00000372023	rs17883172	Gag	Aag	E	K	544  	*   0.86	2ycqA  276  E
ENSP00000372023	rs17883172	Gag	Aag	E	K	544  	*   0.86	2ycrA  273  E
ENSP00000372023	rs17883172	Gag	Aag	E	K	544  	*   0.86	2ycsA  272  E
ENSP00000372023	rs17883172	Gag	Aag	E	K	544  	*   0.86	2yiqA  271  E
ENSP00000372023	rs17883172	Gag	Aag	E	K	544  	*   0.86	2yirA  278  E
ENSP00000372023	rs17883172	Gag	Aag	E	K	544  	*   0.86	2yitA  277  E
ENSP00000372023	rs17883172	Gag	Aag	E	K	544  	*   0.86	3i6uA  390  E
ENSP00000372023	rs17883172	Gag	Aag	E	K	544  	*   0.86	3i6uB  376  E
ENSP00000372023	rs17883172	Gag	Aag	E	K	544  	*   0.86	3i6wA  369  E
ENSP00000372023	rs17883172	Gag	Aag	E	K	544  	*   0.86	3i6wB  382  E
ENSP00000372023	rs17883172	Gag	Aag	E	K	544  	*   0.86	3i6wC  368  E
ENSP00000372023	rs17883172	Gag	Aag	E	K	544  	*   0.86	3i6wD  382  E
ENSP00000372023	rs17883172	Gag	Aag	E	K	544  	*   0.86	3i6wE  368  E
ENSP00000372023	rs17883172	Gag	Aag	E	K	544  	*   0.86	3i6wF  382  E
ENSP00000372023	rs17883172	Gag	Aag	E	K	544  	*   0.86	3i6wG  369  E
ENSP00000372023	rs17883172	Gag	Aag	E	K	544  	*   0.86	3i6wH  382  E
ENSP00000372023	rs17883172	Gag	Aag	E	K	544  	*   0.86	4a9rA  274  E
ENSP00000372023	rs17883172	Gag	Aag	E	K	544  	*   0.86	4a9sA  271  E
ENSP00000372023	rs17883172	Gag	Aag	E	K	544  	*   0.86	4a9tA  278  E
ENSP00000372023	rs17883172	Gag	Aag	E	K	544  	*   0.86	4a9uA  276  E
ENSP00000372023	rs17883172	Gag	Aag	E	K	544  	*   0.86	4bdaA  273  E
ENSP00000372023	rs17883172	Gag	Aag	E	K	544  	*   0.86	4bdbA  272  E
ENSP00000372023	rs17883172	Gag	Aag	E	K	544  	*   0.86	4bdcA  272  E
ENSP00000372023	rs17883172	Gag	Aag	E	K	544  	*   0.86	4bddA  270  E
ENSP00000372023	rs17883172	Gag	Aag	E	K	544  	*   0.86	4bdeA  272  E
ENSP00000372023	rs17883172	Gag	Aag	E	K	544  	*   0.86	4bdfA  274  E
ENSP00000372023	rs17883172	Gag	Aag	E	K	544  	*   0.86	4bdgA  275  E
ENSP00000372023	rs17883172	Gag	Aag	E	K	544  	*   0.86	4bdhA  271  E
ENSP00000372023	rs17883172	Gag	Aag	E	K	544  	*   0.86	4bdiA  276  E
ENSP00000372023	rs17883172	Gag	Aag	E	K	544  	*   0.86	4bdjA  270  E
ENSP00000372023	rs17883172	Gag	Aag	E	K	544  	*   0.86	4bdkA  274  E
ENSP00000372023	rs17886163	aTt	aGt	I	S	491  	.   0.02	2cn5A  227  I
ENSP00000372023	rs17886163	aTt	aGt	I	S	491  	.   0.02	2cn8A  211  I
ENSP00000372023	rs17886163	aTt	aGt	I	S	491  	.   0.02	2w0jA  219  I
ENSP00000372023	rs17886163	aTt	aGt	I	S	491  	.   0.02	2w7xA  223  I
ENSP00000372023	rs17886163	aTt	aGt	I	S	491  	.   0.02	2wtcA  220  I
ENSP00000372023	rs17886163	aTt	aGt	I	S	491  	.   0.02	2wtdA  221  I
ENSP00000372023	rs17886163	aTt	aGt	I	S	491  	.   0.02	2wtiA  222  I
ENSP00000372023	rs17886163	aTt	aGt	I	S	491  	.   0.02	2wtjA  223  I
ENSP00000372023	rs17886163	aTt	aGt	I	S	491  	.   0.02	2xbjA  222  I
ENSP00000372023	rs17886163	aTt	aGt	I	S	491  	.   0.02	2xk9A  222  I
ENSP00000372023	rs17886163	aTt	aGt	I	S	491  	.   0.02	2xm8A  210  I
ENSP00000372023	rs17886163	aTt	aGt	I	S	491  	.   0.02	2xm9A  223  I
ENSP00000372023	rs17886163	aTt	aGt	I	S	491  	.   0.02	2ycfA  224  I
ENSP00000372023	rs17886163	aTt	aGt	I	S	491  	.   0.02	2ycqA  223  I
ENSP00000372023	rs17886163	aTt	aGt	I	S	491  	.   0.02	2ycrA  220  I
ENSP00000372023	rs17886163	aTt	aGt	I	S	491  	.   0.02	2ycsA  219  I
ENSP00000372023	rs17886163	aTt	aGt	I	S	491  	.   0.02	2yiqA  218  I
ENSP00000372023	rs17886163	aTt	aGt	I	S	491  	.   0.02	2yirA  225  I
ENSP00000372023	rs17886163	aTt	aGt	I	S	491  	.   0.02	2yitA  224  I
ENSP00000372023	rs17886163	aTt	aGt	I	S	491  	.   0.02	3i6uA  337  I
ENSP00000372023	rs17886163	aTt	aGt	I	S	491  	.   0.02	3i6uB  323  I
ENSP00000372023	rs17886163	aTt	aGt	I	S	491  	.   0.02	3i6wA  316  I
ENSP00000372023	rs17886163	aTt	aGt	I	S	491  	.   0.02	3i6wB  329  I
ENSP00000372023	rs17886163	aTt	aGt	I	S	491  	.   0.02	3i6wC  315  I
ENSP00000372023	rs17886163	aTt	aGt	I	S	491  	.   0.02	3i6wD  329  I
ENSP00000372023	rs17886163	aTt	aGt	I	S	491  	.   0.02	3i6wE  315  I
ENSP00000372023	rs17886163	aTt	aGt	I	S	491  	.   0.02	3i6wF  329  I
ENSP00000372023	rs17886163	aTt	aGt	I	S	491  	.   0.02	3i6wG  316  I
ENSP00000372023	rs17886163	aTt	aGt	I	S	491  	.   0.02	3i6wH  329  I
ENSP00000372023	rs17886163	aTt	aGt	I	S	491  	.   0.02	4a9rA  221  I
ENSP00000372023	rs17886163	aTt	aGt	I	S	491  	.   0.02	4a9sA  218  I
ENSP00000372023	rs17886163	aTt	aGt	I	S	491  	.   0.02	4a9tA  225  I
ENSP00000372023	rs17886163	aTt	aGt	I	S	491  	.   0.02	4a9uA  223  I
ENSP00000372023	rs17886163	aTt	aGt	I	S	491  	.   0.02	4bdaA  220  I
ENSP00000372023	rs17886163	aTt	aGt	I	S	491  	.   0.02	4bdbA  219  I
ENSP00000372023	rs17886163	aTt	aGt	I	S	491  	.   0.02	4bdcA  219  I
ENSP00000372023	rs17886163	aTt	aGt	I	S	491  	.   0.02	4bddA  217  I
ENSP00000372023	rs17886163	aTt	aGt	I	S	491  	.   0.02	4bdeA  219  I
ENSP00000372023	rs17886163	aTt	aGt	I	S	491  	.   0.02	4bdfA  221  I
ENSP00000372023	rs17886163	aTt	aGt	I	S	491  	.   0.02	4bdgA  222  I
ENSP00000372023	rs17886163	aTt	aGt	I	S	491  	.   0.02	4bdhA  218  I
ENSP00000372023	rs17886163	aTt	aGt	I	S	491  	.   0.02	4bdiA  223  I
ENSP00000372023	rs17886163	aTt	aGt	I	S	491  	.   0.02	4bdjA  217  I
ENSP00000372023	rs17886163	aTt	aGt	I	S	491  	.   0.02	4bdkA  221  I
ENSP00000372023	rs28909980	Gac	Aac	D	N	390  	.   0.06	2cn5A  126  D
ENSP00000372023	rs28909980	Gac	Aac	D	N	390  	.   0.06	2cn8A  117  D
ENSP00000372023	rs28909980	Gac	Aac	D	N	390  	.   0.06	2w0jA  120  D
ENSP00000372023	rs28909980	Gac	Aac	D	N	390  	.   0.06	2w7xA  122  D
ENSP00000372023	rs28909980	Gac	Aac	D	N	390  	.   0.06	2wtcA  121  D
ENSP00000372023	rs28909980	Gac	Aac	D	N	390  	.   0.06	2wtdA  122  D
ENSP00000372023	rs28909980	Gac	Aac	D	N	390  	.   0.06	2wtiA  122  D
ENSP00000372023	rs28909980	Gac	Aac	D	N	390  	.   0.06	2wtjA  123  D
ENSP00000372023	rs28909980	Gac	Aac	D	N	390  	.   0.06	2xbjA  123  D
ENSP00000372023	rs28909980	Gac	Aac	D	N	390  	.   0.06	2xk9A  121  D
ENSP00000372023	rs28909980	Gac	Aac	D	N	390  	.   0.06	2xm8A  114  D
ENSP00000372023	rs28909980	Gac	Aac	D	N	390  	.   0.06	2xm9A  122  D
ENSP00000372023	rs28909980	Gac	Aac	D	N	390  	.   0.06	2ycfA  123  D
ENSP00000372023	rs28909980	Gac	Aac	D	N	390  	.   0.06	2ycqA  122  D
ENSP00000372023	rs28909980	Gac	Aac	D	N	390  	.   0.06	2ycrA  119  D
ENSP00000372023	rs28909980	Gac	Aac	D	N	390  	.   0.06	2ycsA  120  D
ENSP00000372023	rs28909980	Gac	Aac	D	N	390  	.   0.06	2yiqA  117  D
ENSP00000372023	rs28909980	Gac	Aac	D	N	390  	.   0.06	2yirA  124  D
ENSP00000372023	rs28909980	Gac	Aac	D	N	390  	.   0.06	2yitA  123  D
ENSP00000372023	rs28909980	Gac	Aac	D	N	390  	.   0.06	3i6uA  251  D
ENSP00000372023	rs28909980	Gac	Aac	D	N	390  	.   0.06	3i6uB  251  D
ENSP00000372023	rs28909980	Gac	Aac	D	N	390  	.   0.06	3i6wA  237  D
ENSP00000372023	rs28909980	Gac	Aac	D	N	390  	.   0.06	3i6wB  237  D
ENSP00000372023	rs28909980	Gac	Aac	D	N	390  	.   0.06	3i6wC  236  D
ENSP00000372023	rs28909980	Gac	Aac	D	N	390  	.   0.06	3i6wD  237  D
ENSP00000372023	rs28909980	Gac	Aac	D	N	390  	.   0.06	3i6wE  236  D
ENSP00000372023	rs28909980	Gac	Aac	D	N	390  	.   0.06	3i6wF  237  D
ENSP00000372023	rs28909980	Gac	Aac	D	N	390  	.   0.06	3i6wG  237  D
ENSP00000372023	rs28909980	Gac	Aac	D	N	390  	.   0.06	3i6wH  237  D
ENSP00000372023	rs28909980	Gac	Aac	D	N	390  	.   0.06	4a9rA  120  D
ENSP00000372023	rs28909980	Gac	Aac	D	N	390  	.   0.06	4a9sA  119  D
ENSP00000372023	rs28909980	Gac	Aac	D	N	390  	.   0.06	4a9tA  124  D
ENSP00000372023	rs28909980	Gac	Aac	D	N	390  	.   0.06	4a9uA  124  D
ENSP00000372023	rs28909980	Gac	Aac	D	N	390  	.   0.06	4bdaA  120  D
ENSP00000372023	rs28909980	Gac	Aac	D	N	390  	.   0.06	4bdbA  119  D
ENSP00000372023	rs28909980	Gac	Aac	D	N	390  	.   0.06	4bdcA  119  D
ENSP00000372023	rs28909980	Gac	Aac	D	N	390  	.   0.06	4bddA  118  D
ENSP00000372023	rs28909980	Gac	Aac	D	N	390  	.   0.06	4bdeA  120  D
ENSP00000372023	rs28909980	Gac	Aac	D	N	390  	.   0.06	4bdfA  120  D
ENSP00000372023	rs28909980	Gac	Aac	D	N	390  	.   0.06	4bdgA  121  D
ENSP00000372023	rs28909980	Gac	Aac	D	N	390  	.   0.06	4bdhA  117  D
ENSP00000372023	rs28909980	Gac	Aac	D	N	390  	.   0.06	4bdiA  122  D
ENSP00000372023	rs28909980	Gac	Aac	D	N	390  	.   0.06	4bdjA  117  D
ENSP00000372023	rs28909980	Gac	Aac	D	N	390  	.   0.06	4bdkA  120  D
ENSP00000372023	rs17879961	aTt	aGt	I	S	200  	.   0.01	1gxcA   66  I
ENSP00000372023	rs17879961	aTt	aGt	I	S	200  	.   0.01	1gxcC   66  I
ENSP00000372023	rs17879961	aTt	aGt	I	S	200  	.   0.01	1gxcE   66  I
ENSP00000372023	rs17879961	aTt	aGt	I	S	200  	.   0.01	1gxcG   66  I
ENSP00000372023	rs17879961	aTt	aGt	I	S	200  	.   0.01	3i6uA   69  I
ENSP00000372023	rs17879961	aTt	aGt	I	S	200  	.   0.01	3i6uB   69  I
ENSP00000372023	rs17879961	aTt	aGt	I	S	200  	.   0.01	3i6wA   66  I
ENSP00000372023	rs17879961	aTt	aGt	I	S	200  	.   0.01	3i6wB   66  I
ENSP00000372023	rs17879961	aTt	aGt	I	S	200  	.   0.01	3i6wC   66  I
ENSP00000372023	rs17879961	aTt	aGt	I	S	200  	.   0.01	3i6wD   66  I
ENSP00000372023	rs17879961	aTt	aGt	I	S	200  	.   0.01	3i6wE   66  I
ENSP00000372023	rs17879961	aTt	aGt	I	S	200  	.   0.01	3i6wF   66  I
ENSP00000372023	rs17879961	aTt	aGt	I	S	200  	.   0.01	3i6wG   66  I
ENSP00000372023	rs17879961	aTt	aGt	I	S	200  	.   0.01	3i6wH   66  I
ENSP00000372023	rs17879961	aTt	aCt	I	T	200  	.   0.01	1gxcA   66  I
ENSP00000372023	rs17879961	aTt	aCt	I	T	200  	.   0.01	1gxcC   66  I
ENSP00000372023	rs17879961	aTt	aCt	I	T	200  	.   0.01	1gxcE   66  I
ENSP00000372023	rs17879961	aTt	aCt	I	T	200  	.   0.01	1gxcG   66  I
ENSP00000372023	rs17879961	aTt	aCt	I	T	200  	.   0.01	3i6uA   69  I
ENSP00000372023	rs17879961	aTt	aCt	I	T	200  	.   0.01	3i6uB   69  I
ENSP00000372023	rs17879961	aTt	aCt	I	T	200  	.   0.01	3i6wA   66  I
ENSP00000372023	rs17879961	aTt	aCt	I	T	200  	.   0.01	3i6wB   66  I
ENSP00000372023	rs17879961	aTt	aCt	I	T	200  	.   0.01	3i6wC   66  I
ENSP00000372023	rs17879961	aTt	aCt	I	T	200  	.   0.01	3i6wD   66  I
ENSP00000372023	rs17879961	aTt	aCt	I	T	200  	.   0.01	3i6wE   66  I
ENSP00000372023	rs17879961	aTt	aCt	I	T	200  	.   0.01	3i6wF   66  I
ENSP00000372023	rs17879961	aTt	aCt	I	T	200  	.   0.01	3i6wG   66  I
ENSP00000372023	rs17879961	aTt	aCt	I	T	200  	.   0.01	3i6wH   66  I
ENSP00000372023	rs28909982	Agg	Ggg	R	G	160  	.   0.01	1gxcA   26  R
ENSP00000372023	rs28909982	Agg	Ggg	R	G	160  	.   0.01	1gxcC   26  R
ENSP00000372023	rs28909982	Agg	Ggg	R	G	160  	.   0.01	1gxcE   26  R
ENSP00000372023	rs28909982	Agg	Ggg	R	G	160  	.   0.01	1gxcG   26  R
ENSP00000372023	rs28909982	Agg	Ggg	R	G	160  	.   0.01	3i6uA   29  R
ENSP00000372023	rs28909982	Agg	Ggg	R	G	160  	.   0.01	3i6uB   29  R
ENSP00000372023	rs28909982	Agg	Ggg	R	G	160  	.   0.01	3i6wA   26  R
ENSP00000372023	rs28909982	Agg	Ggg	R	G	160  	.   0.01	3i6wB   26  R
ENSP00000372023	rs28909982	Agg	Ggg	R	G	160  	.   0.01	3i6wC   26  R
ENSP00000372023	rs28909982	Agg	Ggg	R	G	160  	.   0.01	3i6wD   26  R
ENSP00000372023	rs28909982	Agg	Ggg	R	G	160  	.   0.01	3i6wE   26  R
ENSP00000372023	rs28909982	Agg	Ggg	R	G	160  	.   0.01	3i6wF   26  R
ENSP00000372023	rs28909982	Agg	Ggg	R	G	160  	.   0.01	3i6wG   26  R
ENSP00000372023	rs28909982	Agg	Ggg	R	G	160  	.   0.01	3i6wH   26  R
ENSP00000372042	 rs3796403	atC	atT	I	I	429  	.   0.04	3dw8B  408  V
ENSP00000372042	 rs3796403	atC	atT	I	I	429  	.   0.04	3dw8E  408  V
ENSP00000372191	rs11246020	Gtc	Ttc	V	F	208  	.   0.01	3glrA   88  V
ENSP00000372191	rs11246020	Gtc	Ttc	V	F	208  	.   0.01	3glsA   87  V
ENSP00000372191	rs11246020	Gtc	Ttc	V	F	208  	.   0.01	3glsB   86  V
ENSP00000372191	rs11246020	Gtc	Ttc	V	F	208  	.   0.01	3glsC   87  V
ENSP00000372191	rs11246020	Gtc	Ttc	V	F	208  	.   0.01	3glsD   88  V
ENSP00000372191	rs11246020	Gtc	Ttc	V	F	208  	.   0.01	3glsE   88  V
ENSP00000372191	rs11246020	Gtc	Ttc	V	F	208  	.   0.01	3glsF   86  V
ENSP00000372191	rs11246020	Gtc	Ttc	V	F	208  	.   0.01	3gltA   88  V
ENSP00000372191	rs11246020	Gtc	Ttc	V	F	208  	.   0.01	3gluA   88  V
ENSP00000372191	rs11246020	Gtc	Ttc	V	F	208  	.   0.01	4bn4A   88  V
ENSP00000372191	rs11246020	Gtc	Ttc	V	F	208  	.   0.01	4bn5A   87  V
ENSP00000372191	rs11246020	Gtc	Ttc	V	F	208  	.   0.01	4bn5B   87  V
ENSP00000372191	rs11246020	Gtc	Ttc	V	F	208  	.   0.01	4bn5C   87  V
ENSP00000372191	rs11246020	Gtc	Ttc	V	F	208  	.   0.01	4bn5D   87  V
ENSP00000372191	rs11246020	Gtc	Ttc	V	F	208  	.   0.01	4bn5E   87  V
ENSP00000372191	rs11246020	Gtc	Ttc	V	F	208  	.   0.01	4bn5F   87  V
ENSP00000372191	rs11246020	Gtc	Ttc	V	F	208  	.   0.01	4bn5G   87  V
ENSP00000372191	rs11246020	Gtc	Ttc	V	F	208  	.   0.01	4bn5H   87  V
ENSP00000372191	rs11246020	Gtc	Ttc	V	F	208  	.   0.01	4bn5I   87  V
ENSP00000372191	rs11246020	Gtc	Ttc	V	F	208  	.   0.01	4bn5J   87  V
ENSP00000372191	rs11246020	Gtc	Ttc	V	F	208  	.   0.01	4bn5K   87  V
ENSP00000372191	rs11246020	Gtc	Ttc	V	F	208  	.   0.01	4bn5L   87  V
ENSP00000372191	rs11246020	Gtc	Ttc	V	F	208  	.   0.01	4bv3A   87  V
ENSP00000372191	rs11246020	Gtc	Ttc	V	F	208  	.   0.01	4bvbA   87  V
ENSP00000372191	rs11246020	Gtc	Ttc	V	F	208  	.   0.01	4bveA   88  V
ENSP00000372191	rs11246020	Gtc	Ttc	V	F	208  	.   0.01	4bvfA   87  V
ENSP00000372191	rs11246020	Gtc	Ttc	V	F	208  	.   0.01	4bvgA   87  V
ENSP00000372191	rs11246020	Gtc	Ttc	V	F	208  	.   0.01	4bvhA   88  V
ENSP00000372191	rs11246020	Gtc	Ttc	V	F	208  	.   0.01	4bvhB   88  V
ENSP00000372191	rs11246020	Gtc	Ttc	V	F	208  	.   0.01	4bvhC   85  V
ENSP00000372191	rs11246020	Gtc	Ttc	V	F	208  	.   0.01	4c78A   75  V
ENSP00000372191	rs11246020	Gtc	Ttc	V	F	208  	.   0.01	4c7bA   76  V
ENSP00000372191	rs11246020	Gtc	Ttc	V	F	208  	.   0.01	4fvtA   87  V
ENSP00000372191	rs11246020	Gtc	Ttc	V	F	208  	.   0.01	4fz3A   77  V
ENSP00000372191	rs11246020	Gtc	Ttc	V	F	208  	.   0.01	4hd8A   75  V
ENSP00000372191	rs11246020	Gtc	Ttc	V	F	208  	.   0.01	4jsrA   88  V
ENSP00000372191	rs11246020	Gtc	Ttc	V	F	208  	.   0.01	4jt8A   89  V
ENSP00000372191	rs11246020	Gtc	Ttc	V	F	208  	.   0.01	4jt9A   89  V
ENSP00000372191	rs11246020	Gtc	Ttc	V	F	208  	.   0.01	4o8zA   86  V
ENSP00000372191	rs11246020	Gtc	Ttc	V	F	208  	.   0.01	4v1cA   84  V
ENSP00000372191	rs11246020	Gtc	Ttc	V	F	208  	.   0.01	4v1cB   77  V
ENSP00000372191	rs11246020	Gtc	Ttc	V	F	208  	.   0.01	4v1cE   77  V
ENSP00000372191	rs11246020	Gtc	Ttc	V	F	208  	.   0.01	4v1cG   70  V
ENSP00000372191	rs11246020	Gtc	Ttc	V	F	208  	.   0.01	4v1cI   66  V
ENSP00000372191	rs11246020	Gtc	Ttc	V	F	208  	.   0.01	4v1cK   38  V
ENSP00000372191	rs11246020	Gtc	Ttc	V	F	208  	.   0.01	5bwnB   88  V
ENSP00000372191	rs11246020	Gtc	Ttc	V	F	208  	.   0.01	5bwoB   88  V
ENSP00000372191	rs11246020	Gtc	Ttc	V	F	208  	.   0.01	5d7nA   88  V
ENSP00000372191	rs11246020	Gtc	Ttc	V	F	208  	.   0.01	5d7nB   87  V
ENSP00000372191	rs11246020	Gtc	Ttc	V	F	208  	.   0.01	5d7nC   88  V
ENSP00000372191	rs11246020	Gtc	Ttc	V	F	208  	.   0.01	5d7nD   88  V
ENSP00000372191	rs11246020	Gtc	Ttc	V	F	208  	.   0.01	5d7nE   87  V
ENSP00000372191	rs11246020	Gtc	Ttc	V	F	208  	.   0.01	5d7nF   87  V
ENSP00000372191	rs11246020	Gtc	Ttc	V	F	208  	.   0.01	5h4dA   88  V
ENSP00000372191	rs11246020	Gtc	Ttc	V	F	208  	.   0.01	5h4dC   88  V
ENSP00000372191	rs11246020	Gtc	Ttc	V	F	208  	.   0.01	5y4hA   73  V
ENSP00000372191	rs11246020	Gtc	Ttc	V	F	208  	.   0.01	5ytkA   88  V
ENSP00000372191	rs11246020	Gtc	Ttc	V	F	208  	.   0.01	5ytkB   88  V
ENSP00000372191	rs11246020	Gtc	Ttc	V	F	208  	.   0.01	5ytkC   87  V
ENSP00000372191	rs11246020	Gtc	Ttc	V	F	208  	.   0.01	5ytkD   88  V
ENSP00000372191	rs11246020	Gtc	Ttc	V	F	208  	.   0.01	5ytkE   88  V
ENSP00000372191	rs11246020	Gtc	Ttc	V	F	208  	.   0.01	5ytkF   88  V
ENSP00000372191	rs11246020	Gtc	Atc	V	I	208  	.   0.01	3glrA   88  V
ENSP00000372191	rs11246020	Gtc	Atc	V	I	208  	.   0.01	3glsA   87  V
ENSP00000372191	rs11246020	Gtc	Atc	V	I	208  	.   0.01	3glsB   86  V
ENSP00000372191	rs11246020	Gtc	Atc	V	I	208  	.   0.01	3glsC   87  V
ENSP00000372191	rs11246020	Gtc	Atc	V	I	208  	.   0.01	3glsD   88  V
ENSP00000372191	rs11246020	Gtc	Atc	V	I	208  	.   0.01	3glsE   88  V
ENSP00000372191	rs11246020	Gtc	Atc	V	I	208  	.   0.01	3glsF   86  V
ENSP00000372191	rs11246020	Gtc	Atc	V	I	208  	.   0.01	3gltA   88  V
ENSP00000372191	rs11246020	Gtc	Atc	V	I	208  	.   0.01	3gluA   88  V
ENSP00000372191	rs11246020	Gtc	Atc	V	I	208  	.   0.01	4bn4A   88  V
ENSP00000372191	rs11246020	Gtc	Atc	V	I	208  	.   0.01	4bn5A   87  V
ENSP00000372191	rs11246020	Gtc	Atc	V	I	208  	.   0.01	4bn5B   87  V
ENSP00000372191	rs11246020	Gtc	Atc	V	I	208  	.   0.01	4bn5C   87  V
ENSP00000372191	rs11246020	Gtc	Atc	V	I	208  	.   0.01	4bn5D   87  V
ENSP00000372191	rs11246020	Gtc	Atc	V	I	208  	.   0.01	4bn5E   87  V
ENSP00000372191	rs11246020	Gtc	Atc	V	I	208  	.   0.01	4bn5F   87  V
ENSP00000372191	rs11246020	Gtc	Atc	V	I	208  	.   0.01	4bn5G   87  V
ENSP00000372191	rs11246020	Gtc	Atc	V	I	208  	.   0.01	4bn5H   87  V
ENSP00000372191	rs11246020	Gtc	Atc	V	I	208  	.   0.01	4bn5I   87  V
ENSP00000372191	rs11246020	Gtc	Atc	V	I	208  	.   0.01	4bn5J   87  V
ENSP00000372191	rs11246020	Gtc	Atc	V	I	208  	.   0.01	4bn5K   87  V
ENSP00000372191	rs11246020	Gtc	Atc	V	I	208  	.   0.01	4bn5L   87  V
ENSP00000372191	rs11246020	Gtc	Atc	V	I	208  	.   0.01	4bv3A   87  V
ENSP00000372191	rs11246020	Gtc	Atc	V	I	208  	.   0.01	4bvbA   87  V
ENSP00000372191	rs11246020	Gtc	Atc	V	I	208  	.   0.01	4bveA   88  V
ENSP00000372191	rs11246020	Gtc	Atc	V	I	208  	.   0.01	4bvfA   87  V
ENSP00000372191	rs11246020	Gtc	Atc	V	I	208  	.   0.01	4bvgA   87  V
ENSP00000372191	rs11246020	Gtc	Atc	V	I	208  	.   0.01	4bvhA   88  V
ENSP00000372191	rs11246020	Gtc	Atc	V	I	208  	.   0.01	4bvhB   88  V
ENSP00000372191	rs11246020	Gtc	Atc	V	I	208  	.   0.01	4bvhC   85  V
ENSP00000372191	rs11246020	Gtc	Atc	V	I	208  	.   0.01	4c78A   75  V
ENSP00000372191	rs11246020	Gtc	Atc	V	I	208  	.   0.01	4c7bA   76  V
ENSP00000372191	rs11246020	Gtc	Atc	V	I	208  	.   0.01	4fvtA   87  V
ENSP00000372191	rs11246020	Gtc	Atc	V	I	208  	.   0.01	4fz3A   77  V
ENSP00000372191	rs11246020	Gtc	Atc	V	I	208  	.   0.01	4hd8A   75  V
ENSP00000372191	rs11246020	Gtc	Atc	V	I	208  	.   0.01	4jsrA   88  V
ENSP00000372191	rs11246020	Gtc	Atc	V	I	208  	.   0.01	4jt8A   89  V
ENSP00000372191	rs11246020	Gtc	Atc	V	I	208  	.   0.01	4jt9A   89  V
ENSP00000372191	rs11246020	Gtc	Atc	V	I	208  	.   0.01	4o8zA   86  V
ENSP00000372191	rs11246020	Gtc	Atc	V	I	208  	.   0.01	4v1cA   84  V
ENSP00000372191	rs11246020	Gtc	Atc	V	I	208  	.   0.01	4v1cB   77  V
ENSP00000372191	rs11246020	Gtc	Atc	V	I	208  	.   0.01	4v1cE   77  V
ENSP00000372191	rs11246020	Gtc	Atc	V	I	208  	.   0.01	4v1cG   70  V
ENSP00000372191	rs11246020	Gtc	Atc	V	I	208  	.   0.01	4v1cI   66  V
ENSP00000372191	rs11246020	Gtc	Atc	V	I	208  	.   0.01	4v1cK   38  V
ENSP00000372191	rs11246020	Gtc	Atc	V	I	208  	.   0.01	5bwnB   88  V
ENSP00000372191	rs11246020	Gtc	Atc	V	I	208  	.   0.01	5bwoB   88  V
ENSP00000372191	rs11246020	Gtc	Atc	V	I	208  	.   0.01	5d7nA   88  V
ENSP00000372191	rs11246020	Gtc	Atc	V	I	208  	.   0.01	5d7nB   87  V
ENSP00000372191	rs11246020	Gtc	Atc	V	I	208  	.   0.01	5d7nC   88  V
ENSP00000372191	rs11246020	Gtc	Atc	V	I	208  	.   0.01	5d7nD   88  V
ENSP00000372191	rs11246020	Gtc	Atc	V	I	208  	.   0.01	5d7nE   87  V
ENSP00000372191	rs11246020	Gtc	Atc	V	I	208  	.   0.01	5d7nF   87  V
ENSP00000372191	rs11246020	Gtc	Atc	V	I	208  	.   0.01	5h4dA   88  V
ENSP00000372191	rs11246020	Gtc	Atc	V	I	208  	.   0.01	5h4dC   88  V
ENSP00000372191	rs11246020	Gtc	Atc	V	I	208  	.   0.01	5y4hA   73  V
ENSP00000372191	rs11246020	Gtc	Atc	V	I	208  	.   0.01	5ytkA   88  V
ENSP00000372191	rs11246020	Gtc	Atc	V	I	208  	.   0.01	5ytkB   88  V
ENSP00000372191	rs11246020	Gtc	Atc	V	I	208  	.   0.01	5ytkC   87  V
ENSP00000372191	rs11246020	Gtc	Atc	V	I	208  	.   0.01	5ytkD   88  V
ENSP00000372191	rs11246020	Gtc	Atc	V	I	208  	.   0.01	5ytkE   88  V
ENSP00000372191	rs11246020	Gtc	Atc	V	I	208  	.   0.01	5ytkF   88  V
ENSP00000372221	 rs1455555	Atc	Gtc	I	V	319  	.   0.04	1wz9A  315  I
ENSP00000372221	 rs1455555	Atc	Gtc	I	V	319  	.   0.04	1wz9B  309  I
ENSP00000372221	 rs1455555	Atc	Gtc	I	V	319  	.   0.04	1xqgA  322  I
ENSP00000372221	 rs1455555	Atc	Gtc	I	V	319  	.   0.04	1xqgB  322  I
ENSP00000372221	 rs1455555	Atc	Gtc	I	V	319  	.   0.04	1xqjA  322  I
ENSP00000372221	 rs1455555	Atc	Gtc	I	V	319  	.   0.04	1xu8A  320  I
ENSP00000372221	 rs1455555	Atc	Gtc	I	V	319  	.   0.04	1xu8B  320  I
ENSP00000372224	rs16844401	cGc	cAc	R	H	509  	.   0.03	1ybwA  110  R
ENSP00000372224	rs16844401	cGc	cAc	R	H	509  	.   0.03	1ybwB  110  R
ENSP00000372224	rs16844401	cGc	cAc	R	H	509  	.   0.03	1yc0A  110  R
ENSP00000372224	rs16844401	cGc	cAc	R	H	509  	.   0.03	2r0kA  102  R
ENSP00000372224	rs16844401	cGc	cAc	R	H	509  	.   0.03	2r0lC  102  R
ENSP00000372224	rs16844401	cGc	cAc	R	H	509  	.   0.03	2wubA  102  R
ENSP00000372224	rs16844401	cGc	cAc	R	H	509  	.   0.03	2wubC  102  R
ENSP00000372224	rs16844401	cGc	cAc	R	H	509  	.   0.03	2wucA  102  R
ENSP00000372224	rs16844401	cGc	cAc	R	H	509  	.   0.03	3k2uA  102  R
ENSP00000372224	rs16844401	cGc	cTc	R	L	509  	.   0.03	1ybwA  110  R
ENSP00000372224	rs16844401	cGc	cTc	R	L	509  	.   0.03	1ybwB  110  R
ENSP00000372224	rs16844401	cGc	cTc	R	L	509  	.   0.03	1yc0A  110  R
ENSP00000372224	rs16844401	cGc	cTc	R	L	509  	.   0.03	2r0kA  102  R
ENSP00000372224	rs16844401	cGc	cTc	R	L	509  	.   0.03	2r0lC  102  R
ENSP00000372224	rs16844401	cGc	cTc	R	L	509  	.   0.03	2wubA  102  R
ENSP00000372224	rs16844401	cGc	cTc	R	L	509  	.   0.03	2wubC  102  R
ENSP00000372224	rs16844401	cGc	cTc	R	L	509  	.   0.03	2wucA  102  R
ENSP00000372224	rs16844401	cGc	cTc	R	L	509  	.   0.03	3k2uA  102  R
ENSP00000372295	rs35887622	aTg	aGg	M	R	34   	.   0.33	2zw3A   33  M
ENSP00000372295	rs35887622	aTg	aGg	M	R	34   	.   0.33	2zw3B   33  M
ENSP00000372295	rs35887622	aTg	aGg	M	R	34   	.   0.33	2zw3C   33  M
ENSP00000372295	rs35887622	aTg	aGg	M	R	34   	.   0.33	2zw3D   33  M
ENSP00000372295	rs35887622	aTg	aGg	M	R	34   	.   0.33	2zw3E   33  M
ENSP00000372295	rs35887622	aTg	aGg	M	R	34   	.   0.33	2zw3F   33  M
ENSP00000372295	rs35887622	aTg	aGg	M	R	34   	.   0.33	5er7A   16  M
ENSP00000372295	rs35887622	aTg	aGg	M	R	34   	.   0.33	5er7B   16  M
ENSP00000372295	rs35887622	aTg	aGg	M	R	34   	.   0.33	5eraA   14  M
ENSP00000372295	rs35887622	aTg	aGg	M	R	34   	.   0.33	5eraB   17  M
ENSP00000372295	rs35887622	aTg	aCg	M	T	34   	.   0.33	2zw3A   33  M
ENSP00000372295	rs35887622	aTg	aCg	M	T	34   	.   0.33	2zw3B   33  M
ENSP00000372295	rs35887622	aTg	aCg	M	T	34   	.   0.33	2zw3C   33  M
ENSP00000372295	rs35887622	aTg	aCg	M	T	34   	.   0.33	2zw3D   33  M
ENSP00000372295	rs35887622	aTg	aCg	M	T	34   	.   0.33	2zw3E   33  M
ENSP00000372295	rs35887622	aTg	aCg	M	T	34   	.   0.33	2zw3F   33  M
ENSP00000372295	rs35887622	aTg	aCg	M	T	34   	.   0.33	5er7A   16  M
ENSP00000372295	rs35887622	aTg	aCg	M	T	34   	.   0.33	5er7B   16  M
ENSP00000372295	rs35887622	aTg	aCg	M	T	34   	.   0.33	5eraA   14  M
ENSP00000372295	rs35887622	aTg	aCg	M	T	34   	.   0.33	5eraB   17  M
ENSP00000372299	rs35887622	aTg	aGg	M	R	34   	.   0.33	2zw3A   33  M
ENSP00000372299	rs35887622	aTg	aGg	M	R	34   	.   0.33	2zw3B   33  M
ENSP00000372299	rs35887622	aTg	aGg	M	R	34   	.   0.33	2zw3C   33  M
ENSP00000372299	rs35887622	aTg	aGg	M	R	34   	.   0.33	2zw3D   33  M
ENSP00000372299	rs35887622	aTg	aGg	M	R	34   	.   0.33	2zw3E   33  M
ENSP00000372299	rs35887622	aTg	aGg	M	R	34   	.   0.33	2zw3F   33  M
ENSP00000372299	rs35887622	aTg	aGg	M	R	34   	.   0.33	5er7A   16  M
ENSP00000372299	rs35887622	aTg	aGg	M	R	34   	.   0.33	5er7B   16  M
ENSP00000372299	rs35887622	aTg	aGg	M	R	34   	.   0.33	5eraA   14  M
ENSP00000372299	rs35887622	aTg	aGg	M	R	34   	.   0.33	5eraB   17  M
ENSP00000372299	rs35887622	aTg	aCg	M	T	34   	.   0.33	2zw3A   33  M
ENSP00000372299	rs35887622	aTg	aCg	M	T	34   	.   0.33	2zw3B   33  M
ENSP00000372299	rs35887622	aTg	aCg	M	T	34   	.   0.33	2zw3C   33  M
ENSP00000372299	rs35887622	aTg	aCg	M	T	34   	.   0.33	2zw3D   33  M
ENSP00000372299	rs35887622	aTg	aCg	M	T	34   	.   0.33	2zw3E   33  M
ENSP00000372299	rs35887622	aTg	aCg	M	T	34   	.   0.33	2zw3F   33  M
ENSP00000372299	rs35887622	aTg	aCg	M	T	34   	.   0.33	5er7A   16  M
ENSP00000372299	rs35887622	aTg	aCg	M	T	34   	.   0.33	5er7B   16  M
ENSP00000372299	rs35887622	aTg	aCg	M	T	34   	.   0.33	5eraA   14  M
ENSP00000372299	rs35887622	aTg	aCg	M	T	34   	.   0.33	5eraB   17  M
ENSP00000372316	 rs6830513	acA	acG	T	T	378  	.   0.07	4xviA  176  T
ENSP00000372316	 rs6830513	acA	acG	T	T	378  	.   0.07	4xvkA  174  T
ENSP00000372316	 rs6830513	acA	acG	T	T	378  	.   0.07	4xvlA  174  T
ENSP00000372316	 rs6830513	acA	acG	T	T	378  	.   0.07	4xvmA  174  T
ENSP00000372316	rs10018786	Atg	Gtg	M	V	310  	.   0.08	4xviA  108  M
ENSP00000372316	rs10018786	Atg	Gtg	M	V	310  	.   0.08	4xvkA  106  M
ENSP00000372316	rs10018786	Atg	Gtg	M	V	310  	.   0.08	4xvlA  106  M
ENSP00000372316	rs10018786	Atg	Gtg	M	V	310  	.   0.08	4xvmA  106  M
ENSP00000372316	rs10018786	Atg	Ctg	M	L	310  	.   0.08	4xviA  108  M
ENSP00000372316	rs10018786	Atg	Ctg	M	L	310  	.   0.08	4xvkA  106  M
ENSP00000372316	rs10018786	Atg	Ctg	M	L	310  	.   0.08	4xvlA  106  M
ENSP00000372316	rs10018786	Atg	Ctg	M	L	310  	.   0.08	4xvmA  106  M
ENSP00000372326	  rs536560	ccA	ccG	P	P	313  	.   0.09	1hrkA  243  P
ENSP00000372326	  rs536560	ccA	ccG	P	P	313  	.   0.09	1hrkB  243  P
ENSP00000372326	  rs536560	ccA	ccG	P	P	313  	.   0.09	2hrcA  243  P
ENSP00000372326	  rs536560	ccA	ccG	P	P	313  	.   0.09	2hrcB  243  P
ENSP00000372326	  rs536560	ccA	ccG	P	P	313  	.   0.09	2hreA  243  P
ENSP00000372326	  rs536560	ccA	ccG	P	P	313  	.   0.09	2hreB  243  P
ENSP00000372326	  rs536560	ccA	ccG	P	P	313  	.   0.09	2hreC  243  P
ENSP00000372326	  rs536560	ccA	ccG	P	P	313  	.   0.09	2hreD  243  P
ENSP00000372326	  rs536560	ccA	ccG	P	P	313  	.   0.09	2pnjA  239  P
ENSP00000372326	  rs536560	ccA	ccG	P	P	313  	.   0.09	2pnjB  240  P
ENSP00000372326	  rs536560	ccA	ccG	P	P	313  	.   0.09	2po5A  243  P
ENSP00000372326	  rs536560	ccA	ccG	P	P	313  	.   0.09	2po5B  243  P
ENSP00000372326	  rs536560	ccA	ccG	P	P	313  	.   0.09	2po7A  243  P
ENSP00000372326	  rs536560	ccA	ccG	P	P	313  	.   0.09	2po7B  243  P
ENSP00000372326	  rs536560	ccA	ccG	P	P	313  	.   0.09	2qd1A  243  P
ENSP00000372326	  rs536560	ccA	ccG	P	P	313  	.   0.09	2qd1B  243  P
ENSP00000372326	  rs536560	ccA	ccG	P	P	313  	.   0.09	2qd1C  243  P
ENSP00000372326	  rs536560	ccA	ccG	P	P	313  	.   0.09	2qd1D  243  P
ENSP00000372326	  rs536560	ccA	ccG	P	P	313  	.   0.09	2qd2A  243  P
ENSP00000372326	  rs536560	ccA	ccG	P	P	313  	.   0.09	2qd2B  243  P
ENSP00000372326	  rs536560	ccA	ccG	P	P	313  	.   0.09	2qd3A  243  P
ENSP00000372326	  rs536560	ccA	ccG	P	P	313  	.   0.09	2qd3B  243  P
ENSP00000372326	  rs536560	ccA	ccG	P	P	313  	.   0.09	2qd4A  243  P
ENSP00000372326	  rs536560	ccA	ccG	P	P	313  	.   0.09	2qd4B  243  P
ENSP00000372326	  rs536560	ccA	ccG	P	P	313  	.   0.09	2qd5A  243  P
ENSP00000372326	  rs536560	ccA	ccG	P	P	313  	.   0.09	2qd5B  243  P
ENSP00000372326	  rs536560	ccA	ccG	P	P	313  	.   0.09	3aqiA  243  P
ENSP00000372326	  rs536560	ccA	ccG	P	P	313  	.   0.09	3aqiB  243  P
ENSP00000372326	  rs536560	ccA	ccG	P	P	313  	.   0.09	3hcnA  243  P
ENSP00000372326	  rs536560	ccA	ccG	P	P	313  	.   0.09	3hcnB  243  P
ENSP00000372326	  rs536560	ccA	ccG	P	P	313  	.   0.09	3hcoA  243  P
ENSP00000372326	  rs536560	ccA	ccG	P	P	313  	.   0.09	3hcoB  243  P
ENSP00000372326	  rs536560	ccA	ccG	P	P	313  	.   0.09	3hcpA  243  P
ENSP00000372326	  rs536560	ccA	ccG	P	P	313  	.   0.09	3hcpB  243  P
ENSP00000372326	  rs536560	ccA	ccG	P	P	313  	.   0.09	3hcrA  243  P
ENSP00000372326	  rs536560	ccA	ccG	P	P	313  	.   0.09	3hcrB  243  P
ENSP00000372326	  rs536560	ccA	ccG	P	P	313  	.   0.09	3w1wA  243  P
ENSP00000372326	  rs536560	ccA	ccG	P	P	313  	.   0.09	3w1wB  243  P
ENSP00000372326	  rs536560	ccA	ccG	P	P	313  	.   0.09	4f4dA  243  P
ENSP00000372326	  rs536560	ccA	ccG	P	P	313  	.   0.09	4f4dB  243  P
ENSP00000372326	  rs536560	ccA	ccG	P	P	313  	.   0.09	4klaA  243  P
ENSP00000372326	  rs536560	ccA	ccG	P	P	313  	.   0.09	4klaB  243  P
ENSP00000372326	  rs536560	ccA	ccG	P	P	313  	.   0.09	4klcA  243  P
ENSP00000372326	  rs536560	ccA	ccG	P	P	313  	.   0.09	4klcB  243  P
ENSP00000372326	  rs536560	ccA	ccG	P	P	313  	.   0.09	4klrA  243  P
ENSP00000372326	  rs536560	ccA	ccG	P	P	313  	.   0.09	4klrB  243  P
ENSP00000372326	  rs536560	ccA	ccG	P	P	313  	.   0.09	4kmmA  243  P
ENSP00000372326	  rs536560	ccA	ccG	P	P	313  	.   0.09	4kmmB  243  P
ENSP00000372326	  rs536560	ccA	ccG	P	P	313  	.   0.09	4mk4A  243  P
ENSP00000372326	  rs536560	ccA	ccG	P	P	313  	.   0.09	4mk4B  243  P
ENSP00000372539	rs61737694	Gtc	Atc	V	I	375  	.   0.07	4h9nC  194  V
ENSP00000372539	rs61737694	Gtc	Atc	V	I	375  	.   0.07	4h9oC  194  V
ENSP00000372539	rs61737694	Gtc	Atc	V	I	375  	.   0.07	4h9pC  194  V
ENSP00000372539	rs61737694	Gtc	Atc	V	I	375  	.   0.07	4h9qC  194  V
ENSP00000372539	rs61737694	Gtc	Atc	V	I	375  	.   0.07	4h9rC  194  V
ENSP00000372539	rs61737694	Gtc	Atc	V	I	375  	.   0.07	4h9sE  187  V
ENSP00000372539	rs61737694	Gtc	Atc	V	I	375  	.   0.07	4h9sF  190  V
ENSP00000372539	rs61737694	Gtc	Atc	V	I	375  	.   0.07	4hgaA  195  V
ENSP00000372539	rs61737694	Gtc	Atc	V	I	375  	.   0.07	5kdmC  194  V
ENSP00000372542	rs45583737	Gac	Tac	D	Y	59   	.   0.43	3f8uB   25  D
ENSP00000372542	rs45583737	Gac	Tac	D	Y	59   	.   0.43	3f8uD   28  D
ENSP00000372542	rs45583737	Gac	Tac	D	Y	59   	.   0.43	6enyB   29  D
ENSP00000372543	rs45583737	Gac	Tac	D	Y	59   	.   0.42	3f8uB   25  D
ENSP00000372543	rs45583737	Gac	Tac	D	Y	59   	.   0.42	3f8uD   28  D
ENSP00000372543	rs45583737	Gac	Tac	D	Y	59   	.   0.42	6enyB   29  D
ENSP00000372544	rs45583737	Gac	Tac	D	Y	59   	.   0.33	3f8uB   25  D
ENSP00000372544	rs45583737	Gac	Tac	D	Y	59   	.   0.33	3f8uD   28  D
ENSP00000372544	rs45583737	Gac	Tac	D	Y	59   	.   0.33	6enyB   29  D
ENSP00000372582	 rs1042151	Gta	Ata	V	I	105  	.   0.01	3lqzB   89  M
ENSP00000372582	 rs1042151	Gta	Ata	V	I	105  	.   0.01	3wexB   82  M
ENSP00000372582	 rs1042151	Gta	Ata	V	I	105  	.   0.01	3wexD   82  M
ENSP00000372582	 rs1042151	Gta	Ata	V	I	105  	.   0.01	3wexF   82  M
ENSP00000372582	 rs1042151	Gta	Ata	V	I	105  	.   0.01	3wexH   82  M
ENSP00000372582	 rs1042151	Gta	Ata	V	I	105  	.   0.01	4p4kB   86  M
ENSP00000372582	 rs1042151	Gta	Ata	V	I	105  	.   0.01	4p4kF   86  M
ENSP00000372582	 rs1042151	Gta	Ata	V	I	105  	.   0.01	4p4rB   86  M
ENSP00000372582	 rs1042151	Gta	Ata	V	I	105  	.   0.01	4p4rD   86  M
ENSP00000372582	 rs1042151	Gta	Ata	V	I	105  	.   0.01	4p57B   90  M
ENSP00000372582	 rs1042151	Gta	Ata	V	I	105  	.   0.01	4p57D   89  M
ENSP00000372582	 rs1042151	Gta	Ata	V	I	105  	.   0.01	4p5kB   89  M
ENSP00000372582	 rs1042151	Gta	Ata	V	I	105  	.   0.01	4p5kD   89  M
ENSP00000372582	 rs1042151	Gta	Ata	V	I	105  	.   0.01	4p5mB   86  M
ENSP00000372582	 rs1042151	Gta	Ata	V	I	105  	.   0.01	4p5mD   86  M
ENSP00000372582	 rs1042151	Gta	Ata	V	I	105  	.   0.01	4p5mF   86  M
ENSP00000372582	 rs1042151	Gta	Ata	V	I	105  	.   0.01	4p5mH   87  M
ENSP00000372582	rs41558014	aCg	aTg	T	M	16   	*    0.8	3wexB    7  N
ENSP00000372582	rs41558014	aCg	aTg	T	M	16   	*    0.8	3wexD    7  N
ENSP00000372582	rs41558014	aCg	aTg	T	M	16   	*    0.8	3wexF    7  N
ENSP00000372582	rs41558014	aCg	aTg	T	M	16   	*    0.8	3wexH    7  N
ENSP00000372582	rs41558014	aCg	aTg	T	M	16   	*    0.8	4p5mB   12  K
ENSP00000372582	rs41558014	aCg	aTg	T	M	16   	*    0.8	4p5mD   12  K
ENSP00000372582	rs41558014	aCg	aTg	T	M	16   	*    0.8	4p5mF   12  K
ENSP00000372582	rs41541915	cGc	cAc	R	H	120  	.   0.02	3lqzB  104  R
ENSP00000372582	rs41541915	cGc	cAc	R	H	120  	.   0.02	3wexB   97  R
ENSP00000372582	rs41541915	cGc	cAc	R	H	120  	.   0.02	3wexD   97  R
ENSP00000372582	rs41541915	cGc	cAc	R	H	120  	.   0.02	3wexF   97  R
ENSP00000372582	rs41541915	cGc	cAc	R	H	120  	.   0.02	3wexH   97  R
ENSP00000372582	rs41541915	cGc	cAc	R	H	120  	.   0.02	4p4kB  101  R
ENSP00000372582	rs41541915	cGc	cAc	R	H	120  	.   0.02	4p4kF  101  R
ENSP00000372582	rs41541915	cGc	cAc	R	H	120  	.   0.02	4p4rB  101  R
ENSP00000372582	rs41541915	cGc	cAc	R	H	120  	.   0.02	4p4rD  101  R
ENSP00000372582	rs41541915	cGc	cAc	R	H	120  	.   0.02	4p57B  105  R
ENSP00000372582	rs41541915	cGc	cAc	R	H	120  	.   0.02	4p57D  104  R
ENSP00000372582	rs41541915	cGc	cAc	R	H	120  	.   0.02	4p5kB  104  R
ENSP00000372582	rs41541915	cGc	cAc	R	H	120  	.   0.02	4p5kD  104  R
ENSP00000372582	rs41541915	cGc	cAc	R	H	120  	.   0.02	4p5mB  101  R
ENSP00000372582	rs41541915	cGc	cAc	R	H	120  	.   0.02	4p5mD  101  R
ENSP00000372582	rs41541915	cGc	cAc	R	H	120  	.   0.02	4p5mF  101  R
ENSP00000372582	rs41541915	cGc	cAc	R	H	120  	.   0.02	4p5mH  102  R
ENSP00000372595	   rs17587	cGc	cAc	R	H	60   	.   0.01	3unfN   40  R
ENSP00000372595	   rs17587	cGc	cAc	R	H	60   	.   0.01	3unhN   40  R
ENSP00000372595	   rs17587	cGc	cAc	R	H	60   	.   0.01	6avoA   40  R
ENSP00000372595	   rs17587	cGc	cAc	R	H	60   	.   0.01	6avoF   40  R
ENSP00000372595	   rs17587	cGc	cTc	R	L	60   	.   0.01	3unfN   40  R
ENSP00000372595	   rs17587	cGc	cTc	R	L	60   	.   0.01	3unhN   40  R
ENSP00000372595	   rs17587	cGc	cTc	R	L	60   	.   0.01	6avoA   40  R
ENSP00000372595	   rs17587	cGc	cTc	R	L	60   	.   0.01	6avoF   40  R
ENSP00000372595	   rs20547	gcA	gcG	A	A	161  	.   0.01	3unfN  141  A
ENSP00000372595	   rs20547	gcA	gcG	A	A	161  	.   0.01	3unhN  141  A
ENSP00000372595	   rs20547	gcA	gcG	A	A	161  	.   0.01	6avoA  141  A
ENSP00000372595	   rs20547	gcA	gcG	A	A	161  	.   0.01	6avoF  141  A
ENSP00000372595	  rs241419	Gtt	Att	V	I	32   	.   0.01	3unfN   12  V
ENSP00000372595	  rs241419	Gtt	Att	V	I	32   	.   0.01	3unhN   12  V
ENSP00000372595	  rs241419	Gtt	Att	V	I	32   	.   0.01	6avoA   12  V
ENSP00000372595	  rs241419	Gtt	Att	V	I	32   	.   0.01	6avoF   12  V
ENSP00000372595	  rs241419	Gtt	Ctt	V	L	32   	.   0.01	3unfN   12  V
ENSP00000372595	  rs241419	Gtt	Ctt	V	L	32   	.   0.01	3unhN   12  V
ENSP00000372595	  rs241419	Gtt	Ctt	V	L	32   	.   0.01	6avoA   12  V
ENSP00000372595	  rs241419	Gtt	Ctt	V	L	32   	.   0.01	6avoF   12  V
ENSP00000372595	rs17213861	Cgc	Tgc	R	C	173  	.   0.01	3unfN  153  R
ENSP00000372595	rs17213861	Cgc	Tgc	R	C	173  	.   0.01	3unhN  153  R
ENSP00000372595	rs17213861	Cgc	Tgc	R	C	173  	.   0.01	6avoA  153  R
ENSP00000372595	rs17213861	Cgc	Tgc	R	C	173  	.   0.01	6avoF  153  R
ENSP00000372599	  rs241447	Aca	Gca	T	A	665  	.   0.11	5u1dB  536  T
ENSP00000372599	 rs4148876	Cgt	Tgt	R	C	651  	.   0.21	5u1dB  522  R
ENSP00000372599	 rs2228391	Atg	Gtg	M	V	577  	.   0.03	5u1dB  448  M
ENSP00000372599	rs78328107	gCg	gTg	A	V	578  	.   0.03	5u1dB  449  A
