ENSP00000377794	 rs2941513	gtT	gtC	V	V	381  	.   0.01	1em2A  168  V
ENSP00000377794	 rs2941513	gtT	gtC	V	V	381  	.   0.01	5i9jA  169  V
ENSP00000377900	 rs1228187	caA	caG	Q	Q	332  	.   0.02	1hlgA  292  Q
ENSP00000377900	 rs1228187	caA	caG	Q	Q	332  	.   0.02	1hlgB  292  Q
ENSP00000377900	 rs1228187	caA	caG	Q	Q	332  	.   0.02	1k8qA  303  M
ENSP00000377900	 rs1228187	caA	caG	Q	Q	332  	.   0.02	1k8qB  303  M
ENSP00000377941	   rs15993	Ctg	Ttg	L	L	433  	.   0.07	1sjjA  409  L
ENSP00000377941	   rs15993	Ctg	Ttg	L	L	433  	.   0.07	1sjjB  409  L
ENSP00000377941	   rs15993	Ctg	Ttg	L	L	433  	.   0.07	4d1eA  397  L
ENSP00000377941	rs36039812	aaG	aaA	K	K	676  	.   0.11	1sjjA  652  K
ENSP00000377941	rs36039812	aaG	aaA	K	K	676  	.   0.11	1sjjB  652  K
ENSP00000377941	rs36039812	aaG	aaA	K	K	676  	.   0.11	4d1eA  638  H
ENSP00000377977	    rs6196	aaT	aaC	N	N	766  	.   0.45	1m2zA  244  N
ENSP00000377977	    rs6196	aaT	aaC	N	N	766  	.   0.45	1m2zC  242  N
ENSP00000377977	    rs6196	aaT	aaC	N	N	766  	.   0.45	1p93A  237  N
ENSP00000377977	    rs6196	aaT	aaC	N	N	766  	.   0.45	1p93C  235  N
ENSP00000377977	    rs6196	aaT	aaC	N	N	766  	.   0.45	1p93E  237  N
ENSP00000377977	    rs6196	aaT	aaC	N	N	766  	.   0.45	1p93G  237  N
ENSP00000377977	    rs6196	aaT	aaC	N	N	766  	.   0.45	3bqdA  242  N
ENSP00000377977	    rs6196	aaT	aaC	N	N	766  	.   0.45	3cldA  233  N
ENSP00000377977	    rs6196	aaT	aaC	N	N	766  	.   0.45	3cldC  231  N
ENSP00000377977	    rs6196	aaT	aaC	N	N	766  	.   0.45	3e7cA  238  N
ENSP00000377977	    rs6196	aaT	aaC	N	N	766  	.   0.45	3e7cC  235  N
ENSP00000377977	    rs6196	aaT	aaC	N	N	766  	.   0.45	3h52B  239  N
ENSP00000377977	    rs6196	aaT	aaC	N	N	766  	.   0.45	3h52C  227  N
ENSP00000377977	    rs6196	aaT	aaC	N	N	766  	.   0.45	3h52D  224  N
ENSP00000377977	    rs6196	aaT	aaC	N	N	766  	.   0.45	3k22A  240  N
ENSP00000377977	    rs6196	aaT	aaC	N	N	766  	.   0.45	3k22C  240  N
ENSP00000377977	    rs6196	aaT	aaC	N	N	766  	.   0.45	3k23A  235  N
ENSP00000377977	    rs6196	aaT	aaC	N	N	766  	.   0.45	3k23C  237  N
ENSP00000377977	    rs6196	aaT	aaC	N	N	766  	.   0.45	3mneA  242  N
ENSP00000377977	    rs6196	aaT	aaC	N	N	766  	.   0.45	3mnoA  244  N
ENSP00000377977	    rs6196	aaT	aaC	N	N	766  	.   0.45	3mnpA  247  N
ENSP00000377977	    rs6196	aaT	aaC	N	N	766  	.   0.45	4csjA  237  N
ENSP00000377977	    rs6196	aaT	aaC	N	N	766  	.   0.45	4lsjA  233  N
ENSP00000377977	    rs6196	aaT	aaC	N	N	766  	.   0.45	4mddA  237  N
ENSP00000377977	    rs6196	aaT	aaC	N	N	766  	.   0.45	4p6wA  241  N
ENSP00000377977	    rs6196	aaT	aaC	N	N	766  	.   0.45	4p6xA  241  N
ENSP00000377977	    rs6196	aaT	aaC	N	N	766  	.   0.45	4p6xC  244  N
ENSP00000377977	    rs6196	aaT	aaC	N	N	766  	.   0.45	4p6xE  244  N
ENSP00000377977	    rs6196	aaT	aaC	N	N	766  	.   0.45	4p6xG  244  N
ENSP00000377977	    rs6196	aaT	aaC	N	N	766  	.   0.45	4p6xI  244  N
ENSP00000377977	    rs6196	aaT	aaC	N	N	766  	.   0.45	4p6xK  244  N
ENSP00000377977	    rs6196	aaT	aaC	N	N	766  	.   0.45	4udcA  238  N
ENSP00000377977	    rs6196	aaT	aaC	N	N	766  	.   0.45	4uddA  238  N
ENSP00000377977	    rs6196	aaT	aaC	N	N	766  	.   0.45	5g3jA  238  N
ENSP00000377977	    rs6196	aaT	aaC	N	N	766  	.   0.45	5g5wA  237  N
ENSP00000377977	    rs6196	aaT	aaC	N	N	766  	.   0.45	5nfpA  237  N
ENSP00000377977	    rs6196	aaT	aaC	N	N	766  	.   0.45	5nftA  238  N
ENSP00000377977	    rs6196	aaT	aaC	N	N	766  	.   0.45	6el6A  237  N
ENSP00000377977	    rs6196	aaT	aaC	N	N	766  	.   0.45	6el7A  237  N
ENSP00000377977	    rs6196	aaT	aaC	N	N	766  	.   0.45	6el9A  237  N
ENSP00000377977	    rs6194	caC	caT	H	H	588  	.   0.02	1m2zA   66  H
ENSP00000377977	    rs6194	caC	caT	H	H	588  	.   0.02	1m2zC   64  H
ENSP00000377977	    rs6194	caC	caT	H	H	588  	.   0.02	1nhzA   59  H
ENSP00000377977	    rs6194	caC	caT	H	H	588  	.   0.02	1p93A   62  H
ENSP00000377977	    rs6194	caC	caT	H	H	588  	.   0.02	1p93C   60  H
ENSP00000377977	    rs6194	caC	caT	H	H	588  	.   0.02	1p93E   62  H
ENSP00000377977	    rs6194	caC	caT	H	H	588  	.   0.02	1p93G   62  H
ENSP00000377977	    rs6194	caC	caT	H	H	588  	.   0.02	3bqdA   64  H
ENSP00000377977	    rs6194	caC	caT	H	H	588  	.   0.02	3cldA   63  H
ENSP00000377977	    rs6194	caC	caT	H	H	588  	.   0.02	3cldC   61  H
ENSP00000377977	    rs6194	caC	caT	H	H	588  	.   0.02	3e7cA   63  H
ENSP00000377977	    rs6194	caC	caT	H	H	588  	.   0.02	3e7cC   64  H
ENSP00000377977	    rs6194	caC	caT	H	H	588  	.   0.02	3h52A   63  H
ENSP00000377977	    rs6194	caC	caT	H	H	588  	.   0.02	3h52B   61  H
ENSP00000377977	    rs6194	caC	caT	H	H	588  	.   0.02	3h52C   62  H
ENSP00000377977	    rs6194	caC	caT	H	H	588  	.   0.02	3h52D   59  H
ENSP00000377977	    rs6194	caC	caT	H	H	588  	.   0.02	3k22A   63  H
ENSP00000377977	    rs6194	caC	caT	H	H	588  	.   0.02	3k22C   65  H
ENSP00000377977	    rs6194	caC	caT	H	H	588  	.   0.02	3k23A   63  H
ENSP00000377977	    rs6194	caC	caT	H	H	588  	.   0.02	3k23C   62  H
ENSP00000377977	    rs6194	caC	caT	H	H	588  	.   0.02	3k23E   64  H
ENSP00000377977	    rs6194	caC	caT	H	H	588  	.   0.02	3mneA   64  H
ENSP00000377977	    rs6194	caC	caT	H	H	588  	.   0.02	3mnoA   66  H
ENSP00000377977	    rs6194	caC	caT	H	H	588  	.   0.02	3mnpA   69  H
ENSP00000377977	    rs6194	caC	caT	H	H	588  	.   0.02	4csjA   59  H
ENSP00000377977	    rs6194	caC	caT	H	H	588  	.   0.02	4lsjA   63  H
ENSP00000377977	    rs6194	caC	caT	H	H	588  	.   0.02	4mddA   59  H
ENSP00000377977	    rs6194	caC	caT	H	H	588  	.   0.02	4mddB   58  H
ENSP00000377977	    rs6194	caC	caT	H	H	588  	.   0.02	4p6wA   63  H
ENSP00000377977	    rs6194	caC	caT	H	H	588  	.   0.02	4p6xA   63  H
ENSP00000377977	    rs6194	caC	caT	H	H	588  	.   0.02	4p6xC   66  H
ENSP00000377977	    rs6194	caC	caT	H	H	588  	.   0.02	4p6xE   66  H
ENSP00000377977	    rs6194	caC	caT	H	H	588  	.   0.02	4p6xG   66  H
ENSP00000377977	    rs6194	caC	caT	H	H	588  	.   0.02	4p6xI   66  H
ENSP00000377977	    rs6194	caC	caT	H	H	588  	.   0.02	4p6xK   66  H
ENSP00000377977	    rs6194	caC	caT	H	H	588  	.   0.02	4udcA   60  H
ENSP00000377977	    rs6194	caC	caT	H	H	588  	.   0.02	4uddA   60  H
ENSP00000377977	    rs6194	caC	caT	H	H	588  	.   0.02	5g3jA   60  H
ENSP00000377977	    rs6194	caC	caT	H	H	588  	.   0.02	5g5wA   59  H
ENSP00000377977	    rs6194	caC	caT	H	H	588  	.   0.02	5nfpA   59  H
ENSP00000377977	    rs6194	caC	caT	H	H	588  	.   0.02	5nftA   60  H
ENSP00000377977	    rs6194	caC	caT	H	H	588  	.   0.02	5uc1A   65  H
ENSP00000377977	    rs6194	caC	caT	H	H	588  	.   0.02	5uc1B   65  H
ENSP00000377977	    rs6194	caC	caT	H	H	588  	.   0.02	5uc3A   63  H
ENSP00000377977	    rs6194	caC	caT	H	H	588  	.   0.02	5uc3B   63  H
ENSP00000377977	    rs6194	caC	caT	H	H	588  	.   0.02	6el6A   59  H
ENSP00000377977	    rs6194	caC	caT	H	H	588  	.   0.02	6el7A   59  H
ENSP00000377977	    rs6194	caC	caT	H	H	588  	.   0.02	6el9A   59  H
ENSP00000377979	    rs6196	aaT	aaC	N	N	767  	.   0.42	1m2zA  244  N
ENSP00000377979	    rs6196	aaT	aaC	N	N	767  	.   0.42	1m2zC  242  N
ENSP00000377979	    rs6196	aaT	aaC	N	N	767  	.   0.42	1p93A  237  N
ENSP00000377979	    rs6196	aaT	aaC	N	N	767  	.   0.42	1p93C  235  N
ENSP00000377979	    rs6196	aaT	aaC	N	N	767  	.   0.42	1p93E  237  N
ENSP00000377979	    rs6196	aaT	aaC	N	N	767  	.   0.42	1p93G  237  N
ENSP00000377979	    rs6196	aaT	aaC	N	N	767  	.   0.42	3bqdA  242  N
ENSP00000377979	    rs6196	aaT	aaC	N	N	767  	.   0.42	3cldA  233  N
ENSP00000377979	    rs6196	aaT	aaC	N	N	767  	.   0.42	3cldC  231  N
ENSP00000377979	    rs6196	aaT	aaC	N	N	767  	.   0.42	3e7cA  238  N
ENSP00000377979	    rs6196	aaT	aaC	N	N	767  	.   0.42	3e7cC  235  N
ENSP00000377979	    rs6196	aaT	aaC	N	N	767  	.   0.42	3h52B  239  N
ENSP00000377979	    rs6196	aaT	aaC	N	N	767  	.   0.42	3h52C  227  N
ENSP00000377979	    rs6196	aaT	aaC	N	N	767  	.   0.42	3h52D  224  N
ENSP00000377979	    rs6196	aaT	aaC	N	N	767  	.   0.42	3k22A  240  N
ENSP00000377979	    rs6196	aaT	aaC	N	N	767  	.   0.42	3k22C  240  N
ENSP00000377979	    rs6196	aaT	aaC	N	N	767  	.   0.42	3k23A  235  N
ENSP00000377979	    rs6196	aaT	aaC	N	N	767  	.   0.42	3k23C  237  N
ENSP00000377979	    rs6196	aaT	aaC	N	N	767  	.   0.42	3mneA  242  N
ENSP00000377979	    rs6196	aaT	aaC	N	N	767  	.   0.42	3mnoA  244  N
ENSP00000377979	    rs6196	aaT	aaC	N	N	767  	.   0.42	3mnpA  247  N
ENSP00000377979	    rs6196	aaT	aaC	N	N	767  	.   0.42	4csjA  237  N
ENSP00000377979	    rs6196	aaT	aaC	N	N	767  	.   0.42	4lsjA  233  N
ENSP00000377979	    rs6196	aaT	aaC	N	N	767  	.   0.42	4mddA  237  N
ENSP00000377979	    rs6196	aaT	aaC	N	N	767  	.   0.42	4p6wA  241  N
ENSP00000377979	    rs6196	aaT	aaC	N	N	767  	.   0.42	4p6xA  241  N
ENSP00000377979	    rs6196	aaT	aaC	N	N	767  	.   0.42	4p6xC  244  N
ENSP00000377979	    rs6196	aaT	aaC	N	N	767  	.   0.42	4p6xE  244  N
ENSP00000377979	    rs6196	aaT	aaC	N	N	767  	.   0.42	4p6xG  244  N
ENSP00000377979	    rs6196	aaT	aaC	N	N	767  	.   0.42	4p6xI  244  N
ENSP00000377979	    rs6196	aaT	aaC	N	N	767  	.   0.42	4p6xK  244  N
ENSP00000377979	    rs6196	aaT	aaC	N	N	767  	.   0.42	4udcA  238  N
ENSP00000377979	    rs6196	aaT	aaC	N	N	767  	.   0.42	4uddA  238  N
ENSP00000377979	    rs6196	aaT	aaC	N	N	767  	.   0.42	5g3jA  238  N
ENSP00000377979	    rs6196	aaT	aaC	N	N	767  	.   0.42	5g5wA  237  N
ENSP00000377979	    rs6196	aaT	aaC	N	N	767  	.   0.42	5nfpA  237  N
ENSP00000377979	    rs6196	aaT	aaC	N	N	767  	.   0.42	5nftA  238  N
ENSP00000377979	    rs6196	aaT	aaC	N	N	767  	.   0.42	6el6A  237  N
ENSP00000377979	    rs6196	aaT	aaC	N	N	767  	.   0.42	6el7A  237  N
ENSP00000377979	    rs6196	aaT	aaC	N	N	767  	.   0.42	6el9A  237  N
ENSP00000377979	    rs6194	caC	caT	H	H	589  	.   0.02	1m2zA   66  H
ENSP00000377979	    rs6194	caC	caT	H	H	589  	.   0.02	1m2zC   64  H
ENSP00000377979	    rs6194	caC	caT	H	H	589  	.   0.02	1nhzA   59  H
ENSP00000377979	    rs6194	caC	caT	H	H	589  	.   0.02	1p93A   62  H
ENSP00000377979	    rs6194	caC	caT	H	H	589  	.   0.02	1p93C   60  H
ENSP00000377979	    rs6194	caC	caT	H	H	589  	.   0.02	1p93E   62  H
ENSP00000377979	    rs6194	caC	caT	H	H	589  	.   0.02	1p93G   62  H
ENSP00000377979	    rs6194	caC	caT	H	H	589  	.   0.02	3bqdA   64  H
ENSP00000377979	    rs6194	caC	caT	H	H	589  	.   0.02	3cldA   63  H
ENSP00000377979	    rs6194	caC	caT	H	H	589  	.   0.02	3cldC   61  H
ENSP00000377979	    rs6194	caC	caT	H	H	589  	.   0.02	3e7cA   63  H
ENSP00000377979	    rs6194	caC	caT	H	H	589  	.   0.02	3e7cC   64  H
ENSP00000377979	    rs6194	caC	caT	H	H	589  	.   0.02	3h52A   63  H
ENSP00000377979	    rs6194	caC	caT	H	H	589  	.   0.02	3h52B   61  H
ENSP00000377979	    rs6194	caC	caT	H	H	589  	.   0.02	3h52C   62  H
ENSP00000377979	    rs6194	caC	caT	H	H	589  	.   0.02	3h52D   59  H
ENSP00000377979	    rs6194	caC	caT	H	H	589  	.   0.02	3k22A   63  H
ENSP00000377979	    rs6194	caC	caT	H	H	589  	.   0.02	3k22C   65  H
ENSP00000377979	    rs6194	caC	caT	H	H	589  	.   0.02	3k23A   63  H
ENSP00000377979	    rs6194	caC	caT	H	H	589  	.   0.02	3k23C   62  H
ENSP00000377979	    rs6194	caC	caT	H	H	589  	.   0.02	3k23E   64  H
ENSP00000377979	    rs6194	caC	caT	H	H	589  	.   0.02	3mneA   64  H
ENSP00000377979	    rs6194	caC	caT	H	H	589  	.   0.02	3mnoA   66  H
ENSP00000377979	    rs6194	caC	caT	H	H	589  	.   0.02	3mnpA   69  H
ENSP00000377979	    rs6194	caC	caT	H	H	589  	.   0.02	4csjA   59  H
ENSP00000377979	    rs6194	caC	caT	H	H	589  	.   0.02	4lsjA   63  H
ENSP00000377979	    rs6194	caC	caT	H	H	589  	.   0.02	4mddA   59  H
ENSP00000377979	    rs6194	caC	caT	H	H	589  	.   0.02	4mddB   58  H
ENSP00000377979	    rs6194	caC	caT	H	H	589  	.   0.02	4p6wA   63  H
ENSP00000377979	    rs6194	caC	caT	H	H	589  	.   0.02	4p6xA   63  H
ENSP00000377979	    rs6194	caC	caT	H	H	589  	.   0.02	4p6xC   66  H
ENSP00000377979	    rs6194	caC	caT	H	H	589  	.   0.02	4p6xE   66  H
ENSP00000377979	    rs6194	caC	caT	H	H	589  	.   0.02	4p6xG   66  H
ENSP00000377979	    rs6194	caC	caT	H	H	589  	.   0.02	4p6xI   66  H
ENSP00000377979	    rs6194	caC	caT	H	H	589  	.   0.02	4p6xK   66  H
ENSP00000377979	    rs6194	caC	caT	H	H	589  	.   0.02	4udcA   60  H
ENSP00000377979	    rs6194	caC	caT	H	H	589  	.   0.02	4uddA   60  H
ENSP00000377979	    rs6194	caC	caT	H	H	589  	.   0.02	5g3jA   60  H
ENSP00000377979	    rs6194	caC	caT	H	H	589  	.   0.02	5g5wA   59  H
ENSP00000377979	    rs6194	caC	caT	H	H	589  	.   0.02	5nfpA   59  H
ENSP00000377979	    rs6194	caC	caT	H	H	589  	.   0.02	5nftA   60  H
ENSP00000377979	    rs6194	caC	caT	H	H	589  	.   0.02	5uc1A   65  H
ENSP00000377979	    rs6194	caC	caT	H	H	589  	.   0.02	5uc1B   65  H
ENSP00000377979	    rs6194	caC	caT	H	H	589  	.   0.02	5uc3A   63  H
ENSP00000377979	    rs6194	caC	caT	H	H	589  	.   0.02	5uc3B   63  H
ENSP00000377979	    rs6194	caC	caT	H	H	589  	.   0.02	6el6A   59  H
ENSP00000377979	    rs6194	caC	caT	H	H	589  	.   0.02	6el7A   59  H
ENSP00000377979	    rs6194	caC	caT	H	H	589  	.   0.02	6el9A   59  H
ENSP00000378107	rs11549898	gGc	gCc	G	A	77   	.   0.08	2g31A   16  G
ENSP00000378107	rs11549898	gGc	gCc	G	A	77   	.   0.08	2jv5A   16  G
ENSP00000378107	rs11549898	gGc	gCc	G	A	77   	.   0.08	2ko2A   17  G
ENSP00000378109	rs11549898	gGc	gCc	G	A	864  	.   0.11	2g31A   16  G
ENSP00000378109	rs11549898	gGc	gCc	G	A	864  	.   0.11	2jv5A   16  G
ENSP00000378109	rs11549898	gGc	gCc	G	A	864  	.   0.11	2ko2A   17  G
ENSP00000378130	 rs2298749	tcG	tcA	S	S	268  	.   0.05	2xrcA  234  S
ENSP00000378130	 rs2298749	tcG	tcA	S	S	268  	.   0.05	2xrcB  233  S
ENSP00000378130	 rs2298749	tcG	tcA	S	S	268  	.   0.05	2xrcC  230  S
ENSP00000378130	 rs2298749	tcG	tcA	S	S	268  	.   0.05	2xrcD  222  S
ENSP00000378130	 rs2298749	tcG	tcA	S	S	268  	.   0.05	5o32D  243  S
ENSP00000378130	 rs2298749	tcG	tcA	S	S	268  	.   0.05	5o32I  243  S
ENSP00000378131	 rs2298749	tcG	tcA	S	S	268  	.   0.14	2xrcA  234  S
ENSP00000378131	 rs2298749	tcG	tcA	S	S	268  	.   0.14	2xrcB  233  S
ENSP00000378131	 rs2298749	tcG	tcA	S	S	268  	.   0.14	2xrcC  230  S
ENSP00000378131	 rs2298749	tcG	tcA	S	S	268  	.   0.14	2xrcD  222  S
ENSP00000378131	 rs2298749	tcG	tcA	S	S	268  	.   0.14	5o32D  243  S
ENSP00000378131	 rs2298749	tcG	tcA	S	S	268  	.   0.14	5o32I  243  S
ENSP00000378228	rs11855231	aaT	aaA	N	K	316  	.   0.03	2ijeA   67  N
ENSP00000378228	rs11855231	aaT	aaC	N	N	316  	.   0.03	2ijeA   67  N
ENSP00000378243	 rs2675671	aaG	aaA	K	K	49   	.   0.14	2bdwA   43  K
ENSP00000378243	 rs2675671	aaG	aaA	K	K	49   	.   0.14	2bdwB   40  K
ENSP00000378243	 rs2675671	aaG	aaA	K	K	49   	.   0.14	2v7oA   52  K
ENSP00000378243	 rs2675671	aaG	aaA	K	K	49   	.   0.14	2vn9A   41  K
ENSP00000378243	 rs2675671	aaG	aaA	K	K	49   	.   0.14	2vn9B   41  K
ENSP00000378243	 rs2675671	aaG	aaA	K	K	49   	.   0.14	2vz6A   40  K
ENSP00000378243	 rs2675671	aaG	aaA	K	K	49   	.   0.14	2vz6B   42  K
ENSP00000378243	 rs2675671	aaG	aaA	K	K	49   	.   0.14	2welA   41  K
ENSP00000378243	 rs2675671	aaG	aaA	K	K	49   	.   0.14	3bhhA   37  K
ENSP00000378243	 rs2675671	aaG	aaA	K	K	49   	.   0.14	3bhhB   37  K
ENSP00000378243	 rs2675671	aaG	aaA	K	K	49   	.   0.14	3bhhC   34  K
ENSP00000378243	 rs2675671	aaG	aaA	K	K	49   	.   0.14	3bhhD   34  K
ENSP00000378243	 rs2675671	aaG	aaA	K	K	49   	.   0.14	3kk8A   43  K
ENSP00000378243	 rs2675671	aaG	aaA	K	K	49   	.   0.14	3kk9A   42  K
ENSP00000378243	 rs2675671	aaG	aaA	K	K	49   	.   0.14	3kl8A   30  K
ENSP00000378243	 rs2675671	aaG	aaA	K	K	49   	.   0.14	3soaA   40  K
ENSP00000378243	 rs2675671	aaG	aaA	K	K	49   	.   0.14	5fg8A   43  K
ENSP00000378243	 rs2675671	aaG	aaA	K	K	49   	.   0.14	5h9bA   43  K
ENSP00000378243	 rs2675671	aaG	aaA	K	K	49   	.   0.14	5hu3A   43  K
ENSP00000378243	 rs2675671	aaG	aaA	K	K	49   	.   0.14	5u6yA   37  K
ENSP00000378243	 rs2675671	aaG	aaA	K	K	49   	.   0.14	5u6yB   37  K
ENSP00000378243	 rs2675671	aaG	aaA	K	K	49   	.   0.14	5u6yC   37  K
ENSP00000378243	 rs2675671	aaG	aaA	K	K	49   	.   0.14	5u6yD   37  K
ENSP00000378243	 rs2675671	aaG	aaA	K	K	49   	.   0.14	5u6yE   37  K
ENSP00000378243	 rs2675671	aaG	aaA	K	K	49   	.   0.14	5u6yF   37  K
ENSP00000378243	 rs2675671	aaG	aaA	K	K	49   	.   0.14	5u6yG   37  K
ENSP00000378243	 rs2675671	aaG	aaA	K	K	49   	.   0.14	5u6yH   37  K
ENSP00000378243	 rs2675671	aaG	aaA	K	K	49   	.   0.14	5u6yI   37  K
ENSP00000378243	 rs2675671	aaG	aaA	K	K	49   	.   0.14	5u6yJ   37  K
ENSP00000378243	 rs2675671	aaG	aaA	K	K	49   	.   0.14	5u6yK   37  K
ENSP00000378243	 rs2675671	aaG	aaA	K	K	49   	.   0.14	5u6yL   37  K
ENSP00000378243	 rs2675671	aaG	aaA	K	K	49   	.   0.14	5vloA   39  K
ENSP00000378243	 rs2675671	aaG	aaA	K	K	49   	.   0.14	5vloB   43  K
ENSP00000378243	 rs2675671	aaG	aaA	K	K	49   	.   0.14	6aywA   42  K
ENSP00000378243	 rs2675671	aaG	aaA	K	K	49   	.   0.14	6aywB   43  K
ENSP00000378243	 rs2675671	aaG	aaA	K	K	49   	.   0.14	6babA   39  K
ENSP00000378243	 rs2675671	aaG	aaA	K	K	49   	.   0.14	6babB   33  K
ENSP00000378243	 rs2675671	aaG	aaA	K	K	49   	.   0.14	6babC   33  K
ENSP00000378243	 rs2675671	aaG	aaA	K	K	49   	.   0.14	6babD   41  K
ENSP00000378355	 rs1057870	tcG	tcA	S	S	572  	.   0.01	1amoA  492  S
ENSP00000378355	 rs1057870	tcG	tcA	S	S	572  	.   0.01	1amoB  492  S
ENSP00000378355	 rs1057870	tcG	tcA	S	S	572  	.   0.01	1j9zA  504  S
ENSP00000378355	 rs1057870	tcG	tcA	S	S	572  	.   0.01	1j9zB  502  S
ENSP00000378355	 rs1057870	tcG	tcA	S	S	572  	.   0.01	1ja0A  500  S
ENSP00000378355	 rs1057870	tcG	tcA	S	S	572  	.   0.01	1ja0B  325  S
ENSP00000378355	 rs1057870	tcG	tcA	S	S	572  	.   0.01	1ja1A  507  S
ENSP00000378355	 rs1057870	tcG	tcA	S	S	572  	.   0.01	1ja1B  505  S
ENSP00000378355	 rs1057870	tcG	tcA	S	S	572  	.   0.01	3es9A  494  S
ENSP00000378355	 rs1057870	tcG	tcA	S	S	572  	.   0.01	3es9B  406  S
ENSP00000378355	 rs1057870	tcG	tcA	S	S	572  	.   0.01	3es9C  326  S
ENSP00000378355	 rs1057870	tcG	tcA	S	S	572  	.   0.01	3fjoA  498  S
ENSP00000378355	 rs1057870	tcG	tcA	S	S	572  	.   0.01	3ojwA  500  S
ENSP00000378355	 rs1057870	tcG	tcA	S	S	572  	.   0.01	3ojxA  498  S
ENSP00000378355	 rs1057870	tcG	tcA	S	S	572  	.   0.01	3qe2A  496  S
ENSP00000378355	 rs1057870	tcG	tcA	S	S	572  	.   0.01	3qe2B  498  S
ENSP00000378355	 rs1057870	tcG	tcA	S	S	572  	.   0.01	3qfcA  499  S
ENSP00000378355	 rs1057870	tcG	tcA	S	S	572  	.   0.01	3qfcB  487  S
ENSP00000378355	 rs1057870	tcG	tcA	S	S	572  	.   0.01	3qfrA  496  S
ENSP00000378355	 rs1057870	tcG	tcA	S	S	572  	.   0.01	3qfrB  495  S
ENSP00000378355	 rs1057870	tcG	tcA	S	S	572  	.   0.01	3qfsA  327  S
ENSP00000378355	 rs1057870	tcG	tcA	S	S	572  	.   0.01	3qftA  325  S
ENSP00000378355	 rs1057870	tcG	tcA	S	S	572  	.   0.01	3wktA  493  S
ENSP00000378355	 rs1057870	tcG	tcA	S	S	572  	.   0.01	3wktB  479  S
ENSP00000378355	 rs1057870	tcG	tcA	S	S	572  	.   0.01	4y7cA  502  S
ENSP00000378355	 rs1057870	tcG	tcA	S	S	572  	.   0.01	4y7cB  496  S
ENSP00000378355	 rs1057870	tcG	tcA	S	S	572  	.   0.01	4y9rA  499  S
ENSP00000378355	 rs1057870	tcG	tcA	S	S	572  	.   0.01	4y9rB  496  S
ENSP00000378355	 rs1057870	tcG	tcA	S	S	572  	.   0.01	4y9uA  499  S
ENSP00000378355	 rs1057870	tcG	tcA	S	S	572  	.   0.01	4y9uB  491  S
ENSP00000378355	 rs1057870	tcG	tcA	S	S	572  	.   0.01	4yafA  500  S
ENSP00000378355	 rs1057870	tcG	tcA	S	S	572  	.   0.01	4yafB  496  S
ENSP00000378355	 rs1057870	tcG	tcA	S	S	572  	.   0.01	4yalA  499  S
ENSP00000378355	 rs1057870	tcG	tcA	S	S	572  	.   0.01	4yalB  499  S
ENSP00000378355	 rs1057870	tcG	tcA	S	S	572  	.   0.01	4yaoA  493  S
ENSP00000378355	 rs1057870	tcG	tcA	S	S	572  	.   0.01	4yaoB  487  S
ENSP00000378355	 rs1057870	tcG	tcA	S	S	572  	.   0.01	4yauA  500  S
ENSP00000378355	 rs1057870	tcG	tcA	S	S	572  	.   0.01	4yauB  493  S
ENSP00000378355	 rs1057870	tcG	tcA	S	S	572  	.   0.01	4yawA  503  S
ENSP00000378355	 rs1057870	tcG	tcA	S	S	572  	.   0.01	4yawB  492  S
ENSP00000378355	 rs1057870	tcG	tcA	S	S	572  	.   0.01	5emnA  499  S
ENSP00000378355	 rs1057870	tcG	tcA	S	S	572  	.   0.01	5emnB  489  S
ENSP00000378355	 rs1057870	tcG	tcA	S	S	572  	.   0.01	5fa6A  498  S
ENSP00000378355	 rs1057870	tcG	tcA	S	S	572  	.   0.01	5fa6B  494  S
ENSP00000378355	 rs1057870	tcG	tcA	S	S	572  	.   0.01	5urdA  500  S
ENSP00000378355	 rs1057870	tcG	tcA	S	S	572  	.   0.01	5urdB  496  S
ENSP00000378355	 rs1057870	tcG	tcA	S	S	572  	.   0.01	5ureA  499  S
ENSP00000378355	 rs1057870	tcG	tcA	S	S	572  	.   0.01	5ureB  498  S
ENSP00000378355	 rs1057870	tcG	tcA	S	S	572  	.   0.01	5urgA  501  S
ENSP00000378355	 rs1057870	tcG	tcA	S	S	572  	.   0.01	5urgB  495  S
ENSP00000378355	 rs1057870	tcG	tcA	S	S	572  	.   0.01	5urhA  500  S
ENSP00000378355	 rs1057870	tcG	tcA	S	S	572  	.   0.01	5urhB  497  S
ENSP00000378355	 rs1057870	tcG	tcA	S	S	572  	.   0.01	5uriA  502  S
ENSP00000378355	 rs1057870	tcG	tcA	S	S	572  	.   0.01	5uriB  494  S
ENSP00000378389	rs34970181	cGa	cAa	R	Q	371  	.   0.15	3mdyA  189  R
ENSP00000378389	rs34970181	cGa	cAa	R	Q	371  	.   0.15	3mdyB  191  R
ENSP00000378389	rs34970181	cGa	cCa	R	P	371  	.   0.15	3mdyA  189  R
ENSP00000378389	rs34970181	cGa	cCa	R	P	371  	.   0.15	3mdyB  191  R
ENSP00000378389	rs34970181	cGa	cTa	R	L	371  	.   0.15	3mdyA  189  R
ENSP00000378389	rs34970181	cGa	cTa	R	L	371  	.   0.15	3mdyB  191  R
ENSP00000378488	 rs1048943	Att	Ttt	I	F	462  	.   0.04	4i8vA  427  I
ENSP00000378488	 rs1048943	Att	Ttt	I	F	462  	.   0.04	4i8vB  422  I
ENSP00000378488	 rs1048943	Att	Ttt	I	F	462  	.   0.04	4i8vC  418  I
ENSP00000378488	 rs1048943	Att	Ttt	I	F	462  	.   0.04	4i8vD  417  I
ENSP00000378488	 rs1048943	Att	Gtt	I	V	462  	.   0.04	4i8vA  427  I
ENSP00000378488	 rs1048943	Att	Gtt	I	V	462  	.   0.04	4i8vB  422  I
ENSP00000378488	 rs1048943	Att	Gtt	I	V	462  	.   0.04	4i8vC  418  I
ENSP00000378488	 rs1048943	Att	Gtt	I	V	462  	.   0.04	4i8vD  417  I
ENSP00000378488	 rs1048943	Att	Ctt	I	L	462  	.   0.04	4i8vA  427  I
ENSP00000378488	 rs1048943	Att	Ctt	I	L	462  	.   0.04	4i8vB  422  I
ENSP00000378488	 rs1048943	Att	Ctt	I	L	462  	.   0.04	4i8vC  418  I
ENSP00000378488	 rs1048943	Att	Ctt	I	L	462  	.   0.04	4i8vD  417  I
ENSP00000378488	 rs1799814	aCc	aTc	T	I	461  	.   0.04	4i8vA  426  T
ENSP00000378488	 rs1799814	aCc	aTc	T	I	461  	.   0.04	4i8vB  421  T
ENSP00000378488	 rs1799814	aCc	aTc	T	I	461  	.   0.04	4i8vC  417  T
ENSP00000378488	 rs1799814	aCc	aTc	T	I	461  	.   0.04	4i8vD  416  T
ENSP00000378488	 rs1799814	aCc	aAc	T	N	461  	.   0.04	4i8vA  426  T
ENSP00000378488	 rs1799814	aCc	aAc	T	N	461  	.   0.04	4i8vB  421  T
ENSP00000378488	 rs1799814	aCc	aAc	T	N	461  	.   0.04	4i8vC  417  T
ENSP00000378488	 rs1799814	aCc	aAc	T	N	461  	.   0.04	4i8vD  416  T
ENSP00000378488	 rs4987133	aTt	aCt	I	T	286  	.   0.18	4i8vA  251  I
ENSP00000378488	 rs4987133	aTt	aCt	I	T	286  	.   0.18	4i8vB  253  I
ENSP00000378488	 rs4987133	aTt	aCt	I	T	286  	.   0.18	4i8vC  250  I
ENSP00000378488	 rs4987133	aTt	aCt	I	T	286  	.   0.18	4i8vD  250  I
ENSP00000378488	 rs4646422	gGc	gAc	G	D	45   	.   0.01	4i8vA   10  G
ENSP00000378488	 rs4646422	gGc	gAc	G	D	45   	.   0.01	4i8vB   12  G
ENSP00000378488	 rs4646422	gGc	gAc	G	D	45   	.   0.01	4i8vC    9  G
ENSP00000378488	 rs4646422	gGc	gAc	G	D	45   	.   0.01	4i8vD    9  G
ENSP00000378488	rs28399430	cCc	cGc	P	R	492  	.   0.08	4i8vA  457  P
ENSP00000378488	rs28399430	cCc	cGc	P	R	492  	.   0.08	4i8vB  452  P
ENSP00000378488	rs28399430	cCc	cGc	P	R	492  	.   0.08	4i8vC  448  P
ENSP00000378488	rs28399430	cCc	cGc	P	R	492  	.   0.08	4i8vD  447  P
ENSP00000378488	rs56240201	Cgg	Tgg	R	W	477  	.   0.01	4i8vA  442  R
ENSP00000378488	rs56240201	Cgg	Tgg	R	W	477  	.   0.01	4i8vB  437  R
ENSP00000378488	rs56240201	Cgg	Tgg	R	W	477  	.   0.01	4i8vC  433  R
ENSP00000378488	rs56240201	Cgg	Tgg	R	W	477  	.   0.01	4i8vD  432  R
ENSP00000378488	rs56240201	Cgg	Ggg	R	G	477  	.   0.01	4i8vA  442  R
ENSP00000378488	rs56240201	Cgg	Ggg	R	G	477  	.   0.01	4i8vB  437  R
ENSP00000378488	rs56240201	Cgg	Ggg	R	G	477  	.   0.01	4i8vC  433  R
ENSP00000378488	rs56240201	Cgg	Ggg	R	G	477  	.   0.01	4i8vD  432  R
ENSP00000378488	rs41279188	Cgc	Tgc	R	C	464  	.   0.03	4i8vA  429  R
ENSP00000378488	rs41279188	Cgc	Tgc	R	C	464  	.   0.03	4i8vB  424  R
ENSP00000378488	rs41279188	Cgc	Tgc	R	C	464  	.   0.03	4i8vC  420  R
ENSP00000378488	rs41279188	Cgc	Tgc	R	C	464  	.   0.03	4i8vD  419  R
ENSP00000378488	rs41279188	Cgc	Agc	R	S	464  	.   0.03	4i8vA  429  R
ENSP00000378488	rs41279188	Cgc	Agc	R	S	464  	.   0.03	4i8vB  424  R
ENSP00000378488	rs41279188	Cgc	Agc	R	S	464  	.   0.03	4i8vC  420  R
ENSP00000378488	rs41279188	Cgc	Agc	R	S	464  	.   0.03	4i8vD  419  R
ENSP00000378488	rs72547509	aTt	aCt	I	T	448  	.   0.02	4i8vA  413  I
ENSP00000378488	rs72547509	aTt	aCt	I	T	448  	.   0.02	4i8vB  408  I
ENSP00000378488	rs72547509	aTt	aCt	I	T	448  	.   0.02	4i8vC  404  I
ENSP00000378488	rs72547509	aTt	aCt	I	T	448  	.   0.02	4i8vD  403  I
ENSP00000378488	rs72547509	aTt	aAt	I	N	448  	.   0.02	4i8vA  413  I
ENSP00000378488	rs72547509	aTt	aAt	I	N	448  	.   0.02	4i8vB  408  I
ENSP00000378488	rs72547509	aTt	aAt	I	N	448  	.   0.02	4i8vC  404  I
ENSP00000378488	rs72547509	aTt	aAt	I	N	448  	.   0.02	4i8vD  403  I
ENSP00000378488	rs34260157	Cgg	Tgg	R	W	279  	.   0.06	4i8vA  244  R
ENSP00000378488	rs34260157	Cgg	Tgg	R	W	279  	.   0.06	4i8vB  246  R
ENSP00000378488	rs34260157	Cgg	Tgg	R	W	279  	.   0.06	4i8vC  243  R
ENSP00000378488	rs34260157	Cgg	Tgg	R	W	279  	.   0.06	4i8vD  243  R
ENSP00000378488	rs34260157	Cgg	Ggg	R	G	279  	.   0.06	4i8vA  244  R
ENSP00000378488	rs34260157	Cgg	Ggg	R	G	279  	.   0.06	4i8vB  246  R
ENSP00000378488	rs34260157	Cgg	Ggg	R	G	279  	.   0.06	4i8vC  243  R
ENSP00000378488	rs34260157	Cgg	Ggg	R	G	279  	.   0.06	4i8vD  243  R
ENSP00000378489	 rs1048943	Att	Ttt	I	F	433  	.   0.04	4i8vA  427  I
ENSP00000378489	 rs1048943	Att	Ttt	I	F	433  	.   0.04	4i8vB  422  I
ENSP00000378489	 rs1048943	Att	Ttt	I	F	433  	.   0.04	4i8vC  418  I
ENSP00000378489	 rs1048943	Att	Ttt	I	F	433  	.   0.04	4i8vD  417  I
ENSP00000378489	 rs1048943	Att	Gtt	I	V	433  	.   0.04	4i8vA  427  I
ENSP00000378489	 rs1048943	Att	Gtt	I	V	433  	.   0.04	4i8vB  422  I
ENSP00000378489	 rs1048943	Att	Gtt	I	V	433  	.   0.04	4i8vC  418  I
ENSP00000378489	 rs1048943	Att	Gtt	I	V	433  	.   0.04	4i8vD  417  I
ENSP00000378489	 rs1048943	Att	Ctt	I	L	433  	.   0.04	4i8vA  427  I
ENSP00000378489	 rs1048943	Att	Ctt	I	L	433  	.   0.04	4i8vB  422  I
ENSP00000378489	 rs1048943	Att	Ctt	I	L	433  	.   0.04	4i8vC  418  I
ENSP00000378489	 rs1048943	Att	Ctt	I	L	433  	.   0.04	4i8vD  417  I
ENSP00000378489	 rs1799814	aCc	aTc	T	I	432  	.   0.05	4i8vA  426  T
ENSP00000378489	 rs1799814	aCc	aTc	T	I	432  	.   0.05	4i8vB  421  T
ENSP00000378489	 rs1799814	aCc	aTc	T	I	432  	.   0.05	4i8vC  417  T
ENSP00000378489	 rs1799814	aCc	aTc	T	I	432  	.   0.05	4i8vD  416  T
ENSP00000378489	 rs1799814	aCc	aAc	T	N	432  	.   0.05	4i8vA  426  T
ENSP00000378489	 rs1799814	aCc	aAc	T	N	432  	.   0.05	4i8vB  421  T
ENSP00000378489	 rs1799814	aCc	aAc	T	N	432  	.   0.05	4i8vC  417  T
ENSP00000378489	 rs1799814	aCc	aAc	T	N	432  	.   0.05	4i8vD  416  T
ENSP00000378489	 rs4987133	aTt	aCt	I	T	286  	.   0.26	4i8vA  251  I
ENSP00000378489	 rs4987133	aTt	aCt	I	T	286  	.   0.26	4i8vB  253  I
ENSP00000378489	 rs4987133	aTt	aCt	I	T	286  	.   0.26	4i8vC  250  I
ENSP00000378489	 rs4987133	aTt	aCt	I	T	286  	.   0.26	4i8vD  250  I
ENSP00000378489	 rs4646422	gGc	gAc	G	D	45   	.   0.01	4i8vA   10  G
ENSP00000378489	 rs4646422	gGc	gAc	G	D	45   	.   0.01	4i8vB   12  G
ENSP00000378489	 rs4646422	gGc	gAc	G	D	45   	.   0.01	4i8vC    9  G
ENSP00000378489	 rs4646422	gGc	gAc	G	D	45   	.   0.01	4i8vD    9  G
ENSP00000378489	rs28399430	cCc	cGc	P	R	463  	.   0.09	4i8vA  457  P
ENSP00000378489	rs28399430	cCc	cGc	P	R	463  	.   0.09	4i8vB  452  P
ENSP00000378489	rs28399430	cCc	cGc	P	R	463  	.   0.09	4i8vC  448  P
ENSP00000378489	rs28399430	cCc	cGc	P	R	463  	.   0.09	4i8vD  447  P
ENSP00000378489	rs56240201	Cgg	Tgg	R	W	448  	.   0.02	4i8vA  442  R
ENSP00000378489	rs56240201	Cgg	Tgg	R	W	448  	.   0.02	4i8vB  437  R
ENSP00000378489	rs56240201	Cgg	Tgg	R	W	448  	.   0.02	4i8vC  433  R
ENSP00000378489	rs56240201	Cgg	Tgg	R	W	448  	.   0.02	4i8vD  432  R
ENSP00000378489	rs56240201	Cgg	Ggg	R	G	448  	.   0.02	4i8vA  442  R
ENSP00000378489	rs56240201	Cgg	Ggg	R	G	448  	.   0.02	4i8vB  437  R
ENSP00000378489	rs56240201	Cgg	Ggg	R	G	448  	.   0.02	4i8vC  433  R
ENSP00000378489	rs56240201	Cgg	Ggg	R	G	448  	.   0.02	4i8vD  432  R
ENSP00000378489	rs41279188	Cgc	Tgc	R	C	435  	.   0.03	4i8vA  429  R
ENSP00000378489	rs41279188	Cgc	Tgc	R	C	435  	.   0.03	4i8vB  424  R
ENSP00000378489	rs41279188	Cgc	Tgc	R	C	435  	.   0.03	4i8vC  420  R
ENSP00000378489	rs41279188	Cgc	Tgc	R	C	435  	.   0.03	4i8vD  419  R
ENSP00000378489	rs41279188	Cgc	Agc	R	S	435  	.   0.03	4i8vA  429  R
ENSP00000378489	rs41279188	Cgc	Agc	R	S	435  	.   0.03	4i8vB  424  R
ENSP00000378489	rs41279188	Cgc	Agc	R	S	435  	.   0.03	4i8vC  420  R
ENSP00000378489	rs41279188	Cgc	Agc	R	S	435  	.   0.03	4i8vD  419  R
ENSP00000378489	rs72547509	aTt	aCt	I	T	419  	.   0.02	4i8vA  413  I
ENSP00000378489	rs72547509	aTt	aCt	I	T	419  	.   0.02	4i8vB  408  I
ENSP00000378489	rs72547509	aTt	aCt	I	T	419  	.   0.02	4i8vC  404  I
ENSP00000378489	rs72547509	aTt	aCt	I	T	419  	.   0.02	4i8vD  403  I
ENSP00000378489	rs72547509	aTt	aAt	I	N	419  	.   0.02	4i8vA  413  I
ENSP00000378489	rs72547509	aTt	aAt	I	N	419  	.   0.02	4i8vB  408  I
ENSP00000378489	rs72547509	aTt	aAt	I	N	419  	.   0.02	4i8vC  404  I
ENSP00000378489	rs72547509	aTt	aAt	I	N	419  	.   0.02	4i8vD  403  I
ENSP00000378489	rs34260157	Cgg	Tgg	R	W	279  	.   0.06	4i8vA  244  R
ENSP00000378489	rs34260157	Cgg	Tgg	R	W	279  	.   0.06	4i8vB  246  R
ENSP00000378489	rs34260157	Cgg	Tgg	R	W	279  	.   0.06	4i8vC  243  R
ENSP00000378489	rs34260157	Cgg	Tgg	R	W	279  	.   0.06	4i8vD  243  R
ENSP00000378489	rs34260157	Cgg	Ggg	R	G	279  	.   0.06	4i8vA  244  R
ENSP00000378489	rs34260157	Cgg	Ggg	R	G	279  	.   0.06	4i8vB  246  R
ENSP00000378489	rs34260157	Cgg	Ggg	R	G	279  	.   0.06	4i8vC  243  R
ENSP00000378489	rs34260157	Cgg	Ggg	R	G	279  	.   0.06	4i8vD  243  R
ENSP00000378509	rs77934848	gcG	gcA	A	A	601  	.   0.02	3bxjA  224  A
ENSP00000378509	rs77934848	gcG	gcA	A	A	601  	.   0.02	3bxjB  227  A
ENSP00000378546	rs45583737	Gac	Tac	D	Y	59   	*   0.54	3f8uB   25  D
ENSP00000378546	rs45583737	Gac	Tac	D	Y	59   	*   0.54	3f8uD   28  D
ENSP00000378546	rs45583737	Gac	Tac	D	Y	59   	*   0.54	6enyB   29  D
ENSP00000378605	 rs1128349	Gga	Aga	G	R	34   	*   0.84	2yuaA    3  S
ENSP00000378637	rs79798325	ttC	ttT	F	F	315  	.    0.1	1io0A  137  F
ENSP00000378658	    rs4560	aaC	aaT	N	N	239  	.   0.01	5a1nB  193  N
ENSP00000378658	    rs4560	aaC	aaT	N	N	239  	.   0.01	5a34B  192  N
ENSP00000378658	    rs4560	aaC	aaT	N	N	239  	.   0.01	5a34D  184  N
ENSP00000378658	    rs4560	aaC	aaT	N	N	239  	.   0.01	5a34F  189  N
ENSP00000378658	    rs4560	aaC	aaT	N	N	239  	.   0.01	5a34H  182  N
ENSP00000378658	    rs4560	aaC	aaT	N	N	239  	.   0.01	5a5hB  197  N
ENSP00000378658	    rs4560	aaC	aaT	N	N	239  	.   0.01	5a5hD  201  N
ENSP00000378658	    rs4560	aaC	aaT	N	N	239  	.   0.01	5a5hF  183  N
ENSP00000378658	    rs4560	aaC	aaT	N	N	239  	.   0.01	5a5hH  178  N
ENSP00000378658	    rs4560	aaC	aaT	N	N	239  	.   0.01	5y6lD  200  N
ENSP00000378714	 rs1063478	Gtc	Atc	V	I	132  	.   0.09	1hdmA  125  V
ENSP00000378714	 rs1063478	Gtc	Atc	V	I	132  	.   0.09	2bc4A  128  V
ENSP00000378714	 rs1063478	Gtc	Atc	V	I	132  	.   0.09	2bc4C  129  V
ENSP00000378714	 rs1063478	Gtc	Atc	V	I	132  	.   0.09	4fqxA  126  V
ENSP00000378714	 rs1063478	Gtc	Atc	V	I	132  	.   0.09	4gbxA  129  V
ENSP00000378714	 rs1063478	Gtc	Atc	V	I	132  	.   0.09	4i0pA  128  V
ENSP00000378714	 rs1063478	Gtc	Atc	V	I	132  	.   0.09	4i0pE  128  V
ENSP00000378716	 rs1063478	Gtc	Atc	V	I	71   	.   0.04	1hdmA  125  V
ENSP00000378716	 rs1063478	Gtc	Atc	V	I	71   	.   0.04	2bc4A  128  V
ENSP00000378716	 rs1063478	Gtc	Atc	V	I	71   	.   0.04	2bc4C  129  V
ENSP00000378716	 rs1063478	Gtc	Atc	V	I	71   	.   0.04	4fqxA  126  V
ENSP00000378716	 rs1063478	Gtc	Atc	V	I	71   	.   0.04	4gbxA  129  V
ENSP00000378716	 rs1063478	Gtc	Atc	V	I	71   	.   0.04	4i0pA  128  V
ENSP00000378716	 rs1063478	Gtc	Atc	V	I	71   	.   0.04	4i0pE  128  V
ENSP00000378723	 rs1042337	aTt	aCt	I	T	197  	.   0.02	1hdmB  170  I
ENSP00000378723	 rs1042337	aTt	aCt	I	T	197  	.   0.02	2bc4B  177  I
ENSP00000378723	 rs1042337	aTt	aCt	I	T	197  	.   0.02	2bc4D  177  I
ENSP00000378723	 rs1042337	aTt	aCt	I	T	197  	.   0.02	4fqxB  177  I
ENSP00000378723	 rs1042337	aTt	aCt	I	T	197  	.   0.02	4gbxB  177  I
ENSP00000378723	 rs1042337	aTt	aCt	I	T	197  	.   0.02	4i0pB  173  I
ENSP00000378723	 rs1042337	aTt	aCt	I	T	197  	.   0.02	4i0pF  173  I
ENSP00000378723	rs12176347	gCg	gTg	A	V	73   	.   0.01	1hdmB   48  A
ENSP00000378723	rs12176347	gCg	gTg	A	V	73   	.   0.01	2bc4B   53  A
ENSP00000378723	rs12176347	gCg	gTg	A	V	73   	.   0.01	2bc4D   53  A
ENSP00000378723	rs12176347	gCg	gTg	A	V	73   	.   0.01	4fqxB   53  A
ENSP00000378723	rs12176347	gCg	gTg	A	V	73   	.   0.01	4gbxB   53  A
ENSP00000378723	rs12176347	gCg	gTg	A	V	73   	.   0.01	4i0pB   53  A
ENSP00000378723	rs12176347	gCg	gTg	A	V	73   	.   0.01	4i0pF   53  A
ENSP00000378739	   rs17587	cGc	cAc	R	H	37   	.   0.01	3unfN   40  R
ENSP00000378739	   rs17587	cGc	cAc	R	H	37   	.   0.01	3unhN   40  R
ENSP00000378739	   rs17587	cGc	cAc	R	H	37   	.   0.01	6avoA   40  R
ENSP00000378739	   rs17587	cGc	cAc	R	H	37   	.   0.01	6avoF   40  R
ENSP00000378739	   rs17587	cGc	cTc	R	L	37   	.   0.01	3unfN   40  R
ENSP00000378739	   rs17587	cGc	cTc	R	L	37   	.   0.01	3unhN   40  R
ENSP00000378739	   rs17587	cGc	cTc	R	L	37   	.   0.01	6avoA   40  R
ENSP00000378739	   rs17587	cGc	cTc	R	L	37   	.   0.01	6avoF   40  R
ENSP00000378739	   rs20547	gcA	gcG	A	A	138  	.   0.01	3unfN  141  A
ENSP00000378739	   rs20547	gcA	gcG	A	A	138  	.   0.01	3unhN  141  A
ENSP00000378739	   rs20547	gcA	gcG	A	A	138  	.   0.01	6avoA  141  A
ENSP00000378739	   rs20547	gcA	gcG	A	A	138  	.   0.01	6avoF  141  A
ENSP00000378739	  rs241419	Gtt	Att	V	I	9    	.   0.01	3unfN   12  V
ENSP00000378739	  rs241419	Gtt	Att	V	I	9    	.   0.01	3unhN   12  V
ENSP00000378739	  rs241419	Gtt	Att	V	I	9    	.   0.01	6avoA   12  V
ENSP00000378739	  rs241419	Gtt	Att	V	I	9    	.   0.01	6avoF   12  V
ENSP00000378739	  rs241419	Gtt	Ctt	V	L	9    	.   0.01	3unfN   12  V
ENSP00000378739	  rs241419	Gtt	Ctt	V	L	9    	.   0.01	3unhN   12  V
ENSP00000378739	  rs241419	Gtt	Ctt	V	L	9    	.   0.01	6avoA   12  V
ENSP00000378739	  rs241419	Gtt	Ctt	V	L	9    	.   0.01	6avoF   12  V
ENSP00000378739	rs17213861	Cgc	Tgc	R	C	150  	.   0.01	3unfN  153  R
ENSP00000378739	rs17213861	Cgc	Tgc	R	C	150  	.   0.01	3unhN  153  R
ENSP00000378739	rs17213861	Cgc	Tgc	R	C	150  	.   0.01	6avoA  153  R
ENSP00000378739	rs17213861	Cgc	Tgc	R	C	150  	.   0.01	6avoF  153  R
ENSP00000378767	  rs707951	atT	atC	I	I	132  	.   0.03	1jk8A  106  I
ENSP00000378767	  rs707951	atT	atC	I	I	132  	.   0.03	1s9vA  105  I
ENSP00000378767	  rs707951	atT	atC	I	I	132  	.   0.03	1s9vD  105  I
ENSP00000378767	  rs707951	atT	atC	I	I	132  	.   0.03	1uvqA  108  I
ENSP00000378767	  rs707951	atT	atC	I	I	132  	.   0.03	2nnaA  108  I
ENSP00000378767	  rs707951	atT	atC	I	I	132  	.   0.03	3pl6A  108  I
ENSP00000378767	  rs707951	atT	atC	I	I	132  	.   0.03	4d8pA  108  I
ENSP00000378767	  rs707951	atT	atC	I	I	132  	.   0.03	4d8pC  108  I
ENSP00000378767	  rs707951	atT	atC	I	I	132  	.   0.03	4gg6A  108  I
ENSP00000378767	  rs707951	atT	atC	I	I	132  	.   0.03	4gg6C  108  I
ENSP00000378767	  rs707951	atT	atC	I	I	132  	.   0.03	4grlA  108  I
ENSP00000378767	  rs707951	atT	atC	I	I	132  	.   0.03	4mayA  107  I
ENSP00000378767	  rs707951	atT	atC	I	I	132  	.   0.03	4ozfA  106  I
ENSP00000378767	  rs707951	atT	atC	I	I	132  	.   0.03	4ozgA  106  I
ENSP00000378767	  rs707951	atT	atC	I	I	132  	.   0.03	4ozgC  106  I
ENSP00000378767	  rs707951	atT	atC	I	I	132  	.   0.03	4ozhA  106  I
ENSP00000378767	  rs707951	atT	atC	I	I	132  	.   0.03	4ozhC  106  I
ENSP00000378767	  rs707951	atT	atC	I	I	132  	.   0.03	4oziA  106  I
ENSP00000378767	  rs707951	atT	atC	I	I	132  	.   0.03	4oziC  106  I
ENSP00000378767	  rs707951	atT	atC	I	I	132  	.   0.03	4z7uA  108  I
ENSP00000378767	  rs707951	atT	atC	I	I	132  	.   0.03	4z7uC  108  I
ENSP00000378767	  rs707951	atT	atC	I	I	132  	.   0.03	4z7vA  106  I
ENSP00000378767	  rs707951	atT	atC	I	I	132  	.   0.03	4z7vC  106  I
ENSP00000378767	  rs707951	atT	atC	I	I	132  	.   0.03	4z7wA  107  I
ENSP00000378767	  rs707951	atT	atC	I	I	132  	.   0.03	4z7wC  107  I
ENSP00000378767	  rs707951	atT	atC	I	I	132  	.   0.03	5ks9A  108  I
ENSP00000378767	  rs707951	atT	atC	I	I	132  	.   0.03	5ks9C  108  I
ENSP00000378767	  rs707951	atT	atC	I	I	132  	.   0.03	5ksaA  107  I
ENSP00000378767	  rs707951	atT	atC	I	I	132  	.   0.03	5ksbA  107  I
ENSP00000378767	  rs707951	atT	atC	I	I	132  	.   0.03	5ksbC  107  I
ENSP00000378767	  rs707951	atT	atC	I	I	132  	.   0.03	5ksuA  107  I
ENSP00000378767	  rs707951	atT	atC	I	I	132  	.   0.03	5ksuD  107  I
ENSP00000378767	  rs707951	atT	atC	I	I	132  	.   0.03	5ksvA  106  I
ENSP00000378767	  rs707951	atT	atC	I	I	132  	.   0.03	5ujtA  108  I
ENSP00000378767	  rs707951	atT	atC	I	I	132  	.   0.03	5ujtD  109  I
ENSP00000378767	  rs707951	atT	atC	I	I	132  	.   0.03	5ujtG  110  I
ENSP00000378767	 rs1142333	aGa	aCa	R	T	87   	.   0.01	1jk8A   61  T
ENSP00000378767	 rs1142333	aGa	aCa	R	T	87   	.   0.01	1s9vA   60  T
ENSP00000378767	 rs1142333	aGa	aCa	R	T	87   	.   0.01	1s9vD   60  T
ENSP00000378767	 rs1142333	aGa	aCa	R	T	87   	.   0.01	1uvqA   63  R
ENSP00000378767	 rs1142333	aGa	aCa	R	T	87   	.   0.01	2nnaA   63  T
ENSP00000378767	 rs1142333	aGa	aCa	R	T	87   	.   0.01	3pl6A   63  R
ENSP00000378767	 rs1142333	aGa	aCa	R	T	87   	.   0.01	4d8pA   63  T
ENSP00000378767	 rs1142333	aGa	aCa	R	T	87   	.   0.01	4d8pC   63  T
ENSP00000378767	 rs1142333	aGa	aCa	R	T	87   	.   0.01	4gg6A   63  T
ENSP00000378767	 rs1142333	aGa	aCa	R	T	87   	.   0.01	4gg6C   63  T
ENSP00000378767	 rs1142333	aGa	aCa	R	T	87   	.   0.01	4grlA   63  R
ENSP00000378767	 rs1142333	aGa	aCa	R	T	87   	.   0.01	4mayA   62  R
ENSP00000378767	 rs1142333	aGa	aCa	R	T	87   	.   0.01	4ozfA   61  T
ENSP00000378767	 rs1142333	aGa	aCa	R	T	87   	.   0.01	4ozgA   61  T
ENSP00000378767	 rs1142333	aGa	aCa	R	T	87   	.   0.01	4ozgC   61  T
ENSP00000378767	 rs1142333	aGa	aCa	R	T	87   	.   0.01	4ozhA   61  T
ENSP00000378767	 rs1142333	aGa	aCa	R	T	87   	.   0.01	4ozhC   61  T
ENSP00000378767	 rs1142333	aGa	aCa	R	T	87   	.   0.01	4oziA   61  T
ENSP00000378767	 rs1142333	aGa	aCa	R	T	87   	.   0.01	4oziC   61  T
ENSP00000378767	 rs1142333	aGa	aCa	R	T	87   	.   0.01	4z7uA   63  T
ENSP00000378767	 rs1142333	aGa	aCa	R	T	87   	.   0.01	4z7uC   63  T
ENSP00000378767	 rs1142333	aGa	aCa	R	T	87   	.   0.01	4z7vA   61  T
ENSP00000378767	 rs1142333	aGa	aCa	R	T	87   	.   0.01	4z7vC   61  T
ENSP00000378767	 rs1142333	aGa	aCa	R	T	87   	.   0.01	4z7wA   62  T
ENSP00000378767	 rs1142333	aGa	aCa	R	T	87   	.   0.01	4z7wC   62  T
ENSP00000378767	 rs1142333	aGa	aCa	R	T	87   	.   0.01	5ks9A   63  T
ENSP00000378767	 rs1142333	aGa	aCa	R	T	87   	.   0.01	5ks9C   63  T
ENSP00000378767	 rs1142333	aGa	aCa	R	T	87   	.   0.01	5ksaA   62  T
ENSP00000378767	 rs1142333	aGa	aCa	R	T	87   	.   0.01	5ksbA   62  T
ENSP00000378767	 rs1142333	aGa	aCa	R	T	87   	.   0.01	5ksbC   62  T
ENSP00000378767	 rs1142333	aGa	aCa	R	T	87   	.   0.01	5ksuA   62  T
ENSP00000378767	 rs1142333	aGa	aCa	R	T	87   	.   0.01	5ksuD   62  T
ENSP00000378767	 rs1142333	aGa	aCa	R	T	87   	.   0.01	5ksvA   61  T
ENSP00000378767	 rs1142333	aGa	aCa	R	T	87   	.   0.01	5ujtA   63  T
ENSP00000378767	 rs1142333	aGa	aCa	R	T	87   	.   0.01	5ujtD   64  T
ENSP00000378767	 rs1142333	aGa	aCa	R	T	87   	.   0.01	5ujtG   65  T
ENSP00000378767	 rs1129808	tAc	tCc	Y	S	103  	.   0.02	1jk8A   77  S
ENSP00000378767	 rs1129808	tAc	tCc	Y	S	103  	.   0.02	1s9vA   76  S
ENSP00000378767	 rs1129808	tAc	tCc	Y	S	103  	.   0.02	1s9vD   76  S
ENSP00000378767	 rs1129808	tAc	tCc	Y	S	103  	.   0.02	1uvqA   79  Y
ENSP00000378767	 rs1129808	tAc	tCc	Y	S	103  	.   0.02	2nnaA   79  S
ENSP00000378767	 rs1129808	tAc	tCc	Y	S	103  	.   0.02	3pl6A   79  Y
ENSP00000378767	 rs1129808	tAc	tCc	Y	S	103  	.   0.02	4d8pA   79  S
ENSP00000378767	 rs1129808	tAc	tCc	Y	S	103  	.   0.02	4d8pC   79  S
ENSP00000378767	 rs1129808	tAc	tCc	Y	S	103  	.   0.02	4gg6A   79  S
ENSP00000378767	 rs1129808	tAc	tCc	Y	S	103  	.   0.02	4gg6C   79  S
ENSP00000378767	 rs1129808	tAc	tCc	Y	S	103  	.   0.02	4grlA   79  Y
ENSP00000378767	 rs1129808	tAc	tCc	Y	S	103  	.   0.02	4mayA   78  Y
ENSP00000378767	 rs1129808	tAc	tCc	Y	S	103  	.   0.02	4ozfA   77  S
ENSP00000378767	 rs1129808	tAc	tCc	Y	S	103  	.   0.02	4ozgA   77  S
ENSP00000378767	 rs1129808	tAc	tCc	Y	S	103  	.   0.02	4ozgC   77  S
ENSP00000378767	 rs1129808	tAc	tCc	Y	S	103  	.   0.02	4ozhA   77  S
ENSP00000378767	 rs1129808	tAc	tCc	Y	S	103  	.   0.02	4ozhC   77  S
ENSP00000378767	 rs1129808	tAc	tCc	Y	S	103  	.   0.02	4oziA   77  S
ENSP00000378767	 rs1129808	tAc	tCc	Y	S	103  	.   0.02	4oziC   77  S
ENSP00000378767	 rs1129808	tAc	tCc	Y	S	103  	.   0.02	4z7uA   79  S
ENSP00000378767	 rs1129808	tAc	tCc	Y	S	103  	.   0.02	4z7uC   79  S
ENSP00000378767	 rs1129808	tAc	tCc	Y	S	103  	.   0.02	4z7vA   77  S
ENSP00000378767	 rs1129808	tAc	tCc	Y	S	103  	.   0.02	4z7vC   77  S
ENSP00000378767	 rs1129808	tAc	tCc	Y	S	103  	.   0.02	4z7wA   78  S
ENSP00000378767	 rs1129808	tAc	tCc	Y	S	103  	.   0.02	4z7wC   78  S
ENSP00000378767	 rs1129808	tAc	tCc	Y	S	103  	.   0.02	5ks9A   79  S
ENSP00000378767	 rs1129808	tAc	tCc	Y	S	103  	.   0.02	5ks9C   79  S
ENSP00000378767	 rs1129808	tAc	tCc	Y	S	103  	.   0.02	5ksaA   78  S
ENSP00000378767	 rs1129808	tAc	tCc	Y	S	103  	.   0.02	5ksbA   78  S
ENSP00000378767	 rs1129808	tAc	tCc	Y	S	103  	.   0.02	5ksbC   78  S
ENSP00000378767	 rs1129808	tAc	tCc	Y	S	103  	.   0.02	5ksuA   78  S
ENSP00000378767	 rs1129808	tAc	tCc	Y	S	103  	.   0.02	5ksuD   78  S
ENSP00000378767	 rs1129808	tAc	tCc	Y	S	103  	.   0.02	5ksvA   77  S
ENSP00000378767	 rs1129808	tAc	tCc	Y	S	103  	.   0.02	5ujtA   79  S
ENSP00000378767	 rs1129808	tAc	tCc	Y	S	103  	.   0.02	5ujtD   80  S
ENSP00000378767	 rs1129808	tAc	tCc	Y	S	103  	.   0.02	5ujtG   81  S
ENSP00000378767	 rs1129808	tAc	tGc	Y	C	103  	.   0.02	1jk8A   77  S
ENSP00000378767	 rs1129808	tAc	tGc	Y	C	103  	.   0.02	1s9vA   76  S
ENSP00000378767	 rs1129808	tAc	tGc	Y	C	103  	.   0.02	1s9vD   76  S
ENSP00000378767	 rs1129808	tAc	tGc	Y	C	103  	.   0.02	1uvqA   79  Y
ENSP00000378767	 rs1129808	tAc	tGc	Y	C	103  	.   0.02	2nnaA   79  S
ENSP00000378767	 rs1129808	tAc	tGc	Y	C	103  	.   0.02	3pl6A   79  Y
ENSP00000378767	 rs1129808	tAc	tGc	Y	C	103  	.   0.02	4d8pA   79  S
ENSP00000378767	 rs1129808	tAc	tGc	Y	C	103  	.   0.02	4d8pC   79  S
ENSP00000378767	 rs1129808	tAc	tGc	Y	C	103  	.   0.02	4gg6A   79  S
ENSP00000378767	 rs1129808	tAc	tGc	Y	C	103  	.   0.02	4gg6C   79  S
ENSP00000378767	 rs1129808	tAc	tGc	Y	C	103  	.   0.02	4grlA   79  Y
ENSP00000378767	 rs1129808	tAc	tGc	Y	C	103  	.   0.02	4mayA   78  Y
ENSP00000378767	 rs1129808	tAc	tGc	Y	C	103  	.   0.02	4ozfA   77  S
ENSP00000378767	 rs1129808	tAc	tGc	Y	C	103  	.   0.02	4ozgA   77  S
ENSP00000378767	 rs1129808	tAc	tGc	Y	C	103  	.   0.02	4ozgC   77  S
ENSP00000378767	 rs1129808	tAc	tGc	Y	C	103  	.   0.02	4ozhA   77  S
ENSP00000378767	 rs1129808	tAc	tGc	Y	C	103  	.   0.02	4ozhC   77  S
ENSP00000378767	 rs1129808	tAc	tGc	Y	C	103  	.   0.02	4oziA   77  S
ENSP00000378767	 rs1129808	tAc	tGc	Y	C	103  	.   0.02	4oziC   77  S
ENSP00000378767	 rs1129808	tAc	tGc	Y	C	103  	.   0.02	4z7uA   79  S
ENSP00000378767	 rs1129808	tAc	tGc	Y	C	103  	.   0.02	4z7uC   79  S
ENSP00000378767	 rs1129808	tAc	tGc	Y	C	103  	.   0.02	4z7vA   77  S
ENSP00000378767	 rs1129808	tAc	tGc	Y	C	103  	.   0.02	4z7vC   77  S
ENSP00000378767	 rs1129808	tAc	tGc	Y	C	103  	.   0.02	4z7wA   78  S
ENSP00000378767	 rs1129808	tAc	tGc	Y	C	103  	.   0.02	4z7wC   78  S
ENSP00000378767	 rs1129808	tAc	tGc	Y	C	103  	.   0.02	5ks9A   79  S
ENSP00000378767	 rs1129808	tAc	tGc	Y	C	103  	.   0.02	5ks9C   79  S
ENSP00000378767	 rs1129808	tAc	tGc	Y	C	103  	.   0.02	5ksaA   78  S
ENSP00000378767	 rs1129808	tAc	tGc	Y	C	103  	.   0.02	5ksbA   78  S
ENSP00000378767	 rs1129808	tAc	tGc	Y	C	103  	.   0.02	5ksbC   78  S
ENSP00000378767	 rs1129808	tAc	tGc	Y	C	103  	.   0.02	5ksuA   78  S
ENSP00000378767	 rs1129808	tAc	tGc	Y	C	103  	.   0.02	5ksuD   78  S
ENSP00000378767	 rs1129808	tAc	tGc	Y	C	103  	.   0.02	5ksvA   77  S
ENSP00000378767	 rs1129808	tAc	tGc	Y	C	103  	.   0.02	5ujtA   79  S
ENSP00000378767	 rs1129808	tAc	tGc	Y	C	103  	.   0.02	5ujtD   80  S
ENSP00000378767	 rs1129808	tAc	tGc	Y	C	103  	.   0.02	5ujtG   81  S
ENSP00000378769	 rs6547876	caA	caC	Q	H	67   	.    0.0	1fjmA   62  Q
ENSP00000378769	 rs6547876	caA	caC	Q	H	67   	.    0.0	1fjmB   58  Q
ENSP00000378769	 rs6547876	caA	caC	Q	H	67   	.    0.0	1it6A   62  Q
ENSP00000378769	 rs6547876	caA	caC	Q	H	67   	.    0.0	1it6B   62  Q
ENSP00000378769	 rs6547876	caA	caC	Q	H	67   	.    0.0	1jk7A   63  Q
ENSP00000378769	 rs6547876	caA	caC	Q	H	67   	.    0.0	1s70A   68  Q
ENSP00000378769	 rs6547876	caA	caC	Q	H	67   	.    0.0	1u32A   63  Q
ENSP00000378769	 rs6547876	caA	caC	Q	H	67   	.    0.0	2bcdA   63  Q
ENSP00000378769	 rs6547876	caA	caC	Q	H	67   	.    0.0	2bdxA   63  Q
ENSP00000378769	 rs6547876	caA	caC	Q	H	67   	.    0.0	2o8aA   63  Q
ENSP00000378769	 rs6547876	caA	caC	Q	H	67   	.    0.0	2o8aC   63  Q
ENSP00000378769	 rs6547876	caA	caC	Q	H	67   	.    0.0	2o8gA   63  Q
ENSP00000378769	 rs6547876	caA	caC	Q	H	67   	.    0.0	2o8gC   63  Q
ENSP00000378769	 rs6547876	caA	caC	Q	H	67   	.    0.0	3e7aA   62  Q
ENSP00000378769	 rs6547876	caA	caC	Q	H	67   	.    0.0	3e7aB   62  Q
ENSP00000378769	 rs6547876	caA	caC	Q	H	67   	.    0.0	3e7bA   63  Q
ENSP00000378769	 rs6547876	caA	caC	Q	H	67   	.    0.0	3e7bB   63  Q
ENSP00000378769	 rs6547876	caA	caC	Q	H	67   	.    0.0	3eggA   62  Q
ENSP00000378769	 rs6547876	caA	caC	Q	H	67   	.    0.0	3eggB   62  Q
ENSP00000378769	 rs6547876	caA	caC	Q	H	67   	.    0.0	3eghA   62  Q
ENSP00000378769	 rs6547876	caA	caC	Q	H	67   	.    0.0	3eghB   62  Q
ENSP00000378769	 rs6547876	caA	caC	Q	H	67   	.    0.0	3hvqA   62  Q
ENSP00000378769	 rs6547876	caA	caC	Q	H	67   	.    0.0	3hvqB   62  Q
ENSP00000378769	 rs6547876	caA	caC	Q	H	67   	.    0.0	3n5uA   62  Q
ENSP00000378769	 rs6547876	caA	caC	Q	H	67   	.    0.0	3n5uB   62  Q
ENSP00000378769	 rs6547876	caA	caC	Q	H	67   	.    0.0	3v4yA   62  Q
ENSP00000378769	 rs6547876	caA	caC	Q	H	67   	.    0.0	3v4yC   63  Q
ENSP00000378769	 rs6547876	caA	caC	Q	H	67   	.    0.0	3v4yE   62  Q
ENSP00000378769	 rs6547876	caA	caC	Q	H	67   	.    0.0	3v4yG   67  Q
ENSP00000378769	 rs6547876	caA	caC	Q	H	67   	.    0.0	4g9jA   60  Q
ENSP00000378769	 rs6547876	caA	caC	Q	H	67   	.    0.0	4g9jB   62  Q
ENSP00000378769	 rs6547876	caA	caC	Q	H	67   	.    0.0	4movA   62  Q
ENSP00000378769	 rs6547876	caA	caC	Q	H	67   	.    0.0	4movB   60  Q
ENSP00000378769	 rs6547876	caA	caC	Q	H	67   	.    0.0	4moyA   62  Q
ENSP00000378769	 rs6547876	caA	caC	Q	H	67   	.    0.0	4mp0A   63  Q
ENSP00000378769	 rs6547876	caA	caC	Q	H	67   	.    0.0	4mp0B   62  Q
ENSP00000378769	 rs6547876	caA	caC	Q	H	67   	.    0.0	4ut2A   63  Q
ENSP00000378769	 rs6547876	caA	caC	Q	H	67   	.    0.0	4ut2B   63  Q
ENSP00000378769	 rs6547876	caA	caC	Q	H	67   	.    0.0	4ut3A   63  Q
ENSP00000378769	 rs6547876	caA	caC	Q	H	67   	.    0.0	4ut3B   63  Q
ENSP00000378769	 rs6547876	caA	caC	Q	H	67   	.    0.0	4v0uD   62  Q
ENSP00000378769	 rs6547876	caA	caC	Q	H	67   	.    0.0	4v0uF   62  Q
ENSP00000378769	 rs6547876	caA	caC	Q	H	67   	.    0.0	4v0uH   62  Q
ENSP00000378769	 rs6547876	caA	caC	Q	H	67   	.    0.0	4v0uJ   62  Q
ENSP00000378769	 rs6547876	caA	caC	Q	H	67   	.    0.0	4v0uN   62  Q
ENSP00000378769	 rs6547876	caA	caC	Q	H	67   	.    0.0	4v0vA   63  Q
ENSP00000378769	 rs6547876	caA	caC	Q	H	67   	.    0.0	4v0vC   58  Q
ENSP00000378769	 rs6547876	caA	caC	Q	H	67   	.    0.0	4v0wA   63  Q
ENSP00000378769	 rs6547876	caA	caC	Q	H	67   	.    0.0	4v0wC   58  Q
ENSP00000378769	 rs6547876	caA	caC	Q	H	67   	.    0.0	4v0xA   61  Q
ENSP00000378769	 rs6547876	caA	caC	Q	H	67   	.    0.0	4xpnA   65  Q
ENSP00000378769	 rs6547876	caA	caC	Q	H	67   	.    0.0	4xpnC   63  Q
ENSP00000378769	 rs6547876	caA	caC	Q	H	67   	.    0.0	5inbA   62  Q
ENSP00000378769	 rs6547876	caA	caC	Q	H	67   	.    0.0	5iohA   62  Q
ENSP00000378769	 rs6547876	caA	caC	Q	H	67   	.    0.0	5iohC   62  Q
ENSP00000378769	 rs6547876	caA	caC	Q	H	67   	.    0.0	5j28A   62  Q
ENSP00000378769	 rs6547876	caA	caC	Q	H	67   	.    0.0	5j28B   62  Q
ENSP00000378769	 rs6547876	caA	caC	Q	H	67   	.    0.0	6alzA   62  Q
ENSP00000378769	 rs6547876	caA	caC	Q	H	67   	.    0.0	6alzB   63  Q
ENSP00000378769	 rs6547876	caA	caG	Q	Q	67   	.    0.0	1fjmA   62  Q
ENSP00000378769	 rs6547876	caA	caG	Q	Q	67   	.    0.0	1fjmB   58  Q
ENSP00000378769	 rs6547876	caA	caG	Q	Q	67   	.    0.0	1it6A   62  Q
ENSP00000378769	 rs6547876	caA	caG	Q	Q	67   	.    0.0	1it6B   62  Q
ENSP00000378769	 rs6547876	caA	caG	Q	Q	67   	.    0.0	1jk7A   63  Q
ENSP00000378769	 rs6547876	caA	caG	Q	Q	67   	.    0.0	1s70A   68  Q
ENSP00000378769	 rs6547876	caA	caG	Q	Q	67   	.    0.0	1u32A   63  Q
ENSP00000378769	 rs6547876	caA	caG	Q	Q	67   	.    0.0	2bcdA   63  Q
ENSP00000378769	 rs6547876	caA	caG	Q	Q	67   	.    0.0	2bdxA   63  Q
ENSP00000378769	 rs6547876	caA	caG	Q	Q	67   	.    0.0	2o8aA   63  Q
ENSP00000378769	 rs6547876	caA	caG	Q	Q	67   	.    0.0	2o8aC   63  Q
ENSP00000378769	 rs6547876	caA	caG	Q	Q	67   	.    0.0	2o8gA   63  Q
ENSP00000378769	 rs6547876	caA	caG	Q	Q	67   	.    0.0	2o8gC   63  Q
ENSP00000378769	 rs6547876	caA	caG	Q	Q	67   	.    0.0	3e7aA   62  Q
ENSP00000378769	 rs6547876	caA	caG	Q	Q	67   	.    0.0	3e7aB   62  Q
ENSP00000378769	 rs6547876	caA	caG	Q	Q	67   	.    0.0	3e7bA   63  Q
ENSP00000378769	 rs6547876	caA	caG	Q	Q	67   	.    0.0	3e7bB   63  Q
ENSP00000378769	 rs6547876	caA	caG	Q	Q	67   	.    0.0	3eggA   62  Q
ENSP00000378769	 rs6547876	caA	caG	Q	Q	67   	.    0.0	3eggB   62  Q
ENSP00000378769	 rs6547876	caA	caG	Q	Q	67   	.    0.0	3eghA   62  Q
ENSP00000378769	 rs6547876	caA	caG	Q	Q	67   	.    0.0	3eghB   62  Q
ENSP00000378769	 rs6547876	caA	caG	Q	Q	67   	.    0.0	3hvqA   62  Q
ENSP00000378769	 rs6547876	caA	caG	Q	Q	67   	.    0.0	3hvqB   62  Q
ENSP00000378769	 rs6547876	caA	caG	Q	Q	67   	.    0.0	3n5uA   62  Q
ENSP00000378769	 rs6547876	caA	caG	Q	Q	67   	.    0.0	3n5uB   62  Q
ENSP00000378769	 rs6547876	caA	caG	Q	Q	67   	.    0.0	3v4yA   62  Q
ENSP00000378769	 rs6547876	caA	caG	Q	Q	67   	.    0.0	3v4yC   63  Q
ENSP00000378769	 rs6547876	caA	caG	Q	Q	67   	.    0.0	3v4yE   62  Q
ENSP00000378769	 rs6547876	caA	caG	Q	Q	67   	.    0.0	3v4yG   67  Q
ENSP00000378769	 rs6547876	caA	caG	Q	Q	67   	.    0.0	4g9jA   60  Q
ENSP00000378769	 rs6547876	caA	caG	Q	Q	67   	.    0.0	4g9jB   62  Q
ENSP00000378769	 rs6547876	caA	caG	Q	Q	67   	.    0.0	4movA   62  Q
ENSP00000378769	 rs6547876	caA	caG	Q	Q	67   	.    0.0	4movB   60  Q
ENSP00000378769	 rs6547876	caA	caG	Q	Q	67   	.    0.0	4moyA   62  Q
ENSP00000378769	 rs6547876	caA	caG	Q	Q	67   	.    0.0	4mp0A   63  Q
ENSP00000378769	 rs6547876	caA	caG	Q	Q	67   	.    0.0	4mp0B   62  Q
ENSP00000378769	 rs6547876	caA	caG	Q	Q	67   	.    0.0	4ut2A   63  Q
ENSP00000378769	 rs6547876	caA	caG	Q	Q	67   	.    0.0	4ut2B   63  Q
ENSP00000378769	 rs6547876	caA	caG	Q	Q	67   	.    0.0	4ut3A   63  Q
ENSP00000378769	 rs6547876	caA	caG	Q	Q	67   	.    0.0	4ut3B   63  Q
ENSP00000378769	 rs6547876	caA	caG	Q	Q	67   	.    0.0	4v0uD   62  Q
ENSP00000378769	 rs6547876	caA	caG	Q	Q	67   	.    0.0	4v0uF   62  Q
ENSP00000378769	 rs6547876	caA	caG	Q	Q	67   	.    0.0	4v0uH   62  Q
ENSP00000378769	 rs6547876	caA	caG	Q	Q	67   	.    0.0	4v0uJ   62  Q
ENSP00000378769	 rs6547876	caA	caG	Q	Q	67   	.    0.0	4v0uN   62  Q
ENSP00000378769	 rs6547876	caA	caG	Q	Q	67   	.    0.0	4v0vA   63  Q
ENSP00000378769	 rs6547876	caA	caG	Q	Q	67   	.    0.0	4v0vC   58  Q
ENSP00000378769	 rs6547876	caA	caG	Q	Q	67   	.    0.0	4v0wA   63  Q
ENSP00000378769	 rs6547876	caA	caG	Q	Q	67   	.    0.0	4v0wC   58  Q
ENSP00000378769	 rs6547876	caA	caG	Q	Q	67   	.    0.0	4v0xA   61  Q
ENSP00000378769	 rs6547876	caA	caG	Q	Q	67   	.    0.0	4xpnA   65  Q
ENSP00000378769	 rs6547876	caA	caG	Q	Q	67   	.    0.0	4xpnC   63  Q
ENSP00000378769	 rs6547876	caA	caG	Q	Q	67   	.    0.0	5inbA   62  Q
ENSP00000378769	 rs6547876	caA	caG	Q	Q	67   	.    0.0	5iohA   62  Q
ENSP00000378769	 rs6547876	caA	caG	Q	Q	67   	.    0.0	5iohC   62  Q
ENSP00000378769	 rs6547876	caA	caG	Q	Q	67   	.    0.0	5j28A   62  Q
ENSP00000378769	 rs6547876	caA	caG	Q	Q	67   	.    0.0	5j28B   62  Q
ENSP00000378769	 rs6547876	caA	caG	Q	Q	67   	.    0.0	6alzA   62  Q
ENSP00000378769	 rs6547876	caA	caG	Q	Q	67   	.    0.0	6alzB   63  Q
ENSP00000378782	 rs2303255	gCc	gTc	A	V	158  	.   0.01	2jbmA  158  A
ENSP00000378782	 rs2303255	gCc	gTc	A	V	158  	.   0.01	2jbmB  157  A
ENSP00000378782	 rs2303255	gCc	gTc	A	V	158  	.   0.01	2jbmC  158  A
ENSP00000378782	 rs2303255	gCc	gTc	A	V	158  	.   0.01	2jbmD  157  A
ENSP00000378782	 rs2303255	gCc	gTc	A	V	158  	.   0.01	2jbmE  157  A
ENSP00000378782	 rs2303255	gCc	gTc	A	V	158  	.   0.01	2jbmF  157  A
ENSP00000378782	 rs2303255	gCc	gTc	A	V	158  	.   0.01	2jbmG  157  A
ENSP00000378782	 rs2303255	gCc	gTc	A	V	158  	.   0.01	2jbmH  157  A
ENSP00000378782	 rs2303255	gCc	gTc	A	V	158  	.   0.01	2jbmI  157  A
ENSP00000378782	 rs2303255	gCc	gTc	A	V	158  	.   0.01	2jbmJ  157  A
ENSP00000378782	 rs2303255	gCc	gTc	A	V	158  	.   0.01	2jbmK  157  A
ENSP00000378782	 rs2303255	gCc	gTc	A	V	158  	.   0.01	2jbmL  157  A
ENSP00000378782	 rs2303255	gCc	gTc	A	V	158  	.   0.01	4i9aA  158  T
ENSP00000378782	 rs2303255	gCc	gTc	A	V	158  	.   0.01	4i9aB  158  T
ENSP00000378782	 rs2303255	gCc	gTc	A	V	158  	.   0.01	4kwvA  157  A
ENSP00000378782	 rs2303255	gCc	gTc	A	V	158  	.   0.01	4kwvB  157  A
ENSP00000378782	 rs2303255	gCc	gTc	A	V	158  	.   0.01	4kwvC  157  A
ENSP00000378782	 rs2303255	gCc	gTc	A	V	158  	.   0.01	4kwvD  157  A
ENSP00000378782	 rs2303255	gCc	gTc	A	V	158  	.   0.01	4kwvE  157  A
ENSP00000378782	 rs2303255	gCc	gTc	A	V	158  	.   0.01	4kwvF  157  A
ENSP00000378782	 rs2303255	gCc	gTc	A	V	158  	.   0.01	4kwwA  157  A
ENSP00000378782	 rs2303255	gCc	gTc	A	V	158  	.   0.01	4kwwB  157  A
ENSP00000378782	 rs2303255	gCc	gTc	A	V	158  	.   0.01	4kwwC  157  A
ENSP00000378782	 rs2303255	gCc	gTc	A	V	158  	.   0.01	4kwwD  156  A
ENSP00000378782	 rs2303255	gCc	gTc	A	V	158  	.   0.01	4kwwE  156  A
ENSP00000378782	 rs2303255	gCc	gTc	A	V	158  	.   0.01	4kwwF  157  A
ENSP00000378782	 rs2303255	gCc	gTc	A	V	158  	.   0.01	5ayxA  158  A
ENSP00000378782	 rs2303255	gCc	gTc	A	V	158  	.   0.01	5ayxB  158  A
ENSP00000378782	 rs2303255	gCc	gTc	A	V	158  	.   0.01	5ayxC  158  A
ENSP00000378782	 rs2303255	gCc	gTc	A	V	158  	.   0.01	5ayxD  158  A
ENSP00000378782	 rs2303255	gCc	gTc	A	V	158  	.   0.01	5ayxE  158  A
ENSP00000378782	 rs2303255	gCc	gTc	A	V	158  	.   0.01	5ayxF  158  A
ENSP00000378782	 rs2303255	gCc	gTc	A	V	158  	.   0.01	5ayyA  158  A
ENSP00000378782	 rs2303255	gCc	gTc	A	V	158  	.   0.01	5ayyB  158  A
ENSP00000378782	 rs2303255	gCc	gTc	A	V	158  	.   0.01	5ayyC  158  A
ENSP00000378782	 rs2303255	gCc	gTc	A	V	158  	.   0.01	5ayyD  158  A
ENSP00000378782	 rs2303255	gCc	gTc	A	V	158  	.   0.01	5ayyE  158  A
ENSP00000378782	 rs2303255	gCc	gTc	A	V	158  	.   0.01	5ayyF  158  A
ENSP00000378782	 rs2303255	gCc	gTc	A	V	158  	.   0.01	5ayyG  158  A
ENSP00000378782	 rs2303255	gCc	gTc	A	V	158  	.   0.01	5ayyH  158  A
ENSP00000378782	 rs2303255	gCc	gTc	A	V	158  	.   0.01	5ayyI  158  A
ENSP00000378782	 rs2303255	gCc	gTc	A	V	158  	.   0.01	5ayzA  158  A
ENSP00000378782	 rs2303255	gCc	gTc	A	V	158  	.   0.01	5ayzB  158  A
ENSP00000378782	 rs2303255	gCc	gTc	A	V	158  	.   0.01	5ayzC  158  A
ENSP00000378782	 rs2303255	gCc	gTc	A	V	158  	.   0.01	5ayzD  158  A
ENSP00000378782	 rs2303255	gCc	gTc	A	V	158  	.   0.01	5ayzE  158  A
ENSP00000378782	 rs2303255	gCc	gTc	A	V	158  	.   0.01	5ayzF  158  A
ENSP00000378782	 rs2303255	gCc	gTc	A	V	158  	.   0.01	5ayzG  158  A
ENSP00000378782	 rs2303255	gCc	gTc	A	V	158  	.   0.01	5ayzH  158  A
ENSP00000378782	 rs2303255	gCc	gTc	A	V	158  	.   0.01	5ayzI  158  A
ENSP00000378782	 rs2303255	gCc	gTc	A	V	158  	.   0.01	5ayzJ  158  A
ENSP00000378782	 rs2303255	gCc	gTc	A	V	158  	.   0.01	5ayzK  158  A
ENSP00000378782	 rs2303255	gCc	gTc	A	V	158  	.   0.01	5ayzL  158  A
ENSP00000378786	    rs8084	atA	atC	I	I	134  	.   0.01	1a6aA  105  I
ENSP00000378786	    rs8084	atA	atC	I	I	134  	.   0.01	1aqdA  107  I
ENSP00000378786	    rs8084	atA	atC	I	I	134  	.   0.01	1aqdD  107  I
ENSP00000378786	    rs8084	atA	atC	I	I	134  	.   0.01	1aqdG  107  I
ENSP00000378786	    rs8084	atA	atC	I	I	134  	.   0.01	1aqdJ  107  I
ENSP00000378786	    rs8084	atA	atC	I	I	134  	.   0.01	1bx2A  108  I
ENSP00000378786	    rs8084	atA	atC	I	I	134  	.   0.01	1bx2D  108  I
ENSP00000378786	    rs8084	atA	atC	I	I	134  	.   0.01	1d5mA  106  I
ENSP00000378786	    rs8084	atA	atC	I	I	134  	.   0.01	1d5xA  107  I
ENSP00000378786	    rs8084	atA	atC	I	I	134  	.   0.01	1d5zA  107  I
ENSP00000378786	    rs8084	atA	atC	I	I	134  	.   0.01	1d6eA  106  I
ENSP00000378786	    rs8084	atA	atC	I	I	134  	.   0.01	1dlhA  107  I
ENSP00000378786	    rs8084	atA	atC	I	I	134  	.   0.01	1dlhD  107  I
ENSP00000378786	    rs8084	atA	atC	I	I	134  	.   0.01	1fneA  109  I
ENSP00000378786	    rs8084	atA	atC	I	I	134  	.   0.01	1fneC  109  I
ENSP00000378786	    rs8084	atA	atC	I	I	134  	.   0.01	1fngA  109  I
ENSP00000378786	    rs8084	atA	atC	I	I	134  	.   0.01	1fngC  109  I
ENSP00000378786	    rs8084	atA	atC	I	I	134  	.   0.01	1fv1A  107  I
ENSP00000378786	    rs8084	atA	atC	I	I	134  	.   0.01	1fv1D  106  I
ENSP00000378786	    rs8084	atA	atC	I	I	134  	.   0.01	1fytA  108  I
ENSP00000378786	    rs8084	atA	atC	I	I	134  	.   0.01	1h15A  107  I
ENSP00000378786	    rs8084	atA	atC	I	I	134  	.   0.01	1h15D  107  I
ENSP00000378786	    rs8084	atA	atC	I	I	134  	.   0.01	1hqrA  107  I
ENSP00000378786	    rs8084	atA	atC	I	I	134  	.   0.01	1hxyA  107  I
ENSP00000378786	    rs8084	atA	atC	I	I	134  	.   0.01	1j8hA  108  I
ENSP00000378786	    rs8084	atA	atC	I	I	134  	.   0.01	1jwmA  107  I
ENSP00000378786	    rs8084	atA	atC	I	I	134  	.   0.01	1jwsA  107  I
ENSP00000378786	    rs8084	atA	atC	I	I	134  	.   0.01	1jwuA  107  I
ENSP00000378786	    rs8084	atA	atC	I	I	134  	.   0.01	1kg0A  107  I
ENSP00000378786	    rs8084	atA	atC	I	I	134  	.   0.01	1klgA  106  I
ENSP00000378786	    rs8084	atA	atC	I	I	134  	.   0.01	1kluA  106  I
ENSP00000378786	    rs8084	atA	atC	I	I	134  	.   0.01	1kt2A  109  I
ENSP00000378786	    rs8084	atA	atC	I	I	134  	.   0.01	1kt2C  109  I
ENSP00000378786	    rs8084	atA	atC	I	I	134  	.   0.01	1lo5A  106  I
ENSP00000378786	    rs8084	atA	atC	I	I	134  	.   0.01	1pywA  106  I
ENSP00000378786	    rs8084	atA	atC	I	I	134  	.   0.01	1r5iA  106  I
ENSP00000378786	    rs8084	atA	atC	I	I	134  	.   0.01	1r5iE  106  I
ENSP00000378786	    rs8084	atA	atC	I	I	134  	.   0.01	1r5vA  107  I
ENSP00000378786	    rs8084	atA	atC	I	I	134  	.   0.01	1r5vD  107  I
ENSP00000378786	    rs8084	atA	atC	I	I	134  	.   0.01	1r5wA  107  I
ENSP00000378786	    rs8084	atA	atC	I	I	134  	.   0.01	1r5wC  107  I
ENSP00000378786	    rs8084	atA	atC	I	I	134  	.   0.01	1sebA  109  I
ENSP00000378786	    rs8084	atA	atC	I	I	134  	.   0.01	1sebE  109  I
ENSP00000378786	    rs8084	atA	atC	I	I	134  	.   0.01	1sjeA  107  I
ENSP00000378786	    rs8084	atA	atC	I	I	134  	.   0.01	1sjhA  106  I
ENSP00000378786	    rs8084	atA	atC	I	I	134  	.   0.01	1t5wA  108  I
ENSP00000378786	    rs8084	atA	atC	I	I	134  	.   0.01	1t5wD  107  I
ENSP00000378786	    rs8084	atA	atC	I	I	134  	.   0.01	1t5xA  106  I
ENSP00000378786	    rs8084	atA	atC	I	I	134  	.   0.01	1ymmA  108  I
ENSP00000378786	    rs8084	atA	atC	I	I	134  	.   0.01	1zglA  106  I
ENSP00000378786	    rs8084	atA	atC	I	I	134  	.   0.01	1zglF  106  I
ENSP00000378786	    rs8084	atA	atC	I	I	134  	.   0.01	1zglK  106  I
ENSP00000378786	    rs8084	atA	atC	I	I	134  	.   0.01	1zglP  106  I
ENSP00000378786	    rs8084	atA	atC	I	I	134  	.   0.01	2fseA  106  I
ENSP00000378786	    rs8084	atA	atC	I	I	134  	.   0.01	2fseC  106  I
ENSP00000378786	    rs8084	atA	atC	I	I	134  	.   0.01	2g9hA  106  I
ENSP00000378786	    rs8084	atA	atC	I	I	134  	.   0.01	2iamA  107  I
ENSP00000378786	    rs8084	atA	atC	I	I	134  	.   0.01	2ianA  106  I
ENSP00000378786	    rs8084	atA	atC	I	I	134  	.   0.01	2ianF  107  I
ENSP00000378786	    rs8084	atA	atC	I	I	134  	.   0.01	2ianK  107  I
ENSP00000378786	    rs8084	atA	atC	I	I	134  	.   0.01	2ianP  107  I
ENSP00000378786	    rs8084	atA	atC	I	I	134  	.   0.01	2icwA  104  I
ENSP00000378786	    rs8084	atA	atC	I	I	134  	.   0.01	2icwD  104  I
ENSP00000378786	    rs8084	atA	atC	I	I	134  	.   0.01	2ipkA  107  I
ENSP00000378786	    rs8084	atA	atC	I	I	134  	.   0.01	2ojeA  105  I
ENSP00000378786	    rs8084	atA	atC	I	I	134  	.   0.01	2ojeE  105  I
ENSP00000378786	    rs8084	atA	atC	I	I	134  	.   0.01	2q6wA  107  I
ENSP00000378786	    rs8084	atA	atC	I	I	134  	.   0.01	2q6wD  107  I
ENSP00000378786	    rs8084	atA	atC	I	I	134  	.   0.01	2sebA  109  I
ENSP00000378786	    rs8084	atA	atC	I	I	134  	.   0.01	2wbjA  107  I
ENSP00000378786	    rs8084	atA	atC	I	I	134  	.   0.01	2wbjE  106  I
ENSP00000378786	    rs8084	atA	atC	I	I	134  	.   0.01	2xn9D  106  I
ENSP00000378786	    rs8084	atA	atC	I	I	134  	.   0.01	3c5jA  107  I
ENSP00000378786	    rs8084	atA	atC	I	I	134  	.   0.01	3l6fA  107  I
ENSP00000378786	    rs8084	atA	atC	I	I	134  	.   0.01	3o6fA  106  I
ENSP00000378786	    rs8084	atA	atC	I	I	134  	.   0.01	3o6fE  108  I
ENSP00000378786	    rs8084	atA	atC	I	I	134  	.   0.01	3pdoA  110  I
ENSP00000378786	    rs8084	atA	atC	I	I	134  	.   0.01	3pgcA  106  I
ENSP00000378786	    rs8084	atA	atC	I	I	134  	.   0.01	3pgcD  106  I
ENSP00000378786	    rs8084	atA	atC	I	I	134  	.   0.01	3pgdA  106  I
ENSP00000378786	    rs8084	atA	atC	I	I	134  	.   0.01	3pgdD  107  I
ENSP00000378786	    rs8084	atA	atC	I	I	134  	.   0.01	3qibA  109  I
ENSP00000378786	    rs8084	atA	atC	I	I	134  	.   0.01	3qiuA  107  I
ENSP00000378786	    rs8084	atA	atC	I	I	134  	.   0.01	3qiwA  107  I
ENSP00000378786	    rs8084	atA	atC	I	I	134  	.   0.01	3qxaA  106  I
ENSP00000378786	    rs8084	atA	atC	I	I	134  	.   0.01	3qxaC  106  I
ENSP00000378786	    rs8084	atA	atC	I	I	134  	.   0.01	3qxdA  106  I
ENSP00000378786	    rs8084	atA	atC	I	I	134  	.   0.01	3qxdC  106  I
ENSP00000378786	    rs8084	atA	atC	I	I	134  	.   0.01	3s4sA  107  I
ENSP00000378786	    rs8084	atA	atC	I	I	134  	.   0.01	3s4sE  109  I
ENSP00000378786	    rs8084	atA	atC	I	I	134  	.   0.01	3s5lA  107  I
ENSP00000378786	    rs8084	atA	atC	I	I	134  	.   0.01	3s5lB  107  I
ENSP00000378786	    rs8084	atA	atC	I	I	134  	.   0.01	3t0eA  106  I
ENSP00000378786	    rs8084	atA	atC	I	I	134  	.   0.01	4aenA  107  I
ENSP00000378786	    rs8084	atA	atC	I	I	134  	.   0.01	4ah2A  106  I
ENSP00000378786	    rs8084	atA	atC	I	I	134  	.   0.01	4c56D  106  I
ENSP00000378786	    rs8084	atA	atC	I	I	134  	.   0.01	4c56J  107  I
ENSP00000378786	    rs8084	atA	atC	I	I	134  	.   0.01	4e41A  107  I
ENSP00000378786	    rs8084	atA	atC	I	I	134  	.   0.01	4e41F  107  I
ENSP00000378786	    rs8084	atA	atC	I	I	134  	.   0.01	4fqxD  108  I
ENSP00000378786	    rs8084	atA	atC	I	I	134  	.   0.01	4gbxC  107  I
ENSP00000378786	    rs8084	atA	atC	I	I	134  	.   0.01	4h1lA  107  I
ENSP00000378786	    rs8084	atA	atC	I	I	134  	.   0.01	4h1lD  107  I
ENSP00000378786	    rs8084	atA	atC	I	I	134  	.   0.01	4h25A  107  I
ENSP00000378786	    rs8084	atA	atC	I	I	134  	.   0.01	4h25D  107  I
ENSP00000378786	    rs8084	atA	atC	I	I	134  	.   0.01	4h26A  107  I
ENSP00000378786	    rs8084	atA	atC	I	I	134  	.   0.01	4h26D  107  I
ENSP00000378786	    rs8084	atA	atC	I	I	134  	.   0.01	4i5bA  108  I
ENSP00000378786	    rs8084	atA	atC	I	I	134  	.   0.01	4i5bD  108  I
ENSP00000378786	    rs8084	atA	atC	I	I	134  	.   0.01	4is6A  107  I
ENSP00000378786	    rs8084	atA	atC	I	I	134  	.   0.01	4mcyA  107  I
ENSP00000378786	    rs8084	atA	atC	I	I	134  	.   0.01	4mczA  107  I
ENSP00000378786	    rs8084	atA	atC	I	I	134  	.   0.01	4md0A  107  I
ENSP00000378786	    rs8084	atA	atC	I	I	134  	.   0.01	4md4A  107  I
ENSP00000378786	    rs8084	atA	atC	I	I	134  	.   0.01	4md5A  107  I
ENSP00000378786	    rs8084	atA	atC	I	I	134  	.   0.01	4mdiA  107  I
ENSP00000378786	    rs8084	atA	atC	I	I	134  	.   0.01	4mdjA  107  I
ENSP00000378786	    rs8084	atA	atC	I	I	134  	.   0.01	4ov5A  107  I
ENSP00000378786	    rs8084	atA	atC	I	I	134  	.   0.01	4ov5C  107  I
ENSP00000378786	    rs8084	atA	atC	I	I	134  	.   0.01	4ov5E  107  I
ENSP00000378786	    rs8084	atA	atC	I	I	134  	.   0.01	4ov5G  106  I
ENSP00000378786	    rs8084	atA	atC	I	I	134  	.   0.01	4ov5I  106  I
ENSP00000378786	    rs8084	atA	atC	I	I	134  	.   0.01	4ov5K  106  I
ENSP00000378786	    rs8084	atA	atC	I	I	134  	.   0.01	4p2oA  104  I
ENSP00000378786	    rs8084	atA	atC	I	I	134  	.   0.01	4p2qA  109  I
ENSP00000378786	    rs8084	atA	atC	I	I	134  	.   0.01	4p2qF  109  I
ENSP00000378786	    rs8084	atA	atC	I	I	134  	.   0.01	4p2qK  109  I
ENSP00000378786	    rs8084	atA	atC	I	I	134  	.   0.01	4p2qP  108  I
ENSP00000378786	    rs8084	atA	atC	I	I	134  	.   0.01	4p2rA  109  I
ENSP00000378786	    rs8084	atA	atC	I	I	134  	.   0.01	4p2rF  109  I
ENSP00000378786	    rs8084	atA	atC	I	I	134  	.   0.01	4p2rK  109  I
ENSP00000378786	    rs8084	atA	atC	I	I	134  	.   0.01	4p2rP  108  I
ENSP00000378786	    rs8084	atA	atC	I	I	134  	.   0.01	4x5wA  110  I
ENSP00000378786	    rs8084	atA	atC	I	I	134  	.   0.01	4x5xA  108  I
ENSP00000378786	    rs8084	atA	atC	I	I	134  	.   0.01	4x5xC  106  I
ENSP00000378786	    rs8084	atA	atC	I	I	134  	.   0.01	4y19A  107  I
ENSP00000378786	    rs8084	atA	atC	I	I	134  	.   0.01	4y1aA  106  I
ENSP00000378786	    rs8084	atA	atC	I	I	134  	.   0.01	5jlzA  108  I
ENSP00000378786	    rs8084	atA	atC	I	I	134  	.   0.01	5jlzC  108  I
ENSP00000378786	    rs8084	atA	atC	I	I	134  	.   0.01	5laxA  108  I
ENSP00000378786	    rs8084	atA	atC	I	I	134  	.   0.01	5laxC  108  I
ENSP00000378786	    rs8084	atA	atC	I	I	134  	.   0.01	5ni9A  108  I
ENSP00000378786	    rs8084	atA	atC	I	I	134  	.   0.01	5nigA  108  I
ENSP00000378786	    rs8084	atA	atC	I	I	134  	.   0.01	5v4mA  106  I
ENSP00000378786	    rs8084	atA	atC	I	I	134  	.   0.01	5v4mC  106  I
ENSP00000378786	    rs8084	atA	atC	I	I	134  	.   0.01	5v4mE  106  I
ENSP00000378786	    rs8084	atA	atC	I	I	134  	.   0.01	5v4mG  106  I
ENSP00000378786	    rs8084	atA	atC	I	I	134  	.   0.01	5v4nA  106  I
ENSP00000378786	    rs8084	atA	atC	I	I	134  	.   0.01	5v4nC  106  I
ENSP00000378786	    rs8084	atA	atC	I	I	134  	.   0.01	6atfA  107  I
ENSP00000378786	    rs8084	atA	atC	I	I	134  	.   0.01	6atfC  107  I
ENSP00000378786	    rs8084	atA	atC	I	I	134  	.   0.01	6atiA  107  I
ENSP00000378786	    rs8084	atA	atC	I	I	134  	.   0.01	6atiC  107  I
ENSP00000378786	    rs8084	atA	atC	I	I	134  	.   0.01	6atzA  106  I
ENSP00000378786	    rs8084	atA	atC	I	I	134  	.   0.01	6atzC  106  I
ENSP00000378786	    rs8084	atA	atC	I	I	134  	.   0.01	6bgaA  109  I
ENSP00000378786	    rs8084	atA	atC	I	I	134  	.   0.01	6bijA  106  I
ENSP00000378786	    rs8084	atA	atC	I	I	134  	.   0.01	6bilA  106  I
ENSP00000378786	    rs8084	atA	atC	I	I	134  	.   0.01	6binA  107  I
ENSP00000378786	    rs8084	atA	atC	I	I	134  	.   0.01	6birA  106  I
ENSP00000378786	    rs8084	atA	atC	I	I	134  	.   0.01	6bivA  107  I
ENSP00000378786	    rs8084	atA	atC	I	I	134  	.   0.01	6bixA  106  I
ENSP00000378786	    rs8084	atA	atC	I	I	134  	.   0.01	6biyA  106  I
ENSP00000378786	    rs8084	atA	atC	I	I	134  	.   0.01	6bizA  107  I
ENSP00000378786	    rs8084	atA	atC	I	I	134  	.   0.01	6cplA  108  I
ENSP00000378786	    rs8084	atA	atC	I	I	134  	.   0.01	6cpnA  109  I
ENSP00000378786	    rs8084	atA	atC	I	I	134  	.   0.01	6cpoA  106  I
ENSP00000378786	    rs8084	atA	atC	I	I	134  	.   0.01	6cpoD  107  I
ENSP00000378786	    rs8084	atA	atC	I	I	134  	.   0.01	6cqjA  107  I
ENSP00000378786	    rs8084	atA	atC	I	I	134  	.   0.01	6cqjD  109  I
ENSP00000378786	    rs8084	atA	atC	I	I	134  	.   0.01	6cqjG  107  I
ENSP00000378786	    rs8084	atA	atC	I	I	134  	.   0.01	6cqlA  106  I
ENSP00000378786	    rs8084	atA	atC	I	I	134  	.   0.01	6cqnA  106  I
ENSP00000378786	    rs8084	atA	atC	I	I	134  	.   0.01	6cqqA  106  I
ENSP00000378786	    rs8084	atA	atC	I	I	134  	.   0.01	6cqqF  106  I
ENSP00000378786	    rs8084	atA	atC	I	I	134  	.   0.01	6cqrA  107  I
ENSP00000378786	    rs8084	atA	atC	I	I	134  	.   0.01	6cqrF  107  I
ENSP00000378786	    rs8084	atA	atT	I	I	134  	.   0.01	1a6aA  105  I
ENSP00000378786	    rs8084	atA	atT	I	I	134  	.   0.01	1aqdA  107  I
ENSP00000378786	    rs8084	atA	atT	I	I	134  	.   0.01	1aqdD  107  I
ENSP00000378786	    rs8084	atA	atT	I	I	134  	.   0.01	1aqdG  107  I
ENSP00000378786	    rs8084	atA	atT	I	I	134  	.   0.01	1aqdJ  107  I
ENSP00000378786	    rs8084	atA	atT	I	I	134  	.   0.01	1bx2A  108  I
ENSP00000378786	    rs8084	atA	atT	I	I	134  	.   0.01	1bx2D  108  I
ENSP00000378786	    rs8084	atA	atT	I	I	134  	.   0.01	1d5mA  106  I
ENSP00000378786	    rs8084	atA	atT	I	I	134  	.   0.01	1d5xA  107  I
ENSP00000378786	    rs8084	atA	atT	I	I	134  	.   0.01	1d5zA  107  I
ENSP00000378786	    rs8084	atA	atT	I	I	134  	.   0.01	1d6eA  106  I
ENSP00000378786	    rs8084	atA	atT	I	I	134  	.   0.01	1dlhA  107  I
ENSP00000378786	    rs8084	atA	atT	I	I	134  	.   0.01	1dlhD  107  I
ENSP00000378786	    rs8084	atA	atT	I	I	134  	.   0.01	1fneA  109  I
ENSP00000378786	    rs8084	atA	atT	I	I	134  	.   0.01	1fneC  109  I
ENSP00000378786	    rs8084	atA	atT	I	I	134  	.   0.01	1fngA  109  I
ENSP00000378786	    rs8084	atA	atT	I	I	134  	.   0.01	1fngC  109  I
ENSP00000378786	    rs8084	atA	atT	I	I	134  	.   0.01	1fv1A  107  I
ENSP00000378786	    rs8084	atA	atT	I	I	134  	.   0.01	1fv1D  106  I
ENSP00000378786	    rs8084	atA	atT	I	I	134  	.   0.01	1fytA  108  I
ENSP00000378786	    rs8084	atA	atT	I	I	134  	.   0.01	1h15A  107  I
ENSP00000378786	    rs8084	atA	atT	I	I	134  	.   0.01	1h15D  107  I
ENSP00000378786	    rs8084	atA	atT	I	I	134  	.   0.01	1hqrA  107  I
ENSP00000378786	    rs8084	atA	atT	I	I	134  	.   0.01	1hxyA  107  I
ENSP00000378786	    rs8084	atA	atT	I	I	134  	.   0.01	1j8hA  108  I
ENSP00000378786	    rs8084	atA	atT	I	I	134  	.   0.01	1jwmA  107  I
ENSP00000378786	    rs8084	atA	atT	I	I	134  	.   0.01	1jwsA  107  I
ENSP00000378786	    rs8084	atA	atT	I	I	134  	.   0.01	1jwuA  107  I
ENSP00000378786	    rs8084	atA	atT	I	I	134  	.   0.01	1kg0A  107  I
ENSP00000378786	    rs8084	atA	atT	I	I	134  	.   0.01	1klgA  106  I
ENSP00000378786	    rs8084	atA	atT	I	I	134  	.   0.01	1kluA  106  I
ENSP00000378786	    rs8084	atA	atT	I	I	134  	.   0.01	1kt2A  109  I
ENSP00000378786	    rs8084	atA	atT	I	I	134  	.   0.01	1kt2C  109  I
ENSP00000378786	    rs8084	atA	atT	I	I	134  	.   0.01	1lo5A  106  I
ENSP00000378786	    rs8084	atA	atT	I	I	134  	.   0.01	1pywA  106  I
ENSP00000378786	    rs8084	atA	atT	I	I	134  	.   0.01	1r5iA  106  I
ENSP00000378786	    rs8084	atA	atT	I	I	134  	.   0.01	1r5iE  106  I
ENSP00000378786	    rs8084	atA	atT	I	I	134  	.   0.01	1r5vA  107  I
ENSP00000378786	    rs8084	atA	atT	I	I	134  	.   0.01	1r5vD  107  I
ENSP00000378786	    rs8084	atA	atT	I	I	134  	.   0.01	1r5wA  107  I
ENSP00000378786	    rs8084	atA	atT	I	I	134  	.   0.01	1r5wC  107  I
ENSP00000378786	    rs8084	atA	atT	I	I	134  	.   0.01	1sebA  109  I
ENSP00000378786	    rs8084	atA	atT	I	I	134  	.   0.01	1sebE  109  I
ENSP00000378786	    rs8084	atA	atT	I	I	134  	.   0.01	1sjeA  107  I
ENSP00000378786	    rs8084	atA	atT	I	I	134  	.   0.01	1sjhA  106  I
ENSP00000378786	    rs8084	atA	atT	I	I	134  	.   0.01	1t5wA  108  I
ENSP00000378786	    rs8084	atA	atT	I	I	134  	.   0.01	1t5wD  107  I
ENSP00000378786	    rs8084	atA	atT	I	I	134  	.   0.01	1t5xA  106  I
ENSP00000378786	    rs8084	atA	atT	I	I	134  	.   0.01	1ymmA  108  I
ENSP00000378786	    rs8084	atA	atT	I	I	134  	.   0.01	1zglA  106  I
ENSP00000378786	    rs8084	atA	atT	I	I	134  	.   0.01	1zglF  106  I
ENSP00000378786	    rs8084	atA	atT	I	I	134  	.   0.01	1zglK  106  I
ENSP00000378786	    rs8084	atA	atT	I	I	134  	.   0.01	1zglP  106  I
ENSP00000378786	    rs8084	atA	atT	I	I	134  	.   0.01	2fseA  106  I
ENSP00000378786	    rs8084	atA	atT	I	I	134  	.   0.01	2fseC  106  I
ENSP00000378786	    rs8084	atA	atT	I	I	134  	.   0.01	2g9hA  106  I
ENSP00000378786	    rs8084	atA	atT	I	I	134  	.   0.01	2iamA  107  I
ENSP00000378786	    rs8084	atA	atT	I	I	134  	.   0.01	2ianA  106  I
ENSP00000378786	    rs8084	atA	atT	I	I	134  	.   0.01	2ianF  107  I
ENSP00000378786	    rs8084	atA	atT	I	I	134  	.   0.01	2ianK  107  I
ENSP00000378786	    rs8084	atA	atT	I	I	134  	.   0.01	2ianP  107  I
ENSP00000378786	    rs8084	atA	atT	I	I	134  	.   0.01	2icwA  104  I
ENSP00000378786	    rs8084	atA	atT	I	I	134  	.   0.01	2icwD  104  I
ENSP00000378786	    rs8084	atA	atT	I	I	134  	.   0.01	2ipkA  107  I
ENSP00000378786	    rs8084	atA	atT	I	I	134  	.   0.01	2ojeA  105  I
ENSP00000378786	    rs8084	atA	atT	I	I	134  	.   0.01	2ojeE  105  I
ENSP00000378786	    rs8084	atA	atT	I	I	134  	.   0.01	2q6wA  107  I
ENSP00000378786	    rs8084	atA	atT	I	I	134  	.   0.01	2q6wD  107  I
ENSP00000378786	    rs8084	atA	atT	I	I	134  	.   0.01	2sebA  109  I
ENSP00000378786	    rs8084	atA	atT	I	I	134  	.   0.01	2wbjA  107  I
ENSP00000378786	    rs8084	atA	atT	I	I	134  	.   0.01	2wbjE  106  I
ENSP00000378786	    rs8084	atA	atT	I	I	134  	.   0.01	2xn9D  106  I
ENSP00000378786	    rs8084	atA	atT	I	I	134  	.   0.01	3c5jA  107  I
ENSP00000378786	    rs8084	atA	atT	I	I	134  	.   0.01	3l6fA  107  I
ENSP00000378786	    rs8084	atA	atT	I	I	134  	.   0.01	3o6fA  106  I
ENSP00000378786	    rs8084	atA	atT	I	I	134  	.   0.01	3o6fE  108  I
ENSP00000378786	    rs8084	atA	atT	I	I	134  	.   0.01	3pdoA  110  I
ENSP00000378786	    rs8084	atA	atT	I	I	134  	.   0.01	3pgcA  106  I
ENSP00000378786	    rs8084	atA	atT	I	I	134  	.   0.01	3pgcD  106  I
ENSP00000378786	    rs8084	atA	atT	I	I	134  	.   0.01	3pgdA  106  I
ENSP00000378786	    rs8084	atA	atT	I	I	134  	.   0.01	3pgdD  107  I
ENSP00000378786	    rs8084	atA	atT	I	I	134  	.   0.01	3qibA  109  I
ENSP00000378786	    rs8084	atA	atT	I	I	134  	.   0.01	3qiuA  107  I
ENSP00000378786	    rs8084	atA	atT	I	I	134  	.   0.01	3qiwA  107  I
ENSP00000378786	    rs8084	atA	atT	I	I	134  	.   0.01	3qxaA  106  I
ENSP00000378786	    rs8084	atA	atT	I	I	134  	.   0.01	3qxaC  106  I
ENSP00000378786	    rs8084	atA	atT	I	I	134  	.   0.01	3qxdA  106  I
ENSP00000378786	    rs8084	atA	atT	I	I	134  	.   0.01	3qxdC  106  I
ENSP00000378786	    rs8084	atA	atT	I	I	134  	.   0.01	3s4sA  107  I
ENSP00000378786	    rs8084	atA	atT	I	I	134  	.   0.01	3s4sE  109  I
ENSP00000378786	    rs8084	atA	atT	I	I	134  	.   0.01	3s5lA  107  I
ENSP00000378786	    rs8084	atA	atT	I	I	134  	.   0.01	3s5lB  107  I
ENSP00000378786	    rs8084	atA	atT	I	I	134  	.   0.01	3t0eA  106  I
ENSP00000378786	    rs8084	atA	atT	I	I	134  	.   0.01	4aenA  107  I
ENSP00000378786	    rs8084	atA	atT	I	I	134  	.   0.01	4ah2A  106  I
ENSP00000378786	    rs8084	atA	atT	I	I	134  	.   0.01	4c56D  106  I
ENSP00000378786	    rs8084	atA	atT	I	I	134  	.   0.01	4c56J  107  I
ENSP00000378786	    rs8084	atA	atT	I	I	134  	.   0.01	4e41A  107  I
ENSP00000378786	    rs8084	atA	atT	I	I	134  	.   0.01	4e41F  107  I
ENSP00000378786	    rs8084	atA	atT	I	I	134  	.   0.01	4fqxD  108  I
ENSP00000378786	    rs8084	atA	atT	I	I	134  	.   0.01	4gbxC  107  I
ENSP00000378786	    rs8084	atA	atT	I	I	134  	.   0.01	4h1lA  107  I
ENSP00000378786	    rs8084	atA	atT	I	I	134  	.   0.01	4h1lD  107  I
ENSP00000378786	    rs8084	atA	atT	I	I	134  	.   0.01	4h25A  107  I
ENSP00000378786	    rs8084	atA	atT	I	I	134  	.   0.01	4h25D  107  I
ENSP00000378786	    rs8084	atA	atT	I	I	134  	.   0.01	4h26A  107  I
ENSP00000378786	    rs8084	atA	atT	I	I	134  	.   0.01	4h26D  107  I
ENSP00000378786	    rs8084	atA	atT	I	I	134  	.   0.01	4i5bA  108  I
ENSP00000378786	    rs8084	atA	atT	I	I	134  	.   0.01	4i5bD  108  I
ENSP00000378786	    rs8084	atA	atT	I	I	134  	.   0.01	4is6A  107  I
ENSP00000378786	    rs8084	atA	atT	I	I	134  	.   0.01	4mcyA  107  I
ENSP00000378786	    rs8084	atA	atT	I	I	134  	.   0.01	4mczA  107  I
ENSP00000378786	    rs8084	atA	atT	I	I	134  	.   0.01	4md0A  107  I
ENSP00000378786	    rs8084	atA	atT	I	I	134  	.   0.01	4md4A  107  I
ENSP00000378786	    rs8084	atA	atT	I	I	134  	.   0.01	4md5A  107  I
ENSP00000378786	    rs8084	atA	atT	I	I	134  	.   0.01	4mdiA  107  I
ENSP00000378786	    rs8084	atA	atT	I	I	134  	.   0.01	4mdjA  107  I
ENSP00000378786	    rs8084	atA	atT	I	I	134  	.   0.01	4ov5A  107  I
ENSP00000378786	    rs8084	atA	atT	I	I	134  	.   0.01	4ov5C  107  I
ENSP00000378786	    rs8084	atA	atT	I	I	134  	.   0.01	4ov5E  107  I
ENSP00000378786	    rs8084	atA	atT	I	I	134  	.   0.01	4ov5G  106  I
ENSP00000378786	    rs8084	atA	atT	I	I	134  	.   0.01	4ov5I  106  I
ENSP00000378786	    rs8084	atA	atT	I	I	134  	.   0.01	4ov5K  106  I
ENSP00000378786	    rs8084	atA	atT	I	I	134  	.   0.01	4p2oA  104  I
ENSP00000378786	    rs8084	atA	atT	I	I	134  	.   0.01	4p2qA  109  I
ENSP00000378786	    rs8084	atA	atT	I	I	134  	.   0.01	4p2qF  109  I
ENSP00000378786	    rs8084	atA	atT	I	I	134  	.   0.01	4p2qK  109  I
ENSP00000378786	    rs8084	atA	atT	I	I	134  	.   0.01	4p2qP  108  I
ENSP00000378786	    rs8084	atA	atT	I	I	134  	.   0.01	4p2rA  109  I
ENSP00000378786	    rs8084	atA	atT	I	I	134  	.   0.01	4p2rF  109  I
ENSP00000378786	    rs8084	atA	atT	I	I	134  	.   0.01	4p2rK  109  I
ENSP00000378786	    rs8084	atA	atT	I	I	134  	.   0.01	4p2rP  108  I
ENSP00000378786	    rs8084	atA	atT	I	I	134  	.   0.01	4x5wA  110  I
ENSP00000378786	    rs8084	atA	atT	I	I	134  	.   0.01	4x5xA  108  I
ENSP00000378786	    rs8084	atA	atT	I	I	134  	.   0.01	4x5xC  106  I
ENSP00000378786	    rs8084	atA	atT	I	I	134  	.   0.01	4y19A  107  I
ENSP00000378786	    rs8084	atA	atT	I	I	134  	.   0.01	4y1aA  106  I
ENSP00000378786	    rs8084	atA	atT	I	I	134  	.   0.01	5jlzA  108  I
ENSP00000378786	    rs8084	atA	atT	I	I	134  	.   0.01	5jlzC  108  I
ENSP00000378786	    rs8084	atA	atT	I	I	134  	.   0.01	5laxA  108  I
ENSP00000378786	    rs8084	atA	atT	I	I	134  	.   0.01	5laxC  108  I
ENSP00000378786	    rs8084	atA	atT	I	I	134  	.   0.01	5ni9A  108  I
ENSP00000378786	    rs8084	atA	atT	I	I	134  	.   0.01	5nigA  108  I
ENSP00000378786	    rs8084	atA	atT	I	I	134  	.   0.01	5v4mA  106  I
ENSP00000378786	    rs8084	atA	atT	I	I	134  	.   0.01	5v4mC  106  I
ENSP00000378786	    rs8084	atA	atT	I	I	134  	.   0.01	5v4mE  106  I
ENSP00000378786	    rs8084	atA	atT	I	I	134  	.   0.01	5v4mG  106  I
ENSP00000378786	    rs8084	atA	atT	I	I	134  	.   0.01	5v4nA  106  I
ENSP00000378786	    rs8084	atA	atT	I	I	134  	.   0.01	5v4nC  106  I
ENSP00000378786	    rs8084	atA	atT	I	I	134  	.   0.01	6atfA  107  I
ENSP00000378786	    rs8084	atA	atT	I	I	134  	.   0.01	6atfC  107  I
ENSP00000378786	    rs8084	atA	atT	I	I	134  	.   0.01	6atiA  107  I
ENSP00000378786	    rs8084	atA	atT	I	I	134  	.   0.01	6atiC  107  I
ENSP00000378786	    rs8084	atA	atT	I	I	134  	.   0.01	6atzA  106  I
ENSP00000378786	    rs8084	atA	atT	I	I	134  	.   0.01	6atzC  106  I
ENSP00000378786	    rs8084	atA	atT	I	I	134  	.   0.01	6bgaA  109  I
ENSP00000378786	    rs8084	atA	atT	I	I	134  	.   0.01	6bijA  106  I
ENSP00000378786	    rs8084	atA	atT	I	I	134  	.   0.01	6bilA  106  I
ENSP00000378786	    rs8084	atA	atT	I	I	134  	.   0.01	6binA  107  I
ENSP00000378786	    rs8084	atA	atT	I	I	134  	.   0.01	6birA  106  I
ENSP00000378786	    rs8084	atA	atT	I	I	134  	.   0.01	6bivA  107  I
ENSP00000378786	    rs8084	atA	atT	I	I	134  	.   0.01	6bixA  106  I
ENSP00000378786	    rs8084	atA	atT	I	I	134  	.   0.01	6biyA  106  I
ENSP00000378786	    rs8084	atA	atT	I	I	134  	.   0.01	6bizA  107  I
ENSP00000378786	    rs8084	atA	atT	I	I	134  	.   0.01	6cplA  108  I
ENSP00000378786	    rs8084	atA	atT	I	I	134  	.   0.01	6cpnA  109  I
ENSP00000378786	    rs8084	atA	atT	I	I	134  	.   0.01	6cpoA  106  I
ENSP00000378786	    rs8084	atA	atT	I	I	134  	.   0.01	6cpoD  107  I
ENSP00000378786	    rs8084	atA	atT	I	I	134  	.   0.01	6cqjA  107  I
ENSP00000378786	    rs8084	atA	atT	I	I	134  	.   0.01	6cqjD  109  I
ENSP00000378786	    rs8084	atA	atT	I	I	134  	.   0.01	6cqjG  107  I
ENSP00000378786	    rs8084	atA	atT	I	I	134  	.   0.01	6cqlA  106  I
ENSP00000378786	    rs8084	atA	atT	I	I	134  	.   0.01	6cqnA  106  I
ENSP00000378786	    rs8084	atA	atT	I	I	134  	.   0.01	6cqqA  106  I
ENSP00000378786	    rs8084	atA	atT	I	I	134  	.   0.01	6cqqF  106  I
ENSP00000378786	    rs8084	atA	atT	I	I	134  	.   0.01	6cqrA  107  I
ENSP00000378786	    rs8084	atA	atT	I	I	134  	.   0.01	6cqrF  107  I
ENSP00000378786	 rs3135391	acA	acG	T	T	118  	.   0.05	1a6aA   89  T
ENSP00000378786	 rs3135391	acA	acG	T	T	118  	.   0.05	1aqdA   91  T
ENSP00000378786	 rs3135391	acA	acG	T	T	118  	.   0.05	1aqdD   91  T
ENSP00000378786	 rs3135391	acA	acG	T	T	118  	.   0.05	1aqdG   91  T
ENSP00000378786	 rs3135391	acA	acG	T	T	118  	.   0.05	1aqdJ   91  T
ENSP00000378786	 rs3135391	acA	acG	T	T	118  	.   0.05	1bx2A   92  T
ENSP00000378786	 rs3135391	acA	acG	T	T	118  	.   0.05	1bx2D   92  T
ENSP00000378786	 rs3135391	acA	acG	T	T	118  	.   0.05	1d5mA   90  T
ENSP00000378786	 rs3135391	acA	acG	T	T	118  	.   0.05	1d5xA   91  T
ENSP00000378786	 rs3135391	acA	acG	T	T	118  	.   0.05	1d5zA   91  T
ENSP00000378786	 rs3135391	acA	acG	T	T	118  	.   0.05	1d6eA   90  T
ENSP00000378786	 rs3135391	acA	acG	T	T	118  	.   0.05	1dlhA   91  T
ENSP00000378786	 rs3135391	acA	acG	T	T	118  	.   0.05	1dlhD   91  T
ENSP00000378786	 rs3135391	acA	acG	T	T	118  	.   0.05	1fneA   93  S
ENSP00000378786	 rs3135391	acA	acG	T	T	118  	.   0.05	1fneC   93  S
ENSP00000378786	 rs3135391	acA	acG	T	T	118  	.   0.05	1fngA   93  S
ENSP00000378786	 rs3135391	acA	acG	T	T	118  	.   0.05	1fngC   93  S
ENSP00000378786	 rs3135391	acA	acG	T	T	118  	.   0.05	1fv1A   91  T
ENSP00000378786	 rs3135391	acA	acG	T	T	118  	.   0.05	1fv1D   90  T
ENSP00000378786	 rs3135391	acA	acG	T	T	118  	.   0.05	1fytA   92  T
ENSP00000378786	 rs3135391	acA	acG	T	T	118  	.   0.05	1h15A   91  T
ENSP00000378786	 rs3135391	acA	acG	T	T	118  	.   0.05	1h15D   91  T
ENSP00000378786	 rs3135391	acA	acG	T	T	118  	.   0.05	1hqrA   91  T
ENSP00000378786	 rs3135391	acA	acG	T	T	118  	.   0.05	1hxyA   91  T
ENSP00000378786	 rs3135391	acA	acG	T	T	118  	.   0.05	1j8hA   92  T
ENSP00000378786	 rs3135391	acA	acG	T	T	118  	.   0.05	1jwmA   91  T
ENSP00000378786	 rs3135391	acA	acG	T	T	118  	.   0.05	1jwsA   91  T
ENSP00000378786	 rs3135391	acA	acG	T	T	118  	.   0.05	1jwuA   91  T
ENSP00000378786	 rs3135391	acA	acG	T	T	118  	.   0.05	1kg0A   91  T
ENSP00000378786	 rs3135391	acA	acG	T	T	118  	.   0.05	1klgA   90  T
ENSP00000378786	 rs3135391	acA	acG	T	T	118  	.   0.05	1kluA   90  T
ENSP00000378786	 rs3135391	acA	acG	T	T	118  	.   0.05	1kt2A   93  S
ENSP00000378786	 rs3135391	acA	acG	T	T	118  	.   0.05	1kt2C   93  S
ENSP00000378786	 rs3135391	acA	acG	T	T	118  	.   0.05	1lo5A   90  T
ENSP00000378786	 rs3135391	acA	acG	T	T	118  	.   0.05	1pywA   90  T
ENSP00000378786	 rs3135391	acA	acG	T	T	118  	.   0.05	1r5iA   90  T
ENSP00000378786	 rs3135391	acA	acG	T	T	118  	.   0.05	1r5iE   90  T
ENSP00000378786	 rs3135391	acA	acG	T	T	118  	.   0.05	1r5vA   91  S
ENSP00000378786	 rs3135391	acA	acG	T	T	118  	.   0.05	1r5vD   91  S
ENSP00000378786	 rs3135391	acA	acG	T	T	118  	.   0.05	1r5wA   91  S
ENSP00000378786	 rs3135391	acA	acG	T	T	118  	.   0.05	1r5wC   91  S
ENSP00000378786	 rs3135391	acA	acG	T	T	118  	.   0.05	1sebA   93  T
ENSP00000378786	 rs3135391	acA	acG	T	T	118  	.   0.05	1sebE   93  T
ENSP00000378786	 rs3135391	acA	acG	T	T	118  	.   0.05	1sjeA   91  T
ENSP00000378786	 rs3135391	acA	acG	T	T	118  	.   0.05	1sjhA   90  T
ENSP00000378786	 rs3135391	acA	acG	T	T	118  	.   0.05	1t5wA   92  T
ENSP00000378786	 rs3135391	acA	acG	T	T	118  	.   0.05	1t5wD   91  T
ENSP00000378786	 rs3135391	acA	acG	T	T	118  	.   0.05	1t5xA   90  T
ENSP00000378786	 rs3135391	acA	acG	T	T	118  	.   0.05	1ymmA   92  T
ENSP00000378786	 rs3135391	acA	acG	T	T	118  	.   0.05	1zglA   90  T
ENSP00000378786	 rs3135391	acA	acG	T	T	118  	.   0.05	1zglF   90  T
ENSP00000378786	 rs3135391	acA	acG	T	T	118  	.   0.05	1zglK   90  T
ENSP00000378786	 rs3135391	acA	acG	T	T	118  	.   0.05	1zglP   90  T
ENSP00000378786	 rs3135391	acA	acG	T	T	118  	.   0.05	2fseA   90  S
ENSP00000378786	 rs3135391	acA	acG	T	T	118  	.   0.05	2fseC   90  S
ENSP00000378786	 rs3135391	acA	acG	T	T	118  	.   0.05	2g9hA   90  T
ENSP00000378786	 rs3135391	acA	acG	T	T	118  	.   0.05	2iamA   91  T
ENSP00000378786	 rs3135391	acA	acG	T	T	118  	.   0.05	2ianA   90  T
ENSP00000378786	 rs3135391	acA	acG	T	T	118  	.   0.05	2ianF   91  T
ENSP00000378786	 rs3135391	acA	acG	T	T	118  	.   0.05	2ianK   91  T
ENSP00000378786	 rs3135391	acA	acG	T	T	118  	.   0.05	2ianP   91  T
ENSP00000378786	 rs3135391	acA	acG	T	T	118  	.   0.05	2icwA   88  T
ENSP00000378786	 rs3135391	acA	acG	T	T	118  	.   0.05	2icwD   88  T
ENSP00000378786	 rs3135391	acA	acG	T	T	118  	.   0.05	2ipkA   91  T
ENSP00000378786	 rs3135391	acA	acG	T	T	118  	.   0.05	2ojeA   89  T
ENSP00000378786	 rs3135391	acA	acG	T	T	118  	.   0.05	2ojeE   89  T
ENSP00000378786	 rs3135391	acA	acG	T	T	118  	.   0.05	2q6wA   91  T
ENSP00000378786	 rs3135391	acA	acG	T	T	118  	.   0.05	2q6wD   91  T
ENSP00000378786	 rs3135391	acA	acG	T	T	118  	.   0.05	2sebA   93  T
ENSP00000378786	 rs3135391	acA	acG	T	T	118  	.   0.05	2wbjA   91  T
ENSP00000378786	 rs3135391	acA	acG	T	T	118  	.   0.05	2wbjE   90  T
ENSP00000378786	 rs3135391	acA	acG	T	T	118  	.   0.05	2xn9D   90  T
ENSP00000378786	 rs3135391	acA	acG	T	T	118  	.   0.05	3c5jA   91  T
ENSP00000378786	 rs3135391	acA	acG	T	T	118  	.   0.05	3l6fA   91  T
ENSP00000378786	 rs3135391	acA	acG	T	T	118  	.   0.05	3o6fA   90  T
ENSP00000378786	 rs3135391	acA	acG	T	T	118  	.   0.05	3o6fE   92  T
ENSP00000378786	 rs3135391	acA	acG	T	T	118  	.   0.05	3pdoA   94  T
ENSP00000378786	 rs3135391	acA	acG	T	T	118  	.   0.05	3pgcA   90  T
ENSP00000378786	 rs3135391	acA	acG	T	T	118  	.   0.05	3pgcD   90  T
ENSP00000378786	 rs3135391	acA	acG	T	T	118  	.   0.05	3pgdA   90  T
ENSP00000378786	 rs3135391	acA	acG	T	T	118  	.   0.05	3pgdD   91  T
ENSP00000378786	 rs3135391	acA	acG	T	T	118  	.   0.05	3qibA   93  S
ENSP00000378786	 rs3135391	acA	acG	T	T	118  	.   0.05	3qiuA   91  S
ENSP00000378786	 rs3135391	acA	acG	T	T	118  	.   0.05	3qiwA   91  S
ENSP00000378786	 rs3135391	acA	acG	T	T	118  	.   0.05	3qxaA   90  T
ENSP00000378786	 rs3135391	acA	acG	T	T	118  	.   0.05	3qxaC   90  T
ENSP00000378786	 rs3135391	acA	acG	T	T	118  	.   0.05	3qxdA   90  T
ENSP00000378786	 rs3135391	acA	acG	T	T	118  	.   0.05	3qxdC   90  T
ENSP00000378786	 rs3135391	acA	acG	T	T	118  	.   0.05	3s4sA   91  T
ENSP00000378786	 rs3135391	acA	acG	T	T	118  	.   0.05	3s4sE   93  T
ENSP00000378786	 rs3135391	acA	acG	T	T	118  	.   0.05	3s5lA   91  T
ENSP00000378786	 rs3135391	acA	acG	T	T	118  	.   0.05	3s5lB   91  T
ENSP00000378786	 rs3135391	acA	acG	T	T	118  	.   0.05	3t0eA   90  T
ENSP00000378786	 rs3135391	acA	acG	T	T	118  	.   0.05	4aenA   91  T
ENSP00000378786	 rs3135391	acA	acG	T	T	118  	.   0.05	4ah2A   90  T
ENSP00000378786	 rs3135391	acA	acG	T	T	118  	.   0.05	4c56D   90  T
ENSP00000378786	 rs3135391	acA	acG	T	T	118  	.   0.05	4c56J   91  T
ENSP00000378786	 rs3135391	acA	acG	T	T	118  	.   0.05	4e41A   91  T
ENSP00000378786	 rs3135391	acA	acG	T	T	118  	.   0.05	4e41F   91  T
ENSP00000378786	 rs3135391	acA	acG	T	T	118  	.   0.05	4fqxD   92  T
ENSP00000378786	 rs3135391	acA	acG	T	T	118  	.   0.05	4gbxC   91  T
ENSP00000378786	 rs3135391	acA	acG	T	T	118  	.   0.05	4h1lA   91  T
ENSP00000378786	 rs3135391	acA	acG	T	T	118  	.   0.05	4h1lD   91  T
ENSP00000378786	 rs3135391	acA	acG	T	T	118  	.   0.05	4h25A   91  T
ENSP00000378786	 rs3135391	acA	acG	T	T	118  	.   0.05	4h25D   91  T
ENSP00000378786	 rs3135391	acA	acG	T	T	118  	.   0.05	4h26A   91  T
ENSP00000378786	 rs3135391	acA	acG	T	T	118  	.   0.05	4h26D   91  T
ENSP00000378786	 rs3135391	acA	acG	T	T	118  	.   0.05	4i5bA   92  T
ENSP00000378786	 rs3135391	acA	acG	T	T	118  	.   0.05	4i5bD   92  T
ENSP00000378786	 rs3135391	acA	acG	T	T	118  	.   0.05	4is6A   91  T
ENSP00000378786	 rs3135391	acA	acG	T	T	118  	.   0.05	4mcyA   91  T
ENSP00000378786	 rs3135391	acA	acG	T	T	118  	.   0.05	4mczA   91  T
ENSP00000378786	 rs3135391	acA	acG	T	T	118  	.   0.05	4md0A   91  T
ENSP00000378786	 rs3135391	acA	acG	T	T	118  	.   0.05	4md4A   91  T
ENSP00000378786	 rs3135391	acA	acG	T	T	118  	.   0.05	4md5A   91  T
ENSP00000378786	 rs3135391	acA	acG	T	T	118  	.   0.05	4mdiA   91  T
ENSP00000378786	 rs3135391	acA	acG	T	T	118  	.   0.05	4mdjA   91  T
ENSP00000378786	 rs3135391	acA	acG	T	T	118  	.   0.05	4ov5A   91  T
ENSP00000378786	 rs3135391	acA	acG	T	T	118  	.   0.05	4ov5C   91  T
ENSP00000378786	 rs3135391	acA	acG	T	T	118  	.   0.05	4ov5E   91  T
ENSP00000378786	 rs3135391	acA	acG	T	T	118  	.   0.05	4ov5G   90  T
ENSP00000378786	 rs3135391	acA	acG	T	T	118  	.   0.05	4ov5I   90  T
ENSP00000378786	 rs3135391	acA	acG	T	T	118  	.   0.05	4ov5K   90  T
ENSP00000378786	 rs3135391	acA	acG	T	T	118  	.   0.05	4p2oA   88  S
ENSP00000378786	 rs3135391	acA	acG	T	T	118  	.   0.05	4p2qA   93  S
ENSP00000378786	 rs3135391	acA	acG	T	T	118  	.   0.05	4p2qF   93  S
ENSP00000378786	 rs3135391	acA	acG	T	T	118  	.   0.05	4p2qK   93  S
ENSP00000378786	 rs3135391	acA	acG	T	T	118  	.   0.05	4p2qP   92  S
ENSP00000378786	 rs3135391	acA	acG	T	T	118  	.   0.05	4p2rA   93  S
ENSP00000378786	 rs3135391	acA	acG	T	T	118  	.   0.05	4p2rF   93  S
ENSP00000378786	 rs3135391	acA	acG	T	T	118  	.   0.05	4p2rK   93  S
ENSP00000378786	 rs3135391	acA	acG	T	T	118  	.   0.05	4p2rP   92  S
ENSP00000378786	 rs3135391	acA	acG	T	T	118  	.   0.05	4x5wA   94  T
ENSP00000378786	 rs3135391	acA	acG	T	T	118  	.   0.05	4x5xA   92  T
ENSP00000378786	 rs3135391	acA	acG	T	T	118  	.   0.05	4x5xC   90  T
ENSP00000378786	 rs3135391	acA	acG	T	T	118  	.   0.05	4y19A   91  T
ENSP00000378786	 rs3135391	acA	acG	T	T	118  	.   0.05	4y1aA   90  T
ENSP00000378786	 rs3135391	acA	acG	T	T	118  	.   0.05	5jlzA   92  T
ENSP00000378786	 rs3135391	acA	acG	T	T	118  	.   0.05	5jlzC   92  T
ENSP00000378786	 rs3135391	acA	acG	T	T	118  	.   0.05	5laxA   92  T
ENSP00000378786	 rs3135391	acA	acG	T	T	118  	.   0.05	5laxC   92  T
ENSP00000378786	 rs3135391	acA	acG	T	T	118  	.   0.05	5ni9A   92  T
ENSP00000378786	 rs3135391	acA	acG	T	T	118  	.   0.05	5nigA   92  T
ENSP00000378786	 rs3135391	acA	acG	T	T	118  	.   0.05	5v4mA   90  T
ENSP00000378786	 rs3135391	acA	acG	T	T	118  	.   0.05	5v4mC   90  T
ENSP00000378786	 rs3135391	acA	acG	T	T	118  	.   0.05	5v4mE   90  T
ENSP00000378786	 rs3135391	acA	acG	T	T	118  	.   0.05	5v4mG   90  T
ENSP00000378786	 rs3135391	acA	acG	T	T	118  	.   0.05	5v4nA   90  T
ENSP00000378786	 rs3135391	acA	acG	T	T	118  	.   0.05	5v4nC   90  T
ENSP00000378786	 rs3135391	acA	acG	T	T	118  	.   0.05	6atfA   91  T
ENSP00000378786	 rs3135391	acA	acG	T	T	118  	.   0.05	6atfC   91  T
ENSP00000378786	 rs3135391	acA	acG	T	T	118  	.   0.05	6atiA   91  T
ENSP00000378786	 rs3135391	acA	acG	T	T	118  	.   0.05	6atiC   91  T
ENSP00000378786	 rs3135391	acA	acG	T	T	118  	.   0.05	6atzA   90  T
ENSP00000378786	 rs3135391	acA	acG	T	T	118  	.   0.05	6atzC   90  T
ENSP00000378786	 rs3135391	acA	acG	T	T	118  	.   0.05	6bgaA   93  S
ENSP00000378786	 rs3135391	acA	acG	T	T	118  	.   0.05	6bijA   90  T
ENSP00000378786	 rs3135391	acA	acG	T	T	118  	.   0.05	6bilA   90  T
ENSP00000378786	 rs3135391	acA	acG	T	T	118  	.   0.05	6binA   91  T
ENSP00000378786	 rs3135391	acA	acG	T	T	118  	.   0.05	6birA   90  T
ENSP00000378786	 rs3135391	acA	acG	T	T	118  	.   0.05	6bivA   91  T
ENSP00000378786	 rs3135391	acA	acG	T	T	118  	.   0.05	6bixA   90  T
ENSP00000378786	 rs3135391	acA	acG	T	T	118  	.   0.05	6biyA   90  T
ENSP00000378786	 rs3135391	acA	acG	T	T	118  	.   0.05	6bizA   91  T
ENSP00000378786	 rs3135391	acA	acG	T	T	118  	.   0.05	6cplA   92  T
ENSP00000378786	 rs3135391	acA	acG	T	T	118  	.   0.05	6cpnA   93  T
ENSP00000378786	 rs3135391	acA	acG	T	T	118  	.   0.05	6cpoA   90  T
ENSP00000378786	 rs3135391	acA	acG	T	T	118  	.   0.05	6cpoD   91  T
ENSP00000378786	 rs3135391	acA	acG	T	T	118  	.   0.05	6cqjA   91  T
ENSP00000378786	 rs3135391	acA	acG	T	T	118  	.   0.05	6cqjD   93  T
ENSP00000378786	 rs3135391	acA	acG	T	T	118  	.   0.05	6cqjG   91  T
ENSP00000378786	 rs3135391	acA	acG	T	T	118  	.   0.05	6cqlA   90  T
ENSP00000378786	 rs3135391	acA	acG	T	T	118  	.   0.05	6cqnA   90  T
ENSP00000378786	 rs3135391	acA	acG	T	T	118  	.   0.05	6cqqA   90  T
ENSP00000378786	 rs3135391	acA	acG	T	T	118  	.   0.05	6cqqF   90  T
ENSP00000378786	 rs3135391	acA	acG	T	T	118  	.   0.05	6cqrA   91  T
ENSP00000378786	 rs3135391	acA	acG	T	T	118  	.   0.05	6cqrF   91  T
