ENSP00000378818	 rs7921598	acT	acC	T	T	421  	.   0.08	5t4mA  160  T
ENSP00000378818	 rs7921598	acT	acC	T	T	421  	.   0.08	5t4mB  151  T
ENSP00000378818	 rs7921598	acT	acC	T	T	421  	.   0.08	5t4nA  151  T
ENSP00000378818	 rs7921598	acT	acC	T	T	421  	.   0.08	5t4nB  151  T
ENSP00000378818	 rs7921598	acT	acC	T	T	421  	.   0.08	5w1dA   24  T
ENSP00000378820	 rs7921598	acT	acC	T	T	384  	.   0.09	5t4mA  160  T
ENSP00000378820	 rs7921598	acT	acC	T	T	384  	.   0.09	5t4mB  151  T
ENSP00000378820	 rs7921598	acT	acC	T	T	384  	.   0.09	5t4nA  151  T
ENSP00000378820	 rs7921598	acT	acC	T	T	384  	.   0.09	5t4nB  151  T
ENSP00000378820	 rs7921598	acT	acC	T	T	384  	.   0.09	5w1dA   24  T
ENSP00000378821	 rs7921598	acT	acC	T	T	399  	.   0.09	5t4mA  160  T
ENSP00000378821	 rs7921598	acT	acC	T	T	399  	.   0.09	5t4mB  151  T
ENSP00000378821	 rs7921598	acT	acC	T	T	399  	.   0.09	5t4nA  151  T
ENSP00000378821	 rs7921598	acT	acC	T	T	399  	.   0.09	5t4nB  151  T
ENSP00000378821	 rs7921598	acT	acC	T	T	399  	.   0.09	5w1dA   24  T
ENSP00000378826	 rs7921598	acT	acC	T	T	421  	.   0.06	5t4mA  160  T
ENSP00000378826	 rs7921598	acT	acC	T	T	421  	.   0.06	5t4mB  151  T
ENSP00000378826	 rs7921598	acT	acC	T	T	421  	.   0.06	5t4nA  151  T
ENSP00000378826	 rs7921598	acT	acC	T	T	421  	.   0.06	5t4nB  151  T
ENSP00000378826	 rs7921598	acT	acC	T	T	421  	.   0.06	5w1dA   24  T
ENSP00000378832	 rs7921598	acT	acC	T	T	421  	.   0.07	5t4mA  160  T
ENSP00000378832	 rs7921598	acT	acC	T	T	421  	.   0.07	5t4mB  151  T
ENSP00000378832	 rs7921598	acT	acC	T	T	421  	.   0.07	5t4nA  151  T
ENSP00000378832	 rs7921598	acT	acC	T	T	421  	.   0.07	5t4nB  151  T
ENSP00000378832	 rs7921598	acT	acC	T	T	421  	.   0.07	5w1dA   24  T
ENSP00000378833	 rs7921598	acT	acC	T	T	421  	.   0.04	5t4mA  160  T
ENSP00000378833	 rs7921598	acT	acC	T	T	421  	.   0.04	5t4mB  151  T
ENSP00000378833	 rs7921598	acT	acC	T	T	421  	.   0.04	5t4nA  151  T
ENSP00000378833	 rs7921598	acT	acC	T	T	421  	.   0.04	5t4nB  151  T
ENSP00000378897	 rs3739979	tcA	tcC	S	S	164  	.   0.01	4wgkA   65  S
ENSP00000378897	 rs3739979	tcA	tcC	S	S	164  	.   0.01	4wgkB   66  S
ENSP00000378923	  rs887241	Tca	Gca	S	A	134  	.   0.01	1ad3A  132  A
ENSP00000378923	  rs887241	Tca	Gca	S	A	134  	.   0.01	1ad3B  132  A
ENSP00000378923	  rs887241	Tca	Gca	S	A	134  	.   0.01	3szaA  133  A
ENSP00000378923	  rs887241	Tca	Gca	S	A	134  	.   0.01	3szaB  133  A
ENSP00000378923	  rs887241	Tca	Gca	S	A	134  	.   0.01	3szbA  133  A
ENSP00000378923	  rs887241	Tca	Gca	S	A	134  	.   0.01	3szbB  133  A
ENSP00000378923	  rs887241	Tca	Gca	S	A	134  	.   0.01	4h80A  133  A
ENSP00000378923	  rs887241	Tca	Gca	S	A	134  	.   0.01	4h80B  133  A
ENSP00000378923	  rs887241	Tca	Gca	S	A	134  	.   0.01	4h80C  133  A
ENSP00000378923	  rs887241	Tca	Gca	S	A	134  	.   0.01	4h80D  133  A
ENSP00000378923	  rs887241	Tca	Gca	S	A	134  	.   0.01	4h80E  133  A
ENSP00000378923	  rs887241	Tca	Gca	S	A	134  	.   0.01	4h80F  133  A
ENSP00000378923	  rs887241	Tca	Gca	S	A	134  	.   0.01	4h80G  133  A
ENSP00000378923	  rs887241	Tca	Gca	S	A	134  	.   0.01	4h80H  133  A
ENSP00000378923	  rs887241	Tca	Gca	S	A	134  	.   0.01	4l1oA  133  A
ENSP00000378923	  rs887241	Tca	Gca	S	A	134  	.   0.01	4l1oB  133  A
ENSP00000378923	  rs887241	Tca	Gca	S	A	134  	.   0.01	4l2oA  133  A
ENSP00000378923	  rs887241	Tca	Gca	S	A	134  	.   0.01	4l2oB  133  A
ENSP00000378923	  rs887241	Tca	Gca	S	A	134  	.   0.01	4l2oC  133  A
ENSP00000378923	  rs887241	Tca	Gca	S	A	134  	.   0.01	4l2oD  133  A
ENSP00000378923	  rs887241	Tca	Aca	S	T	134  	.   0.01	1ad3A  132  A
ENSP00000378923	  rs887241	Tca	Aca	S	T	134  	.   0.01	1ad3B  132  A
ENSP00000378923	  rs887241	Tca	Aca	S	T	134  	.   0.01	3szaA  133  A
ENSP00000378923	  rs887241	Tca	Aca	S	T	134  	.   0.01	3szaB  133  A
ENSP00000378923	  rs887241	Tca	Aca	S	T	134  	.   0.01	3szbA  133  A
ENSP00000378923	  rs887241	Tca	Aca	S	T	134  	.   0.01	3szbB  133  A
ENSP00000378923	  rs887241	Tca	Aca	S	T	134  	.   0.01	4h80A  133  A
ENSP00000378923	  rs887241	Tca	Aca	S	T	134  	.   0.01	4h80B  133  A
ENSP00000378923	  rs887241	Tca	Aca	S	T	134  	.   0.01	4h80C  133  A
ENSP00000378923	  rs887241	Tca	Aca	S	T	134  	.   0.01	4h80D  133  A
ENSP00000378923	  rs887241	Tca	Aca	S	T	134  	.   0.01	4h80E  133  A
ENSP00000378923	  rs887241	Tca	Aca	S	T	134  	.   0.01	4h80F  133  A
ENSP00000378923	  rs887241	Tca	Aca	S	T	134  	.   0.01	4h80G  133  A
ENSP00000378923	  rs887241	Tca	Aca	S	T	134  	.   0.01	4h80H  133  A
ENSP00000378923	  rs887241	Tca	Aca	S	T	134  	.   0.01	4l1oA  133  A
ENSP00000378923	  rs887241	Tca	Aca	S	T	134  	.   0.01	4l1oB  133  A
ENSP00000378923	  rs887241	Tca	Aca	S	T	134  	.   0.01	4l2oA  133  A
ENSP00000378923	  rs887241	Tca	Aca	S	T	134  	.   0.01	4l2oB  133  A
ENSP00000378923	  rs887241	Tca	Aca	S	T	134  	.   0.01	4l2oC  133  A
ENSP00000378923	  rs887241	Tca	Aca	S	T	134  	.   0.01	4l2oD  133  A
ENSP00000378923	 rs2072330	ccT	ccA	P	P	247  	.    0.0	1ad3A  245  P
ENSP00000378923	 rs2072330	ccT	ccA	P	P	247  	.    0.0	1ad3B  245  P
ENSP00000378923	 rs2072330	ccT	ccA	P	P	247  	.    0.0	3szaA  246  P
ENSP00000378923	 rs2072330	ccT	ccA	P	P	247  	.    0.0	3szaB  246  P
ENSP00000378923	 rs2072330	ccT	ccA	P	P	247  	.    0.0	3szbA  246  P
ENSP00000378923	 rs2072330	ccT	ccA	P	P	247  	.    0.0	3szbB  246  P
ENSP00000378923	 rs2072330	ccT	ccA	P	P	247  	.    0.0	4h80A  246  P
ENSP00000378923	 rs2072330	ccT	ccA	P	P	247  	.    0.0	4h80B  246  P
ENSP00000378923	 rs2072330	ccT	ccA	P	P	247  	.    0.0	4h80C  246  P
ENSP00000378923	 rs2072330	ccT	ccA	P	P	247  	.    0.0	4h80D  246  P
ENSP00000378923	 rs2072330	ccT	ccA	P	P	247  	.    0.0	4h80E  246  P
ENSP00000378923	 rs2072330	ccT	ccA	P	P	247  	.    0.0	4h80F  246  P
ENSP00000378923	 rs2072330	ccT	ccA	P	P	247  	.    0.0	4h80G  246  P
ENSP00000378923	 rs2072330	ccT	ccA	P	P	247  	.    0.0	4h80H  246  P
ENSP00000378923	 rs2072330	ccT	ccA	P	P	247  	.    0.0	4l1oA  246  P
ENSP00000378923	 rs2072330	ccT	ccA	P	P	247  	.    0.0	4l1oB  246  P
ENSP00000378923	 rs2072330	ccT	ccA	P	P	247  	.    0.0	4l2oA  246  P
ENSP00000378923	 rs2072330	ccT	ccA	P	P	247  	.    0.0	4l2oB  246  P
ENSP00000378923	 rs2072330	ccT	ccA	P	P	247  	.    0.0	4l2oC  246  P
ENSP00000378923	 rs2072330	ccT	ccA	P	P	247  	.    0.0	4l2oD  246  P
ENSP00000378926	 rs8178992	caT	caA	H	Q	429  	.   0.01	1q6xA  422  Y
ENSP00000378926	 rs8178992	caT	caA	H	Q	429  	.   0.01	1q6xB  422  Y
ENSP00000378926	 rs8178992	caT	caA	H	Q	429  	.   0.01	1t1uA  420  Y
ENSP00000378926	 rs8178992	caT	caA	H	Q	429  	.   0.01	2fy2A  407  H
ENSP00000378926	 rs8178992	caT	caA	H	Q	429  	.   0.01	2fy3A  415  H
ENSP00000378926	 rs8178992	caT	caA	H	Q	429  	.   0.01	2fy4A  412  H
ENSP00000378926	 rs8178992	caT	caA	H	Q	429  	.   0.01	2fy5A  399  H
ENSP00000378926	 rs8178992	caT	caC	H	H	429  	.   0.01	1q6xA  422  Y
ENSP00000378926	 rs8178992	caT	caC	H	H	429  	.   0.01	1q6xB  422  Y
ENSP00000378926	 rs8178992	caT	caC	H	H	429  	.   0.01	1t1uA  420  Y
ENSP00000378926	 rs8178992	caT	caC	H	H	429  	.   0.01	2fy2A  407  H
ENSP00000378926	 rs8178992	caT	caC	H	H	429  	.   0.01	2fy3A  415  H
ENSP00000378926	 rs8178992	caT	caC	H	H	429  	.   0.01	2fy4A  412  H
ENSP00000378926	 rs8178992	caT	caC	H	H	429  	.   0.01	2fy5A  399  H
ENSP00000378926	 rs3793801	atC	atT	I	I	571  	.   0.01	1q6xA  564  I
ENSP00000378926	 rs3793801	atC	atT	I	I	571  	.   0.01	1q6xB  564  I
ENSP00000378926	 rs3793801	atC	atT	I	I	571  	.   0.01	1t1uA  562  I
ENSP00000378926	 rs3793801	atC	atT	I	I	571  	.   0.01	2fy2A  549  I
ENSP00000378926	 rs3793801	atC	atT	I	I	571  	.   0.01	2fy3A  557  I
ENSP00000378926	 rs3793801	atC	atT	I	I	571  	.   0.01	2fy4A  554  I
ENSP00000378926	 rs3793801	atC	atT	I	I	571  	.   0.01	2fy5A  541  I
ENSP00000378929	 rs8178992	caT	caA	H	Q	465  	.   0.01	1q6xA  422  Y
ENSP00000378929	 rs8178992	caT	caA	H	Q	465  	.   0.01	1q6xB  422  Y
ENSP00000378929	 rs8178992	caT	caA	H	Q	465  	.   0.01	1t1uA  420  Y
ENSP00000378929	 rs8178992	caT	caA	H	Q	465  	.   0.01	2fy2A  407  H
ENSP00000378929	 rs8178992	caT	caA	H	Q	465  	.   0.01	2fy3A  415  H
ENSP00000378929	 rs8178992	caT	caA	H	Q	465  	.   0.01	2fy4A  412  H
ENSP00000378929	 rs8178992	caT	caA	H	Q	465  	.   0.01	2fy5A  399  H
ENSP00000378929	 rs8178992	caT	caC	H	H	465  	.   0.01	1q6xA  422  Y
ENSP00000378929	 rs8178992	caT	caC	H	H	465  	.   0.01	1q6xB  422  Y
ENSP00000378929	 rs8178992	caT	caC	H	H	465  	.   0.01	1t1uA  420  Y
ENSP00000378929	 rs8178992	caT	caC	H	H	465  	.   0.01	2fy2A  407  H
ENSP00000378929	 rs8178992	caT	caC	H	H	465  	.   0.01	2fy3A  415  H
ENSP00000378929	 rs8178992	caT	caC	H	H	465  	.   0.01	2fy4A  412  H
ENSP00000378929	 rs8178992	caT	caC	H	H	465  	.   0.01	2fy5A  399  H
ENSP00000378929	 rs3793801	atC	atT	I	I	607  	.   0.01	1q6xA  564  I
ENSP00000378929	 rs3793801	atC	atT	I	I	607  	.   0.01	1q6xB  564  I
ENSP00000378929	 rs3793801	atC	atT	I	I	607  	.   0.01	1t1uA  562  I
ENSP00000378929	 rs3793801	atC	atT	I	I	607  	.   0.01	2fy2A  549  I
ENSP00000378929	 rs3793801	atC	atT	I	I	607  	.   0.01	2fy3A  557  I
ENSP00000378929	 rs3793801	atC	atT	I	I	607  	.   0.01	2fy4A  554  I
ENSP00000378929	 rs3793801	atC	atT	I	I	607  	.   0.01	2fy5A  541  I
ENSP00000378942	rs72547554	Cag	Gag	Q	E	10   	.   0.02	4qgkA   11  Q
ENSP00000378942	rs72547554	Cag	Gag	Q	E	10   	.   0.02	4qgkB   11  Q
ENSP00000378942	rs72547561	Cga	Gga	R	G	177  	.   0.01	4qgkA  178  R
ENSP00000378942	rs72547561	Cga	Gga	R	G	177  	.   0.01	4qgkB  178  R
ENSP00000378942	rs72547562	aCg	aTg	T	M	184  	.   0.01	4qgkA  185  T
ENSP00000378942	rs72547562	aCg	aTg	T	M	184  	.   0.01	4qgkB  185  T
ENSP00000378942	rs72547566	Cgc	Tgc	R	C	228  	.    0.0	4qgkA  229  R
ENSP00000378942	rs72547566	Cgc	Tgc	R	C	228  	.    0.0	4qgkB  229  R
ENSP00000378942	rs72547568	Gac	Aac	D	N	245  	.   0.01	4qgkA  246  D
ENSP00000378942	rs72547568	Gac	Aac	D	N	245  	.   0.01	4qgkB  246  D
ENSP00000378971	 rs1801030	Gtg	Atg	V	M	223  	.   0.02	1ls6A  216  M
ENSP00000378971	 rs1801030	Gtg	Atg	V	M	223  	.   0.02	1z28A  217  V
ENSP00000378971	 rs1801030	Gtg	Atg	V	M	223  	.   0.02	1z29A  209  M
ENSP00000378971	 rs1801030	Gtg	Atg	V	M	223  	.   0.02	2a3rA  215  M
ENSP00000378971	 rs1801030	Gtg	Atg	V	M	223  	.   0.02	2a3rB  215  M
ENSP00000378971	 rs1801030	Gtg	Atg	V	M	223  	.   0.02	2d06A  216  M
ENSP00000378971	 rs1801030	Gtg	Atg	V	M	223  	.   0.02	2d06B  216  M
ENSP00000378971	 rs1801030	Gtg	Atg	V	M	223  	.   0.02	3qvuA  216  M
ENSP00000378971	 rs1801030	Gtg	Atg	V	M	223  	.   0.02	3qvuB  216  M
ENSP00000378971	 rs1801030	Gtg	Atg	V	M	223  	.   0.02	3qvvA  216  M
ENSP00000378971	 rs1801030	Gtg	Atg	V	M	223  	.   0.02	3qvvB  216  M
ENSP00000378971	 rs1801030	Gtg	Atg	V	M	223  	.   0.02	3u3jA  216  M
ENSP00000378971	 rs1801030	Gtg	Atg	V	M	223  	.   0.02	3u3jB  216  M
ENSP00000378971	 rs1801030	Gtg	Atg	V	M	223  	.   0.02	3u3kA  217  M
ENSP00000378971	 rs1801030	Gtg	Atg	V	M	223  	.   0.02	3u3kB  216  M
ENSP00000378971	 rs1801030	Gtg	Atg	V	M	223  	.   0.02	3u3mA  217  M
ENSP00000378971	 rs1801030	Gtg	Atg	V	M	223  	.   0.02	3u3oA  216  M
ENSP00000378971	 rs1801030	Gtg	Atg	V	M	223  	.   0.02	3u3rA  216  M
ENSP00000378971	 rs1801030	Gtg	Atg	V	M	223  	.   0.02	4graA  216  M
ENSP00000378971	 rs1801030	Gtg	Atg	V	M	223  	.   0.02	4graB  216  M
ENSP00000378971	 rs9282861	cGc	cAc	R	H	213  	.   0.02	1cjmA  189  R
ENSP00000378971	 rs9282861	cGc	cAc	R	H	213  	.   0.02	1ls6A  206  H
ENSP00000378971	 rs9282861	cGc	cAc	R	H	213  	.   0.02	1z28A  207  R
ENSP00000378971	 rs9282861	cGc	cAc	R	H	213  	.   0.02	1z29A  199  R
ENSP00000378971	 rs9282861	cGc	cAc	R	H	213  	.   0.02	2a3rA  205  R
ENSP00000378971	 rs9282861	cGc	cAc	R	H	213  	.   0.02	2a3rB  205  R
ENSP00000378971	 rs9282861	cGc	cAc	R	H	213  	.   0.02	2d06A  206  H
ENSP00000378971	 rs9282861	cGc	cAc	R	H	213  	.   0.02	2d06B  206  H
ENSP00000378971	 rs9282861	cGc	cAc	R	H	213  	.   0.02	3qvuA  206  H
ENSP00000378971	 rs9282861	cGc	cAc	R	H	213  	.   0.02	3qvuB  206  H
ENSP00000378971	 rs9282861	cGc	cAc	R	H	213  	.   0.02	3qvvA  206  H
ENSP00000378971	 rs9282861	cGc	cAc	R	H	213  	.   0.02	3qvvB  206  H
ENSP00000378971	 rs9282861	cGc	cAc	R	H	213  	.   0.02	3u3jA  206  H
ENSP00000378971	 rs9282861	cGc	cAc	R	H	213  	.   0.02	3u3jB  206  H
ENSP00000378971	 rs9282861	cGc	cAc	R	H	213  	.   0.02	3u3kA  207  H
ENSP00000378971	 rs9282861	cGc	cAc	R	H	213  	.   0.02	3u3kB  206  H
ENSP00000378971	 rs9282861	cGc	cAc	R	H	213  	.   0.02	3u3mA  207  H
ENSP00000378971	 rs9282861	cGc	cAc	R	H	213  	.   0.02	3u3oA  206  H
ENSP00000378971	 rs9282861	cGc	cAc	R	H	213  	.   0.02	3u3rA  206  H
ENSP00000378971	 rs9282861	cGc	cAc	R	H	213  	.   0.02	4graA  206  R
ENSP00000378971	 rs9282861	cGc	cAc	R	H	213  	.   0.02	4graB  206  R
ENSP00000378971	 rs1042014	gaG	gaC	E	D	151  	.   0.01	1cjmA  127  E
ENSP00000378971	 rs1042014	gaG	gaC	E	D	151  	.   0.01	1ls6A  144  E
ENSP00000378971	 rs1042014	gaG	gaC	E	D	151  	.   0.01	1z28A  145  E
ENSP00000378971	 rs1042014	gaG	gaC	E	D	151  	.   0.01	1z29A  137  H
ENSP00000378971	 rs1042014	gaG	gaC	E	D	151  	.   0.01	2a3rA  143  E
ENSP00000378971	 rs1042014	gaG	gaC	E	D	151  	.   0.01	2a3rB  143  E
ENSP00000378971	 rs1042014	gaG	gaC	E	D	151  	.   0.01	2d06A  144  E
ENSP00000378971	 rs1042014	gaG	gaC	E	D	151  	.   0.01	2d06B  144  E
ENSP00000378971	 rs1042014	gaG	gaC	E	D	151  	.   0.01	3qvuA  144  D
ENSP00000378971	 rs1042014	gaG	gaC	E	D	151  	.   0.01	3qvuB  144  D
ENSP00000378971	 rs1042014	gaG	gaC	E	D	151  	.   0.01	3qvvA  144  D
ENSP00000378971	 rs1042014	gaG	gaC	E	D	151  	.   0.01	3qvvB  144  D
ENSP00000378971	 rs1042014	gaG	gaC	E	D	151  	.   0.01	3u3jA  144  E
ENSP00000378971	 rs1042014	gaG	gaC	E	D	151  	.   0.01	3u3jB  144  E
ENSP00000378971	 rs1042014	gaG	gaC	E	D	151  	.   0.01	3u3kA  145  E
ENSP00000378971	 rs1042014	gaG	gaC	E	D	151  	.   0.01	3u3kB  144  E
ENSP00000378971	 rs1042014	gaG	gaC	E	D	151  	.   0.01	3u3mA  145  E
ENSP00000378971	 rs1042014	gaG	gaC	E	D	151  	.   0.01	3u3oA  144  E
ENSP00000378971	 rs1042014	gaG	gaC	E	D	151  	.   0.01	3u3rA  144  E
ENSP00000378971	 rs1042014	gaG	gaC	E	D	151  	.   0.01	4graA  144  E
ENSP00000378971	 rs1042014	gaG	gaC	E	D	151  	.   0.01	4graB  144  E
ENSP00000378971	 rs1042008	Cac	Tac	H	Y	149  	.   0.01	1cjmA  125  H
ENSP00000378971	 rs1042008	Cac	Tac	H	Y	149  	.   0.01	1ls6A  142  H
ENSP00000378971	 rs1042008	Cac	Tac	H	Y	149  	.   0.01	1z28A  143  H
ENSP00000378971	 rs1042008	Cac	Tac	H	Y	149  	.   0.01	1z29A  135  Y
ENSP00000378971	 rs1042008	Cac	Tac	H	Y	149  	.   0.01	2a3rA  141  H
ENSP00000378971	 rs1042008	Cac	Tac	H	Y	149  	.   0.01	2a3rB  141  H
ENSP00000378971	 rs1042008	Cac	Tac	H	Y	149  	.   0.01	2d06A  142  H
ENSP00000378971	 rs1042008	Cac	Tac	H	Y	149  	.   0.01	2d06B  142  H
ENSP00000378971	 rs1042008	Cac	Tac	H	Y	149  	.   0.01	3qvuA  142  H
ENSP00000378971	 rs1042008	Cac	Tac	H	Y	149  	.   0.01	3qvuB  142  H
ENSP00000378971	 rs1042008	Cac	Tac	H	Y	149  	.   0.01	3qvvA  142  H
ENSP00000378971	 rs1042008	Cac	Tac	H	Y	149  	.   0.01	3qvvB  142  H
ENSP00000378971	 rs1042008	Cac	Tac	H	Y	149  	.   0.01	3u3jA  142  H
ENSP00000378971	 rs1042008	Cac	Tac	H	Y	149  	.   0.01	3u3jB  142  H
ENSP00000378971	 rs1042008	Cac	Tac	H	Y	149  	.   0.01	3u3kA  143  H
ENSP00000378971	 rs1042008	Cac	Tac	H	Y	149  	.   0.01	3u3kB  142  H
ENSP00000378971	 rs1042008	Cac	Tac	H	Y	149  	.   0.01	3u3mA  143  H
ENSP00000378971	 rs1042008	Cac	Tac	H	Y	149  	.   0.01	3u3oA  142  H
ENSP00000378971	 rs1042008	Cac	Tac	H	Y	149  	.   0.01	3u3rA  142  H
ENSP00000378971	 rs1042008	Cac	Tac	H	Y	149  	.   0.01	4graA  142  H
ENSP00000378971	 rs1042008	Cac	Tac	H	Y	149  	.   0.01	4graB  142  H
ENSP00000378971	rs28374453	Ttc	Gtc	F	V	247  	.   0.06	1ls6A  240  F
ENSP00000378971	rs28374453	Ttc	Gtc	F	V	247  	.   0.06	1z28A  241  F
ENSP00000378971	rs28374453	Ttc	Gtc	F	V	247  	.   0.06	1z29A  233  F
ENSP00000378971	rs28374453	Ttc	Gtc	F	V	247  	.   0.06	2a3rA  239  L
ENSP00000378971	rs28374453	Ttc	Gtc	F	V	247  	.   0.06	2a3rB  239  L
ENSP00000378971	rs28374453	Ttc	Gtc	F	V	247  	.   0.06	2d06A  240  F
ENSP00000378971	rs28374453	Ttc	Gtc	F	V	247  	.   0.06	2d06B  240  F
ENSP00000378971	rs28374453	Ttc	Gtc	F	V	247  	.   0.06	3qvuA  240  I
ENSP00000378971	rs28374453	Ttc	Gtc	F	V	247  	.   0.06	3qvuB  240  I
ENSP00000378971	rs28374453	Ttc	Gtc	F	V	247  	.   0.06	3qvvA  240  I
ENSP00000378971	rs28374453	Ttc	Gtc	F	V	247  	.   0.06	3qvvB  240  I
ENSP00000378971	rs28374453	Ttc	Gtc	F	V	247  	.   0.06	3u3jA  240  F
ENSP00000378971	rs28374453	Ttc	Gtc	F	V	247  	.   0.06	3u3jB  240  F
ENSP00000378971	rs28374453	Ttc	Gtc	F	V	247  	.   0.06	3u3kA  241  F
ENSP00000378971	rs28374453	Ttc	Gtc	F	V	247  	.   0.06	3u3kB  240  F
ENSP00000378971	rs28374453	Ttc	Gtc	F	V	247  	.   0.06	3u3mA  241  F
ENSP00000378971	rs28374453	Ttc	Gtc	F	V	247  	.   0.06	3u3oA  240  F
ENSP00000378971	rs28374453	Ttc	Gtc	F	V	247  	.   0.06	3u3rA  240  F
ENSP00000378971	rs28374453	Ttc	Gtc	F	V	247  	.   0.06	4graA  240  F
ENSP00000378971	rs28374453	Ttc	Gtc	F	V	247  	.   0.06	4graB  240  F
ENSP00000378971	rs28374453	Ttc	Ctc	F	L	247  	.   0.06	1ls6A  240  F
ENSP00000378971	rs28374453	Ttc	Ctc	F	L	247  	.   0.06	1z28A  241  F
ENSP00000378971	rs28374453	Ttc	Ctc	F	L	247  	.   0.06	1z29A  233  F
ENSP00000378971	rs28374453	Ttc	Ctc	F	L	247  	.   0.06	2a3rA  239  L
ENSP00000378971	rs28374453	Ttc	Ctc	F	L	247  	.   0.06	2a3rB  239  L
ENSP00000378971	rs28374453	Ttc	Ctc	F	L	247  	.   0.06	2d06A  240  F
ENSP00000378971	rs28374453	Ttc	Ctc	F	L	247  	.   0.06	2d06B  240  F
ENSP00000378971	rs28374453	Ttc	Ctc	F	L	247  	.   0.06	3qvuA  240  I
ENSP00000378971	rs28374453	Ttc	Ctc	F	L	247  	.   0.06	3qvuB  240  I
ENSP00000378971	rs28374453	Ttc	Ctc	F	L	247  	.   0.06	3qvvA  240  I
ENSP00000378971	rs28374453	Ttc	Ctc	F	L	247  	.   0.06	3qvvB  240  I
ENSP00000378971	rs28374453	Ttc	Ctc	F	L	247  	.   0.06	3u3jA  240  F
ENSP00000378971	rs28374453	Ttc	Ctc	F	L	247  	.   0.06	3u3jB  240  F
ENSP00000378971	rs28374453	Ttc	Ctc	F	L	247  	.   0.06	3u3kA  241  F
ENSP00000378971	rs28374453	Ttc	Ctc	F	L	247  	.   0.06	3u3kB  240  F
ENSP00000378971	rs28374453	Ttc	Ctc	F	L	247  	.   0.06	3u3mA  241  F
ENSP00000378971	rs28374453	Ttc	Ctc	F	L	247  	.   0.06	3u3oA  240  F
ENSP00000378971	rs28374453	Ttc	Ctc	F	L	247  	.   0.06	3u3rA  240  F
ENSP00000378971	rs28374453	Ttc	Ctc	F	L	247  	.   0.06	4graA  240  F
ENSP00000378971	rs28374453	Ttc	Ctc	F	L	247  	.   0.06	4graB  240  F
ENSP00000378971	rs60749306	aAc	aGc	N	S	239  	.   0.18	1ls6A  232  N
ENSP00000378971	rs60749306	aAc	aGc	N	S	239  	.   0.18	1z28A  233  N
ENSP00000378971	rs60749306	aAc	aGc	N	S	239  	.   0.18	1z29A  225  N
ENSP00000378971	rs60749306	aAc	aGc	N	S	239  	.   0.18	2a3rA  231  N
ENSP00000378971	rs60749306	aAc	aGc	N	S	239  	.   0.18	2a3rB  231  N
ENSP00000378971	rs60749306	aAc	aGc	N	S	239  	.   0.18	2d06A  232  N
ENSP00000378971	rs60749306	aAc	aGc	N	S	239  	.   0.18	2d06B  232  N
ENSP00000378971	rs60749306	aAc	aGc	N	S	239  	.   0.18	3qvuA  232  N
ENSP00000378971	rs60749306	aAc	aGc	N	S	239  	.   0.18	3qvuB  232  N
ENSP00000378971	rs60749306	aAc	aGc	N	S	239  	.   0.18	3qvvA  232  N
ENSP00000378971	rs60749306	aAc	aGc	N	S	239  	.   0.18	3qvvB  232  N
ENSP00000378971	rs60749306	aAc	aGc	N	S	239  	.   0.18	3u3jA  232  N
ENSP00000378971	rs60749306	aAc	aGc	N	S	239  	.   0.18	3u3jB  232  N
ENSP00000378971	rs60749306	aAc	aGc	N	S	239  	.   0.18	3u3kA  233  N
ENSP00000378971	rs60749306	aAc	aGc	N	S	239  	.   0.18	3u3kB  232  N
ENSP00000378971	rs60749306	aAc	aGc	N	S	239  	.   0.18	3u3mA  233  N
ENSP00000378971	rs60749306	aAc	aGc	N	S	239  	.   0.18	3u3oA  232  N
ENSP00000378971	rs60749306	aAc	aGc	N	S	239  	.   0.18	3u3rA  232  N
ENSP00000378971	rs60749306	aAc	aGc	N	S	239  	.   0.18	4graA  232  N
ENSP00000378971	rs60749306	aAc	aGc	N	S	239  	.   0.18	4graB  232  N
ENSP00000378971	rs35728980	aAc	aCc	N	T	235  	.   0.14	1ls6A  228  N
ENSP00000378971	rs35728980	aAc	aCc	N	T	235  	.   0.14	1z28A  229  N
ENSP00000378971	rs35728980	aAc	aCc	N	T	235  	.   0.14	1z29A  221  N
ENSP00000378971	rs35728980	aAc	aCc	N	T	235  	.   0.14	2a3rA  227  N
ENSP00000378971	rs35728980	aAc	aCc	N	T	235  	.   0.14	2a3rB  227  N
ENSP00000378971	rs35728980	aAc	aCc	N	T	235  	.   0.14	2d06A  228  N
ENSP00000378971	rs35728980	aAc	aCc	N	T	235  	.   0.14	2d06B  228  N
ENSP00000378971	rs35728980	aAc	aCc	N	T	235  	.   0.14	3qvuA  228  N
ENSP00000378971	rs35728980	aAc	aCc	N	T	235  	.   0.14	3qvuB  228  N
ENSP00000378971	rs35728980	aAc	aCc	N	T	235  	.   0.14	3qvvA  228  N
ENSP00000378971	rs35728980	aAc	aCc	N	T	235  	.   0.14	3qvvB  228  N
ENSP00000378971	rs35728980	aAc	aCc	N	T	235  	.   0.14	3u3jA  228  N
ENSP00000378971	rs35728980	aAc	aCc	N	T	235  	.   0.14	3u3jB  228  N
ENSP00000378971	rs35728980	aAc	aCc	N	T	235  	.   0.14	3u3kA  229  N
ENSP00000378971	rs35728980	aAc	aCc	N	T	235  	.   0.14	3u3kB  228  N
ENSP00000378971	rs35728980	aAc	aCc	N	T	235  	.   0.14	3u3mA  229  N
ENSP00000378971	rs35728980	aAc	aCc	N	T	235  	.   0.14	3u3oA  228  N
ENSP00000378971	rs35728980	aAc	aCc	N	T	235  	.   0.14	3u3rA  228  N
ENSP00000378971	rs35728980	aAc	aCc	N	T	235  	.   0.14	4graA  228  N
ENSP00000378971	rs35728980	aAc	aCc	N	T	235  	.   0.14	4graB  228  N
ENSP00000378971	rs72547525	gCc	gTc	A	V	86   	.   0.02	1cjmA   65  D
ENSP00000378971	rs72547525	gCc	gTc	A	V	86   	.   0.02	1ls6A   79  A
ENSP00000378971	rs72547525	gCc	gTc	A	V	86   	.   0.02	1z28A   80  A
ENSP00000378971	rs72547525	gCc	gTc	A	V	86   	.   0.02	1z29A   72  V
ENSP00000378971	rs72547525	gCc	gTc	A	V	86   	.   0.02	2a3rA   78  D
ENSP00000378971	rs72547525	gCc	gTc	A	V	86   	.   0.02	2a3rB   78  D
ENSP00000378971	rs72547525	gCc	gTc	A	V	86   	.   0.02	2d06A   79  A
ENSP00000378971	rs72547525	gCc	gTc	A	V	86   	.   0.02	2d06B   79  A
ENSP00000378971	rs72547525	gCc	gTc	A	V	86   	.   0.02	3qvuA   79  A
ENSP00000378971	rs72547525	gCc	gTc	A	V	86   	.   0.02	3qvuB   79  A
ENSP00000378971	rs72547525	gCc	gTc	A	V	86   	.   0.02	3qvvA   79  A
ENSP00000378971	rs72547525	gCc	gTc	A	V	86   	.   0.02	3qvvB   79  A
ENSP00000378971	rs72547525	gCc	gTc	A	V	86   	.   0.02	3u3jA   79  A
ENSP00000378971	rs72547525	gCc	gTc	A	V	86   	.   0.02	3u3jB   79  A
ENSP00000378971	rs72547525	gCc	gTc	A	V	86   	.   0.02	3u3kA   80  A
ENSP00000378971	rs72547525	gCc	gTc	A	V	86   	.   0.02	3u3kB   79  A
ENSP00000378971	rs72547525	gCc	gTc	A	V	86   	.   0.02	3u3mA   80  A
ENSP00000378971	rs72547525	gCc	gTc	A	V	86   	.   0.02	3u3oA   79  A
ENSP00000378971	rs72547525	gCc	gTc	A	V	86   	.   0.02	3u3rA   79  A
ENSP00000378971	rs72547525	gCc	gTc	A	V	86   	.   0.02	4graA   79  A
ENSP00000378971	rs72547525	gCc	gTc	A	V	86   	.   0.02	4graB   79  A
ENSP00000378971	rs72547525	gCc	gAc	A	D	86   	.   0.02	1cjmA   65  D
ENSP00000378971	rs72547525	gCc	gAc	A	D	86   	.   0.02	1ls6A   79  A
ENSP00000378971	rs72547525	gCc	gAc	A	D	86   	.   0.02	1z28A   80  A
ENSP00000378971	rs72547525	gCc	gAc	A	D	86   	.   0.02	1z29A   72  V
ENSP00000378971	rs72547525	gCc	gAc	A	D	86   	.   0.02	2a3rA   78  D
ENSP00000378971	rs72547525	gCc	gAc	A	D	86   	.   0.02	2a3rB   78  D
ENSP00000378971	rs72547525	gCc	gAc	A	D	86   	.   0.02	2d06A   79  A
ENSP00000378971	rs72547525	gCc	gAc	A	D	86   	.   0.02	2d06B   79  A
ENSP00000378971	rs72547525	gCc	gAc	A	D	86   	.   0.02	3qvuA   79  A
ENSP00000378971	rs72547525	gCc	gAc	A	D	86   	.   0.02	3qvuB   79  A
ENSP00000378971	rs72547525	gCc	gAc	A	D	86   	.   0.02	3qvvA   79  A
ENSP00000378971	rs72547525	gCc	gAc	A	D	86   	.   0.02	3qvvB   79  A
ENSP00000378971	rs72547525	gCc	gAc	A	D	86   	.   0.02	3u3jA   79  A
ENSP00000378971	rs72547525	gCc	gAc	A	D	86   	.   0.02	3u3jB   79  A
ENSP00000378971	rs72547525	gCc	gAc	A	D	86   	.   0.02	3u3kA   80  A
ENSP00000378971	rs72547525	gCc	gAc	A	D	86   	.   0.02	3u3kB   79  A
ENSP00000378971	rs72547525	gCc	gAc	A	D	86   	.   0.02	3u3mA   80  A
ENSP00000378971	rs72547525	gCc	gAc	A	D	86   	.   0.02	3u3oA   79  A
ENSP00000378971	rs72547525	gCc	gAc	A	D	86   	.   0.02	3u3rA   79  A
ENSP00000378971	rs72547525	gCc	gAc	A	D	86   	.   0.02	4graA   79  A
ENSP00000378971	rs72547525	gCc	gAc	A	D	86   	.   0.02	4graB   79  A
ENSP00000378971	rs72547526	tAc	tTc	Y	F	62   	.   0.01	1cjmA   55  Y
ENSP00000378971	rs72547526	tAc	tTc	Y	F	62   	.   0.01	1ls6A   55  Y
ENSP00000378971	rs72547526	tAc	tTc	Y	F	62   	.   0.01	1z28A   56  Y
ENSP00000378971	rs72547526	tAc	tTc	Y	F	62   	.   0.01	1z29A   55  Y
ENSP00000378971	rs72547526	tAc	tTc	Y	F	62   	.   0.01	2a3rA   54  Y
ENSP00000378971	rs72547526	tAc	tTc	Y	F	62   	.   0.01	2a3rB   54  Y
ENSP00000378971	rs72547526	tAc	tTc	Y	F	62   	.   0.01	2d06A   55  Y
ENSP00000378971	rs72547526	tAc	tTc	Y	F	62   	.   0.01	2d06B   55  Y
ENSP00000378971	rs72547526	tAc	tTc	Y	F	62   	.   0.01	3qvuA   55  Y
ENSP00000378971	rs72547526	tAc	tTc	Y	F	62   	.   0.01	3qvuB   55  Y
ENSP00000378971	rs72547526	tAc	tTc	Y	F	62   	.   0.01	3qvvA   55  Y
ENSP00000378971	rs72547526	tAc	tTc	Y	F	62   	.   0.01	3qvvB   55  Y
ENSP00000378971	rs72547526	tAc	tTc	Y	F	62   	.   0.01	3u3jA   55  Y
ENSP00000378971	rs72547526	tAc	tTc	Y	F	62   	.   0.01	3u3jB   55  Y
ENSP00000378971	rs72547526	tAc	tTc	Y	F	62   	.   0.01	3u3kA   56  Y
ENSP00000378971	rs72547526	tAc	tTc	Y	F	62   	.   0.01	3u3kB   55  Y
ENSP00000378971	rs72547526	tAc	tTc	Y	F	62   	.   0.01	3u3mA   56  Y
ENSP00000378971	rs72547526	tAc	tTc	Y	F	62   	.   0.01	3u3oA   55  Y
ENSP00000378971	rs72547526	tAc	tTc	Y	F	62   	.   0.01	3u3rA   55  Y
ENSP00000378971	rs72547526	tAc	tTc	Y	F	62   	.   0.01	4graA   55  Y
ENSP00000378971	rs72547526	tAc	tTc	Y	F	62   	.   0.01	4graB   55  Y
ENSP00000378972	 rs1801030	Gtg	Atg	V	M	223  	.   0.02	1ls6A  216  M
ENSP00000378972	 rs1801030	Gtg	Atg	V	M	223  	.   0.02	1z28A  217  V
ENSP00000378972	 rs1801030	Gtg	Atg	V	M	223  	.   0.02	1z29A  209  M
ENSP00000378972	 rs1801030	Gtg	Atg	V	M	223  	.   0.02	2a3rA  215  M
ENSP00000378972	 rs1801030	Gtg	Atg	V	M	223  	.   0.02	2a3rB  215  M
ENSP00000378972	 rs1801030	Gtg	Atg	V	M	223  	.   0.02	2d06A  216  M
ENSP00000378972	 rs1801030	Gtg	Atg	V	M	223  	.   0.02	2d06B  216  M
ENSP00000378972	 rs1801030	Gtg	Atg	V	M	223  	.   0.02	3qvuA  216  M
ENSP00000378972	 rs1801030	Gtg	Atg	V	M	223  	.   0.02	3qvuB  216  M
ENSP00000378972	 rs1801030	Gtg	Atg	V	M	223  	.   0.02	3qvvA  216  M
ENSP00000378972	 rs1801030	Gtg	Atg	V	M	223  	.   0.02	3qvvB  216  M
ENSP00000378972	 rs1801030	Gtg	Atg	V	M	223  	.   0.02	3u3jA  216  M
ENSP00000378972	 rs1801030	Gtg	Atg	V	M	223  	.   0.02	3u3jB  216  M
ENSP00000378972	 rs1801030	Gtg	Atg	V	M	223  	.   0.02	3u3kA  217  M
ENSP00000378972	 rs1801030	Gtg	Atg	V	M	223  	.   0.02	3u3kB  216  M
ENSP00000378972	 rs1801030	Gtg	Atg	V	M	223  	.   0.02	3u3mA  217  M
ENSP00000378972	 rs1801030	Gtg	Atg	V	M	223  	.   0.02	3u3oA  216  M
ENSP00000378972	 rs1801030	Gtg	Atg	V	M	223  	.   0.02	3u3rA  216  M
ENSP00000378972	 rs1801030	Gtg	Atg	V	M	223  	.   0.02	4graA  216  M
ENSP00000378972	 rs1801030	Gtg	Atg	V	M	223  	.   0.02	4graB  216  M
ENSP00000378972	 rs9282861	cGc	cAc	R	H	213  	.   0.02	1cjmA  189  R
ENSP00000378972	 rs9282861	cGc	cAc	R	H	213  	.   0.02	1ls6A  206  H
ENSP00000378972	 rs9282861	cGc	cAc	R	H	213  	.   0.02	1z28A  207  R
ENSP00000378972	 rs9282861	cGc	cAc	R	H	213  	.   0.02	1z29A  199  R
ENSP00000378972	 rs9282861	cGc	cAc	R	H	213  	.   0.02	2a3rA  205  R
ENSP00000378972	 rs9282861	cGc	cAc	R	H	213  	.   0.02	2a3rB  205  R
ENSP00000378972	 rs9282861	cGc	cAc	R	H	213  	.   0.02	2d06A  206  H
ENSP00000378972	 rs9282861	cGc	cAc	R	H	213  	.   0.02	2d06B  206  H
ENSP00000378972	 rs9282861	cGc	cAc	R	H	213  	.   0.02	3qvuA  206  H
ENSP00000378972	 rs9282861	cGc	cAc	R	H	213  	.   0.02	3qvuB  206  H
ENSP00000378972	 rs9282861	cGc	cAc	R	H	213  	.   0.02	3qvvA  206  H
ENSP00000378972	 rs9282861	cGc	cAc	R	H	213  	.   0.02	3qvvB  206  H
ENSP00000378972	 rs9282861	cGc	cAc	R	H	213  	.   0.02	3u3jA  206  H
ENSP00000378972	 rs9282861	cGc	cAc	R	H	213  	.   0.02	3u3jB  206  H
ENSP00000378972	 rs9282861	cGc	cAc	R	H	213  	.   0.02	3u3kA  207  H
ENSP00000378972	 rs9282861	cGc	cAc	R	H	213  	.   0.02	3u3kB  206  H
ENSP00000378972	 rs9282861	cGc	cAc	R	H	213  	.   0.02	3u3mA  207  H
ENSP00000378972	 rs9282861	cGc	cAc	R	H	213  	.   0.02	3u3oA  206  H
ENSP00000378972	 rs9282861	cGc	cAc	R	H	213  	.   0.02	3u3rA  206  H
ENSP00000378972	 rs9282861	cGc	cAc	R	H	213  	.   0.02	4graA  206  R
ENSP00000378972	 rs9282861	cGc	cAc	R	H	213  	.   0.02	4graB  206  R
ENSP00000378972	 rs1042014	gaG	gaC	E	D	151  	.   0.01	1cjmA  127  E
ENSP00000378972	 rs1042014	gaG	gaC	E	D	151  	.   0.01	1ls6A  144  E
ENSP00000378972	 rs1042014	gaG	gaC	E	D	151  	.   0.01	1z28A  145  E
ENSP00000378972	 rs1042014	gaG	gaC	E	D	151  	.   0.01	1z29A  137  H
ENSP00000378972	 rs1042014	gaG	gaC	E	D	151  	.   0.01	2a3rA  143  E
ENSP00000378972	 rs1042014	gaG	gaC	E	D	151  	.   0.01	2a3rB  143  E
ENSP00000378972	 rs1042014	gaG	gaC	E	D	151  	.   0.01	2d06A  144  E
ENSP00000378972	 rs1042014	gaG	gaC	E	D	151  	.   0.01	2d06B  144  E
ENSP00000378972	 rs1042014	gaG	gaC	E	D	151  	.   0.01	3qvuA  144  D
ENSP00000378972	 rs1042014	gaG	gaC	E	D	151  	.   0.01	3qvuB  144  D
ENSP00000378972	 rs1042014	gaG	gaC	E	D	151  	.   0.01	3qvvA  144  D
ENSP00000378972	 rs1042014	gaG	gaC	E	D	151  	.   0.01	3qvvB  144  D
ENSP00000378972	 rs1042014	gaG	gaC	E	D	151  	.   0.01	3u3jA  144  E
ENSP00000378972	 rs1042014	gaG	gaC	E	D	151  	.   0.01	3u3jB  144  E
ENSP00000378972	 rs1042014	gaG	gaC	E	D	151  	.   0.01	3u3kA  145  E
ENSP00000378972	 rs1042014	gaG	gaC	E	D	151  	.   0.01	3u3kB  144  E
ENSP00000378972	 rs1042014	gaG	gaC	E	D	151  	.   0.01	3u3mA  145  E
ENSP00000378972	 rs1042014	gaG	gaC	E	D	151  	.   0.01	3u3oA  144  E
ENSP00000378972	 rs1042014	gaG	gaC	E	D	151  	.   0.01	3u3rA  144  E
ENSP00000378972	 rs1042014	gaG	gaC	E	D	151  	.   0.01	4graA  144  E
ENSP00000378972	 rs1042014	gaG	gaC	E	D	151  	.   0.01	4graB  144  E
ENSP00000378972	 rs1042008	Cac	Tac	H	Y	149  	.   0.01	1cjmA  125  H
ENSP00000378972	 rs1042008	Cac	Tac	H	Y	149  	.   0.01	1ls6A  142  H
ENSP00000378972	 rs1042008	Cac	Tac	H	Y	149  	.   0.01	1z28A  143  H
ENSP00000378972	 rs1042008	Cac	Tac	H	Y	149  	.   0.01	1z29A  135  Y
ENSP00000378972	 rs1042008	Cac	Tac	H	Y	149  	.   0.01	2a3rA  141  H
ENSP00000378972	 rs1042008	Cac	Tac	H	Y	149  	.   0.01	2a3rB  141  H
ENSP00000378972	 rs1042008	Cac	Tac	H	Y	149  	.   0.01	2d06A  142  H
ENSP00000378972	 rs1042008	Cac	Tac	H	Y	149  	.   0.01	2d06B  142  H
ENSP00000378972	 rs1042008	Cac	Tac	H	Y	149  	.   0.01	3qvuA  142  H
ENSP00000378972	 rs1042008	Cac	Tac	H	Y	149  	.   0.01	3qvuB  142  H
ENSP00000378972	 rs1042008	Cac	Tac	H	Y	149  	.   0.01	3qvvA  142  H
ENSP00000378972	 rs1042008	Cac	Tac	H	Y	149  	.   0.01	3qvvB  142  H
ENSP00000378972	 rs1042008	Cac	Tac	H	Y	149  	.   0.01	3u3jA  142  H
ENSP00000378972	 rs1042008	Cac	Tac	H	Y	149  	.   0.01	3u3jB  142  H
ENSP00000378972	 rs1042008	Cac	Tac	H	Y	149  	.   0.01	3u3kA  143  H
ENSP00000378972	 rs1042008	Cac	Tac	H	Y	149  	.   0.01	3u3kB  142  H
ENSP00000378972	 rs1042008	Cac	Tac	H	Y	149  	.   0.01	3u3mA  143  H
ENSP00000378972	 rs1042008	Cac	Tac	H	Y	149  	.   0.01	3u3oA  142  H
ENSP00000378972	 rs1042008	Cac	Tac	H	Y	149  	.   0.01	3u3rA  142  H
ENSP00000378972	 rs1042008	Cac	Tac	H	Y	149  	.   0.01	4graA  142  H
ENSP00000378972	 rs1042008	Cac	Tac	H	Y	149  	.   0.01	4graB  142  H
ENSP00000378972	rs28374453	Ttc	Gtc	F	V	247  	.   0.06	1ls6A  240  F
ENSP00000378972	rs28374453	Ttc	Gtc	F	V	247  	.   0.06	1z28A  241  F
ENSP00000378972	rs28374453	Ttc	Gtc	F	V	247  	.   0.06	1z29A  233  F
ENSP00000378972	rs28374453	Ttc	Gtc	F	V	247  	.   0.06	2a3rA  239  L
ENSP00000378972	rs28374453	Ttc	Gtc	F	V	247  	.   0.06	2a3rB  239  L
ENSP00000378972	rs28374453	Ttc	Gtc	F	V	247  	.   0.06	2d06A  240  F
ENSP00000378972	rs28374453	Ttc	Gtc	F	V	247  	.   0.06	2d06B  240  F
ENSP00000378972	rs28374453	Ttc	Gtc	F	V	247  	.   0.06	3qvuA  240  I
ENSP00000378972	rs28374453	Ttc	Gtc	F	V	247  	.   0.06	3qvuB  240  I
ENSP00000378972	rs28374453	Ttc	Gtc	F	V	247  	.   0.06	3qvvA  240  I
ENSP00000378972	rs28374453	Ttc	Gtc	F	V	247  	.   0.06	3qvvB  240  I
ENSP00000378972	rs28374453	Ttc	Gtc	F	V	247  	.   0.06	3u3jA  240  F
ENSP00000378972	rs28374453	Ttc	Gtc	F	V	247  	.   0.06	3u3jB  240  F
ENSP00000378972	rs28374453	Ttc	Gtc	F	V	247  	.   0.06	3u3kA  241  F
ENSP00000378972	rs28374453	Ttc	Gtc	F	V	247  	.   0.06	3u3kB  240  F
ENSP00000378972	rs28374453	Ttc	Gtc	F	V	247  	.   0.06	3u3mA  241  F
ENSP00000378972	rs28374453	Ttc	Gtc	F	V	247  	.   0.06	3u3oA  240  F
ENSP00000378972	rs28374453	Ttc	Gtc	F	V	247  	.   0.06	3u3rA  240  F
ENSP00000378972	rs28374453	Ttc	Gtc	F	V	247  	.   0.06	4graA  240  F
ENSP00000378972	rs28374453	Ttc	Gtc	F	V	247  	.   0.06	4graB  240  F
ENSP00000378972	rs28374453	Ttc	Ctc	F	L	247  	.   0.06	1ls6A  240  F
ENSP00000378972	rs28374453	Ttc	Ctc	F	L	247  	.   0.06	1z28A  241  F
ENSP00000378972	rs28374453	Ttc	Ctc	F	L	247  	.   0.06	1z29A  233  F
ENSP00000378972	rs28374453	Ttc	Ctc	F	L	247  	.   0.06	2a3rA  239  L
ENSP00000378972	rs28374453	Ttc	Ctc	F	L	247  	.   0.06	2a3rB  239  L
ENSP00000378972	rs28374453	Ttc	Ctc	F	L	247  	.   0.06	2d06A  240  F
ENSP00000378972	rs28374453	Ttc	Ctc	F	L	247  	.   0.06	2d06B  240  F
ENSP00000378972	rs28374453	Ttc	Ctc	F	L	247  	.   0.06	3qvuA  240  I
ENSP00000378972	rs28374453	Ttc	Ctc	F	L	247  	.   0.06	3qvuB  240  I
ENSP00000378972	rs28374453	Ttc	Ctc	F	L	247  	.   0.06	3qvvA  240  I
ENSP00000378972	rs28374453	Ttc	Ctc	F	L	247  	.   0.06	3qvvB  240  I
ENSP00000378972	rs28374453	Ttc	Ctc	F	L	247  	.   0.06	3u3jA  240  F
ENSP00000378972	rs28374453	Ttc	Ctc	F	L	247  	.   0.06	3u3jB  240  F
ENSP00000378972	rs28374453	Ttc	Ctc	F	L	247  	.   0.06	3u3kA  241  F
ENSP00000378972	rs28374453	Ttc	Ctc	F	L	247  	.   0.06	3u3kB  240  F
ENSP00000378972	rs28374453	Ttc	Ctc	F	L	247  	.   0.06	3u3mA  241  F
ENSP00000378972	rs28374453	Ttc	Ctc	F	L	247  	.   0.06	3u3oA  240  F
ENSP00000378972	rs28374453	Ttc	Ctc	F	L	247  	.   0.06	3u3rA  240  F
ENSP00000378972	rs28374453	Ttc	Ctc	F	L	247  	.   0.06	4graA  240  F
ENSP00000378972	rs28374453	Ttc	Ctc	F	L	247  	.   0.06	4graB  240  F
ENSP00000378972	rs60749306	aAc	aGc	N	S	239  	.   0.18	1ls6A  232  N
ENSP00000378972	rs60749306	aAc	aGc	N	S	239  	.   0.18	1z28A  233  N
ENSP00000378972	rs60749306	aAc	aGc	N	S	239  	.   0.18	1z29A  225  N
ENSP00000378972	rs60749306	aAc	aGc	N	S	239  	.   0.18	2a3rA  231  N
ENSP00000378972	rs60749306	aAc	aGc	N	S	239  	.   0.18	2a3rB  231  N
ENSP00000378972	rs60749306	aAc	aGc	N	S	239  	.   0.18	2d06A  232  N
ENSP00000378972	rs60749306	aAc	aGc	N	S	239  	.   0.18	2d06B  232  N
ENSP00000378972	rs60749306	aAc	aGc	N	S	239  	.   0.18	3qvuA  232  N
ENSP00000378972	rs60749306	aAc	aGc	N	S	239  	.   0.18	3qvuB  232  N
ENSP00000378972	rs60749306	aAc	aGc	N	S	239  	.   0.18	3qvvA  232  N
ENSP00000378972	rs60749306	aAc	aGc	N	S	239  	.   0.18	3qvvB  232  N
ENSP00000378972	rs60749306	aAc	aGc	N	S	239  	.   0.18	3u3jA  232  N
ENSP00000378972	rs60749306	aAc	aGc	N	S	239  	.   0.18	3u3jB  232  N
ENSP00000378972	rs60749306	aAc	aGc	N	S	239  	.   0.18	3u3kA  233  N
ENSP00000378972	rs60749306	aAc	aGc	N	S	239  	.   0.18	3u3kB  232  N
ENSP00000378972	rs60749306	aAc	aGc	N	S	239  	.   0.18	3u3mA  233  N
ENSP00000378972	rs60749306	aAc	aGc	N	S	239  	.   0.18	3u3oA  232  N
ENSP00000378972	rs60749306	aAc	aGc	N	S	239  	.   0.18	3u3rA  232  N
ENSP00000378972	rs60749306	aAc	aGc	N	S	239  	.   0.18	4graA  232  N
ENSP00000378972	rs60749306	aAc	aGc	N	S	239  	.   0.18	4graB  232  N
ENSP00000378972	rs35728980	aAc	aCc	N	T	235  	.   0.14	1ls6A  228  N
ENSP00000378972	rs35728980	aAc	aCc	N	T	235  	.   0.14	1z28A  229  N
ENSP00000378972	rs35728980	aAc	aCc	N	T	235  	.   0.14	1z29A  221  N
ENSP00000378972	rs35728980	aAc	aCc	N	T	235  	.   0.14	2a3rA  227  N
ENSP00000378972	rs35728980	aAc	aCc	N	T	235  	.   0.14	2a3rB  227  N
ENSP00000378972	rs35728980	aAc	aCc	N	T	235  	.   0.14	2d06A  228  N
ENSP00000378972	rs35728980	aAc	aCc	N	T	235  	.   0.14	2d06B  228  N
ENSP00000378972	rs35728980	aAc	aCc	N	T	235  	.   0.14	3qvuA  228  N
ENSP00000378972	rs35728980	aAc	aCc	N	T	235  	.   0.14	3qvuB  228  N
ENSP00000378972	rs35728980	aAc	aCc	N	T	235  	.   0.14	3qvvA  228  N
ENSP00000378972	rs35728980	aAc	aCc	N	T	235  	.   0.14	3qvvB  228  N
ENSP00000378972	rs35728980	aAc	aCc	N	T	235  	.   0.14	3u3jA  228  N
ENSP00000378972	rs35728980	aAc	aCc	N	T	235  	.   0.14	3u3jB  228  N
ENSP00000378972	rs35728980	aAc	aCc	N	T	235  	.   0.14	3u3kA  229  N
ENSP00000378972	rs35728980	aAc	aCc	N	T	235  	.   0.14	3u3kB  228  N
ENSP00000378972	rs35728980	aAc	aCc	N	T	235  	.   0.14	3u3mA  229  N
ENSP00000378972	rs35728980	aAc	aCc	N	T	235  	.   0.14	3u3oA  228  N
ENSP00000378972	rs35728980	aAc	aCc	N	T	235  	.   0.14	3u3rA  228  N
ENSP00000378972	rs35728980	aAc	aCc	N	T	235  	.   0.14	4graA  228  N
ENSP00000378972	rs35728980	aAc	aCc	N	T	235  	.   0.14	4graB  228  N
ENSP00000378972	rs72547525	gCc	gTc	A	V	86   	.   0.02	1cjmA   65  D
ENSP00000378972	rs72547525	gCc	gTc	A	V	86   	.   0.02	1ls6A   79  A
ENSP00000378972	rs72547525	gCc	gTc	A	V	86   	.   0.02	1z28A   80  A
ENSP00000378972	rs72547525	gCc	gTc	A	V	86   	.   0.02	1z29A   72  V
ENSP00000378972	rs72547525	gCc	gTc	A	V	86   	.   0.02	2a3rA   78  D
ENSP00000378972	rs72547525	gCc	gTc	A	V	86   	.   0.02	2a3rB   78  D
ENSP00000378972	rs72547525	gCc	gTc	A	V	86   	.   0.02	2d06A   79  A
ENSP00000378972	rs72547525	gCc	gTc	A	V	86   	.   0.02	2d06B   79  A
ENSP00000378972	rs72547525	gCc	gTc	A	V	86   	.   0.02	3qvuA   79  A
ENSP00000378972	rs72547525	gCc	gTc	A	V	86   	.   0.02	3qvuB   79  A
ENSP00000378972	rs72547525	gCc	gTc	A	V	86   	.   0.02	3qvvA   79  A
ENSP00000378972	rs72547525	gCc	gTc	A	V	86   	.   0.02	3qvvB   79  A
ENSP00000378972	rs72547525	gCc	gTc	A	V	86   	.   0.02	3u3jA   79  A
ENSP00000378972	rs72547525	gCc	gTc	A	V	86   	.   0.02	3u3jB   79  A
ENSP00000378972	rs72547525	gCc	gTc	A	V	86   	.   0.02	3u3kA   80  A
ENSP00000378972	rs72547525	gCc	gTc	A	V	86   	.   0.02	3u3kB   79  A
ENSP00000378972	rs72547525	gCc	gTc	A	V	86   	.   0.02	3u3mA   80  A
ENSP00000378972	rs72547525	gCc	gTc	A	V	86   	.   0.02	3u3oA   79  A
ENSP00000378972	rs72547525	gCc	gTc	A	V	86   	.   0.02	3u3rA   79  A
ENSP00000378972	rs72547525	gCc	gTc	A	V	86   	.   0.02	4graA   79  A
ENSP00000378972	rs72547525	gCc	gTc	A	V	86   	.   0.02	4graB   79  A
ENSP00000378972	rs72547525	gCc	gAc	A	D	86   	.   0.02	1cjmA   65  D
ENSP00000378972	rs72547525	gCc	gAc	A	D	86   	.   0.02	1ls6A   79  A
ENSP00000378972	rs72547525	gCc	gAc	A	D	86   	.   0.02	1z28A   80  A
ENSP00000378972	rs72547525	gCc	gAc	A	D	86   	.   0.02	1z29A   72  V
ENSP00000378972	rs72547525	gCc	gAc	A	D	86   	.   0.02	2a3rA   78  D
ENSP00000378972	rs72547525	gCc	gAc	A	D	86   	.   0.02	2a3rB   78  D
ENSP00000378972	rs72547525	gCc	gAc	A	D	86   	.   0.02	2d06A   79  A
ENSP00000378972	rs72547525	gCc	gAc	A	D	86   	.   0.02	2d06B   79  A
ENSP00000378972	rs72547525	gCc	gAc	A	D	86   	.   0.02	3qvuA   79  A
ENSP00000378972	rs72547525	gCc	gAc	A	D	86   	.   0.02	3qvuB   79  A
ENSP00000378972	rs72547525	gCc	gAc	A	D	86   	.   0.02	3qvvA   79  A
ENSP00000378972	rs72547525	gCc	gAc	A	D	86   	.   0.02	3qvvB   79  A
ENSP00000378972	rs72547525	gCc	gAc	A	D	86   	.   0.02	3u3jA   79  A
ENSP00000378972	rs72547525	gCc	gAc	A	D	86   	.   0.02	3u3jB   79  A
ENSP00000378972	rs72547525	gCc	gAc	A	D	86   	.   0.02	3u3kA   80  A
ENSP00000378972	rs72547525	gCc	gAc	A	D	86   	.   0.02	3u3kB   79  A
ENSP00000378972	rs72547525	gCc	gAc	A	D	86   	.   0.02	3u3mA   80  A
ENSP00000378972	rs72547525	gCc	gAc	A	D	86   	.   0.02	3u3oA   79  A
ENSP00000378972	rs72547525	gCc	gAc	A	D	86   	.   0.02	3u3rA   79  A
ENSP00000378972	rs72547525	gCc	gAc	A	D	86   	.   0.02	4graA   79  A
ENSP00000378972	rs72547525	gCc	gAc	A	D	86   	.   0.02	4graB   79  A
ENSP00000378972	rs72547526	tAc	tTc	Y	F	62   	.   0.01	1cjmA   55  Y
ENSP00000378972	rs72547526	tAc	tTc	Y	F	62   	.   0.01	1ls6A   55  Y
ENSP00000378972	rs72547526	tAc	tTc	Y	F	62   	.   0.01	1z28A   56  Y
ENSP00000378972	rs72547526	tAc	tTc	Y	F	62   	.   0.01	1z29A   55  Y
ENSP00000378972	rs72547526	tAc	tTc	Y	F	62   	.   0.01	2a3rA   54  Y
ENSP00000378972	rs72547526	tAc	tTc	Y	F	62   	.   0.01	2a3rB   54  Y
ENSP00000378972	rs72547526	tAc	tTc	Y	F	62   	.   0.01	2d06A   55  Y
ENSP00000378972	rs72547526	tAc	tTc	Y	F	62   	.   0.01	2d06B   55  Y
ENSP00000378972	rs72547526	tAc	tTc	Y	F	62   	.   0.01	3qvuA   55  Y
ENSP00000378972	rs72547526	tAc	tTc	Y	F	62   	.   0.01	3qvuB   55  Y
ENSP00000378972	rs72547526	tAc	tTc	Y	F	62   	.   0.01	3qvvA   55  Y
ENSP00000378972	rs72547526	tAc	tTc	Y	F	62   	.   0.01	3qvvB   55  Y
ENSP00000378972	rs72547526	tAc	tTc	Y	F	62   	.   0.01	3u3jA   55  Y
ENSP00000378972	rs72547526	tAc	tTc	Y	F	62   	.   0.01	3u3jB   55  Y
ENSP00000378972	rs72547526	tAc	tTc	Y	F	62   	.   0.01	3u3kA   56  Y
ENSP00000378972	rs72547526	tAc	tTc	Y	F	62   	.   0.01	3u3kB   55  Y
ENSP00000378972	rs72547526	tAc	tTc	Y	F	62   	.   0.01	3u3mA   56  Y
ENSP00000378972	rs72547526	tAc	tTc	Y	F	62   	.   0.01	3u3oA   55  Y
ENSP00000378972	rs72547526	tAc	tTc	Y	F	62   	.   0.01	3u3rA   55  Y
ENSP00000378972	rs72547526	tAc	tTc	Y	F	62   	.   0.01	4graA   55  Y
ENSP00000378972	rs72547526	tAc	tTc	Y	F	62   	.   0.01	4graB   55  Y
ENSP00000378981	 rs6151427	aAc	aGc	N	S	442  	.   0.11	1aukA  421  N
ENSP00000378981	 rs6151427	aAc	aGc	N	S	442  	.   0.11	1e1zA  422  N
ENSP00000378981	 rs6151427	aAc	aGc	N	S	442  	.   0.11	1e2sA  422  N
ENSP00000378981	 rs6151427	aAc	aGc	N	S	442  	.   0.11	1e33A  421  N
ENSP00000378981	 rs6151427	aAc	aGc	N	S	442  	.   0.11	1e3cA  422  N
ENSP00000378981	 rs6151427	aAc	aGc	N	S	442  	.   0.11	1n2kA  421  N
ENSP00000378981	 rs6151427	aAc	aGc	N	S	442  	.   0.11	1n2lA  421  N
ENSP00000378981	 rs6151425	gaC	gaG	D	E	383  	.   0.01	1aukA  362  D
ENSP00000378981	 rs6151425	gaC	gaG	D	E	383  	.   0.01	1e1zA  363  D
ENSP00000378981	 rs6151425	gaC	gaG	D	E	383  	.   0.01	1e2sA  363  D
ENSP00000378981	 rs6151425	gaC	gaG	D	E	383  	.   0.01	1e33A  362  D
ENSP00000378981	 rs6151425	gaC	gaG	D	E	383  	.   0.01	1e3cA  363  D
ENSP00000378981	 rs6151425	gaC	gaG	D	E	383  	.   0.01	1n2kA  362  D
ENSP00000378981	 rs6151425	gaC	gaG	D	E	383  	.   0.01	1n2lA  362  D
ENSP00000378981	 rs6151425	gaC	gaA	D	E	383  	.   0.01	1aukA  362  D
ENSP00000378981	 rs6151425	gaC	gaA	D	E	383  	.   0.01	1e1zA  363  D
ENSP00000378981	 rs6151425	gaC	gaA	D	E	383  	.   0.01	1e2sA  363  D
ENSP00000378981	 rs6151425	gaC	gaA	D	E	383  	.   0.01	1e33A  362  D
ENSP00000378981	 rs6151425	gaC	gaA	D	E	383  	.   0.01	1e3cA  363  D
ENSP00000378981	 rs6151425	gaC	gaA	D	E	383  	.   0.01	1n2kA  362  D
ENSP00000378981	 rs6151425	gaC	gaA	D	E	383  	.   0.01	1n2lA  362  D
ENSP00000378981	 rs6151422	Ttt	Gtt	F	V	358  	.   0.02	1aukA  337  F
ENSP00000378981	 rs6151422	Ttt	Gtt	F	V	358  	.   0.02	1e1zA  338  F
ENSP00000378981	 rs6151422	Ttt	Gtt	F	V	358  	.   0.02	1e2sA  338  F
ENSP00000378981	 rs6151422	Ttt	Gtt	F	V	358  	.   0.02	1e33A  337  F
ENSP00000378981	 rs6151422	Ttt	Gtt	F	V	358  	.   0.02	1e3cA  338  F
ENSP00000378981	 rs6151422	Ttt	Gtt	F	V	358  	.   0.02	1n2kA  337  F
ENSP00000378981	 rs6151422	Ttt	Gtt	F	V	358  	.   0.02	1n2lA  337  F
ENSP00000378981	 rs2071421	aAt	aGt	N	S	352  	.   0.02	1aukA  331  N
ENSP00000378981	 rs2071421	aAt	aGt	N	S	352  	.   0.02	1e1zA  332  N
ENSP00000378981	 rs2071421	aAt	aGt	N	S	352  	.   0.02	1e2sA  332  N
ENSP00000378981	 rs2071421	aAt	aGt	N	S	352  	.   0.02	1e33A  331  N
ENSP00000378981	 rs2071421	aAt	aGt	N	S	352  	.   0.02	1e3cA  332  N
ENSP00000378981	 rs2071421	aAt	aGt	N	S	352  	.   0.02	1n2kA  331  N
ENSP00000378981	 rs2071421	aAt	aGt	N	S	352  	.   0.02	1n2lA  331  N
ENSP00000378981	 rs6151415	tgG	tgT	W	C	195  	.   0.01	1aukA  174  W
ENSP00000378981	 rs6151415	tgG	tgT	W	C	195  	.   0.01	1e1zA  175  W
ENSP00000378981	 rs6151415	tgG	tgT	W	C	195  	.   0.01	1e2sA  175  W
ENSP00000378981	 rs6151415	tgG	tgT	W	C	195  	.   0.01	1e33A  174  W
ENSP00000378981	 rs6151415	tgG	tgT	W	C	195  	.   0.01	1e3cA  175  W
ENSP00000378981	 rs6151415	tgG	tgT	W	C	195  	.   0.01	1n2kA  174  W
ENSP00000378981	 rs6151415	tgG	tgT	W	C	195  	.   0.01	1n2lA  174  W
ENSP00000378981	 rs6151411	cCg	cTg	P	L	84   	.   0.03	1aukA   63  P
ENSP00000378981	 rs6151411	cCg	cTg	P	L	84   	.   0.03	1e1zA   64  P
ENSP00000378981	 rs6151411	cCg	cTg	P	L	84   	.   0.03	1e2sA   64  P
ENSP00000378981	 rs6151411	cCg	cTg	P	L	84   	.   0.03	1e33A   63  P
ENSP00000378981	 rs6151411	cCg	cTg	P	L	84   	.   0.03	1e3cA   64  P
ENSP00000378981	 rs6151411	cCg	cTg	P	L	84   	.   0.03	1n2kA   63  P
ENSP00000378981	 rs6151411	cCg	cTg	P	L	84   	.   0.03	1n2lA   63  P
ENSP00000378981	 rs6151425	gaC	gaT	D	D	383  	.   0.01	1aukA  362  D
ENSP00000378981	 rs6151425	gaC	gaT	D	D	383  	.   0.01	1e1zA  363  D
ENSP00000378981	 rs6151425	gaC	gaT	D	D	383  	.   0.01	1e2sA  363  D
ENSP00000378981	 rs6151425	gaC	gaT	D	D	383  	.   0.01	1e33A  362  D
ENSP00000378981	 rs6151425	gaC	gaT	D	D	383  	.   0.01	1e3cA  363  D
ENSP00000378981	 rs6151425	gaC	gaT	D	D	383  	.   0.01	1n2kA  362  D
ENSP00000378981	 rs6151425	gaC	gaT	D	D	383  	.   0.01	1n2lA  362  D
ENSP00000378981	 rs6151410	ggC	ggT	G	G	81   	.   0.03	1aukA   60  G
ENSP00000378981	 rs6151410	ggC	ggT	G	G	81   	.   0.03	1e1zA   61  G
ENSP00000378981	 rs6151410	ggC	ggT	G	G	81   	.   0.03	1e2sA   61  G
ENSP00000378981	 rs6151410	ggC	ggT	G	G	81   	.   0.03	1e33A   60  G
ENSP00000378981	 rs6151410	ggC	ggT	G	G	81   	.   0.03	1e3cA   61  G
ENSP00000378981	 rs6151410	ggC	ggT	G	G	81   	.   0.03	1n2kA   60  G
ENSP00000378981	 rs6151410	ggC	ggT	G	G	81   	.   0.03	1n2lA   60  G
ENSP00000378983	 rs6151427	aAc	aGc	N	S	442  	.   0.11	1aukA  421  N
ENSP00000378983	 rs6151427	aAc	aGc	N	S	442  	.   0.11	1e1zA  422  N
ENSP00000378983	 rs6151427	aAc	aGc	N	S	442  	.   0.11	1e2sA  422  N
ENSP00000378983	 rs6151427	aAc	aGc	N	S	442  	.   0.11	1e33A  421  N
ENSP00000378983	 rs6151427	aAc	aGc	N	S	442  	.   0.11	1e3cA  422  N
ENSP00000378983	 rs6151427	aAc	aGc	N	S	442  	.   0.11	1n2kA  421  N
ENSP00000378983	 rs6151427	aAc	aGc	N	S	442  	.   0.11	1n2lA  421  N
ENSP00000378983	 rs6151425	gaC	gaG	D	E	383  	.   0.01	1aukA  362  D
ENSP00000378983	 rs6151425	gaC	gaG	D	E	383  	.   0.01	1e1zA  363  D
ENSP00000378983	 rs6151425	gaC	gaG	D	E	383  	.   0.01	1e2sA  363  D
ENSP00000378983	 rs6151425	gaC	gaG	D	E	383  	.   0.01	1e33A  362  D
ENSP00000378983	 rs6151425	gaC	gaG	D	E	383  	.   0.01	1e3cA  363  D
ENSP00000378983	 rs6151425	gaC	gaG	D	E	383  	.   0.01	1n2kA  362  D
ENSP00000378983	 rs6151425	gaC	gaG	D	E	383  	.   0.01	1n2lA  362  D
ENSP00000378983	 rs6151425	gaC	gaA	D	E	383  	.   0.01	1aukA  362  D
ENSP00000378983	 rs6151425	gaC	gaA	D	E	383  	.   0.01	1e1zA  363  D
ENSP00000378983	 rs6151425	gaC	gaA	D	E	383  	.   0.01	1e2sA  363  D
ENSP00000378983	 rs6151425	gaC	gaA	D	E	383  	.   0.01	1e33A  362  D
ENSP00000378983	 rs6151425	gaC	gaA	D	E	383  	.   0.01	1e3cA  363  D
ENSP00000378983	 rs6151425	gaC	gaA	D	E	383  	.   0.01	1n2kA  362  D
ENSP00000378983	 rs6151425	gaC	gaA	D	E	383  	.   0.01	1n2lA  362  D
ENSP00000378983	 rs6151422	Ttt	Gtt	F	V	358  	.   0.02	1aukA  337  F
ENSP00000378983	 rs6151422	Ttt	Gtt	F	V	358  	.   0.02	1e1zA  338  F
ENSP00000378983	 rs6151422	Ttt	Gtt	F	V	358  	.   0.02	1e2sA  338  F
ENSP00000378983	 rs6151422	Ttt	Gtt	F	V	358  	.   0.02	1e33A  337  F
ENSP00000378983	 rs6151422	Ttt	Gtt	F	V	358  	.   0.02	1e3cA  338  F
ENSP00000378983	 rs6151422	Ttt	Gtt	F	V	358  	.   0.02	1n2kA  337  F
ENSP00000378983	 rs6151422	Ttt	Gtt	F	V	358  	.   0.02	1n2lA  337  F
ENSP00000378983	 rs2071421	aAt	aGt	N	S	352  	.   0.02	1aukA  331  N
ENSP00000378983	 rs2071421	aAt	aGt	N	S	352  	.   0.02	1e1zA  332  N
ENSP00000378983	 rs2071421	aAt	aGt	N	S	352  	.   0.02	1e2sA  332  N
ENSP00000378983	 rs2071421	aAt	aGt	N	S	352  	.   0.02	1e33A  331  N
ENSP00000378983	 rs2071421	aAt	aGt	N	S	352  	.   0.02	1e3cA  332  N
ENSP00000378983	 rs2071421	aAt	aGt	N	S	352  	.   0.02	1n2kA  331  N
ENSP00000378983	 rs2071421	aAt	aGt	N	S	352  	.   0.02	1n2lA  331  N
ENSP00000378983	 rs6151415	tgG	tgT	W	C	195  	.   0.01	1aukA  174  W
ENSP00000378983	 rs6151415	tgG	tgT	W	C	195  	.   0.01	1e1zA  175  W
ENSP00000378983	 rs6151415	tgG	tgT	W	C	195  	.   0.01	1e2sA  175  W
ENSP00000378983	 rs6151415	tgG	tgT	W	C	195  	.   0.01	1e33A  174  W
ENSP00000378983	 rs6151415	tgG	tgT	W	C	195  	.   0.01	1e3cA  175  W
ENSP00000378983	 rs6151415	tgG	tgT	W	C	195  	.   0.01	1n2kA  174  W
ENSP00000378983	 rs6151415	tgG	tgT	W	C	195  	.   0.01	1n2lA  174  W
ENSP00000378983	 rs6151411	cCg	cTg	P	L	84   	.   0.03	1aukA   63  P
ENSP00000378983	 rs6151411	cCg	cTg	P	L	84   	.   0.03	1e1zA   64  P
ENSP00000378983	 rs6151411	cCg	cTg	P	L	84   	.   0.03	1e2sA   64  P
ENSP00000378983	 rs6151411	cCg	cTg	P	L	84   	.   0.03	1e33A   63  P
ENSP00000378983	 rs6151411	cCg	cTg	P	L	84   	.   0.03	1e3cA   64  P
ENSP00000378983	 rs6151411	cCg	cTg	P	L	84   	.   0.03	1n2kA   63  P
ENSP00000378983	 rs6151411	cCg	cTg	P	L	84   	.   0.03	1n2lA   63  P
ENSP00000378983	 rs6151425	gaC	gaT	D	D	383  	.   0.01	1aukA  362  D
ENSP00000378983	 rs6151425	gaC	gaT	D	D	383  	.   0.01	1e1zA  363  D
ENSP00000378983	 rs6151425	gaC	gaT	D	D	383  	.   0.01	1e2sA  363  D
ENSP00000378983	 rs6151425	gaC	gaT	D	D	383  	.   0.01	1e33A  362  D
ENSP00000378983	 rs6151425	gaC	gaT	D	D	383  	.   0.01	1e3cA  363  D
ENSP00000378983	 rs6151425	gaC	gaT	D	D	383  	.   0.01	1n2kA  362  D
ENSP00000378983	 rs6151425	gaC	gaT	D	D	383  	.   0.01	1n2lA  362  D
ENSP00000378983	 rs6151410	ggC	ggT	G	G	81   	.   0.03	1aukA   60  G
ENSP00000378983	 rs6151410	ggC	ggT	G	G	81   	.   0.03	1e1zA   61  G
ENSP00000378983	 rs6151410	ggC	ggT	G	G	81   	.   0.03	1e2sA   61  G
ENSP00000378983	 rs6151410	ggC	ggT	G	G	81   	.   0.03	1e33A   60  G
ENSP00000378983	 rs6151410	ggC	ggT	G	G	81   	.   0.03	1e3cA   61  G
ENSP00000378983	 rs6151410	ggC	ggT	G	G	81   	.   0.03	1n2kA   60  G
ENSP00000378983	 rs6151410	ggC	ggT	G	G	81   	.   0.03	1n2lA   60  G
ENSP00000378992	 rs4987024	tAc	tTc	Y	F	62   	.   0.01	1cjmA   55  Y
ENSP00000378992	 rs4987024	tAc	tTc	Y	F	62   	.   0.01	1ls6A   55  Y
ENSP00000378992	 rs4987024	tAc	tTc	Y	F	62   	.   0.01	1z28A   56  Y
ENSP00000378992	 rs4987024	tAc	tTc	Y	F	62   	.   0.01	1z29A   55  Y
ENSP00000378992	 rs4987024	tAc	tTc	Y	F	62   	.   0.01	2a3rA   54  Y
ENSP00000378992	 rs4987024	tAc	tTc	Y	F	62   	.   0.01	2a3rB   54  Y
ENSP00000378992	 rs4987024	tAc	tTc	Y	F	62   	.   0.01	2d06A   55  Y
ENSP00000378992	 rs4987024	tAc	tTc	Y	F	62   	.   0.01	2d06B   55  Y
ENSP00000378992	 rs4987024	tAc	tTc	Y	F	62   	.   0.01	3qvuA   55  Y
ENSP00000378992	 rs4987024	tAc	tTc	Y	F	62   	.   0.01	3qvuB   55  Y
ENSP00000378992	 rs4987024	tAc	tTc	Y	F	62   	.   0.01	3qvvA   55  Y
ENSP00000378992	 rs4987024	tAc	tTc	Y	F	62   	.   0.01	3qvvB   55  Y
ENSP00000378992	 rs4987024	tAc	tTc	Y	F	62   	.   0.01	3u3jA   55  Y
ENSP00000378992	 rs4987024	tAc	tTc	Y	F	62   	.   0.01	3u3jB   55  Y
ENSP00000378992	 rs4987024	tAc	tTc	Y	F	62   	.   0.01	3u3kA   56  Y
ENSP00000378992	 rs4987024	tAc	tTc	Y	F	62   	.   0.01	3u3kB   55  Y
ENSP00000378992	 rs4987024	tAc	tTc	Y	F	62   	.   0.01	3u3mA   56  Y
ENSP00000378992	 rs4987024	tAc	tTc	Y	F	62   	.   0.01	3u3oA   55  Y
ENSP00000378992	 rs4987024	tAc	tTc	Y	F	62   	.   0.01	3u3rA   55  Y
ENSP00000378992	 rs4987024	tAc	tTc	Y	F	62   	.   0.01	4graA   55  Y
ENSP00000378992	 rs4987024	tAc	tTc	Y	F	62   	.   0.01	4graB   55  Y
ENSP00000378992	rs45472392	aAc	aGc	N	S	239  	.    0.1	1ls6A  232  N
ENSP00000378992	rs45472392	aAc	aGc	N	S	239  	.    0.1	1z28A  233  N
ENSP00000378992	rs45472392	aAc	aGc	N	S	239  	.    0.1	1z29A  225  N
ENSP00000378992	rs45472392	aAc	aGc	N	S	239  	.    0.1	2a3rA  231  N
ENSP00000378992	rs45472392	aAc	aGc	N	S	239  	.    0.1	2a3rB  231  N
ENSP00000378992	rs45472392	aAc	aGc	N	S	239  	.    0.1	2d06A  232  N
ENSP00000378992	rs45472392	aAc	aGc	N	S	239  	.    0.1	2d06B  232  N
ENSP00000378992	rs45472392	aAc	aGc	N	S	239  	.    0.1	3qvuA  232  N
ENSP00000378992	rs45472392	aAc	aGc	N	S	239  	.    0.1	3qvuB  232  N
ENSP00000378992	rs45472392	aAc	aGc	N	S	239  	.    0.1	3qvvA  232  N
ENSP00000378992	rs45472392	aAc	aGc	N	S	239  	.    0.1	3qvvB  232  N
ENSP00000378992	rs45472392	aAc	aGc	N	S	239  	.    0.1	3u3jA  232  N
ENSP00000378992	rs45472392	aAc	aGc	N	S	239  	.    0.1	3u3jB  232  N
ENSP00000378992	rs45472392	aAc	aGc	N	S	239  	.    0.1	3u3kA  233  N
ENSP00000378992	rs45472392	aAc	aGc	N	S	239  	.    0.1	3u3kB  232  N
ENSP00000378992	rs45472392	aAc	aGc	N	S	239  	.    0.1	3u3mA  233  N
ENSP00000378992	rs45472392	aAc	aGc	N	S	239  	.    0.1	3u3oA  232  N
ENSP00000378992	rs45472392	aAc	aGc	N	S	239  	.    0.1	3u3rA  232  N
ENSP00000378992	rs45472392	aAc	aGc	N	S	239  	.    0.1	4graA  232  N
ENSP00000378992	rs45472392	aAc	aGc	N	S	239  	.    0.1	4graB  232  N
ENSP00000378992	rs77660804	caC	caG	H	Q	151  	.   0.01	1cjmA  127  E
ENSP00000378992	rs77660804	caC	caG	H	Q	151  	.   0.01	1ls6A  144  E
ENSP00000378992	rs77660804	caC	caG	H	Q	151  	.   0.01	1z28A  145  E
ENSP00000378992	rs77660804	caC	caG	H	Q	151  	.   0.01	1z29A  137  H
ENSP00000378992	rs77660804	caC	caG	H	Q	151  	.   0.01	2a3rA  143  E
ENSP00000378992	rs77660804	caC	caG	H	Q	151  	.   0.01	2a3rB  143  E
ENSP00000378992	rs77660804	caC	caG	H	Q	151  	.   0.01	2d06A  144  E
ENSP00000378992	rs77660804	caC	caG	H	Q	151  	.   0.01	2d06B  144  E
ENSP00000378992	rs77660804	caC	caG	H	Q	151  	.   0.01	3qvuA  144  D
ENSP00000378992	rs77660804	caC	caG	H	Q	151  	.   0.01	3qvuB  144  D
ENSP00000378992	rs77660804	caC	caG	H	Q	151  	.   0.01	3qvvA  144  D
ENSP00000378992	rs77660804	caC	caG	H	Q	151  	.   0.01	3qvvB  144  D
ENSP00000378992	rs77660804	caC	caG	H	Q	151  	.   0.01	3u3jA  144  E
ENSP00000378992	rs77660804	caC	caG	H	Q	151  	.   0.01	3u3jB  144  E
ENSP00000378992	rs77660804	caC	caG	H	Q	151  	.   0.01	3u3kA  145  E
ENSP00000378992	rs77660804	caC	caG	H	Q	151  	.   0.01	3u3kB  144  E
ENSP00000378992	rs77660804	caC	caG	H	Q	151  	.   0.01	3u3mA  145  E
ENSP00000378992	rs77660804	caC	caG	H	Q	151  	.   0.01	3u3oA  144  E
ENSP00000378992	rs77660804	caC	caG	H	Q	151  	.   0.01	3u3rA  144  E
ENSP00000378992	rs77660804	caC	caG	H	Q	151  	.   0.01	4graA  144  E
ENSP00000378992	rs77660804	caC	caG	H	Q	151  	.   0.01	4graB  144  E
ENSP00000379046	   rs12148	gcA	gcC	A	A	211  	.   0.13	2rliA  115  A
ENSP00000379096	 rs1127065	ccG	ccC	P	P	449  	.   0.26	2ux0A   74  P
ENSP00000379096	 rs1127065	ccG	ccC	P	P	449  	.   0.26	2ux0B   74  P
ENSP00000379096	 rs1127065	ccG	ccC	P	P	449  	.   0.26	2ux0C   74  P
ENSP00000379096	 rs1127065	ccG	ccC	P	P	449  	.   0.26	2ux0D   73  P
ENSP00000379096	 rs1127065	ccG	ccC	P	P	449  	.   0.26	2ux0E   73  P
ENSP00000379096	 rs1127065	ccG	ccC	P	P	449  	.   0.26	2ux0F   72  P
ENSP00000379096	 rs1127065	ccG	ccC	P	P	449  	.   0.26	2w2cA   66  P
ENSP00000379096	 rs1127065	ccG	ccC	P	P	449  	.   0.26	2w2cB   66  P
ENSP00000379096	 rs1127065	ccG	ccC	P	P	449  	.   0.26	2w2cC   65  P
ENSP00000379096	 rs1127065	ccG	ccC	P	P	449  	.   0.26	2w2cD   63  P
ENSP00000379096	 rs1127065	ccG	ccC	P	P	449  	.   0.26	2w2cE   67  P
ENSP00000379096	 rs1127065	ccG	ccC	P	P	449  	.   0.26	2w2cF   64  P
ENSP00000379096	 rs1127065	ccG	ccC	P	P	449  	.   0.26	2w2cG   65  P
ENSP00000379096	 rs1127065	ccG	ccC	P	P	449  	.   0.26	2w2cH   69  P
ENSP00000379096	 rs1127065	ccG	ccC	P	P	449  	.   0.26	2w2cI   66  P
ENSP00000379096	 rs1127065	ccG	ccC	P	P	449  	.   0.26	2w2cJ   63  P
ENSP00000379096	 rs1127065	ccG	ccC	P	P	449  	.   0.26	2w2cK   65  P
ENSP00000379096	 rs1127065	ccG	ccC	P	P	449  	.   0.26	2w2cL   68  P
ENSP00000379096	 rs1127065	ccG	ccC	P	P	449  	.   0.26	2w2cM   63  P
ENSP00000379096	 rs1127065	ccG	ccC	P	P	449  	.   0.26	2w2cN   69  P
ENSP00000379096	 rs1127065	ccG	ccC	P	P	449  	.   0.26	3soaA  371  P
ENSP00000379096	 rs1127065	ccG	ccC	P	P	449  	.   0.26	5u6yA  396  P
ENSP00000379096	 rs1127065	ccG	ccC	P	P	449  	.   0.26	5u6yB  396  P
ENSP00000379096	 rs1127065	ccG	ccC	P	P	449  	.   0.26	5u6yC  396  P
ENSP00000379096	 rs1127065	ccG	ccC	P	P	449  	.   0.26	5u6yD  396  P
ENSP00000379096	 rs1127065	ccG	ccC	P	P	449  	.   0.26	5u6yE  396  P
ENSP00000379096	 rs1127065	ccG	ccC	P	P	449  	.   0.26	5u6yF  396  P
ENSP00000379096	 rs1127065	ccG	ccC	P	P	449  	.   0.26	5u6yG  396  P
ENSP00000379096	 rs1127065	ccG	ccC	P	P	449  	.   0.26	5u6yH  396  P
ENSP00000379096	 rs1127065	ccG	ccC	P	P	449  	.   0.26	5u6yI  396  P
ENSP00000379096	 rs1127065	ccG	ccC	P	P	449  	.   0.26	5u6yJ  396  P
ENSP00000379096	 rs1127065	ccG	ccC	P	P	449  	.   0.26	5u6yK  396  P
ENSP00000379096	 rs1127065	ccG	ccC	P	P	449  	.   0.26	5u6yL  396  P
ENSP00000379096	 rs1127065	ccG	ccA	P	P	449  	.   0.26	2ux0A   74  P
ENSP00000379096	 rs1127065	ccG	ccA	P	P	449  	.   0.26	2ux0B   74  P
ENSP00000379096	 rs1127065	ccG	ccA	P	P	449  	.   0.26	2ux0C   74  P
ENSP00000379096	 rs1127065	ccG	ccA	P	P	449  	.   0.26	2ux0D   73  P
ENSP00000379096	 rs1127065	ccG	ccA	P	P	449  	.   0.26	2ux0E   73  P
ENSP00000379096	 rs1127065	ccG	ccA	P	P	449  	.   0.26	2ux0F   72  P
ENSP00000379096	 rs1127065	ccG	ccA	P	P	449  	.   0.26	2w2cA   66  P
ENSP00000379096	 rs1127065	ccG	ccA	P	P	449  	.   0.26	2w2cB   66  P
ENSP00000379096	 rs1127065	ccG	ccA	P	P	449  	.   0.26	2w2cC   65  P
ENSP00000379096	 rs1127065	ccG	ccA	P	P	449  	.   0.26	2w2cD   63  P
ENSP00000379096	 rs1127065	ccG	ccA	P	P	449  	.   0.26	2w2cE   67  P
ENSP00000379096	 rs1127065	ccG	ccA	P	P	449  	.   0.26	2w2cF   64  P
ENSP00000379096	 rs1127065	ccG	ccA	P	P	449  	.   0.26	2w2cG   65  P
ENSP00000379096	 rs1127065	ccG	ccA	P	P	449  	.   0.26	2w2cH   69  P
ENSP00000379096	 rs1127065	ccG	ccA	P	P	449  	.   0.26	2w2cI   66  P
ENSP00000379096	 rs1127065	ccG	ccA	P	P	449  	.   0.26	2w2cJ   63  P
ENSP00000379096	 rs1127065	ccG	ccA	P	P	449  	.   0.26	2w2cK   65  P
ENSP00000379096	 rs1127065	ccG	ccA	P	P	449  	.   0.26	2w2cL   68  P
ENSP00000379096	 rs1127065	ccG	ccA	P	P	449  	.   0.26	2w2cM   63  P
ENSP00000379096	 rs1127065	ccG	ccA	P	P	449  	.   0.26	2w2cN   69  P
ENSP00000379096	 rs1127065	ccG	ccA	P	P	449  	.   0.26	3soaA  371  P
ENSP00000379096	 rs1127065	ccG	ccA	P	P	449  	.   0.26	5u6yA  396  P
ENSP00000379096	 rs1127065	ccG	ccA	P	P	449  	.   0.26	5u6yB  396  P
ENSP00000379096	 rs1127065	ccG	ccA	P	P	449  	.   0.26	5u6yC  396  P
ENSP00000379096	 rs1127065	ccG	ccA	P	P	449  	.   0.26	5u6yD  396  P
ENSP00000379096	 rs1127065	ccG	ccA	P	P	449  	.   0.26	5u6yE  396  P
ENSP00000379096	 rs1127065	ccG	ccA	P	P	449  	.   0.26	5u6yF  396  P
ENSP00000379096	 rs1127065	ccG	ccA	P	P	449  	.   0.26	5u6yG  396  P
ENSP00000379096	 rs1127065	ccG	ccA	P	P	449  	.   0.26	5u6yH  396  P
ENSP00000379096	 rs1127065	ccG	ccA	P	P	449  	.   0.26	5u6yI  396  P
ENSP00000379096	 rs1127065	ccG	ccA	P	P	449  	.   0.26	5u6yJ  396  P
ENSP00000379096	 rs1127065	ccG	ccA	P	P	449  	.   0.26	5u6yK  396  P
ENSP00000379096	 rs1127065	ccG	ccA	P	P	449  	.   0.26	5u6yL  396  P
ENSP00000379098	 rs1127065	ccG	ccC	P	P	597  	.   0.12	2ux0A   74  P
ENSP00000379098	 rs1127065	ccG	ccC	P	P	597  	.   0.12	2ux0B   74  P
ENSP00000379098	 rs1127065	ccG	ccC	P	P	597  	.   0.12	2ux0C   74  P
ENSP00000379098	 rs1127065	ccG	ccC	P	P	597  	.   0.12	2ux0D   73  P
ENSP00000379098	 rs1127065	ccG	ccC	P	P	597  	.   0.12	2ux0E   73  P
ENSP00000379098	 rs1127065	ccG	ccC	P	P	597  	.   0.12	2ux0F   72  P
ENSP00000379098	 rs1127065	ccG	ccC	P	P	597  	.   0.12	2w2cA   66  P
ENSP00000379098	 rs1127065	ccG	ccC	P	P	597  	.   0.12	2w2cB   66  P
ENSP00000379098	 rs1127065	ccG	ccC	P	P	597  	.   0.12	2w2cC   65  P
ENSP00000379098	 rs1127065	ccG	ccC	P	P	597  	.   0.12	2w2cD   63  P
ENSP00000379098	 rs1127065	ccG	ccC	P	P	597  	.   0.12	2w2cE   67  P
ENSP00000379098	 rs1127065	ccG	ccC	P	P	597  	.   0.12	2w2cF   64  P
ENSP00000379098	 rs1127065	ccG	ccC	P	P	597  	.   0.12	2w2cG   65  P
ENSP00000379098	 rs1127065	ccG	ccC	P	P	597  	.   0.12	2w2cH   69  P
ENSP00000379098	 rs1127065	ccG	ccC	P	P	597  	.   0.12	2w2cI   66  P
ENSP00000379098	 rs1127065	ccG	ccC	P	P	597  	.   0.12	2w2cJ   63  P
ENSP00000379098	 rs1127065	ccG	ccC	P	P	597  	.   0.12	2w2cK   65  P
ENSP00000379098	 rs1127065	ccG	ccC	P	P	597  	.   0.12	2w2cL   68  P
ENSP00000379098	 rs1127065	ccG	ccC	P	P	597  	.   0.12	2w2cM   63  P
ENSP00000379098	 rs1127065	ccG	ccC	P	P	597  	.   0.12	2w2cN   69  P
ENSP00000379098	 rs1127065	ccG	ccC	P	P	597  	.   0.12	3soaA  371  P
ENSP00000379098	 rs1127065	ccG	ccC	P	P	597  	.   0.12	5u6yA  396  P
ENSP00000379098	 rs1127065	ccG	ccC	P	P	597  	.   0.12	5u6yB  396  P
ENSP00000379098	 rs1127065	ccG	ccC	P	P	597  	.   0.12	5u6yC  396  P
ENSP00000379098	 rs1127065	ccG	ccC	P	P	597  	.   0.12	5u6yD  396  P
ENSP00000379098	 rs1127065	ccG	ccC	P	P	597  	.   0.12	5u6yE  396  P
ENSP00000379098	 rs1127065	ccG	ccC	P	P	597  	.   0.12	5u6yF  396  P
ENSP00000379098	 rs1127065	ccG	ccC	P	P	597  	.   0.12	5u6yG  396  P
ENSP00000379098	 rs1127065	ccG	ccC	P	P	597  	.   0.12	5u6yH  396  P
ENSP00000379098	 rs1127065	ccG	ccC	P	P	597  	.   0.12	5u6yI  396  P
ENSP00000379098	 rs1127065	ccG	ccC	P	P	597  	.   0.12	5u6yJ  396  P
ENSP00000379098	 rs1127065	ccG	ccC	P	P	597  	.   0.12	5u6yK  396  P
ENSP00000379098	 rs1127065	ccG	ccC	P	P	597  	.   0.12	5u6yL  396  P
ENSP00000379098	 rs1127065	ccG	ccA	P	P	597  	.   0.12	2ux0A   74  P
ENSP00000379098	 rs1127065	ccG	ccA	P	P	597  	.   0.12	2ux0B   74  P
ENSP00000379098	 rs1127065	ccG	ccA	P	P	597  	.   0.12	2ux0C   74  P
ENSP00000379098	 rs1127065	ccG	ccA	P	P	597  	.   0.12	2ux0D   73  P
ENSP00000379098	 rs1127065	ccG	ccA	P	P	597  	.   0.12	2ux0E   73  P
ENSP00000379098	 rs1127065	ccG	ccA	P	P	597  	.   0.12	2ux0F   72  P
ENSP00000379098	 rs1127065	ccG	ccA	P	P	597  	.   0.12	2w2cA   66  P
ENSP00000379098	 rs1127065	ccG	ccA	P	P	597  	.   0.12	2w2cB   66  P
ENSP00000379098	 rs1127065	ccG	ccA	P	P	597  	.   0.12	2w2cC   65  P
ENSP00000379098	 rs1127065	ccG	ccA	P	P	597  	.   0.12	2w2cD   63  P
ENSP00000379098	 rs1127065	ccG	ccA	P	P	597  	.   0.12	2w2cE   67  P
ENSP00000379098	 rs1127065	ccG	ccA	P	P	597  	.   0.12	2w2cF   64  P
ENSP00000379098	 rs1127065	ccG	ccA	P	P	597  	.   0.12	2w2cG   65  P
ENSP00000379098	 rs1127065	ccG	ccA	P	P	597  	.   0.12	2w2cH   69  P
ENSP00000379098	 rs1127065	ccG	ccA	P	P	597  	.   0.12	2w2cI   66  P
ENSP00000379098	 rs1127065	ccG	ccA	P	P	597  	.   0.12	2w2cJ   63  P
ENSP00000379098	 rs1127065	ccG	ccA	P	P	597  	.   0.12	2w2cK   65  P
ENSP00000379098	 rs1127065	ccG	ccA	P	P	597  	.   0.12	2w2cL   68  P
ENSP00000379098	 rs1127065	ccG	ccA	P	P	597  	.   0.12	2w2cM   63  P
ENSP00000379098	 rs1127065	ccG	ccA	P	P	597  	.   0.12	2w2cN   69  P
ENSP00000379098	 rs1127065	ccG	ccA	P	P	597  	.   0.12	3soaA  371  P
ENSP00000379098	 rs1127065	ccG	ccA	P	P	597  	.   0.12	5u6yA  396  P
ENSP00000379098	 rs1127065	ccG	ccA	P	P	597  	.   0.12	5u6yB  396  P
ENSP00000379098	 rs1127065	ccG	ccA	P	P	597  	.   0.12	5u6yC  396  P
ENSP00000379098	 rs1127065	ccG	ccA	P	P	597  	.   0.12	5u6yD  396  P
ENSP00000379098	 rs1127065	ccG	ccA	P	P	597  	.   0.12	5u6yE  396  P
ENSP00000379098	 rs1127065	ccG	ccA	P	P	597  	.   0.12	5u6yF  396  P
ENSP00000379098	 rs1127065	ccG	ccA	P	P	597  	.   0.12	5u6yG  396  P
ENSP00000379098	 rs1127065	ccG	ccA	P	P	597  	.   0.12	5u6yH  396  P
ENSP00000379098	 rs1127065	ccG	ccA	P	P	597  	.   0.12	5u6yI  396  P
ENSP00000379098	 rs1127065	ccG	ccA	P	P	597  	.   0.12	5u6yJ  396  P
ENSP00000379098	 rs1127065	ccG	ccA	P	P	597  	.   0.12	5u6yK  396  P
ENSP00000379098	 rs1127065	ccG	ccA	P	P	597  	.   0.12	5u6yL  396  P
ENSP00000379111	 rs1805010	Atc	Ctc	I	L	75   	.   0.42	1iarB   50  I
ENSP00000379111	 rs1805010	Atc	Ctc	I	L	75   	.   0.42	3bplB   53  I
ENSP00000379111	 rs1805010	Atc	Ctc	I	L	75   	.   0.42	3bpnB   51  I
ENSP00000379111	 rs1805010	Atc	Ctc	I	L	75   	.   0.42	3bpoB   52  I
ENSP00000379111	 rs1805010	Atc	Ctc	I	L	75   	.   0.42	5e4eB   49  I
ENSP00000379111	 rs1805010	Atc	Gtc	I	V	75   	.   0.42	1iarB   50  I
ENSP00000379111	 rs1805010	Atc	Gtc	I	V	75   	.   0.42	3bplB   53  I
ENSP00000379111	 rs1805010	Atc	Gtc	I	V	75   	.   0.42	3bpnB   51  I
ENSP00000379111	 rs1805010	Atc	Gtc	I	V	75   	.   0.42	3bpoB   52  I
ENSP00000379111	 rs1805010	Atc	Gtc	I	V	75   	.   0.42	5e4eB   49  I
ENSP00000379111	 rs1805010	Atc	Ttc	I	F	75   	.   0.42	1iarB   50  I
ENSP00000379111	 rs1805010	Atc	Ttc	I	F	75   	.   0.42	3bplB   53  I
ENSP00000379111	 rs1805010	Atc	Ttc	I	F	75   	.   0.42	3bpnB   51  I
ENSP00000379111	 rs1805010	Atc	Ttc	I	F	75   	.   0.42	3bpoB   52  I
ENSP00000379111	 rs1805010	Atc	Ttc	I	F	75   	.   0.42	5e4eB   49  I
ENSP00000379113	 rs2076139	tcA	tcG	S	S	252  	.   0.01	3gc8A  250  S
ENSP00000379113	 rs2076139	tcA	tcG	S	S	252  	.   0.01	3gc8B  249  S
ENSP00000379113	 rs2076139	tcA	tcG	S	S	252  	.   0.01	3gc9A  239  S
ENSP00000379113	 rs2076139	tcA	tcG	S	S	252  	.   0.01	3gc9B  242  S
ENSP00000379113	 rs2076139	tcA	tcG	S	S	252  	.   0.01	3gp0A  237  S
ENSP00000379174	 rs3218660	Cac	Aac	H	N	439  	.   0.33	4lzdA  322  H
ENSP00000379174	 rs3218660	Cac	Aac	H	N	439  	.   0.33	4lzgA  312  H
ENSP00000379174	 rs3218660	Cac	Aac	H	N	439  	.   0.33	4m04A  314  H
ENSP00000379174	 rs3218660	Cac	Aac	H	N	439  	.   0.33	4m0aA  312  H
ENSP00000379174	 rs3218660	Cac	Aac	H	N	439  	.   0.33	4ycxA  318  H
ENSP00000379174	 rs3218660	Cac	Aac	H	N	439  	.   0.33	4yd1A  321  H
ENSP00000379174	 rs3218660	Cac	Aac	H	N	439  	.   0.33	5twpA  312  H
ENSP00000379174	 rs3218660	Cac	Aac	H	N	439  	.   0.33	5twqA  312  H
ENSP00000379174	 rs3218660	Cac	Aac	H	N	439  	.   0.33	5twrA  314  H
ENSP00000379174	 rs3218660	Cac	Aac	H	N	439  	.   0.33	5twsA  312  H
ENSP00000379174	 rs3218660	Cac	Aac	H	N	439  	.   0.33	5txxA  316  H
ENSP00000379174	 rs3218660	Cac	Aac	H	N	439  	.   0.33	5txzA  315  H
ENSP00000379174	 rs3218660	Cac	Aac	H	N	439  	.   0.33	5tybA  314  H
ENSP00000379174	 rs3218660	Cac	Aac	H	N	439  	.   0.33	5tycA  314  H
ENSP00000379174	 rs3218660	Cac	Aac	H	N	439  	.   0.33	5tydA  313  H
ENSP00000379174	 rs3218660	Cac	Aac	H	N	439  	.   0.33	5tyeA  314  H
ENSP00000379174	 rs3218660	Cac	Aac	H	N	439  	.   0.33	5tyfA  314  H
ENSP00000379174	 rs3218660	Cac	Aac	H	N	439  	.   0.33	5tygA  315  H
ENSP00000379174	 rs3218660	Cac	Aac	H	N	439  	.   0.33	5tyuA  314  H
ENSP00000379174	 rs3218660	Cac	Aac	H	N	439  	.   0.33	5tyvA  314  H
ENSP00000379174	 rs3218660	Cac	Aac	H	N	439  	.   0.33	5tywA  314  H
ENSP00000379174	 rs3218660	Cac	Aac	H	N	439  	.   0.33	5tyxA  312  H
ENSP00000379174	 rs3218660	Cac	Aac	H	N	439  	.   0.33	5tyyA  313  H
ENSP00000379174	 rs3218660	Cac	Aac	H	N	439  	.   0.33	5tyzA  313  H
ENSP00000379175	 rs3740617	aaA	aaG	K	K	121  	.   0.01	2l6yB   38  K
ENSP00000379175	 rs3740617	aaA	aaG	K	K	121  	.   0.01	2l6zC   38  K
ENSP00000379175	 rs3740617	aaA	aaG	K	K	121  	.   0.01	2lxdA   38  K
ENSP00000379175	 rs3740617	aaA	aaG	K	K	121  	.   0.01	2xjyA   96  K
ENSP00000379175	 rs3740617	aaA	aaG	K	K	121  	.   0.01	2xjzA   90  K
ENSP00000379175	 rs3740617	aaA	aaG	K	K	121  	.   0.01	2xjzB   88  K
ENSP00000379175	 rs3740617	aaA	aaG	K	K	121  	.   0.01	2xjzC   78  K
ENSP00000379175	 rs3740617	aaA	aaG	K	K	121  	.   0.01	2xjzD   96  K
ENSP00000379175	 rs3740617	aaA	aaG	K	K	121  	.   0.01	2xjzE   92  K
ENSP00000379175	 rs3740617	aaA	aaG	K	K	121  	.   0.01	2ypaC   92  K
ENSP00000379175	 rs3740617	aaA	aaG	K	K	121  	.   0.01	4kfzA  111  K
ENSP00000379175	 rs3740617	aaA	aaG	K	K	121  	.   0.01	4kfzB  113  K
ENSP00000379285	 rs6068812	tTa	tCa	L	S	409  	.   0.01	3k9vA  359  L
ENSP00000379285	 rs6068812	tTa	tCa	L	S	409  	.   0.01	3k9vB  359  L
ENSP00000379285	 rs6068812	tTa	tCa	L	S	409  	.   0.01	3k9yA  356  L
ENSP00000379285	 rs6068812	tTa	tCa	L	S	409  	.   0.01	3k9yB  357  L
ENSP00000379285	 rs6022990	aTg	aCg	M	T	374  	.   0.01	3k9vA  324  M
ENSP00000379285	 rs6022990	aTg	aCg	M	T	374  	.   0.01	3k9vB  324  M
ENSP00000379285	 rs6022990	aTg	aCg	M	T	374  	.   0.01	3k9yA  321  M
ENSP00000379285	 rs6022990	aTg	aCg	M	T	374  	.   0.01	3k9yB  322  M
ENSP00000379285	 rs2296239	ccG	ccA	P	P	375  	.   0.01	3k9vA  325  P
ENSP00000379285	 rs2296239	ccG	ccA	P	P	375  	.   0.01	3k9vB  325  P
ENSP00000379285	 rs2296239	ccG	ccA	P	P	375  	.   0.01	3k9yA  322  P
ENSP00000379285	 rs2296239	ccG	ccA	P	P	375  	.   0.01	3k9yB  323  P
ENSP00000379285	 rs2296241	gcC	gcT	A	A	184  	.   0.01	3k9vA  134  A
ENSP00000379285	 rs2296241	gcC	gcT	A	A	184  	.   0.01	3k9vB  134  A
ENSP00000379285	 rs2296241	gcC	gcT	A	A	184  	.   0.01	3k9yA  131  A
ENSP00000379285	 rs2296241	gcC	gcT	A	A	184  	.   0.01	3k9yB  132  A
ENSP00000379285	rs35051736	cGg	cAg	R	Q	157  	.   0.02	3k9vA  107  R
ENSP00000379285	rs35051736	cGg	cAg	R	Q	157  	.   0.02	3k9vB  107  R
ENSP00000379285	rs35051736	cGg	cAg	R	Q	157  	.   0.02	3k9yA  104  R
ENSP00000379285	rs35051736	cGg	cAg	R	Q	157  	.   0.02	3k9yB  105  R
ENSP00000379317	 rs2070296	gtG	gtC	V	V	179  	.   0.01	2qqmA   35  A
ENSP00000379317	 rs2070296	gtG	gtC	V	V	179  	.   0.01	4gz9A  155  A
ENSP00000379317	 rs2070296	gtG	gtA	V	V	179  	.   0.01	2qqmA   35  A
ENSP00000379317	 rs2070296	gtG	gtA	V	V	179  	.   0.01	4gz9A  155  A
ENSP00000379358	 rs9332969	cGt	cAt	R	H	309  	.   0.02	1e3gA  172  R
ENSP00000379358	 rs9332969	cGt	cAt	R	H	309  	.   0.02	1gs4A  171  R
ENSP00000379358	 rs9332969	cGt	cAt	R	H	309  	.   0.02	1i37A  169  R
ENSP00000379358	 rs9332969	cGt	cAt	R	H	309  	.   0.02	1i38A  169  R
ENSP00000379358	 rs9332969	cGt	cAt	R	H	309  	.   0.02	1t5zA  172  R
ENSP00000379358	 rs9332969	cGt	cAt	R	H	309  	.   0.02	1t63A  172  R
ENSP00000379358	 rs9332969	cGt	cAt	R	H	309  	.   0.02	1t65A  172  R
ENSP00000379358	 rs9332969	cGt	cAt	R	H	309  	.   0.02	1t73A  172  R
ENSP00000379358	 rs9332969	cGt	cAt	R	H	309  	.   0.02	1t74A  171  R
ENSP00000379358	 rs9332969	cGt	cAt	R	H	309  	.   0.02	1t76A  171  R
ENSP00000379358	 rs9332969	cGt	cAt	R	H	309  	.   0.02	1t79A  172  R
ENSP00000379358	 rs9332969	cGt	cAt	R	H	309  	.   0.02	1t7fA  172  R
ENSP00000379358	 rs9332969	cGt	cAt	R	H	309  	.   0.02	1t7mA  171  R
ENSP00000379358	 rs9332969	cGt	cAt	R	H	309  	.   0.02	1t7rA  172  R
ENSP00000379358	 rs9332969	cGt	cAt	R	H	309  	.   0.02	1t7tA  172  R
ENSP00000379358	 rs9332969	cGt	cAt	R	H	309  	.   0.02	1xj7A  178  R
ENSP00000379358	 rs9332969	cGt	cAt	R	H	309  	.   0.02	1xnnA  169  R
ENSP00000379358	 rs9332969	cGt	cAt	R	H	309  	.   0.02	1xowA  170  R
ENSP00000379358	 rs9332969	cGt	cAt	R	H	309  	.   0.02	1xq3A  170  R
ENSP00000379358	 rs9332969	cGt	cAt	R	H	309  	.   0.02	1z95A  169  R
ENSP00000379358	 rs9332969	cGt	cAt	R	H	309  	.   0.02	2am9A  171  R
ENSP00000379358	 rs9332969	cGt	cAt	R	H	309  	.   0.02	2amaA  170  R
ENSP00000379358	 rs9332969	cGt	cAt	R	H	309  	.   0.02	2ambA  170  R
ENSP00000379358	 rs9332969	cGt	cAt	R	H	309  	.   0.02	2ao6A  170  R
ENSP00000379358	 rs9332969	cGt	cAt	R	H	309  	.   0.02	2ax6A  170  R
ENSP00000379358	 rs9332969	cGt	cAt	R	H	309  	.   0.02	2ax7A  169  R
ENSP00000379358	 rs9332969	cGt	cAt	R	H	309  	.   0.02	2ax8A  169  R
ENSP00000379358	 rs9332969	cGt	cAt	R	H	309  	.   0.02	2ax9A  169  R
ENSP00000379358	 rs9332969	cGt	cAt	R	H	309  	.   0.02	2axaA  169  R
ENSP00000379358	 rs9332969	cGt	cAt	R	H	309  	.   0.02	2hvcA  172  R
ENSP00000379358	 rs9332969	cGt	cAt	R	H	309  	.   0.02	2ihqA  170  R
ENSP00000379358	 rs9332969	cGt	cAt	R	H	309  	.   0.02	2nw4A  170  R
ENSP00000379358	 rs9332969	cGt	cAt	R	H	309  	.   0.02	2oz7A  170  R
ENSP00000379358	 rs9332969	cGt	cAt	R	H	309  	.   0.02	2pioA  170  R
ENSP00000379358	 rs9332969	cGt	cAt	R	H	309  	.   0.02	2pipA  171  R
ENSP00000379358	 rs9332969	cGt	cAt	R	H	309  	.   0.02	2piqA  171  R
ENSP00000379358	 rs9332969	cGt	cAt	R	H	309  	.   0.02	2pirA  172  R
ENSP00000379358	 rs9332969	cGt	cAt	R	H	309  	.   0.02	2pitA  172  R
ENSP00000379358	 rs9332969	cGt	cAt	R	H	309  	.   0.02	2piuA  170  R
ENSP00000379358	 rs9332969	cGt	cAt	R	H	309  	.   0.02	2pivA  171  R
ENSP00000379358	 rs9332969	cGt	cAt	R	H	309  	.   0.02	2piwA  170  R
ENSP00000379358	 rs9332969	cGt	cAt	R	H	309  	.   0.02	2pixA  170  R
ENSP00000379358	 rs9332969	cGt	cAt	R	H	309  	.   0.02	2pklA  171  R
ENSP00000379358	 rs9332969	cGt	cAt	R	H	309  	.   0.02	2pnuA  171  R
ENSP00000379358	 rs9332969	cGt	cAt	R	H	309  	.   0.02	2q7iA  170  R
ENSP00000379358	 rs9332969	cGt	cAt	R	H	309  	.   0.02	2q7jA  170  R
ENSP00000379358	 rs9332969	cGt	cAt	R	H	309  	.   0.02	2q7kA  170  R
ENSP00000379358	 rs9332969	cGt	cAt	R	H	309  	.   0.02	2q7lA  170  R
ENSP00000379358	 rs9332969	cGt	cAt	R	H	309  	.   0.02	2qpyA  170  R
ENSP00000379358	 rs9332969	cGt	cAt	R	H	309  	.   0.02	2yhdA  170  R
ENSP00000379358	 rs9332969	cGt	cAt	R	H	309  	.   0.02	2yloA  171  R
ENSP00000379358	 rs9332969	cGt	cAt	R	H	309  	.   0.02	2ylpA  170  R
ENSP00000379358	 rs9332969	cGt	cAt	R	H	309  	.   0.02	2ylqA  170  R
ENSP00000379358	 rs9332969	cGt	cAt	R	H	309  	.   0.02	2z4jA  170  R
ENSP00000379358	 rs9332969	cGt	cAt	R	H	309  	.   0.02	3b5rA  170  R
ENSP00000379358	 rs9332969	cGt	cAt	R	H	309  	.   0.02	3b65A  170  R
ENSP00000379358	 rs9332969	cGt	cAt	R	H	309  	.   0.02	3b66A  170  R
ENSP00000379358	 rs9332969	cGt	cAt	R	H	309  	.   0.02	3b67A  170  R
ENSP00000379358	 rs9332969	cGt	cAt	R	H	309  	.   0.02	3b68A  170  R
ENSP00000379358	 rs9332969	cGt	cAt	R	H	309  	.   0.02	3g0wA  171  R
ENSP00000379358	 rs9332969	cGt	cAt	R	H	309  	.   0.02	3l3xA  172  R
ENSP00000379358	 rs9332969	cGt	cAt	R	H	309  	.   0.02	3l3zA  172  R
ENSP00000379358	 rs9332969	cGt	cAt	R	H	309  	.   0.02	3rljA  170  R
ENSP00000379358	 rs9332969	cGt	cAt	R	H	309  	.   0.02	3rllA  169  R
ENSP00000379358	 rs9332969	cGt	cAt	R	H	309  	.   0.02	3v49A  170  R
ENSP00000379358	 rs9332969	cGt	cAt	R	H	309  	.   0.02	3v4aA  170  R
ENSP00000379358	 rs9332969	cGt	cAt	R	H	309  	.   0.02	3zqtA  171  R
ENSP00000379358	 rs9332969	cGt	cAt	R	H	309  	.   0.02	4hlwA  171  R
ENSP00000379358	 rs9332969	cGt	cAt	R	H	309  	.   0.02	4k7aA  171  R
ENSP00000379358	 rs9332969	cGt	cAt	R	H	309  	.   0.02	4oeaA  171  R
ENSP00000379358	 rs9332969	cGt	cAt	R	H	309  	.   0.02	4oedA  171  R
ENSP00000379358	 rs9332969	cGt	cAt	R	H	309  	.   0.02	4oeyA  170  R
ENSP00000379358	 rs9332969	cGt	cAt	R	H	309  	.   0.02	4oezA  171  R
ENSP00000379358	 rs9332969	cGt	cAt	R	H	309  	.   0.02	4ofrA  170  R
ENSP00000379358	 rs9332969	cGt	cAt	R	H	309  	.   0.02	4ofuA  170  R
ENSP00000379358	 rs9332969	cGt	cAt	R	H	309  	.   0.02	4oghA  170  R
ENSP00000379358	 rs9332969	cGt	cAt	R	H	309  	.   0.02	4oh5A  170  R
ENSP00000379358	 rs9332969	cGt	cAt	R	H	309  	.   0.02	4oh6A  170  R
ENSP00000379358	 rs9332969	cGt	cAt	R	H	309  	.   0.02	4ohaA  170  R
ENSP00000379358	 rs9332969	cGt	cAt	R	H	309  	.   0.02	4oilA  171  R
ENSP00000379358	 rs9332969	cGt	cAt	R	H	309  	.   0.02	4oiuA  171  R
ENSP00000379358	 rs9332969	cGt	cAt	R	H	309  	.   0.02	4oj9A  171  R
ENSP00000379358	 rs9332969	cGt	cAt	R	H	309  	.   0.02	4ojbA  170  R
ENSP00000379358	 rs9332969	cGt	cAt	R	H	309  	.   0.02	4ok1A  171  R
ENSP00000379358	 rs9332969	cGt	cAt	R	H	309  	.   0.02	4okbA  170  R
ENSP00000379358	 rs9332969	cGt	cAt	R	H	309  	.   0.02	4oktA  171  R
ENSP00000379358	 rs9332969	cGt	cAt	R	H	309  	.   0.02	4okwA  170  R
ENSP00000379358	 rs9332969	cGt	cAt	R	H	309  	.   0.02	4okxA  170  R
ENSP00000379358	 rs9332969	cGt	cAt	R	H	309  	.   0.02	4olmA  170  R
ENSP00000379358	 rs9332969	cGt	cAt	R	H	309  	.   0.02	4ql8A  170  R
ENSP00000379358	 rs9332969	cGt	cAt	R	H	309  	.   0.02	5cj6A  170  R
ENSP00000379358	 rs9332969	cGt	cAt	R	H	309  	.   0.02	5jjmA  173  R
ENSP00000379358	 rs9332969	cGt	cAt	R	H	309  	.   0.02	5jjmC  171  R
ENSP00000379358	 rs9332969	cGt	cAt	R	H	309  	.   0.02	5jjmE  173  R
ENSP00000379358	 rs9332969	cGt	cAt	R	H	309  	.   0.02	5jjmG  172  R
ENSP00000379358	 rs9332969	cGt	cAt	R	H	309  	.   0.02	5t8eA  170  R
ENSP00000379358	 rs9332969	cGt	cAt	R	H	309  	.   0.02	5t8jA  170  R
ENSP00000379358	 rs9332969	cGt	cAt	R	H	309  	.   0.02	5v8qA  170  R
ENSP00000379358	 rs9332969	cGt	cAt	R	H	309  	.   0.02	5vo4A  171  R
ENSP00000379358	 rs9332971	cGc	cAc	R	H	324  	.   0.12	1e3gA  187  R
ENSP00000379358	 rs9332971	cGc	cAc	R	H	324  	.   0.12	1gs4A  182  R
ENSP00000379358	 rs9332971	cGc	cAc	R	H	324  	.   0.12	1i37A  184  R
ENSP00000379358	 rs9332971	cGc	cAc	R	H	324  	.   0.12	1i38A  184  R
ENSP00000379358	 rs9332971	cGc	cAc	R	H	324  	.   0.12	1t5zA  187  R
ENSP00000379358	 rs9332971	cGc	cAc	R	H	324  	.   0.12	1t63A  187  R
ENSP00000379358	 rs9332971	cGc	cAc	R	H	324  	.   0.12	1t65A  187  R
ENSP00000379358	 rs9332971	cGc	cAc	R	H	324  	.   0.12	1t73A  187  R
ENSP00000379358	 rs9332971	cGc	cAc	R	H	324  	.   0.12	1t74A  186  R
ENSP00000379358	 rs9332971	cGc	cAc	R	H	324  	.   0.12	1t76A  186  R
ENSP00000379358	 rs9332971	cGc	cAc	R	H	324  	.   0.12	1t79A  187  R
ENSP00000379358	 rs9332971	cGc	cAc	R	H	324  	.   0.12	1t7fA  187  R
ENSP00000379358	 rs9332971	cGc	cAc	R	H	324  	.   0.12	1t7mA  186  R
ENSP00000379358	 rs9332971	cGc	cAc	R	H	324  	.   0.12	1t7rA  187  R
ENSP00000379358	 rs9332971	cGc	cAc	R	H	324  	.   0.12	1t7tA  187  R
ENSP00000379358	 rs9332971	cGc	cAc	R	H	324  	.   0.12	1xj7A  193  R
ENSP00000379358	 rs9332971	cGc	cAc	R	H	324  	.   0.12	1xnnA  184  R
ENSP00000379358	 rs9332971	cGc	cAc	R	H	324  	.   0.12	1xowA  179  R
ENSP00000379358	 rs9332971	cGc	cAc	R	H	324  	.   0.12	1xq3A  179  R
ENSP00000379358	 rs9332971	cGc	cAc	R	H	324  	.   0.12	1z95A  176  R
ENSP00000379358	 rs9332971	cGc	cAc	R	H	324  	.   0.12	2am9A  186  R
ENSP00000379358	 rs9332971	cGc	cAc	R	H	324  	.   0.12	2amaA  179  R
ENSP00000379358	 rs9332971	cGc	cAc	R	H	324  	.   0.12	2ambA  182  R
ENSP00000379358	 rs9332971	cGc	cAc	R	H	324  	.   0.12	2ao6A  179  R
ENSP00000379358	 rs9332971	cGc	cAc	R	H	324  	.   0.12	2ax6A  180  R
ENSP00000379358	 rs9332971	cGc	cAc	R	H	324  	.   0.12	2ax7A  176  R
ENSP00000379358	 rs9332971	cGc	cAc	R	H	324  	.   0.12	2ax8A  176  R
ENSP00000379358	 rs9332971	cGc	cAc	R	H	324  	.   0.12	2ax9A  176  R
ENSP00000379358	 rs9332971	cGc	cAc	R	H	324  	.   0.12	2axaA  176  R
ENSP00000379358	 rs9332971	cGc	cAc	R	H	324  	.   0.12	2hvcA  187  R
ENSP00000379358	 rs9332971	cGc	cAc	R	H	324  	.   0.12	2ihqA  185  R
ENSP00000379358	 rs9332971	cGc	cAc	R	H	324  	.   0.12	2nw4A  185  R
ENSP00000379358	 rs9332971	cGc	cAc	R	H	324  	.   0.12	2oz7A  185  R
ENSP00000379358	 rs9332971	cGc	cAc	R	H	324  	.   0.12	2pioA  185  R
ENSP00000379358	 rs9332971	cGc	cAc	R	H	324  	.   0.12	2pipA  186  R
ENSP00000379358	 rs9332971	cGc	cAc	R	H	324  	.   0.12	2piqA  186  R
ENSP00000379358	 rs9332971	cGc	cAc	R	H	324  	.   0.12	2pirA  187  R
ENSP00000379358	 rs9332971	cGc	cAc	R	H	324  	.   0.12	2pitA  187  R
ENSP00000379358	 rs9332971	cGc	cAc	R	H	324  	.   0.12	2piuA  185  R
ENSP00000379358	 rs9332971	cGc	cAc	R	H	324  	.   0.12	2pivA  186  R
ENSP00000379358	 rs9332971	cGc	cAc	R	H	324  	.   0.12	2piwA  185  R
ENSP00000379358	 rs9332971	cGc	cAc	R	H	324  	.   0.12	2pixA  185  R
ENSP00000379358	 rs9332971	cGc	cAc	R	H	324  	.   0.12	2pklA  186  R
ENSP00000379358	 rs9332971	cGc	cAc	R	H	324  	.   0.12	2pnuA  181  R
ENSP00000379358	 rs9332971	cGc	cAc	R	H	324  	.   0.12	2q7iA  177  R
ENSP00000379358	 rs9332971	cGc	cAc	R	H	324  	.   0.12	2q7jA  183  R
ENSP00000379358	 rs9332971	cGc	cAc	R	H	324  	.   0.12	2q7kA  178  R
ENSP00000379358	 rs9332971	cGc	cAc	R	H	324  	.   0.12	2q7lA  183  R
ENSP00000379358	 rs9332971	cGc	cAc	R	H	324  	.   0.12	2qpyA  185  R
ENSP00000379358	 rs9332971	cGc	cAc	R	H	324  	.   0.12	2yhdA  185  R
ENSP00000379358	 rs9332971	cGc	cAc	R	H	324  	.   0.12	2yloA  186  R
ENSP00000379358	 rs9332971	cGc	cAc	R	H	324  	.   0.12	2ylpA  185  R
ENSP00000379358	 rs9332971	cGc	cAc	R	H	324  	.   0.12	2ylqA  185  R
ENSP00000379358	 rs9332971	cGc	cAc	R	H	324  	.   0.12	2z4jA  185  R
ENSP00000379358	 rs9332971	cGc	cAc	R	H	324  	.   0.12	3b5rA  185  R
ENSP00000379358	 rs9332971	cGc	cAc	R	H	324  	.   0.12	3b65A  185  R
ENSP00000379358	 rs9332971	cGc	cAc	R	H	324  	.   0.12	3b66A  185  R
ENSP00000379358	 rs9332971	cGc	cAc	R	H	324  	.   0.12	3b67A  185  R
ENSP00000379358	 rs9332971	cGc	cAc	R	H	324  	.   0.12	3b68A  185  R
ENSP00000379358	 rs9332971	cGc	cAc	R	H	324  	.   0.12	3g0wA  186  R
ENSP00000379358	 rs9332971	cGc	cAc	R	H	324  	.   0.12	3l3xA  187  R
ENSP00000379358	 rs9332971	cGc	cAc	R	H	324  	.   0.12	3l3zA  186  R
ENSP00000379358	 rs9332971	cGc	cAc	R	H	324  	.   0.12	3rljA  185  R
ENSP00000379358	 rs9332971	cGc	cAc	R	H	324  	.   0.12	3rllA  176  R
ENSP00000379358	 rs9332971	cGc	cAc	R	H	324  	.   0.12	3v49A  180  R
ENSP00000379358	 rs9332971	cGc	cAc	R	H	324  	.   0.12	3v4aA  180  R
ENSP00000379358	 rs9332971	cGc	cAc	R	H	324  	.   0.12	3zqtA  186  R
ENSP00000379358	 rs9332971	cGc	cAc	R	H	324  	.   0.12	4hlwA  180  R
ENSP00000379358	 rs9332971	cGc	cAc	R	H	324  	.   0.12	4k7aA  179  R
ENSP00000379358	 rs9332971	cGc	cAc	R	H	324  	.   0.12	4oeaA  179  R
ENSP00000379358	 rs9332971	cGc	cAc	R	H	324  	.   0.12	4oedA  179  R
ENSP00000379358	 rs9332971	cGc	cAc	R	H	324  	.   0.12	4oeyA  178  R
ENSP00000379358	 rs9332971	cGc	cAc	R	H	324  	.   0.12	4oezA  179  R
ENSP00000379358	 rs9332971	cGc	cAc	R	H	324  	.   0.12	4ofrA  180  R
ENSP00000379358	 rs9332971	cGc	cAc	R	H	324  	.   0.12	4ofuA  178  R
ENSP00000379358	 rs9332971	cGc	cAc	R	H	324  	.   0.12	4oghA  178  R
ENSP00000379358	 rs9332971	cGc	cAc	R	H	324  	.   0.12	4oh5A  178  R
ENSP00000379358	 rs9332971	cGc	cAc	R	H	324  	.   0.12	4oh6A  178  R
ENSP00000379358	 rs9332971	cGc	cAc	R	H	324  	.   0.12	4ohaA  178  R
ENSP00000379358	 rs9332971	cGc	cAc	R	H	324  	.   0.12	4oilA  179  R
ENSP00000379358	 rs9332971	cGc	cAc	R	H	324  	.   0.12	4oiuA  179  R
ENSP00000379358	 rs9332971	cGc	cAc	R	H	324  	.   0.12	4oj9A  186  R
ENSP00000379358	 rs9332971	cGc	cAc	R	H	324  	.   0.12	4ojbA  177  R
ENSP00000379358	 rs9332971	cGc	cAc	R	H	324  	.   0.12	4ok1A  186  R
ENSP00000379358	 rs9332971	cGc	cAc	R	H	324  	.   0.12	4okbA  177  R
ENSP00000379358	 rs9332971	cGc	cAc	R	H	324  	.   0.12	4oktA  185  R
ENSP00000379358	 rs9332971	cGc	cAc	R	H	324  	.   0.12	4okwA  177  R
ENSP00000379358	 rs9332971	cGc	cAc	R	H	324  	.   0.12	4okxA  177  R
ENSP00000379358	 rs9332971	cGc	cAc	R	H	324  	.   0.12	4olmA  177  R
ENSP00000379358	 rs9332971	cGc	cAc	R	H	324  	.   0.12	4ql8A  178  R
ENSP00000379358	 rs9332971	cGc	cAc	R	H	324  	.   0.12	5cj6A  181  R
ENSP00000379358	 rs9332971	cGc	cAc	R	H	324  	.   0.12	5jjmA  188  R
ENSP00000379358	 rs9332971	cGc	cAc	R	H	324  	.   0.12	5jjmC  186  R
ENSP00000379358	 rs9332971	cGc	cAc	R	H	324  	.   0.12	5jjmE  188  R
ENSP00000379358	 rs9332971	cGc	cAc	R	H	324  	.   0.12	5jjmG  187  R
ENSP00000379358	 rs9332971	cGc	cAc	R	H	324  	.   0.12	5t8eA  185  R
ENSP00000379358	 rs9332971	cGc	cAc	R	H	324  	.   0.12	5t8jA  185  R
ENSP00000379358	 rs9332971	cGc	cAc	R	H	324  	.   0.12	5v8qA  185  R
ENSP00000379358	 rs9332971	cGc	cAc	R	H	324  	.   0.12	5vo4A  181  R
ENSP00000379358	 rs9332971	cGc	cTc	R	L	324  	.   0.12	1e3gA  187  R
ENSP00000379358	 rs9332971	cGc	cTc	R	L	324  	.   0.12	1gs4A  182  R
ENSP00000379358	 rs9332971	cGc	cTc	R	L	324  	.   0.12	1i37A  184  R
ENSP00000379358	 rs9332971	cGc	cTc	R	L	324  	.   0.12	1i38A  184  R
ENSP00000379358	 rs9332971	cGc	cTc	R	L	324  	.   0.12	1t5zA  187  R
ENSP00000379358	 rs9332971	cGc	cTc	R	L	324  	.   0.12	1t63A  187  R
ENSP00000379358	 rs9332971	cGc	cTc	R	L	324  	.   0.12	1t65A  187  R
ENSP00000379358	 rs9332971	cGc	cTc	R	L	324  	.   0.12	1t73A  187  R
ENSP00000379358	 rs9332971	cGc	cTc	R	L	324  	.   0.12	1t74A  186  R
ENSP00000379358	 rs9332971	cGc	cTc	R	L	324  	.   0.12	1t76A  186  R
ENSP00000379358	 rs9332971	cGc	cTc	R	L	324  	.   0.12	1t79A  187  R
ENSP00000379358	 rs9332971	cGc	cTc	R	L	324  	.   0.12	1t7fA  187  R
ENSP00000379358	 rs9332971	cGc	cTc	R	L	324  	.   0.12	1t7mA  186  R
ENSP00000379358	 rs9332971	cGc	cTc	R	L	324  	.   0.12	1t7rA  187  R
ENSP00000379358	 rs9332971	cGc	cTc	R	L	324  	.   0.12	1t7tA  187  R
ENSP00000379358	 rs9332971	cGc	cTc	R	L	324  	.   0.12	1xj7A  193  R
ENSP00000379358	 rs9332971	cGc	cTc	R	L	324  	.   0.12	1xnnA  184  R
ENSP00000379358	 rs9332971	cGc	cTc	R	L	324  	.   0.12	1xowA  179  R
ENSP00000379358	 rs9332971	cGc	cTc	R	L	324  	.   0.12	1xq3A  179  R
ENSP00000379358	 rs9332971	cGc	cTc	R	L	324  	.   0.12	1z95A  176  R
ENSP00000379358	 rs9332971	cGc	cTc	R	L	324  	.   0.12	2am9A  186  R
ENSP00000379358	 rs9332971	cGc	cTc	R	L	324  	.   0.12	2amaA  179  R
ENSP00000379358	 rs9332971	cGc	cTc	R	L	324  	.   0.12	2ambA  182  R
ENSP00000379358	 rs9332971	cGc	cTc	R	L	324  	.   0.12	2ao6A  179  R
ENSP00000379358	 rs9332971	cGc	cTc	R	L	324  	.   0.12	2ax6A  180  R
ENSP00000379358	 rs9332971	cGc	cTc	R	L	324  	.   0.12	2ax7A  176  R
ENSP00000379358	 rs9332971	cGc	cTc	R	L	324  	.   0.12	2ax8A  176  R
ENSP00000379358	 rs9332971	cGc	cTc	R	L	324  	.   0.12	2ax9A  176  R
ENSP00000379358	 rs9332971	cGc	cTc	R	L	324  	.   0.12	2axaA  176  R
ENSP00000379358	 rs9332971	cGc	cTc	R	L	324  	.   0.12	2hvcA  187  R
ENSP00000379358	 rs9332971	cGc	cTc	R	L	324  	.   0.12	2ihqA  185  R
ENSP00000379358	 rs9332971	cGc	cTc	R	L	324  	.   0.12	2nw4A  185  R
ENSP00000379358	 rs9332971	cGc	cTc	R	L	324  	.   0.12	2oz7A  185  R
ENSP00000379358	 rs9332971	cGc	cTc	R	L	324  	.   0.12	2pioA  185  R
ENSP00000379358	 rs9332971	cGc	cTc	R	L	324  	.   0.12	2pipA  186  R
ENSP00000379358	 rs9332971	cGc	cTc	R	L	324  	.   0.12	2piqA  186  R
ENSP00000379358	 rs9332971	cGc	cTc	R	L	324  	.   0.12	2pirA  187  R
ENSP00000379358	 rs9332971	cGc	cTc	R	L	324  	.   0.12	2pitA  187  R
ENSP00000379358	 rs9332971	cGc	cTc	R	L	324  	.   0.12	2piuA  185  R
ENSP00000379358	 rs9332971	cGc	cTc	R	L	324  	.   0.12	2pivA  186  R
ENSP00000379358	 rs9332971	cGc	cTc	R	L	324  	.   0.12	2piwA  185  R
ENSP00000379358	 rs9332971	cGc	cTc	R	L	324  	.   0.12	2pixA  185  R
ENSP00000379358	 rs9332971	cGc	cTc	R	L	324  	.   0.12	2pklA  186  R
ENSP00000379358	 rs9332971	cGc	cTc	R	L	324  	.   0.12	2pnuA  181  R
ENSP00000379358	 rs9332971	cGc	cTc	R	L	324  	.   0.12	2q7iA  177  R
ENSP00000379358	 rs9332971	cGc	cTc	R	L	324  	.   0.12	2q7jA  183  R
ENSP00000379358	 rs9332971	cGc	cTc	R	L	324  	.   0.12	2q7kA  178  R
ENSP00000379358	 rs9332971	cGc	cTc	R	L	324  	.   0.12	2q7lA  183  R
ENSP00000379358	 rs9332971	cGc	cTc	R	L	324  	.   0.12	2qpyA  185  R
ENSP00000379358	 rs9332971	cGc	cTc	R	L	324  	.   0.12	2yhdA  185  R
ENSP00000379358	 rs9332971	cGc	cTc	R	L	324  	.   0.12	2yloA  186  R
ENSP00000379358	 rs9332971	cGc	cTc	R	L	324  	.   0.12	2ylpA  185  R
ENSP00000379358	 rs9332971	cGc	cTc	R	L	324  	.   0.12	2ylqA  185  R
ENSP00000379358	 rs9332971	cGc	cTc	R	L	324  	.   0.12	2z4jA  185  R
ENSP00000379358	 rs9332971	cGc	cTc	R	L	324  	.   0.12	3b5rA  185  R
ENSP00000379358	 rs9332971	cGc	cTc	R	L	324  	.   0.12	3b65A  185  R
ENSP00000379358	 rs9332971	cGc	cTc	R	L	324  	.   0.12	3b66A  185  R
ENSP00000379358	 rs9332971	cGc	cTc	R	L	324  	.   0.12	3b67A  185  R
ENSP00000379358	 rs9332971	cGc	cTc	R	L	324  	.   0.12	3b68A  185  R
ENSP00000379358	 rs9332971	cGc	cTc	R	L	324  	.   0.12	3g0wA  186  R
ENSP00000379358	 rs9332971	cGc	cTc	R	L	324  	.   0.12	3l3xA  187  R
ENSP00000379358	 rs9332971	cGc	cTc	R	L	324  	.   0.12	3l3zA  186  R
ENSP00000379358	 rs9332971	cGc	cTc	R	L	324  	.   0.12	3rljA  185  R
ENSP00000379358	 rs9332971	cGc	cTc	R	L	324  	.   0.12	3rllA  176  R
ENSP00000379358	 rs9332971	cGc	cTc	R	L	324  	.   0.12	3v49A  180  R
ENSP00000379358	 rs9332971	cGc	cTc	R	L	324  	.   0.12	3v4aA  180  R
ENSP00000379358	 rs9332971	cGc	cTc	R	L	324  	.   0.12	3zqtA  186  R
ENSP00000379358	 rs9332971	cGc	cTc	R	L	324  	.   0.12	4hlwA  180  R
ENSP00000379358	 rs9332971	cGc	cTc	R	L	324  	.   0.12	4k7aA  179  R
ENSP00000379358	 rs9332971	cGc	cTc	R	L	324  	.   0.12	4oeaA  179  R
ENSP00000379358	 rs9332971	cGc	cTc	R	L	324  	.   0.12	4oedA  179  R
ENSP00000379358	 rs9332971	cGc	cTc	R	L	324  	.   0.12	4oeyA  178  R
ENSP00000379358	 rs9332971	cGc	cTc	R	L	324  	.   0.12	4oezA  179  R
ENSP00000379358	 rs9332971	cGc	cTc	R	L	324  	.   0.12	4ofrA  180  R
ENSP00000379358	 rs9332971	cGc	cTc	R	L	324  	.   0.12	4ofuA  178  R
ENSP00000379358	 rs9332971	cGc	cTc	R	L	324  	.   0.12	4oghA  178  R
ENSP00000379358	 rs9332971	cGc	cTc	R	L	324  	.   0.12	4oh5A  178  R
ENSP00000379358	 rs9332971	cGc	cTc	R	L	324  	.   0.12	4oh6A  178  R
ENSP00000379358	 rs9332971	cGc	cTc	R	L	324  	.   0.12	4ohaA  178  R
ENSP00000379358	 rs9332971	cGc	cTc	R	L	324  	.   0.12	4oilA  179  R
ENSP00000379358	 rs9332971	cGc	cTc	R	L	324  	.   0.12	4oiuA  179  R
ENSP00000379358	 rs9332971	cGc	cTc	R	L	324  	.   0.12	4oj9A  186  R
ENSP00000379358	 rs9332971	cGc	cTc	R	L	324  	.   0.12	4ojbA  177  R
ENSP00000379358	 rs9332971	cGc	cTc	R	L	324  	.   0.12	4ok1A  186  R
ENSP00000379358	 rs9332971	cGc	cTc	R	L	324  	.   0.12	4okbA  177  R
ENSP00000379358	 rs9332971	cGc	cTc	R	L	324  	.   0.12	4oktA  185  R
ENSP00000379358	 rs9332971	cGc	cTc	R	L	324  	.   0.12	4okwA  177  R
ENSP00000379358	 rs9332971	cGc	cTc	R	L	324  	.   0.12	4okxA  177  R
ENSP00000379358	 rs9332971	cGc	cTc	R	L	324  	.   0.12	4olmA  177  R
ENSP00000379358	 rs9332971	cGc	cTc	R	L	324  	.   0.12	4ql8A  178  R
ENSP00000379358	 rs9332971	cGc	cTc	R	L	324  	.   0.12	5cj6A  181  R
ENSP00000379358	 rs9332971	cGc	cTc	R	L	324  	.   0.12	5jjmA  188  R
ENSP00000379358	 rs9332971	cGc	cTc	R	L	324  	.   0.12	5jjmC  186  R
ENSP00000379358	 rs9332971	cGc	cTc	R	L	324  	.   0.12	5jjmE  188  R
ENSP00000379358	 rs9332971	cGc	cTc	R	L	324  	.   0.12	5jjmG  187  R
ENSP00000379358	 rs9332971	cGc	cTc	R	L	324  	.   0.12	5t8eA  185  R
ENSP00000379358	 rs9332971	cGc	cTc	R	L	324  	.   0.12	5t8jA  185  R
ENSP00000379358	 rs9332971	cGc	cTc	R	L	324  	.   0.12	5v8qA  185  R
ENSP00000379358	 rs9332971	cGc	cTc	R	L	324  	.   0.12	5vo4A  181  R
ENSP00000379398	 rs3772165	cGg	cAg	R	Q	396  	.   0.11	5oc9A  433  R
ENSP00000379398	 rs3772165	cGg	cAg	R	Q	396  	.   0.11	5oc9B  439  R
ENSP00000379455	   rs25413	ccG	ccA	P	P	397  	.   0.04	1fsuA  355  P
ENSP00000379455	 rs1065757	Gtg	Ttg	V	L	358  	.   0.01	1fsuA  316  V
ENSP00000379455	 rs1065757	Gtg	Ctg	V	L	358  	.   0.01	1fsuA  316  V
ENSP00000379455	 rs1065757	Gtg	Atg	V	M	358  	.   0.01	1fsuA  316  V
ENSP00000379471	 rs1550870	gtG	gtA	V	V	497  	.   0.04	2bijA  244  V
ENSP00000379471	 rs1550870	gtG	gtA	V	V	497  	.   0.04	2bv5A  241  V
ENSP00000379471	 rs1550870	gtG	gtA	V	V	497  	.   0.04	2cjzA  236  V
ENSP00000379471	 rs1550870	gtG	gtA	V	V	497  	.   0.04	5ovrA  247  V
ENSP00000379471	 rs1550870	gtG	gtA	V	V	497  	.   0.04	5ovxA  247  V
ENSP00000379471	 rs1550870	gtG	gtA	V	V	497  	.   0.04	5ow1A  244  V
ENSP00000379473	 rs1550870	gtG	gtA	V	V	489  	.   0.05	2bijA  244  V
ENSP00000379473	 rs1550870	gtG	gtA	V	V	489  	.   0.05	2bv5A  241  V
ENSP00000379473	 rs1550870	gtG	gtA	V	V	489  	.   0.05	2cjzA  236  V
ENSP00000379473	 rs1550870	gtG	gtA	V	V	489  	.   0.05	5ovrA  247  V
ENSP00000379473	 rs1550870	gtG	gtA	V	V	489  	.   0.05	5ovxA  247  V
ENSP00000379473	 rs1550870	gtG	gtA	V	V	489  	.   0.05	5ow1A  244  V
ENSP00000379475	 rs1129640	gtA	gtG	V	V	116  	.   0.01	1t6nA   72  V
ENSP00000379475	 rs1129640	gtA	gtG	V	V	116  	.   0.01	1t6nB   72  V
ENSP00000379475	 rs1129640	gtA	gtG	V	V	116  	.   0.01	1xtiA   71  V
ENSP00000379475	 rs1129640	gtA	gtG	V	V	116  	.   0.01	1xtjA   72  V
ENSP00000379475	 rs1129640	gtA	gtG	V	V	116  	.   0.01	1xtkA   71  V
ENSP00000379475	rs55799418	caC	caT	H	H	220  	.   0.01	1t6nA  176  H
ENSP00000379475	rs55799418	caC	caT	H	H	220  	.   0.01	1t6nB  176  H
ENSP00000379475	rs55799418	caC	caT	H	H	220  	.   0.01	1xtiA  175  H
ENSP00000379475	rs55799418	caC	caT	H	H	220  	.   0.01	1xtjA  176  H
ENSP00000379475	rs55799418	caC	caT	H	H	220  	.   0.01	1xtkA  175  H
ENSP00000379510	 rs9332944	tTg	tGg	L	W	95   	.   0.02	2h8aA   68  L
ENSP00000379510	 rs9332944	tTg	tGg	L	W	95   	.   0.02	5i9kA   63  L
ENSP00000379510	 rs9332944	tTg	tGg	L	W	95   	.   0.02	5ia9A   63  L
ENSP00000379512	 rs9332944	tTg	tGg	L	W	95   	.   0.02	2h8aA   68  L
ENSP00000379512	 rs9332944	tTg	tGg	L	W	95   	.   0.02	5i9kA   63  L
ENSP00000379512	 rs9332944	tTg	tGg	L	W	95   	.   0.02	5ia9A   63  L
ENSP00000379513	 rs9332944	tTg	tGg	L	W	95   	.   0.02	2h8aA   68  L
ENSP00000379513	 rs9332944	tTg	tGg	L	W	95   	.   0.02	5i9kA   63  L
ENSP00000379513	 rs9332944	tTg	tGg	L	W	95   	.   0.02	5ia9A   63  L
ENSP00000379527	rs12507679	aaC	aaG	N	K	127  	.   0.08	1x1fA  119  N
