ENSP00000493262	 rs1801133	gCc	gTc	V	.	0.01 	6fcxA  222  A  172  A
ENSP00000493262	 rs1801133	gCc	gTc	V	.	0.01 	6fcxB  222  A  167  A
ENSP00000493262	 rs2066472	cGa	cAa	Q	.	0.03 	6fcxA   68  R   29  R
ENSP00000493262	 rs2066472	cGa	cAa	Q	.	0.03 	6fcxB   68  R   28  R
ENSP00000493262	 rs4846051	ttC	ttT	F	.	0.01 	6fcxA  435  F  380  F
ENSP00000493262	 rs4846051	ttC	ttT	F	.	0.01 	6fcxB  435  F  377  F
ENSP00000493262	 rs2066462	agC	agT	S	*	0.54 	6fcxA  352  S  302  S
ENSP00000493262	 rs2066462	agC	agT	S	*	0.54 	6fcxB  352  S  294  S
ENSP00000493262	 rs6664734	gtG	gtA	V	.	0.01 	6fcxA  315  V  265  V
ENSP00000493262	 rs2066466	acG	acT	T	.	0.01 	6fcxA  139  T  100  T
ENSP00000493262	 rs2066466	acG	acT	T	.	0.01 	6fcxB  139  T   99  T
ENSP00000493262	 rs2066466	acG	acC	T	.	0.01 	6fcxA  139  T  100  T
ENSP00000493262	 rs2066466	acG	acC	T	.	0.01 	6fcxB  139  T   99  T
ENSP00000493262	 rs2066466	acG	acA	T	.	0.01 	6fcxA  139  T  100  T
ENSP00000493262	 rs2066466	acG	acA	T	.	0.01 	6fcxB  139  T   99  T
ENSP00000493262	 rs2066461	acC	acT	T	.	0.02 	6fcxA  115  T   76  T
ENSP00000493262	 rs2066461	acC	acT	T	.	0.02 	6fcxB  115  T   75  T
ENSP00000493262	 rs2066461	acC	acA	T	.	0.02 	6fcxA  115  T   76  T
ENSP00000493262	 rs2066461	acC	acA	T	.	0.02 	6fcxB  115  T   75  T
ENSP00000493262	rs45571736	Ggg	Agg	R	.	0.02 	6fcxA  422  G  367  G
ENSP00000493262	rs45571736	Ggg	Agg	R	.	0.02 	6fcxB  422  G  364  G
ENSP00000493262	rs34279942	ttC	ttA	L	.	0.01 	6fcxA  236  F  186  F
ENSP00000493262	rs34279942	ttC	ttA	L	.	0.01 	6fcxB  236  F  181  F
ENSP00000493262	rs45589033	Gac	Aac	N	.	0.01 	6fcxA  234  D  184  D
ENSP00000493262	rs45589033	Gac	Aac	N	.	0.01 	6fcxB  234  D  179  D
ENSP00000493262	rs45438591	Gga	Aga	R	.	0.01 	6fcxA  221  G  171  G
ENSP00000493262	rs45550133	Cgc	Tgc	C	.	0.01 	6fcxA  134  R   95  R
ENSP00000493262	rs45550133	Cgc	Tgc	C	.	0.01 	6fcxB  134  R   94  R
ENSP00000493262	rs35653697	ccG	ccA	P	.	0.21 	6fcxA  492  P  437  P
ENSP00000493262	rs35653697	ccG	ccA	P	.	0.21 	6fcxB  492  P  434  P
ENSP00000493262	rs79157191	acC	acT	T	.	0.07 	6fcxA  464  T  409  T
ENSP00000493262	rs79157191	acC	acT	T	.	0.07 	6fcxB  464  T  406  T
ENSP00000493262	rs45498098	tgC	tgT	C	.	0.01 	6fcxA  306  C  256  C
ENSP00000493262	rs45498098	tgC	tgT	C	.	0.01 	6fcxB  306  C  251  C
ENSP00000493262	rs13306555	gcC	gcT	A	.	0.01 	6fcxA  302  A  252  A
ENSP00000493262	rs13306555	gcC	gcT	A	.	0.01 	6fcxB  302  A  247  A
ENSP00000493262	rs45486194	acC	acT	T	.	0.01 	6fcxA  244  T  194  T
ENSP00000493262	rs45486194	acC	acT	T	.	0.01 	6fcxB  244  T  189  T
ENSP00000493262	rs45459991	gcA	gcG	A	.	0.01 	6fcxA  242  A  192  A
ENSP00000493262	rs45459991	gcA	gcG	A	.	0.01 	6fcxB  242  A  187  A
ENSP00000493262	rs34279942	ttC	ttT	F	.	0.01 	6fcxA  236  F  186  F
ENSP00000493262	rs34279942	ttC	ttT	F	.	0.01 	6fcxB  236  F  181  F
ENSP00000493262	rs13306554	ccC	ccT	P	.	0.03 	6fcxA  202  P  152  P
ENSP00000493262	rs13306554	ccC	ccT	P	.	0.03 	6fcxB  202  P  151  P
ENSP00000493262	rs45546035	gaC	gaT	D	.	0.01 	6fcxA   92  D   53  D
ENSP00000493262	rs45546035	gaC	gaT	D	.	0.01 	6fcxB   92  D   52  D
ENSP00000493302	 rs4378657	ctG	ctA	L	.	0.05 	1nrgA  184  L  136  L
ENSP00000493302	 rs4378657	ctG	ctA	L	.	0.05 	3hy8A  184  L  137  L
ENSP00000493302	 rs4378657	ctG	ctA	L	.	0.05 	6h00A  184  L  134  L
ENSP00000493302	rs11079804	tcC	tcT	S	.	0.06 	1nrgA   55  S    7  S
ENSP00000493302	rs11079804	tcC	tcT	S	.	0.06 	3hy8A   55  S    8  S
ENSP00000493302	rs11079804	tcC	tcT	S	.	0.06 	6h00A   55  S    5  S
ENSP00000493348	 rs4378657	ctG	ctA	L	.	0.1  	1nrgA   95  L  137  R
ENSP00000493348	 rs4378657	ctG	ctA	L	.	0.1  	3hy8A   95  L  138  R
ENSP00000493348	 rs4378657	ctG	ctA	L	.	0.1  	6h00A   95  L  135  R
ENSP00000493348	rs11079804	tcC	tcT	S	.	0.05 	1nrgA   27  S    8  L
ENSP00000493348	rs11079804	tcC	tcT	S	.	0.05 	3hy8A   27  S    9  L
ENSP00000493348	rs11079804	tcC	tcT	S	.	0.05 	6h00A   27  S    6  L
ENSP00000493461	rs11135176	aaC	aaT	N	.	0.03 	6d6tE  105  N   42  N
ENSP00000493461	rs11135176	aaC	aaT	N	.	0.03 	6d6uE  105  N   42  N
ENSP00000493461	rs11135176	aaC	aaT	N	.	0.03 	6dw0A  105  N   42  N
ENSP00000493461	rs11135176	aaC	aaT	N	.	0.03 	6dw1A  105  N   42  N
