ENSP00000382333	rs35289681	Cgg	Tgg	R	W	79   	.   0.01	3thcA   81  R
ENSP00000382333	rs35289681	Cgg	Tgg	R	W	79   	.   0.01	3thcB   81  R
ENSP00000382333	rs35289681	Cgg	Tgg	R	W	79   	.   0.01	3thcC   81  R
ENSP00000382333	rs35289681	Cgg	Tgg	R	W	79   	.   0.01	3thcD   81  R
ENSP00000382333	rs35289681	Cgg	Tgg	R	W	79   	.   0.01	3thdA   81  R
ENSP00000382333	rs35289681	Cgg	Tgg	R	W	79   	.   0.01	3thdB   81  R
ENSP00000382333	rs35289681	Cgg	Tgg	R	W	79   	.   0.01	3thdC   81  R
ENSP00000382333	rs35289681	Cgg	Tgg	R	W	79   	.   0.01	3thdD   81  R
ENSP00000382333	rs35289681	Cgg	Tgg	R	W	79   	.   0.01	3wezA   81  R
ENSP00000382333	rs35289681	Cgg	Tgg	R	W	79   	.   0.01	3wezB   81  R
ENSP00000382333	rs35289681	Cgg	Tgg	R	W	79   	.   0.01	3wezC   81  R
ENSP00000382333	rs35289681	Cgg	Tgg	R	W	79   	.   0.01	3wezD   81  R
ENSP00000382333	rs35289681	Cgg	Tgg	R	W	79   	.   0.01	3wf0A   81  R
ENSP00000382333	rs35289681	Cgg	Tgg	R	W	79   	.   0.01	3wf0B   81  R
ENSP00000382333	rs35289681	Cgg	Tgg	R	W	79   	.   0.01	3wf0C   81  R
ENSP00000382333	rs35289681	Cgg	Tgg	R	W	79   	.   0.01	3wf0D   81  R
ENSP00000382333	rs35289681	Cgg	Tgg	R	W	79   	.   0.01	3wf1A   81  R
ENSP00000382333	rs35289681	Cgg	Tgg	R	W	79   	.   0.01	3wf1B   81  R
ENSP00000382333	rs35289681	Cgg	Tgg	R	W	79   	.   0.01	3wf1C   81  R
ENSP00000382333	rs35289681	Cgg	Tgg	R	W	79   	.   0.01	3wf1D   81  R
ENSP00000382333	rs35289681	Cgg	Tgg	R	W	79   	.   0.01	3wf2A   81  R
ENSP00000382333	rs35289681	Cgg	Tgg	R	W	79   	.   0.01	3wf2B   81  R
ENSP00000382333	rs35289681	Cgg	Tgg	R	W	79   	.   0.01	3wf2C   81  R
ENSP00000382333	rs35289681	Cgg	Tgg	R	W	79   	.   0.01	3wf2D   81  R
ENSP00000382333	rs35289681	Cgg	Tgg	R	W	79   	.   0.01	3wf3A   81  R
ENSP00000382333	rs35289681	Cgg	Tgg	R	W	79   	.   0.01	3wf3B   81  R
ENSP00000382333	rs35289681	Cgg	Tgg	R	W	79   	.   0.01	3wf3C   81  R
ENSP00000382333	rs35289681	Cgg	Tgg	R	W	79   	.   0.01	3wf3D   81  R
ENSP00000382333	rs35289681	Cgg	Tgg	R	W	79   	.   0.01	3wf4A   81  R
ENSP00000382333	rs35289681	Cgg	Tgg	R	W	79   	.   0.01	3wf4B   81  R
ENSP00000382333	rs35289681	Cgg	Tgg	R	W	79   	.   0.01	3wf4C   81  R
ENSP00000382333	rs35289681	Cgg	Tgg	R	W	79   	.   0.01	3wf4D   81  R
ENSP00000382340	 rs4148356	cGa	cAa	R	Q	397  	.   0.02	2cbzA   82  R
ENSP00000382340	 rs4148356	cGa	cAa	R	Q	397  	.   0.02	4c3zA   83  R
ENSP00000382340	 rs8187863	tcC	tcT	S	S	341  	.   0.03	2cbzA   26  S
ENSP00000382340	 rs8187863	tcC	tcT	S	S	341  	.   0.03	4c3zA   27  S
ENSP00000382341	  rs729421	Acg	Gcg	T	A	420  	.   0.01	1dceA  419  A
ENSP00000382341	  rs729421	Acg	Gcg	T	A	420  	.   0.01	1dceC  419  A
ENSP00000382341	  rs729421	Acg	Gcg	T	A	420  	.   0.01	1ltxA  389  A
ENSP00000382341	  rs729421	Acg	Gcg	T	A	420  	.   0.01	3c72A  285  A
ENSP00000382341	  rs729421	Acg	Gcg	T	A	420  	.   0.01	3dssA  292  A
ENSP00000382341	  rs729421	Acg	Gcg	T	A	420  	.   0.01	3dstA  290  A
ENSP00000382341	  rs729421	Acg	Gcg	T	A	420  	.   0.01	3dsuA  285  A
ENSP00000382341	  rs729421	Acg	Gcg	T	A	420  	.   0.01	3dsvA  295  A
ENSP00000382341	  rs729421	Acg	Gcg	T	A	420  	.   0.01	3dswA  292  A
ENSP00000382341	  rs729421	Acg	Gcg	T	A	420  	.   0.01	3dsxA  296  A
ENSP00000382341	  rs729421	Acg	Gcg	T	A	420  	.   0.01	3hxbA  287  A
ENSP00000382341	  rs729421	Acg	Gcg	T	A	420  	.   0.01	3hxcA  286  A
ENSP00000382341	  rs729421	Acg	Gcg	T	A	420  	.   0.01	3hxdA  287  A
ENSP00000382341	  rs729421	Acg	Gcg	T	A	420  	.   0.01	3hxeA  285  A
ENSP00000382341	  rs729421	Acg	Gcg	T	A	420  	.   0.01	3hxfA  288  A
ENSP00000382341	  rs729421	Acg	Gcg	T	A	420  	.   0.01	3pz1A  284  A
ENSP00000382341	  rs729421	Acg	Gcg	T	A	420  	.   0.01	3pz2A  277  A
ENSP00000382341	  rs729421	Acg	Gcg	T	A	420  	.   0.01	3pz3A  287  A
ENSP00000382341	  rs729421	Acg	Gcg	T	A	420  	.   0.01	4ehmA  298  A
ENSP00000382341	  rs729421	Acg	Gcg	T	A	420  	.   0.01	4gtsA  291  A
ENSP00000382341	  rs729421	Acg	Gcg	T	A	420  	.   0.01	4gttA  290  A
ENSP00000382341	  rs729421	Acg	Gcg	T	A	420  	.   0.01	4gtvA  286  A
ENSP00000382342	 rs4148356	cGa	cAa	R	Q	723  	.   0.05	2cbzA   82  R
ENSP00000382342	 rs4148356	cGa	cAa	R	Q	723  	.   0.05	4c3zA   83  R
ENSP00000382342	 rs8187863	tcC	tcT	S	S	667  	.   0.04	2cbzA   26  S
ENSP00000382342	 rs8187863	tcC	tcT	S	S	667  	.   0.04	4c3zA   27  S
ENSP00000382369	rs34354104	gGt	gAt	G	D	242  	.   0.01	2a7rA  242  G
ENSP00000382369	rs34354104	gGt	gAt	G	D	242  	.   0.01	2a7rB  242  G
ENSP00000382369	rs34354104	gGt	gAt	G	D	242  	.   0.01	2a7rC  242  G
ENSP00000382369	rs34354104	gGt	gAt	G	D	242  	.   0.01	2a7rD  242  G
ENSP00000382369	rs34354104	gGt	gAt	G	D	242  	.   0.01	2bwgA  241  G
ENSP00000382369	rs34354104	gGt	gAt	G	D	242  	.   0.01	2bwgB  241  G
ENSP00000382369	rs34354104	gGt	gAt	G	D	242  	.   0.01	2bwgC  241  G
ENSP00000382369	rs34354104	gGt	gAt	G	D	242  	.   0.01	2bwgD  241  G
ENSP00000382369	rs34354104	gGt	gAt	G	D	242  	.   0.01	2bznA  234  G
ENSP00000382369	rs34354104	gGt	gAt	G	D	242  	.   0.01	2bznB  230  G
ENSP00000382369	rs34354104	gGt	gAt	G	D	242  	.   0.01	2bznC  231  G
ENSP00000382369	rs34354104	gGt	gAt	G	D	242  	.   0.01	2bznD  230  G
ENSP00000382369	rs34354104	gGt	gAt	G	D	242  	.   0.01	2bznE  234  G
ENSP00000382369	rs34354104	gGt	gAt	G	D	242  	.   0.01	2bznF  234  G
ENSP00000382369	rs34354104	gGt	gAt	G	D	242  	.   0.01	2bznG  230  G
ENSP00000382369	rs34354104	gGt	gAt	G	D	242  	.   0.01	2bznH  234  G
ENSP00000382369	rs34354104	gGt	gAt	G	D	242  	.   0.01	2c6qA  234  G
ENSP00000382369	rs34354104	gGt	gAt	G	D	242  	.   0.01	2c6qB  234  G
ENSP00000382369	rs34354104	gGt	gAt	G	D	242  	.   0.01	2c6qC  234  G
ENSP00000382369	rs34354104	gGt	gAt	G	D	242  	.   0.01	2c6qD  234  G
ENSP00000382369	rs34354104	gGt	gAt	G	D	242  	.   0.01	2c6qE  234  G
ENSP00000382369	rs34354104	gGt	gAt	G	D	242  	.   0.01	2c6qF  234  G
ENSP00000382369	rs34354104	gGt	gAt	G	D	242  	.   0.01	2c6qG  234  G
ENSP00000382369	rs34354104	gGt	gAt	G	D	242  	.   0.01	2c6qH  234  G
ENSP00000382369	rs34354104	gGt	gTt	G	V	242  	.   0.01	2a7rA  242  G
ENSP00000382369	rs34354104	gGt	gTt	G	V	242  	.   0.01	2a7rB  242  G
ENSP00000382369	rs34354104	gGt	gTt	G	V	242  	.   0.01	2a7rC  242  G
ENSP00000382369	rs34354104	gGt	gTt	G	V	242  	.   0.01	2a7rD  242  G
ENSP00000382369	rs34354104	gGt	gTt	G	V	242  	.   0.01	2bwgA  241  G
ENSP00000382369	rs34354104	gGt	gTt	G	V	242  	.   0.01	2bwgB  241  G
ENSP00000382369	rs34354104	gGt	gTt	G	V	242  	.   0.01	2bwgC  241  G
ENSP00000382369	rs34354104	gGt	gTt	G	V	242  	.   0.01	2bwgD  241  G
ENSP00000382369	rs34354104	gGt	gTt	G	V	242  	.   0.01	2bznA  234  G
ENSP00000382369	rs34354104	gGt	gTt	G	V	242  	.   0.01	2bznB  230  G
ENSP00000382369	rs34354104	gGt	gTt	G	V	242  	.   0.01	2bznC  231  G
ENSP00000382369	rs34354104	gGt	gTt	G	V	242  	.   0.01	2bznD  230  G
ENSP00000382369	rs34354104	gGt	gTt	G	V	242  	.   0.01	2bznE  234  G
ENSP00000382369	rs34354104	gGt	gTt	G	V	242  	.   0.01	2bznF  234  G
ENSP00000382369	rs34354104	gGt	gTt	G	V	242  	.   0.01	2bznG  230  G
ENSP00000382369	rs34354104	gGt	gTt	G	V	242  	.   0.01	2bznH  234  G
ENSP00000382369	rs34354104	gGt	gTt	G	V	242  	.   0.01	2c6qA  234  G
ENSP00000382369	rs34354104	gGt	gTt	G	V	242  	.   0.01	2c6qB  234  G
ENSP00000382369	rs34354104	gGt	gTt	G	V	242  	.   0.01	2c6qC  234  G
ENSP00000382369	rs34354104	gGt	gTt	G	V	242  	.   0.01	2c6qD  234  G
ENSP00000382369	rs34354104	gGt	gTt	G	V	242  	.   0.01	2c6qE  234  G
ENSP00000382369	rs34354104	gGt	gTt	G	V	242  	.   0.01	2c6qF  234  G
ENSP00000382369	rs34354104	gGt	gTt	G	V	242  	.   0.01	2c6qG  234  G
ENSP00000382369	rs34354104	gGt	gTt	G	V	242  	.   0.01	2c6qH  234  G
ENSP00000382414	 rs1042151	Atg	Gtg	M	V	105  	.   0.01	3lqzB   89  M
ENSP00000382414	 rs1042151	Atg	Gtg	M	V	105  	.   0.01	3wexB   82  M
ENSP00000382414	 rs1042151	Atg	Gtg	M	V	105  	.   0.01	3wexD   82  M
ENSP00000382414	 rs1042151	Atg	Gtg	M	V	105  	.   0.01	3wexF   82  M
ENSP00000382414	 rs1042151	Atg	Gtg	M	V	105  	.   0.01	3wexH   82  M
ENSP00000382414	 rs1042151	Atg	Gtg	M	V	105  	.   0.01	4p4kB   86  M
ENSP00000382414	 rs1042151	Atg	Gtg	M	V	105  	.   0.01	4p4kF   86  M
ENSP00000382414	 rs1042151	Atg	Gtg	M	V	105  	.   0.01	4p4rB   86  M
ENSP00000382414	 rs1042151	Atg	Gtg	M	V	105  	.   0.01	4p4rD   86  M
ENSP00000382414	 rs1042151	Atg	Gtg	M	V	105  	.   0.01	4p57B   90  M
ENSP00000382414	 rs1042151	Atg	Gtg	M	V	105  	.   0.01	4p57D   89  M
ENSP00000382414	 rs1042151	Atg	Gtg	M	V	105  	.   0.01	4p5kB   89  M
ENSP00000382414	 rs1042151	Atg	Gtg	M	V	105  	.   0.01	4p5kD   89  M
ENSP00000382414	 rs1042151	Atg	Gtg	M	V	105  	.   0.01	4p5mB   86  M
ENSP00000382414	 rs1042151	Atg	Gtg	M	V	105  	.   0.01	4p5mD   86  M
ENSP00000382414	 rs1042151	Atg	Gtg	M	V	105  	.   0.01	4p5mF   86  M
ENSP00000382414	 rs1042151	Atg	Gtg	M	V	105  	.   0.01	4p5mH   87  M
ENSP00000382414	rs41558014	aCg	aTg	T	M	16   	*   0.79	3wexB    7  N
ENSP00000382414	rs41558014	aCg	aTg	T	M	16   	*   0.79	3wexD    7  N
ENSP00000382414	rs41558014	aCg	aTg	T	M	16   	*   0.79	3wexF    7  N
ENSP00000382414	rs41558014	aCg	aTg	T	M	16   	*   0.79	3wexH    7  N
ENSP00000382414	rs41558014	aCg	aTg	T	M	16   	*   0.79	4p5mB   12  K
ENSP00000382414	rs41558014	aCg	aTg	T	M	16   	*   0.79	4p5mD   12  K
ENSP00000382414	rs41558014	aCg	aTg	T	M	16   	*   0.79	4p5mF   12  K
ENSP00000382414	rs41541915	cGc	cAc	R	H	120  	.   0.02	3lqzB  104  R
ENSP00000382414	rs41541915	cGc	cAc	R	H	120  	.   0.02	3wexB   97  R
ENSP00000382414	rs41541915	cGc	cAc	R	H	120  	.   0.02	3wexD   97  R
ENSP00000382414	rs41541915	cGc	cAc	R	H	120  	.   0.02	3wexF   97  R
ENSP00000382414	rs41541915	cGc	cAc	R	H	120  	.   0.02	3wexH   97  R
ENSP00000382414	rs41541915	cGc	cAc	R	H	120  	.   0.02	4p4kB  101  R
ENSP00000382414	rs41541915	cGc	cAc	R	H	120  	.   0.02	4p4kF  101  R
ENSP00000382414	rs41541915	cGc	cAc	R	H	120  	.   0.02	4p4rB  101  R
ENSP00000382414	rs41541915	cGc	cAc	R	H	120  	.   0.02	4p4rD  101  R
ENSP00000382414	rs41541915	cGc	cAc	R	H	120  	.   0.02	4p57B  105  R
ENSP00000382414	rs41541915	cGc	cAc	R	H	120  	.   0.02	4p57D  104  R
ENSP00000382414	rs41541915	cGc	cAc	R	H	120  	.   0.02	4p5kB  104  R
ENSP00000382414	rs41541915	cGc	cAc	R	H	120  	.   0.02	4p5kD  104  R
ENSP00000382414	rs41541915	cGc	cAc	R	H	120  	.   0.02	4p5mB  101  R
ENSP00000382414	rs41541915	cGc	cAc	R	H	120  	.   0.02	4p5mD  101  R
ENSP00000382414	rs41541915	cGc	cAc	R	H	120  	.   0.02	4p5mF  101  R
ENSP00000382414	rs41541915	cGc	cAc	R	H	120  	.   0.02	4p5mH  102  R
ENSP00000382422	 rs1042151	Atg	Gtg	M	V	105  	.   0.01	3lqzB   89  M
ENSP00000382422	 rs1042151	Atg	Gtg	M	V	105  	.   0.01	3wexB   82  M
ENSP00000382422	 rs1042151	Atg	Gtg	M	V	105  	.   0.01	3wexD   82  M
ENSP00000382422	 rs1042151	Atg	Gtg	M	V	105  	.   0.01	3wexF   82  M
ENSP00000382422	 rs1042151	Atg	Gtg	M	V	105  	.   0.01	3wexH   82  M
ENSP00000382422	 rs1042151	Atg	Gtg	M	V	105  	.   0.01	4p4kB   86  M
ENSP00000382422	 rs1042151	Atg	Gtg	M	V	105  	.   0.01	4p4kF   86  M
ENSP00000382422	 rs1042151	Atg	Gtg	M	V	105  	.   0.01	4p4rB   86  M
ENSP00000382422	 rs1042151	Atg	Gtg	M	V	105  	.   0.01	4p4rD   86  M
ENSP00000382422	 rs1042151	Atg	Gtg	M	V	105  	.   0.01	4p57B   90  M
ENSP00000382422	 rs1042151	Atg	Gtg	M	V	105  	.   0.01	4p57D   89  M
ENSP00000382422	 rs1042151	Atg	Gtg	M	V	105  	.   0.01	4p5kB   89  M
ENSP00000382422	 rs1042151	Atg	Gtg	M	V	105  	.   0.01	4p5kD   89  M
ENSP00000382422	 rs1042151	Atg	Gtg	M	V	105  	.   0.01	4p5mB   86  M
ENSP00000382422	 rs1042151	Atg	Gtg	M	V	105  	.   0.01	4p5mD   86  M
ENSP00000382422	 rs1042151	Atg	Gtg	M	V	105  	.   0.01	4p5mF   86  M
ENSP00000382422	 rs1042151	Atg	Gtg	M	V	105  	.   0.01	4p5mH   87  M
ENSP00000382422	rs41558014	aCg	aTg	T	M	16   	*    0.7	3wexB    7  N
ENSP00000382422	rs41558014	aCg	aTg	T	M	16   	*    0.7	3wexD    7  N
ENSP00000382422	rs41558014	aCg	aTg	T	M	16   	*    0.7	3wexF    7  N
ENSP00000382422	rs41558014	aCg	aTg	T	M	16   	*    0.7	3wexH    7  N
ENSP00000382422	rs41558014	aCg	aTg	T	M	16   	*    0.7	4p5mB   12  K
ENSP00000382422	rs41558014	aCg	aTg	T	M	16   	*    0.7	4p5mD   12  K
ENSP00000382422	rs41558014	aCg	aTg	T	M	16   	*    0.7	4p5mF   12  K
ENSP00000382422	rs41541915	cGc	cAc	R	H	120  	.   0.02	3lqzB  104  R
ENSP00000382422	rs41541915	cGc	cAc	R	H	120  	.   0.02	3wexB   97  R
ENSP00000382422	rs41541915	cGc	cAc	R	H	120  	.   0.02	3wexD   97  R
ENSP00000382422	rs41541915	cGc	cAc	R	H	120  	.   0.02	3wexF   97  R
ENSP00000382422	rs41541915	cGc	cAc	R	H	120  	.   0.02	3wexH   97  R
ENSP00000382422	rs41541915	cGc	cAc	R	H	120  	.   0.02	4p4kB  101  R
ENSP00000382422	rs41541915	cGc	cAc	R	H	120  	.   0.02	4p4kF  101  R
ENSP00000382422	rs41541915	cGc	cAc	R	H	120  	.   0.02	4p4rB  101  R
ENSP00000382422	rs41541915	cGc	cAc	R	H	120  	.   0.02	4p4rD  101  R
ENSP00000382422	rs41541915	cGc	cAc	R	H	120  	.   0.02	4p57B  105  R
ENSP00000382422	rs41541915	cGc	cAc	R	H	120  	.   0.02	4p57D  104  R
ENSP00000382422	rs41541915	cGc	cAc	R	H	120  	.   0.02	4p5kB  104  R
ENSP00000382422	rs41541915	cGc	cAc	R	H	120  	.   0.02	4p5kD  104  R
ENSP00000382422	rs41541915	cGc	cAc	R	H	120  	.   0.02	4p5mB  101  R
ENSP00000382422	rs41541915	cGc	cAc	R	H	120  	.   0.02	4p5mD  101  R
ENSP00000382422	rs41541915	cGc	cAc	R	H	120  	.   0.02	4p5mF  101  R
ENSP00000382422	rs41541915	cGc	cAc	R	H	120  	.   0.02	4p5mH  102  R
ENSP00000382516	   rs17587	cGc	cAc	R	H	37   	.   0.01	3unfN   40  R
ENSP00000382516	   rs17587	cGc	cAc	R	H	37   	.   0.01	3unhN   40  R
ENSP00000382516	   rs17587	cGc	cAc	R	H	37   	.   0.01	6avoA   40  R
ENSP00000382516	   rs17587	cGc	cAc	R	H	37   	.   0.01	6avoF   40  R
ENSP00000382516	   rs17587	cGc	cTc	R	L	37   	.   0.01	3unfN   40  R
ENSP00000382516	   rs17587	cGc	cTc	R	L	37   	.   0.01	3unhN   40  R
ENSP00000382516	   rs17587	cGc	cTc	R	L	37   	.   0.01	6avoA   40  R
ENSP00000382516	   rs17587	cGc	cTc	R	L	37   	.   0.01	6avoF   40  R
ENSP00000382516	   rs20547	gcA	gcG	A	A	138  	.   0.01	3unfN  141  A
ENSP00000382516	   rs20547	gcA	gcG	A	A	138  	.   0.01	3unhN  141  A
ENSP00000382516	   rs20547	gcA	gcG	A	A	138  	.   0.01	6avoA  141  A
ENSP00000382516	   rs20547	gcA	gcG	A	A	138  	.   0.01	6avoF  141  A
ENSP00000382516	  rs241419	Gtt	Att	V	I	9    	.   0.01	3unfN   12  V
ENSP00000382516	  rs241419	Gtt	Att	V	I	9    	.   0.01	3unhN   12  V
ENSP00000382516	  rs241419	Gtt	Att	V	I	9    	.   0.01	6avoA   12  V
ENSP00000382516	  rs241419	Gtt	Att	V	I	9    	.   0.01	6avoF   12  V
ENSP00000382516	  rs241419	Gtt	Ctt	V	L	9    	.   0.01	3unfN   12  V
ENSP00000382516	  rs241419	Gtt	Ctt	V	L	9    	.   0.01	3unhN   12  V
ENSP00000382516	  rs241419	Gtt	Ctt	V	L	9    	.   0.01	6avoA   12  V
ENSP00000382516	  rs241419	Gtt	Ctt	V	L	9    	.   0.01	6avoF   12  V
ENSP00000382516	rs17213861	Cgc	Tgc	R	C	150  	.   0.01	3unfN  153  R
ENSP00000382516	rs17213861	Cgc	Tgc	R	C	150  	.   0.01	3unhN  153  R
ENSP00000382516	rs17213861	Cgc	Tgc	R	C	150  	.   0.01	6avoA  153  R
ENSP00000382516	rs17213861	Cgc	Tgc	R	C	150  	.   0.01	6avoF  153  R
ENSP00000382528	   rs20547	gcA	gcG	A	A	117  	.   0.01	6avoA  141  A
ENSP00000382528	   rs20547	gcA	gcG	A	A	117  	.   0.01	6avoF  141  A
ENSP00000382528	  rs241419	Gtt	Att	V	I	32   	.   0.01	6avoA   12  V
ENSP00000382528	  rs241419	Gtt	Att	V	I	32   	.   0.01	6avoF   12  V
ENSP00000382528	  rs241419	Gtt	Ctt	V	L	32   	.   0.01	6avoA   12  V
ENSP00000382528	  rs241419	Gtt	Ctt	V	L	32   	.   0.01	6avoF   12  V
ENSP00000382528	rs17213861	Cgc	Tgc	R	C	129  	.   0.01	6avoA  153  R
ENSP00000382528	rs17213861	Cgc	Tgc	R	C	129  	.   0.01	6avoF  153  R
ENSP00000382578	 rs1130368	Atg	Ctg	M	L	46   	.   0.01	1jk8B   12  M
ENSP00000382578	 rs1130368	Atg	Ctg	M	L	46   	.   0.01	1s9vB   12  M
ENSP00000382578	 rs1130368	Atg	Ctg	M	L	46   	.   0.01	1s9vE   12  M
ENSP00000382578	 rs1130368	Atg	Ctg	M	L	46   	.   0.01	1uvqB   12  M
ENSP00000382578	 rs1130368	Atg	Ctg	M	L	46   	.   0.01	2nnaB   16  M
ENSP00000382578	 rs1130368	Atg	Ctg	M	L	46   	.   0.01	3pl6B   12  L
ENSP00000382578	 rs1130368	Atg	Ctg	M	L	46   	.   0.01	4d8pB   25  M
ENSP00000382578	 rs1130368	Atg	Ctg	M	L	46   	.   0.01	4d8pD   25  M
ENSP00000382578	 rs1130368	Atg	Ctg	M	L	46   	.   0.01	4gg6B   12  M
ENSP00000382578	 rs1130368	Atg	Ctg	M	L	46   	.   0.01	4gg6D   13  M
ENSP00000382578	 rs1130368	Atg	Ctg	M	L	46   	.   0.01	4grlB   12  L
ENSP00000382578	 rs1130368	Atg	Ctg	M	L	46   	.   0.01	4mayB   12  L
ENSP00000382578	 rs1130368	Atg	Ctg	M	L	46   	.   0.01	4ozfB   12  M
ENSP00000382578	 rs1130368	Atg	Ctg	M	L	46   	.   0.01	4ozgB   12  M
ENSP00000382578	 rs1130368	Atg	Ctg	M	L	46   	.   0.01	4ozgD   12  M
ENSP00000382578	 rs1130368	Atg	Ctg	M	L	46   	.   0.01	4ozhB   12  M
ENSP00000382578	 rs1130368	Atg	Ctg	M	L	46   	.   0.01	4ozhD   12  M
ENSP00000382578	 rs1130368	Atg	Ctg	M	L	46   	.   0.01	4oziB   12  M
ENSP00000382578	 rs1130368	Atg	Ctg	M	L	46   	.   0.01	4oziD   12  M
ENSP00000382578	 rs1130368	Atg	Ctg	M	L	46   	.   0.01	4z7uB   13  M
ENSP00000382578	 rs1130368	Atg	Ctg	M	L	46   	.   0.01	4z7uD   13  M
ENSP00000382578	 rs1130368	Atg	Ctg	M	L	46   	.   0.01	4z7vB   12  M
ENSP00000382578	 rs1130368	Atg	Ctg	M	L	46   	.   0.01	4z7vD   13  M
ENSP00000382578	 rs1130368	Atg	Ctg	M	L	46   	.   0.01	4z7wB   12  M
ENSP00000382578	 rs1130368	Atg	Ctg	M	L	46   	.   0.01	4z7wD   12  M
ENSP00000382578	 rs1130368	Atg	Ctg	M	L	46   	.   0.01	5ks9B   13  M
ENSP00000382578	 rs1130368	Atg	Ctg	M	L	46   	.   0.01	5ks9D   13  M
ENSP00000382578	 rs1130368	Atg	Ctg	M	L	46   	.   0.01	5ksaB   13  M
ENSP00000382578	 rs1130368	Atg	Ctg	M	L	46   	.   0.01	5ksbB   13  M
ENSP00000382578	 rs1130368	Atg	Ctg	M	L	46   	.   0.01	5ksbD   13  M
ENSP00000382578	 rs1130368	Atg	Ctg	M	L	46   	.   0.01	5ksuB   12  M
ENSP00000382578	 rs1130368	Atg	Ctg	M	L	46   	.   0.01	5ksuE   12  M
ENSP00000382578	 rs1130368	Atg	Ctg	M	L	46   	.   0.01	5ksvB   12  M
ENSP00000382578	 rs1130368	Atg	Ctg	M	L	46   	.   0.01	5ujtB   12  M
ENSP00000382578	 rs1130368	Atg	Ctg	M	L	46   	.   0.01	5ujtE   12  M
ENSP00000382578	 rs1130368	Atg	Ctg	M	L	46   	.   0.01	5ujtH   12  M
ENSP00000382578	 rs1140310	cgT	cgG	R	R	57   	.   0.01	1jk8B   23  R
ENSP00000382578	 rs1140310	cgT	cgG	R	R	57   	.   0.01	1s9vB   23  R
ENSP00000382578	 rs1140310	cgT	cgG	R	R	57   	.   0.01	1s9vE   23  R
ENSP00000382578	 rs1140310	cgT	cgG	R	R	57   	.   0.01	1uvqB   23  R
ENSP00000382578	 rs1140310	cgT	cgG	R	R	57   	.   0.01	2nnaB   27  R
ENSP00000382578	 rs1140310	cgT	cgG	R	R	57   	.   0.01	3pl6B   23  R
ENSP00000382578	 rs1140310	cgT	cgG	R	R	57   	.   0.01	4d8pB   36  R
ENSP00000382578	 rs1140310	cgT	cgG	R	R	57   	.   0.01	4d8pD   36  R
ENSP00000382578	 rs1140310	cgT	cgG	R	R	57   	.   0.01	4gg6B   23  R
ENSP00000382578	 rs1140310	cgT	cgG	R	R	57   	.   0.01	4gg6D   24  R
ENSP00000382578	 rs1140310	cgT	cgG	R	R	57   	.   0.01	4grlB   23  R
ENSP00000382578	 rs1140310	cgT	cgG	R	R	57   	.   0.01	4mayB   23  R
ENSP00000382578	 rs1140310	cgT	cgG	R	R	57   	.   0.01	4ozfB   23  R
ENSP00000382578	 rs1140310	cgT	cgG	R	R	57   	.   0.01	4ozgB   23  R
ENSP00000382578	 rs1140310	cgT	cgG	R	R	57   	.   0.01	4ozgD   23  R
ENSP00000382578	 rs1140310	cgT	cgG	R	R	57   	.   0.01	4ozhB   23  R
ENSP00000382578	 rs1140310	cgT	cgG	R	R	57   	.   0.01	4ozhD   23  R
ENSP00000382578	 rs1140310	cgT	cgG	R	R	57   	.   0.01	4oziB   23  R
ENSP00000382578	 rs1140310	cgT	cgG	R	R	57   	.   0.01	4oziD   23  R
ENSP00000382578	 rs1140310	cgT	cgG	R	R	57   	.   0.01	4z7uB   24  R
ENSP00000382578	 rs1140310	cgT	cgG	R	R	57   	.   0.01	4z7uD   24  R
ENSP00000382578	 rs1140310	cgT	cgG	R	R	57   	.   0.01	4z7vB   23  R
ENSP00000382578	 rs1140310	cgT	cgG	R	R	57   	.   0.01	4z7vD   24  R
ENSP00000382578	 rs1140310	cgT	cgG	R	R	57   	.   0.01	4z7wB   23  R
ENSP00000382578	 rs1140310	cgT	cgG	R	R	57   	.   0.01	4z7wD   23  R
ENSP00000382578	 rs1140310	cgT	cgG	R	R	57   	.   0.01	5ks9B   24  R
ENSP00000382578	 rs1140310	cgT	cgG	R	R	57   	.   0.01	5ks9D   24  R
ENSP00000382578	 rs1140310	cgT	cgG	R	R	57   	.   0.01	5ksaB   24  R
ENSP00000382578	 rs1140310	cgT	cgG	R	R	57   	.   0.01	5ksbB   24  R
ENSP00000382578	 rs1140310	cgT	cgG	R	R	57   	.   0.01	5ksbD   24  R
ENSP00000382578	 rs1140310	cgT	cgG	R	R	57   	.   0.01	5ksuB   23  R
ENSP00000382578	 rs1140310	cgT	cgG	R	R	57   	.   0.01	5ksuE   23  R
ENSP00000382578	 rs1140310	cgT	cgG	R	R	57   	.   0.01	5ksvB   23  R
ENSP00000382578	 rs1140310	cgT	cgG	R	R	57   	.   0.01	5ujtB   23  R
ENSP00000382578	 rs1140310	cgT	cgG	R	R	57   	.   0.01	5ujtE   23  R
ENSP00000382578	 rs1140310	cgT	cgG	R	R	57   	.   0.01	5ujtH   23  R
ENSP00000382578	rs12722107	Tac	Cac	Y	H	41   	.   0.01	1jk8B    7  Y
ENSP00000382578	rs12722107	Tac	Cac	Y	H	41   	.   0.01	1s9vB    7  Y
ENSP00000382578	rs12722107	Tac	Cac	Y	H	41   	.   0.01	1s9vE    7  Y
ENSP00000382578	rs12722107	Tac	Cac	Y	H	41   	.   0.01	1uvqB    7  F
ENSP00000382578	rs12722107	Tac	Cac	Y	H	41   	.   0.01	2nnaB   11  Y
ENSP00000382578	rs12722107	Tac	Cac	Y	H	41   	.   0.01	3pl6B    7  Y
ENSP00000382578	rs12722107	Tac	Cac	Y	H	41   	.   0.01	4d8pB   20  Y
ENSP00000382578	rs12722107	Tac	Cac	Y	H	41   	.   0.01	4d8pD   20  Y
ENSP00000382578	rs12722107	Tac	Cac	Y	H	41   	.   0.01	4gg6B    7  Y
ENSP00000382578	rs12722107	Tac	Cac	Y	H	41   	.   0.01	4gg6D    8  Y
ENSP00000382578	rs12722107	Tac	Cac	Y	H	41   	.   0.01	4grlB    7  Y
ENSP00000382578	rs12722107	Tac	Cac	Y	H	41   	.   0.01	4mayB    7  Y
ENSP00000382578	rs12722107	Tac	Cac	Y	H	41   	.   0.01	4ozfB    7  Y
ENSP00000382578	rs12722107	Tac	Cac	Y	H	41   	.   0.01	4ozgB    7  Y
ENSP00000382578	rs12722107	Tac	Cac	Y	H	41   	.   0.01	4ozgD    7  Y
ENSP00000382578	rs12722107	Tac	Cac	Y	H	41   	.   0.01	4ozhB    7  Y
ENSP00000382578	rs12722107	Tac	Cac	Y	H	41   	.   0.01	4ozhD    7  Y
ENSP00000382578	rs12722107	Tac	Cac	Y	H	41   	.   0.01	4oziB    7  Y
ENSP00000382578	rs12722107	Tac	Cac	Y	H	41   	.   0.01	4oziD    7  Y
ENSP00000382578	rs12722107	Tac	Cac	Y	H	41   	.   0.01	4z7uB    8  Y
ENSP00000382578	rs12722107	Tac	Cac	Y	H	41   	.   0.01	4z7uD    8  Y
ENSP00000382578	rs12722107	Tac	Cac	Y	H	41   	.   0.01	4z7vB    7  Y
ENSP00000382578	rs12722107	Tac	Cac	Y	H	41   	.   0.01	4z7vD    8  Y
ENSP00000382578	rs12722107	Tac	Cac	Y	H	41   	.   0.01	4z7wB    7  Y
ENSP00000382578	rs12722107	Tac	Cac	Y	H	41   	.   0.01	4z7wD    7  Y
ENSP00000382578	rs12722107	Tac	Cac	Y	H	41   	.   0.01	5ks9B    8  Y
ENSP00000382578	rs12722107	Tac	Cac	Y	H	41   	.   0.01	5ks9D    8  Y
ENSP00000382578	rs12722107	Tac	Cac	Y	H	41   	.   0.01	5ksaB    8  Y
ENSP00000382578	rs12722107	Tac	Cac	Y	H	41   	.   0.01	5ksbB    8  Y
ENSP00000382578	rs12722107	Tac	Cac	Y	H	41   	.   0.01	5ksbD    8  Y
ENSP00000382578	rs12722107	Tac	Cac	Y	H	41   	.   0.01	5ksuB    7  Y
ENSP00000382578	rs12722107	Tac	Cac	Y	H	41   	.   0.01	5ksuE    7  Y
ENSP00000382578	rs12722107	Tac	Cac	Y	H	41   	.   0.01	5ksvB    7  Y
ENSP00000382578	rs12722107	Tac	Cac	Y	H	41   	.   0.01	5ujtB    7  Y
ENSP00000382578	rs12722107	Tac	Cac	Y	H	41   	.   0.01	5ujtE    7  Y
ENSP00000382578	rs12722107	Tac	Cac	Y	H	41   	.   0.01	5ujtH    7  Y
ENSP00000382578	rs12722107	Tac	Aac	Y	N	41   	.   0.01	1jk8B    7  Y
ENSP00000382578	rs12722107	Tac	Aac	Y	N	41   	.   0.01	1s9vB    7  Y
ENSP00000382578	rs12722107	Tac	Aac	Y	N	41   	.   0.01	1s9vE    7  Y
ENSP00000382578	rs12722107	Tac	Aac	Y	N	41   	.   0.01	1uvqB    7  F
ENSP00000382578	rs12722107	Tac	Aac	Y	N	41   	.   0.01	2nnaB   11  Y
ENSP00000382578	rs12722107	Tac	Aac	Y	N	41   	.   0.01	3pl6B    7  Y
ENSP00000382578	rs12722107	Tac	Aac	Y	N	41   	.   0.01	4d8pB   20  Y
ENSP00000382578	rs12722107	Tac	Aac	Y	N	41   	.   0.01	4d8pD   20  Y
ENSP00000382578	rs12722107	Tac	Aac	Y	N	41   	.   0.01	4gg6B    7  Y
ENSP00000382578	rs12722107	Tac	Aac	Y	N	41   	.   0.01	4gg6D    8  Y
ENSP00000382578	rs12722107	Tac	Aac	Y	N	41   	.   0.01	4grlB    7  Y
ENSP00000382578	rs12722107	Tac	Aac	Y	N	41   	.   0.01	4mayB    7  Y
ENSP00000382578	rs12722107	Tac	Aac	Y	N	41   	.   0.01	4ozfB    7  Y
ENSP00000382578	rs12722107	Tac	Aac	Y	N	41   	.   0.01	4ozgB    7  Y
ENSP00000382578	rs12722107	Tac	Aac	Y	N	41   	.   0.01	4ozgD    7  Y
ENSP00000382578	rs12722107	Tac	Aac	Y	N	41   	.   0.01	4ozhB    7  Y
ENSP00000382578	rs12722107	Tac	Aac	Y	N	41   	.   0.01	4ozhD    7  Y
ENSP00000382578	rs12722107	Tac	Aac	Y	N	41   	.   0.01	4oziB    7  Y
ENSP00000382578	rs12722107	Tac	Aac	Y	N	41   	.   0.01	4oziD    7  Y
ENSP00000382578	rs12722107	Tac	Aac	Y	N	41   	.   0.01	4z7uB    8  Y
ENSP00000382578	rs12722107	Tac	Aac	Y	N	41   	.   0.01	4z7uD    8  Y
ENSP00000382578	rs12722107	Tac	Aac	Y	N	41   	.   0.01	4z7vB    7  Y
ENSP00000382578	rs12722107	Tac	Aac	Y	N	41   	.   0.01	4z7vD    8  Y
ENSP00000382578	rs12722107	Tac	Aac	Y	N	41   	.   0.01	4z7wB    7  Y
ENSP00000382578	rs12722107	Tac	Aac	Y	N	41   	.   0.01	4z7wD    7  Y
ENSP00000382578	rs12722107	Tac	Aac	Y	N	41   	.   0.01	5ks9B    8  Y
ENSP00000382578	rs12722107	Tac	Aac	Y	N	41   	.   0.01	5ks9D    8  Y
ENSP00000382578	rs12722107	Tac	Aac	Y	N	41   	.   0.01	5ksaB    8  Y
ENSP00000382578	rs12722107	Tac	Aac	Y	N	41   	.   0.01	5ksbB    8  Y
ENSP00000382578	rs12722107	Tac	Aac	Y	N	41   	.   0.01	5ksbD    8  Y
ENSP00000382578	rs12722107	Tac	Aac	Y	N	41   	.   0.01	5ksuB    7  Y
ENSP00000382578	rs12722107	Tac	Aac	Y	N	41   	.   0.01	5ksuE    7  Y
ENSP00000382578	rs12722107	Tac	Aac	Y	N	41   	.   0.01	5ksvB    7  Y
ENSP00000382578	rs12722107	Tac	Aac	Y	N	41   	.   0.01	5ujtB    7  Y
ENSP00000382578	rs12722107	Tac	Aac	Y	N	41   	.   0.01	5ujtE    7  Y
ENSP00000382578	rs12722107	Tac	Aac	Y	N	41   	.   0.01	5ujtH    7  Y
ENSP00000382583	  rs707951	atC	atT	I	I	131  	.   0.01	1jk8A  106  I
ENSP00000382583	  rs707951	atC	atT	I	I	131  	.   0.01	1s9vA  105  I
ENSP00000382583	  rs707951	atC	atT	I	I	131  	.   0.01	1s9vD  105  I
ENSP00000382583	  rs707951	atC	atT	I	I	131  	.   0.01	1uvqA  108  I
ENSP00000382583	  rs707951	atC	atT	I	I	131  	.   0.01	2nnaA  108  I
ENSP00000382583	  rs707951	atC	atT	I	I	131  	.   0.01	3pl6A  108  I
ENSP00000382583	  rs707951	atC	atT	I	I	131  	.   0.01	4d8pA  108  I
ENSP00000382583	  rs707951	atC	atT	I	I	131  	.   0.01	4d8pC  108  I
ENSP00000382583	  rs707951	atC	atT	I	I	131  	.   0.01	4gg6A  108  I
ENSP00000382583	  rs707951	atC	atT	I	I	131  	.   0.01	4gg6C  108  I
ENSP00000382583	  rs707951	atC	atT	I	I	131  	.   0.01	4grlA  108  I
ENSP00000382583	  rs707951	atC	atT	I	I	131  	.   0.01	4mayA  107  I
ENSP00000382583	  rs707951	atC	atT	I	I	131  	.   0.01	4ozfA  106  I
ENSP00000382583	  rs707951	atC	atT	I	I	131  	.   0.01	4ozgA  106  I
ENSP00000382583	  rs707951	atC	atT	I	I	131  	.   0.01	4ozgC  106  I
ENSP00000382583	  rs707951	atC	atT	I	I	131  	.   0.01	4ozhA  106  I
ENSP00000382583	  rs707951	atC	atT	I	I	131  	.   0.01	4ozhC  106  I
ENSP00000382583	  rs707951	atC	atT	I	I	131  	.   0.01	4oziA  106  I
ENSP00000382583	  rs707951	atC	atT	I	I	131  	.   0.01	4oziC  106  I
ENSP00000382583	  rs707951	atC	atT	I	I	131  	.   0.01	4z7uA  108  I
ENSP00000382583	  rs707951	atC	atT	I	I	131  	.   0.01	4z7uC  108  I
ENSP00000382583	  rs707951	atC	atT	I	I	131  	.   0.01	4z7vA  106  I
ENSP00000382583	  rs707951	atC	atT	I	I	131  	.   0.01	4z7vC  106  I
ENSP00000382583	  rs707951	atC	atT	I	I	131  	.   0.01	4z7wA  107  I
ENSP00000382583	  rs707951	atC	atT	I	I	131  	.   0.01	4z7wC  107  I
ENSP00000382583	  rs707951	atC	atT	I	I	131  	.   0.01	5ks9A  108  I
ENSP00000382583	  rs707951	atC	atT	I	I	131  	.   0.01	5ks9C  108  I
ENSP00000382583	  rs707951	atC	atT	I	I	131  	.   0.01	5ksaA  107  I
ENSP00000382583	  rs707951	atC	atT	I	I	131  	.   0.01	5ksbA  107  I
ENSP00000382583	  rs707951	atC	atT	I	I	131  	.   0.01	5ksbC  107  I
ENSP00000382583	  rs707951	atC	atT	I	I	131  	.   0.01	5ksuA  107  I
ENSP00000382583	  rs707951	atC	atT	I	I	131  	.   0.01	5ksuD  107  I
ENSP00000382583	  rs707951	atC	atT	I	I	131  	.   0.01	5ksvA  106  I
ENSP00000382583	  rs707951	atC	atT	I	I	131  	.   0.01	5ujtA  108  I
ENSP00000382583	  rs707951	atC	atT	I	I	131  	.   0.01	5ujtD  109  I
ENSP00000382583	  rs707951	atC	atT	I	I	131  	.   0.01	5ujtG  110  I
ENSP00000382583	 rs1142333	aCa	aGa	T	R	86   	.   0.02	1jk8A   61  T
ENSP00000382583	 rs1142333	aCa	aGa	T	R	86   	.   0.02	1s9vA   60  T
ENSP00000382583	 rs1142333	aCa	aGa	T	R	86   	.   0.02	1s9vD   60  T
ENSP00000382583	 rs1142333	aCa	aGa	T	R	86   	.   0.02	1uvqA   63  R
ENSP00000382583	 rs1142333	aCa	aGa	T	R	86   	.   0.02	2nnaA   63  T
ENSP00000382583	 rs1142333	aCa	aGa	T	R	86   	.   0.02	3pl6A   63  R
ENSP00000382583	 rs1142333	aCa	aGa	T	R	86   	.   0.02	4d8pA   63  T
ENSP00000382583	 rs1142333	aCa	aGa	T	R	86   	.   0.02	4d8pC   63  T
ENSP00000382583	 rs1142333	aCa	aGa	T	R	86   	.   0.02	4gg6A   63  T
ENSP00000382583	 rs1142333	aCa	aGa	T	R	86   	.   0.02	4gg6C   63  T
ENSP00000382583	 rs1142333	aCa	aGa	T	R	86   	.   0.02	4grlA   63  R
ENSP00000382583	 rs1142333	aCa	aGa	T	R	86   	.   0.02	4mayA   62  R
ENSP00000382583	 rs1142333	aCa	aGa	T	R	86   	.   0.02	4ozfA   61  T
ENSP00000382583	 rs1142333	aCa	aGa	T	R	86   	.   0.02	4ozgA   61  T
ENSP00000382583	 rs1142333	aCa	aGa	T	R	86   	.   0.02	4ozgC   61  T
ENSP00000382583	 rs1142333	aCa	aGa	T	R	86   	.   0.02	4ozhA   61  T
ENSP00000382583	 rs1142333	aCa	aGa	T	R	86   	.   0.02	4ozhC   61  T
ENSP00000382583	 rs1142333	aCa	aGa	T	R	86   	.   0.02	4oziA   61  T
ENSP00000382583	 rs1142333	aCa	aGa	T	R	86   	.   0.02	4oziC   61  T
ENSP00000382583	 rs1142333	aCa	aGa	T	R	86   	.   0.02	4z7uA   63  T
ENSP00000382583	 rs1142333	aCa	aGa	T	R	86   	.   0.02	4z7uC   63  T
ENSP00000382583	 rs1142333	aCa	aGa	T	R	86   	.   0.02	4z7vA   61  T
ENSP00000382583	 rs1142333	aCa	aGa	T	R	86   	.   0.02	4z7vC   61  T
ENSP00000382583	 rs1142333	aCa	aGa	T	R	86   	.   0.02	4z7wA   62  T
ENSP00000382583	 rs1142333	aCa	aGa	T	R	86   	.   0.02	4z7wC   62  T
ENSP00000382583	 rs1142333	aCa	aGa	T	R	86   	.   0.02	5ks9A   63  T
ENSP00000382583	 rs1142333	aCa	aGa	T	R	86   	.   0.02	5ks9C   63  T
ENSP00000382583	 rs1142333	aCa	aGa	T	R	86   	.   0.02	5ksaA   62  T
ENSP00000382583	 rs1142333	aCa	aGa	T	R	86   	.   0.02	5ksbA   62  T
ENSP00000382583	 rs1142333	aCa	aGa	T	R	86   	.   0.02	5ksbC   62  T
ENSP00000382583	 rs1142333	aCa	aGa	T	R	86   	.   0.02	5ksuA   62  T
ENSP00000382583	 rs1142333	aCa	aGa	T	R	86   	.   0.02	5ksuD   62  T
ENSP00000382583	 rs1142333	aCa	aGa	T	R	86   	.   0.02	5ksvA   61  T
ENSP00000382583	 rs1142333	aCa	aGa	T	R	86   	.   0.02	5ujtA   63  T
ENSP00000382583	 rs1142333	aCa	aGa	T	R	86   	.   0.02	5ujtD   64  T
ENSP00000382583	 rs1142333	aCa	aGa	T	R	86   	.   0.02	5ujtG   65  T
ENSP00000382583	 rs1129808	tCc	tAc	S	Y	102  	.   0.07	1jk8A   77  S
ENSP00000382583	 rs1129808	tCc	tAc	S	Y	102  	.   0.07	1s9vA   76  S
ENSP00000382583	 rs1129808	tCc	tAc	S	Y	102  	.   0.07	1s9vD   76  S
ENSP00000382583	 rs1129808	tCc	tAc	S	Y	102  	.   0.07	1uvqA   79  Y
ENSP00000382583	 rs1129808	tCc	tAc	S	Y	102  	.   0.07	2nnaA   79  S
ENSP00000382583	 rs1129808	tCc	tAc	S	Y	102  	.   0.07	3pl6A   79  Y
ENSP00000382583	 rs1129808	tCc	tAc	S	Y	102  	.   0.07	4d8pA   79  S
ENSP00000382583	 rs1129808	tCc	tAc	S	Y	102  	.   0.07	4d8pC   79  S
ENSP00000382583	 rs1129808	tCc	tAc	S	Y	102  	.   0.07	4gg6A   79  S
ENSP00000382583	 rs1129808	tCc	tAc	S	Y	102  	.   0.07	4gg6C   79  S
ENSP00000382583	 rs1129808	tCc	tAc	S	Y	102  	.   0.07	4grlA   79  Y
ENSP00000382583	 rs1129808	tCc	tAc	S	Y	102  	.   0.07	4mayA   78  Y
ENSP00000382583	 rs1129808	tCc	tAc	S	Y	102  	.   0.07	4ozfA   77  S
ENSP00000382583	 rs1129808	tCc	tAc	S	Y	102  	.   0.07	4ozgA   77  S
ENSP00000382583	 rs1129808	tCc	tAc	S	Y	102  	.   0.07	4ozgC   77  S
ENSP00000382583	 rs1129808	tCc	tAc	S	Y	102  	.   0.07	4ozhA   77  S
ENSP00000382583	 rs1129808	tCc	tAc	S	Y	102  	.   0.07	4ozhC   77  S
ENSP00000382583	 rs1129808	tCc	tAc	S	Y	102  	.   0.07	4oziA   77  S
ENSP00000382583	 rs1129808	tCc	tAc	S	Y	102  	.   0.07	4oziC   77  S
ENSP00000382583	 rs1129808	tCc	tAc	S	Y	102  	.   0.07	4z7uA   79  S
ENSP00000382583	 rs1129808	tCc	tAc	S	Y	102  	.   0.07	4z7uC   79  S
ENSP00000382583	 rs1129808	tCc	tAc	S	Y	102  	.   0.07	4z7vA   77  S
ENSP00000382583	 rs1129808	tCc	tAc	S	Y	102  	.   0.07	4z7vC   77  S
ENSP00000382583	 rs1129808	tCc	tAc	S	Y	102  	.   0.07	4z7wA   78  S
ENSP00000382583	 rs1129808	tCc	tAc	S	Y	102  	.   0.07	4z7wC   78  S
ENSP00000382583	 rs1129808	tCc	tAc	S	Y	102  	.   0.07	5ks9A   79  S
ENSP00000382583	 rs1129808	tCc	tAc	S	Y	102  	.   0.07	5ks9C   79  S
ENSP00000382583	 rs1129808	tCc	tAc	S	Y	102  	.   0.07	5ksaA   78  S
ENSP00000382583	 rs1129808	tCc	tAc	S	Y	102  	.   0.07	5ksbA   78  S
ENSP00000382583	 rs1129808	tCc	tAc	S	Y	102  	.   0.07	5ksbC   78  S
ENSP00000382583	 rs1129808	tCc	tAc	S	Y	102  	.   0.07	5ksuA   78  S
ENSP00000382583	 rs1129808	tCc	tAc	S	Y	102  	.   0.07	5ksuD   78  S
ENSP00000382583	 rs1129808	tCc	tAc	S	Y	102  	.   0.07	5ksvA   77  S
ENSP00000382583	 rs1129808	tCc	tAc	S	Y	102  	.   0.07	5ujtA   79  S
ENSP00000382583	 rs1129808	tCc	tAc	S	Y	102  	.   0.07	5ujtD   80  S
ENSP00000382583	 rs1129808	tCc	tAc	S	Y	102  	.   0.07	5ujtG   81  S
ENSP00000382583	 rs1129808	tCc	tGc	S	C	102  	.   0.07	1jk8A   77  S
ENSP00000382583	 rs1129808	tCc	tGc	S	C	102  	.   0.07	1s9vA   76  S
ENSP00000382583	 rs1129808	tCc	tGc	S	C	102  	.   0.07	1s9vD   76  S
ENSP00000382583	 rs1129808	tCc	tGc	S	C	102  	.   0.07	1uvqA   79  Y
ENSP00000382583	 rs1129808	tCc	tGc	S	C	102  	.   0.07	2nnaA   79  S
ENSP00000382583	 rs1129808	tCc	tGc	S	C	102  	.   0.07	3pl6A   79  Y
ENSP00000382583	 rs1129808	tCc	tGc	S	C	102  	.   0.07	4d8pA   79  S
ENSP00000382583	 rs1129808	tCc	tGc	S	C	102  	.   0.07	4d8pC   79  S
ENSP00000382583	 rs1129808	tCc	tGc	S	C	102  	.   0.07	4gg6A   79  S
ENSP00000382583	 rs1129808	tCc	tGc	S	C	102  	.   0.07	4gg6C   79  S
ENSP00000382583	 rs1129808	tCc	tGc	S	C	102  	.   0.07	4grlA   79  Y
ENSP00000382583	 rs1129808	tCc	tGc	S	C	102  	.   0.07	4mayA   78  Y
ENSP00000382583	 rs1129808	tCc	tGc	S	C	102  	.   0.07	4ozfA   77  S
ENSP00000382583	 rs1129808	tCc	tGc	S	C	102  	.   0.07	4ozgA   77  S
ENSP00000382583	 rs1129808	tCc	tGc	S	C	102  	.   0.07	4ozgC   77  S
ENSP00000382583	 rs1129808	tCc	tGc	S	C	102  	.   0.07	4ozhA   77  S
ENSP00000382583	 rs1129808	tCc	tGc	S	C	102  	.   0.07	4ozhC   77  S
ENSP00000382583	 rs1129808	tCc	tGc	S	C	102  	.   0.07	4oziA   77  S
ENSP00000382583	 rs1129808	tCc	tGc	S	C	102  	.   0.07	4oziC   77  S
ENSP00000382583	 rs1129808	tCc	tGc	S	C	102  	.   0.07	4z7uA   79  S
ENSP00000382583	 rs1129808	tCc	tGc	S	C	102  	.   0.07	4z7uC   79  S
ENSP00000382583	 rs1129808	tCc	tGc	S	C	102  	.   0.07	4z7vA   77  S
ENSP00000382583	 rs1129808	tCc	tGc	S	C	102  	.   0.07	4z7vC   77  S
ENSP00000382583	 rs1129808	tCc	tGc	S	C	102  	.   0.07	4z7wA   78  S
ENSP00000382583	 rs1129808	tCc	tGc	S	C	102  	.   0.07	4z7wC   78  S
ENSP00000382583	 rs1129808	tCc	tGc	S	C	102  	.   0.07	5ks9A   79  S
ENSP00000382583	 rs1129808	tCc	tGc	S	C	102  	.   0.07	5ks9C   79  S
ENSP00000382583	 rs1129808	tCc	tGc	S	C	102  	.   0.07	5ksaA   78  S
ENSP00000382583	 rs1129808	tCc	tGc	S	C	102  	.   0.07	5ksbA   78  S
ENSP00000382583	 rs1129808	tCc	tGc	S	C	102  	.   0.07	5ksbC   78  S
ENSP00000382583	 rs1129808	tCc	tGc	S	C	102  	.   0.07	5ksuA   78  S
ENSP00000382583	 rs1129808	tCc	tGc	S	C	102  	.   0.07	5ksuD   78  S
ENSP00000382583	 rs1129808	tCc	tGc	S	C	102  	.   0.07	5ksvA   77  S
ENSP00000382583	 rs1129808	tCc	tGc	S	C	102  	.   0.07	5ujtA   79  S
ENSP00000382583	 rs1129808	tCc	tGc	S	C	102  	.   0.07	5ujtD   80  S
ENSP00000382583	 rs1129808	tCc	tGc	S	C	102  	.   0.07	5ujtG   81  S
ENSP00000382586	  rs707951	atC	atT	I	I	131  	.   0.01	1jk8A  106  I
ENSP00000382586	  rs707951	atC	atT	I	I	131  	.   0.01	1s9vA  105  I
ENSP00000382586	  rs707951	atC	atT	I	I	131  	.   0.01	1s9vD  105  I
ENSP00000382586	  rs707951	atC	atT	I	I	131  	.   0.01	1uvqA  108  I
ENSP00000382586	  rs707951	atC	atT	I	I	131  	.   0.01	2nnaA  108  I
ENSP00000382586	  rs707951	atC	atT	I	I	131  	.   0.01	3pl6A  108  I
ENSP00000382586	  rs707951	atC	atT	I	I	131  	.   0.01	4d8pA  108  I
ENSP00000382586	  rs707951	atC	atT	I	I	131  	.   0.01	4d8pC  108  I
ENSP00000382586	  rs707951	atC	atT	I	I	131  	.   0.01	4gg6A  108  I
ENSP00000382586	  rs707951	atC	atT	I	I	131  	.   0.01	4gg6C  108  I
ENSP00000382586	  rs707951	atC	atT	I	I	131  	.   0.01	4grlA  108  I
ENSP00000382586	  rs707951	atC	atT	I	I	131  	.   0.01	4mayA  107  I
ENSP00000382586	  rs707951	atC	atT	I	I	131  	.   0.01	4ozfA  106  I
ENSP00000382586	  rs707951	atC	atT	I	I	131  	.   0.01	4ozgA  106  I
ENSP00000382586	  rs707951	atC	atT	I	I	131  	.   0.01	4ozgC  106  I
ENSP00000382586	  rs707951	atC	atT	I	I	131  	.   0.01	4ozhA  106  I
ENSP00000382586	  rs707951	atC	atT	I	I	131  	.   0.01	4ozhC  106  I
ENSP00000382586	  rs707951	atC	atT	I	I	131  	.   0.01	4oziA  106  I
ENSP00000382586	  rs707951	atC	atT	I	I	131  	.   0.01	4oziC  106  I
ENSP00000382586	  rs707951	atC	atT	I	I	131  	.   0.01	4z7uA  108  I
ENSP00000382586	  rs707951	atC	atT	I	I	131  	.   0.01	4z7uC  108  I
ENSP00000382586	  rs707951	atC	atT	I	I	131  	.   0.01	4z7vA  106  I
ENSP00000382586	  rs707951	atC	atT	I	I	131  	.   0.01	4z7vC  106  I
ENSP00000382586	  rs707951	atC	atT	I	I	131  	.   0.01	4z7wA  107  I
ENSP00000382586	  rs707951	atC	atT	I	I	131  	.   0.01	4z7wC  107  I
ENSP00000382586	  rs707951	atC	atT	I	I	131  	.   0.01	5ks9A  108  I
ENSP00000382586	  rs707951	atC	atT	I	I	131  	.   0.01	5ks9C  108  I
ENSP00000382586	  rs707951	atC	atT	I	I	131  	.   0.01	5ksaA  107  I
ENSP00000382586	  rs707951	atC	atT	I	I	131  	.   0.01	5ksbA  107  I
ENSP00000382586	  rs707951	atC	atT	I	I	131  	.   0.01	5ksbC  107  I
ENSP00000382586	  rs707951	atC	atT	I	I	131  	.   0.01	5ksuA  107  I
ENSP00000382586	  rs707951	atC	atT	I	I	131  	.   0.01	5ksuD  107  I
ENSP00000382586	  rs707951	atC	atT	I	I	131  	.   0.01	5ksvA  106  I
ENSP00000382586	  rs707951	atC	atT	I	I	131  	.   0.01	5ujtA  108  I
ENSP00000382586	  rs707951	atC	atT	I	I	131  	.   0.01	5ujtD  109  I
ENSP00000382586	  rs707951	atC	atT	I	I	131  	.   0.01	5ujtG  110  I
ENSP00000382586	 rs1142333	aCa	aGa	T	R	86   	.   0.02	1jk8A   61  T
ENSP00000382586	 rs1142333	aCa	aGa	T	R	86   	.   0.02	1s9vA   60  T
ENSP00000382586	 rs1142333	aCa	aGa	T	R	86   	.   0.02	1s9vD   60  T
ENSP00000382586	 rs1142333	aCa	aGa	T	R	86   	.   0.02	1uvqA   63  R
ENSP00000382586	 rs1142333	aCa	aGa	T	R	86   	.   0.02	2nnaA   63  T
ENSP00000382586	 rs1142333	aCa	aGa	T	R	86   	.   0.02	3pl6A   63  R
ENSP00000382586	 rs1142333	aCa	aGa	T	R	86   	.   0.02	4d8pA   63  T
ENSP00000382586	 rs1142333	aCa	aGa	T	R	86   	.   0.02	4d8pC   63  T
ENSP00000382586	 rs1142333	aCa	aGa	T	R	86   	.   0.02	4gg6A   63  T
ENSP00000382586	 rs1142333	aCa	aGa	T	R	86   	.   0.02	4gg6C   63  T
ENSP00000382586	 rs1142333	aCa	aGa	T	R	86   	.   0.02	4grlA   63  R
ENSP00000382586	 rs1142333	aCa	aGa	T	R	86   	.   0.02	4mayA   62  R
ENSP00000382586	 rs1142333	aCa	aGa	T	R	86   	.   0.02	4ozfA   61  T
ENSP00000382586	 rs1142333	aCa	aGa	T	R	86   	.   0.02	4ozgA   61  T
ENSP00000382586	 rs1142333	aCa	aGa	T	R	86   	.   0.02	4ozgC   61  T
ENSP00000382586	 rs1142333	aCa	aGa	T	R	86   	.   0.02	4ozhA   61  T
ENSP00000382586	 rs1142333	aCa	aGa	T	R	86   	.   0.02	4ozhC   61  T
ENSP00000382586	 rs1142333	aCa	aGa	T	R	86   	.   0.02	4oziA   61  T
ENSP00000382586	 rs1142333	aCa	aGa	T	R	86   	.   0.02	4oziC   61  T
ENSP00000382586	 rs1142333	aCa	aGa	T	R	86   	.   0.02	4z7uA   63  T
ENSP00000382586	 rs1142333	aCa	aGa	T	R	86   	.   0.02	4z7uC   63  T
ENSP00000382586	 rs1142333	aCa	aGa	T	R	86   	.   0.02	4z7vA   61  T
ENSP00000382586	 rs1142333	aCa	aGa	T	R	86   	.   0.02	4z7vC   61  T
ENSP00000382586	 rs1142333	aCa	aGa	T	R	86   	.   0.02	4z7wA   62  T
ENSP00000382586	 rs1142333	aCa	aGa	T	R	86   	.   0.02	4z7wC   62  T
ENSP00000382586	 rs1142333	aCa	aGa	T	R	86   	.   0.02	5ks9A   63  T
ENSP00000382586	 rs1142333	aCa	aGa	T	R	86   	.   0.02	5ks9C   63  T
ENSP00000382586	 rs1142333	aCa	aGa	T	R	86   	.   0.02	5ksaA   62  T
ENSP00000382586	 rs1142333	aCa	aGa	T	R	86   	.   0.02	5ksbA   62  T
ENSP00000382586	 rs1142333	aCa	aGa	T	R	86   	.   0.02	5ksbC   62  T
ENSP00000382586	 rs1142333	aCa	aGa	T	R	86   	.   0.02	5ksuA   62  T
ENSP00000382586	 rs1142333	aCa	aGa	T	R	86   	.   0.02	5ksuD   62  T
ENSP00000382586	 rs1142333	aCa	aGa	T	R	86   	.   0.02	5ksvA   61  T
ENSP00000382586	 rs1142333	aCa	aGa	T	R	86   	.   0.02	5ujtA   63  T
ENSP00000382586	 rs1142333	aCa	aGa	T	R	86   	.   0.02	5ujtD   64  T
ENSP00000382586	 rs1142333	aCa	aGa	T	R	86   	.   0.02	5ujtG   65  T
ENSP00000382586	 rs1129808	tCc	tAc	S	Y	102  	.   0.07	1jk8A   77  S
ENSP00000382586	 rs1129808	tCc	tAc	S	Y	102  	.   0.07	1s9vA   76  S
ENSP00000382586	 rs1129808	tCc	tAc	S	Y	102  	.   0.07	1s9vD   76  S
ENSP00000382586	 rs1129808	tCc	tAc	S	Y	102  	.   0.07	1uvqA   79  Y
ENSP00000382586	 rs1129808	tCc	tAc	S	Y	102  	.   0.07	2nnaA   79  S
ENSP00000382586	 rs1129808	tCc	tAc	S	Y	102  	.   0.07	3pl6A   79  Y
ENSP00000382586	 rs1129808	tCc	tAc	S	Y	102  	.   0.07	4d8pA   79  S
ENSP00000382586	 rs1129808	tCc	tAc	S	Y	102  	.   0.07	4d8pC   79  S
ENSP00000382586	 rs1129808	tCc	tAc	S	Y	102  	.   0.07	4gg6A   79  S
ENSP00000382586	 rs1129808	tCc	tAc	S	Y	102  	.   0.07	4gg6C   79  S
ENSP00000382586	 rs1129808	tCc	tAc	S	Y	102  	.   0.07	4grlA   79  Y
ENSP00000382586	 rs1129808	tCc	tAc	S	Y	102  	.   0.07	4mayA   78  Y
ENSP00000382586	 rs1129808	tCc	tAc	S	Y	102  	.   0.07	4ozfA   77  S
ENSP00000382586	 rs1129808	tCc	tAc	S	Y	102  	.   0.07	4ozgA   77  S
ENSP00000382586	 rs1129808	tCc	tAc	S	Y	102  	.   0.07	4ozgC   77  S
ENSP00000382586	 rs1129808	tCc	tAc	S	Y	102  	.   0.07	4ozhA   77  S
ENSP00000382586	 rs1129808	tCc	tAc	S	Y	102  	.   0.07	4ozhC   77  S
ENSP00000382586	 rs1129808	tCc	tAc	S	Y	102  	.   0.07	4oziA   77  S
ENSP00000382586	 rs1129808	tCc	tAc	S	Y	102  	.   0.07	4oziC   77  S
ENSP00000382586	 rs1129808	tCc	tAc	S	Y	102  	.   0.07	4z7uA   79  S
ENSP00000382586	 rs1129808	tCc	tAc	S	Y	102  	.   0.07	4z7uC   79  S
ENSP00000382586	 rs1129808	tCc	tAc	S	Y	102  	.   0.07	4z7vA   77  S
ENSP00000382586	 rs1129808	tCc	tAc	S	Y	102  	.   0.07	4z7vC   77  S
ENSP00000382586	 rs1129808	tCc	tAc	S	Y	102  	.   0.07	4z7wA   78  S
ENSP00000382586	 rs1129808	tCc	tAc	S	Y	102  	.   0.07	4z7wC   78  S
ENSP00000382586	 rs1129808	tCc	tAc	S	Y	102  	.   0.07	5ks9A   79  S
ENSP00000382586	 rs1129808	tCc	tAc	S	Y	102  	.   0.07	5ks9C   79  S
ENSP00000382586	 rs1129808	tCc	tAc	S	Y	102  	.   0.07	5ksaA   78  S
ENSP00000382586	 rs1129808	tCc	tAc	S	Y	102  	.   0.07	5ksbA   78  S
ENSP00000382586	 rs1129808	tCc	tAc	S	Y	102  	.   0.07	5ksbC   78  S
ENSP00000382586	 rs1129808	tCc	tAc	S	Y	102  	.   0.07	5ksuA   78  S
ENSP00000382586	 rs1129808	tCc	tAc	S	Y	102  	.   0.07	5ksuD   78  S
ENSP00000382586	 rs1129808	tCc	tAc	S	Y	102  	.   0.07	5ksvA   77  S
ENSP00000382586	 rs1129808	tCc	tAc	S	Y	102  	.   0.07	5ujtA   79  S
ENSP00000382586	 rs1129808	tCc	tAc	S	Y	102  	.   0.07	5ujtD   80  S
ENSP00000382586	 rs1129808	tCc	tAc	S	Y	102  	.   0.07	5ujtG   81  S
ENSP00000382586	 rs1129808	tCc	tGc	S	C	102  	.   0.07	1jk8A   77  S
ENSP00000382586	 rs1129808	tCc	tGc	S	C	102  	.   0.07	1s9vA   76  S
ENSP00000382586	 rs1129808	tCc	tGc	S	C	102  	.   0.07	1s9vD   76  S
ENSP00000382586	 rs1129808	tCc	tGc	S	C	102  	.   0.07	1uvqA   79  Y
ENSP00000382586	 rs1129808	tCc	tGc	S	C	102  	.   0.07	2nnaA   79  S
ENSP00000382586	 rs1129808	tCc	tGc	S	C	102  	.   0.07	3pl6A   79  Y
ENSP00000382586	 rs1129808	tCc	tGc	S	C	102  	.   0.07	4d8pA   79  S
ENSP00000382586	 rs1129808	tCc	tGc	S	C	102  	.   0.07	4d8pC   79  S
ENSP00000382586	 rs1129808	tCc	tGc	S	C	102  	.   0.07	4gg6A   79  S
ENSP00000382586	 rs1129808	tCc	tGc	S	C	102  	.   0.07	4gg6C   79  S
ENSP00000382586	 rs1129808	tCc	tGc	S	C	102  	.   0.07	4grlA   79  Y
ENSP00000382586	 rs1129808	tCc	tGc	S	C	102  	.   0.07	4mayA   78  Y
ENSP00000382586	 rs1129808	tCc	tGc	S	C	102  	.   0.07	4ozfA   77  S
ENSP00000382586	 rs1129808	tCc	tGc	S	C	102  	.   0.07	4ozgA   77  S
ENSP00000382586	 rs1129808	tCc	tGc	S	C	102  	.   0.07	4ozgC   77  S
ENSP00000382586	 rs1129808	tCc	tGc	S	C	102  	.   0.07	4ozhA   77  S
ENSP00000382586	 rs1129808	tCc	tGc	S	C	102  	.   0.07	4ozhC   77  S
ENSP00000382586	 rs1129808	tCc	tGc	S	C	102  	.   0.07	4oziA   77  S
ENSP00000382586	 rs1129808	tCc	tGc	S	C	102  	.   0.07	4oziC   77  S
ENSP00000382586	 rs1129808	tCc	tGc	S	C	102  	.   0.07	4z7uA   79  S
ENSP00000382586	 rs1129808	tCc	tGc	S	C	102  	.   0.07	4z7uC   79  S
ENSP00000382586	 rs1129808	tCc	tGc	S	C	102  	.   0.07	4z7vA   77  S
ENSP00000382586	 rs1129808	tCc	tGc	S	C	102  	.   0.07	4z7vC   77  S
ENSP00000382586	 rs1129808	tCc	tGc	S	C	102  	.   0.07	4z7wA   78  S
ENSP00000382586	 rs1129808	tCc	tGc	S	C	102  	.   0.07	4z7wC   78  S
ENSP00000382586	 rs1129808	tCc	tGc	S	C	102  	.   0.07	5ks9A   79  S
ENSP00000382586	 rs1129808	tCc	tGc	S	C	102  	.   0.07	5ks9C   79  S
ENSP00000382586	 rs1129808	tCc	tGc	S	C	102  	.   0.07	5ksaA   78  S
ENSP00000382586	 rs1129808	tCc	tGc	S	C	102  	.   0.07	5ksbA   78  S
ENSP00000382586	 rs1129808	tCc	tGc	S	C	102  	.   0.07	5ksbC   78  S
ENSP00000382586	 rs1129808	tCc	tGc	S	C	102  	.   0.07	5ksuA   78  S
ENSP00000382586	 rs1129808	tCc	tGc	S	C	102  	.   0.07	5ksuD   78  S
ENSP00000382586	 rs1129808	tCc	tGc	S	C	102  	.   0.07	5ksvA   77  S
ENSP00000382586	 rs1129808	tCc	tGc	S	C	102  	.   0.07	5ujtA   79  S
ENSP00000382586	 rs1129808	tCc	tGc	S	C	102  	.   0.07	5ujtD   80  S
ENSP00000382586	 rs1129808	tCc	tGc	S	C	102  	.   0.07	5ujtG   81  S
ENSP00000382659	  rs224534	aCt	aTt	T	I	469  	.   0.02	3j5pA  358  T
ENSP00000382659	  rs224534	aCt	aTt	T	I	469  	.   0.02	3j5pB  358  T
ENSP00000382659	  rs224534	aCt	aTt	T	I	469  	.   0.02	3j5pC  358  T
ENSP00000382659	  rs224534	aCt	aTt	T	I	469  	.   0.02	3j5pD  358  T
ENSP00000382659	  rs224534	aCt	aTt	T	I	469  	.   0.02	3j5qA  358  T
ENSP00000382659	  rs224534	aCt	aTt	T	I	469  	.   0.02	3j5qB  358  T
ENSP00000382659	  rs224534	aCt	aTt	T	I	469  	.   0.02	3j5qC  358  T
ENSP00000382659	  rs224534	aCt	aTt	T	I	469  	.   0.02	3j5qD  358  T
ENSP00000382659	  rs224534	aCt	aTt	T	I	469  	.   0.02	3j5rA  358  T
ENSP00000382659	  rs224534	aCt	aTt	T	I	469  	.   0.02	3j5rB  358  T
ENSP00000382659	  rs224534	aCt	aTt	T	I	469  	.   0.02	3j5rC  358  T
ENSP00000382659	  rs224534	aCt	aTt	T	I	469  	.   0.02	3j5rD  358  T
ENSP00000382659	  rs224534	aCt	aTt	T	I	469  	.   0.02	3j9jA   88  T
ENSP00000382659	  rs224534	aCt	aTt	T	I	469  	.   0.02	3j9jB   88  T
ENSP00000382659	  rs224534	aCt	aTt	T	I	469  	.   0.02	3j9jC   88  T
ENSP00000382659	  rs224534	aCt	aTt	T	I	469  	.   0.02	3j9jD   88  T
ENSP00000382659	  rs224534	aCt	aTt	T	I	469  	.   0.02	5irxA  134  T
ENSP00000382659	  rs224534	aCt	aTt	T	I	469  	.   0.02	5irxB  134  T
ENSP00000382659	  rs224534	aCt	aTt	T	I	469  	.   0.02	5irxC  134  T
ENSP00000382659	  rs224534	aCt	aTt	T	I	469  	.   0.02	5irxD  134  T
ENSP00000382659	  rs224534	aCt	aTt	T	I	469  	.   0.02	5irzA  134  T
ENSP00000382659	  rs224534	aCt	aTt	T	I	469  	.   0.02	5irzB  134  T
ENSP00000382659	  rs224534	aCt	aTt	T	I	469  	.   0.02	5irzC  134  T
ENSP00000382659	  rs224534	aCt	aTt	T	I	469  	.   0.02	5irzD  134  T
ENSP00000382659	  rs224534	aCt	aTt	T	I	469  	.   0.02	5is0A  134  T
ENSP00000382659	  rs224534	aCt	aTt	T	I	469  	.   0.02	5is0B  134  T
ENSP00000382659	  rs224534	aCt	aTt	T	I	469  	.   0.02	5is0C  134  T
ENSP00000382659	  rs224534	aCt	aTt	T	I	469  	.   0.02	5is0D  134  T
ENSP00000382661	  rs224534	aCt	aTt	T	I	469  	.   0.02	3j5pA  358  T
ENSP00000382661	  rs224534	aCt	aTt	T	I	469  	.   0.02	3j5pB  358  T
ENSP00000382661	  rs224534	aCt	aTt	T	I	469  	.   0.02	3j5pC  358  T
ENSP00000382661	  rs224534	aCt	aTt	T	I	469  	.   0.02	3j5pD  358  T
ENSP00000382661	  rs224534	aCt	aTt	T	I	469  	.   0.02	3j5qA  358  T
ENSP00000382661	  rs224534	aCt	aTt	T	I	469  	.   0.02	3j5qB  358  T
ENSP00000382661	  rs224534	aCt	aTt	T	I	469  	.   0.02	3j5qC  358  T
ENSP00000382661	  rs224534	aCt	aTt	T	I	469  	.   0.02	3j5qD  358  T
ENSP00000382661	  rs224534	aCt	aTt	T	I	469  	.   0.02	3j5rA  358  T
ENSP00000382661	  rs224534	aCt	aTt	T	I	469  	.   0.02	3j5rB  358  T
ENSP00000382661	  rs224534	aCt	aTt	T	I	469  	.   0.02	3j5rC  358  T
ENSP00000382661	  rs224534	aCt	aTt	T	I	469  	.   0.02	3j5rD  358  T
ENSP00000382661	  rs224534	aCt	aTt	T	I	469  	.   0.02	3j9jA   88  T
ENSP00000382661	  rs224534	aCt	aTt	T	I	469  	.   0.02	3j9jB   88  T
ENSP00000382661	  rs224534	aCt	aTt	T	I	469  	.   0.02	3j9jC   88  T
ENSP00000382661	  rs224534	aCt	aTt	T	I	469  	.   0.02	3j9jD   88  T
ENSP00000382661	  rs224534	aCt	aTt	T	I	469  	.   0.02	5irxA  134  T
ENSP00000382661	  rs224534	aCt	aTt	T	I	469  	.   0.02	5irxB  134  T
ENSP00000382661	  rs224534	aCt	aTt	T	I	469  	.   0.02	5irxC  134  T
ENSP00000382661	  rs224534	aCt	aTt	T	I	469  	.   0.02	5irxD  134  T
ENSP00000382661	  rs224534	aCt	aTt	T	I	469  	.   0.02	5irzA  134  T
ENSP00000382661	  rs224534	aCt	aTt	T	I	469  	.   0.02	5irzB  134  T
ENSP00000382661	  rs224534	aCt	aTt	T	I	469  	.   0.02	5irzC  134  T
ENSP00000382661	  rs224534	aCt	aTt	T	I	469  	.   0.02	5irzD  134  T
ENSP00000382661	  rs224534	aCt	aTt	T	I	469  	.   0.02	5is0A  134  T
ENSP00000382661	  rs224534	aCt	aTt	T	I	469  	.   0.02	5is0B  134  T
ENSP00000382661	  rs224534	aCt	aTt	T	I	469  	.   0.02	5is0C  134  T
ENSP00000382661	  rs224534	aCt	aTt	T	I	469  	.   0.02	5is0D  134  T
ENSP00000382667	   rs11538	aaT	aaC	N	N	80   	.   0.01	2bidA  178  N
ENSP00000382667	   rs11538	aaT	aaC	N	N	80   	.   0.01	2m5iA  116  N
ENSP00000382669	   rs11538	aaT	aaC	N	N	80   	.   0.01	2bidA  178  N
ENSP00000382669	   rs11538	aaT	aaC	N	N	80   	.   0.01	2m5iA  116  N
ENSP00000382674	   rs11538	aaT	aaC	N	N	176  	.   0.01	2bidA  178  N
ENSP00000382674	   rs11538	aaT	aaC	N	N	176  	.   0.01	2m5iA  116  N
ENSP00000382731	  rs362129	aaC	aaT	N	N	53   	.   0.04	3lgdA   25  N
ENSP00000382731	  rs362129	aaC	aaT	N	N	53   	.   0.04	3lgdB   25  N
ENSP00000382731	  rs362129	aaC	aaT	N	N	53   	.   0.04	3lggA   25  N
ENSP00000382731	  rs362129	aaC	aaT	N	N	53   	.   0.04	3lggB   25  N
ENSP00000382733	  rs362129	aaC	aaT	N	N	53   	.   0.04	3lgdA   25  N
ENSP00000382733	  rs362129	aaC	aaT	N	N	53   	.   0.04	3lgdB   25  N
ENSP00000382733	  rs362129	aaC	aaT	N	N	53   	.   0.04	3lggA   25  N
ENSP00000382733	  rs362129	aaC	aaT	N	N	53   	.   0.04	3lggB   25  N
ENSP00000382791	  rs363538	acA	acC	T	T	174  	.   0.01	4uqqA  141  T
ENSP00000382791	  rs363538	acA	acC	T	T	174  	.   0.01	4uqqB  141  T
ENSP00000382791	  rs363538	acA	acC	T	T	174  	.   0.01	4uqqC  141  T
ENSP00000382791	  rs363538	acA	acC	T	T	174  	.   0.01	4uqqD  141  T
ENSP00000382791	  rs363538	acA	acC	T	T	174  	.   0.01	5kufA  141  T
ENSP00000382791	  rs363538	acA	acC	T	T	174  	.   0.01	5kufB  141  T
ENSP00000382791	  rs363538	acA	acC	T	T	174  	.   0.01	5kufC  141  T
ENSP00000382791	  rs363538	acA	acC	T	T	174  	.   0.01	5kufD  141  T
ENSP00000382791	  rs363538	acA	acC	T	T	174  	.   0.01	5kuhA  141  T
ENSP00000382791	  rs363538	acA	acC	T	T	174  	.   0.01	5kuhB  141  T
ENSP00000382791	  rs363538	acA	acC	T	T	174  	.   0.01	5kuhC  141  T
ENSP00000382791	  rs363538	acA	acC	T	T	174  	.   0.01	5kuhD  141  T
ENSP00000382793	  rs363538	acA	acC	T	T	174  	.   0.01	4uqqA  141  T
ENSP00000382793	  rs363538	acA	acC	T	T	174  	.   0.01	4uqqB  141  T
ENSP00000382793	  rs363538	acA	acC	T	T	174  	.   0.01	4uqqC  141  T
ENSP00000382793	  rs363538	acA	acC	T	T	174  	.   0.01	4uqqD  141  T
ENSP00000382793	  rs363538	acA	acC	T	T	174  	.   0.01	5kufA  141  T
ENSP00000382793	  rs363538	acA	acC	T	T	174  	.   0.01	5kufB  141  T
ENSP00000382793	  rs363538	acA	acC	T	T	174  	.   0.01	5kufC  141  T
ENSP00000382793	  rs363538	acA	acC	T	T	174  	.   0.01	5kufD  141  T
ENSP00000382793	  rs363538	acA	acC	T	T	174  	.   0.01	5kuhA  141  T
ENSP00000382793	  rs363538	acA	acC	T	T	174  	.   0.01	5kuhB  141  T
ENSP00000382793	  rs363538	acA	acC	T	T	174  	.   0.01	5kuhC  141  T
ENSP00000382793	  rs363538	acA	acC	T	T	174  	.   0.01	5kuhD  141  T
ENSP00000382797	  rs363538	acA	acC	T	T	174  	.   0.01	4uqqA  141  T
ENSP00000382797	  rs363538	acA	acC	T	T	174  	.   0.01	4uqqB  141  T
ENSP00000382797	  rs363538	acA	acC	T	T	174  	.   0.01	4uqqC  141  T
ENSP00000382797	  rs363538	acA	acC	T	T	174  	.   0.01	4uqqD  141  T
ENSP00000382797	  rs363538	acA	acC	T	T	174  	.   0.01	5kufA  141  T
ENSP00000382797	  rs363538	acA	acC	T	T	174  	.   0.01	5kufB  141  T
ENSP00000382797	  rs363538	acA	acC	T	T	174  	.   0.01	5kufC  141  T
ENSP00000382797	  rs363538	acA	acC	T	T	174  	.   0.01	5kufD  141  T
ENSP00000382797	  rs363538	acA	acC	T	T	174  	.   0.01	5kuhA  141  T
ENSP00000382797	  rs363538	acA	acC	T	T	174  	.   0.01	5kuhB  141  T
ENSP00000382797	  rs363538	acA	acC	T	T	174  	.   0.01	5kuhC  141  T
ENSP00000382797	  rs363538	acA	acC	T	T	174  	.   0.01	5kuhD  141  T
ENSP00000382798	  rs363538	acA	acC	T	T	174  	.   0.01	4uqqA  141  T
ENSP00000382798	  rs363538	acA	acC	T	T	174  	.   0.01	4uqqB  141  T
ENSP00000382798	  rs363538	acA	acC	T	T	174  	.   0.01	4uqqC  141  T
ENSP00000382798	  rs363538	acA	acC	T	T	174  	.   0.01	4uqqD  141  T
ENSP00000382798	  rs363538	acA	acC	T	T	174  	.   0.01	5kufA  141  T
ENSP00000382798	  rs363538	acA	acC	T	T	174  	.   0.01	5kufB  141  T
ENSP00000382798	  rs363538	acA	acC	T	T	174  	.   0.01	5kufC  141  T
ENSP00000382798	  rs363538	acA	acC	T	T	174  	.   0.01	5kufD  141  T
ENSP00000382798	  rs363538	acA	acC	T	T	174  	.   0.01	5kuhA  141  T
ENSP00000382798	  rs363538	acA	acC	T	T	174  	.   0.01	5kuhB  141  T
ENSP00000382798	  rs363538	acA	acC	T	T	174  	.   0.01	5kuhC  141  T
ENSP00000382798	  rs363538	acA	acC	T	T	174  	.   0.01	5kuhD  141  T
ENSP00000382818	 rs2746395	gAt	gTt	D	V	63   	.   0.02	3fqiA   36  D
ENSP00000382818	 rs2746395	gAt	gTt	D	V	63   	.   0.02	3fqjA   37  D
ENSP00000382818	 rs2746395	gAt	gTt	D	V	63   	.   0.02	4j7lA   37  D
ENSP00000382818	 rs2746395	gAt	gTt	D	V	63   	.   0.02	4j7mA   37  D
ENSP00000382818	 rs2746395	gAt	gTt	D	V	63   	.   0.02	4j7nA   37  D
ENSP00000382818	 rs2746395	gAt	gTt	D	V	63   	.   0.02	5uliA   37  D
ENSP00000382818	rs12205138	gCc	gTc	A	V	332  	.   0.01	3fqiA  295  A
ENSP00000382818	rs12205138	gCc	gTc	A	V	332  	.   0.01	3fqjA  301  A
ENSP00000382818	rs12205138	gCc	gTc	A	V	332  	.   0.01	4j7lA  306  A
ENSP00000382818	rs12205138	gCc	gTc	A	V	332  	.   0.01	4j7mA  306  A
ENSP00000382818	rs12205138	gCc	gTc	A	V	332  	.   0.01	4j7nA  306  A
ENSP00000382818	rs12205138	gCc	gTc	A	V	332  	.   0.01	5uliA  306  A
ENSP00000382818	rs35529997	Ccg	Tcg	P	S	142  	.   0.01	3fqiA  105  P
ENSP00000382818	rs35529997	Ccg	Tcg	P	S	142  	.   0.01	3fqjA  111  P
ENSP00000382818	rs35529997	Ccg	Tcg	P	S	142  	.   0.01	4j7lA  116  P
ENSP00000382818	rs35529997	Ccg	Tcg	P	S	142  	.   0.01	4j7mA  116  P
ENSP00000382818	rs35529997	Ccg	Tcg	P	S	142  	.   0.01	4j7nA  116  P
ENSP00000382818	rs35529997	Ccg	Tcg	P	S	142  	.   0.01	5uliA  116  P
ENSP00000382818	rs45531831	agG	agA	R	R	316  	.   0.02	3fqiA  279  R
ENSP00000382818	rs45531831	agG	agA	R	R	316  	.   0.02	3fqjA  285  R
ENSP00000382818	rs45531831	agG	agA	R	R	316  	.   0.02	4j7lA  290  R
ENSP00000382818	rs45531831	agG	agA	R	R	316  	.   0.02	4j7mA  290  R
ENSP00000382818	rs45531831	agG	agA	R	R	316  	.   0.02	4j7nA  290  R
ENSP00000382818	rs45531831	agG	agA	R	R	316  	.   0.02	5uliA  290  R
ENSP00000382819	 rs2746395	gAt	gTt	D	V	63   	.   0.02	3fqiA   36  D
ENSP00000382819	 rs2746395	gAt	gTt	D	V	63   	.   0.02	3fqjA   37  D
ENSP00000382819	 rs2746395	gAt	gTt	D	V	63   	.   0.02	4j7lA   37  D
ENSP00000382819	 rs2746395	gAt	gTt	D	V	63   	.   0.02	4j7mA   37  D
ENSP00000382819	 rs2746395	gAt	gTt	D	V	63   	.   0.02	4j7nA   37  D
ENSP00000382819	 rs2746395	gAt	gTt	D	V	63   	.   0.02	5uliA   37  D
ENSP00000382819	rs12205138	gCc	gTc	A	V	332  	.   0.01	3fqiA  295  A
ENSP00000382819	rs12205138	gCc	gTc	A	V	332  	.   0.01	3fqjA  301  A
ENSP00000382819	rs12205138	gCc	gTc	A	V	332  	.   0.01	4j7lA  306  A
ENSP00000382819	rs12205138	gCc	gTc	A	V	332  	.   0.01	4j7mA  306  A
ENSP00000382819	rs12205138	gCc	gTc	A	V	332  	.   0.01	4j7nA  306  A
ENSP00000382819	rs12205138	gCc	gTc	A	V	332  	.   0.01	5uliA  306  A
ENSP00000382819	rs35529997	Ccg	Tcg	P	S	142  	.   0.01	3fqiA  105  P
ENSP00000382819	rs35529997	Ccg	Tcg	P	S	142  	.   0.01	3fqjA  111  P
ENSP00000382819	rs35529997	Ccg	Tcg	P	S	142  	.   0.01	4j7lA  116  P
ENSP00000382819	rs35529997	Ccg	Tcg	P	S	142  	.   0.01	4j7mA  116  P
ENSP00000382819	rs35529997	Ccg	Tcg	P	S	142  	.   0.01	4j7nA  116  P
ENSP00000382819	rs35529997	Ccg	Tcg	P	S	142  	.   0.01	5uliA  116  P
ENSP00000382819	rs45531831	agG	agA	R	R	316  	.   0.02	3fqiA  279  R
ENSP00000382819	rs45531831	agG	agA	R	R	316  	.   0.02	3fqjA  285  R
ENSP00000382819	rs45531831	agG	agA	R	R	316  	.   0.02	4j7lA  290  R
ENSP00000382819	rs45531831	agG	agA	R	R	316  	.   0.02	4j7mA  290  R
ENSP00000382819	rs45531831	agG	agA	R	R	316  	.   0.02	4j7nA  290  R
ENSP00000382819	rs45531831	agG	agA	R	R	316  	.   0.02	5uliA  290  R
ENSP00000382862	 rs1803306	atG	atT	M	I	365  	.   0.03	1q0pA   98  M
ENSP00000382862	 rs1803306	atG	atT	M	I	365  	.   0.03	1rrkA   98  M
ENSP00000382862	 rs1803306	atG	atT	M	I	365  	.   0.03	1rs0A   98  M
ENSP00000382862	 rs1803306	atG	atT	M	I	365  	.   0.03	1rtkA   98  M
ENSP00000382862	 rs1803306	atG	atT	M	I	365  	.   0.03	2ok5A  311  M
ENSP00000382862	 rs1803306	atG	atT	M	I	365  	.   0.03	2winI  106  M
ENSP00000382862	 rs1803306	atG	atT	M	I	365  	.   0.03	2winJ  106  M
ENSP00000382862	 rs1803306	atG	atT	M	I	365  	.   0.03	2winK  106  M
ENSP00000382862	 rs1803306	atG	atT	M	I	365  	.   0.03	2winL  106  M
ENSP00000382862	 rs1803306	atG	atT	M	I	365  	.   0.03	2xwbE  315  M
ENSP00000382862	 rs1803306	atG	atT	M	I	365  	.   0.03	2xwbF  317  M
ENSP00000382862	 rs1803306	atG	atT	M	I	365  	.   0.03	2xwjI  315  M
ENSP00000382862	 rs1803306	atG	atT	M	I	365  	.   0.03	2xwjJ  315  M
ENSP00000382862	 rs1803306	atG	atT	M	I	365  	.   0.03	2xwjK  315  M
ENSP00000382862	 rs1803306	atG	atT	M	I	365  	.   0.03	2xwjL  315  M
ENSP00000382862	 rs1803306	atG	atT	M	I	365  	.   0.03	3hrzD  314  M
ENSP00000382862	 rs1803306	atG	atT	M	I	365  	.   0.03	3hs0D  314  M
ENSP00000382862	 rs1803306	atG	atT	M	I	365  	.   0.03	3hs0H  314  M
ENSP00000382862	 rs1803306	atG	atT	M	I	365  	.   0.03	5m6wE  106  M
ENSP00000382862	 rs1803306	atG	atT	M	I	365  	.   0.03	5m6wF  106  M
ENSP00000382862	 rs1048709	cgG	cgA	R	R	150  	.   0.02	2ok5A  117  R
ENSP00000382862	 rs1048709	cgG	cgA	R	R	150  	.   0.02	2xwbE  116  R
ENSP00000382862	 rs1048709	cgG	cgA	R	R	150  	.   0.02	2xwbF  116  R
ENSP00000382862	 rs1048709	cgG	cgA	R	R	150  	.   0.02	2xwjI  116  R
ENSP00000382862	 rs1048709	cgG	cgA	R	R	150  	.   0.02	2xwjJ  116  R
ENSP00000382862	 rs1048709	cgG	cgA	R	R	150  	.   0.02	2xwjK  116  R
ENSP00000382862	 rs1048709	cgG	cgA	R	R	150  	.   0.02	2xwjL  116  R
ENSP00000382862	 rs1048709	cgG	cgA	R	R	150  	.   0.02	3hrzD  115  R
ENSP00000382862	 rs1048709	cgG	cgA	R	R	150  	.   0.02	3hs0D  115  R
ENSP00000382862	 rs1048709	cgG	cgA	R	R	150  	.   0.02	3hs0H  115  R
ENSP00000382862	 rs2072634	gtC	gtT	V	V	455  	.   0.06	1q0pA  188  V
ENSP00000382862	 rs2072634	gtC	gtT	V	V	455  	.   0.06	1rrkA  181  V
ENSP00000382862	 rs2072634	gtC	gtT	V	V	455  	.   0.06	1rs0A  181  V
ENSP00000382862	 rs2072634	gtC	gtT	V	V	455  	.   0.06	1rtkA  182  V
ENSP00000382862	 rs2072634	gtC	gtT	V	V	455  	.   0.06	2ok5A  398  V
ENSP00000382862	 rs2072634	gtC	gtT	V	V	455  	.   0.06	2winI  196  V
ENSP00000382862	 rs2072634	gtC	gtT	V	V	455  	.   0.06	2winJ  196  V
ENSP00000382862	 rs2072634	gtC	gtT	V	V	455  	.   0.06	2winK  196  V
ENSP00000382862	 rs2072634	gtC	gtT	V	V	455  	.   0.06	2winL  196  V
ENSP00000382862	 rs2072634	gtC	gtT	V	V	455  	.   0.06	2xwbE  403  V
ENSP00000382862	 rs2072634	gtC	gtT	V	V	455  	.   0.06	2xwbF  400  V
ENSP00000382862	 rs2072634	gtC	gtT	V	V	455  	.   0.06	2xwjI  405  V
ENSP00000382862	 rs2072634	gtC	gtT	V	V	455  	.   0.06	2xwjJ  405  V
ENSP00000382862	 rs2072634	gtC	gtT	V	V	455  	.   0.06	2xwjK  405  V
ENSP00000382862	 rs2072634	gtC	gtT	V	V	455  	.   0.06	2xwjL  405  V
ENSP00000382862	 rs2072634	gtC	gtT	V	V	455  	.   0.06	3hrzD  402  V
ENSP00000382862	 rs2072634	gtC	gtT	V	V	455  	.   0.06	3hs0D  404  V
ENSP00000382862	 rs2072634	gtC	gtT	V	V	455  	.   0.06	3hs0H  402  V
ENSP00000382862	 rs2072634	gtC	gtT	V	V	455  	.   0.06	5m6wE  196  V
ENSP00000382862	 rs2072634	gtC	gtT	V	V	455  	.   0.06	5m6wF  196  V
ENSP00000382862	rs45484591	gAa	gCa	E	A	566  	.   0.08	1dleA   96  E
ENSP00000382862	rs45484591	gAa	gCa	E	A	566  	.   0.08	1dleB   91  E
ENSP00000382862	rs45484591	gAa	gCa	E	A	566  	.   0.08	1rrkA  290  E
ENSP00000382862	rs45484591	gAa	gCa	E	A	566  	.   0.08	1rs0A  290  E
ENSP00000382862	rs45484591	gAa	gCa	E	A	566  	.   0.08	1rtkA  291  E
ENSP00000382862	rs45484591	gAa	gCa	E	A	566  	.   0.08	2ok5A  509  E
ENSP00000382862	rs45484591	gAa	gCa	E	A	566  	.   0.08	2winI  307  E
ENSP00000382862	rs45484591	gAa	gCa	E	A	566  	.   0.08	2winJ  307  E
ENSP00000382862	rs45484591	gAa	gCa	E	A	566  	.   0.08	2winK  307  E
ENSP00000382862	rs45484591	gAa	gCa	E	A	566  	.   0.08	2winL  307  E
ENSP00000382862	rs45484591	gAa	gCa	E	A	566  	.   0.08	2xwbE  514  E
ENSP00000382862	rs45484591	gAa	gCa	E	A	566  	.   0.08	2xwbF  511  E
ENSP00000382862	rs45484591	gAa	gCa	E	A	566  	.   0.08	2xwjI  512  E
ENSP00000382862	rs45484591	gAa	gCa	E	A	566  	.   0.08	2xwjJ  513  E
ENSP00000382862	rs45484591	gAa	gCa	E	A	566  	.   0.08	2xwjK  513  E
ENSP00000382862	rs45484591	gAa	gCa	E	A	566  	.   0.08	2xwjL  511  E
ENSP00000382862	rs45484591	gAa	gCa	E	A	566  	.   0.08	3hrzD  500  E
ENSP00000382862	rs45484591	gAa	gCa	E	A	566  	.   0.08	3hs0D  505  E
ENSP00000382862	rs45484591	gAa	gCa	E	A	566  	.   0.08	3hs0H  505  E
ENSP00000382862	rs45484591	gAa	gCa	E	A	566  	.   0.08	5m6wE  307  E
ENSP00000382862	rs45484591	gAa	gCa	E	A	566  	.   0.08	5m6wF  307  E
