ENSP00000257197	 rs2577075	Cta	Ata	L	I	395  	.   0.01	5iryA  261  L
ENSP00000257197	 rs2577075	Cta	Ata	L	I	395  	.   0.01	5iryB  261  L
ENSP00000257197	 rs2577075	Cta	Tta	L	L	395  	.   0.01	5iryA  261  L
ENSP00000257197	 rs2577075	Cta	Tta	L	L	395  	.   0.01	5iryB  261  L
ENSP00000257197	rs17800159	Gtt	Att	V	I	460  	.   0.01	5iryA  326  V
ENSP00000257197	rs17800159	Gtt	Att	V	I	460  	.   0.01	5iryB  326  V
ENSP00000257197	rs36081634	gtA	gtG	V	V	363  	.   0.07	5iryA  229  V
ENSP00000257197	rs36081634	gtA	gtG	V	V	363  	.   0.07	5iryB  229  V
ENSP00000257198	 rs2577075	Cta	Ata	L	I	395  	.   0.01	5iryA  261  L
ENSP00000257198	 rs2577075	Cta	Ata	L	I	395  	.   0.01	5iryB  261  L
ENSP00000257198	 rs2577075	Cta	Tta	L	L	395  	.   0.01	5iryA  261  L
ENSP00000257198	 rs2577075	Cta	Tta	L	L	395  	.   0.01	5iryB  261  L
ENSP00000257198	rs17800159	Gtt	Att	V	I	460  	.   0.02	5iryA  326  V
ENSP00000257198	rs17800159	Gtt	Att	V	I	460  	.   0.02	5iryB  326  V
ENSP00000257198	rs36081634	gtA	gtG	V	V	363  	.   0.08	5iryA  229  V
ENSP00000257198	rs36081634	gtA	gtG	V	V	363  	.   0.08	5iryB  229  V
ENSP00000257290	 rs2228230	gtC	gtA	V	V	824  	.   0.01	5grnA  152  V
ENSP00000257290	 rs2228230	gtC	gtA	V	V	824  	.   0.01	5k5xA  196  V
ENSP00000257290	 rs2228230	gtC	gtT	V	V	824  	.   0.01	5grnA  152  V
ENSP00000257290	 rs2228230	gtC	gtT	V	V	824  	.   0.01	5k5xA  196  V
ENSP00000257570	rs12819210	tcG	tcA	S	S	503  	.   0.08	1wh3A   77  S
ENSP00000257770	 rs3812138	Acg	Gcg	T	A	376  	.   0.04	4h1sA  348  T
ENSP00000257770	 rs3812138	Acg	Gcg	T	A	376  	.   0.04	4h1yA  351  A
ENSP00000257770	 rs3812138	Acg	Gcg	T	A	376  	.   0.04	4h2bA  351  A
ENSP00000257770	 rs3812138	Acg	Gcg	T	A	376  	.   0.04	4h2fA  351  A
ENSP00000257770	 rs3812138	Acg	Gcg	T	A	376  	.   0.04	4h2gA  351  A
ENSP00000257770	 rs3812138	Acg	Gcg	T	A	376  	.   0.04	4h2iA  351  A
ENSP00000257818	 rs3740617	aaA	aaG	K	K	190  	.   0.01	2l6yB   38  K
ENSP00000257818	 rs3740617	aaA	aaG	K	K	190  	.   0.01	2l6zC   38  K
ENSP00000257818	 rs3740617	aaA	aaG	K	K	190  	.   0.01	2lxdA   38  K
ENSP00000257818	 rs3740617	aaA	aaG	K	K	190  	.   0.01	2xjyA   96  K
ENSP00000257818	 rs3740617	aaA	aaG	K	K	190  	.   0.01	2xjzA   90  K
ENSP00000257818	 rs3740617	aaA	aaG	K	K	190  	.   0.01	2xjzB   88  K
ENSP00000257818	 rs3740617	aaA	aaG	K	K	190  	.   0.01	2xjzC   78  K
ENSP00000257818	 rs3740617	aaA	aaG	K	K	190  	.   0.01	2xjzD   96  K
ENSP00000257818	 rs3740617	aaA	aaG	K	K	190  	.   0.01	2xjzE   92  K
ENSP00000257818	 rs3740617	aaA	aaG	K	K	190  	.   0.01	2ypaC   92  K
ENSP00000257818	 rs3740617	aaA	aaG	K	K	190  	.   0.01	4kfzA  111  K
ENSP00000257818	 rs3740617	aaA	aaG	K	K	190  	.   0.01	4kfzB  113  K
ENSP00000257832	 rs2231828	acA	acG	T	T	215  	.    0.3	1wwxA   61  T
ENSP00000258301	 rs3747957	aaT	aaC	N	N	217  	.   0.14	2npsD   48  N
ENSP00000258341	   rs20557	aaT	aaA	N	K	837  	.   0.11	1kloA   65  N
ENSP00000258341	   rs20557	aaT	aaA	N	K	837  	.   0.11	1npeB   67  N
ENSP00000258341	   rs20557	aaT	aaG	N	K	837  	.   0.11	1kloA   65  N
ENSP00000258341	   rs20557	aaT	aaG	N	K	837  	.   0.11	1npeB   67  N
ENSP00000258341	   rs20558	cTg	cCg	L	P	888  	.   0.14	1kloA  116  P
ENSP00000258341	   rs20558	cTg	cCg	L	P	888  	.   0.14	1npeB  118  P
ENSP00000258341	   rs20557	aaT	aaC	N	N	837  	.   0.11	1kloA   65  N
ENSP00000258341	   rs20557	aaT	aaC	N	N	837  	.   0.11	1npeB   67  N
ENSP00000258341	 rs2296288	tgT	tgC	C	C	182  	.   0.04	4aqtA  140  C
ENSP00000258341	rs10911194	gcC	gcT	A	A	58   	.   0.05	4aqtA   20  A
ENSP00000258405	 rs6747096	aaT	aaC	N	N	159  	.   0.26	4dy0A  138  N
ENSP00000258405	 rs6747096	aaT	aaC	N	N	159  	.   0.26	4dy0B  137  N
ENSP00000258405	 rs6747096	aaT	aaC	N	N	159  	.   0.26	4dy7C  138  N
ENSP00000258405	 rs6747096	aaT	aaC	N	N	159  	.   0.26	4dy7F  139  N
ENSP00000258682	 rs1127065	ccG	ccC	P	P	448  	.   0.17	2ux0A   74  P
ENSP00000258682	 rs1127065	ccG	ccC	P	P	448  	.   0.17	2ux0B   74  P
ENSP00000258682	 rs1127065	ccG	ccC	P	P	448  	.   0.17	2ux0C   74  P
ENSP00000258682	 rs1127065	ccG	ccC	P	P	448  	.   0.17	2ux0D   73  P
ENSP00000258682	 rs1127065	ccG	ccC	P	P	448  	.   0.17	2ux0E   73  P
ENSP00000258682	 rs1127065	ccG	ccC	P	P	448  	.   0.17	2ux0F   72  P
ENSP00000258682	 rs1127065	ccG	ccC	P	P	448  	.   0.17	2w2cA   66  P
ENSP00000258682	 rs1127065	ccG	ccC	P	P	448  	.   0.17	2w2cB   66  P
ENSP00000258682	 rs1127065	ccG	ccC	P	P	448  	.   0.17	2w2cC   65  P
ENSP00000258682	 rs1127065	ccG	ccC	P	P	448  	.   0.17	2w2cD   63  P
ENSP00000258682	 rs1127065	ccG	ccC	P	P	448  	.   0.17	2w2cE   67  P
ENSP00000258682	 rs1127065	ccG	ccC	P	P	448  	.   0.17	2w2cF   64  P
ENSP00000258682	 rs1127065	ccG	ccC	P	P	448  	.   0.17	2w2cG   65  P
ENSP00000258682	 rs1127065	ccG	ccC	P	P	448  	.   0.17	2w2cH   69  P
ENSP00000258682	 rs1127065	ccG	ccC	P	P	448  	.   0.17	2w2cI   66  P
ENSP00000258682	 rs1127065	ccG	ccC	P	P	448  	.   0.17	2w2cJ   63  P
ENSP00000258682	 rs1127065	ccG	ccC	P	P	448  	.   0.17	2w2cK   65  P
ENSP00000258682	 rs1127065	ccG	ccC	P	P	448  	.   0.17	2w2cL   68  P
ENSP00000258682	 rs1127065	ccG	ccC	P	P	448  	.   0.17	2w2cM   63  P
ENSP00000258682	 rs1127065	ccG	ccC	P	P	448  	.   0.17	2w2cN   69  P
ENSP00000258682	 rs1127065	ccG	ccC	P	P	448  	.   0.17	3soaA  371  P
ENSP00000258682	 rs1127065	ccG	ccC	P	P	448  	.   0.17	5u6yA  396  P
ENSP00000258682	 rs1127065	ccG	ccC	P	P	448  	.   0.17	5u6yB  396  P
ENSP00000258682	 rs1127065	ccG	ccC	P	P	448  	.   0.17	5u6yC  396  P
ENSP00000258682	 rs1127065	ccG	ccC	P	P	448  	.   0.17	5u6yD  396  P
ENSP00000258682	 rs1127065	ccG	ccC	P	P	448  	.   0.17	5u6yE  396  P
ENSP00000258682	 rs1127065	ccG	ccC	P	P	448  	.   0.17	5u6yF  396  P
ENSP00000258682	 rs1127065	ccG	ccC	P	P	448  	.   0.17	5u6yG  396  P
ENSP00000258682	 rs1127065	ccG	ccC	P	P	448  	.   0.17	5u6yH  396  P
ENSP00000258682	 rs1127065	ccG	ccC	P	P	448  	.   0.17	5u6yI  396  P
ENSP00000258682	 rs1127065	ccG	ccC	P	P	448  	.   0.17	5u6yJ  396  P
ENSP00000258682	 rs1127065	ccG	ccC	P	P	448  	.   0.17	5u6yK  396  P
ENSP00000258682	 rs1127065	ccG	ccC	P	P	448  	.   0.17	5u6yL  396  P
ENSP00000258682	 rs1127065	ccG	ccA	P	P	448  	.   0.17	2ux0A   74  P
ENSP00000258682	 rs1127065	ccG	ccA	P	P	448  	.   0.17	2ux0B   74  P
ENSP00000258682	 rs1127065	ccG	ccA	P	P	448  	.   0.17	2ux0C   74  P
ENSP00000258682	 rs1127065	ccG	ccA	P	P	448  	.   0.17	2ux0D   73  P
ENSP00000258682	 rs1127065	ccG	ccA	P	P	448  	.   0.17	2ux0E   73  P
ENSP00000258682	 rs1127065	ccG	ccA	P	P	448  	.   0.17	2ux0F   72  P
ENSP00000258682	 rs1127065	ccG	ccA	P	P	448  	.   0.17	2w2cA   66  P
ENSP00000258682	 rs1127065	ccG	ccA	P	P	448  	.   0.17	2w2cB   66  P
ENSP00000258682	 rs1127065	ccG	ccA	P	P	448  	.   0.17	2w2cC   65  P
ENSP00000258682	 rs1127065	ccG	ccA	P	P	448  	.   0.17	2w2cD   63  P
ENSP00000258682	 rs1127065	ccG	ccA	P	P	448  	.   0.17	2w2cE   67  P
ENSP00000258682	 rs1127065	ccG	ccA	P	P	448  	.   0.17	2w2cF   64  P
ENSP00000258682	 rs1127065	ccG	ccA	P	P	448  	.   0.17	2w2cG   65  P
ENSP00000258682	 rs1127065	ccG	ccA	P	P	448  	.   0.17	2w2cH   69  P
ENSP00000258682	 rs1127065	ccG	ccA	P	P	448  	.   0.17	2w2cI   66  P
ENSP00000258682	 rs1127065	ccG	ccA	P	P	448  	.   0.17	2w2cJ   63  P
ENSP00000258682	 rs1127065	ccG	ccA	P	P	448  	.   0.17	2w2cK   65  P
ENSP00000258682	 rs1127065	ccG	ccA	P	P	448  	.   0.17	2w2cL   68  P
ENSP00000258682	 rs1127065	ccG	ccA	P	P	448  	.   0.17	2w2cM   63  P
ENSP00000258682	 rs1127065	ccG	ccA	P	P	448  	.   0.17	2w2cN   69  P
ENSP00000258682	 rs1127065	ccG	ccA	P	P	448  	.   0.17	3soaA  371  P
ENSP00000258682	 rs1127065	ccG	ccA	P	P	448  	.   0.17	5u6yA  396  P
ENSP00000258682	 rs1127065	ccG	ccA	P	P	448  	.   0.17	5u6yB  396  P
ENSP00000258682	 rs1127065	ccG	ccA	P	P	448  	.   0.17	5u6yC  396  P
ENSP00000258682	 rs1127065	ccG	ccA	P	P	448  	.   0.17	5u6yD  396  P
ENSP00000258682	 rs1127065	ccG	ccA	P	P	448  	.   0.17	5u6yE  396  P
ENSP00000258682	 rs1127065	ccG	ccA	P	P	448  	.   0.17	5u6yF  396  P
ENSP00000258682	 rs1127065	ccG	ccA	P	P	448  	.   0.17	5u6yG  396  P
ENSP00000258682	 rs1127065	ccG	ccA	P	P	448  	.   0.17	5u6yH  396  P
ENSP00000258682	 rs1127065	ccG	ccA	P	P	448  	.   0.17	5u6yI  396  P
ENSP00000258682	 rs1127065	ccG	ccA	P	P	448  	.   0.17	5u6yJ  396  P
ENSP00000258682	 rs1127065	ccG	ccA	P	P	448  	.   0.17	5u6yK  396  P
ENSP00000258682	 rs1127065	ccG	ccA	P	P	448  	.   0.17	5u6yL  396  P
ENSP00000258781	 rs2289367	acG	acA	T	T	305  	.   0.13	4fqnA   24  T
ENSP00000258781	 rs2289367	acG	acA	T	T	305  	.   0.13	4fqnB   23  T
ENSP00000258781	 rs2289367	acG	acA	T	T	305  	.   0.13	4fqnC   14  T
ENSP00000258781	 rs2289367	acG	acA	T	T	305  	.   0.13	4fqnD    7  T
ENSP00000258781	 rs2289367	acG	acA	T	T	305  	.   0.13	4y5oA   13  T
ENSP00000258781	 rs2289367	acG	acA	T	T	305  	.   0.13	4ykcA   15  T
ENSP00000258781	 rs2289367	acG	acA	T	T	305  	.   0.13	4ykdA   13  T
ENSP00000258781	 rs2289367	acG	acA	T	T	305  	.   0.13	4yl6A   15  T
ENSP00000258960	 rs2239923	Ctg	Ttg	L	L	306  	.   0.01	1rxtA  152  L
ENSP00000258960	 rs2239923	Ctg	Ttg	L	L	306  	.   0.01	1rxtB  152  L
ENSP00000258960	 rs2239923	Ctg	Ttg	L	L	306  	.   0.01	1rxtC  137  L
ENSP00000258960	 rs2239923	Ctg	Ttg	L	L	306  	.   0.01	1rxtD  136  L
ENSP00000258960	 rs2239923	Ctg	Ttg	L	L	306  	.   0.01	3iu1A  192  L
ENSP00000258960	 rs2239923	Ctg	Ttg	L	L	306  	.   0.01	3iu1B  192  L
ENSP00000258960	 rs2239923	Ctg	Ttg	L	L	306  	.   0.01	3iu2A  192  L
ENSP00000258960	 rs2239923	Ctg	Ttg	L	L	306  	.   0.01	3iu2B  192  L
ENSP00000258960	 rs2239923	Ctg	Ttg	L	L	306  	.   0.01	3iweA  192  L
ENSP00000258960	 rs2239923	Ctg	Ttg	L	L	306  	.   0.01	3iweB  191  L
ENSP00000258960	 rs2239923	Ctg	Ttg	L	L	306  	.   0.01	3jtkA  192  L
ENSP00000258960	 rs2239923	Ctg	Ttg	L	L	306  	.   0.01	3jtkB  192  L
ENSP00000258960	 rs2239923	Ctg	Ttg	L	L	306  	.   0.01	4c2xA  198  L
ENSP00000258960	 rs2239923	Ctg	Ttg	L	L	306  	.   0.01	4c2yA  192  L
ENSP00000258960	 rs2239923	Ctg	Ttg	L	L	306  	.   0.01	4c2yB  192  L
ENSP00000258960	 rs2239923	Ctg	Ttg	L	L	306  	.   0.01	4c2zA  192  L
ENSP00000258960	 rs2239923	Ctg	Ttg	L	L	306  	.   0.01	4c2zB  192  L
ENSP00000258960	 rs2239923	Ctg	Ttg	L	L	306  	.   0.01	5mu6A  192  L
ENSP00000258960	 rs2239923	Ctg	Ttg	L	L	306  	.   0.01	5mu6B  192  L
ENSP00000258960	 rs2239923	Ctg	Ttg	L	L	306  	.   0.01	5npqA  185  L
ENSP00000258960	 rs2239923	Ctg	Ttg	L	L	306  	.   0.01	5npqB  192  L
ENSP00000258960	 rs2239923	Ctg	Ttg	L	L	306  	.   0.01	5o6hA  192  L
ENSP00000258960	 rs2239923	Ctg	Ttg	L	L	306  	.   0.01	5o6hB  192  L
ENSP00000258960	 rs2239923	Ctg	Ttg	L	L	306  	.   0.01	5o6jA  192  L
ENSP00000258960	 rs2239923	Ctg	Ttg	L	L	306  	.   0.01	5o6jB  193  L
ENSP00000258960	 rs2239923	Ctg	Ttg	L	L	306  	.   0.01	5o9sA  192  L
ENSP00000258960	 rs2239923	Ctg	Ttg	L	L	306  	.   0.01	5o9sB  192  L
ENSP00000258960	 rs2239923	Ctg	Ttg	L	L	306  	.   0.01	5o9tA  202  L
ENSP00000258960	 rs2239923	Ctg	Ttg	L	L	306  	.   0.01	5o9tB  203  L
ENSP00000258960	 rs2239923	Ctg	Ttg	L	L	306  	.   0.01	5o9uA  203  L
ENSP00000258960	 rs2239923	Ctg	Ttg	L	L	306  	.   0.01	5o9uB  203  L
ENSP00000258960	 rs2239923	Ctg	Ttg	L	L	306  	.   0.01	5o9vA  203  L
ENSP00000258960	 rs2239923	Ctg	Ttg	L	L	306  	.   0.01	5o9vB  203  L
ENSP00000258960	 rs2239923	Ctg	Ttg	L	L	306  	.   0.01	5uutA  192  L
ENSP00000258960	 rs2239923	Ctg	Ttg	L	L	306  	.   0.01	5uutB  192  L
ENSP00000259003	 rs2727307	gaC	gaA	D	E	79   	.   0.05	1z7cA   94  D
ENSP00000259205	 rs6707930	Caa	Aaa	Q	K	69   	.   0.08	4izeA   51  Q
ENSP00000259206	  rs315952	agT	agA	S	R	133  	.   0.02	1ilrA   98  S
ENSP00000259206	  rs315952	agT	agA	S	R	133  	.   0.02	1ilrB   97  S
ENSP00000259206	  rs315952	agT	agA	S	R	133  	.   0.02	1iraA   99  S
ENSP00000259206	  rs315952	agT	agA	S	R	133  	.   0.02	1irpA  106  S
ENSP00000259206	  rs315952	agT	agC	S	S	133  	.   0.02	1ilrA   98  S
ENSP00000259206	  rs315952	agT	agC	S	S	133  	.   0.02	1ilrB   97  S
ENSP00000259206	  rs315952	agT	agC	S	S	133  	.   0.02	1iraA   99  S
ENSP00000259206	  rs315952	agT	agC	S	S	133  	.   0.02	1irpA  106  S
ENSP00000259271	 rs2839672	cCa	cAa	P	Q	153  	.   0.09	2okkA   66  P
ENSP00000259271	rs61735922	atG	atA	M	I	204  	.   0.01	2okkA  117  M
ENSP00000259365	rs79798325	ttC	ttT	F	F	315  	.    0.1	1io0A  137  F
ENSP00000259470	rs76181602	gCa	gAa	A	E	239  	.   0.04	1fh0A  126  A
ENSP00000259470	rs76181602	gCa	gAa	A	E	239  	.   0.04	1fh0B  126  A
ENSP00000259470	rs76181602	gCa	gAa	A	E	239  	.   0.04	1icfA  125  A
ENSP00000259470	rs76181602	gCa	gAa	A	E	239  	.   0.04	1icfC  125  A
ENSP00000259470	rs76181602	gCa	gAa	A	E	239  	.   0.04	1mhwA  124  A
ENSP00000259470	rs76181602	gCa	gAa	A	E	239  	.   0.04	1mhwC  124  A
ENSP00000259470	rs76181602	gCa	gAa	A	E	239  	.   0.04	2xu1A  125  A
ENSP00000259470	rs76181602	gCa	gAa	A	E	239  	.   0.04	2xu1D  125  A
ENSP00000259470	rs76181602	gCa	gAa	A	E	239  	.   0.04	2xu4A  125  A
ENSP00000259470	rs76181602	gCa	gAa	A	E	239  	.   0.04	2xu5A  125  A
ENSP00000259470	rs76181602	gCa	gAa	A	E	239  	.   0.04	2yj9A  125  A
ENSP00000259470	rs76181602	gCa	gAa	A	E	239  	.   0.04	3bc3A  124  A
ENSP00000259470	rs76181602	gCa	gAa	A	E	239  	.   0.04	3bc3B  124  A
ENSP00000259470	rs76181602	gCa	gAa	A	E	239  	.   0.04	3h6sA  125  A
ENSP00000259470	rs76181602	gCa	gAa	A	E	239  	.   0.04	3h6sB  125  A
ENSP00000259470	rs76181602	gCa	gAa	A	E	239  	.   0.04	3h6sC  125  A
ENSP00000259470	rs76181602	gCa	gAa	A	E	239  	.   0.04	3h6sD  125  A
ENSP00000259470	rs76181602	gCa	gAa	A	E	239  	.   0.04	3h89A  125  A
ENSP00000259470	rs76181602	gCa	gAa	A	E	239  	.   0.04	3h89B  125  A
ENSP00000259470	rs76181602	gCa	gAa	A	E	239  	.   0.04	3h89C  125  A
ENSP00000259470	rs76181602	gCa	gAa	A	E	239  	.   0.04	3h89D  125  A
ENSP00000259470	rs76181602	gCa	gAa	A	E	239  	.   0.04	3h89E  125  A
ENSP00000259470	rs76181602	gCa	gAa	A	E	239  	.   0.04	3h89F  125  A
ENSP00000259470	rs76181602	gCa	gAa	A	E	239  	.   0.04	3h8bA  125  A
ENSP00000259470	rs76181602	gCa	gAa	A	E	239  	.   0.04	3h8bB  125  A
ENSP00000259470	rs76181602	gCa	gAa	A	E	239  	.   0.04	3h8bC  125  A
ENSP00000259470	rs76181602	gCa	gAa	A	E	239  	.   0.04	3h8bD  125  A
ENSP00000259470	rs76181602	gCa	gAa	A	E	239  	.   0.04	3h8bE  125  A
ENSP00000259470	rs76181602	gCa	gAa	A	E	239  	.   0.04	3h8bF  125  A
ENSP00000259470	rs76181602	gCa	gAa	A	E	239  	.   0.04	3h8cA  124  A
ENSP00000259470	rs76181602	gCa	gAa	A	E	239  	.   0.04	3h8cB  124  A
ENSP00000259470	rs76181602	gCa	gAa	A	E	239  	.   0.04	3hhaB  125  A
ENSP00000259470	rs76181602	gCa	gAa	A	E	239  	.   0.04	3hhaC  125  A
ENSP00000259470	rs76181602	gCa	gAa	A	E	239  	.   0.04	3hwnA  125  A
ENSP00000259470	rs76181602	gCa	gAa	A	E	239  	.   0.04	3hwnB  125  A
ENSP00000259470	rs76181602	gCa	gAa	A	E	239  	.   0.04	3hwnD  125  A
ENSP00000259470	rs76181602	gCa	gAa	A	E	239  	.   0.04	3iv2B  125  A
ENSP00000259470	rs76181602	gCa	gAa	A	E	239  	.   0.04	3kfqA  125  A
ENSP00000259470	rs76181602	gCa	gAa	A	E	239  	.   0.04	3kfqB  125  A
ENSP00000259470	rs76181602	gCa	gAa	A	E	239  	.   0.04	4axmA  125  A
ENSP00000259470	rs76181602	gCa	gAa	A	E	239  	.   0.04	4axmC  125  A
ENSP00000259470	rs76181602	gCa	gAa	A	E	239  	.   0.04	4axmD  125  A
ENSP00000259470	rs76181602	gCa	gAa	A	E	239  	.   0.04	4axmE  125  A
ENSP00000259470	rs76181602	gCa	gAa	A	E	239  	.   0.04	4axmF  125  A
ENSP00000259470	rs76181602	gCa	gAa	A	E	239  	.   0.04	5maeA  125  A
ENSP00000259470	rs76181602	gCa	gAa	A	E	239  	.   0.04	5mqyA  125  A
ENSP00000259470	rs76181602	gCa	gAa	A	E	239  	.   0.04	6ezpA  125  A
ENSP00000259470	rs76181602	gCa	gAa	A	E	239  	.   0.04	6ezxA  125  A
ENSP00000259470	rs76181602	gCa	gAa	A	E	239  	.   0.04	6ezxB  125  A
ENSP00000259470	rs76181602	gCa	gAa	A	E	239  	.   0.04	6f06B  125  A
ENSP00000259486	 rs2305129	Agg	Cgg	R	R	878  	.   0.01	2xr9A  749  R
ENSP00000259486	 rs2305129	Agg	Cgg	R	R	878  	.   0.01	2xrgA  725  R
ENSP00000259486	 rs2305129	Agg	Cgg	R	R	878  	.   0.01	3nkmA  771  R
ENSP00000259486	 rs2305129	Agg	Cgg	R	R	878  	.   0.01	3nknA  748  R
ENSP00000259486	 rs2305129	Agg	Cgg	R	R	878  	.   0.01	3nkoA  747  R
ENSP00000259486	 rs2305129	Agg	Cgg	R	R	878  	.   0.01	3nkpA  754  R
ENSP00000259486	 rs2305129	Agg	Cgg	R	R	878  	.   0.01	3nkqA  748  R
ENSP00000259486	 rs2305129	Agg	Cgg	R	R	878  	.   0.01	3nkrA  745  R
ENSP00000259486	 rs2305129	Agg	Cgg	R	R	878  	.   0.01	3wavA  767  R
ENSP00000259486	 rs2305129	Agg	Cgg	R	R	878  	.   0.01	3wawA  745  R
ENSP00000259486	 rs2305129	Agg	Cgg	R	R	878  	.   0.01	3waxA  755  R
ENSP00000259486	 rs2305129	Agg	Cgg	R	R	878  	.   0.01	3wayA  753  R
ENSP00000259486	 rs2305129	Agg	Cgg	R	R	878  	.   0.01	4zg6A  720  R
ENSP00000259486	 rs2305129	Agg	Cgg	R	R	878  	.   0.01	4zg6B  722  R
ENSP00000259486	 rs2305129	Agg	Cgg	R	R	878  	.   0.01	4zg7A  742  R
ENSP00000259486	 rs2305129	Agg	Cgg	R	R	878  	.   0.01	4zg9A  716  R
ENSP00000259486	 rs2305129	Agg	Cgg	R	R	878  	.   0.01	4zg9B  729  R
ENSP00000259486	 rs2305129	Agg	Cgg	R	R	878  	.   0.01	4zgaA  706  R
ENSP00000259486	 rs2305129	Agg	Cgg	R	R	878  	.   0.01	5dltA  760  R
ENSP00000259486	 rs2305129	Agg	Cgg	R	R	878  	.   0.01	5dlvA  747  R
ENSP00000259486	 rs2305129	Agg	Cgg	R	R	878  	.   0.01	5dlvB  747  R
ENSP00000259486	 rs2305129	Agg	Cgg	R	R	878  	.   0.01	5dlwA  746  R
ENSP00000259486	 rs2305129	Agg	Cgg	R	R	878  	.   0.01	5hrtA  749  R
ENSP00000259486	 rs2305129	Agg	Cgg	R	R	878  	.   0.01	5ijqA  749  R
ENSP00000259486	 rs2305129	Agg	Cgg	R	R	878  	.   0.01	5ijsA  749  R
ENSP00000259486	 rs2305129	Agg	Cgg	R	R	878  	.   0.01	5inhA  746  R
ENSP00000259486	 rs2305129	Agg	Cgg	R	R	878  	.   0.01	5kxaA  717  R
ENSP00000259486	 rs2305129	Agg	Cgg	R	R	878  	.   0.01	5l0bA  745  R
ENSP00000259486	 rs2305129	Agg	Cgg	R	R	878  	.   0.01	5l0bB  747  R
ENSP00000259486	 rs2305129	Agg	Cgg	R	R	878  	.   0.01	5l0eA  749  R
ENSP00000259486	 rs2305129	Agg	Cgg	R	R	878  	.   0.01	5l0eB  748  R
ENSP00000259486	 rs2305129	Agg	Cgg	R	R	878  	.   0.01	5l0kA  743  R
ENSP00000259486	 rs2305129	Agg	Cgg	R	R	878  	.   0.01	5l0kB  743  R
ENSP00000259486	 rs2305129	Agg	Cgg	R	R	878  	.   0.01	5liaA  771  R
ENSP00000259486	 rs2305129	Agg	Cgg	R	R	878  	.   0.01	5lqqA  741  R
ENSP00000259486	 rs2305129	Agg	Cgg	R	R	878  	.   0.01	5m0dA  741  R
ENSP00000259486	 rs2305129	Agg	Cgg	R	R	878  	.   0.01	5m0eA  738  R
ENSP00000259486	 rs2305129	Agg	Cgg	R	R	878  	.   0.01	5m0mA  740  R
ENSP00000259486	 rs2305129	Agg	Cgg	R	R	878  	.   0.01	5m0sA  743  R
ENSP00000259486	 rs2305129	Agg	Cgg	R	R	878  	.   0.01	5m7mA  725  R
ENSP00000259486	 rs2305129	Agg	Cgg	R	R	878  	.   0.01	5mhpA  734  R
ENSP00000259486	 rs2305129	Agg	Cgg	R	R	878  	.   0.01	5ohiA  744  R
ENSP00000259486	 rs2305129	Agg	Cgg	R	R	878  	.   0.01	5olbA  751  R
ENSP00000259486	 rs4871364	caT	caC	H	H	580  	.   0.06	2xr9A  458  H
ENSP00000259486	 rs4871364	caT	caC	H	H	580  	.   0.06	2xrgA  454  H
ENSP00000259486	 rs4871364	caT	caC	H	H	580  	.   0.06	3nkmA  477  H
ENSP00000259486	 rs4871364	caT	caC	H	H	580  	.   0.06	3nknA  468  H
ENSP00000259486	 rs4871364	caT	caC	H	H	580  	.   0.06	3nkoA  468  H
ENSP00000259486	 rs4871364	caT	caC	H	H	580  	.   0.06	3nkpA  468  H
ENSP00000259486	 rs4871364	caT	caC	H	H	580  	.   0.06	3nkqA  468  H
ENSP00000259486	 rs4871364	caT	caC	H	H	580  	.   0.06	3nkrA  468  H
ENSP00000259486	 rs4871364	caT	caC	H	H	580  	.   0.06	3wavA  473  H
ENSP00000259486	 rs4871364	caT	caC	H	H	580  	.   0.06	3wawA  467  H
ENSP00000259486	 rs4871364	caT	caC	H	H	580  	.   0.06	3waxA  467  H
ENSP00000259486	 rs4871364	caT	caC	H	H	580  	.   0.06	3wayA  467  H
ENSP00000259486	 rs4871364	caT	caC	H	H	580  	.   0.06	4zg6A  454  H
ENSP00000259486	 rs4871364	caT	caC	H	H	580  	.   0.06	4zg6B  454  H
ENSP00000259486	 rs4871364	caT	caC	H	H	580  	.   0.06	4zg7A  466  H
ENSP00000259486	 rs4871364	caT	caC	H	H	580  	.   0.06	4zg9A  452  H
ENSP00000259486	 rs4871364	caT	caC	H	H	580  	.   0.06	4zg9B  466  H
ENSP00000259486	 rs4871364	caT	caC	H	H	580  	.   0.06	4zgaA  444  H
ENSP00000259486	 rs4871364	caT	caC	H	H	580  	.   0.06	5dltA  464  H
ENSP00000259486	 rs4871364	caT	caC	H	H	580  	.   0.06	5dlvA  465  H
ENSP00000259486	 rs4871364	caT	caC	H	H	580  	.   0.06	5dlvB  465  H
ENSP00000259486	 rs4871364	caT	caC	H	H	580  	.   0.06	5dlwA  467  H
ENSP00000259486	 rs4871364	caT	caC	H	H	580  	.   0.06	5hrtA  471  H
ENSP00000259486	 rs4871364	caT	caC	H	H	580  	.   0.06	5ijqA  458  H
ENSP00000259486	 rs4871364	caT	caC	H	H	580  	.   0.06	5ijsA  461  H
ENSP00000259486	 rs4871364	caT	caC	H	H	580  	.   0.06	5inhA  475  H
ENSP00000259486	 rs4871364	caT	caC	H	H	580  	.   0.06	5kxaA  455  H
ENSP00000259486	 rs4871364	caT	caC	H	H	580  	.   0.06	5l0bA  468  H
ENSP00000259486	 rs4871364	caT	caC	H	H	580  	.   0.06	5l0bB  467  H
ENSP00000259486	 rs4871364	caT	caC	H	H	580  	.   0.06	5l0eA  468  H
ENSP00000259486	 rs4871364	caT	caC	H	H	580  	.   0.06	5l0eB  468  H
ENSP00000259486	 rs4871364	caT	caC	H	H	580  	.   0.06	5l0kA  465  H
ENSP00000259486	 rs4871364	caT	caC	H	H	580  	.   0.06	5l0kB  466  H
ENSP00000259486	 rs4871364	caT	caC	H	H	580  	.   0.06	5liaA  477  H
ENSP00000259486	 rs4871364	caT	caC	H	H	580  	.   0.06	5lqqA  462  H
ENSP00000259486	 rs4871364	caT	caC	H	H	580  	.   0.06	5m0dA  462  H
ENSP00000259486	 rs4871364	caT	caC	H	H	580  	.   0.06	5m0eA  458  H
ENSP00000259486	 rs4871364	caT	caC	H	H	580  	.   0.06	5m0mA  462  H
ENSP00000259486	 rs4871364	caT	caC	H	H	580  	.   0.06	5m0sA  464  H
ENSP00000259486	 rs4871364	caT	caC	H	H	580  	.   0.06	5m7mA  457  H
ENSP00000259486	 rs4871364	caT	caC	H	H	580  	.   0.06	5mhpA  460  H
ENSP00000259486	 rs4871364	caT	caC	H	H	580  	.   0.06	5ohiA  469  H
ENSP00000259486	 rs4871364	caT	caC	H	H	580  	.   0.06	5olbA  470  H
ENSP00000259699	 rs1800562	tGc	tAc	C	Y	194  	.   0.19	1a6zA  257  C
ENSP00000259699	 rs1800562	tGc	tAc	C	Y	194  	.   0.19	1a6zC  257  C
ENSP00000259699	 rs1800562	tGc	tAc	C	Y	194  	.   0.19	1de4A  257  C
ENSP00000259699	 rs1800562	tGc	tAc	C	Y	194  	.   0.19	1de4D  257  C
ENSP00000259699	 rs1800562	tGc	tAc	C	Y	194  	.   0.19	1de4G  257  C
ENSP00000259699	rs62625346	cGg	cAg	R	Q	136  	.   0.01	1a6zA  199  R
ENSP00000259699	rs62625346	cGg	cAg	R	Q	136  	.   0.01	1a6zC  199  R
ENSP00000259699	rs62625346	cGg	cAg	R	Q	136  	.   0.01	1de4A  199  R
ENSP00000259699	rs62625346	cGg	cAg	R	Q	136  	.   0.01	1de4D  199  R
ENSP00000259699	rs62625346	cGg	cAg	R	Q	136  	.   0.01	1de4G  199  R
ENSP00000259808	 rs2272990	ttT	ttC	F	F	28   	.   0.03	4itiA   21  F
ENSP00000259808	 rs2272990	ttT	ttC	F	F	28   	.   0.03	4itjA   13  F
ENSP00000259808	 rs2272990	ttT	ttC	F	F	28   	.   0.03	4itjB   22  F
ENSP00000259808	 rs2272990	ttT	ttC	F	F	28   	.   0.03	4neuA   23  F
ENSP00000259808	 rs2272990	ttT	ttC	F	F	28   	.   0.03	4neuB   15  F
ENSP00000259808	 rs2272990	ttT	ttC	F	F	28   	.   0.03	6c3eA   20  F
ENSP00000259808	 rs2272990	ttT	ttC	F	F	28   	.   0.03	6c4dA   14  F
ENSP00000259875	 rs2524235	Ctg	Gtg	L	V	796  	.   0.01	3zosA  221  L
ENSP00000259875	 rs2524235	Ctg	Gtg	L	V	796  	.   0.01	3zosB  223  L
ENSP00000259875	 rs2524235	Ctg	Gtg	L	V	796  	.   0.01	4bkjA  215  L
ENSP00000259875	 rs2524235	Ctg	Gtg	L	V	796  	.   0.01	4bkjB  217  L
ENSP00000259875	 rs2524235	Ctg	Gtg	L	V	796  	.   0.01	4ckrA  215  L
ENSP00000259875	 rs2524235	Ctg	Gtg	L	V	796  	.   0.01	5bvkA  200  L
ENSP00000259875	 rs2524235	Ctg	Gtg	L	V	796  	.   0.01	5bvnA  200  L
ENSP00000259875	 rs2524235	Ctg	Gtg	L	V	796  	.   0.01	5bvoA  198  L
ENSP00000259875	 rs2524235	Ctg	Gtg	L	V	796  	.   0.01	5bvwA  196  L
ENSP00000259875	 rs2524235	Ctg	Gtg	L	V	796  	.   0.01	5fdpA  206  L
ENSP00000259875	 rs2524235	Ctg	Gtg	L	V	796  	.   0.01	5fdxA  204  L
ENSP00000259875	 rs2524235	Ctg	Gtg	L	V	796  	.   0.01	5fdxB  200  L
ENSP00000259875	 rs2524235	Ctg	Gtg	L	V	796  	.   0.01	6gwrA  221  L
ENSP00000259875	 rs2524235	Ctg	Gtg	L	V	796  	.   0.01	6gwrB  210  L
ENSP00000260010	 rs3804100	agT	agC	S	S	450  	.   0.02	2z7xA  424  S
ENSP00000260197	rs12364988	caT	caC	H	H	269  	.   0.01	3wsxA  176  H
ENSP00000260197	rs12364988	caT	caC	H	H	269  	.   0.01	3wsyA  184  H
ENSP00000260197	rs12364988	caT	caC	H	H	269  	.   0.01	3wszA  178  H
ENSP00000260442	 rs2231292	cTg	cGg	L	R	21   	.   0.01	4b4sA    9  L
ENSP00000260508	 rs3738055	agC	agT	S	S	245  	.    0.0	2zjgA  205  S
ENSP00000260508	 rs3738055	agC	agT	S	S	245  	.    0.0	2zjgB  205  S
ENSP00000260508	 rs3738055	agC	agT	S	S	245  	.    0.0	3e2fA  205  S
ENSP00000260508	 rs3738055	agC	agT	S	S	245  	.    0.0	3e2fB  205  S
ENSP00000260508	 rs3738055	agC	agT	S	S	245  	.    0.0	3e2yA  205  S
ENSP00000260508	 rs3738055	agC	agT	S	S	245  	.    0.0	3e2yB  205  S
ENSP00000260508	 rs3738055	agC	agT	S	S	245  	.    0.0	3e2zA  205  S
ENSP00000260508	 rs3738055	agC	agT	S	S	245  	.    0.0	3e2zB  205  S
ENSP00000260508	 rs3738055	agC	agT	S	S	245  	.    0.0	5vepA  205  S
ENSP00000260508	 rs3738055	agC	agT	S	S	245  	.    0.0	5vepB  205  S
ENSP00000260508	 rs3738055	agC	agT	S	S	245  	.    0.0	5veqA  202  S
ENSP00000260508	 rs3738055	agC	agT	S	S	245  	.    0.0	5veqB  201  S
ENSP00000260508	 rs3738055	agC	agT	S	S	245  	.    0.0	5verA  205  S
ENSP00000260508	 rs3738055	agC	agT	S	S	245  	.    0.0	5verB  205  S
ENSP00000260682	 rs7900194	cGc	cAc	R	H	150  	.   0.03	4gqsA  122  R
ENSP00000260682	 rs7900194	cGc	cAc	R	H	150  	.   0.03	4gqsB  122  R
ENSP00000260682	 rs7900194	cGc	cAc	R	H	150  	.   0.03	4gqsC  122  R
ENSP00000260682	 rs7900194	cGc	cAc	R	H	150  	.   0.03	4gqsD  112  R
ENSP00000260682	 rs7900194	cGc	cAc	R	H	150  	.   0.03	5w0cA  124  R
ENSP00000260682	 rs7900194	cGc	cTc	R	L	150  	.   0.03	4gqsA  122  R
ENSP00000260682	 rs7900194	cGc	cTc	R	L	150  	.   0.03	4gqsB  122  R
ENSP00000260682	 rs7900194	cGc	cTc	R	L	150  	.   0.03	4gqsC  122  R
ENSP00000260682	 rs7900194	cGc	cTc	R	L	150  	.   0.03	4gqsD  112  R
ENSP00000260682	 rs7900194	cGc	cTc	R	L	150  	.   0.03	5w0cA  124  R
ENSP00000260682	 rs9332130	gAg	gGg	E	G	272  	.   0.23	4gqsA  244  E
ENSP00000260682	 rs9332130	gAg	gGg	E	G	272  	.   0.23	4gqsB  238  E
ENSP00000260682	 rs9332130	gAg	gGg	E	G	272  	.   0.23	4gqsC  244  E
ENSP00000260682	 rs9332130	gAg	gGg	E	G	272  	.   0.23	4gqsD  234  E
ENSP00000260682	 rs9332130	gAg	gGg	E	G	272  	.   0.23	5w0cA  246  E
ENSP00000260682	 rs1057909	tAc	tGc	Y	C	358  	.   0.01	4gqsA  330  Y
ENSP00000260682	 rs1057909	tAc	tGc	Y	C	358  	.   0.01	4gqsB  324  Y
ENSP00000260682	 rs1057909	tAc	tGc	Y	C	358  	.   0.01	4gqsC  330  Y
ENSP00000260682	 rs1057909	tAc	tGc	Y	C	358  	.   0.01	4gqsD  320  Y
ENSP00000260682	 rs1057909	tAc	tGc	Y	C	358  	.   0.01	5w0cA  332  Y
ENSP00000260682	 rs1057910	Att	Ctt	I	L	359  	.   0.01	4gqsA  331  I
ENSP00000260682	 rs1057910	Att	Ctt	I	L	359  	.   0.01	4gqsB  325  I
ENSP00000260682	 rs1057910	Att	Ctt	I	L	359  	.   0.01	4gqsC  331  I
ENSP00000260682	 rs1057910	Att	Ctt	I	L	359  	.   0.01	4gqsD  321  I
ENSP00000260682	 rs1057910	Att	Ctt	I	L	359  	.   0.01	5w0cA  333  I
ENSP00000260682	 rs9332239	Cct	Tct	P	S	489  	.   0.05	4gqsA  461  P
ENSP00000260682	 rs9332239	Cct	Tct	P	S	489  	.   0.05	4gqsB  455  P
ENSP00000260682	 rs9332239	Cct	Tct	P	S	489  	.   0.05	4gqsC  461  P
ENSP00000260682	 rs9332239	Cct	Tct	P	S	489  	.   0.05	4gqsD  451  P
ENSP00000260682	 rs9332239	Cct	Tct	P	S	489  	.   0.05	5w0cA  463  P
ENSP00000260682	 rs9332173	ctC	ctA	L	L	312  	.   0.01	4gqsA  284  L
ENSP00000260682	 rs9332173	ctC	ctA	L	L	312  	.   0.01	4gqsB  278  L
ENSP00000260682	 rs9332173	ctC	ctA	L	L	312  	.   0.01	4gqsC  284  L
ENSP00000260682	 rs9332173	ctC	ctA	L	L	312  	.   0.01	4gqsD  274  L
ENSP00000260682	 rs9332173	ctC	ctA	L	L	312  	.   0.01	5w0cA  286  L
ENSP00000260682	 rs2017319	gcC	gcA	A	A	441  	.   0.05	4gqsA  413  A
ENSP00000260682	 rs2017319	gcC	gcA	A	A	441  	.   0.05	4gqsB  407  A
ENSP00000260682	 rs2017319	gcC	gcA	A	A	441  	.   0.05	4gqsC  413  A
ENSP00000260682	 rs2017319	gcC	gcA	A	A	441  	.   0.05	4gqsD  403  A
ENSP00000260682	 rs2017319	gcC	gcA	A	A	441  	.   0.05	5w0cA  415  A
ENSP00000260682	 rs2017319	gcC	gcT	A	A	441  	.   0.05	4gqsA  413  A
ENSP00000260682	 rs2017319	gcC	gcT	A	A	441  	.   0.05	4gqsB  407  A
ENSP00000260682	 rs2017319	gcC	gcT	A	A	441  	.   0.05	4gqsC  413  A
ENSP00000260682	 rs2017319	gcC	gcT	A	A	441  	.   0.05	4gqsD  403  A
ENSP00000260682	 rs2017319	gcC	gcT	A	A	441  	.   0.05	5w0cA  415  A
ENSP00000260682	rs72558187	cTt	cCt	L	P	90   	.   0.03	4gqsA   62  L
ENSP00000260682	rs72558187	cTt	cCt	L	P	90   	.   0.03	4gqsB   62  L
ENSP00000260682	rs72558187	cTt	cCt	L	P	90   	.   0.03	4gqsC   62  L
ENSP00000260682	rs72558187	cTt	cCt	L	P	90   	.   0.03	4gqsD   62  L
ENSP00000260682	rs72558187	cTt	cCt	L	P	90   	.   0.03	5w0cA   64  L
ENSP00000260682	rs12414460	cGg	cAg	R	Q	124  	.   0.01	4gqsA   96  R
ENSP00000260682	rs12414460	cGg	cAg	R	Q	124  	.   0.01	4gqsB   96  R
ENSP00000260682	rs12414460	cGg	cAg	R	Q	124  	.   0.01	4gqsC   96  R
ENSP00000260682	rs12414460	cGg	cAg	R	Q	124  	.   0.01	4gqsD   96  R
ENSP00000260682	rs12414460	cGg	cAg	R	Q	124  	.   0.01	5w0cA   98  R
ENSP00000260682	rs12414460	cGg	cTg	R	L	124  	.   0.01	4gqsA   96  R
ENSP00000260682	rs12414460	cGg	cTg	R	L	124  	.   0.01	4gqsB   96  R
ENSP00000260682	rs12414460	cGg	cTg	R	L	124  	.   0.01	4gqsC   96  R
ENSP00000260682	rs12414460	cGg	cTg	R	L	124  	.   0.01	4gqsD   96  R
ENSP00000260682	rs12414460	cGg	cTg	R	L	124  	.   0.01	5w0cA   98  R
ENSP00000260682	rs72558189	cGt	cAt	R	H	125  	.   0.02	4gqsA   97  R
ENSP00000260682	rs72558189	cGt	cAt	R	H	125  	.   0.02	4gqsB   97  R
ENSP00000260682	rs72558189	cGt	cAt	R	H	125  	.   0.02	4gqsC   97  R
ENSP00000260682	rs72558189	cGt	cAt	R	H	125  	.   0.02	4gqsD   97  R
ENSP00000260682	rs72558189	cGt	cAt	R	H	125  	.   0.02	5w0cA   99  R
ENSP00000260682	rs72558189	cGt	cCt	R	P	125  	.   0.02	4gqsA   97  R
ENSP00000260682	rs72558189	cGt	cCt	R	P	125  	.   0.02	4gqsB   97  R
ENSP00000260682	rs72558189	cGt	cCt	R	P	125  	.   0.02	4gqsC   97  R
ENSP00000260682	rs72558189	cGt	cCt	R	P	125  	.   0.02	4gqsD   97  R
ENSP00000260682	rs72558189	cGt	cCt	R	P	125  	.   0.02	5w0cA   99  R
ENSP00000260682	rs17847037	Cgc	Tgc	R	C	150  	.   0.03	4gqsA  122  R
ENSP00000260682	rs17847037	Cgc	Tgc	R	C	150  	.   0.03	4gqsB  122  R
ENSP00000260682	rs17847037	Cgc	Tgc	R	C	150  	.   0.03	4gqsC  122  R
ENSP00000260682	rs17847037	Cgc	Tgc	R	C	150  	.   0.03	4gqsD  112  R
ENSP00000260682	rs17847037	Cgc	Tgc	R	C	150  	.   0.03	5w0cA  124  R
ENSP00000260682	rs72558190	tCa	tTa	S	L	162  	.   0.02	4gqsA  134  S
ENSP00000260682	rs72558190	tCa	tTa	S	L	162  	.   0.02	4gqsB  134  S
ENSP00000260682	rs72558190	tCa	tTa	S	L	162  	.   0.02	4gqsC  134  S
ENSP00000260682	rs72558190	tCa	tTa	S	L	162  	.   0.02	4gqsD  124  S
ENSP00000260682	rs72558190	tCa	tTa	S	L	162  	.   0.02	5w0cA  136  S
ENSP00000260682	rs72558191	Ttg	Gtg	L	V	208  	.   0.01	4gqsA  180  V
ENSP00000260682	rs72558191	Ttg	Gtg	L	V	208  	.   0.01	4gqsB  180  V
ENSP00000260682	rs72558191	Ttg	Gtg	L	V	208  	.   0.01	4gqsC  180  V
ENSP00000260682	rs72558191	Ttg	Gtg	L	V	208  	.   0.01	4gqsD  170  V
ENSP00000260682	rs72558191	Ttg	Gtg	L	V	208  	.   0.01	5w0cA  182  L
ENSP00000260682	rs72558192	Aca	Gca	T	A	299  	.   0.02	4gqsA  271  T
ENSP00000260682	rs72558192	Aca	Gca	T	A	299  	.   0.02	4gqsB  265  T
ENSP00000260682	rs72558192	Aca	Gca	T	A	299  	.   0.02	4gqsC  271  T
ENSP00000260682	rs72558192	Aca	Gca	T	A	299  	.   0.02	4gqsD  261  T
ENSP00000260682	rs72558192	Aca	Gca	T	A	299  	.   0.02	5w0cA  273  T
ENSP00000260682	rs74441467	Ctg	Atg	L	M	306  	.   0.01	4gqsA  278  L
ENSP00000260682	rs74441467	Ctg	Atg	L	M	306  	.   0.01	4gqsB  272  L
ENSP00000260682	rs74441467	Ctg	Atg	L	M	306  	.   0.01	4gqsC  278  L
ENSP00000260682	rs74441467	Ctg	Atg	L	M	306  	.   0.01	4gqsD  268  L
ENSP00000260682	rs74441467	Ctg	Atg	L	M	306  	.   0.01	5w0cA  280  L
ENSP00000260682	rs57505750	aTt	aCt	I	T	327  	.   0.22	4gqsA  299  I
ENSP00000260682	rs57505750	aTt	aCt	I	T	327  	.   0.22	4gqsB  293  I
ENSP00000260682	rs57505750	aTt	aCt	I	T	327  	.   0.22	4gqsC  299  I
ENSP00000260682	rs57505750	aTt	aCt	I	T	327  	.   0.22	4gqsD  289  I
ENSP00000260682	rs57505750	aTt	aCt	I	T	327  	.   0.22	5w0cA  301  I
ENSP00000260682	rs56165452	aTt	aAt	I	N	359  	.   0.01	4gqsA  331  I
ENSP00000260682	rs56165452	aTt	aAt	I	N	359  	.   0.01	4gqsB  325  I
ENSP00000260682	rs56165452	aTt	aAt	I	N	359  	.   0.01	4gqsC  331  I
ENSP00000260682	rs56165452	aTt	aAt	I	N	359  	.   0.01	4gqsD  321  I
ENSP00000260682	rs56165452	aTt	aAt	I	N	359  	.   0.01	5w0cA  333  I
ENSP00000260682	rs56165452	aTt	aCt	I	T	359  	.   0.01	4gqsA  331  I
ENSP00000260682	rs56165452	aTt	aCt	I	T	359  	.   0.01	4gqsB  325  I
ENSP00000260682	rs56165452	aTt	aCt	I	T	359  	.   0.01	4gqsC  331  I
ENSP00000260682	rs56165452	aTt	aCt	I	T	359  	.   0.01	4gqsD  321  I
ENSP00000260682	rs56165452	aTt	aCt	I	T	359  	.   0.01	5w0cA  333  I
ENSP00000260682	rs72558193	gAc	gCc	D	A	397  	.   0.06	4gqsA  369  D
ENSP00000260682	rs72558193	gAc	gCc	D	A	397  	.   0.06	4gqsB  363  D
ENSP00000260682	rs72558193	gAc	gCc	D	A	397  	.   0.06	4gqsC  369  D
ENSP00000260682	rs72558193	gAc	gCc	D	A	397  	.   0.06	4gqsD  359  D
ENSP00000260682	rs72558193	gAc	gCc	D	A	397  	.   0.06	5w0cA  371  D
ENSP00000260682	rs28371687	cTg	cCg	L	P	413  	.   0.11	4gqsA  385  L
ENSP00000260682	rs28371687	cTg	cCg	L	P	413  	.   0.11	4gqsB  379  L
ENSP00000260682	rs28371687	cTg	cCg	L	P	413  	.   0.11	4gqsC  385  L
ENSP00000260682	rs28371687	cTg	cCg	L	P	413  	.   0.11	4gqsD  375  L
ENSP00000260682	rs28371687	cTg	cCg	L	P	413  	.   0.11	5w0cA  387  L
ENSP00000260682	rs59485260	ttA	ttC	L	F	447  	.   0.11	4gqsA  419  L
ENSP00000260682	rs59485260	ttA	ttC	L	F	447  	.   0.11	4gqsB  413  L
ENSP00000260682	rs59485260	ttA	ttC	L	F	447  	.   0.11	4gqsC  419  L
ENSP00000260682	rs59485260	ttA	ttC	L	F	447  	.   0.11	4gqsD  409  L
ENSP00000260682	rs59485260	ttA	ttC	L	F	447  	.   0.11	5w0cA  421  L
ENSP00000260682	rs74441467	Ctg	Ttg	L	L	306  	.   0.01	4gqsA  278  L
ENSP00000260682	rs74441467	Ctg	Ttg	L	L	306  	.   0.01	4gqsB  272  L
ENSP00000260682	rs74441467	Ctg	Ttg	L	L	306  	.   0.01	4gqsC  278  L
ENSP00000260682	rs74441467	Ctg	Ttg	L	L	306  	.   0.01	4gqsD  268  L
ENSP00000260682	rs74441467	Ctg	Ttg	L	L	306  	.   0.01	5w0cA  280  L
ENSP00000260682	rs17847032	ctA	ctT	L	L	395  	.   0.03	4gqsA  367  L
ENSP00000260682	rs17847032	ctA	ctT	L	L	395  	.   0.03	4gqsB  361  L
ENSP00000260682	rs17847032	ctA	ctT	L	L	395  	.   0.03	4gqsC  367  L
ENSP00000260682	rs17847032	ctA	ctT	L	L	395  	.   0.03	4gqsD  357  L
ENSP00000260682	rs17847032	ctA	ctT	L	L	395  	.   0.03	5w0cA  369  L
ENSP00000260947	 rs3738888	Cgc	Tgc	R	C	658  	.   0.23	2nteA   91  R
ENSP00000260947	 rs3738888	Cgc	Tgc	R	C	658  	.   0.23	2nteB   90  R
ENSP00000260947	 rs3738888	Cgc	Tgc	R	C	658  	.   0.23	2r1zA   90  R
ENSP00000260947	 rs3738888	Cgc	Tgc	R	C	658  	.   0.23	2r1zB   90  R
ENSP00000260947	 rs3738888	Cgc	Tgc	R	C	658  	.   0.23	3fa2A   93  R
ENSP00000260947	 rs3738888	Cgc	Tgc	R	C	658  	.   0.23	3fa2B   91  R
ENSP00000260947	rs147215925	agA	agG	R	R	659  	.   0.25	2nteA   92  R
ENSP00000260947	rs147215925	agA	agG	R	R	659  	.   0.25	2nteB   91  R
ENSP00000260947	rs147215925	agA	agG	R	R	659  	.   0.25	2r1zA   91  R
ENSP00000260947	rs147215925	agA	agG	R	R	659  	.   0.25	2r1zB   91  R
ENSP00000260947	rs147215925	agA	agG	R	R	659  	.   0.25	3fa2A   94  R
ENSP00000260947	rs147215925	agA	agG	R	R	659  	.   0.25	3fa2B   92  R
ENSP00000260985	rs73070954	Gtc	Atc	V	I	71   	.   0.01	1t09A   71  V
ENSP00000260985	rs73070954	Gtc	Atc	V	I	71   	.   0.01	1t09B   71  V
ENSP00000260985	rs73070954	Gtc	Atc	V	I	71   	.   0.01	1t0lA   71  V
ENSP00000260985	rs73070954	Gtc	Atc	V	I	71   	.   0.01	1t0lB   71  V
ENSP00000260985	rs73070954	Gtc	Atc	V	I	71   	.   0.01	1t0lC   71  V
ENSP00000260985	rs73070954	Gtc	Atc	V	I	71   	.   0.01	1t0lD   71  V
ENSP00000260985	rs73070954	Gtc	Atc	V	I	71   	.   0.01	3inmA   68  V
ENSP00000260985	rs73070954	Gtc	Atc	V	I	71   	.   0.01	3inmB   68  V
ENSP00000260985	rs73070954	Gtc	Atc	V	I	71   	.   0.01	3inmC   68  V
ENSP00000260985	rs73070954	Gtc	Atc	V	I	71   	.   0.01	3mapA   69  V
ENSP00000260985	rs73070954	Gtc	Atc	V	I	71   	.   0.01	3mapB   69  V
ENSP00000260985	rs73070954	Gtc	Atc	V	I	71   	.   0.01	3marA   70  V
ENSP00000260985	rs73070954	Gtc	Atc	V	I	71   	.   0.01	3marB   71  V
ENSP00000260985	rs73070954	Gtc	Atc	V	I	71   	.   0.01	3masA   69  V
ENSP00000260985	rs73070954	Gtc	Atc	V	I	71   	.   0.01	3masB   69  V
ENSP00000260985	rs73070954	Gtc	Atc	V	I	71   	.   0.01	4i3kA   68  V
ENSP00000260985	rs73070954	Gtc	Atc	V	I	71   	.   0.01	4i3kB   68  V
ENSP00000260985	rs73070954	Gtc	Atc	V	I	71   	.   0.01	4i3lA   68  V
ENSP00000260985	rs73070954	Gtc	Atc	V	I	71   	.   0.01	4i3lB   68  V
ENSP00000260985	rs73070954	Gtc	Atc	V	I	71   	.   0.01	4kzoA   69  V
ENSP00000260985	rs73070954	Gtc	Atc	V	I	71   	.   0.01	4kzoB   69  V
ENSP00000260985	rs73070954	Gtc	Atc	V	I	71   	.   0.01	4kzoC   68  V
ENSP00000260985	rs73070954	Gtc	Atc	V	I	71   	.   0.01	4l03A   69  V
ENSP00000260985	rs73070954	Gtc	Atc	V	I	71   	.   0.01	4l03B   69  V
ENSP00000260985	rs73070954	Gtc	Atc	V	I	71   	.   0.01	4l03C   69  V
ENSP00000260985	rs73070954	Gtc	Atc	V	I	71   	.   0.01	4l04A   67  V
ENSP00000260985	rs73070954	Gtc	Atc	V	I	71   	.   0.01	4l04B   69  V
ENSP00000260985	rs73070954	Gtc	Atc	V	I	71   	.   0.01	4l04C   68  V
ENSP00000260985	rs73070954	Gtc	Atc	V	I	71   	.   0.01	4l04D   69  V
ENSP00000260985	rs73070954	Gtc	Atc	V	I	71   	.   0.01	4l04E   68  V
ENSP00000260985	rs73070954	Gtc	Atc	V	I	71   	.   0.01	4l04F   69  V
ENSP00000260985	rs73070954	Gtc	Atc	V	I	71   	.   0.01	4l06A   69  V
ENSP00000260985	rs73070954	Gtc	Atc	V	I	71   	.   0.01	4l06B   69  V
ENSP00000260985	rs73070954	Gtc	Atc	V	I	71   	.   0.01	4l06C   69  V
ENSP00000260985	rs73070954	Gtc	Atc	V	I	71   	.   0.01	4l06D   68  V
ENSP00000260985	rs73070954	Gtc	Atc	V	I	71   	.   0.01	4l06E   69  V
ENSP00000260985	rs73070954	Gtc	Atc	V	I	71   	.   0.01	4l06F   69  V
ENSP00000260985	rs73070954	Gtc	Atc	V	I	71   	.   0.01	4umxA   69  V
ENSP00000260985	rs73070954	Gtc	Atc	V	I	71   	.   0.01	4umxB   69  V
ENSP00000260985	rs73070954	Gtc	Atc	V	I	71   	.   0.01	4umyA   69  V
ENSP00000260985	rs73070954	Gtc	Atc	V	I	71   	.   0.01	4umyB   69  V
ENSP00000260985	rs73070954	Gtc	Atc	V	I	71   	.   0.01	4xrxA   69  V
ENSP00000260985	rs73070954	Gtc	Atc	V	I	71   	.   0.01	4xrxB   69  V
ENSP00000260985	rs73070954	Gtc	Atc	V	I	71   	.   0.01	4xs3A   69  V
ENSP00000260985	rs73070954	Gtc	Atc	V	I	71   	.   0.01	4xs3B   68  V
ENSP00000260985	rs73070954	Gtc	Atc	V	I	71   	.   0.01	5de1A   69  V
ENSP00000260985	rs73070954	Gtc	Atc	V	I	71   	.   0.01	5de1B   69  V
ENSP00000260985	rs73070954	Gtc	Atc	V	I	71   	.   0.01	5k10A   69  V
ENSP00000260985	rs73070954	Gtc	Atc	V	I	71   	.   0.01	5k10B   69  V
ENSP00000260985	rs73070954	Gtc	Atc	V	I	71   	.   0.01	5k11A   69  V
ENSP00000260985	rs73070954	Gtc	Atc	V	I	71   	.   0.01	5k11B   69  V
ENSP00000260985	rs73070954	Gtc	Atc	V	I	71   	.   0.01	5l57A   69  V
ENSP00000260985	rs73070954	Gtc	Atc	V	I	71   	.   0.01	5l58A   69  V
ENSP00000260985	rs73070954	Gtc	Atc	V	I	71   	.   0.01	5lgeA   69  V
ENSP00000260985	rs73070954	Gtc	Atc	V	I	71   	.   0.01	5lgeB   69  V
ENSP00000260985	rs73070954	Gtc	Atc	V	I	71   	.   0.01	5lgeC   70  V
ENSP00000260985	rs73070954	Gtc	Atc	V	I	71   	.   0.01	5lgeD   69  V
ENSP00000260985	rs73070954	Gtc	Atc	V	I	71   	.   0.01	5sunA   69  V
ENSP00000260985	rs73070954	Gtc	Atc	V	I	71   	.   0.01	5sunB   69  V
ENSP00000260985	rs73070954	Gtc	Atc	V	I	71   	.   0.01	5svfA   68  V
ENSP00000260985	rs73070954	Gtc	Atc	V	I	71   	.   0.01	5svfB   68  V
ENSP00000260985	rs73070954	Gtc	Atc	V	I	71   	.   0.01	5svfC   69  V
ENSP00000260985	rs73070954	Gtc	Atc	V	I	71   	.   0.01	5svfD   68  V
ENSP00000260985	rs73070954	Gtc	Atc	V	I	71   	.   0.01	5tqhA   69  V
ENSP00000260985	rs73070954	Gtc	Atc	V	I	71   	.   0.01	5tqhB   69  V
ENSP00000260985	rs73070954	Gtc	Atc	V	I	71   	.   0.01	5tqhC   69  V
ENSP00000260985	rs73070954	Gtc	Atc	V	I	71   	.   0.01	5tqhD   68  V
ENSP00000260985	rs73070954	Gtc	Atc	V	I	71   	.   0.01	5yfmA   69  V
ENSP00000260985	rs73070954	Gtc	Atc	V	I	71   	.   0.01	5yfmB   69  V
ENSP00000260985	rs73070954	Gtc	Atc	V	I	71   	.   0.01	5yfmC   68  V
ENSP00000260985	rs73070954	Gtc	Atc	V	I	71   	.   0.01	5yfnA   78  V
ENSP00000260985	rs73070954	Gtc	Atc	V	I	71   	.   0.01	5yfnB   78  V
ENSP00000260985	rs73070954	Gtc	Atc	V	I	71   	.   0.01	5yzhA   69  V
ENSP00000260985	rs73070954	Gtc	Atc	V	I	71   	.   0.01	5yzhB   68  V
ENSP00000260985	rs73070954	Gtc	Atc	V	I	71   	.   0.01	5yziA   68  V
ENSP00000260985	rs73070954	Gtc	Atc	V	I	71   	.   0.01	5yziB   68  V
ENSP00000260985	rs73070954	Gtc	Atc	V	I	71   	.   0.01	6adgA   69  V
ENSP00000260985	rs73070954	Gtc	Atc	V	I	71   	.   0.01	6adgB   69  V
ENSP00000260985	rs73070954	Gtc	Atc	V	I	71   	.   0.01	6adgC   69  V
ENSP00000260985	rs73070954	Gtc	Atc	V	I	71   	.   0.01	6b0zA   69  V
ENSP00000260985	rs73070954	Gtc	Atc	V	I	71   	.   0.01	6b0zB   69  V
ENSP00000260985	rs73070954	Gtc	Atc	V	I	71   	.   0.01	6b0zC   69  V
ENSP00000260985	rs73070954	Gtc	Atc	V	I	71   	.   0.01	6b0zD   69  V
ENSP00000260985	rs73070954	Gtc	Atc	V	I	71   	.   0.01	6bkxA   69  V
ENSP00000260985	rs73070954	Gtc	Atc	V	I	71   	.   0.01	6bkxB   69  V
ENSP00000260985	rs73070954	Gtc	Atc	V	I	71   	.   0.01	6bkxC   69  V
ENSP00000260985	rs73070954	Gtc	Atc	V	I	71   	.   0.01	6bkyA   69  V
ENSP00000260985	rs73070954	Gtc	Atc	V	I	71   	.   0.01	6bkyB   69  V
ENSP00000260985	rs73070954	Gtc	Atc	V	I	71   	.   0.01	6bkyC   69  V
ENSP00000260985	rs73070954	Gtc	Atc	V	I	71   	.   0.01	6bkyD   69  V
ENSP00000260985	rs73070954	Gtc	Atc	V	I	71   	.   0.01	6bkyE   69  V
ENSP00000260985	rs73070954	Gtc	Atc	V	I	71   	.   0.01	6bkyF   69  V
ENSP00000260985	rs73070954	Gtc	Atc	V	I	71   	.   0.01	6bkzA   69  V
ENSP00000260985	rs73070954	Gtc	Atc	V	I	71   	.   0.01	6bkzB   69  V
ENSP00000260985	rs73070954	Gtc	Atc	V	I	71   	.   0.01	6bl0A   69  V
ENSP00000260985	rs73070954	Gtc	Atc	V	I	71   	.   0.01	6bl0B   69  V
ENSP00000260985	rs73070954	Gtc	Atc	V	I	71   	.   0.01	6bl0C   69  V
ENSP00000260985	rs73070954	Gtc	Atc	V	I	71   	.   0.01	6bl1A   69  V
ENSP00000260985	rs73070954	Gtc	Atc	V	I	71   	.   0.01	6bl1B   69  V
ENSP00000260985	rs73070954	Gtc	Atc	V	I	71   	.   0.01	6bl1C   69  V
ENSP00000260985	rs73070954	Gtc	Atc	V	I	71   	.   0.01	6bl2A   69  V
ENSP00000260985	rs73070954	Gtc	Atc	V	I	71   	.   0.01	6bl2B   69  V
ENSP00000260985	rs73070954	Gtc	Atc	V	I	71   	.   0.01	6bl2C   69  V
ENSP00000260988	  rs796287	Atc	Ctc	I	L	111  	.   0.02	1ammA  110  P
ENSP00000260988	  rs796287	Atc	Ctc	I	L	111  	.   0.02	1dslA   24  P
ENSP00000260988	  rs796287	Atc	Ctc	I	L	111  	.   0.02	1gamA   24  P
ENSP00000260988	  rs796287	Atc	Ctc	I	L	111  	.   0.02	1gamB   24  P
ENSP00000260988	  rs796287	Atc	Ctc	I	L	111  	.   0.02	1gcsA  110  P
ENSP00000260988	  rs796287	Atc	Ctc	I	L	111  	.   0.02	1i5iA  110  P
ENSP00000260988	  rs796287	Atc	Ctc	I	L	111  	.   0.02	2jdfA  110  L
ENSP00000260988	  rs796287	Atc	Ctc	I	L	111  	.   0.02	2jdgA  110  L
ENSP00000260988	  rs796287	Atc	Ctc	I	L	111  	.   0.02	4gcrA  110  P
ENSP00000260988	  rs796287	Atc	Ctc	I	L	111  	.   0.02	4w9aA  110  P
ENSP00000260988	  rs796287	Atc	Ctc	I	L	111  	.   0.02	4w9bA  110  P
ENSP00000261007	 rs2305416	caC	caG	H	Q	345  	.   0.01	1oedA   90  H
ENSP00000261007	 rs2305416	caC	caG	H	Q	345  	.   0.01	1oedD   90  H
ENSP00000261007	 rs2305416	caC	caG	H	Q	345  	.   0.01	2bg9A  300  H
ENSP00000261007	 rs2305416	caC	caG	H	Q	345  	.   0.01	2bg9D  300  H
ENSP00000261007	 rs2305416	caC	caG	H	Q	345  	.   0.01	4aq5A  300  H
ENSP00000261007	 rs2305416	caC	caG	H	Q	345  	.   0.01	4aq5D  300  H
ENSP00000261007	 rs2305416	caC	caG	H	Q	345  	.   0.01	4aq9A  300  H
ENSP00000261007	 rs2305416	caC	caG	H	Q	345  	.   0.01	4aq9D  300  H
ENSP00000261007	 rs2305416	caC	caG	H	Q	345  	.   0.01	4bogC  300  H
ENSP00000261007	 rs2305416	caC	caG	H	Q	345  	.   0.01	4bogE  300  H
ENSP00000261007	 rs2305416	caC	caG	H	Q	345  	.   0.01	4bogH  300  H
ENSP00000261007	 rs2305416	caC	caG	H	Q	345  	.   0.01	4bogJ  300  H
ENSP00000261007	 rs2305416	caC	caG	H	Q	345  	.   0.01	4bogM  300  H
ENSP00000261007	 rs2305416	caC	caG	H	Q	345  	.   0.01	4bogO  300  H
ENSP00000261007	 rs2305416	caC	caG	H	Q	345  	.   0.01	4bogR  300  H
ENSP00000261007	 rs2305416	caC	caG	H	Q	345  	.   0.01	4bogT  300  H
ENSP00000261007	 rs2305416	caC	caG	H	Q	345  	.   0.01	4bogW  300  H
ENSP00000261007	 rs2305416	caC	caG	H	Q	345  	.   0.01	4bogY  300  H
ENSP00000261007	 rs2305416	caC	caG	H	Q	345  	.   0.01	4boiA  300  H
ENSP00000261007	 rs2305416	caC	caG	H	Q	345  	.   0.01	4boiD  300  H
ENSP00000261007	 rs2305416	caC	caG	H	Q	345  	.   0.01	4bonA  300  H
ENSP00000261007	 rs2305416	caC	caG	H	Q	345  	.   0.01	4bonD  300  H
ENSP00000261007	 rs2305416	caC	caG	H	Q	345  	.   0.01	4booA  300  H
ENSP00000261007	 rs2305416	caC	caG	H	Q	345  	.   0.01	4booD  300  H
ENSP00000261007	 rs2305416	caC	caG	H	Q	345  	.   0.01	4borA  300  H
ENSP00000261007	 rs2305416	caC	caG	H	Q	345  	.   0.01	4borD  300  H
ENSP00000261007	 rs2305416	caC	caG	H	Q	345  	.   0.01	4botA  300  H
ENSP00000261007	 rs2305416	caC	caG	H	Q	345  	.   0.01	4botD  300  H
ENSP00000261007	 rs2305416	caC	caA	H	Q	345  	.   0.01	1oedA   90  H
ENSP00000261007	 rs2305416	caC	caA	H	Q	345  	.   0.01	1oedD   90  H
ENSP00000261007	 rs2305416	caC	caA	H	Q	345  	.   0.01	2bg9A  300  H
ENSP00000261007	 rs2305416	caC	caA	H	Q	345  	.   0.01	2bg9D  300  H
ENSP00000261007	 rs2305416	caC	caA	H	Q	345  	.   0.01	4aq5A  300  H
ENSP00000261007	 rs2305416	caC	caA	H	Q	345  	.   0.01	4aq5D  300  H
ENSP00000261007	 rs2305416	caC	caA	H	Q	345  	.   0.01	4aq9A  300  H
ENSP00000261007	 rs2305416	caC	caA	H	Q	345  	.   0.01	4aq9D  300  H
ENSP00000261007	 rs2305416	caC	caA	H	Q	345  	.   0.01	4bogC  300  H
ENSP00000261007	 rs2305416	caC	caA	H	Q	345  	.   0.01	4bogE  300  H
ENSP00000261007	 rs2305416	caC	caA	H	Q	345  	.   0.01	4bogH  300  H
ENSP00000261007	 rs2305416	caC	caA	H	Q	345  	.   0.01	4bogJ  300  H
ENSP00000261007	 rs2305416	caC	caA	H	Q	345  	.   0.01	4bogM  300  H
ENSP00000261007	 rs2305416	caC	caA	H	Q	345  	.   0.01	4bogO  300  H
ENSP00000261007	 rs2305416	caC	caA	H	Q	345  	.   0.01	4bogR  300  H
ENSP00000261007	 rs2305416	caC	caA	H	Q	345  	.   0.01	4bogT  300  H
ENSP00000261007	 rs2305416	caC	caA	H	Q	345  	.   0.01	4bogW  300  H
ENSP00000261007	 rs2305416	caC	caA	H	Q	345  	.   0.01	4bogY  300  H
ENSP00000261007	 rs2305416	caC	caA	H	Q	345  	.   0.01	4boiA  300  H
ENSP00000261007	 rs2305416	caC	caA	H	Q	345  	.   0.01	4boiD  300  H
ENSP00000261007	 rs2305416	caC	caA	H	Q	345  	.   0.01	4bonA  300  H
ENSP00000261007	 rs2305416	caC	caA	H	Q	345  	.   0.01	4bonD  300  H
ENSP00000261007	 rs2305416	caC	caA	H	Q	345  	.   0.01	4booA  300  H
ENSP00000261007	 rs2305416	caC	caA	H	Q	345  	.   0.01	4booD  300  H
ENSP00000261007	 rs2305416	caC	caA	H	Q	345  	.   0.01	4borA  300  H
ENSP00000261007	 rs2305416	caC	caA	H	Q	345  	.   0.01	4borD  300  H
ENSP00000261007	 rs2305416	caC	caA	H	Q	345  	.   0.01	4botA  300  H
ENSP00000261007	 rs2305416	caC	caA	H	Q	345  	.   0.01	4botD  300  H
ENSP00000261007	 rs2305416	caC	caT	H	H	345  	.   0.01	1oedA   90  H
ENSP00000261007	 rs2305416	caC	caT	H	H	345  	.   0.01	1oedD   90  H
ENSP00000261007	 rs2305416	caC	caT	H	H	345  	.   0.01	2bg9A  300  H
ENSP00000261007	 rs2305416	caC	caT	H	H	345  	.   0.01	2bg9D  300  H
ENSP00000261007	 rs2305416	caC	caT	H	H	345  	.   0.01	4aq5A  300  H
ENSP00000261007	 rs2305416	caC	caT	H	H	345  	.   0.01	4aq5D  300  H
ENSP00000261007	 rs2305416	caC	caT	H	H	345  	.   0.01	4aq9A  300  H
ENSP00000261007	 rs2305416	caC	caT	H	H	345  	.   0.01	4aq9D  300  H
ENSP00000261007	 rs2305416	caC	caT	H	H	345  	.   0.01	4bogC  300  H
ENSP00000261007	 rs2305416	caC	caT	H	H	345  	.   0.01	4bogE  300  H
ENSP00000261007	 rs2305416	caC	caT	H	H	345  	.   0.01	4bogH  300  H
ENSP00000261007	 rs2305416	caC	caT	H	H	345  	.   0.01	4bogJ  300  H
ENSP00000261007	 rs2305416	caC	caT	H	H	345  	.   0.01	4bogM  300  H
ENSP00000261007	 rs2305416	caC	caT	H	H	345  	.   0.01	4bogO  300  H
ENSP00000261007	 rs2305416	caC	caT	H	H	345  	.   0.01	4bogR  300  H
ENSP00000261007	 rs2305416	caC	caT	H	H	345  	.   0.01	4bogT  300  H
ENSP00000261007	 rs2305416	caC	caT	H	H	345  	.   0.01	4bogW  300  H
ENSP00000261007	 rs2305416	caC	caT	H	H	345  	.   0.01	4bogY  300  H
ENSP00000261007	 rs2305416	caC	caT	H	H	345  	.   0.01	4boiA  300  H
ENSP00000261007	 rs2305416	caC	caT	H	H	345  	.   0.01	4boiD  300  H
ENSP00000261007	 rs2305416	caC	caT	H	H	345  	.   0.01	4bonA  300  H
ENSP00000261007	 rs2305416	caC	caT	H	H	345  	.   0.01	4bonD  300  H
ENSP00000261007	 rs2305416	caC	caT	H	H	345  	.   0.01	4booA  300  H
ENSP00000261007	 rs2305416	caC	caT	H	H	345  	.   0.01	4booD  300  H
ENSP00000261007	 rs2305416	caC	caT	H	H	345  	.   0.01	4borA  300  H
ENSP00000261007	 rs2305416	caC	caT	H	H	345  	.   0.01	4borD  300  H
ENSP00000261007	 rs2305416	caC	caT	H	H	345  	.   0.01	4botA  300  H
ENSP00000261007	 rs2305416	caC	caT	H	H	345  	.   0.01	4botD  300  H
ENSP00000261008	 rs2305416	caC	caG	H	Q	320  	.   0.01	1oedA   90  H
ENSP00000261008	 rs2305416	caC	caG	H	Q	320  	.   0.01	1oedD   90  H
ENSP00000261008	 rs2305416	caC	caG	H	Q	320  	.   0.01	2bg9A  300  H
ENSP00000261008	 rs2305416	caC	caG	H	Q	320  	.   0.01	2bg9D  300  H
ENSP00000261008	 rs2305416	caC	caG	H	Q	320  	.   0.01	4aq5A  300  H
ENSP00000261008	 rs2305416	caC	caG	H	Q	320  	.   0.01	4aq5D  300  H
ENSP00000261008	 rs2305416	caC	caG	H	Q	320  	.   0.01	4aq9A  300  H
ENSP00000261008	 rs2305416	caC	caG	H	Q	320  	.   0.01	4aq9D  300  H
ENSP00000261008	 rs2305416	caC	caG	H	Q	320  	.   0.01	4bogC  300  H
ENSP00000261008	 rs2305416	caC	caG	H	Q	320  	.   0.01	4bogE  300  H
ENSP00000261008	 rs2305416	caC	caG	H	Q	320  	.   0.01	4bogH  300  H
ENSP00000261008	 rs2305416	caC	caG	H	Q	320  	.   0.01	4bogJ  300  H
ENSP00000261008	 rs2305416	caC	caG	H	Q	320  	.   0.01	4bogM  300  H
ENSP00000261008	 rs2305416	caC	caG	H	Q	320  	.   0.01	4bogO  300  H
ENSP00000261008	 rs2305416	caC	caG	H	Q	320  	.   0.01	4bogR  300  H
ENSP00000261008	 rs2305416	caC	caG	H	Q	320  	.   0.01	4bogT  300  H
ENSP00000261008	 rs2305416	caC	caG	H	Q	320  	.   0.01	4bogW  300  H
ENSP00000261008	 rs2305416	caC	caG	H	Q	320  	.   0.01	4bogY  300  H
ENSP00000261008	 rs2305416	caC	caG	H	Q	320  	.   0.01	4boiA  300  H
ENSP00000261008	 rs2305416	caC	caG	H	Q	320  	.   0.01	4boiD  300  H
ENSP00000261008	 rs2305416	caC	caG	H	Q	320  	.   0.01	4bonA  300  H
ENSP00000261008	 rs2305416	caC	caG	H	Q	320  	.   0.01	4bonD  300  H
ENSP00000261008	 rs2305416	caC	caG	H	Q	320  	.   0.01	4booA  300  H
ENSP00000261008	 rs2305416	caC	caG	H	Q	320  	.   0.01	4booD  300  H
ENSP00000261008	 rs2305416	caC	caG	H	Q	320  	.   0.01	4borA  300  H
ENSP00000261008	 rs2305416	caC	caG	H	Q	320  	.   0.01	4borD  300  H
ENSP00000261008	 rs2305416	caC	caG	H	Q	320  	.   0.01	4botA  300  H
ENSP00000261008	 rs2305416	caC	caG	H	Q	320  	.   0.01	4botD  300  H
ENSP00000261008	 rs2305416	caC	caA	H	Q	320  	.   0.01	1oedA   90  H
ENSP00000261008	 rs2305416	caC	caA	H	Q	320  	.   0.01	1oedD   90  H
ENSP00000261008	 rs2305416	caC	caA	H	Q	320  	.   0.01	2bg9A  300  H
ENSP00000261008	 rs2305416	caC	caA	H	Q	320  	.   0.01	2bg9D  300  H
ENSP00000261008	 rs2305416	caC	caA	H	Q	320  	.   0.01	4aq5A  300  H
ENSP00000261008	 rs2305416	caC	caA	H	Q	320  	.   0.01	4aq5D  300  H
ENSP00000261008	 rs2305416	caC	caA	H	Q	320  	.   0.01	4aq9A  300  H
ENSP00000261008	 rs2305416	caC	caA	H	Q	320  	.   0.01	4aq9D  300  H
ENSP00000261008	 rs2305416	caC	caA	H	Q	320  	.   0.01	4bogC  300  H
ENSP00000261008	 rs2305416	caC	caA	H	Q	320  	.   0.01	4bogE  300  H
ENSP00000261008	 rs2305416	caC	caA	H	Q	320  	.   0.01	4bogH  300  H
ENSP00000261008	 rs2305416	caC	caA	H	Q	320  	.   0.01	4bogJ  300  H
ENSP00000261008	 rs2305416	caC	caA	H	Q	320  	.   0.01	4bogM  300  H
ENSP00000261008	 rs2305416	caC	caA	H	Q	320  	.   0.01	4bogO  300  H
ENSP00000261008	 rs2305416	caC	caA	H	Q	320  	.   0.01	4bogR  300  H
ENSP00000261008	 rs2305416	caC	caA	H	Q	320  	.   0.01	4bogT  300  H
ENSP00000261008	 rs2305416	caC	caA	H	Q	320  	.   0.01	4bogW  300  H
ENSP00000261008	 rs2305416	caC	caA	H	Q	320  	.   0.01	4bogY  300  H
ENSP00000261008	 rs2305416	caC	caA	H	Q	320  	.   0.01	4boiA  300  H
ENSP00000261008	 rs2305416	caC	caA	H	Q	320  	.   0.01	4boiD  300  H
ENSP00000261008	 rs2305416	caC	caA	H	Q	320  	.   0.01	4bonA  300  H
ENSP00000261008	 rs2305416	caC	caA	H	Q	320  	.   0.01	4bonD  300  H
ENSP00000261008	 rs2305416	caC	caA	H	Q	320  	.   0.01	4booA  300  H
ENSP00000261008	 rs2305416	caC	caA	H	Q	320  	.   0.01	4booD  300  H
ENSP00000261008	 rs2305416	caC	caA	H	Q	320  	.   0.01	4borA  300  H
ENSP00000261008	 rs2305416	caC	caA	H	Q	320  	.   0.01	4borD  300  H
ENSP00000261008	 rs2305416	caC	caA	H	Q	320  	.   0.01	4botA  300  H
ENSP00000261008	 rs2305416	caC	caA	H	Q	320  	.   0.01	4botD  300  H
ENSP00000261008	 rs2305416	caC	caT	H	H	320  	.   0.01	1oedA   90  H
ENSP00000261008	 rs2305416	caC	caT	H	H	320  	.   0.01	1oedD   90  H
ENSP00000261008	 rs2305416	caC	caT	H	H	320  	.   0.01	2bg9A  300  H
ENSP00000261008	 rs2305416	caC	caT	H	H	320  	.   0.01	2bg9D  300  H
ENSP00000261008	 rs2305416	caC	caT	H	H	320  	.   0.01	4aq5A  300  H
ENSP00000261008	 rs2305416	caC	caT	H	H	320  	.   0.01	4aq5D  300  H
ENSP00000261008	 rs2305416	caC	caT	H	H	320  	.   0.01	4aq9A  300  H
ENSP00000261008	 rs2305416	caC	caT	H	H	320  	.   0.01	4aq9D  300  H
ENSP00000261008	 rs2305416	caC	caT	H	H	320  	.   0.01	4bogC  300  H
ENSP00000261008	 rs2305416	caC	caT	H	H	320  	.   0.01	4bogE  300  H
ENSP00000261008	 rs2305416	caC	caT	H	H	320  	.   0.01	4bogH  300  H
ENSP00000261008	 rs2305416	caC	caT	H	H	320  	.   0.01	4bogJ  300  H
ENSP00000261008	 rs2305416	caC	caT	H	H	320  	.   0.01	4bogM  300  H
ENSP00000261008	 rs2305416	caC	caT	H	H	320  	.   0.01	4bogO  300  H
ENSP00000261008	 rs2305416	caC	caT	H	H	320  	.   0.01	4bogR  300  H
ENSP00000261008	 rs2305416	caC	caT	H	H	320  	.   0.01	4bogT  300  H
ENSP00000261008	 rs2305416	caC	caT	H	H	320  	.   0.01	4bogW  300  H
ENSP00000261008	 rs2305416	caC	caT	H	H	320  	.   0.01	4bogY  300  H
ENSP00000261008	 rs2305416	caC	caT	H	H	320  	.   0.01	4boiA  300  H
ENSP00000261008	 rs2305416	caC	caT	H	H	320  	.   0.01	4boiD  300  H
ENSP00000261008	 rs2305416	caC	caT	H	H	320  	.   0.01	4bonA  300  H
ENSP00000261008	 rs2305416	caC	caT	H	H	320  	.   0.01	4bonD  300  H
ENSP00000261008	 rs2305416	caC	caT	H	H	320  	.   0.01	4booA  300  H
ENSP00000261008	 rs2305416	caC	caT	H	H	320  	.   0.01	4booD  300  H
ENSP00000261008	 rs2305416	caC	caT	H	H	320  	.   0.01	4borA  300  H
ENSP00000261008	 rs2305416	caC	caT	H	H	320  	.   0.01	4borD  300  H
ENSP00000261008	 rs2305416	caC	caT	H	H	320  	.   0.01	4botA  300  H
ENSP00000261008	 rs2305416	caC	caT	H	H	320  	.   0.01	4botD  300  H
ENSP00000261220	 rs3794261	acC	acA	T	T	342  	.   0.03	1b59A  242  T
ENSP00000261220	 rs3794261	acC	acA	T	T	342  	.   0.03	1b6aA  242  T
ENSP00000261220	 rs3794261	acC	acA	T	T	342  	.   0.03	1bn5A  242  T
ENSP00000261220	 rs3794261	acC	acA	T	T	342  	.   0.03	1boaA  241  T
ENSP00000261220	 rs3794261	acC	acA	T	T	342  	.   0.03	1kq0A  241  T
ENSP00000261220	 rs3794261	acC	acA	T	T	342  	.   0.03	1kq9A  236  T
ENSP00000261220	 rs3794261	acC	acA	T	T	342  	.   0.03	1qzyA  242  T
ENSP00000261220	 rs3794261	acC	acA	T	T	342  	.   0.03	1r58A  256  T
ENSP00000261220	 rs3794261	acC	acA	T	T	342  	.   0.03	1r5gA  256  T
ENSP00000261220	 rs3794261	acC	acA	T	T	342  	.   0.03	1r5hA  256  T
ENSP00000261220	 rs3794261	acC	acA	T	T	342  	.   0.03	1yw7A  256  T
ENSP00000261220	 rs3794261	acC	acA	T	T	342  	.   0.03	1yw8A  256  T
ENSP00000261220	 rs3794261	acC	acA	T	T	342  	.   0.03	1yw9A  256  T
ENSP00000261220	 rs3794261	acC	acA	T	T	342  	.   0.03	2aduA  242  T
ENSP00000261220	 rs3794261	acC	acA	T	T	342  	.   0.03	2ea2A  256  T
ENSP00000261220	 rs3794261	acC	acA	T	T	342  	.   0.03	2ea4A  256  T
ENSP00000261220	 rs3794261	acC	acA	T	T	342  	.   0.03	2ga2A  256  T
ENSP00000261220	 rs3794261	acC	acA	T	T	342  	.   0.03	2oazA  242  T
ENSP00000261220	 rs3794261	acC	acA	T	T	342  	.   0.03	5clsA  256  T
ENSP00000261220	 rs3794261	acC	acA	T	T	342  	.   0.03	5d6eA  257  T
ENSP00000261220	 rs3794261	acC	acA	T	T	342  	.   0.03	5d6fA  256  T
ENSP00000261220	 rs3794261	acC	acA	T	T	342  	.   0.03	5jfrA  253  T
ENSP00000261220	 rs3794261	acC	acA	T	T	342  	.   0.03	5jhuA  249  T
ENSP00000261220	 rs3794261	acC	acA	T	T	342  	.   0.03	5ji6A  255  T
ENSP00000261220	 rs3794261	acC	acA	T	T	342  	.   0.03	5lywA  248  T
ENSP00000261220	 rs3794261	acC	acA	T	T	342  	.   0.03	5lyxA  254  T
ENSP00000261263	 rs3741688	ttC	ttT	F	F	81   	.   0.01	1yzuA   65  F
ENSP00000261263	 rs3741688	ttC	ttT	F	F	81   	.   0.01	1yzuB   65  F
ENSP00000261263	 rs3741688	ttC	ttT	F	F	81   	.   0.01	1z08C   65  F
ENSP00000261263	 rs3741688	ttC	ttT	F	F	81   	.   0.01	1z08D   64  F
ENSP00000261263	 rs3741688	ttC	ttT	F	F	81   	.   0.01	2ot3B   56  F
ENSP00000261266	  rs582954	gaT	gaC	D	D	1813 	.   0.08	2ahsA  127  D
ENSP00000261266	  rs582954	gaT	gaC	D	D	1813 	.   0.08	2ahsB  121  D
ENSP00000261266	  rs582954	gaT	gaC	D	D	1813 	.   0.08	2h02A  129  D
ENSP00000261266	  rs582954	gaT	gaC	D	D	1813 	.   0.08	2h02B  130  D
ENSP00000261266	  rs582954	gaT	gaC	D	D	1813 	.   0.08	2h03A  131  D
ENSP00000261266	  rs582954	gaT	gaC	D	D	1813 	.   0.08	2h04A  130  D
ENSP00000261266	  rs582954	gaT	gaC	D	D	1813 	.   0.08	2hc1A  133  D
ENSP00000261266	  rs582954	gaT	gaC	D	D	1813 	.   0.08	2hc2A  133  D
ENSP00000261266	  rs582954	gaT	gaC	D	D	1813 	.   0.08	2i3rA  135  D
ENSP00000261266	  rs582954	gaT	gaC	D	D	1813 	.   0.08	2i3rB  129  D
ENSP00000261266	  rs582954	gaT	gaC	D	D	1813 	.   0.08	2i4eA  131  D
ENSP00000261266	  rs582954	gaT	gaC	D	D	1813 	.   0.08	2i4eB  130  D
ENSP00000261266	  rs582954	gaT	gaC	D	D	1813 	.   0.08	2i4gA  132  D
ENSP00000261266	  rs582954	gaT	gaC	D	D	1813 	.   0.08	2i4hA  130  D
ENSP00000261266	  rs582954	gaT	gaC	D	D	1813 	.   0.08	2i5xA  132  D
ENSP00000261266	  rs582954	gaT	gaC	D	D	1813 	.   0.08	2i5xB  131  D
ENSP00000261266	 rs3752703	tgC	tgT	C	C	1849 	.   0.19	2ahsA  163  C
ENSP00000261266	 rs3752703	tgC	tgT	C	C	1849 	.   0.19	2ahsB  157  C
ENSP00000261266	 rs3752703	tgC	tgT	C	C	1849 	.   0.19	2h02A  165  C
ENSP00000261266	 rs3752703	tgC	tgT	C	C	1849 	.   0.19	2h02B  166  C
ENSP00000261266	 rs3752703	tgC	tgT	C	C	1849 	.   0.19	2h03A  167  C
ENSP00000261266	 rs3752703	tgC	tgT	C	C	1849 	.   0.19	2h04A  166  C
ENSP00000261266	 rs3752703	tgC	tgT	C	C	1849 	.   0.19	2hc1A  169  C
ENSP00000261266	 rs3752703	tgC	tgT	C	C	1849 	.   0.19	2hc2A  169  C
ENSP00000261266	 rs3752703	tgC	tgT	C	C	1849 	.   0.19	2i3rA  171  C
ENSP00000261266	 rs3752703	tgC	tgT	C	C	1849 	.   0.19	2i3rB  165  C
ENSP00000261266	 rs3752703	tgC	tgT	C	C	1849 	.   0.19	2i3uA  155  C
ENSP00000261266	 rs3752703	tgC	tgT	C	C	1849 	.   0.19	2i4eA  167  C
ENSP00000261266	 rs3752703	tgC	tgT	C	C	1849 	.   0.19	2i4eB  166  C
ENSP00000261266	 rs3752703	tgC	tgT	C	C	1849 	.   0.19	2i4gA  168  C
ENSP00000261266	 rs3752703	tgC	tgT	C	C	1849 	.   0.19	2i4hA  166  C
ENSP00000261266	 rs3752703	tgC	tgT	C	C	1849 	.   0.19	2i5xA  168  C
ENSP00000261266	 rs3752703	tgC	tgT	C	C	1849 	.   0.19	2i5xB  167  C
