ENSP00000261267	 rs1800973	aCc	aAc	T	N	88   	.    0.1	133lA   70  T
ENSP00000261267	 rs1800973	aCc	aAc	T	N	88   	.    0.1	134lA   70  T
ENSP00000261267	 rs1800973	aCc	aAc	T	N	88   	.    0.1	1b5uA   70  T
ENSP00000261267	 rs1800973	aCc	aAc	T	N	88   	.    0.1	1b5vA   70  T
ENSP00000261267	 rs1800973	aCc	aAc	T	N	88   	.    0.1	1b5wA   70  T
ENSP00000261267	 rs1800973	aCc	aAc	T	N	88   	.    0.1	1b5xA   70  T
ENSP00000261267	 rs1800973	aCc	aAc	T	N	88   	.    0.1	1b5yA   70  T
ENSP00000261267	 rs1800973	aCc	aAc	T	N	88   	.    0.1	1b5zA   70  T
ENSP00000261267	 rs1800973	aCc	aAc	T	N	88   	.    0.1	1b5zB   70  T
ENSP00000261267	 rs1800973	aCc	aAc	T	N	88   	.    0.1	1b7lA   70  T
ENSP00000261267	 rs1800973	aCc	aAc	T	N	88   	.    0.1	1b7mA   70  T
ENSP00000261267	 rs1800973	aCc	aAc	T	N	88   	.    0.1	1b7nA   70  T
ENSP00000261267	 rs1800973	aCc	aAc	T	N	88   	.    0.1	1b7oA   70  T
ENSP00000261267	 rs1800973	aCc	aAc	T	N	88   	.    0.1	1b7pA   70  T
ENSP00000261267	 rs1800973	aCc	aAc	T	N	88   	.    0.1	1b7qA   70  T
ENSP00000261267	 rs1800973	aCc	aAc	T	N	88   	.    0.1	1b7rA   70  T
ENSP00000261267	 rs1800973	aCc	aAc	T	N	88   	.    0.1	1b7sA   70  T
ENSP00000261267	 rs1800973	aCc	aAc	T	N	88   	.    0.1	1bb3A   70  T
ENSP00000261267	 rs1800973	aCc	aAc	T	N	88   	.    0.1	1bb3B   70  T
ENSP00000261267	 rs1800973	aCc	aAc	T	N	88   	.    0.1	1bb4A   70  T
ENSP00000261267	 rs1800973	aCc	aAc	T	N	88   	.    0.1	1bb4B   70  T
ENSP00000261267	 rs1800973	aCc	aAc	T	N	88   	.    0.1	1bb5A   70  T
ENSP00000261267	 rs1800973	aCc	aAc	T	N	88   	.    0.1	1bb5B   70  T
ENSP00000261267	 rs1800973	aCc	aAc	T	N	88   	.    0.1	1c43A   70  T
ENSP00000261267	 rs1800973	aCc	aAc	T	N	88   	.    0.1	1c45A   70  T
ENSP00000261267	 rs1800973	aCc	aAc	T	N	88   	.    0.1	1c46A   71  T
ENSP00000261267	 rs1800973	aCc	aAc	T	N	88   	.    0.1	1c7pA   73  T
ENSP00000261267	 rs1800973	aCc	aAc	T	N	88   	.    0.1	1cj6A   70  T
ENSP00000261267	 rs1800973	aCc	aAc	T	N	88   	.    0.1	1cj7A   70  T
ENSP00000261267	 rs1800973	aCc	aAc	T	N	88   	.    0.1	1cj8A   70  T
ENSP00000261267	 rs1800973	aCc	aAc	T	N	88   	.    0.1	1cj9A   70  T
ENSP00000261267	 rs1800973	aCc	aAc	T	N	88   	.    0.1	1ckcA   70  T
ENSP00000261267	 rs1800973	aCc	aAc	T	N	88   	.    0.1	1ckdA   70  T
ENSP00000261267	 rs1800973	aCc	aAc	T	N	88   	.    0.1	1ckfA   70  T
ENSP00000261267	 rs1800973	aCc	aAc	T	N	88   	.    0.1	1ckgA   70  T
ENSP00000261267	 rs1800973	aCc	aAc	T	N	88   	.    0.1	1ckgB   70  T
ENSP00000261267	 rs1800973	aCc	aAc	T	N	88   	.    0.1	1ckhA   70  V
ENSP00000261267	 rs1800973	aCc	aAc	T	N	88   	.    0.1	1d6pA   70  T
ENSP00000261267	 rs1800973	aCc	aAc	T	N	88   	.    0.1	1d6qA   70  T
ENSP00000261267	 rs1800973	aCc	aAc	T	N	88   	.    0.1	1di3A   70  T
ENSP00000261267	 rs1800973	aCc	aAc	T	N	88   	.    0.1	1di4A   68  T
ENSP00000261267	 rs1800973	aCc	aAc	T	N	88   	.    0.1	1di5A   70  T
ENSP00000261267	 rs1800973	aCc	aAc	T	N	88   	.    0.1	1eq4A   70  T
ENSP00000261267	 rs1800973	aCc	aAc	T	N	88   	.    0.1	1eq5A   70  T
ENSP00000261267	 rs1800973	aCc	aAc	T	N	88   	.    0.1	1eqeA   70  T
ENSP00000261267	 rs1800973	aCc	aAc	T	N	88   	.    0.1	1gayA   70  T
ENSP00000261267	 rs1800973	aCc	aAc	T	N	88   	.    0.1	1gazA   70  T
ENSP00000261267	 rs1800973	aCc	aAc	T	N	88   	.    0.1	1gb0A   70  T
ENSP00000261267	 rs1800973	aCc	aAc	T	N	88   	.    0.1	1gb2A   70  T
ENSP00000261267	 rs1800973	aCc	aAc	T	N	88   	.    0.1	1gb3A   70  T
ENSP00000261267	 rs1800973	aCc	aAc	T	N	88   	.    0.1	1gb5A   70  T
ENSP00000261267	 rs1800973	aCc	aAc	T	N	88   	.    0.1	1gb6A   70  T
ENSP00000261267	 rs1800973	aCc	aAc	T	N	88   	.    0.1	1gb7A   70  T
ENSP00000261267	 rs1800973	aCc	aAc	T	N	88   	.    0.1	1gb8A   70  T
ENSP00000261267	 rs1800973	aCc	aAc	T	N	88   	.    0.1	1gb9A   70  T
ENSP00000261267	 rs1800973	aCc	aAc	T	N	88   	.    0.1	1gboA   70  T
ENSP00000261267	 rs1800973	aCc	aAc	T	N	88   	.    0.1	1gbwA   70  T
ENSP00000261267	 rs1800973	aCc	aAc	T	N	88   	.    0.1	1gbxA   70  T
ENSP00000261267	 rs1800973	aCc	aAc	T	N	88   	.    0.1	1gbyA   70  T
ENSP00000261267	 rs1800973	aCc	aAc	T	N	88   	.    0.1	1gbzA   70  T
ENSP00000261267	 rs1800973	aCc	aAc	T	N	88   	.    0.1	1gdwA   70  T
ENSP00000261267	 rs1800973	aCc	aAc	T	N	88   	.    0.1	1gdxA   70  T
ENSP00000261267	 rs1800973	aCc	aAc	T	N	88   	.    0.1	1ge0A   70  T
ENSP00000261267	 rs1800973	aCc	aAc	T	N	88   	.    0.1	1ge1A   70  T
ENSP00000261267	 rs1800973	aCc	aAc	T	N	88   	.    0.1	1ge2A   70  T
ENSP00000261267	 rs1800973	aCc	aAc	T	N	88   	.    0.1	1ge3A   70  T
ENSP00000261267	 rs1800973	aCc	aAc	T	N	88   	.    0.1	1ge4A   70  T
ENSP00000261267	 rs1800973	aCc	aAc	T	N	88   	.    0.1	1gevA   70  T
ENSP00000261267	 rs1800973	aCc	aAc	T	N	88   	.    0.1	1gezA   70  T
ENSP00000261267	 rs1800973	aCc	aAc	T	N	88   	.    0.1	1gf0A   70  T
ENSP00000261267	 rs1800973	aCc	aAc	T	N	88   	.    0.1	1gf3A   70  T
ENSP00000261267	 rs1800973	aCc	aAc	T	N	88   	.    0.1	1gf4A   70  T
ENSP00000261267	 rs1800973	aCc	aAc	T	N	88   	.    0.1	1gf5A   70  T
ENSP00000261267	 rs1800973	aCc	aAc	T	N	88   	.    0.1	1gf6A   70  T
ENSP00000261267	 rs1800973	aCc	aAc	T	N	88   	.    0.1	1gf7A   70  T
ENSP00000261267	 rs1800973	aCc	aAc	T	N	88   	.    0.1	1gf8A   70  T
ENSP00000261267	 rs1800973	aCc	aAc	T	N	88   	.    0.1	1gf9A   70  T
ENSP00000261267	 rs1800973	aCc	aAc	T	N	88   	.    0.1	1gfaA   70  T
ENSP00000261267	 rs1800973	aCc	aAc	T	N	88   	.    0.1	1gfeA   70  T
ENSP00000261267	 rs1800973	aCc	aAc	T	N	88   	.    0.1	1gfgA   70  T
ENSP00000261267	 rs1800973	aCc	aAc	T	N	88   	.    0.1	1gfhA   70  T
ENSP00000261267	 rs1800973	aCc	aAc	T	N	88   	.    0.1	1gfjA   70  T
ENSP00000261267	 rs1800973	aCc	aAc	T	N	88   	.    0.1	1gfkA   70  T
ENSP00000261267	 rs1800973	aCc	aAc	T	N	88   	.    0.1	1gfrA   70  T
ENSP00000261267	 rs1800973	aCc	aAc	T	N	88   	.    0.1	1gftA   70  T
ENSP00000261267	 rs1800973	aCc	aAc	T	N	88   	.    0.1	1gfuA   70  T
ENSP00000261267	 rs1800973	aCc	aAc	T	N	88   	.    0.1	1gfvA   70  T
ENSP00000261267	 rs1800973	aCc	aAc	T	N	88   	.    0.1	1hnlA   70  T
ENSP00000261267	 rs1800973	aCc	aAc	T	N	88   	.    0.1	1i1zA   70  T
ENSP00000261267	 rs1800973	aCc	aAc	T	N	88   	.    0.1	1i20A   70  T
ENSP00000261267	 rs1800973	aCc	aAc	T	N	88   	.    0.1	1i22A   70  T
ENSP00000261267	 rs1800973	aCc	aAc	T	N	88   	.    0.1	1i22B   70  T
ENSP00000261267	 rs1800973	aCc	aAc	T	N	88   	.    0.1	1i22C   70  T
ENSP00000261267	 rs1800973	aCc	aAc	T	N	88   	.    0.1	1i22D   70  T
ENSP00000261267	 rs1800973	aCc	aAc	T	N	88   	.    0.1	1inuA   70  T
ENSP00000261267	 rs1800973	aCc	aAc	T	N	88   	.    0.1	1iocA   73  T
ENSP00000261267	 rs1800973	aCc	aAc	T	N	88   	.    0.1	1ip1A   70  T
ENSP00000261267	 rs1800973	aCc	aAc	T	N	88   	.    0.1	1ip2A   70  T
ENSP00000261267	 rs1800973	aCc	aAc	T	N	88   	.    0.1	1ip3A   70  T
ENSP00000261267	 rs1800973	aCc	aAc	T	N	88   	.    0.1	1ip3B   70  T
ENSP00000261267	 rs1800973	aCc	aAc	T	N	88   	.    0.1	1ip4A   70  T
ENSP00000261267	 rs1800973	aCc	aAc	T	N	88   	.    0.1	1ip5A   70  T
ENSP00000261267	 rs1800973	aCc	aAc	T	N	88   	.    0.1	1ip6A   70  T
ENSP00000261267	 rs1800973	aCc	aAc	T	N	88   	.    0.1	1ip7A   70  T
ENSP00000261267	 rs1800973	aCc	aAc	T	N	88   	.    0.1	1ip7B   70  T
ENSP00000261267	 rs1800973	aCc	aAc	T	N	88   	.    0.1	1iwtA   70  T
ENSP00000261267	 rs1800973	aCc	aAc	T	N	88   	.    0.1	1iwuA   70  T
ENSP00000261267	 rs1800973	aCc	aAc	T	N	88   	.    0.1	1iwvA   70  T
ENSP00000261267	 rs1800973	aCc	aAc	T	N	88   	.    0.1	1iwwA   70  T
ENSP00000261267	 rs1800973	aCc	aAc	T	N	88   	.    0.1	1iwxA   70  T
ENSP00000261267	 rs1800973	aCc	aAc	T	N	88   	.    0.1	1iwyA   70  T
ENSP00000261267	 rs1800973	aCc	aAc	T	N	88   	.    0.1	1iwzA   70  T
ENSP00000261267	 rs1800973	aCc	aAc	T	N	88   	.    0.1	1ix0A   70  T
ENSP00000261267	 rs1800973	aCc	aAc	T	N	88   	.    0.1	1iy3A   70  T
ENSP00000261267	 rs1800973	aCc	aAc	T	N	88   	.    0.1	1iy4A   70  T
ENSP00000261267	 rs1800973	aCc	aAc	T	N	88   	.    0.1	1jkaA   70  T
ENSP00000261267	 rs1800973	aCc	aAc	T	N	88   	.    0.1	1jkbA   70  T
ENSP00000261267	 rs1800973	aCc	aAc	T	N	88   	.    0.1	1jkcA   70  T
ENSP00000261267	 rs1800973	aCc	aAc	T	N	88   	.    0.1	1jkdA   70  T
ENSP00000261267	 rs1800973	aCc	aAc	T	N	88   	.    0.1	1jsfA   70  T
ENSP00000261267	 rs1800973	aCc	aAc	T	N	88   	.    0.1	1jwrA   70  T
ENSP00000261267	 rs1800973	aCc	aAc	T	N	88   	.    0.1	1laaA   70  T
ENSP00000261267	 rs1800973	aCc	aAc	T	N	88   	.    0.1	1lhhA   70  T
ENSP00000261267	 rs1800973	aCc	aAc	T	N	88   	.    0.1	1lhiA   70  T
ENSP00000261267	 rs1800973	aCc	aAc	T	N	88   	.    0.1	1lhjA   70  T
ENSP00000261267	 rs1800973	aCc	aAc	T	N	88   	.    0.1	1lhkA   70  T
ENSP00000261267	 rs1800973	aCc	aAc	T	N	88   	.    0.1	1lhlA   70  T
ENSP00000261267	 rs1800973	aCc	aAc	T	N	88   	.    0.1	1lhmA   70  T
ENSP00000261267	 rs1800973	aCc	aAc	T	N	88   	.    0.1	1lmtA   70  T
ENSP00000261267	 rs1800973	aCc	aAc	T	N	88   	.    0.1	1lozA   70  T
ENSP00000261267	 rs1800973	aCc	aAc	T	N	88   	.    0.1	1lyyA   70  T
ENSP00000261267	 rs1800973	aCc	aAc	T	N	88   	.    0.1	1lz1A   70  T
ENSP00000261267	 rs1800973	aCc	aAc	T	N	88   	.    0.1	1lz4A   70  T
ENSP00000261267	 rs1800973	aCc	aAc	T	N	88   	.    0.1	1lz5A   70  T
ENSP00000261267	 rs1800973	aCc	aAc	T	N	88   	.    0.1	1lz6A   70  T
ENSP00000261267	 rs1800973	aCc	aAc	T	N	88   	.    0.1	1lzrA   70  T
ENSP00000261267	 rs1800973	aCc	aAc	T	N	88   	.    0.1	1lzsA   70  T
ENSP00000261267	 rs1800973	aCc	aAc	T	N	88   	.    0.1	1lzsB   70  T
ENSP00000261267	 rs1800973	aCc	aAc	T	N	88   	.    0.1	1op9B   70  T
ENSP00000261267	 rs1800973	aCc	aAc	T	N	88   	.    0.1	1ouaA   70  T
ENSP00000261267	 rs1800973	aCc	aAc	T	N	88   	.    0.1	1oubA   70  T
ENSP00000261267	 rs1800973	aCc	aAc	T	N	88   	.    0.1	1oucA   70  T
ENSP00000261267	 rs1800973	aCc	aAc	T	N	88   	.    0.1	1oudA   70  T
ENSP00000261267	 rs1800973	aCc	aAc	T	N	88   	.    0.1	1oueA   70  T
ENSP00000261267	 rs1800973	aCc	aAc	T	N	88   	.    0.1	1oufA   70  T
ENSP00000261267	 rs1800973	aCc	aAc	T	N	88   	.    0.1	1ougA   70  T
ENSP00000261267	 rs1800973	aCc	aAc	T	N	88   	.    0.1	1ouhA   70  T
ENSP00000261267	 rs1800973	aCc	aAc	T	N	88   	.    0.1	1ouiA   70  T
ENSP00000261267	 rs1800973	aCc	aAc	T	N	88   	.    0.1	1oujA   70  T
ENSP00000261267	 rs1800973	aCc	aAc	T	N	88   	.    0.1	1qswA   70  T
ENSP00000261267	 rs1800973	aCc	aAc	T	N	88   	.    0.1	1qswB   70  T
ENSP00000261267	 rs1800973	aCc	aAc	T	N	88   	.    0.1	1qswC   70  T
ENSP00000261267	 rs1800973	aCc	aAc	T	N	88   	.    0.1	1qswD   70  T
ENSP00000261267	 rs1800973	aCc	aAc	T	N	88   	.    0.1	1re2A   70  T
ENSP00000261267	 rs1800973	aCc	aAc	T	N	88   	.    0.1	1remA   70  T
ENSP00000261267	 rs1800973	aCc	aAc	T	N	88   	.    0.1	1rexA   70  T
ENSP00000261267	 rs1800973	aCc	aAc	T	N	88   	.    0.1	1reyA   70  T
ENSP00000261267	 rs1800973	aCc	aAc	T	N	88   	.    0.1	1rezA   70  T
ENSP00000261267	 rs1800973	aCc	aAc	T	N	88   	.    0.1	1tayA   70  T
ENSP00000261267	 rs1800973	aCc	aAc	T	N	88   	.    0.1	1tbyA   70  T
ENSP00000261267	 rs1800973	aCc	aAc	T	N	88   	.    0.1	1tcyA   70  T
ENSP00000261267	 rs1800973	aCc	aAc	T	N	88   	.    0.1	1tdyA   70  T
ENSP00000261267	 rs1800973	aCc	aAc	T	N	88   	.    0.1	1ubzA   70  T
ENSP00000261267	 rs1800973	aCc	aAc	T	N	88   	.    0.1	1w08A   70  N
ENSP00000261267	 rs1800973	aCc	aAc	T	N	88   	.    0.1	1wqmA   70  T
ENSP00000261267	 rs1800973	aCc	aAc	T	N	88   	.    0.1	1wqnA   70  T
ENSP00000261267	 rs1800973	aCc	aAc	T	N	88   	.    0.1	1wqoA   70  T
ENSP00000261267	 rs1800973	aCc	aAc	T	N	88   	.    0.1	1wqpA   70  T
ENSP00000261267	 rs1800973	aCc	aAc	T	N	88   	.    0.1	1wqqA   70  T
ENSP00000261267	 rs1800973	aCc	aAc	T	N	88   	.    0.1	1wqrA   70  T
ENSP00000261267	 rs1800973	aCc	aAc	T	N	88   	.    0.1	1yamA   70  T
ENSP00000261267	 rs1800973	aCc	aAc	T	N	88   	.    0.1	1yanA   70  T
ENSP00000261267	 rs1800973	aCc	aAc	T	N	88   	.    0.1	1yaoA   70  T
ENSP00000261267	 rs1800973	aCc	aAc	T	N	88   	.    0.1	1yapA   70  T
ENSP00000261267	 rs1800973	aCc	aAc	T	N	88   	.    0.1	1yaqA   70  T
ENSP00000261267	 rs1800973	aCc	aAc	T	N	88   	.    0.1	207lA   70  T
ENSP00000261267	 rs1800973	aCc	aAc	T	N	88   	.    0.1	208lA   70  T
ENSP00000261267	 rs1800973	aCc	aAc	T	N	88   	.    0.1	2bqaA   70  T
ENSP00000261267	 rs1800973	aCc	aAc	T	N	88   	.    0.1	2bqbA   70  T
ENSP00000261267	 rs1800973	aCc	aAc	T	N	88   	.    0.1	2bqcA   70  T
ENSP00000261267	 rs1800973	aCc	aAc	T	N	88   	.    0.1	2bqdA   70  T
ENSP00000261267	 rs1800973	aCc	aAc	T	N	88   	.    0.1	2bqeA   70  T
ENSP00000261267	 rs1800973	aCc	aAc	T	N	88   	.    0.1	2bqfA   70  T
ENSP00000261267	 rs1800973	aCc	aAc	T	N	88   	.    0.1	2bqgA   70  T
ENSP00000261267	 rs1800973	aCc	aAc	T	N	88   	.    0.1	2bqhA   70  T
ENSP00000261267	 rs1800973	aCc	aAc	T	N	88   	.    0.1	2bqiA   70  T
ENSP00000261267	 rs1800973	aCc	aAc	T	N	88   	.    0.1	2bqjA   70  T
ENSP00000261267	 rs1800973	aCc	aAc	T	N	88   	.    0.1	2bqkA   70  T
ENSP00000261267	 rs1800973	aCc	aAc	T	N	88   	.    0.1	2bqlA   70  T
ENSP00000261267	 rs1800973	aCc	aAc	T	N	88   	.    0.1	2bqmA   70  T
ENSP00000261267	 rs1800973	aCc	aAc	T	N	88   	.    0.1	2bqnA   70  T
ENSP00000261267	 rs1800973	aCc	aAc	T	N	88   	.    0.1	2bqoA   70  T
ENSP00000261267	 rs1800973	aCc	aAc	T	N	88   	.    0.1	2heaA   70  T
ENSP00000261267	 rs1800973	aCc	aAc	T	N	88   	.    0.1	2hebA   70  T
ENSP00000261267	 rs1800973	aCc	aAc	T	N	88   	.    0.1	2hecA   70  T
ENSP00000261267	 rs1800973	aCc	aAc	T	N	88   	.    0.1	2hedA   70  T
ENSP00000261267	 rs1800973	aCc	aAc	T	N	88   	.    0.1	2heeA   70  T
ENSP00000261267	 rs1800973	aCc	aAc	T	N	88   	.    0.1	2hefA   70  T
ENSP00000261267	 rs1800973	aCc	aAc	T	N	88   	.    0.1	2lhmA   70  T
ENSP00000261267	 rs1800973	aCc	aAc	T	N	88   	.    0.1	2meaA   70  T
ENSP00000261267	 rs1800973	aCc	aAc	T	N	88   	.    0.1	2meaB   70  T
ENSP00000261267	 rs1800973	aCc	aAc	T	N	88   	.    0.1	2mebA   70  T
ENSP00000261267	 rs1800973	aCc	aAc	T	N	88   	.    0.1	2mecA   70  T
ENSP00000261267	 rs1800973	aCc	aAc	T	N	88   	.    0.1	2mecB   70  T
ENSP00000261267	 rs1800973	aCc	aAc	T	N	88   	.    0.1	2medA   70  T
ENSP00000261267	 rs1800973	aCc	aAc	T	N	88   	.    0.1	2meeA   70  T
ENSP00000261267	 rs1800973	aCc	aAc	T	N	88   	.    0.1	2mefA   70  T
ENSP00000261267	 rs1800973	aCc	aAc	T	N	88   	.    0.1	2megA   70  T
ENSP00000261267	 rs1800973	aCc	aAc	T	N	88   	.    0.1	2mehA   70  T
ENSP00000261267	 rs1800973	aCc	aAc	T	N	88   	.    0.1	2meiA   70  T
ENSP00000261267	 rs1800973	aCc	aAc	T	N	88   	.    0.1	2nwdA   70  T
ENSP00000261267	 rs1800973	aCc	aAc	T	N	88   	.    0.1	2zijA   70  T
ENSP00000261267	 rs1800973	aCc	aAc	T	N	88   	.    0.1	2zikA   70  T
ENSP00000261267	 rs1800973	aCc	aAc	T	N	88   	.    0.1	2zilA   70  T
ENSP00000261267	 rs1800973	aCc	aAc	T	N	88   	.    0.1	2zwbA   70  T
ENSP00000261267	 rs1800973	aCc	aAc	T	N	88   	.    0.1	3ebaB   70  T
ENSP00000261267	 rs1800973	aCc	aAc	T	N	88   	.    0.1	3fe0A   70  T
ENSP00000261267	 rs1800973	aCc	aAc	T	N	88   	.    0.1	3lhmA   70  T
ENSP00000261267	 rs1800973	aCc	aAc	T	N	88   	.    0.1	3ln2A   70  T
ENSP00000261267	 rs1800973	aCc	aAc	T	N	88   	.    0.1	3ln2B   70  T
ENSP00000261267	 rs1800973	aCc	aAc	T	N	88   	.    0.1	4i0cA   70  T
ENSP00000261267	 rs1800973	aCc	aAc	T	N	88   	.    0.1	4i0cB   70  T
ENSP00000261267	 rs1800973	aCc	aAc	T	N	88   	.    0.1	4ml7A   70  T
ENSP00000261267	 rs1800973	aCc	aAc	T	N	88   	.    0.1	4ml7C   70  T
ENSP00000261267	 rs1800973	aCc	aAc	T	N	88   	.    0.1	5lshA   70  T
ENSP00000261267	 rs1800973	aCc	aAc	T	N	88   	.    0.1	5lvkA   70  T
ENSP00000261267	 rs1800973	aCc	aAc	T	N	88   	.    0.1	5lvkB   70  T
ENSP00000261304	  rs398076	agC	agT	S	S	450  	.   0.03	3zr5A  407  G
ENSP00000261304	  rs398076	agC	agT	S	S	450  	.   0.03	3zr6A  407  G
ENSP00000261304	  rs398076	agC	agT	S	S	450  	.   0.03	4cccA  406  G
ENSP00000261304	  rs398076	agC	agT	S	S	450  	.   0.03	4ccdA  406  G
ENSP00000261304	  rs398076	agC	agT	S	S	450  	.   0.03	4cceA  406  G
ENSP00000261304	  rs398076	agC	agT	S	S	450  	.   0.03	4ufhA  407  G
ENSP00000261304	  rs398076	agC	agT	S	S	450  	.   0.03	4ufiA  407  G
ENSP00000261304	  rs398076	agC	agT	S	S	450  	.   0.03	4ufjA  406  G
ENSP00000261304	  rs398076	agC	agT	S	S	450  	.   0.03	4ufkA  406  G
ENSP00000261304	  rs398076	agC	agT	S	S	450  	.   0.03	4uflA  407  G
ENSP00000261304	  rs398076	agC	agT	S	S	450  	.   0.03	4ufmA  406  G
ENSP00000261304	  rs398076	agC	agT	S	S	450  	.   0.03	5nxbA  410  G
ENSP00000261304	  rs398076	agC	agT	S	S	450  	.   0.03	5nxbB  410  G
ENSP00000261308	   rs27141	ccA	ccG	P	P	575  	.   0.02	2a2nA   93  P
ENSP00000261308	   rs27141	ccA	ccG	P	P	575  	.   0.02	2a2nB   93  P
ENSP00000261308	   rs27141	ccA	ccG	P	P	575  	.   0.02	2a2nC   94  P
ENSP00000261349	 rs7975614	Gta	Tta	V	L	483  	.   0.02	3s94A  440  V
ENSP00000261349	 rs7975614	Gta	Tta	V	L	483  	.   0.02	3s94B  437  V
ENSP00000261349	 rs7975614	Gta	Tta	V	L	483  	.   0.02	4dg6A  464  V
ENSP00000261349	 rs7975614	Gta	Tta	V	L	483  	.   0.02	5gjeA  464  V
ENSP00000261349	 rs7975614	Gta	Ata	V	I	483  	.   0.02	3s94A  440  V
ENSP00000261349	 rs7975614	Gta	Ata	V	I	483  	.   0.02	3s94B  437  V
ENSP00000261349	 rs7975614	Gta	Ata	V	I	483  	.   0.02	4dg6A  464  V
ENSP00000261349	 rs7975614	Gta	Ata	V	I	483  	.   0.02	5gjeA  464  V
ENSP00000261381	 rs7200466	Gtt	Att	V	I	839  	.   0.04	6ej7A  586  V
ENSP00000261381	 rs7200466	Gtt	Att	V	I	839  	.   0.04	6ej8A  583  V
ENSP00000261381	 rs7200466	Gtt	Att	V	I	839  	.   0.04	6ej9A  581  V
ENSP00000261381	 rs7200466	Gtt	Att	V	I	839  	.   0.04	6ejaA  576  V
ENSP00000261381	 rs7200466	Gtt	Att	V	I	839  	.   0.04	6ejbA  582  V
ENSP00000261381	 rs7200466	Gtt	Att	V	I	839  	.   0.04	6ejcA  581  V
ENSP00000261381	 rs7200466	Gtt	Att	V	I	839  	.   0.04	6ejdA  573  V
ENSP00000261381	 rs7200466	Gtt	Att	V	I	839  	.   0.04	6ejeA  575  V
ENSP00000261381	 rs7200466	Gtt	Att	V	I	839  	.   0.04	6foaA  579  V
ENSP00000261396	rs10916495	taT	taC	Y	Y	186  	.   0.21	1xksA  105  Y
ENSP00000261415	  rs698912	gaA	gaG	E	E	431  	.   0.03	2e3mA   44  R
ENSP00000261415	  rs698912	gaA	gaG	E	E	431  	.   0.03	2e3nA   41  R
ENSP00000261415	  rs698912	gaA	gaG	E	E	431  	.   0.03	2e3oA   41  R
ENSP00000261415	  rs698912	gaA	gaG	E	E	431  	.   0.03	2e3pA   42  R
ENSP00000261415	  rs698912	gaA	gaG	E	E	431  	.   0.03	2e3pB   41  R
ENSP00000261415	  rs698912	gaA	gaG	E	E	431  	.   0.03	2e3qA   42  R
ENSP00000261415	  rs698912	gaA	gaG	E	E	431  	.   0.03	2e3rA   37  R
ENSP00000261415	  rs698912	gaA	gaG	E	E	431  	.   0.03	2e3rB   39  R
ENSP00000261415	  rs698912	gaA	gaG	E	E	431  	.   0.03	2e3sA   41  R
ENSP00000261415	  rs698912	gaA	gaG	E	E	431  	.   0.03	2z9yA   43  R
ENSP00000261415	  rs698912	gaA	gaG	E	E	431  	.   0.03	2z9zA   42  R
ENSP00000261415	  rs698912	gaA	gaG	E	E	431  	.   0.03	3h3qA   43  R
ENSP00000261415	  rs698912	gaA	gaG	E	E	431  	.   0.03	3h3qB   41  R
ENSP00000261415	  rs698912	gaA	gaG	E	E	431  	.   0.03	3h3rA   43  R
ENSP00000261415	  rs698912	gaA	gaG	E	E	431  	.   0.03	3h3rB   42  R
ENSP00000261415	  rs698912	gaA	gaG	E	E	431  	.   0.03	3h3sA   43  R
ENSP00000261415	  rs698912	gaA	gaG	E	E	431  	.   0.03	3h3sB   41  R
ENSP00000261415	  rs698912	gaA	gaG	E	E	431  	.   0.03	3h3tA   43  R
ENSP00000261415	  rs698912	gaA	gaG	E	E	431  	.   0.03	3h3tB   41  R
ENSP00000261415	  rs698912	gaA	gaG	E	E	431  	.   0.03	5jjdB   41  R
ENSP00000261416	rs11556045	aAa	aGa	K	R	121  	.   0.28	5broA   59  K
ENSP00000261448	 rs4074536	Acg	Gcg	T	A	66   	.   0.05	1sjiA   45  A
ENSP00000261448	 rs4074536	Acg	Gcg	T	A	66   	.   0.05	1sjiB   45  A
ENSP00000261448	 rs4074536	Acg	Gcg	T	A	66   	.   0.05	2vafA   45  T
ENSP00000261584	rs45624036	Gtg	Atg	V	M	932  	.   0.01	2w18A   75  V
ENSP00000261584	rs45624036	Gtg	Atg	V	M	932  	.   0.01	3eu7A   77  V
ENSP00000261590	 rs2230234	Ata	Gta	I	V	293  	.   0.02	5erdA  244  I
ENSP00000261590	 rs2230234	Ata	Gta	I	V	293  	.   0.02	5erdB  244  I
ENSP00000261590	 rs2230234	Ata	Gta	I	V	293  	.   0.02	5j5jA  242  I
ENSP00000261590	 rs2230234	Ata	Tta	I	L	293  	.   0.02	5erdA  244  I
ENSP00000261590	 rs2230234	Ata	Tta	I	L	293  	.   0.02	5erdB  244  I
ENSP00000261590	 rs2230234	Ata	Tta	I	L	293  	.   0.02	5j5jA  242  I
ENSP00000261590	 rs2230235	Gtt	Att	V	I	515  	.   0.05	5erdA  466  V
ENSP00000261590	 rs2230235	Gtt	Att	V	I	515  	.   0.05	5erdB  466  V
ENSP00000261590	 rs2230235	Gtt	Att	V	I	515  	.   0.05	5j5jA  464  V
ENSP00000261590	 rs2230235	Gtt	Ttt	V	F	515  	.   0.05	5erdA  466  V
ENSP00000261590	 rs2230235	Gtt	Ttt	V	F	515  	.   0.05	5erdB  466  V
ENSP00000261590	 rs2230235	Gtt	Ttt	V	F	515  	.   0.05	5j5jA  464  V
ENSP00000261590	rs191143292	gTg	gGg	V	G	158  	*   0.67	5erdA  109  V
ENSP00000261590	rs191143292	gTg	gGg	V	G	158  	*   0.67	5erdB  109  V
ENSP00000261590	rs191143292	gTg	gGg	V	G	158  	*   0.67	5j5jA  107  V
ENSP00000261606	rs16944397	aTg	aCg	M	T	1357 	*   0.74	2y25A   97  M
ENSP00000261606	rs16944397	aTg	aCg	M	T	1357 	*   0.74	2y25B  101  M
ENSP00000261606	rs16944397	aTg	aCg	M	T	1357 	*   0.74	2y25C   97  M
ENSP00000261606	rs16944397	aTg	aCg	M	T	1357 	*   0.74	2y25D  101  M
ENSP00000261669	 rs8002829	ctA	ctG	L	L	79   	.   0.01	1upkA   59  L
ENSP00000261669	 rs8002829	ctA	ctG	L	L	79   	.   0.01	1uplA   56  L
ENSP00000261669	 rs8002829	ctA	ctG	L	L	79   	.   0.01	1uplB   52  L
ENSP00000261669	 rs8002829	ctA	ctG	L	L	79   	.   0.01	2wtkA   69  L
ENSP00000261669	 rs8002829	ctA	ctG	L	L	79   	.   0.01	2wtkD   70  L
ENSP00000261669	 rs8002829	ctA	ctG	L	L	79   	.   0.01	3gniA   79  L
ENSP00000261669	 rs8002829	ctA	ctG	L	L	79   	.   0.01	3zhpA   59  L
ENSP00000261669	 rs8002829	ctA	ctG	L	L	79   	.   0.01	3zhpB   60  L
ENSP00000261669	 rs8002829	ctA	ctG	L	L	79   	.   0.01	4fzaA   70  L
ENSP00000261669	 rs8002829	ctA	ctG	L	L	79   	.   0.01	4fzdA   68  L
ENSP00000261669	 rs8002829	ctA	ctG	L	L	79   	.   0.01	4fzfA   71  L
ENSP00000261669	 rs8002829	ctA	ctG	L	L	79   	.   0.01	4kzgA   63  L
ENSP00000261669	 rs8002829	ctA	ctG	L	L	79   	.   0.01	4kzgB   60  L
ENSP00000261669	 rs8002829	ctA	ctG	L	L	79   	.   0.01	4kzgC   64  L
ENSP00000261669	 rs8002829	ctA	ctG	L	L	79   	.   0.01	4kzgD   60  L
ENSP00000261669	 rs8002829	ctA	ctG	L	L	79   	.   0.01	4kzgE   63  L
ENSP00000261669	 rs8002829	ctA	ctG	L	L	79   	.   0.01	4kzgF   64  L
ENSP00000261669	 rs8002829	ctA	ctG	L	L	79   	.   0.01	4kzgG   62  L
ENSP00000261669	 rs8002829	ctA	ctG	L	L	79   	.   0.01	4kzgH   59  L
ENSP00000261669	 rs8002829	ctA	ctG	L	L	79   	.   0.01	4nzwA   61  L
ENSP00000261669	 rs8002829	ctA	ctG	L	L	79   	.   0.01	4o27A   72  L
ENSP00000261733	rs58280059	ccG	ccA	P	P	188  	.   0.01	1a4zA  164  P
ENSP00000261733	rs58280059	ccG	ccA	P	P	188  	.   0.01	1a4zB  164  P
ENSP00000261733	rs58280059	ccG	ccA	P	P	188  	.   0.01	1a4zC  164  P
ENSP00000261733	rs58280059	ccG	ccA	P	P	188  	.   0.01	1a4zD  164  P
ENSP00000261733	rs58280059	ccG	ccA	P	P	188  	.   0.01	1ag8A  164  P
ENSP00000261733	rs58280059	ccG	ccA	P	P	188  	.   0.01	1ag8B  164  P
ENSP00000261733	rs58280059	ccG	ccA	P	P	188  	.   0.01	1ag8C  164  P
ENSP00000261733	rs58280059	ccG	ccA	P	P	188  	.   0.01	1ag8D  164  P
ENSP00000261733	rs58280059	ccG	ccA	P	P	188  	.   0.01	1cw3A  165  P
ENSP00000261733	rs58280059	ccG	ccA	P	P	188  	.   0.01	1cw3B  165  P
ENSP00000261733	rs58280059	ccG	ccA	P	P	188  	.   0.01	1cw3C  165  P
ENSP00000261733	rs58280059	ccG	ccA	P	P	188  	.   0.01	1cw3D  165  P
ENSP00000261733	rs58280059	ccG	ccA	P	P	188  	.   0.01	1cw3E  165  P
ENSP00000261733	rs58280059	ccG	ccA	P	P	188  	.   0.01	1cw3F  165  P
ENSP00000261733	rs58280059	ccG	ccA	P	P	188  	.   0.01	1cw3G  165  P
ENSP00000261733	rs58280059	ccG	ccA	P	P	188  	.   0.01	1cw3H  165  P
ENSP00000261733	rs58280059	ccG	ccA	P	P	188  	.   0.01	1nzwA  165  P
ENSP00000261733	rs58280059	ccG	ccA	P	P	188  	.   0.01	1nzwB  165  P
ENSP00000261733	rs58280059	ccG	ccA	P	P	188  	.   0.01	1nzwC  165  P
ENSP00000261733	rs58280059	ccG	ccA	P	P	188  	.   0.01	1nzwD  165  P
ENSP00000261733	rs58280059	ccG	ccA	P	P	188  	.   0.01	1nzwE  165  P
ENSP00000261733	rs58280059	ccG	ccA	P	P	188  	.   0.01	1nzwF  165  P
ENSP00000261733	rs58280059	ccG	ccA	P	P	188  	.   0.01	1nzwG  165  P
ENSP00000261733	rs58280059	ccG	ccA	P	P	188  	.   0.01	1nzwH  165  P
ENSP00000261733	rs58280059	ccG	ccA	P	P	188  	.   0.01	1nzxA  165  P
ENSP00000261733	rs58280059	ccG	ccA	P	P	188  	.   0.01	1nzxB  165  P
ENSP00000261733	rs58280059	ccG	ccA	P	P	188  	.   0.01	1nzxC  165  P
ENSP00000261733	rs58280059	ccG	ccA	P	P	188  	.   0.01	1nzxD  165  P
ENSP00000261733	rs58280059	ccG	ccA	P	P	188  	.   0.01	1nzxE  165  P
ENSP00000261733	rs58280059	ccG	ccA	P	P	188  	.   0.01	1nzxF  165  P
ENSP00000261733	rs58280059	ccG	ccA	P	P	188  	.   0.01	1nzxG  165  P
ENSP00000261733	rs58280059	ccG	ccA	P	P	188  	.   0.01	1nzxH  165  P
ENSP00000261733	rs58280059	ccG	ccA	P	P	188  	.   0.01	1nzzA  165  P
ENSP00000261733	rs58280059	ccG	ccA	P	P	188  	.   0.01	1nzzB  165  P
ENSP00000261733	rs58280059	ccG	ccA	P	P	188  	.   0.01	1nzzC  165  P
ENSP00000261733	rs58280059	ccG	ccA	P	P	188  	.   0.01	1nzzD  165  P
ENSP00000261733	rs58280059	ccG	ccA	P	P	188  	.   0.01	1nzzE  165  P
ENSP00000261733	rs58280059	ccG	ccA	P	P	188  	.   0.01	1nzzF  165  P
ENSP00000261733	rs58280059	ccG	ccA	P	P	188  	.   0.01	1nzzG  165  P
ENSP00000261733	rs58280059	ccG	ccA	P	P	188  	.   0.01	1nzzH  165  P
ENSP00000261733	rs58280059	ccG	ccA	P	P	188  	.   0.01	1o00A  165  P
ENSP00000261733	rs58280059	ccG	ccA	P	P	188  	.   0.01	1o00B  165  P
ENSP00000261733	rs58280059	ccG	ccA	P	P	188  	.   0.01	1o00C  165  P
ENSP00000261733	rs58280059	ccG	ccA	P	P	188  	.   0.01	1o00D  165  P
ENSP00000261733	rs58280059	ccG	ccA	P	P	188  	.   0.01	1o00E  165  P
ENSP00000261733	rs58280059	ccG	ccA	P	P	188  	.   0.01	1o00F  165  P
ENSP00000261733	rs58280059	ccG	ccA	P	P	188  	.   0.01	1o00G  165  P
ENSP00000261733	rs58280059	ccG	ccA	P	P	188  	.   0.01	1o00H  165  P
ENSP00000261733	rs58280059	ccG	ccA	P	P	188  	.   0.01	1o01A  165  P
ENSP00000261733	rs58280059	ccG	ccA	P	P	188  	.   0.01	1o01B  165  P
ENSP00000261733	rs58280059	ccG	ccA	P	P	188  	.   0.01	1o01C  166  P
ENSP00000261733	rs58280059	ccG	ccA	P	P	188  	.   0.01	1o01D  165  P
ENSP00000261733	rs58280059	ccG	ccA	P	P	188  	.   0.01	1o01E  165  P
ENSP00000261733	rs58280059	ccG	ccA	P	P	188  	.   0.01	1o01F  165  P
ENSP00000261733	rs58280059	ccG	ccA	P	P	188  	.   0.01	1o01G  165  P
ENSP00000261733	rs58280059	ccG	ccA	P	P	188  	.   0.01	1o01H  165  P
ENSP00000261733	rs58280059	ccG	ccA	P	P	188  	.   0.01	1o02A  165  P
ENSP00000261733	rs58280059	ccG	ccA	P	P	188  	.   0.01	1o02B  165  P
ENSP00000261733	rs58280059	ccG	ccA	P	P	188  	.   0.01	1o02C  165  P
ENSP00000261733	rs58280059	ccG	ccA	P	P	188  	.   0.01	1o02D  165  P
ENSP00000261733	rs58280059	ccG	ccA	P	P	188  	.   0.01	1o02E  165  P
ENSP00000261733	rs58280059	ccG	ccA	P	P	188  	.   0.01	1o02F  165  P
ENSP00000261733	rs58280059	ccG	ccA	P	P	188  	.   0.01	1o02G  165  P
ENSP00000261733	rs58280059	ccG	ccA	P	P	188  	.   0.01	1o02H  165  P
ENSP00000261733	rs58280059	ccG	ccA	P	P	188  	.   0.01	1o05A  165  P
ENSP00000261733	rs58280059	ccG	ccA	P	P	188  	.   0.01	1o05B  165  P
ENSP00000261733	rs58280059	ccG	ccA	P	P	188  	.   0.01	1o05C  165  P
ENSP00000261733	rs58280059	ccG	ccA	P	P	188  	.   0.01	1o05D  165  P
ENSP00000261733	rs58280059	ccG	ccA	P	P	188  	.   0.01	1o05E  165  P
ENSP00000261733	rs58280059	ccG	ccA	P	P	188  	.   0.01	1o05F  165  P
ENSP00000261733	rs58280059	ccG	ccA	P	P	188  	.   0.01	1o05G  165  P
ENSP00000261733	rs58280059	ccG	ccA	P	P	188  	.   0.01	1o05H  165  P
ENSP00000261733	rs58280059	ccG	ccA	P	P	188  	.   0.01	1zumA  165  P
ENSP00000261733	rs58280059	ccG	ccA	P	P	188  	.   0.01	1zumB  165  P
ENSP00000261733	rs58280059	ccG	ccA	P	P	188  	.   0.01	1zumC  165  P
ENSP00000261733	rs58280059	ccG	ccA	P	P	188  	.   0.01	1zumD  165  P
ENSP00000261733	rs58280059	ccG	ccA	P	P	188  	.   0.01	1zumE  165  P
ENSP00000261733	rs58280059	ccG	ccA	P	P	188  	.   0.01	1zumF  165  P
ENSP00000261733	rs58280059	ccG	ccA	P	P	188  	.   0.01	1zumG  165  P
ENSP00000261733	rs58280059	ccG	ccA	P	P	188  	.   0.01	1zumH  165  P
ENSP00000261733	rs58280059	ccG	ccA	P	P	188  	.   0.01	1zumI  165  P
ENSP00000261733	rs58280059	ccG	ccA	P	P	188  	.   0.01	1zumJ  165  P
ENSP00000261733	rs58280059	ccG	ccA	P	P	188  	.   0.01	1zumK  165  P
ENSP00000261733	rs58280059	ccG	ccA	P	P	188  	.   0.01	1zumL  165  P
ENSP00000261733	rs58280059	ccG	ccA	P	P	188  	.   0.01	2onmA  165  P
ENSP00000261733	rs58280059	ccG	ccA	P	P	188  	.   0.01	2onmB  165  P
ENSP00000261733	rs58280059	ccG	ccA	P	P	188  	.   0.01	2onmC  165  P
ENSP00000261733	rs58280059	ccG	ccA	P	P	188  	.   0.01	2onmD  165  P
ENSP00000261733	rs58280059	ccG	ccA	P	P	188  	.   0.01	2onmE  165  P
ENSP00000261733	rs58280059	ccG	ccA	P	P	188  	.   0.01	2onmF  165  P
ENSP00000261733	rs58280059	ccG	ccA	P	P	188  	.   0.01	2onmG  165  P
ENSP00000261733	rs58280059	ccG	ccA	P	P	188  	.   0.01	2onmH  165  P
ENSP00000261733	rs58280059	ccG	ccA	P	P	188  	.   0.01	2onmI  165  P
ENSP00000261733	rs58280059	ccG	ccA	P	P	188  	.   0.01	2onmJ  165  P
ENSP00000261733	rs58280059	ccG	ccA	P	P	188  	.   0.01	2onmK  165  P
ENSP00000261733	rs58280059	ccG	ccA	P	P	188  	.   0.01	2onmL  165  P
ENSP00000261733	rs58280059	ccG	ccA	P	P	188  	.   0.01	2onnA  165  P
ENSP00000261733	rs58280059	ccG	ccA	P	P	188  	.   0.01	2onnB  165  P
ENSP00000261733	rs58280059	ccG	ccA	P	P	188  	.   0.01	2onnC  165  P
ENSP00000261733	rs58280059	ccG	ccA	P	P	188  	.   0.01	2onnD  165  P
ENSP00000261733	rs58280059	ccG	ccA	P	P	188  	.   0.01	2onnE  165  P
ENSP00000261733	rs58280059	ccG	ccA	P	P	188  	.   0.01	2onnF  165  P
ENSP00000261733	rs58280059	ccG	ccA	P	P	188  	.   0.01	2onnG  165  P
ENSP00000261733	rs58280059	ccG	ccA	P	P	188  	.   0.01	2onnH  165  P
ENSP00000261733	rs58280059	ccG	ccA	P	P	188  	.   0.01	2onoA  165  P
ENSP00000261733	rs58280059	ccG	ccA	P	P	188  	.   0.01	2onoB  165  P
ENSP00000261733	rs58280059	ccG	ccA	P	P	188  	.   0.01	2onoC  165  P
ENSP00000261733	rs58280059	ccG	ccA	P	P	188  	.   0.01	2onoD  165  P
ENSP00000261733	rs58280059	ccG	ccA	P	P	188  	.   0.01	2onoE  165  P
ENSP00000261733	rs58280059	ccG	ccA	P	P	188  	.   0.01	2onoF  165  P
ENSP00000261733	rs58280059	ccG	ccA	P	P	188  	.   0.01	2onoG  165  P
ENSP00000261733	rs58280059	ccG	ccA	P	P	188  	.   0.01	2onoH  165  P
ENSP00000261733	rs58280059	ccG	ccA	P	P	188  	.   0.01	2onpA  165  P
ENSP00000261733	rs58280059	ccG	ccA	P	P	188  	.   0.01	2onpB  165  P
ENSP00000261733	rs58280059	ccG	ccA	P	P	188  	.   0.01	2onpC  165  P
ENSP00000261733	rs58280059	ccG	ccA	P	P	188  	.   0.01	2onpD  165  P
ENSP00000261733	rs58280059	ccG	ccA	P	P	188  	.   0.01	2onpE  165  P
ENSP00000261733	rs58280059	ccG	ccA	P	P	188  	.   0.01	2onpF  165  P
ENSP00000261733	rs58280059	ccG	ccA	P	P	188  	.   0.01	2onpG  165  P
ENSP00000261733	rs58280059	ccG	ccA	P	P	188  	.   0.01	2onpH  165  P
ENSP00000261733	rs58280059	ccG	ccA	P	P	188  	.   0.01	2vleA  165  P
ENSP00000261733	rs58280059	ccG	ccA	P	P	188  	.   0.01	2vleB  165  P
ENSP00000261733	rs58280059	ccG	ccA	P	P	188  	.   0.01	2vleC  165  P
ENSP00000261733	rs58280059	ccG	ccA	P	P	188  	.   0.01	2vleD  165  P
ENSP00000261733	rs58280059	ccG	ccA	P	P	188  	.   0.01	2vleE  165  P
ENSP00000261733	rs58280059	ccG	ccA	P	P	188  	.   0.01	2vleF  165  P
ENSP00000261733	rs58280059	ccG	ccA	P	P	188  	.   0.01	2vleG  165  P
ENSP00000261733	rs58280059	ccG	ccA	P	P	188  	.   0.01	2vleH  165  P
ENSP00000261733	rs58280059	ccG	ccA	P	P	188  	.   0.01	3injA  165  P
ENSP00000261733	rs58280059	ccG	ccA	P	P	188  	.   0.01	3injB  165  P
ENSP00000261733	rs58280059	ccG	ccA	P	P	188  	.   0.01	3injC  165  P
ENSP00000261733	rs58280059	ccG	ccA	P	P	188  	.   0.01	3injD  165  P
ENSP00000261733	rs58280059	ccG	ccA	P	P	188  	.   0.01	3injE  165  P
ENSP00000261733	rs58280059	ccG	ccA	P	P	188  	.   0.01	3injF  165  P
ENSP00000261733	rs58280059	ccG	ccA	P	P	188  	.   0.01	3injG  165  P
ENSP00000261733	rs58280059	ccG	ccA	P	P	188  	.   0.01	3injH  166  P
ENSP00000261733	rs58280059	ccG	ccA	P	P	188  	.   0.01	3inlA  166  P
ENSP00000261733	rs58280059	ccG	ccA	P	P	188  	.   0.01	3inlB  165  P
ENSP00000261733	rs58280059	ccG	ccA	P	P	188  	.   0.01	3inlC  165  P
ENSP00000261733	rs58280059	ccG	ccA	P	P	188  	.   0.01	3inlD  165  P
ENSP00000261733	rs58280059	ccG	ccA	P	P	188  	.   0.01	3inlE  165  P
ENSP00000261733	rs58280059	ccG	ccA	P	P	188  	.   0.01	3inlF  165  P
ENSP00000261733	rs58280059	ccG	ccA	P	P	188  	.   0.01	3inlG  165  P
ENSP00000261733	rs58280059	ccG	ccA	P	P	188  	.   0.01	3inlH  166  P
ENSP00000261733	rs58280059	ccG	ccA	P	P	188  	.   0.01	3n80A  165  P
ENSP00000261733	rs58280059	ccG	ccA	P	P	188  	.   0.01	3n80B  165  P
ENSP00000261733	rs58280059	ccG	ccA	P	P	188  	.   0.01	3n80C  165  P
ENSP00000261733	rs58280059	ccG	ccA	P	P	188  	.   0.01	3n80D  165  P
ENSP00000261733	rs58280059	ccG	ccA	P	P	188  	.   0.01	3n80E  166  P
ENSP00000261733	rs58280059	ccG	ccA	P	P	188  	.   0.01	3n80F  165  P
ENSP00000261733	rs58280059	ccG	ccA	P	P	188  	.   0.01	3n80G  165  P
ENSP00000261733	rs58280059	ccG	ccA	P	P	188  	.   0.01	3n80H  165  P
ENSP00000261733	rs58280059	ccG	ccA	P	P	188  	.   0.01	3n81A  165  P
ENSP00000261733	rs58280059	ccG	ccA	P	P	188  	.   0.01	3n81B  165  P
ENSP00000261733	rs58280059	ccG	ccA	P	P	188  	.   0.01	3n81C  165  P
ENSP00000261733	rs58280059	ccG	ccA	P	P	188  	.   0.01	3n81D  165  P
ENSP00000261733	rs58280059	ccG	ccA	P	P	188  	.   0.01	3n81E  165  P
ENSP00000261733	rs58280059	ccG	ccA	P	P	188  	.   0.01	3n81F  165  P
ENSP00000261733	rs58280059	ccG	ccA	P	P	188  	.   0.01	3n81G  164  P
ENSP00000261733	rs58280059	ccG	ccA	P	P	188  	.   0.01	3n81H  165  P
ENSP00000261733	rs58280059	ccG	ccA	P	P	188  	.   0.01	3n82A  165  P
ENSP00000261733	rs58280059	ccG	ccA	P	P	188  	.   0.01	3n82B  165  P
ENSP00000261733	rs58280059	ccG	ccA	P	P	188  	.   0.01	3n82C  165  P
ENSP00000261733	rs58280059	ccG	ccA	P	P	188  	.   0.01	3n82D  165  P
ENSP00000261733	rs58280059	ccG	ccA	P	P	188  	.   0.01	3n82E  165  P
ENSP00000261733	rs58280059	ccG	ccA	P	P	188  	.   0.01	3n82F  165  P
ENSP00000261733	rs58280059	ccG	ccA	P	P	188  	.   0.01	3n82G  165  P
ENSP00000261733	rs58280059	ccG	ccA	P	P	188  	.   0.01	3n82H  165  P
ENSP00000261733	rs58280059	ccG	ccA	P	P	188  	.   0.01	3n83A  165  P
ENSP00000261733	rs58280059	ccG	ccA	P	P	188  	.   0.01	3n83B  165  P
ENSP00000261733	rs58280059	ccG	ccA	P	P	188  	.   0.01	3n83C  165  P
ENSP00000261733	rs58280059	ccG	ccA	P	P	188  	.   0.01	3n83D  165  P
ENSP00000261733	rs58280059	ccG	ccA	P	P	188  	.   0.01	3n83E  165  P
ENSP00000261733	rs58280059	ccG	ccA	P	P	188  	.   0.01	3n83F  165  P
ENSP00000261733	rs58280059	ccG	ccA	P	P	188  	.   0.01	3n83G  165  P
ENSP00000261733	rs58280059	ccG	ccA	P	P	188  	.   0.01	3n83H  165  P
ENSP00000261733	rs58280059	ccG	ccA	P	P	188  	.   0.01	3sz9A  165  P
ENSP00000261733	rs58280059	ccG	ccA	P	P	188  	.   0.01	3sz9B  165  P
ENSP00000261733	rs58280059	ccG	ccA	P	P	188  	.   0.01	3sz9C  166  P
ENSP00000261733	rs58280059	ccG	ccA	P	P	188  	.   0.01	3sz9D  165  P
ENSP00000261733	rs58280059	ccG	ccA	P	P	188  	.   0.01	3sz9E  165  P
ENSP00000261733	rs58280059	ccG	ccA	P	P	188  	.   0.01	3sz9F  165  P
ENSP00000261733	rs58280059	ccG	ccA	P	P	188  	.   0.01	3sz9G  165  P
ENSP00000261733	rs58280059	ccG	ccA	P	P	188  	.   0.01	3sz9H  165  P
ENSP00000261733	rs58280059	ccG	ccA	P	P	188  	.   0.01	4fqfA  159  P
ENSP00000261733	rs58280059	ccG	ccA	P	P	188  	.   0.01	4fqfB  164  P
ENSP00000261733	rs58280059	ccG	ccA	P	P	188  	.   0.01	4fqfC  164  P
ENSP00000261733	rs58280059	ccG	ccA	P	P	188  	.   0.01	4fqfD  164  P
ENSP00000261733	rs58280059	ccG	ccA	P	P	188  	.   0.01	4fr8A  164  P
ENSP00000261733	rs58280059	ccG	ccA	P	P	188  	.   0.01	4fr8B  164  P
ENSP00000261733	rs58280059	ccG	ccA	P	P	188  	.   0.01	4fr8C  167  P
ENSP00000261733	rs58280059	ccG	ccA	P	P	188  	.   0.01	4fr8D  164  P
ENSP00000261733	rs58280059	ccG	ccA	P	P	188  	.   0.01	4fr8E  164  P
ENSP00000261733	rs58280059	ccG	ccA	P	P	188  	.   0.01	4fr8F  164  P
ENSP00000261733	rs58280059	ccG	ccA	P	P	188  	.   0.01	4fr8G  165  P
ENSP00000261733	rs58280059	ccG	ccA	P	P	188  	.   0.01	4fr8H  164  P
ENSP00000261733	rs58280059	ccG	ccA	P	P	188  	.   0.01	4kwfA  165  P
ENSP00000261733	rs58280059	ccG	ccA	P	P	188  	.   0.01	4kwfB  165  P
ENSP00000261733	rs58280059	ccG	ccA	P	P	188  	.   0.01	4kwfC  165  P
ENSP00000261733	rs58280059	ccG	ccA	P	P	188  	.   0.01	4kwfD  165  P
ENSP00000261733	rs58280059	ccG	ccA	P	P	188  	.   0.01	4kwfE  165  P
ENSP00000261733	rs58280059	ccG	ccA	P	P	188  	.   0.01	4kwfF  165  P
ENSP00000261733	rs58280059	ccG	ccA	P	P	188  	.   0.01	4kwfG  165  P
ENSP00000261733	rs58280059	ccG	ccA	P	P	188  	.   0.01	4kwfH  165  P
ENSP00000261733	rs58280059	ccG	ccA	P	P	188  	.   0.01	4kwgA  165  P
ENSP00000261733	rs58280059	ccG	ccA	P	P	188  	.   0.01	4kwgB  165  P
ENSP00000261733	rs58280059	ccG	ccA	P	P	188  	.   0.01	4kwgC  165  P
ENSP00000261733	rs58280059	ccG	ccA	P	P	188  	.   0.01	4kwgD  165  P
ENSP00000261733	rs58280059	ccG	ccA	P	P	188  	.   0.01	4kwgE  165  P
ENSP00000261733	rs58280059	ccG	ccA	P	P	188  	.   0.01	4kwgF  165  P
ENSP00000261733	rs58280059	ccG	ccA	P	P	188  	.   0.01	4kwgG  165  P
ENSP00000261733	rs58280059	ccG	ccA	P	P	188  	.   0.01	4kwgH  165  P
ENSP00000261733	rs58280059	ccG	ccA	P	P	188  	.   0.01	5l13A  165  P
ENSP00000261733	rs58280059	ccG	ccA	P	P	188  	.   0.01	5l13B  165  P
ENSP00000261733	rs58280059	ccG	ccA	P	P	188  	.   0.01	5l13C  165  P
ENSP00000261733	rs58280059	ccG	ccA	P	P	188  	.   0.01	5l13D  165  P
ENSP00000261733	rs58280059	ccG	ccA	P	P	188  	.   0.01	5l13E  166  P
ENSP00000261733	rs58280059	ccG	ccA	P	P	188  	.   0.01	5l13F  165  P
ENSP00000261733	rs58280059	ccG	ccA	P	P	188  	.   0.01	5l13G  165  P
ENSP00000261733	rs58280059	ccG	ccA	P	P	188  	.   0.01	5l13H  165  P
ENSP00000261735	rs34441328	gaG	gaT	E	D	175  	.   0.11	1g7dA   21  E
ENSP00000261735	rs34441328	gaG	gaT	E	D	175  	.   0.11	2m66A   21  E
ENSP00000261735	rs34441328	gaG	gaT	E	D	175  	.   0.11	2qc7A  143  E
ENSP00000261735	rs34441328	gaG	gaT	E	D	175  	.   0.11	2qc7B  143  E
ENSP00000261735	rs34441328	gaG	gaT	E	D	175  	.   0.11	5v8zA   19  E
ENSP00000261735	rs34441328	gaG	gaT	E	D	175  	.   0.11	5v8zC   19  E
ENSP00000261735	rs34441328	gaG	gaT	E	D	175  	.   0.11	5v90A   19  E
ENSP00000261735	rs34441328	gaG	gaT	E	D	175  	.   0.11	5v90B   19  E
ENSP00000261740	 rs3742037	atC	atT	I	I	678  	.   0.02	6bbjA  505  I
ENSP00000261740	 rs3742037	atC	atT	I	I	678  	.   0.02	6bbjB  505  I
ENSP00000261740	 rs3742037	atC	atT	I	I	678  	.   0.02	6bbjC  505  I
ENSP00000261740	 rs3742037	atC	atT	I	I	678  	.   0.02	6bbjD  505  I
ENSP00000261740	 rs3742037	atC	atT	I	I	678  	.   0.02	6c8fA  505  I
ENSP00000261740	 rs3742037	atC	atT	I	I	678  	.   0.02	6c8gA  505  I
ENSP00000261740	 rs3742037	atC	atT	I	I	678  	.   0.02	6c8hA  505  I
ENSP00000261751	rs61737502	Atg	Gtg	M	V	467  	.   0.17	2ksrA  121  V
ENSP00000261751	rs61737502	Atg	Gtg	M	V	467  	.   0.17	2lm2A  117  V
ENSP00000261751	rs61737502	Atg	Ctg	M	L	467  	.   0.17	2ksrA  121  V
ENSP00000261751	rs61737502	Atg	Ctg	M	L	467  	.   0.17	2lm2A  117  V
ENSP00000261769	rs33935154	Gca	Aca	A	T	617  	.   0.08	3q2vA  463  P
ENSP00000261769	rs33935154	Gca	Aca	A	T	617  	.   0.08	3q2vB  436  P
ENSP00000261868	 rs2303578	Gca	Aca	A	T	141  	.   0.33	3bpjB    1  A
ENSP00000261918	  rs741761	caA	caT	Q	H	515  	.   0.04	3nvqA  470  Q
ENSP00000261918	  rs741761	caA	caT	Q	H	515  	.   0.04	3nvqC  470  Q
ENSP00000261918	  rs741761	caA	caG	Q	Q	515  	.   0.04	3nvqA  470  Q
ENSP00000261918	  rs741761	caA	caG	Q	Q	515  	.   0.04	3nvqC  470  Q
ENSP00000261973	  rs362414	tcA	tcG	S	S	803  	.    0.1	3v53A   72  S
ENSP00000261973	  rs362414	tcA	tcG	S	S	803  	.    0.1	3v53B   74  S
ENSP00000261973	  rs362414	tcA	tcG	S	S	803  	.    0.1	3v53C   68  S
ENSP00000261973	  rs362414	tcA	tcG	S	S	803  	.    0.1	3v53D   73  S
ENSP00000261973	  rs362414	tcA	tcG	S	S	803  	.    0.1	3v53E   67  S
ENSP00000261994	 rs2232700	Aca	Tca	T	S	161  	.   0.02	3f1sA  102  T
ENSP00000261994	 rs2232700	Aca	Tca	T	S	161  	.   0.02	3h5cA  101  T
ENSP00000261994	 rs2232700	Aca	Tca	T	S	161  	.   0.02	4afxA  101  T
ENSP00000261994	 rs2232700	Aca	Tca	T	S	161  	.   0.02	4ajuA  104  T
ENSP00000262039	rs34205132	gaT	gaC	D	D	359  	.   0.01	3ihyA   79  D
ENSP00000262039	rs34205132	gaT	gaC	D	D	359  	.   0.01	3ihyB   79  D
ENSP00000262039	rs34205132	gaT	gaC	D	D	359  	.   0.01	3ihyC   80  D
ENSP00000262039	rs34205132	gaT	gaC	D	D	359  	.   0.01	3ihyD   74  D
ENSP00000262039	rs34205132	gaT	gaC	D	D	359  	.   0.01	3ihyE   80  D
ENSP00000262039	rs34205132	gaT	gaC	D	D	359  	.   0.01	3ls8A   78  D
ENSP00000262039	rs34205132	gaT	gaC	D	D	359  	.   0.01	3ls8B   64  D
ENSP00000262039	rs34205132	gaT	gaC	D	D	359  	.   0.01	4oysA   74  D
ENSP00000262039	rs34205132	gaT	gaC	D	D	359  	.   0.01	4ph4A   70  D
ENSP00000262039	rs34205132	gaT	gaC	D	D	359  	.   0.01	4uwfA   74  D
ENSP00000262039	rs34205132	gaT	gaC	D	D	359  	.   0.01	4uwgA   74  D
ENSP00000262039	rs34205132	gaT	gaC	D	D	359  	.   0.01	4uwhA   75  D
ENSP00000262039	rs34205132	gaT	gaC	D	D	359  	.   0.01	4uwkA   73  D
ENSP00000262039	rs34205132	gaT	gaC	D	D	359  	.   0.01	4uwlA   74  D
ENSP00000262039	rs34205132	gaT	gaC	D	D	359  	.   0.01	5anlA   74  D
ENSP00000262039	rs34205132	gaT	gaC	D	D	359  	.   0.01	5ennA   67  D
ENSP00000262039	rs34205132	gaT	gaC	D	D	359  	.   0.01	5ennB   72  D
ENSP00000262053	rs17291650	gaA	gaG	E	E	229  	*   0.82	1dh3C   15  E
ENSP00000262053	rs17291650	gaA	gaG	E	E	229  	*   0.82	1dh3D   15  E
ENSP00000262053	rs17291650	gaA	gaG	E	E	229  	*   0.82	5zk1B   15  E
ENSP00000262053	rs17291650	gaA	gaG	E	E	229  	*   0.82	5zkoA   15  E
ENSP00000262053	rs17291650	gaA	gaG	E	E	229  	*   0.82	5zkoC   15  E
ENSP00000262093	  rs536560	ccA	ccG	P	P	307  	.   0.08	1hrkA  243  P
ENSP00000262093	  rs536560	ccA	ccG	P	P	307  	.   0.08	1hrkB  243  P
ENSP00000262093	  rs536560	ccA	ccG	P	P	307  	.   0.08	2hrcA  243  P
ENSP00000262093	  rs536560	ccA	ccG	P	P	307  	.   0.08	2hrcB  243  P
ENSP00000262093	  rs536560	ccA	ccG	P	P	307  	.   0.08	2hreA  243  P
ENSP00000262093	  rs536560	ccA	ccG	P	P	307  	.   0.08	2hreB  243  P
ENSP00000262093	  rs536560	ccA	ccG	P	P	307  	.   0.08	2hreC  243  P
ENSP00000262093	  rs536560	ccA	ccG	P	P	307  	.   0.08	2hreD  243  P
ENSP00000262093	  rs536560	ccA	ccG	P	P	307  	.   0.08	2pnjA  239  P
ENSP00000262093	  rs536560	ccA	ccG	P	P	307  	.   0.08	2pnjB  240  P
ENSP00000262093	  rs536560	ccA	ccG	P	P	307  	.   0.08	2po5A  243  P
ENSP00000262093	  rs536560	ccA	ccG	P	P	307  	.   0.08	2po5B  243  P
ENSP00000262093	  rs536560	ccA	ccG	P	P	307  	.   0.08	2po7A  243  P
ENSP00000262093	  rs536560	ccA	ccG	P	P	307  	.   0.08	2po7B  243  P
ENSP00000262093	  rs536560	ccA	ccG	P	P	307  	.   0.08	2qd1A  243  P
ENSP00000262093	  rs536560	ccA	ccG	P	P	307  	.   0.08	2qd1B  243  P
ENSP00000262093	  rs536560	ccA	ccG	P	P	307  	.   0.08	2qd1C  243  P
ENSP00000262093	  rs536560	ccA	ccG	P	P	307  	.   0.08	2qd1D  243  P
ENSP00000262093	  rs536560	ccA	ccG	P	P	307  	.   0.08	2qd2A  243  P
ENSP00000262093	  rs536560	ccA	ccG	P	P	307  	.   0.08	2qd2B  243  P
ENSP00000262093	  rs536560	ccA	ccG	P	P	307  	.   0.08	2qd3A  243  P
ENSP00000262093	  rs536560	ccA	ccG	P	P	307  	.   0.08	2qd3B  243  P
ENSP00000262093	  rs536560	ccA	ccG	P	P	307  	.   0.08	2qd4A  243  P
ENSP00000262093	  rs536560	ccA	ccG	P	P	307  	.   0.08	2qd4B  243  P
ENSP00000262093	  rs536560	ccA	ccG	P	P	307  	.   0.08	2qd5A  243  P
ENSP00000262093	  rs536560	ccA	ccG	P	P	307  	.   0.08	2qd5B  243  P
ENSP00000262093	  rs536560	ccA	ccG	P	P	307  	.   0.08	3aqiA  243  P
ENSP00000262093	  rs536560	ccA	ccG	P	P	307  	.   0.08	3aqiB  243  P
ENSP00000262093	  rs536560	ccA	ccG	P	P	307  	.   0.08	3hcnA  243  P
ENSP00000262093	  rs536560	ccA	ccG	P	P	307  	.   0.08	3hcnB  243  P
ENSP00000262093	  rs536560	ccA	ccG	P	P	307  	.   0.08	3hcoA  243  P
ENSP00000262093	  rs536560	ccA	ccG	P	P	307  	.   0.08	3hcoB  243  P
ENSP00000262093	  rs536560	ccA	ccG	P	P	307  	.   0.08	3hcpA  243  P
ENSP00000262093	  rs536560	ccA	ccG	P	P	307  	.   0.08	3hcpB  243  P
ENSP00000262093	  rs536560	ccA	ccG	P	P	307  	.   0.08	3hcrA  243  P
ENSP00000262093	  rs536560	ccA	ccG	P	P	307  	.   0.08	3hcrB  243  P
ENSP00000262093	  rs536560	ccA	ccG	P	P	307  	.   0.08	3w1wA  243  P
ENSP00000262093	  rs536560	ccA	ccG	P	P	307  	.   0.08	3w1wB  243  P
ENSP00000262093	  rs536560	ccA	ccG	P	P	307  	.   0.08	4f4dA  243  P
ENSP00000262093	  rs536560	ccA	ccG	P	P	307  	.   0.08	4f4dB  243  P
ENSP00000262093	  rs536560	ccA	ccG	P	P	307  	.   0.08	4klaA  243  P
ENSP00000262093	  rs536560	ccA	ccG	P	P	307  	.   0.08	4klaB  243  P
ENSP00000262093	  rs536560	ccA	ccG	P	P	307  	.   0.08	4klcA  243  P
ENSP00000262093	  rs536560	ccA	ccG	P	P	307  	.   0.08	4klcB  243  P
ENSP00000262093	  rs536560	ccA	ccG	P	P	307  	.   0.08	4klrA  243  P
ENSP00000262093	  rs536560	ccA	ccG	P	P	307  	.   0.08	4klrB  243  P
ENSP00000262093	  rs536560	ccA	ccG	P	P	307  	.   0.08	4kmmA  243  P
ENSP00000262093	  rs536560	ccA	ccG	P	P	307  	.   0.08	4kmmB  243  P
ENSP00000262093	  rs536560	ccA	ccG	P	P	307  	.   0.08	4mk4A  243  P
ENSP00000262093	  rs536560	ccA	ccG	P	P	307  	.   0.08	4mk4B  243  P
ENSP00000262097	 rs1049874	Att	Gtt	I	V	93   	.   0.02	5u7zA   66  V
ENSP00000262097	 rs1049874	Att	Gtt	I	V	93   	.   0.02	5u7zC   66  V
ENSP00000262097	 rs1049874	Att	Gtt	I	V	93   	.   0.02	5u81A   67  V
ENSP00000262097	 rs1049874	Att	Gtt	I	V	93   	.   0.02	5u84A   64  I
ENSP00000262097	 rs1049874	Att	Gtt	I	V	93   	.   0.02	5u84B   64  I
ENSP00000262186	  rs740952	atC	atT	I	I	489  	.   0.02	5va1A  205  I
ENSP00000262186	  rs740952	atC	atT	I	I	489  	.   0.02	5va2A  203  I
ENSP00000262186	  rs740952	atC	atT	I	I	489  	.   0.02	5va3A  204  I
ENSP00000262186	  rs740952	atC	atA	I	I	489  	.   0.02	5va1A  205  I
ENSP00000262186	  rs740952	atC	atA	I	I	489  	.   0.02	5va2A  203  I
ENSP00000262186	  rs740952	atC	atA	I	I	489  	.   0.02	5va3A  204  I
ENSP00000262231	rs61753731	gAt	gCt	D	A	608  	.   0.07	1v27A   32  D
ENSP00000262231	rs61753731	gAt	gCt	D	A	608  	.   0.07	2bwqA   29  D
ENSP00000262233	rs34820758	gtG	gtA	V	V	598  	.   0.01	4ci8A  423  V
ENSP00000262233	rs34820758	gtG	gtA	V	V	598  	.   0.01	4ci8B  423  V
ENSP00000262460	 rs6076347	Gtc	Atc	V	I	97   	.   0.03	2e9xA   97  V
ENSP00000262460	 rs6076347	Gtc	Atc	V	I	97   	.   0.03	2e9xE   97  V
ENSP00000262460	 rs6076347	Gtc	Atc	V	I	97   	.   0.03	2ehoB   94  I
ENSP00000262460	 rs6076347	Gtc	Atc	V	I	97   	.   0.03	2ehoF   94  I
ENSP00000262460	 rs6076347	Gtc	Atc	V	I	97   	.   0.03	2ehoJ   94  I
ENSP00000262460	 rs6076347	Gtc	Atc	V	I	97   	.   0.03	2q9qC   97  I
ENSP00000262460	 rs6076347	Gtc	Atc	V	I	97   	.   0.03	2q9qG   97  I
ENSP00000262493	 rs1065375	acC	acT	T	T	171  	.   0.39	3c7kA  133  T
ENSP00000262493	 rs1065375	acC	acT	T	T	171  	.   0.39	3c7kC  137  T
ENSP00000262494	 rs1065375	acC	acT	T	T	171  	.   0.37	3c7kA  133  T
ENSP00000262494	 rs1065375	acC	acT	T	T	171  	.   0.37	3c7kC  137  T
ENSP00000262544	rs41309927	Gta	Ata	V	I	426  	.   0.05	2nupA  405  V
ENSP00000262544	rs41309927	Gta	Ata	V	I	426  	.   0.05	2nutA  403  V
ENSP00000262544	rs41309927	Gta	Ata	V	I	426  	.   0.05	3efoA  406  V
ENSP00000262544	rs41309927	Gta	Ata	V	I	426  	.   0.05	3eg9A  406  V
ENSP00000262544	rs41309927	Gta	Ata	V	I	426  	.   0.05	3egdA  405  V
ENSP00000262544	rs41309927	Gta	Ata	V	I	426  	.   0.05	3egxA  403  V
ENSP00000262544	rs41309927	Gta	Ata	V	I	426  	.   0.05	5kynA  407  V
ENSP00000262544	rs41309927	Gta	Ata	V	I	426  	.   0.05	5kynB  409  V
ENSP00000262544	rs41309927	Gta	Ata	V	I	426  	.   0.05	5kyuA  406  V
ENSP00000262544	rs41309927	Gta	Ata	V	I	426  	.   0.05	5kywA  406  V
ENSP00000262544	rs41309927	Gta	Ata	V	I	426  	.   0.05	5kyxA  406  V
ENSP00000262544	rs41309927	Gta	Ata	V	I	426  	.   0.05	5kyyA  406  V
ENSP00000262544	rs41309927	Gta	Ata	V	I	426  	.   0.05	5vneA  403  V
ENSP00000262544	rs41309927	Gta	Ata	V	I	426  	.   0.05	5vnfA  403  V
ENSP00000262544	rs41309927	Gta	Ata	V	I	426  	.   0.05	5vngA  403  V
ENSP00000262544	rs41309927	Gta	Ata	V	I	426  	.   0.05	5vnhA  403  V
ENSP00000262544	rs41309927	Gta	Ata	V	I	426  	.   0.05	5vniA  403  V
ENSP00000262544	rs41309927	Gta	Ata	V	I	426  	.   0.05	5vnjA  405  V
ENSP00000262544	rs41309927	Gta	Ata	V	I	426  	.   0.05	5vnkA  403  V
ENSP00000262544	rs41309927	Gta	Ata	V	I	426  	.   0.05	5vnlA  405  V
ENSP00000262544	rs41309927	Gta	Ata	V	I	426  	.   0.05	5vnmA  405  V
ENSP00000262544	rs41309927	Gta	Ata	V	I	426  	.   0.05	5vnnA  405  V
ENSP00000262544	rs41309927	Gta	Ata	V	I	426  	.   0.05	5vnoA  405  V
ENSP00000262607	  rs362129	aaC	aaT	N	N	53   	.   0.04	3lgdA   25  N
ENSP00000262607	  rs362129	aaC	aaT	N	N	53   	.   0.04	3lgdB   25  N
ENSP00000262607	  rs362129	aaC	aaT	N	N	53   	.   0.04	3lggA   25  N
ENSP00000262607	  rs362129	aaC	aaT	N	N	53   	.   0.04	3lggB   25  N
ENSP00000262717	rs12964819	gaC	gaT	D	D	123  	.   0.08	6cgsA   64  D
ENSP00000262717	rs12964819	gaC	gaT	D	D	123  	.   0.08	6cgsB   64  D
ENSP00000262735	 rs1800234	gTc	gAc	V	D	227  	*   0.57	1i7gA   29  V
ENSP00000262735	 rs1800234	gTc	gAc	V	D	227  	*   0.57	1k7lA   26  V
ENSP00000262735	 rs1800234	gTc	gAc	V	D	227  	*   0.57	1k7lC   26  V
ENSP00000262735	 rs1800234	gTc	gAc	V	D	227  	*   0.57	1k7lE   26  V
ENSP00000262735	 rs1800234	gTc	gAc	V	D	227  	*   0.57	1k7lG   26  V
ENSP00000262735	 rs1800234	gTc	gAc	V	D	227  	*   0.57	1kkqA   28  V
ENSP00000262735	 rs1800234	gTc	gAc	V	D	227  	*   0.57	1kkqB   28  V
ENSP00000262735	 rs1800234	gTc	gAc	V	D	227  	*   0.57	1kkqC   28  V
ENSP00000262735	 rs1800234	gTc	gAc	V	D	227  	*   0.57	1kkqD   28  V
ENSP00000262735	 rs1800234	gTc	gAc	V	D	227  	*   0.57	2npaA   29  V
ENSP00000262735	 rs1800234	gTc	gAc	V	D	227  	*   0.57	2npaC   29  V
ENSP00000262735	 rs1800234	gTc	gAc	V	D	227  	*   0.57	2p54A   26  V
ENSP00000262735	 rs1800234	gTc	gAc	V	D	227  	*   0.57	2rewA   29  V
ENSP00000262735	 rs1800234	gTc	gAc	V	D	227  	*   0.57	2znnA   26  V
ENSP00000262735	 rs1800234	gTc	gAc	V	D	227  	*   0.57	3et1A   29  V
ENSP00000262735	 rs1800234	gTc	gAc	V	D	227  	*   0.57	3et1B   29  V
ENSP00000262735	 rs1800234	gTc	gAc	V	D	227  	*   0.57	3feiA   26  V
ENSP00000262735	 rs1800234	gTc	gAc	V	D	227  	*   0.57	3g8iA   26  V
ENSP00000262735	 rs1800234	gTc	gAc	V	D	227  	*   0.57	3kdtA   30  V
ENSP00000262735	 rs1800234	gTc	gAc	V	D	227  	*   0.57	3kdtB   35  V
ENSP00000262735	 rs1800234	gTc	gAc	V	D	227  	*   0.57	3kduA   30  V
ENSP00000262735	 rs1800234	gTc	gAc	V	D	227  	*   0.57	3kduB   35  V
ENSP00000262735	 rs1800234	gTc	gAc	V	D	227  	*   0.57	3sp6A   32  V
ENSP00000262735	 rs1800234	gTc	gAc	V	D	227  	*   0.57	3vi8A   26  V
ENSP00000262735	 rs1800234	gTc	gAc	V	D	227  	*   0.57	4bcrA   24  V
ENSP00000262735	 rs1800234	gTc	gAc	V	D	227  	*   0.57	4bcrB   32  V
ENSP00000262735	 rs1800234	gTc	gAc	V	D	227  	*   0.57	4ci4A   24  V
ENSP00000262735	 rs1800234	gTc	gAc	V	D	227  	*   0.57	5aztA   24  V
ENSP00000262735	 rs1800234	gTc	gAc	V	D	227  	*   0.57	5aztB   24  V
ENSP00000262735	 rs1800234	gTc	gAc	V	D	227  	*   0.57	5hykA   26  V
ENSP00000262735	 rs1800234	gTc	gCc	V	A	227  	*   0.57	1i7gA   29  V
ENSP00000262735	 rs1800234	gTc	gCc	V	A	227  	*   0.57	1k7lA   26  V
ENSP00000262735	 rs1800234	gTc	gCc	V	A	227  	*   0.57	1k7lC   26  V
ENSP00000262735	 rs1800234	gTc	gCc	V	A	227  	*   0.57	1k7lE   26  V
ENSP00000262735	 rs1800234	gTc	gCc	V	A	227  	*   0.57	1k7lG   26  V
ENSP00000262735	 rs1800234	gTc	gCc	V	A	227  	*   0.57	1kkqA   28  V
ENSP00000262735	 rs1800234	gTc	gCc	V	A	227  	*   0.57	1kkqB   28  V
ENSP00000262735	 rs1800234	gTc	gCc	V	A	227  	*   0.57	1kkqC   28  V
ENSP00000262735	 rs1800234	gTc	gCc	V	A	227  	*   0.57	1kkqD   28  V
ENSP00000262735	 rs1800234	gTc	gCc	V	A	227  	*   0.57	2npaA   29  V
ENSP00000262735	 rs1800234	gTc	gCc	V	A	227  	*   0.57	2npaC   29  V
ENSP00000262735	 rs1800234	gTc	gCc	V	A	227  	*   0.57	2p54A   26  V
ENSP00000262735	 rs1800234	gTc	gCc	V	A	227  	*   0.57	2rewA   29  V
ENSP00000262735	 rs1800234	gTc	gCc	V	A	227  	*   0.57	2znnA   26  V
ENSP00000262735	 rs1800234	gTc	gCc	V	A	227  	*   0.57	3et1A   29  V
ENSP00000262735	 rs1800234	gTc	gCc	V	A	227  	*   0.57	3et1B   29  V
ENSP00000262735	 rs1800234	gTc	gCc	V	A	227  	*   0.57	3feiA   26  V
ENSP00000262735	 rs1800234	gTc	gCc	V	A	227  	*   0.57	3g8iA   26  V
ENSP00000262735	 rs1800234	gTc	gCc	V	A	227  	*   0.57	3kdtA   30  V
ENSP00000262735	 rs1800234	gTc	gCc	V	A	227  	*   0.57	3kdtB   35  V
ENSP00000262735	 rs1800234	gTc	gCc	V	A	227  	*   0.57	3kduA   30  V
ENSP00000262735	 rs1800234	gTc	gCc	V	A	227  	*   0.57	3kduB   35  V
ENSP00000262735	 rs1800234	gTc	gCc	V	A	227  	*   0.57	3sp6A   32  V
ENSP00000262735	 rs1800234	gTc	gCc	V	A	227  	*   0.57	3vi8A   26  V
ENSP00000262735	 rs1800234	gTc	gCc	V	A	227  	*   0.57	4bcrA   24  V
ENSP00000262735	 rs1800234	gTc	gCc	V	A	227  	*   0.57	4bcrB   32  V
ENSP00000262735	 rs1800234	gTc	gCc	V	A	227  	*   0.57	4ci4A   24  V
ENSP00000262735	 rs1800234	gTc	gCc	V	A	227  	*   0.57	5aztA   24  V
ENSP00000262735	 rs1800234	gTc	gCc	V	A	227  	*   0.57	5aztB   24  V
ENSP00000262735	 rs1800234	gTc	gCc	V	A	227  	*   0.57	5hykA   26  V
ENSP00000262735	 rs1042311	gCg	gTg	A	V	268  	*   0.63	1i7gA   59  A
ENSP00000262735	 rs1042311	gCg	gTg	A	V	268  	*   0.63	1k7lA   67  A
ENSP00000262735	 rs1042311	gCg	gTg	A	V	268  	*   0.63	1k7lC   67  A
ENSP00000262735	 rs1042311	gCg	gTg	A	V	268  	*   0.63	1k7lE   67  A
ENSP00000262735	 rs1042311	gCg	gTg	A	V	268  	*   0.63	1k7lG   67  A
ENSP00000262735	 rs1042311	gCg	gTg	A	V	268  	*   0.63	1kkqA   69  A
ENSP00000262735	 rs1042311	gCg	gTg	A	V	268  	*   0.63	1kkqB   69  A
ENSP00000262735	 rs1042311	gCg	gTg	A	V	268  	*   0.63	1kkqC   69  A
ENSP00000262735	 rs1042311	gCg	gTg	A	V	268  	*   0.63	1kkqD   69  A
ENSP00000262735	 rs1042311	gCg	gTg	A	V	268  	*   0.63	2npaA   70  A
ENSP00000262735	 rs1042311	gCg	gTg	A	V	268  	*   0.63	2npaC   67  A
ENSP00000262735	 rs1042311	gCg	gTg	A	V	268  	*   0.63	2p54A   67  A
ENSP00000262735	 rs1042311	gCg	gTg	A	V	268  	*   0.63	2rewA   56  A
ENSP00000262735	 rs1042311	gCg	gTg	A	V	268  	*   0.63	2znnA   58  A
ENSP00000262735	 rs1042311	gCg	gTg	A	V	268  	*   0.63	3et1A   63  A
ENSP00000262735	 rs1042311	gCg	gTg	A	V	268  	*   0.63	3et1B   70  A
ENSP00000262735	 rs1042311	gCg	gTg	A	V	268  	*   0.63	3feiA   46  A
ENSP00000262735	 rs1042311	gCg	gTg	A	V	268  	*   0.63	3g8iA   54  A
ENSP00000262735	 rs1042311	gCg	gTg	A	V	268  	*   0.63	3kdtA   65  A
ENSP00000262735	 rs1042311	gCg	gTg	A	V	268  	*   0.63	3kdtB   72  A
ENSP00000262735	 rs1042311	gCg	gTg	A	V	268  	*   0.63	3kduA   65  A
ENSP00000262735	 rs1042311	gCg	gTg	A	V	268  	*   0.63	3kduB   72  A
ENSP00000262735	 rs1042311	gCg	gTg	A	V	268  	*   0.63	3sp6A   70  A
ENSP00000262735	 rs1042311	gCg	gTg	A	V	268  	*   0.63	3vi8A   58  A
ENSP00000262735	 rs1042311	gCg	gTg	A	V	268  	*   0.63	4bcrA   65  A
ENSP00000262735	 rs1042311	gCg	gTg	A	V	268  	*   0.63	4bcrB   66  A
ENSP00000262735	 rs1042311	gCg	gTg	A	V	268  	*   0.63	4ci4A   49  A
ENSP00000262735	 rs1042311	gCg	gTg	A	V	268  	*   0.63	5aztA   61  A
ENSP00000262735	 rs1042311	gCg	gTg	A	V	268  	*   0.63	5aztB   53  A
ENSP00000262735	 rs1042311	gCg	gTg	A	V	268  	*   0.63	5hykA   55  A
ENSP00000262735	 rs4253773	gaC	gaT	D	D	301  	.   0.03	1i7gA   92  D
ENSP00000262735	 rs4253773	gaC	gaT	D	D	301  	.   0.03	1k7lA  100  D
ENSP00000262735	 rs4253773	gaC	gaT	D	D	301  	.   0.03	1k7lC  100  D
ENSP00000262735	 rs4253773	gaC	gaT	D	D	301  	.   0.03	1k7lE  100  D
ENSP00000262735	 rs4253773	gaC	gaT	D	D	301  	.   0.03	1k7lG  100  D
ENSP00000262735	 rs4253773	gaC	gaT	D	D	301  	.   0.03	1kkqA  102  D
ENSP00000262735	 rs4253773	gaC	gaT	D	D	301  	.   0.03	1kkqB  102  D
ENSP00000262735	 rs4253773	gaC	gaT	D	D	301  	.   0.03	1kkqC  102  D
ENSP00000262735	 rs4253773	gaC	gaT	D	D	301  	.   0.03	1kkqD  102  D
ENSP00000262735	 rs4253773	gaC	gaT	D	D	301  	.   0.03	2npaA  103  D
ENSP00000262735	 rs4253773	gaC	gaT	D	D	301  	.   0.03	2npaC  100  D
ENSP00000262735	 rs4253773	gaC	gaT	D	D	301  	.   0.03	2p54A  100  D
ENSP00000262735	 rs4253773	gaC	gaT	D	D	301  	.   0.03	2rewA   89  D
ENSP00000262735	 rs4253773	gaC	gaT	D	D	301  	.   0.03	2znnA   91  D
ENSP00000262735	 rs4253773	gaC	gaT	D	D	301  	.   0.03	3et1A   96  D
ENSP00000262735	 rs4253773	gaC	gaT	D	D	301  	.   0.03	3et1B  103  D
ENSP00000262735	 rs4253773	gaC	gaT	D	D	301  	.   0.03	3feiA   79  D
ENSP00000262735	 rs4253773	gaC	gaT	D	D	301  	.   0.03	3g8iA   87  D
ENSP00000262735	 rs4253773	gaC	gaT	D	D	301  	.   0.03	3kdtA   98  D
ENSP00000262735	 rs4253773	gaC	gaT	D	D	301  	.   0.03	3kdtB  105  D
ENSP00000262735	 rs4253773	gaC	gaT	D	D	301  	.   0.03	3kduA   98  D
ENSP00000262735	 rs4253773	gaC	gaT	D	D	301  	.   0.03	3kduB  105  D
ENSP00000262735	 rs4253773	gaC	gaT	D	D	301  	.   0.03	3sp6A  103  D
ENSP00000262735	 rs4253773	gaC	gaT	D	D	301  	.   0.03	3vi8A   91  D
ENSP00000262735	 rs4253773	gaC	gaT	D	D	301  	.   0.03	4bcrA   98  D
ENSP00000262735	 rs4253773	gaC	gaT	D	D	301  	.   0.03	4bcrB   99  D
ENSP00000262735	 rs4253773	gaC	gaT	D	D	301  	.   0.03	4ci4A   82  D
ENSP00000262735	 rs4253773	gaC	gaT	D	D	301  	.   0.03	5aztA   94  D
ENSP00000262735	 rs4253773	gaC	gaT	D	D	301  	.   0.03	5aztB   86  D
ENSP00000262735	 rs4253773	gaC	gaT	D	D	301  	.   0.03	5hykA   88  D
ENSP00000262812	 rs2074797	ccA	ccT	P	P	250  	.   0.01	3mkrA  234  P
ENSP00000262812	 rs2074797	ccA	ccG	P	P	250  	.   0.01	3mkrA  234  P
ENSP00000262812	 rs2074797	ccA	ccC	P	P	250  	.   0.01	3mkrA  234  P
ENSP00000262865	 rs5741809	Aac	Gac	N	D	404  	.   0.01	1bp1A  373  N
ENSP00000262865	 rs5741809	Aac	Gac	N	D	404  	.   0.01	1ewfA  373  N
ENSP00000262888	rs76935412	Cat	Aat	H	N	340  	.   0.12	6cnmA  313  H
ENSP00000262888	rs76935412	Cat	Aat	H	N	340  	.   0.12	6cnmB  313  H
ENSP00000262888	rs76935412	Cat	Aat	H	N	340  	.   0.12	6cnmC  313  H
ENSP00000262888	rs76935412	Cat	Aat	H	N	340  	.   0.12	6cnmD  313  H
ENSP00000262888	rs76935412	Cat	Aat	H	N	340  	.   0.12	6cnnA  314  H
ENSP00000262888	rs76935412	Cat	Aat	H	N	340  	.   0.12	6cnnB  314  H
ENSP00000262888	rs76935412	Cat	Aat	H	N	340  	.   0.12	6cnnC  314  H
ENSP00000262888	rs76935412	Cat	Aat	H	N	340  	.   0.12	6cnnD  314  H
ENSP00000262888	rs76935412	Cat	Aat	H	N	340  	.   0.12	6cnoA  314  H
ENSP00000262888	rs76935412	Cat	Aat	H	N	340  	.   0.12	6cnoB  314  H
ENSP00000262888	rs76935412	Cat	Aat	H	N	340  	.   0.12	6cnoC  314  H
ENSP00000262888	rs76935412	Cat	Aat	H	N	340  	.   0.12	6cnoD  314  H
ENSP00000262953	   rs11150	atC	atT	I	I	727  	.   0.05	1gxrA  319  I
ENSP00000262953	   rs11150	atC	atT	I	I	727  	.   0.05	1gxrB  308  I
ENSP00000262953	   rs11150	atC	atT	I	I	727  	.   0.05	2ce8A  321  I
ENSP00000262953	   rs11150	atC	atT	I	I	727  	.   0.05	2ce8B  321  I
ENSP00000262953	   rs11150	atC	atT	I	I	727  	.   0.05	2ce8C  321  I
ENSP00000262953	   rs11150	atC	atT	I	I	727  	.   0.05	2ce8D  321  I
ENSP00000262953	   rs11150	atC	atT	I	I	727  	.   0.05	2ce9A  321  I
ENSP00000262953	   rs11150	atC	atT	I	I	727  	.   0.05	2ce9B  321  I
ENSP00000262953	   rs11150	atC	atT	I	I	727  	.   0.05	2ce9C  321  I
ENSP00000262953	   rs11150	atC	atT	I	I	727  	.   0.05	2ce9D  316  I
ENSP00000262953	   rs11150	atC	atT	I	I	727  	.   0.05	5mwjA  308  I
ENSP00000262953	   rs11150	atC	atT	I	I	727  	.   0.05	5mwjB  306  I
ENSP00000262953	   rs11150	atC	atA	I	I	727  	.   0.05	1gxrA  319  I
ENSP00000262953	   rs11150	atC	atA	I	I	727  	.   0.05	1gxrB  308  I
ENSP00000262953	   rs11150	atC	atA	I	I	727  	.   0.05	2ce8A  321  I
ENSP00000262953	   rs11150	atC	atA	I	I	727  	.   0.05	2ce8B  321  I
ENSP00000262953	   rs11150	atC	atA	I	I	727  	.   0.05	2ce8C  321  I
ENSP00000262953	   rs11150	atC	atA	I	I	727  	.   0.05	2ce8D  321  I
ENSP00000262953	   rs11150	atC	atA	I	I	727  	.   0.05	2ce9A  321  I
ENSP00000262953	   rs11150	atC	atA	I	I	727  	.   0.05	2ce9B  321  I
ENSP00000262953	   rs11150	atC	atA	I	I	727  	.   0.05	2ce9C  321  I
ENSP00000262953	   rs11150	atC	atA	I	I	727  	.   0.05	2ce9D  316  I
ENSP00000262953	   rs11150	atC	atA	I	I	727  	.   0.05	5mwjA  308  I
ENSP00000262953	   rs11150	atC	atA	I	I	727  	.   0.05	5mwjB  306  I
ENSP00000263038	  rs473407	acA	acG	T	T	212  	.   0.03	2a1xA  155  T
ENSP00000263056	 rs1042058	taT	taC	Y	Y	78   	.   0.14	4y83A    6  Y
ENSP00000263056	 rs1042058	taT	taC	Y	Y	78   	.   0.14	4y83B    6  Y
ENSP00000263056	 rs1042058	taT	taC	Y	Y	78   	.   0.14	4y83C    5  Y
ENSP00000263056	 rs1042058	taT	taC	Y	Y	78   	.   0.14	4y85A    6  Y
ENSP00000263056	 rs1042058	taT	taC	Y	Y	78   	.   0.14	4y85B    6  Y
ENSP00000263056	 rs1042058	taT	taC	Y	Y	78   	.   0.14	4y85C    6  Y
ENSP00000263056	 rs1042058	taT	taC	Y	Y	78   	.   0.14	5iu2A    6  Y
ENSP00000263056	 rs1042058	taT	taC	Y	Y	78   	.   0.14	5iu2B    6  Y
ENSP00000263070	 rs7094132	acA	acG	T	T	337  	.   0.02	4k6jA  432  T
ENSP00000263070	 rs7094132	acA	acG	T	T	337  	.   0.02	4k6jB  406  T
