ENSP00000263246	 rs2899365	ccG	ccA	P	P	292  	.   0.11	3abhA  269  P
ENSP00000263246	 rs2899365	ccG	ccA	P	P	292  	.   0.11	3abhB  269  P
ENSP00000263246	 rs2899365	ccG	ccA	P	P	292  	.   0.11	3acoA  269  P
ENSP00000263246	 rs2899365	ccG	ccA	P	P	292  	.   0.11	3acoB  269  P
ENSP00000263246	 rs2899365	ccG	ccA	P	P	292  	.   0.11	3hajA  277  P
ENSP00000263246	 rs2899365	ccG	ccA	P	P	292  	.   0.11	3hajB  277  P
ENSP00000263246	 rs2899365	ccG	ccA	P	P	292  	.   0.11	3lllA  277  P
ENSP00000263246	 rs2899365	ccG	ccA	P	P	292  	.   0.11	3lllB  277  P
ENSP00000263246	 rs2899365	ccG	ccA	P	P	292  	.   0.11	3q0kA  276  P
ENSP00000263246	 rs2899365	ccG	ccA	P	P	292  	.   0.11	3q0kB  275  P
ENSP00000263246	 rs2899365	ccG	ccA	P	P	292  	.   0.11	3q0kC  275  P
ENSP00000263246	 rs2899365	ccG	ccA	P	P	292  	.   0.11	3q0kD  277  P
ENSP00000263246	 rs2899365	ccG	ccA	P	P	292  	.   0.11	4bneA  278  P
ENSP00000263246	 rs2899365	ccG	ccA	P	P	292  	.   0.11	4bneB  278  P
ENSP00000263253	   rs20554	caG	caA	Q	Q	1116 	*   0.51	4bhwA   71  Q
ENSP00000263253	   rs20554	caG	caA	Q	Q	1116 	*   0.51	4bhwB   71  Q
ENSP00000263253	   rs20554	caG	caA	Q	Q	1116 	*   0.51	5lktA   71  Q
ENSP00000263253	   rs20554	caG	caA	Q	Q	1116 	*   0.51	5lkuA   69  Q
ENSP00000263253	   rs20554	caG	caA	Q	Q	1116 	*   0.51	5lkxA   71  Q
ENSP00000263253	   rs20554	caG	caA	Q	Q	1116 	*   0.51	5lkzA   71  Q
ENSP00000263253	   rs20554	caG	caA	Q	Q	1116 	*   0.51	5u7gA   80  Q
ENSP00000263253	   rs20554	caG	caA	Q	Q	1116 	*   0.51	5u7gB   80  Q
ENSP00000263274	 rs3731003	aCa	aTa	T	I	614  	.   0.02	1x9nD  340  T
ENSP00000263277	 rs3745758	gaG	gaA	E	E	504  	.   0.04	2qptA  442  E
ENSP00000263277	 rs3745758	gaG	gaA	E	E	504  	.   0.04	4cidA  446  E
ENSP00000263369	 rs2233156	ccC	ccT	P	P	57   	.   0.01	1hjdA   27  P
ENSP00000263369	 rs2233156	ccC	ccT	P	P	57   	.   0.01	1i1jA   33  P
ENSP00000263369	 rs2233156	ccC	ccT	P	P	57   	.   0.01	1i1jB   31  P
ENSP00000263369	 rs2233156	ccC	ccT	P	P	57   	.   0.01	1k0xA   34  P
ENSP00000263369	 rs2233156	ccC	ccT	P	P	57   	.   0.01	5ixbA   31  P
ENSP00000263369	 rs2233156	ccC	ccT	P	P	57   	.   0.01	5ixbB   31  P
ENSP00000263388	rs16980398	gcT	gcC	A	A	1842 	.   0.04	1yyhA    9  A
ENSP00000263388	rs16980398	gcT	gcC	A	A	1842 	.   0.04	1yyhB    6  A
ENSP00000263388	rs16980398	gcT	gcC	A	A	1842 	.   0.04	2f8yB   24  A
ENSP00000263388	rs16980398	gcT	gcC	A	A	1842 	.   0.04	2he0A   11  A
ENSP00000263388	rs16980398	gcT	gcC	A	A	1842 	.   0.04	2he0B    9  A
ENSP00000263388	rs16980398	gcT	gcC	A	A	1842 	.   0.04	2qc9A    8  A
ENSP00000263388	rs16980398	gcT	gcC	A	A	1842 	.   0.04	2qc9B   12  A
ENSP00000263388	rs16980398	gcT	gcC	A	A	1842 	.   0.04	3nbnB    9  A
ENSP00000263388	rs16980398	gcT	gcC	A	A	1842 	.   0.04	3nbnE    9  A
ENSP00000263398	 rs1071695	caC	caT	H	H	85   	.   0.01	1pozA   66  H
ENSP00000263398	 rs1071695	caC	caT	H	H	85   	.   0.01	1uuhA   64  H
ENSP00000263398	 rs1071695	caC	caT	H	H	85   	.   0.01	1uuhB   64  H
ENSP00000263398	 rs1071695	caC	caT	H	H	85   	.   0.01	2i83A   65  H
ENSP00000263398	 rs1071695	caC	caT	H	H	85   	.   0.01	2jcpA   66  N
ENSP00000263398	 rs1071695	caC	caT	H	H	85   	.   0.01	2jcqA   65  N
ENSP00000263398	 rs1071695	caC	caT	H	H	85   	.   0.01	2jcrA   66  N
ENSP00000263398	 rs1071695	caC	caT	H	H	85   	.   0.01	4mrdA   65  N
ENSP00000263398	 rs1071695	caC	caT	H	H	85   	.   0.01	4mreA   66  N
ENSP00000263398	 rs1071695	caC	caT	H	H	85   	.   0.01	4mrfA   66  N
ENSP00000263398	 rs1071695	caC	caT	H	H	85   	.   0.01	4mrgA   66  N
ENSP00000263398	 rs1071695	caC	caT	H	H	85   	.   0.01	4mrhA   66  N
ENSP00000263398	 rs1071695	caC	caT	H	H	85   	.   0.01	4np2A   66  N
ENSP00000263398	 rs1071695	caC	caT	H	H	85   	.   0.01	4np3A   66  N
ENSP00000263398	 rs1071695	caC	caT	H	H	85   	.   0.01	4pz3A   66  H
ENSP00000263398	 rs1071695	caC	caT	H	H	85   	.   0.01	4pz3B   66  H
ENSP00000263398	 rs1071695	caC	caT	H	H	85   	.   0.01	4pz4A   68  H
ENSP00000263398	 rs1071695	caC	caT	H	H	85   	.   0.01	4pz4B   66  H
ENSP00000263398	 rs1071695	caC	caT	H	H	85   	.   0.01	5bzcA   66  N
ENSP00000263398	 rs1071695	caC	caT	H	H	85   	.   0.01	5bzeA   66  N
ENSP00000263398	 rs1071695	caC	caT	H	H	85   	.   0.01	5bzfA   66  N
ENSP00000263398	 rs1071695	caC	caT	H	H	85   	.   0.01	5bzgA   66  N
ENSP00000263398	 rs1071695	caC	caT	H	H	85   	.   0.01	5bzhA   66  N
ENSP00000263398	 rs1071695	caC	caT	H	H	85   	.   0.01	5bziA   66  N
ENSP00000263398	 rs1071695	caC	caT	H	H	85   	.   0.01	5bzjA   66  N
ENSP00000263398	 rs1071695	caC	caT	H	H	85   	.   0.01	5bzkA   66  N
ENSP00000263398	 rs1071695	caC	caT	H	H	85   	.   0.01	5bzlA   66  N
ENSP00000263398	 rs1071695	caC	caT	H	H	85   	.   0.01	5bzmA   66  N
ENSP00000263398	 rs1071695	caC	caT	H	H	85   	.   0.01	5bznA   66  N
ENSP00000263398	 rs1071695	caC	caT	H	H	85   	.   0.01	5bzoA   66  N
ENSP00000263398	 rs1071695	caC	caT	H	H	85   	.   0.01	5bzpA   66  N
ENSP00000263398	 rs1071695	caC	caT	H	H	85   	.   0.01	5bzqA   66  N
ENSP00000263398	 rs1071695	caC	caT	H	H	85   	.   0.01	5bzrA   66  N
ENSP00000263398	 rs1071695	caC	caT	H	H	85   	.   0.01	5bzsA   66  N
ENSP00000263398	 rs1071695	caC	caT	H	H	85   	.   0.01	5bztA   66  N
ENSP00000263413	 rs1801033	gCg	gAg	A	E	119  	.   0.49	3t5oA   98  A
ENSP00000263413	 rs1801033	gCg	gAg	A	E	119  	.   0.49	4a5wB   98  A
ENSP00000263413	 rs1801033	gCg	gAg	A	E	119  	.   0.49	4e0sB   98  A
ENSP00000263451	 rs1047100	gtA	gtT	V	V	232  	.   0.01	1djsA   82  V
ENSP00000263451	 rs1047100	gtA	gtT	V	V	232  	.   0.01	1e0oB   84  V
ENSP00000263451	 rs1047100	gtA	gtT	V	V	232  	.   0.01	1e0oD   84  V
ENSP00000263451	 rs1047100	gtA	gtT	V	V	232  	.   0.01	1ev2E   83  V
ENSP00000263451	 rs1047100	gtA	gtT	V	V	232  	.   0.01	1ev2F   83  V
ENSP00000263451	 rs1047100	gtA	gtT	V	V	232  	.   0.01	1ev2G   82  V
ENSP00000263451	 rs1047100	gtA	gtT	V	V	232  	.   0.01	1ev2H   82  V
ENSP00000263451	 rs1047100	gtA	gtT	V	V	232  	.   0.01	1ii4E   83  V
ENSP00000263451	 rs1047100	gtA	gtT	V	V	232  	.   0.01	1ii4F   83  V
ENSP00000263451	 rs1047100	gtA	gtT	V	V	232  	.   0.01	1ii4G   83  V
ENSP00000263451	 rs1047100	gtA	gtT	V	V	232  	.   0.01	1ii4H   83  V
ENSP00000263451	 rs1047100	gtA	gtT	V	V	232  	.   0.01	1iilE   83  V
ENSP00000263451	 rs1047100	gtA	gtT	V	V	232  	.   0.01	1iilF   83  V
ENSP00000263451	 rs1047100	gtA	gtT	V	V	232  	.   0.01	1iilG   83  V
ENSP00000263451	 rs1047100	gtA	gtT	V	V	232  	.   0.01	1iilH   83  V
ENSP00000263451	 rs1047100	gtA	gtT	V	V	232  	.   0.01	1nunB   78  V
ENSP00000263451	 rs1047100	gtA	gtT	V	V	232  	.   0.01	2fdbB   82  V
ENSP00000263451	 rs1047100	gtA	gtT	V	V	232  	.   0.01	2fdbD   82  V
ENSP00000263451	 rs1047100	gtA	gtT	V	V	232  	.   0.01	3oj2C   82  V
ENSP00000263451	 rs1047100	gtA	gtT	V	V	232  	.   0.01	3oj2D   82  V
ENSP00000263451	 rs1047100	gtA	gtT	V	V	232  	.   0.01	3ojmB   82  V
ENSP00000263451	 rs1047100	gtA	gtT	V	V	232  	.   0.01	4j23A   80  V
ENSP00000263451	 rs1047100	gtA	gtG	V	V	232  	.   0.01	1djsA   82  V
ENSP00000263451	 rs1047100	gtA	gtG	V	V	232  	.   0.01	1e0oB   84  V
ENSP00000263451	 rs1047100	gtA	gtG	V	V	232  	.   0.01	1e0oD   84  V
ENSP00000263451	 rs1047100	gtA	gtG	V	V	232  	.   0.01	1ev2E   83  V
ENSP00000263451	 rs1047100	gtA	gtG	V	V	232  	.   0.01	1ev2F   83  V
ENSP00000263451	 rs1047100	gtA	gtG	V	V	232  	.   0.01	1ev2G   82  V
ENSP00000263451	 rs1047100	gtA	gtG	V	V	232  	.   0.01	1ev2H   82  V
ENSP00000263451	 rs1047100	gtA	gtG	V	V	232  	.   0.01	1ii4E   83  V
ENSP00000263451	 rs1047100	gtA	gtG	V	V	232  	.   0.01	1ii4F   83  V
ENSP00000263451	 rs1047100	gtA	gtG	V	V	232  	.   0.01	1ii4G   83  V
ENSP00000263451	 rs1047100	gtA	gtG	V	V	232  	.   0.01	1ii4H   83  V
ENSP00000263451	 rs1047100	gtA	gtG	V	V	232  	.   0.01	1iilE   83  V
ENSP00000263451	 rs1047100	gtA	gtG	V	V	232  	.   0.01	1iilF   83  V
ENSP00000263451	 rs1047100	gtA	gtG	V	V	232  	.   0.01	1iilG   83  V
ENSP00000263451	 rs1047100	gtA	gtG	V	V	232  	.   0.01	1iilH   83  V
ENSP00000263451	 rs1047100	gtA	gtG	V	V	232  	.   0.01	1nunB   78  V
ENSP00000263451	 rs1047100	gtA	gtG	V	V	232  	.   0.01	2fdbB   82  V
ENSP00000263451	 rs1047100	gtA	gtG	V	V	232  	.   0.01	2fdbD   82  V
ENSP00000263451	 rs1047100	gtA	gtG	V	V	232  	.   0.01	3oj2C   82  V
ENSP00000263451	 rs1047100	gtA	gtG	V	V	232  	.   0.01	3oj2D   82  V
ENSP00000263451	 rs1047100	gtA	gtG	V	V	232  	.   0.01	3ojmB   82  V
ENSP00000263451	 rs1047100	gtA	gtG	V	V	232  	.   0.01	4j23A   80  V
ENSP00000263463	  rs500760	caA	caG	Q	Q	784  	.   0.08	1a28A  205  Q
ENSP00000263463	  rs500760	caA	caG	Q	Q	784  	.   0.08	1a28B  204  Q
ENSP00000263463	  rs500760	caA	caG	Q	Q	784  	.   0.08	1e3kA  205  Q
ENSP00000263463	  rs500760	caA	caG	Q	Q	784  	.   0.08	1e3kB  204  Q
ENSP00000263463	  rs500760	caA	caG	Q	Q	784  	.   0.08	1sqnA  202  Q
ENSP00000263463	  rs500760	caA	caG	Q	Q	784  	.   0.08	1sqnB  203  Q
ENSP00000263463	  rs500760	caA	caG	Q	Q	784  	.   0.08	1sr7A  203  Q
ENSP00000263463	  rs500760	caA	caG	Q	Q	784  	.   0.08	1sr7B  204  Q
ENSP00000263463	  rs500760	caA	caG	Q	Q	784  	.   0.08	1zucA  205  Q
ENSP00000263463	  rs500760	caA	caG	Q	Q	784  	.   0.08	1zucB  205  Q
ENSP00000263463	  rs500760	caA	caG	Q	Q	784  	.   0.08	2ovhA  206  Q
ENSP00000263463	  rs500760	caA	caG	Q	Q	784  	.   0.08	2ovmA  205  Q
ENSP00000263463	  rs500760	caA	caG	Q	Q	784  	.   0.08	2w8yA  204  Q
ENSP00000263463	  rs500760	caA	caG	Q	Q	784  	.   0.08	2w8yB  204  Q
ENSP00000263463	  rs500760	caA	caG	Q	Q	784  	.   0.08	3d90A  202  Q
ENSP00000263463	  rs500760	caA	caG	Q	Q	784  	.   0.08	3d90B  203  Q
ENSP00000263463	  rs500760	caA	caG	Q	Q	784  	.   0.08	3g8oA  204  Q
ENSP00000263463	  rs500760	caA	caG	Q	Q	784  	.   0.08	3g8oB  204  Q
ENSP00000263463	  rs500760	caA	caG	Q	Q	784  	.   0.08	3hq5A  200  Q
ENSP00000263463	  rs500760	caA	caG	Q	Q	784  	.   0.08	3hq5B  205  Q
ENSP00000263463	  rs500760	caA	caG	Q	Q	784  	.   0.08	3kbaA  197  Q
ENSP00000263463	  rs500760	caA	caG	Q	Q	784  	.   0.08	3kbaB  205  Q
ENSP00000263463	  rs500760	caA	caG	Q	Q	784  	.   0.08	3zr7A  204  Q
ENSP00000263463	  rs500760	caA	caG	Q	Q	784  	.   0.08	3zr7B  200  Q
ENSP00000263463	  rs500760	caA	caG	Q	Q	784  	.   0.08	3zraA  204  Q
ENSP00000263463	  rs500760	caA	caG	Q	Q	784  	.   0.08	3zraB  204  Q
ENSP00000263463	  rs500760	caA	caG	Q	Q	784  	.   0.08	3zrbA  204  Q
ENSP00000263463	  rs500760	caA	caG	Q	Q	784  	.   0.08	3zrbB  204  Q
ENSP00000263463	  rs500760	caA	caG	Q	Q	784  	.   0.08	4a2jA  204  Q
ENSP00000263463	  rs500760	caA	caG	Q	Q	784  	.   0.08	4a2jB  204  Q
ENSP00000263463	  rs500760	caA	caG	Q	Q	784  	.   0.08	4apuA  204  Q
ENSP00000263463	  rs500760	caA	caG	Q	Q	784  	.   0.08	4apuB  204  Q
ENSP00000263463	  rs500760	caA	caG	Q	Q	784  	.   0.08	4oarA  205  Q
ENSP00000263549	 rs3735352	ccG	ccC	P	P	637  	.   0.17	2pqfA  141  P
ENSP00000263549	 rs3735352	ccG	ccC	P	P	637  	.   0.17	2pqfB  138  P
ENSP00000263549	 rs3735352	ccG	ccC	P	P	637  	.   0.17	2pqfC  140  P
ENSP00000263549	 rs3735352	ccG	ccC	P	P	637  	.   0.17	2pqfD  138  P
ENSP00000263549	 rs3735352	ccG	ccC	P	P	637  	.   0.17	2pqfE  140  P
ENSP00000263549	 rs3735352	ccG	ccC	P	P	637  	.   0.17	2pqfF  138  P
ENSP00000263549	 rs3735352	ccG	ccA	P	P	637  	.   0.17	2pqfA  141  P
ENSP00000263549	 rs3735352	ccG	ccA	P	P	637  	.   0.17	2pqfB  138  P
ENSP00000263549	 rs3735352	ccG	ccA	P	P	637  	.   0.17	2pqfC  140  P
ENSP00000263549	 rs3735352	ccG	ccA	P	P	637  	.   0.17	2pqfD  138  P
ENSP00000263549	 rs3735352	ccG	ccA	P	P	637  	.   0.17	2pqfE  140  P
ENSP00000263549	 rs3735352	ccG	ccA	P	P	637  	.   0.17	2pqfF  138  P
ENSP00000263549	 rs2286196	ttC	ttT	F	F	523  	.   0.01	2pqfA   29  F
ENSP00000263549	 rs2286196	ttC	ttT	F	F	523  	.   0.01	2pqfB   29  F
ENSP00000263549	 rs2286196	ttC	ttT	F	F	523  	.   0.01	2pqfC   28  F
ENSP00000263549	 rs2286196	ttC	ttT	F	F	523  	.   0.01	2pqfD   28  F
ENSP00000263549	 rs2286196	ttC	ttT	F	F	523  	.   0.01	2pqfE   28  F
ENSP00000263549	 rs2286196	ttC	ttT	F	F	523  	.   0.01	2pqfF   28  F
ENSP00000263549	rs17161356	gCc	gTc	A	V	620  	.   0.01	2pqfA  124  A
ENSP00000263549	rs17161356	gCc	gTc	A	V	620  	.   0.01	2pqfB  121  A
ENSP00000263549	rs17161356	gCc	gTc	A	V	620  	.   0.01	2pqfC  123  A
ENSP00000263549	rs17161356	gCc	gTc	A	V	620  	.   0.01	2pqfD  121  A
ENSP00000263549	rs17161356	gCc	gTc	A	V	620  	.   0.01	2pqfE  123  A
ENSP00000263549	rs17161356	gCc	gTc	A	V	620  	.   0.01	2pqfF  121  A
ENSP00000263579	  rs695029	ttC	ttT	F	F	63   	.   0.01	1st0A   24  F
ENSP00000263579	  rs695029	ttC	ttT	F	F	63   	.   0.01	1st0B   26  F
ENSP00000263579	  rs695029	ttC	ttT	F	F	63   	.   0.01	1st4A   24  F
ENSP00000263579	  rs695029	ttC	ttT	F	F	63   	.   0.01	1st4B   26  F
ENSP00000263579	  rs695029	ttC	ttT	F	F	63   	.   0.01	1vlrA   25  F
ENSP00000263579	  rs695029	ttC	ttT	F	F	63   	.   0.01	1vlrB   24  F
ENSP00000263579	  rs695029	ttC	ttT	F	F	63   	.   0.01	1xmlA   24  F
ENSP00000263579	  rs695029	ttC	ttT	F	F	63   	.   0.01	1xmlB   26  F
ENSP00000263579	  rs695029	ttC	ttT	F	F	63   	.   0.01	1xmmA   24  F
ENSP00000263579	  rs695029	ttC	ttT	F	F	63   	.   0.01	1xmmB   24  F
ENSP00000263579	  rs695029	ttC	ttT	F	F	63   	.   0.01	1xmmC   25  F
ENSP00000263579	  rs695029	ttC	ttT	F	F	63   	.   0.01	1xmmD   26  F
ENSP00000263579	  rs695029	ttC	ttT	F	F	63   	.   0.01	3bl7A   22  F
ENSP00000263579	  rs695029	ttC	ttT	F	F	63   	.   0.01	3bl7B   24  F
ENSP00000263579	  rs695029	ttC	ttT	F	F	63   	.   0.01	3bl9A   22  F
ENSP00000263579	  rs695029	ttC	ttT	F	F	63   	.   0.01	3bl9B   24  F
ENSP00000263579	  rs695029	ttC	ttT	F	F	63   	.   0.01	3blaA   22  F
ENSP00000263579	  rs695029	ttC	ttT	F	F	63   	.   0.01	3blaB   24  F
ENSP00000263579	  rs695029	ttC	ttT	F	F	63   	.   0.01	4qdeA   24  F
ENSP00000263579	  rs695029	ttC	ttT	F	F	63   	.   0.01	4qdeB   24  F
ENSP00000263579	  rs695029	ttC	ttT	F	F	63   	.   0.01	4qdeC   25  F
ENSP00000263579	  rs695029	ttC	ttT	F	F	63   	.   0.01	4qdeD   26  F
ENSP00000263579	  rs695029	ttC	ttT	F	F	63   	.   0.01	4qdvA   24  F
ENSP00000263579	  rs695029	ttC	ttT	F	F	63   	.   0.01	4qdvB   24  F
ENSP00000263579	  rs695029	ttC	ttT	F	F	63   	.   0.01	4qdvC   25  F
ENSP00000263579	  rs695029	ttC	ttT	F	F	63   	.   0.01	4qdvD   26  F
ENSP00000263579	  rs695029	ttC	ttT	F	F	63   	.   0.01	4qebA   24  F
ENSP00000263579	  rs695029	ttC	ttT	F	F	63   	.   0.01	4qebB   24  F
ENSP00000263579	  rs695029	ttC	ttT	F	F	63   	.   0.01	4qebC   25  F
ENSP00000263579	  rs695029	ttC	ttT	F	F	63   	.   0.01	4qebD   26  F
ENSP00000263579	  rs695029	ttC	ttT	F	F	63   	.   0.01	5osyA   27  F
ENSP00000263579	  rs695029	ttC	ttT	F	F	63   	.   0.01	5osyB   24  F
ENSP00000263702	 rs1128400	Ttc	Ctc	F	L	96   	.   0.02	1zsyA   70  L
ENSP00000263702	 rs1128400	Ttc	Ctc	F	L	96   	.   0.02	2vcyA   55  L
ENSP00000263702	 rs1128400	Ttc	Ctc	F	L	96   	.   0.02	2vcyB   55  L
ENSP00000263710	 rs2304560	atT	atC	I	I	437  	.   0.01	4k92A  140  I
ENSP00000263710	 rs2304560	atT	atC	I	I	437  	.   0.01	4k92B  140  I
ENSP00000263801	rs11554564	Ggg	Tgg	G	W	1488 	.   0.44	1ssfA    5  G
ENSP00000263801	rs11554564	Ggg	Tgg	G	W	1488 	.   0.44	1xniA    4  G
ENSP00000263801	rs11554564	Ggg	Tgg	G	W	1488 	.   0.44	1xniB    4  G
ENSP00000263801	rs11554564	Ggg	Tgg	G	W	1488 	.   0.44	1xniC    4  G
ENSP00000263801	rs11554564	Ggg	Tgg	G	W	1488 	.   0.44	1xniD    4  G
ENSP00000263801	rs11554564	Ggg	Tgg	G	W	1488 	.   0.44	1xniE    4  G
ENSP00000263801	rs11554564	Ggg	Tgg	G	W	1488 	.   0.44	1xniF    4  G
ENSP00000263801	rs11554564	Ggg	Tgg	G	W	1488 	.   0.44	1xniG    4  G
ENSP00000263801	rs11554564	Ggg	Tgg	G	W	1488 	.   0.44	1xniH    4  G
ENSP00000263801	rs11554564	Ggg	Tgg	G	W	1488 	.   0.44	1xniI    4  G
ENSP00000263801	rs11554564	Ggg	Tgg	G	W	1488 	.   0.44	1xniJ    4  G
ENSP00000263801	rs11554564	Ggg	Tgg	G	W	1488 	.   0.44	2g3rA    4  G
ENSP00000263801	rs11554564	Ggg	Tgg	G	W	1488 	.   0.44	2ig0A    4  G
ENSP00000263801	rs11554564	Ggg	Tgg	G	W	1488 	.   0.44	2lvmA    8  G
ENSP00000263801	rs11554564	Ggg	Tgg	G	W	1488 	.   0.44	2mwoA    8  G
ENSP00000263801	rs11554564	Ggg	Tgg	G	W	1488 	.   0.44	2mwpA    8  G
ENSP00000263801	rs11554564	Ggg	Tgg	G	W	1488 	.   0.44	3lgfA    4  G
ENSP00000263801	rs11554564	Ggg	Tgg	G	W	1488 	.   0.44	3lglA    4  G
ENSP00000263801	rs11554564	Ggg	Tgg	G	W	1488 	.   0.44	3lh0A    5  G
ENSP00000263801	rs11554564	Ggg	Tgg	G	W	1488 	.   0.44	4criA    4  G
ENSP00000263801	rs11554564	Ggg	Tgg	G	W	1488 	.   0.44	4criB    4  G
ENSP00000263801	rs11554564	Ggg	Tgg	G	W	1488 	.   0.44	4rg2A    4  G
ENSP00000263801	rs11554564	Ggg	Tgg	G	W	1488 	.   0.44	4rg2B    7  G
ENSP00000263801	rs11554564	Ggg	Tgg	G	W	1488 	.   0.44	4x34A    5  G
ENSP00000263801	rs11554564	Ggg	Tgg	G	W	1488 	.   0.44	4x34B    5  G
ENSP00000263801	rs11554564	Ggg	Tgg	G	W	1488 	.   0.44	5j26B    2  G
ENSP00000263801	rs11554564	Ggg	Tgg	G	W	1488 	.   0.44	5z78C    7  G
ENSP00000263801	rs11554564	Ggg	Tgg	G	W	1488 	.   0.44	5zcjC    3  G
ENSP00000263801	rs11554564	Ggg	Tgg	G	W	1488 	.   0.44	6co1E    5  G
ENSP00000263801	rs11554564	Ggg	Tgg	G	W	1488 	.   0.44	6co1F    4  G
ENSP00000263801	rs11554564	Ggg	Tgg	G	W	1488 	.   0.44	6co2C    4  G
ENSP00000263801	rs11554564	Ggg	Tgg	G	W	1488 	.   0.44	6co2D    3  G
ENSP00000263867	    rs6886	cAt	cGt	H	R	335  	.   0.03	1j72A  324  R
ENSP00000263867	    rs6886	cAt	cGt	H	R	335  	.   0.03	1jhwA  314  R
ENSP00000263881	 rs7422651	atT	atC	I	I	63   	.   0.09	5j5tA   52  I
ENSP00000263923	rs34231037	Tgt	Cgt	C	R	482  	.   0.37	5oyjC  153  C
ENSP00000263923	rs34231037	Tgt	Cgt	C	R	482  	.   0.37	5oyjD  147  C
ENSP00000263946	 rs7514146	Ctg	Ttg	L	L	245  	.   0.07	1xm9A    2  L
ENSP00000264012	 rs8049247	atC	atA	I	I	204  	.    0.1	4nqqA   97  I
ENSP00000264012	 rs8049247	atC	atA	I	I	204  	.    0.1	4nqqB   97  I
ENSP00000264012	 rs8049247	atC	atA	I	I	204  	.    0.1	4nqqC   94  I
ENSP00000264012	 rs8049247	atC	atA	I	I	204  	.    0.1	4nqqD   97  I
ENSP00000264012	 rs8049247	atC	atA	I	I	204  	.    0.1	4oy9A   97  I
ENSP00000264012	 rs8049247	atC	atA	I	I	204  	.    0.1	4zmlA   97  I
ENSP00000264012	 rs8049247	atC	atA	I	I	204  	.    0.1	4zmnA   97  I
ENSP00000264012	 rs8049247	atC	atA	I	I	204  	.    0.1	4zmoA   97  I
ENSP00000264012	 rs8049247	atC	atA	I	I	204  	.    0.1	4zmpA   97  I
ENSP00000264012	 rs8049247	atC	atA	I	I	204  	.    0.1	4zmqA   84  I
ENSP00000264012	 rs8049247	atC	atA	I	I	204  	.    0.1	4zmqB   98  I
ENSP00000264012	 rs8049247	atC	atA	I	I	204  	.    0.1	4zmtA   98  I
ENSP00000264012	 rs8049247	atC	atA	I	I	204  	.    0.1	4zmtB   98  I
ENSP00000264012	 rs8049247	atC	atA	I	I	204  	.    0.1	4zmtC   98  I
ENSP00000264012	 rs8049247	atC	atA	I	I	204  	.    0.1	4zmtD   96  I
ENSP00000264012	 rs8049247	atC	atA	I	I	204  	.    0.1	4zmtE   98  I
ENSP00000264012	 rs8049247	atC	atA	I	I	204  	.    0.1	4zmtF   95  I
ENSP00000264012	 rs8049247	atC	atA	I	I	204  	.    0.1	4zmvA   98  I
ENSP00000264012	 rs8049247	atC	atA	I	I	204  	.    0.1	4zmvB   98  I
ENSP00000264012	 rs8049247	atC	atA	I	I	204  	.    0.1	4zmwA   97  I
ENSP00000264012	 rs8049247	atC	atA	I	I	204  	.    0.1	4zmwB   97  I
ENSP00000264012	 rs8049247	atC	atA	I	I	204  	.    0.1	4zmxA   76  I
ENSP00000264012	 rs8049247	atC	atA	I	I	204  	.    0.1	4zmxB   93  I
ENSP00000264012	 rs8049247	atC	atA	I	I	204  	.    0.1	4zmyA   98  I
ENSP00000264012	 rs8049247	atC	atA	I	I	204  	.    0.1	4zmzA   98  I
ENSP00000264012	 rs8049247	atC	atA	I	I	204  	.    0.1	5jymA   97  I
ENSP00000264012	 rs8049247	atC	atA	I	I	204  	.    0.1	5jymC   97  I
ENSP00000264012	 rs8049247	atC	atT	I	I	204  	.    0.1	4nqqA   97  I
ENSP00000264012	 rs8049247	atC	atT	I	I	204  	.    0.1	4nqqB   97  I
ENSP00000264012	 rs8049247	atC	atT	I	I	204  	.    0.1	4nqqC   94  I
ENSP00000264012	 rs8049247	atC	atT	I	I	204  	.    0.1	4nqqD   97  I
ENSP00000264012	 rs8049247	atC	atT	I	I	204  	.    0.1	4oy9A   97  I
ENSP00000264012	 rs8049247	atC	atT	I	I	204  	.    0.1	4zmlA   97  I
ENSP00000264012	 rs8049247	atC	atT	I	I	204  	.    0.1	4zmnA   97  I
ENSP00000264012	 rs8049247	atC	atT	I	I	204  	.    0.1	4zmoA   97  I
ENSP00000264012	 rs8049247	atC	atT	I	I	204  	.    0.1	4zmpA   97  I
ENSP00000264012	 rs8049247	atC	atT	I	I	204  	.    0.1	4zmqA   84  I
ENSP00000264012	 rs8049247	atC	atT	I	I	204  	.    0.1	4zmqB   98  I
ENSP00000264012	 rs8049247	atC	atT	I	I	204  	.    0.1	4zmtA   98  I
ENSP00000264012	 rs8049247	atC	atT	I	I	204  	.    0.1	4zmtB   98  I
ENSP00000264012	 rs8049247	atC	atT	I	I	204  	.    0.1	4zmtC   98  I
ENSP00000264012	 rs8049247	atC	atT	I	I	204  	.    0.1	4zmtD   96  I
ENSP00000264012	 rs8049247	atC	atT	I	I	204  	.    0.1	4zmtE   98  I
ENSP00000264012	 rs8049247	atC	atT	I	I	204  	.    0.1	4zmtF   95  I
ENSP00000264012	 rs8049247	atC	atT	I	I	204  	.    0.1	4zmvA   98  I
ENSP00000264012	 rs8049247	atC	atT	I	I	204  	.    0.1	4zmvB   98  I
ENSP00000264012	 rs8049247	atC	atT	I	I	204  	.    0.1	4zmwA   97  I
ENSP00000264012	 rs8049247	atC	atT	I	I	204  	.    0.1	4zmwB   97  I
ENSP00000264012	 rs8049247	atC	atT	I	I	204  	.    0.1	4zmxA   76  I
ENSP00000264012	 rs8049247	atC	atT	I	I	204  	.    0.1	4zmxB   93  I
ENSP00000264012	 rs8049247	atC	atT	I	I	204  	.    0.1	4zmyA   98  I
ENSP00000264012	 rs8049247	atC	atT	I	I	204  	.    0.1	4zmzA   98  I
ENSP00000264012	 rs8049247	atC	atT	I	I	204  	.    0.1	5jymA   97  I
ENSP00000264012	 rs8049247	atC	atT	I	I	204  	.    0.1	5jymC   97  I
ENSP00000264012	 rs2296409	acG	acA	T	T	240  	.   0.12	4nqqA  133  T
ENSP00000264012	 rs2296409	acG	acA	T	T	240  	.   0.12	4nqqB  133  T
ENSP00000264012	 rs2296409	acG	acA	T	T	240  	.   0.12	4nqqC  130  T
ENSP00000264012	 rs2296409	acG	acA	T	T	240  	.   0.12	4nqqD  133  T
ENSP00000264012	 rs2296409	acG	acA	T	T	240  	.   0.12	4oy9A  133  T
ENSP00000264012	 rs2296409	acG	acA	T	T	240  	.   0.12	4zmlA  133  T
ENSP00000264012	 rs2296409	acG	acA	T	T	240  	.   0.12	4zmnA  133  T
ENSP00000264012	 rs2296409	acG	acA	T	T	240  	.   0.12	4zmoA  133  T
ENSP00000264012	 rs2296409	acG	acA	T	T	240  	.   0.12	4zmpA  133  T
ENSP00000264012	 rs2296409	acG	acA	T	T	240  	.   0.12	4zmqA  120  T
ENSP00000264012	 rs2296409	acG	acA	T	T	240  	.   0.12	4zmqB  134  T
ENSP00000264012	 rs2296409	acG	acA	T	T	240  	.   0.12	4zmtA  134  T
ENSP00000264012	 rs2296409	acG	acA	T	T	240  	.   0.12	4zmtB  134  T
ENSP00000264012	 rs2296409	acG	acA	T	T	240  	.   0.12	4zmtC  134  T
ENSP00000264012	 rs2296409	acG	acA	T	T	240  	.   0.12	4zmtD  132  T
ENSP00000264012	 rs2296409	acG	acA	T	T	240  	.   0.12	4zmtE  134  T
ENSP00000264012	 rs2296409	acG	acA	T	T	240  	.   0.12	4zmtF  118  T
ENSP00000264012	 rs2296409	acG	acA	T	T	240  	.   0.12	4zmvA  134  T
ENSP00000264012	 rs2296409	acG	acA	T	T	240  	.   0.12	4zmvB  134  T
ENSP00000264012	 rs2296409	acG	acA	T	T	240  	.   0.12	4zmwA  133  T
ENSP00000264012	 rs2296409	acG	acA	T	T	240  	.   0.12	4zmwB  133  T
ENSP00000264012	 rs2296409	acG	acA	T	T	240  	.   0.12	4zmxA  112  T
ENSP00000264012	 rs2296409	acG	acA	T	T	240  	.   0.12	4zmxB  129  T
ENSP00000264012	 rs2296409	acG	acA	T	T	240  	.   0.12	4zmyA  134  T
ENSP00000264012	 rs2296409	acG	acA	T	T	240  	.   0.12	4zmzA  134  T
ENSP00000264012	 rs2296409	acG	acA	T	T	240  	.   0.12	5jymA  133  T
ENSP00000264012	 rs2296409	acG	acA	T	T	240  	.   0.12	5jymC  133  T
ENSP00000264012	rs17715450	Cgg	Agg	R	R	747  	.   0.44	1i7xB   19  R
ENSP00000264012	rs17715450	Cgg	Agg	R	R	747  	.   0.44	3ifqC   19  R
ENSP00000264012	rs17715450	Cgg	Agg	R	R	747  	.   0.44	3ifqD   19  R
ENSP00000264025	rs78809001	cGg	cAg	R	Q	199  	.   0.17	3alpA  164  R
ENSP00000264025	rs78809001	cGg	cAg	R	Q	199  	.   0.17	3alpB  167  R
ENSP00000264025	rs78809001	cGg	cAg	R	Q	199  	.   0.17	3skuD  149  R
ENSP00000264025	rs78809001	cGg	cAg	R	Q	199  	.   0.17	3skuE  149  R
ENSP00000264025	rs78809001	cGg	cAg	R	Q	199  	.   0.17	3skuF  144  R
ENSP00000264025	rs78809001	cGg	cAg	R	Q	199  	.   0.17	3u82B  164  R
ENSP00000264025	rs78809001	cGg	cAg	R	Q	199  	.   0.17	3u83A  164  R
ENSP00000264025	rs78809001	cGg	cAg	R	Q	199  	.   0.17	4fmfA  164  R
ENSP00000264025	rs78809001	cGg	cAg	R	Q	199  	.   0.17	4fmfB  164  R
ENSP00000264025	rs78809001	cGg	cAg	R	Q	199  	.   0.17	4fmfC  164  R
ENSP00000264025	rs78809001	cGg	cAg	R	Q	199  	.   0.17	4fmfD  164  R
ENSP00000264025	rs78809001	cGg	cAg	R	Q	199  	.   0.17	4mywB  167  R
ENSP00000264025	rs78809001	cGg	cAg	R	Q	199  	.   0.17	4mywD  167  R
ENSP00000264039	 rs2228327	tcC	tcT	S	S	380  	.   0.08	4acrA  263  S
ENSP00000264039	 rs2228327	tcC	tcT	S	S	380  	.   0.08	4acrB  339  S
ENSP00000264039	 rs2228327	tcC	tcT	S	S	380  	.   0.08	4acrC  309  S
ENSP00000264039	 rs2228327	tcC	tcT	S	S	380  	.   0.08	4acrD  340  S
ENSP00000264039	 rs2228327	tcC	tcT	S	S	380  	.   0.08	4ad7A  272  S
ENSP00000264039	 rs2228327	tcC	tcT	S	S	380  	.   0.08	4ad7B  339  S
ENSP00000264039	 rs2228327	tcC	tcT	S	S	380  	.   0.08	4ad7C  299  S
ENSP00000264039	 rs2228327	tcC	tcT	S	S	380  	.   0.08	4ad7D  340  S
ENSP00000264039	 rs2228327	tcC	tcT	S	S	380  	.   0.08	4bweA  313  S
ENSP00000264039	 rs2228327	tcC	tcT	S	S	380  	.   0.08	4bweB  332  S
ENSP00000264039	 rs2228327	tcC	tcT	S	S	380  	.   0.08	4bweC  312  S
ENSP00000264039	 rs2228327	tcC	tcT	S	S	380  	.   0.08	4bweD  331  S
ENSP00000264039	 rs2228327	tcC	tcT	S	S	380  	.   0.08	4ywtA  324  S
ENSP00000264039	 rs2228327	tcC	tcT	S	S	380  	.   0.08	4ywtB  341  S
ENSP00000264039	 rs2228327	tcC	tcT	S	S	380  	.   0.08	4ywtC  313  S
ENSP00000264039	 rs2228327	tcC	tcT	S	S	380  	.   0.08	4ywtD  341  S
ENSP00000264169	 rs2307394	aAt	aGt	N	S	78   	.   0.01	5uj7B   62  N
ENSP00000264169	 rs2307394	aAt	aGt	N	S	78   	.   0.01	5uj7E   62  N
ENSP00000264169	 rs2307394	aAt	aGt	N	S	78   	.   0.01	5ujmD   62  N
ENSP00000264169	 rs2307394	aAt	aCt	N	T	78   	.   0.01	5uj7B   62  N
ENSP00000264169	 rs2307394	aAt	aCt	N	T	78   	.   0.01	5uj7E   62  N
ENSP00000264169	 rs2307394	aAt	aCt	N	T	78   	.   0.01	5ujmD   62  N
ENSP00000264187	 rs3738525	Ttg	Ctg	L	L	1063 	.   0.01	1npeA  121  L
ENSP00000264233	  rs487848	gCg	gTg	A	V	581  	.   0.21	5a9fA  481  A
ENSP00000264233	  rs487848	gCg	gTg	A	V	581  	.   0.21	5a9jA  519  A
ENSP00000264233	  rs487848	gCg	gTg	A	V	581  	.   0.21	5a9jB  516  A
ENSP00000264233	  rs487848	gCg	gTg	A	V	581  	.   0.21	5a9jC  496  A
ENSP00000264233	  rs487848	gCg	gTg	A	V	581  	.   0.21	5a9jD  491  A
ENSP00000264233	  rs487848	gCg	gTg	A	V	581  	.   0.21	5agaA  486  A
ENSP00000264233	  rs487848	gCg	gGg	A	G	581  	.   0.21	5a9fA  481  A
ENSP00000264233	  rs487848	gCg	gGg	A	G	581  	.   0.21	5a9jA  519  A
ENSP00000264233	  rs487848	gCg	gGg	A	G	581  	.   0.21	5a9jB  516  A
ENSP00000264233	  rs487848	gCg	gGg	A	G	581  	.   0.21	5a9jC  496  A
ENSP00000264233	  rs487848	gCg	gGg	A	G	581  	.   0.21	5a9jD  491  A
ENSP00000264233	  rs487848	gCg	gGg	A	G	581  	.   0.21	5agaA  486  A
ENSP00000264233	  rs487848	gCg	gAg	A	E	581  	.   0.21	5a9fA  481  A
ENSP00000264233	  rs487848	gCg	gAg	A	E	581  	.   0.21	5a9jA  519  A
ENSP00000264233	  rs487848	gCg	gAg	A	E	581  	.   0.21	5a9jB  516  A
ENSP00000264233	  rs487848	gCg	gAg	A	E	581  	.   0.21	5a9jC  496  A
ENSP00000264233	  rs487848	gCg	gAg	A	E	581  	.   0.21	5a9jD  491  A
ENSP00000264233	  rs487848	gCg	gAg	A	E	581  	.   0.21	5agaA  486  A
ENSP00000264233	rs41540016	Gct	Act	A	T	2464 	.   0.22	4x0pA  513  A
ENSP00000264233	rs41540016	Gct	Act	A	T	2464 	.   0.22	4x0pB  513  A
ENSP00000264233	rs41540016	Gct	Act	A	T	2464 	.   0.22	4x0pC  513  A
ENSP00000264233	rs41540016	Gct	Act	A	T	2464 	.   0.22	4x0pD  513  A
ENSP00000264233	rs41540016	Gct	Act	A	T	2464 	.   0.22	4x0qA  513  A
ENSP00000264233	rs41540016	Gct	Act	A	T	2464 	.   0.22	4x0qB  513  A
ENSP00000264376	 rs2305430	agA	agC	R	S	95   	.   0.01	1a45A   94  R
ENSP00000264376	 rs2305430	agA	agC	R	S	95   	.   0.01	1elpA   94  R
ENSP00000264376	 rs2305430	agA	agC	R	S	95   	.   0.01	1elpB   94  R
ENSP00000264376	 rs2305430	agA	agC	R	S	95   	.   0.01	1h4aA   94  R
ENSP00000264376	 rs2305430	agA	agC	R	S	95   	.   0.01	1hk0A   94  R
ENSP00000264376	 rs2305430	agA	agC	R	S	95   	.   0.01	1zieA   94  R
ENSP00000264376	 rs2305430	agA	agC	R	S	95   	.   0.01	2g98A   94  R
ENSP00000264376	 rs2305430	agA	agC	R	S	95   	.   0.01	2g98B   94  R
ENSP00000264376	 rs2305430	agA	agC	R	S	95   	.   0.01	2kfbA   95  R
ENSP00000264376	 rs2305430	agA	agC	R	S	95   	.   0.01	2kljA   95  R
ENSP00000264376	 rs2305430	agA	agC	R	S	95   	.   0.01	4gr7A   94  R
ENSP00000264376	 rs2305430	agA	agC	R	S	95   	.   0.01	4gr7B   94  R
ENSP00000264376	 rs2305430	agA	agC	R	S	95   	.   0.01	4jgfA   94  R
ENSP00000264376	 rs2305430	agA	agC	R	S	95   	.   0.01	4jgfB   94  R
ENSP00000264376	 rs2305430	agA	agG	R	R	95   	.   0.01	1a45A   94  R
ENSP00000264376	 rs2305430	agA	agG	R	R	95   	.   0.01	1elpA   94  R
ENSP00000264376	 rs2305430	agA	agG	R	R	95   	.   0.01	1elpB   94  R
ENSP00000264376	 rs2305430	agA	agG	R	R	95   	.   0.01	1h4aA   94  R
ENSP00000264376	 rs2305430	agA	agG	R	R	95   	.   0.01	1hk0A   94  R
ENSP00000264376	 rs2305430	agA	agG	R	R	95   	.   0.01	1zieA   94  R
ENSP00000264376	 rs2305430	agA	agG	R	R	95   	.   0.01	2g98A   94  R
ENSP00000264376	 rs2305430	agA	agG	R	R	95   	.   0.01	2g98B   94  R
ENSP00000264376	 rs2305430	agA	agG	R	R	95   	.   0.01	2kfbA   95  R
ENSP00000264376	 rs2305430	agA	agG	R	R	95   	.   0.01	2kljA   95  R
ENSP00000264376	 rs2305430	agA	agG	R	R	95   	.   0.01	4gr7A   94  R
ENSP00000264376	 rs2305430	agA	agG	R	R	95   	.   0.01	4gr7B   94  R
ENSP00000264376	 rs2305430	agA	agG	R	R	95   	.   0.01	4jgfA   94  R
ENSP00000264376	 rs2305430	agA	agG	R	R	95   	.   0.01	4jgfB   94  R
ENSP00000264381	rs56309853	aCg	aTg	T	M	52   	.   0.03	1p0iA   21  T
ENSP00000264381	rs56309853	aCg	aTg	T	M	52   	.   0.03	1p0mA   21  T
ENSP00000264381	rs56309853	aCg	aTg	T	M	52   	.   0.03	1p0pA   21  T
ENSP00000264381	rs56309853	aCg	aTg	T	M	52   	.   0.03	1p0qA   21  T
ENSP00000264381	rs56309853	aCg	aTg	T	M	52   	.   0.03	1xluA   21  T
ENSP00000264381	rs56309853	aCg	aTg	T	M	52   	.   0.03	1xlvA   21  T
ENSP00000264381	rs56309853	aCg	aTg	T	M	52   	.   0.03	1xlwA   21  T
ENSP00000264381	rs56309853	aCg	aTg	T	M	52   	.   0.03	2j4cA   21  T
ENSP00000264381	rs56309853	aCg	aTg	T	M	52   	.   0.03	2pm8A   21  T
ENSP00000264381	rs56309853	aCg	aTg	T	M	52   	.   0.03	2pm8B   21  T
ENSP00000264381	rs56309853	aCg	aTg	T	M	52   	.   0.03	2widA   22  T
ENSP00000264381	rs56309853	aCg	aTg	T	M	52   	.   0.03	2wifA   22  T
ENSP00000264381	rs56309853	aCg	aTg	T	M	52   	.   0.03	2wigA   22  T
ENSP00000264381	rs56309853	aCg	aTg	T	M	52   	.   0.03	2wijA   22  T
ENSP00000264381	rs56309853	aCg	aTg	T	M	52   	.   0.03	2wikA   22  T
ENSP00000264381	rs56309853	aCg	aTg	T	M	52   	.   0.03	2wilA   23  T
ENSP00000264381	rs56309853	aCg	aTg	T	M	52   	.   0.03	2wilB   21  T
ENSP00000264381	rs56309853	aCg	aTg	T	M	52   	.   0.03	2wslA   22  T
ENSP00000264381	rs56309853	aCg	aTg	T	M	52   	.   0.03	2xmbA   22  T
ENSP00000264381	rs56309853	aCg	aTg	T	M	52   	.   0.03	2xmcA   22  T
ENSP00000264381	rs56309853	aCg	aTg	T	M	52   	.   0.03	2xmdA   22  T
ENSP00000264381	rs56309853	aCg	aTg	T	M	52   	.   0.03	2xmgA   22  T
ENSP00000264381	rs56309853	aCg	aTg	T	M	52   	.   0.03	2xqfA   22  T
ENSP00000264381	rs56309853	aCg	aTg	T	M	52   	.   0.03	2xqgA   22  T
ENSP00000264381	rs56309853	aCg	aTg	T	M	52   	.   0.03	2xqiA   22  T
ENSP00000264381	rs56309853	aCg	aTg	T	M	52   	.   0.03	2xqjA   22  T
ENSP00000264381	rs56309853	aCg	aTg	T	M	52   	.   0.03	2xqkA   22  T
ENSP00000264381	rs56309853	aCg	aTg	T	M	52   	.   0.03	2y1kA   22  T
ENSP00000264381	rs56309853	aCg	aTg	T	M	52   	.   0.03	3djyA   22  T
ENSP00000264381	rs56309853	aCg	aTg	T	M	52   	.   0.03	3dkkA   22  T
ENSP00000264381	rs56309853	aCg	aTg	T	M	52   	.   0.03	3o9mA   21  T
ENSP00000264381	rs56309853	aCg	aTg	T	M	52   	.   0.03	3o9mB   21  T
ENSP00000264381	rs56309853	aCg	aTg	T	M	52   	.   0.03	4aqdA   22  T
ENSP00000264381	rs56309853	aCg	aTg	T	M	52   	.   0.03	4aqdB   21  T
ENSP00000264381	rs56309853	aCg	aTg	T	M	52   	.   0.03	4axbA   22  T
ENSP00000264381	rs56309853	aCg	aTg	T	M	52   	.   0.03	4b0oA   22  T
ENSP00000264381	rs56309853	aCg	aTg	T	M	52   	.   0.03	4b0pA   22  T
ENSP00000264381	rs56309853	aCg	aTg	T	M	52   	.   0.03	4bbzA   22  T
ENSP00000264381	rs56309853	aCg	aTg	T	M	52   	.   0.03	4bdsA   21  T
ENSP00000264381	rs56309853	aCg	aTg	T	M	52   	.   0.03	4tpkA   22  T
ENSP00000264381	rs56309853	aCg	aTg	T	M	52   	.   0.03	4tpkB   21  T
ENSP00000264381	rs56309853	aCg	aTg	T	M	52   	.   0.03	4xiiA   22  T
ENSP00000264381	rs56309853	aCg	aTg	T	M	52   	.   0.03	4xiiB   21  T
ENSP00000264381	rs56309853	aCg	aTg	T	M	52   	.   0.03	5dytA   22  T
ENSP00000264381	rs56309853	aCg	aTg	T	M	52   	.   0.03	5dytB   21  T
ENSP00000264381	rs56309853	aCg	aTg	T	M	52   	.   0.03	5dywA   22  T
ENSP00000264381	rs56309853	aCg	aTg	T	M	52   	.   0.03	5dywB   21  T
ENSP00000264381	rs56309853	aCg	aTg	T	M	52   	.   0.03	5dyyA   22  T
ENSP00000264381	rs56309853	aCg	aTg	T	M	52   	.   0.03	5dyyB   21  T
ENSP00000264381	rs56309853	aCg	aAg	T	K	52   	.   0.03	1p0iA   21  T
ENSP00000264381	rs56309853	aCg	aAg	T	K	52   	.   0.03	1p0mA   21  T
ENSP00000264381	rs56309853	aCg	aAg	T	K	52   	.   0.03	1p0pA   21  T
ENSP00000264381	rs56309853	aCg	aAg	T	K	52   	.   0.03	1p0qA   21  T
ENSP00000264381	rs56309853	aCg	aAg	T	K	52   	.   0.03	1xluA   21  T
ENSP00000264381	rs56309853	aCg	aAg	T	K	52   	.   0.03	1xlvA   21  T
ENSP00000264381	rs56309853	aCg	aAg	T	K	52   	.   0.03	1xlwA   21  T
ENSP00000264381	rs56309853	aCg	aAg	T	K	52   	.   0.03	2j4cA   21  T
ENSP00000264381	rs56309853	aCg	aAg	T	K	52   	.   0.03	2pm8A   21  T
ENSP00000264381	rs56309853	aCg	aAg	T	K	52   	.   0.03	2pm8B   21  T
ENSP00000264381	rs56309853	aCg	aAg	T	K	52   	.   0.03	2widA   22  T
ENSP00000264381	rs56309853	aCg	aAg	T	K	52   	.   0.03	2wifA   22  T
ENSP00000264381	rs56309853	aCg	aAg	T	K	52   	.   0.03	2wigA   22  T
ENSP00000264381	rs56309853	aCg	aAg	T	K	52   	.   0.03	2wijA   22  T
ENSP00000264381	rs56309853	aCg	aAg	T	K	52   	.   0.03	2wikA   22  T
ENSP00000264381	rs56309853	aCg	aAg	T	K	52   	.   0.03	2wilA   23  T
ENSP00000264381	rs56309853	aCg	aAg	T	K	52   	.   0.03	2wilB   21  T
ENSP00000264381	rs56309853	aCg	aAg	T	K	52   	.   0.03	2wslA   22  T
ENSP00000264381	rs56309853	aCg	aAg	T	K	52   	.   0.03	2xmbA   22  T
ENSP00000264381	rs56309853	aCg	aAg	T	K	52   	.   0.03	2xmcA   22  T
ENSP00000264381	rs56309853	aCg	aAg	T	K	52   	.   0.03	2xmdA   22  T
ENSP00000264381	rs56309853	aCg	aAg	T	K	52   	.   0.03	2xmgA   22  T
ENSP00000264381	rs56309853	aCg	aAg	T	K	52   	.   0.03	2xqfA   22  T
ENSP00000264381	rs56309853	aCg	aAg	T	K	52   	.   0.03	2xqgA   22  T
ENSP00000264381	rs56309853	aCg	aAg	T	K	52   	.   0.03	2xqiA   22  T
ENSP00000264381	rs56309853	aCg	aAg	T	K	52   	.   0.03	2xqjA   22  T
ENSP00000264381	rs56309853	aCg	aAg	T	K	52   	.   0.03	2xqkA   22  T
ENSP00000264381	rs56309853	aCg	aAg	T	K	52   	.   0.03	2y1kA   22  T
ENSP00000264381	rs56309853	aCg	aAg	T	K	52   	.   0.03	3djyA   22  T
ENSP00000264381	rs56309853	aCg	aAg	T	K	52   	.   0.03	3dkkA   22  T
ENSP00000264381	rs56309853	aCg	aAg	T	K	52   	.   0.03	3o9mA   21  T
ENSP00000264381	rs56309853	aCg	aAg	T	K	52   	.   0.03	3o9mB   21  T
ENSP00000264381	rs56309853	aCg	aAg	T	K	52   	.   0.03	4aqdA   22  T
ENSP00000264381	rs56309853	aCg	aAg	T	K	52   	.   0.03	4aqdB   21  T
ENSP00000264381	rs56309853	aCg	aAg	T	K	52   	.   0.03	4axbA   22  T
ENSP00000264381	rs56309853	aCg	aAg	T	K	52   	.   0.03	4b0oA   22  T
ENSP00000264381	rs56309853	aCg	aAg	T	K	52   	.   0.03	4b0pA   22  T
ENSP00000264381	rs56309853	aCg	aAg	T	K	52   	.   0.03	4bbzA   22  T
ENSP00000264381	rs56309853	aCg	aAg	T	K	52   	.   0.03	4bdsA   21  T
ENSP00000264381	rs56309853	aCg	aAg	T	K	52   	.   0.03	4tpkA   22  T
ENSP00000264381	rs56309853	aCg	aAg	T	K	52   	.   0.03	4tpkB   21  T
ENSP00000264381	rs56309853	aCg	aAg	T	K	52   	.   0.03	4xiiA   22  T
ENSP00000264381	rs56309853	aCg	aAg	T	K	52   	.   0.03	4xiiB   21  T
ENSP00000264381	rs56309853	aCg	aAg	T	K	52   	.   0.03	5dytA   22  T
ENSP00000264381	rs56309853	aCg	aAg	T	K	52   	.   0.03	5dytB   21  T
ENSP00000264381	rs56309853	aCg	aAg	T	K	52   	.   0.03	5dywA   22  T
ENSP00000264381	rs56309853	aCg	aAg	T	K	52   	.   0.03	5dywB   21  T
ENSP00000264381	rs56309853	aCg	aAg	T	K	52   	.   0.03	5dyyA   22  T
ENSP00000264381	rs56309853	aCg	aAg	T	K	52   	.   0.03	5dyyB   21  T
ENSP00000264474	   rs17589	taC	taT	Y	Y	35   	.   0.05	1cyuA   35  Y
ENSP00000264474	   rs17589	taC	taT	Y	Y	35   	.   0.05	1cyvA   35  Y
ENSP00000264474	   rs17589	taC	taT	Y	Y	35   	.   0.05	1dvcA   35  Y
ENSP00000264474	   rs17589	taC	taT	Y	Y	35   	.   0.05	1dvdA   35  Y
ENSP00000264474	   rs17589	taC	taT	Y	Y	35   	.   0.05	1gd3A   35  Y
ENSP00000264474	   rs17589	taC	taT	Y	Y	35   	.   0.05	1gd4A   35  Y
ENSP00000264474	   rs17589	taC	taT	Y	Y	35   	.   0.05	1n9jA   35  Y
ENSP00000264474	   rs17589	taC	taT	Y	Y	35   	.   0.05	1n9jB   35  Y
ENSP00000264474	   rs17589	taC	taT	Y	Y	35   	.   0.05	1nb3C   35  Y
ENSP00000264474	   rs17589	taC	taT	Y	Y	35   	.   0.05	1nb3F   35  Y
ENSP00000264474	   rs17589	taC	taT	Y	Y	35   	.   0.05	1nb3I   35  Y
ENSP00000264474	   rs17589	taC	taT	Y	Y	35   	.   0.05	1nb3L   35  Y
ENSP00000264474	   rs17589	taC	taT	Y	Y	35   	.   0.05	1nb5C   35  Y
ENSP00000264474	   rs17589	taC	taT	Y	Y	35   	.   0.05	1nb5F   35  Y
ENSP00000264474	   rs17589	taC	taT	Y	Y	35   	.   0.05	1nb5I   35  Y
ENSP00000264474	   rs17589	taC	taT	Y	Y	35   	.   0.05	1nb5L   35  Y
ENSP00000264474	   rs17589	taC	taT	Y	Y	35   	.   0.05	3k9mB   35  Y
ENSP00000264474	   rs17589	taC	taT	Y	Y	35   	.   0.05	3k9mD   35  Y
ENSP00000264474	   rs17589	taC	taT	Y	Y	35   	.   0.05	3kfqC   35  Y
ENSP00000264474	   rs17589	taC	taT	Y	Y	35   	.   0.05	3kfqD   35  Y
ENSP00000264474	   rs17589	taC	taT	Y	Y	35   	.   0.05	3kseD   35  Y
ENSP00000264474	   rs17589	taC	taT	Y	Y	35   	.   0.05	3kseE   35  Y
ENSP00000264474	   rs17589	taC	taT	Y	Y	35   	.   0.05	3kseF   35  Y
ENSP00000264485	 rs1453458	caC	caT	H	H	997  	.   0.03	6caaA  465  H
ENSP00000264485	 rs1453458	caC	caT	H	H	997  	.   0.03	6caaB  465  H
ENSP00000264497	 rs4833837	tgC	tgT	C	C	78   	.   0.01	2oqpA   50  C
ENSP00000264497	 rs4833837	tgC	tgT	C	C	78   	.   0.01	3tgxB   48  C
ENSP00000264497	 rs4833837	tgC	tgT	C	C	78   	.   0.01	3tgxD   48  C
ENSP00000264497	 rs4833837	tgC	tgT	C	C	78   	.   0.01	3tgxF   48  C
ENSP00000264497	 rs4833837	tgC	tgT	C	C	78   	.   0.01	3tgxH   46  C
ENSP00000264497	 rs4833837	tgC	tgT	C	C	78   	.   0.01	3tgxJ   48  C
ENSP00000264497	 rs4833837	tgC	tgT	C	C	78   	.   0.01	3tgxL   46  C
ENSP00000264497	 rs4833837	tgC	tgT	C	C	78   	.   0.01	3tgxN   46  C
ENSP00000264497	 rs4833837	tgC	tgT	C	C	78   	.   0.01	3tgxP   46  C
ENSP00000264568	rs34970181	cGa	cAa	R	Q	371  	.   0.15	3mdyA  189  R
ENSP00000264568	rs34970181	cGa	cAa	R	Q	371  	.   0.15	3mdyB  191  R
ENSP00000264568	rs34970181	cGa	cCa	R	P	371  	.   0.15	3mdyA  189  R
ENSP00000264568	rs34970181	cGa	cCa	R	P	371  	.   0.15	3mdyB  191  R
ENSP00000264568	rs34970181	cGa	cTa	R	L	371  	.   0.15	3mdyA  189  R
ENSP00000264568	rs34970181	cGa	cTa	R	L	371  	.   0.15	3mdyB  191  R
ENSP00000264572	rs61758810	Gtg	Atg	V	M	106  	.   0.01	5xgcA   27  V
ENSP00000264572	rs61758810	Gtg	Atg	V	M	106  	.   0.01	5zhxA   19  V
ENSP00000264572	rs61758810	Gtg	Atg	V	M	106  	.   0.01	5zhxB   19  V
ENSP00000264572	rs61758810	Gtg	Atg	V	M	106  	.   0.01	5zhxC   19  V
ENSP00000264572	rs61758810	Gtg	Atg	V	M	106  	.   0.01	5zhxD   19  V
ENSP00000264668	 rs2303080	Tct	Act	S	T	284  	*   0.62	2qtlA   41  S
ENSP00000264668	 rs2303080	Tct	Act	S	T	284  	*   0.62	2qtzA   41  S
ENSP00000264690	  rs925453	aaT	aaG	N	K	587  	.   0.04	2anwA  197  N
ENSP00000264690	  rs925453	aaT	aaG	N	K	587  	.   0.04	2anyA  197  N
ENSP00000264690	  rs925453	aaT	aaG	N	K	587  	.   0.04	4ogxA  197  N
ENSP00000264690	  rs925453	aaT	aaG	N	K	587  	.   0.04	4ogyA  197  N
ENSP00000264690	  rs925453	aaT	aaG	N	K	587  	.   0.04	4ogyB  197  N
ENSP00000264690	  rs925453	aaT	aaG	N	K	587  	.   0.04	5f8tA  197  N
ENSP00000264690	  rs925453	aaT	aaG	N	K	587  	.   0.04	5f8xA  197  N
ENSP00000264690	  rs925453	aaT	aaG	N	K	587  	.   0.04	5f8zA  197  N
ENSP00000264690	  rs925453	aaT	aaG	N	K	587  	.   0.04	5gvtA  197  S
ENSP00000264690	  rs925453	aaT	aaG	N	K	587  	.   0.04	5gvtB  186  S
ENSP00000264690	  rs925453	aaT	aaG	N	K	587  	.   0.04	5tjxA  192  N
ENSP00000264690	  rs925453	aaT	aaG	N	K	587  	.   0.04	5tz9A  190  N
ENSP00000264690	  rs925453	aaT	aaC	N	N	587  	.   0.04	2anwA  197  N
ENSP00000264690	  rs925453	aaT	aaC	N	N	587  	.   0.04	2anyA  197  N
ENSP00000264690	  rs925453	aaT	aaC	N	N	587  	.   0.04	4ogxA  197  N
ENSP00000264690	  rs925453	aaT	aaC	N	N	587  	.   0.04	4ogyA  197  N
ENSP00000264690	  rs925453	aaT	aaC	N	N	587  	.   0.04	4ogyB  197  N
ENSP00000264690	  rs925453	aaT	aaC	N	N	587  	.   0.04	5f8tA  197  N
ENSP00000264690	  rs925453	aaT	aaC	N	N	587  	.   0.04	5f8xA  197  N
ENSP00000264690	  rs925453	aaT	aaC	N	N	587  	.   0.04	5f8zA  197  N
ENSP00000264690	  rs925453	aaT	aaC	N	N	587  	.   0.04	5gvtA  197  S
ENSP00000264690	  rs925453	aaT	aaC	N	N	587  	.   0.04	5gvtB  186  S
ENSP00000264690	  rs925453	aaT	aaC	N	N	587  	.   0.04	5tjxA  192  N
ENSP00000264690	  rs925453	aaT	aaC	N	N	587  	.   0.04	5tz9A  190  N
ENSP00000264690	 rs4253325	cGg	cAg	R	Q	560  	.   0.01	2anwA  170  R
ENSP00000264690	 rs4253325	cGg	cAg	R	Q	560  	.   0.01	2anyA  170  R
ENSP00000264690	 rs4253325	cGg	cAg	R	Q	560  	.   0.01	4ogxA  170  R
ENSP00000264690	 rs4253325	cGg	cAg	R	Q	560  	.   0.01	4ogyA  170  R
ENSP00000264690	 rs4253325	cGg	cAg	R	Q	560  	.   0.01	4ogyB  170  R
ENSP00000264690	 rs4253325	cGg	cAg	R	Q	560  	.   0.01	5f8tA  170  R
ENSP00000264690	 rs4253325	cGg	cAg	R	Q	560  	.   0.01	5f8xA  170  R
ENSP00000264690	 rs4253325	cGg	cAg	R	Q	560  	.   0.01	5f8zA  170  R
ENSP00000264690	 rs4253325	cGg	cAg	R	Q	560  	.   0.01	5gvtA  170  Q
ENSP00000264690	 rs4253325	cGg	cAg	R	Q	560  	.   0.01	5gvtB  159  Q
ENSP00000264690	 rs4253325	cGg	cAg	R	Q	560  	.   0.01	5tjxA  165  R
ENSP00000264690	 rs4253325	cGg	cAg	R	Q	560  	.   0.01	5tz9A  163  R
ENSP00000264692	    rs5974	acA	acG	T	T	213  	*   0.59	2f83A  248  T
ENSP00000264692	    rs5974	acA	acG	T	T	213  	*   0.59	5eodA  248  T
ENSP00000264692	    rs5974	acA	acG	T	T	213  	*   0.59	5eokA  248  T
ENSP00000264692	    rs5974	acA	acG	T	T	213  	*   0.59	5i25A  249  T
ENSP00000264717	 rs8179249	cGa	cAa	R	Q	540  	.   0.01	4bb9A  530  R
ENSP00000264717	 rs8179249	cGa	cAa	R	Q	540  	.   0.01	4bbaA  530  R
ENSP00000264717	 rs8179249	cGa	cAa	R	Q	540  	.   0.01	4lc9A  502  Q
ENSP00000264717	 rs8179249	cGa	cAa	R	Q	540  	.   0.01	4ly9A  519  R
ENSP00000264717	 rs8179249	cGa	cAa	R	Q	540  	.   0.01	4ly9B  524  R
ENSP00000264717	 rs8179249	cGa	cAa	R	Q	540  	.   0.01	4mquA  519  R
ENSP00000264717	 rs8179249	cGa	cAa	R	Q	540  	.   0.01	4mquB  524  R
ENSP00000264717	 rs8179249	cGa	cAa	R	Q	540  	.   0.01	4mroA  519  R
ENSP00000264717	 rs8179249	cGa	cAa	R	Q	540  	.   0.01	4mroB  524  R
ENSP00000264717	 rs8179249	cGa	cAa	R	Q	540  	.   0.01	4msuA  519  R
ENSP00000264717	 rs8179249	cGa	cAa	R	Q	540  	.   0.01	4msuB  524  R
ENSP00000264717	 rs8179249	cGa	cAa	R	Q	540  	.   0.01	4ohkA  519  R
ENSP00000264717	 rs8179249	cGa	cAa	R	Q	540  	.   0.01	4ohkB  524  R
ENSP00000264717	 rs8179249	cGa	cAa	R	Q	540  	.   0.01	4ohmA  519  R
ENSP00000264717	 rs8179249	cGa	cAa	R	Q	540  	.   0.01	4ohmB  524  R
ENSP00000264717	 rs8179249	cGa	cAa	R	Q	540  	.   0.01	4ohoA  519  R
ENSP00000264717	 rs8179249	cGa	cAa	R	Q	540  	.   0.01	4ohoB  524  R
ENSP00000264717	 rs8179249	cGa	cAa	R	Q	540  	.   0.01	4ohpA  519  R
ENSP00000264717	 rs8179249	cGa	cAa	R	Q	540  	.   0.01	4ohpB  524  R
ENSP00000264717	 rs8179249	cGa	cAa	R	Q	540  	.   0.01	4olhA  519  R
ENSP00000264717	 rs8179249	cGa	cAa	R	Q	540  	.   0.01	4olhB  524  R
ENSP00000264717	 rs8179249	cGa	cAa	R	Q	540  	.   0.01	4op1A  519  R
ENSP00000264717	 rs8179249	cGa	cAa	R	Q	540  	.   0.01	4op1B  524  R
ENSP00000264717	 rs8179249	cGa	cAa	R	Q	540  	.   0.01	4op2A  519  R
ENSP00000264717	 rs8179249	cGa	cAa	R	Q	540  	.   0.01	4op2B  524  R
ENSP00000264717	 rs8179249	cGa	cAa	R	Q	540  	.   0.01	4op3A  519  R
ENSP00000264717	 rs8179249	cGa	cAa	R	Q	540  	.   0.01	4op3B  524  R
ENSP00000264717	 rs8179249	cGa	cAa	R	Q	540  	.   0.01	4px2A  519  R
ENSP00000264717	 rs8179249	cGa	cAa	R	Q	540  	.   0.01	4px2B  524  R
ENSP00000264717	 rs8179249	cGa	cAa	R	Q	540  	.   0.01	4px3A  519  R
ENSP00000264717	 rs8179249	cGa	cAa	R	Q	540  	.   0.01	4px3B  524  R
ENSP00000264717	 rs8179249	cGa	cAa	R	Q	540  	.   0.01	4px5A  519  R
ENSP00000264717	 rs8179249	cGa	cAa	R	Q	540  	.   0.01	4px5B  524  R
ENSP00000264717	 rs8179249	cGa	cAa	R	Q	540  	.   0.01	4pxsA  519  R
ENSP00000264717	 rs8179249	cGa	cAa	R	Q	540  	.   0.01	4pxsB  524  R
ENSP00000264764	 rs1024323	gCc	gGc	A	G	110  	.   0.16	4yhjA  118  A
ENSP00000264764	 rs1024323	gCc	gGc	A	G	110  	.   0.16	4yhjB  118  A
ENSP00000264764	 rs1024323	gCc	gTc	A	V	110  	.   0.16	4yhjA  118  A
ENSP00000264764	 rs1024323	gCc	gTc	A	V	110  	.   0.16	4yhjB  118  A
ENSP00000264764	 rs1801058	gTg	gCg	V	A	454  	.   0.16	4yhjA  462  V
ENSP00000264818	rs34536443	Ccc	Gcc	P	A	1104 	.   0.29	3lxnA  213  P
ENSP00000264818	rs34536443	Ccc	Gcc	P	A	1104 	.   0.29	3lxpA  211  P
ENSP00000264818	rs34536443	Ccc	Gcc	P	A	1104 	.   0.29	3nyxA  213  P
ENSP00000264818	rs34536443	Ccc	Gcc	P	A	1104 	.   0.29	3nz0A  217  P
ENSP00000264818	rs34536443	Ccc	Gcc	P	A	1104 	.   0.29	4e1zA  215  P
ENSP00000264818	rs34536443	Ccc	Gcc	P	A	1104 	.   0.29	4e20A  213  P
ENSP00000264818	rs34536443	Ccc	Gcc	P	A	1104 	.   0.29	4gfoA  198  P
ENSP00000264818	rs34536443	Ccc	Gcc	P	A	1104 	.   0.29	4gihA  215  P
ENSP00000264818	rs34536443	Ccc	Gcc	P	A	1104 	.   0.29	4giiA  215  P
ENSP00000264818	rs34536443	Ccc	Gcc	P	A	1104 	.   0.29	4gj2A  215  P
ENSP00000264818	rs34536443	Ccc	Gcc	P	A	1104 	.   0.29	4gj3A  215  P
ENSP00000264818	rs34536443	Ccc	Gcc	P	A	1104 	.   0.29	4gvjA  216  P
ENSP00000264818	rs34536443	Ccc	Gcc	P	A	1104 	.   0.29	4oliA  471  P
ENSP00000264818	rs34536443	Ccc	Gcc	P	A	1104 	.   0.29	4py1A  215  P
ENSP00000264818	rs34536443	Ccc	Gcc	P	A	1104 	.   0.29	5f1zA  208  P
ENSP00000264818	rs34536443	Ccc	Gcc	P	A	1104 	.   0.29	5f20A  204  P
ENSP00000264818	rs34536443	Ccc	Gcc	P	A	1104 	.   0.29	5walA  213  P
ENSP00000264818	rs34536443	Ccc	Gcc	P	A	1104 	.   0.29	6aamA  195  P
ENSP00000264818	rs34536443	Ccc	Gcc	P	A	1104 	.   0.29	6dbkA  215  P
ENSP00000264818	rs34536443	Ccc	Gcc	P	A	1104 	.   0.29	6dbmA  199  P
ENSP00000264818	rs55882956	Cgg	Tgg	R	W	703  	.   0.11	3zonA  102  R
ENSP00000264818	rs55882956	Cgg	Tgg	R	W	703  	.   0.11	4oliA  100  R
ENSP00000264818	rs55882956	Cgg	Tgg	R	W	703  	.   0.11	4wovA   98  R
ENSP00000264818	rs55882956	Cgg	Tgg	R	W	703  	.   0.11	4wovB   98  R
ENSP00000264818	rs55882956	Cgg	Tgg	R	W	703  	.   0.11	5c01A   98  R
ENSP00000264818	rs55882956	Cgg	Tgg	R	W	703  	.   0.11	5c01B   99  R
ENSP00000264818	rs55882956	Cgg	Tgg	R	W	703  	.   0.11	5c03A   99  R
ENSP00000264818	rs55882956	Cgg	Tgg	R	W	703  	.   0.11	5c03B   98  R
ENSP00000264818	rs55882956	Cgg	Tgg	R	W	703  	.   0.11	5tkdA   96  R
ENSP00000264818	rs55882956	Cgg	Tgg	R	W	703  	.   0.11	5tkdB   97  R
ENSP00000264818	rs55762744	Gct	Act	A	T	53   	.   0.03	4po6A   28  A
ENSP00000264870	    rs5987	Gtt	Att	V	I	651  	.   0.01	1evuA  630  V
ENSP00000264870	    rs5987	Gtt	Att	V	I	651  	.   0.01	1evuB  631  V
ENSP00000264870	    rs5987	Gtt	Att	V	I	651  	.   0.01	1ex0A  628  V
ENSP00000264870	    rs5987	Gtt	Att	V	I	651  	.   0.01	1ex0B  636  V
ENSP00000264870	    rs5987	Gtt	Att	V	I	651  	.   0.01	1f13A  644  V
ENSP00000264870	    rs5987	Gtt	Att	V	I	651  	.   0.01	1f13B  641  V
ENSP00000264870	    rs5987	Gtt	Att	V	I	651  	.   0.01	1fieA  628  I
ENSP00000264870	    rs5987	Gtt	Att	V	I	651  	.   0.01	1fieB  638  I
ENSP00000264870	    rs5987	Gtt	Att	V	I	651  	.   0.01	1ggtA  631  V
ENSP00000264870	    rs5987	Gtt	Att	V	I	651  	.   0.01	1ggtB  631  V
ENSP00000264870	    rs5987	Gtt	Att	V	I	651  	.   0.01	1gguA  624  V
ENSP00000264870	    rs5987	Gtt	Att	V	I	651  	.   0.01	1gguB  630  V
ENSP00000264870	    rs5987	Gtt	Att	V	I	651  	.   0.01	1ggyA  625  V
ENSP00000264870	    rs5987	Gtt	Att	V	I	651  	.   0.01	1ggyB  628  V
ENSP00000264870	    rs5987	Gtt	Att	V	I	651  	.   0.01	1qrkA  623  V
ENSP00000264870	    rs5987	Gtt	Att	V	I	651  	.   0.01	1qrkB  628  V
ENSP00000264870	    rs5987	Gtt	Att	V	I	651  	.   0.01	4ktyA  620  V
ENSP00000264870	    rs5987	Gtt	Att	V	I	651  	.   0.01	4ktyB  618  V
ENSP00000264870	    rs5987	Gtt	Att	V	I	651  	.   0.01	5mhlA  616  V
ENSP00000264870	    rs5987	Gtt	Att	V	I	651  	.   0.01	5mhlB  617  V
ENSP00000264870	    rs5987	Gtt	Att	V	I	651  	.   0.01	5mhmA  608  V
ENSP00000264870	    rs5987	Gtt	Att	V	I	651  	.   0.01	5mhmB  608  V
ENSP00000264870	    rs5987	Gtt	Att	V	I	651  	.   0.01	5mhnA  613  V
ENSP00000264870	    rs5987	Gtt	Att	V	I	651  	.   0.01	5mhnB  610  V
ENSP00000264870	    rs5987	Gtt	Att	V	I	651  	.   0.01	5mhoA  608  V
ENSP00000264870	    rs5987	Gtt	Att	V	I	651  	.   0.01	5mhoB  605  V
ENSP00000264870	rs138754417	Ggc	Agc	G	S	593  	.   0.01	1evuA  572  G
ENSP00000264870	rs138754417	Ggc	Agc	G	S	593  	.   0.01	1evuB  573  G
ENSP00000264870	rs138754417	Ggc	Agc	G	S	593  	.   0.01	1ex0A  570  G
ENSP00000264870	rs138754417	Ggc	Agc	G	S	593  	.   0.01	1ex0B  578  G
ENSP00000264870	rs138754417	Ggc	Agc	G	S	593  	.   0.01	1f13A  586  G
ENSP00000264870	rs138754417	Ggc	Agc	G	S	593  	.   0.01	1f13B  583  G
ENSP00000264870	rs138754417	Ggc	Agc	G	S	593  	.   0.01	1fieA  570  G
ENSP00000264870	rs138754417	Ggc	Agc	G	S	593  	.   0.01	1fieB  580  G
ENSP00000264870	rs138754417	Ggc	Agc	G	S	593  	.   0.01	1ggtA  573  G
ENSP00000264870	rs138754417	Ggc	Agc	G	S	593  	.   0.01	1ggtB  573  G
ENSP00000264870	rs138754417	Ggc	Agc	G	S	593  	.   0.01	1gguA  566  G
ENSP00000264870	rs138754417	Ggc	Agc	G	S	593  	.   0.01	1gguB  572  G
ENSP00000264870	rs138754417	Ggc	Agc	G	S	593  	.   0.01	1ggyA  567  G
ENSP00000264870	rs138754417	Ggc	Agc	G	S	593  	.   0.01	1ggyB  570  G
ENSP00000264870	rs138754417	Ggc	Agc	G	S	593  	.   0.01	1qrkA  565  G
ENSP00000264870	rs138754417	Ggc	Agc	G	S	593  	.   0.01	1qrkB  570  G
ENSP00000264870	rs138754417	Ggc	Agc	G	S	593  	.   0.01	4ktyA  562  G
ENSP00000264870	rs138754417	Ggc	Agc	G	S	593  	.   0.01	4ktyB  560  G
ENSP00000264870	rs138754417	Ggc	Agc	G	S	593  	.   0.01	5mhlA  558  G
ENSP00000264870	rs138754417	Ggc	Agc	G	S	593  	.   0.01	5mhlB  560  G
ENSP00000264870	rs138754417	Ggc	Agc	G	S	593  	.   0.01	5mhmA  550  G
ENSP00000264870	rs138754417	Ggc	Agc	G	S	593  	.   0.01	5mhmB  555  G
ENSP00000264870	rs138754417	Ggc	Agc	G	S	593  	.   0.01	5mhnA  555  G
ENSP00000264870	rs138754417	Ggc	Agc	G	S	593  	.   0.01	5mhnB  552  G
ENSP00000264870	rs138754417	Ggc	Agc	G	S	593  	.   0.01	5mhoA  550  G
ENSP00000264870	rs138754417	Ggc	Agc	G	S	593  	.   0.01	5mhoB  552  G
ENSP00000264870	rs143711562	aCg	aTg	T	M	577  	.   0.02	1evuA  556  T
ENSP00000264870	rs143711562	aCg	aTg	T	M	577  	.   0.02	1evuB  557  T
ENSP00000264870	rs143711562	aCg	aTg	T	M	577  	.   0.02	1ex0A  554  T
ENSP00000264870	rs143711562	aCg	aTg	T	M	577  	.   0.02	1ex0B  562  T
ENSP00000264870	rs143711562	aCg	aTg	T	M	577  	.   0.02	1f13A  570  T
ENSP00000264870	rs143711562	aCg	aTg	T	M	577  	.   0.02	1f13B  567  T
ENSP00000264870	rs143711562	aCg	aTg	T	M	577  	.   0.02	1fieA  554  T
ENSP00000264870	rs143711562	aCg	aTg	T	M	577  	.   0.02	1fieB  564  T
ENSP00000264870	rs143711562	aCg	aTg	T	M	577  	.   0.02	1ggtA  557  T
ENSP00000264870	rs143711562	aCg	aTg	T	M	577  	.   0.02	1ggtB  557  T
ENSP00000264870	rs143711562	aCg	aTg	T	M	577  	.   0.02	1gguA  550  T
ENSP00000264870	rs143711562	aCg	aTg	T	M	577  	.   0.02	1gguB  556  T
ENSP00000264870	rs143711562	aCg	aTg	T	M	577  	.   0.02	1ggyA  551  T
ENSP00000264870	rs143711562	aCg	aTg	T	M	577  	.   0.02	1ggyB  554  T
ENSP00000264870	rs143711562	aCg	aTg	T	M	577  	.   0.02	1qrkA  549  T
ENSP00000264870	rs143711562	aCg	aTg	T	M	577  	.   0.02	1qrkB  554  T
ENSP00000264870	rs143711562	aCg	aTg	T	M	577  	.   0.02	4ktyA  546  T
ENSP00000264870	rs143711562	aCg	aTg	T	M	577  	.   0.02	4ktyB  544  T
ENSP00000264870	rs143711562	aCg	aTg	T	M	577  	.   0.02	5mhlA  542  T
ENSP00000264870	rs143711562	aCg	aTg	T	M	577  	.   0.02	5mhlB  544  T
ENSP00000264870	rs143711562	aCg	aTg	T	M	577  	.   0.02	5mhmA  534  T
ENSP00000264870	rs143711562	aCg	aTg	T	M	577  	.   0.02	5mhmB  539  T
ENSP00000264870	rs143711562	aCg	aTg	T	M	577  	.   0.02	5mhnA  539  T
ENSP00000264870	rs143711562	aCg	aTg	T	M	577  	.   0.02	5mhnB  536  T
ENSP00000264870	rs143711562	aCg	aTg	T	M	577  	.   0.02	5mhoA  534  T
ENSP00000264870	rs143711562	aCg	aTg	T	M	577  	.   0.02	5mhoB  536  T
ENSP00000264914	   rs25413	ccG	ccA	P	P	397  	.   0.03	1fsuA  355  P
ENSP00000264914	 rs1065757	Gtg	Ttg	V	L	358  	.   0.01	1fsuA  316  V
ENSP00000264914	 rs1065757	Gtg	Ctg	V	L	358  	.   0.01	1fsuA  316  V
ENSP00000264914	 rs1065757	Gtg	Atg	V	M	358  	.   0.01	1fsuA  316  V
ENSP00000264932	 rs6555055	Agg	Cgg	R	R	207  	.   0.01	1yq3A  157  R
ENSP00000264932	 rs6555055	Agg	Cgg	R	R	207  	.   0.01	1yq4A  157  R
ENSP00000264932	 rs6555055	Agg	Cgg	R	R	207  	.   0.01	1zoyA  156  R
ENSP00000264932	 rs6555055	Agg	Cgg	R	R	207  	.   0.01	1zp0A  156  R
ENSP00000264932	 rs6555055	Agg	Cgg	R	R	207  	.   0.01	2fbwA  156  R
ENSP00000264932	 rs6555055	Agg	Cgg	R	R	207  	.   0.01	2fbwE  155  R
ENSP00000264932	 rs6555055	Agg	Cgg	R	R	207  	.   0.01	2h88A  155  R
ENSP00000264932	 rs6555055	Agg	Cgg	R	R	207  	.   0.01	2h88E  155  R
ENSP00000264932	 rs6555055	Agg	Cgg	R	R	207  	.   0.01	2h89A  156  R
ENSP00000264932	 rs6555055	Agg	Cgg	R	R	207  	.   0.01	2wqyA  156  R
ENSP00000264932	 rs6555055	Agg	Cgg	R	R	207  	.   0.01	2wqyE  155  R
ENSP00000264932	 rs6555055	Agg	Cgg	R	R	207  	.   0.01	3abvA  156  R
ENSP00000264932	 rs6555055	Agg	Cgg	R	R	207  	.   0.01	3ae1A  156  R
ENSP00000264932	 rs6555055	Agg	Cgg	R	R	207  	.   0.01	3ae2A  156  R
ENSP00000264932	 rs6555055	Agg	Cgg	R	R	207  	.   0.01	3ae3A  156  R
ENSP00000264932	 rs6555055	Agg	Cgg	R	R	207  	.   0.01	3ae4A  156  R
ENSP00000264932	 rs6555055	Agg	Cgg	R	R	207  	.   0.01	3ae5A  156  R
ENSP00000264932	 rs6555055	Agg	Cgg	R	R	207  	.   0.01	3ae6A  156  R
ENSP00000264932	 rs6555055	Agg	Cgg	R	R	207  	.   0.01	3ae7A  156  R
ENSP00000264932	 rs6555055	Agg	Cgg	R	R	207  	.   0.01	3ae8A  156  R
ENSP00000264932	 rs6555055	Agg	Cgg	R	R	207  	.   0.01	3ae9A  156  R
ENSP00000264932	 rs6555055	Agg	Cgg	R	R	207  	.   0.01	3aeaA  156  R
ENSP00000264932	 rs6555055	Agg	Cgg	R	R	207  	.   0.01	3aebA  156  R
ENSP00000264932	 rs6555055	Agg	Cgg	R	R	207  	.   0.01	3aecA  156  R
ENSP00000264932	 rs6555055	Agg	Cgg	R	R	207  	.   0.01	3aedA  156  R
ENSP00000264932	 rs6555055	Agg	Cgg	R	R	207  	.   0.01	3aeeA  156  R
ENSP00000264932	 rs6555055	Agg	Cgg	R	R	207  	.   0.01	3aefA  156  R
ENSP00000264932	 rs6555055	Agg	Cgg	R	R	207  	.   0.01	3aegA  156  R
ENSP00000264932	 rs6555055	Agg	Cgg	R	R	207  	.   0.01	3sfdA  156  R
ENSP00000264932	 rs6555055	Agg	Cgg	R	R	207  	.   0.01	3sfeA  156  R
ENSP00000264932	 rs6555055	Agg	Cgg	R	R	207  	.   0.01	4ytpA  156  R
ENSP00000264932	 rs6555055	Agg	Cgg	R	R	207  	.   0.01	4yxdA  156  R
ENSP00000264933	 rs2244029	atT	atC	I	I	146  	.   0.01	1hqvA  136  I
ENSP00000264933	 rs2244029	atT	atC	I	I	146  	.   0.01	2zn8A  121  I
ENSP00000264933	 rs2244029	atT	atC	I	I	146  	.   0.01	2zn9A  126  I
ENSP00000264933	 rs2244029	atT	atC	I	I	146  	.   0.01	2zn9B  126  I
ENSP00000264933	 rs2244029	atT	atC	I	I	146  	.   0.01	2zndA  122  I
ENSP00000264933	 rs2244029	atT	atC	I	I	146  	.   0.01	2zneA  123  I
ENSP00000264933	 rs2244029	atT	atC	I	I	146  	.   0.01	2zneB  122  I
ENSP00000264933	 rs2244029	atT	atC	I	I	146  	.   0.01	2zrsA  123  I
ENSP00000264933	 rs2244029	atT	atC	I	I	146  	.   0.01	2zrsB  121  I
ENSP00000264933	 rs2244029	atT	atC	I	I	146  	.   0.01	2zrsC  120  I
ENSP00000264933	 rs2244029	atT	atC	I	I	146  	.   0.01	2zrsD  122  I
ENSP00000264933	 rs2244029	atT	atC	I	I	146  	.   0.01	2zrsE  123  I
ENSP00000264933	 rs2244029	atT	atC	I	I	146  	.   0.01	2zrsF  121  I
ENSP00000264933	 rs2244029	atT	atC	I	I	146  	.   0.01	2zrsG  121  I
ENSP00000264933	 rs2244029	atT	atC	I	I	146  	.   0.01	2zrsH  121  I
ENSP00000264933	 rs2244029	atT	atC	I	I	146  	.   0.01	2zrtA  122  I
ENSP00000264933	 rs2244029	atT	atC	I	I	146  	.   0.01	2zrtB  123  I
ENSP00000264933	 rs2244029	atT	atC	I	I	146  	.   0.01	2zrtC  122  I
ENSP00000264933	 rs2244029	atT	atC	I	I	146  	.   0.01	2zrtD  120  I
ENSP00000264933	 rs2244029	atT	atC	I	I	146  	.   0.01	2zrtE  123  I
ENSP00000264933	 rs2244029	atT	atC	I	I	146  	.   0.01	2zrtF  122  I
ENSP00000264933	 rs2244029	atT	atC	I	I	146  	.   0.01	2zrtG  121  I
ENSP00000264933	 rs2244029	atT	atC	I	I	146  	.   0.01	2zrtH  121  I
ENSP00000264933	 rs2244029	atT	atC	I	I	146  	.   0.01	3aajA  122  I
ENSP00000264933	 rs2244029	atT	atC	I	I	146  	.   0.01	3aajB  117  I
ENSP00000264933	 rs2244029	atT	atC	I	I	146  	.   0.01	3aakA  122  I
ENSP00000264933	 rs2244029	atT	atC	I	I	146  	.   0.01	3wxaA  122  I
ENSP00000264933	 rs2244029	atT	atC	I	I	146  	.   0.01	3wxaB  122  I
ENSP00000264972	 rs3192177	gaG	gaA	E	E	559  	.   0.04	1u59A  229  E
ENSP00000264972	 rs3192177	gaG	gaA	E	E	559  	.   0.04	2ozoA  491  E
ENSP00000264972	 rs3192177	gaG	gaA	E	E	559  	.   0.04	4k2rA  496  E
ENSP00000265081	 rs1805355	ccG	ccA	P	P	231  	.   0.23	3thwB    7  P
ENSP00000265081	 rs1805355	ccG	ccA	P	P	231  	.   0.23	3thxB    6  P
ENSP00000265081	 rs1805355	ccG	ccA	P	P	231  	.   0.23	3thyB    6  P
ENSP00000265081	 rs1805355	ccG	ccA	P	P	231  	.   0.23	3thzB    7  P
ENSP00000265162	rs10004516	cAa	cGa	Q	R	213  	.   0.02	4kx7A  138  R
ENSP00000265162	rs10004516	cAa	cGa	Q	R	213  	.   0.02	4kx8A  138  R
ENSP00000265162	rs10004516	cAa	cGa	Q	R	213  	.   0.02	4kx9A  138  R
ENSP00000265162	rs10004516	cAa	cGa	Q	R	213  	.   0.02	4kxaA  138  R
ENSP00000265162	rs10004516	cAa	cGa	Q	R	213  	.   0.02	4kxbA  138  R
ENSP00000265162	rs10004516	cAa	cGa	Q	R	213  	.   0.02	4kxcA  138  R
ENSP00000265162	rs10004516	cAa	cGa	Q	R	213  	.   0.02	4kxdA  138  R
