ENSP00000406128	 rs2239697	gaG	gaA	E	E	82   	.   0.02	4i0pD   67  R
ENSP00000406128	 rs2239697	gaG	gaA	E	E	82   	.   0.02	4i0pH   67  R
ENSP00000406128	 rs7383287	gaT	gaC	D	D	19   	.   0.02	4i0pD    4  F
ENSP00000406128	 rs7383287	gaT	gaC	D	D	19   	.   0.02	4i0pH    4  F
ENSP00000406136	 rs1047891	aCc	aAc	T	N	955  	.   0.02	2yvqA   67  T
ENSP00000406143	 rs2746395	gAt	gTt	D	V	63   	.   0.02	3fqiA   36  D
ENSP00000406143	 rs2746395	gAt	gTt	D	V	63   	.   0.02	3fqjA   37  D
ENSP00000406143	 rs2746395	gAt	gTt	D	V	63   	.   0.02	4j7lA   37  D
ENSP00000406143	 rs2746395	gAt	gTt	D	V	63   	.   0.02	4j7mA   37  D
ENSP00000406143	 rs2746395	gAt	gTt	D	V	63   	.   0.02	4j7nA   37  D
ENSP00000406143	 rs2746395	gAt	gTt	D	V	63   	.   0.02	5uliA   37  D
ENSP00000406143	rs12205138	gCc	gTc	A	V	332  	.   0.01	3fqiA  295  A
ENSP00000406143	rs12205138	gCc	gTc	A	V	332  	.   0.01	3fqjA  301  A
ENSP00000406143	rs12205138	gCc	gTc	A	V	332  	.   0.01	4j7lA  306  A
ENSP00000406143	rs12205138	gCc	gTc	A	V	332  	.   0.01	4j7mA  306  A
ENSP00000406143	rs12205138	gCc	gTc	A	V	332  	.   0.01	4j7nA  306  A
ENSP00000406143	rs12205138	gCc	gTc	A	V	332  	.   0.01	5uliA  306  A
ENSP00000406143	rs35529997	Ccg	Tcg	P	S	142  	.   0.01	3fqiA  105  P
ENSP00000406143	rs35529997	Ccg	Tcg	P	S	142  	.   0.01	3fqjA  111  P
ENSP00000406143	rs35529997	Ccg	Tcg	P	S	142  	.   0.01	4j7lA  116  P
ENSP00000406143	rs35529997	Ccg	Tcg	P	S	142  	.   0.01	4j7mA  116  P
ENSP00000406143	rs35529997	Ccg	Tcg	P	S	142  	.   0.01	4j7nA  116  P
ENSP00000406143	rs35529997	Ccg	Tcg	P	S	142  	.   0.01	5uliA  116  P
ENSP00000406143	rs45531831	agG	agA	R	R	316  	.   0.02	3fqiA  279  R
ENSP00000406143	rs45531831	agG	agA	R	R	316  	.   0.02	3fqjA  285  R
ENSP00000406143	rs45531831	agG	agA	R	R	316  	.   0.02	4j7lA  290  R
ENSP00000406143	rs45531831	agG	agA	R	R	316  	.   0.02	4j7mA  290  R
ENSP00000406143	rs45531831	agG	agA	R	R	316  	.   0.02	4j7nA  290  R
ENSP00000406143	rs45531831	agG	agA	R	R	316  	.   0.02	5uliA  290  R
ENSP00000406191	 rs3742037	atC	atT	I	I	678  	.   0.02	6bbjA  505  I
ENSP00000406191	 rs3742037	atC	atT	I	I	678  	.   0.02	6bbjB  505  I
ENSP00000406191	 rs3742037	atC	atT	I	I	678  	.   0.02	6bbjC  505  I
ENSP00000406191	 rs3742037	atC	atT	I	I	678  	.   0.02	6bbjD  505  I
ENSP00000406191	 rs3742037	atC	atT	I	I	678  	.   0.02	6c8fA  505  I
ENSP00000406191	 rs3742037	atC	atT	I	I	678  	.   0.02	6c8gA  505  I
ENSP00000406191	 rs3742037	atC	atT	I	I	678  	.   0.02	6c8hA  505  I
ENSP00000406214	rs17762500	Cgg	Tgg	R	W	298  	.   0.31	2qfzA  179  M
ENSP00000406214	rs17762500	Cgg	Tgg	R	W	298  	.   0.31	2qfzB  143  V
ENSP00000406248	 rs3211299	aGc	aTc	S	I	45   	.   0.01	2gfuA   77  S
ENSP00000406248	 rs1800935	gaT	gaC	D	D	81   	.   0.02	2gfuA  113  D
ENSP00000406250	 rs1042308	Ttc	Gtc	F	V	191  	.   0.01	3lqzA  160  F
ENSP00000406250	 rs1042308	Ttc	Gtc	F	V	191  	.   0.01	3wexA  160  V
ENSP00000406250	 rs1042308	Ttc	Gtc	F	V	191  	.   0.01	3wexC  160  V
ENSP00000406250	 rs1042308	Ttc	Gtc	F	V	191  	.   0.01	3wexE  160  V
ENSP00000406250	 rs1042308	Ttc	Gtc	F	V	191  	.   0.01	3wexG  160  V
ENSP00000406250	 rs1042308	Ttc	Gtc	F	V	191  	.   0.01	4p4kA  159  F
ENSP00000406250	 rs1042308	Ttc	Gtc	F	V	191  	.   0.01	4p4kE  160  F
ENSP00000406250	 rs1042308	Ttc	Gtc	F	V	191  	.   0.01	4p4rA  159  F
ENSP00000406250	 rs1042308	Ttc	Gtc	F	V	191  	.   0.01	4p4rC  159  F
ENSP00000406250	 rs1042308	Ttc	Gtc	F	V	191  	.   0.01	4p57A  159  F
ENSP00000406250	 rs1042308	Ttc	Gtc	F	V	191  	.   0.01	4p57C  159  F
ENSP00000406250	 rs1042308	Ttc	Gtc	F	V	191  	.   0.01	4p5kA  160  F
ENSP00000406250	 rs1042308	Ttc	Gtc	F	V	191  	.   0.01	4p5kC  160  F
ENSP00000406250	 rs1042308	Ttc	Gtc	F	V	191  	.   0.01	4p5mA  160  F
ENSP00000406250	 rs1042308	Ttc	Gtc	F	V	191  	.   0.01	4p5mC  160  F
ENSP00000406250	 rs1042308	Ttc	Gtc	F	V	191  	.   0.01	4p5mE  160  F
ENSP00000406250	 rs1042308	Ttc	Gtc	F	V	191  	.   0.01	4p5mG  160  F
ENSP00000406250	 rs1042308	Ttc	Ctc	F	L	191  	.   0.01	3lqzA  160  F
ENSP00000406250	 rs1042308	Ttc	Ctc	F	L	191  	.   0.01	3wexA  160  V
ENSP00000406250	 rs1042308	Ttc	Ctc	F	L	191  	.   0.01	3wexC  160  V
ENSP00000406250	 rs1042308	Ttc	Ctc	F	L	191  	.   0.01	3wexE  160  V
ENSP00000406250	 rs1042308	Ttc	Ctc	F	L	191  	.   0.01	3wexG  160  V
ENSP00000406250	 rs1042308	Ttc	Ctc	F	L	191  	.   0.01	4p4kA  159  F
ENSP00000406250	 rs1042308	Ttc	Ctc	F	L	191  	.   0.01	4p4kE  160  F
ENSP00000406250	 rs1042308	Ttc	Ctc	F	L	191  	.   0.01	4p4rA  159  F
ENSP00000406250	 rs1042308	Ttc	Ctc	F	L	191  	.   0.01	4p4rC  159  F
ENSP00000406250	 rs1042308	Ttc	Ctc	F	L	191  	.   0.01	4p57A  159  F
ENSP00000406250	 rs1042308	Ttc	Ctc	F	L	191  	.   0.01	4p57C  159  F
ENSP00000406250	 rs1042308	Ttc	Ctc	F	L	191  	.   0.01	4p5kA  160  F
ENSP00000406250	 rs1042308	Ttc	Ctc	F	L	191  	.   0.01	4p5kC  160  F
ENSP00000406250	 rs1042308	Ttc	Ctc	F	L	191  	.   0.01	4p5mA  160  F
ENSP00000406250	 rs1042308	Ttc	Ctc	F	L	191  	.   0.01	4p5mC  160  F
ENSP00000406250	 rs1042308	Ttc	Ctc	F	L	191  	.   0.01	4p5mE  160  F
ENSP00000406250	 rs1042308	Ttc	Ctc	F	L	191  	.   0.01	4p5mG  160  F
ENSP00000406250	 rs1042308	Ttc	Atc	F	I	191  	.   0.01	3lqzA  160  F
ENSP00000406250	 rs1042308	Ttc	Atc	F	I	191  	.   0.01	3wexA  160  V
ENSP00000406250	 rs1042308	Ttc	Atc	F	I	191  	.   0.01	3wexC  160  V
ENSP00000406250	 rs1042308	Ttc	Atc	F	I	191  	.   0.01	3wexE  160  V
ENSP00000406250	 rs1042308	Ttc	Atc	F	I	191  	.   0.01	3wexG  160  V
ENSP00000406250	 rs1042308	Ttc	Atc	F	I	191  	.   0.01	4p4kA  159  F
ENSP00000406250	 rs1042308	Ttc	Atc	F	I	191  	.   0.01	4p4kE  160  F
ENSP00000406250	 rs1042308	Ttc	Atc	F	I	191  	.   0.01	4p4rA  159  F
ENSP00000406250	 rs1042308	Ttc	Atc	F	I	191  	.   0.01	4p4rC  159  F
ENSP00000406250	 rs1042308	Ttc	Atc	F	I	191  	.   0.01	4p57A  159  F
ENSP00000406250	 rs1042308	Ttc	Atc	F	I	191  	.   0.01	4p57C  159  F
ENSP00000406250	 rs1042308	Ttc	Atc	F	I	191  	.   0.01	4p5kA  160  F
ENSP00000406250	 rs1042308	Ttc	Atc	F	I	191  	.   0.01	4p5kC  160  F
ENSP00000406250	 rs1042308	Ttc	Atc	F	I	191  	.   0.01	4p5mA  160  F
ENSP00000406250	 rs1042308	Ttc	Atc	F	I	191  	.   0.01	4p5mC  160  F
ENSP00000406250	 rs1042308	Ttc	Atc	F	I	191  	.   0.01	4p5mE  160  F
ENSP00000406250	 rs1042308	Ttc	Atc	F	I	191  	.   0.01	4p5mG  160  F
ENSP00000406250	 rs1042190	aAg	aGg	K	R	142  	.   0.01	3lqzA  111  K
ENSP00000406250	 rs1042190	aAg	aGg	K	R	142  	.   0.01	3wexA  111  R
ENSP00000406250	 rs1042190	aAg	aGg	K	R	142  	.   0.01	3wexC  111  R
ENSP00000406250	 rs1042190	aAg	aGg	K	R	142  	.   0.01	3wexE  111  R
ENSP00000406250	 rs1042190	aAg	aGg	K	R	142  	.   0.01	3wexG  111  R
ENSP00000406250	 rs1042190	aAg	aGg	K	R	142  	.   0.01	4p4kA  110  K
ENSP00000406250	 rs1042190	aAg	aGg	K	R	142  	.   0.01	4p4kE  111  K
ENSP00000406250	 rs1042190	aAg	aGg	K	R	142  	.   0.01	4p4rA  110  K
ENSP00000406250	 rs1042190	aAg	aGg	K	R	142  	.   0.01	4p4rC  110  K
ENSP00000406250	 rs1042190	aAg	aGg	K	R	142  	.   0.01	4p57A  110  K
ENSP00000406250	 rs1042190	aAg	aGg	K	R	142  	.   0.01	4p57C  110  K
ENSP00000406250	 rs1042190	aAg	aGg	K	R	142  	.   0.01	4p5kA  111  K
ENSP00000406250	 rs1042190	aAg	aGg	K	R	142  	.   0.01	4p5kC  111  K
ENSP00000406250	 rs1042190	aAg	aGg	K	R	142  	.   0.01	4p5mA  111  K
ENSP00000406250	 rs1042190	aAg	aGg	K	R	142  	.   0.01	4p5mC  111  K
ENSP00000406250	 rs1042190	aAg	aGg	K	R	142  	.   0.01	4p5mE  111  K
ENSP00000406250	 rs1042190	aAg	aGg	K	R	142  	.   0.01	4p5mG  111  K
ENSP00000406250	 rs2308917	tTg	tCg	L	S	97   	.   0.01	3lqzA   66  L
ENSP00000406250	 rs2308917	tTg	tCg	L	S	97   	.   0.01	3wexA   66  L
ENSP00000406250	 rs2308917	tTg	tCg	L	S	97   	.   0.01	3wexC   66  L
ENSP00000406250	 rs2308917	tTg	tCg	L	S	97   	.   0.01	3wexE   66  L
ENSP00000406250	 rs2308917	tTg	tCg	L	S	97   	.   0.01	3wexG   66  L
ENSP00000406250	 rs2308917	tTg	tCg	L	S	97   	.   0.01	4p4kA   65  L
ENSP00000406250	 rs2308917	tTg	tCg	L	S	97   	.   0.01	4p4kE   66  L
ENSP00000406250	 rs2308917	tTg	tCg	L	S	97   	.   0.01	4p4rA   65  L
ENSP00000406250	 rs2308917	tTg	tCg	L	S	97   	.   0.01	4p4rC   65  L
ENSP00000406250	 rs2308917	tTg	tCg	L	S	97   	.   0.01	4p57A   65  L
ENSP00000406250	 rs2308917	tTg	tCg	L	S	97   	.   0.01	4p57C   65  L
ENSP00000406250	 rs2308917	tTg	tCg	L	S	97   	.   0.01	4p5kA   66  L
ENSP00000406250	 rs2308917	tTg	tCg	L	S	97   	.   0.01	4p5kC   66  L
ENSP00000406250	 rs2308917	tTg	tCg	L	S	97   	.   0.01	4p5mA   66  L
ENSP00000406250	 rs2308917	tTg	tCg	L	S	97   	.   0.01	4p5mC   66  L
ENSP00000406250	 rs2308917	tTg	tCg	L	S	97   	.   0.01	4p5mE   66  L
ENSP00000406250	 rs2308917	tTg	tCg	L	S	97   	.   0.01	4p5mG   66  L
ENSP00000406250	 rs2308911	Atg	Ctg	M	L	62   	.   0.11	3lqzA   31  M
ENSP00000406250	 rs2308911	Atg	Ctg	M	L	62   	.   0.11	3wexA   31  Q
ENSP00000406250	 rs2308911	Atg	Ctg	M	L	62   	.   0.11	3wexC   31  Q
ENSP00000406250	 rs2308911	Atg	Ctg	M	L	62   	.   0.11	3wexE   31  Q
ENSP00000406250	 rs2308911	Atg	Ctg	M	L	62   	.   0.11	3wexG   31  Q
ENSP00000406250	 rs2308911	Atg	Ctg	M	L	62   	.   0.11	4p4kA   30  M
ENSP00000406250	 rs2308911	Atg	Ctg	M	L	62   	.   0.11	4p4kE   31  M
ENSP00000406250	 rs2308911	Atg	Ctg	M	L	62   	.   0.11	4p4rA   30  M
ENSP00000406250	 rs2308911	Atg	Ctg	M	L	62   	.   0.11	4p4rC   30  M
ENSP00000406250	 rs2308911	Atg	Ctg	M	L	62   	.   0.11	4p57A   30  M
ENSP00000406250	 rs2308911	Atg	Ctg	M	L	62   	.   0.11	4p57C   30  M
ENSP00000406250	 rs2308911	Atg	Ctg	M	L	62   	.   0.11	4p5kA   31  M
ENSP00000406250	 rs2308911	Atg	Ctg	M	L	62   	.   0.11	4p5kC   31  M
ENSP00000406250	 rs2308911	Atg	Ctg	M	L	62   	.   0.11	4p5mA   31  M
ENSP00000406250	 rs2308911	Atg	Ctg	M	L	62   	.   0.11	4p5mC   31  M
ENSP00000406250	 rs2308911	Atg	Ctg	M	L	62   	.   0.11	4p5mE   31  M
ENSP00000406250	 rs2308911	Atg	Ctg	M	L	62   	.   0.11	4p5mG   31  M
ENSP00000406250	 rs1126534	gCg	gTg	A	V	42   	.   0.03	3lqzA   11  A
ENSP00000406250	 rs1126534	gCg	gTg	A	V	42   	.   0.03	3wexA   11  M
ENSP00000406250	 rs1126534	gCg	gTg	A	V	42   	.   0.03	3wexC   11  M
ENSP00000406250	 rs1126534	gCg	gTg	A	V	42   	.   0.03	3wexE   11  M
ENSP00000406250	 rs1126534	gCg	gTg	A	V	42   	.   0.03	3wexG   11  M
ENSP00000406250	 rs1126534	gCg	gTg	A	V	42   	.   0.03	4p4kA   10  A
ENSP00000406250	 rs1126534	gCg	gTg	A	V	42   	.   0.03	4p4kE   11  A
ENSP00000406250	 rs1126534	gCg	gTg	A	V	42   	.   0.03	4p4rA   10  A
ENSP00000406250	 rs1126534	gCg	gTg	A	V	42   	.   0.03	4p4rC   10  A
ENSP00000406250	 rs1126534	gCg	gTg	A	V	42   	.   0.03	4p57A   10  A
ENSP00000406250	 rs1126534	gCg	gTg	A	V	42   	.   0.03	4p57C   10  A
ENSP00000406250	 rs1126534	gCg	gTg	A	V	42   	.   0.03	4p5kA   11  A
ENSP00000406250	 rs1126534	gCg	gTg	A	V	42   	.   0.03	4p5kC   11  A
ENSP00000406250	 rs1126534	gCg	gTg	A	V	42   	.   0.03	4p5mA   11  A
ENSP00000406250	 rs1126534	gCg	gTg	A	V	42   	.   0.03	4p5mC   11  A
ENSP00000406250	 rs1126534	gCg	gTg	A	V	42   	.   0.03	4p5mE   11  A
ENSP00000406250	 rs1126534	gCg	gTg	A	V	42   	.   0.03	4p5mG   11  A
ENSP00000406250	 rs2308931	ctG	ctA	L	L	158  	.   0.03	3lqzA  127  L
ENSP00000406250	 rs2308931	ctG	ctA	L	L	158  	.   0.03	3wexA  127  P
ENSP00000406250	 rs2308931	ctG	ctA	L	L	158  	.   0.03	3wexC  127  P
ENSP00000406250	 rs2308931	ctG	ctA	L	L	158  	.   0.03	3wexE  127  P
ENSP00000406250	 rs2308931	ctG	ctA	L	L	158  	.   0.03	3wexG  127  P
ENSP00000406250	 rs2308931	ctG	ctA	L	L	158  	.   0.03	4p4kA  126  L
ENSP00000406250	 rs2308931	ctG	ctA	L	L	158  	.   0.03	4p4kE  127  L
ENSP00000406250	 rs2308931	ctG	ctA	L	L	158  	.   0.03	4p4rA  126  L
ENSP00000406250	 rs2308931	ctG	ctA	L	L	158  	.   0.03	4p4rC  126  L
ENSP00000406250	 rs2308931	ctG	ctA	L	L	158  	.   0.03	4p57A  126  L
ENSP00000406250	 rs2308931	ctG	ctA	L	L	158  	.   0.03	4p57C  126  L
ENSP00000406250	 rs2308931	ctG	ctA	L	L	158  	.   0.03	4p5kA  127  L
ENSP00000406250	 rs2308931	ctG	ctA	L	L	158  	.   0.03	4p5kC  127  L
ENSP00000406250	 rs2308931	ctG	ctA	L	L	158  	.   0.03	4p5mA  127  L
ENSP00000406250	 rs2308931	ctG	ctA	L	L	158  	.   0.03	4p5mC  127  L
ENSP00000406250	 rs2308931	ctG	ctA	L	L	158  	.   0.03	4p5mE  127  L
ENSP00000406250	 rs2308931	ctG	ctA	L	L	158  	.   0.03	4p5mG  127  L
ENSP00000406250	rs41548220	ttG	ttT	L	F	104  	.   0.01	3lqzA   73  L
ENSP00000406250	rs41548220	ttG	ttT	L	F	104  	.   0.01	3wexA   73  L
ENSP00000406250	rs41548220	ttG	ttT	L	F	104  	.   0.01	3wexC   73  L
ENSP00000406250	rs41548220	ttG	ttT	L	F	104  	.   0.01	3wexE   73  L
ENSP00000406250	rs41548220	ttG	ttT	L	F	104  	.   0.01	3wexG   73  L
ENSP00000406250	rs41548220	ttG	ttT	L	F	104  	.   0.01	4p4kA   72  L
ENSP00000406250	rs41548220	ttG	ttT	L	F	104  	.   0.01	4p4kE   73  L
ENSP00000406250	rs41548220	ttG	ttT	L	F	104  	.   0.01	4p4rA   72  L
ENSP00000406250	rs41548220	ttG	ttT	L	F	104  	.   0.01	4p4rC   72  L
ENSP00000406250	rs41548220	ttG	ttT	L	F	104  	.   0.01	4p57A   72  L
ENSP00000406250	rs41548220	ttG	ttT	L	F	104  	.   0.01	4p57C   72  L
ENSP00000406250	rs41548220	ttG	ttT	L	F	104  	.   0.01	4p5kA   73  L
ENSP00000406250	rs41548220	ttG	ttT	L	F	104  	.   0.01	4p5kC   73  L
ENSP00000406250	rs41548220	ttG	ttT	L	F	104  	.   0.01	4p5mA   73  L
ENSP00000406250	rs41548220	ttG	ttT	L	F	104  	.   0.01	4p5mC   73  L
ENSP00000406250	rs41548220	ttG	ttT	L	F	104  	.   0.01	4p5mE   73  L
ENSP00000406250	rs41548220	ttG	ttT	L	F	104  	.   0.01	4p5mG   73  L
ENSP00000406250	rs41559316	aCc	aTc	T	I	103  	.   0.01	3lqzA   72  T
ENSP00000406250	rs41559316	aCc	aTc	T	I	103  	.   0.01	3wexA   72  T
ENSP00000406250	rs41559316	aCc	aTc	T	I	103  	.   0.01	3wexC   72  T
ENSP00000406250	rs41559316	aCc	aTc	T	I	103  	.   0.01	3wexE   72  T
ENSP00000406250	rs41559316	aCc	aTc	T	I	103  	.   0.01	3wexG   72  T
ENSP00000406250	rs41559316	aCc	aTc	T	I	103  	.   0.01	4p4kA   71  T
ENSP00000406250	rs41559316	aCc	aTc	T	I	103  	.   0.01	4p4kE   72  T
ENSP00000406250	rs41559316	aCc	aTc	T	I	103  	.   0.01	4p4rA   71  T
ENSP00000406250	rs41559316	aCc	aTc	T	I	103  	.   0.01	4p4rC   71  T
ENSP00000406250	rs41559316	aCc	aTc	T	I	103  	.   0.01	4p57A   71  T
ENSP00000406250	rs41559316	aCc	aTc	T	I	103  	.   0.01	4p57C   71  T
ENSP00000406250	rs41559316	aCc	aTc	T	I	103  	.   0.01	4p5kA   72  T
ENSP00000406250	rs41559316	aCc	aTc	T	I	103  	.   0.01	4p5kC   72  T
ENSP00000406250	rs41559316	aCc	aTc	T	I	103  	.   0.01	4p5mA   72  T
ENSP00000406250	rs41559316	aCc	aTc	T	I	103  	.   0.01	4p5mC   72  T
ENSP00000406250	rs41559316	aCc	aTc	T	I	103  	.   0.01	4p5mE   72  T
ENSP00000406250	rs41559316	aCc	aTc	T	I	103  	.   0.01	4p5mG   72  T
ENSP00000406261	 rs9493048	ccA	ccG	P	P	218  	.   0.01	6c01A  166  P
ENSP00000406261	 rs9493048	ccA	ccG	P	P	218  	.   0.01	6c01B  154  P
ENSP00000406261	 rs9493048	ccA	ccG	P	P	218  	.   0.01	6c02A  162  P
ENSP00000406261	 rs9493048	ccA	ccG	P	P	218  	.   0.01	6c02B  162  P
ENSP00000406261	 rs9493048	ccA	ccG	P	P	218  	.   0.01	6f2tA   76  P
ENSP00000406261	 rs9493048	ccA	ccG	P	P	218  	.   0.01	6f2tB   75  P
ENSP00000406261	 rs9493048	ccA	ccG	P	P	218  	.   0.01	6f2vA   76  P
ENSP00000406261	 rs9493048	ccA	ccG	P	P	218  	.   0.01	6f2vB   75  P
ENSP00000406261	 rs9493048	ccA	ccG	P	P	218  	.   0.01	6f2yA   76  P
ENSP00000406261	 rs9493048	ccA	ccG	P	P	218  	.   0.01	6f2yB   75  P
ENSP00000406261	 rs9493048	ccA	ccG	P	P	218  	.   0.01	6f30A   75  P
ENSP00000406261	 rs9493048	ccA	ccG	P	P	218  	.   0.01	6f30B   75  P
ENSP00000406261	 rs9493048	ccA	ccG	P	P	218  	.   0.01	6f33A   76  P
ENSP00000406261	 rs9493048	ccA	ccG	P	P	218  	.   0.01	6f33B   75  P
ENSP00000406284	rs17886090	tAc	tGc	Y	C	73   	.   0.01	3bvoA   35  Y
ENSP00000406284	rs17886090	tAc	tGc	Y	C	73   	.   0.01	3bvoB   28  Y
ENSP00000406304	   rs26618	atA	atG	I	M	276  	.   0.03	2yd0A  227  I
ENSP00000406304	   rs26618	atA	atG	I	M	276  	.   0.03	3mdjA  228  I
ENSP00000406304	   rs26618	atA	atG	I	M	276  	.   0.03	3mdjB  231  I
ENSP00000406304	   rs26618	atA	atG	I	M	276  	.   0.03	3mdjC  229  I
ENSP00000406304	   rs26618	atA	atG	I	M	276  	.   0.03	3qnfA  227  I
ENSP00000406304	   rs26618	atA	atG	I	M	276  	.   0.03	3qnfB  226  I
ENSP00000406304	   rs26618	atA	atG	I	M	276  	.   0.03	3qnfC  227  I
ENSP00000406304	   rs27529	agT	agC	S	S	453  	.   0.01	2yd0A  404  S
ENSP00000406304	   rs27529	agT	agC	S	S	453  	.   0.01	3mdjA  388  S
ENSP00000406304	   rs27529	agT	agC	S	S	453  	.   0.01	3mdjB  391  S
ENSP00000406304	   rs27529	agT	agC	S	S	453  	.   0.01	3mdjC  389  S
ENSP00000406304	   rs27529	agT	agC	S	S	453  	.   0.01	3qnfA  396  S
ENSP00000406304	   rs27529	agT	agC	S	S	453  	.   0.01	3qnfB  398  S
ENSP00000406304	   rs27529	agT	agC	S	S	453  	.   0.01	3qnfC  396  S
ENSP00000406304	   rs26618	atA	atT	I	I	276  	.   0.03	2yd0A  227  I
ENSP00000406304	   rs26618	atA	atT	I	I	276  	.   0.03	3mdjA  228  I
ENSP00000406304	   rs26618	atA	atT	I	I	276  	.   0.03	3mdjB  231  I
ENSP00000406304	   rs26618	atA	atT	I	I	276  	.   0.03	3mdjC  229  I
ENSP00000406304	   rs26618	atA	atT	I	I	276  	.   0.03	3qnfA  227  I
ENSP00000406304	   rs26618	atA	atT	I	I	276  	.   0.03	3qnfB  226  I
ENSP00000406304	   rs26618	atA	atT	I	I	276  	.   0.03	3qnfC  227  I
ENSP00000406304	   rs26618	atA	atC	I	I	276  	.   0.03	2yd0A  227  I
ENSP00000406304	   rs26618	atA	atC	I	I	276  	.   0.03	3mdjA  228  I
ENSP00000406304	   rs26618	atA	atC	I	I	276  	.   0.03	3mdjB  231  I
ENSP00000406304	   rs26618	atA	atC	I	I	276  	.   0.03	3mdjC  229  I
ENSP00000406304	   rs26618	atA	atC	I	I	276  	.   0.03	3qnfA  227  I
ENSP00000406304	   rs26618	atA	atC	I	I	276  	.   0.03	3qnfB  226  I
ENSP00000406304	   rs26618	atA	atC	I	I	276  	.   0.03	3qnfC  227  I
ENSP00000406304	 rs2287987	Atg	Gtg	M	V	349  	.   0.01	2yd0A  300  M
ENSP00000406304	 rs2287987	Atg	Gtg	M	V	349  	.   0.01	3mdjA  301  M
ENSP00000406304	 rs2287987	Atg	Gtg	M	V	349  	.   0.01	3mdjB  304  M
ENSP00000406304	 rs2287987	Atg	Gtg	M	V	349  	.   0.01	3mdjC  302  M
ENSP00000406304	 rs2287987	Atg	Gtg	M	V	349  	.   0.01	3qnfA  300  M
ENSP00000406304	 rs2287987	Atg	Gtg	M	V	349  	.   0.01	3qnfB  299  M
ENSP00000406304	 rs2287987	Atg	Gtg	M	V	349  	.   0.01	3qnfC  300  M
ENSP00000406304	 rs3734016	Gag	Aag	E	K	56   	.   0.01	2yd0A   11  E
ENSP00000406304	 rs3734016	Gag	Aag	E	K	56   	.   0.01	3mdjA   11  E
ENSP00000406304	 rs3734016	Gag	Aag	E	K	56   	.   0.01	3mdjB   11  E
ENSP00000406304	 rs3734016	Gag	Aag	E	K	56   	.   0.01	3mdjC   11  E
ENSP00000406304	 rs3734016	Gag	Aag	E	K	56   	.   0.01	3qnfA   11  E
ENSP00000406304	 rs3734016	Gag	Aag	E	K	56   	.   0.01	3qnfB   11  E
ENSP00000406304	 rs3734016	Gag	Aag	E	K	56   	.   0.01	3qnfC   10  E
ENSP00000406348	 rs1129640	gtA	gtG	V	V	16   	.   0.01	1t6nA   73  L
ENSP00000406348	 rs1129640	gtA	gtG	V	V	16   	.   0.01	1t6nB   73  L
ENSP00000406348	 rs1129640	gtA	gtG	V	V	16   	.   0.01	1xtiA   72  L
ENSP00000406348	 rs1129640	gtA	gtG	V	V	16   	.   0.01	1xtjA   73  L
ENSP00000406348	 rs1129640	gtA	gtG	V	V	16   	.   0.01	1xtkA   72  L
ENSP00000406348	rs55799418	caC	caT	H	H	120  	.   0.01	1t6nA  177  E
ENSP00000406348	rs55799418	caC	caT	H	H	120  	.   0.01	1t6nB  177  E
ENSP00000406348	rs55799418	caC	caT	H	H	120  	.   0.01	1xtiA  176  E
ENSP00000406348	rs55799418	caC	caT	H	H	120  	.   0.01	1xtjA  177  E
ENSP00000406348	rs55799418	caC	caT	H	H	120  	.   0.01	1xtkA  176  E
ENSP00000406361	 rs4252372	gCa	gTa	A	V	2    	*   0.75	5oeoB    2  A
ENSP00000406373	rs11575840	Gcc	Acc	A	T	78   	.   0.01	3noiA   92  A
ENSP00000406373	rs11575840	Gcc	Acc	A	T	78   	.   0.01	3noiB   93  A
ENSP00000406373	rs11575840	Gcc	Acc	A	T	78   	.   0.01	3pv6B   85  A
ENSP00000406380	   rs17587	cAc	cGc	H	R	37   	.   0.01	3unfN   40  R
ENSP00000406380	   rs17587	cAc	cGc	H	R	37   	.   0.01	3unhN   40  R
ENSP00000406380	   rs17587	cAc	cGc	H	R	37   	.   0.01	6avoA   40  R
ENSP00000406380	   rs17587	cAc	cGc	H	R	37   	.   0.01	6avoF   40  R
ENSP00000406380	   rs17587	cAc	cTc	H	L	37   	.   0.01	3unfN   40  R
ENSP00000406380	   rs17587	cAc	cTc	H	L	37   	.   0.01	3unhN   40  R
ENSP00000406380	   rs17587	cAc	cTc	H	L	37   	.   0.01	6avoA   40  R
ENSP00000406380	   rs17587	cAc	cTc	H	L	37   	.   0.01	6avoF   40  R
ENSP00000406380	   rs20547	gcA	gcG	A	A	138  	.   0.01	3unfN  141  A
ENSP00000406380	   rs20547	gcA	gcG	A	A	138  	.   0.01	3unhN  141  A
ENSP00000406380	   rs20547	gcA	gcG	A	A	138  	.   0.01	6avoA  141  A
ENSP00000406380	   rs20547	gcA	gcG	A	A	138  	.   0.01	6avoF  141  A
ENSP00000406380	  rs241419	Gtt	Att	V	I	9    	.   0.01	3unfN   12  V
ENSP00000406380	  rs241419	Gtt	Att	V	I	9    	.   0.01	3unhN   12  V
ENSP00000406380	  rs241419	Gtt	Att	V	I	9    	.   0.01	6avoA   12  V
ENSP00000406380	  rs241419	Gtt	Att	V	I	9    	.   0.01	6avoF   12  V
ENSP00000406380	  rs241419	Gtt	Ctt	V	L	9    	.   0.01	3unfN   12  V
ENSP00000406380	  rs241419	Gtt	Ctt	V	L	9    	.   0.01	3unhN   12  V
ENSP00000406380	  rs241419	Gtt	Ctt	V	L	9    	.   0.01	6avoA   12  V
ENSP00000406380	  rs241419	Gtt	Ctt	V	L	9    	.   0.01	6avoF   12  V
ENSP00000406380	rs17213861	Cgc	Tgc	R	C	150  	.   0.01	3unfN  153  R
ENSP00000406380	rs17213861	Cgc	Tgc	R	C	150  	.   0.01	3unhN  153  R
ENSP00000406380	rs17213861	Cgc	Tgc	R	C	150  	.   0.01	6avoA  153  R
ENSP00000406380	rs17213861	Cgc	Tgc	R	C	150  	.   0.01	6avoF  153  R
ENSP00000406443	  rs362129	aaC	aaT	N	N	11   	.   0.08	3lgdA   25  N
ENSP00000406443	  rs362129	aaC	aaT	N	N	11   	.   0.08	3lgdB   25  N
ENSP00000406443	  rs362129	aaC	aaT	N	N	11   	.   0.08	3lggA   25  N
ENSP00000406443	  rs362129	aaC	aaT	N	N	11   	.   0.08	3lggB   25  N
ENSP00000406488	rs34491699	cAt	cGt	H	R	190  	.   0.01	2pd6A  174  H
ENSP00000406488	rs34491699	cAt	cGt	H	R	190  	.   0.01	2pd6B  171  H
ENSP00000406488	rs34491699	cAt	cGt	H	R	190  	.   0.01	2pd6C  167  H
ENSP00000406488	rs34491699	cAt	cGt	H	R	190  	.   0.01	2pd6D  172  H
ENSP00000406488	rs34491699	cAt	cGt	H	R	190  	.   0.01	4cqlA  175  H
ENSP00000406488	rs34491699	cAt	cGt	H	R	190  	.   0.01	4cqlD  176  H
ENSP00000406488	rs34491699	cAt	cGt	H	R	190  	.   0.01	4cqlE  173  H
ENSP00000406488	rs34491699	cAt	cGt	H	R	190  	.   0.01	4cqlH  177  H
ENSP00000406488	rs34491699	cAt	cGt	H	R	190  	.   0.01	4cqlI  180  H
ENSP00000406488	rs34491699	cAt	cGt	H	R	190  	.   0.01	4cqlL  174  H
ENSP00000406488	rs34491699	cAt	cGt	H	R	190  	.   0.01	4cqlM  174  H
ENSP00000406488	rs34491699	cAt	cGt	H	R	190  	.   0.01	4cqlP  177  H
ENSP00000406488	rs34491699	cAt	cGt	H	R	190  	.   0.01	4cqmA  177  H
ENSP00000406488	rs34491699	cAt	cGt	H	R	190  	.   0.01	4cqmD  176  H
ENSP00000406488	rs34491699	cAt	cGt	H	R	190  	.   0.01	4cqmE  177  H
ENSP00000406488	rs34491699	cAt	cGt	H	R	190  	.   0.01	4cqmH  178  H
ENSP00000406488	rs34491699	cAt	cGt	H	R	190  	.   0.01	4cqmI  178  H
ENSP00000406488	rs34491699	cAt	cGt	H	R	190  	.   0.01	4cqmL  175  H
ENSP00000406488	rs34491699	cAt	cGt	H	R	190  	.   0.01	4cqmM  178  H
ENSP00000406488	rs34491699	cAt	cGt	H	R	190  	.   0.01	4cqmP  177  H
ENSP00000406493	 rs2307424	ccC	ccT	P	P	180  	.   0.01	1xv9B   78  P
ENSP00000406493	 rs2307424	ccC	ccT	P	P	180  	.   0.01	1xv9D   78  P
ENSP00000406493	 rs2307424	ccC	ccT	P	P	180  	.   0.01	1xvpB   78  P
ENSP00000406493	 rs2307424	ccC	ccT	P	P	180  	.   0.01	1xvpD   78  P
ENSP00000406504	 rs1129640	gtG	gtA	V	V	116  	.   0.01	1t6nA   72  V
ENSP00000406504	 rs1129640	gtG	gtA	V	V	116  	.   0.01	1t6nB   72  V
ENSP00000406504	 rs1129640	gtG	gtA	V	V	116  	.   0.01	1xtiA   71  V
ENSP00000406504	 rs1129640	gtG	gtA	V	V	116  	.   0.01	1xtjA   72  V
ENSP00000406504	 rs1129640	gtG	gtA	V	V	116  	.   0.01	1xtkA   71  V
ENSP00000406504	rs55799418	caC	caT	H	H	220  	.   0.02	1t6nA  176  H
ENSP00000406504	rs55799418	caC	caT	H	H	220  	.   0.02	1t6nB  176  H
ENSP00000406504	rs55799418	caC	caT	H	H	220  	.   0.02	1xtiA  175  H
ENSP00000406504	rs55799418	caC	caT	H	H	220  	.   0.02	1xtjA  176  H
ENSP00000406504	rs55799418	caC	caT	H	H	220  	.   0.02	1xtkA  175  H
ENSP00000406540	  rs241447	Gca	Aca	A	T	665  	.   0.11	5u1dB  536  T
ENSP00000406540	 rs4148876	Cgt	Tgt	R	C	651  	.    0.2	5u1dB  522  R
ENSP00000406540	 rs2228391	Atg	Gtg	M	V	577  	.   0.03	5u1dB  448  M
ENSP00000406540	 rs2228396	Gct	Act	A	T	565  	.   0.01	5u1dB  436  A
ENSP00000406540	 rs1800454	Gta	Ata	V	I	379  	.   0.02	5u1dB  250  V
ENSP00000406540	 rs2856992	gtG	gtA	V	V	387  	.   0.01	5u1dB  258  V
ENSP00000406540	 rs2228397	ggG	ggT	G	G	386  	.   0.02	5u1dB  257  G
ENSP00000406540	rs78328107	gCg	gTg	A	V	578  	.   0.03	5u1dB  449  A
ENSP00000406540	rs41551013	gtT	gtC	V	V	163  	.   0.09	5u1dB   34  V
ENSP00000406708	    rs4925	gCt	gAt	A	D	112  	.   0.06	1eemA  136  A
ENSP00000406708	    rs4925	gCt	gAt	A	D	112  	.   0.06	3lflA  136  A
ENSP00000406708	    rs4925	gCt	gAt	A	D	112  	.   0.06	3lflB  136  A
ENSP00000406708	    rs4925	gCt	gAt	A	D	112  	.   0.06	3lflC  136  A
ENSP00000406708	    rs4925	gCt	gAt	A	D	112  	.   0.06	3vlnA  138  A
ENSP00000406708	    rs4925	gCt	gAt	A	D	112  	.   0.06	4is0A  137  A
ENSP00000406708	    rs4925	gCt	gAt	A	D	112  	.   0.06	4yqmA  136  A
ENSP00000406708	    rs4925	gCt	gAt	A	D	112  	.   0.06	4yqmB  136  A
ENSP00000406708	    rs4925	gCt	gAt	A	D	112  	.   0.06	4yqmC  136  A
ENSP00000406708	    rs4925	gCt	gAt	A	D	112  	.   0.06	4yquA  134  A
ENSP00000406708	    rs4925	gCt	gAt	A	D	112  	.   0.06	4yquB  134  A
ENSP00000406708	    rs4925	gCt	gAt	A	D	112  	.   0.06	4yqvA  136  A
ENSP00000406708	    rs4925	gCt	gAt	A	D	112  	.   0.06	4yqvB  136  A
ENSP00000406708	    rs4925	gCt	gAt	A	D	112  	.   0.06	4yqvC  136  A
ENSP00000406708	    rs4925	gCt	gAt	A	D	112  	.   0.06	5uehA  138  A
ENSP00000406708	    rs4925	gCt	gAt	A	D	112  	.   0.06	5v3qA  138  A
ENSP00000406708	rs11509436	tCt	tGt	S	C	58   	.   0.01	1eemA   82  S
ENSP00000406708	rs11509436	tCt	tGt	S	C	58   	.   0.01	3lflA   82  S
ENSP00000406708	rs11509436	tCt	tGt	S	C	58   	.   0.01	3lflB   82  S
ENSP00000406708	rs11509436	tCt	tGt	S	C	58   	.   0.01	3lflC   82  S
ENSP00000406708	rs11509436	tCt	tGt	S	C	58   	.   0.01	3vlnA   84  S
ENSP00000406708	rs11509436	tCt	tGt	S	C	58   	.   0.01	4is0A   83  S
ENSP00000406708	rs11509436	tCt	tGt	S	C	58   	.   0.01	4yqmA   82  S
ENSP00000406708	rs11509436	tCt	tGt	S	C	58   	.   0.01	4yqmB   82  S
ENSP00000406708	rs11509436	tCt	tGt	S	C	58   	.   0.01	4yqmC   82  S
ENSP00000406708	rs11509436	tCt	tGt	S	C	58   	.   0.01	4yquA   83  S
ENSP00000406708	rs11509436	tCt	tGt	S	C	58   	.   0.01	4yquB   82  S
ENSP00000406708	rs11509436	tCt	tGt	S	C	58   	.   0.01	4yqvA   82  S
ENSP00000406708	rs11509436	tCt	tGt	S	C	58   	.   0.01	4yqvB   82  S
ENSP00000406708	rs11509436	tCt	tGt	S	C	58   	.   0.01	4yqvC   82  S
ENSP00000406708	rs11509436	tCt	tGt	S	C	58   	.   0.01	5uehA   84  S
ENSP00000406708	rs11509436	tCt	tGt	S	C	58   	.   0.01	5v3qA   84  S
ENSP00000406708	rs78978552	gtC	gtT	V	V	184  	.   0.02	1eemA  208  V
ENSP00000406708	rs78978552	gtC	gtT	V	V	184  	.   0.02	3lflA  207  V
ENSP00000406708	rs78978552	gtC	gtT	V	V	184  	.   0.02	3lflB  207  V
ENSP00000406708	rs78978552	gtC	gtT	V	V	184  	.   0.02	3lflC  207  V
ENSP00000406708	rs78978552	gtC	gtT	V	V	184  	.   0.02	3vlnA  210  V
ENSP00000406708	rs78978552	gtC	gtT	V	V	184  	.   0.02	4is0A  209  V
ENSP00000406708	rs78978552	gtC	gtT	V	V	184  	.   0.02	4yqmA  208  V
ENSP00000406708	rs78978552	gtC	gtT	V	V	184  	.   0.02	4yqmB  208  V
ENSP00000406708	rs78978552	gtC	gtT	V	V	184  	.   0.02	4yqmC  208  V
ENSP00000406708	rs78978552	gtC	gtT	V	V	184  	.   0.02	4yquA  206  V
ENSP00000406708	rs78978552	gtC	gtT	V	V	184  	.   0.02	4yquB  206  V
ENSP00000406708	rs78978552	gtC	gtT	V	V	184  	.   0.02	4yqvA  208  V
ENSP00000406708	rs78978552	gtC	gtT	V	V	184  	.   0.02	4yqvB  208  V
ENSP00000406708	rs78978552	gtC	gtT	V	V	184  	.   0.02	4yqvC  208  V
ENSP00000406708	rs78978552	gtC	gtT	V	V	184  	.   0.02	5uehA  210  V
ENSP00000406708	rs78978552	gtC	gtT	V	V	184  	.   0.02	5v3qA  210  V
ENSP00000406732	 rs2296354	gaT	gaC	D	D	3    	*   0.65	1zsgA    3  D
ENSP00000406732	 rs2296354	gaT	gaC	D	D	3    	*   0.65	2ak5B    1  G
ENSP00000406732	 rs2296354	gaT	gaC	D	D	3    	*   0.65	2df6A    3  L
ENSP00000406732	 rs2296354	gaT	gaC	D	D	3    	*   0.65	2df6B    3  L
ENSP00000406732	 rs2296354	gaT	gaC	D	D	3    	*   0.65	2g6fA    3  L
ENSP00000406739	 rs1129640	gtA	gtG	V	V	16   	.   0.01	1t6nA   73  L
ENSP00000406739	 rs1129640	gtA	gtG	V	V	16   	.   0.01	1t6nB   73  L
ENSP00000406739	 rs1129640	gtA	gtG	V	V	16   	.   0.01	1xtiA   72  L
ENSP00000406739	 rs1129640	gtA	gtG	V	V	16   	.   0.01	1xtjA   73  L
ENSP00000406739	 rs1129640	gtA	gtG	V	V	16   	.   0.01	1xtkA   72  L
ENSP00000406739	rs55799418	caC	caT	H	H	120  	.   0.02	1t6nA  177  E
ENSP00000406739	rs55799418	caC	caT	H	H	120  	.   0.02	1t6nB  177  E
ENSP00000406739	rs55799418	caC	caT	H	H	120  	.   0.02	1xtiA  176  E
ENSP00000406739	rs55799418	caC	caT	H	H	120  	.   0.02	1xtjA  177  E
ENSP00000406739	rs55799418	caC	caT	H	H	120  	.   0.02	1xtkA  176  E
ENSP00000406757	rs59683852	Cca	Tca	P	S	332  	.   0.12	3jusA  374  P
ENSP00000406757	rs59683852	Cca	Tca	P	S	332  	.   0.12	3jusB  374  P
ENSP00000406757	rs59683852	Cca	Tca	P	S	332  	.   0.12	3juvA  377  P
ENSP00000406757	rs59683852	Cca	Tca	P	S	332  	.   0.12	3ld6A  374  P
ENSP00000406757	rs59683852	Cca	Tca	P	S	332  	.   0.12	3ld6B  374  P
ENSP00000406757	rs59683852	Cca	Tca	P	S	332  	.   0.12	4uhiA  371  P
ENSP00000406757	rs59683852	Cca	Tca	P	S	332  	.   0.12	4uhiB  371  P
ENSP00000406757	rs59683852	Cca	Tca	P	S	332  	.   0.12	4uhiC  371  P
ENSP00000406757	rs59683852	Cca	Tca	P	S	332  	.   0.12	4uhiD  371  P
ENSP00000406757	rs59683852	Cca	Tca	P	S	332  	.   0.12	4uhlA  374  P
ENSP00000406757	rs59683852	Cca	Tca	P	S	332  	.   0.12	4uhlB  374  P
ENSP00000406757	rs59683852	Cca	Tca	P	S	332  	.   0.12	4uhlC  374  P
ENSP00000406757	rs59683852	Cca	Tca	P	S	332  	.   0.12	4uhlD  374  P
ENSP00000406757	rs59683852	Cca	Tca	P	S	332  	.   0.12	4uhlE  374  P
ENSP00000406757	rs59683852	Cca	Tca	P	S	332  	.   0.12	4uhlF  374  P
ENSP00000406757	rs59683852	Cca	Tca	P	S	332  	.   0.12	4uhlG  374  P
ENSP00000406757	rs59683852	Cca	Tca	P	S	332  	.   0.12	4uhlH  374  P
ENSP00000406757	rs72552785	acA	acG	T	T	80   	.   0.01	3jusA  122  T
ENSP00000406757	rs72552785	acA	acG	T	T	80   	.   0.01	3jusB  122  T
ENSP00000406757	rs72552785	acA	acG	T	T	80   	.   0.01	3juvA  125  T
ENSP00000406757	rs72552785	acA	acG	T	T	80   	.   0.01	3ld6A  122  T
ENSP00000406757	rs72552785	acA	acG	T	T	80   	.   0.01	3ld6B  122  T
ENSP00000406757	rs72552785	acA	acG	T	T	80   	.   0.01	4uhiA  119  T
ENSP00000406757	rs72552785	acA	acG	T	T	80   	.   0.01	4uhiB  119  T
ENSP00000406757	rs72552785	acA	acG	T	T	80   	.   0.01	4uhiC  119  T
ENSP00000406757	rs72552785	acA	acG	T	T	80   	.   0.01	4uhiD  119  T
ENSP00000406757	rs72552785	acA	acG	T	T	80   	.   0.01	4uhlA  122  T
ENSP00000406757	rs72552785	acA	acG	T	T	80   	.   0.01	4uhlB  122  T
ENSP00000406757	rs72552785	acA	acG	T	T	80   	.   0.01	4uhlC  122  T
ENSP00000406757	rs72552785	acA	acG	T	T	80   	.   0.01	4uhlD  122  T
ENSP00000406757	rs72552785	acA	acG	T	T	80   	.   0.01	4uhlE  122  T
ENSP00000406757	rs72552785	acA	acG	T	T	80   	.   0.01	4uhlF  122  T
ENSP00000406757	rs72552785	acA	acG	T	T	80   	.   0.01	4uhlG  122  T
ENSP00000406757	rs72552785	acA	acG	T	T	80   	.   0.01	4uhlH  122  T
ENSP00000406757	rs72552785	acA	acC	T	T	80   	.   0.01	3jusA  122  T
ENSP00000406757	rs72552785	acA	acC	T	T	80   	.   0.01	3jusB  122  T
ENSP00000406757	rs72552785	acA	acC	T	T	80   	.   0.01	3juvA  125  T
ENSP00000406757	rs72552785	acA	acC	T	T	80   	.   0.01	3ld6A  122  T
ENSP00000406757	rs72552785	acA	acC	T	T	80   	.   0.01	3ld6B  122  T
ENSP00000406757	rs72552785	acA	acC	T	T	80   	.   0.01	4uhiA  119  T
ENSP00000406757	rs72552785	acA	acC	T	T	80   	.   0.01	4uhiB  119  T
ENSP00000406757	rs72552785	acA	acC	T	T	80   	.   0.01	4uhiC  119  T
ENSP00000406757	rs72552785	acA	acC	T	T	80   	.   0.01	4uhiD  119  T
ENSP00000406757	rs72552785	acA	acC	T	T	80   	.   0.01	4uhlA  122  T
ENSP00000406757	rs72552785	acA	acC	T	T	80   	.   0.01	4uhlB  122  T
ENSP00000406757	rs72552785	acA	acC	T	T	80   	.   0.01	4uhlC  122  T
ENSP00000406757	rs72552785	acA	acC	T	T	80   	.   0.01	4uhlD  122  T
ENSP00000406757	rs72552785	acA	acC	T	T	80   	.   0.01	4uhlE  122  T
ENSP00000406757	rs72552785	acA	acC	T	T	80   	.   0.01	4uhlF  122  T
ENSP00000406757	rs72552785	acA	acC	T	T	80   	.   0.01	4uhlG  122  T
ENSP00000406757	rs72552785	acA	acC	T	T	80   	.   0.01	4uhlH  122  T
ENSP00000406776	 rs1042337	aCt	aTt	T	I	79   	.   0.01	1hdmB  170  I
ENSP00000406776	 rs1042337	aCt	aTt	T	I	79   	.   0.01	1k8iB  178  S
ENSP00000406776	 rs1042337	aCt	aTt	T	I	79   	.   0.01	2bc4B  177  I
ENSP00000406776	 rs1042337	aCt	aTt	T	I	79   	.   0.01	2bc4D  177  I
ENSP00000406776	 rs1042337	aCt	aTt	T	I	79   	.   0.01	4fqxB  177  I
ENSP00000406776	 rs1042337	aCt	aTt	T	I	79   	.   0.01	4gbxB  177  I
ENSP00000406776	 rs1042337	aCt	aTt	T	I	79   	.   0.01	4i0pB  173  I
ENSP00000406776	 rs1042337	aCt	aTt	T	I	79   	.   0.01	4i0pF  173  I
ENSP00000406791	 rs3730477	Cgg	Tgg	R	W	161  	.   0.02	1rztM  190  R
ENSP00000406791	 rs3730477	Cgg	Tgg	R	W	161  	.   0.02	1rztN  189  R
ENSP00000406791	 rs3730477	Cgg	Tgg	R	W	161  	.   0.02	1rztO  189  R
ENSP00000406791	 rs3730477	Cgg	Tgg	R	W	161  	.   0.02	1rztP  190  R
ENSP00000406791	 rs3730477	Cgg	Tgg	R	W	161  	.   0.02	1xslM  190  R
ENSP00000406791	 rs3730477	Cgg	Tgg	R	W	161  	.   0.02	1xslN  188  R
ENSP00000406791	 rs3730477	Cgg	Tgg	R	W	161  	.   0.02	1xslO  189  R
ENSP00000406791	 rs3730477	Cgg	Tgg	R	W	161  	.   0.02	1xslP  190  R
ENSP00000406791	 rs3730477	Cgg	Tgg	R	W	161  	.   0.02	1xsnD  187  R
ENSP00000406791	 rs3730477	Cgg	Tgg	R	W	161  	.   0.02	1xspD  190  R
ENSP00000406791	 rs3730477	Cgg	Tgg	R	W	161  	.   0.02	2bcqD  187  R
ENSP00000406791	 rs3730477	Cgg	Tgg	R	W	161  	.   0.02	2bcrD  188  R
ENSP00000406791	 rs3730477	Cgg	Tgg	R	W	161  	.   0.02	2bcsD  187  R
ENSP00000406791	 rs3730477	Cgg	Tgg	R	W	161  	.   0.02	2bcuD  189  R
ENSP00000406791	 rs3730477	Cgg	Tgg	R	W	161  	.   0.02	2bcvD  186  R
ENSP00000406791	 rs3730477	Cgg	Tgg	R	W	161  	.   0.02	2gwsM  190  R
ENSP00000406791	 rs3730477	Cgg	Tgg	R	W	161  	.   0.02	2gwsN  189  R
ENSP00000406791	 rs3730477	Cgg	Tgg	R	W	161  	.   0.02	2gwsO  189  R
ENSP00000406791	 rs3730477	Cgg	Tgg	R	W	161  	.   0.02	2gwsP  189  R
ENSP00000406791	 rs3730477	Cgg	Tgg	R	W	161  	.   0.02	2pfnD  188  R
ENSP00000406791	 rs3730477	Cgg	Tgg	R	W	161  	.   0.02	2pfoD  186  R
ENSP00000406791	 rs3730477	Cgg	Tgg	R	W	161  	.   0.02	2pfpD  189  R
ENSP00000406791	 rs3730477	Cgg	Tgg	R	W	161  	.   0.02	2pfqD  187  R
ENSP00000406791	 rs3730477	Cgg	Tgg	R	W	161  	.   0.02	3c5fG  189  R
ENSP00000406791	 rs3730477	Cgg	Tgg	R	W	161  	.   0.02	3c5fH  189  R
ENSP00000406791	 rs3730477	Cgg	Tgg	R	W	161  	.   0.02	3c5gA  190  R
ENSP00000406791	 rs3730477	Cgg	Tgg	R	W	161  	.   0.02	3c5gE  194  R
ENSP00000406791	 rs3730477	Cgg	Tgg	R	W	161  	.   0.02	3hw8A  190  R
ENSP00000406791	 rs3730477	Cgg	Tgg	R	W	161  	.   0.02	3hwtA  182  R
ENSP00000406791	 rs3730477	Cgg	Tgg	R	W	161  	.   0.02	3hx0A  193  R
ENSP00000406791	 rs3730477	Cgg	Tgg	R	W	161  	.   0.02	3hx0E  192  R
ENSP00000406791	 rs3730477	Cgg	Tgg	R	W	161  	.   0.02	3hx0I  190  R
ENSP00000406791	 rs3730477	Cgg	Tgg	R	W	161  	.   0.02	3hx0M  190  R
ENSP00000406791	 rs3730477	Cgg	Tgg	R	W	161  	.   0.02	3mdaA  188  R
ENSP00000406791	 rs3730477	Cgg	Tgg	R	W	161  	.   0.02	3mdcA  185  R
ENSP00000406791	 rs3730477	Cgg	Tgg	R	W	161  	.   0.02	3mghA  190  R
ENSP00000406791	 rs3730477	Cgg	Tgg	R	W	161  	.   0.02	3mghE  189  R
ENSP00000406791	 rs3730477	Cgg	Tgg	R	W	161  	.   0.02	3mgiA  187  R
ENSP00000406791	 rs3730477	Cgg	Tgg	R	W	161  	.   0.02	3pmlA  190  R
ENSP00000406791	 rs3730477	Cgg	Tgg	R	W	161  	.   0.02	3pmlB  192  R
ENSP00000406791	 rs3730477	Cgg	Tgg	R	W	161  	.   0.02	3pmnA  190  R
ENSP00000406791	 rs3730477	Cgg	Tgg	R	W	161  	.   0.02	3pncA  189  R
ENSP00000406791	 rs3730477	Cgg	Tgg	R	W	161  	.   0.02	3upqA  187  R
ENSP00000406791	 rs3730477	Cgg	Tgg	R	W	161  	.   0.02	3uq0A  188  R
ENSP00000406791	 rs3730477	Cgg	Tgg	R	W	161  	.   0.02	3uq2A  186  R
ENSP00000406791	 rs3730477	Cgg	Tgg	R	W	161  	.   0.02	4k4gA  189  R
ENSP00000406791	 rs3730477	Cgg	Tgg	R	W	161  	.   0.02	4k4gE  190  R
ENSP00000406791	 rs3730477	Cgg	Tgg	R	W	161  	.   0.02	4k4gI  189  R
ENSP00000406791	 rs3730477	Cgg	Tgg	R	W	161  	.   0.02	4k4gM  190  R
ENSP00000406791	 rs3730477	Cgg	Tgg	R	W	161  	.   0.02	4k4hA  190  R
ENSP00000406791	 rs3730477	Cgg	Tgg	R	W	161  	.   0.02	4k4hE  190  R
ENSP00000406791	 rs3730477	Cgg	Tgg	R	W	161  	.   0.02	4k4hI  190  R
ENSP00000406791	 rs3730477	Cgg	Tgg	R	W	161  	.   0.02	4k4hM  190  R
ENSP00000406791	 rs3730477	Cgg	Tgg	R	W	161  	.   0.02	4k4iA  189  R
ENSP00000406791	 rs3730477	Cgg	Tgg	R	W	161  	.   0.02	4k4iE  190  R
ENSP00000406791	 rs3730477	Cgg	Tgg	R	W	161  	.   0.02	4k4iI  189  R
ENSP00000406791	 rs3730477	Cgg	Tgg	R	W	161  	.   0.02	4k4iM  190  R
ENSP00000406791	 rs3730477	Cgg	Tgg	R	W	161  	.   0.02	4x5vA  180  R
ENSP00000406791	 rs3730477	Cgg	Tgg	R	W	161  	.   0.02	4xa5A  186  R
ENSP00000406791	 rs3730477	Cgg	Tgg	R	W	161  	.   0.02	4xq8A  110  R
ENSP00000406791	 rs3730477	Cgg	Tgg	R	W	161  	.   0.02	4xq8B  107  R
ENSP00000406791	 rs3730477	Cgg	Tgg	R	W	161  	.   0.02	4xrhA  110  R
ENSP00000406791	 rs3730477	Cgg	Tgg	R	W	161  	.   0.02	4xrhB  106  R
ENSP00000406791	 rs3730477	Cgg	Tgg	R	W	161  	.   0.02	4xusA  187  R
ENSP00000406791	 rs3730477	Cgg	Tgg	R	W	161  	.   0.02	5ca7A  110  R
ENSP00000406791	 rs3730477	Cgg	Tgg	R	W	161  	.   0.02	5ca7B  106  R
ENSP00000406791	 rs3730477	Cgg	Tgg	R	W	161  	.   0.02	5cb1A  189  R
ENSP00000406791	 rs3730477	Cgg	Tgg	R	W	161  	.   0.02	5cb1B  108  R
ENSP00000406791	 rs3730477	Cgg	Tgg	R	W	161  	.   0.02	5chgA  109  R
ENSP00000406791	 rs3730477	Cgg	Tgg	R	W	161  	.   0.02	5chgB  106  R
ENSP00000406791	 rs3730477	Cgg	Tgg	R	W	161  	.   0.02	5cj7A  109  R
ENSP00000406791	 rs3730477	Cgg	Tgg	R	W	161  	.   0.02	5cj7B  106  R
ENSP00000406791	 rs3730477	Cgg	Tgg	R	W	161  	.   0.02	5cp2A  103  R
ENSP00000406791	 rs3730477	Cgg	Tgg	R	W	161  	.   0.02	5cp2B  109  R
ENSP00000406791	 rs3730477	Cgg	Tgg	R	W	161  	.   0.02	5cr0A  109  R
ENSP00000406791	 rs3730477	Cgg	Tgg	R	W	161  	.   0.02	5cr0B  106  R
ENSP00000406791	 rs3730477	Cgg	Tgg	R	W	161  	.   0.02	5cwrA  189  R
ENSP00000406791	 rs3730477	Cgg	Tgg	R	W	161  	.   0.02	5cwrD  189  R
ENSP00000406791	 rs3730477	Cgg	Tgg	R	W	161  	.   0.02	5ddmA  110  R
ENSP00000406791	 rs3730477	Cgg	Tgg	R	W	161  	.   0.02	5ddmB  105  R
ENSP00000406791	 rs3730477	Cgg	Tgg	R	W	161  	.   0.02	5ddyA  190  R
ENSP00000406791	 rs3730477	Cgg	Tgg	R	W	161  	.   0.02	5ddyB  190  R
ENSP00000406791	 rs3730477	Cgg	Tgg	R	W	161  	.   0.02	5ddyC  107  R
ENSP00000406791	 rs3730477	Cgg	Tgg	R	W	161  	.   0.02	5ddyD  107  R
ENSP00000406791	 rs3730477	Cgg	Tgg	R	W	161  	.   0.02	5dkwA  190  R
ENSP00000406791	 rs3730477	Cgg	Tgg	R	W	161  	.   0.02	5dkwB  190  R
ENSP00000406791	 rs3730477	Cgg	Tgg	R	W	161  	.   0.02	5iiiA  187  R
ENSP00000406791	 rs3730477	Cgg	Tgg	R	W	161  	.   0.02	5iijA  187  R
ENSP00000406791	 rs3730477	Cgg	Tgg	R	W	161  	.   0.02	5iikA  189  R
ENSP00000406791	 rs3730477	Cgg	Tgg	R	W	161  	.   0.02	5iilA  189  R
ENSP00000406791	 rs3730477	Cgg	Tgg	R	W	161  	.   0.02	5iimA  189  R
ENSP00000406791	 rs3730477	Cgg	Tgg	R	W	161  	.   0.02	5iinA  189  R
ENSP00000406791	 rs3730477	Cgg	Tgg	R	W	161  	.   0.02	5iioM  190  R
ENSP00000406791	 rs3730477	Cgg	Tgg	R	W	161  	.   0.02	5iioN  188  R
ENSP00000406791	 rs3730477	Cgg	Tgg	R	W	161  	.   0.02	5iioO  189  R
ENSP00000406791	 rs3730477	Cgg	Tgg	R	W	161  	.   0.02	5iioP  190  R
ENSP00000406858	   rs17587	cGc	cAc	R	H	37   	.   0.01	3unfN   40  R
ENSP00000406858	   rs17587	cGc	cAc	R	H	37   	.   0.01	3unhN   40  R
ENSP00000406858	   rs17587	cGc	cAc	R	H	37   	.   0.01	6avoA   40  R
ENSP00000406858	   rs17587	cGc	cAc	R	H	37   	.   0.01	6avoF   40  R
ENSP00000406858	   rs17587	cGc	cTc	R	L	37   	.   0.01	3unfN   40  R
ENSP00000406858	   rs17587	cGc	cTc	R	L	37   	.   0.01	3unhN   40  R
ENSP00000406858	   rs17587	cGc	cTc	R	L	37   	.   0.01	6avoA   40  R
ENSP00000406858	   rs17587	cGc	cTc	R	L	37   	.   0.01	6avoF   40  R
ENSP00000406858	  rs241419	Gtt	Att	V	I	9    	.   0.01	3unfN   12  V
ENSP00000406858	  rs241419	Gtt	Att	V	I	9    	.   0.01	3unhN   12  V
ENSP00000406858	  rs241419	Gtt	Att	V	I	9    	.   0.01	6avoA   12  V
ENSP00000406858	  rs241419	Gtt	Att	V	I	9    	.   0.01	6avoF   12  V
ENSP00000406858	  rs241419	Gtt	Ctt	V	L	9    	.   0.01	3unfN   12  V
ENSP00000406858	  rs241419	Gtt	Ctt	V	L	9    	.   0.01	3unhN   12  V
ENSP00000406858	  rs241419	Gtt	Ctt	V	L	9    	.   0.01	6avoA   12  V
ENSP00000406858	  rs241419	Gtt	Ctt	V	L	9    	.   0.01	6avoF   12  V
ENSP00000406883	 rs2296984	gcA	gcG	A	A	1863 	.   0.02	2wm9A  210  A
ENSP00000406883	 rs2296984	gcA	gcG	A	A	1863 	.   0.02	2wmnA  208  A
ENSP00000406883	 rs2296984	gcA	gcG	A	A	1863 	.   0.02	2wmoA  208  A
ENSP00000406883	 rs2296984	gcA	gcC	A	A	1863 	.   0.02	2wm9A  210  A
ENSP00000406883	 rs2296984	gcA	gcC	A	A	1863 	.   0.02	2wmnA  208  A
ENSP00000406883	 rs2296984	gcA	gcC	A	A	1863 	.   0.02	2wmoA  208  A
ENSP00000406951	 rs1143684	Ctt	Ttt	L	F	47   	.   0.01	1qr2A   46  F
ENSP00000406951	 rs1143684	Ctt	Ttt	L	F	47   	.   0.01	1qr2B   46  F
ENSP00000406951	 rs1143684	Ctt	Ttt	L	F	47   	.   0.01	1sg0A   46  F
ENSP00000406951	 rs1143684	Ctt	Ttt	L	F	47   	.   0.01	1sg0B   46  F
ENSP00000406951	 rs1143684	Ctt	Ttt	L	F	47   	.   0.01	1xi2A   46  F
ENSP00000406951	 rs1143684	Ctt	Ttt	L	F	47   	.   0.01	1xi2B   46  F
ENSP00000406951	 rs1143684	Ctt	Ttt	L	F	47   	.   0.01	1zx1A   46  F
ENSP00000406951	 rs1143684	Ctt	Ttt	L	F	47   	.   0.01	1zx1B   45  F
ENSP00000406951	 rs1143684	Ctt	Ttt	L	F	47   	.   0.01	2bzsA   46  F
ENSP00000406951	 rs1143684	Ctt	Ttt	L	F	47   	.   0.01	2bzsB   46  F
ENSP00000406951	 rs1143684	Ctt	Ttt	L	F	47   	.   0.01	2qmyA   46  F
ENSP00000406951	 rs1143684	Ctt	Ttt	L	F	47   	.   0.01	2qmyB   46  F
ENSP00000406951	 rs1143684	Ctt	Ttt	L	F	47   	.   0.01	2qmzA   46  F
ENSP00000406951	 rs1143684	Ctt	Ttt	L	F	47   	.   0.01	2qmzB   46  F
ENSP00000406951	 rs1143684	Ctt	Ttt	L	F	47   	.   0.01	2qr2A   46  F
ENSP00000406951	 rs1143684	Ctt	Ttt	L	F	47   	.   0.01	2qr2B   46  F
ENSP00000406951	 rs1143684	Ctt	Ttt	L	F	47   	.   0.01	2qwxA   46  F
ENSP00000406951	 rs1143684	Ctt	Ttt	L	F	47   	.   0.01	2qwxB   46  F
ENSP00000406951	 rs1143684	Ctt	Ttt	L	F	47   	.   0.01	2qx4A   46  F
ENSP00000406951	 rs1143684	Ctt	Ttt	L	F	47   	.   0.01	2qx4B   46  F
ENSP00000406951	 rs1143684	Ctt	Ttt	L	F	47   	.   0.01	2qx6A   46  F
ENSP00000406951	 rs1143684	Ctt	Ttt	L	F	47   	.   0.01	2qx6B   46  F
ENSP00000406951	 rs1143684	Ctt	Ttt	L	F	47   	.   0.01	2qx8A   46  F
ENSP00000406951	 rs1143684	Ctt	Ttt	L	F	47   	.   0.01	2qx8B   46  F
ENSP00000406951	 rs1143684	Ctt	Ttt	L	F	47   	.   0.01	2qx9A   46  F
ENSP00000406951	 rs1143684	Ctt	Ttt	L	F	47   	.   0.01	2qx9B   46  F
ENSP00000406951	 rs1143684	Ctt	Ttt	L	F	47   	.   0.01	3fw1A   45  F
ENSP00000406951	 rs1143684	Ctt	Ttt	L	F	47   	.   0.01	3g5mA   46  F
ENSP00000406951	 rs1143684	Ctt	Ttt	L	F	47   	.   0.01	3g5mB   46  F
ENSP00000406951	 rs1143684	Ctt	Ttt	L	F	47   	.   0.01	3gamA   46  F
ENSP00000406951	 rs1143684	Ctt	Ttt	L	F	47   	.   0.01	3gamB   46  F
ENSP00000406951	 rs1143684	Ctt	Ttt	L	F	47   	.   0.01	3nfrA   46  F
ENSP00000406951	 rs1143684	Ctt	Ttt	L	F	47   	.   0.01	3nfrB   46  F
ENSP00000406951	 rs1143684	Ctt	Ttt	L	F	47   	.   0.01	3nhfA   46  F
ENSP00000406951	 rs1143684	Ctt	Ttt	L	F	47   	.   0.01	3nhfB   46  F
ENSP00000406951	 rs1143684	Ctt	Ttt	L	F	47   	.   0.01	3nhjA   46  F
ENSP00000406951	 rs1143684	Ctt	Ttt	L	F	47   	.   0.01	3nhjB   46  F
ENSP00000406951	 rs1143684	Ctt	Ttt	L	F	47   	.   0.01	3nhkA   46  F
ENSP00000406951	 rs1143684	Ctt	Ttt	L	F	47   	.   0.01	3nhkB   46  F
ENSP00000406951	 rs1143684	Ctt	Ttt	L	F	47   	.   0.01	3nhlA   46  F
ENSP00000406951	 rs1143684	Ctt	Ttt	L	F	47   	.   0.01	3nhlB   46  F
ENSP00000406951	 rs1143684	Ctt	Ttt	L	F	47   	.   0.01	3nhpA   46  F
ENSP00000406951	 rs1143684	Ctt	Ttt	L	F	47   	.   0.01	3nhpB   46  F
ENSP00000406951	 rs1143684	Ctt	Ttt	L	F	47   	.   0.01	3nhrA   45  F
ENSP00000406951	 rs1143684	Ctt	Ttt	L	F	47   	.   0.01	3nhrB   46  F
ENSP00000406951	 rs1143684	Ctt	Ttt	L	F	47   	.   0.01	3nhsA   46  F
ENSP00000406951	 rs1143684	Ctt	Ttt	L	F	47   	.   0.01	3nhsB   46  F
ENSP00000406951	 rs1143684	Ctt	Ttt	L	F	47   	.   0.01	3nhuA   46  F
ENSP00000406951	 rs1143684	Ctt	Ttt	L	F	47   	.   0.01	3nhuB   46  F
ENSP00000406951	 rs1143684	Ctt	Ttt	L	F	47   	.   0.01	3nhwA   46  F
ENSP00000406951	 rs1143684	Ctt	Ttt	L	F	47   	.   0.01	3nhwB   46  F
ENSP00000406951	 rs1143684	Ctt	Ttt	L	F	47   	.   0.01	3nhyA   46  F
ENSP00000406951	 rs1143684	Ctt	Ttt	L	F	47   	.   0.01	3nhyB   46  F
ENSP00000406951	 rs1143684	Ctt	Ttt	L	F	47   	.   0.01	3o2nA   46  F
ENSP00000406951	 rs1143684	Ctt	Ttt	L	F	47   	.   0.01	3o2nB   46  F
ENSP00000406951	 rs1143684	Ctt	Ttt	L	F	47   	.   0.01	3o73A   46  F
ENSP00000406951	 rs1143684	Ctt	Ttt	L	F	47   	.   0.01	3o73B   46  F
ENSP00000406951	 rs1143684	Ctt	Ttt	L	F	47   	.   0.01	3ovmA   45  F
ENSP00000406951	 rs1143684	Ctt	Ttt	L	F	47   	.   0.01	3ovmB   45  F
ENSP00000406951	 rs1143684	Ctt	Ttt	L	F	47   	.   0.01	3owhA   45  F
ENSP00000406951	 rs1143684	Ctt	Ttt	L	F	47   	.   0.01	3owhB   45  F
ENSP00000406951	 rs1143684	Ctt	Ttt	L	F	47   	.   0.01	3owxA   45  F
ENSP00000406951	 rs1143684	Ctt	Ttt	L	F	47   	.   0.01	3owxB   45  F
ENSP00000406951	 rs1143684	Ctt	Ttt	L	F	47   	.   0.01	3ox1A   45  F
ENSP00000406951	 rs1143684	Ctt	Ttt	L	F	47   	.   0.01	3ox1B   45  F
ENSP00000406951	 rs1143684	Ctt	Ttt	L	F	47   	.   0.01	3ox2A   46  F
ENSP00000406951	 rs1143684	Ctt	Ttt	L	F	47   	.   0.01	3ox2B   46  F
ENSP00000406951	 rs1143684	Ctt	Ttt	L	F	47   	.   0.01	3ox3A   45  F
ENSP00000406951	 rs1143684	Ctt	Ttt	L	F	47   	.   0.01	3ox3B   45  F
ENSP00000406951	 rs1143684	Ctt	Ttt	L	F	47   	.   0.01	3te7A   45  F
ENSP00000406951	 rs1143684	Ctt	Ttt	L	F	47   	.   0.01	3te7B   45  F
ENSP00000406951	 rs1143684	Ctt	Ttt	L	F	47   	.   0.01	3temA   45  F
ENSP00000406951	 rs1143684	Ctt	Ttt	L	F	47   	.   0.01	3temB   45  F
ENSP00000406951	 rs1143684	Ctt	Ttt	L	F	47   	.   0.01	3tzbA   47  F
ENSP00000406951	 rs1143684	Ctt	Ttt	L	F	47   	.   0.01	3tzbB   45  F
ENSP00000406951	 rs1143684	Ctt	Ttt	L	F	47   	.   0.01	3tzbC   47  F
ENSP00000406951	 rs1143684	Ctt	Ttt	L	F	47   	.   0.01	3tzbD   45  F
ENSP00000406951	 rs1143684	Ctt	Ttt	L	F	47   	.   0.01	3uxeA   46  F
ENSP00000406951	 rs1143684	Ctt	Ttt	L	F	47   	.   0.01	3uxeB   46  F
ENSP00000406951	 rs1143684	Ctt	Ttt	L	F	47   	.   0.01	3uxhA   46  F
ENSP00000406951	 rs1143684	Ctt	Ttt	L	F	47   	.   0.01	3uxhB   46  F
ENSP00000406951	 rs1143684	Ctt	Ttt	L	F	47   	.   0.01	4fgjA   46  F
ENSP00000406951	 rs1143684	Ctt	Ttt	L	F	47   	.   0.01	4fgjB   46  F
ENSP00000406951	 rs1143684	Ctt	Ttt	L	F	47   	.   0.01	4fgkA   46  F
ENSP00000406951	 rs1143684	Ctt	Ttt	L	F	47   	.   0.01	4fgkB   46  F
ENSP00000406951	 rs1143684	Ctt	Ttt	L	F	47   	.   0.01	4fglA   46  F
ENSP00000406951	 rs1143684	Ctt	Ttt	L	F	47   	.   0.01	4fglB   46  F
ENSP00000406951	 rs1143684	Ctt	Ttt	L	F	47   	.   0.01	4fglC   46  F
ENSP00000406951	 rs1143684	Ctt	Ttt	L	F	47   	.   0.01	4fglD   49  F
ENSP00000406951	 rs1143684	Ctt	Ttt	L	F	47   	.   0.01	4gqiA   46  F
ENSP00000406951	 rs1143684	Ctt	Ttt	L	F	47   	.   0.01	4gqiB   46  F
ENSP00000406951	 rs1143684	Ctt	Ttt	L	F	47   	.   0.01	4gr9A   46  F
ENSP00000406951	 rs1143684	Ctt	Ttt	L	F	47   	.   0.01	4gr9B   46  F
ENSP00000406951	 rs1143684	Ctt	Ttt	L	F	47   	.   0.01	4qodA   45  F
ENSP00000406951	 rs1143684	Ctt	Ttt	L	F	47   	.   0.01	4qodB   45  F
ENSP00000406951	 rs1143684	Ctt	Ttt	L	F	47   	.   0.01	4qoeA   45  F
ENSP00000406951	 rs1143684	Ctt	Ttt	L	F	47   	.   0.01	4qoeB   45  F
ENSP00000406951	 rs1143684	Ctt	Ttt	L	F	47   	.   0.01	4qofA   44  F
ENSP00000406951	 rs1143684	Ctt	Ttt	L	F	47   	.   0.01	4qofB   44  F
ENSP00000406951	 rs1143684	Ctt	Ttt	L	F	47   	.   0.01	4qogA   45  F
ENSP00000406951	 rs1143684	Ctt	Ttt	L	F	47   	.   0.01	4qogB   45  F
ENSP00000406951	 rs1143684	Ctt	Ttt	L	F	47   	.   0.01	4qohA   45  F
ENSP00000406951	 rs1143684	Ctt	Ttt	L	F	47   	.   0.01	4qohB   45  F
ENSP00000406951	 rs1143684	Ctt	Ttt	L	F	47   	.   0.01	4qoiA   45  F
ENSP00000406951	 rs1143684	Ctt	Ttt	L	F	47   	.   0.01	4qoiB   45  F
ENSP00000406951	 rs1143684	Ctt	Ttt	L	F	47   	.   0.01	4qojA   45  F
ENSP00000406951	 rs1143684	Ctt	Ttt	L	F	47   	.   0.01	4qojB   45  F
ENSP00000406951	 rs1143684	Ctt	Ttt	L	F	47   	.   0.01	4u7fA   46  F
ENSP00000406951	 rs1143684	Ctt	Ttt	L	F	47   	.   0.01	4u7fB   46  F
ENSP00000406951	 rs1143684	Ctt	Ttt	L	F	47   	.   0.01	4u7gA   46  F
ENSP00000406951	 rs1143684	Ctt	Ttt	L	F	47   	.   0.01	4u7gB   46  F
ENSP00000406951	 rs1143684	Ctt	Ttt	L	F	47   	.   0.01	4u7hA   46  F
ENSP00000406951	 rs1143684	Ctt	Ttt	L	F	47   	.   0.01	4u7hB   46  F
ENSP00000406951	 rs1143684	Ctt	Ttt	L	F	47   	.   0.01	4xdgA   45  F
ENSP00000406951	 rs1143684	Ctt	Ttt	L	F	47   	.   0.01	4xdgB   45  F
ENSP00000406951	 rs1143684	Ctt	Ttt	L	F	47   	.   0.01	4xdhA   45  F
ENSP00000406951	 rs1143684	Ctt	Ttt	L	F	47   	.   0.01	4xdhB   46  F
ENSP00000406951	 rs1143684	Ctt	Ttt	L	F	47   	.   0.01	4zvkA   46  F
ENSP00000406951	 rs1143684	Ctt	Ttt	L	F	47   	.   0.01	4zvkB   46  F
ENSP00000406951	 rs1143684	Ctt	Ttt	L	F	47   	.   0.01	4zvlA   46  F
ENSP00000406951	 rs1143684	Ctt	Ttt	L	F	47   	.   0.01	4zvlB   46  F
ENSP00000406951	 rs1143684	Ctt	Ttt	L	F	47   	.   0.01	4zvmA   46  F
ENSP00000406951	 rs1143684	Ctt	Ttt	L	F	47   	.   0.01	4zvmB   46  F
ENSP00000406951	 rs1143684	Ctt	Ttt	L	F	47   	.   0.01	4zvnA   46  F
ENSP00000406951	 rs1143684	Ctt	Ttt	L	F	47   	.   0.01	4zvnB   46  F
ENSP00000406951	 rs1143684	Ctt	Ttt	L	F	47   	.   0.01	5bucA   46  F
ENSP00000406951	 rs1143684	Ctt	Ttt	L	F	47   	.   0.01	5bucB   46  F
ENSP00000406951	 rs1143684	Ctt	Ttt	L	F	47   	.   0.01	5lbtA   45  L
ENSP00000406951	 rs1143684	Ctt	Ttt	L	F	47   	.   0.01	5lbtB   45  L
ENSP00000406951	 rs1143684	Ctt	Ttt	L	F	47   	.   0.01	5lbuA   45  L
ENSP00000406951	 rs1143684	Ctt	Ttt	L	F	47   	.   0.01	5lbuB   45  L
ENSP00000406951	 rs1143684	Ctt	Ttt	L	F	47   	.   0.01	5lbwA   44  L
ENSP00000406951	 rs1143684	Ctt	Ttt	L	F	47   	.   0.01	5lbwB   45  L
ENSP00000406951	 rs1143684	Ctt	Ttt	L	F	47   	.   0.01	5lbyA   45  L
ENSP00000406951	 rs1143684	Ctt	Ttt	L	F	47   	.   0.01	5lbyB   45  L
ENSP00000406951	 rs1143684	Ctt	Ttt	L	F	47   	.   0.01	5lbzA   44  L
ENSP00000406951	 rs1143684	Ctt	Ttt	L	F	47   	.   0.01	5lbzB   44  L
ENSP00000407018	   rs14365	taT	taC	Y	Y	46   	.   0.01	1jwhC   41  Y
ENSP00000407018	   rs14365	taT	taC	Y	Y	46   	.   0.01	1jwhD   45  Y
ENSP00000407018	   rs14365	taT	taC	Y	Y	46   	.   0.01	1qf8A   40  Y
ENSP00000407018	   rs14365	taT	taC	Y	Y	46   	.   0.01	1qf8B   41  Y
ENSP00000407018	   rs14365	taT	taC	Y	Y	46   	.   0.01	1rqfA   40  Y
ENSP00000407018	   rs14365	taT	taC	Y	Y	46   	.   0.01	1rqfB   41  Y
ENSP00000407018	   rs14365	taT	taC	Y	Y	46   	.   0.01	1rqfC   41  Y
ENSP00000407018	   rs14365	taT	taC	Y	Y	46   	.   0.01	1rqfD   41  Y
ENSP00000407018	   rs14365	taT	taC	Y	Y	46   	.   0.01	1rqfE   42  Y
ENSP00000407018	   rs14365	taT	taC	Y	Y	46   	.   0.01	1rqfF   40  Y
ENSP00000407018	   rs14365	taT	taC	Y	Y	46   	.   0.01	1rqfG   41  Y
ENSP00000407018	   rs14365	taT	taC	Y	Y	46   	.   0.01	1rqfH   45  Y
ENSP00000407018	   rs14365	taT	taC	Y	Y	46   	.   0.01	2r6mA   40  Y
ENSP00000407018	   rs14365	taT	taC	Y	Y	46   	.   0.01	2r6mB   40  Y
ENSP00000407018	   rs14365	taT	taC	Y	Y	46   	.   0.01	3eedA   41  Y
ENSP00000407018	   rs14365	taT	taC	Y	Y	46   	.   0.01	3eedB   41  Y
ENSP00000407018	   rs14365	taT	taC	Y	Y	46   	.   0.01	4dglA   39  Y
ENSP00000407018	   rs14365	taT	taC	Y	Y	46   	.   0.01	4dglB   40  Y
ENSP00000407018	   rs14365	taT	taC	Y	Y	46   	.   0.01	4md7A   41  Y
ENSP00000407018	   rs14365	taT	taC	Y	Y	46   	.   0.01	4md7B   40  Y
ENSP00000407018	   rs14365	taT	taC	Y	Y	46   	.   0.01	4md7C   41  Y
ENSP00000407018	   rs14365	taT	taC	Y	Y	46   	.   0.01	4md7D   40  Y
ENSP00000407018	   rs14365	taT	taC	Y	Y	46   	.   0.01	4md8A   41  Y
ENSP00000407018	   rs14365	taT	taC	Y	Y	46   	.   0.01	4md8B   40  Y
ENSP00000407018	   rs14365	taT	taC	Y	Y	46   	.   0.01	4md8C   41  Y
ENSP00000407018	   rs14365	taT	taC	Y	Y	46   	.   0.01	4md8D   40  Y
ENSP00000407018	   rs14365	taT	taC	Y	Y	46   	.   0.01	4md9A   40  Y
ENSP00000407018	   rs14365	taT	taC	Y	Y	46   	.   0.01	4md9B   41  Y
ENSP00000407018	   rs14365	taT	taC	Y	Y	46   	.   0.01	4md9C   41  Y
ENSP00000407018	   rs14365	taT	taC	Y	Y	46   	.   0.01	4md9D   41  Y
ENSP00000407018	   rs14365	taT	taC	Y	Y	46   	.   0.01	4md9I   40  Y
ENSP00000407018	   rs14365	taT	taC	Y	Y	46   	.   0.01	4md9J   40  Y
ENSP00000407018	   rs14365	taT	taC	Y	Y	46   	.   0.01	4md9N   40  Y
ENSP00000407018	   rs14365	taT	taC	Y	Y	46   	.   0.01	4md9O   40  Y
ENSP00000407018	   rs14365	taT	taC	Y	Y	46   	.   0.01	4nh1C   40  Y
ENSP00000407018	   rs14365	taT	taC	Y	Y	46   	.   0.01	4nh1D   40  Y
ENSP00000407054	 rs1129640	gtG	gtA	V	V	116  	.   0.01	1t6nA   72  V
ENSP00000407054	 rs1129640	gtG	gtA	V	V	116  	.   0.01	1t6nB   72  V
ENSP00000407054	 rs1129640	gtG	gtA	V	V	116  	.   0.01	1xtiA   71  V
ENSP00000407054	 rs1129640	gtG	gtA	V	V	116  	.   0.01	1xtjA   72  V
ENSP00000407054	 rs1129640	gtG	gtA	V	V	116  	.   0.01	1xtkA   71  V
ENSP00000407054	rs55799418	caC	caT	H	H	220  	.   0.01	1t6nA  176  H
ENSP00000407054	rs55799418	caC	caT	H	H	220  	.   0.01	1t6nB  176  H
ENSP00000407054	rs55799418	caC	caT	H	H	220  	.   0.01	1xtiA  175  H
ENSP00000407054	rs55799418	caC	caT	H	H	220  	.   0.01	1xtjA  176  H
ENSP00000407054	rs55799418	caC	caT	H	H	220  	.   0.01	1xtkA  175  H
ENSP00000407088	rs35273540	gGg	gAg	G	E	705  	.   0.05	1rlfA   61  G
