ENSP00000265174	 rs3733633	gaC	gaA	D	E	321  	.   0.05	1x6vA  284  D
ENSP00000265174	 rs3733633	gaC	gaA	D	E	321  	.   0.05	1x6vB  258  D
ENSP00000265174	 rs3733633	gaC	gaA	D	E	321  	.   0.05	1xjqA  288  D
ENSP00000265174	 rs3733633	gaC	gaA	D	E	321  	.   0.05	1xjqB  260  D
ENSP00000265174	 rs3733633	gaC	gaA	D	E	321  	.   0.05	1xnjA  288  D
ENSP00000265174	 rs3733633	gaC	gaA	D	E	321  	.   0.05	1xnjB  259  D
ENSP00000265174	 rs3733633	gaC	gaA	D	E	321  	.   0.05	2qjfA   89  D
ENSP00000265174	 rs3733633	gaC	gaA	D	E	321  	.   0.05	2qjfB   90  D
ENSP00000265174	 rs3733633	gaC	gaT	D	D	321  	.   0.05	1x6vA  284  D
ENSP00000265174	 rs3733633	gaC	gaT	D	D	321  	.   0.05	1x6vB  258  D
ENSP00000265174	 rs3733633	gaC	gaT	D	D	321  	.   0.05	1xjqA  288  D
ENSP00000265174	 rs3733633	gaC	gaT	D	D	321  	.   0.05	1xjqB  260  D
ENSP00000265174	 rs3733633	gaC	gaT	D	D	321  	.   0.05	1xnjA  288  D
ENSP00000265174	 rs3733633	gaC	gaT	D	D	321  	.   0.05	1xnjB  259  D
ENSP00000265174	 rs3733633	gaC	gaT	D	D	321  	.   0.05	2qjfA   89  D
ENSP00000265174	 rs3733633	gaC	gaT	D	D	321  	.   0.05	2qjfB   90  D
ENSP00000265293	 rs3822659	Tcc	Gcc	S	A	735  	.   0.04	2z0uA   77  S
ENSP00000265293	 rs3822659	Tcc	Gcc	S	A	735  	.   0.04	2z0uB   77  S
ENSP00000265293	 rs3822659	Tcc	Gcc	S	A	735  	.   0.04	6fb4A   79  S
ENSP00000265293	 rs3822659	Tcc	Gcc	S	A	735  	.   0.04	6fb4B   79  S
ENSP00000265293	 rs3822659	Tcc	Gcc	S	A	735  	.   0.04	6fd0A   79  A
ENSP00000265293	 rs3822659	Tcc	Gcc	S	A	735  	.   0.04	6fd0B   78  A
ENSP00000265293	 rs3822659	Tcc	Gcc	S	A	735  	.   0.04	6fjcA   80  S
ENSP00000265293	 rs3822659	Tcc	Gcc	S	A	735  	.   0.04	6fjcB   79  S
ENSP00000265293	 rs3822659	Tcc	Gcc	S	A	735  	.   0.04	6fjdA   79  S
ENSP00000265293	 rs3822659	Tcc	Gcc	S	A	735  	.   0.04	6fjdB   79  S
ENSP00000265316	 rs6727770	ctG	ctC	L	L	749  	.   0.05	3nh6A  195  L
ENSP00000265316	 rs6727770	ctG	ctC	L	L	749  	.   0.05	3nh9A  194  L
ENSP00000265316	 rs6727770	ctG	ctC	L	L	749  	.   0.05	3nhaA  199  L
ENSP00000265316	 rs6727770	ctG	ctC	L	L	749  	.   0.05	3nhbA  199  L
ENSP00000265316	rs13402964	cGa	cAa	R	Q	648  	.   0.01	3nh6A   94  R
ENSP00000265316	rs13402964	cGa	cAa	R	Q	648  	.   0.01	3nh9A   93  R
ENSP00000265316	rs13402964	cGa	cAa	R	Q	648  	.   0.01	3nhaA   98  R
ENSP00000265316	rs13402964	cGa	cAa	R	Q	648  	.   0.01	3nhbA   98  R
ENSP00000265322	 rs1429148	Gag	Aag	E	K	149  	.   0.01	1yxmA  143  E
ENSP00000265322	 rs1429148	Gag	Aag	E	K	149  	.   0.01	1yxmB  142  E
ENSP00000265322	 rs1429148	Gag	Aag	E	K	149  	.   0.01	1yxmC  127  E
ENSP00000265322	 rs1429148	Gag	Aag	E	K	149  	.   0.01	1yxmD  137  E
ENSP00000265371	 rs2070296	gtG	gtC	V	V	179  	.   0.01	2qqmA   35  A
ENSP00000265371	 rs2070296	gtG	gtC	V	V	179  	.   0.01	4gz9A  155  A
ENSP00000265371	 rs2070296	gtG	gtA	V	V	179  	.   0.01	2qqmA   35  A
ENSP00000265371	 rs2070296	gtG	gtA	V	V	179  	.   0.01	4gz9A  155  A
ENSP00000265404	rs12507679	aaC	aaG	N	K	127  	.   0.08	1x1fA  119  N
ENSP00000265404	rs12507679	aaC	aaT	N	N	127  	.   0.08	1x1fA  119  N
ENSP00000265512	 rs1126671	Att	Gtt	I	V	309  	.   0.01	3cosA  308  V
ENSP00000265512	 rs1126671	Att	Gtt	I	V	309  	.   0.01	3cosB  308  V
ENSP00000265512	 rs1126671	Att	Gtt	I	V	309  	.   0.01	3cosC  308  V
ENSP00000265512	 rs1126671	Att	Gtt	I	V	309  	.   0.01	3cosD  310  V
ENSP00000265512	 rs1126672	Ctg	Ttg	L	L	351  	.   0.01	3cosA  350  L
ENSP00000265512	 rs1126672	Ctg	Ttg	L	L	351  	.   0.01	3cosB  350  L
ENSP00000265512	 rs1126672	Ctg	Ttg	L	L	351  	.   0.01	3cosC  350  L
ENSP00000265512	 rs1126672	Ctg	Ttg	L	L	351  	.   0.01	3cosD  352  L
ENSP00000265512	rs29001219	cGt	cAt	R	H	318  	.   0.01	3cosA  317  R
ENSP00000265512	rs29001219	cGt	cAt	R	H	318  	.   0.01	3cosB  317  R
ENSP00000265512	rs29001219	cGt	cAt	R	H	318  	.   0.01	3cosC  317  R
ENSP00000265512	rs29001219	cGt	cAt	R	H	318  	.   0.01	3cosD  319  R
ENSP00000265512	rs35229514	aAa	aCa	K	T	132  	.   0.06	3cosA  131  K
ENSP00000265512	rs35229514	aAa	aCa	K	T	132  	.   0.06	3cosB  131  K
ENSP00000265512	rs35229514	aAa	aCa	K	T	132  	.   0.06	3cosC  131  K
ENSP00000265512	rs35229514	aAa	aCa	K	T	132  	.   0.06	3cosD  133  K
ENSP00000265512	rs61754857	Gag	Aag	E	K	70   	.   0.01	3cosA   69  E
ENSP00000265512	rs61754857	Gag	Aag	E	K	70   	.   0.01	3cosB   69  E
ENSP00000265512	rs61754857	Gag	Aag	E	K	70   	.   0.01	3cosC   69  E
ENSP00000265512	rs61754857	Gag	Aag	E	K	70   	.   0.01	3cosD   71  E
ENSP00000265512	rs61734620	tGc	tAc	C	Y	47   	.    0.0	3cosA   46  C
ENSP00000265512	rs61734620	tGc	tAc	C	Y	47   	.    0.0	3cosB   46  C
ENSP00000265512	rs61734620	tGc	tAc	C	Y	47   	.    0.0	3cosC   46  C
ENSP00000265512	rs61734620	tGc	tAc	C	Y	47   	.    0.0	3cosD   48  C
ENSP00000265523	  rs699512	Gca	Aca	A	T	3    	*   0.72	1gcuA    3  A
ENSP00000265523	  rs699512	Gca	Aca	A	T	3    	*   0.72	1lc0A    3  T
ENSP00000265523	  rs699512	Gca	Aca	A	T	3    	*   0.72	1lc3A    3  T
ENSP00000265620	    rs7121	atC	atT	I	I	116  	.   0.02	1azsC   77  I
ENSP00000265620	    rs7121	atC	atT	I	I	116  	.   0.02	1aztA   75  I
ENSP00000265620	    rs7121	atC	atT	I	I	116  	.   0.02	1aztB   80  I
ENSP00000265620	    rs7121	atC	atT	I	I	116  	.   0.02	1cjkC   73  I
ENSP00000265620	    rs7121	atC	atT	I	I	116  	.   0.02	1cjtC   73  I
ENSP00000265620	    rs7121	atC	atT	I	I	116  	.   0.02	1cjuC   74  I
ENSP00000265620	    rs7121	atC	atT	I	I	116  	.   0.02	1cjvC   72  I
ENSP00000265620	    rs7121	atC	atT	I	I	116  	.   0.02	1cs4C   73  I
ENSP00000265620	    rs7121	atC	atT	I	I	116  	.   0.02	1culC   73  I
ENSP00000265620	    rs7121	atC	atT	I	I	116  	.   0.02	1tl7C   73  I
ENSP00000265620	    rs7121	atC	atT	I	I	116  	.   0.02	1u0hC   73  I
ENSP00000265620	    rs7121	atC	atT	I	I	116  	.   0.02	2gvdC   71  I
ENSP00000265620	    rs7121	atC	atT	I	I	116  	.   0.02	2gvzC   73  I
ENSP00000265620	    rs7121	atC	atT	I	I	116  	.   0.02	3c14C   74  I
ENSP00000265620	    rs7121	atC	atT	I	I	116  	.   0.02	3c15C   77  I
ENSP00000265620	    rs7121	atC	atT	I	I	116  	.   0.02	3c16C   74  I
ENSP00000265620	    rs7121	atC	atT	I	I	116  	.   0.02	3g82C   73  I
ENSP00000265620	    rs7121	atC	atT	I	I	116  	.   0.02	3maaC   74  I
ENSP00000265620	    rs7121	atC	atT	I	I	116  	.   0.02	3sn6A   95  I
ENSP00000265620	    rs7121	atC	atT	I	I	116  	.   0.02	6au6A   80  I
ENSP00000265621	    rs7121	atC	atT	I	I	148  	.   0.01	1azsC   77  I
ENSP00000265621	    rs7121	atC	atT	I	I	148  	.   0.01	1aztA   75  I
ENSP00000265621	    rs7121	atC	atT	I	I	148  	.   0.01	1aztB   80  I
ENSP00000265621	    rs7121	atC	atT	I	I	148  	.   0.01	1cjkC   73  I
ENSP00000265621	    rs7121	atC	atT	I	I	148  	.   0.01	1cjtC   73  I
ENSP00000265621	    rs7121	atC	atT	I	I	148  	.   0.01	1cjuC   74  I
ENSP00000265621	    rs7121	atC	atT	I	I	148  	.   0.01	1cjvC   72  I
ENSP00000265621	    rs7121	atC	atT	I	I	148  	.   0.01	1cs4C   73  I
ENSP00000265621	    rs7121	atC	atT	I	I	148  	.   0.01	1culC   73  I
ENSP00000265621	    rs7121	atC	atT	I	I	148  	.   0.01	1tl7C   73  I
ENSP00000265621	    rs7121	atC	atT	I	I	148  	.   0.01	1u0hC   73  I
ENSP00000265621	    rs7121	atC	atT	I	I	148  	.   0.01	2gvdC   71  I
ENSP00000265621	    rs7121	atC	atT	I	I	148  	.   0.01	2gvzC   73  I
ENSP00000265621	    rs7121	atC	atT	I	I	148  	.   0.01	3c14C   74  I
ENSP00000265621	    rs7121	atC	atT	I	I	148  	.   0.01	3c15C   77  I
ENSP00000265621	    rs7121	atC	atT	I	I	148  	.   0.01	3c16C   74  I
ENSP00000265621	    rs7121	atC	atT	I	I	148  	.   0.01	3g82C   73  I
ENSP00000265621	    rs7121	atC	atT	I	I	148  	.   0.01	3maaC   74  I
ENSP00000265621	    rs7121	atC	atT	I	I	148  	.   0.01	3sn6A   95  I
ENSP00000265621	    rs7121	atC	atT	I	I	148  	.   0.01	6au6A   80  I
ENSP00000265857	   rs13171	gcC	gcG	A	A	197  	.   0.01	6au8A  172  A
ENSP00000265857	   rs13171	gcC	gcT	A	A	197  	.   0.01	6au8A  172  A
ENSP00000265866	rs144723762	agA	agG	R	R	232  	.   0.01	2hgnA   40  R
ENSP00000266000	rs61737694	Gtc	Atc	V	I	375  	.   0.07	4h9nC  194  V
ENSP00000266000	rs61737694	Gtc	Atc	V	I	375  	.   0.07	4h9oC  194  V
ENSP00000266000	rs61737694	Gtc	Atc	V	I	375  	.   0.07	4h9pC  194  V
ENSP00000266000	rs61737694	Gtc	Atc	V	I	375  	.   0.07	4h9qC  194  V
ENSP00000266000	rs61737694	Gtc	Atc	V	I	375  	.   0.07	4h9rC  194  V
ENSP00000266000	rs61737694	Gtc	Atc	V	I	375  	.   0.07	4h9sE  187  V
ENSP00000266000	rs61737694	Gtc	Atc	V	I	375  	.   0.07	4h9sF  190  V
ENSP00000266000	rs61737694	Gtc	Atc	V	I	375  	.   0.07	4hgaA  195  V
ENSP00000266000	rs61737694	Gtc	Atc	V	I	375  	.   0.07	5kdmC  194  V
ENSP00000266269	 rs2240424	gaA	gaC	E	D	685  	*   0.68	2yt9A   93  S
ENSP00000266544	rs34076756	cCg	cTg	P	L	294  	.   0.03	5gupL  255  P
ENSP00000266544	rs34076756	cCg	cTg	P	L	294  	.   0.03	5xtbI  255  P
ENSP00000266544	rs34076756	cCg	cTg	P	L	294  	.   0.03	5xtdI  255  P
ENSP00000266544	rs34076756	cCg	cTg	P	L	294  	.   0.03	5xthI  255  P
ENSP00000266544	rs34076756	cCg	cTg	P	L	294  	.   0.03	5xtiI  255  P
ENSP00000266556	 rs7295376	Ggg	Agg	G	R	151  	.   0.08	5opiC   94  G
ENSP00000266556	 rs7295376	Ggg	Agg	G	R	151  	.   0.08	5werC   84  G
ENSP00000266556	 rs7295376	Ggg	Agg	G	R	151  	.   0.08	5werF   80  G
ENSP00000266556	 rs7295376	Ggg	Agg	G	R	151  	.   0.08	5werI   77  G
ENSP00000266556	 rs7295376	Ggg	Agg	G	R	151  	.   0.08	5werL   76  G
ENSP00000266556	 rs7295376	Ggg	Cgg	G	R	151  	.   0.08	5opiC   94  G
ENSP00000266556	 rs7295376	Ggg	Cgg	G	R	151  	.   0.08	5werC   84  G
ENSP00000266556	 rs7295376	Ggg	Cgg	G	R	151  	.   0.08	5werF   80  G
ENSP00000266556	 rs7295376	Ggg	Cgg	G	R	151  	.   0.08	5werI   77  G
ENSP00000266556	 rs7295376	Ggg	Cgg	G	R	151  	.   0.08	5werL   76  G
ENSP00000266556	 rs2532500	Acc	Gcc	T	A	165  	.    0.1	5werC   98  A
ENSP00000266556	 rs2532500	Acc	Gcc	T	A	165  	.    0.1	5werL   90  A
ENSP00000266556	 rs2532500	Acc	Tcc	T	S	165  	.    0.1	5werC   98  A
ENSP00000266556	 rs2532500	Acc	Tcc	T	S	165  	.    0.1	5werL   90  A
ENSP00000266556	 rs2041387	gCg	gTg	A	V	169  	.   0.07	5werC  102  V
ENSP00000266556	 rs2041387	gCg	gTg	A	V	169  	.   0.07	5werF   94  A
ENSP00000266556	 rs2041387	gCg	gTg	A	V	169  	.   0.07	5werI   92  V
ENSP00000266556	 rs2041387	gCg	gTg	A	V	169  	.   0.07	5werL   94  V
ENSP00000266880	 rs2306537	Ttg	Atg	L	M	528  	.   0.01	2xocA  119  L
ENSP00000266880	 rs2306537	Ttg	Atg	L	M	528  	.   0.01	2xocB  118  L
ENSP00000266880	 rs2306537	Ttg	Atg	L	M	528  	.   0.01	2xoyA  119  L
ENSP00000266880	 rs2306537	Ttg	Atg	L	M	528  	.   0.01	2xoyB  119  L
ENSP00000266880	 rs2306537	Ttg	Atg	L	M	528  	.   0.01	2xozA  119  L
ENSP00000266880	 rs2306537	Ttg	Atg	L	M	528  	.   0.01	2xozB  118  L
ENSP00000266880	 rs2306537	Ttg	Atg	L	M	528  	.   0.01	2xp0A  119  L
ENSP00000266880	 rs2306537	Ttg	Atg	L	M	528  	.   0.01	2xp0B  118  L
ENSP00000266880	 rs2306541	gCg	gTg	A	V	456  	.   0.11	2xocA   47  V
ENSP00000266880	 rs2306541	gCg	gTg	A	V	456  	.   0.11	2xocB   46  V
ENSP00000266880	 rs2306541	gCg	gTg	A	V	456  	.   0.11	2xoyA   47  V
ENSP00000266880	 rs2306541	gCg	gTg	A	V	456  	.   0.11	2xoyB   47  V
ENSP00000266880	 rs2306541	gCg	gTg	A	V	456  	.   0.11	2xozA   47  V
ENSP00000266880	 rs2306541	gCg	gTg	A	V	456  	.   0.11	2xozB   46  V
ENSP00000266880	 rs2306541	gCg	gTg	A	V	456  	.   0.11	2xp0A   47  V
ENSP00000266880	 rs2306541	gCg	gTg	A	V	456  	.   0.11	2xp0B   46  V
ENSP00000266880	 rs2306537	Ttg	Ctg	L	L	528  	.   0.01	2xocA  119  L
ENSP00000266880	 rs2306537	Ttg	Ctg	L	L	528  	.   0.01	2xocB  118  L
ENSP00000266880	 rs2306537	Ttg	Ctg	L	L	528  	.   0.01	2xoyA  119  L
ENSP00000266880	 rs2306537	Ttg	Ctg	L	L	528  	.   0.01	2xoyB  119  L
ENSP00000266880	 rs2306537	Ttg	Ctg	L	L	528  	.   0.01	2xozA  119  L
ENSP00000266880	 rs2306537	Ttg	Ctg	L	L	528  	.   0.01	2xozB  118  L
ENSP00000266880	 rs2306537	Ttg	Ctg	L	L	528  	.   0.01	2xp0A  119  L
ENSP00000266880	 rs2306537	Ttg	Ctg	L	L	528  	.   0.01	2xp0B  118  L
ENSP00000266970	 rs2069406	gaG	gaA	E	E	195  	.    0.0	1aq1A  174  E
ENSP00000266970	 rs2069406	gaG	gaA	E	E	195  	.    0.0	1b38A  187  E
ENSP00000266970	 rs2069406	gaG	gaA	E	E	195  	.    0.0	1b39A  187  E
ENSP00000266970	 rs2069406	gaG	gaA	E	E	195  	.    0.0	1buhA  188  E
ENSP00000266970	 rs2069406	gaG	gaA	E	E	195  	.    0.0	1ckpA  176  E
ENSP00000266970	 rs2069406	gaG	gaA	E	E	195  	.    0.0	1di8A  180  E
ENSP00000266970	 rs2069406	gaG	gaA	E	E	195  	.    0.0	1dm2A  171  E
ENSP00000266970	 rs2069406	gaG	gaA	E	E	195  	.    0.0	1e1vA  187  E
ENSP00000266970	 rs2069406	gaG	gaA	E	E	195  	.    0.0	1e1xA  187  E
ENSP00000266970	 rs2069406	gaG	gaA	E	E	195  	.    0.0	1e9hA  194  E
ENSP00000266970	 rs2069406	gaG	gaA	E	E	195  	.    0.0	1e9hC  195  E
ENSP00000266970	 rs2069406	gaG	gaA	E	E	195  	.    0.0	1f5qA  193  E
ENSP00000266970	 rs2069406	gaG	gaA	E	E	195  	.    0.0	1f5qC  190  E
ENSP00000266970	 rs2069406	gaG	gaA	E	E	195  	.    0.0	1finA  195  E
ENSP00000266970	 rs2069406	gaG	gaA	E	E	195  	.    0.0	1finC  195  E
ENSP00000266970	 rs2069406	gaG	gaA	E	E	195  	.    0.0	1fq1B  194  E
ENSP00000266970	 rs2069406	gaG	gaA	E	E	195  	.    0.0	1fvtA  179  E
ENSP00000266970	 rs2069406	gaG	gaA	E	E	195  	.    0.0	1fvvA  195  E
ENSP00000266970	 rs2069406	gaG	gaA	E	E	195  	.    0.0	1fvvC  195  E
ENSP00000266970	 rs2069406	gaG	gaA	E	E	195  	.    0.0	1g5sA  172  E
ENSP00000266970	 rs2069406	gaG	gaA	E	E	195  	.    0.0	1gihA  173  E
ENSP00000266970	 rs2069406	gaG	gaA	E	E	195  	.    0.0	1giiA  176  E
ENSP00000266970	 rs2069406	gaG	gaA	E	E	195  	.    0.0	1gijA  170  E
ENSP00000266970	 rs2069406	gaG	gaA	E	E	195  	.    0.0	1gy3A  194  E
ENSP00000266970	 rs2069406	gaG	gaA	E	E	195  	.    0.0	1gy3C  194  E
ENSP00000266970	 rs2069406	gaG	gaA	E	E	195  	.    0.0	1gz8A  187  E
ENSP00000266970	 rs2069406	gaG	gaA	E	E	195  	.    0.0	1h00A  175  E
ENSP00000266970	 rs2069406	gaG	gaA	E	E	195  	.    0.0	1h01A  185  E
ENSP00000266970	 rs2069406	gaG	gaA	E	E	195  	.    0.0	1h07A  184  E
ENSP00000266970	 rs2069406	gaG	gaA	E	E	195  	.    0.0	1h08A  180  E
ENSP00000266970	 rs2069406	gaG	gaA	E	E	195  	.    0.0	1h0vA  185  E
ENSP00000266970	 rs2069406	gaG	gaA	E	E	195  	.    0.0	1h0wA  180  E
ENSP00000266970	 rs2069406	gaG	gaA	E	E	195  	.    0.0	1h1pA  195  E
ENSP00000266970	 rs2069406	gaG	gaA	E	E	195  	.    0.0	1h1pC  195  E
ENSP00000266970	 rs2069406	gaG	gaA	E	E	195  	.    0.0	1h1qA  195  E
ENSP00000266970	 rs2069406	gaG	gaA	E	E	195  	.    0.0	1h1qC  195  E
ENSP00000266970	 rs2069406	gaG	gaA	E	E	195  	.    0.0	1h1rA  195  E
ENSP00000266970	 rs2069406	gaG	gaA	E	E	195  	.    0.0	1h1rC  195  E
ENSP00000266970	 rs2069406	gaG	gaA	E	E	195  	.    0.0	1h1sA  195  E
ENSP00000266970	 rs2069406	gaG	gaA	E	E	195  	.    0.0	1h1sC  195  E
ENSP00000266970	 rs2069406	gaG	gaA	E	E	195  	.    0.0	1h24A  195  E
ENSP00000266970	 rs2069406	gaG	gaA	E	E	195  	.    0.0	1h24C  195  E
ENSP00000266970	 rs2069406	gaG	gaA	E	E	195  	.    0.0	1h25A  195  E
ENSP00000266970	 rs2069406	gaG	gaA	E	E	195  	.    0.0	1h25C  195  E
ENSP00000266970	 rs2069406	gaG	gaA	E	E	195  	.    0.0	1h26A  195  E
ENSP00000266970	 rs2069406	gaG	gaA	E	E	195  	.    0.0	1h26C  195  E
ENSP00000266970	 rs2069406	gaG	gaA	E	E	195  	.    0.0	1h27A  195  E
ENSP00000266970	 rs2069406	gaG	gaA	E	E	195  	.    0.0	1h27C  195  E
ENSP00000266970	 rs2069406	gaG	gaA	E	E	195  	.    0.0	1h28A  195  E
ENSP00000266970	 rs2069406	gaG	gaA	E	E	195  	.    0.0	1h28C  195  E
ENSP00000266970	 rs2069406	gaG	gaA	E	E	195  	.    0.0	1hckA  191  E
ENSP00000266970	 rs2069406	gaG	gaA	E	E	195  	.    0.0	1hclA  191  E
ENSP00000266970	 rs2069406	gaG	gaA	E	E	195  	.    0.0	1jstA  194  E
ENSP00000266970	 rs2069406	gaG	gaA	E	E	195  	.    0.0	1jstC  194  E
ENSP00000266970	 rs2069406	gaG	gaA	E	E	195  	.    0.0	1jsuA  182  E
ENSP00000266970	 rs2069406	gaG	gaA	E	E	195  	.    0.0	1jsvA  185  E
ENSP00000266970	 rs2069406	gaG	gaA	E	E	195  	.    0.0	1jvpA  178  E
ENSP00000266970	 rs2069406	gaG	gaA	E	E	195  	.    0.0	1ke5A  178  E
ENSP00000266970	 rs2069406	gaG	gaA	E	E	195  	.    0.0	1ke6A  177  E
ENSP00000266970	 rs2069406	gaG	gaA	E	E	195  	.    0.0	1ke7A  178  E
ENSP00000266970	 rs2069406	gaG	gaA	E	E	195  	.    0.0	1ke8A  179  E
ENSP00000266970	 rs2069406	gaG	gaA	E	E	195  	.    0.0	1ke9A  178  E
ENSP00000266970	 rs2069406	gaG	gaA	E	E	195  	.    0.0	1oguA  194  E
ENSP00000266970	 rs2069406	gaG	gaA	E	E	195  	.    0.0	1oguC  197  E
ENSP00000266970	 rs2069406	gaG	gaA	E	E	195  	.    0.0	1oi9A  194  E
ENSP00000266970	 rs2069406	gaG	gaA	E	E	195  	.    0.0	1oi9C  195  E
ENSP00000266970	 rs2069406	gaG	gaA	E	E	195  	.    0.0	1oiqA  161  E
ENSP00000266970	 rs2069406	gaG	gaA	E	E	195  	.    0.0	1oirA  185  E
ENSP00000266970	 rs2069406	gaG	gaA	E	E	195  	.    0.0	1oitA  170  E
ENSP00000266970	 rs2069406	gaG	gaA	E	E	195  	.    0.0	1oiuA  194  E
ENSP00000266970	 rs2069406	gaG	gaA	E	E	195  	.    0.0	1oiuC  195  E
ENSP00000266970	 rs2069406	gaG	gaA	E	E	195  	.    0.0	1oiyA  192  E
ENSP00000266970	 rs2069406	gaG	gaA	E	E	195  	.    0.0	1oiyC  195  E
ENSP00000266970	 rs2069406	gaG	gaA	E	E	195  	.    0.0	1okvA  195  E
ENSP00000266970	 rs2069406	gaG	gaA	E	E	195  	.    0.0	1okvC  195  E
ENSP00000266970	 rs2069406	gaG	gaA	E	E	195  	.    0.0	1okwA  195  E
ENSP00000266970	 rs2069406	gaG	gaA	E	E	195  	.    0.0	1okwC  195  E
ENSP00000266970	 rs2069406	gaG	gaA	E	E	195  	.    0.0	1ol1A  195  E
ENSP00000266970	 rs2069406	gaG	gaA	E	E	195  	.    0.0	1ol1C  195  E
ENSP00000266970	 rs2069406	gaG	gaA	E	E	195  	.    0.0	1ol2A  195  E
ENSP00000266970	 rs2069406	gaG	gaA	E	E	195  	.    0.0	1ol2C  195  E
ENSP00000266970	 rs2069406	gaG	gaA	E	E	195  	.    0.0	1p2aA  168  E
ENSP00000266970	 rs2069406	gaG	gaA	E	E	195  	.    0.0	1p5eA  195  E
ENSP00000266970	 rs2069406	gaG	gaA	E	E	195  	.    0.0	1p5eC  195  E
ENSP00000266970	 rs2069406	gaG	gaA	E	E	195  	.    0.0	1pf8A  195  E
ENSP00000266970	 rs2069406	gaG	gaA	E	E	195  	.    0.0	1pkdA  195  E
ENSP00000266970	 rs2069406	gaG	gaA	E	E	195  	.    0.0	1pkdC  195  E
ENSP00000266970	 rs2069406	gaG	gaA	E	E	195  	.    0.0	1pw2A  191  E
ENSP00000266970	 rs2069406	gaG	gaA	E	E	195  	.    0.0	1pxiA  191  E
ENSP00000266970	 rs2069406	gaG	gaA	E	E	195  	.    0.0	1pxjA  191  E
ENSP00000266970	 rs2069406	gaG	gaA	E	E	195  	.    0.0	1pxkA  187  E
ENSP00000266970	 rs2069406	gaG	gaA	E	E	195  	.    0.0	1pxlA  187  E
ENSP00000266970	 rs2069406	gaG	gaA	E	E	195  	.    0.0	1pxmA  187  E
ENSP00000266970	 rs2069406	gaG	gaA	E	E	195  	.    0.0	1pxnA  191  E
ENSP00000266970	 rs2069406	gaG	gaA	E	E	195  	.    0.0	1pxoA  191  E
ENSP00000266970	 rs2069406	gaG	gaA	E	E	195  	.    0.0	1pxpA  191  E
ENSP00000266970	 rs2069406	gaG	gaA	E	E	195  	.    0.0	1pyeA  163  E
ENSP00000266970	 rs2069406	gaG	gaA	E	E	195  	.    0.0	1qmzA  195  E
ENSP00000266970	 rs2069406	gaG	gaA	E	E	195  	.    0.0	1qmzC  195  E
ENSP00000266970	 rs2069406	gaG	gaA	E	E	195  	.    0.0	1r78A  170  E
ENSP00000266970	 rs2069406	gaG	gaA	E	E	195  	.    0.0	1urcA  195  E
ENSP00000266970	 rs2069406	gaG	gaA	E	E	195  	.    0.0	1urcC  195  E
ENSP00000266970	 rs2069406	gaG	gaA	E	E	195  	.    0.0	1urwA  171  E
ENSP00000266970	 rs2069406	gaG	gaA	E	E	195  	.    0.0	1v1kA  174  E
ENSP00000266970	 rs2069406	gaG	gaA	E	E	195  	.    0.0	1vywA  199  E
ENSP00000266970	 rs2069406	gaG	gaA	E	E	195  	.    0.0	1vywC  196  E
ENSP00000266970	 rs2069406	gaG	gaA	E	E	195  	.    0.0	1vyzA  176  E
ENSP00000266970	 rs2069406	gaG	gaA	E	E	195  	.    0.0	1w0xA  177  E
ENSP00000266970	 rs2069406	gaG	gaA	E	E	195  	.    0.0	1w8cA  187  E
ENSP00000266970	 rs2069406	gaG	gaA	E	E	195  	.    0.0	1w98A  195  E
ENSP00000266970	 rs2069406	gaG	gaA	E	E	195  	.    0.0	1wccA  180  E
ENSP00000266970	 rs2069406	gaG	gaA	E	E	195  	.    0.0	1y8yA  189  E
ENSP00000266970	 rs2069406	gaG	gaA	E	E	195  	.    0.0	1y91A  183  E
ENSP00000266970	 rs2069406	gaG	gaA	E	E	195  	.    0.0	1ykrA  195  E
ENSP00000266970	 rs2069406	gaG	gaA	E	E	195  	.    0.0	2a0cA  191  E
ENSP00000266970	 rs2069406	gaG	gaA	E	E	195  	.    0.0	2a4lA  183  E
ENSP00000266970	 rs2069406	gaG	gaA	E	E	195  	.    0.0	2b52A  180  E
ENSP00000266970	 rs2069406	gaG	gaA	E	E	195  	.    0.0	2b53A  191  E
ENSP00000266970	 rs2069406	gaG	gaA	E	E	195  	.    0.0	2b54A  195  E
ENSP00000266970	 rs2069406	gaG	gaA	E	E	195  	.    0.0	2b55A  173  E
ENSP00000266970	 rs2069406	gaG	gaA	E	E	195  	.    0.0	2bheA  171  E
ENSP00000266970	 rs2069406	gaG	gaA	E	E	195  	.    0.0	2bhhA  171  E
ENSP00000266970	 rs2069406	gaG	gaA	E	E	195  	.    0.0	2bkzA  199  E
ENSP00000266970	 rs2069406	gaG	gaA	E	E	195  	.    0.0	2bkzC  196  E
ENSP00000266970	 rs2069406	gaG	gaA	E	E	195  	.    0.0	2bpmA  199  E
ENSP00000266970	 rs2069406	gaG	gaA	E	E	195  	.    0.0	2bpmC  196  E
ENSP00000266970	 rs2069406	gaG	gaA	E	E	195  	.    0.0	2btrA  172  E
ENSP00000266970	 rs2069406	gaG	gaA	E	E	195  	.    0.0	2btsA  171  E
ENSP00000266970	 rs2069406	gaG	gaA	E	E	195  	.    0.0	2c4gA  199  E
ENSP00000266970	 rs2069406	gaG	gaA	E	E	195  	.    0.0	2c4gC  197  E
ENSP00000266970	 rs2069406	gaG	gaA	E	E	195  	.    0.0	2c5nA  195  E
ENSP00000266970	 rs2069406	gaG	gaA	E	E	195  	.    0.0	2c5nC  195  E
ENSP00000266970	 rs2069406	gaG	gaA	E	E	195  	.    0.0	2c5oA  195  E
ENSP00000266970	 rs2069406	gaG	gaA	E	E	195  	.    0.0	2c5oC  195  E
ENSP00000266970	 rs2069406	gaG	gaA	E	E	195  	.    0.0	2c5vA  195  E
ENSP00000266970	 rs2069406	gaG	gaA	E	E	195  	.    0.0	2c5vC  195  E
ENSP00000266970	 rs2069406	gaG	gaA	E	E	195  	.    0.0	2c5xA  195  E
ENSP00000266970	 rs2069406	gaG	gaA	E	E	195  	.    0.0	2c5xC  195  E
ENSP00000266970	 rs2069406	gaG	gaA	E	E	195  	.    0.0	2c5yA  188  E
ENSP00000266970	 rs2069406	gaG	gaA	E	E	195  	.    0.0	2c68A  189  E
ENSP00000266970	 rs2069406	gaG	gaA	E	E	195  	.    0.0	2c69A  189  E
ENSP00000266970	 rs2069406	gaG	gaA	E	E	195  	.    0.0	2c6iA  189  E
ENSP00000266970	 rs2069406	gaG	gaA	E	E	195  	.    0.0	2c6kA  189  E
ENSP00000266970	 rs2069406	gaG	gaA	E	E	195  	.    0.0	2c6lA  188  E
ENSP00000266970	 rs2069406	gaG	gaA	E	E	195  	.    0.0	2c6mA  189  E
ENSP00000266970	 rs2069406	gaG	gaA	E	E	195  	.    0.0	2c6oA  189  E
ENSP00000266970	 rs2069406	gaG	gaA	E	E	195  	.    0.0	2c6tA  194  E
ENSP00000266970	 rs2069406	gaG	gaA	E	E	195  	.    0.0	2c6tC  194  E
ENSP00000266970	 rs2069406	gaG	gaA	E	E	195  	.    0.0	2cchA  195  E
ENSP00000266970	 rs2069406	gaG	gaA	E	E	195  	.    0.0	2cchC  195  E
ENSP00000266970	 rs2069406	gaG	gaA	E	E	195  	.    0.0	2cciA  195  E
ENSP00000266970	 rs2069406	gaG	gaA	E	E	195  	.    0.0	2cciC  195  E
ENSP00000266970	 rs2069406	gaG	gaA	E	E	195  	.    0.0	2cjmA  188  E
ENSP00000266970	 rs2069406	gaG	gaA	E	E	195  	.    0.0	2cjmC  193  E
ENSP00000266970	 rs2069406	gaG	gaA	E	E	195  	.    0.0	2clxA  190  E
ENSP00000266970	 rs2069406	gaG	gaA	E	E	195  	.    0.0	2ds1A  187  E
ENSP00000266970	 rs2069406	gaG	gaA	E	E	195  	.    0.0	2duvA  169  E
ENSP00000266970	 rs2069406	gaG	gaA	E	E	195  	.    0.0	2exmA  195  E
ENSP00000266970	 rs2069406	gaG	gaA	E	E	195  	.    0.0	2fvdA  181  E
ENSP00000266970	 rs2069406	gaG	gaA	E	E	195  	.    0.0	2g9xA  195  E
ENSP00000266970	 rs2069406	gaG	gaA	E	E	195  	.    0.0	2g9xC  195  E
ENSP00000266970	 rs2069406	gaG	gaA	E	E	195  	.    0.0	2i40A  189  E
ENSP00000266970	 rs2069406	gaG	gaA	E	E	195  	.    0.0	2i40C  195  E
ENSP00000266970	 rs2069406	gaG	gaA	E	E	195  	.    0.0	2iw6A  192  E
ENSP00000266970	 rs2069406	gaG	gaA	E	E	195  	.    0.0	2iw6C  195  E
ENSP00000266970	 rs2069406	gaG	gaA	E	E	195  	.    0.0	2iw8A  195  E
ENSP00000266970	 rs2069406	gaG	gaA	E	E	195  	.    0.0	2iw8C  195  E
ENSP00000266970	 rs2069406	gaG	gaA	E	E	195  	.    0.0	2iw9A  191  E
ENSP00000266970	 rs2069406	gaG	gaA	E	E	195  	.    0.0	2iw9C  195  E
ENSP00000266970	 rs2069406	gaG	gaA	E	E	195  	.    0.0	2j9mA  172  E
ENSP00000266970	 rs2069406	gaG	gaA	E	E	195  	.    0.0	2jgzA  195  E
ENSP00000266970	 rs2069406	gaG	gaA	E	E	195  	.    0.0	2r3fA  188  E
ENSP00000266970	 rs2069406	gaG	gaA	E	E	195  	.    0.0	2r3gA  186  E
ENSP00000266970	 rs2069406	gaG	gaA	E	E	195  	.    0.0	2r3hA  188  E
ENSP00000266970	 rs2069406	gaG	gaA	E	E	195  	.    0.0	2r3iA  187  E
ENSP00000266970	 rs2069406	gaG	gaA	E	E	195  	.    0.0	2r3jA  178  E
ENSP00000266970	 rs2069406	gaG	gaA	E	E	195  	.    0.0	2r3kA  177  E
ENSP00000266970	 rs2069406	gaG	gaA	E	E	195  	.    0.0	2r3lA  174  E
ENSP00000266970	 rs2069406	gaG	gaA	E	E	195  	.    0.0	2r3mA  178  E
ENSP00000266970	 rs2069406	gaG	gaA	E	E	195  	.    0.0	2r3nA  174  E
ENSP00000266970	 rs2069406	gaG	gaA	E	E	195  	.    0.0	2r3oA  187  E
ENSP00000266970	 rs2069406	gaG	gaA	E	E	195  	.    0.0	2r3pA  187  E
ENSP00000266970	 rs2069406	gaG	gaA	E	E	195  	.    0.0	2r3qA  185  E
ENSP00000266970	 rs2069406	gaG	gaA	E	E	195  	.    0.0	2r3rA  188  E
ENSP00000266970	 rs2069406	gaG	gaA	E	E	195  	.    0.0	2r64A  176  E
ENSP00000266970	 rs2069406	gaG	gaA	E	E	195  	.    0.0	2uueA  195  E
ENSP00000266970	 rs2069406	gaG	gaA	E	E	195  	.    0.0	2uueC  195  E
ENSP00000266970	 rs2069406	gaG	gaA	E	E	195  	.    0.0	2uzbA  194  E
ENSP00000266970	 rs2069406	gaG	gaA	E	E	195  	.    0.0	2uzbC  194  E
ENSP00000266970	 rs2069406	gaG	gaA	E	E	195  	.    0.0	2uzdA  194  E
ENSP00000266970	 rs2069406	gaG	gaA	E	E	195  	.    0.0	2uzdC  194  E
ENSP00000266970	 rs2069406	gaG	gaA	E	E	195  	.    0.0	2uzeA  194  E
ENSP00000266970	 rs2069406	gaG	gaA	E	E	195  	.    0.0	2uzeC  194  E
ENSP00000266970	 rs2069406	gaG	gaA	E	E	195  	.    0.0	2uzlA  194  E
ENSP00000266970	 rs2069406	gaG	gaA	E	E	195  	.    0.0	2uzlC  194  E
ENSP00000266970	 rs2069406	gaG	gaA	E	E	195  	.    0.0	2uznA  176  E
ENSP00000266970	 rs2069406	gaG	gaA	E	E	195  	.    0.0	2uzoA  189  E
ENSP00000266970	 rs2069406	gaG	gaA	E	E	195  	.    0.0	2v0dA  189  E
ENSP00000266970	 rs2069406	gaG	gaA	E	E	195  	.    0.0	2v22A  195  E
ENSP00000266970	 rs2069406	gaG	gaA	E	E	195  	.    0.0	2v22C  195  E
ENSP00000266970	 rs2069406	gaG	gaA	E	E	195  	.    0.0	2vtaA  175  E
ENSP00000266970	 rs2069406	gaG	gaA	E	E	195  	.    0.0	2vthA  175  E
ENSP00000266970	 rs2069406	gaG	gaA	E	E	195  	.    0.0	2vtiA  177  E
ENSP00000266970	 rs2069406	gaG	gaA	E	E	195  	.    0.0	2vtjA  173  E
ENSP00000266970	 rs2069406	gaG	gaA	E	E	195  	.    0.0	2vtlA  187  E
ENSP00000266970	 rs2069406	gaG	gaA	E	E	195  	.    0.0	2vtmA  187  E
ENSP00000266970	 rs2069406	gaG	gaA	E	E	195  	.    0.0	2vtnA  171  E
ENSP00000266970	 rs2069406	gaG	gaA	E	E	195  	.    0.0	2vtoA  180  E
ENSP00000266970	 rs2069406	gaG	gaA	E	E	195  	.    0.0	2vtpA  178  E
ENSP00000266970	 rs2069406	gaG	gaA	E	E	195  	.    0.0	2vtqA  171  E
ENSP00000266970	 rs2069406	gaG	gaA	E	E	195  	.    0.0	2vtrA  187  E
ENSP00000266970	 rs2069406	gaG	gaA	E	E	195  	.    0.0	2vtsA  179  E
ENSP00000266970	 rs2069406	gaG	gaA	E	E	195  	.    0.0	2vttA  169  E
ENSP00000266970	 rs2069406	gaG	gaA	E	E	195  	.    0.0	2vu3A  182  E
ENSP00000266970	 rs2069406	gaG	gaA	E	E	195  	.    0.0	2vv9A  176  E
ENSP00000266970	 rs2069406	gaG	gaA	E	E	195  	.    0.0	2w05A  173  E
ENSP00000266970	 rs2069406	gaG	gaA	E	E	195  	.    0.0	2w06A  179  E
ENSP00000266970	 rs2069406	gaG	gaA	E	E	195  	.    0.0	2w17A  175  E
ENSP00000266970	 rs2069406	gaG	gaA	E	E	195  	.    0.0	2w1hA  180  E
ENSP00000266970	 rs2069406	gaG	gaA	E	E	195  	.    0.0	2wevA  195  E
ENSP00000266970	 rs2069406	gaG	gaA	E	E	195  	.    0.0	2wevC  195  E
ENSP00000266970	 rs2069406	gaG	gaA	E	E	195  	.    0.0	2wfyA  195  E
ENSP00000266970	 rs2069406	gaG	gaA	E	E	195  	.    0.0	2wfyC  195  E
ENSP00000266970	 rs2069406	gaG	gaA	E	E	195  	.    0.0	2whbA  195  E
ENSP00000266970	 rs2069406	gaG	gaA	E	E	195  	.    0.0	2whbC  195  E
ENSP00000266970	 rs2069406	gaG	gaA	E	E	195  	.    0.0	2wihA  199  E
ENSP00000266970	 rs2069406	gaG	gaA	E	E	195  	.    0.0	2wihC  196  E
ENSP00000266970	 rs2069406	gaG	gaA	E	E	195  	.    0.0	2wipA  194  E
ENSP00000266970	 rs2069406	gaG	gaA	E	E	195  	.    0.0	2wipC  191  E
ENSP00000266970	 rs2069406	gaG	gaA	E	E	195  	.    0.0	2wmaA  195  E
ENSP00000266970	 rs2069406	gaG	gaA	E	E	195  	.    0.0	2wmaC  195  E
ENSP00000266970	 rs2069406	gaG	gaA	E	E	195  	.    0.0	2wmbA  195  E
ENSP00000266970	 rs2069406	gaG	gaA	E	E	195  	.    0.0	2wmbC  195  E
ENSP00000266970	 rs2069406	gaG	gaA	E	E	195  	.    0.0	2wpaA  199  E
ENSP00000266970	 rs2069406	gaG	gaA	E	E	195  	.    0.0	2wpaC  196  E
ENSP00000266970	 rs2069406	gaG	gaA	E	E	195  	.    0.0	2wxvA  199  E
ENSP00000266970	 rs2069406	gaG	gaA	E	E	195  	.    0.0	2wxvC  196  E
ENSP00000266970	 rs2069406	gaG	gaA	E	E	195  	.    0.0	2x1nA  195  E
ENSP00000266970	 rs2069406	gaG	gaA	E	E	195  	.    0.0	2x1nC  195  E
ENSP00000266970	 rs2069406	gaG	gaA	E	E	195  	.    0.0	2xmyA  192  E
ENSP00000266970	 rs2069406	gaG	gaA	E	E	195  	.    0.0	2xnbA  193  E
ENSP00000266970	 rs2069406	gaG	gaA	E	E	195  	.    0.0	3bhtA  194  E
ENSP00000266970	 rs2069406	gaG	gaA	E	E	195  	.    0.0	3bhtC  195  E
ENSP00000266970	 rs2069406	gaG	gaA	E	E	195  	.    0.0	3bhuA  194  E
ENSP00000266970	 rs2069406	gaG	gaA	E	E	195  	.    0.0	3bhuC  196  E
ENSP00000266970	 rs2069406	gaG	gaA	E	E	195  	.    0.0	3bhvA  194  E
ENSP00000266970	 rs2069406	gaG	gaA	E	E	195  	.    0.0	3bhvC  196  E
ENSP00000266970	 rs2069406	gaG	gaA	E	E	195  	.    0.0	3ddpA  195  E
ENSP00000266970	 rs2069406	gaG	gaA	E	E	195  	.    0.0	3ddpC  195  E
ENSP00000266970	 rs2069406	gaG	gaA	E	E	195  	.    0.0	3ddqA  193  E
ENSP00000266970	 rs2069406	gaG	gaA	E	E	195  	.    0.0	3ddqC  195  E
ENSP00000266970	 rs2069406	gaG	gaA	E	E	195  	.    0.0	3dogA  194  E
ENSP00000266970	 rs2069406	gaG	gaA	E	E	195  	.    0.0	3dogC  195  E
ENSP00000266970	 rs2069406	gaG	gaA	E	E	195  	.    0.0	3eidA  190  E
ENSP00000266970	 rs2069406	gaG	gaA	E	E	195  	.    0.0	3eidC  189  E
ENSP00000266970	 rs2069406	gaG	gaA	E	E	195  	.    0.0	3ej1A  192  E
ENSP00000266970	 rs2069406	gaG	gaA	E	E	195  	.    0.0	3ej1C  192  E
ENSP00000266970	 rs2069406	gaG	gaA	E	E	195  	.    0.0	3eocA  192  E
ENSP00000266970	 rs2069406	gaG	gaA	E	E	195  	.    0.0	3eocC  192  E
ENSP00000266970	 rs2069406	gaG	gaA	E	E	195  	.    0.0	3ezrA  170  E
ENSP00000266970	 rs2069406	gaG	gaA	E	E	195  	.    0.0	3ezvA  174  E
ENSP00000266970	 rs2069406	gaG	gaA	E	E	195  	.    0.0	3f5xA  195  E
ENSP00000266970	 rs2069406	gaG	gaA	E	E	195  	.    0.0	3f5xC  195  E
ENSP00000266970	 rs2069406	gaG	gaA	E	E	195  	.    0.0	3fz1A  181  E
ENSP00000266970	 rs2069406	gaG	gaA	E	E	195  	.    0.0	3ig7A  175  E
ENSP00000266970	 rs2069406	gaG	gaA	E	E	195  	.    0.0	3iggA  187  E
ENSP00000266970	 rs2069406	gaG	gaA	E	E	195  	.    0.0	3le6A  184  E
ENSP00000266970	 rs2069406	gaG	gaA	E	E	195  	.    0.0	3lfnA  182  E
ENSP00000266970	 rs2069406	gaG	gaA	E	E	195  	.    0.0	3lfqA  186  E
ENSP00000266970	 rs2069406	gaG	gaA	E	E	195  	.    0.0	3lfsA  187  E
ENSP00000266970	 rs2069406	gaG	gaA	E	E	195  	.    0.0	3my5A  193  E
ENSP00000266970	 rs2069406	gaG	gaA	E	E	195  	.    0.0	3my5C  195  E
ENSP00000266970	 rs2069406	gaG	gaA	E	E	195  	.    0.0	3ns9A  186  E
ENSP00000266970	 rs2069406	gaG	gaA	E	E	195  	.    0.0	3pj8A  185  E
ENSP00000266970	 rs2069406	gaG	gaA	E	E	195  	.    0.0	3pxfA  199  E
ENSP00000266970	 rs2069406	gaG	gaA	E	E	195  	.    0.0	3pxqA  195  E
ENSP00000266970	 rs2069406	gaG	gaA	E	E	195  	.    0.0	3pxrA  191  E
ENSP00000266970	 rs2069406	gaG	gaA	E	E	195  	.    0.0	3pxyA  191  E
ENSP00000266970	 rs2069406	gaG	gaA	E	E	195  	.    0.0	3pxzA  199  E
ENSP00000266970	 rs2069406	gaG	gaA	E	E	195  	.    0.0	3py0A  191  E
ENSP00000266970	 rs2069406	gaG	gaA	E	E	195  	.    0.0	3py1A  199  E
ENSP00000266970	 rs2069406	gaG	gaA	E	E	195  	.    0.0	3qhrA  196  E
ENSP00000266970	 rs2069406	gaG	gaA	E	E	195  	.    0.0	3qhrC  196  E
ENSP00000266970	 rs2069406	gaG	gaA	E	E	195  	.    0.0	3qhwA  196  E
ENSP00000266970	 rs2069406	gaG	gaA	E	E	195  	.    0.0	3qhwC  196  E
ENSP00000266970	 rs2069406	gaG	gaA	E	E	195  	.    0.0	3ql8A  191  E
ENSP00000266970	 rs2069406	gaG	gaA	E	E	195  	.    0.0	3qqfA  191  E
ENSP00000266970	 rs2069406	gaG	gaA	E	E	195  	.    0.0	3qqgA  191  E
ENSP00000266970	 rs2069406	gaG	gaA	E	E	195  	.    0.0	3qqhA  191  E
ENSP00000266970	 rs2069406	gaG	gaA	E	E	195  	.    0.0	3qqjA  191  E
ENSP00000266970	 rs2069406	gaG	gaA	E	E	195  	.    0.0	3qqkA  191  E
ENSP00000266970	 rs2069406	gaG	gaA	E	E	195  	.    0.0	3qqlA  191  E
ENSP00000266970	 rs2069406	gaG	gaA	E	E	195  	.    0.0	3qrtA  191  E
ENSP00000266970	 rs2069406	gaG	gaA	E	E	195  	.    0.0	3qruA  192  E
ENSP00000266970	 rs2069406	gaG	gaA	E	E	195  	.    0.0	3qtqA  191  E
ENSP00000266970	 rs2069406	gaG	gaA	E	E	195  	.    0.0	3qtrA  179  E
ENSP00000266970	 rs2069406	gaG	gaA	E	E	195  	.    0.0	3qtsA  179  E
ENSP00000266970	 rs2069406	gaG	gaA	E	E	195  	.    0.0	3qtuA  191  E
ENSP00000266970	 rs2069406	gaG	gaA	E	E	195  	.    0.0	3qtwA  191  E
ENSP00000266970	 rs2069406	gaG	gaA	E	E	195  	.    0.0	3qtxA  191  E
ENSP00000266970	 rs2069406	gaG	gaA	E	E	195  	.    0.0	3qtzA  191  E
ENSP00000266970	 rs2069406	gaG	gaA	E	E	195  	.    0.0	3qu0A  191  E
ENSP00000266970	 rs2069406	gaG	gaA	E	E	195  	.    0.0	3qwjA  191  E
ENSP00000266970	 rs2069406	gaG	gaA	E	E	195  	.    0.0	3qwkA  191  E
ENSP00000266970	 rs2069406	gaG	gaA	E	E	195  	.    0.0	3qx2A  191  E
ENSP00000266970	 rs2069406	gaG	gaA	E	E	195  	.    0.0	3qx4A  191  E
ENSP00000266970	 rs2069406	gaG	gaA	E	E	195  	.    0.0	3qxoA  191  E
ENSP00000266970	 rs2069406	gaG	gaA	E	E	195  	.    0.0	3qxpA  191  E
ENSP00000266970	 rs2069406	gaG	gaA	E	E	195  	.    0.0	3qzfA  191  E
ENSP00000266970	 rs2069406	gaG	gaA	E	E	195  	.    0.0	3qzgA  191  E
ENSP00000266970	 rs2069406	gaG	gaA	E	E	195  	.    0.0	3qzhA  191  E
ENSP00000266970	 rs2069406	gaG	gaA	E	E	195  	.    0.0	3qziA  191  E
ENSP00000266970	 rs2069406	gaG	gaA	E	E	195  	.    0.0	3r1qA  191  E
ENSP00000266970	 rs2069406	gaG	gaA	E	E	195  	.    0.0	3r1sA  191  E
ENSP00000266970	 rs2069406	gaG	gaA	E	E	195  	.    0.0	3r1yA  191  E
ENSP00000266970	 rs2069406	gaG	gaA	E	E	195  	.    0.0	3r28A  191  E
ENSP00000266970	 rs2069406	gaG	gaA	E	E	195  	.    0.0	3r6xA  191  E
ENSP00000266970	 rs2069406	gaG	gaA	E	E	195  	.    0.0	3r71A  191  E
ENSP00000266970	 rs2069406	gaG	gaA	E	E	195  	.    0.0	3r73A  191  E
ENSP00000266970	 rs2069406	gaG	gaA	E	E	195  	.    0.0	3r7eA  191  E
ENSP00000266970	 rs2069406	gaG	gaA	E	E	195  	.    0.0	3r7iA  179  E
ENSP00000266970	 rs2069406	gaG	gaA	E	E	195  	.    0.0	3r7uA  179  E
ENSP00000266970	 rs2069406	gaG	gaA	E	E	195  	.    0.0	3r7vA  191  E
ENSP00000266970	 rs2069406	gaG	gaA	E	E	195  	.    0.0	3r7yA  191  E
ENSP00000266970	 rs2069406	gaG	gaA	E	E	195  	.    0.0	3r83A  191  E
ENSP00000266970	 rs2069406	gaG	gaA	E	E	195  	.    0.0	3r8lA  191  E
ENSP00000266970	 rs2069406	gaG	gaA	E	E	195  	.    0.0	3r8mA  183  E
ENSP00000266970	 rs2069406	gaG	gaA	E	E	195  	.    0.0	3r8pA  191  E
ENSP00000266970	 rs2069406	gaG	gaA	E	E	195  	.    0.0	3r8uA  191  E
ENSP00000266970	 rs2069406	gaG	gaA	E	E	195  	.    0.0	3r8vA  191  E
ENSP00000266970	 rs2069406	gaG	gaA	E	E	195  	.    0.0	3r8zA  187  E
ENSP00000266970	 rs2069406	gaG	gaA	E	E	195  	.    0.0	3r9dA  191  E
ENSP00000266970	 rs2069406	gaG	gaA	E	E	195  	.    0.0	3r9hA  191  E
ENSP00000266970	 rs2069406	gaG	gaA	E	E	195  	.    0.0	3r9nA  179  E
ENSP00000266970	 rs2069406	gaG	gaA	E	E	195  	.    0.0	3r9oA  179  E
ENSP00000266970	 rs2069406	gaG	gaA	E	E	195  	.    0.0	3rahA  179  E
ENSP00000266970	 rs2069406	gaG	gaA	E	E	195  	.    0.0	3raiA  191  E
ENSP00000266970	 rs2069406	gaG	gaA	E	E	195  	.    0.0	3rakA  174  E
ENSP00000266970	 rs2069406	gaG	gaA	E	E	195  	.    0.0	3ralA  174  E
ENSP00000266970	 rs2069406	gaG	gaA	E	E	195  	.    0.0	3rjcA  191  E
ENSP00000266970	 rs2069406	gaG	gaA	E	E	195  	.    0.0	3rk5A  191  E
ENSP00000266970	 rs2069406	gaG	gaA	E	E	195  	.    0.0	3rk7A  191  E
ENSP00000266970	 rs2069406	gaG	gaA	E	E	195  	.    0.0	3rk9A  191  E
ENSP00000266970	 rs2069406	gaG	gaA	E	E	195  	.    0.0	3rkbA  191  E
ENSP00000266970	 rs2069406	gaG	gaA	E	E	195  	.    0.0	3rm6A  190  E
ENSP00000266970	 rs2069406	gaG	gaA	E	E	195  	.    0.0	3rm7A  191  E
ENSP00000266970	 rs2069406	gaG	gaA	E	E	195  	.    0.0	3rmfA  175  E
ENSP00000266970	 rs2069406	gaG	gaA	E	E	195  	.    0.0	3rniA  191  E
ENSP00000266970	 rs2069406	gaG	gaA	E	E	195  	.    0.0	3royA  191  E
ENSP00000266970	 rs2069406	gaG	gaA	E	E	195  	.    0.0	3rpoA  191  E
ENSP00000266970	 rs2069406	gaG	gaA	E	E	195  	.    0.0	3rprA  179  E
ENSP00000266970	 rs2069406	gaG	gaA	E	E	195  	.    0.0	3rpvA  191  E
ENSP00000266970	 rs2069406	gaG	gaA	E	E	195  	.    0.0	3rpyA  174  E
ENSP00000266970	 rs2069406	gaG	gaA	E	E	195  	.    0.0	3rzbA  179  E
ENSP00000266970	 rs2069406	gaG	gaA	E	E	195  	.    0.0	3s00A  191  E
ENSP00000266970	 rs2069406	gaG	gaA	E	E	195  	.    0.0	3s0oA  190  E
ENSP00000266970	 rs2069406	gaG	gaA	E	E	195  	.    0.0	3s1hA  174  E
ENSP00000266970	 rs2069406	gaG	gaA	E	E	195  	.    0.0	3s2pA  176  E
ENSP00000266970	 rs2069406	gaG	gaA	E	E	195  	.    0.0	3sqqA  185  E
ENSP00000266970	 rs2069406	gaG	gaA	E	E	195  	.    0.0	3sw4A  177  E
ENSP00000266970	 rs2069406	gaG	gaA	E	E	195  	.    0.0	3sw7A  175  E
ENSP00000266970	 rs2069406	gaG	gaA	E	E	195  	.    0.0	3ti1A  191  E
ENSP00000266970	 rs2069406	gaG	gaA	E	E	195  	.    0.0	3tiyA  190  E
ENSP00000266970	 rs2069406	gaG	gaA	E	E	195  	.    0.0	3tizA  190  E
ENSP00000266970	 rs2069406	gaG	gaA	E	E	195  	.    0.0	3tnwA  192  E
ENSP00000266970	 rs2069406	gaG	gaA	E	E	195  	.    0.0	3tnwC  192  E
ENSP00000266970	 rs2069406	gaG	gaA	E	E	195  	.    0.0	3uliA  183  E
ENSP00000266970	 rs2069406	gaG	gaA	E	E	195  	.    0.0	3unjA  191  E
ENSP00000266970	 rs2069406	gaG	gaA	E	E	195  	.    0.0	3unkA  192  E
ENSP00000266970	 rs2069406	gaG	gaA	E	E	195  	.    0.0	3wblA  180  E
ENSP00000266970	 rs2069406	gaG	gaA	E	E	195  	.    0.0	4acmA  174  E
ENSP00000266970	 rs2069406	gaG	gaA	E	E	195  	.    0.0	4bckA  196  E
ENSP00000266970	 rs2069406	gaG	gaA	E	E	195  	.    0.0	4bckC  194  E
ENSP00000266970	 rs2069406	gaG	gaA	E	E	195  	.    0.0	4bcmA  194  E
ENSP00000266970	 rs2069406	gaG	gaA	E	E	195  	.    0.0	4bcmC  195  E
ENSP00000266970	 rs2069406	gaG	gaA	E	E	195  	.    0.0	4bcnA  193  E
ENSP00000266970	 rs2069406	gaG	gaA	E	E	195  	.    0.0	4bcnC  196  E
ENSP00000266970	 rs2069406	gaG	gaA	E	E	195  	.    0.0	4bcoA  195  E
ENSP00000266970	 rs2069406	gaG	gaA	E	E	195  	.    0.0	4bcoC  195  E
ENSP00000266970	 rs2069406	gaG	gaA	E	E	195  	.    0.0	4bcpA  195  E
ENSP00000266970	 rs2069406	gaG	gaA	E	E	195  	.    0.0	4bcpC  192  E
ENSP00000266970	 rs2069406	gaG	gaA	E	E	195  	.    0.0	4bcqA  192  E
ENSP00000266970	 rs2069406	gaG	gaA	E	E	195  	.    0.0	4bcqC  193  E
ENSP00000266970	 rs2069406	gaG	gaA	E	E	195  	.    0.0	4bghA  172  E
ENSP00000266970	 rs2069406	gaG	gaA	E	E	195  	.    0.0	4bzdA  174  E
ENSP00000266970	 rs2069406	gaG	gaA	E	E	195  	.    0.0	4cfmA  195  E
ENSP00000266970	 rs2069406	gaG	gaA	E	E	195  	.    0.0	4cfmC  195  E
ENSP00000266970	 rs2069406	gaG	gaA	E	E	195  	.    0.0	4cfnA  194  E
ENSP00000266970	 rs2069406	gaG	gaA	E	E	195  	.    0.0	4cfnC  197  E
ENSP00000266970	 rs2069406	gaG	gaA	E	E	195  	.    0.0	4cfuA  196  E
ENSP00000266970	 rs2069406	gaG	gaA	E	E	195  	.    0.0	4cfuC  197  E
ENSP00000266970	 rs2069406	gaG	gaA	E	E	195  	.    0.0	4cfvA  197  E
ENSP00000266970	 rs2069406	gaG	gaA	E	E	195  	.    0.0	4cfvC  193  E
ENSP00000266970	 rs2069406	gaG	gaA	E	E	195  	.    0.0	4cfwA  196  E
ENSP00000266970	 rs2069406	gaG	gaA	E	E	195  	.    0.0	4cfwC  196  E
ENSP00000266970	 rs2069406	gaG	gaA	E	E	195  	.    0.0	4cfxA  195  E
ENSP00000266970	 rs2069406	gaG	gaA	E	E	195  	.    0.0	4cfxC  195  E
ENSP00000266970	 rs2069406	gaG	gaA	E	E	195  	.    0.0	4d1xA  171  E
ENSP00000266970	 rs2069406	gaG	gaA	E	E	195  	.    0.0	4d1zA  158  E
ENSP00000266970	 rs2069406	gaG	gaA	E	E	195  	.    0.0	4ek3A  187  E
ENSP00000266970	 rs2069406	gaG	gaA	E	E	195  	.    0.0	4ek4A  186  E
ENSP00000266970	 rs2069406	gaG	gaA	E	E	195  	.    0.0	4ek5A  186  E
ENSP00000266970	 rs2069406	gaG	gaA	E	E	195  	.    0.0	4ek6A  175  E
ENSP00000266970	 rs2069406	gaG	gaA	E	E	195  	.    0.0	4ek8A  178  E
ENSP00000266970	 rs2069406	gaG	gaA	E	E	195  	.    0.0	4eoiA  191  E
ENSP00000266970	 rs2069406	gaG	gaA	E	E	195  	.    0.0	4eoiC  195  E
ENSP00000266970	 rs2069406	gaG	gaA	E	E	195  	.    0.0	4eojA  192  E
ENSP00000266970	 rs2069406	gaG	gaA	E	E	195  	.    0.0	4eojC  198  E
ENSP00000266970	 rs2069406	gaG	gaA	E	E	195  	.    0.0	4eokA  191  E
ENSP00000266970	 rs2069406	gaG	gaA	E	E	195  	.    0.0	4eokC  197  E
ENSP00000266970	 rs2069406	gaG	gaA	E	E	195  	.    0.0	4eolA  192  E
ENSP00000266970	 rs2069406	gaG	gaA	E	E	195  	.    0.0	4eolC  197  E
ENSP00000266970	 rs2069406	gaG	gaA	E	E	195  	.    0.0	4eomA  194  E
ENSP00000266970	 rs2069406	gaG	gaA	E	E	195  	.    0.0	4eomC  198  E
ENSP00000266970	 rs2069406	gaG	gaA	E	E	195  	.    0.0	4eonA  196  E
ENSP00000266970	 rs2069406	gaG	gaA	E	E	195  	.    0.0	4eonC  196  E
ENSP00000266970	 rs2069406	gaG	gaA	E	E	195  	.    0.0	4eooA  192  E
ENSP00000266970	 rs2069406	gaG	gaA	E	E	195  	.    0.0	4eooC  196  E
ENSP00000266970	 rs2069406	gaG	gaA	E	E	195  	.    0.0	4eopA  195  E
ENSP00000266970	 rs2069406	gaG	gaA	E	E	195  	.    0.0	4eopC  195  E
ENSP00000266970	 rs2069406	gaG	gaA	E	E	195  	.    0.0	4eoqA  193  E
ENSP00000266970	 rs2069406	gaG	gaA	E	E	195  	.    0.0	4eoqC  198  E
ENSP00000266970	 rs2069406	gaG	gaA	E	E	195  	.    0.0	4eorA  191  E
ENSP00000266970	 rs2069406	gaG	gaA	E	E	195  	.    0.0	4eorC  195  E
ENSP00000266970	 rs2069406	gaG	gaA	E	E	195  	.    0.0	4eosA  194  E
ENSP00000266970	 rs2069406	gaG	gaA	E	E	195  	.    0.0	4eosC  195  E
ENSP00000266970	 rs2069406	gaG	gaA	E	E	195  	.    0.0	4erwA  189  E
ENSP00000266970	 rs2069406	gaG	gaA	E	E	195  	.    0.0	4ez3A  191  E
ENSP00000266970	 rs2069406	gaG	gaA	E	E	195  	.    0.0	4ez7A  199  E
ENSP00000266970	 rs2069406	gaG	gaA	E	E	195  	.    0.0	4fkgA  183  E
ENSP00000266970	 rs2069406	gaG	gaA	E	E	195  	.    0.0	4fkiA  184  E
ENSP00000266970	 rs2069406	gaG	gaA	E	E	195  	.    0.0	4fkjA  175  E
ENSP00000266970	 rs2069406	gaG	gaA	E	E	195  	.    0.0	4fklA  188  E
ENSP00000266970	 rs2069406	gaG	gaA	E	E	195  	.    0.0	4fkoA  188  E
ENSP00000266970	 rs2069406	gaG	gaA	E	E	195  	.    0.0	4fkpA  177  E
ENSP00000266970	 rs2069406	gaG	gaA	E	E	195  	.    0.0	4fkqA  180  E
ENSP00000266970	 rs2069406	gaG	gaA	E	E	195  	.    0.0	4fkrA  179  E
ENSP00000266970	 rs2069406	gaG	gaA	E	E	195  	.    0.0	4fksA  174  E
ENSP00000266970	 rs2069406	gaG	gaA	E	E	195  	.    0.0	4fktA  177  E
ENSP00000266970	 rs2069406	gaG	gaA	E	E	195  	.    0.0	4fkuA  190  E
ENSP00000266970	 rs2069406	gaG	gaA	E	E	195  	.    0.0	4fkvA  179  E
ENSP00000266970	 rs2069406	gaG	gaA	E	E	195  	.    0.0	4fkwA  177  E
ENSP00000266970	 rs2069406	gaG	gaA	E	E	195  	.    0.0	4fx3A  195  E
ENSP00000266970	 rs2069406	gaG	gaA	E	E	195  	.    0.0	4fx3C  195  E
ENSP00000266970	 rs2069406	gaG	gaA	E	E	195  	.    0.0	4gcjA  201  E
ENSP00000266970	 rs2069406	gaG	gaA	E	E	195  	.    0.0	4i3zA  194  E
ENSP00000266970	 rs2069406	gaG	gaA	E	E	195  	.    0.0	4i3zC  194  E
ENSP00000266970	 rs2069406	gaG	gaA	E	E	195  	.    0.0	4ii5A  194  E
ENSP00000266970	 rs2069406	gaG	gaA	E	E	195  	.    0.0	4ii5C  194  E
ENSP00000266970	 rs2069406	gaG	gaA	E	E	195  	.    0.0	4kd1A  195  E
ENSP00000266970	 rs2069406	gaG	gaA	E	E	195  	.    0.0	4lynA  184  E
ENSP00000266970	 rs2069406	gaG	gaA	E	E	195  	.    0.0	4nj3A  177  E
ENSP00000266970	 rs2069406	gaG	gaA	E	E	195  	.    0.0	4rj3A  187  E
ENSP00000266970	 rs2069406	gaG	gaA	E	E	195  	.    0.0	5a14A  183  E
ENSP00000266970	 rs2069406	gaG	gaA	E	E	195  	.    0.0	5andA  174  E
ENSP00000266970	 rs2069406	gaG	gaA	E	E	195  	.    0.0	5aneA  191  E
ENSP00000266970	 rs2069406	gaG	gaA	E	E	195  	.    0.0	5angA  165  E
ENSP00000266970	 rs2069406	gaG	gaA	E	E	195  	.    0.0	5aniA  177  E
ENSP00000266970	 rs2069406	gaG	gaA	E	E	195  	.    0.0	5anjA  188  E
ENSP00000266970	 rs2069406	gaG	gaA	E	E	195  	.    0.0	5ankA  170  E
ENSP00000266970	 rs2069406	gaG	gaA	E	E	195  	.    0.0	5anoA  174  E
ENSP00000266970	 rs2069406	gaG	gaA	E	E	195  	.    0.0	5cyiA  195  E
ENSP00000266970	 rs2069406	gaG	gaA	E	E	195  	.    0.0	5cyiC  195  E
ENSP00000266970	 rs2069406	gaG	gaA	E	E	195  	.    0.0	5d1jA  162  E
ENSP00000266970	 rs2069406	gaG	gaA	E	E	195  	.    0.0	5fp5A  164  E
ENSP00000266970	 rs2069406	gaG	gaA	E	E	195  	.    0.0	5fp6A  179  E
ENSP00000266970	 rs2069406	gaG	gaA	E	E	195  	.    0.0	5ievA  181  E
ENSP00000266970	 rs2069406	gaG	gaA	E	E	195  	.    0.0	5iexA  182  E
ENSP00000266970	 rs2069406	gaG	gaA	E	E	195  	.    0.0	5ieyA  183  E
ENSP00000266970	 rs2069406	gaG	gaA	E	E	195  	.    0.0	5if1A  195  E
ENSP00000266970	 rs2069406	gaG	gaA	E	E	195  	.    0.0	5if1C  195  E
ENSP00000266970	 rs2069406	gaG	gaA	E	E	195  	.    0.0	5jq5A  184  E
ENSP00000266970	 rs2069406	gaG	gaA	E	E	195  	.    0.0	5jq8A  175  E
ENSP00000266970	 rs2069406	gaG	gaA	E	E	195  	.    0.0	5k4jA  179  E
ENSP00000266970	 rs2069406	gaG	gaA	E	E	195  	.    0.0	5l2wA  195  E
ENSP00000266970	 rs2069406	gaG	gaA	E	E	195  	.    0.0	5lmkA  193  E
ENSP00000266970	 rs2069406	gaG	gaA	E	E	195  	.    0.0	5lmkC  195  E
ENSP00000266970	 rs2069406	gaG	gaA	E	E	195  	.    0.0	5mhqA  188  E
ENSP00000266970	 rs2069406	gaG	gaA	E	E	195  	.    0.0	5nevA  195  E
ENSP00000266970	 rs2069406	gaG	gaA	E	E	195  	.    0.0	5nevC  195  E
ENSP00000266970	 rs2069406	gaG	gaA	E	E	195  	.    0.0	5oo0A  187  E
ENSP00000266970	 rs2069406	gaG	gaA	E	E	195  	.    0.0	5oo1A  175  E
ENSP00000266970	 rs2069406	gaG	gaA	E	E	195  	.    0.0	5oo3A  187  E
ENSP00000266970	 rs2069406	gaG	gaA	E	E	195  	.    0.0	5osjA  191  E
ENSP00000266970	 rs2069406	gaG	gaA	E	E	195  	.    0.0	5osmA  191  E
ENSP00000266970	 rs2069406	gaG	gaA	E	E	195  	.    0.0	5uq1A  187  E
ENSP00000266970	 rs2069406	gaG	gaA	E	E	195  	.    0.0	5uq1C  195  E
ENSP00000266970	 rs2069406	gaG	gaA	E	E	195  	.    0.0	5uq2A  195  E
ENSP00000266970	 rs2069406	gaG	gaA	E	E	195  	.    0.0	5uq3A  173  E
ENSP00000267814	rs76283634	cCc	cAc	P	H	357  	*    0.8	1pl6A  348  P
ENSP00000267814	rs76283634	cCc	cAc	P	H	357  	*    0.8	1pl6B  348  P
ENSP00000267814	rs76283634	cCc	cAc	P	H	357  	*    0.8	1pl6C  348  P
ENSP00000267814	rs76283634	cCc	cAc	P	H	357  	*    0.8	1pl6D  348  P
ENSP00000267814	rs76283634	cCc	cAc	P	H	357  	*    0.8	1pl7A  356  P
ENSP00000267814	rs76283634	cCc	cAc	P	H	357  	*    0.8	1pl7B  356  P
ENSP00000267814	rs76283634	cCc	cAc	P	H	357  	*    0.8	1pl7C  356  P
ENSP00000267814	rs76283634	cCc	cAc	P	H	357  	*    0.8	1pl7D  356  P
ENSP00000267814	rs76283634	cCc	cAc	P	H	357  	*    0.8	1pl8A  356  P
ENSP00000267814	rs76283634	cCc	cAc	P	H	357  	*    0.8	1pl8B  356  P
ENSP00000267814	rs76283634	cCc	cAc	P	H	357  	*    0.8	1pl8C  356  P
ENSP00000267814	rs76283634	cCc	cAc	P	H	357  	*    0.8	1pl8D  356  P
ENSP00000267814	rs76283634	cCc	cAc	P	H	357  	*    0.8	3qe3A  351  P
ENSP00000267814	rs76283634	cCc	cTc	P	L	357  	*    0.8	1pl6A  348  P
ENSP00000267814	rs76283634	cCc	cTc	P	L	357  	*    0.8	1pl6B  348  P
ENSP00000267814	rs76283634	cCc	cTc	P	L	357  	*    0.8	1pl6C  348  P
ENSP00000267814	rs76283634	cCc	cTc	P	L	357  	*    0.8	1pl6D  348  P
ENSP00000267814	rs76283634	cCc	cTc	P	L	357  	*    0.8	1pl7A  356  P
ENSP00000267814	rs76283634	cCc	cTc	P	L	357  	*    0.8	1pl7B  356  P
ENSP00000267814	rs76283634	cCc	cTc	P	L	357  	*    0.8	1pl7C  356  P
ENSP00000267814	rs76283634	cCc	cTc	P	L	357  	*    0.8	1pl7D  356  P
ENSP00000267814	rs76283634	cCc	cTc	P	L	357  	*    0.8	1pl8A  356  P
ENSP00000267814	rs76283634	cCc	cTc	P	L	357  	*    0.8	1pl8B  356  P
ENSP00000267814	rs76283634	cCc	cTc	P	L	357  	*    0.8	1pl8C  356  P
ENSP00000267814	rs76283634	cCc	cTc	P	L	357  	*    0.8	1pl8D  356  P
ENSP00000267814	rs76283634	cCc	cTc	P	L	357  	*    0.8	3qe3A  351  P
ENSP00000267953	 rs3826007	gGc	gAc	G	D	82   	.   0.01	2vm6A   77  G
ENSP00000267953	 rs3826007	gGc	gAc	G	D	82   	.   0.01	3i1hA   73  G
ENSP00000267953	 rs3826007	gGc	gAc	G	D	82   	.   0.01	3mqpA   81  G
ENSP00000267953	 rs3826007	gGc	gAc	G	D	82   	.   0.01	4zeqA   80  G
ENSP00000267953	 rs3826007	gGc	gAc	G	D	82   	.   0.01	5uukA   83  G
ENSP00000267953	 rs3826007	gGc	gAc	G	D	82   	.   0.01	5uulA   83  G
ENSP00000267953	 rs3826007	gGc	gAc	G	D	82   	.   0.01	5uupA   83  G
ENSP00000267953	 rs3826007	gGc	gAc	G	D	82   	.   0.01	5whhA   80  G
ENSP00000267953	 rs3826007	gGc	gAc	G	D	82   	.   0.01	5whiA   77  G
ENSP00000267996	 rs1071646	gcC	gcA	A	A	151  	.   0.11	1c1gA  151  A
ENSP00000267996	 rs1071646	gcC	gcA	A	A	151  	.   0.11	1c1gB  151  A
ENSP00000267996	 rs1071646	gcC	gcA	A	A	151  	.   0.11	1c1gC  151  A
ENSP00000267996	 rs1071646	gcC	gcA	A	A	151  	.   0.11	1c1gD  151  A
ENSP00000267996	 rs1071646	gcC	gcA	A	A	151  	.   0.11	2b9cA   54  A
ENSP00000267996	 rs1071646	gcC	gcA	A	A	151  	.   0.11	2b9cB   59  A
ENSP00000267996	 rs1071646	gcC	gcA	A	A	151  	.   0.11	2w49K  144  A
ENSP00000267996	 rs1071646	gcC	gcA	A	A	151  	.   0.11	2w49L  144  A
ENSP00000267996	 rs1071646	gcC	gcA	A	A	151  	.   0.11	2w4uK  127  A
ENSP00000267996	 rs1071646	gcC	gcA	A	A	151  	.   0.11	2w4uL  144  A
ENSP00000267996	 rs1071646	gcC	gcA	A	A	151  	.   0.11	4a7fB   54  A
ENSP00000267996	 rs1071646	gcC	gcA	A	A	151  	.   0.11	4a7fH   54  A
ENSP00000267996	 rs1071646	gcC	gcA	A	A	151  	.   0.11	4a7hB   54  A
ENSP00000267996	 rs1071646	gcC	gcA	A	A	151  	.   0.11	4a7hH   54  A
ENSP00000267996	 rs1071646	gcC	gcA	A	A	151  	.   0.11	4a7lB   54  A
ENSP00000267996	 rs1071646	gcC	gcA	A	A	151  	.   0.11	4a7lH   54  A
ENSP00000268053	    rs6161	Gag	Aag	E	K	314  	.   0.01	3n9yA  271  E
ENSP00000268053	    rs6161	Gag	Aag	E	K	314  	.   0.01	3n9yB  270  E
ENSP00000268053	    rs6161	Gag	Aag	E	K	314  	.   0.01	3n9zA  270  E
ENSP00000268053	    rs6161	Gag	Aag	E	K	314  	.   0.01	3n9zB  270  E
ENSP00000268053	    rs6161	Gag	Aag	E	K	314  	.   0.01	3na0A  270  E
ENSP00000268053	    rs6161	Gag	Aag	E	K	314  	.   0.01	3na0B  270  E
ENSP00000268053	    rs6161	Gag	Aag	E	K	314  	.   0.01	3na1A  271  E
ENSP00000268053	    rs6161	Gag	Aag	E	K	314  	.   0.01	3na1B  270  E
ENSP00000268053	    rs6160	aaC	aaT	N	N	212  	.   0.01	3n9yA  169  N
ENSP00000268053	    rs6160	aaC	aaT	N	N	212  	.   0.01	3n9yB  168  N
ENSP00000268053	    rs6160	aaC	aaT	N	N	212  	.   0.01	3n9zA  168  N
ENSP00000268053	    rs6160	aaC	aaT	N	N	212  	.   0.01	3n9zB  168  N
ENSP00000268053	    rs6160	aaC	aaT	N	N	212  	.   0.01	3na0A  168  N
ENSP00000268053	    rs6160	aaC	aaT	N	N	212  	.   0.01	3na0B  168  N
ENSP00000268053	    rs6160	aaC	aaT	N	N	212  	.   0.01	3na1A  169  N
ENSP00000268053	    rs6160	aaC	aaT	N	N	212  	.   0.01	3na1B  168  N
ENSP00000268053	 rs1049968	atC	atG	I	M	301  	.   0.06	3n9yA  258  I
ENSP00000268053	 rs1049968	atC	atG	I	M	301  	.   0.06	3n9yB  257  I
ENSP00000268053	 rs1049968	atC	atG	I	M	301  	.   0.06	3n9zA  257  I
ENSP00000268053	 rs1049968	atC	atG	I	M	301  	.   0.06	3n9zB  257  I
ENSP00000268053	 rs1049968	atC	atG	I	M	301  	.   0.06	3na0A  257  I
ENSP00000268053	 rs1049968	atC	atG	I	M	301  	.   0.06	3na0B  257  I
ENSP00000268053	 rs1049968	atC	atG	I	M	301  	.   0.06	3na1A  258  I
ENSP00000268053	 rs1049968	atC	atG	I	M	301  	.   0.06	3na1B  257  I
ENSP00000268053	 rs1049968	atC	atA	I	I	301  	.   0.06	3n9yA  258  I
ENSP00000268053	 rs1049968	atC	atA	I	I	301  	.   0.06	3n9yB  257  I
ENSP00000268053	 rs1049968	atC	atA	I	I	301  	.   0.06	3n9zA  257  I
ENSP00000268053	 rs1049968	atC	atA	I	I	301  	.   0.06	3n9zB  257  I
ENSP00000268053	 rs1049968	atC	atA	I	I	301  	.   0.06	3na0A  257  I
ENSP00000268053	 rs1049968	atC	atA	I	I	301  	.   0.06	3na0B  257  I
ENSP00000268053	 rs1049968	atC	atA	I	I	301  	.   0.06	3na1A  258  I
ENSP00000268053	 rs1049968	atC	atA	I	I	301  	.   0.06	3na1B  257  I
ENSP00000268053	rs72547508	Cgg	Tgg	R	W	353  	.   0.04	3n9yA  310  R
ENSP00000268053	rs72547508	Cgg	Tgg	R	W	353  	.   0.04	3n9yB  309  R
ENSP00000268053	rs72547508	Cgg	Tgg	R	W	353  	.   0.04	3n9zA  309  R
ENSP00000268053	rs72547508	Cgg	Tgg	R	W	353  	.   0.04	3n9zB  309  R
ENSP00000268053	rs72547508	Cgg	Tgg	R	W	353  	.   0.04	3na0A  309  R
ENSP00000268053	rs72547508	Cgg	Tgg	R	W	353  	.   0.04	3na0B  309  R
ENSP00000268053	rs72547508	Cgg	Tgg	R	W	353  	.   0.04	3na1A  310  R
ENSP00000268053	rs72547508	Cgg	Tgg	R	W	353  	.   0.04	3na1B  309  R
ENSP00000268053	rs58174009	Gtc	Atc	V	I	179  	.   0.01	3n9yA  136  V
ENSP00000268053	rs58174009	Gtc	Atc	V	I	179  	.   0.01	3n9yB  135  V
ENSP00000268053	rs58174009	Gtc	Atc	V	I	179  	.   0.01	3n9zA  135  V
ENSP00000268053	rs58174009	Gtc	Atc	V	I	179  	.   0.01	3n9zB  135  V
ENSP00000268053	rs58174009	Gtc	Atc	V	I	179  	.   0.01	3na0A  135  V
ENSP00000268053	rs58174009	Gtc	Atc	V	I	179  	.   0.01	3na0B  135  V
ENSP00000268053	rs58174009	Gtc	Atc	V	I	179  	.   0.01	3na1A  136  V
ENSP00000268053	rs58174009	Gtc	Atc	V	I	179  	.   0.01	3na1B  135  V
ENSP00000268251	 rs1731017	cAg	cGg	Q	R	56   	.   0.08	1ohvA   18  R
ENSP00000268251	 rs1731017	cAg	cGg	Q	R	56   	.   0.08	1ohvB   18  R
ENSP00000268251	 rs1731017	cAg	cGg	Q	R	56   	.   0.08	1ohvC   18  R
ENSP00000268251	 rs1731017	cAg	cGg	Q	R	56   	.   0.08	1ohvD   18  R
ENSP00000268251	 rs1731017	cAg	cGg	Q	R	56   	.   0.08	1ohwA   18  R
ENSP00000268251	 rs1731017	cAg	cGg	Q	R	56   	.   0.08	1ohwB   18  R
ENSP00000268251	 rs1731017	cAg	cGg	Q	R	56   	.   0.08	1ohwC   18  R
ENSP00000268251	 rs1731017	cAg	cGg	Q	R	56   	.   0.08	1ohwD   18  R
ENSP00000268251	 rs1731017	cAg	cGg	Q	R	56   	.   0.08	1ohyA   18  R
ENSP00000268251	 rs1731017	cAg	cGg	Q	R	56   	.   0.08	1ohyB   18  R
ENSP00000268251	 rs1731017	cAg	cGg	Q	R	56   	.   0.08	1ohyC   18  R
ENSP00000268251	 rs1731017	cAg	cGg	Q	R	56   	.   0.08	1ohyD   18  R
ENSP00000268251	 rs1731017	cAg	cGg	Q	R	56   	.   0.08	4y0dA   19  R
ENSP00000268251	 rs1731017	cAg	cGg	Q	R	56   	.   0.08	4y0dB   18  R
ENSP00000268251	 rs1731017	cAg	cGg	Q	R	56   	.   0.08	4y0dC   19  R
ENSP00000268251	 rs1731017	cAg	cGg	Q	R	56   	.   0.08	4y0dD   18  R
ENSP00000268251	 rs1731017	cAg	cGg	Q	R	56   	.   0.08	4y0hA   18  R
ENSP00000268251	 rs1731017	cAg	cGg	Q	R	56   	.   0.08	4y0hB   18  R
ENSP00000268251	 rs1731017	cAg	cGg	Q	R	56   	.   0.08	4y0hC   18  R
ENSP00000268251	 rs1731017	cAg	cGg	Q	R	56   	.   0.08	4y0hD   19  R
ENSP00000268251	 rs1731017	cAg	cGg	Q	R	56   	.   0.08	4y0iA   18  R
ENSP00000268251	 rs1731017	cAg	cGg	Q	R	56   	.   0.08	4y0iB   18  R
ENSP00000268251	 rs1731017	cAg	cGg	Q	R	56   	.   0.08	4y0iC   18  R
ENSP00000268251	 rs1731017	cAg	cGg	Q	R	56   	.   0.08	4y0iD   18  R
ENSP00000268251	 rs1731017	cAg	cGg	Q	R	56   	.   0.08	4zswA   18  R
ENSP00000268251	 rs1731017	cAg	cGg	Q	R	56   	.   0.08	4zswB   18  R
ENSP00000268251	 rs1731017	cAg	cGg	Q	R	56   	.   0.08	4zswC   18  R
ENSP00000268251	 rs1731017	cAg	cGg	Q	R	56   	.   0.08	4zswD   18  R
ENSP00000268251	 rs1731017	cAg	cGg	Q	R	56   	.   0.08	4zsyA   18  R
ENSP00000268251	 rs1731017	cAg	cGg	Q	R	56   	.   0.08	4zsyB   17  R
ENSP00000268251	 rs1731017	cAg	cGg	Q	R	56   	.   0.08	4zsyC   18  R
ENSP00000268251	 rs1731017	cAg	cGg	Q	R	56   	.   0.08	4zsyD   17  R
ENSP00000268251	 rs1731017	cAg	cGg	Q	R	56   	.   0.08	6b6gA   18  R
ENSP00000268251	 rs1731017	cAg	cGg	Q	R	56   	.   0.08	6b6gB   18  R
ENSP00000268251	 rs1731017	cAg	cGg	Q	R	56   	.   0.08	6b6gC   18  R
ENSP00000268251	 rs1731017	cAg	cGg	Q	R	56   	.   0.08	6b6gD   18  R
ENSP00000268533	  rs308925	cGt	cAt	R	H	100  	.   0.02	5t3pA   88  R
ENSP00000268533	  rs308925	cGt	cAt	R	H	100  	.   0.02	5t3pB   88  R
ENSP00000268533	  rs308925	cGt	cAt	R	H	100  	.   0.02	5t3pC   88  R
ENSP00000268605	 rs2233457	Gac	Cac	D	H	13   	.   0.21	4uz0A    9  D
ENSP00000268605	 rs2233457	Gac	Cac	D	H	13   	.   0.21	4uz0B    9  D
ENSP00000268695	 rs1064315	caC	caT	H	H	236  	.   0.01	4fdiA  207  H
ENSP00000268695	 rs1064315	caC	caT	H	H	236  	.   0.01	4fdiB  207  H
ENSP00000268695	 rs1064315	caC	caT	H	H	236  	.   0.01	4fdjA  208  H
ENSP00000268695	 rs1064315	caC	caT	H	H	236  	.   0.01	4fdjB  207  H
ENSP00000268704	 rs2292954	Acc	Gcc	T	A	503  	.   0.09	2qz4A  182  A
ENSP00000268717	 rs3182911	atC	atT	I	I	191  	.   0.01	4d10C  189  I
ENSP00000268717	 rs3182911	atC	atT	I	I	191  	.   0.01	4d10K  189  I
ENSP00000268717	 rs3182911	atC	atT	I	I	191  	.   0.01	4d18C  189  I
ENSP00000268717	 rs3182911	atC	atT	I	I	191  	.   0.01	4d18K  189  I
ENSP00000268717	 rs3182911	atC	atT	I	I	191  	.   0.01	4wsnC  189  I
ENSP00000268717	 rs3182911	atC	atT	I	I	191  	.   0.01	4wsnK  189  I
ENSP00000268717	 rs3182911	atC	atT	I	I	191  	.   0.01	4wsnS  189  I
ENSP00000269202	  rs173032	tcT	tcC	S	S	537  	.   0.04	4gwmA  501  S
ENSP00000269202	  rs173032	tcT	tcC	S	S	537  	.   0.04	4gwmB  498  S
ENSP00000269202	  rs173032	tcT	tcC	S	S	537  	.   0.04	4gwnA  476  S
ENSP00000269202	 rs9959396	Gtg	Atg	V	M	326  	.   0.17	4gwmA  290  V
ENSP00000269202	 rs9959396	Gtg	Atg	V	M	326  	.   0.17	4gwmB  287  V
ENSP00000269202	 rs9959396	Gtg	Atg	V	M	326  	.   0.17	4gwnA  265  V
ENSP00000269202	 rs2289544	gaG	gaA	E	E	50   	.   0.22	4gwmA   26  E
ENSP00000269202	 rs2289544	gaG	gaA	E	E	50   	.   0.22	4gwmB   28  E
ENSP00000269202	rs71361372	atA	atG	I	M	116  	.   0.01	4gwmA   92  I
ENSP00000269202	rs71361372	atA	atG	I	M	116  	.   0.01	4gwmB   94  I
ENSP00000269202	rs71361372	atA	atG	I	M	116  	.   0.01	4gwnA   55  I
ENSP00000269209	rs34795598	Ata	Gta	I	V	813  	*   0.74	2dkzA   20  I
ENSP00000269228	rs34084984	aAt	aGt	N	S	961  	.    0.3	5u73A  605  N
ENSP00000269228	rs34084984	aAt	aGt	N	S	961  	.    0.3	5u74A  606  N
ENSP00000269228	rs55680026	aAt	aGt	N	S	222  	.   0.08	3gkhA  200  N
ENSP00000269228	rs55680026	aAt	aGt	N	S	222  	.   0.08	3gkiA  200  N
ENSP00000269228	rs55680026	aAt	aGt	N	S	222  	.   0.08	3gkjA  200  N
ENSP00000269260	 rs1045280	agC	agT	S	S	280  	.   0.28	1g4mA  275  A
ENSP00000269260	 rs1045280	agC	agT	S	S	280  	.   0.28	1g4mB  275  A
ENSP00000269260	 rs1045280	agC	agT	S	S	280  	.   0.28	1g4rA  273  A
ENSP00000269260	 rs1045280	agC	agT	S	S	280  	.   0.28	1jsyA  274  A
ENSP00000269260	 rs1045280	agC	agT	S	S	280  	.   0.28	1zshA  274  A
ENSP00000269260	 rs1045280	agC	agT	S	S	280  	.   0.28	2wtrA  274  A
ENSP00000269260	 rs1045280	agC	agT	S	S	280  	.   0.28	3gc3A  248  A
ENSP00000269260	 rs1045280	agC	agT	S	S	280  	.   0.28	3gd1A  265  A
ENSP00000269260	 rs1045280	agC	agT	S	S	280  	.   0.28	3gd1B  219  A
ENSP00000269260	 rs1045280	agC	agT	S	S	280  	.   0.28	3p2dA  275  S
ENSP00000269260	 rs1045280	agC	agT	S	S	280  	.   0.28	3p2dB  275  S
ENSP00000269260	 rs1045280	agC	agT	S	S	280  	.   0.28	4jqiA  274  A
ENSP00000269260	 rs1045280	agC	agT	S	S	280  	.   0.28	5tv1A  273  S
ENSP00000269298	  rs858520	ccG	ccA	P	P	98   	.   0.02	2beiA   84  P
ENSP00000269298	  rs858520	ccG	ccA	P	P	98   	.   0.02	2beiB   86  P
ENSP00000269298	  rs858520	ccG	ccA	P	P	98   	.   0.02	2q4vA   84  P
ENSP00000269298	  rs858520	ccG	ccA	P	P	98   	.   0.02	2q4vB   86  P
ENSP00000269305	rs55819519	cGc	cAc	R	H	290  	*    0.6	1gzhA  185  R
ENSP00000269305	rs55819519	cGc	cAc	R	H	290  	*    0.6	1gzhC  196  R
ENSP00000269305	rs55819519	cGc	cAc	R	H	290  	*    0.6	1uolA  195  R
ENSP00000269305	rs55819519	cGc	cAc	R	H	290  	*    0.6	1uolB  195  R
ENSP00000269305	rs55819519	cGc	cAc	R	H	290  	*    0.6	2ac0E  197  R
ENSP00000269305	rs55819519	cGc	cAc	R	H	290  	*    0.6	2ac0F  197  R
ENSP00000269305	rs55819519	cGc	cAc	R	H	290  	*    0.6	2ac0G  195  R
ENSP00000269305	rs55819519	cGc	cAc	R	H	290  	*    0.6	2ac0H  195  R
ENSP00000269305	rs55819519	cGc	cAc	R	H	290  	*    0.6	2adyC  196  R
ENSP00000269305	rs55819519	cGc	cAc	R	H	290  	*    0.6	2adyD  197  R
ENSP00000269305	rs55819519	cGc	cAc	R	H	290  	*    0.6	2ahiE  196  R
ENSP00000269305	rs55819519	cGc	cAc	R	H	290  	*    0.6	2ahiF  197  R
ENSP00000269305	rs55819519	cGc	cAc	R	H	290  	*    0.6	2ahiH  195  R
ENSP00000269305	rs55819519	cGc	cAc	R	H	290  	*    0.6	2ataE  195  R
ENSP00000269305	rs55819519	cGc	cAc	R	H	290  	*    0.6	2ataF  197  R
ENSP00000269305	rs55819519	cGc	cAc	R	H	290  	*    0.6	2ataG  195  R
ENSP00000269305	rs55819519	cGc	cAc	R	H	290  	*    0.6	2ataH  197  R
ENSP00000269305	rs55819519	cGc	cAc	R	H	290  	*    0.6	2bimA  195  R
ENSP00000269305	rs55819519	cGc	cAc	R	H	290  	*    0.6	2bimB  195  R
ENSP00000269305	rs55819519	cGc	cAc	R	H	290  	*    0.6	2binA  182  R
ENSP00000269305	rs55819519	cGc	cAc	R	H	290  	*    0.6	2bioA  186  R
ENSP00000269305	rs55819519	cGc	cAc	R	H	290  	*    0.6	2bipA  185  R
ENSP00000269305	rs55819519	cGc	cAc	R	H	290  	*    0.6	2biqA  185  R
ENSP00000269305	rs55819519	cGc	cAc	R	H	290  	*    0.6	2fejA  197  R
ENSP00000269305	rs55819519	cGc	cAc	R	H	290  	*    0.6	2geqC  186  R
ENSP00000269305	rs55819519	cGc	cAc	R	H	290  	*    0.6	2geqD  186  R
ENSP00000269305	rs55819519	cGc	cAc	R	H	290  	*    0.6	2j1wA  195  R
ENSP00000269305	rs55819519	cGc	cAc	R	H	290  	*    0.6	2j1wB  195  R
ENSP00000269305	rs55819519	cGc	cAc	R	H	290  	*    0.6	2j1xA  195  R
ENSP00000269305	rs55819519	cGc	cAc	R	H	290  	*    0.6	2j1xB  194  R
ENSP00000269305	rs55819519	cGc	cAc	R	H	290  	*    0.6	2j1zA  195  R
ENSP00000269305	rs55819519	cGc	cAc	R	H	290  	*    0.6	2j1zB  195  R
ENSP00000269305	rs55819519	cGc	cAc	R	H	290  	*    0.6	2j20A  195  R
ENSP00000269305	rs55819519	cGc	cAc	R	H	290  	*    0.6	2j20B  194  R
ENSP00000269305	rs55819519	cGc	cAc	R	H	290  	*    0.6	2mejB  195  R
ENSP00000269305	rs55819519	cGc	cAc	R	H	290  	*    0.6	2p52A  196  R
ENSP00000269305	rs55819519	cGc	cAc	R	H	290  	*    0.6	2pcxA  203  R
ENSP00000269305	rs55819519	cGc	cAc	R	H	290  	*    0.6	2vukA  195  R
ENSP00000269305	rs55819519	cGc	cAc	R	H	290  	*    0.6	2vukB  196  R
ENSP00000269305	rs55819519	cGc	cAc	R	H	290  	*    0.6	2wgxA  195  R
ENSP00000269305	rs55819519	cGc	cAc	R	H	290  	*    0.6	2wgxB  194  R
ENSP00000269305	rs55819519	cGc	cAc	R	H	290  	*    0.6	2x0uA  195  R
ENSP00000269305	rs55819519	cGc	cAc	R	H	290  	*    0.6	2x0uB  194  R
ENSP00000269305	rs55819519	cGc	cAc	R	H	290  	*    0.6	2x0vA  193  R
ENSP00000269305	rs55819519	cGc	cAc	R	H	290  	*    0.6	2x0wA  195  R
ENSP00000269305	rs55819519	cGc	cAc	R	H	290  	*    0.6	2x0wB  194  R
ENSP00000269305	rs55819519	cGc	cAc	R	H	290  	*    0.6	2xwrB  200  R
ENSP00000269305	rs55819519	cGc	cAc	R	H	290  	*    0.6	3d07B  195  R
ENSP00000269305	rs55819519	cGc	cAc	R	H	290  	*    0.6	3d09A  188  R
ENSP00000269305	rs55819519	cGc	cAc	R	H	290  	*    0.6	3d0aE  195  R
ENSP00000269305	rs55819519	cGc	cAc	R	H	290  	*    0.6	3d0aF  196  R
ENSP00000269305	rs55819519	cGc	cAc	R	H	290  	*    0.6	3exjA  190  R
ENSP00000269305	rs55819519	cGc	cAc	R	H	290  	*    0.6	3exjB  192  R
ENSP00000269305	rs55819519	cGc	cAc	R	H	290  	*    0.6	3exlA  191  R
ENSP00000269305	rs55819519	cGc	cAc	R	H	290  	*    0.6	3igkA  194  R
ENSP00000269305	rs55819519	cGc	cAc	R	H	290  	*    0.6	3iglA  194  R
ENSP00000269305	rs55819519	cGc	cAc	R	H	290  	*    0.6	3kmdA  199  R
ENSP00000269305	rs55819519	cGc	cAc	R	H	290  	*    0.6	3kmdB  199  R
ENSP00000269305	rs55819519	cGc	cAc	R	H	290  	*    0.6	3kmdC  199  R
ENSP00000269305	rs55819519	cGc	cAc	R	H	290  	*    0.6	3kmdD  199  R
ENSP00000269305	rs55819519	cGc	cAc	R	H	290  	*    0.6	3kz8A  193  R
ENSP00000269305	rs55819519	cGc	cAc	R	H	290  	*    0.6	3kz8B  193  R
ENSP00000269305	rs55819519	cGc	cAc	R	H	290  	*    0.6	3q01A  197  R
ENSP00000269305	rs55819519	cGc	cAc	R	H	290  	*    0.6	3q01B  197  R
ENSP00000269305	rs55819519	cGc	cAc	R	H	290  	*    0.6	3q05A  197  R
ENSP00000269305	rs55819519	cGc	cAc	R	H	290  	*    0.6	3q05B  197  R
ENSP00000269305	rs55819519	cGc	cAc	R	H	290  	*    0.6	3q05C  197  R
ENSP00000269305	rs55819519	cGc	cAc	R	H	290  	*    0.6	3q05D  197  R
ENSP00000269305	rs55819519	cGc	cAc	R	H	290  	*    0.6	3q06A  195  R
ENSP00000269305	rs55819519	cGc	cAc	R	H	290  	*    0.6	3q06B  195  R
ENSP00000269305	rs55819519	cGc	cAc	R	H	290  	*    0.6	3q06C  195  R
ENSP00000269305	rs55819519	cGc	cAc	R	H	290  	*    0.6	3q06D  195  R
ENSP00000269305	rs55819519	cGc	cAc	R	H	290  	*    0.6	3ts8A  197  R
ENSP00000269305	rs55819519	cGc	cAc	R	H	290  	*    0.6	3ts8B  197  R
ENSP00000269305	rs55819519	cGc	cAc	R	H	290  	*    0.6	3ts8C  197  R
ENSP00000269305	rs55819519	cGc	cAc	R	H	290  	*    0.6	3ts8D  197  R
ENSP00000269305	rs55819519	cGc	cAc	R	H	290  	*    0.6	3zmeA  195  R
ENSP00000269305	rs55819519	cGc	cAc	R	H	290  	*    0.6	3zmeB  196  R
ENSP00000269305	rs55819519	cGc	cAc	R	H	290  	*    0.6	4aglA  195  R
ENSP00000269305	rs55819519	cGc	cAc	R	H	290  	*    0.6	4aglB  197  R
ENSP00000269305	rs55819519	cGc	cAc	R	H	290  	*    0.6	4agmA  195  R
ENSP00000269305	rs55819519	cGc	cAc	R	H	290  	*    0.6	4agmB  197  R
ENSP00000269305	rs55819519	cGc	cAc	R	H	290  	*    0.6	4agnA  195  R
ENSP00000269305	rs55819519	cGc	cAc	R	H	290  	*    0.6	4agnB  197  R
ENSP00000269305	rs55819519	cGc	cAc	R	H	290  	*    0.6	4agoA  195  R
ENSP00000269305	rs55819519	cGc	cAc	R	H	290  	*    0.6	4agpA  195  R
ENSP00000269305	rs55819519	cGc	cAc	R	H	290  	*    0.6	4agpB  197  R
ENSP00000269305	rs55819519	cGc	cAc	R	H	290  	*    0.6	4agqA  195  R
ENSP00000269305	rs55819519	cGc	cAc	R	H	290  	*    0.6	4hjeA  199  R
ENSP00000269305	rs55819519	cGc	cAc	R	H	290  	*    0.6	4hjeB  199  R
ENSP00000269305	rs55819519	cGc	cAc	R	H	290  	*    0.6	4hjeC  199  R
ENSP00000269305	rs55819519	cGc	cAc	R	H	290  	*    0.6	4hjeD  199  R
ENSP00000269305	rs55819519	cGc	cAc	R	H	290  	*    0.6	4ibtA  196  R
ENSP00000269305	rs55819519	cGc	cAc	R	H	290  	*    0.6	4ibtC  197  R
ENSP00000269305	rs55819519	cGc	cAc	R	H	290  	*    0.6	4ibuA  195  R
ENSP00000269305	rs55819519	cGc	cAc	R	H	290  	*    0.6	4ibuB  197  R
ENSP00000269305	rs55819519	cGc	cAc	R	H	290  	*    0.6	4ibuC  195  R
ENSP00000269305	rs55819519	cGc	cAc	R	H	290  	*    0.6	4ibuD  196  R
ENSP00000269305	rs55819519	cGc	cAc	R	H	290  	*    0.6	4ibvA  194  R
ENSP00000269305	rs55819519	cGc	cAc	R	H	290  	*    0.6	4ibwA  194  R
ENSP00000269305	rs55819519	cGc	cAc	R	H	290  	*    0.6	4ibyA  197  R
ENSP00000269305	rs55819519	cGc	cAc	R	H	290  	*    0.6	4ijtA  197  R
ENSP00000269305	rs55819519	cGc	cAc	R	H	290  	*    0.6	4lofA  197  R
ENSP00000269305	rs55819519	cGc	cAc	R	H	290  	*    0.6	4mzrA  197  R
ENSP00000269305	rs55819519	cGc	cAc	R	H	290  	*    0.6	4mzrB  197  R
ENSP00000269305	rs55819519	cGc	cAc	R	H	290  	*    0.6	4mzrC  197  R
ENSP00000269305	rs55819519	cGc	cAc	R	H	290  	*    0.6	4mzrD  197  R
ENSP00000269305	rs55819519	cGc	cAc	R	H	290  	*    0.6	4qo1B  199  R
ENSP00000269305	rs55819519	cGc	cAc	R	H	290  	*    0.6	4xr8C  197  R
ENSP00000269305	rs55819519	cGc	cAc	R	H	290  	*    0.6	4xr8D  197  R
ENSP00000269305	rs55819519	cGc	cAc	R	H	290  	*    0.6	5a7bA  195  R
ENSP00000269305	rs55819519	cGc	cAc	R	H	290  	*    0.6	5a7bB  197  R
ENSP00000269305	rs55819519	cGc	cAc	R	H	290  	*    0.6	5ab9A  195  R
ENSP00000269305	rs55819519	cGc	cAc	R	H	290  	*    0.6	5ab9B  196  R
ENSP00000269305	rs55819519	cGc	cAc	R	H	290  	*    0.6	5abaA  195  R
ENSP00000269305	rs55819519	cGc	cAc	R	H	290  	*    0.6	5abaB  197  R
ENSP00000269305	rs55819519	cGc	cAc	R	H	290  	*    0.6	5aoiA  195  R
ENSP00000269305	rs55819519	cGc	cAc	R	H	290  	*    0.6	5aoiB  196  R
ENSP00000269305	rs55819519	cGc	cAc	R	H	290  	*    0.6	5aojA  195  R
ENSP00000269305	rs55819519	cGc	cAc	R	H	290  	*    0.6	5aojB  197  R
ENSP00000269305	rs55819519	cGc	cAc	R	H	290  	*    0.6	5aokA  195  R
ENSP00000269305	rs55819519	cGc	cAc	R	H	290  	*    0.6	5aokB  197  R
ENSP00000269305	rs55819519	cGc	cAc	R	H	290  	*    0.6	5aolA  195  R
ENSP00000269305	rs55819519	cGc	cAc	R	H	290  	*    0.6	5aolB  197  R
ENSP00000269305	rs55819519	cGc	cAc	R	H	290  	*    0.6	5aomA  195  R
ENSP00000269305	rs55819519	cGc	cAc	R	H	290  	*    0.6	5buaA  196  R
ENSP00000269305	rs55819519	cGc	cAc	R	H	290  	*    0.6	5ecgA  189  R
ENSP00000269305	rs55819519	cGc	cAc	R	H	290  	*    0.6	5g4mA  195  R
ENSP00000269305	rs55819519	cGc	cAc	R	H	290  	*    0.6	5g4mB  197  R
ENSP00000269305	rs55819519	cGc	cAc	R	H	290  	*    0.6	5g4nA  195  R
ENSP00000269305	rs55819519	cGc	cAc	R	H	290  	*    0.6	5g4nB  197  R
ENSP00000269305	rs55819519	cGc	cAc	R	H	290  	*    0.6	5g4oA  195  R
ENSP00000269305	rs55819519	cGc	cAc	R	H	290  	*    0.6	5g4oB  197  R
ENSP00000269305	rs55819519	cGc	cAc	R	H	290  	*    0.6	5lapA  195  R
ENSP00000269305	rs55819519	cGc	cAc	R	H	290  	*    0.6	5lapB  196  R
ENSP00000269305	rs55819519	cGc	cAc	R	H	290  	*    0.6	5lgyA  195  R
ENSP00000269305	rs55819519	cGc	cAc	R	H	290  	*    0.6	5lgyB  196  R
ENSP00000269305	rs55819519	cGc	cAc	R	H	290  	*    0.6	5lgyC  195  R
ENSP00000269305	rs55819519	cGc	cAc	R	H	290  	*    0.6	5lgyD  195  R
ENSP00000269305	rs55819519	cGc	cAc	R	H	290  	*    0.6	5mctA  197  R
ENSP00000269305	rs55819519	cGc	cAc	R	H	290  	*    0.6	5mctB  197  R
ENSP00000269305	rs55819519	cGc	cAc	R	H	290  	*    0.6	5mcuA  196  R
ENSP00000269305	rs55819519	cGc	cAc	R	H	290  	*    0.6	5mcuB  196  R
ENSP00000269305	rs55819519	cGc	cAc	R	H	290  	*    0.6	5mcvA  197  R
ENSP00000269305	rs55819519	cGc	cAc	R	H	290  	*    0.6	5mcvB  197  R
ENSP00000269305	rs55819519	cGc	cAc	R	H	290  	*    0.6	5mcwA  197  R
ENSP00000269305	rs55819519	cGc	cAc	R	H	290  	*    0.6	5mcwB  197  R
ENSP00000269305	rs55819519	cGc	cAc	R	H	290  	*    0.6	5mf7A  185  R
ENSP00000269305	rs55819519	cGc	cAc	R	H	290  	*    0.6	5mf7B  185  R
ENSP00000269305	rs55819519	cGc	cAc	R	H	290  	*    0.6	5mg7A  196  R
ENSP00000269305	rs55819519	cGc	cAc	R	H	290  	*    0.6	5mg7B  196  R
ENSP00000269305	rs55819519	cGc	cAc	R	H	290  	*    0.6	5o1aA  195  R
ENSP00000269305	rs55819519	cGc	cAc	R	H	290  	*    0.6	5o1aB  196  R
ENSP00000269305	rs55819519	cGc	cAc	R	H	290  	*    0.6	5o1bA  195  R
ENSP00000269305	rs55819519	cGc	cAc	R	H	290  	*    0.6	5o1bB  197  R
ENSP00000269305	rs55819519	cGc	cAc	R	H	290  	*    0.6	5o1cA  195  R
ENSP00000269305	rs55819519	cGc	cAc	R	H	290  	*    0.6	5o1cB  196  R
ENSP00000269305	rs55819519	cGc	cAc	R	H	290  	*    0.6	5o1dA  195  R
ENSP00000269305	rs55819519	cGc	cAc	R	H	290  	*    0.6	5o1dB  196  R
ENSP00000269305	rs55819519	cGc	cAc	R	H	290  	*    0.6	5o1eA  195  R
ENSP00000269305	rs55819519	cGc	cAc	R	H	290  	*    0.6	5o1eB  197  R
ENSP00000269305	rs55819519	cGc	cAc	R	H	290  	*    0.6	5o1fA  195  R
ENSP00000269305	rs55819519	cGc	cAc	R	H	290  	*    0.6	5o1fB  196  R
ENSP00000269305	rs55819519	cGc	cAc	R	H	290  	*    0.6	5o1gA  195  R
ENSP00000269305	rs55819519	cGc	cAc	R	H	290  	*    0.6	5o1gB  196  R
ENSP00000269305	rs55819519	cGc	cAc	R	H	290  	*    0.6	5o1hA  195  R
ENSP00000269305	rs55819519	cGc	cAc	R	H	290  	*    0.6	5o1hB  196  R
ENSP00000269305	rs55819519	cGc	cAc	R	H	290  	*    0.6	5o1iA  195  R
ENSP00000269305	rs55819519	cGc	cAc	R	H	290  	*    0.6	5o1iB  196  R
ENSP00000269305	rs55819519	cGc	cAc	R	H	290  	*    0.6	6fj5A  197  R
ENSP00000269305	rs55819519	cGc	cAc	R	H	290  	*    0.6	6fj5B  197  R
ENSP00000269305	rs55819519	cGc	cAc	R	H	290  	*    0.6	6fj5C  197  R
ENSP00000269305	rs55819519	cGc	cAc	R	H	290  	*    0.6	6fj5D  197  R
ENSP00000269485	 rs1805034	gCg	gTg	A	V	192  	.   0.02	3me2B  160  V
ENSP00000269485	 rs1805034	gCg	gTg	A	V	192  	.   0.02	3me4A  161  V
ENSP00000269485	 rs1805034	gCg	gTg	A	V	192  	.   0.02	3me4B  149  V
ENSP00000269485	 rs1805034	gCg	gTg	A	V	192  	.   0.02	3qbqB  159  V
ENSP00000269485	 rs1805034	gCg	gTg	A	V	192  	.   0.02	3qbqD  159  V
ENSP00000269485	 rs1805034	gCg	gTg	A	V	192  	.   0.02	4giqB  159  V
ENSP00000269485	 rs1805034	gCg	gTg	A	V	192  	.   0.02	5bnqB  160  V
