ENSP00000415660	 rs2228111	tCt	tGt	S	C	346  	.   0.38	5u1dA  114  S
ENSP00000415660	rs36229525	Gtg	Ttg	V	L	304  	.   0.01	5u1dA   72  V
ENSP00000415660	rs36229525	Gtg	Atg	V	M	304  	.   0.01	5u1dA   72  V
ENSP00000415660	rs41559815	Ctg	Ttg	L	L	703  	.   0.22	1jj7A  152  L
ENSP00000415660	rs41559815	Ctg	Ttg	L	L	703  	.   0.22	5u1dA  462  L
ENSP00000415675	 rs2746395	gAt	gTt	D	V	63   	.   0.02	3fqiA   36  D
ENSP00000415675	 rs2746395	gAt	gTt	D	V	63   	.   0.02	3fqjA   37  D
ENSP00000415675	 rs2746395	gAt	gTt	D	V	63   	.   0.02	4j7lA   37  D
ENSP00000415675	 rs2746395	gAt	gTt	D	V	63   	.   0.02	4j7mA   37  D
ENSP00000415675	 rs2746395	gAt	gTt	D	V	63   	.   0.02	4j7nA   37  D
ENSP00000415675	 rs2746395	gAt	gTt	D	V	63   	.   0.02	5uliA   37  D
ENSP00000415675	rs12205138	gCc	gTc	A	V	332  	.   0.01	3fqiA  295  A
ENSP00000415675	rs12205138	gCc	gTc	A	V	332  	.   0.01	3fqjA  301  A
ENSP00000415675	rs12205138	gCc	gTc	A	V	332  	.   0.01	4j7lA  306  A
ENSP00000415675	rs12205138	gCc	gTc	A	V	332  	.   0.01	4j7mA  306  A
ENSP00000415675	rs12205138	gCc	gTc	A	V	332  	.   0.01	4j7nA  306  A
ENSP00000415675	rs12205138	gCc	gTc	A	V	332  	.   0.01	5uliA  306  A
ENSP00000415675	rs35529997	Ccg	Tcg	P	S	142  	.   0.01	3fqiA  105  P
ENSP00000415675	rs35529997	Ccg	Tcg	P	S	142  	.   0.01	3fqjA  111  P
ENSP00000415675	rs35529997	Ccg	Tcg	P	S	142  	.   0.01	4j7lA  116  P
ENSP00000415675	rs35529997	Ccg	Tcg	P	S	142  	.   0.01	4j7mA  116  P
ENSP00000415675	rs35529997	Ccg	Tcg	P	S	142  	.   0.01	4j7nA  116  P
ENSP00000415675	rs35529997	Ccg	Tcg	P	S	142  	.   0.01	5uliA  116  P
ENSP00000415675	rs45531831	agG	agA	R	R	316  	.   0.02	3fqiA  279  R
ENSP00000415675	rs45531831	agG	agA	R	R	316  	.   0.02	3fqjA  285  R
ENSP00000415675	rs45531831	agG	agA	R	R	316  	.   0.02	4j7lA  290  R
ENSP00000415675	rs45531831	agG	agA	R	R	316  	.   0.02	4j7mA  290  R
ENSP00000415675	rs45531831	agG	agA	R	R	316  	.   0.02	4j7nA  290  R
ENSP00000415675	rs45531831	agG	agA	R	R	316  	.   0.02	5uliA  290  R
ENSP00000415692	rs12483377	Gac	Aac	D	N	245  	.   0.01	1bnlA  105  G
ENSP00000415692	rs12483377	Gac	Aac	D	N	245  	.   0.01	1bnlB  105  G
ENSP00000415692	rs12483377	Gac	Aac	D	N	245  	.   0.01	1bnlC  105  G
ENSP00000415692	rs12483377	Gac	Aac	D	N	245  	.   0.01	1bnlD  105  G
ENSP00000415692	rs12483377	Gac	Aac	D	N	245  	.   0.01	1dy0A  106  G
ENSP00000415692	rs12483377	Gac	Aac	D	N	245  	.   0.01	1dy1A  109  G
ENSP00000415692	rs12483377	Gac	Aac	D	N	245  	.   0.01	1koeA   99  G
ENSP00000415697	rs11575840	Gcc	Acc	A	T	78   	.   0.01	3noiA   92  A
ENSP00000415697	rs11575840	Gcc	Acc	A	T	78   	.   0.01	3noiB   93  A
ENSP00000415697	rs11575840	Gcc	Acc	A	T	78   	.   0.01	3pv6B   85  A
ENSP00000415730	 rs2524235	Ctg	Gtg	L	V	796  	.   0.01	3zosA  221  L
ENSP00000415730	 rs2524235	Ctg	Gtg	L	V	796  	.   0.01	3zosB  223  L
ENSP00000415730	 rs2524235	Ctg	Gtg	L	V	796  	.   0.01	4bkjA  215  L
ENSP00000415730	 rs2524235	Ctg	Gtg	L	V	796  	.   0.01	4bkjB  217  L
ENSP00000415730	 rs2524235	Ctg	Gtg	L	V	796  	.   0.01	4ckrA  215  L
ENSP00000415730	 rs2524235	Ctg	Gtg	L	V	796  	.   0.01	5bvkA  200  L
ENSP00000415730	 rs2524235	Ctg	Gtg	L	V	796  	.   0.01	5bvnA  200  L
ENSP00000415730	 rs2524235	Ctg	Gtg	L	V	796  	.   0.01	5bvoA  198  L
ENSP00000415730	 rs2524235	Ctg	Gtg	L	V	796  	.   0.01	5bvwA  196  L
ENSP00000415730	 rs2524235	Ctg	Gtg	L	V	796  	.   0.01	5fdpA  206  L
ENSP00000415730	 rs2524235	Ctg	Gtg	L	V	796  	.   0.01	5fdxA  204  L
ENSP00000415730	 rs2524235	Ctg	Gtg	L	V	796  	.   0.01	5fdxB  200  L
ENSP00000415730	 rs2524235	Ctg	Gtg	L	V	796  	.   0.01	6gwrA  221  L
ENSP00000415730	 rs2524235	Ctg	Gtg	L	V	796  	.   0.01	6gwrB  210  L
ENSP00000415780	 rs2070600	Agc	Ggc	S	G	82   	.   0.01	2e5eA   62  G
ENSP00000415780	 rs2070600	Agc	Ggc	S	G	82   	.   0.01	2l7uA   62  G
ENSP00000415780	 rs2070600	Agc	Ggc	S	G	82   	.   0.01	2m1kC   62  G
ENSP00000415780	 rs2070600	Agc	Ggc	S	G	82   	.   0.01	2m1kD   62  G
ENSP00000415780	 rs2070600	Agc	Ggc	S	G	82   	.   0.01	2mjwA   62  G
ENSP00000415780	 rs2070600	Agc	Ggc	S	G	82   	.   0.01	2mjwD   62  G
ENSP00000415780	 rs2070600	Agc	Ggc	S	G	82   	.   0.01	2movA   62  G
ENSP00000415780	 rs2070600	Agc	Ggc	S	G	82   	.   0.01	3cjjA   61  G
ENSP00000415780	 rs2070600	Agc	Ggc	S	G	82   	.   0.01	3o3uA  431  G
ENSP00000415780	 rs2070600	Agc	Ggc	S	G	82   	.   0.01	4im8A   54  G
ENSP00000415780	 rs2070600	Agc	Ggc	S	G	82   	.   0.01	4lp4A   63  G
ENSP00000415780	 rs2070600	Agc	Ggc	S	G	82   	.   0.01	4lp4B   63  G
ENSP00000415780	 rs2070600	Agc	Ggc	S	G	82   	.   0.01	4lp5A   60  G
ENSP00000415780	 rs2070600	Agc	Ggc	S	G	82   	.   0.01	4lp5B   63  G
ENSP00000415780	 rs2070600	Agc	Ggc	S	G	82   	.   0.01	4of5A   60  G
ENSP00000415780	 rs2070600	Agc	Ggc	S	G	82   	.   0.01	4of5B   61  G
ENSP00000415780	 rs2070600	Agc	Ggc	S	G	82   	.   0.01	4ofvA   60  G
ENSP00000415780	 rs2070600	Agc	Ggc	S	G	82   	.   0.01	4ofvB   62  G
ENSP00000415780	 rs2070600	Agc	Ggc	S	G	82   	.   0.01	4oi7A   60  G
ENSP00000415780	 rs2070600	Agc	Ggc	S	G	82   	.   0.01	4oi7B   62  G
ENSP00000415780	 rs2070600	Agc	Ggc	S	G	82   	.   0.01	4oi8A   60  G
ENSP00000415780	 rs2070600	Agc	Ggc	S	G	82   	.   0.01	4oi8B   62  G
ENSP00000415780	 rs2070600	Agc	Ggc	S	G	82   	.   0.01	4p2yA   62  G
ENSP00000415780	 rs2070600	Agc	Ggc	S	G	82   	.   0.01	4ybhA   62  G
ENSP00000415780	rs80096349	Cgt	Tgt	R	C	77   	.   0.02	2e5eA   57  R
ENSP00000415780	rs80096349	Cgt	Tgt	R	C	77   	.   0.02	2l7uA   57  R
ENSP00000415780	rs80096349	Cgt	Tgt	R	C	77   	.   0.02	2m1kC   57  R
ENSP00000415780	rs80096349	Cgt	Tgt	R	C	77   	.   0.02	2m1kD   57  R
ENSP00000415780	rs80096349	Cgt	Tgt	R	C	77   	.   0.02	2mjwA   57  R
ENSP00000415780	rs80096349	Cgt	Tgt	R	C	77   	.   0.02	2mjwD   57  R
ENSP00000415780	rs80096349	Cgt	Tgt	R	C	77   	.   0.02	2movA   57  R
ENSP00000415780	rs80096349	Cgt	Tgt	R	C	77   	.   0.02	3cjjA   56  R
ENSP00000415780	rs80096349	Cgt	Tgt	R	C	77   	.   0.02	3o3uA  426  R
ENSP00000415780	rs80096349	Cgt	Tgt	R	C	77   	.   0.02	4im8A   49  R
ENSP00000415780	rs80096349	Cgt	Tgt	R	C	77   	.   0.02	4lp4A   58  R
ENSP00000415780	rs80096349	Cgt	Tgt	R	C	77   	.   0.02	4lp4B   58  R
ENSP00000415780	rs80096349	Cgt	Tgt	R	C	77   	.   0.02	4lp5A   55  R
ENSP00000415780	rs80096349	Cgt	Tgt	R	C	77   	.   0.02	4lp5B   58  R
ENSP00000415780	rs80096349	Cgt	Tgt	R	C	77   	.   0.02	4of5A   55  R
ENSP00000415780	rs80096349	Cgt	Tgt	R	C	77   	.   0.02	4of5B   56  R
ENSP00000415780	rs80096349	Cgt	Tgt	R	C	77   	.   0.02	4ofvA   55  R
ENSP00000415780	rs80096349	Cgt	Tgt	R	C	77   	.   0.02	4ofvB   57  R
ENSP00000415780	rs80096349	Cgt	Tgt	R	C	77   	.   0.02	4oi7A   55  R
ENSP00000415780	rs80096349	Cgt	Tgt	R	C	77   	.   0.02	4oi7B   57  R
ENSP00000415780	rs80096349	Cgt	Tgt	R	C	77   	.   0.02	4oi8A   55  R
ENSP00000415780	rs80096349	Cgt	Tgt	R	C	77   	.   0.02	4oi8B   57  R
ENSP00000415780	rs80096349	Cgt	Tgt	R	C	77   	.   0.02	4p2yA   57  R
ENSP00000415780	rs80096349	Cgt	Tgt	R	C	77   	.   0.02	4ybhA   57  R
ENSP00000415780	rs35795092	gtC	gtT	V	V	89   	.   0.01	2e5eA   69  V
ENSP00000415780	rs35795092	gtC	gtT	V	V	89   	.   0.01	2l7uA   69  V
ENSP00000415780	rs35795092	gtC	gtT	V	V	89   	.   0.01	2m1kC   69  V
ENSP00000415780	rs35795092	gtC	gtT	V	V	89   	.   0.01	2m1kD   69  V
ENSP00000415780	rs35795092	gtC	gtT	V	V	89   	.   0.01	2mjwA   69  V
ENSP00000415780	rs35795092	gtC	gtT	V	V	89   	.   0.01	2mjwD   69  V
ENSP00000415780	rs35795092	gtC	gtT	V	V	89   	.   0.01	2movA   69  V
ENSP00000415780	rs35795092	gtC	gtT	V	V	89   	.   0.01	3cjjA   68  V
ENSP00000415780	rs35795092	gtC	gtT	V	V	89   	.   0.01	3o3uA  438  V
ENSP00000415780	rs35795092	gtC	gtT	V	V	89   	.   0.01	4im8A   61  T
ENSP00000415780	rs35795092	gtC	gtT	V	V	89   	.   0.01	4lp4A   70  V
ENSP00000415780	rs35795092	gtC	gtT	V	V	89   	.   0.01	4lp4B   70  V
ENSP00000415780	rs35795092	gtC	gtT	V	V	89   	.   0.01	4lp5A   67  V
ENSP00000415780	rs35795092	gtC	gtT	V	V	89   	.   0.01	4lp5B   70  V
ENSP00000415780	rs35795092	gtC	gtT	V	V	89   	.   0.01	4of5A   67  V
ENSP00000415780	rs35795092	gtC	gtT	V	V	89   	.   0.01	4of5B   68  V
ENSP00000415780	rs35795092	gtC	gtT	V	V	89   	.   0.01	4ofvA   67  V
ENSP00000415780	rs35795092	gtC	gtT	V	V	89   	.   0.01	4ofvB   69  V
ENSP00000415780	rs35795092	gtC	gtT	V	V	89   	.   0.01	4oi7A   67  V
ENSP00000415780	rs35795092	gtC	gtT	V	V	89   	.   0.01	4oi7B   69  V
ENSP00000415780	rs35795092	gtC	gtT	V	V	89   	.   0.01	4oi8A   67  V
ENSP00000415780	rs35795092	gtC	gtT	V	V	89   	.   0.01	4oi8B   69  V
ENSP00000415780	rs35795092	gtC	gtT	V	V	89   	.   0.01	4p2yA   69  V
ENSP00000415780	rs35795092	gtC	gtT	V	V	89   	.   0.01	4ybhA   69  V
ENSP00000415780	rs35795092	gtC	gtG	V	V	89   	.   0.01	2e5eA   69  V
ENSP00000415780	rs35795092	gtC	gtG	V	V	89   	.   0.01	2l7uA   69  V
ENSP00000415780	rs35795092	gtC	gtG	V	V	89   	.   0.01	2m1kC   69  V
ENSP00000415780	rs35795092	gtC	gtG	V	V	89   	.   0.01	2m1kD   69  V
ENSP00000415780	rs35795092	gtC	gtG	V	V	89   	.   0.01	2mjwA   69  V
ENSP00000415780	rs35795092	gtC	gtG	V	V	89   	.   0.01	2mjwD   69  V
ENSP00000415780	rs35795092	gtC	gtG	V	V	89   	.   0.01	2movA   69  V
ENSP00000415780	rs35795092	gtC	gtG	V	V	89   	.   0.01	3cjjA   68  V
ENSP00000415780	rs35795092	gtC	gtG	V	V	89   	.   0.01	3o3uA  438  V
ENSP00000415780	rs35795092	gtC	gtG	V	V	89   	.   0.01	4im8A   61  T
ENSP00000415780	rs35795092	gtC	gtG	V	V	89   	.   0.01	4lp4A   70  V
ENSP00000415780	rs35795092	gtC	gtG	V	V	89   	.   0.01	4lp4B   70  V
ENSP00000415780	rs35795092	gtC	gtG	V	V	89   	.   0.01	4lp5A   67  V
ENSP00000415780	rs35795092	gtC	gtG	V	V	89   	.   0.01	4lp5B   70  V
ENSP00000415780	rs35795092	gtC	gtG	V	V	89   	.   0.01	4of5A   67  V
ENSP00000415780	rs35795092	gtC	gtG	V	V	89   	.   0.01	4of5B   68  V
ENSP00000415780	rs35795092	gtC	gtG	V	V	89   	.   0.01	4ofvA   67  V
ENSP00000415780	rs35795092	gtC	gtG	V	V	89   	.   0.01	4ofvB   69  V
ENSP00000415780	rs35795092	gtC	gtG	V	V	89   	.   0.01	4oi7A   67  V
ENSP00000415780	rs35795092	gtC	gtG	V	V	89   	.   0.01	4oi7B   69  V
ENSP00000415780	rs35795092	gtC	gtG	V	V	89   	.   0.01	4oi8A   67  V
ENSP00000415780	rs35795092	gtC	gtG	V	V	89   	.   0.01	4oi8B   69  V
ENSP00000415780	rs35795092	gtC	gtG	V	V	89   	.   0.01	4p2yA   69  V
ENSP00000415780	rs35795092	gtC	gtG	V	V	89   	.   0.01	4ybhA   69  V
ENSP00000415786	 rs6747096	aaT	aaC	N	N	171  	.   0.29	4dy0A  138  N
ENSP00000415786	 rs6747096	aaT	aaC	N	N	171  	.   0.29	4dy0B  137  N
ENSP00000415786	 rs6747096	aaT	aaC	N	N	171  	.   0.29	4dy7C  138  N
ENSP00000415786	 rs6747096	aaT	aaC	N	N	171  	.   0.29	4dy7F  139  N
ENSP00000415802	 rs1129640	gtA	gtG	V	V	16   	.   0.01	1t6nA   73  L
ENSP00000415802	 rs1129640	gtA	gtG	V	V	16   	.   0.01	1t6nB   73  L
ENSP00000415802	 rs1129640	gtA	gtG	V	V	16   	.   0.01	1xtiA   72  L
ENSP00000415802	 rs1129640	gtA	gtG	V	V	16   	.   0.01	1xtjA   73  L
ENSP00000415802	 rs1129640	gtA	gtG	V	V	16   	.   0.01	1xtkA   72  L
ENSP00000415802	rs55799418	caC	caT	H	H	120  	.   0.01	1t6nA  177  E
ENSP00000415802	rs55799418	caC	caT	H	H	120  	.   0.01	1t6nB  177  E
ENSP00000415802	rs55799418	caC	caT	H	H	120  	.   0.01	1xtiA  176  E
ENSP00000415802	rs55799418	caC	caT	H	H	120  	.   0.01	1xtjA  177  E
ENSP00000415802	rs55799418	caC	caT	H	H	120  	.   0.01	1xtkA  176  E
ENSP00000415805	 rs2736182	Gga	Aga	G	R	28   	.   0.42	2g2bA   17  G
ENSP00000415844	 rs1063478	Gtc	Atc	V	I	196  	.   0.05	1hdmA  125  V
ENSP00000415844	 rs1063478	Gtc	Atc	V	I	196  	.   0.05	2bc4A  128  V
ENSP00000415844	 rs1063478	Gtc	Atc	V	I	196  	.   0.05	2bc4C  129  V
ENSP00000415844	 rs1063478	Gtc	Atc	V	I	196  	.   0.05	4fqxA  126  V
ENSP00000415844	 rs1063478	Gtc	Atc	V	I	196  	.   0.05	4gbxA  129  V
ENSP00000415844	 rs1063478	Gtc	Atc	V	I	196  	.   0.05	4i0pA  128  V
ENSP00000415844	 rs1063478	Gtc	Atc	V	I	196  	.   0.05	4i0pE  128  V
ENSP00000415903	rs77283008	gaT	gaC	D	D	212  	.   0.01	1wenA   36  D
ENSP00000415903	rs77283008	gaT	gaC	D	D	212  	.   0.01	1weuA   56  D
ENSP00000415903	rs77283008	gaT	gaC	D	D	212  	.   0.01	2k1jA   30  D
ENSP00000415903	rs77283008	gaT	gaC	D	D	212  	.   0.01	2m1rA   30  D
ENSP00000415903	rs77283008	gaT	gaC	D	D	212  	.   0.01	2pnxA   22  D
ENSP00000415903	rs77283008	gaT	gaC	D	D	212  	.   0.01	2pnxC   23  D
ENSP00000415903	rs77283008	gaT	gaC	D	D	212  	.   0.01	2vnfC   26  D
ENSP00000415903	rs77283008	gaT	gaC	D	D	212  	.   0.01	3c6wA   22  D
ENSP00000415903	rs77283008	gaT	gaC	D	D	212  	.   0.01	3c6wC   23  D
ENSP00000416000	rs139390622	aaC	aaT	N	N	286  	.   0.01	1dtwA  257  N
ENSP00000416000	rs139390622	aaC	aaT	N	N	286  	.   0.01	1olsA  258  N
ENSP00000416000	rs139390622	aaC	aaT	N	N	286  	.   0.01	1oluA  254  N
ENSP00000416000	rs139390622	aaC	aaT	N	N	286  	.   0.01	1olxA  259  N
ENSP00000416000	rs139390622	aaC	aaT	N	N	286  	.   0.01	1u5bA  258  N
ENSP00000416000	rs139390622	aaC	aaT	N	N	286  	.   0.01	1v11A  257  N
ENSP00000416000	rs139390622	aaC	aaT	N	N	286  	.   0.01	1v16A  258  N
ENSP00000416000	rs139390622	aaC	aaT	N	N	286  	.   0.01	1v1mA  258  N
ENSP00000416000	rs139390622	aaC	aaT	N	N	286  	.   0.01	1v1rA  242  N
ENSP00000416000	rs139390622	aaC	aaT	N	N	286  	.   0.01	1wciA  258  N
ENSP00000416000	rs139390622	aaC	aaT	N	N	286  	.   0.01	1x7wA  257  N
ENSP00000416000	rs139390622	aaC	aaT	N	N	286  	.   0.01	1x7xA  258  N
ENSP00000416000	rs139390622	aaC	aaT	N	N	286  	.   0.01	1x7yA  257  N
ENSP00000416000	rs139390622	aaC	aaT	N	N	286  	.   0.01	1x7zA  258  N
ENSP00000416000	rs139390622	aaC	aaT	N	N	286  	.   0.01	1x80A  257  N
ENSP00000416000	rs139390622	aaC	aaT	N	N	286  	.   0.01	2beuA  258  N
ENSP00000416000	rs139390622	aaC	aaT	N	N	286  	.   0.01	2bevA  258  N
ENSP00000416000	rs139390622	aaC	aaT	N	N	286  	.   0.01	2bewA  258  N
ENSP00000416000	rs139390622	aaC	aaT	N	N	286  	.   0.01	2bfbA  258  N
ENSP00000416000	rs139390622	aaC	aaT	N	N	286  	.   0.01	2bfcA  258  N
ENSP00000416000	rs139390622	aaC	aaT	N	N	286  	.   0.01	2bfdA  258  N
ENSP00000416000	rs139390622	aaC	aaT	N	N	286  	.   0.01	2bfeA  258  N
ENSP00000416000	rs139390622	aaC	aaT	N	N	286  	.   0.01	2bffA  258  N
ENSP00000416000	rs139390622	aaC	aaT	N	N	286  	.   0.01	2j9fA  258  N
ENSP00000416000	rs139390622	aaC	aaT	N	N	286  	.   0.01	2j9fC  258  N
ENSP00000416022	 rs1064595	Tac	Gac	Y	D	107  	.   0.01	1a6aB   74  Y
ENSP00000416022	 rs1064595	Tac	Gac	Y	D	107  	.   0.01	1aqdB   75  Y
ENSP00000416022	 rs1064595	Tac	Gac	Y	D	107  	.   0.01	1aqdE   75  Y
ENSP00000416022	 rs1064595	Tac	Gac	Y	D	107  	.   0.01	1aqdH   75  Y
ENSP00000416022	 rs1064595	Tac	Gac	Y	D	107  	.   0.01	1aqdK   75  Y
ENSP00000416022	 rs1064595	Tac	Gac	Y	D	107  	.   0.01	1bx2B   76  Y
ENSP00000416022	 rs1064595	Tac	Gac	Y	D	107  	.   0.01	1bx2E   76  Y
ENSP00000416022	 rs1064595	Tac	Gac	Y	D	107  	.   0.01	1d5mB   77  Y
ENSP00000416022	 rs1064595	Tac	Gac	Y	D	107  	.   0.01	1d5xB   78  Y
ENSP00000416022	 rs1064595	Tac	Gac	Y	D	107  	.   0.01	1d5zB   78  Y
ENSP00000416022	 rs1064595	Tac	Gac	Y	D	107  	.   0.01	1d6eB   76  Y
ENSP00000416022	 rs1064595	Tac	Gac	Y	D	107  	.   0.01	1dlhB   76  Y
ENSP00000416022	 rs1064595	Tac	Gac	Y	D	107  	.   0.01	1dlhE   76  Y
ENSP00000416022	 rs1064595	Tac	Gac	Y	D	107  	.   0.01	1fv1B   78  Y
ENSP00000416022	 rs1064595	Tac	Gac	Y	D	107  	.   0.01	1fv1E   78  Y
ENSP00000416022	 rs1064595	Tac	Gac	Y	D	107  	.   0.01	1fytB   76  Y
ENSP00000416022	 rs1064595	Tac	Gac	Y	D	107  	.   0.01	1h15B   77  Y
ENSP00000416022	 rs1064595	Tac	Gac	Y	D	107  	.   0.01	1h15E   77  Y
ENSP00000416022	 rs1064595	Tac	Gac	Y	D	107  	.   0.01	1hqrB   77  Y
ENSP00000416022	 rs1064595	Tac	Gac	Y	D	107  	.   0.01	1hxyB   76  Y
ENSP00000416022	 rs1064595	Tac	Gac	Y	D	107  	.   0.01	1j8hB   76  Y
ENSP00000416022	 rs1064595	Tac	Gac	Y	D	107  	.   0.01	1jwmB   78  Y
ENSP00000416022	 rs1064595	Tac	Gac	Y	D	107  	.   0.01	1jwsB   78  Y
ENSP00000416022	 rs1064595	Tac	Gac	Y	D	107  	.   0.01	1jwuB   78  Y
ENSP00000416022	 rs1064595	Tac	Gac	Y	D	107  	.   0.01	1kg0B   76  Y
ENSP00000416022	 rs1064595	Tac	Gac	Y	D	107  	.   0.01	1klgB   78  Y
ENSP00000416022	 rs1064595	Tac	Gac	Y	D	107  	.   0.01	1kluB   78  Y
ENSP00000416022	 rs1064595	Tac	Gac	Y	D	107  	.   0.01	1lo5B   76  Y
ENSP00000416022	 rs1064595	Tac	Gac	Y	D	107  	.   0.01	1pywB   78  Y
ENSP00000416022	 rs1064595	Tac	Gac	Y	D	107  	.   0.01	1r5iB   78  Y
ENSP00000416022	 rs1064595	Tac	Gac	Y	D	107  	.   0.01	1r5iF   78  Y
ENSP00000416022	 rs1064595	Tac	Gac	Y	D	107  	.   0.01	1sebB   78  Y
ENSP00000416022	 rs1064595	Tac	Gac	Y	D	107  	.   0.01	1sebF   78  Y
ENSP00000416022	 rs1064595	Tac	Gac	Y	D	107  	.   0.01	1sjeB   78  Y
ENSP00000416022	 rs1064595	Tac	Gac	Y	D	107  	.   0.01	1sjhB   78  Y
ENSP00000416022	 rs1064595	Tac	Gac	Y	D	107  	.   0.01	1t5wB   78  Y
ENSP00000416022	 rs1064595	Tac	Gac	Y	D	107  	.   0.01	1t5wE   78  Y
ENSP00000416022	 rs1064595	Tac	Gac	Y	D	107  	.   0.01	1t5xB   78  Y
ENSP00000416022	 rs1064595	Tac	Gac	Y	D	107  	.   0.01	1ymmB   76  Y
ENSP00000416022	 rs1064595	Tac	Gac	Y	D	107  	.   0.01	1zglB   78  Y
ENSP00000416022	 rs1064595	Tac	Gac	Y	D	107  	.   0.01	1zglG   77  Y
ENSP00000416022	 rs1064595	Tac	Gac	Y	D	107  	.   0.01	1zglL   78  Y
ENSP00000416022	 rs1064595	Tac	Gac	Y	D	107  	.   0.01	1zglQ   78  Y
ENSP00000416022	 rs1064595	Tac	Gac	Y	D	107  	.   0.01	2fseB   74  Y
ENSP00000416022	 rs1064595	Tac	Gac	Y	D	107  	.   0.01	2fseD   75  Y
ENSP00000416022	 rs1064595	Tac	Gac	Y	D	107  	.   0.01	2g9hB   78  Y
ENSP00000416022	 rs1064595	Tac	Gac	Y	D	107  	.   0.01	2iamB   78  Y
ENSP00000416022	 rs1064595	Tac	Gac	Y	D	107  	.   0.01	2ianB   76  Y
ENSP00000416022	 rs1064595	Tac	Gac	Y	D	107  	.   0.01	2ianG   77  Y
ENSP00000416022	 rs1064595	Tac	Gac	Y	D	107  	.   0.01	2ianL   76  Y
ENSP00000416022	 rs1064595	Tac	Gac	Y	D	107  	.   0.01	2ianQ   76  Y
ENSP00000416022	 rs1064595	Tac	Gac	Y	D	107  	.   0.01	2icwB   78  Y
ENSP00000416022	 rs1064595	Tac	Gac	Y	D	107  	.   0.01	2icwE   78  Y
ENSP00000416022	 rs1064595	Tac	Gac	Y	D	107  	.   0.01	2ipkB   78  Y
ENSP00000416022	 rs1064595	Tac	Gac	Y	D	107  	.   0.01	2ojeB   78  Y
ENSP00000416022	 rs1064595	Tac	Gac	Y	D	107  	.   0.01	2ojeF   78  Y
ENSP00000416022	 rs1064595	Tac	Gac	Y	D	107  	.   0.01	2q6wB   76  Y
ENSP00000416022	 rs1064595	Tac	Gac	Y	D	107  	.   0.01	2q6wE   76  Y
ENSP00000416022	 rs1064595	Tac	Gac	Y	D	107  	.   0.01	2sebB   77  Y
ENSP00000416022	 rs1064595	Tac	Gac	Y	D	107  	.   0.01	2wbjB   76  Y
ENSP00000416022	 rs1064595	Tac	Gac	Y	D	107  	.   0.01	2wbjF   76  Y
ENSP00000416022	 rs1064595	Tac	Gac	Y	D	107  	.   0.01	2xn9E   77  Y
ENSP00000416022	 rs1064595	Tac	Gac	Y	D	107  	.   0.01	3c5jB   75  Y
ENSP00000416022	 rs1064595	Tac	Gac	Y	D	107  	.   0.01	3l6fB   79  Y
ENSP00000416022	 rs1064595	Tac	Gac	Y	D	107  	.   0.01	3o6fB   93  Y
ENSP00000416022	 rs1064595	Tac	Gac	Y	D	107  	.   0.01	3o6fF  107  Y
ENSP00000416022	 rs1064595	Tac	Gac	Y	D	107  	.   0.01	3pdoB   79  Y
ENSP00000416022	 rs1064595	Tac	Gac	Y	D	107  	.   0.01	3pgcB   78  Y
ENSP00000416022	 rs1064595	Tac	Gac	Y	D	107  	.   0.01	3pgcE   77  Y
ENSP00000416022	 rs1064595	Tac	Gac	Y	D	107  	.   0.01	3pgdB   79  Y
ENSP00000416022	 rs1064595	Tac	Gac	Y	D	107  	.   0.01	3pgdE   79  Y
ENSP00000416022	 rs1064595	Tac	Gac	Y	D	107  	.   0.01	3qxaB   78  Y
ENSP00000416022	 rs1064595	Tac	Gac	Y	D	107  	.   0.01	3qxaD   78  Y
ENSP00000416022	 rs1064595	Tac	Gac	Y	D	107  	.   0.01	3qxdB   77  Y
ENSP00000416022	 rs1064595	Tac	Gac	Y	D	107  	.   0.01	3qxdD   77  Y
ENSP00000416022	 rs1064595	Tac	Gac	Y	D	107  	.   0.01	3s4sB   79  Y
ENSP00000416022	 rs1064595	Tac	Gac	Y	D	107  	.   0.01	3s4sF   79  Y
ENSP00000416022	 rs1064595	Tac	Gac	Y	D	107  	.   0.01	3s5lC   79  Y
ENSP00000416022	 rs1064595	Tac	Gac	Y	D	107  	.   0.01	3s5lD   79  Y
ENSP00000416022	 rs1064595	Tac	Gac	Y	D	107  	.   0.01	3t0eB   93  Y
ENSP00000416022	 rs1064595	Tac	Gac	Y	D	107  	.   0.01	4aenB   76  Y
ENSP00000416022	 rs1064595	Tac	Gac	Y	D	107  	.   0.01	4ah2B   93  Y
ENSP00000416022	 rs1064595	Tac	Gac	Y	D	107  	.   0.01	4c56E   77  Y
ENSP00000416022	 rs1064595	Tac	Gac	Y	D	107  	.   0.01	4c56K   77  Y
ENSP00000416022	 rs1064595	Tac	Gac	Y	D	107  	.   0.01	4e41B   75  Y
ENSP00000416022	 rs1064595	Tac	Gac	Y	D	107  	.   0.01	4e41G   75  Y
ENSP00000416022	 rs1064595	Tac	Gac	Y	D	107  	.   0.01	4fqxE   84  Y
ENSP00000416022	 rs1064595	Tac	Gac	Y	D	107  	.   0.01	4gbxD   84  Y
ENSP00000416022	 rs1064595	Tac	Gac	Y	D	107  	.   0.01	4h1lB   75  Y
ENSP00000416022	 rs1064595	Tac	Gac	Y	D	107  	.   0.01	4h1lE   75  Y
ENSP00000416022	 rs1064595	Tac	Gac	Y	D	107  	.   0.01	4h25B   76  Y
ENSP00000416022	 rs1064595	Tac	Gac	Y	D	107  	.   0.01	4h25E   76  Y
ENSP00000416022	 rs1064595	Tac	Gac	Y	D	107  	.   0.01	4h26B   76  Y
ENSP00000416022	 rs1064595	Tac	Gac	Y	D	107  	.   0.01	4h26E   76  Y
ENSP00000416022	 rs1064595	Tac	Gac	Y	D	107  	.   0.01	4i5bB   77  Y
ENSP00000416022	 rs1064595	Tac	Gac	Y	D	107  	.   0.01	4i5bE   77  Y
ENSP00000416022	 rs1064595	Tac	Gac	Y	D	107  	.   0.01	4is6B   77  Y
ENSP00000416022	 rs1064595	Tac	Gac	Y	D	107  	.   0.01	4mcyB   77  Y
ENSP00000416022	 rs1064595	Tac	Gac	Y	D	107  	.   0.01	4mczB   77  Y
ENSP00000416022	 rs1064595	Tac	Gac	Y	D	107  	.   0.01	4md0B   77  Y
ENSP00000416022	 rs1064595	Tac	Gac	Y	D	107  	.   0.01	4md4B   77  Y
ENSP00000416022	 rs1064595	Tac	Gac	Y	D	107  	.   0.01	4md5B   77  Y
ENSP00000416022	 rs1064595	Tac	Gac	Y	D	107  	.   0.01	4mdiB   77  Y
ENSP00000416022	 rs1064595	Tac	Gac	Y	D	107  	.   0.01	4mdjB   77  Y
ENSP00000416022	 rs1064595	Tac	Gac	Y	D	107  	.   0.01	4ov5B   77  Y
ENSP00000416022	 rs1064595	Tac	Gac	Y	D	107  	.   0.01	4ov5D   77  Y
ENSP00000416022	 rs1064595	Tac	Gac	Y	D	107  	.   0.01	4ov5F   77  Y
ENSP00000416022	 rs1064595	Tac	Gac	Y	D	107  	.   0.01	4ov5H   78  Y
ENSP00000416022	 rs1064595	Tac	Gac	Y	D	107  	.   0.01	4ov5J   77  Y
ENSP00000416022	 rs1064595	Tac	Gac	Y	D	107  	.   0.01	4ov5L   77  Y
ENSP00000416022	 rs1064595	Tac	Gac	Y	D	107  	.   0.01	4x5wB   77  Y
ENSP00000416022	 rs1064595	Tac	Gac	Y	D	107  	.   0.01	4x5xB   96  Y
ENSP00000416022	 rs1064595	Tac	Gac	Y	D	107  	.   0.01	4x5xD   96  Y
ENSP00000416022	 rs1064595	Tac	Gac	Y	D	107  	.   0.01	4y19B   79  Y
ENSP00000416022	 rs1064595	Tac	Gac	Y	D	107  	.   0.01	4y1aB   79  Y
ENSP00000416022	 rs1064595	Tac	Gac	Y	D	107  	.   0.01	5jlzB   78  Y
ENSP00000416022	 rs1064595	Tac	Gac	Y	D	107  	.   0.01	5jlzD   77  Y
ENSP00000416022	 rs1064595	Tac	Gac	Y	D	107  	.   0.01	5laxB   78  Y
ENSP00000416022	 rs1064595	Tac	Gac	Y	D	107  	.   0.01	5laxD   75  Y
ENSP00000416022	 rs1064595	Tac	Gac	Y	D	107  	.   0.01	5ni9B   77  Y
ENSP00000416022	 rs1064595	Tac	Gac	Y	D	107  	.   0.01	5nigB   78  Y
ENSP00000416022	 rs1064595	Tac	Gac	Y	D	107  	.   0.01	5v4mB   88  Y
ENSP00000416022	 rs1064595	Tac	Gac	Y	D	107  	.   0.01	5v4mD   88  Y
ENSP00000416022	 rs1064595	Tac	Gac	Y	D	107  	.   0.01	5v4mF   88  Y
ENSP00000416022	 rs1064595	Tac	Gac	Y	D	107  	.   0.01	5v4mH   88  Y
ENSP00000416022	 rs1064595	Tac	Gac	Y	D	107  	.   0.01	5v4nB   88  Y
ENSP00000416022	 rs1064595	Tac	Gac	Y	D	107  	.   0.01	5v4nD   88  Y
ENSP00000416022	 rs1064595	Tac	Gac	Y	D	107  	.   0.01	6atfB   77  Y
ENSP00000416022	 rs1064595	Tac	Gac	Y	D	107  	.   0.01	6atfD   77  Y
ENSP00000416022	 rs1064595	Tac	Gac	Y	D	107  	.   0.01	6atiB   77  Y
ENSP00000416022	 rs1064595	Tac	Gac	Y	D	107  	.   0.01	6atiD   77  Y
ENSP00000416022	 rs1064595	Tac	Gac	Y	D	107  	.   0.01	6atzB   76  Y
ENSP00000416022	 rs1064595	Tac	Gac	Y	D	107  	.   0.01	6atzD   76  Y
ENSP00000416022	 rs1064595	Tac	Gac	Y	D	107  	.   0.01	6bijB   77  Y
ENSP00000416022	 rs1064595	Tac	Gac	Y	D	107  	.   0.01	6bilB   77  Y
ENSP00000416022	 rs1064595	Tac	Gac	Y	D	107  	.   0.01	6binC   77  Y
ENSP00000416022	 rs1064595	Tac	Gac	Y	D	107  	.   0.01	6birB   77  Y
ENSP00000416022	 rs1064595	Tac	Gac	Y	D	107  	.   0.01	6bivB   77  Y
ENSP00000416022	 rs1064595	Tac	Gac	Y	D	107  	.   0.01	6bixB   77  Y
ENSP00000416022	 rs1064595	Tac	Gac	Y	D	107  	.   0.01	6biyB   77  Y
ENSP00000416022	 rs1064595	Tac	Gac	Y	D	107  	.   0.01	6bizB   77  Y
ENSP00000416022	 rs1064595	Tac	Gac	Y	D	107  	.   0.01	6cplB   77  Y
ENSP00000416022	 rs1064595	Tac	Gac	Y	D	107  	.   0.01	6cpnB   77  Y
ENSP00000416022	 rs1064595	Tac	Gac	Y	D	107  	.   0.01	6cpoB   77  Y
ENSP00000416022	 rs1064595	Tac	Gac	Y	D	107  	.   0.01	6cpoE   78  Y
ENSP00000416022	 rs1064595	Tac	Gac	Y	D	107  	.   0.01	6cqjB   77  Y
ENSP00000416022	 rs1064595	Tac	Gac	Y	D	107  	.   0.01	6cqjE   75  Y
ENSP00000416022	 rs1064595	Tac	Gac	Y	D	107  	.   0.01	6cqjH   77  Y
ENSP00000416022	 rs1064595	Tac	Gac	Y	D	107  	.   0.01	6cqlB   78  Y
ENSP00000416022	 rs1064595	Tac	Gac	Y	D	107  	.   0.01	6cqnB   78  Y
ENSP00000416022	 rs1064595	Tac	Gac	Y	D	107  	.   0.01	6cqqB   77  Y
ENSP00000416022	 rs1064595	Tac	Gac	Y	D	107  	.   0.01	6cqqG   77  Y
ENSP00000416022	 rs1064595	Tac	Gac	Y	D	107  	.   0.01	6cqrB   78  Y
ENSP00000416022	 rs1064595	Tac	Gac	Y	D	107  	.   0.01	6cqrG   78  Y
ENSP00000416022	rs41546317	cAc	cTc	H	L	59   	.   0.01	1a6aB   26  Y
ENSP00000416022	rs41546317	cAc	cTc	H	L	59   	.   0.01	1aqdB   27  C
ENSP00000416022	rs41546317	cAc	cTc	H	L	59   	.   0.01	1aqdE   27  C
ENSP00000416022	rs41546317	cAc	cTc	H	L	59   	.   0.01	1aqdH   27  C
ENSP00000416022	rs41546317	cAc	cTc	H	L	59   	.   0.01	1aqdK   27  C
ENSP00000416022	rs41546317	cAc	cTc	H	L	59   	.   0.01	1bx2B   28  Y
ENSP00000416022	rs41546317	cAc	cTc	H	L	59   	.   0.01	1bx2E   28  Y
ENSP00000416022	rs41546317	cAc	cTc	H	L	59   	.   0.01	1d5mB   29  Y
ENSP00000416022	rs41546317	cAc	cTc	H	L	59   	.   0.01	1d5xB   30  Y
ENSP00000416022	rs41546317	cAc	cTc	H	L	59   	.   0.01	1d5zB   30  Y
ENSP00000416022	rs41546317	cAc	cTc	H	L	59   	.   0.01	1d6eB   28  Y
ENSP00000416022	rs41546317	cAc	cTc	H	L	59   	.   0.01	1dlhB   28  C
ENSP00000416022	rs41546317	cAc	cTc	H	L	59   	.   0.01	1dlhE   28  C
ENSP00000416022	rs41546317	cAc	cTc	H	L	59   	.   0.01	1fv1B   30  D
ENSP00000416022	rs41546317	cAc	cTc	H	L	59   	.   0.01	1fv1E   30  D
ENSP00000416022	rs41546317	cAc	cTc	H	L	59   	.   0.01	1fytB   28  C
ENSP00000416022	rs41546317	cAc	cTc	H	L	59   	.   0.01	1h15B   29  D
ENSP00000416022	rs41546317	cAc	cTc	H	L	59   	.   0.01	1h15E   29  D
ENSP00000416022	rs41546317	cAc	cTc	H	L	59   	.   0.01	1hqrB   29  D
ENSP00000416022	rs41546317	cAc	cTc	H	L	59   	.   0.01	1hxyB   28  C
ENSP00000416022	rs41546317	cAc	cTc	H	L	59   	.   0.01	1j8hB   28  Y
ENSP00000416022	rs41546317	cAc	cTc	H	L	59   	.   0.01	1jwmB   30  C
ENSP00000416022	rs41546317	cAc	cTc	H	L	59   	.   0.01	1jwsB   30  C
ENSP00000416022	rs41546317	cAc	cTc	H	L	59   	.   0.01	1jwuB   30  C
ENSP00000416022	rs41546317	cAc	cTc	H	L	59   	.   0.01	1kg0B   28  C
ENSP00000416022	rs41546317	cAc	cTc	H	L	59   	.   0.01	1klgB   30  C
ENSP00000416022	rs41546317	cAc	cTc	H	L	59   	.   0.01	1kluB   30  C
ENSP00000416022	rs41546317	cAc	cTc	H	L	59   	.   0.01	1lo5B   28  C
ENSP00000416022	rs41546317	cAc	cTc	H	L	59   	.   0.01	1pywB   30  C
ENSP00000416022	rs41546317	cAc	cTc	H	L	59   	.   0.01	1r5iB   30  C
ENSP00000416022	rs41546317	cAc	cTc	H	L	59   	.   0.01	1r5iF   30  C
ENSP00000416022	rs41546317	cAc	cTc	H	L	59   	.   0.01	1sebB   30  C
ENSP00000416022	rs41546317	cAc	cTc	H	L	59   	.   0.01	1sebF   30  C
ENSP00000416022	rs41546317	cAc	cTc	H	L	59   	.   0.01	1sjeB   30  C
ENSP00000416022	rs41546317	cAc	cTc	H	L	59   	.   0.01	1sjhB   30  C
ENSP00000416022	rs41546317	cAc	cTc	H	L	59   	.   0.01	1t5wB   30  C
ENSP00000416022	rs41546317	cAc	cTc	H	L	59   	.   0.01	1t5wE   30  C
ENSP00000416022	rs41546317	cAc	cTc	H	L	59   	.   0.01	1t5xB   30  C
ENSP00000416022	rs41546317	cAc	cTc	H	L	59   	.   0.01	1ymmB   28  Y
ENSP00000416022	rs41546317	cAc	cTc	H	L	59   	.   0.01	1zglB   30  D
ENSP00000416022	rs41546317	cAc	cTc	H	L	59   	.   0.01	1zglG   29  D
ENSP00000416022	rs41546317	cAc	cTc	H	L	59   	.   0.01	1zglL   30  D
ENSP00000416022	rs41546317	cAc	cTc	H	L	59   	.   0.01	1zglQ   30  D
ENSP00000416022	rs41546317	cAc	cTc	H	L	59   	.   0.01	2fseB   26  C
ENSP00000416022	rs41546317	cAc	cTc	H	L	59   	.   0.01	2fseD   27  C
ENSP00000416022	rs41546317	cAc	cTc	H	L	59   	.   0.01	2g9hB   30  C
ENSP00000416022	rs41546317	cAc	cTc	H	L	59   	.   0.01	2iamB   30  C
ENSP00000416022	rs41546317	cAc	cTc	H	L	59   	.   0.01	2ianB   28  C
ENSP00000416022	rs41546317	cAc	cTc	H	L	59   	.   0.01	2ianG   29  C
ENSP00000416022	rs41546317	cAc	cTc	H	L	59   	.   0.01	2ianL   28  C
ENSP00000416022	rs41546317	cAc	cTc	H	L	59   	.   0.01	2ianQ   28  C
ENSP00000416022	rs41546317	cAc	cTc	H	L	59   	.   0.01	2icwB   30  C
ENSP00000416022	rs41546317	cAc	cTc	H	L	59   	.   0.01	2icwE   30  C
ENSP00000416022	rs41546317	cAc	cTc	H	L	59   	.   0.01	2ipkB   30  C
ENSP00000416022	rs41546317	cAc	cTc	H	L	59   	.   0.01	2ojeB   30  C
ENSP00000416022	rs41546317	cAc	cTc	H	L	59   	.   0.01	2ojeF   30  C
ENSP00000416022	rs41546317	cAc	cTc	H	L	59   	.   0.01	2q6wB   28  Y
ENSP00000416022	rs41546317	cAc	cTc	H	L	59   	.   0.01	2q6wE   28  Y
ENSP00000416022	rs41546317	cAc	cTc	H	L	59   	.   0.01	2sebB   29  Y
ENSP00000416022	rs41546317	cAc	cTc	H	L	59   	.   0.01	2wbjB   28  Y
ENSP00000416022	rs41546317	cAc	cTc	H	L	59   	.   0.01	2wbjF   28  Y
ENSP00000416022	rs41546317	cAc	cTc	H	L	59   	.   0.01	2xn9E   29  C
ENSP00000416022	rs41546317	cAc	cTc	H	L	59   	.   0.01	3c5jB   27  Y
ENSP00000416022	rs41546317	cAc	cTc	H	L	59   	.   0.01	3l6fB   31  C
ENSP00000416022	rs41546317	cAc	cTc	H	L	59   	.   0.01	3o6fB   45  Y
ENSP00000416022	rs41546317	cAc	cTc	H	L	59   	.   0.01	3o6fF   59  Y
ENSP00000416022	rs41546317	cAc	cTc	H	L	59   	.   0.01	3pdoB   31  C
ENSP00000416022	rs41546317	cAc	cTc	H	L	59   	.   0.01	3pgcB   30  C
ENSP00000416022	rs41546317	cAc	cTc	H	L	59   	.   0.01	3pgcE   29  C
ENSP00000416022	rs41546317	cAc	cTc	H	L	59   	.   0.01	3pgdB   31  C
ENSP00000416022	rs41546317	cAc	cTc	H	L	59   	.   0.01	3pgdE   31  C
ENSP00000416022	rs41546317	cAc	cTc	H	L	59   	.   0.01	3qxaB   30  C
ENSP00000416022	rs41546317	cAc	cTc	H	L	59   	.   0.01	3qxaD   30  C
ENSP00000416022	rs41546317	cAc	cTc	H	L	59   	.   0.01	3qxdB   29  C
ENSP00000416022	rs41546317	cAc	cTc	H	L	59   	.   0.01	3qxdD   29  C
ENSP00000416022	rs41546317	cAc	cTc	H	L	59   	.   0.01	3s4sB   31  C
ENSP00000416022	rs41546317	cAc	cTc	H	L	59   	.   0.01	3s4sF   31  C
ENSP00000416022	rs41546317	cAc	cTc	H	L	59   	.   0.01	3s5lC   31  C
ENSP00000416022	rs41546317	cAc	cTc	H	L	59   	.   0.01	3s5lD   31  C
ENSP00000416022	rs41546317	cAc	cTc	H	L	59   	.   0.01	3t0eB   45  Y
ENSP00000416022	rs41546317	cAc	cTc	H	L	59   	.   0.01	4aenB   28  C
ENSP00000416022	rs41546317	cAc	cTc	H	L	59   	.   0.01	4ah2B   45  C
ENSP00000416022	rs41546317	cAc	cTc	H	L	59   	.   0.01	4c56E   29  C
ENSP00000416022	rs41546317	cAc	cTc	H	L	59   	.   0.01	4c56K   29  C
ENSP00000416022	rs41546317	cAc	cTc	H	L	59   	.   0.01	4e41B   27  C
ENSP00000416022	rs41546317	cAc	cTc	H	L	59   	.   0.01	4e41G   27  C
ENSP00000416022	rs41546317	cAc	cTc	H	L	59   	.   0.01	4fqxE   36  S
ENSP00000416022	rs41546317	cAc	cTc	H	L	59   	.   0.01	4gbxD   36  S
ENSP00000416022	rs41546317	cAc	cTc	H	L	59   	.   0.01	4h1lB   27  Y
ENSP00000416022	rs41546317	cAc	cTc	H	L	59   	.   0.01	4h1lE   27  Y
ENSP00000416022	rs41546317	cAc	cTc	H	L	59   	.   0.01	4h25B   28  Y
ENSP00000416022	rs41546317	cAc	cTc	H	L	59   	.   0.01	4h25E   28  Y
ENSP00000416022	rs41546317	cAc	cTc	H	L	59   	.   0.01	4h26B   28  Y
ENSP00000416022	rs41546317	cAc	cTc	H	L	59   	.   0.01	4h26E   28  Y
ENSP00000416022	rs41546317	cAc	cTc	H	L	59   	.   0.01	4i5bB   29  S
ENSP00000416022	rs41546317	cAc	cTc	H	L	59   	.   0.01	4i5bE   29  S
ENSP00000416022	rs41546317	cAc	cTc	H	L	59   	.   0.01	4is6B   29  Y
ENSP00000416022	rs41546317	cAc	cTc	H	L	59   	.   0.01	4mcyB   29  Y
ENSP00000416022	rs41546317	cAc	cTc	H	L	59   	.   0.01	4mczB   29  Y
ENSP00000416022	rs41546317	cAc	cTc	H	L	59   	.   0.01	4md0B   29  Y
ENSP00000416022	rs41546317	cAc	cTc	H	L	59   	.   0.01	4md4B   29  Y
ENSP00000416022	rs41546317	cAc	cTc	H	L	59   	.   0.01	4md5B   29  Y
ENSP00000416022	rs41546317	cAc	cTc	H	L	59   	.   0.01	4mdiB   29  Y
ENSP00000416022	rs41546317	cAc	cTc	H	L	59   	.   0.01	4mdjB   29  Y
ENSP00000416022	rs41546317	cAc	cTc	H	L	59   	.   0.01	4ov5B   29  C
ENSP00000416022	rs41546317	cAc	cTc	H	L	59   	.   0.01	4ov5D   29  C
ENSP00000416022	rs41546317	cAc	cTc	H	L	59   	.   0.01	4ov5F   29  C
ENSP00000416022	rs41546317	cAc	cTc	H	L	59   	.   0.01	4ov5H   30  C
ENSP00000416022	rs41546317	cAc	cTc	H	L	59   	.   0.01	4ov5J   29  C
ENSP00000416022	rs41546317	cAc	cTc	H	L	59   	.   0.01	4ov5L   29  C
ENSP00000416022	rs41546317	cAc	cTc	H	L	59   	.   0.01	4x5wB   29  C
ENSP00000416022	rs41546317	cAc	cTc	H	L	59   	.   0.01	4x5xB   48  C
ENSP00000416022	rs41546317	cAc	cTc	H	L	59   	.   0.01	4x5xD   48  C
ENSP00000416022	rs41546317	cAc	cTc	H	L	59   	.   0.01	4y19B   31  Y
ENSP00000416022	rs41546317	cAc	cTc	H	L	59   	.   0.01	4y1aB   31  Y
ENSP00000416022	rs41546317	cAc	cTc	H	L	59   	.   0.01	5jlzB   30  Y
ENSP00000416022	rs41546317	cAc	cTc	H	L	59   	.   0.01	5jlzD   29  Y
ENSP00000416022	rs41546317	cAc	cTc	H	L	59   	.   0.01	5laxB   30  Y
ENSP00000416022	rs41546317	cAc	cTc	H	L	59   	.   0.01	5laxD   27  Y
ENSP00000416022	rs41546317	cAc	cTc	H	L	59   	.   0.01	5ni9B   29  Y
ENSP00000416022	rs41546317	cAc	cTc	H	L	59   	.   0.01	5nigB   30  Y
ENSP00000416022	rs41546317	cAc	cTc	H	L	59   	.   0.01	5v4mB   40  Y
ENSP00000416022	rs41546317	cAc	cTc	H	L	59   	.   0.01	5v4mD   40  Y
ENSP00000416022	rs41546317	cAc	cTc	H	L	59   	.   0.01	5v4mF   40  Y
ENSP00000416022	rs41546317	cAc	cTc	H	L	59   	.   0.01	5v4mH   40  Y
ENSP00000416022	rs41546317	cAc	cTc	H	L	59   	.   0.01	5v4nB   40  C
ENSP00000416022	rs41546317	cAc	cTc	H	L	59   	.   0.01	5v4nD   40  C
ENSP00000416022	rs41546317	cAc	cTc	H	L	59   	.   0.01	6atfB   29  Y
ENSP00000416022	rs41546317	cAc	cTc	H	L	59   	.   0.01	6atfD   29  Y
ENSP00000416022	rs41546317	cAc	cTc	H	L	59   	.   0.01	6atiB   29  Y
ENSP00000416022	rs41546317	cAc	cTc	H	L	59   	.   0.01	6atiD   29  Y
ENSP00000416022	rs41546317	cAc	cTc	H	L	59   	.   0.01	6atzB   28  Y
ENSP00000416022	rs41546317	cAc	cTc	H	L	59   	.   0.01	6atzD   28  Y
ENSP00000416022	rs41546317	cAc	cTc	H	L	59   	.   0.01	6bijB   29  Y
ENSP00000416022	rs41546317	cAc	cTc	H	L	59   	.   0.01	6bilB   29  Y
ENSP00000416022	rs41546317	cAc	cTc	H	L	59   	.   0.01	6binC   29  Y
ENSP00000416022	rs41546317	cAc	cTc	H	L	59   	.   0.01	6birB   29  Y
ENSP00000416022	rs41546317	cAc	cTc	H	L	59   	.   0.01	6bivB   29  Y
ENSP00000416022	rs41546317	cAc	cTc	H	L	59   	.   0.01	6bixB   29  Y
ENSP00000416022	rs41546317	cAc	cTc	H	L	59   	.   0.01	6biyB   29  Y
ENSP00000416022	rs41546317	cAc	cTc	H	L	59   	.   0.01	6bizB   29  Y
ENSP00000416022	rs41546317	cAc	cTc	H	L	59   	.   0.01	6cplB   29  Y
ENSP00000416022	rs41546317	cAc	cTc	H	L	59   	.   0.01	6cpnB   29  Y
ENSP00000416022	rs41546317	cAc	cTc	H	L	59   	.   0.01	6cpoB   29  Y
ENSP00000416022	rs41546317	cAc	cTc	H	L	59   	.   0.01	6cpoE   30  Y
ENSP00000416022	rs41546317	cAc	cTc	H	L	59   	.   0.01	6cqjB   29  C
ENSP00000416022	rs41546317	cAc	cTc	H	L	59   	.   0.01	6cqjE   27  C
ENSP00000416022	rs41546317	cAc	cTc	H	L	59   	.   0.01	6cqjH   29  C
ENSP00000416022	rs41546317	cAc	cTc	H	L	59   	.   0.01	6cqlB   30  Y
ENSP00000416022	rs41546317	cAc	cTc	H	L	59   	.   0.01	6cqnB   30  Y
ENSP00000416022	rs41546317	cAc	cTc	H	L	59   	.   0.01	6cqqB   29  Y
ENSP00000416022	rs41546317	cAc	cTc	H	L	59   	.   0.01	6cqqG   29  Y
ENSP00000416022	rs41546317	cAc	cTc	H	L	59   	.   0.01	6cqrB   30  C
ENSP00000416022	rs41546317	cAc	cTc	H	L	59   	.   0.01	6cqrG   30  C
ENSP00000416022	rs41546317	cAc	cGc	H	R	59   	.   0.01	1a6aB   26  Y
ENSP00000416022	rs41546317	cAc	cGc	H	R	59   	.   0.01	1aqdB   27  C
ENSP00000416022	rs41546317	cAc	cGc	H	R	59   	.   0.01	1aqdE   27  C
ENSP00000416022	rs41546317	cAc	cGc	H	R	59   	.   0.01	1aqdH   27  C
ENSP00000416022	rs41546317	cAc	cGc	H	R	59   	.   0.01	1aqdK   27  C
ENSP00000416022	rs41546317	cAc	cGc	H	R	59   	.   0.01	1bx2B   28  Y
ENSP00000416022	rs41546317	cAc	cGc	H	R	59   	.   0.01	1bx2E   28  Y
ENSP00000416022	rs41546317	cAc	cGc	H	R	59   	.   0.01	1d5mB   29  Y
ENSP00000416022	rs41546317	cAc	cGc	H	R	59   	.   0.01	1d5xB   30  Y
ENSP00000416022	rs41546317	cAc	cGc	H	R	59   	.   0.01	1d5zB   30  Y
ENSP00000416022	rs41546317	cAc	cGc	H	R	59   	.   0.01	1d6eB   28  Y
ENSP00000416022	rs41546317	cAc	cGc	H	R	59   	.   0.01	1dlhB   28  C
ENSP00000416022	rs41546317	cAc	cGc	H	R	59   	.   0.01	1dlhE   28  C
ENSP00000416022	rs41546317	cAc	cGc	H	R	59   	.   0.01	1fv1B   30  D
ENSP00000416022	rs41546317	cAc	cGc	H	R	59   	.   0.01	1fv1E   30  D
ENSP00000416022	rs41546317	cAc	cGc	H	R	59   	.   0.01	1fytB   28  C
ENSP00000416022	rs41546317	cAc	cGc	H	R	59   	.   0.01	1h15B   29  D
ENSP00000416022	rs41546317	cAc	cGc	H	R	59   	.   0.01	1h15E   29  D
ENSP00000416022	rs41546317	cAc	cGc	H	R	59   	.   0.01	1hqrB   29  D
ENSP00000416022	rs41546317	cAc	cGc	H	R	59   	.   0.01	1hxyB   28  C
ENSP00000416022	rs41546317	cAc	cGc	H	R	59   	.   0.01	1j8hB   28  Y
ENSP00000416022	rs41546317	cAc	cGc	H	R	59   	.   0.01	1jwmB   30  C
ENSP00000416022	rs41546317	cAc	cGc	H	R	59   	.   0.01	1jwsB   30  C
ENSP00000416022	rs41546317	cAc	cGc	H	R	59   	.   0.01	1jwuB   30  C
ENSP00000416022	rs41546317	cAc	cGc	H	R	59   	.   0.01	1kg0B   28  C
ENSP00000416022	rs41546317	cAc	cGc	H	R	59   	.   0.01	1klgB   30  C
ENSP00000416022	rs41546317	cAc	cGc	H	R	59   	.   0.01	1kluB   30  C
ENSP00000416022	rs41546317	cAc	cGc	H	R	59   	.   0.01	1lo5B   28  C
ENSP00000416022	rs41546317	cAc	cGc	H	R	59   	.   0.01	1pywB   30  C
ENSP00000416022	rs41546317	cAc	cGc	H	R	59   	.   0.01	1r5iB   30  C
ENSP00000416022	rs41546317	cAc	cGc	H	R	59   	.   0.01	1r5iF   30  C
ENSP00000416022	rs41546317	cAc	cGc	H	R	59   	.   0.01	1sebB   30  C
ENSP00000416022	rs41546317	cAc	cGc	H	R	59   	.   0.01	1sebF   30  C
ENSP00000416022	rs41546317	cAc	cGc	H	R	59   	.   0.01	1sjeB   30  C
ENSP00000416022	rs41546317	cAc	cGc	H	R	59   	.   0.01	1sjhB   30  C
ENSP00000416022	rs41546317	cAc	cGc	H	R	59   	.   0.01	1t5wB   30  C
ENSP00000416022	rs41546317	cAc	cGc	H	R	59   	.   0.01	1t5wE   30  C
ENSP00000416022	rs41546317	cAc	cGc	H	R	59   	.   0.01	1t5xB   30  C
ENSP00000416022	rs41546317	cAc	cGc	H	R	59   	.   0.01	1ymmB   28  Y
ENSP00000416022	rs41546317	cAc	cGc	H	R	59   	.   0.01	1zglB   30  D
ENSP00000416022	rs41546317	cAc	cGc	H	R	59   	.   0.01	1zglG   29  D
ENSP00000416022	rs41546317	cAc	cGc	H	R	59   	.   0.01	1zglL   30  D
ENSP00000416022	rs41546317	cAc	cGc	H	R	59   	.   0.01	1zglQ   30  D
ENSP00000416022	rs41546317	cAc	cGc	H	R	59   	.   0.01	2fseB   26  C
ENSP00000416022	rs41546317	cAc	cGc	H	R	59   	.   0.01	2fseD   27  C
ENSP00000416022	rs41546317	cAc	cGc	H	R	59   	.   0.01	2g9hB   30  C
ENSP00000416022	rs41546317	cAc	cGc	H	R	59   	.   0.01	2iamB   30  C
ENSP00000416022	rs41546317	cAc	cGc	H	R	59   	.   0.01	2ianB   28  C
ENSP00000416022	rs41546317	cAc	cGc	H	R	59   	.   0.01	2ianG   29  C
ENSP00000416022	rs41546317	cAc	cGc	H	R	59   	.   0.01	2ianL   28  C
ENSP00000416022	rs41546317	cAc	cGc	H	R	59   	.   0.01	2ianQ   28  C
ENSP00000416022	rs41546317	cAc	cGc	H	R	59   	.   0.01	2icwB   30  C
ENSP00000416022	rs41546317	cAc	cGc	H	R	59   	.   0.01	2icwE   30  C
ENSP00000416022	rs41546317	cAc	cGc	H	R	59   	.   0.01	2ipkB   30  C
ENSP00000416022	rs41546317	cAc	cGc	H	R	59   	.   0.01	2ojeB   30  C
ENSP00000416022	rs41546317	cAc	cGc	H	R	59   	.   0.01	2ojeF   30  C
ENSP00000416022	rs41546317	cAc	cGc	H	R	59   	.   0.01	2q6wB   28  Y
ENSP00000416022	rs41546317	cAc	cGc	H	R	59   	.   0.01	2q6wE   28  Y
ENSP00000416022	rs41546317	cAc	cGc	H	R	59   	.   0.01	2sebB   29  Y
ENSP00000416022	rs41546317	cAc	cGc	H	R	59   	.   0.01	2wbjB   28  Y
ENSP00000416022	rs41546317	cAc	cGc	H	R	59   	.   0.01	2wbjF   28  Y
ENSP00000416022	rs41546317	cAc	cGc	H	R	59   	.   0.01	2xn9E   29  C
ENSP00000416022	rs41546317	cAc	cGc	H	R	59   	.   0.01	3c5jB   27  Y
ENSP00000416022	rs41546317	cAc	cGc	H	R	59   	.   0.01	3l6fB   31  C
ENSP00000416022	rs41546317	cAc	cGc	H	R	59   	.   0.01	3o6fB   45  Y
ENSP00000416022	rs41546317	cAc	cGc	H	R	59   	.   0.01	3o6fF   59  Y
ENSP00000416022	rs41546317	cAc	cGc	H	R	59   	.   0.01	3pdoB   31  C
ENSP00000416022	rs41546317	cAc	cGc	H	R	59   	.   0.01	3pgcB   30  C
ENSP00000416022	rs41546317	cAc	cGc	H	R	59   	.   0.01	3pgcE   29  C
ENSP00000416022	rs41546317	cAc	cGc	H	R	59   	.   0.01	3pgdB   31  C
ENSP00000416022	rs41546317	cAc	cGc	H	R	59   	.   0.01	3pgdE   31  C
ENSP00000416022	rs41546317	cAc	cGc	H	R	59   	.   0.01	3qxaB   30  C
ENSP00000416022	rs41546317	cAc	cGc	H	R	59   	.   0.01	3qxaD   30  C
ENSP00000416022	rs41546317	cAc	cGc	H	R	59   	.   0.01	3qxdB   29  C
ENSP00000416022	rs41546317	cAc	cGc	H	R	59   	.   0.01	3qxdD   29  C
ENSP00000416022	rs41546317	cAc	cGc	H	R	59   	.   0.01	3s4sB   31  C
ENSP00000416022	rs41546317	cAc	cGc	H	R	59   	.   0.01	3s4sF   31  C
ENSP00000416022	rs41546317	cAc	cGc	H	R	59   	.   0.01	3s5lC   31  C
ENSP00000416022	rs41546317	cAc	cGc	H	R	59   	.   0.01	3s5lD   31  C
ENSP00000416022	rs41546317	cAc	cGc	H	R	59   	.   0.01	3t0eB   45  Y
ENSP00000416022	rs41546317	cAc	cGc	H	R	59   	.   0.01	4aenB   28  C
ENSP00000416022	rs41546317	cAc	cGc	H	R	59   	.   0.01	4ah2B   45  C
ENSP00000416022	rs41546317	cAc	cGc	H	R	59   	.   0.01	4c56E   29  C
ENSP00000416022	rs41546317	cAc	cGc	H	R	59   	.   0.01	4c56K   29  C
ENSP00000416022	rs41546317	cAc	cGc	H	R	59   	.   0.01	4e41B   27  C
ENSP00000416022	rs41546317	cAc	cGc	H	R	59   	.   0.01	4e41G   27  C
ENSP00000416022	rs41546317	cAc	cGc	H	R	59   	.   0.01	4fqxE   36  S
ENSP00000416022	rs41546317	cAc	cGc	H	R	59   	.   0.01	4gbxD   36  S
ENSP00000416022	rs41546317	cAc	cGc	H	R	59   	.   0.01	4h1lB   27  Y
ENSP00000416022	rs41546317	cAc	cGc	H	R	59   	.   0.01	4h1lE   27  Y
ENSP00000416022	rs41546317	cAc	cGc	H	R	59   	.   0.01	4h25B   28  Y
ENSP00000416022	rs41546317	cAc	cGc	H	R	59   	.   0.01	4h25E   28  Y
ENSP00000416022	rs41546317	cAc	cGc	H	R	59   	.   0.01	4h26B   28  Y
ENSP00000416022	rs41546317	cAc	cGc	H	R	59   	.   0.01	4h26E   28  Y
ENSP00000416022	rs41546317	cAc	cGc	H	R	59   	.   0.01	4i5bB   29  S
ENSP00000416022	rs41546317	cAc	cGc	H	R	59   	.   0.01	4i5bE   29  S
ENSP00000416022	rs41546317	cAc	cGc	H	R	59   	.   0.01	4is6B   29  Y
ENSP00000416022	rs41546317	cAc	cGc	H	R	59   	.   0.01	4mcyB   29  Y
ENSP00000416022	rs41546317	cAc	cGc	H	R	59   	.   0.01	4mczB   29  Y
ENSP00000416022	rs41546317	cAc	cGc	H	R	59   	.   0.01	4md0B   29  Y
ENSP00000416022	rs41546317	cAc	cGc	H	R	59   	.   0.01	4md4B   29  Y
ENSP00000416022	rs41546317	cAc	cGc	H	R	59   	.   0.01	4md5B   29  Y
ENSP00000416022	rs41546317	cAc	cGc	H	R	59   	.   0.01	4mdiB   29  Y
ENSP00000416022	rs41546317	cAc	cGc	H	R	59   	.   0.01	4mdjB   29  Y
ENSP00000416022	rs41546317	cAc	cGc	H	R	59   	.   0.01	4ov5B   29  C
ENSP00000416022	rs41546317	cAc	cGc	H	R	59   	.   0.01	4ov5D   29  C
ENSP00000416022	rs41546317	cAc	cGc	H	R	59   	.   0.01	4ov5F   29  C
ENSP00000416022	rs41546317	cAc	cGc	H	R	59   	.   0.01	4ov5H   30  C
ENSP00000416022	rs41546317	cAc	cGc	H	R	59   	.   0.01	4ov5J   29  C
ENSP00000416022	rs41546317	cAc	cGc	H	R	59   	.   0.01	4ov5L   29  C
ENSP00000416022	rs41546317	cAc	cGc	H	R	59   	.   0.01	4x5wB   29  C
ENSP00000416022	rs41546317	cAc	cGc	H	R	59   	.   0.01	4x5xB   48  C
ENSP00000416022	rs41546317	cAc	cGc	H	R	59   	.   0.01	4x5xD   48  C
ENSP00000416022	rs41546317	cAc	cGc	H	R	59   	.   0.01	4y19B   31  Y
ENSP00000416022	rs41546317	cAc	cGc	H	R	59   	.   0.01	4y1aB   31  Y
ENSP00000416022	rs41546317	cAc	cGc	H	R	59   	.   0.01	5jlzB   30  Y
ENSP00000416022	rs41546317	cAc	cGc	H	R	59   	.   0.01	5jlzD   29  Y
ENSP00000416022	rs41546317	cAc	cGc	H	R	59   	.   0.01	5laxB   30  Y
ENSP00000416022	rs41546317	cAc	cGc	H	R	59   	.   0.01	5laxD   27  Y
ENSP00000416022	rs41546317	cAc	cGc	H	R	59   	.   0.01	5ni9B   29  Y
ENSP00000416022	rs41546317	cAc	cGc	H	R	59   	.   0.01	5nigB   30  Y
ENSP00000416022	rs41546317	cAc	cGc	H	R	59   	.   0.01	5v4mB   40  Y
ENSP00000416022	rs41546317	cAc	cGc	H	R	59   	.   0.01	5v4mD   40  Y
ENSP00000416022	rs41546317	cAc	cGc	H	R	59   	.   0.01	5v4mF   40  Y
ENSP00000416022	rs41546317	cAc	cGc	H	R	59   	.   0.01	5v4mH   40  Y
ENSP00000416022	rs41546317	cAc	cGc	H	R	59   	.   0.01	5v4nB   40  C
ENSP00000416022	rs41546317	cAc	cGc	H	R	59   	.   0.01	5v4nD   40  C
ENSP00000416022	rs41546317	cAc	cGc	H	R	59   	.   0.01	6atfB   29  Y
ENSP00000416022	rs41546317	cAc	cGc	H	R	59   	.   0.01	6atfD   29  Y
ENSP00000416022	rs41546317	cAc	cGc	H	R	59   	.   0.01	6atiB   29  Y
ENSP00000416022	rs41546317	cAc	cGc	H	R	59   	.   0.01	6atiD   29  Y
ENSP00000416022	rs41546317	cAc	cGc	H	R	59   	.   0.01	6atzB   28  Y
ENSP00000416022	rs41546317	cAc	cGc	H	R	59   	.   0.01	6atzD   28  Y
ENSP00000416022	rs41546317	cAc	cGc	H	R	59   	.   0.01	6bijB   29  Y
ENSP00000416022	rs41546317	cAc	cGc	H	R	59   	.   0.01	6bilB   29  Y
ENSP00000416022	rs41546317	cAc	cGc	H	R	59   	.   0.01	6binC   29  Y
ENSP00000416022	rs41546317	cAc	cGc	H	R	59   	.   0.01	6birB   29  Y
ENSP00000416022	rs41546317	cAc	cGc	H	R	59   	.   0.01	6bivB   29  Y
ENSP00000416022	rs41546317	cAc	cGc	H	R	59   	.   0.01	6bixB   29  Y
ENSP00000416022	rs41546317	cAc	cGc	H	R	59   	.   0.01	6biyB   29  Y
ENSP00000416022	rs41546317	cAc	cGc	H	R	59   	.   0.01	6bizB   29  Y
ENSP00000416022	rs41546317	cAc	cGc	H	R	59   	.   0.01	6cplB   29  Y
ENSP00000416022	rs41546317	cAc	cGc	H	R	59   	.   0.01	6cpnB   29  Y
ENSP00000416022	rs41546317	cAc	cGc	H	R	59   	.   0.01	6cpoB   29  Y
ENSP00000416022	rs41546317	cAc	cGc	H	R	59   	.   0.01	6cpoE   30  Y
ENSP00000416022	rs41546317	cAc	cGc	H	R	59   	.   0.01	6cqjB   29  C
ENSP00000416022	rs41546317	cAc	cGc	H	R	59   	.   0.01	6cqjE   27  C
ENSP00000416022	rs41546317	cAc	cGc	H	R	59   	.   0.01	6cqjH   29  C
ENSP00000416022	rs41546317	cAc	cGc	H	R	59   	.   0.01	6cqlB   30  Y
ENSP00000416022	rs41546317	cAc	cGc	H	R	59   	.   0.01	6cqnB   30  Y
ENSP00000416022	rs41546317	cAc	cGc	H	R	59   	.   0.01	6cqqB   29  Y
ENSP00000416022	rs41546317	cAc	cGc	H	R	59   	.   0.01	6cqqG   29  Y
ENSP00000416022	rs41546317	cAc	cGc	H	R	59   	.   0.01	6cqrB   30  C
ENSP00000416022	rs41546317	cAc	cGc	H	R	59   	.   0.01	6cqrG   30  C
ENSP00000416035	rs11575840	Gcc	Acc	A	T	103  	.   0.01	3noiA   92  A
ENSP00000416035	rs11575840	Gcc	Acc	A	T	103  	.   0.01	3noiB   93  A
ENSP00000416035	rs11575840	Gcc	Acc	A	T	103  	.   0.01	3pv6B   85  A
ENSP00000416042	 rs2070600	Agc	Ggc	S	G	82   	.   0.03	2e5eA   62  G
ENSP00000416042	 rs2070600	Agc	Ggc	S	G	82   	.   0.03	2l7uA   62  G
ENSP00000416042	 rs2070600	Agc	Ggc	S	G	82   	.   0.03	2m1kC   62  G
ENSP00000416042	 rs2070600	Agc	Ggc	S	G	82   	.   0.03	2m1kD   62  G
ENSP00000416042	 rs2070600	Agc	Ggc	S	G	82   	.   0.03	2mjwA   62  G
ENSP00000416042	 rs2070600	Agc	Ggc	S	G	82   	.   0.03	2mjwD   62  G
ENSP00000416042	 rs2070600	Agc	Ggc	S	G	82   	.   0.03	2movA   62  G
ENSP00000416042	 rs2070600	Agc	Ggc	S	G	82   	.   0.03	3cjjA   61  G
ENSP00000416042	 rs2070600	Agc	Ggc	S	G	82   	.   0.03	3o3uA  431  G
ENSP00000416042	 rs2070600	Agc	Ggc	S	G	82   	.   0.03	4im8A   54  G
ENSP00000416042	 rs2070600	Agc	Ggc	S	G	82   	.   0.03	4lp4A   63  G
ENSP00000416042	 rs2070600	Agc	Ggc	S	G	82   	.   0.03	4lp4B   63  G
ENSP00000416042	 rs2070600	Agc	Ggc	S	G	82   	.   0.03	4lp5A   60  G
ENSP00000416042	 rs2070600	Agc	Ggc	S	G	82   	.   0.03	4lp5B   63  G
ENSP00000416042	 rs2070600	Agc	Ggc	S	G	82   	.   0.03	4of5A   60  G
ENSP00000416042	 rs2070600	Agc	Ggc	S	G	82   	.   0.03	4of5B   61  G
ENSP00000416042	 rs2070600	Agc	Ggc	S	G	82   	.   0.03	4ofvA   60  G
ENSP00000416042	 rs2070600	Agc	Ggc	S	G	82   	.   0.03	4ofvB   62  G
ENSP00000416042	 rs2070600	Agc	Ggc	S	G	82   	.   0.03	4oi7A   60  G
ENSP00000416042	 rs2070600	Agc	Ggc	S	G	82   	.   0.03	4oi7B   62  G
ENSP00000416042	 rs2070600	Agc	Ggc	S	G	82   	.   0.03	4oi8A   60  G
ENSP00000416042	 rs2070600	Agc	Ggc	S	G	82   	.   0.03	4oi8B   62  G
ENSP00000416042	 rs2070600	Agc	Ggc	S	G	82   	.   0.03	4p2yA   62  G
ENSP00000416042	 rs2070600	Agc	Ggc	S	G	82   	.   0.03	4ybhA   62  G
ENSP00000416042	rs77170610	cGt	cAt	R	H	314  	.   0.03	2ensA   87  R
ENSP00000416042	rs77170610	cGt	cAt	R	H	314  	.   0.03	2le9A   80  R
ENSP00000416042	rs77170610	cGt	cAt	R	H	314  	.   0.03	2le9D   80  R
ENSP00000416042	rs77170610	cGt	cAt	R	H	314  	.   0.03	4lp5B  295  R
ENSP00000416042	rs77170610	cGt	cAt	R	H	314  	.   0.03	4p2yA  294  R
ENSP00000416042	rs77170610	cGt	cAt	R	H	314  	.   0.03	4ybhA  294  R
ENSP00000416042	rs80096349	Cgt	Tgt	R	C	77   	.   0.07	2e5eA   57  R
ENSP00000416042	rs80096349	Cgt	Tgt	R	C	77   	.   0.07	2l7uA   57  R
ENSP00000416042	rs80096349	Cgt	Tgt	R	C	77   	.   0.07	2m1kC   57  R
ENSP00000416042	rs80096349	Cgt	Tgt	R	C	77   	.   0.07	2m1kD   57  R
ENSP00000416042	rs80096349	Cgt	Tgt	R	C	77   	.   0.07	2mjwA   57  R
ENSP00000416042	rs80096349	Cgt	Tgt	R	C	77   	.   0.07	2mjwD   57  R
ENSP00000416042	rs80096349	Cgt	Tgt	R	C	77   	.   0.07	2movA   57  R
ENSP00000416042	rs80096349	Cgt	Tgt	R	C	77   	.   0.07	3cjjA   56  R
ENSP00000416042	rs80096349	Cgt	Tgt	R	C	77   	.   0.07	3o3uA  426  R
ENSP00000416042	rs80096349	Cgt	Tgt	R	C	77   	.   0.07	4im8A   49  R
ENSP00000416042	rs80096349	Cgt	Tgt	R	C	77   	.   0.07	4lp4A   58  R
ENSP00000416042	rs80096349	Cgt	Tgt	R	C	77   	.   0.07	4lp4B   58  R
ENSP00000416042	rs80096349	Cgt	Tgt	R	C	77   	.   0.07	4lp5A   55  R
ENSP00000416042	rs80096349	Cgt	Tgt	R	C	77   	.   0.07	4lp5B   58  R
ENSP00000416042	rs80096349	Cgt	Tgt	R	C	77   	.   0.07	4of5A   55  R
ENSP00000416042	rs80096349	Cgt	Tgt	R	C	77   	.   0.07	4of5B   56  R
ENSP00000416042	rs80096349	Cgt	Tgt	R	C	77   	.   0.07	4ofvA   55  R
ENSP00000416042	rs80096349	Cgt	Tgt	R	C	77   	.   0.07	4ofvB   57  R
ENSP00000416042	rs80096349	Cgt	Tgt	R	C	77   	.   0.07	4oi7A   55  R
ENSP00000416042	rs80096349	Cgt	Tgt	R	C	77   	.   0.07	4oi7B   57  R
ENSP00000416042	rs80096349	Cgt	Tgt	R	C	77   	.   0.07	4oi8A   55  R
ENSP00000416042	rs80096349	Cgt	Tgt	R	C	77   	.   0.07	4oi8B   57  R
ENSP00000416042	rs80096349	Cgt	Tgt	R	C	77   	.   0.07	4p2yA   57  R
ENSP00000416042	rs80096349	Cgt	Tgt	R	C	77   	.   0.07	4ybhA   57  R
ENSP00000416042	rs35795092	gtC	gtT	V	V	89   	.   0.02	2e5eA   69  V
ENSP00000416042	rs35795092	gtC	gtT	V	V	89   	.   0.02	2l7uA   69  V
ENSP00000416042	rs35795092	gtC	gtT	V	V	89   	.   0.02	2m1kC   69  V
ENSP00000416042	rs35795092	gtC	gtT	V	V	89   	.   0.02	2m1kD   69  V
ENSP00000416042	rs35795092	gtC	gtT	V	V	89   	.   0.02	2mjwA   69  V
ENSP00000416042	rs35795092	gtC	gtT	V	V	89   	.   0.02	2mjwD   69  V
ENSP00000416042	rs35795092	gtC	gtT	V	V	89   	.   0.02	2movA   69  V
ENSP00000416042	rs35795092	gtC	gtT	V	V	89   	.   0.02	3cjjA   68  V
ENSP00000416042	rs35795092	gtC	gtT	V	V	89   	.   0.02	3o3uA  438  V
ENSP00000416042	rs35795092	gtC	gtT	V	V	89   	.   0.02	4im8A   61  T
ENSP00000416042	rs35795092	gtC	gtT	V	V	89   	.   0.02	4lp4A   70  V
ENSP00000416042	rs35795092	gtC	gtT	V	V	89   	.   0.02	4lp4B   70  V
ENSP00000416042	rs35795092	gtC	gtT	V	V	89   	.   0.02	4lp5A   67  V
ENSP00000416042	rs35795092	gtC	gtT	V	V	89   	.   0.02	4lp5B   70  V
ENSP00000416042	rs35795092	gtC	gtT	V	V	89   	.   0.02	4of5A   67  V
ENSP00000416042	rs35795092	gtC	gtT	V	V	89   	.   0.02	4of5B   68  V
ENSP00000416042	rs35795092	gtC	gtT	V	V	89   	.   0.02	4ofvA   67  V
ENSP00000416042	rs35795092	gtC	gtT	V	V	89   	.   0.02	4ofvB   69  V
ENSP00000416042	rs35795092	gtC	gtT	V	V	89   	.   0.02	4oi7A   67  V
ENSP00000416042	rs35795092	gtC	gtT	V	V	89   	.   0.02	4oi7B   69  V
ENSP00000416042	rs35795092	gtC	gtT	V	V	89   	.   0.02	4oi8A   67  V
ENSP00000416042	rs35795092	gtC	gtT	V	V	89   	.   0.02	4oi8B   69  V
ENSP00000416042	rs35795092	gtC	gtT	V	V	89   	.   0.02	4p2yA   69  V
ENSP00000416042	rs35795092	gtC	gtT	V	V	89   	.   0.02	4ybhA   69  V
ENSP00000416042	rs35795092	gtC	gtG	V	V	89   	.   0.02	2e5eA   69  V
ENSP00000416042	rs35795092	gtC	gtG	V	V	89   	.   0.02	2l7uA   69  V
ENSP00000416042	rs35795092	gtC	gtG	V	V	89   	.   0.02	2m1kC   69  V
ENSP00000416042	rs35795092	gtC	gtG	V	V	89   	.   0.02	2m1kD   69  V
ENSP00000416042	rs35795092	gtC	gtG	V	V	89   	.   0.02	2mjwA   69  V
ENSP00000416042	rs35795092	gtC	gtG	V	V	89   	.   0.02	2mjwD   69  V
ENSP00000416042	rs35795092	gtC	gtG	V	V	89   	.   0.02	2movA   69  V
ENSP00000416042	rs35795092	gtC	gtG	V	V	89   	.   0.02	3cjjA   68  V
ENSP00000416042	rs35795092	gtC	gtG	V	V	89   	.   0.02	3o3uA  438  V
ENSP00000416042	rs35795092	gtC	gtG	V	V	89   	.   0.02	4im8A   61  T
ENSP00000416042	rs35795092	gtC	gtG	V	V	89   	.   0.02	4lp4A   70  V
ENSP00000416042	rs35795092	gtC	gtG	V	V	89   	.   0.02	4lp4B   70  V
ENSP00000416042	rs35795092	gtC	gtG	V	V	89   	.   0.02	4lp5A   67  V
ENSP00000416042	rs35795092	gtC	gtG	V	V	89   	.   0.02	4lp5B   70  V
ENSP00000416042	rs35795092	gtC	gtG	V	V	89   	.   0.02	4of5A   67  V
ENSP00000416042	rs35795092	gtC	gtG	V	V	89   	.   0.02	4of5B   68  V
ENSP00000416042	rs35795092	gtC	gtG	V	V	89   	.   0.02	4ofvA   67  V
ENSP00000416042	rs35795092	gtC	gtG	V	V	89   	.   0.02	4ofvB   69  V
ENSP00000416042	rs35795092	gtC	gtG	V	V	89   	.   0.02	4oi7A   67  V
ENSP00000416042	rs35795092	gtC	gtG	V	V	89   	.   0.02	4oi7B   69  V
ENSP00000416042	rs35795092	gtC	gtG	V	V	89   	.   0.02	4oi8A   67  V
ENSP00000416042	rs35795092	gtC	gtG	V	V	89   	.   0.02	4oi8B   69  V
ENSP00000416042	rs35795092	gtC	gtG	V	V	89   	.   0.02	4p2yA   69  V
ENSP00000416042	rs35795092	gtC	gtG	V	V	89   	.   0.02	4ybhA   69  V
ENSP00000416061	 rs2736182	Gga	Aga	G	R	14   	.   0.47	2g2bA   17  G
ENSP00000416066	    rs6647	gTg	gCg	V	A	237  	.   0.16	1atuA  193  V
ENSP00000416066	    rs6647	gTg	gCg	V	A	237  	.   0.16	1d5sA  194  V
ENSP00000416066	    rs6647	gTg	gCg	V	A	237  	.   0.16	1ezxA  190  V
ENSP00000416066	    rs6647	gTg	gCg	V	A	237  	.   0.16	1hp7A  195  V
ENSP00000416066	    rs6647	gTg	gCg	V	A	237  	.   0.16	1iz2A  190  V
ENSP00000416066	    rs6647	gTg	gCg	V	A	237  	.   0.16	1kctA  194  V
ENSP00000416066	    rs6647	gTg	gCg	V	A	237  	.   0.16	1oo8A  190  V
ENSP00000416066	    rs6647	gTg	gCg	V	A	237  	.   0.16	1ophA  194  V
ENSP00000416066	    rs6647	gTg	gCg	V	A	237  	.   0.16	1psiA  191  V
ENSP00000416066	    rs6647	gTg	gCg	V	A	237  	.   0.16	1qlpA  191  V
ENSP00000416066	    rs6647	gTg	gCg	V	A	237  	.   0.16	1qmbA  188  V
ENSP00000416066	    rs6647	gTg	gCg	V	A	237  	.   0.16	2d26A  191  V
ENSP00000416066	    rs6647	gTg	gCg	V	A	237  	.   0.16	2qugA  190  V
ENSP00000416066	    rs6647	gTg	gCg	V	A	237  	.   0.16	3cwlA  191  V
ENSP00000416066	    rs6647	gTg	gCg	V	A	237  	.   0.16	3cwmA  190  V
ENSP00000416066	    rs6647	gTg	gCg	V	A	237  	.   0.16	3drmA  190  V
ENSP00000416066	    rs6647	gTg	gCg	V	A	237  	.   0.16	3druA  190  V
ENSP00000416066	    rs6647	gTg	gCg	V	A	237  	.   0.16	3druB  191  V
ENSP00000416066	    rs6647	gTg	gCg	V	A	237  	.   0.16	3druC  191  V
ENSP00000416066	    rs6647	gTg	gCg	V	A	237  	.   0.16	3nddA  190  V
ENSP00000416066	    rs6647	gTg	gCg	V	A	237  	.   0.16	3ndfA  191  V
ENSP00000416066	    rs6647	gTg	gCg	V	A	237  	.   0.16	3ne4A  190  V
ENSP00000416066	    rs6647	gTg	gCg	V	A	237  	.   0.16	3t1pA  190  V
ENSP00000416066	    rs6647	gTg	gCg	V	A	237  	.   0.16	4pywA  191  V
ENSP00000416066	    rs6647	gTg	gCg	V	A	237  	.   0.16	5io1A  190  V
ENSP00000416066	    rs6647	gTg	gCg	V	A	237  	.   0.16	5io1B  190  V
ENSP00000416066	    rs6647	gTg	gCg	V	A	237  	.   0.16	5nbuA  190  V
ENSP00000416066	    rs6647	gTg	gCg	V	A	237  	.   0.16	5nbvA  188  V
ENSP00000416066	    rs6647	gTg	gCg	V	A	237  	.   0.16	7apiA  194  V
ENSP00000416066	    rs6647	gTg	gCg	V	A	237  	.   0.16	8apiA  195  V
ENSP00000416066	    rs6647	gTg	gCg	V	A	237  	.   0.16	9apiA  194  V
ENSP00000416105	rs11575840	Gcc	Acc	A	T	78   	.   0.01	3noiA   92  A
ENSP00000416105	rs11575840	Gcc	Acc	A	T	78   	.   0.01	3noiB   93  A
ENSP00000416105	rs11575840	Gcc	Acc	A	T	78   	.   0.01	3pv6B   85  A
ENSP00000416145	 rs2524235	Ctg	Gtg	L	V	796  	.   0.01	3zosA  221  L
ENSP00000416145	 rs2524235	Ctg	Gtg	L	V	796  	.   0.01	3zosB  223  L
ENSP00000416145	 rs2524235	Ctg	Gtg	L	V	796  	.   0.01	4bkjA  215  L
ENSP00000416145	 rs2524235	Ctg	Gtg	L	V	796  	.   0.01	4bkjB  217  L
ENSP00000416145	 rs2524235	Ctg	Gtg	L	V	796  	.   0.01	4ckrA  215  L
ENSP00000416145	 rs2524235	Ctg	Gtg	L	V	796  	.   0.01	5bvkA  200  L
ENSP00000416145	 rs2524235	Ctg	Gtg	L	V	796  	.   0.01	5bvnA  200  L
ENSP00000416145	 rs2524235	Ctg	Gtg	L	V	796  	.   0.01	5bvoA  198  L
ENSP00000416145	 rs2524235	Ctg	Gtg	L	V	796  	.   0.01	5bvwA  196  L
ENSP00000416145	 rs2524235	Ctg	Gtg	L	V	796  	.   0.01	5fdpA  206  L
ENSP00000416145	 rs2524235	Ctg	Gtg	L	V	796  	.   0.01	5fdxA  204  L
ENSP00000416145	 rs2524235	Ctg	Gtg	L	V	796  	.   0.01	5fdxB  200  L
ENSP00000416145	 rs2524235	Ctg	Gtg	L	V	796  	.   0.01	6gwrA  221  L
ENSP00000416145	 rs2524235	Ctg	Gtg	L	V	796  	.   0.01	6gwrB  210  L
ENSP00000416157	 rs1042337	aCt	aTt	T	I	197  	.   0.02	1hdmB  170  I
ENSP00000416157	 rs1042337	aCt	aTt	T	I	197  	.   0.02	2bc4B  177  I
ENSP00000416157	 rs1042337	aCt	aTt	T	I	197  	.   0.02	2bc4D  177  I
ENSP00000416157	 rs1042337	aCt	aTt	T	I	197  	.   0.02	4fqxB  177  I
ENSP00000416157	 rs1042337	aCt	aTt	T	I	197  	.   0.02	4gbxB  177  I
ENSP00000416157	 rs1042337	aCt	aTt	T	I	197  	.   0.02	4i0pB  173  I
ENSP00000416157	 rs1042337	aCt	aTt	T	I	197  	.   0.02	4i0pF  173  I
ENSP00000416157	rs12176347	gCg	gTg	A	V	73   	.   0.01	1hdmB   48  A
ENSP00000416157	rs12176347	gCg	gTg	A	V	73   	.   0.01	2bc4B   53  A
ENSP00000416157	rs12176347	gCg	gTg	A	V	73   	.   0.01	2bc4D   53  A
ENSP00000416157	rs12176347	gCg	gTg	A	V	73   	.   0.01	4fqxB   53  A
ENSP00000416157	rs12176347	gCg	gTg	A	V	73   	.   0.01	4gbxB   53  A
ENSP00000416157	rs12176347	gCg	gTg	A	V	73   	.   0.01	4i0pB   53  A
ENSP00000416157	rs12176347	gCg	gTg	A	V	73   	.   0.01	4i0pF   53  A
ENSP00000416174	 rs1045512	aaA	aaG	K	K	54   	.   0.02	4ekuA   36  K
ENSP00000416174	 rs1030526	acG	acA	T	T	110  	.   0.01	4ekuA   92  T
ENSP00000416174	rs11991368	ctG	ctA	L	L	178  	.   0.01	4ekuA  160  L
ENSP00000416183	 rs2524235	Ctg	Gtg	L	V	796  	.   0.01	3zosA  221  L
ENSP00000416183	 rs2524235	Ctg	Gtg	L	V	796  	.   0.01	3zosB  223  L
ENSP00000416183	 rs2524235	Ctg	Gtg	L	V	796  	.   0.01	4bkjA  215  L
ENSP00000416183	 rs2524235	Ctg	Gtg	L	V	796  	.   0.01	4bkjB  217  L
ENSP00000416183	 rs2524235	Ctg	Gtg	L	V	796  	.   0.01	4ckrA  215  L
ENSP00000416183	 rs2524235	Ctg	Gtg	L	V	796  	.   0.01	5bvkA  200  L
ENSP00000416183	 rs2524235	Ctg	Gtg	L	V	796  	.   0.01	5bvnA  200  L
ENSP00000416183	 rs2524235	Ctg	Gtg	L	V	796  	.   0.01	5bvoA  198  L
ENSP00000416183	 rs2524235	Ctg	Gtg	L	V	796  	.   0.01	5bvwA  196  L
ENSP00000416183	 rs2524235	Ctg	Gtg	L	V	796  	.   0.01	5fdpA  206  L
ENSP00000416183	 rs2524235	Ctg	Gtg	L	V	796  	.   0.01	5fdxA  204  L
ENSP00000416183	 rs2524235	Ctg	Gtg	L	V	796  	.   0.01	5fdxB  200  L
ENSP00000416183	 rs2524235	Ctg	Gtg	L	V	796  	.   0.01	6gwrA  221  L
ENSP00000416183	 rs2524235	Ctg	Gtg	L	V	796  	.   0.01	6gwrB  210  L
ENSP00000416255	 rs2230571	caC	caT	H	H	1342 	.   0.23	1ug3A  103  H
ENSP00000416255	 rs2230571	caC	caT	H	H	1342 	.   0.23	1ug3B  103  H
ENSP00000416269	 rs1129640	gtA	gtG	V	V	116  	.   0.01	1t6nA   72  V
ENSP00000416269	 rs1129640	gtA	gtG	V	V	116  	.   0.01	1t6nB   72  V
ENSP00000416269	 rs1129640	gtA	gtG	V	V	116  	.   0.01	1xtiA   71  V
ENSP00000416269	 rs1129640	gtA	gtG	V	V	116  	.   0.01	1xtjA   72  V
ENSP00000416269	 rs1129640	gtA	gtG	V	V	116  	.   0.01	1xtkA   71  V
ENSP00000416269	rs55799418	caC	caT	H	H	220  	.   0.01	1t6nA  176  H
ENSP00000416269	rs55799418	caC	caT	H	H	220  	.   0.01	1t6nB  176  H
ENSP00000416269	rs55799418	caC	caT	H	H	220  	.   0.01	1xtiA  175  H
ENSP00000416269	rs55799418	caC	caT	H	H	220  	.   0.01	1xtjA  176  H
ENSP00000416269	rs55799418	caC	caT	H	H	220  	.   0.01	1xtkA  175  H
ENSP00000416330	    rs4669	ttT	ttC	F	F	540  	.   0.01	1x3bA   46  F
ENSP00000416330	    rs4669	ttT	ttC	F	F	540  	.   0.01	2ltbA   41  F
ENSP00000416330	    rs4669	ttT	ttC	F	F	540  	.   0.01	2ltcA   41  F
ENSP00000416330	    rs4669	ttT	ttC	F	F	540  	.   0.01	2vxpA   39  F
ENSP00000416330	    rs4669	ttT	ttC	F	F	540  	.   0.01	2vxpB   39  F
ENSP00000416330	    rs4669	ttT	ttC	F	F	540  	.   0.01	5nv6A  498  F
ENSP00000416330	    rs4669	ttT	ttC	F	F	540  	.   0.01	5nv6B  494  F
ENSP00000416350	 rs1129640	gtA	gtG	V	V	116  	.   0.01	1t6nA   72  V
ENSP00000416350	 rs1129640	gtA	gtG	V	V	116  	.   0.01	1t6nB   72  V
ENSP00000416350	 rs1129640	gtA	gtG	V	V	116  	.   0.01	1xtiA   71  V
ENSP00000416350	 rs1129640	gtA	gtG	V	V	116  	.   0.01	1xtjA   72  V
ENSP00000416350	 rs1129640	gtA	gtG	V	V	116  	.   0.01	1xtkA   71  V
ENSP00000416350	rs55799418	caC	caT	H	H	220  	.   0.02	1t6nA  176  H
ENSP00000416350	rs55799418	caC	caT	H	H	220  	.   0.02	1t6nB  176  H
ENSP00000416350	rs55799418	caC	caT	H	H	220  	.   0.02	1xtiA  175  H
ENSP00000416350	rs55799418	caC	caT	H	H	220  	.   0.02	1xtjA  176  H
ENSP00000416350	rs55799418	caC	caT	H	H	220  	.   0.02	1xtkA  175  H
ENSP00000416354	    rs6647	gTg	gCg	V	A	237  	.   0.16	1atuA  193  V
ENSP00000416354	    rs6647	gTg	gCg	V	A	237  	.   0.16	1d5sA  194  V
ENSP00000416354	    rs6647	gTg	gCg	V	A	237  	.   0.16	1ezxA  190  V
ENSP00000416354	    rs6647	gTg	gCg	V	A	237  	.   0.16	1hp7A  195  V
ENSP00000416354	    rs6647	gTg	gCg	V	A	237  	.   0.16	1iz2A  190  V
ENSP00000416354	    rs6647	gTg	gCg	V	A	237  	.   0.16	1kctA  194  V
ENSP00000416354	    rs6647	gTg	gCg	V	A	237  	.   0.16	1oo8A  190  V
ENSP00000416354	    rs6647	gTg	gCg	V	A	237  	.   0.16	1ophA  194  V
ENSP00000416354	    rs6647	gTg	gCg	V	A	237  	.   0.16	1psiA  191  V
ENSP00000416354	    rs6647	gTg	gCg	V	A	237  	.   0.16	1qlpA  191  V
ENSP00000416354	    rs6647	gTg	gCg	V	A	237  	.   0.16	1qmbA  188  V
ENSP00000416354	    rs6647	gTg	gCg	V	A	237  	.   0.16	2d26A  191  V
ENSP00000416354	    rs6647	gTg	gCg	V	A	237  	.   0.16	2qugA  190  V
ENSP00000416354	    rs6647	gTg	gCg	V	A	237  	.   0.16	3cwlA  191  V
ENSP00000416354	    rs6647	gTg	gCg	V	A	237  	.   0.16	3cwmA  190  V
ENSP00000416354	    rs6647	gTg	gCg	V	A	237  	.   0.16	3drmA  190  V
ENSP00000416354	    rs6647	gTg	gCg	V	A	237  	.   0.16	3druA  190  V
ENSP00000416354	    rs6647	gTg	gCg	V	A	237  	.   0.16	3druB  191  V
ENSP00000416354	    rs6647	gTg	gCg	V	A	237  	.   0.16	3druC  191  V
ENSP00000416354	    rs6647	gTg	gCg	V	A	237  	.   0.16	3nddA  190  V
ENSP00000416354	    rs6647	gTg	gCg	V	A	237  	.   0.16	3ndfA  191  V
ENSP00000416354	    rs6647	gTg	gCg	V	A	237  	.   0.16	3ne4A  190  V
ENSP00000416354	    rs6647	gTg	gCg	V	A	237  	.   0.16	3t1pA  190  V
ENSP00000416354	    rs6647	gTg	gCg	V	A	237  	.   0.16	4pywA  191  V
ENSP00000416354	    rs6647	gTg	gCg	V	A	237  	.   0.16	5io1A  190  V
ENSP00000416354	    rs6647	gTg	gCg	V	A	237  	.   0.16	5io1B  190  V
ENSP00000416354	    rs6647	gTg	gCg	V	A	237  	.   0.16	5nbuA  190  V
ENSP00000416354	    rs6647	gTg	gCg	V	A	237  	.   0.16	5nbvA  188  V
ENSP00000416354	    rs6647	gTg	gCg	V	A	237  	.   0.16	7apiA  194  V
ENSP00000416354	    rs6647	gTg	gCg	V	A	237  	.   0.16	8apiA  195  V
ENSP00000416354	    rs6647	gTg	gCg	V	A	237  	.   0.16	9apiA  194  V
ENSP00000416358	rs55799418	caC	caT	H	H	76   	.   0.01	1t6nA  176  H
ENSP00000416358	rs55799418	caC	caT	H	H	76   	.   0.01	1t6nB  176  H
ENSP00000416358	rs55799418	caC	caT	H	H	76   	.   0.01	1xtiA  175  H
ENSP00000416358	rs55799418	caC	caT	H	H	76   	.   0.01	1xtjA  176  H
ENSP00000416358	rs55799418	caC	caT	H	H	76   	.   0.01	1xtkA  175  H
ENSP00000416374	  rs428073	aGt	aAt	S	N	47   	.   0.06	1u5qA   40  S
ENSP00000416374	  rs428073	aGt	aAt	S	N	47   	.   0.06	1u5qB   40  S
ENSP00000416374	  rs428073	aGt	aAt	S	N	47   	.   0.06	1u5rA   40  S
ENSP00000416374	  rs428073	aGt	aAt	S	N	47   	.   0.06	1u5rB   40  S
ENSP00000416374	  rs428073	aGt	aAt	S	N	47   	.   0.06	2gcdA   40  S
ENSP00000416374	  rs428073	aGt	aAt	S	N	47   	.   0.06	2gcdB   40  S
ENSP00000416399	rs55650502	gGc	gAc	G	D	25   	*   0.97	5d0cA    3  P
ENSP00000416399	rs76146382	taT	taC	Y	Y	136  	.   0.01	1x0jA   60  Y
ENSP00000416399	rs76146382	taT	taC	Y	Y	136  	.   0.01	1x0jB   60  Y
ENSP00000416399	rs76146382	taT	taC	Y	Y	136  	.   0.01	1x0jC   57  Y
ENSP00000416399	rs76146382	taT	taC	Y	Y	136  	.   0.01	2dvqA   60  Y
ENSP00000416399	rs76146382	taT	taC	Y	Y	136  	.   0.01	2dvqB   60  Y
ENSP00000416399	rs76146382	taT	taC	Y	Y	136  	.   0.01	2dvqC   57  Y
ENSP00000416399	rs76146382	taT	taC	Y	Y	136  	.   0.01	2dvrA   60  Y
ENSP00000416399	rs76146382	taT	taC	Y	Y	136  	.   0.01	2dvrB   60  Y
ENSP00000416399	rs76146382	taT	taC	Y	Y	136  	.   0.01	2dvrC   57  Y
ENSP00000416399	rs76146382	taT	taC	Y	Y	136  	.   0.01	2dvsA   60  Y
ENSP00000416399	rs76146382	taT	taC	Y	Y	136  	.   0.01	2dvsB   60  Y
ENSP00000416399	rs76146382	taT	taC	Y	Y	136  	.   0.01	2dvsC   57  Y
ENSP00000416399	rs76146382	taT	taC	Y	Y	136  	.   0.01	2l5eA   75  Y
ENSP00000416399	rs76146382	taT	taC	Y	Y	136  	.   0.01	2nxbA   62  Y
ENSP00000416399	rs76146382	taT	taC	Y	Y	136  	.   0.01	2nxbB   73  Y
ENSP00000416399	rs76146382	taT	taC	Y	Y	136  	.   0.01	2ydwA   60  Y
ENSP00000416399	rs76146382	taT	taC	Y	Y	136  	.   0.01	2ydwB   59  Y
ENSP00000416399	rs76146382	taT	taC	Y	Y	136  	.   0.01	2ydwC   60  Y
ENSP00000416399	rs76146382	taT	taC	Y	Y	136  	.   0.01	2yekA   62  Y
ENSP00000416399	rs76146382	taT	taC	Y	Y	136  	.   0.01	2yekB   60  Y
ENSP00000416399	rs76146382	taT	taC	Y	Y	136  	.   0.01	2yekC   60  Y
ENSP00000416399	rs76146382	taT	taC	Y	Y	136  	.   0.01	3aqaA   60  Y
ENSP00000416399	rs76146382	taT	taC	Y	Y	136  	.   0.01	3aqaB   60  Y
ENSP00000416399	rs76146382	taT	taC	Y	Y	136  	.   0.01	3aqaC   57  Y
ENSP00000416399	rs76146382	taT	taC	Y	Y	136  	.   0.01	3s91A   60  Y
ENSP00000416399	rs76146382	taT	taC	Y	Y	136  	.   0.01	3u5kB   77  Y
ENSP00000416399	rs76146382	taT	taC	Y	Y	136  	.   0.01	3uw9A   77  Y
ENSP00000416399	rs76146382	taT	taC	Y	Y	136  	.   0.01	3uw9B   62  Y
ENSP00000416399	rs76146382	taT	taC	Y	Y	136  	.   0.01	4a9eA   61  Y
ENSP00000416399	rs76146382	taT	taC	Y	Y	136  	.   0.01	4a9eB   63  Y
ENSP00000416399	rs76146382	taT	taC	Y	Y	136  	.   0.01	4a9eC   60  Y
ENSP00000416399	rs76146382	taT	taC	Y	Y	136  	.   0.01	4a9fA   61  Y
ENSP00000416399	rs76146382	taT	taC	Y	Y	136  	.   0.01	4a9fB   60  Y
ENSP00000416399	rs76146382	taT	taC	Y	Y	136  	.   0.01	4a9fC   60  Y
ENSP00000416399	rs76146382	taT	taC	Y	Y	136  	.   0.01	4a9hA   61  Y
ENSP00000416399	rs76146382	taT	taC	Y	Y	136  	.   0.01	4a9hB   60  Y
ENSP00000416399	rs76146382	taT	taC	Y	Y	136  	.   0.01	4a9hC   60  Y
ENSP00000416399	rs76146382	taT	taC	Y	Y	136  	.   0.01	4a9iA   61  Y
ENSP00000416399	rs76146382	taT	taC	Y	Y	136  	.   0.01	4a9iB   65  Y
ENSP00000416399	rs76146382	taT	taC	Y	Y	136  	.   0.01	4a9iC   60  Y
ENSP00000416399	rs76146382	taT	taC	Y	Y	136  	.   0.01	4a9jA   61  Y
ENSP00000416399	rs76146382	taT	taC	Y	Y	136  	.   0.01	4a9jB   63  Y
ENSP00000416399	rs76146382	taT	taC	Y	Y	136  	.   0.01	4a9jC   59  Y
ENSP00000416399	rs76146382	taT	taC	Y	Y	136  	.   0.01	4a9mA   61  Y
ENSP00000416399	rs76146382	taT	taC	Y	Y	136  	.   0.01	4a9mB   63  Y
ENSP00000416399	rs76146382	taT	taC	Y	Y	136  	.   0.01	4a9mC   60  Y
ENSP00000416399	rs76146382	taT	taC	Y	Y	136  	.   0.01	4a9nA   61  Y
ENSP00000416399	rs76146382	taT	taC	Y	Y	136  	.   0.01	4a9nB   64  Y
ENSP00000416399	rs76146382	taT	taC	Y	Y	136  	.   0.01	4a9nC   59  Y
ENSP00000416399	rs76146382	taT	taC	Y	Y	136  	.   0.01	4a9oA   62  Y
ENSP00000416399	rs76146382	taT	taC	Y	Y	136  	.   0.01	4a9oB   60  Y
ENSP00000416399	rs76146382	taT	taC	Y	Y	136  	.   0.01	4a9oC   60  Y
ENSP00000416399	rs76146382	taT	taC	Y	Y	136  	.   0.01	4aknA   61  Y
ENSP00000416399	rs76146382	taT	taC	Y	Y	136  	.   0.01	4aknB   63  Y
ENSP00000416399	rs76146382	taT	taC	Y	Y	136  	.   0.01	4aknC   60  Y
ENSP00000416399	rs76146382	taT	taC	Y	Y	136  	.   0.01	4algA   64  Y
ENSP00000416399	rs76146382	taT	taC	Y	Y	136  	.   0.01	4alhA   61  Y
ENSP00000416399	rs76146382	taT	taC	Y	Y	136  	.   0.01	4alhB   60  Y
ENSP00000416399	rs76146382	taT	taC	Y	Y	136  	.   0.01	4alhC   60  Y
ENSP00000416399	rs76146382	taT	taC	Y	Y	136  	.   0.01	4donA   77  Y
ENSP00000416399	rs76146382	taT	taC	Y	Y	136  	.   0.01	4hxmA   77  Y
ENSP00000416399	rs76146382	taT	taC	Y	Y	136  	.   0.01	4hxpA   77  Y
ENSP00000416399	rs76146382	taT	taC	Y	Y	136  	.   0.01	4hxsA   77  Y
ENSP00000416399	rs76146382	taT	taC	Y	Y	136  	.   0.01	4lr6A   78  Y
ENSP00000416399	rs76146382	taT	taC	Y	Y	136  	.   0.01	4lysA   77  Y
ENSP00000416399	rs76146382	taT	taC	Y	Y	136  	.   0.01	4nr8A   78  Y
ENSP00000416399	rs76146382	taT	taC	Y	Y	136  	.   0.01	4nudA   76  Y
ENSP00000416399	rs76146382	taT	taC	Y	Y	136  	.   0.01	4qr3A   78  Y
ENSP00000416399	rs76146382	taT	taC	Y	Y	136  	.   0.01	4qr4A   78  Y
ENSP00000416399	rs76146382	taT	taC	Y	Y	136  	.   0.01	4qr5A   78  Y
ENSP00000416399	rs76146382	taT	taC	Y	Y	136  	.   0.01	4uyfA   65  Y
ENSP00000416399	rs76146382	taT	taC	Y	Y	136  	.   0.01	4uyfB   60  Y
ENSP00000416399	rs76146382	taT	taC	Y	Y	136  	.   0.01	4uyfC   61  Y
ENSP00000416399	rs76146382	taT	taC	Y	Y	136  	.   0.01	4uyhA   61  Y
ENSP00000416399	rs76146382	taT	taC	Y	Y	136  	.   0.01	4uyhB   60  Y
ENSP00000416399	rs76146382	taT	taC	Y	Y	136  	.   0.01	4uyhC   59  Y
ENSP00000416399	rs76146382	taT	taC	Y	Y	136  	.   0.01	4whwA   77  Y
ENSP00000416399	rs76146382	taT	taC	Y	Y	136  	.   0.01	4z1qA   77  Y
ENSP00000416399	rs76146382	taT	taC	Y	Y	136  	.   0.01	4zw1A   77  Y
ENSP00000416399	rs76146382	taT	taC	Y	Y	136  	.   0.01	5d0cA   82  Y
ENSP00000416399	rs76146382	taT	taC	Y	Y	136  	.   0.01	5d25A   77  Y
ENSP00000416399	rs76146382	taT	taC	Y	Y	136  	.   0.01	5dlxA   78  Y
ENSP00000416399	rs76146382	taT	taC	Y	Y	136  	.   0.01	5eguA   73  Y
ENSP00000416399	rs76146382	taT	taC	Y	Y	136  	.   0.01	5eguC   60  Y
ENSP00000416399	rs76146382	taT	taC	Y	Y	136  	.   0.01	5eguD   77  Y
ENSP00000416399	rs76146382	taT	taC	Y	Y	136  	.   0.01	5h21A   77  Y
ENSP00000416399	rs76146382	taT	taC	Y	Y	136  	.   0.01	5helA   67  Y
ENSP00000416399	rs76146382	taT	taC	Y	Y	136  	.   0.01	5hemA   66  Y
ENSP00000416399	rs76146382	taT	taC	Y	Y	136  	.   0.01	5hemB   64  Y
ENSP00000416399	rs76146382	taT	taC	Y	Y	136  	.   0.01	5henA   61  Y
ENSP00000416399	rs76146382	taT	taC	Y	Y	136  	.   0.01	5henB   63  Y
ENSP00000416399	rs76146382	taT	taC	Y	Y	136  	.   0.01	5henC   60  Y
ENSP00000416399	rs76146382	taT	taC	Y	Y	136  	.   0.01	5hm0A   78  Y
ENSP00000416399	rs76146382	taT	taC	Y	Y	136  	.   0.01	5hq6A   78  Y
ENSP00000416399	rs76146382	taT	taC	Y	Y	136  	.   0.01	5nncA   78  Y
ENSP00000416399	rs76146382	taT	taC	Y	Y	136  	.   0.01	5nncB   78  Y
ENSP00000416399	rs76146382	taT	taC	Y	Y	136  	.   0.01	5nneA   78  Y
ENSP00000416399	rs76146382	taT	taC	Y	Y	136  	.   0.01	5ulaA   76  Y
ENSP00000416399	rs76146382	taT	taC	Y	Y	136  	.   0.01	5ulaB   76  Y
ENSP00000416399	rs76146382	taT	taC	Y	Y	136  	.   0.01	5uvwB   60  Y
ENSP00000416399	rs76146382	taT	taC	Y	Y	136  	.   0.01	5vboA   78  Y
ENSP00000416399	rs76146382	taT	taC	Y	Y	136  	.   0.01	5wa5A   78  Y
ENSP00000416399	rs76146382	taT	taC	Y	Y	136  	.   0.01	5wuuA   77  Y
ENSP00000416399	rs76146382	taT	taC	Y	Y	136  	.   0.01	5xhyA   77  Y
ENSP00000416399	rs76146382	taT	taC	Y	Y	136  	.   0.01	5xi2A   77  Y
ENSP00000416399	rs76146382	taT	taC	Y	Y	136  	.   0.01	5xi3A   77  Y
ENSP00000416399	rs76146382	taT	taC	Y	Y	136  	.   0.01	5xi4A   77  Y
ENSP00000416399	rs76146382	taT	taC	Y	Y	136  	.   0.01	5y1yA   77  Y
ENSP00000416399	rs76146382	taT	taC	Y	Y	136  	.   0.01	6c7rA   62  Y
ENSP00000416399	rs76146382	taT	taC	Y	Y	136  	.   0.01	6cd4A   77  Y
ENSP00000416399	rs76146382	taT	taC	Y	Y	136  	.   0.01	6cisA   78  Y
ENSP00000416399	rs76146382	taT	taC	Y	Y	136  	.   0.01	6ciyA   78  Y
ENSP00000416399	rs76146382	taT	taC	Y	Y	136  	.   0.01	6cj1A   78  Y
ENSP00000416399	rs76146382	taT	taC	Y	Y	136  	.   0.01	6ckrB   76  Y
ENSP00000416407	 rs1129640	gtG	gtA	V	V	116  	.   0.01	1t6nA   72  V
ENSP00000416407	 rs1129640	gtG	gtA	V	V	116  	.   0.01	1t6nB   72  V
ENSP00000416407	 rs1129640	gtG	gtA	V	V	116  	.   0.01	1xtiA   71  V
ENSP00000416407	 rs1129640	gtG	gtA	V	V	116  	.   0.01	1xtjA   72  V
ENSP00000416407	 rs1129640	gtG	gtA	V	V	116  	.   0.01	1xtkA   71  V
ENSP00000416407	rs55799418	caC	caT	H	H	220  	.   0.03	1t6nA  176  H
ENSP00000416407	rs55799418	caC	caT	H	H	220  	.   0.03	1t6nB  176  H
ENSP00000416407	rs55799418	caC	caT	H	H	220  	.   0.03	1xtiA  175  H
ENSP00000416407	rs55799418	caC	caT	H	H	220  	.   0.03	1xtjA  176  H
ENSP00000416407	rs55799418	caC	caT	H	H	220  	.   0.03	1xtkA  175  H
ENSP00000416421	rs145680549	cgC	cgT	R	R	41   	.   0.04	1x67A   48  R
ENSP00000416431	 rs2306537	Ttg	Atg	L	M	477  	.   0.01	2xocA  119  L
ENSP00000416431	 rs2306537	Ttg	Atg	L	M	477  	.   0.01	2xocB  118  L
ENSP00000416431	 rs2306537	Ttg	Atg	L	M	477  	.   0.01	2xoyA  119  L
ENSP00000416431	 rs2306537	Ttg	Atg	L	M	477  	.   0.01	2xoyB  119  L
ENSP00000416431	 rs2306537	Ttg	Atg	L	M	477  	.   0.01	2xozA  119  L
ENSP00000416431	 rs2306537	Ttg	Atg	L	M	477  	.   0.01	2xozB  118  L
ENSP00000416431	 rs2306537	Ttg	Atg	L	M	477  	.   0.01	2xp0A  119  L
ENSP00000416431	 rs2306537	Ttg	Atg	L	M	477  	.   0.01	2xp0B  118  L
ENSP00000416431	 rs2306541	gCg	gTg	A	V	405  	.   0.16	2xocA   47  V
ENSP00000416431	 rs2306541	gCg	gTg	A	V	405  	.   0.16	2xocB   46  V
ENSP00000416431	 rs2306541	gCg	gTg	A	V	405  	.   0.16	2xoyA   47  V
ENSP00000416431	 rs2306541	gCg	gTg	A	V	405  	.   0.16	2xoyB   47  V
ENSP00000416431	 rs2306541	gCg	gTg	A	V	405  	.   0.16	2xozA   47  V
ENSP00000416431	 rs2306541	gCg	gTg	A	V	405  	.   0.16	2xozB   46  V
ENSP00000416431	 rs2306541	gCg	gTg	A	V	405  	.   0.16	2xp0A   47  V
ENSP00000416431	 rs2306541	gCg	gTg	A	V	405  	.   0.16	2xp0B   46  V
ENSP00000416431	 rs2306537	Ttg	Ctg	L	L	477  	.   0.01	2xocA  119  L
ENSP00000416431	 rs2306537	Ttg	Ctg	L	L	477  	.   0.01	2xocB  118  L
ENSP00000416431	 rs2306537	Ttg	Ctg	L	L	477  	.   0.01	2xoyA  119  L
ENSP00000416431	 rs2306537	Ttg	Ctg	L	L	477  	.   0.01	2xoyB  119  L
ENSP00000416431	 rs2306537	Ttg	Ctg	L	L	477  	.   0.01	2xozA  119  L
ENSP00000416431	 rs2306537	Ttg	Ctg	L	L	477  	.   0.01	2xozB  118  L
ENSP00000416431	 rs2306537	Ttg	Ctg	L	L	477  	.   0.01	2xp0A  119  L
ENSP00000416431	 rs2306537	Ttg	Ctg	L	L	477  	.   0.01	2xp0B  118  L
ENSP00000416448	rs11575906	Cgc	Tgc	R	C	105  	.   0.03	4i0pC   79  R
ENSP00000416448	rs11575906	Cgc	Tgc	R	C	105  	.   0.03	4i0pG   79  R
ENSP00000416451	rs75602167	cAt	cGt	H	R	114  	.   0.08	5gvcA  382  H
ENSP00000416451	rs75602167	cAt	cGt	H	R	114  	.   0.08	5gvcB  373  H
ENSP00000416451	rs75602167	cAt	cGt	H	R	114  	.   0.08	5gveA  382  H
ENSP00000416463	rs10412098	ggT	ggC	G	G	311  	.   0.01	6axgA  253  G
ENSP00000416463	rs10412098	ggT	ggC	G	G	311  	.   0.01	6axgC  251  G
ENSP00000416463	rs10412098	ggT	ggC	G	G	311  	.   0.01	6axgE  245  G
ENSP00000416463	rs10412098	ggT	ggC	G	G	311  	.   0.01	6axgG  235  G
ENSP00000416463	rs10412098	ggT	ggC	G	G	311  	.   0.01	6axgI  249  G
ENSP00000416463	rs10412098	ggT	ggC	G	G	311  	.   0.01	6axgK  252  G
ENSP00000416471	  rs241447	Gca	Aca	A	T	665  	.   0.11	5u1dB  536  T
ENSP00000416471	 rs4148876	Cgt	Tgt	R	C	651  	.    0.2	5u1dB  522  R
ENSP00000416471	 rs2228391	Atg	Gtg	M	V	577  	.   0.03	5u1dB  448  M
ENSP00000416471	 rs2228396	Gct	Act	A	T	565  	.   0.01	5u1dB  436  A
ENSP00000416471	 rs1800454	Gta	Ata	V	I	379  	.   0.02	5u1dB  250  V
ENSP00000416471	 rs2856992	gtG	gtA	V	V	387  	.   0.01	5u1dB  258  V
ENSP00000416471	 rs2228397	ggG	ggT	G	G	386  	.   0.02	5u1dB  257  G
ENSP00000416471	rs78328107	gCg	gTg	A	V	578  	.   0.03	5u1dB  449  A
ENSP00000416471	rs41551013	gtT	gtC	V	V	163  	.   0.09	5u1dB   34  V
ENSP00000416484	 rs4151648	Cgc	Tgc	R	C	507  	.   0.01	2i6qA  485  R
ENSP00000416484	 rs4151648	Cgc	Tgc	R	C	507  	.   0.01	2i6sA  479  R
ENSP00000416484	 rs4151648	Cgc	Tgc	R	C	507  	.   0.01	2odpA  474  R
ENSP00000416484	 rs4151648	Cgc	Tgc	R	C	507  	.   0.01	2odqA  476  R
ENSP00000416484	 rs1042663	gcG	gcA	A	A	114  	.   0.02	2i6qA   99  A
ENSP00000416484	 rs1042663	gcG	gcA	A	A	114  	.   0.02	2i6sA   99  A
ENSP00000416484	 rs1042663	gcG	gcA	A	A	114  	.   0.02	2odpA   98  A
ENSP00000416484	 rs1042663	gcG	gcA	A	A	114  	.   0.02	2odqA   98  A
ENSP00000416484	rs45476300	cGc	cAc	R	H	283  	.   0.01	2i6qA  268  R
ENSP00000416484	rs45476300	cGc	cAc	R	H	283  	.   0.01	2i6sA  259  R
ENSP00000416484	rs36221133	gTt	gCt	V	A	414  	.   0.03	2i6qA  399  V
ENSP00000416484	rs36221133	gTt	gCt	V	A	414  	.   0.03	2i6sA  390  V
ENSP00000416484	rs36221133	gTt	gCt	V	A	414  	.   0.03	2odpA  386  V
ENSP00000416484	rs36221133	gTt	gCt	V	A	414  	.   0.03	2odqA  388  V
ENSP00000416511	rs61733211	aCc	aAc	T	N	2089 	*    0.9	3k05B  200  T
ENSP00000416518	 rs9835387	gaC	gaT	D	D	97   	.   0.01	2plaA  133  D
ENSP00000416518	 rs9835387	gaC	gaT	D	D	97   	.   0.01	2plaB  133  D
ENSP00000416519	rs77934848	gcG	gcA	A	A	601  	.   0.01	3bxjA  224  A
ENSP00000416519	rs77934848	gcG	gcA	A	A	601  	.   0.01	3bxjB  227  A
ENSP00000416561	 rs1803306	atG	atT	M	I	365  	.   0.03	1q0pA   98  M
ENSP00000416561	 rs1803306	atG	atT	M	I	365  	.   0.03	1rrkA   98  M
ENSP00000416561	 rs1803306	atG	atT	M	I	365  	.   0.03	1rs0A   98  M
ENSP00000416561	 rs1803306	atG	atT	M	I	365  	.   0.03	1rtkA   98  M
ENSP00000416561	 rs1803306	atG	atT	M	I	365  	.   0.03	2ok5A  311  M
ENSP00000416561	 rs1803306	atG	atT	M	I	365  	.   0.03	2winI  106  M
ENSP00000416561	 rs1803306	atG	atT	M	I	365  	.   0.03	2winJ  106  M
ENSP00000416561	 rs1803306	atG	atT	M	I	365  	.   0.03	2winK  106  M
ENSP00000416561	 rs1803306	atG	atT	M	I	365  	.   0.03	2winL  106  M
ENSP00000416561	 rs1803306	atG	atT	M	I	365  	.   0.03	2xwbE  315  M
ENSP00000416561	 rs1803306	atG	atT	M	I	365  	.   0.03	2xwbF  317  M
ENSP00000416561	 rs1803306	atG	atT	M	I	365  	.   0.03	2xwjI  315  M
ENSP00000416561	 rs1803306	atG	atT	M	I	365  	.   0.03	2xwjJ  315  M
ENSP00000416561	 rs1803306	atG	atT	M	I	365  	.   0.03	2xwjK  315  M
ENSP00000416561	 rs1803306	atG	atT	M	I	365  	.   0.03	2xwjL  315  M
ENSP00000416561	 rs1803306	atG	atT	M	I	365  	.   0.03	3hrzD  314  M
ENSP00000416561	 rs1803306	atG	atT	M	I	365  	.   0.03	3hs0D  314  M
ENSP00000416561	 rs1803306	atG	atT	M	I	365  	.   0.03	3hs0H  314  M
ENSP00000416561	 rs1803306	atG	atT	M	I	365  	.   0.03	5m6wE  106  M
ENSP00000416561	 rs1803306	atG	atT	M	I	365  	.   0.03	5m6wF  106  M
ENSP00000416561	rs45484591	gAa	gCa	E	A	566  	.   0.08	1dleA   96  E
ENSP00000416561	rs45484591	gAa	gCa	E	A	566  	.   0.08	1dleB   91  E
ENSP00000416561	rs45484591	gAa	gCa	E	A	566  	.   0.08	1rrkA  290  E
ENSP00000416561	rs45484591	gAa	gCa	E	A	566  	.   0.08	1rs0A  290  E
ENSP00000416561	rs45484591	gAa	gCa	E	A	566  	.   0.08	1rtkA  291  E
ENSP00000416561	rs45484591	gAa	gCa	E	A	566  	.   0.08	2ok5A  509  E
ENSP00000416561	rs45484591	gAa	gCa	E	A	566  	.   0.08	2winI  307  E
ENSP00000416561	rs45484591	gAa	gCa	E	A	566  	.   0.08	2winJ  307  E
ENSP00000416561	rs45484591	gAa	gCa	E	A	566  	.   0.08	2winK  307  E
ENSP00000416561	rs45484591	gAa	gCa	E	A	566  	.   0.08	2winL  307  E
ENSP00000416561	rs45484591	gAa	gCa	E	A	566  	.   0.08	2xwbE  514  E
ENSP00000416561	rs45484591	gAa	gCa	E	A	566  	.   0.08	2xwbF  511  E
ENSP00000416561	rs45484591	gAa	gCa	E	A	566  	.   0.08	2xwjI  512  E
ENSP00000416561	rs45484591	gAa	gCa	E	A	566  	.   0.08	2xwjJ  513  E
ENSP00000416561	rs45484591	gAa	gCa	E	A	566  	.   0.08	2xwjK  513  E
ENSP00000416561	rs45484591	gAa	gCa	E	A	566  	.   0.08	2xwjL  511  E
ENSP00000416561	rs45484591	gAa	gCa	E	A	566  	.   0.08	3hrzD  500  E
ENSP00000416561	rs45484591	gAa	gCa	E	A	566  	.   0.08	3hs0D  505  E
ENSP00000416561	rs45484591	gAa	gCa	E	A	566  	.   0.08	3hs0H  505  E
ENSP00000416561	rs45484591	gAa	gCa	E	A	566  	.   0.08	5m6wE  307  E
ENSP00000416561	rs45484591	gAa	gCa	E	A	566  	.   0.08	5m6wF  307  E
