ENSP00000417544	rs41267649	cGc	cAc	R	H	165  	.   0.05	1oscA  103  H
ENSP00000417544	rs41267649	cGc	cAc	R	H	165  	.   0.05	1oscB  103  H
ENSP00000417544	rs41267649	cGc	cAc	R	H	165  	.   0.05	1oscC  103  H
ENSP00000417544	rs41267649	cGc	cAc	R	H	165  	.   0.05	1oscD  105  H
ENSP00000417544	rs41267649	cGc	cAc	R	H	165  	.   0.05	1oscE  104  H
ENSP00000417544	rs41267649	cGc	cAc	R	H	165  	.   0.05	1oscF  105  H
ENSP00000417544	rs41267649	cGc	cAc	R	H	165  	.   0.05	1xk8A  103  R
ENSP00000417544	rs41267649	cGc	cAc	R	H	165  	.   0.05	1xk8B  103  R
ENSP00000417544	rs41267649	cGc	cAc	R	H	165  	.   0.05	1xk8C  103  R
ENSP00000417544	rs41267649	cGc	cAc	R	H	165  	.   0.05	1xk8D  103  R
ENSP00000417544	rs41267649	cGc	cAc	R	H	165  	.   0.05	1xk8E  103  R
ENSP00000417544	rs41267649	cGc	cAc	R	H	165  	.   0.05	1xk8F  103  R
ENSP00000417544	rs41267649	cGc	cAc	R	H	165  	.   0.05	2zfhA  105  R
ENSP00000417544	rs41267649	cGc	cAc	R	H	165  	.   0.05	2zfhB  104  R
ENSP00000417544	rs41267649	cGc	cAc	R	H	165  	.   0.05	2zfhC  103  R
ENSP00000417544	rs41267649	cGc	cAc	R	H	165  	.   0.05	2zfhD  104  R
ENSP00000417544	rs41267649	cGc	cAc	R	H	165  	.   0.05	2zfhE  104  R
ENSP00000417544	rs41267649	cGc	cAc	R	H	165  	.   0.05	2zfhF  104  R
ENSP00000417554	 rs1800062	aaG	aaT	K	N	38   	.   0.43	1jm7A   38  K
ENSP00000417554	 rs1800062	aaG	aaA	K	K	38   	.   0.43	1jm7A   38  K
ENSP00000417557	 rs1385816	caT	caC	H	H	98   	.   0.01	1fhiA   97  H
ENSP00000417557	 rs1385816	caT	caC	H	H	98   	.   0.01	1fitA   96  H
ENSP00000417557	 rs1385816	caT	caC	H	H	98   	.   0.01	2fhiA   97  H
ENSP00000417557	 rs1385816	caT	caC	H	H	98   	.   0.01	2fitA   96  H
ENSP00000417557	 rs1385816	caT	caC	H	H	98   	.   0.01	3fitA   97  H
ENSP00000417557	 rs1385816	caT	caC	H	H	98   	.   0.01	4fitA   97  H
ENSP00000417557	 rs1385816	caT	caC	H	H	98   	.   0.01	5fitA   96  H
ENSP00000417557	 rs1385816	caT	caC	H	H	98   	.   0.01	6fitA   97  H
ENSP00000417653	rs145680549	cgC	cgT	R	R	41   	.   0.03	1x67A   48  R
ENSP00000417687	 rs2760118	Cac	Tac	H	Y	152  	.   0.01	2w8nA  125  H
ENSP00000417687	 rs2760118	Cac	Tac	H	Y	152  	.   0.01	2w8oA  130  H
ENSP00000417687	 rs2760118	Cac	Tac	H	Y	152  	.   0.01	2w8pA  130  H
ENSP00000417687	 rs2760118	Cac	Tac	H	Y	152  	.   0.01	2w8qA  130  H
ENSP00000417687	 rs2760118	Cac	Tac	H	Y	152  	.   0.01	2w8rA  130  H
ENSP00000417785	 rs1106346	aaA	aaG	K	K	386  	.   0.02	3bljB  101  K
ENSP00000417785	 rs1106346	aaA	aaG	K	K	386  	.   0.02	3geyC   98  K
ENSP00000417785	 rs1106346	aaA	aaG	K	K	386  	.   0.02	3geyD   98  K
ENSP00000417785	 rs1106346	aaA	aaG	K	K	386  	.   0.02	4f0eA  102  K
ENSP00000417785	 rs1106346	aaA	aaG	K	K	386  	.   0.02	4f0eB  101  K
ENSP00000417785	 rs1106346	aaA	aaG	K	K	386  	.   0.02	6ek3B  100  K
ENSP00000417790	 rs9332739	gaG	gaC	E	D	41   	.   0.03	2i6qA   77  V
ENSP00000417790	 rs9332739	gaG	gaC	E	D	41   	.   0.03	2i6sA   77  V
ENSP00000417790	 rs9332739	gaG	gaC	E	D	41   	.   0.03	2odpA   76  V
ENSP00000417790	 rs9332739	gaG	gaC	E	D	41   	.   0.03	2odqA   76  V
ENSP00000417790	 rs1042663	gcG	gcA	A	A	64   	.   0.01	2i6qA  100  A
ENSP00000417790	 rs1042663	gcG	gcA	A	A	64   	.   0.01	2i6sA  100  A
ENSP00000417790	 rs1042663	gcG	gcA	A	A	64   	.   0.01	2odpA   99  A
ENSP00000417790	 rs1042663	gcG	gcA	A	A	64   	.   0.01	2odqA   99  A
ENSP00000417803	 rs3177253	atG	atT	M	I	47   	.   0.02	2cquA   24  M
ENSP00000417803	 rs3177253	atG	atT	M	I	47   	.   0.02	2f6qA   39  I
ENSP00000417803	 rs3177253	atG	atT	M	I	47   	.   0.02	2f6qB   58  G
ENSP00000417803	 rs3177253	atG	atT	M	I	47   	.   0.02	2f6qC   59  G
ENSP00000417803	 rs3177253	atG	atT	M	I	47   	.   0.02	4u18A   70  G
ENSP00000417803	 rs3177253	atG	atT	M	I	47   	.   0.02	4u18B   61  G
ENSP00000417803	 rs3177253	atG	atT	M	I	47   	.   0.02	4u18C   62  G
ENSP00000417803	 rs3177253	atG	atT	M	I	47   	.   0.02	4u19A   70  G
ENSP00000417803	 rs3177253	atG	atT	M	I	47   	.   0.02	4u19B   63  G
ENSP00000417803	 rs3177253	atG	atT	M	I	47   	.   0.02	4u19C   62  G
ENSP00000417803	 rs3177253	atG	atT	M	I	47   	.   0.02	4u1aA   62  G
ENSP00000417803	 rs3177253	atG	atT	M	I	47   	.   0.02	4u1aB   63  G
ENSP00000417803	 rs3177253	atG	atT	M	I	47   	.   0.02	4u1aC   68  G
ENSP00000417803	 rs3177253	atG	atA	M	I	47   	.   0.02	2cquA   24  M
ENSP00000417803	 rs3177253	atG	atA	M	I	47   	.   0.02	2f6qA   39  I
ENSP00000417803	 rs3177253	atG	atA	M	I	47   	.   0.02	2f6qB   58  G
ENSP00000417803	 rs3177253	atG	atA	M	I	47   	.   0.02	2f6qC   59  G
ENSP00000417803	 rs3177253	atG	atA	M	I	47   	.   0.02	4u18A   70  G
ENSP00000417803	 rs3177253	atG	atA	M	I	47   	.   0.02	4u18B   61  G
ENSP00000417803	 rs3177253	atG	atA	M	I	47   	.   0.02	4u18C   62  G
ENSP00000417803	 rs3177253	atG	atA	M	I	47   	.   0.02	4u19A   70  G
ENSP00000417803	 rs3177253	atG	atA	M	I	47   	.   0.02	4u19B   63  G
ENSP00000417803	 rs3177253	atG	atA	M	I	47   	.   0.02	4u19C   62  G
ENSP00000417803	 rs3177253	atG	atA	M	I	47   	.   0.02	4u1aA   62  G
ENSP00000417803	 rs3177253	atG	atA	M	I	47   	.   0.02	4u1aB   63  G
ENSP00000417803	 rs3177253	atG	atA	M	I	47   	.   0.02	4u1aC   68  G
ENSP00000417949	rs45583737	Gac	Tac	D	Y	59   	.   0.33	3f8uB   25  D
ENSP00000417949	rs45583737	Gac	Tac	D	Y	59   	.   0.33	3f8uD   28  D
ENSP00000417949	rs45583737	Gac	Tac	D	Y	59   	.   0.33	6enyB   29  D
ENSP00000417986	 rs3772219	Ttg	Gtg	L	V	335  	.   0.02	2z0qA  207  L
ENSP00000417986	 rs3772219	Ttg	Atg	L	M	335  	.   0.02	2z0qA  207  L
ENSP00000417986	 rs3772219	Ttg	Ctg	L	L	335  	.   0.02	2z0qA  207  L
ENSP00000417988	 rs1800062	aaG	aaT	K	N	38   	.   0.16	1jm7A   38  K
ENSP00000417988	 rs1800062	aaG	aaA	K	K	38   	.   0.16	1jm7A   38  K
ENSP00000418006	rs145680549	cgC	cgT	R	R	41   	.   0.02	1x67A   48  R
ENSP00000418043	 rs2296354	gaT	gaC	D	D	3    	*   0.69	1zsgA    3  D
ENSP00000418043	 rs2296354	gaT	gaC	D	D	3    	*   0.69	2ak5B    1  G
ENSP00000418043	 rs2296354	gaT	gaC	D	D	3    	*   0.69	2df6A    3  L
ENSP00000418043	 rs2296354	gaT	gaC	D	D	3    	*   0.69	2df6B    3  L
ENSP00000418043	 rs2296354	gaT	gaC	D	D	3    	*   0.69	2g6fA    3  L
ENSP00000418084	    rs5182	ctC	ctT	L	L	191  	.   0.01	4yayA  277  L
ENSP00000418084	    rs5182	ctC	ctT	L	L	191  	.   0.01	4zudA  275  L
ENSP00000418156	 rs3796295	ccC	ccT	P	P	21   	.    0.4	2x7fA    7  P
ENSP00000418156	 rs3796295	ccC	ccT	P	P	21   	.    0.4	2x7fB    9  P
ENSP00000418156	 rs3796295	ccC	ccT	P	P	21   	.    0.4	2x7fC    8  P
ENSP00000418156	 rs3796295	ccC	ccT	P	P	21   	.    0.4	2x7fD    5  P
ENSP00000418156	 rs3796295	ccC	ccT	P	P	21   	.    0.4	2x7fE    8  P
ENSP00000418156	 rs3796295	ccC	ccT	P	P	21   	.    0.4	4oboA    6  P
ENSP00000418156	 rs3796295	ccC	ccT	P	P	21   	.    0.4	4oboB   10  P
ENSP00000418156	 rs3796295	ccC	ccT	P	P	21   	.    0.4	4obpA    9  P
ENSP00000418156	 rs3796295	ccC	ccT	P	P	21   	.    0.4	4obpB    8  P
ENSP00000418156	 rs3796295	ccC	ccT	P	P	21   	.    0.4	4obqA    6  P
ENSP00000418156	 rs3796295	ccC	ccT	P	P	21   	.    0.4	4obqB    9  P
ENSP00000418156	 rs3796295	ccC	ccT	P	P	21   	.    0.4	4rvtA    8  P
ENSP00000418156	 rs3796295	ccC	ccT	P	P	21   	.    0.4	4rvtB    9  P
ENSP00000418156	 rs3796295	ccC	ccT	P	P	21   	.    0.4	4u3yA    5  P
ENSP00000418156	 rs3796295	ccC	ccT	P	P	21   	.    0.4	4u3yB   14  P
ENSP00000418156	 rs3796295	ccC	ccT	P	P	21   	.    0.4	4u3zA    8  P
ENSP00000418156	 rs3796295	ccC	ccT	P	P	21   	.    0.4	4u3zB    5  P
ENSP00000418156	 rs3796295	ccC	ccT	P	P	21   	.    0.4	4u40A    5  P
ENSP00000418156	 rs3796295	ccC	ccT	P	P	21   	.    0.4	4u40B    9  P
ENSP00000418156	 rs3796295	ccC	ccT	P	P	21   	.    0.4	4u41A    6  P
ENSP00000418156	 rs3796295	ccC	ccT	P	P	21   	.    0.4	4u41B   10  P
ENSP00000418156	 rs3796295	ccC	ccT	P	P	21   	.    0.4	4u42A    6  P
ENSP00000418156	 rs3796295	ccC	ccT	P	P	21   	.    0.4	4u42B    5  P
ENSP00000418156	 rs3796295	ccC	ccT	P	P	21   	.    0.4	4u43A    8  P
ENSP00000418156	 rs3796295	ccC	ccT	P	P	21   	.    0.4	4u43B   12  P
ENSP00000418156	 rs3796295	ccC	ccT	P	P	21   	.    0.4	4u44A   10  P
ENSP00000418156	 rs3796295	ccC	ccT	P	P	21   	.    0.4	4u44B    8  P
ENSP00000418156	 rs3796295	ccC	ccT	P	P	21   	.    0.4	4u45A   10  P
ENSP00000418156	 rs3796295	ccC	ccT	P	P	21   	.    0.4	4u45B    9  P
ENSP00000418156	 rs3796295	ccC	ccT	P	P	21   	.    0.4	4zk5A    5  P
ENSP00000418156	 rs3796295	ccC	ccT	P	P	21   	.    0.4	4zk5B    9  P
ENSP00000418156	 rs3796295	ccC	ccT	P	P	21   	.    0.4	4zp5A    8  P
ENSP00000418156	 rs3796295	ccC	ccT	P	P	21   	.    0.4	4zp5B   12  P
ENSP00000418156	 rs3796295	ccC	ccT	P	P	21   	.    0.4	5ax9A   10  P
ENSP00000418156	 rs3796295	ccC	ccT	P	P	21   	.    0.4	5ax9B    9  P
ENSP00000418156	 rs3796295	ccC	ccT	P	P	21   	.    0.4	5ax9C   10  P
ENSP00000418156	 rs3796295	ccC	ccT	P	P	21   	.    0.4	5cwzA   11  P
ENSP00000418156	 rs3796295	ccC	ccT	P	P	21   	.    0.4	5cwzB   11  P
ENSP00000418156	 rs3796295	ccC	ccT	P	P	21   	.    0.4	5cwzC    7  P
ENSP00000418156	 rs3796295	ccC	ccT	P	P	21   	.    0.4	5d7aA   11  P
ENSP00000418156	 rs3796295	ccC	ccT	P	P	21   	.    0.4	5d7aB   11  P
ENSP00000418156	 rs3796295	ccC	ccT	P	P	21   	.    0.4	5d7aC    9  P
ENSP00000418156	 rs3796295	ccC	ccT	P	P	21   	.    0.4	5di1A    9  P
ENSP00000418156	 rs3796295	ccC	ccT	P	P	21   	.    0.4	5di1B   12  P
ENSP00000418156	 rs3796295	ccC	ccT	P	P	21   	.    0.4	5j95A    8  P
ENSP00000418156	 rs3796295	ccC	ccT	P	P	21   	.    0.4	5j95B   12  P
ENSP00000418156	 rs3796295	ccC	ccT	P	P	21   	.    0.4	5w5qA    5  P
ENSP00000418156	 rs3796295	ccC	ccT	P	P	21   	.    0.4	5w5qB    9  P
ENSP00000418156	rs12637875	aaC	aaT	N	N	248  	.   0.31	2x7fA  211  N
ENSP00000418156	rs12637875	aaC	aaT	N	N	248  	.   0.31	2x7fB  223  N
ENSP00000418156	rs12637875	aaC	aaT	N	N	248  	.   0.31	2x7fC  220  N
ENSP00000418156	rs12637875	aaC	aaT	N	N	248  	.   0.31	2x7fD  178  N
ENSP00000418156	rs12637875	aaC	aaT	N	N	248  	.   0.31	2x7fE  192  N
ENSP00000418156	rs12637875	aaC	aaT	N	N	248  	.   0.31	4oboA  213  N
ENSP00000418156	rs12637875	aaC	aaT	N	N	248  	.   0.31	4oboB  234  N
ENSP00000418156	rs12637875	aaC	aaT	N	N	248  	.   0.31	4obpA  223  N
ENSP00000418156	rs12637875	aaC	aaT	N	N	248  	.   0.31	4obpB  227  N
ENSP00000418156	rs12637875	aaC	aaT	N	N	248  	.   0.31	4obqA  212  N
ENSP00000418156	rs12637875	aaC	aaT	N	N	248  	.   0.31	4obqB  230  N
ENSP00000418156	rs12637875	aaC	aaT	N	N	248  	.   0.31	4rvtA  220  N
ENSP00000418156	rs12637875	aaC	aaT	N	N	248  	.   0.31	4rvtB  234  N
ENSP00000418156	rs12637875	aaC	aaT	N	N	248  	.   0.31	4u3yA  232  N
ENSP00000418156	rs12637875	aaC	aaT	N	N	248  	.   0.31	4u3yB  237  N
ENSP00000418156	rs12637875	aaC	aaT	N	N	248  	.   0.31	4u3zA  231  N
ENSP00000418156	rs12637875	aaC	aaT	N	N	248  	.   0.31	4u3zB  219  N
ENSP00000418156	rs12637875	aaC	aaT	N	N	248  	.   0.31	4u40A  232  N
ENSP00000418156	rs12637875	aaC	aaT	N	N	248  	.   0.31	4u40B  236  N
ENSP00000418156	rs12637875	aaC	aaT	N	N	248  	.   0.31	4u41A  213  N
ENSP00000418156	rs12637875	aaC	aaT	N	N	248  	.   0.31	4u41B  234  N
ENSP00000418156	rs12637875	aaC	aaT	N	N	248  	.   0.31	4u42A  220  N
ENSP00000418156	rs12637875	aaC	aaT	N	N	248  	.   0.31	4u42B  203  N
ENSP00000418156	rs12637875	aaC	aaT	N	N	248  	.   0.31	4u43A  224  N
ENSP00000418156	rs12637875	aaC	aaT	N	N	248  	.   0.31	4u43B  239  N
ENSP00000418156	rs12637875	aaC	aaT	N	N	248  	.   0.31	4u44A  224  N
ENSP00000418156	rs12637875	aaC	aaT	N	N	248  	.   0.31	4u44B  233  N
ENSP00000418156	rs12637875	aaC	aaT	N	N	248  	.   0.31	4u45A  226  N
ENSP00000418156	rs12637875	aaC	aaT	N	N	248  	.   0.31	4u45B  232  N
ENSP00000418156	rs12637875	aaC	aaT	N	N	248  	.   0.31	4zk5A  223  N
ENSP00000418156	rs12637875	aaC	aaT	N	N	248  	.   0.31	4zk5B  231  N
ENSP00000418156	rs12637875	aaC	aaT	N	N	248  	.   0.31	4zp5A  223  N
ENSP00000418156	rs12637875	aaC	aaT	N	N	248  	.   0.31	4zp5B  239  N
ENSP00000418156	rs12637875	aaC	aaT	N	N	248  	.   0.31	5ax9A  223  N
ENSP00000418156	rs12637875	aaC	aaT	N	N	248  	.   0.31	5ax9B  215  N
ENSP00000418156	rs12637875	aaC	aaT	N	N	248  	.   0.31	5ax9C  221  N
ENSP00000418156	rs12637875	aaC	aaT	N	N	248  	.   0.31	5cwzA  225  N
ENSP00000418156	rs12637875	aaC	aaT	N	N	248  	.   0.31	5cwzB  225  N
ENSP00000418156	rs12637875	aaC	aaT	N	N	248  	.   0.31	5cwzC  211  N
ENSP00000418156	rs12637875	aaC	aaT	N	N	248  	.   0.31	5d7aA  227  N
ENSP00000418156	rs12637875	aaC	aaT	N	N	248  	.   0.31	5d7aB  227  N
ENSP00000418156	rs12637875	aaC	aaT	N	N	248  	.   0.31	5d7aC  224  N
ENSP00000418156	rs12637875	aaC	aaT	N	N	248  	.   0.31	5di1A  224  N
ENSP00000418156	rs12637875	aaC	aaT	N	N	248  	.   0.31	5di1B  239  N
ENSP00000418156	rs12637875	aaC	aaT	N	N	248  	.   0.31	5j95A  223  N
ENSP00000418156	rs12637875	aaC	aaT	N	N	248  	.   0.31	5j95B  239  N
ENSP00000418156	rs12637875	aaC	aaT	N	N	248  	.   0.31	5w5qA  228  N
ENSP00000418156	rs12637875	aaC	aaT	N	N	248  	.   0.31	5w5qB  234  N
ENSP00000418191	rs17019360	gtT	gtA	V	V	600  	.   0.19	1h6gA  221  P
ENSP00000418191	rs17019360	gtT	gtA	V	V	600  	.   0.19	1h6gB  207  P
ENSP00000418191	rs17019360	gtT	gtA	V	V	600  	.   0.19	4iggA  521  P
ENSP00000418191	rs17019360	gtT	gtA	V	V	600  	.   0.19	4iggB  521  P
ENSP00000418191	rs17019360	gtT	gtA	V	V	600  	.   0.19	4k1nA  491  P
ENSP00000418191	rs17019360	gtT	gtA	V	V	600  	.   0.19	4k1nB  491  P
ENSP00000418191	rs17019360	gtT	gtA	V	V	600  	.   0.19	5xflB  330  V
ENSP00000418191	rs17019360	gtT	gtA	V	V	600  	.   0.19	5xflC  330  V
ENSP00000418191	rs17019360	gtT	gtC	V	V	600  	.   0.19	1h6gA  221  P
ENSP00000418191	rs17019360	gtT	gtC	V	V	600  	.   0.19	1h6gB  207  P
ENSP00000418191	rs17019360	gtT	gtC	V	V	600  	.   0.19	4iggA  521  P
ENSP00000418191	rs17019360	gtT	gtC	V	V	600  	.   0.19	4iggB  521  P
ENSP00000418191	rs17019360	gtT	gtC	V	V	600  	.   0.19	4k1nA  491  P
ENSP00000418191	rs17019360	gtT	gtC	V	V	600  	.   0.19	4k1nB  491  P
ENSP00000418191	rs17019360	gtT	gtC	V	V	600  	.   0.19	5xflB  330  V
ENSP00000418191	rs17019360	gtT	gtC	V	V	600  	.   0.19	5xflC  330  V
ENSP00000418235	 rs2296354	gaT	gaC	D	D	3    	*   0.76	1zsgA    3  D
ENSP00000418235	 rs2296354	gaT	gaC	D	D	3    	*   0.76	2ak5B    1  G
ENSP00000418235	 rs2296354	gaT	gaC	D	D	3    	*   0.76	2df6A    3  L
ENSP00000418235	 rs2296354	gaT	gaC	D	D	3    	*   0.76	2df6B    3  L
ENSP00000418235	 rs2296354	gaT	gaC	D	D	3    	*   0.76	2g6fA    3  L
ENSP00000418271	 rs4148844	Gtc	Atc	V	I	135  	.   0.11	5ochA   21  V
ENSP00000418271	 rs4148844	Gtc	Atc	V	I	135  	.   0.11	5ochB   21  V
ENSP00000418271	 rs4148844	Gtc	Atc	V	I	135  	.   0.11	5ochC   21  V
ENSP00000418271	 rs4148844	Gtc	Atc	V	I	135  	.   0.11	5ochD   21  V
ENSP00000418271	 rs4148844	Gtc	Atc	V	I	135  	.   0.11	5ochE   21  V
ENSP00000418271	 rs4148844	Gtc	Atc	V	I	135  	.   0.11	5ochF   21  V
ENSP00000418271	 rs4148844	Gtc	Atc	V	I	135  	.   0.11	5ochG   21  V
ENSP00000418271	 rs4148844	Gtc	Atc	V	I	135  	.   0.11	5ochH   21  V
ENSP00000418321	 rs2224391	Tct	Gct	S	A	11   	.   0.03	5wgbB    9  A
ENSP00000418328	   rs10893	ccA	ccG	P	P	545  	.   0.04	3hi7A  508  P
ENSP00000418328	   rs10893	ccA	ccG	P	P	545  	.   0.04	3hi7B  503  P
ENSP00000418328	   rs10893	ccA	ccG	P	P	545  	.   0.04	3higA  508  P
ENSP00000418328	   rs10893	ccA	ccG	P	P	545  	.   0.04	3higB  503  P
ENSP00000418328	   rs10893	ccA	ccG	P	P	545  	.   0.04	3hiiA  508  P
ENSP00000418328	   rs10893	ccA	ccG	P	P	545  	.   0.04	3hiiB  503  P
ENSP00000418328	   rs10893	ccA	ccG	P	P	545  	.   0.04	3k5tA  505  P
ENSP00000418328	   rs10893	ccA	ccG	P	P	545  	.   0.04	3mphA  507  P
ENSP00000418328	   rs10893	ccA	ccG	P	P	545  	.   0.04	3mphB  503  P
ENSP00000418328	 rs1049742	tCc	tTc	S	F	332  	.   0.01	3hi7A  296  S
ENSP00000418328	 rs1049742	tCc	tTc	S	F	332  	.   0.01	3hi7B  291  S
ENSP00000418328	 rs1049742	tCc	tTc	S	F	332  	.   0.01	3higA  296  S
ENSP00000418328	 rs1049742	tCc	tTc	S	F	332  	.   0.01	3higB  291  S
ENSP00000418328	 rs1049742	tCc	tTc	S	F	332  	.   0.01	3hiiA  296  S
ENSP00000418328	 rs1049742	tCc	tTc	S	F	332  	.   0.01	3hiiB  291  S
ENSP00000418328	 rs1049742	tCc	tTc	S	F	332  	.   0.01	3k5tA  293  S
ENSP00000418328	 rs1049742	tCc	tTc	S	F	332  	.   0.01	3mphA  295  S
ENSP00000418328	 rs1049742	tCc	tTc	S	F	332  	.   0.01	3mphB  291  S
ENSP00000418328	 rs6943147	aCg	aGg	T	R	592  	.   0.02	3hi7A  555  S
ENSP00000418328	 rs6943147	aCg	aGg	T	R	592  	.   0.02	3hi7B  550  S
ENSP00000418328	 rs6943147	aCg	aGg	T	R	592  	.   0.02	3higA  555  S
ENSP00000418328	 rs6943147	aCg	aGg	T	R	592  	.   0.02	3higB  550  S
ENSP00000418328	 rs6943147	aCg	aGg	T	R	592  	.   0.02	3hiiA  555  S
ENSP00000418328	 rs6943147	aCg	aGg	T	R	592  	.   0.02	3hiiB  550  S
ENSP00000418328	 rs6943147	aCg	aGg	T	R	592  	.   0.02	3k5tA  552  S
ENSP00000418328	 rs6943147	aCg	aGg	T	R	592  	.   0.02	3mphA  554  S
ENSP00000418328	 rs6943147	aCg	aGg	T	R	592  	.   0.02	3mphB  550  S
ENSP00000418328	 rs1049748	ccT	ccC	P	P	574  	.   0.01	3hi7A  537  P
ENSP00000418328	 rs1049748	ccT	ccC	P	P	574  	.   0.01	3hi7B  532  P
ENSP00000418328	 rs1049748	ccT	ccC	P	P	574  	.   0.01	3higA  537  P
ENSP00000418328	 rs1049748	ccT	ccC	P	P	574  	.   0.01	3higB  532  P
ENSP00000418328	 rs1049748	ccT	ccC	P	P	574  	.   0.01	3hiiA  537  P
ENSP00000418328	 rs1049748	ccT	ccC	P	P	574  	.   0.01	3hiiB  532  P
ENSP00000418328	 rs1049748	ccT	ccC	P	P	574  	.   0.01	3k5tA  534  P
ENSP00000418328	 rs1049748	ccT	ccC	P	P	574  	.   0.01	3mphA  536  P
ENSP00000418328	 rs1049748	ccT	ccC	P	P	574  	.   0.01	3mphB  532  P
ENSP00000418328	 rs6943420	acG	acC	T	T	592  	.   0.02	3hi7A  555  S
ENSP00000418328	 rs6943420	acG	acC	T	T	592  	.   0.02	3hi7B  550  S
ENSP00000418328	 rs6943420	acG	acC	T	T	592  	.   0.02	3higA  555  S
ENSP00000418328	 rs6943420	acG	acC	T	T	592  	.   0.02	3higB  550  S
ENSP00000418328	 rs6943420	acG	acC	T	T	592  	.   0.02	3hiiA  555  S
ENSP00000418328	 rs6943420	acG	acC	T	T	592  	.   0.02	3hiiB  550  S
ENSP00000418328	 rs6943420	acG	acC	T	T	592  	.   0.02	3k5tA  552  S
ENSP00000418328	 rs6943420	acG	acC	T	T	592  	.   0.02	3mphA  554  S
ENSP00000418328	 rs6943420	acG	acC	T	T	592  	.   0.02	3mphB  550  S
ENSP00000418328	 rs4725373	tcG	tcA	S	S	630  	.   0.14	3hi7A  593  S
ENSP00000418328	 rs4725373	tcG	tcA	S	S	630  	.   0.14	3hi7B  588  S
ENSP00000418328	 rs4725373	tcG	tcA	S	S	630  	.   0.14	3higA  593  S
ENSP00000418328	 rs4725373	tcG	tcA	S	S	630  	.   0.14	3higB  588  S
ENSP00000418328	 rs4725373	tcG	tcA	S	S	630  	.   0.14	3hiiA  593  S
ENSP00000418328	 rs4725373	tcG	tcA	S	S	630  	.   0.14	3hiiB  588  S
ENSP00000418328	 rs4725373	tcG	tcA	S	S	630  	.   0.14	3k5tA  590  S
ENSP00000418328	 rs4725373	tcG	tcA	S	S	630  	.   0.14	3mphA  592  S
ENSP00000418328	 rs4725373	tcG	tcA	S	S	630  	.   0.14	3mphB  588  S
ENSP00000418328	 rs4725373	tcG	tcC	S	S	630  	.   0.14	3hi7A  593  S
ENSP00000418328	 rs4725373	tcG	tcC	S	S	630  	.   0.14	3hi7B  588  S
ENSP00000418328	 rs4725373	tcG	tcC	S	S	630  	.   0.14	3higA  593  S
ENSP00000418328	 rs4725373	tcG	tcC	S	S	630  	.   0.14	3higB  588  S
ENSP00000418328	 rs4725373	tcG	tcC	S	S	630  	.   0.14	3hiiA  593  S
ENSP00000418328	 rs4725373	tcG	tcC	S	S	630  	.   0.14	3hiiB  588  S
ENSP00000418328	 rs4725373	tcG	tcC	S	S	630  	.   0.14	3k5tA  590  S
ENSP00000418328	 rs4725373	tcG	tcC	S	S	630  	.   0.14	3mphA  592  S
ENSP00000418328	 rs4725373	tcG	tcC	S	S	630  	.   0.14	3mphB  588  S
ENSP00000418328	rs35070995	Aac	Cac	N	H	659  	.   0.01	3hi7A  622  N
ENSP00000418328	rs35070995	Aac	Cac	N	H	659  	.   0.01	3hi7B  617  N
ENSP00000418328	rs35070995	Aac	Cac	N	H	659  	.   0.01	3higA  622  N
ENSP00000418328	rs35070995	Aac	Cac	N	H	659  	.   0.01	3higB  617  N
ENSP00000418328	rs35070995	Aac	Cac	N	H	659  	.   0.01	3hiiA  622  N
ENSP00000418328	rs35070995	Aac	Cac	N	H	659  	.   0.01	3hiiB  617  N
ENSP00000418328	rs35070995	Aac	Cac	N	H	659  	.   0.01	3k5tA  619  N
ENSP00000418328	rs35070995	Aac	Cac	N	H	659  	.   0.01	3mphA  621  N
ENSP00000418328	rs35070995	Aac	Cac	N	H	659  	.   0.01	3mphB  617  N
ENSP00000418378	 rs3796295	ccC	ccT	P	P	21   	.   0.42	2x7fA    7  P
ENSP00000418378	 rs3796295	ccC	ccT	P	P	21   	.   0.42	2x7fB    9  P
ENSP00000418378	 rs3796295	ccC	ccT	P	P	21   	.   0.42	2x7fC    8  P
ENSP00000418378	 rs3796295	ccC	ccT	P	P	21   	.   0.42	2x7fE    8  P
ENSP00000418378	 rs3796295	ccC	ccT	P	P	21   	.   0.42	4oboA    6  P
ENSP00000418378	 rs3796295	ccC	ccT	P	P	21   	.   0.42	4oboB   10  P
ENSP00000418378	 rs3796295	ccC	ccT	P	P	21   	.   0.42	4obpA    9  P
ENSP00000418378	 rs3796295	ccC	ccT	P	P	21   	.   0.42	4obpB    8  P
ENSP00000418378	 rs3796295	ccC	ccT	P	P	21   	.   0.42	4obqA    6  P
ENSP00000418378	 rs3796295	ccC	ccT	P	P	21   	.   0.42	4obqB    9  P
ENSP00000418378	 rs3796295	ccC	ccT	P	P	21   	.   0.42	4rvtA    8  P
ENSP00000418378	 rs3796295	ccC	ccT	P	P	21   	.   0.42	4rvtB    9  P
ENSP00000418378	 rs3796295	ccC	ccT	P	P	21   	.   0.42	4u3yA    5  P
ENSP00000418378	 rs3796295	ccC	ccT	P	P	21   	.   0.42	4u3yB   14  P
ENSP00000418378	 rs3796295	ccC	ccT	P	P	21   	.   0.42	4u3zA    8  P
ENSP00000418378	 rs3796295	ccC	ccT	P	P	21   	.   0.42	4u3zB    5  P
ENSP00000418378	 rs3796295	ccC	ccT	P	P	21   	.   0.42	4u40A    5  P
ENSP00000418378	 rs3796295	ccC	ccT	P	P	21   	.   0.42	4u40B    9  P
ENSP00000418378	 rs3796295	ccC	ccT	P	P	21   	.   0.42	4u41A    6  P
ENSP00000418378	 rs3796295	ccC	ccT	P	P	21   	.   0.42	4u41B   10  P
ENSP00000418378	 rs3796295	ccC	ccT	P	P	21   	.   0.42	4u42A    6  P
ENSP00000418378	 rs3796295	ccC	ccT	P	P	21   	.   0.42	4u42B    5  P
ENSP00000418378	 rs3796295	ccC	ccT	P	P	21   	.   0.42	4u43A    8  P
ENSP00000418378	 rs3796295	ccC	ccT	P	P	21   	.   0.42	4u43B   12  P
ENSP00000418378	 rs3796295	ccC	ccT	P	P	21   	.   0.42	4u44A   10  P
ENSP00000418378	 rs3796295	ccC	ccT	P	P	21   	.   0.42	4u44B    8  P
ENSP00000418378	 rs3796295	ccC	ccT	P	P	21   	.   0.42	4u45A   10  P
ENSP00000418378	 rs3796295	ccC	ccT	P	P	21   	.   0.42	4u45B    9  P
ENSP00000418378	 rs3796295	ccC	ccT	P	P	21   	.   0.42	4zk5A    5  P
ENSP00000418378	 rs3796295	ccC	ccT	P	P	21   	.   0.42	4zk5B    9  P
ENSP00000418378	 rs3796295	ccC	ccT	P	P	21   	.   0.42	4zp5A    8  P
ENSP00000418378	 rs3796295	ccC	ccT	P	P	21   	.   0.42	4zp5B   12  P
ENSP00000418378	 rs3796295	ccC	ccT	P	P	21   	.   0.42	5ax9A   10  P
ENSP00000418378	 rs3796295	ccC	ccT	P	P	21   	.   0.42	5ax9B    9  P
ENSP00000418378	 rs3796295	ccC	ccT	P	P	21   	.   0.42	5ax9C   10  P
ENSP00000418378	 rs3796295	ccC	ccT	P	P	21   	.   0.42	5cwzA   11  P
ENSP00000418378	 rs3796295	ccC	ccT	P	P	21   	.   0.42	5cwzB   11  P
ENSP00000418378	 rs3796295	ccC	ccT	P	P	21   	.   0.42	5cwzC    7  P
ENSP00000418378	 rs3796295	ccC	ccT	P	P	21   	.   0.42	5d7aA   11  P
ENSP00000418378	 rs3796295	ccC	ccT	P	P	21   	.   0.42	5d7aB   11  P
ENSP00000418378	 rs3796295	ccC	ccT	P	P	21   	.   0.42	5d7aC    9  P
ENSP00000418378	 rs3796295	ccC	ccT	P	P	21   	.   0.42	5di1A    9  P
ENSP00000418378	 rs3796295	ccC	ccT	P	P	21   	.   0.42	5di1B   12  P
ENSP00000418378	 rs3796295	ccC	ccT	P	P	21   	.   0.42	5j95A    8  P
ENSP00000418378	 rs3796295	ccC	ccT	P	P	21   	.   0.42	5j95B   12  P
ENSP00000418378	 rs3796295	ccC	ccT	P	P	21   	.   0.42	5w5qA    5  P
ENSP00000418378	 rs3796295	ccC	ccT	P	P	21   	.   0.42	5w5qB    9  P
ENSP00000418378	rs12637875	aaC	aaT	N	N	248  	.   0.39	2x7fA  211  N
ENSP00000418378	rs12637875	aaC	aaT	N	N	248  	.   0.39	2x7fB  223  N
ENSP00000418378	rs12637875	aaC	aaT	N	N	248  	.   0.39	2x7fC  220  N
ENSP00000418378	rs12637875	aaC	aaT	N	N	248  	.   0.39	2x7fE  192  N
ENSP00000418378	rs12637875	aaC	aaT	N	N	248  	.   0.39	4oboA  213  N
ENSP00000418378	rs12637875	aaC	aaT	N	N	248  	.   0.39	4oboB  234  N
ENSP00000418378	rs12637875	aaC	aaT	N	N	248  	.   0.39	4obpA  223  N
ENSP00000418378	rs12637875	aaC	aaT	N	N	248  	.   0.39	4obpB  227  N
ENSP00000418378	rs12637875	aaC	aaT	N	N	248  	.   0.39	4obqA  212  N
ENSP00000418378	rs12637875	aaC	aaT	N	N	248  	.   0.39	4obqB  230  N
ENSP00000418378	rs12637875	aaC	aaT	N	N	248  	.   0.39	4rvtA  220  N
ENSP00000418378	rs12637875	aaC	aaT	N	N	248  	.   0.39	4rvtB  234  N
ENSP00000418378	rs12637875	aaC	aaT	N	N	248  	.   0.39	4u3yA  232  N
ENSP00000418378	rs12637875	aaC	aaT	N	N	248  	.   0.39	4u3yB  237  N
ENSP00000418378	rs12637875	aaC	aaT	N	N	248  	.   0.39	4u3zA  231  N
ENSP00000418378	rs12637875	aaC	aaT	N	N	248  	.   0.39	4u3zB  219  N
ENSP00000418378	rs12637875	aaC	aaT	N	N	248  	.   0.39	4u40A  232  N
ENSP00000418378	rs12637875	aaC	aaT	N	N	248  	.   0.39	4u40B  236  N
ENSP00000418378	rs12637875	aaC	aaT	N	N	248  	.   0.39	4u41A  213  N
ENSP00000418378	rs12637875	aaC	aaT	N	N	248  	.   0.39	4u41B  234  N
ENSP00000418378	rs12637875	aaC	aaT	N	N	248  	.   0.39	4u42A  220  N
ENSP00000418378	rs12637875	aaC	aaT	N	N	248  	.   0.39	4u42B  203  N
ENSP00000418378	rs12637875	aaC	aaT	N	N	248  	.   0.39	4u43A  224  N
ENSP00000418378	rs12637875	aaC	aaT	N	N	248  	.   0.39	4u43B  239  N
ENSP00000418378	rs12637875	aaC	aaT	N	N	248  	.   0.39	4u44A  224  N
ENSP00000418378	rs12637875	aaC	aaT	N	N	248  	.   0.39	4u44B  233  N
ENSP00000418378	rs12637875	aaC	aaT	N	N	248  	.   0.39	4u45A  226  N
ENSP00000418378	rs12637875	aaC	aaT	N	N	248  	.   0.39	4u45B  232  N
ENSP00000418378	rs12637875	aaC	aaT	N	N	248  	.   0.39	4zk5A  223  N
ENSP00000418378	rs12637875	aaC	aaT	N	N	248  	.   0.39	4zk5B  231  N
ENSP00000418378	rs12637875	aaC	aaT	N	N	248  	.   0.39	4zp5A  223  N
ENSP00000418378	rs12637875	aaC	aaT	N	N	248  	.   0.39	4zp5B  239  N
ENSP00000418378	rs12637875	aaC	aaT	N	N	248  	.   0.39	5ax9A  223  N
ENSP00000418378	rs12637875	aaC	aaT	N	N	248  	.   0.39	5ax9B  215  N
ENSP00000418378	rs12637875	aaC	aaT	N	N	248  	.   0.39	5ax9C  221  N
ENSP00000418378	rs12637875	aaC	aaT	N	N	248  	.   0.39	5cwzA  225  N
ENSP00000418378	rs12637875	aaC	aaT	N	N	248  	.   0.39	5cwzB  225  N
ENSP00000418378	rs12637875	aaC	aaT	N	N	248  	.   0.39	5cwzC  211  N
ENSP00000418378	rs12637875	aaC	aaT	N	N	248  	.   0.39	5d7aA  227  N
ENSP00000418378	rs12637875	aaC	aaT	N	N	248  	.   0.39	5d7aB  227  N
ENSP00000418378	rs12637875	aaC	aaT	N	N	248  	.   0.39	5d7aC  224  N
ENSP00000418378	rs12637875	aaC	aaT	N	N	248  	.   0.39	5di1A  224  N
ENSP00000418378	rs12637875	aaC	aaT	N	N	248  	.   0.39	5di1B  239  N
ENSP00000418378	rs12637875	aaC	aaT	N	N	248  	.   0.39	5j95A  223  N
ENSP00000418378	rs12637875	aaC	aaT	N	N	248  	.   0.39	5j95B  239  N
ENSP00000418378	rs12637875	aaC	aaT	N	N	248  	.   0.39	5w5qA  228  N
ENSP00000418378	rs12637875	aaC	aaT	N	N	248  	.   0.39	5w5qB  234  N
ENSP00000418548	 rs1800062	aaG	aaT	K	N	38   	.   0.16	1jm7A   38  K
ENSP00000418548	 rs1800062	aaG	aaA	K	K	38   	.   0.16	1jm7A   38  K
ENSP00000418561	    rs6455	ccG	ccA	P	P	106  	.   0.01	4y8wA   78  P
ENSP00000418561	    rs6455	ccG	ccA	P	P	106  	.   0.01	4y8wB   78  P
ENSP00000418561	    rs6455	ccG	ccA	P	P	106  	.   0.01	4y8wC   78  P
ENSP00000418561	    rs6455	ccG	ccA	P	P	106  	.   0.01	5vbuA   78  P
ENSP00000418561	    rs6455	ccG	ccA	P	P	106  	.   0.01	5vbuB   78  P
ENSP00000418561	    rs6455	ccG	ccA	P	P	106  	.   0.01	5vbuC   78  P
ENSP00000418561	    rs6455	ccG	ccC	P	P	106  	.   0.01	4y8wA   78  P
ENSP00000418561	    rs6455	ccG	ccC	P	P	106  	.   0.01	4y8wB   78  P
ENSP00000418561	    rs6455	ccG	ccC	P	P	106  	.   0.01	4y8wC   78  P
ENSP00000418561	    rs6455	ccG	ccC	P	P	106  	.   0.01	5vbuA   78  P
ENSP00000418561	    rs6455	ccG	ccC	P	P	106  	.   0.01	5vbuB   78  P
ENSP00000418561	    rs6455	ccG	ccC	P	P	106  	.   0.01	5vbuC   78  P
ENSP00000418561	    rs6456	ctG	ctT	L	L	108  	.   0.01	4y8wA   80  L
ENSP00000418561	    rs6456	ctG	ctT	L	L	108  	.   0.01	4y8wB   80  L
ENSP00000418561	    rs6456	ctG	ctT	L	L	108  	.   0.01	4y8wC   80  L
ENSP00000418561	    rs6456	ctG	ctT	L	L	108  	.   0.01	5vbuA   80  L
ENSP00000418561	    rs6456	ctG	ctT	L	L	108  	.   0.01	5vbuB   80  L
ENSP00000418561	    rs6456	ctG	ctT	L	L	108  	.   0.01	5vbuC   80  L
ENSP00000418582	 rs1385816	caT	caC	H	H	98   	.   0.01	1fhiA   97  H
ENSP00000418582	 rs1385816	caT	caC	H	H	98   	.   0.01	1fitA   96  H
ENSP00000418582	 rs1385816	caT	caC	H	H	98   	.   0.01	2fhiA   97  H
ENSP00000418582	 rs1385816	caT	caC	H	H	98   	.   0.01	2fitA   96  H
ENSP00000418582	 rs1385816	caT	caC	H	H	98   	.   0.01	3fitA   97  H
ENSP00000418582	 rs1385816	caT	caC	H	H	98   	.   0.01	4fitA   97  H
ENSP00000418582	 rs1385816	caT	caC	H	H	98   	.   0.01	5fitA   96  H
ENSP00000418582	 rs1385816	caT	caC	H	H	98   	.   0.01	6fitA   97  H
ENSP00000418614	   rs10893	ccA	ccG	P	P	545  	.   0.04	3hi7A  508  P
ENSP00000418614	   rs10893	ccA	ccG	P	P	545  	.   0.04	3hi7B  503  P
ENSP00000418614	   rs10893	ccA	ccG	P	P	545  	.   0.04	3higA  508  P
ENSP00000418614	   rs10893	ccA	ccG	P	P	545  	.   0.04	3higB  503  P
ENSP00000418614	   rs10893	ccA	ccG	P	P	545  	.   0.04	3hiiA  508  P
ENSP00000418614	   rs10893	ccA	ccG	P	P	545  	.   0.04	3hiiB  503  P
ENSP00000418614	   rs10893	ccA	ccG	P	P	545  	.   0.04	3k5tA  505  P
ENSP00000418614	   rs10893	ccA	ccG	P	P	545  	.   0.04	3mphA  507  P
ENSP00000418614	   rs10893	ccA	ccG	P	P	545  	.   0.04	3mphB  503  P
ENSP00000418614	 rs1049742	tCc	tTc	S	F	332  	.   0.01	3hi7A  296  S
ENSP00000418614	 rs1049742	tCc	tTc	S	F	332  	.   0.01	3hi7B  291  S
ENSP00000418614	 rs1049742	tCc	tTc	S	F	332  	.   0.01	3higA  296  S
ENSP00000418614	 rs1049742	tCc	tTc	S	F	332  	.   0.01	3higB  291  S
ENSP00000418614	 rs1049742	tCc	tTc	S	F	332  	.   0.01	3hiiA  296  S
ENSP00000418614	 rs1049742	tCc	tTc	S	F	332  	.   0.01	3hiiB  291  S
ENSP00000418614	 rs1049742	tCc	tTc	S	F	332  	.   0.01	3k5tA  293  S
ENSP00000418614	 rs1049742	tCc	tTc	S	F	332  	.   0.01	3mphA  295  S
ENSP00000418614	 rs1049742	tCc	tTc	S	F	332  	.   0.01	3mphB  291  S
ENSP00000418614	 rs6943147	aCg	aGg	T	R	592  	.   0.02	3hi7A  555  S
ENSP00000418614	 rs6943147	aCg	aGg	T	R	592  	.   0.02	3hi7B  550  S
ENSP00000418614	 rs6943147	aCg	aGg	T	R	592  	.   0.02	3higA  555  S
ENSP00000418614	 rs6943147	aCg	aGg	T	R	592  	.   0.02	3higB  550  S
ENSP00000418614	 rs6943147	aCg	aGg	T	R	592  	.   0.02	3hiiA  555  S
ENSP00000418614	 rs6943147	aCg	aGg	T	R	592  	.   0.02	3hiiB  550  S
ENSP00000418614	 rs6943147	aCg	aGg	T	R	592  	.   0.02	3k5tA  552  S
ENSP00000418614	 rs6943147	aCg	aGg	T	R	592  	.   0.02	3mphA  554  S
ENSP00000418614	 rs6943147	aCg	aGg	T	R	592  	.   0.02	3mphB  550  S
ENSP00000418614	 rs1049748	ccT	ccC	P	P	574  	.   0.01	3hi7A  537  P
ENSP00000418614	 rs1049748	ccT	ccC	P	P	574  	.   0.01	3hi7B  532  P
ENSP00000418614	 rs1049748	ccT	ccC	P	P	574  	.   0.01	3higA  537  P
ENSP00000418614	 rs1049748	ccT	ccC	P	P	574  	.   0.01	3higB  532  P
ENSP00000418614	 rs1049748	ccT	ccC	P	P	574  	.   0.01	3hiiA  537  P
ENSP00000418614	 rs1049748	ccT	ccC	P	P	574  	.   0.01	3hiiB  532  P
ENSP00000418614	 rs1049748	ccT	ccC	P	P	574  	.   0.01	3k5tA  534  P
ENSP00000418614	 rs1049748	ccT	ccC	P	P	574  	.   0.01	3mphA  536  P
ENSP00000418614	 rs1049748	ccT	ccC	P	P	574  	.   0.01	3mphB  532  P
ENSP00000418614	 rs6943420	acG	acC	T	T	592  	.   0.02	3hi7A  555  S
ENSP00000418614	 rs6943420	acG	acC	T	T	592  	.   0.02	3hi7B  550  S
ENSP00000418614	 rs6943420	acG	acC	T	T	592  	.   0.02	3higA  555  S
ENSP00000418614	 rs6943420	acG	acC	T	T	592  	.   0.02	3higB  550  S
ENSP00000418614	 rs6943420	acG	acC	T	T	592  	.   0.02	3hiiA  555  S
ENSP00000418614	 rs6943420	acG	acC	T	T	592  	.   0.02	3hiiB  550  S
ENSP00000418614	 rs6943420	acG	acC	T	T	592  	.   0.02	3k5tA  552  S
ENSP00000418614	 rs6943420	acG	acC	T	T	592  	.   0.02	3mphA  554  S
ENSP00000418614	 rs6943420	acG	acC	T	T	592  	.   0.02	3mphB  550  S
ENSP00000418614	 rs4725373	tcG	tcA	S	S	630  	.   0.14	3hi7A  593  S
ENSP00000418614	 rs4725373	tcG	tcA	S	S	630  	.   0.14	3hi7B  588  S
ENSP00000418614	 rs4725373	tcG	tcA	S	S	630  	.   0.14	3higA  593  S
ENSP00000418614	 rs4725373	tcG	tcA	S	S	630  	.   0.14	3higB  588  S
ENSP00000418614	 rs4725373	tcG	tcA	S	S	630  	.   0.14	3hiiA  593  S
ENSP00000418614	 rs4725373	tcG	tcA	S	S	630  	.   0.14	3hiiB  588  S
ENSP00000418614	 rs4725373	tcG	tcA	S	S	630  	.   0.14	3k5tA  590  S
ENSP00000418614	 rs4725373	tcG	tcA	S	S	630  	.   0.14	3mphA  592  S
ENSP00000418614	 rs4725373	tcG	tcA	S	S	630  	.   0.14	3mphB  588  S
ENSP00000418614	 rs4725373	tcG	tcC	S	S	630  	.   0.14	3hi7A  593  S
ENSP00000418614	 rs4725373	tcG	tcC	S	S	630  	.   0.14	3hi7B  588  S
ENSP00000418614	 rs4725373	tcG	tcC	S	S	630  	.   0.14	3higA  593  S
ENSP00000418614	 rs4725373	tcG	tcC	S	S	630  	.   0.14	3higB  588  S
ENSP00000418614	 rs4725373	tcG	tcC	S	S	630  	.   0.14	3hiiA  593  S
ENSP00000418614	 rs4725373	tcG	tcC	S	S	630  	.   0.14	3hiiB  588  S
ENSP00000418614	 rs4725373	tcG	tcC	S	S	630  	.   0.14	3k5tA  590  S
ENSP00000418614	 rs4725373	tcG	tcC	S	S	630  	.   0.14	3mphA  592  S
ENSP00000418614	 rs4725373	tcG	tcC	S	S	630  	.   0.14	3mphB  588  S
ENSP00000418614	rs35070995	Aac	Cac	N	H	659  	.   0.01	3hi7A  622  N
ENSP00000418614	rs35070995	Aac	Cac	N	H	659  	.   0.01	3hi7B  617  N
ENSP00000418614	rs35070995	Aac	Cac	N	H	659  	.   0.01	3higA  622  N
ENSP00000418614	rs35070995	Aac	Cac	N	H	659  	.   0.01	3higB  617  N
ENSP00000418614	rs35070995	Aac	Cac	N	H	659  	.   0.01	3hiiA  622  N
ENSP00000418614	rs35070995	Aac	Cac	N	H	659  	.   0.01	3hiiB  617  N
ENSP00000418614	rs35070995	Aac	Cac	N	H	659  	.   0.01	3k5tA  619  N
ENSP00000418614	rs35070995	Aac	Cac	N	H	659  	.   0.01	3mphA  621  N
ENSP00000418614	rs35070995	Aac	Cac	N	H	659  	.   0.01	3mphB  617  N
ENSP00000418615	 rs2293172	gaG	gaT	E	D	142  	.   0.05	3lxxA   88  E
ENSP00000418615	 rs2293172	gaG	gaA	E	E	142  	.   0.05	3lxxA   88  E
ENSP00000418632	 rs2746395	gAt	gTt	D	V	63   	.   0.01	3fqiA   36  D
ENSP00000418632	 rs2746395	gAt	gTt	D	V	63   	.   0.01	3fqjA   37  D
ENSP00000418632	 rs2746395	gAt	gTt	D	V	63   	.   0.01	4j7lA   37  D
ENSP00000418632	 rs2746395	gAt	gTt	D	V	63   	.   0.01	4j7mA   37  D
ENSP00000418632	 rs2746395	gAt	gTt	D	V	63   	.   0.01	4j7nA   37  D
ENSP00000418632	 rs2746395	gAt	gTt	D	V	63   	.   0.01	5uliA   37  D
ENSP00000418632	rs35529997	Ccg	Tcg	P	S	142  	.   0.01	3fqiA  105  P
ENSP00000418632	rs35529997	Ccg	Tcg	P	S	142  	.   0.01	3fqjA  111  P
ENSP00000418632	rs35529997	Ccg	Tcg	P	S	142  	.   0.01	4j7lA  116  P
ENSP00000418632	rs35529997	Ccg	Tcg	P	S	142  	.   0.01	4j7mA  116  P
ENSP00000418632	rs35529997	Ccg	Tcg	P	S	142  	.   0.01	4j7nA  116  P
ENSP00000418632	rs35529997	Ccg	Tcg	P	S	142  	.   0.01	5uliA  116  P
ENSP00000418756	rs16823843	ttT	ttC	F	F	31   	.   0.01	5vhaA  526  F
ENSP00000418756	rs16823843	ttT	ttC	F	F	31   	.   0.01	5vhcA  522  F
ENSP00000418756	rs16823843	ttT	ttC	F	F	31   	.   0.01	5vhdA  522  F
ENSP00000418756	rs16823843	ttT	ttC	F	F	31   	.   0.01	5vheA  590  F
ENSP00000418775	 rs1799967	atG	atA	M	I	1605 	.   0.19	1jnxA    4  M
ENSP00000418775	 rs1799967	atG	atA	M	I	1605 	.   0.19	1n5oA    4  M
ENSP00000418775	 rs1799967	atG	atA	M	I	1605 	.   0.19	1t15A    4  M
ENSP00000418775	 rs1799967	atG	atA	M	I	1605 	.   0.19	1t29A    4  M
ENSP00000418775	 rs1799967	atG	atA	M	I	1605 	.   0.19	1t2uA    4  M
ENSP00000418775	 rs1799967	atG	atA	M	I	1605 	.   0.19	1t2vA    4  M
ENSP00000418775	 rs1799967	atG	atA	M	I	1605 	.   0.19	1t2vB    7  M
ENSP00000418775	 rs1799967	atG	atA	M	I	1605 	.   0.19	1t2vC    4  M
ENSP00000418775	 rs1799967	atG	atA	M	I	1605 	.   0.19	1t2vD    6  M
ENSP00000418775	 rs1799967	atG	atA	M	I	1605 	.   0.19	1t2vE    4  M
ENSP00000418775	 rs1799967	atG	atA	M	I	1605 	.   0.19	1y98A    4  M
ENSP00000418775	 rs1799967	atG	atA	M	I	1605 	.   0.19	2ingA    4  M
ENSP00000418775	 rs1799967	atG	atA	M	I	1605 	.   0.19	3cojA    5  M
ENSP00000418775	 rs1799967	atG	atA	M	I	1605 	.   0.19	3cojB    5  M
ENSP00000418775	 rs1799967	atG	atA	M	I	1605 	.   0.19	3cojC    5  M
ENSP00000418775	 rs1799967	atG	atA	M	I	1605 	.   0.19	3cojD    5  M
ENSP00000418775	 rs1799967	atG	atA	M	I	1605 	.   0.19	3cojE    4  M
ENSP00000418775	 rs1799967	atG	atA	M	I	1605 	.   0.19	3cojF    4  M
ENSP00000418775	 rs1799967	atG	atA	M	I	1605 	.   0.19	3cojG    4  M
ENSP00000418775	 rs1799967	atG	atA	M	I	1605 	.   0.19	3cojH    5  M
ENSP00000418775	 rs1799967	atG	atA	M	I	1605 	.   0.19	3k0hA    4  M
ENSP00000418775	 rs1799967	atG	atA	M	I	1605 	.   0.19	3k0kA    4  M
ENSP00000418775	 rs1799967	atG	atA	M	I	1605 	.   0.19	3k15A    4  M
ENSP00000418775	 rs1799967	atG	atA	M	I	1605 	.   0.19	3k16A    4  M
ENSP00000418775	 rs1799967	atG	atA	M	I	1605 	.   0.19	3pxaA    4  M
ENSP00000418775	 rs1799967	atG	atA	M	I	1605 	.   0.19	3pxbA    4  M
ENSP00000418775	 rs1799967	atG	atA	M	I	1605 	.   0.19	3pxcA    4  M
ENSP00000418775	 rs1799967	atG	atA	M	I	1605 	.   0.19	3pxdA    4  M
ENSP00000418775	 rs1799967	atG	atA	M	I	1605 	.   0.19	3pxeA    6  M
ENSP00000418775	 rs1799967	atG	atA	M	I	1605 	.   0.19	3pxeB    6  M
ENSP00000418775	 rs1799967	atG	atA	M	I	1605 	.   0.19	3pxeC    6  M
ENSP00000418775	 rs1799967	atG	atA	M	I	1605 	.   0.19	3pxeD    4  M
ENSP00000418775	 rs1799967	atG	atA	M	I	1605 	.   0.19	4ifiA    4  M
ENSP00000418775	 rs1799967	atG	atA	M	I	1605 	.   0.19	4igkA    7  M
ENSP00000418775	 rs1799967	atG	atA	M	I	1605 	.   0.19	4igkB    7  M
ENSP00000418775	 rs1799967	atG	atA	M	I	1605 	.   0.19	4jluA    4  M
ENSP00000418775	 rs1799967	atG	atA	M	I	1605 	.   0.19	4ofbA    4  M
ENSP00000418775	 rs1799967	atG	atA	M	I	1605 	.   0.19	4u4aA    7  M
ENSP00000418775	 rs1799967	atG	atA	M	I	1605 	.   0.19	4u4aB    7  M
ENSP00000418775	 rs1799967	atG	atA	M	I	1605 	.   0.19	4u4aC    5  M
ENSP00000418775	 rs1799967	atG	atA	M	I	1605 	.   0.19	4y18A    7  M
ENSP00000418775	 rs1799967	atG	atA	M	I	1605 	.   0.19	4y18B    7  M
ENSP00000418775	 rs1799967	atG	atA	M	I	1605 	.   0.19	4y18C    7  M
ENSP00000418775	 rs1799967	atG	atA	M	I	1605 	.   0.19	4y18D    7  M
ENSP00000418775	 rs1799967	atG	atA	M	I	1605 	.   0.19	4y18E    7  M
ENSP00000418775	 rs1799967	atG	atA	M	I	1605 	.   0.19	4y18F    7  M
ENSP00000418775	 rs1799967	atG	atA	M	I	1605 	.   0.19	4y18G    4  M
ENSP00000418775	 rs1799967	atG	atA	M	I	1605 	.   0.19	4y18H    4  M
ENSP00000418775	 rs1799967	atG	atA	M	I	1605 	.   0.19	4y2gA    7  M
ENSP00000418775	rs28897696	gCg	gTg	A	V	1661 	.   0.05	1jnxA   59  A
ENSP00000418775	rs28897696	gCg	gTg	A	V	1661 	.   0.05	1n5oA   59  A
ENSP00000418775	rs28897696	gCg	gTg	A	V	1661 	.   0.05	1t15A   60  A
ENSP00000418775	rs28897696	gCg	gTg	A	V	1661 	.   0.05	1t29A   60  A
ENSP00000418775	rs28897696	gCg	gTg	A	V	1661 	.   0.05	1t2uA   60  A
ENSP00000418775	rs28897696	gCg	gTg	A	V	1661 	.   0.05	1t2vA   60  A
ENSP00000418775	rs28897696	gCg	gTg	A	V	1661 	.   0.05	1t2vB   63  A
ENSP00000418775	rs28897696	gCg	gTg	A	V	1661 	.   0.05	1t2vC   60  A
ENSP00000418775	rs28897696	gCg	gTg	A	V	1661 	.   0.05	1t2vD   62  A
ENSP00000418775	rs28897696	gCg	gTg	A	V	1661 	.   0.05	1t2vE   60  A
ENSP00000418775	rs28897696	gCg	gTg	A	V	1661 	.   0.05	1y98A   60  A
ENSP00000418775	rs28897696	gCg	gTg	A	V	1661 	.   0.05	2ingA   59  A
ENSP00000418775	rs28897696	gCg	gTg	A	V	1661 	.   0.05	3cojA   60  A
ENSP00000418775	rs28897696	gCg	gTg	A	V	1661 	.   0.05	3cojB   60  A
ENSP00000418775	rs28897696	gCg	gTg	A	V	1661 	.   0.05	3cojC   60  A
ENSP00000418775	rs28897696	gCg	gTg	A	V	1661 	.   0.05	3cojD   60  A
ENSP00000418775	rs28897696	gCg	gTg	A	V	1661 	.   0.05	3cojE   59  A
ENSP00000418775	rs28897696	gCg	gTg	A	V	1661 	.   0.05	3cojF   59  A
ENSP00000418775	rs28897696	gCg	gTg	A	V	1661 	.   0.05	3cojG   59  A
ENSP00000418775	rs28897696	gCg	gTg	A	V	1661 	.   0.05	3cojH   60  A
ENSP00000418775	rs28897696	gCg	gTg	A	V	1661 	.   0.05	3k0hA   60  A
ENSP00000418775	rs28897696	gCg	gTg	A	V	1661 	.   0.05	3k0kA   60  A
ENSP00000418775	rs28897696	gCg	gTg	A	V	1661 	.   0.05	3k15A   60  A
ENSP00000418775	rs28897696	gCg	gTg	A	V	1661 	.   0.05	3k16A   60  A
ENSP00000418775	rs28897696	gCg	gTg	A	V	1661 	.   0.05	3pxaA   60  A
ENSP00000418775	rs28897696	gCg	gTg	A	V	1661 	.   0.05	3pxbA   60  A
ENSP00000418775	rs28897696	gCg	gTg	A	V	1661 	.   0.05	3pxcA   59  A
ENSP00000418775	rs28897696	gCg	gTg	A	V	1661 	.   0.05	3pxdA   60  A
ENSP00000418775	rs28897696	gCg	gTg	A	V	1661 	.   0.05	3pxeA   62  A
ENSP00000418775	rs28897696	gCg	gTg	A	V	1661 	.   0.05	3pxeB   62  A
ENSP00000418775	rs28897696	gCg	gTg	A	V	1661 	.   0.05	3pxeC   62  A
ENSP00000418775	rs28897696	gCg	gTg	A	V	1661 	.   0.05	3pxeD   60  A
ENSP00000418775	rs28897696	gCg	gTg	A	V	1661 	.   0.05	4ifiA   60  A
ENSP00000418775	rs28897696	gCg	gTg	A	V	1661 	.   0.05	4igkA   63  A
ENSP00000418775	rs28897696	gCg	gTg	A	V	1661 	.   0.05	4igkB   63  A
ENSP00000418775	rs28897696	gCg	gTg	A	V	1661 	.   0.05	4jluA   60  A
ENSP00000418775	rs28897696	gCg	gTg	A	V	1661 	.   0.05	4ofbA   60  A
ENSP00000418775	rs28897696	gCg	gTg	A	V	1661 	.   0.05	4u4aA   63  A
ENSP00000418775	rs28897696	gCg	gTg	A	V	1661 	.   0.05	4u4aB   63  A
ENSP00000418775	rs28897696	gCg	gTg	A	V	1661 	.   0.05	4u4aC   61  A
ENSP00000418775	rs28897696	gCg	gTg	A	V	1661 	.   0.05	4y18A   63  A
ENSP00000418775	rs28897696	gCg	gTg	A	V	1661 	.   0.05	4y18B   63  A
ENSP00000418775	rs28897696	gCg	gTg	A	V	1661 	.   0.05	4y18C   63  A
ENSP00000418775	rs28897696	gCg	gTg	A	V	1661 	.   0.05	4y18D   63  A
ENSP00000418775	rs28897696	gCg	gTg	A	V	1661 	.   0.05	4y18E   63  A
ENSP00000418775	rs28897696	gCg	gTg	A	V	1661 	.   0.05	4y18F   63  A
ENSP00000418775	rs28897696	gCg	gTg	A	V	1661 	.   0.05	4y18G   60  A
ENSP00000418775	rs28897696	gCg	gTg	A	V	1661 	.   0.05	4y18H   60  A
ENSP00000418775	rs28897696	gCg	gTg	A	V	1661 	.   0.05	4y2gA   63  A
ENSP00000418775	rs28897696	gCg	gAg	A	E	1661 	.   0.05	1jnxA   59  A
ENSP00000418775	rs28897696	gCg	gAg	A	E	1661 	.   0.05	1n5oA   59  A
ENSP00000418775	rs28897696	gCg	gAg	A	E	1661 	.   0.05	1t15A   60  A
ENSP00000418775	rs28897696	gCg	gAg	A	E	1661 	.   0.05	1t29A   60  A
ENSP00000418775	rs28897696	gCg	gAg	A	E	1661 	.   0.05	1t2uA   60  A
ENSP00000418775	rs28897696	gCg	gAg	A	E	1661 	.   0.05	1t2vA   60  A
ENSP00000418775	rs28897696	gCg	gAg	A	E	1661 	.   0.05	1t2vB   63  A
ENSP00000418775	rs28897696	gCg	gAg	A	E	1661 	.   0.05	1t2vC   60  A
ENSP00000418775	rs28897696	gCg	gAg	A	E	1661 	.   0.05	1t2vD   62  A
ENSP00000418775	rs28897696	gCg	gAg	A	E	1661 	.   0.05	1t2vE   60  A
ENSP00000418775	rs28897696	gCg	gAg	A	E	1661 	.   0.05	1y98A   60  A
ENSP00000418775	rs28897696	gCg	gAg	A	E	1661 	.   0.05	2ingA   59  A
ENSP00000418775	rs28897696	gCg	gAg	A	E	1661 	.   0.05	3cojA   60  A
ENSP00000418775	rs28897696	gCg	gAg	A	E	1661 	.   0.05	3cojB   60  A
ENSP00000418775	rs28897696	gCg	gAg	A	E	1661 	.   0.05	3cojC   60  A
ENSP00000418775	rs28897696	gCg	gAg	A	E	1661 	.   0.05	3cojD   60  A
ENSP00000418775	rs28897696	gCg	gAg	A	E	1661 	.   0.05	3cojE   59  A
ENSP00000418775	rs28897696	gCg	gAg	A	E	1661 	.   0.05	3cojF   59  A
ENSP00000418775	rs28897696	gCg	gAg	A	E	1661 	.   0.05	3cojG   59  A
ENSP00000418775	rs28897696	gCg	gAg	A	E	1661 	.   0.05	3cojH   60  A
ENSP00000418775	rs28897696	gCg	gAg	A	E	1661 	.   0.05	3k0hA   60  A
ENSP00000418775	rs28897696	gCg	gAg	A	E	1661 	.   0.05	3k0kA   60  A
ENSP00000418775	rs28897696	gCg	gAg	A	E	1661 	.   0.05	3k15A   60  A
ENSP00000418775	rs28897696	gCg	gAg	A	E	1661 	.   0.05	3k16A   60  A
ENSP00000418775	rs28897696	gCg	gAg	A	E	1661 	.   0.05	3pxaA   60  A
ENSP00000418775	rs28897696	gCg	gAg	A	E	1661 	.   0.05	3pxbA   60  A
ENSP00000418775	rs28897696	gCg	gAg	A	E	1661 	.   0.05	3pxcA   59  A
ENSP00000418775	rs28897696	gCg	gAg	A	E	1661 	.   0.05	3pxdA   60  A
ENSP00000418775	rs28897696	gCg	gAg	A	E	1661 	.   0.05	3pxeA   62  A
ENSP00000418775	rs28897696	gCg	gAg	A	E	1661 	.   0.05	3pxeB   62  A
ENSP00000418775	rs28897696	gCg	gAg	A	E	1661 	.   0.05	3pxeC   62  A
ENSP00000418775	rs28897696	gCg	gAg	A	E	1661 	.   0.05	3pxeD   60  A
ENSP00000418775	rs28897696	gCg	gAg	A	E	1661 	.   0.05	4ifiA   60  A
ENSP00000418775	rs28897696	gCg	gAg	A	E	1661 	.   0.05	4igkA   63  A
ENSP00000418775	rs28897696	gCg	gAg	A	E	1661 	.   0.05	4igkB   63  A
ENSP00000418775	rs28897696	gCg	gAg	A	E	1661 	.   0.05	4jluA   60  A
ENSP00000418775	rs28897696	gCg	gAg	A	E	1661 	.   0.05	4ofbA   60  A
ENSP00000418775	rs28897696	gCg	gAg	A	E	1661 	.   0.05	4u4aA   63  A
ENSP00000418775	rs28897696	gCg	gAg	A	E	1661 	.   0.05	4u4aB   63  A
ENSP00000418775	rs28897696	gCg	gAg	A	E	1661 	.   0.05	4u4aC   61  A
ENSP00000418775	rs28897696	gCg	gAg	A	E	1661 	.   0.05	4y18A   63  A
ENSP00000418775	rs28897696	gCg	gAg	A	E	1661 	.   0.05	4y18B   63  A
ENSP00000418775	rs28897696	gCg	gAg	A	E	1661 	.   0.05	4y18C   63  A
ENSP00000418775	rs28897696	gCg	gAg	A	E	1661 	.   0.05	4y18D   63  A
ENSP00000418775	rs28897696	gCg	gAg	A	E	1661 	.   0.05	4y18E   63  A
ENSP00000418775	rs28897696	gCg	gAg	A	E	1661 	.   0.05	4y18F   63  A
ENSP00000418775	rs28897696	gCg	gAg	A	E	1661 	.   0.05	4y18G   60  A
ENSP00000418775	rs28897696	gCg	gAg	A	E	1661 	.   0.05	4y18H   60  A
ENSP00000418775	rs28897696	gCg	gAg	A	E	1661 	.   0.05	4y2gA   63  A
ENSP00000418775	rs41293459	cGg	cTg	R	L	1652 	.   0.25	1jnxA   50  R
ENSP00000418775	rs41293459	cGg	cTg	R	L	1652 	.   0.25	1n5oA   50  R
ENSP00000418775	rs41293459	cGg	cTg	R	L	1652 	.   0.25	1t15A   51  R
ENSP00000418775	rs41293459	cGg	cTg	R	L	1652 	.   0.25	1t29A   51  R
ENSP00000418775	rs41293459	cGg	cTg	R	L	1652 	.   0.25	1t2uA   51  R
ENSP00000418775	rs41293459	cGg	cTg	R	L	1652 	.   0.25	1t2vA   51  R
ENSP00000418775	rs41293459	cGg	cTg	R	L	1652 	.   0.25	1t2vB   54  R
ENSP00000418775	rs41293459	cGg	cTg	R	L	1652 	.   0.25	1t2vC   51  R
ENSP00000418775	rs41293459	cGg	cTg	R	L	1652 	.   0.25	1t2vD   53  R
ENSP00000418775	rs41293459	cGg	cTg	R	L	1652 	.   0.25	1t2vE   51  R
ENSP00000418775	rs41293459	cGg	cTg	R	L	1652 	.   0.25	1y98A   51  R
ENSP00000418775	rs41293459	cGg	cTg	R	L	1652 	.   0.25	2ingA   50  R
ENSP00000418775	rs41293459	cGg	cTg	R	L	1652 	.   0.25	3cojA   51  R
ENSP00000418775	rs41293459	cGg	cTg	R	L	1652 	.   0.25	3cojB   51  R
ENSP00000418775	rs41293459	cGg	cTg	R	L	1652 	.   0.25	3cojC   51  R
ENSP00000418775	rs41293459	cGg	cTg	R	L	1652 	.   0.25	3cojD   51  R
ENSP00000418775	rs41293459	cGg	cTg	R	L	1652 	.   0.25	3cojE   50  R
ENSP00000418775	rs41293459	cGg	cTg	R	L	1652 	.   0.25	3cojF   50  R
ENSP00000418775	rs41293459	cGg	cTg	R	L	1652 	.   0.25	3cojG   50  R
ENSP00000418775	rs41293459	cGg	cTg	R	L	1652 	.   0.25	3cojH   51  R
ENSP00000418775	rs41293459	cGg	cTg	R	L	1652 	.   0.25	3k0hA   51  R
ENSP00000418775	rs41293459	cGg	cTg	R	L	1652 	.   0.25	3k0kA   51  R
ENSP00000418775	rs41293459	cGg	cTg	R	L	1652 	.   0.25	3k15A   51  R
ENSP00000418775	rs41293459	cGg	cTg	R	L	1652 	.   0.25	3k16A   51  R
ENSP00000418775	rs41293459	cGg	cTg	R	L	1652 	.   0.25	3pxaA   51  R
ENSP00000418775	rs41293459	cGg	cTg	R	L	1652 	.   0.25	3pxbA   51  R
ENSP00000418775	rs41293459	cGg	cTg	R	L	1652 	.   0.25	3pxcA   50  Q
ENSP00000418775	rs41293459	cGg	cTg	R	L	1652 	.   0.25	3pxdA   51  R
ENSP00000418775	rs41293459	cGg	cTg	R	L	1652 	.   0.25	3pxeA   53  R
ENSP00000418775	rs41293459	cGg	cTg	R	L	1652 	.   0.25	3pxeB   53  R
ENSP00000418775	rs41293459	cGg	cTg	R	L	1652 	.   0.25	3pxeC   53  R
ENSP00000418775	rs41293459	cGg	cTg	R	L	1652 	.   0.25	3pxeD   51  R
ENSP00000418775	rs41293459	cGg	cTg	R	L	1652 	.   0.25	4ifiA   51  R
ENSP00000418775	rs41293459	cGg	cTg	R	L	1652 	.   0.25	4igkA   54  R
ENSP00000418775	rs41293459	cGg	cTg	R	L	1652 	.   0.25	4igkB   54  R
ENSP00000418775	rs41293459	cGg	cTg	R	L	1652 	.   0.25	4jluA   51  R
ENSP00000418775	rs41293459	cGg	cTg	R	L	1652 	.   0.25	4ofbA   51  R
ENSP00000418775	rs41293459	cGg	cTg	R	L	1652 	.   0.25	4u4aA   54  R
ENSP00000418775	rs41293459	cGg	cTg	R	L	1652 	.   0.25	4u4aB   54  R
ENSP00000418775	rs41293459	cGg	cTg	R	L	1652 	.   0.25	4u4aC   52  R
ENSP00000418775	rs41293459	cGg	cTg	R	L	1652 	.   0.25	4y18A   54  R
ENSP00000418775	rs41293459	cGg	cTg	R	L	1652 	.   0.25	4y18B   54  R
ENSP00000418775	rs41293459	cGg	cTg	R	L	1652 	.   0.25	4y18C   54  R
ENSP00000418775	rs41293459	cGg	cTg	R	L	1652 	.   0.25	4y18D   54  R
ENSP00000418775	rs41293459	cGg	cTg	R	L	1652 	.   0.25	4y18E   54  R
ENSP00000418775	rs41293459	cGg	cTg	R	L	1652 	.   0.25	4y18F   54  R
ENSP00000418775	rs41293459	cGg	cTg	R	L	1652 	.   0.25	4y18G   51  R
ENSP00000418775	rs41293459	cGg	cTg	R	L	1652 	.   0.25	4y18H   51  R
ENSP00000418775	rs41293459	cGg	cTg	R	L	1652 	.   0.25	4y2gA   54  R
ENSP00000418775	rs41293459	cGg	cCg	R	P	1652 	.   0.25	1jnxA   50  R
ENSP00000418775	rs41293459	cGg	cCg	R	P	1652 	.   0.25	1n5oA   50  R
ENSP00000418775	rs41293459	cGg	cCg	R	P	1652 	.   0.25	1t15A   51  R
ENSP00000418775	rs41293459	cGg	cCg	R	P	1652 	.   0.25	1t29A   51  R
ENSP00000418775	rs41293459	cGg	cCg	R	P	1652 	.   0.25	1t2uA   51  R
ENSP00000418775	rs41293459	cGg	cCg	R	P	1652 	.   0.25	1t2vA   51  R
ENSP00000418775	rs41293459	cGg	cCg	R	P	1652 	.   0.25	1t2vB   54  R
ENSP00000418775	rs41293459	cGg	cCg	R	P	1652 	.   0.25	1t2vC   51  R
ENSP00000418775	rs41293459	cGg	cCg	R	P	1652 	.   0.25	1t2vD   53  R
ENSP00000418775	rs41293459	cGg	cCg	R	P	1652 	.   0.25	1t2vE   51  R
ENSP00000418775	rs41293459	cGg	cCg	R	P	1652 	.   0.25	1y98A   51  R
ENSP00000418775	rs41293459	cGg	cCg	R	P	1652 	.   0.25	2ingA   50  R
ENSP00000418775	rs41293459	cGg	cCg	R	P	1652 	.   0.25	3cojA   51  R
ENSP00000418775	rs41293459	cGg	cCg	R	P	1652 	.   0.25	3cojB   51  R
ENSP00000418775	rs41293459	cGg	cCg	R	P	1652 	.   0.25	3cojC   51  R
ENSP00000418775	rs41293459	cGg	cCg	R	P	1652 	.   0.25	3cojD   51  R
ENSP00000418775	rs41293459	cGg	cCg	R	P	1652 	.   0.25	3cojE   50  R
ENSP00000418775	rs41293459	cGg	cCg	R	P	1652 	.   0.25	3cojF   50  R
ENSP00000418775	rs41293459	cGg	cCg	R	P	1652 	.   0.25	3cojG   50  R
ENSP00000418775	rs41293459	cGg	cCg	R	P	1652 	.   0.25	3cojH   51  R
ENSP00000418775	rs41293459	cGg	cCg	R	P	1652 	.   0.25	3k0hA   51  R
ENSP00000418775	rs41293459	cGg	cCg	R	P	1652 	.   0.25	3k0kA   51  R
ENSP00000418775	rs41293459	cGg	cCg	R	P	1652 	.   0.25	3k15A   51  R
ENSP00000418775	rs41293459	cGg	cCg	R	P	1652 	.   0.25	3k16A   51  R
ENSP00000418775	rs41293459	cGg	cCg	R	P	1652 	.   0.25	3pxaA   51  R
ENSP00000418775	rs41293459	cGg	cCg	R	P	1652 	.   0.25	3pxbA   51  R
ENSP00000418775	rs41293459	cGg	cCg	R	P	1652 	.   0.25	3pxcA   50  Q
ENSP00000418775	rs41293459	cGg	cCg	R	P	1652 	.   0.25	3pxdA   51  R
ENSP00000418775	rs41293459	cGg	cCg	R	P	1652 	.   0.25	3pxeA   53  R
ENSP00000418775	rs41293459	cGg	cCg	R	P	1652 	.   0.25	3pxeB   53  R
ENSP00000418775	rs41293459	cGg	cCg	R	P	1652 	.   0.25	3pxeC   53  R
ENSP00000418775	rs41293459	cGg	cCg	R	P	1652 	.   0.25	3pxeD   51  R
ENSP00000418775	rs41293459	cGg	cCg	R	P	1652 	.   0.25	4ifiA   51  R
ENSP00000418775	rs41293459	cGg	cCg	R	P	1652 	.   0.25	4igkA   54  R
ENSP00000418775	rs41293459	cGg	cCg	R	P	1652 	.   0.25	4igkB   54  R
ENSP00000418775	rs41293459	cGg	cCg	R	P	1652 	.   0.25	4jluA   51  R
ENSP00000418775	rs41293459	cGg	cCg	R	P	1652 	.   0.25	4ofbA   51  R
ENSP00000418775	rs41293459	cGg	cCg	R	P	1652 	.   0.25	4u4aA   54  R
ENSP00000418775	rs41293459	cGg	cCg	R	P	1652 	.   0.25	4u4aB   54  R
ENSP00000418775	rs41293459	cGg	cCg	R	P	1652 	.   0.25	4u4aC   52  R
ENSP00000418775	rs41293459	cGg	cCg	R	P	1652 	.   0.25	4y18A   54  R
ENSP00000418775	rs41293459	cGg	cCg	R	P	1652 	.   0.25	4y18B   54  R
ENSP00000418775	rs41293459	cGg	cCg	R	P	1652 	.   0.25	4y18C   54  R
ENSP00000418775	rs41293459	cGg	cCg	R	P	1652 	.   0.25	4y18D   54  R
ENSP00000418775	rs41293459	cGg	cCg	R	P	1652 	.   0.25	4y18E   54  R
ENSP00000418775	rs41293459	cGg	cCg	R	P	1652 	.   0.25	4y18F   54  R
ENSP00000418775	rs41293459	cGg	cCg	R	P	1652 	.   0.25	4y18G   51  R
ENSP00000418775	rs41293459	cGg	cCg	R	P	1652 	.   0.25	4y18H   51  R
ENSP00000418775	rs41293459	cGg	cCg	R	P	1652 	.   0.25	4y2gA   54  R
ENSP00000418775	rs41293459	cGg	cAg	R	Q	1652 	.   0.25	1jnxA   50  R
ENSP00000418775	rs41293459	cGg	cAg	R	Q	1652 	.   0.25	1n5oA   50  R
ENSP00000418775	rs41293459	cGg	cAg	R	Q	1652 	.   0.25	1t15A   51  R
ENSP00000418775	rs41293459	cGg	cAg	R	Q	1652 	.   0.25	1t29A   51  R
ENSP00000418775	rs41293459	cGg	cAg	R	Q	1652 	.   0.25	1t2uA   51  R
ENSP00000418775	rs41293459	cGg	cAg	R	Q	1652 	.   0.25	1t2vA   51  R
ENSP00000418775	rs41293459	cGg	cAg	R	Q	1652 	.   0.25	1t2vB   54  R
ENSP00000418775	rs41293459	cGg	cAg	R	Q	1652 	.   0.25	1t2vC   51  R
ENSP00000418775	rs41293459	cGg	cAg	R	Q	1652 	.   0.25	1t2vD   53  R
ENSP00000418775	rs41293459	cGg	cAg	R	Q	1652 	.   0.25	1t2vE   51  R
ENSP00000418775	rs41293459	cGg	cAg	R	Q	1652 	.   0.25	1y98A   51  R
ENSP00000418775	rs41293459	cGg	cAg	R	Q	1652 	.   0.25	2ingA   50  R
ENSP00000418775	rs41293459	cGg	cAg	R	Q	1652 	.   0.25	3cojA   51  R
ENSP00000418775	rs41293459	cGg	cAg	R	Q	1652 	.   0.25	3cojB   51  R
ENSP00000418775	rs41293459	cGg	cAg	R	Q	1652 	.   0.25	3cojC   51  R
ENSP00000418775	rs41293459	cGg	cAg	R	Q	1652 	.   0.25	3cojD   51  R
ENSP00000418775	rs41293459	cGg	cAg	R	Q	1652 	.   0.25	3cojE   50  R
ENSP00000418775	rs41293459	cGg	cAg	R	Q	1652 	.   0.25	3cojF   50  R
ENSP00000418775	rs41293459	cGg	cAg	R	Q	1652 	.   0.25	3cojG   50  R
ENSP00000418775	rs41293459	cGg	cAg	R	Q	1652 	.   0.25	3cojH   51  R
ENSP00000418775	rs41293459	cGg	cAg	R	Q	1652 	.   0.25	3k0hA   51  R
ENSP00000418775	rs41293459	cGg	cAg	R	Q	1652 	.   0.25	3k0kA   51  R
ENSP00000418775	rs41293459	cGg	cAg	R	Q	1652 	.   0.25	3k15A   51  R
ENSP00000418775	rs41293459	cGg	cAg	R	Q	1652 	.   0.25	3k16A   51  R
ENSP00000418775	rs41293459	cGg	cAg	R	Q	1652 	.   0.25	3pxaA   51  R
ENSP00000418775	rs41293459	cGg	cAg	R	Q	1652 	.   0.25	3pxbA   51  R
ENSP00000418775	rs41293459	cGg	cAg	R	Q	1652 	.   0.25	3pxcA   50  Q
ENSP00000418775	rs41293459	cGg	cAg	R	Q	1652 	.   0.25	3pxdA   51  R
ENSP00000418775	rs41293459	cGg	cAg	R	Q	1652 	.   0.25	3pxeA   53  R
ENSP00000418775	rs41293459	cGg	cAg	R	Q	1652 	.   0.25	3pxeB   53  R
ENSP00000418775	rs41293459	cGg	cAg	R	Q	1652 	.   0.25	3pxeC   53  R
ENSP00000418775	rs41293459	cGg	cAg	R	Q	1652 	.   0.25	3pxeD   51  R
ENSP00000418775	rs41293459	cGg	cAg	R	Q	1652 	.   0.25	4ifiA   51  R
ENSP00000418775	rs41293459	cGg	cAg	R	Q	1652 	.   0.25	4igkA   54  R
ENSP00000418775	rs41293459	cGg	cAg	R	Q	1652 	.   0.25	4igkB   54  R
ENSP00000418775	rs41293459	cGg	cAg	R	Q	1652 	.   0.25	4jluA   51  R
ENSP00000418775	rs41293459	cGg	cAg	R	Q	1652 	.   0.25	4ofbA   51  R
ENSP00000418775	rs41293459	cGg	cAg	R	Q	1652 	.   0.25	4u4aA   54  R
ENSP00000418775	rs41293459	cGg	cAg	R	Q	1652 	.   0.25	4u4aB   54  R
ENSP00000418775	rs41293459	cGg	cAg	R	Q	1652 	.   0.25	4u4aC   52  R
ENSP00000418775	rs41293459	cGg	cAg	R	Q	1652 	.   0.25	4y18A   54  R
ENSP00000418775	rs41293459	cGg	cAg	R	Q	1652 	.   0.25	4y18B   54  R
ENSP00000418775	rs41293459	cGg	cAg	R	Q	1652 	.   0.25	4y18C   54  R
ENSP00000418775	rs41293459	cGg	cAg	R	Q	1652 	.   0.25	4y18D   54  R
ENSP00000418775	rs41293459	cGg	cAg	R	Q	1652 	.   0.25	4y18E   54  R
ENSP00000418775	rs41293459	cGg	cAg	R	Q	1652 	.   0.25	4y18F   54  R
ENSP00000418775	rs41293459	cGg	cAg	R	Q	1652 	.   0.25	4y18G   51  R
ENSP00000418775	rs41293459	cGg	cAg	R	Q	1652 	.   0.25	4y18H   51  R
ENSP00000418775	rs41293459	cGg	cAg	R	Q	1652 	.   0.25	4y2gA   54  R
ENSP00000418787	 rs2224391	Tct	Gct	S	A	11   	.   0.02	5usrB    8  A
ENSP00000418787	 rs2224391	Tct	Gct	S	A	11   	.   0.02	5usrD    8  A
ENSP00000418787	 rs2224391	Tct	Gct	S	A	11   	.   0.02	5usrF    8  A
ENSP00000418787	 rs2224391	Tct	Gct	S	A	11   	.   0.02	5usrH    9  A
ENSP00000418787	 rs2224391	Tct	Gct	S	A	11   	.   0.02	5wgbB    9  A
ENSP00000418787	 rs2224391	Tct	Gct	S	A	11   	.   0.02	5wkpB    7  A
ENSP00000418787	 rs2224391	Tct	Gct	S	A	11   	.   0.02	5wkpF    8  A
ENSP00000418787	 rs2224391	Tct	Gct	S	A	11   	.   0.02	5wlwB    7  A
ENSP00000418787	 rs2224391	Tct	Gct	S	A	11   	.   0.02	5wlwF    9  A
ENSP00000418819	rs28897696	gCg	gTg	A	V	558  	.   0.07	1t2uA   60  A
ENSP00000418819	rs28897696	gCg	gTg	A	V	558  	.   0.07	1t2vA   60  A
ENSP00000418819	rs28897696	gCg	gTg	A	V	558  	.   0.07	1t2vB   63  A
ENSP00000418819	rs28897696	gCg	gTg	A	V	558  	.   0.07	1t2vC   60  A
ENSP00000418819	rs28897696	gCg	gTg	A	V	558  	.   0.07	1t2vD   62  A
ENSP00000418819	rs28897696	gCg	gTg	A	V	558  	.   0.07	3pxeA   62  A
ENSP00000418819	rs28897696	gCg	gTg	A	V	558  	.   0.07	3pxeB   62  A
ENSP00000418819	rs28897696	gCg	gTg	A	V	558  	.   0.07	3pxeC   62  A
ENSP00000418819	rs28897696	gCg	gTg	A	V	558  	.   0.07	3pxeD   60  A
ENSP00000418819	rs28897696	gCg	gTg	A	V	558  	.   0.07	4igkA   63  A
ENSP00000418819	rs28897696	gCg	gTg	A	V	558  	.   0.07	4igkB   63  A
ENSP00000418819	rs28897696	gCg	gTg	A	V	558  	.   0.07	4u4aA   63  A
ENSP00000418819	rs28897696	gCg	gTg	A	V	558  	.   0.07	4u4aB   63  A
ENSP00000418819	rs28897696	gCg	gTg	A	V	558  	.   0.07	4y18A   63  A
ENSP00000418819	rs28897696	gCg	gTg	A	V	558  	.   0.07	4y18B   63  A
ENSP00000418819	rs28897696	gCg	gTg	A	V	558  	.   0.07	4y18C   63  A
ENSP00000418819	rs28897696	gCg	gTg	A	V	558  	.   0.07	4y18E   63  A
ENSP00000418819	rs28897696	gCg	gTg	A	V	558  	.   0.07	4y18F   63  A
ENSP00000418819	rs28897696	gCg	gTg	A	V	558  	.   0.07	4y2gA   63  A
ENSP00000418819	rs28897696	gCg	gAg	A	E	558  	.   0.07	1t2uA   60  A
ENSP00000418819	rs28897696	gCg	gAg	A	E	558  	.   0.07	1t2vA   60  A
ENSP00000418819	rs28897696	gCg	gAg	A	E	558  	.   0.07	1t2vB   63  A
ENSP00000418819	rs28897696	gCg	gAg	A	E	558  	.   0.07	1t2vC   60  A
ENSP00000418819	rs28897696	gCg	gAg	A	E	558  	.   0.07	1t2vD   62  A
ENSP00000418819	rs28897696	gCg	gAg	A	E	558  	.   0.07	3pxeA   62  A
ENSP00000418819	rs28897696	gCg	gAg	A	E	558  	.   0.07	3pxeB   62  A
ENSP00000418819	rs28897696	gCg	gAg	A	E	558  	.   0.07	3pxeC   62  A
ENSP00000418819	rs28897696	gCg	gAg	A	E	558  	.   0.07	3pxeD   60  A
ENSP00000418819	rs28897696	gCg	gAg	A	E	558  	.   0.07	4igkA   63  A
ENSP00000418819	rs28897696	gCg	gAg	A	E	558  	.   0.07	4igkB   63  A
ENSP00000418819	rs28897696	gCg	gAg	A	E	558  	.   0.07	4u4aA   63  A
ENSP00000418819	rs28897696	gCg	gAg	A	E	558  	.   0.07	4u4aB   63  A
ENSP00000418819	rs28897696	gCg	gAg	A	E	558  	.   0.07	4y18A   63  A
ENSP00000418819	rs28897696	gCg	gAg	A	E	558  	.   0.07	4y18B   63  A
ENSP00000418819	rs28897696	gCg	gAg	A	E	558  	.   0.07	4y18C   63  A
ENSP00000418819	rs28897696	gCg	gAg	A	E	558  	.   0.07	4y18E   63  A
ENSP00000418819	rs28897696	gCg	gAg	A	E	558  	.   0.07	4y18F   63  A
ENSP00000418819	rs28897696	gCg	gAg	A	E	558  	.   0.07	4y2gA   63  A
ENSP00000418819	rs41293459	cGg	cTg	R	L	549  	.   0.13	1jnxA  197  E
ENSP00000418819	rs41293459	cGg	cTg	R	L	549  	.   0.13	1n5oA  197  E
ENSP00000418819	rs41293459	cGg	cTg	R	L	549  	.   0.13	1t15A  201  E
ENSP00000418819	rs41293459	cGg	cTg	R	L	549  	.   0.13	1t29A  201  E
ENSP00000418819	rs41293459	cGg	cTg	R	L	549  	.   0.13	1t2uA   51  R
ENSP00000418819	rs41293459	cGg	cTg	R	L	549  	.   0.13	1t2vA   51  R
ENSP00000418819	rs41293459	cGg	cTg	R	L	549  	.   0.13	1t2vB   54  R
ENSP00000418819	rs41293459	cGg	cTg	R	L	549  	.   0.13	1t2vC   51  R
ENSP00000418819	rs41293459	cGg	cTg	R	L	549  	.   0.13	1t2vD   53  R
ENSP00000418819	rs41293459	cGg	cTg	R	L	549  	.   0.13	1t2vE  201  E
ENSP00000418819	rs41293459	cGg	cTg	R	L	549  	.   0.13	1y98A  201  E
ENSP00000418819	rs41293459	cGg	cTg	R	L	549  	.   0.13	2ingA  198  E
ENSP00000418819	rs41293459	cGg	cTg	R	L	549  	.   0.13	3cojA  198  E
ENSP00000418819	rs41293459	cGg	cTg	R	L	549  	.   0.13	3cojB  198  E
ENSP00000418819	rs41293459	cGg	cTg	R	L	549  	.   0.13	3cojC  198  E
ENSP00000418819	rs41293459	cGg	cTg	R	L	549  	.   0.13	3cojD  198  E
ENSP00000418819	rs41293459	cGg	cTg	R	L	549  	.   0.13	3cojE  197  E
ENSP00000418819	rs41293459	cGg	cTg	R	L	549  	.   0.13	3cojF  197  E
ENSP00000418819	rs41293459	cGg	cTg	R	L	549  	.   0.13	3cojG  197  E
ENSP00000418819	rs41293459	cGg	cTg	R	L	549  	.   0.13	3cojH  196  E
ENSP00000418819	rs41293459	cGg	cTg	R	L	549  	.   0.13	3k0hA  201  E
ENSP00000418819	rs41293459	cGg	cTg	R	L	549  	.   0.13	3k0kA  201  E
ENSP00000418819	rs41293459	cGg	cTg	R	L	549  	.   0.13	3k15A  201  E
ENSP00000418819	rs41293459	cGg	cTg	R	L	549  	.   0.13	3k16A  201  E
ENSP00000418819	rs41293459	cGg	cTg	R	L	549  	.   0.13	3pxaA  197  E
ENSP00000418819	rs41293459	cGg	cTg	R	L	549  	.   0.13	3pxbA  198  E
ENSP00000418819	rs41293459	cGg	cTg	R	L	549  	.   0.13	3pxcA  196  E
ENSP00000418819	rs41293459	cGg	cTg	R	L	549  	.   0.13	3pxdA  199  E
ENSP00000418819	rs41293459	cGg	cTg	R	L	549  	.   0.13	3pxeA   53  R
ENSP00000418819	rs41293459	cGg	cTg	R	L	549  	.   0.13	3pxeB   53  R
ENSP00000418819	rs41293459	cGg	cTg	R	L	549  	.   0.13	3pxeC   53  R
ENSP00000418819	rs41293459	cGg	cTg	R	L	549  	.   0.13	3pxeD   51  R
ENSP00000418819	rs41293459	cGg	cTg	R	L	549  	.   0.13	4ifiA  201  E
ENSP00000418819	rs41293459	cGg	cTg	R	L	549  	.   0.13	4igkA   54  R
ENSP00000418819	rs41293459	cGg	cTg	R	L	549  	.   0.13	4igkB   54  R
ENSP00000418819	rs41293459	cGg	cTg	R	L	549  	.   0.13	4jluA  201  E
ENSP00000418819	rs41293459	cGg	cTg	R	L	549  	.   0.13	4ofbA  199  E
ENSP00000418819	rs41293459	cGg	cTg	R	L	549  	.   0.13	4u4aA   54  R
ENSP00000418819	rs41293459	cGg	cTg	R	L	549  	.   0.13	4u4aB   54  R
ENSP00000418819	rs41293459	cGg	cTg	R	L	549  	.   0.13	4u4aC  202  E
ENSP00000418819	rs41293459	cGg	cTg	R	L	549  	.   0.13	4y18A   54  R
ENSP00000418819	rs41293459	cGg	cTg	R	L	549  	.   0.13	4y18B   54  R
ENSP00000418819	rs41293459	cGg	cTg	R	L	549  	.   0.13	4y18C   54  R
ENSP00000418819	rs41293459	cGg	cTg	R	L	549  	.   0.13	4y18D  204  E
ENSP00000418819	rs41293459	cGg	cTg	R	L	549  	.   0.13	4y18E   54  R
ENSP00000418819	rs41293459	cGg	cTg	R	L	549  	.   0.13	4y18F   54  R
ENSP00000418819	rs41293459	cGg	cTg	R	L	549  	.   0.13	4y18G  201  E
ENSP00000418819	rs41293459	cGg	cTg	R	L	549  	.   0.13	4y18H  201  E
ENSP00000418819	rs41293459	cGg	cTg	R	L	549  	.   0.13	4y2gA   54  R
ENSP00000418819	rs41293459	cGg	cCg	R	P	549  	.   0.13	1jnxA  197  E
ENSP00000418819	rs41293459	cGg	cCg	R	P	549  	.   0.13	1n5oA  197  E
ENSP00000418819	rs41293459	cGg	cCg	R	P	549  	.   0.13	1t15A  201  E
ENSP00000418819	rs41293459	cGg	cCg	R	P	549  	.   0.13	1t29A  201  E
ENSP00000418819	rs41293459	cGg	cCg	R	P	549  	.   0.13	1t2uA   51  R
ENSP00000418819	rs41293459	cGg	cCg	R	P	549  	.   0.13	1t2vA   51  R
ENSP00000418819	rs41293459	cGg	cCg	R	P	549  	.   0.13	1t2vB   54  R
ENSP00000418819	rs41293459	cGg	cCg	R	P	549  	.   0.13	1t2vC   51  R
ENSP00000418819	rs41293459	cGg	cCg	R	P	549  	.   0.13	1t2vD   53  R
ENSP00000418819	rs41293459	cGg	cCg	R	P	549  	.   0.13	1t2vE  201  E
ENSP00000418819	rs41293459	cGg	cCg	R	P	549  	.   0.13	1y98A  201  E
ENSP00000418819	rs41293459	cGg	cCg	R	P	549  	.   0.13	2ingA  198  E
ENSP00000418819	rs41293459	cGg	cCg	R	P	549  	.   0.13	3cojA  198  E
ENSP00000418819	rs41293459	cGg	cCg	R	P	549  	.   0.13	3cojB  198  E
ENSP00000418819	rs41293459	cGg	cCg	R	P	549  	.   0.13	3cojC  198  E
ENSP00000418819	rs41293459	cGg	cCg	R	P	549  	.   0.13	3cojD  198  E
ENSP00000418819	rs41293459	cGg	cCg	R	P	549  	.   0.13	3cojE  197  E
ENSP00000418819	rs41293459	cGg	cCg	R	P	549  	.   0.13	3cojF  197  E
ENSP00000418819	rs41293459	cGg	cCg	R	P	549  	.   0.13	3cojG  197  E
ENSP00000418819	rs41293459	cGg	cCg	R	P	549  	.   0.13	3cojH  196  E
ENSP00000418819	rs41293459	cGg	cCg	R	P	549  	.   0.13	3k0hA  201  E
ENSP00000418819	rs41293459	cGg	cCg	R	P	549  	.   0.13	3k0kA  201  E
ENSP00000418819	rs41293459	cGg	cCg	R	P	549  	.   0.13	3k15A  201  E
ENSP00000418819	rs41293459	cGg	cCg	R	P	549  	.   0.13	3k16A  201  E
ENSP00000418819	rs41293459	cGg	cCg	R	P	549  	.   0.13	3pxaA  197  E
ENSP00000418819	rs41293459	cGg	cCg	R	P	549  	.   0.13	3pxbA  198  E
ENSP00000418819	rs41293459	cGg	cCg	R	P	549  	.   0.13	3pxcA  196  E
ENSP00000418819	rs41293459	cGg	cCg	R	P	549  	.   0.13	3pxdA  199  E
ENSP00000418819	rs41293459	cGg	cCg	R	P	549  	.   0.13	3pxeA   53  R
ENSP00000418819	rs41293459	cGg	cCg	R	P	549  	.   0.13	3pxeB   53  R
ENSP00000418819	rs41293459	cGg	cCg	R	P	549  	.   0.13	3pxeC   53  R
ENSP00000418819	rs41293459	cGg	cCg	R	P	549  	.   0.13	3pxeD   51  R
ENSP00000418819	rs41293459	cGg	cCg	R	P	549  	.   0.13	4ifiA  201  E
ENSP00000418819	rs41293459	cGg	cCg	R	P	549  	.   0.13	4igkA   54  R
ENSP00000418819	rs41293459	cGg	cCg	R	P	549  	.   0.13	4igkB   54  R
ENSP00000418819	rs41293459	cGg	cCg	R	P	549  	.   0.13	4jluA  201  E
ENSP00000418819	rs41293459	cGg	cCg	R	P	549  	.   0.13	4ofbA  199  E
ENSP00000418819	rs41293459	cGg	cCg	R	P	549  	.   0.13	4u4aA   54  R
ENSP00000418819	rs41293459	cGg	cCg	R	P	549  	.   0.13	4u4aB   54  R
ENSP00000418819	rs41293459	cGg	cCg	R	P	549  	.   0.13	4u4aC  202  E
ENSP00000418819	rs41293459	cGg	cCg	R	P	549  	.   0.13	4y18A   54  R
ENSP00000418819	rs41293459	cGg	cCg	R	P	549  	.   0.13	4y18B   54  R
ENSP00000418819	rs41293459	cGg	cCg	R	P	549  	.   0.13	4y18C   54  R
ENSP00000418819	rs41293459	cGg	cCg	R	P	549  	.   0.13	4y18D  204  E
ENSP00000418819	rs41293459	cGg	cCg	R	P	549  	.   0.13	4y18E   54  R
ENSP00000418819	rs41293459	cGg	cCg	R	P	549  	.   0.13	4y18F   54  R
ENSP00000418819	rs41293459	cGg	cCg	R	P	549  	.   0.13	4y18G  201  E
ENSP00000418819	rs41293459	cGg	cCg	R	P	549  	.   0.13	4y18H  201  E
ENSP00000418819	rs41293459	cGg	cCg	R	P	549  	.   0.13	4y2gA   54  R
ENSP00000418819	rs41293459	cGg	cAg	R	Q	549  	.   0.13	1jnxA  197  E
ENSP00000418819	rs41293459	cGg	cAg	R	Q	549  	.   0.13	1n5oA  197  E
ENSP00000418819	rs41293459	cGg	cAg	R	Q	549  	.   0.13	1t15A  201  E
ENSP00000418819	rs41293459	cGg	cAg	R	Q	549  	.   0.13	1t29A  201  E
ENSP00000418819	rs41293459	cGg	cAg	R	Q	549  	.   0.13	1t2uA   51  R
ENSP00000418819	rs41293459	cGg	cAg	R	Q	549  	.   0.13	1t2vA   51  R
ENSP00000418819	rs41293459	cGg	cAg	R	Q	549  	.   0.13	1t2vB   54  R
ENSP00000418819	rs41293459	cGg	cAg	R	Q	549  	.   0.13	1t2vC   51  R
ENSP00000418819	rs41293459	cGg	cAg	R	Q	549  	.   0.13	1t2vD   53  R
ENSP00000418819	rs41293459	cGg	cAg	R	Q	549  	.   0.13	1t2vE  201  E
ENSP00000418819	rs41293459	cGg	cAg	R	Q	549  	.   0.13	1y98A  201  E
ENSP00000418819	rs41293459	cGg	cAg	R	Q	549  	.   0.13	2ingA  198  E
ENSP00000418819	rs41293459	cGg	cAg	R	Q	549  	.   0.13	3cojA  198  E
ENSP00000418819	rs41293459	cGg	cAg	R	Q	549  	.   0.13	3cojB  198  E
ENSP00000418819	rs41293459	cGg	cAg	R	Q	549  	.   0.13	3cojC  198  E
ENSP00000418819	rs41293459	cGg	cAg	R	Q	549  	.   0.13	3cojD  198  E
ENSP00000418819	rs41293459	cGg	cAg	R	Q	549  	.   0.13	3cojE  197  E
ENSP00000418819	rs41293459	cGg	cAg	R	Q	549  	.   0.13	3cojF  197  E
ENSP00000418819	rs41293459	cGg	cAg	R	Q	549  	.   0.13	3cojG  197  E
ENSP00000418819	rs41293459	cGg	cAg	R	Q	549  	.   0.13	3cojH  196  E
ENSP00000418819	rs41293459	cGg	cAg	R	Q	549  	.   0.13	3k0hA  201  E
ENSP00000418819	rs41293459	cGg	cAg	R	Q	549  	.   0.13	3k0kA  201  E
ENSP00000418819	rs41293459	cGg	cAg	R	Q	549  	.   0.13	3k15A  201  E
ENSP00000418819	rs41293459	cGg	cAg	R	Q	549  	.   0.13	3k16A  201  E
ENSP00000418819	rs41293459	cGg	cAg	R	Q	549  	.   0.13	3pxaA  197  E
ENSP00000418819	rs41293459	cGg	cAg	R	Q	549  	.   0.13	3pxbA  198  E
ENSP00000418819	rs41293459	cGg	cAg	R	Q	549  	.   0.13	3pxcA  196  E
ENSP00000418819	rs41293459	cGg	cAg	R	Q	549  	.   0.13	3pxdA  199  E
ENSP00000418819	rs41293459	cGg	cAg	R	Q	549  	.   0.13	3pxeA   53  R
ENSP00000418819	rs41293459	cGg	cAg	R	Q	549  	.   0.13	3pxeB   53  R
ENSP00000418819	rs41293459	cGg	cAg	R	Q	549  	.   0.13	3pxeC   53  R
ENSP00000418819	rs41293459	cGg	cAg	R	Q	549  	.   0.13	3pxeD   51  R
ENSP00000418819	rs41293459	cGg	cAg	R	Q	549  	.   0.13	4ifiA  201  E
ENSP00000418819	rs41293459	cGg	cAg	R	Q	549  	.   0.13	4igkA   54  R
ENSP00000418819	rs41293459	cGg	cAg	R	Q	549  	.   0.13	4igkB   54  R
ENSP00000418819	rs41293459	cGg	cAg	R	Q	549  	.   0.13	4jluA  201  E
ENSP00000418819	rs41293459	cGg	cAg	R	Q	549  	.   0.13	4ofbA  199  E
ENSP00000418819	rs41293459	cGg	cAg	R	Q	549  	.   0.13	4u4aA   54  R
ENSP00000418819	rs41293459	cGg	cAg	R	Q	549  	.   0.13	4u4aB   54  R
ENSP00000418819	rs41293459	cGg	cAg	R	Q	549  	.   0.13	4u4aC  202  E
ENSP00000418819	rs41293459	cGg	cAg	R	Q	549  	.   0.13	4y18A   54  R
ENSP00000418819	rs41293459	cGg	cAg	R	Q	549  	.   0.13	4y18B   54  R
ENSP00000418819	rs41293459	cGg	cAg	R	Q	549  	.   0.13	4y18C   54  R
ENSP00000418819	rs41293459	cGg	cAg	R	Q	549  	.   0.13	4y18D  204  E
ENSP00000418819	rs41293459	cGg	cAg	R	Q	549  	.   0.13	4y18E   54  R
ENSP00000418819	rs41293459	cGg	cAg	R	Q	549  	.   0.13	4y18F   54  R
ENSP00000418819	rs41293459	cGg	cAg	R	Q	549  	.   0.13	4y18G  201  E
ENSP00000418819	rs41293459	cGg	cAg	R	Q	549  	.   0.13	4y18H  201  E
ENSP00000418819	rs41293459	cGg	cAg	R	Q	549  	.   0.13	4y2gA   54  R
