ENSP00000422909	rs10019532	gaT	gaC	D	D	77   	.   0.02	2q3eA   77  D
ENSP00000422909	rs10019532	gaT	gaC	D	D	77   	.   0.02	2q3eB   77  D
ENSP00000422909	rs10019532	gaT	gaC	D	D	77   	.   0.02	2q3eC   77  D
ENSP00000422909	rs10019532	gaT	gaC	D	D	77   	.   0.02	2q3eD   76  D
ENSP00000422909	rs10019532	gaT	gaC	D	D	77   	.   0.02	2q3eE   76  D
ENSP00000422909	rs10019532	gaT	gaC	D	D	77   	.   0.02	2q3eF   77  D
ENSP00000422909	rs10019532	gaT	gaC	D	D	77   	.   0.02	2q3eG   77  D
ENSP00000422909	rs10019532	gaT	gaC	D	D	77   	.   0.02	2q3eH   76  D
ENSP00000422909	rs10019532	gaT	gaC	D	D	77   	.   0.02	2q3eI   77  D
ENSP00000422909	rs10019532	gaT	gaC	D	D	77   	.   0.02	2q3eJ   77  D
ENSP00000422909	rs10019532	gaT	gaC	D	D	77   	.   0.02	2q3eK   77  D
ENSP00000422909	rs10019532	gaT	gaC	D	D	77   	.   0.02	2q3eL   77  D
ENSP00000422909	rs10019532	gaT	gaC	D	D	77   	.   0.02	2qg4A   77  D
ENSP00000422909	rs10019532	gaT	gaC	D	D	77   	.   0.02	2qg4B   77  D
ENSP00000422909	rs10019532	gaT	gaC	D	D	77   	.   0.02	2qg4C   77  D
ENSP00000422909	rs10019532	gaT	gaC	D	D	77   	.   0.02	2qg4D   77  D
ENSP00000422909	rs10019532	gaT	gaC	D	D	77   	.   0.02	2qg4E   77  D
ENSP00000422909	rs10019532	gaT	gaC	D	D	77   	.   0.02	2qg4F   77  D
ENSP00000422909	rs10019532	gaT	gaC	D	D	77   	.   0.02	2qg4G   77  D
ENSP00000422909	rs10019532	gaT	gaC	D	D	77   	.   0.02	2qg4H   77  D
ENSP00000422909	rs10019532	gaT	gaC	D	D	77   	.   0.02	3itkA   78  D
ENSP00000422909	rs10019532	gaT	gaC	D	D	77   	.   0.02	3itkB   78  D
ENSP00000422909	rs10019532	gaT	gaC	D	D	77   	.   0.02	3itkC   78  D
ENSP00000422909	rs10019532	gaT	gaC	D	D	77   	.   0.02	3itkD   78  D
ENSP00000422909	rs10019532	gaT	gaC	D	D	77   	.   0.02	3itkE   77  D
ENSP00000422909	rs10019532	gaT	gaC	D	D	77   	.   0.02	3itkF   78  D
ENSP00000422909	rs10019532	gaT	gaC	D	D	77   	.   0.02	3khuA   78  D
ENSP00000422909	rs10019532	gaT	gaC	D	D	77   	.   0.02	3khuB   78  D
ENSP00000422909	rs10019532	gaT	gaC	D	D	77   	.   0.02	3khuC   78  D
ENSP00000422909	rs10019532	gaT	gaC	D	D	77   	.   0.02	3khuD   78  D
ENSP00000422909	rs10019532	gaT	gaC	D	D	77   	.   0.02	3khuE   77  D
ENSP00000422909	rs10019532	gaT	gaC	D	D	77   	.   0.02	3khuF   78  D
ENSP00000422909	rs10019532	gaT	gaC	D	D	77   	.   0.02	3prjA   77  D
ENSP00000422909	rs10019532	gaT	gaC	D	D	77   	.   0.02	3prjB   77  D
ENSP00000422909	rs10019532	gaT	gaC	D	D	77   	.   0.02	3prjC   77  D
ENSP00000422909	rs10019532	gaT	gaC	D	D	77   	.   0.02	3prjD   77  D
ENSP00000422909	rs10019532	gaT	gaC	D	D	77   	.   0.02	3prjE   77  D
ENSP00000422909	rs10019532	gaT	gaC	D	D	77   	.   0.02	3prjF   77  D
ENSP00000422909	rs10019532	gaT	gaC	D	D	77   	.   0.02	3ptzA   77  D
ENSP00000422909	rs10019532	gaT	gaC	D	D	77   	.   0.02	3ptzB   76  D
ENSP00000422909	rs10019532	gaT	gaC	D	D	77   	.   0.02	3ptzC   76  D
ENSP00000422909	rs10019532	gaT	gaC	D	D	77   	.   0.02	3ptzD   76  D
ENSP00000422909	rs10019532	gaT	gaC	D	D	77   	.   0.02	3ptzE   77  D
ENSP00000422909	rs10019532	gaT	gaC	D	D	77   	.   0.02	3ptzF   76  D
ENSP00000422909	rs10019532	gaT	gaC	D	D	77   	.   0.02	3tdkA   77  D
ENSP00000422909	rs10019532	gaT	gaC	D	D	77   	.   0.02	3tdkB   77  D
ENSP00000422909	rs10019532	gaT	gaC	D	D	77   	.   0.02	3tdkC   77  D
ENSP00000422909	rs10019532	gaT	gaC	D	D	77   	.   0.02	3tdkD   77  D
ENSP00000422909	rs10019532	gaT	gaC	D	D	77   	.   0.02	3tdkE   77  D
ENSP00000422909	rs10019532	gaT	gaC	D	D	77   	.   0.02	3tdkF   77  D
ENSP00000422909	rs10019532	gaT	gaC	D	D	77   	.   0.02	3tdkG   77  D
ENSP00000422909	rs10019532	gaT	gaC	D	D	77   	.   0.02	3tdkH   77  D
ENSP00000422909	rs10019532	gaT	gaC	D	D	77   	.   0.02	3tdkI   77  D
ENSP00000422909	rs10019532	gaT	gaC	D	D	77   	.   0.02	3tdkJ   77  D
ENSP00000422909	rs10019532	gaT	gaC	D	D	77   	.   0.02	3tdkK   77  D
ENSP00000422909	rs10019532	gaT	gaC	D	D	77   	.   0.02	3tdkL   77  D
ENSP00000422909	rs10019532	gaT	gaC	D	D	77   	.   0.02	3tf5A   75  D
ENSP00000422909	rs10019532	gaT	gaC	D	D	77   	.   0.02	3tf5B   76  D
ENSP00000422909	rs10019532	gaT	gaC	D	D	77   	.   0.02	3tf5C   76  D
ENSP00000422909	rs10019532	gaT	gaC	D	D	77   	.   0.02	4edfA   77  D
ENSP00000422909	rs10019532	gaT	gaC	D	D	77   	.   0.02	4edfB   77  D
ENSP00000422909	rs10019532	gaT	gaC	D	D	77   	.   0.02	4edfC   76  D
ENSP00000422909	rs10019532	gaT	gaC	D	D	77   	.   0.02	4edfD   76  D
ENSP00000422909	rs10019532	gaT	gaC	D	D	77   	.   0.02	4rjtA   76  D
ENSP00000422909	rs10019532	gaT	gaC	D	D	77   	.   0.02	4rjtB   77  D
ENSP00000422909	rs10019532	gaT	gaC	D	D	77   	.   0.02	4rjtC   77  D
ENSP00000422909	rs10019532	gaT	gaC	D	D	77   	.   0.02	5tjhA   76  D
ENSP00000422909	rs10019532	gaT	gaC	D	D	77   	.   0.02	5tjhB   77  D
ENSP00000422909	rs10019532	gaT	gaC	D	D	77   	.   0.02	5tjhC   77  D
ENSP00000422909	rs10019532	gaT	gaC	D	D	77   	.   0.02	5tjhD   76  D
ENSP00000422909	rs10019532	gaT	gaC	D	D	77   	.   0.02	5tjhE   77  D
ENSP00000422909	rs10019532	gaT	gaC	D	D	77   	.   0.02	5tjhF   77  D
ENSP00000422909	rs10019532	gaT	gaC	D	D	77   	.   0.02	5vr8A   77  D
ENSP00000422909	rs10019532	gaT	gaC	D	D	77   	.   0.02	5vr8B   78  D
ENSP00000422909	rs10019532	gaT	gaC	D	D	77   	.   0.02	5vr8C   78  D
ENSP00000422909	rs10019532	gaT	gaC	D	D	77   	.   0.02	5vr8D   76  D
ENSP00000422909	rs10019532	gaT	gaC	D	D	77   	.   0.02	5vr8E   76  D
ENSP00000422909	rs10019532	gaT	gaC	D	D	77   	.   0.02	5vr8F   77  D
ENSP00000422909	rs10019532	gaT	gaC	D	D	77   	.   0.02	5w4xA   76  D
ENSP00000422909	rs10019532	gaT	gaC	D	D	77   	.   0.02	5w4xB   77  D
ENSP00000422909	rs10019532	gaT	gaC	D	D	77   	.   0.02	5w4xC   77  D
ENSP00000422909	rs10019532	gaT	gaC	D	D	77   	.   0.02	6c4jA   48  D
ENSP00000422909	rs10019532	gaT	gaC	D	D	77   	.   0.02	6c4jB   77  D
ENSP00000422909	rs10019532	gaT	gaC	D	D	77   	.   0.02	6c4jC   77  D
ENSP00000422909	rs10019532	gaT	gaC	D	D	77   	.   0.02	6c4jD   77  D
ENSP00000422909	rs10019532	gaT	gaC	D	D	77   	.   0.02	6c4jE   77  D
ENSP00000422909	rs10019532	gaT	gaC	D	D	77   	.   0.02	6c4jF   77  D
ENSP00000422909	rs10019532	gaT	gaC	D	D	77   	.   0.02	6c4jG   77  D
ENSP00000422909	rs10019532	gaT	gaC	D	D	77   	.   0.02	6c4jH   76  D
ENSP00000422909	rs10019532	gaT	gaC	D	D	77   	.   0.02	6c4jI   77  D
ENSP00000422909	rs10019532	gaT	gaC	D	D	77   	.   0.02	6c4jJ   76  D
ENSP00000422909	rs10019532	gaT	gaC	D	D	77   	.   0.02	6c4jK   77  D
ENSP00000422909	rs10019532	gaT	gaC	D	D	77   	.   0.02	6c4jL   77  D
ENSP00000422909	rs10019532	gaT	gaC	D	D	77   	.   0.02	6c4kA   76  D
ENSP00000422909	rs10019532	gaT	gaC	D	D	77   	.   0.02	6c4kB   77  D
ENSP00000422909	rs10019532	gaT	gaC	D	D	77   	.   0.02	6c4kC   74  D
ENSP00000422952	 rs6815946	aaT	aaC	N	N	134  	.   0.01	3w81A  155  N
ENSP00000422952	 rs6815946	aaT	aaC	N	N	134  	.   0.01	3w81B  155  N
ENSP00000422952	 rs6815946	aaT	aaC	N	N	134  	.   0.01	3w82A  155  N
ENSP00000422952	 rs6815946	aaT	aaC	N	N	134  	.   0.01	3w82B  155  N
ENSP00000422952	 rs6815946	aaT	aaC	N	N	134  	.   0.01	4kgjA  139  N
ENSP00000422952	 rs6815946	aaT	aaC	N	N	134  	.   0.01	4kgjB  146  N
ENSP00000422952	 rs6815946	aaT	aaC	N	N	134  	.   0.01	4kglA  139  N
ENSP00000422952	 rs6815946	aaT	aaC	N	N	134  	.   0.01	4kglB  151  N
ENSP00000422952	 rs6815946	aaT	aaC	N	N	134  	.   0.01	4kh2A  139  N
ENSP00000422952	 rs6815946	aaT	aaC	N	N	134  	.   0.01	4kh2B  146  N
ENSP00000422952	 rs6815946	aaT	aaC	N	N	134  	.   0.01	4mj2A  139  N
ENSP00000422952	 rs6815946	aaT	aaC	N	N	134  	.   0.01	4mj2B  146  N
ENSP00000422952	 rs6815946	aaT	aaC	N	N	134  	.   0.01	4mj4A  144  N
ENSP00000422952	 rs6815946	aaT	aaC	N	N	134  	.   0.01	4obrA  139  N
ENSP00000422952	 rs6815946	aaT	aaC	N	N	134  	.   0.01	4obrB  145  N
ENSP00000422952	 rs6815946	aaT	aaC	N	N	134  	.   0.01	4obsA  139  N
ENSP00000423047	 rs1800051	atA	atC	I	I	56   	.    0.0	1yh3A  124  I
ENSP00000423047	 rs1800051	atA	atC	I	I	56   	.    0.0	1yh3B  124  I
ENSP00000423047	 rs1800051	atA	atC	I	I	56   	.    0.0	1zvmA  123  I
ENSP00000423047	 rs1800051	atA	atC	I	I	56   	.    0.0	1zvmB  123  I
ENSP00000423047	 rs1800051	atA	atC	I	I	56   	.    0.0	1zvmC  123  I
ENSP00000423047	 rs1800051	atA	atC	I	I	56   	.    0.0	1zvmD  123  I
ENSP00000423047	 rs1800051	atA	atC	I	I	56   	.    0.0	2ef1A  124  I
ENSP00000423047	 rs1800051	atA	atC	I	I	56   	.    0.0	2ef1B  124  I
ENSP00000423047	 rs1800051	atA	atC	I	I	56   	.    0.0	2hctA  124  I
ENSP00000423047	 rs1800051	atA	atC	I	I	56   	.    0.0	2hctB  124  I
ENSP00000423047	 rs1800051	atA	atC	I	I	56   	.    0.0	2i65A  121  I
ENSP00000423047	 rs1800051	atA	atC	I	I	56   	.    0.0	2i65B  124  I
ENSP00000423047	 rs1800051	atA	atC	I	I	56   	.    0.0	2i66A  124  I
ENSP00000423047	 rs1800051	atA	atC	I	I	56   	.    0.0	2i66B  124  I
ENSP00000423047	 rs1800051	atA	atC	I	I	56   	.    0.0	2i67A  124  I
ENSP00000423047	 rs1800051	atA	atC	I	I	56   	.    0.0	2i67B  124  I
ENSP00000423047	 rs1800051	atA	atC	I	I	56   	.    0.0	2o3qA  124  I
ENSP00000423047	 rs1800051	atA	atC	I	I	56   	.    0.0	2o3qB  124  I
ENSP00000423047	 rs1800051	atA	atC	I	I	56   	.    0.0	2o3rA  124  I
ENSP00000423047	 rs1800051	atA	atC	I	I	56   	.    0.0	2o3rB  124  I
ENSP00000423047	 rs1800051	atA	atC	I	I	56   	.    0.0	2o3sA  124  I
ENSP00000423047	 rs1800051	atA	atC	I	I	56   	.    0.0	2o3sB  124  I
ENSP00000423047	 rs1800051	atA	atC	I	I	56   	.    0.0	2o3tA  124  I
ENSP00000423047	 rs1800051	atA	atC	I	I	56   	.    0.0	2o3tB  124  I
ENSP00000423047	 rs1800051	atA	atC	I	I	56   	.    0.0	2o3uA  124  I
ENSP00000423047	 rs1800051	atA	atC	I	I	56   	.    0.0	2o3uB  124  I
ENSP00000423047	 rs1800051	atA	atC	I	I	56   	.    0.0	2pgjA  124  I
ENSP00000423047	 rs1800051	atA	atC	I	I	56   	.    0.0	2pgjB  124  I
ENSP00000423047	 rs1800051	atA	atC	I	I	56   	.    0.0	2pglA  124  I
ENSP00000423047	 rs1800051	atA	atC	I	I	56   	.    0.0	2pglB  124  I
ENSP00000423047	 rs1800051	atA	atC	I	I	56   	.    0.0	3dzfA  124  I
ENSP00000423047	 rs1800051	atA	atC	I	I	56   	.    0.0	3dzfB  124  I
ENSP00000423047	 rs1800051	atA	atC	I	I	56   	.    0.0	3dzfC  124  I
ENSP00000423047	 rs1800051	atA	atC	I	I	56   	.    0.0	3dzfD  124  I
ENSP00000423047	 rs1800051	atA	atC	I	I	56   	.    0.0	3dzfE  124  I
ENSP00000423047	 rs1800051	atA	atC	I	I	56   	.    0.0	3dzfF  124  I
ENSP00000423047	 rs1800051	atA	atC	I	I	56   	.    0.0	3dzgA  124  I
ENSP00000423047	 rs1800051	atA	atC	I	I	56   	.    0.0	3dzgB  124  I
ENSP00000423047	 rs1800051	atA	atC	I	I	56   	.    0.0	3dzhA  124  I
ENSP00000423047	 rs1800051	atA	atC	I	I	56   	.    0.0	3dzhB  124  I
ENSP00000423047	 rs1800051	atA	atC	I	I	56   	.    0.0	3dziA  124  I
ENSP00000423047	 rs1800051	atA	atC	I	I	56   	.    0.0	3dziB  124  I
ENSP00000423047	 rs1800051	atA	atC	I	I	56   	.    0.0	3dzjA  124  I
ENSP00000423047	 rs1800051	atA	atC	I	I	56   	.    0.0	3dzjB  124  I
ENSP00000423047	 rs1800051	atA	atC	I	I	56   	.    0.0	3dzkA  124  I
ENSP00000423047	 rs1800051	atA	atC	I	I	56   	.    0.0	3dzkB  124  I
ENSP00000423047	 rs1800051	atA	atC	I	I	56   	.    0.0	3f6yA  124  I
ENSP00000423047	 rs1800051	atA	atC	I	I	56   	.    0.0	3i9mA  124  I
ENSP00000423047	 rs1800051	atA	atC	I	I	56   	.    0.0	3i9mB  124  I
ENSP00000423047	 rs1800051	atA	atC	I	I	56   	.    0.0	3i9nA  124  I
ENSP00000423047	 rs1800051	atA	atC	I	I	56   	.    0.0	3i9nB  124  I
ENSP00000423047	 rs1800051	atA	atC	I	I	56   	.    0.0	3ofsA  123  I
ENSP00000423047	 rs1800051	atA	atC	I	I	56   	.    0.0	3ofsB  123  I
ENSP00000423047	 rs1800051	atA	atC	I	I	56   	.    0.0	3ofsC  123  I
ENSP00000423047	 rs1800051	atA	atC	I	I	56   	.    0.0	3ofsD  123  I
ENSP00000423047	 rs1800051	atA	atC	I	I	56   	.    0.0	3ofsE  123  I
ENSP00000423047	 rs1800051	atA	atC	I	I	56   	.    0.0	3ofsF  121  I
ENSP00000423047	 rs1800051	atA	atC	I	I	56   	.    0.0	3rajA  119  I
ENSP00000423047	 rs1800051	atA	atC	I	I	56   	.    0.0	3rokA  123  I
ENSP00000423047	 rs1800051	atA	atC	I	I	56   	.    0.0	3rokB  124  I
ENSP00000423047	 rs1800051	atA	atC	I	I	56   	.    0.0	3romA  124  I
ENSP00000423047	 rs1800051	atA	atC	I	I	56   	.    0.0	3romB  125  I
ENSP00000423047	 rs1800051	atA	atC	I	I	56   	.    0.0	3ropA  124  I
ENSP00000423047	 rs1800051	atA	atC	I	I	56   	.    0.0	3ropB  124  I
ENSP00000423047	 rs1800051	atA	atC	I	I	56   	.    0.0	3roqA  124  I
ENSP00000423047	 rs1800051	atA	atC	I	I	56   	.    0.0	3roqB  124  I
ENSP00000423047	 rs1800051	atA	atC	I	I	56   	.    0.0	3u4hA  121  I
ENSP00000423047	 rs1800051	atA	atC	I	I	56   	.    0.0	3u4hB  124  I
ENSP00000423047	 rs1800051	atA	atC	I	I	56   	.    0.0	3u4iA  124  I
ENSP00000423047	 rs1800051	atA	atC	I	I	56   	.    0.0	3u4iB  124  I
ENSP00000423047	 rs1800051	atA	atC	I	I	56   	.    0.0	4cmhA  121  I
ENSP00000423047	 rs1800051	atA	atC	I	I	56   	.    0.0	4f45A  125  I
ENSP00000423047	 rs1800051	atA	atC	I	I	56   	.    0.0	4f45B  124  I
ENSP00000423047	 rs1800051	atA	atC	I	I	56   	.    0.0	4f46A  125  I
ENSP00000423047	 rs1800051	atA	atC	I	I	56   	.    0.0	4f46B  124  I
ENSP00000423047	 rs1800051	atA	atC	I	I	56   	.    0.0	4ogwA  124  I
ENSP00000423047	 rs1800051	atA	atC	I	I	56   	.    0.0	4tmfA  121  I
ENSP00000423047	 rs1800051	atA	atC	I	I	56   	.    0.0	4tmfB  125  I
ENSP00000423047	 rs1800051	atA	atC	I	I	56   	.    0.0	4xjsA  123  I
ENSP00000423047	 rs1800051	atA	atC	I	I	56   	.    0.0	4xjtA  123  I
ENSP00000423047	 rs1800051	atA	atC	I	I	56   	.    0.0	5f1kA  120  I
ENSP00000423047	 rs1800051	atA	atC	I	I	56   	.    0.0	5f1kB  120  I
ENSP00000423047	 rs1800051	atA	atC	I	I	56   	.    0.0	5f1oA  120  I
ENSP00000423047	 rs1800051	atA	atC	I	I	56   	.    0.0	5f21A  120  I
ENSP00000423071	rs75648569	tgT	tgG	C	W	152  	.   0.01	2b3hA  288  C
ENSP00000423071	rs75648569	tgT	tgG	C	W	152  	.   0.01	2b3kA  288  C
ENSP00000423071	rs75648569	tgT	tgG	C	W	152  	.   0.01	2b3lA  289  C
ENSP00000423071	rs75648569	tgT	tgG	C	W	152  	.   0.01	2g6pA  288  C
ENSP00000423071	rs75648569	tgT	tgG	C	W	152  	.   0.01	2gz5A  288  C
ENSP00000423071	rs75648569	tgT	tgG	C	W	152  	.   0.01	2nq6A  288  C
ENSP00000423071	rs75648569	tgT	tgG	C	W	152  	.   0.01	2nq7A  288  C
ENSP00000423071	rs75648569	tgT	tgG	C	W	152  	.   0.01	4fliA  288  C
ENSP00000423071	rs75648569	tgT	tgG	C	W	152  	.   0.01	4fljA  288  C
ENSP00000423071	rs75648569	tgT	tgG	C	W	152  	.   0.01	4flkA  288  C
ENSP00000423071	rs75648569	tgT	tgG	C	W	152  	.   0.01	4fllA  288  C
ENSP00000423071	rs75648569	tgT	tgG	C	W	152  	.   0.01	4hxxA  288  C
ENSP00000423071	rs75648569	tgT	tgG	C	W	152  	.   0.01	4ikrA  288  C
ENSP00000423071	rs75648569	tgT	tgG	C	W	152  	.   0.01	4iksA  288  C
ENSP00000423071	rs75648569	tgT	tgG	C	W	152  	.   0.01	4iktA  288  C
ENSP00000423071	rs75648569	tgT	tgG	C	W	152  	.   0.01	4ikuA  288  C
ENSP00000423071	rs75648569	tgT	tgG	C	W	152  	.   0.01	4iu6A  288  C
ENSP00000423071	rs75648569	tgT	tgG	C	W	152  	.   0.01	4u1bA  288  C
ENSP00000423071	rs75648569	tgT	tgG	C	W	152  	.   0.01	4u69A  288  C
ENSP00000423071	rs75648569	tgT	tgG	C	W	152  	.   0.01	4u6cA  288  C
ENSP00000423071	rs75648569	tgT	tgG	C	W	152  	.   0.01	4u6eA  288  C
ENSP00000423071	rs75648569	tgT	tgG	C	W	152  	.   0.01	4u6jA  288  C
ENSP00000423071	rs75648569	tgT	tgG	C	W	152  	.   0.01	4u6wA  288  C
ENSP00000423071	rs75648569	tgT	tgG	C	W	152  	.   0.01	4u6zA  288  C
ENSP00000423071	rs75648569	tgT	tgG	C	W	152  	.   0.01	4u70A  288  C
ENSP00000423071	rs75648569	tgT	tgG	C	W	152  	.   0.01	4u71A  288  C
ENSP00000423071	rs75648569	tgT	tgG	C	W	152  	.   0.01	4u73A  288  C
ENSP00000423071	rs75648569	tgT	tgG	C	W	152  	.   0.01	4u75A  288  C
ENSP00000423071	rs75648569	tgT	tgG	C	W	152  	.   0.01	4u76A  288  C
ENSP00000423071	rs76763924	gAa	gGa	E	G	153  	.   0.01	2b3hA  289  E
ENSP00000423071	rs76763924	gAa	gGa	E	G	153  	.   0.01	2b3kA  289  E
ENSP00000423071	rs76763924	gAa	gGa	E	G	153  	.   0.01	2b3lA  290  E
ENSP00000423071	rs76763924	gAa	gGa	E	G	153  	.   0.01	2g6pA  289  E
ENSP00000423071	rs76763924	gAa	gGa	E	G	153  	.   0.01	2gz5A  289  E
ENSP00000423071	rs76763924	gAa	gGa	E	G	153  	.   0.01	2nq6A  289  E
ENSP00000423071	rs76763924	gAa	gGa	E	G	153  	.   0.01	2nq7A  289  E
ENSP00000423071	rs76763924	gAa	gGa	E	G	153  	.   0.01	4fliA  289  E
ENSP00000423071	rs76763924	gAa	gGa	E	G	153  	.   0.01	4fljA  289  E
ENSP00000423071	rs76763924	gAa	gGa	E	G	153  	.   0.01	4flkA  289  E
ENSP00000423071	rs76763924	gAa	gGa	E	G	153  	.   0.01	4fllA  289  E
ENSP00000423071	rs76763924	gAa	gGa	E	G	153  	.   0.01	4hxxA  289  E
ENSP00000423071	rs76763924	gAa	gGa	E	G	153  	.   0.01	4ikrA  289  E
ENSP00000423071	rs76763924	gAa	gGa	E	G	153  	.   0.01	4iksA  289  E
ENSP00000423071	rs76763924	gAa	gGa	E	G	153  	.   0.01	4iktA  289  E
ENSP00000423071	rs76763924	gAa	gGa	E	G	153  	.   0.01	4ikuA  289  E
ENSP00000423071	rs76763924	gAa	gGa	E	G	153  	.   0.01	4iu6A  289  E
ENSP00000423071	rs76763924	gAa	gGa	E	G	153  	.   0.01	4u1bA  289  E
ENSP00000423071	rs76763924	gAa	gGa	E	G	153  	.   0.01	4u69A  289  E
ENSP00000423071	rs76763924	gAa	gGa	E	G	153  	.   0.01	4u6cA  289  E
ENSP00000423071	rs76763924	gAa	gGa	E	G	153  	.   0.01	4u6eA  289  E
ENSP00000423071	rs76763924	gAa	gGa	E	G	153  	.   0.01	4u6jA  289  E
ENSP00000423071	rs76763924	gAa	gGa	E	G	153  	.   0.01	4u6wA  289  E
ENSP00000423071	rs76763924	gAa	gGa	E	G	153  	.   0.01	4u6zA  289  E
ENSP00000423071	rs76763924	gAa	gGa	E	G	153  	.   0.01	4u70A  289  E
ENSP00000423071	rs76763924	gAa	gGa	E	G	153  	.   0.01	4u71A  289  E
ENSP00000423071	rs76763924	gAa	gGa	E	G	153  	.   0.01	4u73A  289  E
ENSP00000423071	rs76763924	gAa	gGa	E	G	153  	.   0.01	4u75A  289  E
ENSP00000423071	rs76763924	gAa	gGa	E	G	153  	.   0.01	4u76A  289  E
ENSP00000423089	 rs2307424	ccC	ccT	P	P	151  	.   0.01	1xv9B   78  P
ENSP00000423089	 rs2307424	ccC	ccT	P	P	151  	.   0.01	1xv9D   78  P
ENSP00000423089	 rs2307424	ccC	ccT	P	P	151  	.   0.01	1xvpB   78  P
ENSP00000423089	 rs2307424	ccC	ccT	P	P	151  	.   0.01	1xvpD   78  P
ENSP00000423224	rs77907679	gAa	gGa	E	G	407  	.   0.31	3au3A   29  E
ENSP00000423224	rs77907679	gAa	gGa	E	G	407  	.   0.31	3nmwA   22  E
ENSP00000423224	rs77907679	gAa	gGa	E	G	407  	.   0.31	3nmwB   22  E
ENSP00000423224	rs77907679	gAa	gGa	E	G	407  	.   0.31	3nmxA   23  E
ENSP00000423224	rs77907679	gAa	gGa	E	G	407  	.   0.31	3nmxB   23  E
ENSP00000423224	rs77907679	gAa	gGa	E	G	407  	.   0.31	3nmxC   23  E
ENSP00000423224	rs77907679	gAa	gGa	E	G	407  	.   0.31	3nmzA   97  E
ENSP00000423224	rs77907679	gAa	gGa	E	G	407  	.   0.31	3nmzB   94  E
ENSP00000423224	rs77907679	gAa	gGa	E	G	407  	.   0.31	3qheA   25  E
ENSP00000423224	rs77907679	gAa	gGa	E	G	407  	.   0.31	3qheC   24  E
ENSP00000423224	rs77907679	gAa	gGa	E	G	407  	.   0.31	4yjeA   23  E
ENSP00000423224	rs77907679	gAa	gGa	E	G	407  	.   0.31	4yjlA   26  E
ENSP00000423224	rs77907679	gAa	gGa	E	G	407  	.   0.31	4yjlB   25  E
ENSP00000423224	rs77907679	gAa	gGa	E	G	407  	.   0.31	4yjlC   26  E
ENSP00000423224	rs77907679	gAa	gGa	E	G	407  	.   0.31	4yjlD   26  E
ENSP00000423224	rs77907679	gAa	gGa	E	G	407  	.   0.31	4yjlE   26  E
ENSP00000423224	rs77907679	gAa	gGa	E	G	407  	.   0.31	4yjlF   26  E
ENSP00000423224	rs77907679	gAa	gGa	E	G	407  	.   0.31	4yk6B   23  E
ENSP00000423224	rs77907679	gAa	gGa	E	G	407  	.   0.31	5b6gA   23  E
ENSP00000423224	rs77907679	gAa	gGa	E	G	407  	.   0.31	5iz6A   23  E
ENSP00000423224	rs77907679	gAa	gGa	E	G	407  	.   0.31	5iz8A   25  E
ENSP00000423224	rs77907679	gAa	gGa	E	G	407  	.   0.31	5iz8B   26  E
ENSP00000423224	rs77907679	gAa	gGa	E	G	407  	.   0.31	5iz9A   20  E
ENSP00000423224	rs77907679	gAa	gGa	E	G	407  	.   0.31	5izaA   23  E
ENSP00000423243	 rs2307046	ggT	ggC	G	G	366  	*   0.74	2disA  109  G
ENSP00000423257	 rs3765121	aaT	aaC	N	N	34   	.   0.01	2julA   27  N
ENSP00000423257	 rs3765121	aaT	aaC	N	N	34   	.   0.01	3dd4A   71  N
ENSP00000423257	 rs3765122	ccT	ccC	P	P	8    	.   0.29	2julA    1  P
ENSP00000423257	 rs3765122	ccT	ccC	P	P	8    	.   0.29	3dd4A   45  P
ENSP00000423325	 rs2228230	gtC	gtA	V	V	584  	.   0.01	5grnA  152  V
ENSP00000423325	 rs2228230	gtC	gtA	V	V	584  	.   0.01	5k5xA  196  V
ENSP00000423325	 rs2228230	gtC	gtT	V	V	584  	.   0.01	5grnA  152  V
ENSP00000423325	 rs2228230	gtC	gtT	V	V	584  	.   0.01	5k5xA  196  V
ENSP00000423386	 rs3775291	Ctc	Gtc	L	V	348  	.   0.04	1ziwA  377  L
ENSP00000423386	 rs3775291	Ctc	Gtc	L	V	348  	.   0.04	2a0zA  387  L
ENSP00000423386	 rs3775291	Ctc	Gtc	L	V	348  	.   0.04	3uluA  384  L
ENSP00000423386	 rs3775291	Ctc	Gtc	L	V	348  	.   0.04	3ulvA  384  L
ENSP00000423386	 rs3775291	Ctc	Gtc	L	V	348  	.   0.04	5gs0A  384  L
ENSP00000423386	 rs3775291	Ctc	Gtc	L	V	348  	.   0.04	5gs0D  384  L
ENSP00000423386	 rs3775291	Ctc	Ttc	L	F	348  	.   0.04	1ziwA  377  L
ENSP00000423386	 rs3775291	Ctc	Ttc	L	F	348  	.   0.04	2a0zA  387  L
ENSP00000423386	 rs3775291	Ctc	Ttc	L	F	348  	.   0.04	3uluA  384  L
ENSP00000423386	 rs3775291	Ctc	Ttc	L	F	348  	.   0.04	3ulvA  384  L
ENSP00000423386	 rs3775291	Ctc	Ttc	L	F	348  	.   0.04	5gs0A  384  L
ENSP00000423386	 rs3775291	Ctc	Ttc	L	F	348  	.   0.04	5gs0D  384  L
ENSP00000423387	 rs1128761	ttG	ttA	L	L	322  	.   0.05	2b9rA  152  L
ENSP00000423387	 rs1128761	ttG	ttA	L	L	322  	.   0.05	2b9rB  152  L
ENSP00000423387	 rs1128761	ttG	ttA	L	L	322  	.   0.05	2jgzB  156  L
ENSP00000423387	 rs1128761	ttG	ttA	L	L	322  	.   0.05	4y72B  156  L
ENSP00000423387	 rs1128761	ttG	ttA	L	L	322  	.   0.05	4yc3B  156  L
ENSP00000423387	 rs1128761	ttG	ttA	L	L	322  	.   0.05	5hq0B  156  L
ENSP00000423387	 rs1128761	ttG	ttA	L	L	322  	.   0.05	5lqfB  156  L
ENSP00000423387	 rs1128761	ttG	ttA	L	L	322  	.   0.05	5lqfE  156  L
ENSP00000423441	 rs1042308	Ttc	Gtc	F	V	158  	.   0.01	3lqzA  160  F
ENSP00000423441	 rs1042308	Ttc	Gtc	F	V	158  	.   0.01	3wexA  160  V
ENSP00000423441	 rs1042308	Ttc	Gtc	F	V	158  	.   0.01	3wexC  160  V
ENSP00000423441	 rs1042308	Ttc	Gtc	F	V	158  	.   0.01	3wexE  160  V
ENSP00000423441	 rs1042308	Ttc	Gtc	F	V	158  	.   0.01	3wexG  160  V
ENSP00000423441	 rs1042308	Ttc	Gtc	F	V	158  	.   0.01	4p4kA  159  F
ENSP00000423441	 rs1042308	Ttc	Gtc	F	V	158  	.   0.01	4p4kE  160  F
ENSP00000423441	 rs1042308	Ttc	Gtc	F	V	158  	.   0.01	4p4rA  159  F
ENSP00000423441	 rs1042308	Ttc	Gtc	F	V	158  	.   0.01	4p4rC  159  F
ENSP00000423441	 rs1042308	Ttc	Gtc	F	V	158  	.   0.01	4p57A  159  F
ENSP00000423441	 rs1042308	Ttc	Gtc	F	V	158  	.   0.01	4p57C  159  F
ENSP00000423441	 rs1042308	Ttc	Gtc	F	V	158  	.   0.01	4p5kA  160  F
ENSP00000423441	 rs1042308	Ttc	Gtc	F	V	158  	.   0.01	4p5kC  160  F
ENSP00000423441	 rs1042308	Ttc	Gtc	F	V	158  	.   0.01	4p5mA  160  F
ENSP00000423441	 rs1042308	Ttc	Gtc	F	V	158  	.   0.01	4p5mC  160  F
ENSP00000423441	 rs1042308	Ttc	Gtc	F	V	158  	.   0.01	4p5mE  160  F
ENSP00000423441	 rs1042308	Ttc	Gtc	F	V	158  	.   0.01	4p5mG  160  F
ENSP00000423441	 rs1042308	Ttc	Ctc	F	L	158  	.   0.01	3lqzA  160  F
ENSP00000423441	 rs1042308	Ttc	Ctc	F	L	158  	.   0.01	3wexA  160  V
ENSP00000423441	 rs1042308	Ttc	Ctc	F	L	158  	.   0.01	3wexC  160  V
ENSP00000423441	 rs1042308	Ttc	Ctc	F	L	158  	.   0.01	3wexE  160  V
ENSP00000423441	 rs1042308	Ttc	Ctc	F	L	158  	.   0.01	3wexG  160  V
ENSP00000423441	 rs1042308	Ttc	Ctc	F	L	158  	.   0.01	4p4kA  159  F
ENSP00000423441	 rs1042308	Ttc	Ctc	F	L	158  	.   0.01	4p4kE  160  F
ENSP00000423441	 rs1042308	Ttc	Ctc	F	L	158  	.   0.01	4p4rA  159  F
ENSP00000423441	 rs1042308	Ttc	Ctc	F	L	158  	.   0.01	4p4rC  159  F
ENSP00000423441	 rs1042308	Ttc	Ctc	F	L	158  	.   0.01	4p57A  159  F
ENSP00000423441	 rs1042308	Ttc	Ctc	F	L	158  	.   0.01	4p57C  159  F
ENSP00000423441	 rs1042308	Ttc	Ctc	F	L	158  	.   0.01	4p5kA  160  F
ENSP00000423441	 rs1042308	Ttc	Ctc	F	L	158  	.   0.01	4p5kC  160  F
ENSP00000423441	 rs1042308	Ttc	Ctc	F	L	158  	.   0.01	4p5mA  160  F
ENSP00000423441	 rs1042308	Ttc	Ctc	F	L	158  	.   0.01	4p5mC  160  F
ENSP00000423441	 rs1042308	Ttc	Ctc	F	L	158  	.   0.01	4p5mE  160  F
ENSP00000423441	 rs1042308	Ttc	Ctc	F	L	158  	.   0.01	4p5mG  160  F
ENSP00000423441	 rs1042308	Ttc	Atc	F	I	158  	.   0.01	3lqzA  160  F
ENSP00000423441	 rs1042308	Ttc	Atc	F	I	158  	.   0.01	3wexA  160  V
ENSP00000423441	 rs1042308	Ttc	Atc	F	I	158  	.   0.01	3wexC  160  V
ENSP00000423441	 rs1042308	Ttc	Atc	F	I	158  	.   0.01	3wexE  160  V
ENSP00000423441	 rs1042308	Ttc	Atc	F	I	158  	.   0.01	3wexG  160  V
ENSP00000423441	 rs1042308	Ttc	Atc	F	I	158  	.   0.01	4p4kA  159  F
ENSP00000423441	 rs1042308	Ttc	Atc	F	I	158  	.   0.01	4p4kE  160  F
ENSP00000423441	 rs1042308	Ttc	Atc	F	I	158  	.   0.01	4p4rA  159  F
ENSP00000423441	 rs1042308	Ttc	Atc	F	I	158  	.   0.01	4p4rC  159  F
ENSP00000423441	 rs1042308	Ttc	Atc	F	I	158  	.   0.01	4p57A  159  F
ENSP00000423441	 rs1042308	Ttc	Atc	F	I	158  	.   0.01	4p57C  159  F
ENSP00000423441	 rs1042308	Ttc	Atc	F	I	158  	.   0.01	4p5kA  160  F
ENSP00000423441	 rs1042308	Ttc	Atc	F	I	158  	.   0.01	4p5kC  160  F
ENSP00000423441	 rs1042308	Ttc	Atc	F	I	158  	.   0.01	4p5mA  160  F
ENSP00000423441	 rs1042308	Ttc	Atc	F	I	158  	.   0.01	4p5mC  160  F
ENSP00000423441	 rs1042308	Ttc	Atc	F	I	158  	.   0.01	4p5mE  160  F
ENSP00000423441	 rs1042308	Ttc	Atc	F	I	158  	.   0.01	4p5mG  160  F
ENSP00000423441	 rs1042190	aAg	aGg	K	R	109  	.   0.01	3lqzA  111  K
ENSP00000423441	 rs1042190	aAg	aGg	K	R	109  	.   0.01	3wexA  111  R
ENSP00000423441	 rs1042190	aAg	aGg	K	R	109  	.   0.01	3wexC  111  R
ENSP00000423441	 rs1042190	aAg	aGg	K	R	109  	.   0.01	3wexE  111  R
ENSP00000423441	 rs1042190	aAg	aGg	K	R	109  	.   0.01	3wexG  111  R
ENSP00000423441	 rs1042190	aAg	aGg	K	R	109  	.   0.01	4p4kA  110  K
ENSP00000423441	 rs1042190	aAg	aGg	K	R	109  	.   0.01	4p4kE  111  K
ENSP00000423441	 rs1042190	aAg	aGg	K	R	109  	.   0.01	4p4rA  110  K
ENSP00000423441	 rs1042190	aAg	aGg	K	R	109  	.   0.01	4p4rC  110  K
ENSP00000423441	 rs1042190	aAg	aGg	K	R	109  	.   0.01	4p57A  110  K
ENSP00000423441	 rs1042190	aAg	aGg	K	R	109  	.   0.01	4p57C  110  K
ENSP00000423441	 rs1042190	aAg	aGg	K	R	109  	.   0.01	4p5kA  111  K
ENSP00000423441	 rs1042190	aAg	aGg	K	R	109  	.   0.01	4p5kC  111  K
ENSP00000423441	 rs1042190	aAg	aGg	K	R	109  	.   0.01	4p5mA  111  K
ENSP00000423441	 rs1042190	aAg	aGg	K	R	109  	.   0.01	4p5mC  111  K
ENSP00000423441	 rs1042190	aAg	aGg	K	R	109  	.   0.01	4p5mE  111  K
ENSP00000423441	 rs1042190	aAg	aGg	K	R	109  	.   0.01	4p5mG  111  K
ENSP00000423441	 rs2308911	Atg	Ctg	M	L	62   	.   0.03	3lqzA   31  M
ENSP00000423441	 rs2308911	Atg	Ctg	M	L	62   	.   0.03	3wexA   31  Q
ENSP00000423441	 rs2308911	Atg	Ctg	M	L	62   	.   0.03	3wexC   31  Q
ENSP00000423441	 rs2308911	Atg	Ctg	M	L	62   	.   0.03	3wexE   31  Q
ENSP00000423441	 rs2308911	Atg	Ctg	M	L	62   	.   0.03	3wexG   31  Q
ENSP00000423441	 rs2308911	Atg	Ctg	M	L	62   	.   0.03	4p4kA   30  M
ENSP00000423441	 rs2308911	Atg	Ctg	M	L	62   	.   0.03	4p4kE   31  M
ENSP00000423441	 rs2308911	Atg	Ctg	M	L	62   	.   0.03	4p4rA   30  M
ENSP00000423441	 rs2308911	Atg	Ctg	M	L	62   	.   0.03	4p4rC   30  M
ENSP00000423441	 rs2308911	Atg	Ctg	M	L	62   	.   0.03	4p57A   30  M
ENSP00000423441	 rs2308911	Atg	Ctg	M	L	62   	.   0.03	4p57C   30  M
ENSP00000423441	 rs2308911	Atg	Ctg	M	L	62   	.   0.03	4p5kA   31  M
ENSP00000423441	 rs2308911	Atg	Ctg	M	L	62   	.   0.03	4p5kC   31  M
ENSP00000423441	 rs2308911	Atg	Ctg	M	L	62   	.   0.03	4p5mA   31  M
ENSP00000423441	 rs2308911	Atg	Ctg	M	L	62   	.   0.03	4p5mC   31  M
ENSP00000423441	 rs2308911	Atg	Ctg	M	L	62   	.   0.03	4p5mE   31  M
ENSP00000423441	 rs2308911	Atg	Ctg	M	L	62   	.   0.03	4p5mG   31  M
ENSP00000423441	 rs1126534	gCg	gTg	A	V	42   	.   0.01	3lqzA   11  A
ENSP00000423441	 rs1126534	gCg	gTg	A	V	42   	.   0.01	3wexA   11  M
ENSP00000423441	 rs1126534	gCg	gTg	A	V	42   	.   0.01	3wexC   11  M
ENSP00000423441	 rs1126534	gCg	gTg	A	V	42   	.   0.01	3wexE   11  M
ENSP00000423441	 rs1126534	gCg	gTg	A	V	42   	.   0.01	3wexG   11  M
ENSP00000423441	 rs1126534	gCg	gTg	A	V	42   	.   0.01	4p4kA   10  A
ENSP00000423441	 rs1126534	gCg	gTg	A	V	42   	.   0.01	4p4kE   11  A
ENSP00000423441	 rs1126534	gCg	gTg	A	V	42   	.   0.01	4p4rA   10  A
ENSP00000423441	 rs1126534	gCg	gTg	A	V	42   	.   0.01	4p4rC   10  A
ENSP00000423441	 rs1126534	gCg	gTg	A	V	42   	.   0.01	4p57A   10  A
ENSP00000423441	 rs1126534	gCg	gTg	A	V	42   	.   0.01	4p57C   10  A
ENSP00000423441	 rs1126534	gCg	gTg	A	V	42   	.   0.01	4p5kA   11  A
ENSP00000423441	 rs1126534	gCg	gTg	A	V	42   	.   0.01	4p5kC   11  A
ENSP00000423441	 rs1126534	gCg	gTg	A	V	42   	.   0.01	4p5mA   11  A
ENSP00000423441	 rs1126534	gCg	gTg	A	V	42   	.   0.01	4p5mC   11  A
ENSP00000423441	 rs1126534	gCg	gTg	A	V	42   	.   0.01	4p5mE   11  A
ENSP00000423441	 rs1126534	gCg	gTg	A	V	42   	.   0.01	4p5mG   11  A
ENSP00000423441	 rs2308931	ctG	ctA	L	L	125  	.   0.03	3lqzA  127  L
ENSP00000423441	 rs2308931	ctG	ctA	L	L	125  	.   0.03	3wexA  127  P
ENSP00000423441	 rs2308931	ctG	ctA	L	L	125  	.   0.03	3wexC  127  P
ENSP00000423441	 rs2308931	ctG	ctA	L	L	125  	.   0.03	3wexE  127  P
ENSP00000423441	 rs2308931	ctG	ctA	L	L	125  	.   0.03	3wexG  127  P
ENSP00000423441	 rs2308931	ctG	ctA	L	L	125  	.   0.03	4p4kA  126  L
ENSP00000423441	 rs2308931	ctG	ctA	L	L	125  	.   0.03	4p4kE  127  L
ENSP00000423441	 rs2308931	ctG	ctA	L	L	125  	.   0.03	4p4rA  126  L
ENSP00000423441	 rs2308931	ctG	ctA	L	L	125  	.   0.03	4p4rC  126  L
ENSP00000423441	 rs2308931	ctG	ctA	L	L	125  	.   0.03	4p57A  126  L
ENSP00000423441	 rs2308931	ctG	ctA	L	L	125  	.   0.03	4p57C  126  L
ENSP00000423441	 rs2308931	ctG	ctA	L	L	125  	.   0.03	4p5kA  127  L
ENSP00000423441	 rs2308931	ctG	ctA	L	L	125  	.   0.03	4p5kC  127  L
ENSP00000423441	 rs2308931	ctG	ctA	L	L	125  	.   0.03	4p5mA  127  L
ENSP00000423441	 rs2308931	ctG	ctA	L	L	125  	.   0.03	4p5mC  127  L
ENSP00000423441	 rs2308931	ctG	ctA	L	L	125  	.   0.03	4p5mE  127  L
ENSP00000423441	 rs2308931	ctG	ctA	L	L	125  	.   0.03	4p5mG  127  L
ENSP00000423470	 rs3822346	Cct	Tct	P	S	184  	.   0.25	5dzvA  155  P
ENSP00000423470	 rs3822346	Cct	Tct	P	S	184  	.   0.25	5dzvB  155  P
ENSP00000423470	 rs3822346	Cct	Tct	P	S	184  	.   0.25	5dzwA  155  S
ENSP00000423541	   rs31244	Gac	Aac	D	N	543  	.   0.01	4jraC   63  D
ENSP00000423541	   rs31244	Gac	Aac	D	N	543  	.   0.01	4jraD   71  D
ENSP00000423541	   rs31244	Gac	Aac	D	N	543  	.   0.01	5jlvC   74  D
ENSP00000423541	   rs31244	Gac	Aac	D	N	543  	.   0.01	5jlvD   70  D
ENSP00000423541	   rs31244	Gac	Aac	D	N	543  	.   0.01	5jmcB   68  E
ENSP00000423541	   rs31244	Gac	Aac	D	N	543  	.   0.01	5jmcD   68  E
ENSP00000423541	   rs31244	Gac	Aac	D	N	543  	.   0.01	5jmcF   68  E
ENSP00000423541	   rs31244	Gac	Aac	D	N	543  	.   0.01	5jmcH   68  E
ENSP00000423541	   rs31244	Gac	Aac	D	N	543  	.   0.01	5moyB   80  D
ENSP00000423541	   rs31244	Gac	Aac	D	N	543  	.   0.01	6es1B   71  D
ENSP00000423559	rs61753731	gAt	gCt	D	A	561  	.   0.07	1v27A   32  D
ENSP00000423563	 rs3210047	tcT	tcC	S	S	340  	.   0.05	1yd9A  156  S
ENSP00000423563	 rs3210047	tcT	tcC	S	S	340  	.   0.05	1yd9B  156  S
ENSP00000423563	 rs3210047	tcT	tcC	S	S	340  	.   0.05	1yd9C  157  S
ENSP00000423563	 rs3210047	tcT	tcC	S	S	340  	.   0.05	1yd9D  156  S
ENSP00000423563	 rs3210047	tcT	tcC	S	S	340  	.   0.05	1zr3A  156  S
ENSP00000423563	 rs3210047	tcT	tcC	S	S	340  	.   0.05	1zr3B  156  S
ENSP00000423563	 rs3210047	tcT	tcC	S	S	340  	.   0.05	1zr3C  155  S
ENSP00000423563	 rs3210047	tcT	tcC	S	S	340  	.   0.05	1zr3D  155  S
ENSP00000423563	 rs3210047	tcT	tcC	S	S	340  	.   0.05	1zr5A  160  S
ENSP00000423563	 rs3210047	tcT	tcC	S	S	340  	.   0.05	1zr5B  158  S
ENSP00000423563	 rs3210047	tcT	tcC	S	S	340  	.   0.05	2fxkA  156  S
ENSP00000423563	 rs3210047	tcT	tcC	S	S	340  	.   0.05	2fxkB  156  S
ENSP00000423563	 rs3210047	tcT	tcC	S	S	340  	.   0.05	3iidA  158  S
ENSP00000423563	 rs3210047	tcT	tcC	S	S	340  	.   0.05	3iifA  157  S
ENSP00000423563	 rs3210047	tcT	tcC	S	S	340  	.   0.05	3iifB  155  S
ENSP00000423563	 rs3210047	tcT	tcC	S	S	340  	.   0.05	3iifC  157  S
ENSP00000423571	rs35229514	aAa	aCa	K	T	151  	.   0.06	3cosA  131  K
ENSP00000423571	rs35229514	aAa	aCa	K	T	151  	.   0.06	3cosB  131  K
ENSP00000423571	rs35229514	aAa	aCa	K	T	151  	.   0.06	3cosC  131  K
ENSP00000423571	rs35229514	aAa	aCa	K	T	151  	.   0.06	3cosD  133  K
ENSP00000423571	rs61754857	Gag	Aag	E	K	89   	.   0.01	3cosA   69  E
ENSP00000423571	rs61754857	Gag	Aag	E	K	89   	.   0.01	3cosB   69  E
ENSP00000423571	rs61754857	Gag	Aag	E	K	89   	.   0.01	3cosC   69  E
ENSP00000423571	rs61754857	Gag	Aag	E	K	89   	.   0.01	3cosD   71  E
ENSP00000423571	rs61734620	tGc	tAc	C	Y	66   	.    0.0	3cosA   46  C
ENSP00000423571	rs61734620	tGc	tAc	C	Y	66   	.    0.0	3cosB   46  C
ENSP00000423571	rs61734620	tGc	tAc	C	Y	66   	.    0.0	3cosC   46  C
ENSP00000423571	rs61734620	tGc	tAc	C	Y	66   	.    0.0	3cosD   48  C
ENSP00000423649	 rs3796403	atC	atT	I	I	422  	.   0.01	3dw8B  408  V
ENSP00000423649	 rs3796403	atC	atT	I	I	422  	.   0.01	3dw8E  408  V
ENSP00000423666	 rs2307424	ccC	ccT	P	P	151  	.   0.01	1xv9B   78  P
ENSP00000423666	 rs2307424	ccC	ccT	P	P	151  	.   0.01	1xv9D   78  P
ENSP00000423666	 rs2307424	ccC	ccT	P	P	151  	.   0.01	1xvpB   78  P
ENSP00000423666	 rs2307424	ccC	ccT	P	P	151  	.   0.01	1xvpD   78  P
ENSP00000423684	 rs3775291	Ctc	Gtc	L	V	135  	.   0.01	1ziwA  377  L
ENSP00000423684	 rs3775291	Ctc	Gtc	L	V	135  	.   0.01	2a0zA  387  L
ENSP00000423684	 rs3775291	Ctc	Gtc	L	V	135  	.   0.01	3uluA  384  L
ENSP00000423684	 rs3775291	Ctc	Gtc	L	V	135  	.   0.01	3ulvA  384  L
ENSP00000423684	 rs3775291	Ctc	Gtc	L	V	135  	.   0.01	5gs0A  384  L
ENSP00000423684	 rs3775291	Ctc	Gtc	L	V	135  	.   0.01	5gs0D  384  L
ENSP00000423684	 rs3775291	Ctc	Ttc	L	F	135  	.   0.01	1ziwA  377  L
ENSP00000423684	 rs3775291	Ctc	Ttc	L	F	135  	.   0.01	2a0zA  387  L
ENSP00000423684	 rs3775291	Ctc	Ttc	L	F	135  	.   0.01	3uluA  384  L
ENSP00000423684	 rs3775291	Ctc	Ttc	L	F	135  	.   0.01	3ulvA  384  L
ENSP00000423684	 rs3775291	Ctc	Ttc	L	F	135  	.   0.01	5gs0A  384  L
ENSP00000423684	 rs3775291	Ctc	Ttc	L	F	135  	.   0.01	5gs0D  384  L
ENSP00000423685	 rs6815946	aaT	aaC	N	N	120  	.   0.01	3w81A  155  N
ENSP00000423685	 rs6815946	aaT	aaC	N	N	120  	.   0.01	3w81B  155  N
ENSP00000423685	 rs6815946	aaT	aaC	N	N	120  	.   0.01	3w82A  155  N
ENSP00000423685	 rs6815946	aaT	aaC	N	N	120  	.   0.01	3w82B  155  N
ENSP00000423685	 rs6815946	aaT	aaC	N	N	120  	.   0.01	4kgjA  139  N
ENSP00000423685	 rs6815946	aaT	aaC	N	N	120  	.   0.01	4kgjB  146  N
ENSP00000423685	 rs6815946	aaT	aaC	N	N	120  	.   0.01	4kglA  139  N
ENSP00000423685	 rs6815946	aaT	aaC	N	N	120  	.   0.01	4kglB  151  N
ENSP00000423685	 rs6815946	aaT	aaC	N	N	120  	.   0.01	4kh2A  139  N
ENSP00000423685	 rs6815946	aaT	aaC	N	N	120  	.   0.01	4kh2B  146  N
ENSP00000423685	 rs6815946	aaT	aaC	N	N	120  	.   0.01	4mj2A  139  N
ENSP00000423685	 rs6815946	aaT	aaC	N	N	120  	.   0.01	4mj2B  146  N
ENSP00000423685	 rs6815946	aaT	aaC	N	N	120  	.   0.01	4mj4A  144  N
ENSP00000423685	 rs6815946	aaT	aaC	N	N	120  	.   0.01	4obrA  139  N
ENSP00000423685	 rs6815946	aaT	aaC	N	N	120  	.   0.01	4obrB  145  N
ENSP00000423685	 rs6815946	aaT	aaC	N	N	120  	.   0.01	4obsA  139  N
ENSP00000423775	 rs6531985	gtC	gtT	V	V	133  	.   0.01	1yb1A  147  V
ENSP00000423775	 rs6531985	gtC	gtT	V	V	133  	.   0.01	1yb1B  146  V
ENSP00000423815	 rs2244029	atT	atC	I	I	144  	.   0.01	1hqvA  136  I
ENSP00000423815	 rs2244029	atT	atC	I	I	144  	.   0.01	2zn8A  121  I
ENSP00000423815	 rs2244029	atT	atC	I	I	144  	.   0.01	2zn9A  126  I
ENSP00000423815	 rs2244029	atT	atC	I	I	144  	.   0.01	2zn9B  126  I
ENSP00000423815	 rs2244029	atT	atC	I	I	144  	.   0.01	2zndA  122  I
ENSP00000423815	 rs2244029	atT	atC	I	I	144  	.   0.01	2zneA  123  I
ENSP00000423815	 rs2244029	atT	atC	I	I	144  	.   0.01	2zneB  122  I
ENSP00000423815	 rs2244029	atT	atC	I	I	144  	.   0.01	2zrsA  123  I
ENSP00000423815	 rs2244029	atT	atC	I	I	144  	.   0.01	2zrsB  121  I
ENSP00000423815	 rs2244029	atT	atC	I	I	144  	.   0.01	2zrsC  120  I
ENSP00000423815	 rs2244029	atT	atC	I	I	144  	.   0.01	2zrsD  122  I
ENSP00000423815	 rs2244029	atT	atC	I	I	144  	.   0.01	2zrsE  123  I
ENSP00000423815	 rs2244029	atT	atC	I	I	144  	.   0.01	2zrsF  121  I
ENSP00000423815	 rs2244029	atT	atC	I	I	144  	.   0.01	2zrsG  121  I
ENSP00000423815	 rs2244029	atT	atC	I	I	144  	.   0.01	2zrsH  121  I
ENSP00000423815	 rs2244029	atT	atC	I	I	144  	.   0.01	2zrtA  122  I
ENSP00000423815	 rs2244029	atT	atC	I	I	144  	.   0.01	2zrtB  123  I
ENSP00000423815	 rs2244029	atT	atC	I	I	144  	.   0.01	2zrtC  122  I
ENSP00000423815	 rs2244029	atT	atC	I	I	144  	.   0.01	2zrtD  120  I
ENSP00000423815	 rs2244029	atT	atC	I	I	144  	.   0.01	2zrtE  123  I
ENSP00000423815	 rs2244029	atT	atC	I	I	144  	.   0.01	2zrtF  122  I
ENSP00000423815	 rs2244029	atT	atC	I	I	144  	.   0.01	2zrtG  121  I
ENSP00000423815	 rs2244029	atT	atC	I	I	144  	.   0.01	2zrtH  121  I
ENSP00000423815	 rs2244029	atT	atC	I	I	144  	.   0.01	3aajA  122  I
ENSP00000423815	 rs2244029	atT	atC	I	I	144  	.   0.01	3aajB  117  I
ENSP00000423815	 rs2244029	atT	atC	I	I	144  	.   0.01	3aakA  122  I
ENSP00000423815	 rs2244029	atT	atC	I	I	144  	.   0.01	3wxaA  122  I
ENSP00000423815	 rs2244029	atT	atC	I	I	144  	.   0.01	3wxaB  122  I
ENSP00000423828	rs77907679	gAa	gGa	E	G	425  	.   0.37	3au3A   29  E
ENSP00000423828	rs77907679	gAa	gGa	E	G	425  	.   0.37	3nmwA   22  E
ENSP00000423828	rs77907679	gAa	gGa	E	G	425  	.   0.37	3nmwB   22  E
ENSP00000423828	rs77907679	gAa	gGa	E	G	425  	.   0.37	3nmxA   23  E
ENSP00000423828	rs77907679	gAa	gGa	E	G	425  	.   0.37	3nmxB   23  E
ENSP00000423828	rs77907679	gAa	gGa	E	G	425  	.   0.37	3nmxC   23  E
ENSP00000423828	rs77907679	gAa	gGa	E	G	425  	.   0.37	3nmzA   97  E
ENSP00000423828	rs77907679	gAa	gGa	E	G	425  	.   0.37	3nmzB   94  E
ENSP00000423828	rs77907679	gAa	gGa	E	G	425  	.   0.37	3qheA   25  E
ENSP00000423828	rs77907679	gAa	gGa	E	G	425  	.   0.37	3qheC   24  E
ENSP00000423828	rs77907679	gAa	gGa	E	G	425  	.   0.37	4yjeA   23  E
ENSP00000423828	rs77907679	gAa	gGa	E	G	425  	.   0.37	4yjlA   26  E
ENSP00000423828	rs77907679	gAa	gGa	E	G	425  	.   0.37	4yjlB   25  E
ENSP00000423828	rs77907679	gAa	gGa	E	G	425  	.   0.37	4yjlC   26  E
ENSP00000423828	rs77907679	gAa	gGa	E	G	425  	.   0.37	4yjlD   26  E
ENSP00000423828	rs77907679	gAa	gGa	E	G	425  	.   0.37	4yjlE   26  E
ENSP00000423828	rs77907679	gAa	gGa	E	G	425  	.   0.37	4yjlF   26  E
ENSP00000423828	rs77907679	gAa	gGa	E	G	425  	.   0.37	4yk6B   23  E
ENSP00000423828	rs77907679	gAa	gGa	E	G	425  	.   0.37	5b6gA   23  E
ENSP00000423828	rs77907679	gAa	gGa	E	G	425  	.   0.37	5iz6A   23  E
ENSP00000423828	rs77907679	gAa	gGa	E	G	425  	.   0.37	5iz8A   25  E
ENSP00000423828	rs77907679	gAa	gGa	E	G	425  	.   0.37	5iz8B   26  E
ENSP00000423828	rs77907679	gAa	gGa	E	G	425  	.   0.37	5iz9A   20  E
ENSP00000423828	rs77907679	gAa	gGa	E	G	425  	.   0.37	5izaA   23  E
ENSP00000423851	 rs2229175	cGg	cTg	R	L	416  	.   0.22	1x0oA   79  R
ENSP00000423851	 rs2229175	cGg	cTg	R	L	416  	.   0.22	2a24B   73  R
ENSP00000423851	 rs2229175	cGg	cTg	R	L	416  	.   0.22	2b02A   75  R
ENSP00000423851	 rs2229175	cGg	cTg	R	L	416  	.   0.22	2hv1A   73  R
ENSP00000423851	 rs2229175	cGg	cTg	R	L	416  	.   0.22	2hv1B   73  R
ENSP00000423851	 rs2229175	cGg	cTg	R	L	416  	.   0.22	2k7sA   79  R
ENSP00000423851	 rs2229175	cGg	cTg	R	L	416  	.   0.22	3f1nB   74  R
ENSP00000423851	 rs2229175	cGg	cTg	R	L	416  	.   0.22	3f1oB   74  R
ENSP00000423851	 rs2229175	cGg	cTg	R	L	416  	.   0.22	3f1pB   74  R
ENSP00000423851	 rs2229175	cGg	cTg	R	L	416  	.   0.22	3h7wB   73  R
ENSP00000423851	 rs2229175	cGg	cTg	R	L	416  	.   0.22	3h82A   76  R
ENSP00000423851	 rs2229175	cGg	cTg	R	L	416  	.   0.22	4eq1A   75  R
ENSP00000423851	 rs2229175	cGg	cTg	R	L	416  	.   0.22	4eq1B   75  R
ENSP00000423851	 rs2229175	cGg	cTg	R	L	416  	.   0.22	4ghiB   73  R
ENSP00000423851	 rs2229175	cGg	cTg	R	L	416  	.   0.22	4gs9B   71  R
ENSP00000423851	 rs2229175	cGg	cTg	R	L	416  	.   0.22	4h6jB   75  R
ENSP00000423851	 rs2229175	cGg	cTg	R	L	416  	.   0.22	4lpzA   70  R
ENSP00000423851	 rs2229175	cGg	cTg	R	L	416  	.   0.22	4lpzB   70  R
ENSP00000423851	 rs2229175	cGg	cTg	R	L	416  	.   0.22	4pkyA   70  R
ENSP00000423851	 rs2229175	cGg	cTg	R	L	416  	.   0.22	4pkyD   70  R
ENSP00000423851	 rs2229175	cGg	cTg	R	L	416  	.   0.22	4xt2A   73  R
ENSP00000423851	 rs2229175	cGg	cTg	R	L	416  	.   0.22	4xt2B   71  R
ENSP00000423851	 rs2229175	cGg	cTg	R	L	416  	.   0.22	4zp4A  227  R
ENSP00000423851	 rs2229175	cGg	cTg	R	L	416  	.   0.22	4zp4C  224  R
ENSP00000423851	 rs2229175	cGg	cTg	R	L	416  	.   0.22	4zphA  220  R
ENSP00000423851	 rs2229175	cGg	cTg	R	L	416  	.   0.22	4zphC  218  R
ENSP00000423851	 rs2229175	cGg	cTg	R	L	416  	.   0.22	4zpkA  234  R
ENSP00000423851	 rs2229175	cGg	cTg	R	L	416  	.   0.22	4zqdA  209  R
ENSP00000423851	 rs2229175	cGg	cTg	R	L	416  	.   0.22	4zqdC  218  R
ENSP00000423851	 rs2229175	cGg	cTg	R	L	416  	.   0.22	5sy5A  244  R
ENSP00000423851	 rs2229175	cGg	cTg	R	L	416  	.   0.22	5sy5C  235  R
ENSP00000423851	 rs2229175	cGg	cTg	R	L	416  	.   0.22	5sy5E  245  R
ENSP00000423851	 rs2229175	cGg	cTg	R	L	416  	.   0.22	5sy7A  243  R
ENSP00000423851	 rs2229175	cGg	cTg	R	L	416  	.   0.22	5tbmB   73  R
ENSP00000423851	 rs2229175	cGg	cTg	R	L	416  	.   0.22	5ufpB   73  R
ENSP00000423851	 rs2229175	cGg	cTg	R	L	416  	.   0.22	5y7yB  229  R
ENSP00000423851	 rs2229175	cGg	cCg	R	P	416  	.   0.22	1x0oA   79  R
ENSP00000423851	 rs2229175	cGg	cCg	R	P	416  	.   0.22	2a24B   73  R
ENSP00000423851	 rs2229175	cGg	cCg	R	P	416  	.   0.22	2b02A   75  R
ENSP00000423851	 rs2229175	cGg	cCg	R	P	416  	.   0.22	2hv1A   73  R
ENSP00000423851	 rs2229175	cGg	cCg	R	P	416  	.   0.22	2hv1B   73  R
ENSP00000423851	 rs2229175	cGg	cCg	R	P	416  	.   0.22	2k7sA   79  R
ENSP00000423851	 rs2229175	cGg	cCg	R	P	416  	.   0.22	3f1nB   74  R
ENSP00000423851	 rs2229175	cGg	cCg	R	P	416  	.   0.22	3f1oB   74  R
ENSP00000423851	 rs2229175	cGg	cCg	R	P	416  	.   0.22	3f1pB   74  R
ENSP00000423851	 rs2229175	cGg	cCg	R	P	416  	.   0.22	3h7wB   73  R
ENSP00000423851	 rs2229175	cGg	cCg	R	P	416  	.   0.22	3h82A   76  R
ENSP00000423851	 rs2229175	cGg	cCg	R	P	416  	.   0.22	4eq1A   75  R
ENSP00000423851	 rs2229175	cGg	cCg	R	P	416  	.   0.22	4eq1B   75  R
ENSP00000423851	 rs2229175	cGg	cCg	R	P	416  	.   0.22	4ghiB   73  R
ENSP00000423851	 rs2229175	cGg	cCg	R	P	416  	.   0.22	4gs9B   71  R
ENSP00000423851	 rs2229175	cGg	cCg	R	P	416  	.   0.22	4h6jB   75  R
ENSP00000423851	 rs2229175	cGg	cCg	R	P	416  	.   0.22	4lpzA   70  R
ENSP00000423851	 rs2229175	cGg	cCg	R	P	416  	.   0.22	4lpzB   70  R
ENSP00000423851	 rs2229175	cGg	cCg	R	P	416  	.   0.22	4pkyA   70  R
ENSP00000423851	 rs2229175	cGg	cCg	R	P	416  	.   0.22	4pkyD   70  R
ENSP00000423851	 rs2229175	cGg	cCg	R	P	416  	.   0.22	4xt2A   73  R
ENSP00000423851	 rs2229175	cGg	cCg	R	P	416  	.   0.22	4xt2B   71  R
ENSP00000423851	 rs2229175	cGg	cCg	R	P	416  	.   0.22	4zp4A  227  R
ENSP00000423851	 rs2229175	cGg	cCg	R	P	416  	.   0.22	4zp4C  224  R
ENSP00000423851	 rs2229175	cGg	cCg	R	P	416  	.   0.22	4zphA  220  R
ENSP00000423851	 rs2229175	cGg	cCg	R	P	416  	.   0.22	4zphC  218  R
ENSP00000423851	 rs2229175	cGg	cCg	R	P	416  	.   0.22	4zpkA  234  R
ENSP00000423851	 rs2229175	cGg	cCg	R	P	416  	.   0.22	4zqdA  209  R
ENSP00000423851	 rs2229175	cGg	cCg	R	P	416  	.   0.22	4zqdC  218  R
ENSP00000423851	 rs2229175	cGg	cCg	R	P	416  	.   0.22	5sy5A  244  R
ENSP00000423851	 rs2229175	cGg	cCg	R	P	416  	.   0.22	5sy5C  235  R
ENSP00000423851	 rs2229175	cGg	cCg	R	P	416  	.   0.22	5sy5E  245  R
ENSP00000423851	 rs2229175	cGg	cCg	R	P	416  	.   0.22	5sy7A  243  R
ENSP00000423851	 rs2229175	cGg	cCg	R	P	416  	.   0.22	5tbmB   73  R
ENSP00000423851	 rs2229175	cGg	cCg	R	P	416  	.   0.22	5ufpB   73  R
ENSP00000423851	 rs2229175	cGg	cCg	R	P	416  	.   0.22	5y7yB  229  R
ENSP00000423851	 rs2229175	cGg	cAg	R	Q	416  	.   0.22	1x0oA   79  R
ENSP00000423851	 rs2229175	cGg	cAg	R	Q	416  	.   0.22	2a24B   73  R
ENSP00000423851	 rs2229175	cGg	cAg	R	Q	416  	.   0.22	2b02A   75  R
ENSP00000423851	 rs2229175	cGg	cAg	R	Q	416  	.   0.22	2hv1A   73  R
ENSP00000423851	 rs2229175	cGg	cAg	R	Q	416  	.   0.22	2hv1B   73  R
ENSP00000423851	 rs2229175	cGg	cAg	R	Q	416  	.   0.22	2k7sA   79  R
ENSP00000423851	 rs2229175	cGg	cAg	R	Q	416  	.   0.22	3f1nB   74  R
ENSP00000423851	 rs2229175	cGg	cAg	R	Q	416  	.   0.22	3f1oB   74  R
ENSP00000423851	 rs2229175	cGg	cAg	R	Q	416  	.   0.22	3f1pB   74  R
ENSP00000423851	 rs2229175	cGg	cAg	R	Q	416  	.   0.22	3h7wB   73  R
ENSP00000423851	 rs2229175	cGg	cAg	R	Q	416  	.   0.22	3h82A   76  R
ENSP00000423851	 rs2229175	cGg	cAg	R	Q	416  	.   0.22	4eq1A   75  R
ENSP00000423851	 rs2229175	cGg	cAg	R	Q	416  	.   0.22	4eq1B   75  R
ENSP00000423851	 rs2229175	cGg	cAg	R	Q	416  	.   0.22	4ghiB   73  R
ENSP00000423851	 rs2229175	cGg	cAg	R	Q	416  	.   0.22	4gs9B   71  R
ENSP00000423851	 rs2229175	cGg	cAg	R	Q	416  	.   0.22	4h6jB   75  R
ENSP00000423851	 rs2229175	cGg	cAg	R	Q	416  	.   0.22	4lpzA   70  R
ENSP00000423851	 rs2229175	cGg	cAg	R	Q	416  	.   0.22	4lpzB   70  R
ENSP00000423851	 rs2229175	cGg	cAg	R	Q	416  	.   0.22	4pkyA   70  R
ENSP00000423851	 rs2229175	cGg	cAg	R	Q	416  	.   0.22	4pkyD   70  R
ENSP00000423851	 rs2229175	cGg	cAg	R	Q	416  	.   0.22	4xt2A   73  R
ENSP00000423851	 rs2229175	cGg	cAg	R	Q	416  	.   0.22	4xt2B   71  R
ENSP00000423851	 rs2229175	cGg	cAg	R	Q	416  	.   0.22	4zp4A  227  R
ENSP00000423851	 rs2229175	cGg	cAg	R	Q	416  	.   0.22	4zp4C  224  R
ENSP00000423851	 rs2229175	cGg	cAg	R	Q	416  	.   0.22	4zphA  220  R
ENSP00000423851	 rs2229175	cGg	cAg	R	Q	416  	.   0.22	4zphC  218  R
ENSP00000423851	 rs2229175	cGg	cAg	R	Q	416  	.   0.22	4zpkA  234  R
ENSP00000423851	 rs2229175	cGg	cAg	R	Q	416  	.   0.22	4zqdA  209  R
ENSP00000423851	 rs2229175	cGg	cAg	R	Q	416  	.   0.22	4zqdC  218  R
ENSP00000423851	 rs2229175	cGg	cAg	R	Q	416  	.   0.22	5sy5A  244  R
ENSP00000423851	 rs2229175	cGg	cAg	R	Q	416  	.   0.22	5sy5C  235  R
ENSP00000423851	 rs2229175	cGg	cAg	R	Q	416  	.   0.22	5sy5E  245  R
ENSP00000423851	 rs2229175	cGg	cAg	R	Q	416  	.   0.22	5sy7A  243  R
ENSP00000423851	 rs2229175	cGg	cAg	R	Q	416  	.   0.22	5tbmB   73  R
ENSP00000423851	 rs2229175	cGg	cAg	R	Q	416  	.   0.22	5ufpB   73  R
ENSP00000423851	 rs2229175	cGg	cAg	R	Q	416  	.   0.22	5y7yB  229  R
ENSP00000423851	rs10305678	tcT	tcG	S	S	74   	*   0.91	5v0lA    3  S
ENSP00000423851	rs10305678	tcT	tcC	S	S	74   	*   0.91	5v0lA    3  S
ENSP00000423851	rs10305678	tcT	tcA	S	S	74   	*   0.91	5v0lA    3  S
ENSP00000423968	 rs3750800	acG	acT	T	T	40   	.   0.11	4d8oA   37  A
ENSP00000423968	 rs3750800	acG	acA	T	T	40   	.   0.11	4d8oA   37  A
ENSP00000424003	 rs2524235	Ctg	Gtg	L	V	190  	.    0.0	3zosA  222  W
ENSP00000424003	 rs2524235	Ctg	Gtg	L	V	190  	.    0.0	3zosB  224  W
ENSP00000424003	 rs2524235	Ctg	Gtg	L	V	190  	.    0.0	4bkjA  216  W
ENSP00000424003	 rs2524235	Ctg	Gtg	L	V	190  	.    0.0	4bkjB  218  W
ENSP00000424003	 rs2524235	Ctg	Gtg	L	V	190  	.    0.0	4ckrA  216  W
ENSP00000424003	 rs2524235	Ctg	Gtg	L	V	190  	.    0.0	5bvkA  201  W
ENSP00000424003	 rs2524235	Ctg	Gtg	L	V	190  	.    0.0	5bvnA  201  W
ENSP00000424003	 rs2524235	Ctg	Gtg	L	V	190  	.    0.0	5bvoA  199  W
ENSP00000424003	 rs2524235	Ctg	Gtg	L	V	190  	.    0.0	5bvwA  197  W
ENSP00000424003	 rs2524235	Ctg	Gtg	L	V	190  	.    0.0	5fdpA  207  W
ENSP00000424003	 rs2524235	Ctg	Gtg	L	V	190  	.    0.0	5fdxA  205  W
ENSP00000424003	 rs2524235	Ctg	Gtg	L	V	190  	.    0.0	5fdxB  201  W
ENSP00000424003	 rs2524235	Ctg	Gtg	L	V	190  	.    0.0	6gwrA  222  W
ENSP00000424003	 rs2524235	Ctg	Gtg	L	V	190  	.    0.0	6gwrB  211  W
ENSP00000424104	 rs1800371	Ccg	Tcg	P	S	47   	.   0.21	5hpdA  144  P
ENSP00000424104	 rs1800371	Ccg	Acg	P	T	47   	.   0.21	5hpdA  144  P
ENSP00000424161	 rs2241337	aaT	aaC	N	N	1218 	.   0.04	5b16A  609  N
ENSP00000424190	 rs1042308	Ttc	Gtc	F	V	191  	.   0.01	3lqzA  160  F
ENSP00000424190	 rs1042308	Ttc	Gtc	F	V	191  	.   0.01	3wexA  160  V
ENSP00000424190	 rs1042308	Ttc	Gtc	F	V	191  	.   0.01	3wexC  160  V
ENSP00000424190	 rs1042308	Ttc	Gtc	F	V	191  	.   0.01	3wexE  160  V
ENSP00000424190	 rs1042308	Ttc	Gtc	F	V	191  	.   0.01	3wexG  160  V
ENSP00000424190	 rs1042308	Ttc	Gtc	F	V	191  	.   0.01	4p4kA  159  F
ENSP00000424190	 rs1042308	Ttc	Gtc	F	V	191  	.   0.01	4p4kE  160  F
ENSP00000424190	 rs1042308	Ttc	Gtc	F	V	191  	.   0.01	4p4rA  159  F
ENSP00000424190	 rs1042308	Ttc	Gtc	F	V	191  	.   0.01	4p4rC  159  F
ENSP00000424190	 rs1042308	Ttc	Gtc	F	V	191  	.   0.01	4p57A  159  F
ENSP00000424190	 rs1042308	Ttc	Gtc	F	V	191  	.   0.01	4p57C  159  F
ENSP00000424190	 rs1042308	Ttc	Gtc	F	V	191  	.   0.01	4p5kA  160  F
ENSP00000424190	 rs1042308	Ttc	Gtc	F	V	191  	.   0.01	4p5kC  160  F
ENSP00000424190	 rs1042308	Ttc	Gtc	F	V	191  	.   0.01	4p5mA  160  F
ENSP00000424190	 rs1042308	Ttc	Gtc	F	V	191  	.   0.01	4p5mC  160  F
ENSP00000424190	 rs1042308	Ttc	Gtc	F	V	191  	.   0.01	4p5mE  160  F
ENSP00000424190	 rs1042308	Ttc	Gtc	F	V	191  	.   0.01	4p5mG  160  F
ENSP00000424190	 rs1042308	Ttc	Ctc	F	L	191  	.   0.01	3lqzA  160  F
ENSP00000424190	 rs1042308	Ttc	Ctc	F	L	191  	.   0.01	3wexA  160  V
ENSP00000424190	 rs1042308	Ttc	Ctc	F	L	191  	.   0.01	3wexC  160  V
ENSP00000424190	 rs1042308	Ttc	Ctc	F	L	191  	.   0.01	3wexE  160  V
ENSP00000424190	 rs1042308	Ttc	Ctc	F	L	191  	.   0.01	3wexG  160  V
ENSP00000424190	 rs1042308	Ttc	Ctc	F	L	191  	.   0.01	4p4kA  159  F
ENSP00000424190	 rs1042308	Ttc	Ctc	F	L	191  	.   0.01	4p4kE  160  F
ENSP00000424190	 rs1042308	Ttc	Ctc	F	L	191  	.   0.01	4p4rA  159  F
ENSP00000424190	 rs1042308	Ttc	Ctc	F	L	191  	.   0.01	4p4rC  159  F
ENSP00000424190	 rs1042308	Ttc	Ctc	F	L	191  	.   0.01	4p57A  159  F
ENSP00000424190	 rs1042308	Ttc	Ctc	F	L	191  	.   0.01	4p57C  159  F
ENSP00000424190	 rs1042308	Ttc	Ctc	F	L	191  	.   0.01	4p5kA  160  F
ENSP00000424190	 rs1042308	Ttc	Ctc	F	L	191  	.   0.01	4p5kC  160  F
ENSP00000424190	 rs1042308	Ttc	Ctc	F	L	191  	.   0.01	4p5mA  160  F
ENSP00000424190	 rs1042308	Ttc	Ctc	F	L	191  	.   0.01	4p5mC  160  F
ENSP00000424190	 rs1042308	Ttc	Ctc	F	L	191  	.   0.01	4p5mE  160  F
ENSP00000424190	 rs1042308	Ttc	Ctc	F	L	191  	.   0.01	4p5mG  160  F
ENSP00000424190	 rs1042308	Ttc	Atc	F	I	191  	.   0.01	3lqzA  160  F
ENSP00000424190	 rs1042308	Ttc	Atc	F	I	191  	.   0.01	3wexA  160  V
ENSP00000424190	 rs1042308	Ttc	Atc	F	I	191  	.   0.01	3wexC  160  V
ENSP00000424190	 rs1042308	Ttc	Atc	F	I	191  	.   0.01	3wexE  160  V
ENSP00000424190	 rs1042308	Ttc	Atc	F	I	191  	.   0.01	3wexG  160  V
ENSP00000424190	 rs1042308	Ttc	Atc	F	I	191  	.   0.01	4p4kA  159  F
ENSP00000424190	 rs1042308	Ttc	Atc	F	I	191  	.   0.01	4p4kE  160  F
ENSP00000424190	 rs1042308	Ttc	Atc	F	I	191  	.   0.01	4p4rA  159  F
ENSP00000424190	 rs1042308	Ttc	Atc	F	I	191  	.   0.01	4p4rC  159  F
ENSP00000424190	 rs1042308	Ttc	Atc	F	I	191  	.   0.01	4p57A  159  F
ENSP00000424190	 rs1042308	Ttc	Atc	F	I	191  	.   0.01	4p57C  159  F
ENSP00000424190	 rs1042308	Ttc	Atc	F	I	191  	.   0.01	4p5kA  160  F
ENSP00000424190	 rs1042308	Ttc	Atc	F	I	191  	.   0.01	4p5kC  160  F
ENSP00000424190	 rs1042308	Ttc	Atc	F	I	191  	.   0.01	4p5mA  160  F
ENSP00000424190	 rs1042308	Ttc	Atc	F	I	191  	.   0.01	4p5mC  160  F
ENSP00000424190	 rs1042308	Ttc	Atc	F	I	191  	.   0.01	4p5mE  160  F
ENSP00000424190	 rs1042308	Ttc	Atc	F	I	191  	.   0.01	4p5mG  160  F
ENSP00000424190	 rs1042190	aAg	aGg	K	R	142  	.   0.01	3lqzA  111  K
ENSP00000424190	 rs1042190	aAg	aGg	K	R	142  	.   0.01	3wexA  111  R
ENSP00000424190	 rs1042190	aAg	aGg	K	R	142  	.   0.01	3wexC  111  R
ENSP00000424190	 rs1042190	aAg	aGg	K	R	142  	.   0.01	3wexE  111  R
ENSP00000424190	 rs1042190	aAg	aGg	K	R	142  	.   0.01	3wexG  111  R
ENSP00000424190	 rs1042190	aAg	aGg	K	R	142  	.   0.01	4p4kA  110  K
ENSP00000424190	 rs1042190	aAg	aGg	K	R	142  	.   0.01	4p4kE  111  K
ENSP00000424190	 rs1042190	aAg	aGg	K	R	142  	.   0.01	4p4rA  110  K
ENSP00000424190	 rs1042190	aAg	aGg	K	R	142  	.   0.01	4p4rC  110  K
ENSP00000424190	 rs1042190	aAg	aGg	K	R	142  	.   0.01	4p57A  110  K
ENSP00000424190	 rs1042190	aAg	aGg	K	R	142  	.   0.01	4p57C  110  K
ENSP00000424190	 rs1042190	aAg	aGg	K	R	142  	.   0.01	4p5kA  111  K
ENSP00000424190	 rs1042190	aAg	aGg	K	R	142  	.   0.01	4p5kC  111  K
ENSP00000424190	 rs1042190	aAg	aGg	K	R	142  	.   0.01	4p5mA  111  K
ENSP00000424190	 rs1042190	aAg	aGg	K	R	142  	.   0.01	4p5mC  111  K
ENSP00000424190	 rs1042190	aAg	aGg	K	R	142  	.   0.01	4p5mE  111  K
ENSP00000424190	 rs1042190	aAg	aGg	K	R	142  	.   0.01	4p5mG  111  K
ENSP00000424190	 rs2308917	tTg	tCg	L	S	97   	.   0.02	3lqzA   66  L
ENSP00000424190	 rs2308917	tTg	tCg	L	S	97   	.   0.02	3wexA   66  L
ENSP00000424190	 rs2308917	tTg	tCg	L	S	97   	.   0.02	3wexC   66  L
ENSP00000424190	 rs2308917	tTg	tCg	L	S	97   	.   0.02	3wexE   66  L
ENSP00000424190	 rs2308917	tTg	tCg	L	S	97   	.   0.02	3wexG   66  L
ENSP00000424190	 rs2308917	tTg	tCg	L	S	97   	.   0.02	4p4kA   65  L
ENSP00000424190	 rs2308917	tTg	tCg	L	S	97   	.   0.02	4p4kE   66  L
ENSP00000424190	 rs2308917	tTg	tCg	L	S	97   	.   0.02	4p4rA   65  L
ENSP00000424190	 rs2308917	tTg	tCg	L	S	97   	.   0.02	4p4rC   65  L
ENSP00000424190	 rs2308917	tTg	tCg	L	S	97   	.   0.02	4p57A   65  L
ENSP00000424190	 rs2308917	tTg	tCg	L	S	97   	.   0.02	4p57C   65  L
ENSP00000424190	 rs2308917	tTg	tCg	L	S	97   	.   0.02	4p5kA   66  L
ENSP00000424190	 rs2308917	tTg	tCg	L	S	97   	.   0.02	4p5kC   66  L
ENSP00000424190	 rs2308917	tTg	tCg	L	S	97   	.   0.02	4p5mA   66  L
ENSP00000424190	 rs2308917	tTg	tCg	L	S	97   	.   0.02	4p5mC   66  L
ENSP00000424190	 rs2308917	tTg	tCg	L	S	97   	.   0.02	4p5mE   66  L
ENSP00000424190	 rs2308917	tTg	tCg	L	S	97   	.   0.02	4p5mG   66  L
ENSP00000424190	 rs2308911	Atg	Ctg	M	L	62   	.   0.05	3lqzA   31  M
ENSP00000424190	 rs2308911	Atg	Ctg	M	L	62   	.   0.05	3wexA   31  Q
ENSP00000424190	 rs2308911	Atg	Ctg	M	L	62   	.   0.05	3wexC   31  Q
ENSP00000424190	 rs2308911	Atg	Ctg	M	L	62   	.   0.05	3wexE   31  Q
ENSP00000424190	 rs2308911	Atg	Ctg	M	L	62   	.   0.05	3wexG   31  Q
ENSP00000424190	 rs2308911	Atg	Ctg	M	L	62   	.   0.05	4p4kA   30  M
ENSP00000424190	 rs2308911	Atg	Ctg	M	L	62   	.   0.05	4p4kE   31  M
ENSP00000424190	 rs2308911	Atg	Ctg	M	L	62   	.   0.05	4p4rA   30  M
ENSP00000424190	 rs2308911	Atg	Ctg	M	L	62   	.   0.05	4p4rC   30  M
ENSP00000424190	 rs2308911	Atg	Ctg	M	L	62   	.   0.05	4p57A   30  M
ENSP00000424190	 rs2308911	Atg	Ctg	M	L	62   	.   0.05	4p57C   30  M
ENSP00000424190	 rs2308911	Atg	Ctg	M	L	62   	.   0.05	4p5kA   31  M
ENSP00000424190	 rs2308911	Atg	Ctg	M	L	62   	.   0.05	4p5kC   31  M
ENSP00000424190	 rs2308911	Atg	Ctg	M	L	62   	.   0.05	4p5mA   31  M
ENSP00000424190	 rs2308911	Atg	Ctg	M	L	62   	.   0.05	4p5mC   31  M
ENSP00000424190	 rs2308911	Atg	Ctg	M	L	62   	.   0.05	4p5mE   31  M
ENSP00000424190	 rs2308911	Atg	Ctg	M	L	62   	.   0.05	4p5mG   31  M
ENSP00000424190	 rs1126534	gCg	gTg	A	V	42   	.   0.03	3lqzA   11  A
ENSP00000424190	 rs1126534	gCg	gTg	A	V	42   	.   0.03	3wexA   11  M
ENSP00000424190	 rs1126534	gCg	gTg	A	V	42   	.   0.03	3wexC   11  M
ENSP00000424190	 rs1126534	gCg	gTg	A	V	42   	.   0.03	3wexE   11  M
ENSP00000424190	 rs1126534	gCg	gTg	A	V	42   	.   0.03	3wexG   11  M
ENSP00000424190	 rs1126534	gCg	gTg	A	V	42   	.   0.03	4p4kA   10  A
ENSP00000424190	 rs1126534	gCg	gTg	A	V	42   	.   0.03	4p4kE   11  A
ENSP00000424190	 rs1126534	gCg	gTg	A	V	42   	.   0.03	4p4rA   10  A
ENSP00000424190	 rs1126534	gCg	gTg	A	V	42   	.   0.03	4p4rC   10  A
ENSP00000424190	 rs1126534	gCg	gTg	A	V	42   	.   0.03	4p57A   10  A
ENSP00000424190	 rs1126534	gCg	gTg	A	V	42   	.   0.03	4p57C   10  A
ENSP00000424190	 rs1126534	gCg	gTg	A	V	42   	.   0.03	4p5kA   11  A
ENSP00000424190	 rs1126534	gCg	gTg	A	V	42   	.   0.03	4p5kC   11  A
ENSP00000424190	 rs1126534	gCg	gTg	A	V	42   	.   0.03	4p5mA   11  A
ENSP00000424190	 rs1126534	gCg	gTg	A	V	42   	.   0.03	4p5mC   11  A
ENSP00000424190	 rs1126534	gCg	gTg	A	V	42   	.   0.03	4p5mE   11  A
ENSP00000424190	 rs1126534	gCg	gTg	A	V	42   	.   0.03	4p5mG   11  A
ENSP00000424190	 rs2308931	ctG	ctA	L	L	158  	.   0.03	3lqzA  127  L
ENSP00000424190	 rs2308931	ctG	ctA	L	L	158  	.   0.03	3wexA  127  P
ENSP00000424190	 rs2308931	ctG	ctA	L	L	158  	.   0.03	3wexC  127  P
ENSP00000424190	 rs2308931	ctG	ctA	L	L	158  	.   0.03	3wexE  127  P
ENSP00000424190	 rs2308931	ctG	ctA	L	L	158  	.   0.03	3wexG  127  P
ENSP00000424190	 rs2308931	ctG	ctA	L	L	158  	.   0.03	4p4kA  126  L
ENSP00000424190	 rs2308931	ctG	ctA	L	L	158  	.   0.03	4p4kE  127  L
ENSP00000424190	 rs2308931	ctG	ctA	L	L	158  	.   0.03	4p4rA  126  L
ENSP00000424190	 rs2308931	ctG	ctA	L	L	158  	.   0.03	4p4rC  126  L
ENSP00000424190	 rs2308931	ctG	ctA	L	L	158  	.   0.03	4p57A  126  L
ENSP00000424190	 rs2308931	ctG	ctA	L	L	158  	.   0.03	4p57C  126  L
ENSP00000424190	 rs2308931	ctG	ctA	L	L	158  	.   0.03	4p5kA  127  L
ENSP00000424190	 rs2308931	ctG	ctA	L	L	158  	.   0.03	4p5kC  127  L
ENSP00000424190	 rs2308931	ctG	ctA	L	L	158  	.   0.03	4p5mA  127  L
ENSP00000424190	 rs2308931	ctG	ctA	L	L	158  	.   0.03	4p5mC  127  L
ENSP00000424190	 rs2308931	ctG	ctA	L	L	158  	.   0.03	4p5mE  127  L
ENSP00000424190	 rs2308931	ctG	ctA	L	L	158  	.   0.03	4p5mG  127  L
ENSP00000424190	rs41548220	ttG	ttT	L	F	104  	.   0.01	3lqzA   73  L
ENSP00000424190	rs41548220	ttG	ttT	L	F	104  	.   0.01	3wexA   73  L
ENSP00000424190	rs41548220	ttG	ttT	L	F	104  	.   0.01	3wexC   73  L
ENSP00000424190	rs41548220	ttG	ttT	L	F	104  	.   0.01	3wexE   73  L
ENSP00000424190	rs41548220	ttG	ttT	L	F	104  	.   0.01	3wexG   73  L
ENSP00000424190	rs41548220	ttG	ttT	L	F	104  	.   0.01	4p4kA   72  L
ENSP00000424190	rs41548220	ttG	ttT	L	F	104  	.   0.01	4p4kE   73  L
ENSP00000424190	rs41548220	ttG	ttT	L	F	104  	.   0.01	4p4rA   72  L
ENSP00000424190	rs41548220	ttG	ttT	L	F	104  	.   0.01	4p4rC   72  L
ENSP00000424190	rs41548220	ttG	ttT	L	F	104  	.   0.01	4p57A   72  L
ENSP00000424190	rs41548220	ttG	ttT	L	F	104  	.   0.01	4p57C   72  L
ENSP00000424190	rs41548220	ttG	ttT	L	F	104  	.   0.01	4p5kA   73  L
ENSP00000424190	rs41548220	ttG	ttT	L	F	104  	.   0.01	4p5kC   73  L
ENSP00000424190	rs41548220	ttG	ttT	L	F	104  	.   0.01	4p5mA   73  L
ENSP00000424190	rs41548220	ttG	ttT	L	F	104  	.   0.01	4p5mC   73  L
ENSP00000424190	rs41548220	ttG	ttT	L	F	104  	.   0.01	4p5mE   73  L
ENSP00000424190	rs41548220	ttG	ttT	L	F	104  	.   0.01	4p5mG   73  L
ENSP00000424190	rs41559316	aCc	aTc	T	I	103  	.   0.02	3lqzA   72  T
ENSP00000424190	rs41559316	aCc	aTc	T	I	103  	.   0.02	3wexA   72  T
ENSP00000424190	rs41559316	aCc	aTc	T	I	103  	.   0.02	3wexC   72  T
ENSP00000424190	rs41559316	aCc	aTc	T	I	103  	.   0.02	3wexE   72  T
ENSP00000424190	rs41559316	aCc	aTc	T	I	103  	.   0.02	3wexG   72  T
ENSP00000424190	rs41559316	aCc	aTc	T	I	103  	.   0.02	4p4kA   71  T
ENSP00000424190	rs41559316	aCc	aTc	T	I	103  	.   0.02	4p4kE   72  T
ENSP00000424190	rs41559316	aCc	aTc	T	I	103  	.   0.02	4p4rA   71  T
ENSP00000424190	rs41559316	aCc	aTc	T	I	103  	.   0.02	4p4rC   71  T
ENSP00000424190	rs41559316	aCc	aTc	T	I	103  	.   0.02	4p57A   71  T
ENSP00000424190	rs41559316	aCc	aTc	T	I	103  	.   0.02	4p57C   71  T
ENSP00000424190	rs41559316	aCc	aTc	T	I	103  	.   0.02	4p5kA   72  T
ENSP00000424190	rs41559316	aCc	aTc	T	I	103  	.   0.02	4p5kC   72  T
ENSP00000424190	rs41559316	aCc	aTc	T	I	103  	.   0.02	4p5mA   72  T
ENSP00000424190	rs41559316	aCc	aTc	T	I	103  	.   0.02	4p5mC   72  T
ENSP00000424190	rs41559316	aCc	aTc	T	I	103  	.   0.02	4p5mE   72  T
ENSP00000424190	rs41559316	aCc	aTc	T	I	103  	.   0.02	4p5mG   72  T
ENSP00000424227	 rs6815946	aaT	aaC	N	N	112  	.   0.01	3w81A  155  N
ENSP00000424227	 rs6815946	aaT	aaC	N	N	112  	.   0.01	3w81B  155  N
ENSP00000424227	 rs6815946	aaT	aaC	N	N	112  	.   0.01	3w82A  155  N
ENSP00000424227	 rs6815946	aaT	aaC	N	N	112  	.   0.01	3w82B  155  N
ENSP00000424227	 rs6815946	aaT	aaC	N	N	112  	.   0.01	4kgjA  139  N
ENSP00000424227	 rs6815946	aaT	aaC	N	N	112  	.   0.01	4kgjB  146  N
ENSP00000424227	 rs6815946	aaT	aaC	N	N	112  	.   0.01	4kglA  139  N
ENSP00000424227	 rs6815946	aaT	aaC	N	N	112  	.   0.01	4kglB  151  N
ENSP00000424227	 rs6815946	aaT	aaC	N	N	112  	.   0.01	4kh2A  139  N
ENSP00000424227	 rs6815946	aaT	aaC	N	N	112  	.   0.01	4kh2B  146  N
ENSP00000424227	 rs6815946	aaT	aaC	N	N	112  	.   0.01	4mj2A  139  N
ENSP00000424227	 rs6815946	aaT	aaC	N	N	112  	.   0.01	4mj2B  146  N
ENSP00000424227	 rs6815946	aaT	aaC	N	N	112  	.   0.01	4mj4A  144  N
ENSP00000424227	 rs6815946	aaT	aaC	N	N	112  	.   0.01	4obrA  139  N
ENSP00000424227	 rs6815946	aaT	aaC	N	N	112  	.   0.01	4obrB  145  N
ENSP00000424227	 rs6815946	aaT	aaC	N	N	112  	.   0.01	4obsA  139  N
ENSP00000424345	 rs2307414	Ggc	Tgc	G	C	246  	.   0.04	1xv9B  212  G
ENSP00000424345	 rs2307414	Ggc	Tgc	G	C	246  	.   0.04	1xv9D  212  G
ENSP00000424345	 rs2307414	Ggc	Tgc	G	C	246  	.   0.04	1xvpB  212  G
ENSP00000424345	 rs2307414	Ggc	Tgc	G	C	246  	.   0.04	1xvpD  212  G
ENSP00000424345	 rs2307414	Ggc	Cgc	G	R	246  	.   0.04	1xv9B  212  G
ENSP00000424345	 rs2307414	Ggc	Cgc	G	R	246  	.   0.04	1xv9D  212  G
ENSP00000424345	 rs2307414	Ggc	Cgc	G	R	246  	.   0.04	1xvpB  212  G
ENSP00000424345	 rs2307414	Ggc	Cgc	G	R	246  	.   0.04	1xvpD  212  G
ENSP00000424345	 rs2307414	Ggc	Agc	G	S	246  	.   0.04	1xv9B  212  G
ENSP00000424345	 rs2307414	Ggc	Agc	G	S	246  	.   0.04	1xv9D  212  G
ENSP00000424345	 rs2307414	Ggc	Agc	G	S	246  	.   0.04	1xvpB  212  G
ENSP00000424345	 rs2307414	Ggc	Agc	G	S	246  	.   0.04	1xvpD  212  G
ENSP00000424345	 rs2307424	ccC	ccT	P	P	151  	.   0.01	1xv9B   78  P
ENSP00000424345	 rs2307424	ccC	ccT	P	P	151  	.   0.01	1xv9D   78  P
ENSP00000424345	 rs2307424	ccC	ccT	P	P	151  	.   0.01	1xvpB   78  P
ENSP00000424345	 rs2307424	ccC	ccT	P	P	151  	.   0.01	1xvpD   78  P
ENSP00000424469	  rs925453	Tgg	Cgg	W	R	503  	.   0.33	2anwA  208  W
ENSP00000424469	  rs925453	Tgg	Cgg	W	R	503  	.   0.33	2anyA  208  W
ENSP00000424469	  rs925453	Tgg	Cgg	W	R	503  	.   0.33	4ogxA  208  W
ENSP00000424469	  rs925453	Tgg	Cgg	W	R	503  	.   0.33	4ogyA  208  W
ENSP00000424469	  rs925453	Tgg	Cgg	W	R	503  	.   0.33	4ogyB  208  W
ENSP00000424469	  rs925453	Tgg	Cgg	W	R	503  	.   0.33	5f8tA  208  W
ENSP00000424469	  rs925453	Tgg	Cgg	W	R	503  	.   0.33	5f8xA  208  W
ENSP00000424469	  rs925453	Tgg	Cgg	W	R	503  	.   0.33	5f8zA  208  W
ENSP00000424469	  rs925453	Tgg	Cgg	W	R	503  	.   0.33	5tjxA  203  W
ENSP00000424469	  rs925453	Tgg	Cgg	W	R	503  	.   0.33	5tz9A  201  W
ENSP00000424469	  rs925453	Tgg	Ggg	W	G	503  	.   0.33	2anwA  208  W
ENSP00000424469	  rs925453	Tgg	Ggg	W	G	503  	.   0.33	2anyA  208  W
ENSP00000424469	  rs925453	Tgg	Ggg	W	G	503  	.   0.33	4ogxA  208  W
ENSP00000424469	  rs925453	Tgg	Ggg	W	G	503  	.   0.33	4ogyA  208  W
ENSP00000424469	  rs925453	Tgg	Ggg	W	G	503  	.   0.33	4ogyB  208  W
ENSP00000424469	  rs925453	Tgg	Ggg	W	G	503  	.   0.33	5f8tA  208  W
ENSP00000424469	  rs925453	Tgg	Ggg	W	G	503  	.   0.33	5f8xA  208  W
ENSP00000424469	  rs925453	Tgg	Ggg	W	G	503  	.   0.33	5f8zA  208  W
ENSP00000424469	  rs925453	Tgg	Ggg	W	G	503  	.   0.33	5tjxA  203  W
ENSP00000424469	  rs925453	Tgg	Ggg	W	G	503  	.   0.33	5tz9A  201  W
ENSP00000424630	 rs1126671	Att	Gtt	I	V	328  	.   0.01	3cosA  308  V
ENSP00000424630	 rs1126671	Att	Gtt	I	V	328  	.   0.01	3cosB  308  V
ENSP00000424630	 rs1126671	Att	Gtt	I	V	328  	.   0.01	3cosC  308  V
ENSP00000424630	 rs1126671	Att	Gtt	I	V	328  	.   0.01	3cosD  310  V
ENSP00000424630	 rs1126672	Ctg	Ttg	L	L	370  	.   0.01	3cosA  350  L
ENSP00000424630	 rs1126672	Ctg	Ttg	L	L	370  	.   0.01	3cosB  350  L
ENSP00000424630	 rs1126672	Ctg	Ttg	L	L	370  	.   0.01	3cosC  350  L
ENSP00000424630	 rs1126672	Ctg	Ttg	L	L	370  	.   0.01	3cosD  352  L
ENSP00000424630	rs29001219	cGt	cAt	R	H	337  	.   0.01	3cosA  317  R
ENSP00000424630	rs29001219	cGt	cAt	R	H	337  	.   0.01	3cosB  317  R
ENSP00000424630	rs29001219	cGt	cAt	R	H	337  	.   0.01	3cosC  317  R
ENSP00000424630	rs29001219	cGt	cAt	R	H	337  	.   0.01	3cosD  319  R
ENSP00000424630	rs35229514	aAa	aCa	K	T	151  	.   0.06	3cosA  131  K
ENSP00000424630	rs35229514	aAa	aCa	K	T	151  	.   0.06	3cosB  131  K
ENSP00000424630	rs35229514	aAa	aCa	K	T	151  	.   0.06	3cosC  131  K
ENSP00000424630	rs35229514	aAa	aCa	K	T	151  	.   0.06	3cosD  133  K
ENSP00000424630	rs61754857	Gag	Aag	E	K	89   	.   0.01	3cosA   69  E
ENSP00000424630	rs61754857	Gag	Aag	E	K	89   	.   0.01	3cosB   69  E
ENSP00000424630	rs61754857	Gag	Aag	E	K	89   	.   0.01	3cosC   69  E
ENSP00000424630	rs61754857	Gag	Aag	E	K	89   	.   0.01	3cosD   71  E
ENSP00000424630	rs61734620	tGc	tAc	C	Y	66   	.    0.0	3cosA   46  C
ENSP00000424630	rs61734620	tGc	tAc	C	Y	66   	.    0.0	3cosB   46  C
ENSP00000424630	rs61734620	tGc	tAc	C	Y	66   	.    0.0	3cosC   46  C
ENSP00000424630	rs61734620	tGc	tAc	C	Y	66   	.    0.0	3cosD   48  C
ENSP00000424724	 rs3733576	gcT	gcC	A	A	50   	.   0.01	1bllA  181  A
ENSP00000424724	 rs3733576	gcT	gcC	A	A	50   	.   0.01	1bpmA  181  A
ENSP00000424724	 rs3733576	gcT	gcC	A	A	50   	.   0.01	1bpnA  181  A
ENSP00000424724	 rs3733576	gcT	gcC	A	A	50   	.   0.01	1lamA  184  A
ENSP00000424724	 rs3733576	gcT	gcC	A	A	50   	.   0.01	1lanA  184  A
ENSP00000424724	 rs3733576	gcT	gcC	A	A	50   	.   0.01	1lapA  181  A
ENSP00000424724	 rs3733576	gcT	gcC	A	A	50   	.   0.01	1lcpA  184  A
ENSP00000424724	 rs3733576	gcT	gcC	A	A	50   	.   0.01	1lcpB  184  A
ENSP00000424724	 rs3733576	gcT	gcC	A	A	50   	.   0.01	2ewbA  184  A
ENSP00000424724	 rs3733576	gcT	gcC	A	A	50   	.   0.01	2j9aA  184  A
ENSP00000424828	 rs2301708	gaG	gaA	E	E	379  	.   0.01	2xn4A  162  E
ENSP00000424828	 rs2301708	gaG	gaA	E	E	379  	.   0.01	2xn4B  162  E
ENSP00000424828	 rs2301708	gaG	gaA	E	E	379  	.   0.01	4ch9A  162  E
ENSP00000424828	 rs2301708	gaG	gaA	E	E	379  	.   0.01	4ch9B  162  E
ENSP00000424828	 rs2301708	gaG	gaA	E	E	379  	.   0.01	4chbA  162  E
ENSP00000424828	 rs2301708	gaG	gaA	E	E	379  	.   0.01	4chbB  162  E
ENSP00000424828	 rs2301708	gaG	gaA	E	E	379  	.   0.01	5nkpA  162  E
ENSP00000424828	 rs2301708	gaG	gaA	E	E	379  	.   0.01	5nkpB  165  E
ENSP00000424834	 rs2307424	ccC	ccT	P	P	151  	.   0.01	1xv9B   78  P
ENSP00000424834	 rs2307424	ccC	ccT	P	P	151  	.   0.01	1xv9D   78  P
ENSP00000424834	 rs2307424	ccC	ccT	P	P	151  	.   0.01	1xvpB   78  P
ENSP00000424834	 rs2307424	ccC	ccT	P	P	151  	.   0.01	1xvpD   78  P
