ENSP00000269582	    rs5639	Agc	Tgc	S	C	188  	.   0.01	1hnnA  167  S
ENSP00000269582	    rs5639	Agc	Tgc	S	C	188  	.   0.01	1hnnB  175  S
ENSP00000269582	    rs5639	Agc	Tgc	S	C	188  	.   0.01	1n7iA  167  S
ENSP00000269582	    rs5639	Agc	Tgc	S	C	188  	.   0.01	1n7iB  175  S
ENSP00000269582	    rs5639	Agc	Tgc	S	C	188  	.   0.01	1n7jA  167  S
ENSP00000269582	    rs5639	Agc	Tgc	S	C	188  	.   0.01	1n7jB  175  S
ENSP00000269582	    rs5639	Agc	Tgc	S	C	188  	.   0.01	1yz3A  171  S
ENSP00000269582	    rs5639	Agc	Tgc	S	C	188  	.   0.01	1yz3B  175  S
ENSP00000269582	    rs5639	Agc	Tgc	S	C	188  	.   0.01	2an3A  166  S
ENSP00000269582	    rs5639	Agc	Tgc	S	C	188  	.   0.01	2an3B  176  S
ENSP00000269582	    rs5639	Agc	Tgc	S	C	188  	.   0.01	2an4A  165  S
ENSP00000269582	    rs5639	Agc	Tgc	S	C	188  	.   0.01	2an4B  175  S
ENSP00000269582	    rs5639	Agc	Tgc	S	C	188  	.   0.01	2an5A  166  S
ENSP00000269582	    rs5639	Agc	Tgc	S	C	188  	.   0.01	2an5B  175  S
ENSP00000269582	    rs5639	Agc	Tgc	S	C	188  	.   0.01	2g70A  169  S
ENSP00000269582	    rs5639	Agc	Tgc	S	C	188  	.   0.01	2g70B  173  S
ENSP00000269582	    rs5639	Agc	Tgc	S	C	188  	.   0.01	2g71A  168  S
ENSP00000269582	    rs5639	Agc	Tgc	S	C	188  	.   0.01	2g71B  175  S
ENSP00000269582	    rs5639	Agc	Tgc	S	C	188  	.   0.01	2g72A  172  S
ENSP00000269582	    rs5639	Agc	Tgc	S	C	188  	.   0.01	2g72B  175  S
ENSP00000269582	    rs5639	Agc	Tgc	S	C	188  	.   0.01	2g8nA  166  S
ENSP00000269582	    rs5639	Agc	Tgc	S	C	188  	.   0.01	2g8nB  175  S
ENSP00000269582	    rs5639	Agc	Tgc	S	C	188  	.   0.01	2obfA  165  S
ENSP00000269582	    rs5639	Agc	Tgc	S	C	188  	.   0.01	2obfB  175  S
ENSP00000269582	    rs5639	Agc	Tgc	S	C	188  	.   0.01	2onyA  165  S
ENSP00000269582	    rs5639	Agc	Tgc	S	C	188  	.   0.01	2onyB  175  S
ENSP00000269582	    rs5639	Agc	Tgc	S	C	188  	.   0.01	2onzA  165  S
ENSP00000269582	    rs5639	Agc	Tgc	S	C	188  	.   0.01	2onzB  175  S
ENSP00000269582	    rs5639	Agc	Tgc	S	C	188  	.   0.01	2opbA  165  S
ENSP00000269582	    rs5639	Agc	Tgc	S	C	188  	.   0.01	2opbB  175  S
ENSP00000269582	    rs5639	Agc	Tgc	S	C	188  	.   0.01	3hcaA  165  S
ENSP00000269582	    rs5639	Agc	Tgc	S	C	188  	.   0.01	3hcaB  175  S
ENSP00000269582	    rs5639	Agc	Tgc	S	C	188  	.   0.01	3hcbA  165  S
ENSP00000269582	    rs5639	Agc	Tgc	S	C	188  	.   0.01	3hcbB  175  S
ENSP00000269582	    rs5639	Agc	Tgc	S	C	188  	.   0.01	3hccA  166  S
ENSP00000269582	    rs5639	Agc	Tgc	S	C	188  	.   0.01	3hccB  175  S
ENSP00000269582	    rs5639	Agc	Tgc	S	C	188  	.   0.01	3hcdA  165  S
ENSP00000269582	    rs5639	Agc	Tgc	S	C	188  	.   0.01	3hcdB  175  S
ENSP00000269582	    rs5639	Agc	Tgc	S	C	188  	.   0.01	3hceA  165  S
ENSP00000269582	    rs5639	Agc	Tgc	S	C	188  	.   0.01	3hceB  175  S
ENSP00000269582	    rs5639	Agc	Tgc	S	C	188  	.   0.01	3hcfA  165  S
ENSP00000269582	    rs5639	Agc	Tgc	S	C	188  	.   0.01	3hcfB  175  S
ENSP00000269582	    rs5639	Agc	Tgc	S	C	188  	.   0.01	3kpjA  165  S
ENSP00000269582	    rs5639	Agc	Tgc	S	C	188  	.   0.01	3kpjB  175  S
ENSP00000269582	    rs5639	Agc	Tgc	S	C	188  	.   0.01	3kpuA  165  S
ENSP00000269582	    rs5639	Agc	Tgc	S	C	188  	.   0.01	3kpuB  175  S
ENSP00000269582	    rs5639	Agc	Tgc	S	C	188  	.   0.01	3kpvA  165  S
ENSP00000269582	    rs5639	Agc	Tgc	S	C	188  	.   0.01	3kpvB  175  S
ENSP00000269582	    rs5639	Agc	Tgc	S	C	188  	.   0.01	3kpwA  165  S
ENSP00000269582	    rs5639	Agc	Tgc	S	C	188  	.   0.01	3kpwB  175  S
ENSP00000269582	    rs5639	Agc	Tgc	S	C	188  	.   0.01	3kpyA  165  S
ENSP00000269582	    rs5639	Agc	Tgc	S	C	188  	.   0.01	3kpyB  175  S
ENSP00000269582	    rs5639	Agc	Tgc	S	C	188  	.   0.01	3kqmA  165  S
ENSP00000269582	    rs5639	Agc	Tgc	S	C	188  	.   0.01	3kqmB  175  S
ENSP00000269582	    rs5639	Agc	Tgc	S	C	188  	.   0.01	3kqoA  165  S
ENSP00000269582	    rs5639	Agc	Tgc	S	C	188  	.   0.01	3kqoB  175  S
ENSP00000269582	    rs5639	Agc	Tgc	S	C	188  	.   0.01	3kqpA  165  S
ENSP00000269582	    rs5639	Agc	Tgc	S	C	188  	.   0.01	3kqpB  175  S
ENSP00000269582	    rs5639	Agc	Tgc	S	C	188  	.   0.01	3kqqA  165  S
ENSP00000269582	    rs5639	Agc	Tgc	S	C	188  	.   0.01	3kqqB  175  S
ENSP00000269582	    rs5639	Agc	Tgc	S	C	188  	.   0.01	3kqsA  165  S
ENSP00000269582	    rs5639	Agc	Tgc	S	C	188  	.   0.01	3kqsB  175  S
ENSP00000269582	    rs5639	Agc	Tgc	S	C	188  	.   0.01	3kqtA  165  S
ENSP00000269582	    rs5639	Agc	Tgc	S	C	188  	.   0.01	3kqtB  175  S
ENSP00000269582	    rs5639	Agc	Tgc	S	C	188  	.   0.01	3kqvA  165  S
ENSP00000269582	    rs5639	Agc	Tgc	S	C	188  	.   0.01	3kqvB  175  S
ENSP00000269582	    rs5639	Agc	Tgc	S	C	188  	.   0.01	3kqwA  165  S
ENSP00000269582	    rs5639	Agc	Tgc	S	C	188  	.   0.01	3kqwB  175  S
ENSP00000269582	    rs5639	Agc	Tgc	S	C	188  	.   0.01	3kqyA  165  S
ENSP00000269582	    rs5639	Agc	Tgc	S	C	188  	.   0.01	3kqyB  175  S
ENSP00000269582	    rs5639	Agc	Tgc	S	C	188  	.   0.01	3kr0A  165  S
ENSP00000269582	    rs5639	Agc	Tgc	S	C	188  	.   0.01	3kr0B  175  S
ENSP00000269582	    rs5639	Agc	Tgc	S	C	188  	.   0.01	3kr1A  165  S
ENSP00000269582	    rs5639	Agc	Tgc	S	C	188  	.   0.01	3kr1B  175  S
ENSP00000269582	    rs5639	Agc	Tgc	S	C	188  	.   0.01	3kr2A  165  S
ENSP00000269582	    rs5639	Agc	Tgc	S	C	188  	.   0.01	3kr2B  175  S
ENSP00000269582	    rs5639	Agc	Tgc	S	C	188  	.   0.01	4dm3A  165  S
ENSP00000269582	    rs5639	Agc	Tgc	S	C	188  	.   0.01	4dm3B  175  S
ENSP00000269582	    rs5639	Agc	Tgc	S	C	188  	.   0.01	4mikA  163  S
ENSP00000269582	    rs5639	Agc	Tgc	S	C	188  	.   0.01	4mikB  173  S
ENSP00000269582	    rs5639	Agc	Tgc	S	C	188  	.   0.01	4mq4A  172  S
ENSP00000269582	    rs5639	Agc	Tgc	S	C	188  	.   0.01	4mq4B  163  S
ENSP00000269582	    rs5640	cTc	cAc	L	H	211  	.   0.01	1hnnA  190  L
ENSP00000269582	    rs5640	cTc	cAc	L	H	211  	.   0.01	1hnnB  198  L
ENSP00000269582	    rs5640	cTc	cAc	L	H	211  	.   0.01	1n7iA  190  L
ENSP00000269582	    rs5640	cTc	cAc	L	H	211  	.   0.01	1n7iB  198  L
ENSP00000269582	    rs5640	cTc	cAc	L	H	211  	.   0.01	1n7jA  190  L
ENSP00000269582	    rs5640	cTc	cAc	L	H	211  	.   0.01	1n7jB  198  L
ENSP00000269582	    rs5640	cTc	cAc	L	H	211  	.   0.01	1yz3A  194  L
ENSP00000269582	    rs5640	cTc	cAc	L	H	211  	.   0.01	1yz3B  198  L
ENSP00000269582	    rs5640	cTc	cAc	L	H	211  	.   0.01	2an3A  189  L
ENSP00000269582	    rs5640	cTc	cAc	L	H	211  	.   0.01	2an3B  199  L
ENSP00000269582	    rs5640	cTc	cAc	L	H	211  	.   0.01	2an4A  188  L
ENSP00000269582	    rs5640	cTc	cAc	L	H	211  	.   0.01	2an4B  198  L
ENSP00000269582	    rs5640	cTc	cAc	L	H	211  	.   0.01	2an5A  189  L
ENSP00000269582	    rs5640	cTc	cAc	L	H	211  	.   0.01	2an5B  198  L
ENSP00000269582	    rs5640	cTc	cAc	L	H	211  	.   0.01	2g70A  192  L
ENSP00000269582	    rs5640	cTc	cAc	L	H	211  	.   0.01	2g70B  196  L
ENSP00000269582	    rs5640	cTc	cAc	L	H	211  	.   0.01	2g71A  191  L
ENSP00000269582	    rs5640	cTc	cAc	L	H	211  	.   0.01	2g71B  198  L
ENSP00000269582	    rs5640	cTc	cAc	L	H	211  	.   0.01	2g72A  195  L
ENSP00000269582	    rs5640	cTc	cAc	L	H	211  	.   0.01	2g72B  198  L
ENSP00000269582	    rs5640	cTc	cAc	L	H	211  	.   0.01	2g8nA  189  L
ENSP00000269582	    rs5640	cTc	cAc	L	H	211  	.   0.01	2g8nB  198  L
ENSP00000269582	    rs5640	cTc	cAc	L	H	211  	.   0.01	2obfA  188  L
ENSP00000269582	    rs5640	cTc	cAc	L	H	211  	.   0.01	2obfB  198  L
ENSP00000269582	    rs5640	cTc	cAc	L	H	211  	.   0.01	2onyA  188  L
ENSP00000269582	    rs5640	cTc	cAc	L	H	211  	.   0.01	2onyB  198  L
ENSP00000269582	    rs5640	cTc	cAc	L	H	211  	.   0.01	2onzA  188  L
ENSP00000269582	    rs5640	cTc	cAc	L	H	211  	.   0.01	2onzB  198  L
ENSP00000269582	    rs5640	cTc	cAc	L	H	211  	.   0.01	2opbA  188  L
ENSP00000269582	    rs5640	cTc	cAc	L	H	211  	.   0.01	2opbB  198  L
ENSP00000269582	    rs5640	cTc	cAc	L	H	211  	.   0.01	3hcaA  188  L
ENSP00000269582	    rs5640	cTc	cAc	L	H	211  	.   0.01	3hcaB  198  L
ENSP00000269582	    rs5640	cTc	cAc	L	H	211  	.   0.01	3hcbA  188  L
ENSP00000269582	    rs5640	cTc	cAc	L	H	211  	.   0.01	3hcbB  198  L
ENSP00000269582	    rs5640	cTc	cAc	L	H	211  	.   0.01	3hccA  189  L
ENSP00000269582	    rs5640	cTc	cAc	L	H	211  	.   0.01	3hccB  198  L
ENSP00000269582	    rs5640	cTc	cAc	L	H	211  	.   0.01	3hcdA  188  L
ENSP00000269582	    rs5640	cTc	cAc	L	H	211  	.   0.01	3hcdB  198  L
ENSP00000269582	    rs5640	cTc	cAc	L	H	211  	.   0.01	3hceA  188  L
ENSP00000269582	    rs5640	cTc	cAc	L	H	211  	.   0.01	3hceB  198  L
ENSP00000269582	    rs5640	cTc	cAc	L	H	211  	.   0.01	3hcfA  188  L
ENSP00000269582	    rs5640	cTc	cAc	L	H	211  	.   0.01	3hcfB  198  L
ENSP00000269582	    rs5640	cTc	cAc	L	H	211  	.   0.01	3kpjA  188  L
ENSP00000269582	    rs5640	cTc	cAc	L	H	211  	.   0.01	3kpjB  198  L
ENSP00000269582	    rs5640	cTc	cAc	L	H	211  	.   0.01	3kpuA  188  L
ENSP00000269582	    rs5640	cTc	cAc	L	H	211  	.   0.01	3kpuB  198  L
ENSP00000269582	    rs5640	cTc	cAc	L	H	211  	.   0.01	3kpvA  188  L
ENSP00000269582	    rs5640	cTc	cAc	L	H	211  	.   0.01	3kpvB  198  L
ENSP00000269582	    rs5640	cTc	cAc	L	H	211  	.   0.01	3kpwA  188  L
ENSP00000269582	    rs5640	cTc	cAc	L	H	211  	.   0.01	3kpwB  198  L
ENSP00000269582	    rs5640	cTc	cAc	L	H	211  	.   0.01	3kpyA  188  L
ENSP00000269582	    rs5640	cTc	cAc	L	H	211  	.   0.01	3kpyB  198  L
ENSP00000269582	    rs5640	cTc	cAc	L	H	211  	.   0.01	3kqmA  188  L
ENSP00000269582	    rs5640	cTc	cAc	L	H	211  	.   0.01	3kqmB  198  L
ENSP00000269582	    rs5640	cTc	cAc	L	H	211  	.   0.01	3kqoA  188  L
ENSP00000269582	    rs5640	cTc	cAc	L	H	211  	.   0.01	3kqoB  198  L
ENSP00000269582	    rs5640	cTc	cAc	L	H	211  	.   0.01	3kqpA  188  L
ENSP00000269582	    rs5640	cTc	cAc	L	H	211  	.   0.01	3kqpB  198  L
ENSP00000269582	    rs5640	cTc	cAc	L	H	211  	.   0.01	3kqqA  188  L
ENSP00000269582	    rs5640	cTc	cAc	L	H	211  	.   0.01	3kqqB  198  L
ENSP00000269582	    rs5640	cTc	cAc	L	H	211  	.   0.01	3kqsA  188  L
ENSP00000269582	    rs5640	cTc	cAc	L	H	211  	.   0.01	3kqsB  198  L
ENSP00000269582	    rs5640	cTc	cAc	L	H	211  	.   0.01	3kqtA  188  L
ENSP00000269582	    rs5640	cTc	cAc	L	H	211  	.   0.01	3kqtB  198  L
ENSP00000269582	    rs5640	cTc	cAc	L	H	211  	.   0.01	3kqvA  188  L
ENSP00000269582	    rs5640	cTc	cAc	L	H	211  	.   0.01	3kqvB  198  L
ENSP00000269582	    rs5640	cTc	cAc	L	H	211  	.   0.01	3kqwA  188  L
ENSP00000269582	    rs5640	cTc	cAc	L	H	211  	.   0.01	3kqwB  198  L
ENSP00000269582	    rs5640	cTc	cAc	L	H	211  	.   0.01	3kqyA  188  L
ENSP00000269582	    rs5640	cTc	cAc	L	H	211  	.   0.01	3kqyB  198  L
ENSP00000269582	    rs5640	cTc	cAc	L	H	211  	.   0.01	3kr0A  188  L
ENSP00000269582	    rs5640	cTc	cAc	L	H	211  	.   0.01	3kr0B  198  L
ENSP00000269582	    rs5640	cTc	cAc	L	H	211  	.   0.01	3kr1A  188  L
ENSP00000269582	    rs5640	cTc	cAc	L	H	211  	.   0.01	3kr1B  198  L
ENSP00000269582	    rs5640	cTc	cAc	L	H	211  	.   0.01	3kr2A  188  L
ENSP00000269582	    rs5640	cTc	cAc	L	H	211  	.   0.01	3kr2B  198  L
ENSP00000269582	    rs5640	cTc	cAc	L	H	211  	.   0.01	4dm3A  188  L
ENSP00000269582	    rs5640	cTc	cAc	L	H	211  	.   0.01	4dm3B  198  L
ENSP00000269582	    rs5640	cTc	cAc	L	H	211  	.   0.01	4mikA  186  L
ENSP00000269582	    rs5640	cTc	cAc	L	H	211  	.   0.01	4mikB  196  L
ENSP00000269582	    rs5640	cTc	cAc	L	H	211  	.   0.01	4mq4A  195  L
ENSP00000269582	    rs5640	cTc	cAc	L	H	211  	.   0.01	4mq4B  186  L
ENSP00000269582	    rs5643	Tgg	Agg	W	R	276  	.   0.01	1hnnA  255  W
ENSP00000269582	    rs5643	Tgg	Agg	W	R	276  	.   0.01	1hnnB  263  W
ENSP00000269582	    rs5643	Tgg	Agg	W	R	276  	.   0.01	1n7iA  255  W
ENSP00000269582	    rs5643	Tgg	Agg	W	R	276  	.   0.01	1n7iB  263  W
ENSP00000269582	    rs5643	Tgg	Agg	W	R	276  	.   0.01	1n7jA  255  W
ENSP00000269582	    rs5643	Tgg	Agg	W	R	276  	.   0.01	1n7jB  263  W
ENSP00000269582	    rs5643	Tgg	Agg	W	R	276  	.   0.01	1yz3A  259  W
ENSP00000269582	    rs5643	Tgg	Agg	W	R	276  	.   0.01	1yz3B  263  W
ENSP00000269582	    rs5643	Tgg	Agg	W	R	276  	.   0.01	2an3A  254  W
ENSP00000269582	    rs5643	Tgg	Agg	W	R	276  	.   0.01	2an3B  264  W
ENSP00000269582	    rs5643	Tgg	Agg	W	R	276  	.   0.01	2an4A  253  W
ENSP00000269582	    rs5643	Tgg	Agg	W	R	276  	.   0.01	2an4B  263  W
ENSP00000269582	    rs5643	Tgg	Agg	W	R	276  	.   0.01	2an5A  254  W
ENSP00000269582	    rs5643	Tgg	Agg	W	R	276  	.   0.01	2an5B  263  W
ENSP00000269582	    rs5643	Tgg	Agg	W	R	276  	.   0.01	2g70A  257  W
ENSP00000269582	    rs5643	Tgg	Agg	W	R	276  	.   0.01	2g70B  261  W
ENSP00000269582	    rs5643	Tgg	Agg	W	R	276  	.   0.01	2g71A  256  W
ENSP00000269582	    rs5643	Tgg	Agg	W	R	276  	.   0.01	2g71B  263  W
ENSP00000269582	    rs5643	Tgg	Agg	W	R	276  	.   0.01	2g72A  260  W
ENSP00000269582	    rs5643	Tgg	Agg	W	R	276  	.   0.01	2g72B  263  W
ENSP00000269582	    rs5643	Tgg	Agg	W	R	276  	.   0.01	2g8nA  254  W
ENSP00000269582	    rs5643	Tgg	Agg	W	R	276  	.   0.01	2g8nB  263  W
ENSP00000269582	    rs5643	Tgg	Agg	W	R	276  	.   0.01	2obfA  253  W
ENSP00000269582	    rs5643	Tgg	Agg	W	R	276  	.   0.01	2obfB  263  W
ENSP00000269582	    rs5643	Tgg	Agg	W	R	276  	.   0.01	2onyA  253  W
ENSP00000269582	    rs5643	Tgg	Agg	W	R	276  	.   0.01	2onyB  263  W
ENSP00000269582	    rs5643	Tgg	Agg	W	R	276  	.   0.01	2onzA  253  W
ENSP00000269582	    rs5643	Tgg	Agg	W	R	276  	.   0.01	2onzB  263  W
ENSP00000269582	    rs5643	Tgg	Agg	W	R	276  	.   0.01	2opbA  253  W
ENSP00000269582	    rs5643	Tgg	Agg	W	R	276  	.   0.01	2opbB  263  W
ENSP00000269582	    rs5643	Tgg	Agg	W	R	276  	.   0.01	3hcaA  253  W
ENSP00000269582	    rs5643	Tgg	Agg	W	R	276  	.   0.01	3hcaB  263  W
ENSP00000269582	    rs5643	Tgg	Agg	W	R	276  	.   0.01	3hcbA  253  W
ENSP00000269582	    rs5643	Tgg	Agg	W	R	276  	.   0.01	3hcbB  263  W
ENSP00000269582	    rs5643	Tgg	Agg	W	R	276  	.   0.01	3hccA  254  W
ENSP00000269582	    rs5643	Tgg	Agg	W	R	276  	.   0.01	3hccB  263  W
ENSP00000269582	    rs5643	Tgg	Agg	W	R	276  	.   0.01	3hcdA  253  W
ENSP00000269582	    rs5643	Tgg	Agg	W	R	276  	.   0.01	3hcdB  263  W
ENSP00000269582	    rs5643	Tgg	Agg	W	R	276  	.   0.01	3hceA  253  W
ENSP00000269582	    rs5643	Tgg	Agg	W	R	276  	.   0.01	3hceB  263  W
ENSP00000269582	    rs5643	Tgg	Agg	W	R	276  	.   0.01	3hcfA  253  W
ENSP00000269582	    rs5643	Tgg	Agg	W	R	276  	.   0.01	3hcfB  263  W
ENSP00000269582	    rs5643	Tgg	Agg	W	R	276  	.   0.01	3kpjA  253  W
ENSP00000269582	    rs5643	Tgg	Agg	W	R	276  	.   0.01	3kpjB  263  W
ENSP00000269582	    rs5643	Tgg	Agg	W	R	276  	.   0.01	3kpuA  253  W
ENSP00000269582	    rs5643	Tgg	Agg	W	R	276  	.   0.01	3kpuB  263  W
ENSP00000269582	    rs5643	Tgg	Agg	W	R	276  	.   0.01	3kpvA  253  W
ENSP00000269582	    rs5643	Tgg	Agg	W	R	276  	.   0.01	3kpvB  263  W
ENSP00000269582	    rs5643	Tgg	Agg	W	R	276  	.   0.01	3kpwA  253  W
ENSP00000269582	    rs5643	Tgg	Agg	W	R	276  	.   0.01	3kpwB  263  W
ENSP00000269582	    rs5643	Tgg	Agg	W	R	276  	.   0.01	3kpyA  253  W
ENSP00000269582	    rs5643	Tgg	Agg	W	R	276  	.   0.01	3kpyB  263  W
ENSP00000269582	    rs5643	Tgg	Agg	W	R	276  	.   0.01	3kqmA  253  W
ENSP00000269582	    rs5643	Tgg	Agg	W	R	276  	.   0.01	3kqmB  263  W
ENSP00000269582	    rs5643	Tgg	Agg	W	R	276  	.   0.01	3kqoA  253  W
ENSP00000269582	    rs5643	Tgg	Agg	W	R	276  	.   0.01	3kqoB  263  W
ENSP00000269582	    rs5643	Tgg	Agg	W	R	276  	.   0.01	3kqpA  253  W
ENSP00000269582	    rs5643	Tgg	Agg	W	R	276  	.   0.01	3kqpB  263  W
ENSP00000269582	    rs5643	Tgg	Agg	W	R	276  	.   0.01	3kqqA  253  W
ENSP00000269582	    rs5643	Tgg	Agg	W	R	276  	.   0.01	3kqqB  263  W
ENSP00000269582	    rs5643	Tgg	Agg	W	R	276  	.   0.01	3kqsA  253  W
ENSP00000269582	    rs5643	Tgg	Agg	W	R	276  	.   0.01	3kqsB  263  W
ENSP00000269582	    rs5643	Tgg	Agg	W	R	276  	.   0.01	3kqtA  253  W
ENSP00000269582	    rs5643	Tgg	Agg	W	R	276  	.   0.01	3kqtB  263  W
ENSP00000269582	    rs5643	Tgg	Agg	W	R	276  	.   0.01	3kqvA  253  W
ENSP00000269582	    rs5643	Tgg	Agg	W	R	276  	.   0.01	3kqvB  263  W
ENSP00000269582	    rs5643	Tgg	Agg	W	R	276  	.   0.01	3kqwA  253  W
ENSP00000269582	    rs5643	Tgg	Agg	W	R	276  	.   0.01	3kqwB  263  W
ENSP00000269582	    rs5643	Tgg	Agg	W	R	276  	.   0.01	3kqyA  253  W
ENSP00000269582	    rs5643	Tgg	Agg	W	R	276  	.   0.01	3kqyB  263  W
ENSP00000269582	    rs5643	Tgg	Agg	W	R	276  	.   0.01	3kr0A  253  W
ENSP00000269582	    rs5643	Tgg	Agg	W	R	276  	.   0.01	3kr0B  263  W
ENSP00000269582	    rs5643	Tgg	Agg	W	R	276  	.   0.01	3kr1A  253  W
ENSP00000269582	    rs5643	Tgg	Agg	W	R	276  	.   0.01	3kr1B  263  W
ENSP00000269582	    rs5643	Tgg	Agg	W	R	276  	.   0.01	3kr2A  253  W
ENSP00000269582	    rs5643	Tgg	Agg	W	R	276  	.   0.01	3kr2B  263  W
ENSP00000269582	    rs5643	Tgg	Agg	W	R	276  	.   0.01	4dm3A  253  W
ENSP00000269582	    rs5643	Tgg	Agg	W	R	276  	.   0.01	4dm3B  263  W
ENSP00000269582	    rs5643	Tgg	Agg	W	R	276  	.   0.01	4mikA  251  W
ENSP00000269582	    rs5643	Tgg	Agg	W	R	276  	.   0.01	4mikB  261  W
ENSP00000269582	    rs5643	Tgg	Agg	W	R	276  	.   0.01	4mq4A  260  W
ENSP00000269582	    rs5643	Tgg	Agg	W	R	276  	.   0.01	4mq4B  251  W
ENSP00000269980	rs139390622	aaC	aaT	N	N	308  	.   0.01	1dtwA  257  N
ENSP00000269980	rs139390622	aaC	aaT	N	N	308  	.   0.01	1olsA  258  N
ENSP00000269980	rs139390622	aaC	aaT	N	N	308  	.   0.01	1oluA  254  N
ENSP00000269980	rs139390622	aaC	aaT	N	N	308  	.   0.01	1olxA  259  N
ENSP00000269980	rs139390622	aaC	aaT	N	N	308  	.   0.01	1u5bA  258  N
ENSP00000269980	rs139390622	aaC	aaT	N	N	308  	.   0.01	1v11A  257  N
ENSP00000269980	rs139390622	aaC	aaT	N	N	308  	.   0.01	1v16A  258  N
ENSP00000269980	rs139390622	aaC	aaT	N	N	308  	.   0.01	1v1mA  258  N
ENSP00000269980	rs139390622	aaC	aaT	N	N	308  	.   0.01	1v1rA  242  N
ENSP00000269980	rs139390622	aaC	aaT	N	N	308  	.   0.01	1wciA  258  N
ENSP00000269980	rs139390622	aaC	aaT	N	N	308  	.   0.01	1x7wA  257  N
ENSP00000269980	rs139390622	aaC	aaT	N	N	308  	.   0.01	1x7xA  258  N
ENSP00000269980	rs139390622	aaC	aaT	N	N	308  	.   0.01	1x7yA  257  N
ENSP00000269980	rs139390622	aaC	aaT	N	N	308  	.   0.01	1x7zA  258  N
ENSP00000269980	rs139390622	aaC	aaT	N	N	308  	.   0.01	1x80A  257  N
ENSP00000269980	rs139390622	aaC	aaT	N	N	308  	.   0.01	2beuA  258  N
ENSP00000269980	rs139390622	aaC	aaT	N	N	308  	.   0.01	2bevA  258  N
ENSP00000269980	rs139390622	aaC	aaT	N	N	308  	.   0.01	2bewA  258  N
ENSP00000269980	rs139390622	aaC	aaT	N	N	308  	.   0.01	2bfbA  258  N
ENSP00000269980	rs139390622	aaC	aaT	N	N	308  	.   0.01	2bfcA  258  N
ENSP00000269980	rs139390622	aaC	aaT	N	N	308  	.   0.01	2bfdA  258  N
ENSP00000269980	rs139390622	aaC	aaT	N	N	308  	.   0.01	2bfeA  258  N
ENSP00000269980	rs139390622	aaC	aaT	N	N	308  	.   0.01	2bffA  258  N
ENSP00000269980	rs139390622	aaC	aaT	N	N	308  	.   0.01	2j9fA  258  N
ENSP00000269980	rs139390622	aaC	aaT	N	N	308  	.   0.01	2j9fC  258  N
ENSP00000270218	 rs2243191	tTc	tCc	F	S	175  	*   0.54	1n1fA  151  S
ENSP00000270233	rs28399656	aTg	aAg	M	K	204  	.   0.37	2petA  173  M
ENSP00000270233	rs28399656	aTg	aAg	M	K	204  	.   0.37	2pf6A  173  M
ENSP00000270233	rs28399656	aTg	aAg	M	K	204  	.   0.37	2pf6B  173  M
ENSP00000270279	rs35106910	aAg	aCg	K	T	153  	.   0.01	3op0A  144  K
ENSP00000270279	rs35106910	aAg	aCg	K	T	153  	.   0.01	3op0B  144  K
ENSP00000270279	rs35106910	aAg	aCg	K	T	153  	.   0.01	3vrnA  123  K
ENSP00000270279	rs35106910	aAg	aCg	K	T	153  	.   0.01	3vroA  117  K
ENSP00000270279	rs35106910	aAg	aCg	K	T	153  	.   0.01	3vrpA  124  K
ENSP00000270279	rs35106910	aAg	aCg	K	T	153  	.   0.01	3vrqA  111  K
ENSP00000270279	rs35106910	aAg	aCg	K	T	153  	.   0.01	3vrqB  113  K
ENSP00000270279	rs35106910	aAg	aCg	K	T	153  	.   0.01	3vrrA  127  K
ENSP00000270800	rs16829204	Gtt	Att	V	I	205  	.   0.13	3dgcB  183  V
ENSP00000270800	rs16829204	Gtt	Att	V	I	205  	.   0.13	3dgcD  187  V
ENSP00000270800	rs16829204	Gtt	Att	V	I	205  	.   0.13	3dlqB  178  V
ENSP00000270800	rs16829204	Gtt	Att	V	I	205  	.   0.13	6df3A  175  V
ENSP00000271153	 rs4646487	Cgg	Tgg	R	W	173  	.   0.03	5t6qA  149  C
ENSP00000271153	 rs4646487	Cgg	Tgg	R	W	173  	.   0.03	6c93A  148  C
ENSP00000271153	 rs4646487	Cgg	Tgg	R	W	173  	.   0.03	6c94A  150  C
ENSP00000271153	 rs2297810	atG	atA	M	I	331  	.   0.01	5t6qA  297  M
ENSP00000271153	 rs2297810	atG	atA	M	I	331  	.   0.01	6c93A  304  M
ENSP00000271153	 rs2297810	atG	atA	M	I	331  	.   0.01	6c94A  308  M
ENSP00000271153	rs45559437	gCc	gTc	A	V	111  	.   0.09	5t6qA   87  A
ENSP00000271153	rs45559437	gCc	gTc	A	V	111  	.   0.09	6c93A   86  A
ENSP00000271153	rs45559437	gCc	gTc	A	V	111  	.   0.09	6c94A   88  A
ENSP00000271153	rs45467195	Agt	Ggt	S	G	322  	.   0.01	5t6qA  288  S
ENSP00000271153	rs45467195	Agt	Ggt	S	G	322  	.   0.01	6c93A  295  S
ENSP00000271153	rs45467195	Agt	Ggt	S	G	322  	.   0.01	6c94A  299  S
ENSP00000271153	rs17102592	tTc	tGc	F	C	354  	.   0.03	5t6qA  320  S
ENSP00000271153	rs17102592	tTc	tGc	F	C	354  	.   0.03	6c93A  327  S
ENSP00000271153	rs17102592	tTc	tGc	F	C	354  	.   0.03	6c94A  331  S
ENSP00000271153	rs45500401	ggG	ggA	G	G	123  	.   0.01	5t6qA   99  G
ENSP00000271153	rs45500401	ggG	ggA	G	G	123  	.   0.01	6c93A   98  G
ENSP00000271153	rs45500401	ggG	ggA	G	G	123  	.   0.01	6c94A  100  G
ENSP00000271153	rs45500401	ggG	ggC	G	G	123  	.   0.01	5t6qA   99  G
ENSP00000271153	rs45500401	ggG	ggC	G	G	123  	.   0.01	6c93A   98  G
ENSP00000271153	rs45500401	ggG	ggC	G	G	123  	.   0.01	6c94A  100  G
ENSP00000271450	 rs1801274	cAt	cGt	H	R	167  	.   0.04	1fcgA  131  H
ENSP00000271450	 rs1801274	cAt	cGt	H	R	167  	.   0.04	1h9vA  131  R
ENSP00000271450	 rs1801274	cAt	cGt	H	R	167  	.   0.04	2fcbA  131  R
ENSP00000271450	 rs1801274	cAt	cGt	H	R	167  	.   0.04	3d5oF  131  R
ENSP00000271450	 rs1801274	cAt	cGt	H	R	167  	.   0.04	3ry4A  131  H
ENSP00000271450	 rs1801274	cAt	cGt	H	R	167  	.   0.04	3ry5A  131  R
ENSP00000271450	 rs1801274	cAt	cGt	H	R	167  	.   0.04	3ry6C  128  R
ENSP00000271450	 rs1801274	cAt	cGt	H	R	167  	.   0.04	3wjjC  127  R
ENSP00000271450	 rs1801274	cAt	cGt	H	R	167  	.   0.04	3wjlC  121  R
ENSP00000271450	 rs1801274	cAt	cGt	H	R	167  	.   0.04	5occA  120  R
ENSP00000271640	rs142077867	Ctg	Ttg	L	L	317  	.   0.03	3dlmA  128  L
ENSP00000271640	rs142077867	Ctg	Ttg	L	L	317  	.   0.03	5kchA  128  L
ENSP00000271640	rs142077867	Ctg	Ttg	L	L	317  	.   0.03	5kcoA  128  L
ENSP00000271640	rs142077867	Ctg	Ttg	L	L	317  	.   0.03	5ke2A  124  L
ENSP00000271640	rs142077867	Ctg	Ttg	L	L	317  	.   0.03	5ke3A  125  L
ENSP00000271640	rs142077867	Ctg	Ttg	L	L	317  	.   0.03	5kh6A  128  L
ENSP00000271640	rs142077867	Ctg	Ttg	L	L	317  	.   0.03	6au2A  127  L
ENSP00000271640	rs142077867	Ctg	Ttg	L	L	317  	.   0.03	6au3A  124  L
ENSP00000271640	rs142077867	Ctg	Ttg	L	L	317  	.   0.03	6bhdA  128  L
ENSP00000271640	rs142077867	Ctg	Ttg	L	L	317  	.   0.03	6bheA  127  L
ENSP00000271640	rs142077867	Ctg	Ttg	L	L	317  	.   0.03	6bhgA  126  L
ENSP00000271640	rs142077867	Ctg	Ttg	L	L	317  	.   0.03	6bhhA  126  L
ENSP00000271640	rs142077867	Ctg	Ttg	L	L	317  	.   0.03	6bhiA  127  L
ENSP00000271640	rs142077867	Ctg	Ttg	L	L	317  	.   0.03	6bpiA  125  L
ENSP00000271971	rs28359647	Gct	Act	A	T	239  	.    0.1	1zivA  210  A
ENSP00000271971	rs28359647	Gct	Act	A	T	239  	.    0.1	2p0rA  221  A
ENSP00000271971	rs28359647	Gct	Act	A	T	239  	.    0.1	2p0rB  221  A
ENSP00000272227	    rs4807	aAa	aGa	K	R	214  	.   0.02	1x5dA   61  K
ENSP00000272227	    rs4807	aAa	aGa	K	R	214  	.   0.02	4gwrA   54  K
ENSP00000272227	    rs4807	aAa	aGa	K	R	214  	.   0.02	4gwrB   55  K
ENSP00000272227	    rs4758	tcG	tcA	S	S	33   	.   0.02	2dmlA   25  S
ENSP00000272227	    rs4758	tcG	tcA	S	S	33   	.   0.02	3vwwA    9  S
ENSP00000272227	    rs4758	tcG	tcA	S	S	33   	.   0.02	3vwwB    9  S
ENSP00000272227	    rs4758	tcG	tcA	S	S	33   	.   0.02	3w8jA   14  S
ENSP00000272227	    rs4758	tcG	tcA	S	S	33   	.   0.02	3w8jB   15  S
ENSP00000272227	    rs4758	tcG	tcA	S	S	33   	.   0.02	4ef0A    8  S
ENSP00000272227	    rs4758	tcG	tcA	S	S	33   	.   0.02	4ef0B    8  S
ENSP00000272452	 rs2293068	tcG	tcA	S	S	235  	.   0.05	2gwhA  220  S
ENSP00000272452	 rs2293068	tcG	tcA	S	S	235  	.   0.05	2gwhB  221  S
ENSP00000272452	 rs2293068	tcG	tcC	S	S	235  	.   0.05	2gwhA  220  S
ENSP00000272452	 rs2293068	tcG	tcC	S	S	235  	.   0.05	2gwhB  221  S
ENSP00000272716	rs61748241	ttG	ttC	L	F	383  	.   0.04	5jhoA  230  L
ENSP00000272716	rs61748241	ttG	ttC	L	F	383  	.   0.04	5jhoB  213  L
ENSP00000272716	rs61748241	ttG	ttA	L	L	383  	.   0.04	5jhoA  230  L
ENSP00000272716	rs61748241	ttG	ttA	L	L	383  	.   0.04	5jhoB  213  L
ENSP00000272849	  rs849526	taT	taC	Y	Y	357  	.   0.04	2qqjA   82  Y
ENSP00000272849	  rs849526	taT	taC	Y	Y	357  	.   0.04	2qqkA  315  Y
ENSP00000272849	  rs849526	taT	taC	Y	Y	357  	.   0.04	2qqlA  321  Y
ENSP00000272849	  rs849526	taT	taC	Y	Y	357  	.   0.04	2qqoA  195  Y
ENSP00000272849	  rs849526	taT	taC	Y	Y	357  	.   0.04	2qqoB  195  Y
ENSP00000272849	  rs849526	taT	taC	Y	Y	357  	.   0.04	4qdqA   82  Y
ENSP00000272849	  rs849526	taT	taC	Y	Y	357  	.   0.04	4qdqB   82  Y
ENSP00000272849	  rs849526	taT	taC	Y	Y	357  	.   0.04	4qdrA   84  Y
ENSP00000272849	  rs849526	taT	taC	Y	Y	357  	.   0.04	4qdsA   86  Y
ENSP00000272849	  rs849526	taT	taC	Y	Y	357  	.   0.04	4qdsB   83  Y
ENSP00000272849	  rs849526	taT	taC	Y	Y	357  	.   0.04	5dn2A   84  Y
ENSP00000272849	  rs849526	taT	taC	Y	Y	357  	.   0.04	5dn2B   84  Y
ENSP00000272849	  rs849526	taT	taC	Y	Y	357  	.   0.04	5dn2C   84  Y
ENSP00000272849	  rs849526	taT	taC	Y	Y	357  	.   0.04	5dn2D   84  Y
ENSP00000272849	  rs849526	taT	taC	Y	Y	357  	.   0.04	5dq0A   81  Y
ENSP00000273261	  rs900171	Ttg	Ctg	L	L	741  	.   0.06	4u7mA  244  L
ENSP00000273261	 rs6793110	agC	agT	S	S	439  	.   0.01	4u7lA  399  S
ENSP00000273261	rs34993786	caC	caG	H	Q	606  	.   0.02	4u7mA  109  H
ENSP00000273261	rs34993786	caC	caT	H	H	606  	.   0.02	4u7mA  109  H
ENSP00000273261	rs116809906	cCg	cTg	P	L	721  	.   0.37	4u7mA  224  P
ENSP00000273261	rs116809906	cCg	cAg	P	Q	721  	.   0.37	4u7mA  224  P
ENSP00000273430	    rs5182	ctC	ctT	L	L	191  	.   0.01	4yayA  277  L
ENSP00000273430	    rs5182	ctC	ctT	L	L	191  	.   0.01	4zudA  275  L
ENSP00000273951	    rs4588	aCg	aTg	T	M	436  	.    0.3	1j78A  396  T
ENSP00000273951	    rs4588	aCg	aTg	T	M	436  	.    0.3	1j78B  411  T
ENSP00000273951	    rs4588	aCg	aTg	T	M	436  	.    0.3	1j7eA  398  T
ENSP00000273951	    rs4588	aCg	aTg	T	M	436  	.    0.3	1j7eB  411  T
ENSP00000273951	    rs4588	aCg	aTg	T	M	436  	.    0.3	1kw2A  417  K
ENSP00000273951	    rs4588	aCg	aTg	T	M	436  	.    0.3	1kw2B  415  K
ENSP00000273951	    rs4588	aCg	aTg	T	M	436  	.    0.3	1kxpB  401  K
ENSP00000273951	    rs4588	aCg	aTg	T	M	436  	.    0.3	1lotA  399  T
ENSP00000273951	    rs4588	aCg	aTg	T	M	436  	.    0.3	1ma9A  404  T
ENSP00000273951	    rs4588	aCg	aAg	T	K	436  	.    0.3	1j78A  396  T
ENSP00000273951	    rs4588	aCg	aAg	T	K	436  	.    0.3	1j78B  411  T
ENSP00000273951	    rs4588	aCg	aAg	T	K	436  	.    0.3	1j7eA  398  T
ENSP00000273951	    rs4588	aCg	aAg	T	K	436  	.    0.3	1j7eB  411  T
ENSP00000273951	    rs4588	aCg	aAg	T	K	436  	.    0.3	1kw2A  417  K
ENSP00000273951	    rs4588	aCg	aAg	T	K	436  	.    0.3	1kw2B  415  K
ENSP00000273951	    rs4588	aCg	aAg	T	K	436  	.    0.3	1kxpB  401  K
ENSP00000273951	    rs4588	aCg	aAg	T	K	436  	.    0.3	1lotA  399  T
ENSP00000273951	    rs4588	aCg	aAg	T	K	436  	.    0.3	1ma9A  404  T
ENSP00000274024	 rs1799883	Act	Tct	T	S	55   	.   0.01	1a57A   39  N
ENSP00000274024	 rs1799883	Act	Tct	T	S	55   	.   0.01	1aelA   54  N
ENSP00000274024	 rs1799883	Act	Tct	T	S	55   	.   0.01	1dc9A   54  N
ENSP00000274024	 rs1799883	Act	Tct	T	S	55   	.   0.01	1icmA   54  N
ENSP00000274024	 rs1799883	Act	Tct	T	S	55   	.   0.01	1icnA   54  N
ENSP00000274024	 rs1799883	Act	Tct	T	S	55   	.   0.01	1ifbA   54  N
ENSP00000274024	 rs1799883	Act	Tct	T	S	55   	.   0.01	1ifcA   54  N
ENSP00000274024	 rs1799883	Act	Tct	T	S	55   	.   0.01	1kzwA   54  A
ENSP00000274024	 rs1799883	Act	Tct	T	S	55   	.   0.01	1kzxA   54  T
ENSP00000274024	 rs1799883	Act	Tct	T	S	55   	.   0.01	1sa8A   29  N
ENSP00000274024	 rs1799883	Act	Tct	T	S	55   	.   0.01	1t8vA   54  N
ENSP00000274024	 rs1799883	Act	Tct	T	S	55   	.   0.01	1ureA   54  N
ENSP00000274024	 rs1799883	Act	Tct	T	S	55   	.   0.01	2ifbA   54  N
ENSP00000274024	 rs1799883	Act	Tct	T	S	55   	.   0.01	2mjiA   54  A
ENSP00000274024	 rs1799883	Act	Tct	T	S	55   	.   0.01	2mo5A   65  A
ENSP00000274024	 rs1799883	Act	Tct	T	S	55   	.   0.01	3akmA   54  A
ENSP00000274024	 rs1799883	Act	Tct	T	S	55   	.   0.01	3akmB   54  A
ENSP00000274024	 rs1799883	Act	Tct	T	S	55   	.   0.01	3akmC   54  A
ENSP00000274024	 rs1799883	Act	Tct	T	S	55   	.   0.01	3akmD   54  A
ENSP00000274024	 rs1799883	Act	Tct	T	S	55   	.   0.01	3aknA   54  N
ENSP00000274024	 rs1799883	Act	Tct	T	S	55   	.   0.01	3ifbA   54  A
ENSP00000274024	 rs1799883	Act	Gct	T	A	55   	.   0.01	1a57A   39  N
ENSP00000274024	 rs1799883	Act	Gct	T	A	55   	.   0.01	1aelA   54  N
ENSP00000274024	 rs1799883	Act	Gct	T	A	55   	.   0.01	1dc9A   54  N
ENSP00000274024	 rs1799883	Act	Gct	T	A	55   	.   0.01	1icmA   54  N
ENSP00000274024	 rs1799883	Act	Gct	T	A	55   	.   0.01	1icnA   54  N
ENSP00000274024	 rs1799883	Act	Gct	T	A	55   	.   0.01	1ifbA   54  N
ENSP00000274024	 rs1799883	Act	Gct	T	A	55   	.   0.01	1ifcA   54  N
ENSP00000274024	 rs1799883	Act	Gct	T	A	55   	.   0.01	1kzwA   54  A
ENSP00000274024	 rs1799883	Act	Gct	T	A	55   	.   0.01	1kzxA   54  T
ENSP00000274024	 rs1799883	Act	Gct	T	A	55   	.   0.01	1sa8A   29  N
ENSP00000274024	 rs1799883	Act	Gct	T	A	55   	.   0.01	1t8vA   54  N
ENSP00000274024	 rs1799883	Act	Gct	T	A	55   	.   0.01	1ureA   54  N
ENSP00000274024	 rs1799883	Act	Gct	T	A	55   	.   0.01	2ifbA   54  N
ENSP00000274024	 rs1799883	Act	Gct	T	A	55   	.   0.01	2mjiA   54  A
ENSP00000274024	 rs1799883	Act	Gct	T	A	55   	.   0.01	2mo5A   65  A
ENSP00000274024	 rs1799883	Act	Gct	T	A	55   	.   0.01	3akmA   54  A
ENSP00000274024	 rs1799883	Act	Gct	T	A	55   	.   0.01	3akmB   54  A
ENSP00000274024	 rs1799883	Act	Gct	T	A	55   	.   0.01	3akmC   54  A
ENSP00000274024	 rs1799883	Act	Gct	T	A	55   	.   0.01	3akmD   54  A
ENSP00000274024	 rs1799883	Act	Gct	T	A	55   	.   0.01	3aknA   54  N
ENSP00000274024	 rs1799883	Act	Gct	T	A	55   	.   0.01	3ifbA   54  A
ENSP00000274024	 rs1799883	Act	Cct	T	P	55   	.   0.01	1a57A   39  N
ENSP00000274024	 rs1799883	Act	Cct	T	P	55   	.   0.01	1aelA   54  N
ENSP00000274024	 rs1799883	Act	Cct	T	P	55   	.   0.01	1dc9A   54  N
ENSP00000274024	 rs1799883	Act	Cct	T	P	55   	.   0.01	1icmA   54  N
ENSP00000274024	 rs1799883	Act	Cct	T	P	55   	.   0.01	1icnA   54  N
ENSP00000274024	 rs1799883	Act	Cct	T	P	55   	.   0.01	1ifbA   54  N
ENSP00000274024	 rs1799883	Act	Cct	T	P	55   	.   0.01	1ifcA   54  N
ENSP00000274024	 rs1799883	Act	Cct	T	P	55   	.   0.01	1kzwA   54  A
ENSP00000274024	 rs1799883	Act	Cct	T	P	55   	.   0.01	1kzxA   54  T
ENSP00000274024	 rs1799883	Act	Cct	T	P	55   	.   0.01	1sa8A   29  N
ENSP00000274024	 rs1799883	Act	Cct	T	P	55   	.   0.01	1t8vA   54  N
ENSP00000274024	 rs1799883	Act	Cct	T	P	55   	.   0.01	1ureA   54  N
ENSP00000274024	 rs1799883	Act	Cct	T	P	55   	.   0.01	2ifbA   54  N
ENSP00000274024	 rs1799883	Act	Cct	T	P	55   	.   0.01	2mjiA   54  A
ENSP00000274024	 rs1799883	Act	Cct	T	P	55   	.   0.01	2mo5A   65  A
ENSP00000274024	 rs1799883	Act	Cct	T	P	55   	.   0.01	3akmA   54  A
ENSP00000274024	 rs1799883	Act	Cct	T	P	55   	.   0.01	3akmB   54  A
ENSP00000274024	 rs1799883	Act	Cct	T	P	55   	.   0.01	3akmC   54  A
ENSP00000274024	 rs1799883	Act	Cct	T	P	55   	.   0.01	3akmD   54  A
ENSP00000274024	 rs1799883	Act	Cct	T	P	55   	.   0.01	3aknA   54  N
ENSP00000274024	 rs1799883	Act	Cct	T	P	55   	.   0.01	3ifbA   54  A
ENSP00000274024	 rs4834770	aaT	aaC	N	N	72   	.   0.01	1a57A   56  S
ENSP00000274024	 rs4834770	aaT	aaC	N	N	72   	.   0.01	1aelA   71  S
ENSP00000274024	 rs4834770	aaT	aaC	N	N	72   	.   0.01	1dc9A   71  S
ENSP00000274024	 rs4834770	aaT	aaC	N	N	72   	.   0.01	1icmA   71  S
ENSP00000274024	 rs4834770	aaT	aaC	N	N	72   	.   0.01	1icnA   71  S
ENSP00000274024	 rs4834770	aaT	aaC	N	N	72   	.   0.01	1ifbA   71  S
ENSP00000274024	 rs4834770	aaT	aaC	N	N	72   	.   0.01	1ifcA   71  S
ENSP00000274024	 rs4834770	aaT	aaC	N	N	72   	.   0.01	1kzwA   71  N
ENSP00000274024	 rs4834770	aaT	aaC	N	N	72   	.   0.01	1kzxA   71  N
ENSP00000274024	 rs4834770	aaT	aaC	N	N	72   	.   0.01	1sa8A   46  S
ENSP00000274024	 rs4834770	aaT	aaC	N	N	72   	.   0.01	1t8vA   71  S
ENSP00000274024	 rs4834770	aaT	aaC	N	N	72   	.   0.01	1ureA   71  S
ENSP00000274024	 rs4834770	aaT	aaC	N	N	72   	.   0.01	2ifbA   71  S
ENSP00000274024	 rs4834770	aaT	aaC	N	N	72   	.   0.01	2mjiA   71  N
ENSP00000274024	 rs4834770	aaT	aaC	N	N	72   	.   0.01	2mo5A   82  N
ENSP00000274024	 rs4834770	aaT	aaC	N	N	72   	.   0.01	3akmA   71  N
ENSP00000274024	 rs4834770	aaT	aaC	N	N	72   	.   0.01	3akmB   71  N
ENSP00000274024	 rs4834770	aaT	aaC	N	N	72   	.   0.01	3akmC   71  N
ENSP00000274024	 rs4834770	aaT	aaC	N	N	72   	.   0.01	3akmD   71  N
ENSP00000274024	 rs4834770	aaT	aaC	N	N	72   	.   0.01	3aknA   71  S
ENSP00000274024	 rs4834770	aaT	aaC	N	N	72   	.   0.01	3ifbA   71  N
ENSP00000274026	  rs769243	caG	caA	Q	Q	228  	.   0.01	1e9hB   54  Q
ENSP00000274026	  rs769243	caG	caA	Q	Q	228  	.   0.01	1e9hD   54  Q
ENSP00000274026	  rs769243	caG	caA	Q	Q	228  	.   0.01	1finB   56  Q
ENSP00000274026	  rs769243	caG	caA	Q	Q	228  	.   0.01	1finD   56  Q
ENSP00000274026	  rs769243	caG	caA	Q	Q	228  	.   0.01	1fvvB   56  Q
ENSP00000274026	  rs769243	caG	caA	Q	Q	228  	.   0.01	1fvvD   56  Q
ENSP00000274026	  rs769243	caG	caA	Q	Q	228  	.   0.01	1gy3B   54  Q
ENSP00000274026	  rs769243	caG	caA	Q	Q	228  	.   0.01	1gy3D   54  Q
ENSP00000274026	  rs769243	caG	caA	Q	Q	228  	.   0.01	1h1pB   54  Q
ENSP00000274026	  rs769243	caG	caA	Q	Q	228  	.   0.01	1h1pD   54  Q
ENSP00000274026	  rs769243	caG	caA	Q	Q	228  	.   0.01	1h1qB   54  Q
ENSP00000274026	  rs769243	caG	caA	Q	Q	228  	.   0.01	1h1qD   54  Q
ENSP00000274026	  rs769243	caG	caA	Q	Q	228  	.   0.01	1h1rB   54  Q
ENSP00000274026	  rs769243	caG	caA	Q	Q	228  	.   0.01	1h1rD   54  Q
ENSP00000274026	  rs769243	caG	caA	Q	Q	228  	.   0.01	1h1sB   54  Q
ENSP00000274026	  rs769243	caG	caA	Q	Q	228  	.   0.01	1h1sD   54  Q
ENSP00000274026	  rs769243	caG	caA	Q	Q	228  	.   0.01	1h24B   54  Q
ENSP00000274026	  rs769243	caG	caA	Q	Q	228  	.   0.01	1h24D   54  Q
ENSP00000274026	  rs769243	caG	caA	Q	Q	228  	.   0.01	1h25B   54  Q
ENSP00000274026	  rs769243	caG	caA	Q	Q	228  	.   0.01	1h25D   54  Q
ENSP00000274026	  rs769243	caG	caA	Q	Q	228  	.   0.01	1h26B   54  Q
ENSP00000274026	  rs769243	caG	caA	Q	Q	228  	.   0.01	1h26D   54  Q
ENSP00000274026	  rs769243	caG	caA	Q	Q	228  	.   0.01	1h27B   54  Q
ENSP00000274026	  rs769243	caG	caA	Q	Q	228  	.   0.01	1h27D   54  Q
ENSP00000274026	  rs769243	caG	caA	Q	Q	228  	.   0.01	1h28B   54  Q
ENSP00000274026	  rs769243	caG	caA	Q	Q	228  	.   0.01	1h28D   54  Q
ENSP00000274026	  rs769243	caG	caA	Q	Q	228  	.   0.01	1jstB   54  Q
ENSP00000274026	  rs769243	caG	caA	Q	Q	228  	.   0.01	1jstD   54  Q
ENSP00000274026	  rs769243	caG	caA	Q	Q	228  	.   0.01	1jsuB   54  Q
ENSP00000274026	  rs769243	caG	caA	Q	Q	228  	.   0.01	1oguB   51  Q
ENSP00000274026	  rs769243	caG	caA	Q	Q	228  	.   0.01	1oguD   51  Q
ENSP00000274026	  rs769243	caG	caA	Q	Q	228  	.   0.01	1oi9B   54  Q
ENSP00000274026	  rs769243	caG	caA	Q	Q	228  	.   0.01	1oi9D   51  Q
ENSP00000274026	  rs769243	caG	caA	Q	Q	228  	.   0.01	1oiuB   52  Q
ENSP00000274026	  rs769243	caG	caA	Q	Q	228  	.   0.01	1oiuD   52  Q
ENSP00000274026	  rs769243	caG	caA	Q	Q	228  	.   0.01	1oiyB   54  Q
ENSP00000274026	  rs769243	caG	caA	Q	Q	228  	.   0.01	1oiyD   54  Q
ENSP00000274026	  rs769243	caG	caA	Q	Q	228  	.   0.01	1okvB   54  Q
ENSP00000274026	  rs769243	caG	caA	Q	Q	228  	.   0.01	1okvD   56  Q
ENSP00000274026	  rs769243	caG	caA	Q	Q	228  	.   0.01	1okwB   54  Q
ENSP00000274026	  rs769243	caG	caA	Q	Q	228  	.   0.01	1okwD   54  Q
ENSP00000274026	  rs769243	caG	caA	Q	Q	228  	.   0.01	1ol1B   54  Q
ENSP00000274026	  rs769243	caG	caA	Q	Q	228  	.   0.01	1ol1D   54  Q
ENSP00000274026	  rs769243	caG	caA	Q	Q	228  	.   0.01	1ol2B   54  Q
ENSP00000274026	  rs769243	caG	caA	Q	Q	228  	.   0.01	1ol2D   54  Q
ENSP00000274026	  rs769243	caG	caA	Q	Q	228  	.   0.01	1p5eB   54  Q
ENSP00000274026	  rs769243	caG	caA	Q	Q	228  	.   0.01	1p5eD   54  Q
ENSP00000274026	  rs769243	caG	caA	Q	Q	228  	.   0.01	1pkdB   54  Q
ENSP00000274026	  rs769243	caG	caA	Q	Q	228  	.   0.01	1pkdD   54  Q
ENSP00000274026	  rs769243	caG	caA	Q	Q	228  	.   0.01	1qmzB   54  Q
ENSP00000274026	  rs769243	caG	caA	Q	Q	228  	.   0.01	1qmzD   54  Q
ENSP00000274026	  rs769243	caG	caA	Q	Q	228  	.   0.01	1urcB   54  Q
ENSP00000274026	  rs769243	caG	caA	Q	Q	228  	.   0.01	1urcD   54  Q
ENSP00000274026	  rs769243	caG	caA	Q	Q	228  	.   0.01	1vinA   48  Q
ENSP00000274026	  rs769243	caG	caA	Q	Q	228  	.   0.01	1vywB   54  Q
ENSP00000274026	  rs769243	caG	caA	Q	Q	228  	.   0.01	1vywD   51  Q
ENSP00000274026	  rs769243	caG	caA	Q	Q	228  	.   0.01	2bkzB   53  Q
ENSP00000274026	  rs769243	caG	caA	Q	Q	228  	.   0.01	2bkzD   51  Q
ENSP00000274026	  rs769243	caG	caA	Q	Q	228  	.   0.01	2bpmB   54  Q
ENSP00000274026	  rs769243	caG	caA	Q	Q	228  	.   0.01	2bpmD   51  Q
ENSP00000274026	  rs769243	caG	caA	Q	Q	228  	.   0.01	2c4gB   54  Q
ENSP00000274026	  rs769243	caG	caA	Q	Q	228  	.   0.01	2c4gD   54  Q
ENSP00000274026	  rs769243	caG	caA	Q	Q	228  	.   0.01	2c5nB   54  Q
ENSP00000274026	  rs769243	caG	caA	Q	Q	228  	.   0.01	2c5nD   54  Q
ENSP00000274026	  rs769243	caG	caA	Q	Q	228  	.   0.01	2c5oB   54  Q
ENSP00000274026	  rs769243	caG	caA	Q	Q	228  	.   0.01	2c5oD   54  Q
ENSP00000274026	  rs769243	caG	caA	Q	Q	228  	.   0.01	2c5vB   54  Q
ENSP00000274026	  rs769243	caG	caA	Q	Q	228  	.   0.01	2c5vD   54  Q
ENSP00000274026	  rs769243	caG	caA	Q	Q	228  	.   0.01	2c5xB   54  Q
ENSP00000274026	  rs769243	caG	caA	Q	Q	228  	.   0.01	2c5xD   54  Q
ENSP00000274026	  rs769243	caG	caA	Q	Q	228  	.   0.01	2c6tB   54  Q
ENSP00000274026	  rs769243	caG	caA	Q	Q	228  	.   0.01	2c6tD   54  Q
ENSP00000274026	  rs769243	caG	caA	Q	Q	228  	.   0.01	2cchB   56  Q
ENSP00000274026	  rs769243	caG	caA	Q	Q	228  	.   0.01	2cchD   53  Q
ENSP00000274026	  rs769243	caG	caA	Q	Q	228  	.   0.01	2cciB   54  Q
ENSP00000274026	  rs769243	caG	caA	Q	Q	228  	.   0.01	2cciD   54  Q
ENSP00000274026	  rs769243	caG	caA	Q	Q	228  	.   0.01	2cjmB   53  Q
ENSP00000274026	  rs769243	caG	caA	Q	Q	228  	.   0.01	2cjmD   53  Q
ENSP00000274026	  rs769243	caG	caA	Q	Q	228  	.   0.01	2g9xB   58  Q
ENSP00000274026	  rs769243	caG	caA	Q	Q	228  	.   0.01	2g9xD   58  Q
ENSP00000274026	  rs769243	caG	caA	Q	Q	228  	.   0.01	2i40B   54  Q
ENSP00000274026	  rs769243	caG	caA	Q	Q	228  	.   0.01	2i40D   51  Q
ENSP00000274026	  rs769243	caG	caA	Q	Q	228  	.   0.01	2iw6B   53  Q
ENSP00000274026	  rs769243	caG	caA	Q	Q	228  	.   0.01	2iw6D   51  Q
ENSP00000274026	  rs769243	caG	caA	Q	Q	228  	.   0.01	2iw8B   53  Q
ENSP00000274026	  rs769243	caG	caA	Q	Q	228  	.   0.01	2iw8D   51  Q
ENSP00000274026	  rs769243	caG	caA	Q	Q	228  	.   0.01	2iw9B   53  Q
ENSP00000274026	  rs769243	caG	caA	Q	Q	228  	.   0.01	2iw9D   51  Q
ENSP00000274026	  rs769243	caG	caA	Q	Q	228  	.   0.01	2uueB   54  Q
ENSP00000274026	  rs769243	caG	caA	Q	Q	228  	.   0.01	2uueD   54  Q
ENSP00000274026	  rs769243	caG	caA	Q	Q	228  	.   0.01	2uzbB   54  Q
ENSP00000274026	  rs769243	caG	caA	Q	Q	228  	.   0.01	2uzbD   54  Q
ENSP00000274026	  rs769243	caG	caA	Q	Q	228  	.   0.01	2uzdB   54  Q
ENSP00000274026	  rs769243	caG	caA	Q	Q	228  	.   0.01	2uzdD   54  Q
ENSP00000274026	  rs769243	caG	caA	Q	Q	228  	.   0.01	2uzeB   54  Q
ENSP00000274026	  rs769243	caG	caA	Q	Q	228  	.   0.01	2uzeD   54  Q
ENSP00000274026	  rs769243	caG	caA	Q	Q	228  	.   0.01	2uzlB   53  Q
ENSP00000274026	  rs769243	caG	caA	Q	Q	228  	.   0.01	2uzlD   53  Q
ENSP00000274026	  rs769243	caG	caA	Q	Q	228  	.   0.01	2v22B   54  Q
ENSP00000274026	  rs769243	caG	caA	Q	Q	228  	.   0.01	2v22D   54  Q
ENSP00000274026	  rs769243	caG	caA	Q	Q	228  	.   0.01	2wevB   54  Q
ENSP00000274026	  rs769243	caG	caA	Q	Q	228  	.   0.01	2wevD   54  Q
ENSP00000274026	  rs769243	caG	caA	Q	Q	228  	.   0.01	2wfyB   53  Q
ENSP00000274026	  rs769243	caG	caA	Q	Q	228  	.   0.01	2wfyD   56  Q
ENSP00000274026	  rs769243	caG	caA	Q	Q	228  	.   0.01	2whbB   54  Q
ENSP00000274026	  rs769243	caG	caA	Q	Q	228  	.   0.01	2whbD   54  Q
ENSP00000274026	  rs769243	caG	caA	Q	Q	228  	.   0.01	2wihB   53  Q
ENSP00000274026	  rs769243	caG	caA	Q	Q	228  	.   0.01	2wihD   53  Q
ENSP00000274026	  rs769243	caG	caA	Q	Q	228  	.   0.01	2wipB   54  Q
ENSP00000274026	  rs769243	caG	caA	Q	Q	228  	.   0.01	2wipD   51  Q
ENSP00000274026	  rs769243	caG	caA	Q	Q	228  	.   0.01	2wmaB   54  Q
ENSP00000274026	  rs769243	caG	caA	Q	Q	228  	.   0.01	2wmaD   54  Q
ENSP00000274026	  rs769243	caG	caA	Q	Q	228  	.   0.01	2wmbB   54  Q
ENSP00000274026	  rs769243	caG	caA	Q	Q	228  	.   0.01	2wmbD   54  Q
ENSP00000274026	  rs769243	caG	caA	Q	Q	228  	.   0.01	2wpaB   54  Q
ENSP00000274026	  rs769243	caG	caA	Q	Q	228  	.   0.01	2wpaD   50  Q
ENSP00000274026	  rs769243	caG	caA	Q	Q	228  	.   0.01	2wxvB   53  Q
ENSP00000274026	  rs769243	caG	caA	Q	Q	228  	.   0.01	2wxvD   53  Q
ENSP00000274026	  rs769243	caG	caA	Q	Q	228  	.   0.01	2x1nB   54  Q
ENSP00000274026	  rs769243	caG	caA	Q	Q	228  	.   0.01	2x1nD   54  Q
ENSP00000274026	  rs769243	caG	caA	Q	Q	228  	.   0.01	3bhtB   58  Q
ENSP00000274026	  rs769243	caG	caA	Q	Q	228  	.   0.01	3bhtD   58  Q
ENSP00000274026	  rs769243	caG	caA	Q	Q	228  	.   0.01	3bhuB   58  Q
ENSP00000274026	  rs769243	caG	caA	Q	Q	228  	.   0.01	3bhuD   58  Q
ENSP00000274026	  rs769243	caG	caA	Q	Q	228  	.   0.01	3bhvB   58  Q
ENSP00000274026	  rs769243	caG	caA	Q	Q	228  	.   0.01	3bhvD   58  Q
ENSP00000274026	  rs769243	caG	caA	Q	Q	228  	.   0.01	3ddpB   58  Q
ENSP00000274026	  rs769243	caG	caA	Q	Q	228  	.   0.01	3ddpD   58  Q
ENSP00000274026	  rs769243	caG	caA	Q	Q	228  	.   0.01	3ddqB   58  Q
ENSP00000274026	  rs769243	caG	caA	Q	Q	228  	.   0.01	3ddqD   58  Q
ENSP00000274026	  rs769243	caG	caA	Q	Q	228  	.   0.01	3dogB   58  Q
ENSP00000274026	  rs769243	caG	caA	Q	Q	228  	.   0.01	3dogD   58  Q
ENSP00000274026	  rs769243	caG	caA	Q	Q	228  	.   0.01	3eidB   53  Q
ENSP00000274026	  rs769243	caG	caA	Q	Q	228  	.   0.01	3eidD   51  Q
ENSP00000274026	  rs769243	caG	caA	Q	Q	228  	.   0.01	3ej1B   54  Q
ENSP00000274026	  rs769243	caG	caA	Q	Q	228  	.   0.01	3ej1D   53  Q
ENSP00000274026	  rs769243	caG	caA	Q	Q	228  	.   0.01	3eocB   53  Q
ENSP00000274026	  rs769243	caG	caA	Q	Q	228  	.   0.01	3eocD   53  Q
ENSP00000274026	  rs769243	caG	caA	Q	Q	228  	.   0.01	3f5xB   52  Q
ENSP00000274026	  rs769243	caG	caA	Q	Q	228  	.   0.01	3f5xD   51  Q
ENSP00000274026	  rs769243	caG	caA	Q	Q	228  	.   0.01	3my5B   58  Q
ENSP00000274026	  rs769243	caG	caA	Q	Q	228  	.   0.01	3my5D   58  Q
ENSP00000274026	  rs769243	caG	caA	Q	Q	228  	.   0.01	3qhrB   57  Q
ENSP00000274026	  rs769243	caG	caA	Q	Q	228  	.   0.01	3qhrD   57  Q
ENSP00000274026	  rs769243	caG	caA	Q	Q	228  	.   0.01	3qhwB   57  Q
ENSP00000274026	  rs769243	caG	caA	Q	Q	228  	.   0.01	3qhwD   57  Q
ENSP00000274026	  rs769243	caG	caA	Q	Q	228  	.   0.01	3tnwB   53  Q
ENSP00000274026	  rs769243	caG	caA	Q	Q	228  	.   0.01	3tnwD   53  Q
ENSP00000274026	  rs769243	caG	caA	Q	Q	228  	.   0.01	4bckB   53  Q
ENSP00000274026	  rs769243	caG	caA	Q	Q	228  	.   0.01	4bckD   51  Q
ENSP00000274026	  rs769243	caG	caA	Q	Q	228  	.   0.01	4bcmB   53  Q
ENSP00000274026	  rs769243	caG	caA	Q	Q	228  	.   0.01	4bcmD   53  Q
ENSP00000274026	  rs769243	caG	caA	Q	Q	228  	.   0.01	4bcnB   53  Q
ENSP00000274026	  rs769243	caG	caA	Q	Q	228  	.   0.01	4bcnD   52  Q
ENSP00000274026	  rs769243	caG	caA	Q	Q	228  	.   0.01	4bcoB   54  Q
ENSP00000274026	  rs769243	caG	caA	Q	Q	228  	.   0.01	4bcoD   52  Q
ENSP00000274026	  rs769243	caG	caA	Q	Q	228  	.   0.01	4bcpB   53  Q
ENSP00000274026	  rs769243	caG	caA	Q	Q	228  	.   0.01	4bcpD   53  Q
ENSP00000274026	  rs769243	caG	caA	Q	Q	228  	.   0.01	4bcqB   53  Q
ENSP00000274026	  rs769243	caG	caA	Q	Q	228  	.   0.01	4bcqD   53  Q
ENSP00000274026	  rs769243	caG	caA	Q	Q	228  	.   0.01	4cfmB   54  Q
ENSP00000274026	  rs769243	caG	caA	Q	Q	228  	.   0.01	4cfmD   54  Q
ENSP00000274026	  rs769243	caG	caA	Q	Q	228  	.   0.01	4cfnB   52  Q
ENSP00000274026	  rs769243	caG	caA	Q	Q	228  	.   0.01	4cfnD   53  Q
ENSP00000274026	  rs769243	caG	caA	Q	Q	228  	.   0.01	4cfuB   58  Q
ENSP00000274026	  rs769243	caG	caA	Q	Q	228  	.   0.01	4cfuD   58  Q
ENSP00000274026	  rs769243	caG	caA	Q	Q	228  	.   0.01	4cfvB   58  Q
ENSP00000274026	  rs769243	caG	caA	Q	Q	228  	.   0.01	4cfvD   58  Q
ENSP00000274026	  rs769243	caG	caA	Q	Q	228  	.   0.01	4cfwB   54  Q
ENSP00000274026	  rs769243	caG	caA	Q	Q	228  	.   0.01	4cfwD   53  Q
ENSP00000274026	  rs769243	caG	caA	Q	Q	228  	.   0.01	4cfxB   56  Q
ENSP00000274026	  rs769243	caG	caA	Q	Q	228  	.   0.01	4cfxD   56  Q
ENSP00000274026	  rs769243	caG	caA	Q	Q	228  	.   0.01	4eoiB   54  Q
ENSP00000274026	  rs769243	caG	caA	Q	Q	228  	.   0.01	4eoiD   51  Q
ENSP00000274026	  rs769243	caG	caA	Q	Q	228  	.   0.01	4eojB   53  Q
ENSP00000274026	  rs769243	caG	caA	Q	Q	228  	.   0.01	4eojD   53  Q
ENSP00000274026	  rs769243	caG	caA	Q	Q	228  	.   0.01	4eokB   54  Q
ENSP00000274026	  rs769243	caG	caA	Q	Q	228  	.   0.01	4eokD   53  Q
ENSP00000274026	  rs769243	caG	caA	Q	Q	228  	.   0.01	4eolB   53  Q
ENSP00000274026	  rs769243	caG	caA	Q	Q	228  	.   0.01	4eolD   53  Q
ENSP00000274026	  rs769243	caG	caA	Q	Q	228  	.   0.01	4eomB   53  Q
ENSP00000274026	  rs769243	caG	caA	Q	Q	228  	.   0.01	4eomD   53  Q
ENSP00000274026	  rs769243	caG	caA	Q	Q	228  	.   0.01	4eonB   53  Q
ENSP00000274026	  rs769243	caG	caA	Q	Q	228  	.   0.01	4eonD   54  Q
ENSP00000274026	  rs769243	caG	caA	Q	Q	228  	.   0.01	4eooB   54  Q
ENSP00000274026	  rs769243	caG	caA	Q	Q	228  	.   0.01	4eooD   53  Q
ENSP00000274026	  rs769243	caG	caA	Q	Q	228  	.   0.01	4eopB   53  Q
ENSP00000274026	  rs769243	caG	caA	Q	Q	228  	.   0.01	4eopD   54  Q
ENSP00000274026	  rs769243	caG	caA	Q	Q	228  	.   0.01	4eoqB   53  Q
ENSP00000274026	  rs769243	caG	caA	Q	Q	228  	.   0.01	4eoqD   53  Q
ENSP00000274026	  rs769243	caG	caA	Q	Q	228  	.   0.01	4eorB   53  Q
ENSP00000274026	  rs769243	caG	caA	Q	Q	228  	.   0.01	4eorD   54  Q
ENSP00000274026	  rs769243	caG	caA	Q	Q	228  	.   0.01	4eosB   53  Q
ENSP00000274026	  rs769243	caG	caA	Q	Q	228  	.   0.01	4eosD   54  Q
ENSP00000274026	  rs769243	caG	caA	Q	Q	228  	.   0.01	4fx3B   53  Q
ENSP00000274026	  rs769243	caG	caA	Q	Q	228  	.   0.01	4fx3D   54  Q
ENSP00000274026	  rs769243	caG	caA	Q	Q	228  	.   0.01	4i3zB   54  Q
ENSP00000274026	  rs769243	caG	caA	Q	Q	228  	.   0.01	4i3zD   54  Q
ENSP00000274026	  rs769243	caG	caA	Q	Q	228  	.   0.01	4ii5B   54  Q
ENSP00000274026	  rs769243	caG	caA	Q	Q	228  	.   0.01	4ii5D   54  Q
ENSP00000274026	  rs769243	caG	caA	Q	Q	228  	.   0.01	5cyiB   54  Q
ENSP00000274026	  rs769243	caG	caA	Q	Q	228  	.   0.01	5cyiD   52  Q
ENSP00000274026	  rs769243	caG	caA	Q	Q	228  	.   0.01	5if1B   53  Q
ENSP00000274026	  rs769243	caG	caA	Q	Q	228  	.   0.01	5if1D   53  Q
ENSP00000274026	  rs769243	caG	caA	Q	Q	228  	.   0.01	5lmkB   54  Q
ENSP00000274026	  rs769243	caG	caA	Q	Q	228  	.   0.01	5lmkD   53  Q
ENSP00000274026	  rs769243	caG	caA	Q	Q	228  	.   0.01	5nevB   54  Q
ENSP00000274026	  rs769243	caG	caA	Q	Q	228  	.   0.01	5nevD   54  Q
ENSP00000274093	rs12651268	agC	agT	S	S	80   	.   0.01	3jadA   39  S
ENSP00000274093	rs12651268	agC	agT	S	S	80   	.   0.01	3jadB   39  S
ENSP00000274093	rs12651268	agC	agT	S	S	80   	.   0.01	3jadC   39  S
ENSP00000274093	rs12651268	agC	agT	S	S	80   	.   0.01	3jadD   39  S
ENSP00000274093	rs12651268	agC	agT	S	S	80   	.   0.01	3jadE   39  S
ENSP00000274093	rs12651268	agC	agT	S	S	80   	.   0.01	3jaeA   39  S
ENSP00000274093	rs12651268	agC	agT	S	S	80   	.   0.01	3jaeB   39  S
ENSP00000274093	rs12651268	agC	agT	S	S	80   	.   0.01	3jaeC   39  S
ENSP00000274093	rs12651268	agC	agT	S	S	80   	.   0.01	3jaeD   39  S
ENSP00000274093	rs12651268	agC	agT	S	S	80   	.   0.01	3jaeE   39  S
ENSP00000274093	rs12651268	agC	agT	S	S	80   	.   0.01	3jafA   39  S
ENSP00000274093	rs12651268	agC	agT	S	S	80   	.   0.01	3jafB   39  S
ENSP00000274093	rs12651268	agC	agT	S	S	80   	.   0.01	3jafC   39  S
ENSP00000274093	rs12651268	agC	agT	S	S	80   	.   0.01	3jafD   39  S
ENSP00000274093	rs12651268	agC	agT	S	S	80   	.   0.01	3jafE   39  S
ENSP00000274093	rs12651268	agC	agT	S	S	80   	.   0.01	5cfbA   39  S
ENSP00000274093	rs12651268	agC	agT	S	S	80   	.   0.01	5cfbB   39  S
ENSP00000274093	rs12651268	agC	agT	S	S	80   	.   0.01	5cfbC   39  S
ENSP00000274093	rs12651268	agC	agT	S	S	80   	.   0.01	5cfbD   39  S
ENSP00000274093	rs12651268	agC	agT	S	S	80   	.   0.01	5cfbE   39  S
ENSP00000274289	rs17710502	ccG	ccA	P	P	300  	.   0.02	4i5mA  219  P
ENSP00000274289	rs17710502	ccG	ccA	P	P	300  	.   0.02	4i5pA  230  P
ENSP00000274289	rs17710502	ccG	ccA	P	P	300  	.   0.02	4i6bA  230  P
ENSP00000274289	rs17710502	ccG	ccA	P	P	300  	.   0.02	4i6fA  230  P
ENSP00000274289	rs17710502	ccG	ccA	P	P	300  	.   0.02	4i6hA  230  P
ENSP00000274353	 rs3733890	cGa	cAa	R	Q	239  	.   0.04	1lt7A  193  Q
ENSP00000274353	 rs3733890	cGa	cAa	R	Q	239  	.   0.04	1lt7B  193  Q
ENSP00000274353	 rs3733890	cGa	cAa	R	Q	239  	.   0.04	1lt8A  216  Q
ENSP00000274353	 rs3733890	cGa	cAa	R	Q	239  	.   0.04	1lt8B  208  Q
ENSP00000274353	 rs3733890	cGa	cAa	R	Q	239  	.   0.04	1umyA  215  R
ENSP00000274353	 rs3733890	cGa	cAa	R	Q	239  	.   0.04	1umyB  221  R
ENSP00000274353	 rs3733890	cGa	cAa	R	Q	239  	.   0.04	1umyC  214  R
ENSP00000274353	 rs3733890	cGa	cAa	R	Q	239  	.   0.04	1umyD  216  R
ENSP00000274353	 rs3733890	cGa	cAa	R	Q	239  	.   0.04	4m3pA  208  Q
ENSP00000274353	 rs3733890	cGa	cAa	R	Q	239  	.   0.04	4m3pB  209  Q
ENSP00000274353	 rs3733890	cGa	cAa	R	Q	239  	.   0.04	4m3pC  215  Q
ENSP00000274353	 rs3733890	cGa	cAa	R	Q	239  	.   0.04	4m3pD  213  Q
ENSP00000274353	 rs1050825	Ggc	Tgc	G	C	372  	.   0.11	1umyA  348  A
ENSP00000274353	 rs1050825	Ggc	Tgc	G	C	372  	.   0.11	1umyB  354  A
ENSP00000274353	 rs1050825	Ggc	Tgc	G	C	372  	.   0.11	1umyC  347  A
ENSP00000274353	 rs1050825	Ggc	Tgc	G	C	372  	.   0.11	1umyD  349  A
ENSP00000274353	 rs1050825	Ggc	Tgc	G	C	372  	.   0.11	4m3pA  341  G
ENSP00000274353	 rs1050825	Ggc	Tgc	G	C	372  	.   0.11	4m3pB  342  G
ENSP00000274353	 rs1050825	Ggc	Tgc	G	C	372  	.   0.11	4m3pC  348  G
ENSP00000274353	 rs1050825	Ggc	Tgc	G	C	372  	.   0.11	4m3pD  346  G
ENSP00000274353	 rs4703772	ctC	ctT	L	L	264  	.   0.01	1lt7A  218  L
ENSP00000274353	 rs4703772	ctC	ctT	L	L	264  	.   0.01	1lt7B  218  L
ENSP00000274353	 rs4703772	ctC	ctT	L	L	264  	.   0.01	1lt8A  241  L
ENSP00000274353	 rs4703772	ctC	ctT	L	L	264  	.   0.01	1lt8B  233  L
ENSP00000274353	 rs4703772	ctC	ctT	L	L	264  	.   0.01	1umyA  240  L
ENSP00000274353	 rs4703772	ctC	ctT	L	L	264  	.   0.01	1umyB  246  L
ENSP00000274353	 rs4703772	ctC	ctT	L	L	264  	.   0.01	1umyC  239  L
ENSP00000274353	 rs4703772	ctC	ctT	L	L	264  	.   0.01	1umyD  241  L
ENSP00000274353	 rs4703772	ctC	ctT	L	L	264  	.   0.01	4m3pA  233  L
ENSP00000274353	 rs4703772	ctC	ctT	L	L	264  	.   0.01	4m3pB  234  L
ENSP00000274353	 rs4703772	ctC	ctT	L	L	264  	.   0.01	4m3pC  240  L
ENSP00000274353	 rs4703772	ctC	ctT	L	L	264  	.   0.01	4m3pD  238  L
ENSP00000274353	rs56709544	Cgt	Tgt	R	C	16   	.   0.05	1lt7A    6  R
ENSP00000274353	rs56709544	Cgt	Tgt	R	C	16   	.   0.05	1lt7B    6  R
ENSP00000274353	rs56709544	Cgt	Tgt	R	C	16   	.   0.05	1lt8A    6  R
ENSP00000274353	rs56709544	Cgt	Tgt	R	C	16   	.   0.05	1lt8B    6  R
ENSP00000274353	rs56709544	Cgt	Tgt	R	C	16   	.   0.05	1umyA    7  R
ENSP00000274353	rs56709544	Cgt	Tgt	R	C	16   	.   0.05	1umyB    7  R
ENSP00000274353	rs56709544	Cgt	Tgt	R	C	16   	.   0.05	1umyC    7  R
ENSP00000274353	rs56709544	Cgt	Tgt	R	C	16   	.   0.05	1umyD    7  R
ENSP00000274353	rs56709544	Cgt	Tgt	R	C	16   	.   0.05	4m3pA    7  R
ENSP00000274353	rs56709544	Cgt	Tgt	R	C	16   	.   0.05	4m3pB    9  R
ENSP00000274353	rs56709544	Cgt	Tgt	R	C	16   	.   0.05	4m3pC    7  R
ENSP00000274353	rs56709544	Cgt	Tgt	R	C	16   	.   0.05	4m3pD    7  R
ENSP00000274353	rs73769969	Agt	Ggt	S	G	133  	.   0.05	1lt7A   87  S
ENSP00000274353	rs73769969	Agt	Ggt	S	G	133  	.   0.05	1lt7B   87  S
ENSP00000274353	rs73769969	Agt	Ggt	S	G	133  	.   0.05	1lt8A  110  S
ENSP00000274353	rs73769969	Agt	Ggt	S	G	133  	.   0.05	1lt8B  102  S
ENSP00000274353	rs73769969	Agt	Ggt	S	G	133  	.   0.05	1umyA  109  S
ENSP00000274353	rs73769969	Agt	Ggt	S	G	133  	.   0.05	1umyB  115  S
ENSP00000274353	rs73769969	Agt	Ggt	S	G	133  	.   0.05	1umyC  108  S
ENSP00000274353	rs73769969	Agt	Ggt	S	G	133  	.   0.05	1umyD  110  S
ENSP00000274353	rs73769969	Agt	Ggt	S	G	133  	.   0.05	4m3pA  102  S
ENSP00000274353	rs73769969	Agt	Ggt	S	G	133  	.   0.05	4m3pB  103  S
ENSP00000274353	rs73769969	Agt	Ggt	S	G	133  	.   0.05	4m3pC  109  S
ENSP00000274353	rs73769969	Agt	Ggt	S	G	133  	.   0.05	4m3pD  107  S
ENSP00000274353	rs60947960	Ccc	Tcc	P	S	197  	.   0.01	1lt7A  151  P
ENSP00000274353	rs60947960	Ccc	Tcc	P	S	197  	.   0.01	1lt7B  151  P
ENSP00000274353	rs60947960	Ccc	Tcc	P	S	197  	.   0.01	1lt8A  174  P
ENSP00000274353	rs60947960	Ccc	Tcc	P	S	197  	.   0.01	1lt8B  166  P
ENSP00000274353	rs60947960	Ccc	Tcc	P	S	197  	.   0.01	1umyA  173  S
ENSP00000274353	rs60947960	Ccc	Tcc	P	S	197  	.   0.01	1umyB  179  S
ENSP00000274353	rs60947960	Ccc	Tcc	P	S	197  	.   0.01	1umyC  172  S
ENSP00000274353	rs60947960	Ccc	Tcc	P	S	197  	.   0.01	1umyD  174  S
ENSP00000274353	rs60947960	Ccc	Tcc	P	S	197  	.   0.01	4m3pA  166  P
ENSP00000274353	rs60947960	Ccc	Tcc	P	S	197  	.   0.01	4m3pB  167  P
ENSP00000274353	rs60947960	Ccc	Tcc	P	S	197  	.   0.01	4m3pC  173  P
ENSP00000274353	rs60947960	Ccc	Tcc	P	S	197  	.   0.01	4m3pD  171  P
ENSP00000274353	rs59866108	Ggc	Agc	G	S	199  	.   0.01	1lt7A  153  G
ENSP00000274353	rs59866108	Ggc	Agc	G	S	199  	.   0.01	1lt7B  153  G
ENSP00000274353	rs59866108	Ggc	Agc	G	S	199  	.   0.01	1lt8A  176  G
ENSP00000274353	rs59866108	Ggc	Agc	G	S	199  	.   0.01	1lt8B  168  G
ENSP00000274353	rs59866108	Ggc	Agc	G	S	199  	.   0.01	1umyA  175  G
ENSP00000274353	rs59866108	Ggc	Agc	G	S	199  	.   0.01	1umyB  181  G
ENSP00000274353	rs59866108	Ggc	Agc	G	S	199  	.   0.01	1umyC  174  G
ENSP00000274353	rs59866108	Ggc	Agc	G	S	199  	.   0.01	1umyD  176  G
ENSP00000274353	rs59866108	Ggc	Agc	G	S	199  	.   0.01	4m3pA  168  G
ENSP00000274353	rs59866108	Ggc	Agc	G	S	199  	.   0.01	4m3pB  169  G
ENSP00000274353	rs59866108	Ggc	Agc	G	S	199  	.   0.01	4m3pC  175  G
ENSP00000274353	rs59866108	Ggc	Agc	G	S	199  	.   0.01	4m3pD  173  G
ENSP00000274353	rs59866108	Ggc	Cgc	G	R	199  	.   0.01	1lt7A  153  G
ENSP00000274353	rs59866108	Ggc	Cgc	G	R	199  	.   0.01	1lt7B  153  G
ENSP00000274353	rs59866108	Ggc	Cgc	G	R	199  	.   0.01	1lt8A  176  G
ENSP00000274353	rs59866108	Ggc	Cgc	G	R	199  	.   0.01	1lt8B  168  G
ENSP00000274353	rs59866108	Ggc	Cgc	G	R	199  	.   0.01	1umyA  175  G
ENSP00000274353	rs59866108	Ggc	Cgc	G	R	199  	.   0.01	1umyB  181  G
ENSP00000274353	rs59866108	Ggc	Cgc	G	R	199  	.   0.01	1umyC  174  G
ENSP00000274353	rs59866108	Ggc	Cgc	G	R	199  	.   0.01	1umyD  176  G
ENSP00000274353	rs59866108	Ggc	Cgc	G	R	199  	.   0.01	4m3pA  168  G
ENSP00000274353	rs59866108	Ggc	Cgc	G	R	199  	.   0.01	4m3pB  169  G
ENSP00000274353	rs59866108	Ggc	Cgc	G	R	199  	.   0.01	4m3pC  175  G
ENSP00000274353	rs59866108	Ggc	Cgc	G	R	199  	.   0.01	4m3pD  173  G
ENSP00000274353	rs35041410	ttC	ttT	F	F	74   	.   0.01	1lt7A   51  F
ENSP00000274353	rs35041410	ttC	ttT	F	F	74   	.   0.01	1lt7B   51  F
ENSP00000274353	rs35041410	ttC	ttT	F	F	74   	.   0.01	1lt8A   64  F
ENSP00000274353	rs35041410	ttC	ttT	F	F	74   	.   0.01	1lt8B   64  F
ENSP00000274353	rs35041410	ttC	ttT	F	F	74   	.   0.01	1umyA   65  F
ENSP00000274353	rs35041410	ttC	ttT	F	F	74   	.   0.01	1umyB   65  F
ENSP00000274353	rs35041410	ttC	ttT	F	F	74   	.   0.01	1umyC   65  F
ENSP00000274353	rs35041410	ttC	ttT	F	F	74   	.   0.01	1umyD   65  F
ENSP00000274353	rs35041410	ttC	ttT	F	F	74   	.   0.01	4m3pA   65  F
ENSP00000274353	rs35041410	ttC	ttT	F	F	74   	.   0.01	4m3pB   67  F
ENSP00000274353	rs35041410	ttC	ttT	F	F	74   	.   0.01	4m3pC   65  F
ENSP00000274353	rs35041410	ttC	ttT	F	F	74   	.   0.01	4m3pD   65  F
ENSP00000274353	rs75154282	agT	agC	S	S	133  	.   0.05	1lt7A   87  S
ENSP00000274353	rs75154282	agT	agC	S	S	133  	.   0.05	1lt7B   87  S
ENSP00000274353	rs75154282	agT	agC	S	S	133  	.   0.05	1lt8A  110  S
ENSP00000274353	rs75154282	agT	agC	S	S	133  	.   0.05	1lt8B  102  S
ENSP00000274353	rs75154282	agT	agC	S	S	133  	.   0.05	1umyA  109  S
ENSP00000274353	rs75154282	agT	agC	S	S	133  	.   0.05	1umyB  115  S
ENSP00000274353	rs75154282	agT	agC	S	S	133  	.   0.05	1umyC  108  S
ENSP00000274353	rs75154282	agT	agC	S	S	133  	.   0.05	1umyD  110  S
ENSP00000274353	rs75154282	agT	agC	S	S	133  	.   0.05	4m3pA  102  S
ENSP00000274353	rs75154282	agT	agC	S	S	133  	.   0.05	4m3pB  103  S
ENSP00000274353	rs75154282	agT	agC	S	S	133  	.   0.05	4m3pC  109  S
ENSP00000274353	rs75154282	agT	agC	S	S	133  	.   0.05	4m3pD  107  S
ENSP00000274353	rs58614276	gaG	gaA	E	E	146  	.   0.01	1lt7A  100  E
ENSP00000274353	rs58614276	gaG	gaA	E	E	146  	.   0.01	1lt7B  100  E
ENSP00000274353	rs58614276	gaG	gaA	E	E	146  	.   0.01	1lt8A  123  E
ENSP00000274353	rs58614276	gaG	gaA	E	E	146  	.   0.01	1lt8B  115  E
ENSP00000274353	rs58614276	gaG	gaA	E	E	146  	.   0.01	1umyA  122  E
ENSP00000274353	rs58614276	gaG	gaA	E	E	146  	.   0.01	1umyB  128  E
ENSP00000274353	rs58614276	gaG	gaA	E	E	146  	.   0.01	1umyC  121  E
ENSP00000274353	rs58614276	gaG	gaA	E	E	146  	.   0.01	1umyD  123  E
ENSP00000274353	rs58614276	gaG	gaA	E	E	146  	.   0.01	4m3pA  115  E
ENSP00000274353	rs58614276	gaG	gaA	E	E	146  	.   0.01	4m3pB  116  E
ENSP00000274353	rs58614276	gaG	gaA	E	E	146  	.   0.01	4m3pC  122  E
ENSP00000274353	rs58614276	gaG	gaA	E	E	146  	.   0.01	4m3pD  120  E
ENSP00000274353	rs60340837	taC	taT	Y	Y	284  	.   0.01	1lt7A  238  Y
ENSP00000274353	rs60340837	taC	taT	Y	Y	284  	.   0.01	1lt7B  238  Y
ENSP00000274353	rs60340837	taC	taT	Y	Y	284  	.   0.01	1lt8A  261  Y
ENSP00000274353	rs60340837	taC	taT	Y	Y	284  	.   0.01	1lt8B  253  Y
ENSP00000274353	rs60340837	taC	taT	Y	Y	284  	.   0.01	1umyA  260  Y
ENSP00000274353	rs60340837	taC	taT	Y	Y	284  	.   0.01	1umyB  266  Y
ENSP00000274353	rs60340837	taC	taT	Y	Y	284  	.   0.01	1umyC  259  Y
ENSP00000274353	rs60340837	taC	taT	Y	Y	284  	.   0.01	1umyD  261  Y
ENSP00000274353	rs60340837	taC	taT	Y	Y	284  	.   0.01	4m3pA  253  Y
ENSP00000274353	rs60340837	taC	taT	Y	Y	284  	.   0.01	4m3pB  254  Y
ENSP00000274353	rs60340837	taC	taT	Y	Y	284  	.   0.01	4m3pC  260  Y
ENSP00000274353	rs60340837	taC	taT	Y	Y	284  	.   0.01	4m3pD  258  Y
ENSP00000274364	rs34950321	aCc	aTc	T	I	894  	.   0.01	5cjpE   20  T
ENSP00000274364	rs34950321	aCc	aTc	T	I	894  	.   0.01	5cjpF   20  T
ENSP00000274507	   rs31517	Atc	Gtc	I	V	58   	.   0.03	5b0hA   40  V
ENSP00000274507	   rs31517	Atc	Gtc	I	V	58   	.   0.03	5b0hB   40  V
ENSP00000274793	 rs1805018	aTa	aCa	I	T	198  	.   0.06	3d59A  145  I
ENSP00000274793	 rs1805018	aTa	aCa	I	T	198  	.   0.06	3d59B  145  I
ENSP00000274793	 rs1805018	aTa	aCa	I	T	198  	.   0.06	3d5eA  145  I
ENSP00000274793	 rs1805018	aTa	aCa	I	T	198  	.   0.06	3d5eB  145  I
ENSP00000274793	 rs1805018	aTa	aCa	I	T	198  	.   0.06	3f96A  145  I
ENSP00000274793	 rs1805018	aTa	aCa	I	T	198  	.   0.06	3f96B  145  I
ENSP00000274793	 rs1805018	aTa	aCa	I	T	198  	.   0.06	3f97A  145  I
ENSP00000274793	 rs1805018	aTa	aCa	I	T	198  	.   0.06	3f97B  145  I
ENSP00000274793	 rs1805018	aTa	aCa	I	T	198  	.   0.06	3f98A  150  I
ENSP00000274793	 rs1805018	aTa	aCa	I	T	198  	.   0.06	3f98B  150  I
ENSP00000274793	 rs1805018	aTa	aCa	I	T	198  	.   0.06	3f98C  150  I
ENSP00000274793	 rs1805018	aTa	aCa	I	T	198  	.   0.06	3f9cA  145  I
ENSP00000274793	 rs1805018	aTa	aCa	I	T	198  	.   0.06	3f9cB  145  I
ENSP00000274793	 rs1805018	aTa	aCa	I	T	198  	.   0.06	5i8pA  145  I
ENSP00000274793	 rs1805018	aTa	aCa	I	T	198  	.   0.06	5i8pB  139  I
ENSP00000274793	 rs1805018	aTa	aCa	I	T	198  	.   0.06	5i9iA  145  I
ENSP00000274793	 rs1805018	aTa	aCa	I	T	198  	.   0.06	5i9iB  139  I
ENSP00000274793	 rs1805018	aTa	aCa	I	T	198  	.   0.06	5jadA  144  I
ENSP00000274793	 rs1805018	aTa	aCa	I	T	198  	.   0.06	5jahA  144  I
ENSP00000274793	 rs1805018	aTa	aCa	I	T	198  	.   0.06	5jalA  144  I
ENSP00000274793	 rs1805018	aTa	aCa	I	T	198  	.   0.06	5janA  144  I
ENSP00000274793	 rs1805018	aTa	aCa	I	T	198  	.   0.06	5jaoA  144  I
ENSP00000274793	 rs1805018	aTa	aCa	I	T	198  	.   0.06	5japA  144  I
ENSP00000274793	 rs1805018	aTa	aCa	I	T	198  	.   0.06	5jarA  144  I
ENSP00000274793	 rs1805018	aTa	aCa	I	T	198  	.   0.06	5jasA  144  I
ENSP00000274793	 rs1805018	aTa	aCa	I	T	198  	.   0.06	5jatA  144  I
ENSP00000274793	 rs1805018	aTa	aCa	I	T	198  	.   0.06	5jauA  144  I
ENSP00000274793	 rs1805018	aTa	aCa	I	T	198  	.   0.06	5lp1A  144  I
ENSP00000274793	 rs1805018	aTa	aCa	I	T	198  	.   0.06	5lyyA  144  I
ENSP00000274793	 rs1805018	aTa	aCa	I	T	198  	.   0.06	5lz2A  144  I
ENSP00000274793	 rs1805018	aTa	aCa	I	T	198  	.   0.06	5lz4A  144  I
ENSP00000274793	 rs1805018	aTa	aCa	I	T	198  	.   0.06	5lz5A  144  I
ENSP00000274793	 rs1805018	aTa	aCa	I	T	198  	.   0.06	5lz7A  144  I
ENSP00000274793	 rs1805018	aTa	aCa	I	T	198  	.   0.06	5lz8A  144  I
ENSP00000274793	 rs1805018	aTa	aCa	I	T	198  	.   0.06	5lz9A  144  I
ENSP00000274793	 rs1805018	aTa	aCa	I	T	198  	.   0.06	5ye7A  144  I
ENSP00000274793	 rs1805018	aTa	aCa	I	T	198  	.   0.06	5ye7B  141  I
ENSP00000274793	 rs1805018	aTa	aCa	I	T	198  	.   0.06	5ye8A  143  I
ENSP00000274793	 rs1805018	aTa	aCa	I	T	198  	.   0.06	5ye8B  139  I
ENSP00000274793	 rs1805018	aTa	aCa	I	T	198  	.   0.06	5ye9A  140  I
ENSP00000274793	 rs1805018	aTa	aCa	I	T	198  	.   0.06	5ye9B  145  I
ENSP00000274793	 rs1805018	aTa	aCa	I	T	198  	.   0.06	5yeaA  146  I
ENSP00000274793	 rs1805018	aTa	aCa	I	T	198  	.   0.06	5yeaB  144  I
ENSP00000274813	 rs6458687	Ata	Gta	I	V	671  	.   0.02	2xijA  636  V
ENSP00000274813	 rs6458687	Ata	Gta	I	V	671  	.   0.02	2xiqA  636  V
ENSP00000274813	 rs6458687	Ata	Gta	I	V	671  	.   0.02	2xiqB  636  V
ENSP00000274813	 rs6458687	Ata	Gta	I	V	671  	.   0.02	3bicA  641  V
ENSP00000274813	 rs6458687	Ata	Gta	I	V	671  	.   0.02	3bicB  629  V
ENSP00000275034	 rs1984195	gtC	gtT	V	V	1385 	.   0.02	3mb3A   70  V
ENSP00000275034	 rs1984195	gtC	gtT	V	V	1385 	.   0.02	5enbA   73  V
ENSP00000275034	 rs1984195	gtC	gtT	V	V	1385 	.   0.02	5encA   73  V
ENSP00000275034	 rs1984195	gtC	gtT	V	V	1385 	.   0.02	5eneA   73  V
ENSP00000275034	 rs1984195	gtC	gtT	V	V	1385 	.   0.02	5enfA   73  V
ENSP00000275034	 rs1984195	gtC	gtT	V	V	1385 	.   0.02	5enhA   73  V
ENSP00000275034	 rs1984195	gtC	gtT	V	V	1385 	.   0.02	5eniA   73  V
ENSP00000275034	 rs1984195	gtC	gtT	V	V	1385 	.   0.02	5enjA   73  V
ENSP00000275418	 rs2305475	Tcc	Gcc	S	A	575  	.   0.02	4npjA  245  S
ENSP00000275418	 rs2305475	Tcc	Gcc	S	A	575  	.   0.02	4npjB  235  S
ENSP00000275418	 rs2305475	Tcc	Gcc	S	A	575  	.   0.02	4npkA  222  S
ENSP00000275418	 rs2305475	Tcc	Gcc	S	A	575  	.   0.02	4p42A  409  S
ENSP00000275418	 rs2305475	Tcc	Gcc	S	A	575  	.   0.02	4p42B  385  S
ENSP00000275418	 rs2305475	Tcc	Ccc	S	P	575  	.   0.02	4npjA  245  S
ENSP00000275418	 rs2305475	Tcc	Ccc	S	P	575  	.   0.02	4npjB  235  S
ENSP00000275418	 rs2305475	Tcc	Ccc	S	P	575  	.   0.02	4npkA  222  S
ENSP00000275418	 rs2305475	Tcc	Ccc	S	P	575  	.   0.02	4p42A  409  S
ENSP00000275418	 rs2305475	Tcc	Ccc	S	P	575  	.   0.02	4p42B  385  S
ENSP00000275418	 rs2305475	Tcc	Acc	S	T	575  	.   0.02	4npjA  245  S
ENSP00000275418	 rs2305475	Tcc	Acc	S	T	575  	.   0.02	4npjB  235  S
ENSP00000275418	 rs2305475	Tcc	Acc	S	T	575  	.   0.02	4npkA  222  S
ENSP00000275418	 rs2305475	Tcc	Acc	S	T	575  	.   0.02	4p42A  409  S
ENSP00000275418	 rs2305475	Tcc	Acc	S	T	575  	.   0.02	4p42B  385  S
ENSP00000275493	 rs2072454	aaC	aaT	N	N	158  	.   0.21	1ivoA  133  N
ENSP00000275493	 rs2072454	aaC	aaT	N	N	158  	.   0.21	1ivoB  132  N
ENSP00000275493	 rs2072454	aaC	aaT	N	N	158  	.   0.21	1moxA  134  N
ENSP00000275493	 rs2072454	aaC	aaT	N	N	158  	.   0.21	1moxB  134  N
ENSP00000275493	 rs2072454	aaC	aaT	N	N	158  	.   0.21	1nqlA  132  N
ENSP00000275493	 rs2072454	aaC	aaT	N	N	158  	.   0.21	1yy9A  133  N
ENSP00000275493	 rs2072454	aaC	aaT	N	N	158  	.   0.21	3njpA  134  N
ENSP00000275493	 rs2072454	aaC	aaT	N	N	158  	.   0.21	3njpB  134  N
ENSP00000275493	 rs2072454	aaC	aaT	N	N	158  	.   0.21	3qwqA  133  N
ENSP00000275493	 rs2072454	aaC	aaT	N	N	158  	.   0.21	4kroA  124  N
ENSP00000275493	 rs2072454	aaC	aaT	N	N	158  	.   0.21	4uipA  133  N
ENSP00000275493	 rs2072454	aaC	aaT	N	N	158  	.   0.21	4uv7A  134  N
ENSP00000275493	 rs2072454	aaC	aaT	N	N	158  	.   0.21	5wb7A  133  N
ENSP00000275493	 rs2072454	aaC	aaT	N	N	158  	.   0.21	5wb7B  133  N
ENSP00000275493	 rs2072454	aaC	aaT	N	N	158  	.   0.21	5wb7C  133  N
ENSP00000275493	 rs2072454	aaC	aaT	N	N	158  	.   0.21	5wb7D  133  N
ENSP00000275493	 rs2072454	aaC	aaT	N	N	158  	.   0.21	5wb8A  131  N
ENSP00000275493	 rs2072454	aaC	aaT	N	N	158  	.   0.21	5wb8D  134  N
ENSP00000275493	 rs2072454	aaC	aaT	N	N	158  	.   0.21	5xwdA  131  N
ENSP00000275493	 rs2072454	aaC	aaT	N	N	158  	.   0.21	6aruA  131  N
ENSP00000275525	    rs4619	atA	atG	I	M	253  	*   0.53	2dsqE   70  I
ENSP00000275525	 rs4988515	tgC	tgT	C	C	230  	.   0.01	1zt3A   59  C
ENSP00000275525	 rs4988515	tgC	tgT	C	C	230  	.   0.01	1zt5A   59  C
ENSP00000275525	 rs4988515	tgC	tgT	C	C	230  	.   0.01	2dsqE   47  C
ENSP00000275525	 rs4988515	tgC	tgT	C	C	230  	.   0.01	2dsqF   37  C
ENSP00000275780	 rs8078132	ccA	ccG	P	P	624  	.   0.01	5o0yA  191  P
ENSP00000276297	  rs658856	tcG	tcA	S	S	1167 	.   0.01	3kuqA   99  S
ENSP00000276893	rs41281761	atA	atC	I	I	299  	.   0.04	4tvrA  134  I
ENSP00000276893	rs33962342	tgC	tgT	C	C	756  	.   0.01	1z6uA   69  C
ENSP00000276893	rs33962342	tgC	tgT	C	C	756  	.   0.01	1z6uB   69  C
ENSP00000277853	 rs2675671	aaG	aaA	K	K	49   	.   0.12	2bdwA   43  K
ENSP00000277853	 rs2675671	aaG	aaA	K	K	49   	.   0.12	2bdwB   40  K
ENSP00000277853	 rs2675671	aaG	aaA	K	K	49   	.   0.12	2v7oA   52  K
ENSP00000277853	 rs2675671	aaG	aaA	K	K	49   	.   0.12	2vn9A   41  K
ENSP00000277853	 rs2675671	aaG	aaA	K	K	49   	.   0.12	2vn9B   41  K
ENSP00000277853	 rs2675671	aaG	aaA	K	K	49   	.   0.12	2vz6A   40  K
ENSP00000277853	 rs2675671	aaG	aaA	K	K	49   	.   0.12	2vz6B   42  K
ENSP00000277853	 rs2675671	aaG	aaA	K	K	49   	.   0.12	2welA   41  K
ENSP00000277853	 rs2675671	aaG	aaA	K	K	49   	.   0.12	3bhhA   37  K
ENSP00000277853	 rs2675671	aaG	aaA	K	K	49   	.   0.12	3bhhB   37  K
ENSP00000277853	 rs2675671	aaG	aaA	K	K	49   	.   0.12	3bhhC   34  K
ENSP00000277853	 rs2675671	aaG	aaA	K	K	49   	.   0.12	3bhhD   34  K
ENSP00000277853	 rs2675671	aaG	aaA	K	K	49   	.   0.12	3kk8A   43  K
ENSP00000277853	 rs2675671	aaG	aaA	K	K	49   	.   0.12	3kk9A   42  K
ENSP00000277853	 rs2675671	aaG	aaA	K	K	49   	.   0.12	3kl8A   30  K
ENSP00000277853	 rs2675671	aaG	aaA	K	K	49   	.   0.12	3soaA   40  K
ENSP00000277853	 rs2675671	aaG	aaA	K	K	49   	.   0.12	5fg8A   43  K
ENSP00000277853	 rs2675671	aaG	aaA	K	K	49   	.   0.12	5h9bA   43  K
ENSP00000277853	 rs2675671	aaG	aaA	K	K	49   	.   0.12	5hu3A   43  K
ENSP00000277853	 rs2675671	aaG	aaA	K	K	49   	.   0.12	5u6yA   37  K
ENSP00000277853	 rs2675671	aaG	aaA	K	K	49   	.   0.12	5u6yB   37  K
ENSP00000277853	 rs2675671	aaG	aaA	K	K	49   	.   0.12	5u6yC   37  K
ENSP00000277853	 rs2675671	aaG	aaA	K	K	49   	.   0.12	5u6yD   37  K
ENSP00000277853	 rs2675671	aaG	aaA	K	K	49   	.   0.12	5u6yE   37  K
ENSP00000277853	 rs2675671	aaG	aaA	K	K	49   	.   0.12	5u6yF   37  K
ENSP00000277853	 rs2675671	aaG	aaA	K	K	49   	.   0.12	5u6yG   37  K
ENSP00000277853	 rs2675671	aaG	aaA	K	K	49   	.   0.12	5u6yH   37  K
ENSP00000277853	 rs2675671	aaG	aaA	K	K	49   	.   0.12	5u6yI   37  K
ENSP00000277853	 rs2675671	aaG	aaA	K	K	49   	.   0.12	5u6yJ   37  K
ENSP00000277853	 rs2675671	aaG	aaA	K	K	49   	.   0.12	5u6yK   37  K
ENSP00000277853	 rs2675671	aaG	aaA	K	K	49   	.   0.12	5u6yL   37  K
ENSP00000277853	 rs2675671	aaG	aaA	K	K	49   	.   0.12	5vloA   39  K
ENSP00000277853	 rs2675671	aaG	aaA	K	K	49   	.   0.12	5vloB   43  K
ENSP00000277853	 rs2675671	aaG	aaA	K	K	49   	.   0.12	6aywA   42  K
ENSP00000277853	 rs2675671	aaG	aaA	K	K	49   	.   0.12	6aywB   43  K
ENSP00000277853	 rs2675671	aaG	aaA	K	K	49   	.   0.12	6babA   39  K
ENSP00000277853	 rs2675671	aaG	aaA	K	K	49   	.   0.12	6babB   33  K
ENSP00000277853	 rs2675671	aaG	aaA	K	K	49   	.   0.12	6babC   33  K
ENSP00000277853	 rs2675671	aaG	aaA	K	K	49   	.   0.12	6babD   41  K
ENSP00000277982	  rs726176	ctA	ctG	L	L	831  	.   0.06	2moxA   22  L
ENSP00000277984	  rs726176	ctA	ctG	L	L	779  	.   0.07	2dl3A   21  L
ENSP00000277984	  rs726176	ctA	ctG	L	L	779  	.   0.07	2moxA   22  L
ENSP00000277984	  rs726176	ctA	ctG	L	L	779  	.   0.07	4lnpA   16  L
ENSP00000278198	 rs2953310	agA	agG	R	R	100  	.   0.01	3zyjA   56  R
ENSP00000278198	 rs2953310	agA	agG	R	R	100  	.   0.01	3zyjC   56  R
ENSP00000279206	 rs2286612	Ggt	Tgt	G	C	36   	.   0.05	5lf9A   36  G
ENSP00000279206	 rs2286612	Ggt	Tgt	G	C	36   	.   0.05	5lorA   39  G
ENSP00000279206	 rs2286612	Ggt	Tgt	G	C	36   	.   0.05	5lorB   39  G
ENSP00000279206	 rs2286612	Ggt	Tgt	G	C	36   	.   0.05	5louA   36  G
ENSP00000279206	 rs2286612	Ggt	Tgt	G	C	36   	.   0.05	5louB   51  G
ENSP00000279452	 rs1071695	caC	caT	H	H	45   	.   0.01	1pozA   66  H
ENSP00000279452	 rs1071695	caC	caT	H	H	45   	.   0.01	1uuhA   64  H
ENSP00000279452	 rs1071695	caC	caT	H	H	45   	.   0.01	1uuhB   64  H
ENSP00000279452	 rs1071695	caC	caT	H	H	45   	.   0.01	2i83A   65  H
ENSP00000279452	 rs1071695	caC	caT	H	H	45   	.   0.01	2jcpA   66  N
ENSP00000279452	 rs1071695	caC	caT	H	H	45   	.   0.01	2jcqA   65  N
ENSP00000279452	 rs1071695	caC	caT	H	H	45   	.   0.01	2jcrA   66  N
ENSP00000279452	 rs1071695	caC	caT	H	H	45   	.   0.01	4mrdA   65  N
ENSP00000279452	 rs1071695	caC	caT	H	H	45   	.   0.01	4mreA   66  N
ENSP00000279452	 rs1071695	caC	caT	H	H	45   	.   0.01	4mrfA   66  N
ENSP00000279452	 rs1071695	caC	caT	H	H	45   	.   0.01	4mrgA   66  N
ENSP00000279452	 rs1071695	caC	caT	H	H	45   	.   0.01	4mrhA   66  N
ENSP00000279452	 rs1071695	caC	caT	H	H	45   	.   0.01	4np2A   66  N
ENSP00000279452	 rs1071695	caC	caT	H	H	45   	.   0.01	4np3A   66  N
ENSP00000279452	 rs1071695	caC	caT	H	H	45   	.   0.01	4pz3A   66  H
ENSP00000279452	 rs1071695	caC	caT	H	H	45   	.   0.01	4pz3B   66  H
ENSP00000279452	 rs1071695	caC	caT	H	H	45   	.   0.01	4pz4A   68  H
ENSP00000279452	 rs1071695	caC	caT	H	H	45   	.   0.01	4pz4B   66  H
ENSP00000279452	 rs1071695	caC	caT	H	H	45   	.   0.01	5bzcA   66  N
ENSP00000279452	 rs1071695	caC	caT	H	H	45   	.   0.01	5bzeA   66  N
ENSP00000279452	 rs1071695	caC	caT	H	H	45   	.   0.01	5bzfA   66  N
ENSP00000279452	 rs1071695	caC	caT	H	H	45   	.   0.01	5bzgA   66  N
ENSP00000279452	 rs1071695	caC	caT	H	H	45   	.   0.01	5bzhA   66  N
ENSP00000279452	 rs1071695	caC	caT	H	H	45   	.   0.01	5bziA   66  N
ENSP00000279452	 rs1071695	caC	caT	H	H	45   	.   0.01	5bzjA   66  N
ENSP00000279452	 rs1071695	caC	caT	H	H	45   	.   0.01	5bzkA   66  N
ENSP00000279452	 rs1071695	caC	caT	H	H	45   	.   0.01	5bzlA   66  N
ENSP00000279452	 rs1071695	caC	caT	H	H	45   	.   0.01	5bzmA   66  N
ENSP00000279452	 rs1071695	caC	caT	H	H	45   	.   0.01	5bznA   66  N
ENSP00000279452	 rs1071695	caC	caT	H	H	45   	.   0.01	5bzoA   66  N
ENSP00000279452	 rs1071695	caC	caT	H	H	45   	.   0.01	5bzpA   66  N
ENSP00000279452	 rs1071695	caC	caT	H	H	45   	.   0.01	5bzqA   66  N
ENSP00000279452	 rs1071695	caC	caT	H	H	45   	.   0.01	5bzrA   66  N
ENSP00000279452	 rs1071695	caC	caT	H	H	45   	.   0.01	5bzsA   66  N
ENSP00000279452	 rs1071695	caC	caT	H	H	45   	.   0.01	5bztA   66  N
ENSP00000280591	 rs1705805	gcA	gcG	A	A	296  	.   0.01	1ou5A  277  A
ENSP00000280591	 rs1705805	gcA	gcG	A	A	296  	.   0.01	1ou5B  277  A
ENSP00000280591	 rs1705805	gcA	gcG	A	A	296  	.   0.01	4x4wA  282  A
ENSP00000280591	 rs1705805	gcA	gcG	A	A	296  	.   0.01	4x4wB  281  A
ENSP00000281156	 rs6921170	caG	caA	Q	Q	70   	.   0.22	5el3A   13  Q
ENSP00000281156	 rs6921170	caG	caA	Q	Q	70   	.   0.22	5el3B   18  Q
ENSP00000281156	 rs6921170	caG	caA	Q	Q	70   	.   0.22	5el3C   18  Q
ENSP00000281156	 rs6921170	caG	caA	Q	Q	70   	.   0.22	5el3D   18  Q
ENSP00000281156	 rs6921170	caG	caA	Q	Q	70   	.   0.22	5elrB   19  Q
ENSP00000281156	 rs6921170	caG	caA	Q	Q	70   	.   0.22	5elrC   17  Q
ENSP00000281156	 rs6921170	caG	caA	Q	Q	70   	.   0.22	5elsA   19  Q
ENSP00000281156	 rs6921170	caG	caA	Q	Q	70   	.   0.22	5elsB   19  Q
ENSP00000281156	 rs6921170	caG	caA	Q	Q	70   	.   0.22	5elsC   19  Q
ENSP00000281156	 rs6921170	caG	caA	Q	Q	70   	.   0.22	5elsD   19  Q
ENSP00000281156	 rs6921170	caG	caA	Q	Q	70   	.   0.22	5elsE   19  Q
ENSP00000281156	 rs6921170	caG	caA	Q	Q	70   	.   0.22	5elsF   19  Q
ENSP00000281156	 rs6921170	caG	caA	Q	Q	70   	.   0.22	5eltA   62  Q
ENSP00000281156	 rs6921170	caG	caA	Q	Q	70   	.   0.22	5eltB   54  Q
ENSP00000281156	 rs6921170	caG	caA	Q	Q	70   	.   0.22	5emoA   49  Q
ENSP00000281156	 rs6921170	caG	caA	Q	Q	70   	.   0.22	5emoB   56  Q
ENSP00000281419	rs33930824	taC	taT	Y	Y	530  	.   0.02	1dcqA  112  Y
ENSP00000281821	rs10498111	aaA	aaT	K	N	625  	.    0.1	1jpaA   32  Q
ENSP00000281821	rs10498111	aaA	aaT	K	N	625  	.    0.1	1jpaB   32  Q
ENSP00000281821	rs10498111	aaA	aaT	K	N	625  	.    0.1	2gsfA   23  K
ENSP00000281821	rs10498111	aaA	aaT	K	N	625  	.    0.1	2helA   13  K
ENSP00000281821	rs10498111	aaA	aaT	K	N	625  	.    0.1	2henA   13  Q
ENSP00000281821	rs10498111	aaA	aaT	K	N	625  	.    0.1	2henB   13  Q
ENSP00000281821	rs10498111	aaA	aaT	K	N	625  	.    0.1	2henC   13  Q
ENSP00000281821	rs10498111	aaA	aaT	K	N	625  	.    0.1	2henD   13  Q
ENSP00000281821	rs10498111	aaA	aaT	K	N	625  	.    0.1	2qo2A   29  K
ENSP00000281821	rs10498111	aaA	aaT	K	N	625  	.    0.1	2qo7A   24  K
ENSP00000281821	rs10498111	aaA	aaT	K	N	625  	.    0.1	2qo9A   18  K
ENSP00000281821	rs10498111	aaA	aaT	K	N	625  	.    0.1	2qobA   17  K
ENSP00000281821	rs10498111	aaA	aaT	K	N	625  	.    0.1	2qocA   13  K
ENSP00000281821	rs10498111	aaA	aaT	K	N	625  	.    0.1	2qodA   22  K
ENSP00000281821	rs10498111	aaA	aaT	K	N	625  	.    0.1	2qofA   24  K
ENSP00000281821	rs10498111	aaA	aaT	K	N	625  	.    0.1	2qoiA   22  K
ENSP00000281821	rs10498111	aaA	aaT	K	N	625  	.    0.1	2qokA   22  K
ENSP00000281821	rs10498111	aaA	aaT	K	N	625  	.    0.1	2qolA   20  K
ENSP00000281821	rs10498111	aaA	aaT	K	N	625  	.    0.1	2qonA   21  K
ENSP00000281821	rs10498111	aaA	aaT	K	N	625  	.    0.1	2qooA   22  K
ENSP00000281821	rs10498111	aaA	aaT	K	N	625  	.    0.1	2qoqA   29  K
ENSP00000281821	rs10498111	aaA	aaT	K	N	625  	.    0.1	2r2pA   18  R
ENSP00000281821	rs10498111	aaA	aaT	K	N	625  	.    0.1	2reiA   31  R
ENSP00000281821	rs10498111	aaA	aaT	K	N	625  	.    0.1	2vwuA   11  E
ENSP00000281821	rs10498111	aaA	aaT	K	N	625  	.    0.1	2vwvA   14  E
ENSP00000281821	rs10498111	aaA	aaT	K	N	625  	.    0.1	2vwwA   11  E
ENSP00000281821	rs10498111	aaA	aaT	K	N	625  	.    0.1	2x9fA   12  E
ENSP00000281821	rs10498111	aaA	aaT	K	N	625  	.    0.1	2xvdA   13  E
ENSP00000281821	rs10498111	aaA	aaT	K	N	625  	.    0.1	2xyuA   14  K
ENSP00000281821	rs10498111	aaA	aaT	K	N	625  	.    0.1	2y6mA   17  K
ENSP00000281821	rs10498111	aaA	aaT	K	N	625  	.    0.1	2y6oA   17  K
ENSP00000281821	rs10498111	aaA	aaT	K	N	625  	.    0.1	2yn8A   12  E
ENSP00000281821	rs10498111	aaA	aaT	K	N	625  	.    0.1	2yn8B   14  E
ENSP00000281821	rs10498111	aaA	aaT	K	N	625  	.    0.1	3dkoA   31  R
ENSP00000281821	rs10498111	aaA	aaT	K	N	625  	.    0.1	3dzqA   17  K
ENSP00000281821	rs10498111	aaA	aaT	K	N	625  	.    0.1	3fxxA   20  K
ENSP00000281821	rs10498111	aaA	aaT	K	N	625  	.    0.1	3fy2A   19  K
ENSP00000281821	rs10498111	aaA	aaT	K	N	625  	.    0.1	3zewB   11  E
ENSP00000281821	rs10498111	aaA	aaT	K	N	625  	.    0.1	3zfmA   11  Q
ENSP00000281821	rs10498111	aaA	aaT	K	N	625  	.    0.1	3zfxA   13  E
ENSP00000281821	rs10498111	aaA	aaT	K	N	625  	.    0.1	3zfxB   13  E
ENSP00000281821	rs10498111	aaA	aaT	K	N	625  	.    0.1	3zfxC   10  E
ENSP00000281821	rs10498111	aaA	aaT	K	N	625  	.    0.1	3zfxD   13  E
ENSP00000281821	rs10498111	aaA	aaT	K	N	625  	.    0.1	3zfxE   13  E
ENSP00000281821	rs10498111	aaA	aaT	K	N	625  	.    0.1	3zfxF   12  E
ENSP00000281821	rs10498111	aaA	aaT	K	N	625  	.    0.1	3zfxG   13  E
ENSP00000281821	rs10498111	aaA	aaT	K	N	625  	.    0.1	3zfxH   13  E
ENSP00000281821	rs10498111	aaA	aaT	K	N	625  	.    0.1	3zfxI   13  E
ENSP00000281821	rs10498111	aaA	aaT	K	N	625  	.    0.1	3zfyA    6  E
ENSP00000281821	rs10498111	aaA	aaT	K	N	625  	.    0.1	3zfyB    7  E
ENSP00000281821	rs10498111	aaA	aaT	K	N	625  	.    0.1	4aw5A   13  E
ENSP00000281821	rs10498111	aaA	aaT	K	N	625  	.    0.1	4bb4A   14  E
ENSP00000281821	rs10498111	aaA	aaT	K	N	625  	.    0.1	4g2fA   17  K
ENSP00000281821	rs10498111	aaA	aaT	K	N	625  	.    0.1	4gk2A   17  K
ENSP00000281821	rs10498111	aaA	aaT	K	N	625  	.    0.1	4gk3A   17  K
ENSP00000281821	rs10498111	aaA	aaT	K	N	625  	.    0.1	4gk4A   17  K
ENSP00000281821	rs10498111	aaA	aaT	K	N	625  	.    0.1	4p4cA   13  K
ENSP00000281821	rs10498111	aaA	aaT	K	N	625  	.    0.1	4p5qA   17  K
ENSP00000281821	rs10498111	aaA	aaT	K	N	625  	.    0.1	4p5zA   17  K
ENSP00000281821	rs10498111	aaA	aaT	K	N	625  	.    0.1	4twnA   18  K
ENSP00000281821	rs10498111	aaA	aaT	K	N	625  	.    0.1	4twoA   17  K
ENSP00000281821	rs10498111	aaA	aaT	K	N	625  	.    0.1	5l6oA    6  E
ENSP00000281821	rs10498111	aaA	aaT	K	N	625  	.    0.1	5l6pA    6  E
ENSP00000281821	rs10498111	aaA	aaT	K	N	625  	.    0.1	5mjaA   15  E
ENSP00000281821	rs10498111	aaA	aaT	K	N	625  	.    0.1	5mjaB   15  E
ENSP00000281821	rs10498111	aaA	aaT	K	N	625  	.    0.1	5mjbA   16  E
ENSP00000281821	rs10498111	aaA	aaT	K	N	625  	.    0.1	5mjbB   16  E
ENSP00000281821	rs10498111	aaA	aaT	K	N	625  	.    0.1	6fniA   13  E
ENSP00000281821	rs10498111	aaA	aaT	K	N	625  	.    0.1	6fnjA   13  E
ENSP00000281821	rs10498111	aaA	aaT	K	N	625  	.    0.1	6fnjB   13  E
ENSP00000281821	rs10498111	aaA	aaT	K	N	625  	.    0.1	6fnkA   16  E
ENSP00000281821	rs10498111	aaA	aaT	K	N	625  	.    0.1	6fnlA   13  E
ENSP00000281821	rs10498111	aaA	aaT	K	N	625  	.    0.1	6fnmA   12  E
ENSP00000281821	rs10498111	aaA	aaG	K	K	625  	.    0.1	1jpaA   32  Q
ENSP00000281821	rs10498111	aaA	aaG	K	K	625  	.    0.1	1jpaB   32  Q
ENSP00000281821	rs10498111	aaA	aaG	K	K	625  	.    0.1	2gsfA   23  K
ENSP00000281821	rs10498111	aaA	aaG	K	K	625  	.    0.1	2helA   13  K
ENSP00000281821	rs10498111	aaA	aaG	K	K	625  	.    0.1	2henA   13  Q
ENSP00000281821	rs10498111	aaA	aaG	K	K	625  	.    0.1	2henB   13  Q
ENSP00000281821	rs10498111	aaA	aaG	K	K	625  	.    0.1	2henC   13  Q
ENSP00000281821	rs10498111	aaA	aaG	K	K	625  	.    0.1	2henD   13  Q
ENSP00000281821	rs10498111	aaA	aaG	K	K	625  	.    0.1	2qo2A   29  K
ENSP00000281821	rs10498111	aaA	aaG	K	K	625  	.    0.1	2qo7A   24  K
ENSP00000281821	rs10498111	aaA	aaG	K	K	625  	.    0.1	2qo9A   18  K
ENSP00000281821	rs10498111	aaA	aaG	K	K	625  	.    0.1	2qobA   17  K
ENSP00000281821	rs10498111	aaA	aaG	K	K	625  	.    0.1	2qocA   13  K
ENSP00000281821	rs10498111	aaA	aaG	K	K	625  	.    0.1	2qodA   22  K
ENSP00000281821	rs10498111	aaA	aaG	K	K	625  	.    0.1	2qofA   24  K
ENSP00000281821	rs10498111	aaA	aaG	K	K	625  	.    0.1	2qoiA   22  K
ENSP00000281821	rs10498111	aaA	aaG	K	K	625  	.    0.1	2qokA   22  K
ENSP00000281821	rs10498111	aaA	aaG	K	K	625  	.    0.1	2qolA   20  K
ENSP00000281821	rs10498111	aaA	aaG	K	K	625  	.    0.1	2qonA   21  K
ENSP00000281821	rs10498111	aaA	aaG	K	K	625  	.    0.1	2qooA   22  K
ENSP00000281821	rs10498111	aaA	aaG	K	K	625  	.    0.1	2qoqA   29  K
ENSP00000281821	rs10498111	aaA	aaG	K	K	625  	.    0.1	2r2pA   18  R
ENSP00000281821	rs10498111	aaA	aaG	K	K	625  	.    0.1	2reiA   31  R
ENSP00000281821	rs10498111	aaA	aaG	K	K	625  	.    0.1	2vwuA   11  E
ENSP00000281821	rs10498111	aaA	aaG	K	K	625  	.    0.1	2vwvA   14  E
ENSP00000281821	rs10498111	aaA	aaG	K	K	625  	.    0.1	2vwwA   11  E
ENSP00000281821	rs10498111	aaA	aaG	K	K	625  	.    0.1	2x9fA   12  E
ENSP00000281821	rs10498111	aaA	aaG	K	K	625  	.    0.1	2xvdA   13  E
ENSP00000281821	rs10498111	aaA	aaG	K	K	625  	.    0.1	2xyuA   14  K
ENSP00000281821	rs10498111	aaA	aaG	K	K	625  	.    0.1	2y6mA   17  K
ENSP00000281821	rs10498111	aaA	aaG	K	K	625  	.    0.1	2y6oA   17  K
ENSP00000281821	rs10498111	aaA	aaG	K	K	625  	.    0.1	2yn8A   12  E
ENSP00000281821	rs10498111	aaA	aaG	K	K	625  	.    0.1	2yn8B   14  E
ENSP00000281821	rs10498111	aaA	aaG	K	K	625  	.    0.1	3dkoA   31  R
ENSP00000281821	rs10498111	aaA	aaG	K	K	625  	.    0.1	3dzqA   17  K
ENSP00000281821	rs10498111	aaA	aaG	K	K	625  	.    0.1	3fxxA   20  K
ENSP00000281821	rs10498111	aaA	aaG	K	K	625  	.    0.1	3fy2A   19  K
ENSP00000281821	rs10498111	aaA	aaG	K	K	625  	.    0.1	3zewB   11  E
ENSP00000281821	rs10498111	aaA	aaG	K	K	625  	.    0.1	3zfmA   11  Q
ENSP00000281821	rs10498111	aaA	aaG	K	K	625  	.    0.1	3zfxA   13  E
ENSP00000281821	rs10498111	aaA	aaG	K	K	625  	.    0.1	3zfxB   13  E
ENSP00000281821	rs10498111	aaA	aaG	K	K	625  	.    0.1	3zfxC   10  E
ENSP00000281821	rs10498111	aaA	aaG	K	K	625  	.    0.1	3zfxD   13  E
ENSP00000281821	rs10498111	aaA	aaG	K	K	625  	.    0.1	3zfxE   13  E
ENSP00000281821	rs10498111	aaA	aaG	K	K	625  	.    0.1	3zfxF   12  E
ENSP00000281821	rs10498111	aaA	aaG	K	K	625  	.    0.1	3zfxG   13  E
ENSP00000281821	rs10498111	aaA	aaG	K	K	625  	.    0.1	3zfxH   13  E
ENSP00000281821	rs10498111	aaA	aaG	K	K	625  	.    0.1	3zfxI   13  E
ENSP00000281821	rs10498111	aaA	aaG	K	K	625  	.    0.1	3zfyA    6  E
ENSP00000281821	rs10498111	aaA	aaG	K	K	625  	.    0.1	3zfyB    7  E
ENSP00000281821	rs10498111	aaA	aaG	K	K	625  	.    0.1	4aw5A   13  E
ENSP00000281821	rs10498111	aaA	aaG	K	K	625  	.    0.1	4bb4A   14  E
ENSP00000281821	rs10498111	aaA	aaG	K	K	625  	.    0.1	4g2fA   17  K
ENSP00000281821	rs10498111	aaA	aaG	K	K	625  	.    0.1	4gk2A   17  K
ENSP00000281821	rs10498111	aaA	aaG	K	K	625  	.    0.1	4gk3A   17  K
ENSP00000281821	rs10498111	aaA	aaG	K	K	625  	.    0.1	4gk4A   17  K
ENSP00000281821	rs10498111	aaA	aaG	K	K	625  	.    0.1	4p4cA   13  K
ENSP00000281821	rs10498111	aaA	aaG	K	K	625  	.    0.1	4p5qA   17  K
ENSP00000281821	rs10498111	aaA	aaG	K	K	625  	.    0.1	4p5zA   17  K
ENSP00000281821	rs10498111	aaA	aaG	K	K	625  	.    0.1	4twnA   18  K
ENSP00000281821	rs10498111	aaA	aaG	K	K	625  	.    0.1	4twoA   17  K
ENSP00000281821	rs10498111	aaA	aaG	K	K	625  	.    0.1	5l6oA    6  E
ENSP00000281821	rs10498111	aaA	aaG	K	K	625  	.    0.1	5l6pA    6  E
ENSP00000281821	rs10498111	aaA	aaG	K	K	625  	.    0.1	5mjaA   15  E
ENSP00000281821	rs10498111	aaA	aaG	K	K	625  	.    0.1	5mjaB   15  E
ENSP00000281821	rs10498111	aaA	aaG	K	K	625  	.    0.1	5mjbA   16  E
ENSP00000281821	rs10498111	aaA	aaG	K	K	625  	.    0.1	5mjbB   16  E
ENSP00000281821	rs10498111	aaA	aaG	K	K	625  	.    0.1	6fniA   13  E
ENSP00000281821	rs10498111	aaA	aaG	K	K	625  	.    0.1	6fnjA   13  E
ENSP00000281821	rs10498111	aaA	aaG	K	K	625  	.    0.1	6fnjB   13  E
ENSP00000281821	rs10498111	aaA	aaG	K	K	625  	.    0.1	6fnkA   16  E
ENSP00000281821	rs10498111	aaA	aaG	K	K	625  	.    0.1	6fnlA   13  E
ENSP00000281821	rs10498111	aaA	aaG	K	K	625  	.    0.1	6fnmA   12  E
ENSP00000281828	    rs7185	Gtt	Att	V	I	585  	.   0.01	3l4gB  585  I
ENSP00000281828	    rs7185	Gtt	Att	V	I	585  	.   0.01	3l4gD  585  I
ENSP00000281828	    rs7185	Gtt	Att	V	I	585  	.   0.01	3l4gF  585  I
ENSP00000281828	    rs7185	Gtt	Att	V	I	585  	.   0.01	3l4gH  585  I
ENSP00000281828	    rs7185	Gtt	Att	V	I	585  	.   0.01	3l4gJ  585  I
ENSP00000281828	    rs7185	Gtt	Att	V	I	585  	.   0.01	3l4gL  585  I
ENSP00000281828	    rs7185	Gtt	Att	V	I	585  	.   0.01	3l4gN  585  I
ENSP00000281828	    rs7185	Gtt	Att	V	I	585  	.   0.01	3l4gP  585  I
