ENSP00000426514	 rs6555055	Agg	Cgg	R	R	207  	.   0.01	1yq3A  157  R
ENSP00000426514	 rs6555055	Agg	Cgg	R	R	207  	.   0.01	1yq4A  157  R
ENSP00000426514	 rs6555055	Agg	Cgg	R	R	207  	.   0.01	1zoyA  156  R
ENSP00000426514	 rs6555055	Agg	Cgg	R	R	207  	.   0.01	1zp0A  156  R
ENSP00000426514	 rs6555055	Agg	Cgg	R	R	207  	.   0.01	2fbwA  156  R
ENSP00000426514	 rs6555055	Agg	Cgg	R	R	207  	.   0.01	2fbwE  155  R
ENSP00000426514	 rs6555055	Agg	Cgg	R	R	207  	.   0.01	2h88A  155  R
ENSP00000426514	 rs6555055	Agg	Cgg	R	R	207  	.   0.01	2h88E  155  R
ENSP00000426514	 rs6555055	Agg	Cgg	R	R	207  	.   0.01	2h89A  156  R
ENSP00000426514	 rs6555055	Agg	Cgg	R	R	207  	.   0.01	2wqyA  156  R
ENSP00000426514	 rs6555055	Agg	Cgg	R	R	207  	.   0.01	2wqyE  155  R
ENSP00000426514	 rs6555055	Agg	Cgg	R	R	207  	.   0.01	3abvA  156  R
ENSP00000426514	 rs6555055	Agg	Cgg	R	R	207  	.   0.01	3ae1A  156  R
ENSP00000426514	 rs6555055	Agg	Cgg	R	R	207  	.   0.01	3ae2A  156  R
ENSP00000426514	 rs6555055	Agg	Cgg	R	R	207  	.   0.01	3ae3A  156  R
ENSP00000426514	 rs6555055	Agg	Cgg	R	R	207  	.   0.01	3ae4A  156  R
ENSP00000426514	 rs6555055	Agg	Cgg	R	R	207  	.   0.01	3ae5A  156  R
ENSP00000426514	 rs6555055	Agg	Cgg	R	R	207  	.   0.01	3ae6A  156  R
ENSP00000426514	 rs6555055	Agg	Cgg	R	R	207  	.   0.01	3ae7A  156  R
ENSP00000426514	 rs6555055	Agg	Cgg	R	R	207  	.   0.01	3ae8A  156  R
ENSP00000426514	 rs6555055	Agg	Cgg	R	R	207  	.   0.01	3ae9A  156  R
ENSP00000426514	 rs6555055	Agg	Cgg	R	R	207  	.   0.01	3aeaA  156  R
ENSP00000426514	 rs6555055	Agg	Cgg	R	R	207  	.   0.01	3aebA  156  R
ENSP00000426514	 rs6555055	Agg	Cgg	R	R	207  	.   0.01	3aecA  156  R
ENSP00000426514	 rs6555055	Agg	Cgg	R	R	207  	.   0.01	3aedA  156  R
ENSP00000426514	 rs6555055	Agg	Cgg	R	R	207  	.   0.01	3aeeA  156  R
ENSP00000426514	 rs6555055	Agg	Cgg	R	R	207  	.   0.01	3aefA  156  R
ENSP00000426514	 rs6555055	Agg	Cgg	R	R	207  	.   0.01	3aegA  156  R
ENSP00000426514	 rs6555055	Agg	Cgg	R	R	207  	.   0.01	3sfdA  156  R
ENSP00000426514	 rs6555055	Agg	Cgg	R	R	207  	.   0.01	3sfeA  156  R
ENSP00000426514	 rs6555055	Agg	Cgg	R	R	207  	.   0.01	4ytpA  156  R
ENSP00000426514	 rs6555055	Agg	Cgg	R	R	207  	.   0.01	4yxdA  156  R
ENSP00000426582	 rs3750800	acG	acT	T	T	140  	.   0.16	3f59A   33  A
ENSP00000426582	 rs3750800	acG	acT	T	T	140  	.   0.16	3f59B   32  A
ENSP00000426582	 rs3750800	acG	acA	T	T	140  	.   0.16	3f59A   33  A
ENSP00000426582	 rs3750800	acG	acA	T	T	140  	.   0.16	3f59B   32  A
ENSP00000426617	rs34970181	cGa	cAa	R	Q	371  	.   0.15	3mdyA  189  R
ENSP00000426617	rs34970181	cGa	cAa	R	Q	371  	.   0.15	3mdyB  191  R
ENSP00000426617	rs34970181	cGa	cCa	R	P	371  	.   0.15	3mdyA  189  R
ENSP00000426617	rs34970181	cGa	cCa	R	P	371  	.   0.15	3mdyB  191  R
ENSP00000426617	rs34970181	cGa	cTa	R	L	371  	.   0.15	3mdyA  189  R
ENSP00000426617	rs34970181	cGa	cTa	R	L	371  	.   0.15	3mdyB  191  R
ENSP00000426629	  rs925453	aaT	aaG	N	K	635  	.   0.02	2anwA  198  G
ENSP00000426629	  rs925453	aaT	aaG	N	K	635  	.   0.02	2anyA  198  G
ENSP00000426629	  rs925453	aaT	aaG	N	K	635  	.   0.02	4ogxA  198  G
ENSP00000426629	  rs925453	aaT	aaG	N	K	635  	.   0.02	4ogyA  198  G
ENSP00000426629	  rs925453	aaT	aaG	N	K	635  	.   0.02	4ogyB  198  G
ENSP00000426629	  rs925453	aaT	aaG	N	K	635  	.   0.02	5f8tA  198  G
ENSP00000426629	  rs925453	aaT	aaG	N	K	635  	.   0.02	5f8xA  198  G
ENSP00000426629	  rs925453	aaT	aaG	N	K	635  	.   0.02	5f8zA  198  G
ENSP00000426629	  rs925453	aaT	aaG	N	K	635  	.   0.02	5gvtA  198  G
ENSP00000426629	  rs925453	aaT	aaG	N	K	635  	.   0.02	5gvtB  187  G
ENSP00000426629	  rs925453	aaT	aaG	N	K	635  	.   0.02	5tjxA  193  G
ENSP00000426629	  rs925453	aaT	aaG	N	K	635  	.   0.02	5tz9A  191  G
ENSP00000426629	  rs925453	aaT	aaC	N	N	635  	.   0.02	2anwA  198  G
ENSP00000426629	  rs925453	aaT	aaC	N	N	635  	.   0.02	2anyA  198  G
ENSP00000426629	  rs925453	aaT	aaC	N	N	635  	.   0.02	4ogxA  198  G
ENSP00000426629	  rs925453	aaT	aaC	N	N	635  	.   0.02	4ogyA  198  G
ENSP00000426629	  rs925453	aaT	aaC	N	N	635  	.   0.02	4ogyB  198  G
ENSP00000426629	  rs925453	aaT	aaC	N	N	635  	.   0.02	5f8tA  198  G
ENSP00000426629	  rs925453	aaT	aaC	N	N	635  	.   0.02	5f8xA  198  G
ENSP00000426629	  rs925453	aaT	aaC	N	N	635  	.   0.02	5f8zA  198  G
ENSP00000426629	  rs925453	aaT	aaC	N	N	635  	.   0.02	5gvtA  198  G
ENSP00000426629	  rs925453	aaT	aaC	N	N	635  	.   0.02	5gvtB  187  G
ENSP00000426629	  rs925453	aaT	aaC	N	N	635  	.   0.02	5tjxA  193  G
ENSP00000426629	  rs925453	aaT	aaC	N	N	635  	.   0.02	5tz9A  191  G
ENSP00000426629	 rs4253325	cGg	cAg	R	Q	608  	.   0.01	2anwA  171  M
ENSP00000426629	 rs4253325	cGg	cAg	R	Q	608  	.   0.01	2anyA  171  M
ENSP00000426629	 rs4253325	cGg	cAg	R	Q	608  	.   0.01	4ogxA  171  M
ENSP00000426629	 rs4253325	cGg	cAg	R	Q	608  	.   0.01	4ogyA  171  M
ENSP00000426629	 rs4253325	cGg	cAg	R	Q	608  	.   0.01	4ogyB  171  M
ENSP00000426629	 rs4253325	cGg	cAg	R	Q	608  	.   0.01	5f8tA  171  M
ENSP00000426629	 rs4253325	cGg	cAg	R	Q	608  	.   0.01	5f8xA  171  M
ENSP00000426629	 rs4253325	cGg	cAg	R	Q	608  	.   0.01	5f8zA  171  M
ENSP00000426629	 rs4253325	cGg	cAg	R	Q	608  	.   0.01	5gvtA  171  M
ENSP00000426629	 rs4253325	cGg	cAg	R	Q	608  	.   0.01	5gvtB  160  M
ENSP00000426629	 rs4253325	cGg	cAg	R	Q	608  	.   0.01	5tjxA  166  M
ENSP00000426629	 rs4253325	cGg	cAg	R	Q	608  	.   0.01	5tz9A  164  M
ENSP00000426683	    rs4588	aCg	aTg	T	M	436  	.   0.34	1j78A  396  T
ENSP00000426683	    rs4588	aCg	aTg	T	M	436  	.   0.34	1j78B  411  T
ENSP00000426683	    rs4588	aCg	aTg	T	M	436  	.   0.34	1j7eA  398  T
ENSP00000426683	    rs4588	aCg	aTg	T	M	436  	.   0.34	1j7eB  411  T
ENSP00000426683	    rs4588	aCg	aTg	T	M	436  	.   0.34	1kw2A  417  K
ENSP00000426683	    rs4588	aCg	aTg	T	M	436  	.   0.34	1kw2B  415  K
ENSP00000426683	    rs4588	aCg	aTg	T	M	436  	.   0.34	1kxpB  401  K
ENSP00000426683	    rs4588	aCg	aTg	T	M	436  	.   0.34	1lotA  399  T
ENSP00000426683	    rs4588	aCg	aTg	T	M	436  	.   0.34	1ma9A  404  T
ENSP00000426683	    rs4588	aCg	aAg	T	K	436  	.   0.34	1j78A  396  T
ENSP00000426683	    rs4588	aCg	aAg	T	K	436  	.   0.34	1j78B  411  T
ENSP00000426683	    rs4588	aCg	aAg	T	K	436  	.   0.34	1j7eA  398  T
ENSP00000426683	    rs4588	aCg	aAg	T	K	436  	.   0.34	1j7eB  411  T
ENSP00000426683	    rs4588	aCg	aAg	T	K	436  	.   0.34	1kw2A  417  K
ENSP00000426683	    rs4588	aCg	aAg	T	K	436  	.   0.34	1kw2B  415  K
ENSP00000426683	    rs4588	aCg	aAg	T	K	436  	.   0.34	1kxpB  401  K
ENSP00000426683	    rs4588	aCg	aAg	T	K	436  	.   0.34	1lotA  399  T
ENSP00000426683	    rs4588	aCg	aAg	T	K	436  	.   0.34	1ma9A  404  T
ENSP00000426745	    rs5908	Ata	Gta	I	V	638  	.   0.01	1dq8A  192  I
ENSP00000426745	    rs5908	Ata	Gta	I	V	638  	.   0.01	1dq8B  178  I
ENSP00000426745	    rs5908	Ata	Gta	I	V	638  	.   0.01	1dq8C  175  I
ENSP00000426745	    rs5908	Ata	Gta	I	V	638  	.   0.01	1dq8D  181  I
ENSP00000426745	    rs5908	Ata	Gta	I	V	638  	.   0.01	1dq9A  178  I
ENSP00000426745	    rs5908	Ata	Gta	I	V	638  	.   0.01	1dq9B  179  I
ENSP00000426745	    rs5908	Ata	Gta	I	V	638  	.   0.01	1dq9C  179  I
ENSP00000426745	    rs5908	Ata	Gta	I	V	638  	.   0.01	1dq9D  186  I
ENSP00000426745	    rs5908	Ata	Gta	I	V	638  	.   0.01	1dqaA  177  I
ENSP00000426745	    rs5908	Ata	Gta	I	V	638  	.   0.01	1dqaB  177  I
ENSP00000426745	    rs5908	Ata	Gta	I	V	638  	.   0.01	1dqaC  171  I
ENSP00000426745	    rs5908	Ata	Gta	I	V	638  	.   0.01	1dqaD  162  I
ENSP00000426745	    rs5908	Ata	Gta	I	V	638  	.   0.01	1hw8A  181  I
ENSP00000426745	    rs5908	Ata	Gta	I	V	638  	.   0.01	1hw8B  188  I
ENSP00000426745	    rs5908	Ata	Gta	I	V	638  	.   0.01	1hw8C  151  I
ENSP00000426745	    rs5908	Ata	Gta	I	V	638  	.   0.01	1hw8D  151  I
ENSP00000426745	    rs5908	Ata	Gta	I	V	638  	.   0.01	1hw9A  186  I
ENSP00000426745	    rs5908	Ata	Gta	I	V	638  	.   0.01	1hw9B  176  I
ENSP00000426745	    rs5908	Ata	Gta	I	V	638  	.   0.01	1hw9C  167  I
ENSP00000426745	    rs5908	Ata	Gta	I	V	638  	.   0.01	1hw9D  167  I
ENSP00000426745	    rs5908	Ata	Gta	I	V	638  	.   0.01	1hwiA  169  I
ENSP00000426745	    rs5908	Ata	Gta	I	V	638  	.   0.01	1hwiB  177  I
ENSP00000426745	    rs5908	Ata	Gta	I	V	638  	.   0.01	1hwiC  150  I
ENSP00000426745	    rs5908	Ata	Gta	I	V	638  	.   0.01	1hwiD  152  I
ENSP00000426745	    rs5908	Ata	Gta	I	V	638  	.   0.01	1hwjA  187  I
ENSP00000426745	    rs5908	Ata	Gta	I	V	638  	.   0.01	1hwjB  176  I
ENSP00000426745	    rs5908	Ata	Gta	I	V	638  	.   0.01	1hwjC  186  I
ENSP00000426745	    rs5908	Ata	Gta	I	V	638  	.   0.01	1hwjD  170  I
ENSP00000426745	    rs5908	Ata	Gta	I	V	638  	.   0.01	1hwkA  185  I
ENSP00000426745	    rs5908	Ata	Gta	I	V	638  	.   0.01	1hwkB  171  I
ENSP00000426745	    rs5908	Ata	Gta	I	V	638  	.   0.01	1hwkC  177  I
ENSP00000426745	    rs5908	Ata	Gta	I	V	638  	.   0.01	1hwkD  165  I
ENSP00000426745	    rs5908	Ata	Gta	I	V	638  	.   0.01	1hwlA  185  I
ENSP00000426745	    rs5908	Ata	Gta	I	V	638  	.   0.01	1hwlB  176  I
ENSP00000426745	    rs5908	Ata	Gta	I	V	638  	.   0.01	1hwlC  176  I
ENSP00000426745	    rs5908	Ata	Gta	I	V	638  	.   0.01	1hwlD  160  I
ENSP00000426745	    rs5908	Ata	Gta	I	V	638  	.   0.01	2q1lA  169  I
ENSP00000426745	    rs5908	Ata	Gta	I	V	638  	.   0.01	2q1lB  178  I
ENSP00000426745	    rs5908	Ata	Gta	I	V	638  	.   0.01	2q1lC  194  I
ENSP00000426745	    rs5908	Ata	Gta	I	V	638  	.   0.01	2q1lD  173  I
ENSP00000426745	    rs5908	Ata	Gta	I	V	638  	.   0.01	2q6bA  199  I
ENSP00000426745	    rs5908	Ata	Gta	I	V	638  	.   0.01	2q6bB  198  I
ENSP00000426745	    rs5908	Ata	Gta	I	V	638  	.   0.01	2q6bC  197  I
ENSP00000426745	    rs5908	Ata	Gta	I	V	638  	.   0.01	2q6bD  190  I
ENSP00000426745	    rs5908	Ata	Gta	I	V	638  	.   0.01	2q6cA  198  I
ENSP00000426745	    rs5908	Ata	Gta	I	V	638  	.   0.01	2q6cB  198  I
ENSP00000426745	    rs5908	Ata	Gta	I	V	638  	.   0.01	2q6cC  192  I
ENSP00000426745	    rs5908	Ata	Gta	I	V	638  	.   0.01	2q6cD  190  I
ENSP00000426745	    rs5908	Ata	Gta	I	V	638  	.   0.01	2r4fA  198  I
ENSP00000426745	    rs5908	Ata	Gta	I	V	638  	.   0.01	2r4fB  183  I
ENSP00000426745	    rs5908	Ata	Gta	I	V	638  	.   0.01	2r4fC  182  I
ENSP00000426745	    rs5908	Ata	Gta	I	V	638  	.   0.01	2r4fD  172  I
ENSP00000426745	    rs5908	Ata	Gta	I	V	638  	.   0.01	3bglA  198  I
ENSP00000426745	    rs5908	Ata	Gta	I	V	638  	.   0.01	3bglB  198  I
ENSP00000426745	    rs5908	Ata	Gta	I	V	638  	.   0.01	3bglC  192  I
ENSP00000426745	    rs5908	Ata	Gta	I	V	638  	.   0.01	3bglD  189  I
ENSP00000426745	    rs5908	Ata	Gta	I	V	638  	.   0.01	3cctA  198  I
ENSP00000426745	    rs5908	Ata	Gta	I	V	638  	.   0.01	3cctB  198  I
ENSP00000426745	    rs5908	Ata	Gta	I	V	638  	.   0.01	3cctC  195  I
ENSP00000426745	    rs5908	Ata	Gta	I	V	638  	.   0.01	3cctD  173  I
ENSP00000426745	    rs5908	Ata	Gta	I	V	638  	.   0.01	3ccwA  198  I
ENSP00000426745	    rs5908	Ata	Gta	I	V	638  	.   0.01	3ccwB  198  I
ENSP00000426745	    rs5908	Ata	Gta	I	V	638  	.   0.01	3ccwC  192  I
ENSP00000426745	    rs5908	Ata	Gta	I	V	638  	.   0.01	3ccwD  173  I
ENSP00000426745	    rs5908	Ata	Gta	I	V	638  	.   0.01	3cczA  198  I
ENSP00000426745	    rs5908	Ata	Gta	I	V	638  	.   0.01	3cczB  183  I
ENSP00000426745	    rs5908	Ata	Gta	I	V	638  	.   0.01	3cczC  182  I
ENSP00000426745	    rs5908	Ata	Gta	I	V	638  	.   0.01	3cczD  172  I
ENSP00000426745	    rs5908	Ata	Gta	I	V	638  	.   0.01	3cd0A  198  I
ENSP00000426745	    rs5908	Ata	Gta	I	V	638  	.   0.01	3cd0B  198  I
ENSP00000426745	    rs5908	Ata	Gta	I	V	638  	.   0.01	3cd0C  192  I
ENSP00000426745	    rs5908	Ata	Gta	I	V	638  	.   0.01	3cd0D  173  I
ENSP00000426745	    rs5908	Ata	Gta	I	V	638  	.   0.01	3cd5A  198  I
ENSP00000426745	    rs5908	Ata	Gta	I	V	638  	.   0.01	3cd5B  198  I
ENSP00000426745	    rs5908	Ata	Gta	I	V	638  	.   0.01	3cd5C  192  I
ENSP00000426745	    rs5908	Ata	Gta	I	V	638  	.   0.01	3cd5D  190  I
ENSP00000426745	    rs5908	Ata	Gta	I	V	638  	.   0.01	3cd7A  169  I
ENSP00000426745	    rs5908	Ata	Gta	I	V	638  	.   0.01	3cd7B  178  I
ENSP00000426745	    rs5908	Ata	Gta	I	V	638  	.   0.01	3cd7C  194  I
ENSP00000426745	    rs5908	Ata	Gta	I	V	638  	.   0.01	3cd7D  173  I
ENSP00000426745	    rs5908	Ata	Gta	I	V	638  	.   0.01	3cdaA  198  I
ENSP00000426745	    rs5908	Ata	Gta	I	V	638  	.   0.01	3cdaB  198  I
ENSP00000426745	    rs5908	Ata	Gta	I	V	638  	.   0.01	3cdaC  195  I
ENSP00000426745	    rs5908	Ata	Gta	I	V	638  	.   0.01	3cdaD  174  I
ENSP00000426745	    rs5908	Ata	Gta	I	V	638  	.   0.01	3cdbA  198  I
ENSP00000426745	    rs5908	Ata	Gta	I	V	638  	.   0.01	3cdbB  198  I
ENSP00000426745	    rs5908	Ata	Gta	I	V	638  	.   0.01	3cdbC  192  I
ENSP00000426745	    rs5908	Ata	Gta	I	V	638  	.   0.01	3cdbD  173  I
ENSP00000426757	    rs6054	cCg	cTg	P	L	46   	.   0.12	1fzaB   88  P
ENSP00000426757	    rs6054	cCg	cTg	P	L	46   	.   0.12	1fzaE   88  P
ENSP00000426757	    rs6054	cCg	cTg	P	L	46   	.   0.12	1fzbB   88  P
ENSP00000426757	    rs6054	cCg	cTg	P	L	46   	.   0.12	1fzbE   88  P
ENSP00000426757	    rs6054	cCg	cTg	P	L	46   	.   0.12	1fzcB   85  P
ENSP00000426757	    rs6054	cCg	cTg	P	L	46   	.   0.12	1fzcE   85  P
ENSP00000426757	    rs6054	cCg	cTg	P	L	46   	.   0.12	1fzeB   85  P
ENSP00000426757	    rs6054	cCg	cTg	P	L	46   	.   0.12	1fzeE   85  P
ENSP00000426757	    rs6054	cCg	cTg	P	L	46   	.   0.12	1fzfB   79  P
ENSP00000426757	    rs6054	cCg	cTg	P	L	46   	.   0.12	1fzfE   72  P
ENSP00000426757	    rs6054	cCg	cTg	P	L	46   	.   0.12	1fzgB   79  P
ENSP00000426757	    rs6054	cCg	cTg	P	L	46   	.   0.12	1fzgE   72  P
ENSP00000426757	    rs6054	cCg	cTg	P	L	46   	.   0.12	1lt9B   75  P
ENSP00000426757	    rs6054	cCg	cTg	P	L	46   	.   0.12	1lt9E   71  P
ENSP00000426757	    rs6054	cCg	cTg	P	L	46   	.   0.12	1ltjB   75  P
ENSP00000426757	    rs6054	cCg	cTg	P	L	46   	.   0.12	1ltjE   71  P
ENSP00000426757	    rs6054	cCg	cTg	P	L	46   	.   0.12	1m1jB  178  P
ENSP00000426757	    rs6054	cCg	cTg	P	L	46   	.   0.12	1m1jE  178  P
ENSP00000426757	    rs6054	cCg	cTg	P	L	46   	.   0.12	1n86B   85  P
ENSP00000426757	    rs6054	cCg	cTg	P	L	46   	.   0.12	1n86E   85  P
ENSP00000426757	    rs6054	cCg	cTg	P	L	46   	.   0.12	1re3B   71  P
ENSP00000426757	    rs6054	cCg	cTg	P	L	46   	.   0.12	1re3E   77  P
ENSP00000426757	    rs6054	cCg	cTg	P	L	46   	.   0.12	1re4B   82  P
ENSP00000426757	    rs6054	cCg	cTg	P	L	46   	.   0.12	1re4E   70  P
ENSP00000426757	    rs6054	cCg	cTg	P	L	46   	.   0.12	1rf0B   82  P
ENSP00000426757	    rs6054	cCg	cTg	P	L	46   	.   0.12	1rf0E   76  P
ENSP00000426757	    rs6054	cCg	cTg	P	L	46   	.   0.12	1rf1B   75  P
ENSP00000426757	    rs6054	cCg	cTg	P	L	46   	.   0.12	1rf1E   71  P
ENSP00000426757	    rs6054	cCg	cTg	P	L	46   	.   0.12	2ffdB   79  P
ENSP00000426757	    rs6054	cCg	cTg	P	L	46   	.   0.12	2ffdE   71  P
ENSP00000426757	    rs6054	cCg	cTg	P	L	46   	.   0.12	2h43B   79  P
ENSP00000426757	    rs6054	cCg	cTg	P	L	46   	.   0.12	2h43E   79  P
ENSP00000426757	    rs6054	cCg	cTg	P	L	46   	.   0.12	2hloB   79  P
ENSP00000426757	    rs6054	cCg	cTg	P	L	46   	.   0.12	2hloE   72  P
ENSP00000426757	    rs6054	cCg	cTg	P	L	46   	.   0.12	2hodB   85  P
ENSP00000426757	    rs6054	cCg	cTg	P	L	46   	.   0.12	2hodE   82  P
ENSP00000426757	    rs6054	cCg	cTg	P	L	46   	.   0.12	2hodH   85  P
ENSP00000426757	    rs6054	cCg	cTg	P	L	46   	.   0.12	2hodK   83  P
ENSP00000426757	    rs6054	cCg	cTg	P	L	46   	.   0.12	2hpcB   85  P
ENSP00000426757	    rs6054	cCg	cTg	P	L	46   	.   0.12	2hpcE   82  P
ENSP00000426757	    rs6054	cCg	cTg	P	L	46   	.   0.12	2hpcH   85  P
ENSP00000426757	    rs6054	cCg	cTg	P	L	46   	.   0.12	2hpcK   83  P
ENSP00000426757	    rs6054	cCg	cTg	P	L	46   	.   0.12	2oyhB   75  P
ENSP00000426757	    rs6054	cCg	cTg	P	L	46   	.   0.12	2oyhE   71  P
ENSP00000426757	    rs6054	cCg	cTg	P	L	46   	.   0.12	2oyiB   78  P
ENSP00000426757	    rs6054	cCg	cTg	P	L	46   	.   0.12	2oyiE   71  P
ENSP00000426757	    rs6054	cCg	cTg	P	L	46   	.   0.12	2q9iB   79  P
ENSP00000426757	    rs6054	cCg	cTg	P	L	46   	.   0.12	2q9iE   72  P
ENSP00000426757	    rs6054	cCg	cTg	P	L	46   	.   0.12	2xnxB   87  P
ENSP00000426757	    rs6054	cCg	cTg	P	L	46   	.   0.12	2xnxE   86  P
ENSP00000426757	    rs6054	cCg	cTg	P	L	46   	.   0.12	2xnxH   88  P
ENSP00000426757	    rs6054	cCg	cTg	P	L	46   	.   0.12	2xnxK   85  P
ENSP00000426757	    rs6054	cCg	cTg	P	L	46   	.   0.12	2xnyB   75  P
ENSP00000426757	    rs6054	cCg	cTg	P	L	46   	.   0.12	2xnyE   75  P
ENSP00000426757	    rs6054	cCg	cTg	P	L	46   	.   0.12	2z4eB   79  P
ENSP00000426757	    rs6054	cCg	cTg	P	L	46   	.   0.12	2z4eE   72  P
ENSP00000426757	    rs6054	cCg	cTg	P	L	46   	.   0.12	3bvhB   75  P
ENSP00000426757	    rs6054	cCg	cTg	P	L	46   	.   0.12	3bvhE   75  P
ENSP00000426757	    rs6054	cCg	cTg	P	L	46   	.   0.12	3e1iB   75  P
ENSP00000426757	    rs6054	cCg	cTg	P	L	46   	.   0.12	3e1iE   75  P
ENSP00000426757	    rs6054	cCg	cTg	P	L	46   	.   0.12	3ghgB  178  P
ENSP00000426757	    rs6054	cCg	cTg	P	L	46   	.   0.12	3ghgE  178  P
ENSP00000426757	    rs6054	cCg	cTg	P	L	46   	.   0.12	3ghgH  178  P
ENSP00000426757	    rs6054	cCg	cTg	P	L	46   	.   0.12	3ghgK  178  P
ENSP00000426757	    rs6054	cCg	cTg	P	L	46   	.   0.12	3h32B   85  P
ENSP00000426757	    rs6054	cCg	cTg	P	L	46   	.   0.12	3h32E   85  P
ENSP00000426757	    rs6054	cCg	cTg	P	L	46   	.   0.12	3husB   80  P
ENSP00000426757	    rs6054	cCg	cTg	P	L	46   	.   0.12	3husE   80  P
ENSP00000426915	  rs789169	ctG	ctA	L	L	30   	.   0.17	1ya0A   72  L
ENSP00000426915	  rs789169	ctG	ctA	L	L	30   	.   0.17	1ya0B   72  L
ENSP00000426917	 rs3116448	Tcc	Gcc	S	A	248  	.   0.05	5nj3A  195  S
ENSP00000426917	 rs3116448	Tcc	Gcc	S	A	248  	.   0.05	5nj3B  195  S
ENSP00000426917	 rs3116448	Tcc	Gcc	S	A	248  	.   0.05	6etiA  200  S
ENSP00000426917	 rs3116448	Tcc	Gcc	S	A	248  	.   0.05	6etiB  200  S
ENSP00000426917	 rs3116448	Tcc	Gcc	S	A	248  	.   0.05	6feqA  200  S
ENSP00000426917	 rs3116448	Tcc	Gcc	S	A	248  	.   0.05	6feqB  200  S
ENSP00000426917	 rs3116448	Tcc	Gcc	S	A	248  	.   0.05	6ffcA  206  S
ENSP00000426917	 rs3116448	Tcc	Gcc	S	A	248  	.   0.05	6ffcB  206  S
ENSP00000426917	 rs3116448	Tcc	Ccc	S	P	248  	.   0.05	5nj3A  195  S
ENSP00000426917	 rs3116448	Tcc	Ccc	S	P	248  	.   0.05	5nj3B  195  S
ENSP00000426917	 rs3116448	Tcc	Ccc	S	P	248  	.   0.05	6etiA  200  S
ENSP00000426917	 rs3116448	Tcc	Ccc	S	P	248  	.   0.05	6etiB  200  S
ENSP00000426917	 rs3116448	Tcc	Ccc	S	P	248  	.   0.05	6feqA  200  S
ENSP00000426917	 rs3116448	Tcc	Ccc	S	P	248  	.   0.05	6feqB  200  S
ENSP00000426917	 rs3116448	Tcc	Ccc	S	P	248  	.   0.05	6ffcA  206  S
ENSP00000426917	 rs3116448	Tcc	Ccc	S	P	248  	.   0.05	6ffcB  206  S
ENSP00000426917	 rs1061018	tTc	tCc	F	S	208  	.   0.02	5nj3A  155  F
ENSP00000426917	 rs1061018	tTc	tCc	F	S	208  	.   0.02	5nj3B  155  F
ENSP00000426917	 rs1061018	tTc	tCc	F	S	208  	.   0.02	6etiA  160  F
ENSP00000426917	 rs1061018	tTc	tCc	F	S	208  	.   0.02	6etiB  160  F
ENSP00000426917	 rs1061018	tTc	tCc	F	S	208  	.   0.02	6feqA  160  F
ENSP00000426917	 rs1061018	tTc	tCc	F	S	208  	.   0.02	6feqB  160  F
ENSP00000426917	 rs1061018	tTc	tCc	F	S	208  	.   0.02	6ffcA  166  F
ENSP00000426917	 rs1061018	tTc	tCc	F	S	208  	.   0.02	6ffcB  166  F
ENSP00000426917	 rs1061017	Caa	Gaa	Q	E	166  	.   0.02	5nj3A  113  Q
ENSP00000426917	 rs1061017	Caa	Gaa	Q	E	166  	.   0.02	5nj3B  113  Q
ENSP00000426917	 rs1061017	Caa	Gaa	Q	E	166  	.   0.02	6etiA  118  Q
ENSP00000426917	 rs1061017	Caa	Gaa	Q	E	166  	.   0.02	6etiB  118  Q
ENSP00000426917	 rs1061017	Caa	Gaa	Q	E	166  	.   0.02	6feqA  118  Q
ENSP00000426917	 rs1061017	Caa	Gaa	Q	E	166  	.   0.02	6feqB  118  Q
ENSP00000426917	 rs1061017	Caa	Gaa	Q	E	166  	.   0.02	6ffcA  124  Q
ENSP00000426917	 rs1061017	Caa	Gaa	Q	E	166  	.   0.02	6ffcB  124  Q
ENSP00000426917	 rs9282571	acT	acA	T	T	567  	.   0.01	5nj3A  503  A
ENSP00000426917	 rs9282571	acT	acA	T	T	567  	.   0.01	5nj3B  503  A
ENSP00000426917	 rs9282571	acT	acA	T	T	567  	.   0.01	6etiA  509  A
ENSP00000426917	 rs9282571	acT	acA	T	T	567  	.   0.01	6etiB  509  A
ENSP00000426917	 rs9282571	acT	acA	T	T	567  	.   0.01	6feqA  509  A
ENSP00000426917	 rs9282571	acT	acA	T	T	567  	.   0.01	6feqB  509  A
ENSP00000426917	 rs9282571	acT	acA	T	T	567  	.   0.01	6ffcA  515  A
ENSP00000426917	 rs9282571	acT	acA	T	T	567  	.   0.01	6ffcB  515  A
ENSP00000426917	 rs3116439	ggA	ggG	G	G	188  	.    0.2	5nj3A  135  G
ENSP00000426917	 rs3116439	ggA	ggG	G	G	188  	.    0.2	5nj3B  135  G
ENSP00000426917	 rs3116439	ggA	ggG	G	G	188  	.    0.2	6etiA  140  G
ENSP00000426917	 rs3116439	ggA	ggG	G	G	188  	.    0.2	6etiB  140  G
ENSP00000426917	 rs3116439	ggA	ggG	G	G	188  	.    0.2	6feqA  140  G
ENSP00000426917	 rs3116439	ggA	ggG	G	G	188  	.    0.2	6feqB  140  G
ENSP00000426917	 rs3116439	ggA	ggG	G	G	188  	.    0.2	6ffcA  146  G
ENSP00000426917	 rs3116439	ggA	ggG	G	G	188  	.    0.2	6ffcB  146  G
ENSP00000426917	 rs2231139	taC	taT	Y	Y	123  	.   0.01	5nj3A   70  Y
ENSP00000426917	 rs2231139	taC	taT	Y	Y	123  	.   0.01	5nj3B   70  Y
ENSP00000426917	 rs2231139	taC	taT	Y	Y	123  	.   0.01	6etiA   75  Y
ENSP00000426917	 rs2231139	taC	taT	Y	Y	123  	.   0.01	6etiB   75  Y
ENSP00000426917	 rs2231139	taC	taT	Y	Y	123  	.   0.01	6feqA   75  Y
ENSP00000426917	 rs2231139	taC	taT	Y	Y	123  	.   0.01	6feqB   75  Y
ENSP00000426917	 rs2231139	taC	taT	Y	Y	123  	.   0.01	6ffcA   81  Y
ENSP00000426917	 rs2231139	taC	taT	Y	Y	123  	.   0.01	6ffcB   81  Y
ENSP00000426917	rs12721643	Atc	Gtc	I	V	206  	.   0.01	5nj3A  153  I
ENSP00000426917	rs12721643	Atc	Gtc	I	V	206  	.   0.01	5nj3B  153  I
ENSP00000426917	rs12721643	Atc	Gtc	I	V	206  	.   0.01	6etiA  158  I
ENSP00000426917	rs12721643	Atc	Gtc	I	V	206  	.   0.01	6etiB  158  I
ENSP00000426917	rs12721643	Atc	Gtc	I	V	206  	.   0.01	6feqA  158  I
ENSP00000426917	rs12721643	Atc	Gtc	I	V	206  	.   0.01	6feqB  158  I
ENSP00000426917	rs12721643	Atc	Gtc	I	V	206  	.   0.01	6ffcA  164  I
ENSP00000426917	rs12721643	Atc	Gtc	I	V	206  	.   0.01	6ffcB  164  I
ENSP00000426917	rs12721643	Atc	Ctc	I	L	206  	.   0.01	5nj3A  153  I
ENSP00000426917	rs12721643	Atc	Ctc	I	L	206  	.   0.01	5nj3B  153  I
ENSP00000426917	rs12721643	Atc	Ctc	I	L	206  	.   0.01	6etiA  158  I
ENSP00000426917	rs12721643	Atc	Ctc	I	L	206  	.   0.01	6etiB  158  I
ENSP00000426917	rs12721643	Atc	Ctc	I	L	206  	.   0.01	6feqA  158  I
ENSP00000426917	rs12721643	Atc	Ctc	I	L	206  	.   0.01	6feqB  158  I
ENSP00000426917	rs12721643	Atc	Ctc	I	L	206  	.   0.01	6ffcA  164  I
ENSP00000426917	rs12721643	Atc	Ctc	I	L	206  	.   0.01	6ffcB  164  I
ENSP00000427018	rs61753731	gAt	gCt	D	A	769  	.   0.04	1v27A   32  D
ENSP00000427034	 rs2307424	ccC	ccT	P	P	180  	.   0.01	1xv9B   78  P
ENSP00000427034	 rs2307424	ccC	ccT	P	P	180  	.   0.01	1xv9D   78  P
ENSP00000427034	 rs2307424	ccC	ccT	P	P	180  	.   0.01	1xvpB   78  P
ENSP00000427034	 rs2307424	ccC	ccT	P	P	180  	.   0.01	1xvpD   78  P
ENSP00000427049	 rs1050636	Gat	Tat	D	Y	154  	.   0.01	1m6hA  166  D
ENSP00000427049	 rs1050636	Gat	Tat	D	Y	154  	.   0.01	1m6hB  166  D
ENSP00000427049	 rs1050636	Gat	Tat	D	Y	154  	.   0.01	1m6wA  166  D
ENSP00000427049	 rs1050636	Gat	Tat	D	Y	154  	.   0.01	1m6wB  166  D
ENSP00000427049	 rs1050636	Gat	Tat	D	Y	154  	.   0.01	1ma0A  166  D
ENSP00000427049	 rs1050636	Gat	Tat	D	Y	154  	.   0.01	1ma0B  166  D
ENSP00000427049	 rs1050636	Gat	Tat	D	Y	154  	.   0.01	1mc5A  166  D
ENSP00000427049	 rs1050636	Gat	Tat	D	Y	154  	.   0.01	1mc5B  166  D
ENSP00000427049	 rs1050636	Gat	Tat	D	Y	154  	.   0.01	1mp0A  166  D
ENSP00000427049	 rs1050636	Gat	Tat	D	Y	154  	.   0.01	1mp0B  166  D
ENSP00000427049	 rs1050636	Gat	Tat	D	Y	154  	.   0.01	1tehA  166  D
ENSP00000427049	 rs1050636	Gat	Tat	D	Y	154  	.   0.01	1tehB  166  D
ENSP00000427049	 rs1050636	Gat	Tat	D	Y	154  	.   0.01	2fzeA  166  D
ENSP00000427049	 rs1050636	Gat	Tat	D	Y	154  	.   0.01	2fzeB  166  D
ENSP00000427049	 rs1050636	Gat	Tat	D	Y	154  	.   0.01	2fzwA  166  D
ENSP00000427049	 rs1050636	Gat	Tat	D	Y	154  	.   0.01	2fzwB  166  D
ENSP00000427049	 rs1050636	Gat	Tat	D	Y	154  	.   0.01	3qj5A  165  D
ENSP00000427049	 rs1050636	Gat	Tat	D	Y	154  	.   0.01	3qj5B  166  D
ENSP00000427049	rs72552714	gGa	gCa	G	A	188  	.   0.01	1m6hA  200  G
ENSP00000427049	rs72552714	gGa	gCa	G	A	188  	.   0.01	1m6hB  200  G
ENSP00000427049	rs72552714	gGa	gCa	G	A	188  	.   0.01	1m6wA  200  G
ENSP00000427049	rs72552714	gGa	gCa	G	A	188  	.   0.01	1m6wB  200  G
ENSP00000427049	rs72552714	gGa	gCa	G	A	188  	.   0.01	1ma0A  200  G
ENSP00000427049	rs72552714	gGa	gCa	G	A	188  	.   0.01	1ma0B  200  G
ENSP00000427049	rs72552714	gGa	gCa	G	A	188  	.   0.01	1mc5A  200  G
ENSP00000427049	rs72552714	gGa	gCa	G	A	188  	.   0.01	1mc5B  200  G
ENSP00000427049	rs72552714	gGa	gCa	G	A	188  	.   0.01	1mp0A  200  G
ENSP00000427049	rs72552714	gGa	gCa	G	A	188  	.   0.01	1mp0B  200  G
ENSP00000427049	rs72552714	gGa	gCa	G	A	188  	.   0.01	1tehA  200  G
ENSP00000427049	rs72552714	gGa	gCa	G	A	188  	.   0.01	1tehB  200  G
ENSP00000427049	rs72552714	gGa	gCa	G	A	188  	.   0.01	2fzeA  200  G
ENSP00000427049	rs72552714	gGa	gCa	G	A	188  	.   0.01	2fzeB  200  G
ENSP00000427049	rs72552714	gGa	gCa	G	A	188  	.   0.01	2fzwA  200  G
ENSP00000427049	rs72552714	gGa	gCa	G	A	188  	.   0.01	2fzwB  200  G
ENSP00000427049	rs72552714	gGa	gCa	G	A	188  	.   0.01	3qj5A  199  G
ENSP00000427049	rs72552714	gGa	gCa	G	A	188  	.   0.01	3qj5B  200  G
ENSP00000427049	rs28730623	tTa	tCa	L	S	150  	.   0.01	1m6hA  162  L
ENSP00000427049	rs28730623	tTa	tCa	L	S	150  	.   0.01	1m6hB  162  L
ENSP00000427049	rs28730623	tTa	tCa	L	S	150  	.   0.01	1m6wA  162  L
ENSP00000427049	rs28730623	tTa	tCa	L	S	150  	.   0.01	1m6wB  162  L
ENSP00000427049	rs28730623	tTa	tCa	L	S	150  	.   0.01	1ma0A  162  L
ENSP00000427049	rs28730623	tTa	tCa	L	S	150  	.   0.01	1ma0B  162  L
ENSP00000427049	rs28730623	tTa	tCa	L	S	150  	.   0.01	1mc5A  162  L
ENSP00000427049	rs28730623	tTa	tCa	L	S	150  	.   0.01	1mc5B  162  L
ENSP00000427049	rs28730623	tTa	tCa	L	S	150  	.   0.01	1mp0A  162  L
ENSP00000427049	rs28730623	tTa	tCa	L	S	150  	.   0.01	1mp0B  162  L
ENSP00000427049	rs28730623	tTa	tCa	L	S	150  	.   0.01	1tehA  162  L
ENSP00000427049	rs28730623	tTa	tCa	L	S	150  	.   0.01	1tehB  162  L
ENSP00000427049	rs28730623	tTa	tCa	L	S	150  	.   0.01	2fzeA  162  L
ENSP00000427049	rs28730623	tTa	tCa	L	S	150  	.   0.01	2fzeB  162  L
ENSP00000427049	rs28730623	tTa	tCa	L	S	150  	.   0.01	2fzwA  162  L
ENSP00000427049	rs28730623	tTa	tCa	L	S	150  	.   0.01	2fzwB  162  L
ENSP00000427049	rs28730623	tTa	tCa	L	S	150  	.   0.01	3qj5A  161  L
ENSP00000427049	rs28730623	tTa	tCa	L	S	150  	.   0.01	3qj5B  162  L
ENSP00000427124	 rs1264319	tcC	tcT	S	S	25   	.   0.49	5bvkA   29  H
ENSP00000427124	 rs1264319	tcC	tcT	S	S	25   	.   0.49	5bvnA   29  H
ENSP00000427124	 rs1264319	tcC	tcT	S	S	25   	.   0.49	5bvoA   27  H
ENSP00000427124	 rs1264319	tcC	tcT	S	S	25   	.   0.49	5bvwA   29  H
ENSP00000427124	 rs1264319	tcC	tcT	S	S	25   	.   0.49	5fdxB   21  H
ENSP00000427124	rs55787895	aAt	aGt	N	S	31   	*   0.65	5bvkA   42  A
ENSP00000427124	rs55787895	aAt	aGt	N	S	31   	*   0.65	5bvnA   42  A
ENSP00000427124	rs55787895	aAt	aGt	N	S	31   	*   0.65	5bvoA   40  A
ENSP00000427124	rs55787895	aAt	aGt	N	S	31   	*   0.65	5bvwA   65  I
ENSP00000427124	rs55787895	aAt	aGt	N	S	31   	*   0.65	5fdxB   40  A
ENSP00000427175	 rs2307414	Ggc	Tgc	G	C	285  	.   0.03	1xv9B  212  G
ENSP00000427175	 rs2307414	Ggc	Tgc	G	C	285  	.   0.03	1xv9D  212  G
ENSP00000427175	 rs2307414	Ggc	Tgc	G	C	285  	.   0.03	1xvpB  212  G
ENSP00000427175	 rs2307414	Ggc	Tgc	G	C	285  	.   0.03	1xvpD  212  G
ENSP00000427175	 rs2307414	Ggc	Cgc	G	R	285  	.   0.03	1xv9B  212  G
ENSP00000427175	 rs2307414	Ggc	Cgc	G	R	285  	.   0.03	1xv9D  212  G
ENSP00000427175	 rs2307414	Ggc	Cgc	G	R	285  	.   0.03	1xvpB  212  G
ENSP00000427175	 rs2307414	Ggc	Cgc	G	R	285  	.   0.03	1xvpD  212  G
ENSP00000427175	 rs2307414	Ggc	Agc	G	S	285  	.   0.03	1xv9B  212  G
ENSP00000427175	 rs2307414	Ggc	Agc	G	S	285  	.   0.03	1xv9D  212  G
ENSP00000427175	 rs2307414	Ggc	Agc	G	S	285  	.   0.03	1xvpB  212  G
ENSP00000427175	 rs2307414	Ggc	Agc	G	S	285  	.   0.03	1xvpD  212  G
ENSP00000427175	 rs2307424	ccC	ccT	P	P	151  	.   0.01	1xv9B   78  P
ENSP00000427175	 rs2307424	ccC	ccT	P	P	151  	.   0.01	1xv9D   78  P
ENSP00000427175	 rs2307424	ccC	ccT	P	P	151  	.   0.01	1xvpB   78  P
ENSP00000427175	 rs2307424	ccC	ccT	P	P	151  	.   0.01	1xvpD   78  P
ENSP00000427429	 rs1042308	Ttc	Gtc	F	V	191  	.   0.01	3lqzA  160  F
ENSP00000427429	 rs1042308	Ttc	Gtc	F	V	191  	.   0.01	3wexA  160  V
ENSP00000427429	 rs1042308	Ttc	Gtc	F	V	191  	.   0.01	3wexC  160  V
ENSP00000427429	 rs1042308	Ttc	Gtc	F	V	191  	.   0.01	3wexE  160  V
ENSP00000427429	 rs1042308	Ttc	Gtc	F	V	191  	.   0.01	3wexG  160  V
ENSP00000427429	 rs1042308	Ttc	Gtc	F	V	191  	.   0.01	4p4kA  159  F
ENSP00000427429	 rs1042308	Ttc	Gtc	F	V	191  	.   0.01	4p4kE  160  F
ENSP00000427429	 rs1042308	Ttc	Gtc	F	V	191  	.   0.01	4p4rA  159  F
ENSP00000427429	 rs1042308	Ttc	Gtc	F	V	191  	.   0.01	4p4rC  159  F
ENSP00000427429	 rs1042308	Ttc	Gtc	F	V	191  	.   0.01	4p57A  159  F
ENSP00000427429	 rs1042308	Ttc	Gtc	F	V	191  	.   0.01	4p57C  159  F
ENSP00000427429	 rs1042308	Ttc	Gtc	F	V	191  	.   0.01	4p5kA  160  F
ENSP00000427429	 rs1042308	Ttc	Gtc	F	V	191  	.   0.01	4p5kC  160  F
ENSP00000427429	 rs1042308	Ttc	Gtc	F	V	191  	.   0.01	4p5mA  160  F
ENSP00000427429	 rs1042308	Ttc	Gtc	F	V	191  	.   0.01	4p5mC  160  F
ENSP00000427429	 rs1042308	Ttc	Gtc	F	V	191  	.   0.01	4p5mE  160  F
ENSP00000427429	 rs1042308	Ttc	Gtc	F	V	191  	.   0.01	4p5mG  160  F
ENSP00000427429	 rs1042308	Ttc	Ctc	F	L	191  	.   0.01	3lqzA  160  F
ENSP00000427429	 rs1042308	Ttc	Ctc	F	L	191  	.   0.01	3wexA  160  V
ENSP00000427429	 rs1042308	Ttc	Ctc	F	L	191  	.   0.01	3wexC  160  V
ENSP00000427429	 rs1042308	Ttc	Ctc	F	L	191  	.   0.01	3wexE  160  V
ENSP00000427429	 rs1042308	Ttc	Ctc	F	L	191  	.   0.01	3wexG  160  V
ENSP00000427429	 rs1042308	Ttc	Ctc	F	L	191  	.   0.01	4p4kA  159  F
ENSP00000427429	 rs1042308	Ttc	Ctc	F	L	191  	.   0.01	4p4kE  160  F
ENSP00000427429	 rs1042308	Ttc	Ctc	F	L	191  	.   0.01	4p4rA  159  F
ENSP00000427429	 rs1042308	Ttc	Ctc	F	L	191  	.   0.01	4p4rC  159  F
ENSP00000427429	 rs1042308	Ttc	Ctc	F	L	191  	.   0.01	4p57A  159  F
ENSP00000427429	 rs1042308	Ttc	Ctc	F	L	191  	.   0.01	4p57C  159  F
ENSP00000427429	 rs1042308	Ttc	Ctc	F	L	191  	.   0.01	4p5kA  160  F
ENSP00000427429	 rs1042308	Ttc	Ctc	F	L	191  	.   0.01	4p5kC  160  F
ENSP00000427429	 rs1042308	Ttc	Ctc	F	L	191  	.   0.01	4p5mA  160  F
ENSP00000427429	 rs1042308	Ttc	Ctc	F	L	191  	.   0.01	4p5mC  160  F
ENSP00000427429	 rs1042308	Ttc	Ctc	F	L	191  	.   0.01	4p5mE  160  F
ENSP00000427429	 rs1042308	Ttc	Ctc	F	L	191  	.   0.01	4p5mG  160  F
ENSP00000427429	 rs1042308	Ttc	Atc	F	I	191  	.   0.01	3lqzA  160  F
ENSP00000427429	 rs1042308	Ttc	Atc	F	I	191  	.   0.01	3wexA  160  V
ENSP00000427429	 rs1042308	Ttc	Atc	F	I	191  	.   0.01	3wexC  160  V
ENSP00000427429	 rs1042308	Ttc	Atc	F	I	191  	.   0.01	3wexE  160  V
ENSP00000427429	 rs1042308	Ttc	Atc	F	I	191  	.   0.01	3wexG  160  V
ENSP00000427429	 rs1042308	Ttc	Atc	F	I	191  	.   0.01	4p4kA  159  F
ENSP00000427429	 rs1042308	Ttc	Atc	F	I	191  	.   0.01	4p4kE  160  F
ENSP00000427429	 rs1042308	Ttc	Atc	F	I	191  	.   0.01	4p4rA  159  F
ENSP00000427429	 rs1042308	Ttc	Atc	F	I	191  	.   0.01	4p4rC  159  F
ENSP00000427429	 rs1042308	Ttc	Atc	F	I	191  	.   0.01	4p57A  159  F
ENSP00000427429	 rs1042308	Ttc	Atc	F	I	191  	.   0.01	4p57C  159  F
ENSP00000427429	 rs1042308	Ttc	Atc	F	I	191  	.   0.01	4p5kA  160  F
ENSP00000427429	 rs1042308	Ttc	Atc	F	I	191  	.   0.01	4p5kC  160  F
ENSP00000427429	 rs1042308	Ttc	Atc	F	I	191  	.   0.01	4p5mA  160  F
ENSP00000427429	 rs1042308	Ttc	Atc	F	I	191  	.   0.01	4p5mC  160  F
ENSP00000427429	 rs1042308	Ttc	Atc	F	I	191  	.   0.01	4p5mE  160  F
ENSP00000427429	 rs1042308	Ttc	Atc	F	I	191  	.   0.01	4p5mG  160  F
ENSP00000427429	 rs1042190	aAg	aGg	K	R	142  	.   0.01	3lqzA  111  K
ENSP00000427429	 rs1042190	aAg	aGg	K	R	142  	.   0.01	3wexA  111  R
ENSP00000427429	 rs1042190	aAg	aGg	K	R	142  	.   0.01	3wexC  111  R
ENSP00000427429	 rs1042190	aAg	aGg	K	R	142  	.   0.01	3wexE  111  R
ENSP00000427429	 rs1042190	aAg	aGg	K	R	142  	.   0.01	3wexG  111  R
ENSP00000427429	 rs1042190	aAg	aGg	K	R	142  	.   0.01	4p4kA  110  K
ENSP00000427429	 rs1042190	aAg	aGg	K	R	142  	.   0.01	4p4kE  111  K
ENSP00000427429	 rs1042190	aAg	aGg	K	R	142  	.   0.01	4p4rA  110  K
ENSP00000427429	 rs1042190	aAg	aGg	K	R	142  	.   0.01	4p4rC  110  K
ENSP00000427429	 rs1042190	aAg	aGg	K	R	142  	.   0.01	4p57A  110  K
ENSP00000427429	 rs1042190	aAg	aGg	K	R	142  	.   0.01	4p57C  110  K
ENSP00000427429	 rs1042190	aAg	aGg	K	R	142  	.   0.01	4p5kA  111  K
ENSP00000427429	 rs1042190	aAg	aGg	K	R	142  	.   0.01	4p5kC  111  K
ENSP00000427429	 rs1042190	aAg	aGg	K	R	142  	.   0.01	4p5mA  111  K
ENSP00000427429	 rs1042190	aAg	aGg	K	R	142  	.   0.01	4p5mC  111  K
ENSP00000427429	 rs1042190	aAg	aGg	K	R	142  	.   0.01	4p5mE  111  K
ENSP00000427429	 rs1042190	aAg	aGg	K	R	142  	.   0.01	4p5mG  111  K
ENSP00000427429	 rs2308917	tTg	tCg	L	S	97   	.   0.01	3lqzA   66  L
ENSP00000427429	 rs2308917	tTg	tCg	L	S	97   	.   0.01	3wexA   66  L
ENSP00000427429	 rs2308917	tTg	tCg	L	S	97   	.   0.01	3wexC   66  L
ENSP00000427429	 rs2308917	tTg	tCg	L	S	97   	.   0.01	3wexE   66  L
ENSP00000427429	 rs2308917	tTg	tCg	L	S	97   	.   0.01	3wexG   66  L
ENSP00000427429	 rs2308917	tTg	tCg	L	S	97   	.   0.01	4p4kA   65  L
ENSP00000427429	 rs2308917	tTg	tCg	L	S	97   	.   0.01	4p4kE   66  L
ENSP00000427429	 rs2308917	tTg	tCg	L	S	97   	.   0.01	4p4rA   65  L
ENSP00000427429	 rs2308917	tTg	tCg	L	S	97   	.   0.01	4p4rC   65  L
ENSP00000427429	 rs2308917	tTg	tCg	L	S	97   	.   0.01	4p57A   65  L
ENSP00000427429	 rs2308917	tTg	tCg	L	S	97   	.   0.01	4p57C   65  L
ENSP00000427429	 rs2308917	tTg	tCg	L	S	97   	.   0.01	4p5kA   66  L
ENSP00000427429	 rs2308917	tTg	tCg	L	S	97   	.   0.01	4p5kC   66  L
ENSP00000427429	 rs2308917	tTg	tCg	L	S	97   	.   0.01	4p5mA   66  L
ENSP00000427429	 rs2308917	tTg	tCg	L	S	97   	.   0.01	4p5mC   66  L
ENSP00000427429	 rs2308917	tTg	tCg	L	S	97   	.   0.01	4p5mE   66  L
ENSP00000427429	 rs2308917	tTg	tCg	L	S	97   	.   0.01	4p5mG   66  L
ENSP00000427429	 rs2308911	Atg	Ctg	M	L	62   	.   0.11	3lqzA   31  M
ENSP00000427429	 rs2308911	Atg	Ctg	M	L	62   	.   0.11	3wexA   31  Q
ENSP00000427429	 rs2308911	Atg	Ctg	M	L	62   	.   0.11	3wexC   31  Q
ENSP00000427429	 rs2308911	Atg	Ctg	M	L	62   	.   0.11	3wexE   31  Q
ENSP00000427429	 rs2308911	Atg	Ctg	M	L	62   	.   0.11	3wexG   31  Q
ENSP00000427429	 rs2308911	Atg	Ctg	M	L	62   	.   0.11	4p4kA   30  M
ENSP00000427429	 rs2308911	Atg	Ctg	M	L	62   	.   0.11	4p4kE   31  M
ENSP00000427429	 rs2308911	Atg	Ctg	M	L	62   	.   0.11	4p4rA   30  M
ENSP00000427429	 rs2308911	Atg	Ctg	M	L	62   	.   0.11	4p4rC   30  M
ENSP00000427429	 rs2308911	Atg	Ctg	M	L	62   	.   0.11	4p57A   30  M
ENSP00000427429	 rs2308911	Atg	Ctg	M	L	62   	.   0.11	4p57C   30  M
ENSP00000427429	 rs2308911	Atg	Ctg	M	L	62   	.   0.11	4p5kA   31  M
ENSP00000427429	 rs2308911	Atg	Ctg	M	L	62   	.   0.11	4p5kC   31  M
ENSP00000427429	 rs2308911	Atg	Ctg	M	L	62   	.   0.11	4p5mA   31  M
ENSP00000427429	 rs2308911	Atg	Ctg	M	L	62   	.   0.11	4p5mC   31  M
ENSP00000427429	 rs2308911	Atg	Ctg	M	L	62   	.   0.11	4p5mE   31  M
ENSP00000427429	 rs2308911	Atg	Ctg	M	L	62   	.   0.11	4p5mG   31  M
ENSP00000427429	 rs1126534	gCg	gTg	A	V	42   	.   0.03	3lqzA   11  A
ENSP00000427429	 rs1126534	gCg	gTg	A	V	42   	.   0.03	3wexA   11  M
ENSP00000427429	 rs1126534	gCg	gTg	A	V	42   	.   0.03	3wexC   11  M
ENSP00000427429	 rs1126534	gCg	gTg	A	V	42   	.   0.03	3wexE   11  M
ENSP00000427429	 rs1126534	gCg	gTg	A	V	42   	.   0.03	3wexG   11  M
ENSP00000427429	 rs1126534	gCg	gTg	A	V	42   	.   0.03	4p4kA   10  A
ENSP00000427429	 rs1126534	gCg	gTg	A	V	42   	.   0.03	4p4kE   11  A
ENSP00000427429	 rs1126534	gCg	gTg	A	V	42   	.   0.03	4p4rA   10  A
ENSP00000427429	 rs1126534	gCg	gTg	A	V	42   	.   0.03	4p4rC   10  A
ENSP00000427429	 rs1126534	gCg	gTg	A	V	42   	.   0.03	4p57A   10  A
ENSP00000427429	 rs1126534	gCg	gTg	A	V	42   	.   0.03	4p57C   10  A
ENSP00000427429	 rs1126534	gCg	gTg	A	V	42   	.   0.03	4p5kA   11  A
ENSP00000427429	 rs1126534	gCg	gTg	A	V	42   	.   0.03	4p5kC   11  A
ENSP00000427429	 rs1126534	gCg	gTg	A	V	42   	.   0.03	4p5mA   11  A
ENSP00000427429	 rs1126534	gCg	gTg	A	V	42   	.   0.03	4p5mC   11  A
ENSP00000427429	 rs1126534	gCg	gTg	A	V	42   	.   0.03	4p5mE   11  A
ENSP00000427429	 rs1126534	gCg	gTg	A	V	42   	.   0.03	4p5mG   11  A
ENSP00000427429	 rs2308931	ctG	ctA	L	L	158  	.   0.03	3lqzA  127  L
ENSP00000427429	 rs2308931	ctG	ctA	L	L	158  	.   0.03	3wexA  127  P
ENSP00000427429	 rs2308931	ctG	ctA	L	L	158  	.   0.03	3wexC  127  P
ENSP00000427429	 rs2308931	ctG	ctA	L	L	158  	.   0.03	3wexE  127  P
ENSP00000427429	 rs2308931	ctG	ctA	L	L	158  	.   0.03	3wexG  127  P
ENSP00000427429	 rs2308931	ctG	ctA	L	L	158  	.   0.03	4p4kA  126  L
ENSP00000427429	 rs2308931	ctG	ctA	L	L	158  	.   0.03	4p4kE  127  L
ENSP00000427429	 rs2308931	ctG	ctA	L	L	158  	.   0.03	4p4rA  126  L
ENSP00000427429	 rs2308931	ctG	ctA	L	L	158  	.   0.03	4p4rC  126  L
ENSP00000427429	 rs2308931	ctG	ctA	L	L	158  	.   0.03	4p57A  126  L
ENSP00000427429	 rs2308931	ctG	ctA	L	L	158  	.   0.03	4p57C  126  L
ENSP00000427429	 rs2308931	ctG	ctA	L	L	158  	.   0.03	4p5kA  127  L
ENSP00000427429	 rs2308931	ctG	ctA	L	L	158  	.   0.03	4p5kC  127  L
ENSP00000427429	 rs2308931	ctG	ctA	L	L	158  	.   0.03	4p5mA  127  L
ENSP00000427429	 rs2308931	ctG	ctA	L	L	158  	.   0.03	4p5mC  127  L
ENSP00000427429	 rs2308931	ctG	ctA	L	L	158  	.   0.03	4p5mE  127  L
ENSP00000427429	 rs2308931	ctG	ctA	L	L	158  	.   0.03	4p5mG  127  L
ENSP00000427429	rs41548220	ttG	ttT	L	F	104  	.   0.01	3lqzA   73  L
ENSP00000427429	rs41548220	ttG	ttT	L	F	104  	.   0.01	3wexA   73  L
ENSP00000427429	rs41548220	ttG	ttT	L	F	104  	.   0.01	3wexC   73  L
ENSP00000427429	rs41548220	ttG	ttT	L	F	104  	.   0.01	3wexE   73  L
ENSP00000427429	rs41548220	ttG	ttT	L	F	104  	.   0.01	3wexG   73  L
ENSP00000427429	rs41548220	ttG	ttT	L	F	104  	.   0.01	4p4kA   72  L
ENSP00000427429	rs41548220	ttG	ttT	L	F	104  	.   0.01	4p4kE   73  L
ENSP00000427429	rs41548220	ttG	ttT	L	F	104  	.   0.01	4p4rA   72  L
ENSP00000427429	rs41548220	ttG	ttT	L	F	104  	.   0.01	4p4rC   72  L
ENSP00000427429	rs41548220	ttG	ttT	L	F	104  	.   0.01	4p57A   72  L
ENSP00000427429	rs41548220	ttG	ttT	L	F	104  	.   0.01	4p57C   72  L
ENSP00000427429	rs41548220	ttG	ttT	L	F	104  	.   0.01	4p5kA   73  L
ENSP00000427429	rs41548220	ttG	ttT	L	F	104  	.   0.01	4p5kC   73  L
ENSP00000427429	rs41548220	ttG	ttT	L	F	104  	.   0.01	4p5mA   73  L
ENSP00000427429	rs41548220	ttG	ttT	L	F	104  	.   0.01	4p5mC   73  L
ENSP00000427429	rs41548220	ttG	ttT	L	F	104  	.   0.01	4p5mE   73  L
ENSP00000427429	rs41548220	ttG	ttT	L	F	104  	.   0.01	4p5mG   73  L
ENSP00000427429	rs41559316	aCc	aTc	T	I	103  	.   0.01	3lqzA   72  T
ENSP00000427429	rs41559316	aCc	aTc	T	I	103  	.   0.01	3wexA   72  T
ENSP00000427429	rs41559316	aCc	aTc	T	I	103  	.   0.01	3wexC   72  T
ENSP00000427429	rs41559316	aCc	aTc	T	I	103  	.   0.01	3wexE   72  T
ENSP00000427429	rs41559316	aCc	aTc	T	I	103  	.   0.01	3wexG   72  T
ENSP00000427429	rs41559316	aCc	aTc	T	I	103  	.   0.01	4p4kA   71  T
ENSP00000427429	rs41559316	aCc	aTc	T	I	103  	.   0.01	4p4kE   72  T
ENSP00000427429	rs41559316	aCc	aTc	T	I	103  	.   0.01	4p4rA   71  T
ENSP00000427429	rs41559316	aCc	aTc	T	I	103  	.   0.01	4p4rC   71  T
ENSP00000427429	rs41559316	aCc	aTc	T	I	103  	.   0.01	4p57A   71  T
ENSP00000427429	rs41559316	aCc	aTc	T	I	103  	.   0.01	4p57C   71  T
ENSP00000427429	rs41559316	aCc	aTc	T	I	103  	.   0.01	4p5kA   72  T
ENSP00000427429	rs41559316	aCc	aTc	T	I	103  	.   0.01	4p5kC   72  T
ENSP00000427429	rs41559316	aCc	aTc	T	I	103  	.   0.01	4p5mA   72  T
ENSP00000427429	rs41559316	aCc	aTc	T	I	103  	.   0.01	4p5mC   72  T
ENSP00000427429	rs41559316	aCc	aTc	T	I	103  	.   0.01	4p5mE   72  T
ENSP00000427429	rs41559316	aCc	aTc	T	I	103  	.   0.01	4p5mG   72  T
ENSP00000427438	 rs2298749	tcG	tcA	S	S	268  	.   0.02	2xrcA  234  S
ENSP00000427438	 rs2298749	tcG	tcA	S	S	268  	.   0.02	2xrcB  233  S
ENSP00000427438	 rs2298749	tcG	tcA	S	S	268  	.   0.02	2xrcC  230  S
ENSP00000427438	 rs2298749	tcG	tcA	S	S	268  	.   0.02	2xrcD  222  S
ENSP00000427438	 rs2298749	tcG	tcA	S	S	268  	.   0.02	5o32D  243  S
ENSP00000427438	 rs2298749	tcG	tcA	S	S	268  	.   0.02	5o32I  243  S
ENSP00000427445	 rs1024323	gCc	gGc	A	G	142  	.   0.15	4yhjA  118  A
ENSP00000427445	 rs1024323	gCc	gGc	A	G	142  	.   0.15	4yhjB  118  A
ENSP00000427445	 rs1024323	gCc	gTc	A	V	142  	.   0.15	4yhjA  118  A
ENSP00000427445	 rs1024323	gCc	gTc	A	V	142  	.   0.15	4yhjB  118  A
ENSP00000427445	 rs1801058	gTg	gCg	V	A	486  	.   0.34	4yhjA  462  V
ENSP00000427525	rs61754857	Gag	Aag	E	K	70   	.   0.01	3cosA   69  E
ENSP00000427525	rs61754857	Gag	Aag	E	K	70   	.   0.01	3cosB   69  E
ENSP00000427525	rs61754857	Gag	Aag	E	K	70   	.   0.01	3cosC   69  E
ENSP00000427525	rs61754857	Gag	Aag	E	K	70   	.   0.01	3cosD   71  E
ENSP00000427525	rs61734620	tGc	tAc	C	Y	47   	.    0.0	3cosA   46  C
ENSP00000427525	rs61734620	tGc	tAc	C	Y	47   	.    0.0	3cosB   46  C
ENSP00000427525	rs61734620	tGc	tAc	C	Y	47   	.    0.0	3cosC   46  C
ENSP00000427525	rs61734620	tGc	tAc	C	Y	47   	.    0.0	3cosD   48  C
ENSP00000427552	 rs2524235	Ctg	Gtg	L	V	839  	.   0.01	3zosA  221  L
ENSP00000427552	 rs2524235	Ctg	Gtg	L	V	839  	.   0.01	3zosB  223  L
ENSP00000427552	 rs2524235	Ctg	Gtg	L	V	839  	.   0.01	4bkjA  215  L
ENSP00000427552	 rs2524235	Ctg	Gtg	L	V	839  	.   0.01	4bkjB  217  L
ENSP00000427552	 rs2524235	Ctg	Gtg	L	V	839  	.   0.01	4ckrA  215  L
ENSP00000427552	 rs2524235	Ctg	Gtg	L	V	839  	.   0.01	5bvkA  200  L
ENSP00000427552	 rs2524235	Ctg	Gtg	L	V	839  	.   0.01	5bvnA  200  L
ENSP00000427552	 rs2524235	Ctg	Gtg	L	V	839  	.   0.01	5bvoA  198  L
ENSP00000427552	 rs2524235	Ctg	Gtg	L	V	839  	.   0.01	5bvwA  196  L
ENSP00000427552	 rs2524235	Ctg	Gtg	L	V	839  	.   0.01	5fdpA  206  L
ENSP00000427552	 rs2524235	Ctg	Gtg	L	V	839  	.   0.01	5fdxA  204  L
ENSP00000427552	 rs2524235	Ctg	Gtg	L	V	839  	.   0.01	5fdxB  200  L
ENSP00000427552	 rs2524235	Ctg	Gtg	L	V	839  	.   0.01	6gwrA  221  L
ENSP00000427552	 rs2524235	Ctg	Gtg	L	V	839  	.   0.01	6gwrB  210  L
ENSP00000427571	 rs2229175	cGg	cTg	R	L	415  	.   0.12	1x0oA   79  R
ENSP00000427571	 rs2229175	cGg	cTg	R	L	415  	.   0.12	2a24B   73  R
ENSP00000427571	 rs2229175	cGg	cTg	R	L	415  	.   0.12	2b02A   75  R
ENSP00000427571	 rs2229175	cGg	cTg	R	L	415  	.   0.12	2hv1A   73  R
ENSP00000427571	 rs2229175	cGg	cTg	R	L	415  	.   0.12	2hv1B   73  R
ENSP00000427571	 rs2229175	cGg	cTg	R	L	415  	.   0.12	2k7sA   79  R
ENSP00000427571	 rs2229175	cGg	cTg	R	L	415  	.   0.12	3f1nB   74  R
ENSP00000427571	 rs2229175	cGg	cTg	R	L	415  	.   0.12	3f1oB   74  R
ENSP00000427571	 rs2229175	cGg	cTg	R	L	415  	.   0.12	3f1pB   74  R
ENSP00000427571	 rs2229175	cGg	cTg	R	L	415  	.   0.12	3h7wB   73  R
ENSP00000427571	 rs2229175	cGg	cTg	R	L	415  	.   0.12	3h82A   76  R
ENSP00000427571	 rs2229175	cGg	cTg	R	L	415  	.   0.12	4eq1A   75  R
ENSP00000427571	 rs2229175	cGg	cTg	R	L	415  	.   0.12	4eq1B   75  R
ENSP00000427571	 rs2229175	cGg	cTg	R	L	415  	.   0.12	4ghiB   73  R
ENSP00000427571	 rs2229175	cGg	cTg	R	L	415  	.   0.12	4gs9B   71  R
ENSP00000427571	 rs2229175	cGg	cTg	R	L	415  	.   0.12	4h6jB   75  R
ENSP00000427571	 rs2229175	cGg	cTg	R	L	415  	.   0.12	4lpzA   70  R
ENSP00000427571	 rs2229175	cGg	cTg	R	L	415  	.   0.12	4lpzB   70  R
ENSP00000427571	 rs2229175	cGg	cTg	R	L	415  	.   0.12	4pkyA   70  R
ENSP00000427571	 rs2229175	cGg	cTg	R	L	415  	.   0.12	4pkyD   70  R
ENSP00000427571	 rs2229175	cGg	cTg	R	L	415  	.   0.12	4xt2A   73  R
ENSP00000427571	 rs2229175	cGg	cTg	R	L	415  	.   0.12	4xt2B   71  R
ENSP00000427571	 rs2229175	cGg	cTg	R	L	415  	.   0.12	4zp4A  227  R
ENSP00000427571	 rs2229175	cGg	cTg	R	L	415  	.   0.12	4zp4C  224  R
ENSP00000427571	 rs2229175	cGg	cTg	R	L	415  	.   0.12	4zphA  220  R
ENSP00000427571	 rs2229175	cGg	cTg	R	L	415  	.   0.12	4zphC  218  R
ENSP00000427571	 rs2229175	cGg	cTg	R	L	415  	.   0.12	4zpkA  234  R
ENSP00000427571	 rs2229175	cGg	cTg	R	L	415  	.   0.12	4zqdA  209  R
ENSP00000427571	 rs2229175	cGg	cTg	R	L	415  	.   0.12	4zqdC  218  R
ENSP00000427571	 rs2229175	cGg	cTg	R	L	415  	.   0.12	5sy5A  244  R
ENSP00000427571	 rs2229175	cGg	cTg	R	L	415  	.   0.12	5sy5C  235  R
ENSP00000427571	 rs2229175	cGg	cTg	R	L	415  	.   0.12	5sy5E  245  R
ENSP00000427571	 rs2229175	cGg	cTg	R	L	415  	.   0.12	5sy7A  243  R
ENSP00000427571	 rs2229175	cGg	cTg	R	L	415  	.   0.12	5tbmB   73  R
ENSP00000427571	 rs2229175	cGg	cTg	R	L	415  	.   0.12	5ufpB   73  R
ENSP00000427571	 rs2229175	cGg	cTg	R	L	415  	.   0.12	5y7yB  229  R
ENSP00000427571	 rs2229175	cGg	cCg	R	P	415  	.   0.12	1x0oA   79  R
ENSP00000427571	 rs2229175	cGg	cCg	R	P	415  	.   0.12	2a24B   73  R
ENSP00000427571	 rs2229175	cGg	cCg	R	P	415  	.   0.12	2b02A   75  R
ENSP00000427571	 rs2229175	cGg	cCg	R	P	415  	.   0.12	2hv1A   73  R
ENSP00000427571	 rs2229175	cGg	cCg	R	P	415  	.   0.12	2hv1B   73  R
ENSP00000427571	 rs2229175	cGg	cCg	R	P	415  	.   0.12	2k7sA   79  R
ENSP00000427571	 rs2229175	cGg	cCg	R	P	415  	.   0.12	3f1nB   74  R
ENSP00000427571	 rs2229175	cGg	cCg	R	P	415  	.   0.12	3f1oB   74  R
ENSP00000427571	 rs2229175	cGg	cCg	R	P	415  	.   0.12	3f1pB   74  R
ENSP00000427571	 rs2229175	cGg	cCg	R	P	415  	.   0.12	3h7wB   73  R
ENSP00000427571	 rs2229175	cGg	cCg	R	P	415  	.   0.12	3h82A   76  R
ENSP00000427571	 rs2229175	cGg	cCg	R	P	415  	.   0.12	4eq1A   75  R
ENSP00000427571	 rs2229175	cGg	cCg	R	P	415  	.   0.12	4eq1B   75  R
ENSP00000427571	 rs2229175	cGg	cCg	R	P	415  	.   0.12	4ghiB   73  R
ENSP00000427571	 rs2229175	cGg	cCg	R	P	415  	.   0.12	4gs9B   71  R
ENSP00000427571	 rs2229175	cGg	cCg	R	P	415  	.   0.12	4h6jB   75  R
ENSP00000427571	 rs2229175	cGg	cCg	R	P	415  	.   0.12	4lpzA   70  R
ENSP00000427571	 rs2229175	cGg	cCg	R	P	415  	.   0.12	4lpzB   70  R
ENSP00000427571	 rs2229175	cGg	cCg	R	P	415  	.   0.12	4pkyA   70  R
ENSP00000427571	 rs2229175	cGg	cCg	R	P	415  	.   0.12	4pkyD   70  R
ENSP00000427571	 rs2229175	cGg	cCg	R	P	415  	.   0.12	4xt2A   73  R
ENSP00000427571	 rs2229175	cGg	cCg	R	P	415  	.   0.12	4xt2B   71  R
ENSP00000427571	 rs2229175	cGg	cCg	R	P	415  	.   0.12	4zp4A  227  R
ENSP00000427571	 rs2229175	cGg	cCg	R	P	415  	.   0.12	4zp4C  224  R
ENSP00000427571	 rs2229175	cGg	cCg	R	P	415  	.   0.12	4zphA  220  R
ENSP00000427571	 rs2229175	cGg	cCg	R	P	415  	.   0.12	4zphC  218  R
ENSP00000427571	 rs2229175	cGg	cCg	R	P	415  	.   0.12	4zpkA  234  R
ENSP00000427571	 rs2229175	cGg	cCg	R	P	415  	.   0.12	4zqdA  209  R
ENSP00000427571	 rs2229175	cGg	cCg	R	P	415  	.   0.12	4zqdC  218  R
ENSP00000427571	 rs2229175	cGg	cCg	R	P	415  	.   0.12	5sy5A  244  R
ENSP00000427571	 rs2229175	cGg	cCg	R	P	415  	.   0.12	5sy5C  235  R
ENSP00000427571	 rs2229175	cGg	cCg	R	P	415  	.   0.12	5sy5E  245  R
ENSP00000427571	 rs2229175	cGg	cCg	R	P	415  	.   0.12	5sy7A  243  R
ENSP00000427571	 rs2229175	cGg	cCg	R	P	415  	.   0.12	5tbmB   73  R
ENSP00000427571	 rs2229175	cGg	cCg	R	P	415  	.   0.12	5ufpB   73  R
ENSP00000427571	 rs2229175	cGg	cCg	R	P	415  	.   0.12	5y7yB  229  R
ENSP00000427571	 rs2229175	cGg	cAg	R	Q	415  	.   0.12	1x0oA   79  R
ENSP00000427571	 rs2229175	cGg	cAg	R	Q	415  	.   0.12	2a24B   73  R
ENSP00000427571	 rs2229175	cGg	cAg	R	Q	415  	.   0.12	2b02A   75  R
ENSP00000427571	 rs2229175	cGg	cAg	R	Q	415  	.   0.12	2hv1A   73  R
ENSP00000427571	 rs2229175	cGg	cAg	R	Q	415  	.   0.12	2hv1B   73  R
ENSP00000427571	 rs2229175	cGg	cAg	R	Q	415  	.   0.12	2k7sA   79  R
ENSP00000427571	 rs2229175	cGg	cAg	R	Q	415  	.   0.12	3f1nB   74  R
ENSP00000427571	 rs2229175	cGg	cAg	R	Q	415  	.   0.12	3f1oB   74  R
ENSP00000427571	 rs2229175	cGg	cAg	R	Q	415  	.   0.12	3f1pB   74  R
ENSP00000427571	 rs2229175	cGg	cAg	R	Q	415  	.   0.12	3h7wB   73  R
ENSP00000427571	 rs2229175	cGg	cAg	R	Q	415  	.   0.12	3h82A   76  R
ENSP00000427571	 rs2229175	cGg	cAg	R	Q	415  	.   0.12	4eq1A   75  R
ENSP00000427571	 rs2229175	cGg	cAg	R	Q	415  	.   0.12	4eq1B   75  R
ENSP00000427571	 rs2229175	cGg	cAg	R	Q	415  	.   0.12	4ghiB   73  R
ENSP00000427571	 rs2229175	cGg	cAg	R	Q	415  	.   0.12	4gs9B   71  R
ENSP00000427571	 rs2229175	cGg	cAg	R	Q	415  	.   0.12	4h6jB   75  R
ENSP00000427571	 rs2229175	cGg	cAg	R	Q	415  	.   0.12	4lpzA   70  R
ENSP00000427571	 rs2229175	cGg	cAg	R	Q	415  	.   0.12	4lpzB   70  R
ENSP00000427571	 rs2229175	cGg	cAg	R	Q	415  	.   0.12	4pkyA   70  R
ENSP00000427571	 rs2229175	cGg	cAg	R	Q	415  	.   0.12	4pkyD   70  R
ENSP00000427571	 rs2229175	cGg	cAg	R	Q	415  	.   0.12	4xt2A   73  R
ENSP00000427571	 rs2229175	cGg	cAg	R	Q	415  	.   0.12	4xt2B   71  R
ENSP00000427571	 rs2229175	cGg	cAg	R	Q	415  	.   0.12	4zp4A  227  R
ENSP00000427571	 rs2229175	cGg	cAg	R	Q	415  	.   0.12	4zp4C  224  R
ENSP00000427571	 rs2229175	cGg	cAg	R	Q	415  	.   0.12	4zphA  220  R
ENSP00000427571	 rs2229175	cGg	cAg	R	Q	415  	.   0.12	4zphC  218  R
ENSP00000427571	 rs2229175	cGg	cAg	R	Q	415  	.   0.12	4zpkA  234  R
ENSP00000427571	 rs2229175	cGg	cAg	R	Q	415  	.   0.12	4zqdA  209  R
ENSP00000427571	 rs2229175	cGg	cAg	R	Q	415  	.   0.12	4zqdC  218  R
ENSP00000427571	 rs2229175	cGg	cAg	R	Q	415  	.   0.12	5sy5A  244  R
ENSP00000427571	 rs2229175	cGg	cAg	R	Q	415  	.   0.12	5sy5C  235  R
ENSP00000427571	 rs2229175	cGg	cAg	R	Q	415  	.   0.12	5sy5E  245  R
ENSP00000427571	 rs2229175	cGg	cAg	R	Q	415  	.   0.12	5sy7A  243  R
ENSP00000427571	 rs2229175	cGg	cAg	R	Q	415  	.   0.12	5tbmB   73  R
ENSP00000427571	 rs2229175	cGg	cAg	R	Q	415  	.   0.12	5ufpB   73  R
ENSP00000427571	 rs2229175	cGg	cAg	R	Q	415  	.   0.12	5y7yB  229  R
ENSP00000427573	 rs2549782	aaG	aaT	K	N	99   	.    0.0	3se6A  337  E
ENSP00000427573	 rs2549782	aaG	aaT	K	N	99   	.    0.0	3se6B  332  E
ENSP00000427573	 rs2549782	aaG	aaT	K	N	99   	.    0.0	4e36A  337  E
ENSP00000427573	 rs2549782	aaG	aaT	K	N	99   	.    0.0	4e36B  332  E
ENSP00000427573	 rs2549782	aaG	aaT	K	N	99   	.    0.0	4jbsA  337  E
ENSP00000427573	 rs2549782	aaG	aaT	K	N	99   	.    0.0	4jbsB  332  E
ENSP00000427573	 rs2549782	aaG	aaT	K	N	99   	.    0.0	5ab0A  340  E
ENSP00000427573	 rs2549782	aaG	aaT	K	N	99   	.    0.0	5ab0B  340  E
ENSP00000427573	 rs2549782	aaG	aaT	K	N	99   	.    0.0	5ab2A  340  E
ENSP00000427573	 rs2549782	aaG	aaT	K	N	99   	.    0.0	5ab2B  340  E
ENSP00000427573	 rs2549782	aaG	aaT	K	N	99   	.    0.0	5cu5A  337  E
ENSP00000427573	 rs2549782	aaG	aaT	K	N	99   	.    0.0	5cu5B  335  E
ENSP00000427573	 rs2549782	aaG	aaT	K	N	99   	.    0.0	5j6sA  341  E
ENSP00000427573	 rs2549782	aaG	aaT	K	N	99   	.    0.0	5j6sB  340  E
ENSP00000427573	 rs2549782	aaG	aaT	K	N	99   	.    0.0	5k1vA  340  E
ENSP00000427573	 rs2549782	aaG	aaT	K	N	99   	.    0.0	5k1vB  340  E
ENSP00000427573	rs75263594	aCg	aTg	T	M	54   	.   0.01	3se6A  292  S
ENSP00000427573	rs75263594	aCg	aTg	T	M	54   	.   0.01	3se6B  287  S
ENSP00000427573	rs75263594	aCg	aTg	T	M	54   	.   0.01	4e36A  292  S
ENSP00000427573	rs75263594	aCg	aTg	T	M	54   	.   0.01	4e36B  287  S
ENSP00000427573	rs75263594	aCg	aTg	T	M	54   	.   0.01	4jbsA  292  S
ENSP00000427573	rs75263594	aCg	aTg	T	M	54   	.   0.01	4jbsB  287  S
ENSP00000427573	rs75263594	aCg	aTg	T	M	54   	.   0.01	5ab0A  295  S
ENSP00000427573	rs75263594	aCg	aTg	T	M	54   	.   0.01	5ab0B  295  S
ENSP00000427573	rs75263594	aCg	aTg	T	M	54   	.   0.01	5ab2A  295  S
ENSP00000427573	rs75263594	aCg	aTg	T	M	54   	.   0.01	5ab2B  295  S
ENSP00000427573	rs75263594	aCg	aTg	T	M	54   	.   0.01	5cu5A  292  S
ENSP00000427573	rs75263594	aCg	aTg	T	M	54   	.   0.01	5cu5B  290  S
ENSP00000427573	rs75263594	aCg	aTg	T	M	54   	.   0.01	5j6sA  296  S
ENSP00000427573	rs75263594	aCg	aTg	T	M	54   	.   0.01	5j6sB  295  S
ENSP00000427573	rs75263594	aCg	aTg	T	M	54   	.   0.01	5k1vA  295  S
ENSP00000427573	rs75263594	aCg	aTg	T	M	54   	.   0.01	5k1vB  295  S
ENSP00000427645	 rs2273110	tcG	tcC	S	S	31   	.   0.09	5v5vB   52  S
ENSP00000427645	 rs2273110	tcG	tcC	S	S	31   	.   0.09	5v5vH   52  S
ENSP00000427645	 rs2273110	tcG	tcC	S	S	31   	.   0.09	5v5vI   52  S
ENSP00000427645	 rs2273110	tcG	tcC	S	S	31   	.   0.09	5v5vJ   52  S
ENSP00000427645	 rs2273110	tcG	tcC	S	S	31   	.   0.09	5v5vK   52  S
ENSP00000427645	 rs2273110	tcG	tcC	S	S	31   	.   0.09	5v5vL   52  S
ENSP00000427645	 rs2273110	tcG	tcC	S	S	31   	.   0.09	5v5wA   66  S
ENSP00000427645	 rs2273110	tcG	tcC	S	S	31   	.   0.09	5xeqB   54  S
ENSP00000427645	 rs2273110	tcG	tcA	S	S	31   	.   0.09	5v5vB   52  S
ENSP00000427645	 rs2273110	tcG	tcA	S	S	31   	.   0.09	5v5vH   52  S
ENSP00000427645	 rs2273110	tcG	tcA	S	S	31   	.   0.09	5v5vI   52  S
ENSP00000427645	 rs2273110	tcG	tcA	S	S	31   	.   0.09	5v5vJ   52  S
ENSP00000427645	 rs2273110	tcG	tcA	S	S	31   	.   0.09	5v5vK   52  S
ENSP00000427645	 rs2273110	tcG	tcA	S	S	31   	.   0.09	5v5vL   52  S
ENSP00000427645	 rs2273110	tcG	tcA	S	S	31   	.   0.09	5v5wA   66  S
ENSP00000427645	 rs2273110	tcG	tcA	S	S	31   	.   0.09	5xeqB   54  S
ENSP00000427659	 rs4348159	taC	taT	Y	Y	354  	.   0.02	2o6lA   67  Y
ENSP00000427659	 rs4348159	taC	taT	Y	Y	354  	.   0.02	2o6lB   67  Y
ENSP00000427659	rs34620993	tCt	tTt	S	F	299  	.   0.03	2o6lA   14  S
ENSP00000427659	rs34620993	tCt	tTt	S	F	299  	.   0.03	2o6lB   17  S
ENSP00000427672	    rs6196	aaT	aaC	N	N	766  	.   0.45	1m2zA  244  N
ENSP00000427672	    rs6196	aaT	aaC	N	N	766  	.   0.45	1m2zC  242  N
ENSP00000427672	    rs6196	aaT	aaC	N	N	766  	.   0.45	1p93A  237  N
ENSP00000427672	    rs6196	aaT	aaC	N	N	766  	.   0.45	1p93C  235  N
ENSP00000427672	    rs6196	aaT	aaC	N	N	766  	.   0.45	1p93E  237  N
ENSP00000427672	    rs6196	aaT	aaC	N	N	766  	.   0.45	1p93G  237  N
ENSP00000427672	    rs6196	aaT	aaC	N	N	766  	.   0.45	3bqdA  242  N
ENSP00000427672	    rs6196	aaT	aaC	N	N	766  	.   0.45	3cldA  233  N
ENSP00000427672	    rs6196	aaT	aaC	N	N	766  	.   0.45	3cldC  231  N
ENSP00000427672	    rs6196	aaT	aaC	N	N	766  	.   0.45	3e7cA  238  N
ENSP00000427672	    rs6196	aaT	aaC	N	N	766  	.   0.45	3e7cC  235  N
ENSP00000427672	    rs6196	aaT	aaC	N	N	766  	.   0.45	3h52B  239  N
ENSP00000427672	    rs6196	aaT	aaC	N	N	766  	.   0.45	3h52C  227  N
ENSP00000427672	    rs6196	aaT	aaC	N	N	766  	.   0.45	3h52D  224  N
ENSP00000427672	    rs6196	aaT	aaC	N	N	766  	.   0.45	3k22A  240  N
ENSP00000427672	    rs6196	aaT	aaC	N	N	766  	.   0.45	3k22C  240  N
ENSP00000427672	    rs6196	aaT	aaC	N	N	766  	.   0.45	3k23A  235  N
ENSP00000427672	    rs6196	aaT	aaC	N	N	766  	.   0.45	3k23C  237  N
ENSP00000427672	    rs6196	aaT	aaC	N	N	766  	.   0.45	3mneA  242  N
ENSP00000427672	    rs6196	aaT	aaC	N	N	766  	.   0.45	3mnoA  244  N
ENSP00000427672	    rs6196	aaT	aaC	N	N	766  	.   0.45	3mnpA  247  N
ENSP00000427672	    rs6196	aaT	aaC	N	N	766  	.   0.45	4csjA  237  N
ENSP00000427672	    rs6196	aaT	aaC	N	N	766  	.   0.45	4lsjA  233  N
ENSP00000427672	    rs6196	aaT	aaC	N	N	766  	.   0.45	4mddA  237  N
ENSP00000427672	    rs6196	aaT	aaC	N	N	766  	.   0.45	4p6wA  241  N
ENSP00000427672	    rs6196	aaT	aaC	N	N	766  	.   0.45	4p6xA  241  N
ENSP00000427672	    rs6196	aaT	aaC	N	N	766  	.   0.45	4p6xC  244  N
ENSP00000427672	    rs6196	aaT	aaC	N	N	766  	.   0.45	4p6xE  244  N
ENSP00000427672	    rs6196	aaT	aaC	N	N	766  	.   0.45	4p6xG  244  N
ENSP00000427672	    rs6196	aaT	aaC	N	N	766  	.   0.45	4p6xI  244  N
ENSP00000427672	    rs6196	aaT	aaC	N	N	766  	.   0.45	4p6xK  244  N
ENSP00000427672	    rs6196	aaT	aaC	N	N	766  	.   0.45	4udcA  238  N
ENSP00000427672	    rs6196	aaT	aaC	N	N	766  	.   0.45	4uddA  238  N
ENSP00000427672	    rs6196	aaT	aaC	N	N	766  	.   0.45	5g3jA  238  N
ENSP00000427672	    rs6196	aaT	aaC	N	N	766  	.   0.45	5g5wA  237  N
ENSP00000427672	    rs6196	aaT	aaC	N	N	766  	.   0.45	5nfpA  237  N
ENSP00000427672	    rs6196	aaT	aaC	N	N	766  	.   0.45	5nftA  238  N
ENSP00000427672	    rs6196	aaT	aaC	N	N	766  	.   0.45	6el6A  237  N
ENSP00000427672	    rs6196	aaT	aaC	N	N	766  	.   0.45	6el7A  237  N
ENSP00000427672	    rs6196	aaT	aaC	N	N	766  	.   0.45	6el9A  237  N
ENSP00000427672	    rs6194	caC	caT	H	H	588  	.   0.02	1m2zA   66  H
ENSP00000427672	    rs6194	caC	caT	H	H	588  	.   0.02	1m2zC   64  H
ENSP00000427672	    rs6194	caC	caT	H	H	588  	.   0.02	1nhzA   59  H
ENSP00000427672	    rs6194	caC	caT	H	H	588  	.   0.02	1p93A   62  H
ENSP00000427672	    rs6194	caC	caT	H	H	588  	.   0.02	1p93C   60  H
ENSP00000427672	    rs6194	caC	caT	H	H	588  	.   0.02	1p93E   62  H
ENSP00000427672	    rs6194	caC	caT	H	H	588  	.   0.02	1p93G   62  H
ENSP00000427672	    rs6194	caC	caT	H	H	588  	.   0.02	3bqdA   64  H
ENSP00000427672	    rs6194	caC	caT	H	H	588  	.   0.02	3cldA   63  H
ENSP00000427672	    rs6194	caC	caT	H	H	588  	.   0.02	3cldC   61  H
ENSP00000427672	    rs6194	caC	caT	H	H	588  	.   0.02	3e7cA   63  H
ENSP00000427672	    rs6194	caC	caT	H	H	588  	.   0.02	3e7cC   64  H
ENSP00000427672	    rs6194	caC	caT	H	H	588  	.   0.02	3h52A   63  H
ENSP00000427672	    rs6194	caC	caT	H	H	588  	.   0.02	3h52B   61  H
ENSP00000427672	    rs6194	caC	caT	H	H	588  	.   0.02	3h52C   62  H
ENSP00000427672	    rs6194	caC	caT	H	H	588  	.   0.02	3h52D   59  H
ENSP00000427672	    rs6194	caC	caT	H	H	588  	.   0.02	3k22A   63  H
ENSP00000427672	    rs6194	caC	caT	H	H	588  	.   0.02	3k22C   65  H
ENSP00000427672	    rs6194	caC	caT	H	H	588  	.   0.02	3k23A   63  H
ENSP00000427672	    rs6194	caC	caT	H	H	588  	.   0.02	3k23C   62  H
ENSP00000427672	    rs6194	caC	caT	H	H	588  	.   0.02	3k23E   64  H
ENSP00000427672	    rs6194	caC	caT	H	H	588  	.   0.02	3mneA   64  H
ENSP00000427672	    rs6194	caC	caT	H	H	588  	.   0.02	3mnoA   66  H
ENSP00000427672	    rs6194	caC	caT	H	H	588  	.   0.02	3mnpA   69  H
ENSP00000427672	    rs6194	caC	caT	H	H	588  	.   0.02	4csjA   59  H
ENSP00000427672	    rs6194	caC	caT	H	H	588  	.   0.02	4lsjA   63  H
ENSP00000427672	    rs6194	caC	caT	H	H	588  	.   0.02	4mddA   59  H
ENSP00000427672	    rs6194	caC	caT	H	H	588  	.   0.02	4mddB   58  H
ENSP00000427672	    rs6194	caC	caT	H	H	588  	.   0.02	4p6wA   63  H
ENSP00000427672	    rs6194	caC	caT	H	H	588  	.   0.02	4p6xA   63  H
ENSP00000427672	    rs6194	caC	caT	H	H	588  	.   0.02	4p6xC   66  H
ENSP00000427672	    rs6194	caC	caT	H	H	588  	.   0.02	4p6xE   66  H
ENSP00000427672	    rs6194	caC	caT	H	H	588  	.   0.02	4p6xG   66  H
ENSP00000427672	    rs6194	caC	caT	H	H	588  	.   0.02	4p6xI   66  H
ENSP00000427672	    rs6194	caC	caT	H	H	588  	.   0.02	4p6xK   66  H
ENSP00000427672	    rs6194	caC	caT	H	H	588  	.   0.02	4udcA   60  H
ENSP00000427672	    rs6194	caC	caT	H	H	588  	.   0.02	4uddA   60  H
ENSP00000427672	    rs6194	caC	caT	H	H	588  	.   0.02	5g3jA   60  H
ENSP00000427672	    rs6194	caC	caT	H	H	588  	.   0.02	5g5wA   59  H
ENSP00000427672	    rs6194	caC	caT	H	H	588  	.   0.02	5nfpA   59  H
ENSP00000427672	    rs6194	caC	caT	H	H	588  	.   0.02	5nftA   60  H
ENSP00000427672	    rs6194	caC	caT	H	H	588  	.   0.02	5uc1A   65  H
ENSP00000427672	    rs6194	caC	caT	H	H	588  	.   0.02	5uc1B   65  H
ENSP00000427672	    rs6194	caC	caT	H	H	588  	.   0.02	5uc3A   63  H
ENSP00000427672	    rs6194	caC	caT	H	H	588  	.   0.02	5uc3B   63  H
ENSP00000427672	    rs6194	caC	caT	H	H	588  	.   0.02	6el6A   59  H
ENSP00000427672	    rs6194	caC	caT	H	H	588  	.   0.02	6el7A   59  H
ENSP00000427672	    rs6194	caC	caT	H	H	588  	.   0.02	6el9A   59  H
ENSP00000427703	 rs6555055	Agg	Cgg	R	R	159  	.   0.01	1yq3A  157  R
ENSP00000427703	 rs6555055	Agg	Cgg	R	R	159  	.   0.01	1yq4A  157  R
ENSP00000427703	 rs6555055	Agg	Cgg	R	R	159  	.   0.01	1zoyA  156  R
ENSP00000427703	 rs6555055	Agg	Cgg	R	R	159  	.   0.01	1zp0A  156  R
ENSP00000427703	 rs6555055	Agg	Cgg	R	R	159  	.   0.01	2fbwA  156  R
ENSP00000427703	 rs6555055	Agg	Cgg	R	R	159  	.   0.01	2fbwE  155  R
ENSP00000427703	 rs6555055	Agg	Cgg	R	R	159  	.   0.01	2h88A  155  R
ENSP00000427703	 rs6555055	Agg	Cgg	R	R	159  	.   0.01	2h88E  155  R
ENSP00000427703	 rs6555055	Agg	Cgg	R	R	159  	.   0.01	2h89A  156  R
ENSP00000427703	 rs6555055	Agg	Cgg	R	R	159  	.   0.01	2wqyA  156  R
ENSP00000427703	 rs6555055	Agg	Cgg	R	R	159  	.   0.01	2wqyE  155  R
ENSP00000427703	 rs6555055	Agg	Cgg	R	R	159  	.   0.01	3abvA  156  R
ENSP00000427703	 rs6555055	Agg	Cgg	R	R	159  	.   0.01	3ae1A  156  R
ENSP00000427703	 rs6555055	Agg	Cgg	R	R	159  	.   0.01	3ae2A  156  R
ENSP00000427703	 rs6555055	Agg	Cgg	R	R	159  	.   0.01	3ae3A  156  R
ENSP00000427703	 rs6555055	Agg	Cgg	R	R	159  	.   0.01	3ae4A  156  R
ENSP00000427703	 rs6555055	Agg	Cgg	R	R	159  	.   0.01	3ae5A  156  R
ENSP00000427703	 rs6555055	Agg	Cgg	R	R	159  	.   0.01	3ae6A  156  R
ENSP00000427703	 rs6555055	Agg	Cgg	R	R	159  	.   0.01	3ae7A  156  R
ENSP00000427703	 rs6555055	Agg	Cgg	R	R	159  	.   0.01	3ae8A  156  R
ENSP00000427703	 rs6555055	Agg	Cgg	R	R	159  	.   0.01	3ae9A  156  R
ENSP00000427703	 rs6555055	Agg	Cgg	R	R	159  	.   0.01	3aeaA  156  R
ENSP00000427703	 rs6555055	Agg	Cgg	R	R	159  	.   0.01	3aebA  156  R
ENSP00000427703	 rs6555055	Agg	Cgg	R	R	159  	.   0.01	3aecA  156  R
ENSP00000427703	 rs6555055	Agg	Cgg	R	R	159  	.   0.01	3aedA  156  R
ENSP00000427703	 rs6555055	Agg	Cgg	R	R	159  	.   0.01	3aeeA  156  R
ENSP00000427703	 rs6555055	Agg	Cgg	R	R	159  	.   0.01	3aefA  156  R
ENSP00000427703	 rs6555055	Agg	Cgg	R	R	159  	.   0.01	3aegA  156  R
ENSP00000427703	 rs6555055	Agg	Cgg	R	R	159  	.   0.01	3sfdA  156  R
ENSP00000427703	 rs6555055	Agg	Cgg	R	R	159  	.   0.01	3sfeA  156  R
ENSP00000427703	 rs6555055	Agg	Cgg	R	R	159  	.   0.01	4ytpA  156  R
ENSP00000427703	 rs6555055	Agg	Cgg	R	R	159  	.   0.01	4yxdA  156  R
ENSP00000427717	rs11542296	gcC	gcT	A	A	107  	.   0.01	3dwdA  103  A
ENSP00000427717	rs11542296	gcC	gcT	A	A	107  	.   0.01	3dwdB  101  A
ENSP00000427717	rs11542296	gcC	gcT	A	A	107  	.   0.01	3o47A  103  A
ENSP00000427717	rs11542296	gcC	gcT	A	A	107  	.   0.01	3o47B  107  A
ENSP00000427751	 rs1049874	Att	Gtt	I	V	93   	.   0.01	5u7zA   66  V
ENSP00000427751	 rs1049874	Att	Gtt	I	V	93   	.   0.01	5u7zC   66  V
ENSP00000427751	 rs1049874	Att	Gtt	I	V	93   	.   0.01	5u81A   67  V
ENSP00000427751	 rs1049874	Att	Gtt	I	V	93   	.   0.01	5u84A   64  I
ENSP00000427751	 rs1049874	Att	Gtt	I	V	93   	.   0.01	5u84B   64  I
ENSP00000427772	 rs3822659	Tcc	Gcc	S	A	735  	.   0.05	2z0uA   77  S
ENSP00000427772	 rs3822659	Tcc	Gcc	S	A	735  	.   0.05	2z0uB   77  S
ENSP00000427772	 rs3822659	Tcc	Gcc	S	A	735  	.   0.05	6fb4A   79  S
ENSP00000427772	 rs3822659	Tcc	Gcc	S	A	735  	.   0.05	6fb4B   79  S
ENSP00000427772	 rs3822659	Tcc	Gcc	S	A	735  	.   0.05	6fd0A   79  A
ENSP00000427772	 rs3822659	Tcc	Gcc	S	A	735  	.   0.05	6fd0B   78  A
ENSP00000427772	 rs3822659	Tcc	Gcc	S	A	735  	.   0.05	6fjcA   80  S
ENSP00000427772	 rs3822659	Tcc	Gcc	S	A	735  	.   0.05	6fjcB   79  S
ENSP00000427772	 rs3822659	Tcc	Gcc	S	A	735  	.   0.05	6fjdA   79  S
ENSP00000427772	 rs3822659	Tcc	Gcc	S	A	735  	.   0.05	6fjdB   79  S
ENSP00000427873	 rs8177445	Ttt	Ctt	F	L	137  	.   0.14	2r37A   91  F
ENSP00000427873	 rs8177445	Ttt	Ctt	F	L	137  	.   0.14	2r37B   93  F
ENSP00000427931	 rs1045512	aaA	aaG	K	K	54   	.   0.11	4ekuA   36  K
ENSP00000427931	 rs1030526	acG	acA	T	T	110  	.   0.03	4ekuA   92  T
ENSP00000427931	 rs1879184	acT	acA	T	T	834  	*   0.69	2lk4A    6  T
ENSP00000427931	 rs1879184	acT	acA	T	T	834  	*   0.69	3gm1A    8  T
ENSP00000427931	 rs1879184	acT	acA	T	T	834  	*   0.69	3gm1D   10  T
ENSP00000427931	 rs1879184	acT	acA	T	T	834  	*   0.69	3gm2A    2  T
ENSP00000427931	 rs1879184	acT	acA	T	T	834  	*   0.69	3gm3A    5  T
ENSP00000427931	 rs1879184	acT	acA	T	T	834  	*   0.69	3u3fA    1  T
ENSP00000427931	 rs1879184	acT	acA	T	T	834  	*   0.69	4r32A    4  T
ENSP00000427931	 rs1879184	acT	acA	T	T	834  	*   0.69	4xefA    7  T
ENSP00000427931	 rs1879184	acT	acA	T	T	834  	*   0.69	4xefD    6  T
ENSP00000427931	 rs1879184	acT	acA	T	T	834  	*   0.69	4xekA    8  T
ENSP00000427931	 rs1879184	acT	acA	T	T	834  	*   0.69	4xevA    5  T
ENSP00000427931	 rs1879184	acT	acA	T	T	834  	*   0.69	4xevB    4  T
ENSP00000427931	 rs1879184	acT	acC	T	T	834  	*   0.69	2lk4A    6  T
ENSP00000427931	 rs1879184	acT	acC	T	T	834  	*   0.69	3gm1A    8  T
ENSP00000427931	 rs1879184	acT	acC	T	T	834  	*   0.69	3gm1D   10  T
ENSP00000427931	 rs1879184	acT	acC	T	T	834  	*   0.69	3gm2A    2  T
ENSP00000427931	 rs1879184	acT	acC	T	T	834  	*   0.69	3gm3A    5  T
ENSP00000427931	 rs1879184	acT	acC	T	T	834  	*   0.69	3u3fA    1  T
ENSP00000427931	 rs1879184	acT	acC	T	T	834  	*   0.69	4r32A    4  T
ENSP00000427931	 rs1879184	acT	acC	T	T	834  	*   0.69	4xefA    7  T
ENSP00000427931	 rs1879184	acT	acC	T	T	834  	*   0.69	4xefD    6  T
ENSP00000427931	 rs1879184	acT	acC	T	T	834  	*   0.69	4xekA    8  T
ENSP00000427931	 rs1879184	acT	acC	T	T	834  	*   0.69	4xevA    5  T
ENSP00000427931	 rs1879184	acT	acC	T	T	834  	*   0.69	4xevB    4  T
ENSP00000427931	rs11991368	ctG	ctA	L	L	178  	.   0.05	4ekuA  160  L
