ENSP00000437013	rs79068130	Tct	Gct	S	A	34   	.   0.01	4dgpA  188  L
ENSP00000437013	rs79068130	Tct	Gct	S	A	34   	.   0.01	4dgxA  188  L
ENSP00000437013	rs79068130	Tct	Gct	S	A	34   	.   0.01	4h1oA  179  L
ENSP00000437013	rs79068130	Tct	Gct	S	A	34   	.   0.01	4h34A  169  L
ENSP00000437013	rs79068130	Tct	Gct	S	A	34   	.   0.01	4jegA   85  L
ENSP00000437013	rs79068130	Tct	Gct	S	A	34   	.   0.01	4ohhA  184  L
ENSP00000437013	rs79068130	Tct	Gct	S	A	34   	.   0.01	4ohiA  188  L
ENSP00000437013	rs79068130	Tct	Gct	S	A	34   	.   0.01	5df6A  182  L
ENSP00000437013	rs79068130	Tct	Gct	S	A	34   	.   0.01	5ehpA  174  L
ENSP00000437013	rs79068130	Tct	Gct	S	A	34   	.   0.01	5ehpB  164  L
ENSP00000437013	rs79068130	Tct	Gct	S	A	34   	.   0.01	5ehrA  163  L
ENSP00000437013	rs79068130	Tct	Gct	S	A	34   	.   0.01	5ehrB  163  L
ENSP00000437013	rs79068130	Tct	Gct	S	A	34   	.   0.01	5x7bA  176  L
ENSP00000437013	rs79068130	Tct	Gct	S	A	34   	.   0.01	5x94A  175  L
ENSP00000437013	rs79068130	Tct	Gct	S	A	34   	.   0.01	5x94B  175  L
ENSP00000437013	rs79068130	Tct	Gct	S	A	34   	.   0.01	5xzrA  190  L
ENSP00000437013	rs79068130	Tct	Gct	S	A	34   	.   0.01	6atdA  181  L
ENSP00000437013	rs79068130	Tct	Gct	S	A	34   	.   0.01	6atdB  180  L
ENSP00000437013	rs79068130	Tct	Gct	S	A	34   	.   0.01	6bmrA  175  L
ENSP00000437013	rs79068130	Tct	Gct	S	A	34   	.   0.01	6bmrB  172  L
ENSP00000437013	rs79068130	Tct	Gct	S	A	34   	.   0.01	6bmuA  165  L
ENSP00000437013	rs79068130	Tct	Gct	S	A	34   	.   0.01	6bmuB  165  L
ENSP00000437013	rs79068130	Tct	Gct	S	A	34   	.   0.01	6bmvA  174  L
ENSP00000437013	rs79068130	Tct	Gct	S	A	34   	.   0.01	6bmvB  172  L
ENSP00000437013	rs79068130	Tct	Gct	S	A	34   	.   0.01	6bmwA  166  L
ENSP00000437013	rs79068130	Tct	Gct	S	A	34   	.   0.01	6bmwB  164  L
ENSP00000437013	rs79068130	Tct	Gct	S	A	34   	.   0.01	6bmxA  174  L
ENSP00000437013	rs79068130	Tct	Gct	S	A	34   	.   0.01	6bmyA  165  L
ENSP00000437013	rs79068130	Tct	Gct	S	A	34   	.   0.01	6bmyB  165  L
ENSP00000437013	rs79068130	Tct	Gct	S	A	34   	.   0.01	6bn5A  149  L
ENSP00000437013	rs79068130	Tct	Gct	S	A	34   	.   0.01	6bn5B  149  L
ENSP00000437017	rs55799418	caC	caT	H	H	142  	.   0.01	1xtiA  175  H
ENSP00000437017	rs55799418	caC	caT	H	H	142  	.   0.01	1xtjA  176  H
ENSP00000437017	rs55799418	caC	caT	H	H	142  	.   0.01	1xtkA  175  H
ENSP00000437087	rs80057584	Gtc	Atc	V	I	246  	.   0.02	5ercA   34  V
ENSP00000437132	 rs2953310	agA	agG	R	R	100  	.   0.01	3zyjA   56  R
ENSP00000437132	 rs2953310	agA	agG	R	R	100  	.   0.01	3zyjC   56  R
ENSP00000437168	 rs4656078	cGa	cAa	R	Q	221  	.   0.01	1dg3A  193  R
ENSP00000437168	 rs4656078	cGa	cAa	R	Q	221  	.   0.01	1f5nA  210  R
ENSP00000437168	 rs4656078	cGa	cAa	R	Q	221  	.   0.01	2b8wA  203  R
ENSP00000437168	 rs4656078	cGa	cAa	R	Q	221  	.   0.01	2b8wB  204  R
ENSP00000437168	 rs4656078	cGa	cAa	R	Q	221  	.   0.01	2b92A  203  R
ENSP00000437168	 rs4656078	cGa	cAa	R	Q	221  	.   0.01	2b92B  205  R
ENSP00000437168	 rs4656078	cGa	cAa	R	Q	221  	.   0.01	2bc9A  209  R
ENSP00000437168	 rs4656078	cGa	cAa	R	Q	221  	.   0.01	2d4hA  206  R
ENSP00000437168	 rs4656078	cGa	cAa	R	Q	221  	.   0.01	2d4hB  196  R
ENSP00000437188	 rs1032141	caG	caA	Q	Q	678  	.   0.21	3a8pA  167  R
ENSP00000437188	 rs1032141	caG	caA	Q	Q	678  	.   0.21	3a8pB  165  R
ENSP00000437188	 rs1032141	caG	caA	Q	Q	678  	.   0.21	3a8pC  164  R
ENSP00000437188	 rs1032141	caG	caA	Q	Q	678  	.   0.21	3a8pD  163  R
ENSP00000437188	 rs1032141	caG	caA	Q	Q	678  	.   0.21	3a8qA  165  R
ENSP00000437188	 rs1032141	caG	caA	Q	Q	678  	.   0.21	3a8qB  165  R
ENSP00000437188	 rs1032141	caG	caA	Q	Q	678  	.   0.21	3a8qC  165  R
ENSP00000437188	 rs1032141	caG	caA	Q	Q	678  	.   0.21	3a8qD  165  R
ENSP00000437213	 rs2239697	gaG	gaA	E	E	95   	.   0.02	4i0pD   66  E
ENSP00000437213	 rs2239697	gaG	gaA	E	E	95   	.   0.02	4i0pH   66  E
ENSP00000437213	 rs7383287	gaT	gaC	D	D	32   	.   0.02	4i0pD    3  D
ENSP00000437213	 rs7383287	gaT	gaC	D	D	32   	.   0.02	4i0pH    3  D
ENSP00000437216	rs11246020	Gtc	Ttc	V	F	66   	.    0.0	3glrA   88  V
ENSP00000437216	rs11246020	Gtc	Ttc	V	F	66   	.    0.0	3glsA   87  V
ENSP00000437216	rs11246020	Gtc	Ttc	V	F	66   	.    0.0	3glsB   86  V
ENSP00000437216	rs11246020	Gtc	Ttc	V	F	66   	.    0.0	3glsC   87  V
ENSP00000437216	rs11246020	Gtc	Ttc	V	F	66   	.    0.0	3glsD   88  V
ENSP00000437216	rs11246020	Gtc	Ttc	V	F	66   	.    0.0	3glsE   88  V
ENSP00000437216	rs11246020	Gtc	Ttc	V	F	66   	.    0.0	3glsF   86  V
ENSP00000437216	rs11246020	Gtc	Ttc	V	F	66   	.    0.0	3gltA   88  V
ENSP00000437216	rs11246020	Gtc	Ttc	V	F	66   	.    0.0	3gluA   88  V
ENSP00000437216	rs11246020	Gtc	Ttc	V	F	66   	.    0.0	4bn4A   88  V
ENSP00000437216	rs11246020	Gtc	Ttc	V	F	66   	.    0.0	4bn5A   87  V
ENSP00000437216	rs11246020	Gtc	Ttc	V	F	66   	.    0.0	4bn5B   87  V
ENSP00000437216	rs11246020	Gtc	Ttc	V	F	66   	.    0.0	4bn5C   87  V
ENSP00000437216	rs11246020	Gtc	Ttc	V	F	66   	.    0.0	4bn5D   87  V
ENSP00000437216	rs11246020	Gtc	Ttc	V	F	66   	.    0.0	4bn5E   87  V
ENSP00000437216	rs11246020	Gtc	Ttc	V	F	66   	.    0.0	4bn5F   87  V
ENSP00000437216	rs11246020	Gtc	Ttc	V	F	66   	.    0.0	4bn5G   87  V
ENSP00000437216	rs11246020	Gtc	Ttc	V	F	66   	.    0.0	4bn5H   87  V
ENSP00000437216	rs11246020	Gtc	Ttc	V	F	66   	.    0.0	4bn5I   87  V
ENSP00000437216	rs11246020	Gtc	Ttc	V	F	66   	.    0.0	4bn5J   87  V
ENSP00000437216	rs11246020	Gtc	Ttc	V	F	66   	.    0.0	4bn5K   87  V
ENSP00000437216	rs11246020	Gtc	Ttc	V	F	66   	.    0.0	4bn5L   87  V
ENSP00000437216	rs11246020	Gtc	Ttc	V	F	66   	.    0.0	4bv3A   87  V
ENSP00000437216	rs11246020	Gtc	Ttc	V	F	66   	.    0.0	4bvbA   87  V
ENSP00000437216	rs11246020	Gtc	Ttc	V	F	66   	.    0.0	4bveA   88  V
ENSP00000437216	rs11246020	Gtc	Ttc	V	F	66   	.    0.0	4bvfA   87  V
ENSP00000437216	rs11246020	Gtc	Ttc	V	F	66   	.    0.0	4bvgA   87  V
ENSP00000437216	rs11246020	Gtc	Ttc	V	F	66   	.    0.0	4bvhA   88  V
ENSP00000437216	rs11246020	Gtc	Ttc	V	F	66   	.    0.0	4bvhB   88  V
ENSP00000437216	rs11246020	Gtc	Ttc	V	F	66   	.    0.0	4bvhC   85  V
ENSP00000437216	rs11246020	Gtc	Ttc	V	F	66   	.    0.0	4c78A   75  V
ENSP00000437216	rs11246020	Gtc	Ttc	V	F	66   	.    0.0	4c7bA   76  V
ENSP00000437216	rs11246020	Gtc	Ttc	V	F	66   	.    0.0	4fvtA   87  V
ENSP00000437216	rs11246020	Gtc	Ttc	V	F	66   	.    0.0	4fz3A   77  V
ENSP00000437216	rs11246020	Gtc	Ttc	V	F	66   	.    0.0	4hd8A   75  V
ENSP00000437216	rs11246020	Gtc	Ttc	V	F	66   	.    0.0	4jsrA   88  V
ENSP00000437216	rs11246020	Gtc	Ttc	V	F	66   	.    0.0	4jt8A   89  V
ENSP00000437216	rs11246020	Gtc	Ttc	V	F	66   	.    0.0	4jt9A   89  V
ENSP00000437216	rs11246020	Gtc	Ttc	V	F	66   	.    0.0	4o8zA   86  V
ENSP00000437216	rs11246020	Gtc	Ttc	V	F	66   	.    0.0	4v1cA   84  V
ENSP00000437216	rs11246020	Gtc	Ttc	V	F	66   	.    0.0	4v1cB   77  V
ENSP00000437216	rs11246020	Gtc	Ttc	V	F	66   	.    0.0	4v1cE   77  V
ENSP00000437216	rs11246020	Gtc	Ttc	V	F	66   	.    0.0	4v1cG   70  V
ENSP00000437216	rs11246020	Gtc	Ttc	V	F	66   	.    0.0	4v1cI   66  V
ENSP00000437216	rs11246020	Gtc	Ttc	V	F	66   	.    0.0	4v1cK   38  V
ENSP00000437216	rs11246020	Gtc	Ttc	V	F	66   	.    0.0	5bwnB   88  V
ENSP00000437216	rs11246020	Gtc	Ttc	V	F	66   	.    0.0	5bwoB   88  V
ENSP00000437216	rs11246020	Gtc	Ttc	V	F	66   	.    0.0	5d7nA   88  V
ENSP00000437216	rs11246020	Gtc	Ttc	V	F	66   	.    0.0	5d7nB   87  V
ENSP00000437216	rs11246020	Gtc	Ttc	V	F	66   	.    0.0	5d7nC   88  V
ENSP00000437216	rs11246020	Gtc	Ttc	V	F	66   	.    0.0	5d7nD   88  V
ENSP00000437216	rs11246020	Gtc	Ttc	V	F	66   	.    0.0	5d7nE   87  V
ENSP00000437216	rs11246020	Gtc	Ttc	V	F	66   	.    0.0	5d7nF   87  V
ENSP00000437216	rs11246020	Gtc	Ttc	V	F	66   	.    0.0	5h4dA   88  V
ENSP00000437216	rs11246020	Gtc	Ttc	V	F	66   	.    0.0	5h4dC   88  V
ENSP00000437216	rs11246020	Gtc	Ttc	V	F	66   	.    0.0	5y4hA   73  V
ENSP00000437216	rs11246020	Gtc	Ttc	V	F	66   	.    0.0	5ytkA   88  V
ENSP00000437216	rs11246020	Gtc	Ttc	V	F	66   	.    0.0	5ytkB   88  V
ENSP00000437216	rs11246020	Gtc	Ttc	V	F	66   	.    0.0	5ytkC   87  V
ENSP00000437216	rs11246020	Gtc	Ttc	V	F	66   	.    0.0	5ytkD   88  V
ENSP00000437216	rs11246020	Gtc	Ttc	V	F	66   	.    0.0	5ytkE   88  V
ENSP00000437216	rs11246020	Gtc	Ttc	V	F	66   	.    0.0	5ytkF   88  V
ENSP00000437216	rs11246020	Gtc	Atc	V	I	66   	.    0.0	3glrA   88  V
ENSP00000437216	rs11246020	Gtc	Atc	V	I	66   	.    0.0	3glsA   87  V
ENSP00000437216	rs11246020	Gtc	Atc	V	I	66   	.    0.0	3glsB   86  V
ENSP00000437216	rs11246020	Gtc	Atc	V	I	66   	.    0.0	3glsC   87  V
ENSP00000437216	rs11246020	Gtc	Atc	V	I	66   	.    0.0	3glsD   88  V
ENSP00000437216	rs11246020	Gtc	Atc	V	I	66   	.    0.0	3glsE   88  V
ENSP00000437216	rs11246020	Gtc	Atc	V	I	66   	.    0.0	3glsF   86  V
ENSP00000437216	rs11246020	Gtc	Atc	V	I	66   	.    0.0	3gltA   88  V
ENSP00000437216	rs11246020	Gtc	Atc	V	I	66   	.    0.0	3gluA   88  V
ENSP00000437216	rs11246020	Gtc	Atc	V	I	66   	.    0.0	4bn4A   88  V
ENSP00000437216	rs11246020	Gtc	Atc	V	I	66   	.    0.0	4bn5A   87  V
ENSP00000437216	rs11246020	Gtc	Atc	V	I	66   	.    0.0	4bn5B   87  V
ENSP00000437216	rs11246020	Gtc	Atc	V	I	66   	.    0.0	4bn5C   87  V
ENSP00000437216	rs11246020	Gtc	Atc	V	I	66   	.    0.0	4bn5D   87  V
ENSP00000437216	rs11246020	Gtc	Atc	V	I	66   	.    0.0	4bn5E   87  V
ENSP00000437216	rs11246020	Gtc	Atc	V	I	66   	.    0.0	4bn5F   87  V
ENSP00000437216	rs11246020	Gtc	Atc	V	I	66   	.    0.0	4bn5G   87  V
ENSP00000437216	rs11246020	Gtc	Atc	V	I	66   	.    0.0	4bn5H   87  V
ENSP00000437216	rs11246020	Gtc	Atc	V	I	66   	.    0.0	4bn5I   87  V
ENSP00000437216	rs11246020	Gtc	Atc	V	I	66   	.    0.0	4bn5J   87  V
ENSP00000437216	rs11246020	Gtc	Atc	V	I	66   	.    0.0	4bn5K   87  V
ENSP00000437216	rs11246020	Gtc	Atc	V	I	66   	.    0.0	4bn5L   87  V
ENSP00000437216	rs11246020	Gtc	Atc	V	I	66   	.    0.0	4bv3A   87  V
ENSP00000437216	rs11246020	Gtc	Atc	V	I	66   	.    0.0	4bvbA   87  V
ENSP00000437216	rs11246020	Gtc	Atc	V	I	66   	.    0.0	4bveA   88  V
ENSP00000437216	rs11246020	Gtc	Atc	V	I	66   	.    0.0	4bvfA   87  V
ENSP00000437216	rs11246020	Gtc	Atc	V	I	66   	.    0.0	4bvgA   87  V
ENSP00000437216	rs11246020	Gtc	Atc	V	I	66   	.    0.0	4bvhA   88  V
ENSP00000437216	rs11246020	Gtc	Atc	V	I	66   	.    0.0	4bvhB   88  V
ENSP00000437216	rs11246020	Gtc	Atc	V	I	66   	.    0.0	4bvhC   85  V
ENSP00000437216	rs11246020	Gtc	Atc	V	I	66   	.    0.0	4c78A   75  V
ENSP00000437216	rs11246020	Gtc	Atc	V	I	66   	.    0.0	4c7bA   76  V
ENSP00000437216	rs11246020	Gtc	Atc	V	I	66   	.    0.0	4fvtA   87  V
ENSP00000437216	rs11246020	Gtc	Atc	V	I	66   	.    0.0	4fz3A   77  V
ENSP00000437216	rs11246020	Gtc	Atc	V	I	66   	.    0.0	4hd8A   75  V
ENSP00000437216	rs11246020	Gtc	Atc	V	I	66   	.    0.0	4jsrA   88  V
ENSP00000437216	rs11246020	Gtc	Atc	V	I	66   	.    0.0	4jt8A   89  V
ENSP00000437216	rs11246020	Gtc	Atc	V	I	66   	.    0.0	4jt9A   89  V
ENSP00000437216	rs11246020	Gtc	Atc	V	I	66   	.    0.0	4o8zA   86  V
ENSP00000437216	rs11246020	Gtc	Atc	V	I	66   	.    0.0	4v1cA   84  V
ENSP00000437216	rs11246020	Gtc	Atc	V	I	66   	.    0.0	4v1cB   77  V
ENSP00000437216	rs11246020	Gtc	Atc	V	I	66   	.    0.0	4v1cE   77  V
ENSP00000437216	rs11246020	Gtc	Atc	V	I	66   	.    0.0	4v1cG   70  V
ENSP00000437216	rs11246020	Gtc	Atc	V	I	66   	.    0.0	4v1cI   66  V
ENSP00000437216	rs11246020	Gtc	Atc	V	I	66   	.    0.0	4v1cK   38  V
ENSP00000437216	rs11246020	Gtc	Atc	V	I	66   	.    0.0	5bwnB   88  V
ENSP00000437216	rs11246020	Gtc	Atc	V	I	66   	.    0.0	5bwoB   88  V
ENSP00000437216	rs11246020	Gtc	Atc	V	I	66   	.    0.0	5d7nA   88  V
ENSP00000437216	rs11246020	Gtc	Atc	V	I	66   	.    0.0	5d7nB   87  V
ENSP00000437216	rs11246020	Gtc	Atc	V	I	66   	.    0.0	5d7nC   88  V
ENSP00000437216	rs11246020	Gtc	Atc	V	I	66   	.    0.0	5d7nD   88  V
ENSP00000437216	rs11246020	Gtc	Atc	V	I	66   	.    0.0	5d7nE   87  V
ENSP00000437216	rs11246020	Gtc	Atc	V	I	66   	.    0.0	5d7nF   87  V
ENSP00000437216	rs11246020	Gtc	Atc	V	I	66   	.    0.0	5h4dA   88  V
ENSP00000437216	rs11246020	Gtc	Atc	V	I	66   	.    0.0	5h4dC   88  V
ENSP00000437216	rs11246020	Gtc	Atc	V	I	66   	.    0.0	5y4hA   73  V
ENSP00000437216	rs11246020	Gtc	Atc	V	I	66   	.    0.0	5ytkA   88  V
ENSP00000437216	rs11246020	Gtc	Atc	V	I	66   	.    0.0	5ytkB   88  V
ENSP00000437216	rs11246020	Gtc	Atc	V	I	66   	.    0.0	5ytkC   87  V
ENSP00000437216	rs11246020	Gtc	Atc	V	I	66   	.    0.0	5ytkD   88  V
ENSP00000437216	rs11246020	Gtc	Atc	V	I	66   	.    0.0	5ytkE   88  V
ENSP00000437216	rs11246020	Gtc	Atc	V	I	66   	.    0.0	5ytkF   88  V
ENSP00000437231	 rs4944052	ccT	ccC	P	P	103  	.   0.14	3e0jB  141  P
ENSP00000437231	 rs4944052	ccT	ccC	P	P	103  	.   0.14	3e0jD  141  P
ENSP00000437231	 rs4944052	ccT	ccC	P	P	103  	.   0.14	3e0jF  141  P
ENSP00000437231	 rs4944052	ccT	ccC	P	P	103  	.   0.14	3e0jH  141  P
ENSP00000437302	  rs707951	atT	atC	I	I	132  	.   0.01	1jk8A  106  I
ENSP00000437302	  rs707951	atT	atC	I	I	132  	.   0.01	1s9vA  105  I
ENSP00000437302	  rs707951	atT	atC	I	I	132  	.   0.01	1s9vD  105  I
ENSP00000437302	  rs707951	atT	atC	I	I	132  	.   0.01	1uvqA  108  I
ENSP00000437302	  rs707951	atT	atC	I	I	132  	.   0.01	2nnaA  108  I
ENSP00000437302	  rs707951	atT	atC	I	I	132  	.   0.01	3pl6A  108  I
ENSP00000437302	  rs707951	atT	atC	I	I	132  	.   0.01	4d8pA  108  I
ENSP00000437302	  rs707951	atT	atC	I	I	132  	.   0.01	4d8pC  108  I
ENSP00000437302	  rs707951	atT	atC	I	I	132  	.   0.01	4gg6A  108  I
ENSP00000437302	  rs707951	atT	atC	I	I	132  	.   0.01	4gg6C  108  I
ENSP00000437302	  rs707951	atT	atC	I	I	132  	.   0.01	4grlA  108  I
ENSP00000437302	  rs707951	atT	atC	I	I	132  	.   0.01	4mayA  107  I
ENSP00000437302	  rs707951	atT	atC	I	I	132  	.   0.01	4ozfA  106  I
ENSP00000437302	  rs707951	atT	atC	I	I	132  	.   0.01	4ozgA  106  I
ENSP00000437302	  rs707951	atT	atC	I	I	132  	.   0.01	4ozgC  106  I
ENSP00000437302	  rs707951	atT	atC	I	I	132  	.   0.01	4ozhA  106  I
ENSP00000437302	  rs707951	atT	atC	I	I	132  	.   0.01	4ozhC  106  I
ENSP00000437302	  rs707951	atT	atC	I	I	132  	.   0.01	4oziA  106  I
ENSP00000437302	  rs707951	atT	atC	I	I	132  	.   0.01	4oziC  106  I
ENSP00000437302	  rs707951	atT	atC	I	I	132  	.   0.01	4z7uA  108  I
ENSP00000437302	  rs707951	atT	atC	I	I	132  	.   0.01	4z7uC  108  I
ENSP00000437302	  rs707951	atT	atC	I	I	132  	.   0.01	4z7vA  106  I
ENSP00000437302	  rs707951	atT	atC	I	I	132  	.   0.01	4z7vC  106  I
ENSP00000437302	  rs707951	atT	atC	I	I	132  	.   0.01	4z7wA  107  I
ENSP00000437302	  rs707951	atT	atC	I	I	132  	.   0.01	4z7wC  107  I
ENSP00000437302	  rs707951	atT	atC	I	I	132  	.   0.01	5ks9A  108  I
ENSP00000437302	  rs707951	atT	atC	I	I	132  	.   0.01	5ks9C  108  I
ENSP00000437302	  rs707951	atT	atC	I	I	132  	.   0.01	5ksaA  107  I
ENSP00000437302	  rs707951	atT	atC	I	I	132  	.   0.01	5ksbA  107  I
ENSP00000437302	  rs707951	atT	atC	I	I	132  	.   0.01	5ksbC  107  I
ENSP00000437302	  rs707951	atT	atC	I	I	132  	.   0.01	5ksuA  107  I
ENSP00000437302	  rs707951	atT	atC	I	I	132  	.   0.01	5ksuD  107  I
ENSP00000437302	  rs707951	atT	atC	I	I	132  	.   0.01	5ksvA  106  I
ENSP00000437302	  rs707951	atT	atC	I	I	132  	.   0.01	5ujtA  108  I
ENSP00000437302	  rs707951	atT	atC	I	I	132  	.   0.01	5ujtD  109  I
ENSP00000437302	  rs707951	atT	atC	I	I	132  	.   0.01	5ujtG  110  I
ENSP00000437302	 rs1142333	aGa	aCa	R	T	87   	.   0.01	1jk8A   61  T
ENSP00000437302	 rs1142333	aGa	aCa	R	T	87   	.   0.01	1s9vA   60  T
ENSP00000437302	 rs1142333	aGa	aCa	R	T	87   	.   0.01	1s9vD   60  T
ENSP00000437302	 rs1142333	aGa	aCa	R	T	87   	.   0.01	1uvqA   63  R
ENSP00000437302	 rs1142333	aGa	aCa	R	T	87   	.   0.01	2nnaA   63  T
ENSP00000437302	 rs1142333	aGa	aCa	R	T	87   	.   0.01	3pl6A   63  R
ENSP00000437302	 rs1142333	aGa	aCa	R	T	87   	.   0.01	4d8pA   63  T
ENSP00000437302	 rs1142333	aGa	aCa	R	T	87   	.   0.01	4d8pC   63  T
ENSP00000437302	 rs1142333	aGa	aCa	R	T	87   	.   0.01	4gg6A   63  T
ENSP00000437302	 rs1142333	aGa	aCa	R	T	87   	.   0.01	4gg6C   63  T
ENSP00000437302	 rs1142333	aGa	aCa	R	T	87   	.   0.01	4grlA   63  R
ENSP00000437302	 rs1142333	aGa	aCa	R	T	87   	.   0.01	4mayA   62  R
ENSP00000437302	 rs1142333	aGa	aCa	R	T	87   	.   0.01	4ozfA   61  T
ENSP00000437302	 rs1142333	aGa	aCa	R	T	87   	.   0.01	4ozgA   61  T
ENSP00000437302	 rs1142333	aGa	aCa	R	T	87   	.   0.01	4ozgC   61  T
ENSP00000437302	 rs1142333	aGa	aCa	R	T	87   	.   0.01	4ozhA   61  T
ENSP00000437302	 rs1142333	aGa	aCa	R	T	87   	.   0.01	4ozhC   61  T
ENSP00000437302	 rs1142333	aGa	aCa	R	T	87   	.   0.01	4oziA   61  T
ENSP00000437302	 rs1142333	aGa	aCa	R	T	87   	.   0.01	4oziC   61  T
ENSP00000437302	 rs1142333	aGa	aCa	R	T	87   	.   0.01	4z7uA   63  T
ENSP00000437302	 rs1142333	aGa	aCa	R	T	87   	.   0.01	4z7uC   63  T
ENSP00000437302	 rs1142333	aGa	aCa	R	T	87   	.   0.01	4z7vA   61  T
ENSP00000437302	 rs1142333	aGa	aCa	R	T	87   	.   0.01	4z7vC   61  T
ENSP00000437302	 rs1142333	aGa	aCa	R	T	87   	.   0.01	4z7wA   62  T
ENSP00000437302	 rs1142333	aGa	aCa	R	T	87   	.   0.01	4z7wC   62  T
ENSP00000437302	 rs1142333	aGa	aCa	R	T	87   	.   0.01	5ks9A   63  T
ENSP00000437302	 rs1142333	aGa	aCa	R	T	87   	.   0.01	5ks9C   63  T
ENSP00000437302	 rs1142333	aGa	aCa	R	T	87   	.   0.01	5ksaA   62  T
ENSP00000437302	 rs1142333	aGa	aCa	R	T	87   	.   0.01	5ksbA   62  T
ENSP00000437302	 rs1142333	aGa	aCa	R	T	87   	.   0.01	5ksbC   62  T
ENSP00000437302	 rs1142333	aGa	aCa	R	T	87   	.   0.01	5ksuA   62  T
ENSP00000437302	 rs1142333	aGa	aCa	R	T	87   	.   0.01	5ksuD   62  T
ENSP00000437302	 rs1142333	aGa	aCa	R	T	87   	.   0.01	5ksvA   61  T
ENSP00000437302	 rs1142333	aGa	aCa	R	T	87   	.   0.01	5ujtA   63  T
ENSP00000437302	 rs1142333	aGa	aCa	R	T	87   	.   0.01	5ujtD   64  T
ENSP00000437302	 rs1142333	aGa	aCa	R	T	87   	.   0.01	5ujtG   65  T
ENSP00000437302	 rs1129808	tAc	tCc	Y	S	103  	.   0.03	1jk8A   77  S
ENSP00000437302	 rs1129808	tAc	tCc	Y	S	103  	.   0.03	1s9vA   76  S
ENSP00000437302	 rs1129808	tAc	tCc	Y	S	103  	.   0.03	1s9vD   76  S
ENSP00000437302	 rs1129808	tAc	tCc	Y	S	103  	.   0.03	1uvqA   79  Y
ENSP00000437302	 rs1129808	tAc	tCc	Y	S	103  	.   0.03	2nnaA   79  S
ENSP00000437302	 rs1129808	tAc	tCc	Y	S	103  	.   0.03	3pl6A   79  Y
ENSP00000437302	 rs1129808	tAc	tCc	Y	S	103  	.   0.03	4d8pA   79  S
ENSP00000437302	 rs1129808	tAc	tCc	Y	S	103  	.   0.03	4d8pC   79  S
ENSP00000437302	 rs1129808	tAc	tCc	Y	S	103  	.   0.03	4gg6A   79  S
ENSP00000437302	 rs1129808	tAc	tCc	Y	S	103  	.   0.03	4gg6C   79  S
ENSP00000437302	 rs1129808	tAc	tCc	Y	S	103  	.   0.03	4grlA   79  Y
ENSP00000437302	 rs1129808	tAc	tCc	Y	S	103  	.   0.03	4mayA   78  Y
ENSP00000437302	 rs1129808	tAc	tCc	Y	S	103  	.   0.03	4ozfA   77  S
ENSP00000437302	 rs1129808	tAc	tCc	Y	S	103  	.   0.03	4ozgA   77  S
ENSP00000437302	 rs1129808	tAc	tCc	Y	S	103  	.   0.03	4ozgC   77  S
ENSP00000437302	 rs1129808	tAc	tCc	Y	S	103  	.   0.03	4ozhA   77  S
ENSP00000437302	 rs1129808	tAc	tCc	Y	S	103  	.   0.03	4ozhC   77  S
ENSP00000437302	 rs1129808	tAc	tCc	Y	S	103  	.   0.03	4oziA   77  S
ENSP00000437302	 rs1129808	tAc	tCc	Y	S	103  	.   0.03	4oziC   77  S
ENSP00000437302	 rs1129808	tAc	tCc	Y	S	103  	.   0.03	4z7uA   79  S
ENSP00000437302	 rs1129808	tAc	tCc	Y	S	103  	.   0.03	4z7uC   79  S
ENSP00000437302	 rs1129808	tAc	tCc	Y	S	103  	.   0.03	4z7vA   77  S
ENSP00000437302	 rs1129808	tAc	tCc	Y	S	103  	.   0.03	4z7vC   77  S
ENSP00000437302	 rs1129808	tAc	tCc	Y	S	103  	.   0.03	4z7wA   78  S
ENSP00000437302	 rs1129808	tAc	tCc	Y	S	103  	.   0.03	4z7wC   78  S
ENSP00000437302	 rs1129808	tAc	tCc	Y	S	103  	.   0.03	5ks9A   79  S
ENSP00000437302	 rs1129808	tAc	tCc	Y	S	103  	.   0.03	5ks9C   79  S
ENSP00000437302	 rs1129808	tAc	tCc	Y	S	103  	.   0.03	5ksaA   78  S
ENSP00000437302	 rs1129808	tAc	tCc	Y	S	103  	.   0.03	5ksbA   78  S
ENSP00000437302	 rs1129808	tAc	tCc	Y	S	103  	.   0.03	5ksbC   78  S
ENSP00000437302	 rs1129808	tAc	tCc	Y	S	103  	.   0.03	5ksuA   78  S
ENSP00000437302	 rs1129808	tAc	tCc	Y	S	103  	.   0.03	5ksuD   78  S
ENSP00000437302	 rs1129808	tAc	tCc	Y	S	103  	.   0.03	5ksvA   77  S
ENSP00000437302	 rs1129808	tAc	tCc	Y	S	103  	.   0.03	5ujtA   79  S
ENSP00000437302	 rs1129808	tAc	tCc	Y	S	103  	.   0.03	5ujtD   80  S
ENSP00000437302	 rs1129808	tAc	tCc	Y	S	103  	.   0.03	5ujtG   81  S
ENSP00000437302	 rs1129808	tAc	tGc	Y	C	103  	.   0.03	1jk8A   77  S
ENSP00000437302	 rs1129808	tAc	tGc	Y	C	103  	.   0.03	1s9vA   76  S
ENSP00000437302	 rs1129808	tAc	tGc	Y	C	103  	.   0.03	1s9vD   76  S
ENSP00000437302	 rs1129808	tAc	tGc	Y	C	103  	.   0.03	1uvqA   79  Y
ENSP00000437302	 rs1129808	tAc	tGc	Y	C	103  	.   0.03	2nnaA   79  S
ENSP00000437302	 rs1129808	tAc	tGc	Y	C	103  	.   0.03	3pl6A   79  Y
ENSP00000437302	 rs1129808	tAc	tGc	Y	C	103  	.   0.03	4d8pA   79  S
ENSP00000437302	 rs1129808	tAc	tGc	Y	C	103  	.   0.03	4d8pC   79  S
ENSP00000437302	 rs1129808	tAc	tGc	Y	C	103  	.   0.03	4gg6A   79  S
ENSP00000437302	 rs1129808	tAc	tGc	Y	C	103  	.   0.03	4gg6C   79  S
ENSP00000437302	 rs1129808	tAc	tGc	Y	C	103  	.   0.03	4grlA   79  Y
ENSP00000437302	 rs1129808	tAc	tGc	Y	C	103  	.   0.03	4mayA   78  Y
ENSP00000437302	 rs1129808	tAc	tGc	Y	C	103  	.   0.03	4ozfA   77  S
ENSP00000437302	 rs1129808	tAc	tGc	Y	C	103  	.   0.03	4ozgA   77  S
ENSP00000437302	 rs1129808	tAc	tGc	Y	C	103  	.   0.03	4ozgC   77  S
ENSP00000437302	 rs1129808	tAc	tGc	Y	C	103  	.   0.03	4ozhA   77  S
ENSP00000437302	 rs1129808	tAc	tGc	Y	C	103  	.   0.03	4ozhC   77  S
ENSP00000437302	 rs1129808	tAc	tGc	Y	C	103  	.   0.03	4oziA   77  S
ENSP00000437302	 rs1129808	tAc	tGc	Y	C	103  	.   0.03	4oziC   77  S
ENSP00000437302	 rs1129808	tAc	tGc	Y	C	103  	.   0.03	4z7uA   79  S
ENSP00000437302	 rs1129808	tAc	tGc	Y	C	103  	.   0.03	4z7uC   79  S
ENSP00000437302	 rs1129808	tAc	tGc	Y	C	103  	.   0.03	4z7vA   77  S
ENSP00000437302	 rs1129808	tAc	tGc	Y	C	103  	.   0.03	4z7vC   77  S
ENSP00000437302	 rs1129808	tAc	tGc	Y	C	103  	.   0.03	4z7wA   78  S
ENSP00000437302	 rs1129808	tAc	tGc	Y	C	103  	.   0.03	4z7wC   78  S
ENSP00000437302	 rs1129808	tAc	tGc	Y	C	103  	.   0.03	5ks9A   79  S
ENSP00000437302	 rs1129808	tAc	tGc	Y	C	103  	.   0.03	5ks9C   79  S
ENSP00000437302	 rs1129808	tAc	tGc	Y	C	103  	.   0.03	5ksaA   78  S
ENSP00000437302	 rs1129808	tAc	tGc	Y	C	103  	.   0.03	5ksbA   78  S
ENSP00000437302	 rs1129808	tAc	tGc	Y	C	103  	.   0.03	5ksbC   78  S
ENSP00000437302	 rs1129808	tAc	tGc	Y	C	103  	.   0.03	5ksuA   78  S
ENSP00000437302	 rs1129808	tAc	tGc	Y	C	103  	.   0.03	5ksuD   78  S
ENSP00000437302	 rs1129808	tAc	tGc	Y	C	103  	.   0.03	5ksvA   77  S
ENSP00000437302	 rs1129808	tAc	tGc	Y	C	103  	.   0.03	5ujtA   79  S
ENSP00000437302	 rs1129808	tAc	tGc	Y	C	103  	.   0.03	5ujtD   80  S
ENSP00000437302	 rs1129808	tAc	tGc	Y	C	103  	.   0.03	5ujtG   81  S
ENSP00000437322	rs11575840	Gcc	Acc	A	T	103  	.   0.01	3noiA   92  A
ENSP00000437322	rs11575840	Gcc	Acc	A	T	103  	.   0.01	3noiB   93  A
ENSP00000437322	rs11575840	Gcc	Acc	A	T	103  	.   0.01	3pv6B   85  A
ENSP00000437513	  rs398076	agC	agT	S	S	394  	.   0.03	3zr5A  407  G
ENSP00000437513	  rs398076	agC	agT	S	S	394  	.   0.03	3zr6A  407  G
ENSP00000437513	  rs398076	agC	agT	S	S	394  	.   0.03	4cccA  406  G
ENSP00000437513	  rs398076	agC	agT	S	S	394  	.   0.03	4ccdA  406  G
ENSP00000437513	  rs398076	agC	agT	S	S	394  	.   0.03	4cceA  406  G
ENSP00000437513	  rs398076	agC	agT	S	S	394  	.   0.03	4ufhA  407  G
ENSP00000437513	  rs398076	agC	agT	S	S	394  	.   0.03	4ufiA  407  G
ENSP00000437513	  rs398076	agC	agT	S	S	394  	.   0.03	4ufjA  406  G
ENSP00000437513	  rs398076	agC	agT	S	S	394  	.   0.03	4ufkA  406  G
ENSP00000437513	  rs398076	agC	agT	S	S	394  	.   0.03	4uflA  407  G
ENSP00000437513	  rs398076	agC	agT	S	S	394  	.   0.03	4ufmA  406  G
ENSP00000437513	  rs398076	agC	agT	S	S	394  	.   0.03	5nxbA  410  G
ENSP00000437513	  rs398076	agC	agT	S	S	394  	.   0.03	5nxbB  410  G
ENSP00000437606	 rs3182911	atC	atT	I	I	171  	.   0.01	4d10C  189  I
ENSP00000437606	 rs3182911	atC	atT	I	I	171  	.   0.01	4d10K  189  I
ENSP00000437606	 rs3182911	atC	atT	I	I	171  	.   0.01	4d18C  189  I
ENSP00000437606	 rs3182911	atC	atT	I	I	171  	.   0.01	4d18K  189  I
ENSP00000437606	 rs3182911	atC	atT	I	I	171  	.   0.01	4wsnC  189  I
ENSP00000437606	 rs3182911	atC	atT	I	I	171  	.   0.01	4wsnK  189  I
ENSP00000437606	 rs3182911	atC	atT	I	I	171  	.   0.01	4wsnS  189  I
ENSP00000437639	     rs688	aaC	aaT	N	N	464  	.   0.02	1ijqA  186  N
ENSP00000437639	     rs688	aaC	aaT	N	N	464  	.   0.02	1ijqB  183  N
ENSP00000437639	     rs688	aaC	aaT	N	N	464  	.   0.02	1n7dA  516  N
ENSP00000437639	     rs688	aaC	aaT	N	N	464  	.   0.02	3m0cC  308  N
ENSP00000437639	     rs688	aaC	aaT	N	N	464  	.   0.02	3p5bC  270  N
ENSP00000437639	     rs688	aaC	aaT	N	N	464  	.   0.02	3p5cC  316  N
ENSP00000437639	    rs5930	agA	agG	R	R	344  	.   0.01	1ijqA   66  R
ENSP00000437639	    rs5930	agA	agG	R	R	344  	.   0.01	1ijqB   63  R
ENSP00000437639	    rs5930	agA	agG	R	R	344  	.   0.01	1n7dA  398  R
ENSP00000437639	    rs5930	agA	agG	R	R	344  	.   0.01	3m0cC  188  R
ENSP00000437639	    rs5930	agA	agG	R	R	344  	.   0.01	3p5bC  150  R
ENSP00000437639	    rs5930	agA	agG	R	R	344  	.   0.01	3p5cC  196  R
ENSP00000437639	rs11669576	Gcc	Acc	A	T	264  	.   0.04	1n7dA  320  A
ENSP00000437639	rs11669576	Gcc	Acc	A	T	264  	.   0.04	3m0cC  116  A
ENSP00000437639	rs11669576	Gcc	Acc	A	T	264  	.   0.04	3p5bC   76  A
ENSP00000437639	rs11669576	Gcc	Acc	A	T	264  	.   0.04	3p5cC  116  A
ENSP00000437758	 rs1053624	ccC	ccT	P	P	325  	.   0.01	4fp9A  328  P
ENSP00000437758	 rs1053624	ccC	ccT	P	P	325  	.   0.01	4fp9C  328  P
ENSP00000437758	 rs1053624	ccC	ccT	P	P	325  	.   0.01	4fp9D  323  P
ENSP00000437758	 rs1053624	ccC	ccT	P	P	325  	.   0.01	4fp9F  328  P
ENSP00000437758	 rs1053624	ccC	ccT	P	P	325  	.   0.01	4fzvA  327  P
ENSP00000437886	 rs9915640	ccT	ccC	P	P	1154 	.   0.02	3i4uA  207  L
ENSP00000437886	 rs9915640	ccT	ccC	P	P	1154 	.   0.02	5xjcY  679  L
ENSP00000437999	 rs6025601	gaT	gaC	D	D	119  	.   0.08	5k5hA   41  D
ENSP00000437999	 rs6025601	gaT	gaC	D	D	119  	.   0.08	5kkqA   74  D
ENSP00000437999	 rs6025601	gaT	gaC	D	D	119  	.   0.08	5kkqD   70  D
ENSP00000437999	 rs6025601	gaT	gaC	D	D	119  	.   0.08	5t00A   71  D
ENSP00000437999	 rs6025601	gaT	gaC	D	D	119  	.   0.08	5t00D   69  D
ENSP00000437999	 rs6025601	gaT	gaC	D	D	119  	.   0.08	5t0uA   98  D
ENSP00000437999	 rs6025601	gaT	gaC	D	D	119  	.   0.08	5t0uD   97  D
ENSP00000437999	 rs6025601	gaT	gaC	D	D	119  	.   0.08	5undA   43  D
ENSP00000437999	 rs6025601	gaT	gaC	D	D	119  	.   0.08	5undD   43  D
ENSP00000437999	 rs6025601	gaT	gaC	D	D	119  	.   0.08	5yefA   70  D
ENSP00000437999	 rs6025601	gaT	gaC	D	D	119  	.   0.08	5yefD   68  D
ENSP00000437999	 rs6025601	gaT	gaC	D	D	119  	.   0.08	5yefG   70  D
ENSP00000437999	 rs6025601	gaT	gaC	D	D	119  	.   0.08	5yefJ   68  D
ENSP00000437999	 rs6025601	gaT	gaC	D	D	119  	.   0.08	5yegA   41  D
ENSP00000437999	 rs6025601	gaT	gaC	D	D	119  	.   0.08	5yegB   42  D
ENSP00000437999	 rs6025601	gaT	gaC	D	D	119  	.   0.08	5yehA   42  D
ENSP00000437999	 rs6025601	gaT	gaC	D	D	119  	.   0.08	5yehD   42  D
ENSP00000438011	rs17301507	gcC	gcG	A	A	136  	.   0.07	1o7fA  314  A
ENSP00000438011	rs17301507	gcC	gcG	A	A	136  	.   0.07	2byvA  316  A
ENSP00000438011	rs17301507	gcC	gcG	A	A	136  	.   0.07	3cf6A   29  A
ENSP00000438011	rs17301507	gcC	gcG	A	A	136  	.   0.07	4f7zA  323  A
ENSP00000438011	rs17301507	gcC	gcG	A	A	136  	.   0.07	4mgiA   29  A
ENSP00000438011	rs17301507	gcC	gcG	A	A	136  	.   0.07	4mgkA   29  A
ENSP00000438011	rs17301507	gcC	gcG	A	A	136  	.   0.07	4mgyA   29  A
ENSP00000438011	rs17301507	gcC	gcG	A	A	136  	.   0.07	4mgzA   30  A
ENSP00000438011	rs17301507	gcC	gcG	A	A	136  	.   0.07	4mh0A   29  A
ENSP00000438011	rs61741759	tcC	tcT	S	S	496  	.   0.22	2byvA  636  S
ENSP00000438011	rs61741759	tcC	tcT	S	S	496  	.   0.22	3cf6A  344  S
ENSP00000438011	rs61741759	tcC	tcT	S	S	496  	.   0.22	4f7zA  655  S
ENSP00000438011	rs61741759	tcC	tcT	S	S	496  	.   0.22	4mgiA  344  S
ENSP00000438011	rs61741759	tcC	tcT	S	S	496  	.   0.22	4mgkA  344  S
ENSP00000438011	rs61741759	tcC	tcT	S	S	496  	.   0.22	4mgyA  344  S
ENSP00000438011	rs61741759	tcC	tcT	S	S	496  	.   0.22	4mgzA  349  S
ENSP00000438011	rs61741759	tcC	tcT	S	S	496  	.   0.22	4mh0A  344  S
ENSP00000438035	 rs2289367	acG	acA	T	T	214  	.   0.18	4fqnA   24  T
ENSP00000438035	 rs2289367	acG	acA	T	T	214  	.   0.18	4fqnB   23  T
ENSP00000438035	 rs2289367	acG	acA	T	T	214  	.   0.18	4fqnC   14  T
ENSP00000438035	 rs2289367	acG	acA	T	T	214  	.   0.18	4fqnD    7  T
ENSP00000438035	 rs2289367	acG	acA	T	T	214  	.   0.18	4wj7A  115  A
ENSP00000438035	 rs2289367	acG	acA	T	T	214  	.   0.18	4wj7B  110  A
ENSP00000438035	 rs2289367	acG	acA	T	T	214  	.   0.18	4wj7C  108  A
ENSP00000438035	 rs2289367	acG	acA	T	T	214  	.   0.18	4wj7D  105  A
ENSP00000438035	 rs2289367	acG	acA	T	T	214  	.   0.18	4y5oA   13  T
ENSP00000438035	 rs2289367	acG	acA	T	T	214  	.   0.18	4ykcA   15  T
ENSP00000438035	 rs2289367	acG	acA	T	T	214  	.   0.18	4ykdA   13  T
ENSP00000438035	 rs2289367	acG	acA	T	T	214  	.   0.18	4yl6A   15  T
ENSP00000438063	 rs2228417	caC	caT	H	H	80   	.   0.01	1hurA   79  H
ENSP00000438063	 rs2228417	caC	caT	H	H	80   	.   0.01	1hurB   79  H
ENSP00000438063	 rs2228417	caC	caT	H	H	80   	.   0.01	1j2jA   65  H
ENSP00000438063	 rs2228417	caC	caT	H	H	80   	.   0.01	1o3yA   65  H
ENSP00000438063	 rs2228417	caC	caT	H	H	80   	.   0.01	1o3yB   65  H
ENSP00000438063	 rs2228417	caC	caT	H	H	80   	.   0.01	1r8qA   79  H
ENSP00000438063	 rs2228417	caC	caT	H	H	80   	.   0.01	1r8qC   79  H
ENSP00000438063	 rs2228417	caC	caT	H	H	80   	.   0.01	1r8sA   63  H
ENSP00000438063	 rs2228417	caC	caT	H	H	80   	.   0.01	1re0A   63  H
ENSP00000438063	 rs2228417	caC	caT	H	H	80   	.   0.01	1rrgA   76  H
ENSP00000438063	 rs2228417	caC	caT	H	H	80   	.   0.01	1rrgB   76  H
ENSP00000438063	 rs2228417	caC	caT	H	H	80   	.   0.01	1s9dA   57  H
ENSP00000438063	 rs2228417	caC	caT	H	H	80   	.   0.01	1u81A   63  H
ENSP00000438063	 rs2228417	caC	caT	H	H	80   	.   0.01	1z6xA   77  H
ENSP00000438063	 rs2228417	caC	caT	H	H	80   	.   0.01	1z6xB   77  H
ENSP00000438063	 rs2228417	caC	caT	H	H	80   	.   0.01	2a5dA   65  H
ENSP00000438063	 rs2228417	caC	caT	H	H	80   	.   0.01	2a5fA   65  H
ENSP00000438063	 rs2228417	caC	caT	H	H	80   	.   0.01	2a5gA   65  H
ENSP00000438063	 rs2228417	caC	caT	H	H	80   	.   0.01	2b6hA   71  H
ENSP00000438063	 rs2228417	caC	caT	H	H	80   	.   0.01	2j59A   65  H
ENSP00000438063	 rs2228417	caC	caT	H	H	80   	.   0.01	2j59B   65  H
ENSP00000438063	 rs2228417	caC	caT	H	H	80   	.   0.01	2j59C   65  H
ENSP00000438063	 rs2228417	caC	caT	H	H	80   	.   0.01	2j59D   65  H
ENSP00000438063	 rs2228417	caC	caT	H	H	80   	.   0.01	2j59E   65  H
ENSP00000438063	 rs2228417	caC	caT	H	H	80   	.   0.01	2j59F   65  H
ENSP00000438063	 rs2228417	caC	caT	H	H	80   	.   0.01	2j5xA   66  H
ENSP00000438063	 rs2228417	caC	caT	H	H	80   	.   0.01	2j5xB   66  H
ENSP00000438063	 rs2228417	caC	caT	H	H	80   	.   0.01	3aq4A   70  H
ENSP00000438063	 rs2228417	caC	caT	H	H	80   	.   0.01	3n5cA   49  H
ENSP00000438063	 rs2228417	caC	caT	H	H	80   	.   0.01	3n5cB   63  H
ENSP00000438063	 rs2228417	caC	caT	H	H	80   	.   0.01	3o47A  190  H
ENSP00000438063	 rs2228417	caC	caT	H	H	80   	.   0.01	3o47B  191  H
ENSP00000438063	 rs2228417	caC	caT	H	H	80   	.   0.01	3pcrB   61  H
ENSP00000438063	 rs2228417	caC	caT	H	H	80   	.   0.01	3tjzA   63  H
ENSP00000438063	 rs2228417	caC	caT	H	H	80   	.   0.01	3tjzD   63  H
ENSP00000438063	 rs2228417	caC	caT	H	H	80   	.   0.01	4c0aC   63  H
ENSP00000438063	 rs2228417	caC	caT	H	H	80   	.   0.01	4c0aD   63  H
ENSP00000438063	 rs2228417	caC	caT	H	H	80   	.   0.01	4c0aG   63  H
ENSP00000438063	 rs2228417	caC	caT	H	H	80   	.   0.01	4c0aH   62  H
ENSP00000438063	 rs2228417	caC	caT	H	H	80   	.   0.01	4fmeC   63  H
ENSP00000438063	 rs2228417	caC	caT	H	H	80   	.   0.01	4fmeF   63  H
ENSP00000438063	 rs2228417	caC	caT	H	H	80   	.   0.01	4hmyE   64  H
ENSP00000438063	 rs2228417	caC	caT	H	H	80   	.   0.01	4q66I   52  H
ENSP00000438063	 rs2228417	caC	caT	H	H	80   	.   0.01	4q66J   54  H
ENSP00000438063	 rs2228417	caC	caT	H	H	80   	.   0.01	4q66K   56  H
ENSP00000438063	 rs2228417	caC	caT	H	H	80   	.   0.01	4y0vA   68  H
ENSP00000438063	 rs2228417	caC	caT	H	H	80   	.   0.01	4ylgA   68  H
ENSP00000438063	 rs2228417	caC	caT	H	H	80   	.   0.01	5uf8A   64  Y
ENSP00000438063	 rs2228417	caC	caT	H	H	80   	.   0.01	5uf8B   62  Y
ENSP00000438063	 rs2228417	caC	caT	H	H	80   	.   0.01	5uf8C   64  Y
ENSP00000438063	 rs2228417	caC	caT	H	H	80   	.   0.01	5uf8D   63  Y
ENSP00000438063	 rs2228417	caC	caT	H	H	80   	.   0.01	6cm9D   64  H
ENSP00000438063	 rs2228417	caC	caT	H	H	80   	.   0.01	6cm9F   64  H
ENSP00000438063	 rs2228417	caC	caT	H	H	80   	.   0.01	6criC   64  H
ENSP00000438063	 rs2228417	caC	caT	H	H	80   	.   0.01	6criE   64  H
ENSP00000438063	 rs2228417	caC	caT	H	H	80   	.   0.01	6criK   64  H
ENSP00000438063	 rs2228417	caC	caT	H	H	80   	.   0.01	6criM   64  H
ENSP00000438063	 rs2228417	caC	caT	H	H	80   	.   0.01	6criS   64  H
ENSP00000438063	 rs2228417	caC	caT	H	H	80   	.   0.01	6criU   64  H
ENSP00000438063	 rs2228417	caC	caT	H	H	80   	.   0.01	6d83D   64  H
ENSP00000438063	 rs2228417	caC	caT	H	H	80   	.   0.01	6d83F   64  H
ENSP00000438063	 rs2228417	caC	caT	H	H	80   	.   0.01	6d84D   64  H
ENSP00000438063	 rs2228417	caC	caT	H	H	80   	.   0.01	6d84F   64  H
ENSP00000438063	 rs2228417	caC	caT	H	H	80   	.   0.01	6d84L   64  H
ENSP00000438063	 rs2228417	caC	caT	H	H	80   	.   0.01	6d84N   64  H
ENSP00000438063	 rs2228417	caC	caT	H	H	80   	.   0.01	6dffD   64  H
ENSP00000438063	 rs2228417	caC	caT	H	H	80   	.   0.01	6dffF   64  H
ENSP00000438063	 rs2228417	caC	caT	H	H	80   	.   0.01	6faeB   63  H
ENSP00000438178	 rs7908387	gaT	gaG	D	E	313  	.    0.4	3j8bA  273  D
ENSP00000438178	 rs7908387	gaT	gaG	D	E	313  	.    0.4	3j8cA  273  D
ENSP00000438178	 rs7908387	gaT	gaG	D	E	313  	.    0.4	5a5tA  307  D
ENSP00000438178	 rs7908387	gaT	gaC	D	D	313  	.    0.4	3j8bA  273  D
ENSP00000438178	 rs7908387	gaT	gaC	D	D	313  	.    0.4	3j8cA  273  D
ENSP00000438178	 rs7908387	gaT	gaC	D	D	313  	.    0.4	5a5tA  307  D
ENSP00000438244	  rs576601	Cct	Act	P	T	131  	.   0.02	4iopB   56  P
ENSP00000438296	 rs4646626	Gta	Ata	V	I	327  	.   0.23	1bi9A  329  I
ENSP00000438296	 rs4646626	Gta	Ata	V	I	327  	.   0.23	1bi9B  328  I
ENSP00000438296	 rs4646626	Gta	Ata	V	I	327  	.   0.23	1bi9C  329  I
ENSP00000438296	 rs4646626	Gta	Ata	V	I	327  	.   0.23	1bi9D  329  I
ENSP00000438296	 rs4646626	Gta	Ata	V	I	327  	.   0.23	4x2qA  323  V
ENSP00000438296	 rs4646626	Gta	Ata	V	I	327  	.   0.23	4x2qB  323  V
ENSP00000438296	 rs4646626	Gta	Ata	V	I	327  	.   0.23	4x2qC  323  V
ENSP00000438296	 rs4646626	Gta	Ata	V	I	327  	.   0.23	4x2qD  323  V
ENSP00000438296	 rs4646626	Gta	Ata	V	I	327  	.   0.23	6aljA  322  V
ENSP00000438296	 rs4646626	Gta	Ata	V	I	327  	.   0.23	6aljB  322  V
ENSP00000438296	 rs4646626	Gta	Ata	V	I	327  	.   0.23	6aljC  322  V
ENSP00000438296	 rs4646626	Gta	Ata	V	I	327  	.   0.23	6aljD  322  V
ENSP00000438296	 rs4646626	Gta	Ata	V	I	327  	.   0.23	6b5gA  322  V
ENSP00000438296	 rs4646626	Gta	Ata	V	I	327  	.   0.23	6b5gB  322  V
ENSP00000438296	 rs4646626	Gta	Ata	V	I	327  	.   0.23	6b5gC  322  V
ENSP00000438296	 rs4646626	Gta	Ata	V	I	327  	.   0.23	6b5gD  322  V
ENSP00000438296	 rs4646626	Gta	Ata	V	I	327  	.   0.23	6b5hA  322  V
ENSP00000438296	 rs4646626	Gta	Ata	V	I	327  	.   0.23	6b5hB  322  V
ENSP00000438296	 rs4646626	Gta	Ata	V	I	327  	.   0.23	6b5hC  322  V
ENSP00000438296	 rs4646626	Gta	Ata	V	I	327  	.   0.23	6b5hD  322  V
ENSP00000438296	 rs4646626	Gta	Ata	V	I	327  	.   0.23	6b5iA  322  V
ENSP00000438296	 rs4646626	Gta	Ata	V	I	327  	.   0.23	6b5iB  322  V
ENSP00000438296	 rs4646626	Gta	Ata	V	I	327  	.   0.23	6b5iC  322  V
ENSP00000438296	 rs4646626	Gta	Ata	V	I	327  	.   0.23	6b5iD  322  V
ENSP00000438296	 rs4474631	ccA	ccC	P	P	195  	.   0.48	1bi9A  197  P
ENSP00000438296	 rs4474631	ccA	ccC	P	P	195  	.   0.48	1bi9B  196  P
ENSP00000438296	 rs4474631	ccA	ccC	P	P	195  	.   0.48	1bi9C  197  P
ENSP00000438296	 rs4474631	ccA	ccC	P	P	195  	.   0.48	1bi9D  197  P
ENSP00000438296	 rs4474631	ccA	ccC	P	P	195  	.   0.48	4x2qA  191  P
ENSP00000438296	 rs4474631	ccA	ccC	P	P	195  	.   0.48	4x2qB  191  P
ENSP00000438296	 rs4474631	ccA	ccC	P	P	195  	.   0.48	4x2qC  191  P
ENSP00000438296	 rs4474631	ccA	ccC	P	P	195  	.   0.48	4x2qD  191  P
ENSP00000438296	 rs4474631	ccA	ccC	P	P	195  	.   0.48	6aljA  190  P
ENSP00000438296	 rs4474631	ccA	ccC	P	P	195  	.   0.48	6aljB  190  P
ENSP00000438296	 rs4474631	ccA	ccC	P	P	195  	.   0.48	6aljC  190  P
ENSP00000438296	 rs4474631	ccA	ccC	P	P	195  	.   0.48	6aljD  190  P
ENSP00000438296	 rs4474631	ccA	ccC	P	P	195  	.   0.48	6b5gA  190  P
ENSP00000438296	 rs4474631	ccA	ccC	P	P	195  	.   0.48	6b5gB  190  P
ENSP00000438296	 rs4474631	ccA	ccC	P	P	195  	.   0.48	6b5gC  190  P
ENSP00000438296	 rs4474631	ccA	ccC	P	P	195  	.   0.48	6b5gD  190  P
ENSP00000438296	 rs4474631	ccA	ccC	P	P	195  	.   0.48	6b5hA  190  P
ENSP00000438296	 rs4474631	ccA	ccC	P	P	195  	.   0.48	6b5hB  190  P
ENSP00000438296	 rs4474631	ccA	ccC	P	P	195  	.   0.48	6b5hC  190  P
ENSP00000438296	 rs4474631	ccA	ccC	P	P	195  	.   0.48	6b5hD  190  P
ENSP00000438296	 rs4474631	ccA	ccC	P	P	195  	.   0.48	6b5iA  190  P
ENSP00000438296	 rs4474631	ccA	ccC	P	P	195  	.   0.48	6b5iB  190  P
ENSP00000438296	 rs4474631	ccA	ccC	P	P	195  	.   0.48	6b5iC  190  P
ENSP00000438296	 rs4474631	ccA	ccC	P	P	195  	.   0.48	6b5iD  190  P
ENSP00000438296	rs16939660	gcA	gcG	A	A	130  	.   0.26	1bi9A  132  A
ENSP00000438296	rs16939660	gcA	gcG	A	A	130  	.   0.26	1bi9B  131  A
ENSP00000438296	rs16939660	gcA	gcG	A	A	130  	.   0.26	1bi9C  132  A
ENSP00000438296	rs16939660	gcA	gcG	A	A	130  	.   0.26	1bi9D  132  A
ENSP00000438296	rs16939660	gcA	gcG	A	A	130  	.   0.26	4x2qA  126  A
ENSP00000438296	rs16939660	gcA	gcG	A	A	130  	.   0.26	4x2qB  126  A
ENSP00000438296	rs16939660	gcA	gcG	A	A	130  	.   0.26	4x2qC  126  A
ENSP00000438296	rs16939660	gcA	gcG	A	A	130  	.   0.26	4x2qD  126  A
ENSP00000438296	rs16939660	gcA	gcG	A	A	130  	.   0.26	6aljA  125  A
ENSP00000438296	rs16939660	gcA	gcG	A	A	130  	.   0.26	6aljB  125  A
ENSP00000438296	rs16939660	gcA	gcG	A	A	130  	.   0.26	6aljC  125  A
ENSP00000438296	rs16939660	gcA	gcG	A	A	130  	.   0.26	6aljD  125  A
ENSP00000438296	rs16939660	gcA	gcG	A	A	130  	.   0.26	6b5gA  125  A
ENSP00000438296	rs16939660	gcA	gcG	A	A	130  	.   0.26	6b5gB  125  A
ENSP00000438296	rs16939660	gcA	gcG	A	A	130  	.   0.26	6b5gC  125  A
ENSP00000438296	rs16939660	gcA	gcG	A	A	130  	.   0.26	6b5gD  125  A
ENSP00000438296	rs16939660	gcA	gcG	A	A	130  	.   0.26	6b5hA  125  A
ENSP00000438296	rs16939660	gcA	gcG	A	A	130  	.   0.26	6b5hB  125  A
ENSP00000438296	rs16939660	gcA	gcG	A	A	130  	.   0.26	6b5hC  125  A
ENSP00000438296	rs16939660	gcA	gcG	A	A	130  	.   0.26	6b5hD  125  A
ENSP00000438296	rs16939660	gcA	gcG	A	A	130  	.   0.26	6b5iA  125  A
ENSP00000438296	rs16939660	gcA	gcG	A	A	130  	.   0.26	6b5iB  125  A
ENSP00000438296	rs16939660	gcA	gcG	A	A	130  	.   0.26	6b5iC  125  A
ENSP00000438296	rs16939660	gcA	gcG	A	A	130  	.   0.26	6b5iD  125  A
ENSP00000438313	rs11833299	Aca	Gca	T	A	25   	*   0.99	5g3qA   14  S
ENSP00000438313	rs11833299	Aca	Gca	T	A	25   	*   0.99	5g3qB   10  S
ENSP00000438326	 rs2307394	aAt	aGt	N	S	4    	.   0.03	5uj7B   62  N
ENSP00000438326	 rs2307394	aAt	aGt	N	S	4    	.   0.03	5uj7E   62  N
ENSP00000438326	 rs2307394	aAt	aGt	N	S	4    	.   0.03	5ujmD   62  N
ENSP00000438326	 rs2307394	aAt	aCt	N	T	4    	.   0.03	5uj7B   62  N
ENSP00000438326	 rs2307394	aAt	aCt	N	T	4    	.   0.03	5uj7E   62  N
ENSP00000438326	 rs2307394	aAt	aCt	N	T	4    	.   0.03	5ujmD   62  N
ENSP00000438510	 rs2228417	caC	caT	H	H	80   	.   0.01	1hurA   79  H
ENSP00000438510	 rs2228417	caC	caT	H	H	80   	.   0.01	1hurB   79  H
ENSP00000438510	 rs2228417	caC	caT	H	H	80   	.   0.01	1j2jA   65  H
ENSP00000438510	 rs2228417	caC	caT	H	H	80   	.   0.01	1o3yA   65  H
ENSP00000438510	 rs2228417	caC	caT	H	H	80   	.   0.01	1o3yB   65  H
ENSP00000438510	 rs2228417	caC	caT	H	H	80   	.   0.01	1r8qA   79  H
ENSP00000438510	 rs2228417	caC	caT	H	H	80   	.   0.01	1r8qC   79  H
ENSP00000438510	 rs2228417	caC	caT	H	H	80   	.   0.01	1r8sA   63  H
ENSP00000438510	 rs2228417	caC	caT	H	H	80   	.   0.01	1re0A   63  H
ENSP00000438510	 rs2228417	caC	caT	H	H	80   	.   0.01	1rrgA   76  H
ENSP00000438510	 rs2228417	caC	caT	H	H	80   	.   0.01	1rrgB   76  H
ENSP00000438510	 rs2228417	caC	caT	H	H	80   	.   0.01	1s9dA   57  H
ENSP00000438510	 rs2228417	caC	caT	H	H	80   	.   0.01	1u81A   63  H
ENSP00000438510	 rs2228417	caC	caT	H	H	80   	.   0.01	1z6xA   77  H
ENSP00000438510	 rs2228417	caC	caT	H	H	80   	.   0.01	1z6xB   77  H
ENSP00000438510	 rs2228417	caC	caT	H	H	80   	.   0.01	2b6hA   71  H
ENSP00000438510	 rs2228417	caC	caT	H	H	80   	.   0.01	2j59A   65  H
ENSP00000438510	 rs2228417	caC	caT	H	H	80   	.   0.01	2j59B   65  H
ENSP00000438510	 rs2228417	caC	caT	H	H	80   	.   0.01	2j59C   65  H
ENSP00000438510	 rs2228417	caC	caT	H	H	80   	.   0.01	2j59D   65  H
ENSP00000438510	 rs2228417	caC	caT	H	H	80   	.   0.01	2j59E   65  H
ENSP00000438510	 rs2228417	caC	caT	H	H	80   	.   0.01	2j59F   65  H
ENSP00000438510	 rs2228417	caC	caT	H	H	80   	.   0.01	3aq4A   70  H
ENSP00000438510	 rs2228417	caC	caT	H	H	80   	.   0.01	3o47A  190  H
ENSP00000438510	 rs2228417	caC	caT	H	H	80   	.   0.01	3o47B  191  H
ENSP00000438510	 rs2228417	caC	caT	H	H	80   	.   0.01	4c0aC   63  H
ENSP00000438510	 rs2228417	caC	caT	H	H	80   	.   0.01	4c0aD   63  H
ENSP00000438510	 rs2228417	caC	caT	H	H	80   	.   0.01	4c0aG   63  H
ENSP00000438510	 rs2228417	caC	caT	H	H	80   	.   0.01	4c0aH   62  H
ENSP00000438510	 rs2228417	caC	caT	H	H	80   	.   0.01	4hmyE   64  H
ENSP00000438510	 rs2228417	caC	caT	H	H	80   	.   0.01	4q66K   56  H
ENSP00000438510	 rs2228417	caC	caT	H	H	80   	.   0.01	4q66L   38  H
ENSP00000438510	 rs2228417	caC	caT	H	H	80   	.   0.01	5uf8A   64  Y
ENSP00000438510	 rs2228417	caC	caT	H	H	80   	.   0.01	5uf8B   62  Y
ENSP00000438510	 rs2228417	caC	caT	H	H	80   	.   0.01	5uf8C   64  Y
ENSP00000438510	 rs2228417	caC	caT	H	H	80   	.   0.01	5uf8D   63  Y
ENSP00000438510	 rs2228417	caC	caT	H	H	80   	.   0.01	6cm9D   64  H
ENSP00000438510	 rs2228417	caC	caT	H	H	80   	.   0.01	6cm9F   64  H
ENSP00000438510	 rs2228417	caC	caT	H	H	80   	.   0.01	6criC   64  H
ENSP00000438510	 rs2228417	caC	caT	H	H	80   	.   0.01	6criE   64  H
ENSP00000438510	 rs2228417	caC	caT	H	H	80   	.   0.01	6criK   64  H
ENSP00000438510	 rs2228417	caC	caT	H	H	80   	.   0.01	6criM   64  H
ENSP00000438510	 rs2228417	caC	caT	H	H	80   	.   0.01	6criS   64  H
ENSP00000438510	 rs2228417	caC	caT	H	H	80   	.   0.01	6criU   64  H
ENSP00000438510	 rs2228417	caC	caT	H	H	80   	.   0.01	6d83D   64  H
ENSP00000438510	 rs2228417	caC	caT	H	H	80   	.   0.01	6d83F   64  H
ENSP00000438510	 rs2228417	caC	caT	H	H	80   	.   0.01	6d84D   64  H
ENSP00000438510	 rs2228417	caC	caT	H	H	80   	.   0.01	6d84F   64  H
ENSP00000438510	 rs2228417	caC	caT	H	H	80   	.   0.01	6d84L   64  H
ENSP00000438510	 rs2228417	caC	caT	H	H	80   	.   0.01	6d84N   64  H
ENSP00000438510	 rs2228417	caC	caT	H	H	80   	.   0.01	6dffD   64  H
ENSP00000438510	 rs2228417	caC	caT	H	H	80   	.   0.01	6dffF   64  H
ENSP00000438510	 rs2228417	caC	caT	H	H	80   	.   0.01	6faeB   63  H
ENSP00000438588	 rs1950902	aAa	aGa	K	R	190  	.   0.04	1a4iA  133  R
ENSP00000438588	 rs1950902	aAa	aGa	K	R	190  	.   0.04	1a4iB  133  R
ENSP00000438588	 rs1950902	aAa	aGa	K	R	190  	.   0.04	1diaA  133  R
ENSP00000438588	 rs1950902	aAa	aGa	K	R	190  	.   0.04	1diaB  133  R
ENSP00000438588	 rs1950902	aAa	aGa	K	R	190  	.   0.04	1dibA  133  R
ENSP00000438588	 rs1950902	aAa	aGa	K	R	190  	.   0.04	1dibB  133  R
ENSP00000438588	 rs1950902	aAa	aGa	K	R	190  	.   0.04	1digA  133  R
ENSP00000438588	 rs1950902	aAa	aGa	K	R	190  	.   0.04	1digB  133  R
ENSP00000438778	    rs4807	aAa	aGa	K	R	211  	.   0.02	1x5dA   61  K
ENSP00000438778	    rs4807	aAa	aGa	K	R	211  	.   0.02	4gwrA   54  K
ENSP00000438778	    rs4807	aAa	aGa	K	R	211  	.   0.02	4gwrB   55  K
ENSP00000438778	    rs4758	tcG	tcA	S	S	30   	.   0.02	2dmlA   25  S
ENSP00000438778	    rs4758	tcG	tcA	S	S	30   	.   0.02	3vwwA    9  S
ENSP00000438778	    rs4758	tcG	tcA	S	S	30   	.   0.02	3vwwB    9  S
ENSP00000438778	    rs4758	tcG	tcA	S	S	30   	.   0.02	3w8jA   14  S
ENSP00000438778	    rs4758	tcG	tcA	S	S	30   	.   0.02	3w8jB   15  S
ENSP00000438778	    rs4758	tcG	tcA	S	S	30   	.   0.02	4ef0A    8  S
ENSP00000438778	    rs4758	tcG	tcA	S	S	30   	.   0.02	4ef0B    8  S
ENSP00000438805	 rs2967172	gaC	gaT	D	D	499  	.   0.08	5wdeA  157  D
ENSP00000438845	 rs8190976	Ggc	Agc	G	S	232  	.   0.04	1bwcA  171  G
ENSP00000438845	 rs8190976	Ggc	Agc	G	S	232  	.   0.04	1dncA  170  G
ENSP00000438845	 rs8190976	Ggc	Agc	G	S	232  	.   0.04	1graA  171  G
ENSP00000438845	 rs8190976	Ggc	Agc	G	S	232  	.   0.04	1grbA  171  G
ENSP00000438845	 rs8190976	Ggc	Agc	G	S	232  	.   0.04	1greA  171  G
ENSP00000438845	 rs8190976	Ggc	Agc	G	S	232  	.   0.04	1grfA  171  G
ENSP00000438845	 rs8190976	Ggc	Agc	G	S	232  	.   0.04	1grgA  170  G
ENSP00000438845	 rs8190976	Ggc	Agc	G	S	232  	.   0.04	1grhA  171  G
ENSP00000438845	 rs8190976	Ggc	Agc	G	S	232  	.   0.04	1grtA  172  G
ENSP00000438845	 rs8190976	Ggc	Agc	G	S	232  	.   0.04	1gsnA  170  G
ENSP00000438845	 rs8190976	Ggc	Agc	G	S	232  	.   0.04	1k4qA  171  G
ENSP00000438845	 rs8190976	Ggc	Agc	G	S	232  	.   0.04	1xanA  171  G
ENSP00000438845	 rs8190976	Ggc	Agc	G	S	232  	.   0.04	2aaqA  171  G
ENSP00000438845	 rs8190976	Ggc	Agc	G	S	232  	.   0.04	2gh5A  171  G
ENSP00000438845	 rs8190976	Ggc	Agc	G	S	232  	.   0.04	2gh5B  171  G
ENSP00000438845	 rs8190976	Ggc	Agc	G	S	232  	.   0.04	2grtA  171  G
ENSP00000438845	 rs8190976	Ggc	Agc	G	S	232  	.   0.04	3djgA  171  G
ENSP00000438845	 rs8190976	Ggc	Agc	G	S	232  	.   0.04	3djjA  172  G
ENSP00000438845	 rs8190976	Ggc	Agc	G	S	232  	.   0.04	3dk4A  172  G
ENSP00000438845	 rs8190976	Ggc	Agc	G	S	232  	.   0.04	3dk8A  172  G
ENSP00000438845	 rs8190976	Ggc	Agc	G	S	232  	.   0.04	3dk9A  172  G
ENSP00000438845	 rs8190976	Ggc	Agc	G	S	232  	.   0.04	3grsA  171  G
ENSP00000438845	 rs8190976	Ggc	Agc	G	S	232  	.   0.04	3grtA  171  G
ENSP00000438845	 rs8190976	Ggc	Agc	G	S	232  	.   0.04	3sqpA  171  G
ENSP00000438845	 rs8190976	Ggc	Agc	G	S	232  	.   0.04	3sqpB  171  G
ENSP00000438845	 rs8190976	Ggc	Agc	G	S	232  	.   0.04	4gr1A  171  G
ENSP00000438845	 rs8190976	Ggc	Agc	G	S	232  	.   0.04	4grtA  171  G
ENSP00000438845	 rs8190976	Ggc	Agc	G	S	232  	.   0.04	5grtA  171  G
ENSP00000438925	rs11053646	aaG	aaC	K	N	63   	.   0.01	1ypoA   26  K
ENSP00000438925	rs11053646	aaG	aaC	K	N	63   	.   0.01	1ypoB   27  K
ENSP00000438925	rs11053646	aaG	aaC	K	N	63   	.   0.01	1ypoC   27  K
ENSP00000438925	rs11053646	aaG	aaC	K	N	63   	.   0.01	1ypoD   26  K
ENSP00000438925	rs11053646	aaG	aaC	K	N	63   	.   0.01	1ypoE   26  K
ENSP00000438925	rs11053646	aaG	aaC	K	N	63   	.   0.01	1ypoF   27  K
ENSP00000438925	rs11053646	aaG	aaC	K	N	63   	.   0.01	1ypoG   27  K
ENSP00000438925	rs11053646	aaG	aaC	K	N	63   	.   0.01	1ypoH   26  K
ENSP00000438925	rs11053646	aaG	aaC	K	N	63   	.   0.01	1ypqA   28  K
ENSP00000438925	rs11053646	aaG	aaC	K	N	63   	.   0.01	1ypqB   32  K
ENSP00000438925	rs11053646	aaG	aaC	K	N	63   	.   0.01	1ypuA   28  K
ENSP00000438925	rs11053646	aaG	aaC	K	N	63   	.   0.01	1ypuB   32  K
ENSP00000438925	rs11053646	aaG	aaC	K	N	63   	.   0.01	1yxjA   25  K
ENSP00000438925	rs11053646	aaG	aaC	K	N	63   	.   0.01	1yxjB   25  K
ENSP00000438925	rs11053646	aaG	aaC	K	N	63   	.   0.01	1yxkA   27  K
ENSP00000438925	rs11053646	aaG	aaC	K	N	63   	.   0.01	1yxkB   32  K
ENSP00000438925	rs11053646	aaG	aaC	K	N	63   	.   0.01	3vlgA   25  K
ENSP00000438927	  rs582954	gaT	gaC	D	D	1723 	.   0.07	2ahsA  127  D
ENSP00000438927	  rs582954	gaT	gaC	D	D	1723 	.   0.07	2ahsB  121  D
ENSP00000438927	  rs582954	gaT	gaC	D	D	1723 	.   0.07	2h02A  129  D
ENSP00000438927	  rs582954	gaT	gaC	D	D	1723 	.   0.07	2h02B  130  D
ENSP00000438927	  rs582954	gaT	gaC	D	D	1723 	.   0.07	2h03A  131  D
ENSP00000438927	  rs582954	gaT	gaC	D	D	1723 	.   0.07	2h04A  130  D
ENSP00000438927	  rs582954	gaT	gaC	D	D	1723 	.   0.07	2hc1A  133  D
ENSP00000438927	  rs582954	gaT	gaC	D	D	1723 	.   0.07	2hc2A  133  D
ENSP00000438927	  rs582954	gaT	gaC	D	D	1723 	.   0.07	2i3rA  135  D
ENSP00000438927	  rs582954	gaT	gaC	D	D	1723 	.   0.07	2i3rB  129  D
ENSP00000438927	  rs582954	gaT	gaC	D	D	1723 	.   0.07	2i4eA  131  D
ENSP00000438927	  rs582954	gaT	gaC	D	D	1723 	.   0.07	2i4eB  130  D
ENSP00000438927	  rs582954	gaT	gaC	D	D	1723 	.   0.07	2i4gA  132  D
ENSP00000438927	  rs582954	gaT	gaC	D	D	1723 	.   0.07	2i4hA  130  D
ENSP00000438927	  rs582954	gaT	gaC	D	D	1723 	.   0.07	2i5xA  132  D
ENSP00000438927	  rs582954	gaT	gaC	D	D	1723 	.   0.07	2i5xB  131  D
ENSP00000438927	 rs3752703	tgC	tgT	C	C	1759 	.   0.26	2ahsA  163  C
ENSP00000438927	 rs3752703	tgC	tgT	C	C	1759 	.   0.26	2ahsB  157  C
ENSP00000438927	 rs3752703	tgC	tgT	C	C	1759 	.   0.26	2h02A  165  C
ENSP00000438927	 rs3752703	tgC	tgT	C	C	1759 	.   0.26	2h02B  166  C
ENSP00000438927	 rs3752703	tgC	tgT	C	C	1759 	.   0.26	2h03A  167  C
ENSP00000438927	 rs3752703	tgC	tgT	C	C	1759 	.   0.26	2h04A  166  C
ENSP00000438927	 rs3752703	tgC	tgT	C	C	1759 	.   0.26	2hc1A  169  C
ENSP00000438927	 rs3752703	tgC	tgT	C	C	1759 	.   0.26	2hc2A  169  C
ENSP00000438927	 rs3752703	tgC	tgT	C	C	1759 	.   0.26	2i3rA  171  C
ENSP00000438927	 rs3752703	tgC	tgT	C	C	1759 	.   0.26	2i3rB  165  C
ENSP00000438927	 rs3752703	tgC	tgT	C	C	1759 	.   0.26	2i3uA  155  C
ENSP00000438927	 rs3752703	tgC	tgT	C	C	1759 	.   0.26	2i4eA  167  C
ENSP00000438927	 rs3752703	tgC	tgT	C	C	1759 	.   0.26	2i4eB  166  C
ENSP00000438927	 rs3752703	tgC	tgT	C	C	1759 	.   0.26	2i4gA  168  C
ENSP00000438927	 rs3752703	tgC	tgT	C	C	1759 	.   0.26	2i4hA  166  C
ENSP00000438927	 rs3752703	tgC	tgT	C	C	1759 	.   0.26	2i5xA  168  C
ENSP00000438927	 rs3752703	tgC	tgT	C	C	1759 	.   0.26	2i5xB  167  C
ENSP00000438965	rs35008685	Gga	Aga	G	R	59   	.   0.21	1h2iA   36  G
ENSP00000438965	rs35008685	Gga	Aga	G	R	59   	.   0.21	1h2iB   36  G
ENSP00000438965	rs35008685	Gga	Aga	G	R	59   	.   0.21	1h2iC   36  G
ENSP00000438965	rs35008685	Gga	Aga	G	R	59   	.   0.21	1h2iD   36  G
ENSP00000438965	rs35008685	Gga	Aga	G	R	59   	.   0.21	1h2iE   36  G
ENSP00000438965	rs35008685	Gga	Aga	G	R	59   	.   0.21	1h2iF   36  G
ENSP00000438965	rs35008685	Gga	Aga	G	R	59   	.   0.21	1h2iG   36  G
ENSP00000438965	rs35008685	Gga	Aga	G	R	59   	.   0.21	1h2iH   36  G
ENSP00000438965	rs35008685	Gga	Aga	G	R	59   	.   0.21	1h2iI   36  G
ENSP00000438965	rs35008685	Gga	Aga	G	R	59   	.   0.21	1h2iJ   36  G
ENSP00000438965	rs35008685	Gga	Aga	G	R	59   	.   0.21	1h2iK   36  G
ENSP00000438965	rs35008685	Gga	Aga	G	R	59   	.   0.21	1h2iL   36  G
ENSP00000438965	rs35008685	Gga	Aga	G	R	59   	.   0.21	1h2iM   36  G
ENSP00000438965	rs35008685	Gga	Aga	G	R	59   	.   0.21	1h2iN   36  G
ENSP00000438965	rs35008685	Gga	Aga	G	R	59   	.   0.21	1h2iO   36  G
ENSP00000438965	rs35008685	Gga	Aga	G	R	59   	.   0.21	1h2iP   36  G
ENSP00000438965	rs35008685	Gga	Aga	G	R	59   	.   0.21	1h2iQ   36  G
ENSP00000438965	rs35008685	Gga	Aga	G	R	59   	.   0.21	1h2iR   36  G
ENSP00000438965	rs35008685	Gga	Aga	G	R	59   	.   0.21	1h2iS   36  G
ENSP00000438965	rs35008685	Gga	Aga	G	R	59   	.   0.21	1h2iT   36  G
ENSP00000438965	rs35008685	Gga	Aga	G	R	59   	.   0.21	1h2iU   36  G
ENSP00000438965	rs35008685	Gga	Aga	G	R	59   	.   0.21	1h2iV   36  G
ENSP00000438965	rs35008685	Gga	Aga	G	R	59   	.   0.21	1kn0A   35  G
ENSP00000438965	rs35008685	Gga	Aga	G	R	59   	.   0.21	1kn0B   35  G
ENSP00000438965	rs35008685	Gga	Aga	G	R	59   	.   0.21	1kn0C   35  G
ENSP00000438965	rs35008685	Gga	Aga	G	R	59   	.   0.21	1kn0D   35  G
ENSP00000438965	rs35008685	Gga	Aga	G	R	59   	.   0.21	1kn0E   35  G
ENSP00000438965	rs35008685	Gga	Aga	G	R	59   	.   0.21	1kn0F   35  G
ENSP00000438965	rs35008685	Gga	Aga	G	R	59   	.   0.21	1kn0G   35  G
ENSP00000438965	rs35008685	Gga	Aga	G	R	59   	.   0.21	1kn0H   35  G
ENSP00000438965	rs35008685	Gga	Aga	G	R	59   	.   0.21	1kn0I   35  G
ENSP00000438965	rs35008685	Gga	Aga	G	R	59   	.   0.21	1kn0J   35  G
ENSP00000438965	rs35008685	Gga	Aga	G	R	59   	.   0.21	1kn0K   35  G
ENSP00000438965	rs35008685	Gga	Aga	G	R	59   	.   0.21	5jrbA   35  G
ENSP00000438965	rs35008685	Gga	Aga	G	R	59   	.   0.21	5jrbB   35  G
ENSP00000438965	rs35008685	Gga	Aga	G	R	59   	.   0.21	5jrbC   35  G
ENSP00000438965	rs35008685	Gga	Aga	G	R	59   	.   0.21	5jrbD   35  G
ENSP00000438965	rs35008685	Gga	Aga	G	R	59   	.   0.21	5jrbE   35  G
ENSP00000438965	rs35008685	Gga	Aga	G	R	59   	.   0.21	5jrbF   35  G
ENSP00000438965	rs35008685	Gga	Aga	G	R	59   	.   0.21	5jrbG   35  G
ENSP00000438965	rs35008685	Gga	Aga	G	R	59   	.   0.21	5jrbH   35  G
ENSP00000438965	rs35008685	Gga	Aga	G	R	59   	.   0.21	5jrbI   35  G
ENSP00000438965	rs35008685	Gga	Aga	G	R	59   	.   0.21	5jrbJ   35  G
ENSP00000438965	rs35008685	Gga	Aga	G	R	59   	.   0.21	5jrbK   35  G
ENSP00000438965	rs35008685	Gga	Aga	G	R	59   	.   0.21	5xrzA   35  G
ENSP00000438965	rs35008685	Gga	Aga	G	R	59   	.   0.21	5xrzB   35  G
ENSP00000438965	rs35008685	Gga	Aga	G	R	59   	.   0.21	5xrzC   35  G
ENSP00000438965	rs35008685	Gga	Aga	G	R	59   	.   0.21	5xrzD   35  G
ENSP00000438965	rs35008685	Gga	Aga	G	R	59   	.   0.21	5xrzE   35  G
ENSP00000438965	rs35008685	Gga	Aga	G	R	59   	.   0.21	5xrzF   35  G
ENSP00000438965	rs35008685	Gga	Aga	G	R	59   	.   0.21	5xrzG   35  G
ENSP00000438965	rs35008685	Gga	Aga	G	R	59   	.   0.21	5xrzH   35  G
ENSP00000438965	rs35008685	Gga	Aga	G	R	59   	.   0.21	5xrzI   35  G
ENSP00000438965	rs35008685	Gga	Aga	G	R	59   	.   0.21	5xrzJ   35  G
ENSP00000438965	rs35008685	Gga	Aga	G	R	59   	.   0.21	5xrzK   35  G
ENSP00000438965	rs35008685	Gga	Aga	G	R	59   	.   0.21	5xs0A   35  G
ENSP00000438965	rs35008685	Gga	Aga	G	R	59   	.   0.21	5xs0C   35  G
ENSP00000438965	rs35008685	Gga	Aga	G	R	59   	.   0.21	5xs0D   35  G
ENSP00000438965	rs35008685	Gga	Aga	G	R	59   	.   0.21	5xs0E   35  G
ENSP00000438965	rs35008685	Gga	Aga	G	R	59   	.   0.21	5xs0F   35  G
ENSP00000438965	rs35008685	Gga	Aga	G	R	59   	.   0.21	5xs0G   35  G
ENSP00000438965	rs35008685	Gga	Aga	G	R	59   	.   0.21	5xs0H   35  G
ENSP00000438965	rs35008685	Gga	Aga	G	R	59   	.   0.21	5xs0I   35  G
ENSP00000438965	rs35008685	Gga	Aga	G	R	59   	.   0.21	5xs0J   35  G
ENSP00000438965	rs35008685	Gga	Aga	G	R	59   	.   0.21	5xs0K   35  G
ENSP00000438965	rs35008685	Gga	Aga	G	R	59   	.   0.21	5xs0L   35  G
ENSP00000438965	rs35008685	Gga	Aga	G	R	59   	.   0.21	5xs0N   35  G
ENSP00000438965	rs35008685	Gga	Aga	G	R	59   	.   0.21	5xs0O   35  G
ENSP00000438965	rs35008685	Gga	Aga	G	R	59   	.   0.21	5xs0P   35  G
ENSP00000438965	rs35008685	Gga	Aga	G	R	59   	.   0.21	5xs0Q   35  G
ENSP00000438965	rs35008685	Gga	Aga	G	R	59   	.   0.21	5xs0R   35  G
ENSP00000438965	rs35008685	Gga	Aga	G	R	59   	.   0.21	5xs0S   35  G
ENSP00000438965	rs35008685	Gga	Aga	G	R	59   	.   0.21	5xs0T   35  G
ENSP00000438965	rs35008685	Gga	Aga	G	R	59   	.   0.21	5xs0U   35  G
ENSP00000438965	rs35008685	Gga	Aga	G	R	59   	.   0.21	5xs0V   35  G
ENSP00000438966	  rs741761	caA	caT	Q	H	501  	.   0.02	3nvqA  470  Q
ENSP00000438966	  rs741761	caA	caT	Q	H	501  	.   0.02	3nvqC  470  Q
ENSP00000438966	  rs741761	caA	caG	Q	Q	501  	.   0.02	3nvqA  470  Q
ENSP00000438966	  rs741761	caA	caG	Q	Q	501  	.   0.02	3nvqC  470  Q
ENSP00000438995	 rs4646487	Cgg	Tgg	R	W	10   	.   0.01	6c93A  148  C
ENSP00000438995	 rs4646487	Cgg	Tgg	R	W	10   	.   0.01	6c94A  150  C
ENSP00000439036	 rs3745758	gaG	gaA	E	E	368  	.   0.04	2qptA  442  E
ENSP00000439036	 rs3745758	gaG	gaA	E	E	368  	.   0.04	4cidA  446  E
ENSP00000439191	 rs5746129	Cgg	Tgg	R	W	110  	.    0.4	1ap5A  132  R
ENSP00000439191	 rs5746129	Cgg	Tgg	R	W	110  	.    0.4	1ap5B  132  R
ENSP00000439191	 rs5746129	Cgg	Tgg	R	W	110  	.    0.4	1ap6A  132  R
ENSP00000439191	 rs5746129	Cgg	Tgg	R	W	110  	.    0.4	1ap6B  132  R
ENSP00000439191	 rs5746129	Cgg	Tgg	R	W	110  	.    0.4	1em1A  132  R
ENSP00000439191	 rs5746129	Cgg	Tgg	R	W	110  	.    0.4	1em1B  132  R
ENSP00000439191	 rs5746129	Cgg	Tgg	R	W	110  	.    0.4	1ja8A  132  R
ENSP00000439191	 rs5746129	Cgg	Tgg	R	W	110  	.    0.4	1ja8B  132  R
ENSP00000439191	 rs5746129	Cgg	Tgg	R	W	110  	.    0.4	1luvA  132  R
ENSP00000439191	 rs5746129	Cgg	Tgg	R	W	110  	.    0.4	1luvB  132  R
ENSP00000439191	 rs5746129	Cgg	Tgg	R	W	110  	.    0.4	1luwA  132  R
ENSP00000439191	 rs5746129	Cgg	Tgg	R	W	110  	.    0.4	1luwB  132  R
ENSP00000439191	 rs5746129	Cgg	Tgg	R	W	110  	.    0.4	1msdA  132  R
ENSP00000439191	 rs5746129	Cgg	Tgg	R	W	110  	.    0.4	1msdB  132  R
ENSP00000439191	 rs5746129	Cgg	Tgg	R	W	110  	.    0.4	1n0jA  132  R
ENSP00000439191	 rs5746129	Cgg	Tgg	R	W	110  	.    0.4	1n0jB  132  R
ENSP00000439191	 rs5746129	Cgg	Tgg	R	W	110  	.    0.4	1n0nA  132  R
ENSP00000439191	 rs5746129	Cgg	Tgg	R	W	110  	.    0.4	1n0nB  132  R
ENSP00000439191	 rs5746129	Cgg	Tgg	R	W	110  	.    0.4	1pl4A  132  R
ENSP00000439191	 rs5746129	Cgg	Tgg	R	W	110  	.    0.4	1pl4B  132  R
ENSP00000439191	 rs5746129	Cgg	Tgg	R	W	110  	.    0.4	1pl4C  132  R
ENSP00000439191	 rs5746129	Cgg	Tgg	R	W	110  	.    0.4	1pl4D  132  R
ENSP00000439191	 rs5746129	Cgg	Tgg	R	W	110  	.    0.4	1pm9A  132  R
ENSP00000439191	 rs5746129	Cgg	Tgg	R	W	110  	.    0.4	1pm9B  132  R
ENSP00000439191	 rs5746129	Cgg	Tgg	R	W	110  	.    0.4	1qnmA  132  R
ENSP00000439191	 rs5746129	Cgg	Tgg	R	W	110  	.    0.4	1qnmB  132  R
ENSP00000439191	 rs5746129	Cgg	Tgg	R	W	110  	.    0.4	1szxA  132  R
ENSP00000439191	 rs5746129	Cgg	Tgg	R	W	110  	.    0.4	1szxB  132  R
ENSP00000439191	 rs5746129	Cgg	Tgg	R	W	110  	.    0.4	1varA  132  R
ENSP00000439191	 rs5746129	Cgg	Tgg	R	W	110  	.    0.4	1varB  132  R
ENSP00000439191	 rs5746129	Cgg	Tgg	R	W	110  	.    0.4	1xdcA  128  R
ENSP00000439191	 rs5746129	Cgg	Tgg	R	W	110  	.    0.4	1xdcB  128  R
ENSP00000439191	 rs5746129	Cgg	Tgg	R	W	110  	.    0.4	1xilA  129  R
ENSP00000439191	 rs5746129	Cgg	Tgg	R	W	110  	.    0.4	1xilB  129  R
ENSP00000439191	 rs5746129	Cgg	Tgg	R	W	110  	.    0.4	1zspA  132  R
ENSP00000439191	 rs5746129	Cgg	Tgg	R	W	110  	.    0.4	1zspB  132  R
ENSP00000439191	 rs5746129	Cgg	Tgg	R	W	110  	.    0.4	1zteA  132  R
ENSP00000439191	 rs5746129	Cgg	Tgg	R	W	110  	.    0.4	1zteB  132  R
ENSP00000439191	 rs5746129	Cgg	Tgg	R	W	110  	.    0.4	1zteC  132  R
ENSP00000439191	 rs5746129	Cgg	Tgg	R	W	110  	.    0.4	1zteD  132  R
ENSP00000439191	 rs5746129	Cgg	Tgg	R	W	110  	.    0.4	1zuqA  132  R
ENSP00000439191	 rs5746129	Cgg	Tgg	R	W	110  	.    0.4	1zuqB  132  R
ENSP00000439191	 rs5746129	Cgg	Tgg	R	W	110  	.    0.4	2adpA  131  R
ENSP00000439191	 rs5746129	Cgg	Tgg	R	W	110  	.    0.4	2adqA  132  R
ENSP00000439191	 rs5746129	Cgg	Tgg	R	W	110  	.    0.4	2gdsA  132  R
ENSP00000439191	 rs5746129	Cgg	Tgg	R	W	110  	.    0.4	2gdsB  132  R
ENSP00000439191	 rs5746129	Cgg	Tgg	R	W	110  	.    0.4	2gdsC  132  R
ENSP00000439191	 rs5746129	Cgg	Tgg	R	W	110  	.    0.4	2gdsD  132  R
ENSP00000439191	 rs5746129	Cgg	Tgg	R	W	110  	.    0.4	2p4kA  132  R
ENSP00000439191	 rs5746129	Cgg	Tgg	R	W	110  	.    0.4	2p4kB  132  R
ENSP00000439191	 rs5746129	Cgg	Tgg	R	W	110  	.    0.4	2p4kC  132  R
ENSP00000439191	 rs5746129	Cgg	Tgg	R	W	110  	.    0.4	2p4kD  132  R
ENSP00000439191	 rs5746129	Cgg	Tgg	R	W	110  	.    0.4	2qkaA  132  R
ENSP00000439191	 rs5746129	Cgg	Tgg	R	W	110  	.    0.4	2qkaB  132  R
ENSP00000439191	 rs5746129	Cgg	Tgg	R	W	110  	.    0.4	2qkcA  132  R
ENSP00000439191	 rs5746129	Cgg	Tgg	R	W	110  	.    0.4	2qkcB  132  R
ENSP00000439191	 rs5746129	Cgg	Tgg	R	W	110  	.    0.4	3c3sA  132  R
ENSP00000439191	 rs5746129	Cgg	Tgg	R	W	110  	.    0.4	3c3sB  132  R
ENSP00000439191	 rs5746129	Cgg	Tgg	R	W	110  	.    0.4	3c3tA  132  R
ENSP00000439191	 rs5746129	Cgg	Tgg	R	W	110  	.    0.4	3c3tB  132  R
ENSP00000439191	 rs5746129	Cgg	Tgg	R	W	110  	.    0.4	5gxoA  131  R
ENSP00000439191	 rs5746129	Cgg	Tgg	R	W	110  	.    0.4	5gxoB  131  R
ENSP00000439191	 rs5746129	Cgg	Tgg	R	W	110  	.    0.4	5t30A  133  R
ENSP00000439191	 rs5746129	Cgg	Tgg	R	W	110  	.    0.4	5t30B  133  R
ENSP00000439191	 rs5746129	Cgg	Tgg	R	W	110  	.    0.4	5vf9A  133  R
ENSP00000439191	 rs5746129	Cgg	Tgg	R	W	110  	.    0.4	5vf9B  133  R
ENSP00000439191	 rs1141718	aTa	aCa	I	T	36   	.   0.01	1ap5A   58  I
ENSP00000439191	 rs1141718	aTa	aCa	I	T	36   	.   0.01	1ap5B   58  I
ENSP00000439191	 rs1141718	aTa	aCa	I	T	36   	.   0.01	1ap6A   58  I
ENSP00000439191	 rs1141718	aTa	aCa	I	T	36   	.   0.01	1ap6B   58  I
ENSP00000439191	 rs1141718	aTa	aCa	I	T	36   	.   0.01	1em1A   58  I
ENSP00000439191	 rs1141718	aTa	aCa	I	T	36   	.   0.01	1em1B   58  I
ENSP00000439191	 rs1141718	aTa	aCa	I	T	36   	.   0.01	1ja8A   58  I
ENSP00000439191	 rs1141718	aTa	aCa	I	T	36   	.   0.01	1ja8B   58  I
ENSP00000439191	 rs1141718	aTa	aCa	I	T	36   	.   0.01	1luvA   58  I
ENSP00000439191	 rs1141718	aTa	aCa	I	T	36   	.   0.01	1luvB   58  I
ENSP00000439191	 rs1141718	aTa	aCa	I	T	36   	.   0.01	1luwA   58  I
ENSP00000439191	 rs1141718	aTa	aCa	I	T	36   	.   0.01	1luwB   58  I
ENSP00000439191	 rs1141718	aTa	aCa	I	T	36   	.   0.01	1msdA   58  I
ENSP00000439191	 rs1141718	aTa	aCa	I	T	36   	.   0.01	1msdB   58  I
ENSP00000439191	 rs1141718	aTa	aCa	I	T	36   	.   0.01	1n0jA   58  I
ENSP00000439191	 rs1141718	aTa	aCa	I	T	36   	.   0.01	1n0jB   58  I
ENSP00000439191	 rs1141718	aTa	aCa	I	T	36   	.   0.01	1n0nA   58  I
ENSP00000439191	 rs1141718	aTa	aCa	I	T	36   	.   0.01	1n0nB   58  I
ENSP00000439191	 rs1141718	aTa	aCa	I	T	36   	.   0.01	1pl4A   58  I
ENSP00000439191	 rs1141718	aTa	aCa	I	T	36   	.   0.01	1pl4B   58  I
ENSP00000439191	 rs1141718	aTa	aCa	I	T	36   	.   0.01	1pl4C   58  I
ENSP00000439191	 rs1141718	aTa	aCa	I	T	36   	.   0.01	1pl4D   58  I
ENSP00000439191	 rs1141718	aTa	aCa	I	T	36   	.   0.01	1pm9A   58  I
ENSP00000439191	 rs1141718	aTa	aCa	I	T	36   	.   0.01	1pm9B   58  I
ENSP00000439191	 rs1141718	aTa	aCa	I	T	36   	.   0.01	1qnmA   58  I
ENSP00000439191	 rs1141718	aTa	aCa	I	T	36   	.   0.01	1qnmB   58  I
ENSP00000439191	 rs1141718	aTa	aCa	I	T	36   	.   0.01	1szxA   58  I
ENSP00000439191	 rs1141718	aTa	aCa	I	T	36   	.   0.01	1szxB   58  I
ENSP00000439191	 rs1141718	aTa	aCa	I	T	36   	.   0.01	1varA   58  T
ENSP00000439191	 rs1141718	aTa	aCa	I	T	36   	.   0.01	1varB   58  T
ENSP00000439191	 rs1141718	aTa	aCa	I	T	36   	.   0.01	1xdcA   54  I
ENSP00000439191	 rs1141718	aTa	aCa	I	T	36   	.   0.01	1xdcB   54  I
ENSP00000439191	 rs1141718	aTa	aCa	I	T	36   	.   0.01	1xilA   55  I
ENSP00000439191	 rs1141718	aTa	aCa	I	T	36   	.   0.01	1xilB   55  I
ENSP00000439191	 rs1141718	aTa	aCa	I	T	36   	.   0.01	1zspA   58  I
ENSP00000439191	 rs1141718	aTa	aCa	I	T	36   	.   0.01	1zspB   58  I
ENSP00000439191	 rs1141718	aTa	aCa	I	T	36   	.   0.01	1zteA   58  I
ENSP00000439191	 rs1141718	aTa	aCa	I	T	36   	.   0.01	1zteB   58  I
ENSP00000439191	 rs1141718	aTa	aCa	I	T	36   	.   0.01	1zteC   58  I
ENSP00000439191	 rs1141718	aTa	aCa	I	T	36   	.   0.01	1zteD   58  I
ENSP00000439191	 rs1141718	aTa	aCa	I	T	36   	.   0.01	1zuqA   58  I
ENSP00000439191	 rs1141718	aTa	aCa	I	T	36   	.   0.01	1zuqB   58  I
ENSP00000439191	 rs1141718	aTa	aCa	I	T	36   	.   0.01	2adpA   57  I
ENSP00000439191	 rs1141718	aTa	aCa	I	T	36   	.   0.01	2adqA   58  I
ENSP00000439191	 rs1141718	aTa	aCa	I	T	36   	.   0.01	2gdsA   58  I
ENSP00000439191	 rs1141718	aTa	aCa	I	T	36   	.   0.01	2gdsB   58  I
ENSP00000439191	 rs1141718	aTa	aCa	I	T	36   	.   0.01	2gdsC   58  I
ENSP00000439191	 rs1141718	aTa	aCa	I	T	36   	.   0.01	2gdsD   58  I
ENSP00000439191	 rs1141718	aTa	aCa	I	T	36   	.   0.01	2p4kA   58  I
ENSP00000439191	 rs1141718	aTa	aCa	I	T	36   	.   0.01	2p4kB   58  I
ENSP00000439191	 rs1141718	aTa	aCa	I	T	36   	.   0.01	2p4kC   58  I
ENSP00000439191	 rs1141718	aTa	aCa	I	T	36   	.   0.01	2p4kD   58  I
ENSP00000439191	 rs1141718	aTa	aCa	I	T	36   	.   0.01	2qkaA   58  I
ENSP00000439191	 rs1141718	aTa	aCa	I	T	36   	.   0.01	2qkaB   58  I
ENSP00000439191	 rs1141718	aTa	aCa	I	T	36   	.   0.01	2qkcA   58  I
ENSP00000439191	 rs1141718	aTa	aCa	I	T	36   	.   0.01	2qkcB   58  I
ENSP00000439191	 rs1141718	aTa	aCa	I	T	36   	.   0.01	3c3sA   58  I
ENSP00000439191	 rs1141718	aTa	aCa	I	T	36   	.   0.01	3c3sB   58  I
ENSP00000439191	 rs1141718	aTa	aCa	I	T	36   	.   0.01	3c3tA   58  I
ENSP00000439191	 rs1141718	aTa	aCa	I	T	36   	.   0.01	3c3tB   58  I
ENSP00000439191	 rs1141718	aTa	aCa	I	T	36   	.   0.01	5gxoA   57  I
ENSP00000439191	 rs1141718	aTa	aCa	I	T	36   	.   0.01	5gxoB   57  I
ENSP00000439191	 rs1141718	aTa	aCa	I	T	36   	.   0.01	5t30A   59  I
ENSP00000439191	 rs1141718	aTa	aCa	I	T	36   	.   0.01	5t30B   59  I
ENSP00000439191	 rs1141718	aTa	aCa	I	T	36   	.   0.01	5vf9A   59  I
ENSP00000439191	 rs1141718	aTa	aCa	I	T	36   	.   0.01	5vf9B   59  I
ENSP00000439191	 rs4987023	Gga	Aga	G	R	30   	.   0.04	1ap5A   52  G
ENSP00000439191	 rs4987023	Gga	Aga	G	R	30   	.   0.04	1ap5B   52  G
ENSP00000439191	 rs4987023	Gga	Aga	G	R	30   	.   0.04	1ap6A   52  G
ENSP00000439191	 rs4987023	Gga	Aga	G	R	30   	.   0.04	1ap6B   52  G
ENSP00000439191	 rs4987023	Gga	Aga	G	R	30   	.   0.04	1em1A   52  G
ENSP00000439191	 rs4987023	Gga	Aga	G	R	30   	.   0.04	1em1B   52  G
ENSP00000439191	 rs4987023	Gga	Aga	G	R	30   	.   0.04	1ja8A   52  G
ENSP00000439191	 rs4987023	Gga	Aga	G	R	30   	.   0.04	1ja8B   52  G
ENSP00000439191	 rs4987023	Gga	Aga	G	R	30   	.   0.04	1luvA   52  G
ENSP00000439191	 rs4987023	Gga	Aga	G	R	30   	.   0.04	1luvB   52  G
ENSP00000439191	 rs4987023	Gga	Aga	G	R	30   	.   0.04	1luwA   52  G
ENSP00000439191	 rs4987023	Gga	Aga	G	R	30   	.   0.04	1luwB   52  G
ENSP00000439191	 rs4987023	Gga	Aga	G	R	30   	.   0.04	1msdA   52  G
ENSP00000439191	 rs4987023	Gga	Aga	G	R	30   	.   0.04	1msdB   52  G
ENSP00000439191	 rs4987023	Gga	Aga	G	R	30   	.   0.04	1n0jA   52  G
ENSP00000439191	 rs4987023	Gga	Aga	G	R	30   	.   0.04	1n0jB   52  G
ENSP00000439191	 rs4987023	Gga	Aga	G	R	30   	.   0.04	1n0nA   52  G
ENSP00000439191	 rs4987023	Gga	Aga	G	R	30   	.   0.04	1n0nB   52  G
ENSP00000439191	 rs4987023	Gga	Aga	G	R	30   	.   0.04	1pl4A   52  G
ENSP00000439191	 rs4987023	Gga	Aga	G	R	30   	.   0.04	1pl4B   52  G
ENSP00000439191	 rs4987023	Gga	Aga	G	R	30   	.   0.04	1pl4C   52  G
ENSP00000439191	 rs4987023	Gga	Aga	G	R	30   	.   0.04	1pl4D   52  G
ENSP00000439191	 rs4987023	Gga	Aga	G	R	30   	.   0.04	1pm9A   52  G
ENSP00000439191	 rs4987023	Gga	Aga	G	R	30   	.   0.04	1pm9B   52  G
ENSP00000439191	 rs4987023	Gga	Aga	G	R	30   	.   0.04	1qnmA   52  G
ENSP00000439191	 rs4987023	Gga	Aga	G	R	30   	.   0.04	1qnmB   52  G
ENSP00000439191	 rs4987023	Gga	Aga	G	R	30   	.   0.04	1szxA   52  G
ENSP00000439191	 rs4987023	Gga	Aga	G	R	30   	.   0.04	1szxB   52  G
ENSP00000439191	 rs4987023	Gga	Aga	G	R	30   	.   0.04	1varA   52  G
ENSP00000439191	 rs4987023	Gga	Aga	G	R	30   	.   0.04	1varB   52  G
ENSP00000439191	 rs4987023	Gga	Aga	G	R	30   	.   0.04	1xdcA   48  G
ENSP00000439191	 rs4987023	Gga	Aga	G	R	30   	.   0.04	1xdcB   48  G
ENSP00000439191	 rs4987023	Gga	Aga	G	R	30   	.   0.04	1xilA   49  G
ENSP00000439191	 rs4987023	Gga	Aga	G	R	30   	.   0.04	1xilB   49  G
ENSP00000439191	 rs4987023	Gga	Aga	G	R	30   	.   0.04	1zspA   52  G
ENSP00000439191	 rs4987023	Gga	Aga	G	R	30   	.   0.04	1zspB   52  G
ENSP00000439191	 rs4987023	Gga	Aga	G	R	30   	.   0.04	1zteA   52  G
ENSP00000439191	 rs4987023	Gga	Aga	G	R	30   	.   0.04	1zteB   52  G
ENSP00000439191	 rs4987023	Gga	Aga	G	R	30   	.   0.04	1zteC   52  G
ENSP00000439191	 rs4987023	Gga	Aga	G	R	30   	.   0.04	1zteD   52  G
ENSP00000439191	 rs4987023	Gga	Aga	G	R	30   	.   0.04	1zuqA   52  G
ENSP00000439191	 rs4987023	Gga	Aga	G	R	30   	.   0.04	1zuqB   52  G
ENSP00000439191	 rs4987023	Gga	Aga	G	R	30   	.   0.04	2adpA   51  G
ENSP00000439191	 rs4987023	Gga	Aga	G	R	30   	.   0.04	2adqA   52  G
ENSP00000439191	 rs4987023	Gga	Aga	G	R	30   	.   0.04	2gdsA   52  G
ENSP00000439191	 rs4987023	Gga	Aga	G	R	30   	.   0.04	2gdsB   52  G
ENSP00000439191	 rs4987023	Gga	Aga	G	R	30   	.   0.04	2gdsC   52  G
ENSP00000439191	 rs4987023	Gga	Aga	G	R	30   	.   0.04	2gdsD   52  G
ENSP00000439191	 rs4987023	Gga	Aga	G	R	30   	.   0.04	2p4kA   52  G
ENSP00000439191	 rs4987023	Gga	Aga	G	R	30   	.   0.04	2p4kB   52  G
ENSP00000439191	 rs4987023	Gga	Aga	G	R	30   	.   0.04	2p4kC   52  G
ENSP00000439191	 rs4987023	Gga	Aga	G	R	30   	.   0.04	2p4kD   52  G
ENSP00000439191	 rs4987023	Gga	Aga	G	R	30   	.   0.04	2qkaA   52  G
ENSP00000439191	 rs4987023	Gga	Aga	G	R	30   	.   0.04	2qkaB   52  G
ENSP00000439191	 rs4987023	Gga	Aga	G	R	30   	.   0.04	2qkcA   52  G
ENSP00000439191	 rs4987023	Gga	Aga	G	R	30   	.   0.04	2qkcB   52  G
ENSP00000439191	 rs4987023	Gga	Aga	G	R	30   	.   0.04	3c3sA   52  G
ENSP00000439191	 rs4987023	Gga	Aga	G	R	30   	.   0.04	3c3sB   52  G
ENSP00000439191	 rs4987023	Gga	Aga	G	R	30   	.   0.04	3c3tA   52  G
ENSP00000439191	 rs4987023	Gga	Aga	G	R	30   	.   0.04	3c3tB   52  G
ENSP00000439191	 rs4987023	Gga	Aga	G	R	30   	.   0.04	5gxoA   51  G
ENSP00000439191	 rs4987023	Gga	Aga	G	R	30   	.   0.04	5gxoB   51  G
ENSP00000439191	 rs4987023	Gga	Aga	G	R	30   	.   0.04	5t30A   53  G
ENSP00000439191	 rs4987023	Gga	Aga	G	R	30   	.   0.04	5t30B   53  G
ENSP00000439191	 rs4987023	Gga	Aga	G	R	30   	.   0.04	5vf9A   53  G
ENSP00000439191	 rs4987023	Gga	Aga	G	R	30   	.   0.04	5vf9B   53  G
ENSP00000439251	rs11053646	aaG	aaC	K	N	167  	.   0.07	1ypoA   26  K
ENSP00000439251	rs11053646	aaG	aaC	K	N	167  	.   0.07	1ypoB   27  K
ENSP00000439251	rs11053646	aaG	aaC	K	N	167  	.   0.07	1ypoC   27  K
ENSP00000439251	rs11053646	aaG	aaC	K	N	167  	.   0.07	1ypoD   26  K
ENSP00000439251	rs11053646	aaG	aaC	K	N	167  	.   0.07	1ypoE   26  K
ENSP00000439251	rs11053646	aaG	aaC	K	N	167  	.   0.07	1ypoF   27  K
ENSP00000439251	rs11053646	aaG	aaC	K	N	167  	.   0.07	1ypoG   27  K
ENSP00000439251	rs11053646	aaG	aaC	K	N	167  	.   0.07	1ypoH   26  K
ENSP00000439251	rs11053646	aaG	aaC	K	N	167  	.   0.07	1ypqA   28  K
ENSP00000439251	rs11053646	aaG	aaC	K	N	167  	.   0.07	1ypqB   32  K
ENSP00000439251	rs11053646	aaG	aaC	K	N	167  	.   0.07	1ypuA   28  K
ENSP00000439251	rs11053646	aaG	aaC	K	N	167  	.   0.07	1ypuB   32  K
ENSP00000439251	rs11053646	aaG	aaC	K	N	167  	.   0.07	1yxjA   25  K
ENSP00000439251	rs11053646	aaG	aaC	K	N	167  	.   0.07	1yxjB   25  K
ENSP00000439251	rs11053646	aaG	aaC	K	N	167  	.   0.07	1yxkA   27  K
ENSP00000439251	rs11053646	aaG	aaC	K	N	167  	.   0.07	1yxkB   32  K
ENSP00000439251	rs11053646	aaG	aaC	K	N	167  	.   0.07	3vlgA   25  K
ENSP00000439350	 rs2295298	acT	acC	T	T	639  	.   0.05	2yrpA   30  T
ENSP00000439367	 rs3204145	Tgt	Cgt	C	R	723  	.   0.01	5cqrA  340  C
ENSP00000439367	 rs3204145	Tgt	Agt	C	S	723  	.   0.01	5cqrA  340  C
ENSP00000439367	 rs2230793	Ata	Cta	I	L	467  	.   0.08	5cqrA   87  I
ENSP00000439420	 rs2629639	gcG	gcA	A	A	115  	.   0.02	5hr5A   89  A
ENSP00000439420	 rs2629639	gcG	gcA	A	A	115  	.   0.02	5htkA   85  A
ENSP00000439420	 rs2629639	gcG	gcA	A	A	115  	.   0.02	5htkB   85  A
ENSP00000439420	 rs2629639	gcG	gcC	A	A	115  	.   0.02	5hr5A   89  A
ENSP00000439420	 rs2629639	gcG	gcC	A	A	115  	.   0.02	5htkA   85  A
ENSP00000439420	 rs2629639	gcG	gcC	A	A	115  	.   0.02	5htkB   85  A
ENSP00000439583	rs35008685	Gga	Aga	G	R	59   	.    0.4	1h2iA   36  G
ENSP00000439583	rs35008685	Gga	Aga	G	R	59   	.    0.4	1h2iB   36  G
ENSP00000439583	rs35008685	Gga	Aga	G	R	59   	.    0.4	1h2iC   36  G
ENSP00000439583	rs35008685	Gga	Aga	G	R	59   	.    0.4	1h2iD   36  G
ENSP00000439583	rs35008685	Gga	Aga	G	R	59   	.    0.4	1h2iE   36  G
ENSP00000439583	rs35008685	Gga	Aga	G	R	59   	.    0.4	1h2iF   36  G
ENSP00000439583	rs35008685	Gga	Aga	G	R	59   	.    0.4	1h2iG   36  G
ENSP00000439583	rs35008685	Gga	Aga	G	R	59   	.    0.4	1h2iH   36  G
ENSP00000439583	rs35008685	Gga	Aga	G	R	59   	.    0.4	1h2iI   36  G
ENSP00000439583	rs35008685	Gga	Aga	G	R	59   	.    0.4	1h2iJ   36  G
ENSP00000439583	rs35008685	Gga	Aga	G	R	59   	.    0.4	1h2iK   36  G
ENSP00000439583	rs35008685	Gga	Aga	G	R	59   	.    0.4	1h2iL   36  G
ENSP00000439583	rs35008685	Gga	Aga	G	R	59   	.    0.4	1h2iM   36  G
ENSP00000439583	rs35008685	Gga	Aga	G	R	59   	.    0.4	1h2iN   36  G
ENSP00000439583	rs35008685	Gga	Aga	G	R	59   	.    0.4	1h2iO   36  G
ENSP00000439583	rs35008685	Gga	Aga	G	R	59   	.    0.4	1h2iP   36  G
ENSP00000439583	rs35008685	Gga	Aga	G	R	59   	.    0.4	1h2iQ   36  G
ENSP00000439583	rs35008685	Gga	Aga	G	R	59   	.    0.4	1h2iR   36  G
ENSP00000439583	rs35008685	Gga	Aga	G	R	59   	.    0.4	1h2iS   36  G
ENSP00000439583	rs35008685	Gga	Aga	G	R	59   	.    0.4	1h2iT   36  G
ENSP00000439583	rs35008685	Gga	Aga	G	R	59   	.    0.4	1h2iU   36  G
ENSP00000439583	rs35008685	Gga	Aga	G	R	59   	.    0.4	1h2iV   36  G
ENSP00000439583	rs35008685	Gga	Aga	G	R	59   	.    0.4	1kn0A   35  G
ENSP00000439583	rs35008685	Gga	Aga	G	R	59   	.    0.4	1kn0B   35  G
ENSP00000439583	rs35008685	Gga	Aga	G	R	59   	.    0.4	1kn0C   35  G
ENSP00000439583	rs35008685	Gga	Aga	G	R	59   	.    0.4	1kn0D   35  G
ENSP00000439583	rs35008685	Gga	Aga	G	R	59   	.    0.4	1kn0E   35  G
ENSP00000439583	rs35008685	Gga	Aga	G	R	59   	.    0.4	1kn0F   35  G
ENSP00000439583	rs35008685	Gga	Aga	G	R	59   	.    0.4	1kn0G   35  G
ENSP00000439583	rs35008685	Gga	Aga	G	R	59   	.    0.4	1kn0H   35  G
ENSP00000439583	rs35008685	Gga	Aga	G	R	59   	.    0.4	1kn0I   35  G
ENSP00000439583	rs35008685	Gga	Aga	G	R	59   	.    0.4	1kn0J   35  G
ENSP00000439583	rs35008685	Gga	Aga	G	R	59   	.    0.4	1kn0K   35  G
ENSP00000439583	rs35008685	Gga	Aga	G	R	59   	.    0.4	5jrbA   35  G
ENSP00000439583	rs35008685	Gga	Aga	G	R	59   	.    0.4	5jrbB   35  G
ENSP00000439583	rs35008685	Gga	Aga	G	R	59   	.    0.4	5jrbC   35  G
ENSP00000439583	rs35008685	Gga	Aga	G	R	59   	.    0.4	5jrbD   35  G
ENSP00000439583	rs35008685	Gga	Aga	G	R	59   	.    0.4	5jrbE   35  G
ENSP00000439583	rs35008685	Gga	Aga	G	R	59   	.    0.4	5jrbF   35  G
ENSP00000439583	rs35008685	Gga	Aga	G	R	59   	.    0.4	5jrbG   35  G
ENSP00000439583	rs35008685	Gga	Aga	G	R	59   	.    0.4	5jrbH   35  G
ENSP00000439583	rs35008685	Gga	Aga	G	R	59   	.    0.4	5jrbI   35  G
ENSP00000439583	rs35008685	Gga	Aga	G	R	59   	.    0.4	5jrbJ   35  G
ENSP00000439583	rs35008685	Gga	Aga	G	R	59   	.    0.4	5jrbK   35  G
ENSP00000439583	rs35008685	Gga	Aga	G	R	59   	.    0.4	5xrzA   35  G
ENSP00000439583	rs35008685	Gga	Aga	G	R	59   	.    0.4	5xrzB   35  G
ENSP00000439583	rs35008685	Gga	Aga	G	R	59   	.    0.4	5xrzC   35  G
ENSP00000439583	rs35008685	Gga	Aga	G	R	59   	.    0.4	5xrzD   35  G
ENSP00000439583	rs35008685	Gga	Aga	G	R	59   	.    0.4	5xrzE   35  G
ENSP00000439583	rs35008685	Gga	Aga	G	R	59   	.    0.4	5xrzF   35  G
ENSP00000439583	rs35008685	Gga	Aga	G	R	59   	.    0.4	5xrzG   35  G
ENSP00000439583	rs35008685	Gga	Aga	G	R	59   	.    0.4	5xrzH   35  G
ENSP00000439583	rs35008685	Gga	Aga	G	R	59   	.    0.4	5xrzI   35  G
ENSP00000439583	rs35008685	Gga	Aga	G	R	59   	.    0.4	5xrzJ   35  G
ENSP00000439583	rs35008685	Gga	Aga	G	R	59   	.    0.4	5xrzK   35  G
ENSP00000439583	rs35008685	Gga	Aga	G	R	59   	.    0.4	5xs0A   35  G
ENSP00000439583	rs35008685	Gga	Aga	G	R	59   	.    0.4	5xs0C   35  G
ENSP00000439583	rs35008685	Gga	Aga	G	R	59   	.    0.4	5xs0D   35  G
ENSP00000439583	rs35008685	Gga	Aga	G	R	59   	.    0.4	5xs0E   35  G
ENSP00000439583	rs35008685	Gga	Aga	G	R	59   	.    0.4	5xs0F   35  G
ENSP00000439583	rs35008685	Gga	Aga	G	R	59   	.    0.4	5xs0G   35  G
ENSP00000439583	rs35008685	Gga	Aga	G	R	59   	.    0.4	5xs0H   35  G
ENSP00000439583	rs35008685	Gga	Aga	G	R	59   	.    0.4	5xs0I   35  G
ENSP00000439583	rs35008685	Gga	Aga	G	R	59   	.    0.4	5xs0J   35  G
ENSP00000439583	rs35008685	Gga	Aga	G	R	59   	.    0.4	5xs0K   35  G
ENSP00000439583	rs35008685	Gga	Aga	G	R	59   	.    0.4	5xs0L   35  G
ENSP00000439583	rs35008685	Gga	Aga	G	R	59   	.    0.4	5xs0N   35  G
ENSP00000439583	rs35008685	Gga	Aga	G	R	59   	.    0.4	5xs0O   35  G
ENSP00000439583	rs35008685	Gga	Aga	G	R	59   	.    0.4	5xs0P   35  G
ENSP00000439583	rs35008685	Gga	Aga	G	R	59   	.    0.4	5xs0Q   35  G
ENSP00000439583	rs35008685	Gga	Aga	G	R	59   	.    0.4	5xs0R   35  G
ENSP00000439583	rs35008685	Gga	Aga	G	R	59   	.    0.4	5xs0S   35  G
ENSP00000439583	rs35008685	Gga	Aga	G	R	59   	.    0.4	5xs0T   35  G
ENSP00000439583	rs35008685	Gga	Aga	G	R	59   	.    0.4	5xs0U   35  G
ENSP00000439583	rs35008685	Gga	Aga	G	R	59   	.    0.4	5xs0V   35  G
ENSP00000439752	 rs2269961	cGc	cAc	R	H	137  	.   0.03	4uybA  215  R
ENSP00000439752	 rs4820853	aTt	aCt	I	T	26   	.   0.01	4uybA  104  I
ENSP00000439752	 rs5749104	gaT	gaC	D	D	233  	.   0.01	4uybA  311  D
ENSP00000439752	rs35764129	Cgc	Tgc	R	C	287  	.    0.0	4uybA  365  R
ENSP00000439752	rs79967334	tAt	tGt	Y	C	265  	.   0.02	4uybA  343  Y
ENSP00000439828	   rs15993	Ctg	Ttg	L	L	433  	.   0.06	1sjjA  409  L
ENSP00000439828	   rs15993	Ctg	Ttg	L	L	433  	.   0.06	1sjjB  409  L
ENSP00000439828	   rs15993	Ctg	Ttg	L	L	433  	.   0.06	4d1eA  397  L
ENSP00000439828	rs36039812	aaG	aaA	K	K	676  	.   0.08	1sjjA  652  K
ENSP00000439828	rs36039812	aaG	aaA	K	K	676  	.   0.08	1sjjB  652  K
ENSP00000439828	rs36039812	aaG	aaA	K	K	676  	.   0.08	4d1eA  638  H
ENSP00000439869	 rs2941513	gtT	gtC	V	V	399  	.   0.01	1em2A  168  V
ENSP00000439869	 rs2941513	gtT	gtC	V	V	399  	.   0.01	5i9jA  169  V
