ENSP00000439902	rs11571707	aTa	aCa	I	T	2490 	*   0.95	1miuB   13  L
ENSP00000439902	rs41293511	Gat	Cat	D	H	2723 	.   0.01	1miuB  224  D
ENSP00000439902	rs28897749	Gtt	Att	V	I	2728 	.   0.01	1miuB  229  V
ENSP00000439902	rs28897749	Gtt	Ctt	V	L	2728 	.   0.01	1miuB  229  V
ENSP00000439902	rs80359171	cGg	cAg	R	Q	3052 	.   0.06	1miuB  539  R
ENSP00000439902	rs11147490	gtA	gtC	V	V	2820 	.   0.12	1miuB  321  I
ENSP00000439937	 rs1064351	taC	taT	Y	Y	89   	.   0.06	1ddvA   81  Y
ENSP00000439937	 rs1064351	taC	taT	Y	Y	89   	.   0.06	1ddwA   84  Y
ENSP00000439937	 rs1064351	taC	taT	Y	Y	89   	.   0.06	1i7aA   78  F
ENSP00000439937	 rs1064351	taC	taT	Y	Y	89   	.   0.06	1i7aB   78  F
ENSP00000439937	 rs1064351	taC	taT	Y	Y	89   	.   0.06	1i7aC   78  F
ENSP00000439937	 rs1064351	taC	taT	Y	Y	89   	.   0.06	1i7aD   78  F
ENSP00000439937	 rs1064351	taC	taT	Y	Y	89   	.   0.06	2p8vA   88  Y
ENSP00000439998	 rs6025601	gaT	gaC	D	D	176  	.   0.06	5k5hA   41  D
ENSP00000439998	 rs6025601	gaT	gaC	D	D	176  	.   0.06	5kkqA   74  D
ENSP00000439998	 rs6025601	gaT	gaC	D	D	176  	.   0.06	5kkqD   70  D
ENSP00000439998	 rs6025601	gaT	gaC	D	D	176  	.   0.06	5t00A   71  D
ENSP00000439998	 rs6025601	gaT	gaC	D	D	176  	.   0.06	5t00D   69  D
ENSP00000439998	 rs6025601	gaT	gaC	D	D	176  	.   0.06	5t0uA   98  D
ENSP00000439998	 rs6025601	gaT	gaC	D	D	176  	.   0.06	5t0uD   97  D
ENSP00000439998	 rs6025601	gaT	gaC	D	D	176  	.   0.06	5undA   43  D
ENSP00000439998	 rs6025601	gaT	gaC	D	D	176  	.   0.06	5undD   43  D
ENSP00000439998	 rs6025601	gaT	gaC	D	D	176  	.   0.06	5yefA   70  D
ENSP00000439998	 rs6025601	gaT	gaC	D	D	176  	.   0.06	5yefD   68  D
ENSP00000439998	 rs6025601	gaT	gaC	D	D	176  	.   0.06	5yefG   70  D
ENSP00000439998	 rs6025601	gaT	gaC	D	D	176  	.   0.06	5yefJ   68  D
ENSP00000439998	 rs6025601	gaT	gaC	D	D	176  	.   0.06	5yegA   41  D
ENSP00000439998	 rs6025601	gaT	gaC	D	D	176  	.   0.06	5yegB   42  D
ENSP00000439998	 rs6025601	gaT	gaC	D	D	176  	.   0.06	5yehA   42  D
ENSP00000439998	 rs6025601	gaT	gaC	D	D	176  	.   0.06	5yehD   42  D
ENSP00000440034	  rs764291	ccA	ccG	P	P	914  	.   0.02	2yuxA   18  P
ENSP00000440045	rs55984131	gaA	gaG	E	E	109  	.   0.35	1iwoA  109  E
ENSP00000440045	rs55984131	gaA	gaG	E	E	109  	.   0.35	1iwoB  109  E
ENSP00000440045	rs55984131	gaA	gaG	E	E	109  	.   0.35	1kjuA  109  E
ENSP00000440045	rs55984131	gaA	gaG	E	E	109  	.   0.35	1su4A  109  E
ENSP00000440045	rs55984131	gaA	gaG	E	E	109  	.   0.35	1t5sA  109  E
ENSP00000440045	rs55984131	gaA	gaG	E	E	109  	.   0.35	1t5tA  109  E
ENSP00000440045	rs55984131	gaA	gaG	E	E	109  	.   0.35	1vfpA  109  E
ENSP00000440045	rs55984131	gaA	gaG	E	E	109  	.   0.35	1vfpB  109  E
ENSP00000440045	rs55984131	gaA	gaG	E	E	109  	.   0.35	1wpgA  109  E
ENSP00000440045	rs55984131	gaA	gaG	E	E	109  	.   0.35	1wpgB  109  E
ENSP00000440045	rs55984131	gaA	gaG	E	E	109  	.   0.35	1wpgC  109  E
ENSP00000440045	rs55984131	gaA	gaG	E	E	109  	.   0.35	1wpgD  109  E
ENSP00000440045	rs55984131	gaA	gaG	E	E	109  	.   0.35	1xp5A  109  E
ENSP00000440045	rs55984131	gaA	gaG	E	E	109  	.   0.35	2agvA  109  E
ENSP00000440045	rs55984131	gaA	gaG	E	E	109  	.   0.35	2agvB  109  E
ENSP00000440045	rs55984131	gaA	gaG	E	E	109  	.   0.35	2by4A  109  E
ENSP00000440045	rs55984131	gaA	gaG	E	E	109  	.   0.35	2c88A  109  E
ENSP00000440045	rs55984131	gaA	gaG	E	E	109  	.   0.35	2c8kA  109  E
ENSP00000440045	rs55984131	gaA	gaG	E	E	109  	.   0.35	2c8lA  109  E
ENSP00000440045	rs55984131	gaA	gaG	E	E	109  	.   0.35	2c9mA  109  E
ENSP00000440045	rs55984131	gaA	gaG	E	E	109  	.   0.35	2c9mB  109  E
ENSP00000440045	rs55984131	gaA	gaG	E	E	109  	.   0.35	2dqsA  109  E
ENSP00000440045	rs55984131	gaA	gaG	E	E	109  	.   0.35	2earA  109  E
ENSP00000440045	rs55984131	gaA	gaG	E	E	109  	.   0.35	2eatA  109  E
ENSP00000440045	rs55984131	gaA	gaG	E	E	109  	.   0.35	2eauA  109  E
ENSP00000440045	rs55984131	gaA	gaG	E	E	109  	.   0.35	2o9jA  109  E
ENSP00000440045	rs55984131	gaA	gaG	E	E	109  	.   0.35	2oa0A  109  E
ENSP00000440045	rs55984131	gaA	gaG	E	E	109  	.   0.35	2yfyA  109  E
ENSP00000440045	rs55984131	gaA	gaG	E	E	109  	.   0.35	2zbdA  109  E
ENSP00000440045	rs55984131	gaA	gaG	E	E	109  	.   0.35	2zbeA  109  E
ENSP00000440045	rs55984131	gaA	gaG	E	E	109  	.   0.35	2zbeB  109  E
ENSP00000440045	rs55984131	gaA	gaG	E	E	109  	.   0.35	2zbfA  109  E
ENSP00000440045	rs55984131	gaA	gaG	E	E	109  	.   0.35	2zbgA  109  E
ENSP00000440045	rs55984131	gaA	gaG	E	E	109  	.   0.35	3ar2A  109  E
ENSP00000440045	rs55984131	gaA	gaG	E	E	109  	.   0.35	3ar3A  109  E
ENSP00000440045	rs55984131	gaA	gaG	E	E	109  	.   0.35	3ar4A  109  E
ENSP00000440045	rs55984131	gaA	gaG	E	E	109  	.   0.35	3ar5A  109  E
ENSP00000440045	rs55984131	gaA	gaG	E	E	109  	.   0.35	3ar6A  109  E
ENSP00000440045	rs55984131	gaA	gaG	E	E	109  	.   0.35	3ar7A  109  E
ENSP00000440045	rs55984131	gaA	gaG	E	E	109  	.   0.35	3ar8A  109  E
ENSP00000440045	rs55984131	gaA	gaG	E	E	109  	.   0.35	3ar9A  109  E
ENSP00000440045	rs55984131	gaA	gaG	E	E	109  	.   0.35	3b9bA  109  E
ENSP00000440045	rs55984131	gaA	gaG	E	E	109  	.   0.35	3b9rA  109  E
ENSP00000440045	rs55984131	gaA	gaG	E	E	109  	.   0.35	3b9rB  109  E
ENSP00000440045	rs55984131	gaA	gaG	E	E	109  	.   0.35	3ba6A  109  E
ENSP00000440045	rs55984131	gaA	gaG	E	E	109  	.   0.35	3fgoA  109  E
ENSP00000440045	rs55984131	gaA	gaG	E	E	109  	.   0.35	3fgoB  109  E
ENSP00000440045	rs55984131	gaA	gaG	E	E	109  	.   0.35	3fpbA  109  E
ENSP00000440045	rs55984131	gaA	gaG	E	E	109  	.   0.35	3fpsA  109  E
ENSP00000440045	rs55984131	gaA	gaG	E	E	109  	.   0.35	3j7tA  109  E
ENSP00000440045	rs55984131	gaA	gaG	E	E	109  	.   0.35	3n5kA  109  E
ENSP00000440045	rs55984131	gaA	gaG	E	E	109  	.   0.35	3n5kB  109  E
ENSP00000440045	rs55984131	gaA	gaG	E	E	109  	.   0.35	3n8gA  109  E
ENSP00000440045	rs55984131	gaA	gaG	E	E	109  	.   0.35	3nalA  109  E
ENSP00000440045	rs55984131	gaA	gaG	E	E	109  	.   0.35	3namA  109  E
ENSP00000440045	rs55984131	gaA	gaG	E	E	109  	.   0.35	3nanA  109  E
ENSP00000440045	rs55984131	gaA	gaG	E	E	109  	.   0.35	3tlmA  109  E
ENSP00000440045	rs55984131	gaA	gaG	E	E	109  	.   0.35	3w5aA  109  E
ENSP00000440045	rs55984131	gaA	gaG	E	E	109  	.   0.35	3w5aB  109  E
ENSP00000440045	rs55984131	gaA	gaG	E	E	109  	.   0.35	3w5bA  112  E
ENSP00000440045	rs55984131	gaA	gaG	E	E	109  	.   0.35	3w5cA  109  E
ENSP00000440045	rs55984131	gaA	gaG	E	E	109  	.   0.35	3w5dA  109  E
ENSP00000440045	rs55984131	gaA	gaG	E	E	109  	.   0.35	4bewA  109  E
ENSP00000440045	rs55984131	gaA	gaG	E	E	109  	.   0.35	4bewB  109  E
ENSP00000440045	rs55984131	gaA	gaG	E	E	109  	.   0.35	4h1wA  103  E
ENSP00000440045	rs55984131	gaA	gaG	E	E	109  	.   0.35	4j2tA  109  E
ENSP00000440045	rs55984131	gaA	gaG	E	E	109  	.   0.35	4kytA  101  E
ENSP00000440045	rs55984131	gaA	gaG	E	E	109  	.   0.35	4nabA   63  E
ENSP00000440045	rs55984131	gaA	gaG	E	E	109  	.   0.35	4uu0A  109  E
ENSP00000440045	rs55984131	gaA	gaG	E	E	109  	.   0.35	4uu1A  109  E
ENSP00000440045	rs55984131	gaA	gaG	E	E	109  	.   0.35	4xouA  109  E
ENSP00000440045	rs55984131	gaA	gaG	E	E	109  	.   0.35	4y3uA  100  E
ENSP00000440045	rs55984131	gaA	gaG	E	E	109  	.   0.35	4yclA  109  E
ENSP00000440045	rs55984131	gaA	gaG	E	E	109  	.   0.35	4ycmA  108  E
ENSP00000440045	rs55984131	gaA	gaG	E	E	109  	.   0.35	4ycnA  108  E
ENSP00000440045	rs55984131	gaA	gaG	E	E	109  	.   0.35	5a3qA  109  E
ENSP00000440045	rs55984131	gaA	gaG	E	E	109  	.   0.35	5a3rA  109  E
ENSP00000440045	rs55984131	gaA	gaG	E	E	109  	.   0.35	5a3sA  109  E
ENSP00000440045	rs55984131	gaA	gaG	E	E	109  	.   0.35	5a3sB  109  E
ENSP00000440045	rs55984131	gaA	gaG	E	E	109  	.   0.35	5mpmA  109  E
ENSP00000440045	rs55984131	gaA	gaG	E	E	109  	.   0.35	5ncqA  109  E
ENSP00000440045	rs55984131	gaA	gaG	E	E	109  	.   0.35	5xa7A  109  E
ENSP00000440045	rs55984131	gaA	gaG	E	E	109  	.   0.35	5xa8A  109  E
ENSP00000440045	rs55984131	gaA	gaG	E	E	109  	.   0.35	5xa9A  109  E
ENSP00000440045	rs55984131	gaA	gaG	E	E	109  	.   0.35	5xaaA  109  E
ENSP00000440045	rs55984131	gaA	gaG	E	E	109  	.   0.35	5xabA  109  E
ENSP00000440045	rs55984131	gaA	gaG	E	E	109  	.   0.35	6hefA  109  E
ENSP00000440055	rs11230563	Cgg	Tgg	R	W	225  	.   0.03	5a2eA  162  R
ENSP00000440135	rs17301507	gcC	gcG	A	A	185  	.   0.07	1o7fA  314  A
ENSP00000440135	rs17301507	gcC	gcG	A	A	185  	.   0.07	2byvA  316  A
ENSP00000440135	rs17301507	gcC	gcG	A	A	185  	.   0.07	3cf6A   29  A
ENSP00000440135	rs17301507	gcC	gcG	A	A	185  	.   0.07	4f7zA  323  A
ENSP00000440135	rs17301507	gcC	gcG	A	A	185  	.   0.07	4mgiA   29  A
ENSP00000440135	rs17301507	gcC	gcG	A	A	185  	.   0.07	4mgkA   29  A
ENSP00000440135	rs17301507	gcC	gcG	A	A	185  	.   0.07	4mgyA   29  A
ENSP00000440135	rs17301507	gcC	gcG	A	A	185  	.   0.07	4mgzA   30  A
ENSP00000440135	rs17301507	gcC	gcG	A	A	185  	.   0.07	4mh0A   29  A
ENSP00000440135	rs61741759	tcC	tcT	S	S	545  	.   0.26	2byvA  636  S
ENSP00000440135	rs61741759	tcC	tcT	S	S	545  	.   0.26	3cf6A  344  S
ENSP00000440135	rs61741759	tcC	tcT	S	S	545  	.   0.26	4f7zA  655  S
ENSP00000440135	rs61741759	tcC	tcT	S	S	545  	.   0.26	4mgiA  344  S
ENSP00000440135	rs61741759	tcC	tcT	S	S	545  	.   0.26	4mgkA  344  S
ENSP00000440135	rs61741759	tcC	tcT	S	S	545  	.   0.26	4mgyA  344  S
ENSP00000440135	rs61741759	tcC	tcT	S	S	545  	.   0.26	4mgzA  349  S
ENSP00000440135	rs61741759	tcC	tcT	S	S	545  	.   0.26	4mh0A  344  S
ENSP00000440166	 rs2286612	Ggt	Tgt	G	C	36   	.   0.05	5lf9A   36  G
ENSP00000440166	 rs2286612	Ggt	Tgt	G	C	36   	.   0.05	5lorA   39  G
ENSP00000440166	 rs2286612	Ggt	Tgt	G	C	36   	.   0.05	5lorB   39  G
ENSP00000440166	 rs2286612	Ggt	Tgt	G	C	36   	.   0.05	5louA   36  G
ENSP00000440166	 rs2286612	Ggt	Tgt	G	C	36   	.   0.05	5louB   51  G
ENSP00000440188	 rs3747957	aaT	aaC	N	N	116  	.   0.07	2npsD   48  N
ENSP00000440235	 rs1138295	gcC	gcT	A	A	610  	.   0.04	5ijnC  566  A
ENSP00000440235	 rs1138295	gcC	gcT	A	A	610  	.   0.04	5ijnI  566  A
ENSP00000440235	 rs1138295	gcC	gcT	A	A	610  	.   0.04	5ijnO  566  A
ENSP00000440235	 rs1138295	gcC	gcT	A	A	610  	.   0.04	5ijnU  566  A
ENSP00000440235	 rs1138295	gcC	gcT	A	A	610  	.   0.04	5ijoC  566  A
ENSP00000440235	 rs1138295	gcC	gcT	A	A	610  	.   0.04	5ijoI  566  A
ENSP00000440235	 rs1138295	gcC	gcT	A	A	610  	.   0.04	5ijoO  566  A
ENSP00000440235	 rs1138295	gcC	gcT	A	A	610  	.   0.04	5ijoU  566  A
ENSP00000440250	rs17301507	gcC	gcG	A	A	203  	.   0.07	1o7fA  314  A
ENSP00000440250	rs17301507	gcC	gcG	A	A	203  	.   0.07	2byvA  316  A
ENSP00000440250	rs17301507	gcC	gcG	A	A	203  	.   0.07	3cf6A   29  A
ENSP00000440250	rs17301507	gcC	gcG	A	A	203  	.   0.07	4f7zA  323  A
ENSP00000440250	rs17301507	gcC	gcG	A	A	203  	.   0.07	4mgiA   29  A
ENSP00000440250	rs17301507	gcC	gcG	A	A	203  	.   0.07	4mgkA   29  A
ENSP00000440250	rs17301507	gcC	gcG	A	A	203  	.   0.07	4mgyA   29  A
ENSP00000440250	rs17301507	gcC	gcG	A	A	203  	.   0.07	4mgzA   30  A
ENSP00000440250	rs17301507	gcC	gcG	A	A	203  	.   0.07	4mh0A   29  A
ENSP00000440250	rs61741759	tcC	tcT	S	S	563  	.   0.21	2byvA  636  S
ENSP00000440250	rs61741759	tcC	tcT	S	S	563  	.   0.21	3cf6A  344  S
ENSP00000440250	rs61741759	tcC	tcT	S	S	563  	.   0.21	4f7zA  655  S
ENSP00000440250	rs61741759	tcC	tcT	S	S	563  	.   0.21	4mgiA  344  S
ENSP00000440250	rs61741759	tcC	tcT	S	S	563  	.   0.21	4mgkA  344  S
ENSP00000440250	rs61741759	tcC	tcT	S	S	563  	.   0.21	4mgyA  344  S
ENSP00000440250	rs61741759	tcC	tcT	S	S	563  	.   0.21	4mgzA  349  S
ENSP00000440250	rs61741759	tcC	tcT	S	S	563  	.   0.21	4mh0A  344  S
ENSP00000440345	rs139390622	aaC	aaT	N	N	279  	.   0.01	1dtwA  257  N
ENSP00000440345	rs139390622	aaC	aaT	N	N	279  	.   0.01	1olsA  258  N
ENSP00000440345	rs139390622	aaC	aaT	N	N	279  	.   0.01	1oluA  254  N
ENSP00000440345	rs139390622	aaC	aaT	N	N	279  	.   0.01	1olxA  259  N
ENSP00000440345	rs139390622	aaC	aaT	N	N	279  	.   0.01	1u5bA  258  N
ENSP00000440345	rs139390622	aaC	aaT	N	N	279  	.   0.01	1v11A  257  N
ENSP00000440345	rs139390622	aaC	aaT	N	N	279  	.   0.01	1v16A  258  N
ENSP00000440345	rs139390622	aaC	aaT	N	N	279  	.   0.01	1v1mA  258  N
ENSP00000440345	rs139390622	aaC	aaT	N	N	279  	.   0.01	1v1rA  242  N
ENSP00000440345	rs139390622	aaC	aaT	N	N	279  	.   0.01	1wciA  258  N
ENSP00000440345	rs139390622	aaC	aaT	N	N	279  	.   0.01	1x7wA  257  N
ENSP00000440345	rs139390622	aaC	aaT	N	N	279  	.   0.01	1x7xA  258  N
ENSP00000440345	rs139390622	aaC	aaT	N	N	279  	.   0.01	1x7yA  257  N
ENSP00000440345	rs139390622	aaC	aaT	N	N	279  	.   0.01	1x7zA  258  N
ENSP00000440345	rs139390622	aaC	aaT	N	N	279  	.   0.01	1x80A  257  N
ENSP00000440345	rs139390622	aaC	aaT	N	N	279  	.   0.01	2beuA  258  N
ENSP00000440345	rs139390622	aaC	aaT	N	N	279  	.   0.01	2bevA  258  N
ENSP00000440345	rs139390622	aaC	aaT	N	N	279  	.   0.01	2bewA  258  N
ENSP00000440345	rs139390622	aaC	aaT	N	N	279  	.   0.01	2bfbA  258  N
ENSP00000440345	rs139390622	aaC	aaT	N	N	279  	.   0.01	2bfcA  258  N
ENSP00000440345	rs139390622	aaC	aaT	N	N	279  	.   0.01	2bfdA  258  N
ENSP00000440345	rs139390622	aaC	aaT	N	N	279  	.   0.01	2bfeA  258  N
ENSP00000440345	rs139390622	aaC	aaT	N	N	279  	.   0.01	2bffA  258  N
ENSP00000440345	rs139390622	aaC	aaT	N	N	279  	.   0.01	2j9fA  258  N
ENSP00000440345	rs139390622	aaC	aaT	N	N	279  	.   0.01	2j9fC  258  N
ENSP00000440374	 rs2281723	taT	taC	Y	Y	694  	.   0.03	1kz7A   97  Y
ENSP00000440374	 rs2281723	taT	taC	Y	Y	694  	.   0.03	1kz7C   97  Y
ENSP00000440374	 rs2281723	taT	taC	Y	Y	694  	.   0.03	1kzgA  102  Y
ENSP00000440374	 rs2281723	taT	taC	Y	Y	694  	.   0.03	1kzgC  102  Y
ENSP00000440374	 rs2281723	taT	taC	Y	Y	694  	.   0.03	1lb1A  102  Y
ENSP00000440374	 rs2281723	taT	taC	Y	Y	694  	.   0.03	1lb1C  102  Y
ENSP00000440374	 rs2281723	taT	taC	Y	Y	694  	.   0.03	1lb1E  102  Y
ENSP00000440374	 rs2281723	taT	taC	Y	Y	694  	.   0.03	1lb1G  102  Y
ENSP00000440374	 rs2281723	taT	taC	Y	Y	694  	.   0.03	1rj2A  102  Y
ENSP00000440374	 rs2281723	taT	taC	Y	Y	694  	.   0.03	1rj2B  102  Y
ENSP00000440374	 rs2281723	taT	taC	Y	Y	694  	.   0.03	1rj2C  102  Y
ENSP00000440374	 rs2281723	taT	taC	Y	Y	694  	.   0.03	1rj2D  102  Y
ENSP00000440384	 rs2240194	aaC	aaT	N	N	425  	.   0.02	2chdA   34  N
ENSP00000440384	 rs2240194	aaC	aaT	N	N	425  	.   0.02	2k3hA   32  N
ENSP00000440384	 rs2240194	aaC	aaT	N	N	425  	.   0.02	4lcvB   36  N
ENSP00000440384	 rs2240194	aaC	aaT	N	N	425  	.   0.02	4lcvC   35  N
ENSP00000440384	 rs2240194	aaC	aaT	N	N	425  	.   0.02	4lt7A   34  N
ENSP00000440384	 rs2240194	aaC	aaT	N	N	425  	.   0.02	4np9A   34  N
ENSP00000440384	 rs2240194	aaC	aaT	N	N	425  	.   0.02	4ns0A   34  N
ENSP00000440425	  rs945439	aaA	aaG	K	K	56   	.   0.01	3alqG   18  K
ENSP00000440425	  rs945439	aaA	aaG	K	K	56   	.   0.01	3alqH   20  K
ENSP00000440425	  rs945439	aaA	aaG	K	K	56   	.   0.01	3alqI   18  K
ENSP00000440425	  rs945439	aaA	aaG	K	K	56   	.   0.01	3alqJ   17  K
ENSP00000440425	  rs945439	aaA	aaG	K	K	56   	.   0.01	3alqK   17  K
ENSP00000440425	  rs945439	aaA	aaG	K	K	56   	.   0.01	3alqL   18  K
ENSP00000440465	  rs560096	ttT	ttC	F	F	168  	.   0.12	4b3fA  400  L
ENSP00000440465	  rs560096	ttT	ttC	F	F	168  	.   0.12	4b3gA  389  L
ENSP00000440465	  rs560096	ttT	ttC	F	F	168  	.   0.12	4b3gB  380  L
ENSP00000440486	rs35008685	Gga	Aga	G	R	59   	.    0.4	1h2iA   36  G
ENSP00000440486	rs35008685	Gga	Aga	G	R	59   	.    0.4	1h2iB   36  G
ENSP00000440486	rs35008685	Gga	Aga	G	R	59   	.    0.4	1h2iC   36  G
ENSP00000440486	rs35008685	Gga	Aga	G	R	59   	.    0.4	1h2iD   36  G
ENSP00000440486	rs35008685	Gga	Aga	G	R	59   	.    0.4	1h2iE   36  G
ENSP00000440486	rs35008685	Gga	Aga	G	R	59   	.    0.4	1h2iF   36  G
ENSP00000440486	rs35008685	Gga	Aga	G	R	59   	.    0.4	1h2iG   36  G
ENSP00000440486	rs35008685	Gga	Aga	G	R	59   	.    0.4	1h2iH   36  G
ENSP00000440486	rs35008685	Gga	Aga	G	R	59   	.    0.4	1h2iI   36  G
ENSP00000440486	rs35008685	Gga	Aga	G	R	59   	.    0.4	1h2iJ   36  G
ENSP00000440486	rs35008685	Gga	Aga	G	R	59   	.    0.4	1h2iK   36  G
ENSP00000440486	rs35008685	Gga	Aga	G	R	59   	.    0.4	1h2iL   36  G
ENSP00000440486	rs35008685	Gga	Aga	G	R	59   	.    0.4	1h2iM   36  G
ENSP00000440486	rs35008685	Gga	Aga	G	R	59   	.    0.4	1h2iN   36  G
ENSP00000440486	rs35008685	Gga	Aga	G	R	59   	.    0.4	1h2iO   36  G
ENSP00000440486	rs35008685	Gga	Aga	G	R	59   	.    0.4	1h2iP   36  G
ENSP00000440486	rs35008685	Gga	Aga	G	R	59   	.    0.4	1h2iQ   36  G
ENSP00000440486	rs35008685	Gga	Aga	G	R	59   	.    0.4	1h2iR   36  G
ENSP00000440486	rs35008685	Gga	Aga	G	R	59   	.    0.4	1h2iS   36  G
ENSP00000440486	rs35008685	Gga	Aga	G	R	59   	.    0.4	1h2iT   36  G
ENSP00000440486	rs35008685	Gga	Aga	G	R	59   	.    0.4	1h2iU   36  G
ENSP00000440486	rs35008685	Gga	Aga	G	R	59   	.    0.4	1h2iV   36  G
ENSP00000440486	rs35008685	Gga	Aga	G	R	59   	.    0.4	1kn0A   35  G
ENSP00000440486	rs35008685	Gga	Aga	G	R	59   	.    0.4	1kn0B   35  G
ENSP00000440486	rs35008685	Gga	Aga	G	R	59   	.    0.4	1kn0C   35  G
ENSP00000440486	rs35008685	Gga	Aga	G	R	59   	.    0.4	1kn0D   35  G
ENSP00000440486	rs35008685	Gga	Aga	G	R	59   	.    0.4	1kn0E   35  G
ENSP00000440486	rs35008685	Gga	Aga	G	R	59   	.    0.4	1kn0F   35  G
ENSP00000440486	rs35008685	Gga	Aga	G	R	59   	.    0.4	1kn0G   35  G
ENSP00000440486	rs35008685	Gga	Aga	G	R	59   	.    0.4	1kn0H   35  G
ENSP00000440486	rs35008685	Gga	Aga	G	R	59   	.    0.4	1kn0I   35  G
ENSP00000440486	rs35008685	Gga	Aga	G	R	59   	.    0.4	1kn0J   35  G
ENSP00000440486	rs35008685	Gga	Aga	G	R	59   	.    0.4	1kn0K   35  G
ENSP00000440486	rs35008685	Gga	Aga	G	R	59   	.    0.4	5jrbA   35  G
ENSP00000440486	rs35008685	Gga	Aga	G	R	59   	.    0.4	5jrbB   35  G
ENSP00000440486	rs35008685	Gga	Aga	G	R	59   	.    0.4	5jrbC   35  G
ENSP00000440486	rs35008685	Gga	Aga	G	R	59   	.    0.4	5jrbD   35  G
ENSP00000440486	rs35008685	Gga	Aga	G	R	59   	.    0.4	5jrbE   35  G
ENSP00000440486	rs35008685	Gga	Aga	G	R	59   	.    0.4	5jrbF   35  G
ENSP00000440486	rs35008685	Gga	Aga	G	R	59   	.    0.4	5jrbG   35  G
ENSP00000440486	rs35008685	Gga	Aga	G	R	59   	.    0.4	5jrbH   35  G
ENSP00000440486	rs35008685	Gga	Aga	G	R	59   	.    0.4	5jrbI   35  G
ENSP00000440486	rs35008685	Gga	Aga	G	R	59   	.    0.4	5jrbJ   35  G
ENSP00000440486	rs35008685	Gga	Aga	G	R	59   	.    0.4	5jrbK   35  G
ENSP00000440486	rs35008685	Gga	Aga	G	R	59   	.    0.4	5xrzA   35  G
ENSP00000440486	rs35008685	Gga	Aga	G	R	59   	.    0.4	5xrzB   35  G
ENSP00000440486	rs35008685	Gga	Aga	G	R	59   	.    0.4	5xrzC   35  G
ENSP00000440486	rs35008685	Gga	Aga	G	R	59   	.    0.4	5xrzD   35  G
ENSP00000440486	rs35008685	Gga	Aga	G	R	59   	.    0.4	5xrzE   35  G
ENSP00000440486	rs35008685	Gga	Aga	G	R	59   	.    0.4	5xrzF   35  G
ENSP00000440486	rs35008685	Gga	Aga	G	R	59   	.    0.4	5xrzG   35  G
ENSP00000440486	rs35008685	Gga	Aga	G	R	59   	.    0.4	5xrzH   35  G
ENSP00000440486	rs35008685	Gga	Aga	G	R	59   	.    0.4	5xrzI   35  G
ENSP00000440486	rs35008685	Gga	Aga	G	R	59   	.    0.4	5xrzJ   35  G
ENSP00000440486	rs35008685	Gga	Aga	G	R	59   	.    0.4	5xrzK   35  G
ENSP00000440486	rs35008685	Gga	Aga	G	R	59   	.    0.4	5xs0A   35  G
ENSP00000440486	rs35008685	Gga	Aga	G	R	59   	.    0.4	5xs0C   35  G
ENSP00000440486	rs35008685	Gga	Aga	G	R	59   	.    0.4	5xs0D   35  G
ENSP00000440486	rs35008685	Gga	Aga	G	R	59   	.    0.4	5xs0E   35  G
ENSP00000440486	rs35008685	Gga	Aga	G	R	59   	.    0.4	5xs0F   35  G
ENSP00000440486	rs35008685	Gga	Aga	G	R	59   	.    0.4	5xs0G   35  G
ENSP00000440486	rs35008685	Gga	Aga	G	R	59   	.    0.4	5xs0H   35  G
ENSP00000440486	rs35008685	Gga	Aga	G	R	59   	.    0.4	5xs0I   35  G
ENSP00000440486	rs35008685	Gga	Aga	G	R	59   	.    0.4	5xs0J   35  G
ENSP00000440486	rs35008685	Gga	Aga	G	R	59   	.    0.4	5xs0K   35  G
ENSP00000440486	rs35008685	Gga	Aga	G	R	59   	.    0.4	5xs0L   35  G
ENSP00000440486	rs35008685	Gga	Aga	G	R	59   	.    0.4	5xs0N   35  G
ENSP00000440486	rs35008685	Gga	Aga	G	R	59   	.    0.4	5xs0O   35  G
ENSP00000440486	rs35008685	Gga	Aga	G	R	59   	.    0.4	5xs0P   35  G
ENSP00000440486	rs35008685	Gga	Aga	G	R	59   	.    0.4	5xs0Q   35  G
ENSP00000440486	rs35008685	Gga	Aga	G	R	59   	.    0.4	5xs0R   35  G
ENSP00000440486	rs35008685	Gga	Aga	G	R	59   	.    0.4	5xs0S   35  G
ENSP00000440486	rs35008685	Gga	Aga	G	R	59   	.    0.4	5xs0T   35  G
ENSP00000440486	rs35008685	Gga	Aga	G	R	59   	.    0.4	5xs0U   35  G
ENSP00000440486	rs35008685	Gga	Aga	G	R	59   	.    0.4	5xs0V   35  G
ENSP00000440502	rs11550299	caG	caT	Q	H	145  	.   0.01	3fvyA  141  Q
ENSP00000440502	rs11550299	caG	caT	Q	H	145  	.   0.01	3t6bA  143  Q
ENSP00000440502	rs11550299	caG	caT	Q	H	145  	.   0.01	3t6bC  143  Q
ENSP00000440502	rs11550299	caG	caT	Q	H	145  	.   0.01	3t6jA  144  Q
ENSP00000440502	rs11550299	caG	caT	Q	H	145  	.   0.01	5e2qA  144  Q
ENSP00000440502	rs11550299	caG	caT	Q	H	145  	.   0.01	5e33A  144  Q
ENSP00000440502	rs11550299	caG	caT	Q	H	145  	.   0.01	5e3aA  144  Q
ENSP00000440502	rs11550299	caG	caT	Q	H	145  	.   0.01	5e3cA  143  Q
ENSP00000440502	rs11550299	caG	caT	Q	H	145  	.   0.01	5egyA  143  Q
ENSP00000440502	rs11550299	caG	caT	Q	H	145  	.   0.01	5ehhA  143  Q
ENSP00000440502	rs12421620	Gag	Aag	E	K	690  	.   0.04	3fvyA  682  E
ENSP00000440502	rs12421620	Gag	Aag	E	K	690  	.   0.04	3t6bA  688  E
ENSP00000440502	rs12421620	Gag	Aag	E	K	690  	.   0.04	3t6bC  688  E
ENSP00000440502	rs12421620	Gag	Aag	E	K	690  	.   0.04	3t6jA  686  E
ENSP00000440502	rs12421620	Gag	Aag	E	K	690  	.   0.04	5e2qA  689  E
ENSP00000440502	rs12421620	Gag	Aag	E	K	690  	.   0.04	5e33A  689  E
ENSP00000440502	rs12421620	Gag	Aag	E	K	690  	.   0.04	5e3aA  689  E
ENSP00000440502	rs12421620	Gag	Aag	E	K	690  	.   0.04	5e3cA  688  E
ENSP00000440502	rs12421620	Gag	Aag	E	K	690  	.   0.04	5egyA  688  E
ENSP00000440502	rs12421620	Gag	Aag	E	K	690  	.   0.04	5ehhA  688  E
ENSP00000440502	rs12421620	Gag	Cag	E	Q	690  	.   0.04	3fvyA  682  E
ENSP00000440502	rs12421620	Gag	Cag	E	Q	690  	.   0.04	3t6bA  688  E
ENSP00000440502	rs12421620	Gag	Cag	E	Q	690  	.   0.04	3t6bC  688  E
ENSP00000440502	rs12421620	Gag	Cag	E	Q	690  	.   0.04	3t6jA  686  E
ENSP00000440502	rs12421620	Gag	Cag	E	Q	690  	.   0.04	5e2qA  689  E
ENSP00000440502	rs12421620	Gag	Cag	E	Q	690  	.   0.04	5e33A  689  E
ENSP00000440502	rs12421620	Gag	Cag	E	Q	690  	.   0.04	5e3aA  689  E
ENSP00000440502	rs12421620	Gag	Cag	E	Q	690  	.   0.04	5e3cA  688  E
ENSP00000440502	rs12421620	Gag	Cag	E	Q	690  	.   0.04	5egyA  688  E
ENSP00000440502	rs12421620	Gag	Cag	E	Q	690  	.   0.04	5ehhA  688  E
ENSP00000440520	     rs688	aaC	aaT	N	N	550  	.   0.02	1ijqA  186  N
ENSP00000440520	     rs688	aaC	aaT	N	N	550  	.   0.02	1ijqB  183  N
ENSP00000440520	     rs688	aaC	aaT	N	N	550  	.   0.02	1n7dA  516  N
ENSP00000440520	     rs688	aaC	aaT	N	N	550  	.   0.02	3m0cC  308  N
ENSP00000440520	     rs688	aaC	aaT	N	N	550  	.   0.02	3p5bC  270  N
ENSP00000440520	     rs688	aaC	aaT	N	N	550  	.   0.02	3p5cC  316  N
ENSP00000440520	    rs5930	agA	agG	R	R	430  	.   0.01	1ijqA   66  R
ENSP00000440520	    rs5930	agA	agG	R	R	430  	.   0.01	1ijqB   63  R
ENSP00000440520	    rs5930	agA	agG	R	R	430  	.   0.01	1n7dA  398  R
ENSP00000440520	    rs5930	agA	agG	R	R	430  	.   0.01	3m0cC  188  R
ENSP00000440520	    rs5930	agA	agG	R	R	430  	.   0.01	3p5bC  150  R
ENSP00000440520	    rs5930	agA	agG	R	R	430  	.   0.01	3p5cC  196  R
ENSP00000440520	rs11669576	Gcc	Acc	A	T	350  	.   0.05	1n7dA  320  A
ENSP00000440520	rs11669576	Gcc	Acc	A	T	350  	.   0.05	3m0cC  116  A
ENSP00000440520	rs11669576	Gcc	Acc	A	T	350  	.   0.05	3p5bC   76  A
ENSP00000440520	rs11669576	Gcc	Acc	A	T	350  	.   0.05	3p5cC  116  A
ENSP00000440592	 rs2234080	gCc	gTc	A	V	99   	.   0.01	4mhgC   27  S
ENSP00000440637	rs10936599	caC	caT	H	H	6    	*   0.53	2vpkA    5  H
ENSP00000440689	 rs6413419	Gtc	Atc	V	I	179  	.   0.01	3e4eA  146  V
ENSP00000440689	 rs6413419	Gtc	Atc	V	I	179  	.   0.01	3e4eB  146  V
ENSP00000440689	 rs6413419	Gtc	Atc	V	I	179  	.   0.01	3e6iA  148  V
ENSP00000440689	 rs6413419	Gtc	Atc	V	I	179  	.   0.01	3e6iB  147  V
ENSP00000440689	 rs6413419	Gtc	Atc	V	I	179  	.   0.01	3gphA  147  V
ENSP00000440689	 rs6413419	Gtc	Atc	V	I	179  	.   0.01	3gphB  147  V
ENSP00000440689	 rs6413419	Gtc	Atc	V	I	179  	.   0.01	3kohA  149  V
ENSP00000440689	 rs6413419	Gtc	Atc	V	I	179  	.   0.01	3kohB  149  V
ENSP00000440689	 rs6413419	Gtc	Atc	V	I	179  	.   0.01	3lc4A  146  V
ENSP00000440689	 rs6413419	Gtc	Atc	V	I	179  	.   0.01	3lc4B  145  V
ENSP00000440689	 rs6413419	Gtc	Atc	V	I	179  	.   0.01	3t3zA  149  V
ENSP00000440689	 rs6413419	Gtc	Atc	V	I	179  	.   0.01	3t3zB  149  V
ENSP00000440689	 rs6413419	Gtc	Atc	V	I	179  	.   0.01	3t3zC  149  V
ENSP00000440689	 rs6413419	Gtc	Atc	V	I	179  	.   0.01	3t3zD  149  V
ENSP00000440689	 rs2515641	ttC	ttG	F	L	421  	.   0.12	3e4eA  388  F
ENSP00000440689	 rs2515641	ttC	ttG	F	L	421  	.   0.12	3e4eB  388  F
ENSP00000440689	 rs2515641	ttC	ttG	F	L	421  	.   0.12	3e6iA  390  F
ENSP00000440689	 rs2515641	ttC	ttG	F	L	421  	.   0.12	3e6iB  389  F
ENSP00000440689	 rs2515641	ttC	ttG	F	L	421  	.   0.12	3gphA  389  F
ENSP00000440689	 rs2515641	ttC	ttG	F	L	421  	.   0.12	3gphB  389  F
ENSP00000440689	 rs2515641	ttC	ttG	F	L	421  	.   0.12	3kohA  391  F
ENSP00000440689	 rs2515641	ttC	ttG	F	L	421  	.   0.12	3kohB  391  F
ENSP00000440689	 rs2515641	ttC	ttG	F	L	421  	.   0.12	3lc4A  388  F
ENSP00000440689	 rs2515641	ttC	ttG	F	L	421  	.   0.12	3lc4B  387  F
ENSP00000440689	 rs2515641	ttC	ttG	F	L	421  	.   0.12	3t3zA  391  F
ENSP00000440689	 rs2515641	ttC	ttG	F	L	421  	.   0.12	3t3zB  391  F
ENSP00000440689	 rs2515641	ttC	ttG	F	L	421  	.   0.12	3t3zC  391  F
ENSP00000440689	 rs2515641	ttC	ttG	F	L	421  	.   0.12	3t3zD  391  F
ENSP00000440689	 rs2515641	ttC	ttT	F	F	421  	.   0.12	3e4eA  388  F
ENSP00000440689	 rs2515641	ttC	ttT	F	F	421  	.   0.12	3e4eB  388  F
ENSP00000440689	 rs2515641	ttC	ttT	F	F	421  	.   0.12	3e6iA  390  F
ENSP00000440689	 rs2515641	ttC	ttT	F	F	421  	.   0.12	3e6iB  389  F
ENSP00000440689	 rs2515641	ttC	ttT	F	F	421  	.   0.12	3gphA  389  F
ENSP00000440689	 rs2515641	ttC	ttT	F	F	421  	.   0.12	3gphB  389  F
ENSP00000440689	 rs2515641	ttC	ttT	F	F	421  	.   0.12	3kohA  391  F
ENSP00000440689	 rs2515641	ttC	ttT	F	F	421  	.   0.12	3kohB  391  F
ENSP00000440689	 rs2515641	ttC	ttT	F	F	421  	.   0.12	3lc4A  388  F
ENSP00000440689	 rs2515641	ttC	ttT	F	F	421  	.   0.12	3lc4B  387  F
ENSP00000440689	 rs2515641	ttC	ttT	F	F	421  	.   0.12	3t3zA  391  F
ENSP00000440689	 rs2515641	ttC	ttT	F	F	421  	.   0.12	3t3zB  391  F
ENSP00000440689	 rs2515641	ttC	ttT	F	F	421  	.   0.12	3t3zC  391  F
ENSP00000440689	 rs2515641	ttC	ttT	F	F	421  	.   0.12	3t3zD  391  F
ENSP00000440689	rs41299426	Aat	Gat	N	D	219  	.   0.01	3e4eA  186  N
ENSP00000440689	rs41299426	Aat	Gat	N	D	219  	.   0.01	3e4eB  186  N
ENSP00000440689	rs41299426	Aat	Gat	N	D	219  	.   0.01	3e6iA  188  N
ENSP00000440689	rs41299426	Aat	Gat	N	D	219  	.   0.01	3e6iB  187  N
ENSP00000440689	rs41299426	Aat	Gat	N	D	219  	.   0.01	3gphA  187  N
ENSP00000440689	rs41299426	Aat	Gat	N	D	219  	.   0.01	3gphB  187  N
ENSP00000440689	rs41299426	Aat	Gat	N	D	219  	.   0.01	3kohA  189  N
ENSP00000440689	rs41299426	Aat	Gat	N	D	219  	.   0.01	3kohB  189  N
ENSP00000440689	rs41299426	Aat	Gat	N	D	219  	.   0.01	3lc4A  186  N
ENSP00000440689	rs41299426	Aat	Gat	N	D	219  	.   0.01	3lc4B  185  N
ENSP00000440689	rs41299426	Aat	Gat	N	D	219  	.   0.01	3t3zA  189  N
ENSP00000440689	rs41299426	Aat	Gat	N	D	219  	.   0.01	3t3zB  189  N
ENSP00000440689	rs41299426	Aat	Gat	N	D	219  	.   0.01	3t3zC  189  N
ENSP00000440689	rs41299426	Aat	Gat	N	D	219  	.   0.01	3t3zD  189  N
ENSP00000440689	rs55897648	Gta	Ata	V	I	389  	.   0.01	3e4eA  356  V
ENSP00000440689	rs55897648	Gta	Ata	V	I	389  	.   0.01	3e4eB  356  V
ENSP00000440689	rs55897648	Gta	Ata	V	I	389  	.   0.01	3e6iA  358  V
ENSP00000440689	rs55897648	Gta	Ata	V	I	389  	.   0.01	3e6iB  357  V
ENSP00000440689	rs55897648	Gta	Ata	V	I	389  	.   0.01	3gphA  357  V
ENSP00000440689	rs55897648	Gta	Ata	V	I	389  	.   0.01	3gphB  357  V
ENSP00000440689	rs55897648	Gta	Ata	V	I	389  	.   0.01	3kohA  359  V
ENSP00000440689	rs55897648	Gta	Ata	V	I	389  	.   0.01	3kohB  359  V
ENSP00000440689	rs55897648	Gta	Ata	V	I	389  	.   0.01	3lc4A  356  V
ENSP00000440689	rs55897648	Gta	Ata	V	I	389  	.   0.01	3lc4B  355  V
ENSP00000440689	rs55897648	Gta	Ata	V	I	389  	.   0.01	3t3zA  359  V
ENSP00000440689	rs55897648	Gta	Ata	V	I	389  	.   0.01	3t3zB  359  V
ENSP00000440689	rs55897648	Gta	Ata	V	I	389  	.   0.01	3t3zC  359  V
ENSP00000440689	rs55897648	Gta	Ata	V	I	389  	.   0.01	3t3zD  359  V
ENSP00000440689	rs55897648	Gta	Tta	V	L	389  	.   0.01	3e4eA  356  V
ENSP00000440689	rs55897648	Gta	Tta	V	L	389  	.   0.01	3e4eB  356  V
ENSP00000440689	rs55897648	Gta	Tta	V	L	389  	.   0.01	3e6iA  358  V
ENSP00000440689	rs55897648	Gta	Tta	V	L	389  	.   0.01	3e6iB  357  V
ENSP00000440689	rs55897648	Gta	Tta	V	L	389  	.   0.01	3gphA  357  V
ENSP00000440689	rs55897648	Gta	Tta	V	L	389  	.   0.01	3gphB  357  V
ENSP00000440689	rs55897648	Gta	Tta	V	L	389  	.   0.01	3kohA  359  V
ENSP00000440689	rs55897648	Gta	Tta	V	L	389  	.   0.01	3kohB  359  V
ENSP00000440689	rs55897648	Gta	Tta	V	L	389  	.   0.01	3lc4A  356  V
ENSP00000440689	rs55897648	Gta	Tta	V	L	389  	.   0.01	3lc4B  355  V
ENSP00000440689	rs55897648	Gta	Tta	V	L	389  	.   0.01	3t3zA  359  V
ENSP00000440689	rs55897648	Gta	Tta	V	L	389  	.   0.01	3t3zB  359  V
ENSP00000440689	rs55897648	Gta	Tta	V	L	389  	.   0.01	3t3zC  359  V
ENSP00000440689	rs55897648	Gta	Tta	V	L	389  	.   0.01	3t3zD  359  V
ENSP00000440695	 rs3746248	gaG	gaA	E	E	129  	.   0.14	5lf5A  135  E
ENSP00000440695	 rs3746248	gaG	gaA	E	E	129  	.   0.14	5lfrA  133  E
ENSP00000440695	 rs3746248	gaG	gaA	E	E	129  	.   0.14	5lfrB  135  E
ENSP00000440695	 rs3746248	gaG	gaA	E	E	129  	.   0.14	5lfuA  135  E
ENSP00000440695	 rs3746248	gaG	gaA	E	E	129  	.   0.14	5lfvA  132  E
ENSP00000440695	 rs3746248	gaG	gaA	E	E	129  	.   0.14	5lfvB  136  E
ENSP00000440844	rs56250729	Atc	Gtc	I	V	97   	.   0.01	4g8kA   77  I
ENSP00000440844	rs56250729	Atc	Gtc	I	V	97   	.   0.01	4g8kB   74  I
ENSP00000440844	rs56250729	Atc	Gtc	I	V	97   	.   0.01	4g8lB   77  I
ENSP00000440844	rs56250729	Atc	Gtc	I	V	97   	.   0.01	4g8lC   83  I
ENSP00000440844	rs56250729	Atc	Gtc	I	V	97   	.   0.01	4oauA   73  I
ENSP00000440844	rs56250729	Atc	Gtc	I	V	97   	.   0.01	4oavA   74  I
ENSP00000440844	rs56250729	Atc	Gtc	I	V	97   	.   0.01	4oavC   72  I
ENSP00000440844	rs56250729	Atc	Ctc	I	L	97   	.   0.01	4g8kA   77  I
ENSP00000440844	rs56250729	Atc	Ctc	I	L	97   	.   0.01	4g8kB   74  I
ENSP00000440844	rs56250729	Atc	Ctc	I	L	97   	.   0.01	4g8lB   77  I
ENSP00000440844	rs56250729	Atc	Ctc	I	L	97   	.   0.01	4g8lC   83  I
ENSP00000440844	rs56250729	Atc	Ctc	I	L	97   	.   0.01	4oauA   73  I
ENSP00000440844	rs56250729	Atc	Ctc	I	L	97   	.   0.01	4oavA   74  I
ENSP00000440844	rs56250729	Atc	Ctc	I	L	97   	.   0.01	4oavC   72  I
ENSP00000440846	 rs7065428	ttA	ttG	L	L	254  	.   0.01	1o5wA  378  L
ENSP00000440846	 rs7065428	ttA	ttG	L	L	254  	.   0.01	1o5wB  378  L
ENSP00000440846	 rs7065428	ttA	ttG	L	L	254  	.   0.01	1o5wC  378  L
ENSP00000440846	 rs7065428	ttA	ttG	L	L	254  	.   0.01	1o5wD  378  L
ENSP00000440846	 rs7065428	ttA	ttG	L	L	254  	.   0.01	2bxrA  368  L
ENSP00000440846	 rs7065428	ttA	ttG	L	L	254  	.   0.01	2bxrB  368  L
ENSP00000440846	 rs7065428	ttA	ttG	L	L	254  	.   0.01	2bxsA  371  L
ENSP00000440846	 rs7065428	ttA	ttG	L	L	254  	.   0.01	2bxsB  371  L
ENSP00000440846	 rs7065428	ttA	ttG	L	L	254  	.   0.01	2z5xA  376  L
ENSP00000440846	 rs7065428	ttA	ttG	L	L	254  	.   0.01	2z5yA  376  L
ENSP00000440846	 rs1137070	gaT	gaC	D	D	337  	.   0.27	1o5wA  461  D
ENSP00000440846	 rs1137070	gaT	gaC	D	D	337  	.   0.27	1o5wB  461  D
ENSP00000440846	 rs1137070	gaT	gaC	D	D	337  	.   0.27	1o5wC  461  D
ENSP00000440846	 rs1137070	gaT	gaC	D	D	337  	.   0.27	1o5wD  461  D
ENSP00000440846	 rs1137070	gaT	gaC	D	D	337  	.   0.27	2bxsA  454  D
ENSP00000440846	 rs1137070	gaT	gaC	D	D	337  	.   0.27	2bxsB  454  D
ENSP00000440846	 rs1137070	gaT	gaC	D	D	337  	.   0.27	2z5xA  459  D
ENSP00000440846	 rs1137070	gaT	gaC	D	D	337  	.   0.27	2z5yA  459  D
ENSP00000440846	rs58524323	cGg	cAg	R	Q	39   	.   0.01	1o5wA  163  E
ENSP00000440846	rs58524323	cGg	cAg	R	Q	39   	.   0.01	1o5wB  163  E
ENSP00000440846	rs58524323	cGg	cAg	R	Q	39   	.   0.01	1o5wC  163  E
ENSP00000440846	rs58524323	cGg	cAg	R	Q	39   	.   0.01	1o5wD  163  E
ENSP00000440846	rs58524323	cGg	cAg	R	Q	39   	.   0.01	2bxrA  156  R
ENSP00000440846	rs58524323	cGg	cAg	R	Q	39   	.   0.01	2bxrB  156  R
ENSP00000440846	rs58524323	cGg	cAg	R	Q	39   	.   0.01	2bxsA  156  R
ENSP00000440846	rs58524323	cGg	cAg	R	Q	39   	.   0.01	2bxsB  156  R
ENSP00000440846	rs58524323	cGg	cAg	R	Q	39   	.   0.01	2z5xA  161  R
ENSP00000440846	rs58524323	cGg	cAg	R	Q	39   	.   0.01	2z5yA  161  R
ENSP00000440846	rs77698881	Gaa	Aaa	E	K	55   	.   0.02	1o5wA  179  E
ENSP00000440846	rs77698881	Gaa	Aaa	E	K	55   	.   0.02	1o5wB  179  E
ENSP00000440846	rs77698881	Gaa	Aaa	E	K	55   	.   0.02	1o5wC  179  E
ENSP00000440846	rs77698881	Gaa	Aaa	E	K	55   	.   0.02	1o5wD  179  E
ENSP00000440846	rs77698881	Gaa	Aaa	E	K	55   	.   0.02	2bxrA  172  E
ENSP00000440846	rs77698881	Gaa	Aaa	E	K	55   	.   0.02	2bxrB  172  E
ENSP00000440846	rs77698881	Gaa	Aaa	E	K	55   	.   0.02	2bxsA  172  E
ENSP00000440846	rs77698881	Gaa	Aaa	E	K	55   	.   0.02	2bxsB  172  E
ENSP00000440846	rs77698881	Gaa	Aaa	E	K	55   	.   0.02	2z5xA  177  E
ENSP00000440846	rs77698881	Gaa	Aaa	E	K	55   	.   0.02	2z5yA  177  E
ENSP00000440846	rs61730725	cTt	cCt	L	P	165  	.   0.01	1o5wA  289  L
ENSP00000440846	rs61730725	cTt	cCt	L	P	165  	.   0.01	1o5wB  289  L
ENSP00000440846	rs61730725	cTt	cCt	L	P	165  	.   0.01	1o5wC  289  L
ENSP00000440846	rs61730725	cTt	cCt	L	P	165  	.   0.01	1o5wD  289  L
ENSP00000440846	rs61730725	cTt	cCt	L	P	165  	.   0.01	2bxrA  279  L
ENSP00000440846	rs61730725	cTt	cCt	L	P	165  	.   0.01	2bxrB  279  L
ENSP00000440846	rs61730725	cTt	cCt	L	P	165  	.   0.01	2bxsA  282  L
ENSP00000440846	rs61730725	cTt	cCt	L	P	165  	.   0.01	2bxsB  282  L
ENSP00000440846	rs61730725	cTt	cCt	L	P	165  	.   0.01	2z5xA  287  L
ENSP00000440846	rs61730725	cTt	cCt	L	P	165  	.   0.01	2z5yA  287  L
ENSP00000440900	 rs4986783	Tca	Gca	S	A	214  	.   0.04	2ijaA  211  S
ENSP00000440900	 rs4986783	Tca	Gca	S	A	214  	.   0.04	2pfrA  214  T
ENSP00000440900	 rs4986783	Tca	Gca	S	A	214  	.   0.04	2pfrB  211  T
ENSP00000440900	 rs4986783	Tca	Gca	S	A	214  	.   0.04	2pqtA  218  S
ENSP00000440900	 rs8190858	gtC	gtT	V	V	121  	.    0.0	2ijaA  120  V
ENSP00000440900	 rs8190858	gtC	gtT	V	V	121  	.    0.0	2pfrA  121  V
ENSP00000440900	 rs8190858	gtC	gtT	V	V	121  	.    0.0	2pfrB  118  V
ENSP00000440900	 rs8190858	gtC	gtT	V	V	121  	.    0.0	2pqtA  125  V
ENSP00000440900	 rs4986990	acG	acA	T	T	153  	.   0.01	2ijaA  151  T
ENSP00000440900	 rs4986990	acG	acA	T	T	153  	.   0.01	2pfrA  153  T
ENSP00000440900	 rs4986990	acG	acA	T	T	153  	.   0.01	2pfrB  150  T
ENSP00000440900	 rs4986990	acG	acA	T	T	153  	.   0.01	2pqtA  157  T
ENSP00000440900	rs56379106	Cgg	Tgg	R	W	64   	.   0.01	2ijaA   65  R
ENSP00000440900	rs56379106	Cgg	Tgg	R	W	64   	.   0.01	2pfrA   64  R
ENSP00000440900	rs56379106	Cgg	Tgg	R	W	64   	.   0.01	2pfrB   61  R
ENSP00000440900	rs56379106	Cgg	Tgg	R	W	64   	.   0.01	2pqtA   69  R
ENSP00000440900	rs55641436	aGg	aCg	R	T	117  	.    0.0	2ijaA  116  R
ENSP00000440900	rs55641436	aGg	aCg	R	T	117  	.    0.0	2pfrA  117  R
ENSP00000440900	rs55641436	aGg	aCg	R	T	117  	.    0.0	2pfrB  114  R
ENSP00000440900	rs55641436	aGg	aCg	R	T	117  	.    0.0	2pqtA  121  R
ENSP00000440900	rs72554607	agG	agC	R	S	117  	.    0.0	2ijaA  116  R
ENSP00000440900	rs72554607	agG	agC	R	S	117  	.    0.0	2pfrA  117  R
ENSP00000440900	rs72554607	agG	agC	R	S	117  	.    0.0	2pfrB  114  R
ENSP00000440900	rs72554607	agG	agC	R	S	117  	.    0.0	2pqtA  121  R
ENSP00000440900	rs56328478	aGg	aAg	R	K	166  	.   0.07	2ijaA  164  R
ENSP00000440900	rs56328478	aGg	aAg	R	K	166  	.   0.07	2pfrA  166  R
ENSP00000440900	rs56328478	aGg	aAg	R	K	166  	.   0.07	2pfrB  163  R
ENSP00000440900	rs56328478	aGg	aAg	R	K	166  	.   0.07	2pqtA  170  R
ENSP00000440900	rs56328478	aGg	aCg	R	T	166  	.   0.07	2ijaA  164  R
ENSP00000440900	rs56328478	aGg	aCg	R	T	166  	.   0.07	2pfrA  166  R
ENSP00000440900	rs56328478	aGg	aCg	R	T	166  	.   0.07	2pfrB  163  R
ENSP00000440900	rs56328478	aGg	aCg	R	T	166  	.   0.07	2pqtA  170  R
ENSP00000440900	rs72554609	Atg	Gtg	M	V	205  	.   0.01	2pfrA  205  M
ENSP00000440900	rs72554609	Atg	Gtg	M	V	205  	.   0.01	2pfrB  202  M
ENSP00000440900	rs72554609	Atg	Gtg	M	V	205  	.   0.01	2pqtA  209  M
ENSP00000440900	rs56172717	gAt	gTt	D	V	251  	.   0.07	2ijaA  248  D
ENSP00000440900	rs56172717	gAt	gTt	D	V	251  	.   0.07	2pfrA  251  D
ENSP00000440900	rs56172717	gAt	gTt	D	V	251  	.   0.07	2pfrB  248  D
ENSP00000440900	rs56172717	gAt	gTt	D	V	251  	.   0.07	2pqtA  255  D
ENSP00000440900	rs72554610	Gaa	Aaa	E	K	261  	.   0.01	2ijaA  258  E
ENSP00000440900	rs72554610	Gaa	Aaa	E	K	261  	.   0.01	2pfrA  261  E
ENSP00000440900	rs72554610	Gaa	Aaa	E	K	261  	.   0.01	2pfrB  258  E
ENSP00000440900	rs72554610	Gaa	Aaa	E	K	261  	.   0.01	2pqtA  265  E
ENSP00000440900	rs72554611	Ata	Gta	I	V	263  	.   0.01	2ijaA  260  I
ENSP00000440900	rs72554611	Ata	Gta	I	V	263  	.   0.01	2pfrA  263  V
ENSP00000440900	rs72554611	Ata	Gta	I	V	263  	.   0.01	2pfrB  260  V
ENSP00000440900	rs72554611	Ata	Gta	I	V	263  	.   0.01	2pqtA  267  I
ENSP00000440915	rs11156878	aAt	aGt	N	S	437  	.   0.02	4rouA  139  N
ENSP00000440915	rs11156878	aAt	aGt	N	S	437  	.   0.02	4rouB  140  N
ENSP00000440915	rs11156878	aAt	aGt	N	S	437  	.   0.02	4xglA  218  N
ENSP00000440915	rs11156878	aAt	aGt	N	S	437  	.   0.02	4xgmA  218  N
ENSP00000440970	 rs3744037	taT	taC	Y	Y	321  	.   0.01	3vzbA  317  Y
ENSP00000440970	 rs3744037	taT	taC	Y	Y	321  	.   0.01	3vzbB  300  Y
ENSP00000440970	 rs3744037	taT	taC	Y	Y	321  	.   0.01	3vzbC  304  Y
ENSP00000440970	 rs3744037	taT	taC	Y	Y	321  	.   0.01	3vzcA  304  Y
ENSP00000440970	 rs3744037	taT	taC	Y	Y	321  	.   0.01	3vzcB  297  Y
ENSP00000440970	 rs3744037	taT	taC	Y	Y	321  	.   0.01	3vzcC  299  Y
ENSP00000440970	 rs3744037	taT	taC	Y	Y	321  	.   0.01	3vzcD  305  Y
ENSP00000440970	 rs3744037	taT	taC	Y	Y	321  	.   0.01	3vzcE  299  Y
ENSP00000440970	 rs3744037	taT	taC	Y	Y	321  	.   0.01	3vzcF  301  Y
ENSP00000440970	 rs3744037	taT	taC	Y	Y	321  	.   0.01	3vzdA  306  Y
ENSP00000440970	 rs3744037	taT	taC	Y	Y	321  	.   0.01	3vzdB  299  Y
ENSP00000440970	 rs3744037	taT	taC	Y	Y	321  	.   0.01	3vzdC  303  Y
ENSP00000440970	 rs3744037	taT	taC	Y	Y	321  	.   0.01	3vzdD  306  Y
ENSP00000440970	 rs3744037	taT	taC	Y	Y	321  	.   0.01	3vzdE  301  Y
ENSP00000440970	 rs3744037	taT	taC	Y	Y	321  	.   0.01	3vzdF  303  Y
ENSP00000440970	 rs3744037	taT	taC	Y	Y	321  	.   0.01	4l02A  317  Y
ENSP00000440970	 rs3744037	taT	taC	Y	Y	321  	.   0.01	4l02B  300  Y
ENSP00000440970	 rs3744037	taT	taC	Y	Y	321  	.   0.01	4l02C  302  Y
ENSP00000440970	 rs3744037	taT	taC	Y	Y	321  	.   0.01	4v24A  309  Y
ENSP00000440970	 rs3744037	taT	taC	Y	Y	321  	.   0.01	4v24B  307  Y
ENSP00000441048	 rs1190788	aGt	aAt	S	N	214  	.   0.01	2vfkA  133  T
ENSP00000441048	 rs1190788	aGt	aAt	S	N	214  	.   0.01	2vflA  133  T
ENSP00000441048	 rs1190788	aGt	aAt	S	N	214  	.   0.01	2vfyA  133  T
ENSP00000441048	 rs1190788	aGt	aAt	S	N	214  	.   0.01	5jj2A  140  S
ENSP00000441073	rs35008685	Gga	Aga	G	R	59   	.   0.33	1h2iA   36  G
ENSP00000441073	rs35008685	Gga	Aga	G	R	59   	.   0.33	1h2iB   36  G
ENSP00000441073	rs35008685	Gga	Aga	G	R	59   	.   0.33	1h2iC   36  G
ENSP00000441073	rs35008685	Gga	Aga	G	R	59   	.   0.33	1h2iD   36  G
ENSP00000441073	rs35008685	Gga	Aga	G	R	59   	.   0.33	1h2iE   36  G
ENSP00000441073	rs35008685	Gga	Aga	G	R	59   	.   0.33	1h2iF   36  G
ENSP00000441073	rs35008685	Gga	Aga	G	R	59   	.   0.33	1h2iG   36  G
ENSP00000441073	rs35008685	Gga	Aga	G	R	59   	.   0.33	1h2iH   36  G
ENSP00000441073	rs35008685	Gga	Aga	G	R	59   	.   0.33	1h2iI   36  G
ENSP00000441073	rs35008685	Gga	Aga	G	R	59   	.   0.33	1h2iJ   36  G
ENSP00000441073	rs35008685	Gga	Aga	G	R	59   	.   0.33	1h2iK   36  G
ENSP00000441073	rs35008685	Gga	Aga	G	R	59   	.   0.33	1h2iL   36  G
ENSP00000441073	rs35008685	Gga	Aga	G	R	59   	.   0.33	1h2iM   36  G
ENSP00000441073	rs35008685	Gga	Aga	G	R	59   	.   0.33	1h2iN   36  G
ENSP00000441073	rs35008685	Gga	Aga	G	R	59   	.   0.33	1h2iO   36  G
ENSP00000441073	rs35008685	Gga	Aga	G	R	59   	.   0.33	1h2iP   36  G
ENSP00000441073	rs35008685	Gga	Aga	G	R	59   	.   0.33	1h2iQ   36  G
ENSP00000441073	rs35008685	Gga	Aga	G	R	59   	.   0.33	1h2iR   36  G
ENSP00000441073	rs35008685	Gga	Aga	G	R	59   	.   0.33	1h2iS   36  G
ENSP00000441073	rs35008685	Gga	Aga	G	R	59   	.   0.33	1h2iT   36  G
ENSP00000441073	rs35008685	Gga	Aga	G	R	59   	.   0.33	1h2iU   36  G
ENSP00000441073	rs35008685	Gga	Aga	G	R	59   	.   0.33	1h2iV   36  G
ENSP00000441073	rs35008685	Gga	Aga	G	R	59   	.   0.33	1kn0A   35  G
ENSP00000441073	rs35008685	Gga	Aga	G	R	59   	.   0.33	1kn0B   35  G
ENSP00000441073	rs35008685	Gga	Aga	G	R	59   	.   0.33	1kn0C   35  G
ENSP00000441073	rs35008685	Gga	Aga	G	R	59   	.   0.33	1kn0D   35  G
ENSP00000441073	rs35008685	Gga	Aga	G	R	59   	.   0.33	1kn0E   35  G
ENSP00000441073	rs35008685	Gga	Aga	G	R	59   	.   0.33	1kn0F   35  G
ENSP00000441073	rs35008685	Gga	Aga	G	R	59   	.   0.33	1kn0G   35  G
ENSP00000441073	rs35008685	Gga	Aga	G	R	59   	.   0.33	1kn0H   35  G
ENSP00000441073	rs35008685	Gga	Aga	G	R	59   	.   0.33	1kn0I   35  G
ENSP00000441073	rs35008685	Gga	Aga	G	R	59   	.   0.33	1kn0J   35  G
ENSP00000441073	rs35008685	Gga	Aga	G	R	59   	.   0.33	1kn0K   35  G
ENSP00000441073	rs35008685	Gga	Aga	G	R	59   	.   0.33	5jrbA   35  G
ENSP00000441073	rs35008685	Gga	Aga	G	R	59   	.   0.33	5jrbB   35  G
ENSP00000441073	rs35008685	Gga	Aga	G	R	59   	.   0.33	5jrbC   35  G
ENSP00000441073	rs35008685	Gga	Aga	G	R	59   	.   0.33	5jrbD   35  G
ENSP00000441073	rs35008685	Gga	Aga	G	R	59   	.   0.33	5jrbE   35  G
ENSP00000441073	rs35008685	Gga	Aga	G	R	59   	.   0.33	5jrbF   35  G
ENSP00000441073	rs35008685	Gga	Aga	G	R	59   	.   0.33	5jrbG   35  G
ENSP00000441073	rs35008685	Gga	Aga	G	R	59   	.   0.33	5jrbH   35  G
ENSP00000441073	rs35008685	Gga	Aga	G	R	59   	.   0.33	5jrbI   35  G
ENSP00000441073	rs35008685	Gga	Aga	G	R	59   	.   0.33	5jrbJ   35  G
ENSP00000441073	rs35008685	Gga	Aga	G	R	59   	.   0.33	5jrbK   35  G
ENSP00000441073	rs35008685	Gga	Aga	G	R	59   	.   0.33	5xrzA   35  G
ENSP00000441073	rs35008685	Gga	Aga	G	R	59   	.   0.33	5xrzB   35  G
ENSP00000441073	rs35008685	Gga	Aga	G	R	59   	.   0.33	5xrzC   35  G
ENSP00000441073	rs35008685	Gga	Aga	G	R	59   	.   0.33	5xrzD   35  G
ENSP00000441073	rs35008685	Gga	Aga	G	R	59   	.   0.33	5xrzE   35  G
ENSP00000441073	rs35008685	Gga	Aga	G	R	59   	.   0.33	5xrzF   35  G
ENSP00000441073	rs35008685	Gga	Aga	G	R	59   	.   0.33	5xrzG   35  G
ENSP00000441073	rs35008685	Gga	Aga	G	R	59   	.   0.33	5xrzH   35  G
ENSP00000441073	rs35008685	Gga	Aga	G	R	59   	.   0.33	5xrzI   35  G
ENSP00000441073	rs35008685	Gga	Aga	G	R	59   	.   0.33	5xrzJ   35  G
ENSP00000441073	rs35008685	Gga	Aga	G	R	59   	.   0.33	5xrzK   35  G
ENSP00000441073	rs35008685	Gga	Aga	G	R	59   	.   0.33	5xs0A   35  G
ENSP00000441073	rs35008685	Gga	Aga	G	R	59   	.   0.33	5xs0C   35  G
ENSP00000441073	rs35008685	Gga	Aga	G	R	59   	.   0.33	5xs0D   35  G
ENSP00000441073	rs35008685	Gga	Aga	G	R	59   	.   0.33	5xs0E   35  G
ENSP00000441073	rs35008685	Gga	Aga	G	R	59   	.   0.33	5xs0F   35  G
ENSP00000441073	rs35008685	Gga	Aga	G	R	59   	.   0.33	5xs0G   35  G
ENSP00000441073	rs35008685	Gga	Aga	G	R	59   	.   0.33	5xs0H   35  G
ENSP00000441073	rs35008685	Gga	Aga	G	R	59   	.   0.33	5xs0I   35  G
ENSP00000441073	rs35008685	Gga	Aga	G	R	59   	.   0.33	5xs0J   35  G
ENSP00000441073	rs35008685	Gga	Aga	G	R	59   	.   0.33	5xs0K   35  G
ENSP00000441073	rs35008685	Gga	Aga	G	R	59   	.   0.33	5xs0L   35  G
ENSP00000441073	rs35008685	Gga	Aga	G	R	59   	.   0.33	5xs0N   35  G
ENSP00000441073	rs35008685	Gga	Aga	G	R	59   	.   0.33	5xs0O   35  G
ENSP00000441073	rs35008685	Gga	Aga	G	R	59   	.   0.33	5xs0P   35  G
ENSP00000441073	rs35008685	Gga	Aga	G	R	59   	.   0.33	5xs0Q   35  G
ENSP00000441073	rs35008685	Gga	Aga	G	R	59   	.   0.33	5xs0R   35  G
ENSP00000441073	rs35008685	Gga	Aga	G	R	59   	.   0.33	5xs0S   35  G
ENSP00000441073	rs35008685	Gga	Aga	G	R	59   	.   0.33	5xs0T   35  G
ENSP00000441073	rs35008685	Gga	Aga	G	R	59   	.   0.33	5xs0U   35  G
ENSP00000441073	rs35008685	Gga	Aga	G	R	59   	.   0.33	5xs0V   35  G
ENSP00000441158	 rs1060376	gcC	gcT	A	A	1124 	.   0.02	3lvgA   47  A
ENSP00000441158	 rs1060376	gcC	gcT	A	A	1124 	.   0.02	3lvgB   47  A
ENSP00000441158	 rs1060376	gcC	gcT	A	A	1124 	.   0.02	3lvgC   47  A
ENSP00000441158	 rs1060376	gcC	gcT	A	A	1124 	.   0.02	3lvhA   48  A
ENSP00000441158	 rs1060376	gcC	gcT	A	A	1124 	.   0.02	3lvhB   48  A
ENSP00000441158	 rs1060376	gcC	gcT	A	A	1124 	.   0.02	3lvhC   48  A
ENSP00000441208	rs12689910	aCg	aTg	T	M	88   	.   0.01	3l5kA   93  T
ENSP00000441235	 rs2234919	Ccc	Acc	P	T	52   	.   0.07	2xwtC   29  P
ENSP00000441235	 rs2234919	Ccc	Acc	P	T	52   	.   0.07	3g04C   23  P
ENSP00000441235	 rs2234919	Ccc	Gcc	P	A	52   	.   0.07	2xwtC   29  P
ENSP00000441235	 rs2234919	Ccc	Gcc	P	A	52   	.   0.07	3g04C   23  P
ENSP00000441362	 rs5746129	Cgg	Tgg	R	W	179  	.   0.01	1ap5A  132  R
ENSP00000441362	 rs5746129	Cgg	Tgg	R	W	179  	.   0.01	1ap5B  132  R
ENSP00000441362	 rs5746129	Cgg	Tgg	R	W	179  	.   0.01	1ap6A  132  R
ENSP00000441362	 rs5746129	Cgg	Tgg	R	W	179  	.   0.01	1ap6B  132  R
ENSP00000441362	 rs5746129	Cgg	Tgg	R	W	179  	.   0.01	1em1A  132  R
ENSP00000441362	 rs5746129	Cgg	Tgg	R	W	179  	.   0.01	1em1B  132  R
ENSP00000441362	 rs5746129	Cgg	Tgg	R	W	179  	.   0.01	1ja8A  132  R
ENSP00000441362	 rs5746129	Cgg	Tgg	R	W	179  	.   0.01	1ja8B  132  R
ENSP00000441362	 rs5746129	Cgg	Tgg	R	W	179  	.   0.01	1luvA  132  R
ENSP00000441362	 rs5746129	Cgg	Tgg	R	W	179  	.   0.01	1luvB  132  R
ENSP00000441362	 rs5746129	Cgg	Tgg	R	W	179  	.   0.01	1luwA  132  R
ENSP00000441362	 rs5746129	Cgg	Tgg	R	W	179  	.   0.01	1luwB  132  R
ENSP00000441362	 rs5746129	Cgg	Tgg	R	W	179  	.   0.01	1msdA  132  R
ENSP00000441362	 rs5746129	Cgg	Tgg	R	W	179  	.   0.01	1msdB  132  R
ENSP00000441362	 rs5746129	Cgg	Tgg	R	W	179  	.   0.01	1n0jA  132  R
ENSP00000441362	 rs5746129	Cgg	Tgg	R	W	179  	.   0.01	1n0jB  132  R
ENSP00000441362	 rs5746129	Cgg	Tgg	R	W	179  	.   0.01	1n0nA  132  R
ENSP00000441362	 rs5746129	Cgg	Tgg	R	W	179  	.   0.01	1n0nB  132  R
ENSP00000441362	 rs5746129	Cgg	Tgg	R	W	179  	.   0.01	1pl4A  132  R
ENSP00000441362	 rs5746129	Cgg	Tgg	R	W	179  	.   0.01	1pl4B  132  R
ENSP00000441362	 rs5746129	Cgg	Tgg	R	W	179  	.   0.01	1pl4C  132  R
ENSP00000441362	 rs5746129	Cgg	Tgg	R	W	179  	.   0.01	1pl4D  132  R
ENSP00000441362	 rs5746129	Cgg	Tgg	R	W	179  	.   0.01	1pm9A  132  R
ENSP00000441362	 rs5746129	Cgg	Tgg	R	W	179  	.   0.01	1pm9B  132  R
ENSP00000441362	 rs5746129	Cgg	Tgg	R	W	179  	.   0.01	1qnmA  132  R
ENSP00000441362	 rs5746129	Cgg	Tgg	R	W	179  	.   0.01	1qnmB  132  R
ENSP00000441362	 rs5746129	Cgg	Tgg	R	W	179  	.   0.01	1szxA  132  R
ENSP00000441362	 rs5746129	Cgg	Tgg	R	W	179  	.   0.01	1szxB  132  R
ENSP00000441362	 rs5746129	Cgg	Tgg	R	W	179  	.   0.01	1varA  132  R
ENSP00000441362	 rs5746129	Cgg	Tgg	R	W	179  	.   0.01	1varB  132  R
ENSP00000441362	 rs5746129	Cgg	Tgg	R	W	179  	.   0.01	1xdcA  128  R
ENSP00000441362	 rs5746129	Cgg	Tgg	R	W	179  	.   0.01	1xdcB  128  R
ENSP00000441362	 rs5746129	Cgg	Tgg	R	W	179  	.   0.01	1xilA  129  R
ENSP00000441362	 rs5746129	Cgg	Tgg	R	W	179  	.   0.01	1xilB  129  R
ENSP00000441362	 rs5746129	Cgg	Tgg	R	W	179  	.   0.01	1zspA  132  R
ENSP00000441362	 rs5746129	Cgg	Tgg	R	W	179  	.   0.01	1zspB  132  R
ENSP00000441362	 rs5746129	Cgg	Tgg	R	W	179  	.   0.01	1zteA  132  R
ENSP00000441362	 rs5746129	Cgg	Tgg	R	W	179  	.   0.01	1zteB  132  R
ENSP00000441362	 rs5746129	Cgg	Tgg	R	W	179  	.   0.01	1zteC  132  R
ENSP00000441362	 rs5746129	Cgg	Tgg	R	W	179  	.   0.01	1zteD  132  R
ENSP00000441362	 rs5746129	Cgg	Tgg	R	W	179  	.   0.01	1zuqA  132  R
ENSP00000441362	 rs5746129	Cgg	Tgg	R	W	179  	.   0.01	1zuqB  132  R
ENSP00000441362	 rs5746129	Cgg	Tgg	R	W	179  	.   0.01	2adpA  131  R
ENSP00000441362	 rs5746129	Cgg	Tgg	R	W	179  	.   0.01	2adqA  132  R
ENSP00000441362	 rs5746129	Cgg	Tgg	R	W	179  	.   0.01	2gdsA  132  R
ENSP00000441362	 rs5746129	Cgg	Tgg	R	W	179  	.   0.01	2gdsB  132  R
ENSP00000441362	 rs5746129	Cgg	Tgg	R	W	179  	.   0.01	2gdsC  132  R
ENSP00000441362	 rs5746129	Cgg	Tgg	R	W	179  	.   0.01	2gdsD  132  R
ENSP00000441362	 rs5746129	Cgg	Tgg	R	W	179  	.   0.01	2p4kA  132  R
ENSP00000441362	 rs5746129	Cgg	Tgg	R	W	179  	.   0.01	2p4kB  132  R
ENSP00000441362	 rs5746129	Cgg	Tgg	R	W	179  	.   0.01	2p4kC  132  R
ENSP00000441362	 rs5746129	Cgg	Tgg	R	W	179  	.   0.01	2p4kD  132  R
ENSP00000441362	 rs5746129	Cgg	Tgg	R	W	179  	.   0.01	2qkaA  132  R
ENSP00000441362	 rs5746129	Cgg	Tgg	R	W	179  	.   0.01	2qkaB  132  R
ENSP00000441362	 rs5746129	Cgg	Tgg	R	W	179  	.   0.01	2qkcA  132  R
ENSP00000441362	 rs5746129	Cgg	Tgg	R	W	179  	.   0.01	2qkcB  132  R
ENSP00000441362	 rs5746129	Cgg	Tgg	R	W	179  	.   0.01	3c3sA  132  R
ENSP00000441362	 rs5746129	Cgg	Tgg	R	W	179  	.   0.01	3c3sB  132  R
ENSP00000441362	 rs5746129	Cgg	Tgg	R	W	179  	.   0.01	3c3tA  132  R
ENSP00000441362	 rs5746129	Cgg	Tgg	R	W	179  	.   0.01	3c3tB  132  R
ENSP00000441362	 rs5746129	Cgg	Tgg	R	W	179  	.   0.01	5gxoA  131  R
ENSP00000441362	 rs5746129	Cgg	Tgg	R	W	179  	.   0.01	5gxoB  131  R
ENSP00000441362	 rs5746129	Cgg	Tgg	R	W	179  	.   0.01	5t30A  133  R
ENSP00000441362	 rs5746129	Cgg	Tgg	R	W	179  	.   0.01	5t30B  133  R
ENSP00000441362	 rs5746129	Cgg	Tgg	R	W	179  	.   0.01	5vf9A  133  R
ENSP00000441362	 rs5746129	Cgg	Tgg	R	W	179  	.   0.01	5vf9B  133  R
ENSP00000441362	 rs1141718	aTa	aCa	I	T	105  	.   0.01	1ap5A   58  I
ENSP00000441362	 rs1141718	aTa	aCa	I	T	105  	.   0.01	1ap5B   58  I
ENSP00000441362	 rs1141718	aTa	aCa	I	T	105  	.   0.01	1ap6A   58  I
ENSP00000441362	 rs1141718	aTa	aCa	I	T	105  	.   0.01	1ap6B   58  I
ENSP00000441362	 rs1141718	aTa	aCa	I	T	105  	.   0.01	1em1A   58  I
ENSP00000441362	 rs1141718	aTa	aCa	I	T	105  	.   0.01	1em1B   58  I
ENSP00000441362	 rs1141718	aTa	aCa	I	T	105  	.   0.01	1ja8A   58  I
ENSP00000441362	 rs1141718	aTa	aCa	I	T	105  	.   0.01	1ja8B   58  I
ENSP00000441362	 rs1141718	aTa	aCa	I	T	105  	.   0.01	1luvA   58  I
ENSP00000441362	 rs1141718	aTa	aCa	I	T	105  	.   0.01	1luvB   58  I
ENSP00000441362	 rs1141718	aTa	aCa	I	T	105  	.   0.01	1luwA   58  I
ENSP00000441362	 rs1141718	aTa	aCa	I	T	105  	.   0.01	1luwB   58  I
ENSP00000441362	 rs1141718	aTa	aCa	I	T	105  	.   0.01	1msdA   58  I
ENSP00000441362	 rs1141718	aTa	aCa	I	T	105  	.   0.01	1msdB   58  I
ENSP00000441362	 rs1141718	aTa	aCa	I	T	105  	.   0.01	1n0jA   58  I
ENSP00000441362	 rs1141718	aTa	aCa	I	T	105  	.   0.01	1n0jB   58  I
ENSP00000441362	 rs1141718	aTa	aCa	I	T	105  	.   0.01	1n0nA   58  I
ENSP00000441362	 rs1141718	aTa	aCa	I	T	105  	.   0.01	1n0nB   58  I
ENSP00000441362	 rs1141718	aTa	aCa	I	T	105  	.   0.01	1pl4A   58  I
ENSP00000441362	 rs1141718	aTa	aCa	I	T	105  	.   0.01	1pl4B   58  I
ENSP00000441362	 rs1141718	aTa	aCa	I	T	105  	.   0.01	1pl4C   58  I
ENSP00000441362	 rs1141718	aTa	aCa	I	T	105  	.   0.01	1pl4D   58  I
ENSP00000441362	 rs1141718	aTa	aCa	I	T	105  	.   0.01	1pm9A   58  I
ENSP00000441362	 rs1141718	aTa	aCa	I	T	105  	.   0.01	1pm9B   58  I
ENSP00000441362	 rs1141718	aTa	aCa	I	T	105  	.   0.01	1qnmA   58  I
ENSP00000441362	 rs1141718	aTa	aCa	I	T	105  	.   0.01	1qnmB   58  I
ENSP00000441362	 rs1141718	aTa	aCa	I	T	105  	.   0.01	1szxA   58  I
ENSP00000441362	 rs1141718	aTa	aCa	I	T	105  	.   0.01	1szxB   58  I
ENSP00000441362	 rs1141718	aTa	aCa	I	T	105  	.   0.01	1varA   58  T
ENSP00000441362	 rs1141718	aTa	aCa	I	T	105  	.   0.01	1varB   58  T
ENSP00000441362	 rs1141718	aTa	aCa	I	T	105  	.   0.01	1xdcA   54  I
ENSP00000441362	 rs1141718	aTa	aCa	I	T	105  	.   0.01	1xdcB   54  I
ENSP00000441362	 rs1141718	aTa	aCa	I	T	105  	.   0.01	1xilA   55  I
ENSP00000441362	 rs1141718	aTa	aCa	I	T	105  	.   0.01	1xilB   55  I
ENSP00000441362	 rs1141718	aTa	aCa	I	T	105  	.   0.01	1zspA   58  I
ENSP00000441362	 rs1141718	aTa	aCa	I	T	105  	.   0.01	1zspB   58  I
ENSP00000441362	 rs1141718	aTa	aCa	I	T	105  	.   0.01	1zteA   58  I
ENSP00000441362	 rs1141718	aTa	aCa	I	T	105  	.   0.01	1zteB   58  I
ENSP00000441362	 rs1141718	aTa	aCa	I	T	105  	.   0.01	1zteC   58  I
ENSP00000441362	 rs1141718	aTa	aCa	I	T	105  	.   0.01	1zteD   58  I
ENSP00000441362	 rs1141718	aTa	aCa	I	T	105  	.   0.01	1zuqA   58  I
ENSP00000441362	 rs1141718	aTa	aCa	I	T	105  	.   0.01	1zuqB   58  I
ENSP00000441362	 rs1141718	aTa	aCa	I	T	105  	.   0.01	2adpA   57  I
ENSP00000441362	 rs1141718	aTa	aCa	I	T	105  	.   0.01	2adqA   58  I
ENSP00000441362	 rs1141718	aTa	aCa	I	T	105  	.   0.01	2gdsA   58  I
ENSP00000441362	 rs1141718	aTa	aCa	I	T	105  	.   0.01	2gdsB   58  I
ENSP00000441362	 rs1141718	aTa	aCa	I	T	105  	.   0.01	2gdsC   58  I
ENSP00000441362	 rs1141718	aTa	aCa	I	T	105  	.   0.01	2gdsD   58  I
ENSP00000441362	 rs1141718	aTa	aCa	I	T	105  	.   0.01	2p4kA   58  I
ENSP00000441362	 rs1141718	aTa	aCa	I	T	105  	.   0.01	2p4kB   58  I
ENSP00000441362	 rs1141718	aTa	aCa	I	T	105  	.   0.01	2p4kC   58  I
ENSP00000441362	 rs1141718	aTa	aCa	I	T	105  	.   0.01	2p4kD   58  I
ENSP00000441362	 rs1141718	aTa	aCa	I	T	105  	.   0.01	2qkaA   58  I
ENSP00000441362	 rs1141718	aTa	aCa	I	T	105  	.   0.01	2qkaB   58  I
ENSP00000441362	 rs1141718	aTa	aCa	I	T	105  	.   0.01	2qkcA   58  I
ENSP00000441362	 rs1141718	aTa	aCa	I	T	105  	.   0.01	2qkcB   58  I
ENSP00000441362	 rs1141718	aTa	aCa	I	T	105  	.   0.01	3c3sA   58  I
ENSP00000441362	 rs1141718	aTa	aCa	I	T	105  	.   0.01	3c3sB   58  I
ENSP00000441362	 rs1141718	aTa	aCa	I	T	105  	.   0.01	3c3tA   58  I
ENSP00000441362	 rs1141718	aTa	aCa	I	T	105  	.   0.01	3c3tB   58  I
ENSP00000441362	 rs1141718	aTa	aCa	I	T	105  	.   0.01	5gxoA   57  I
ENSP00000441362	 rs1141718	aTa	aCa	I	T	105  	.   0.01	5gxoB   57  I
ENSP00000441362	 rs1141718	aTa	aCa	I	T	105  	.   0.01	5t30A   59  I
ENSP00000441362	 rs1141718	aTa	aCa	I	T	105  	.   0.01	5t30B   59  I
ENSP00000441362	 rs1141718	aTa	aCa	I	T	105  	.   0.01	5vf9A   59  I
ENSP00000441362	 rs1141718	aTa	aCa	I	T	105  	.   0.01	5vf9B   59  I
ENSP00000441362	 rs4987023	Gga	Aga	G	R	99   	.   0.05	1ap5A   52  G
ENSP00000441362	 rs4987023	Gga	Aga	G	R	99   	.   0.05	1ap5B   52  G
ENSP00000441362	 rs4987023	Gga	Aga	G	R	99   	.   0.05	1ap6A   52  G
ENSP00000441362	 rs4987023	Gga	Aga	G	R	99   	.   0.05	1ap6B   52  G
ENSP00000441362	 rs4987023	Gga	Aga	G	R	99   	.   0.05	1em1A   52  G
ENSP00000441362	 rs4987023	Gga	Aga	G	R	99   	.   0.05	1em1B   52  G
ENSP00000441362	 rs4987023	Gga	Aga	G	R	99   	.   0.05	1ja8A   52  G
ENSP00000441362	 rs4987023	Gga	Aga	G	R	99   	.   0.05	1ja8B   52  G
ENSP00000441362	 rs4987023	Gga	Aga	G	R	99   	.   0.05	1luvA   52  G
ENSP00000441362	 rs4987023	Gga	Aga	G	R	99   	.   0.05	1luvB   52  G
ENSP00000441362	 rs4987023	Gga	Aga	G	R	99   	.   0.05	1luwA   52  G
ENSP00000441362	 rs4987023	Gga	Aga	G	R	99   	.   0.05	1luwB   52  G
ENSP00000441362	 rs4987023	Gga	Aga	G	R	99   	.   0.05	1msdA   52  G
ENSP00000441362	 rs4987023	Gga	Aga	G	R	99   	.   0.05	1msdB   52  G
ENSP00000441362	 rs4987023	Gga	Aga	G	R	99   	.   0.05	1n0jA   52  G
ENSP00000441362	 rs4987023	Gga	Aga	G	R	99   	.   0.05	1n0jB   52  G
ENSP00000441362	 rs4987023	Gga	Aga	G	R	99   	.   0.05	1n0nA   52  G
ENSP00000441362	 rs4987023	Gga	Aga	G	R	99   	.   0.05	1n0nB   52  G
ENSP00000441362	 rs4987023	Gga	Aga	G	R	99   	.   0.05	1pl4A   52  G
ENSP00000441362	 rs4987023	Gga	Aga	G	R	99   	.   0.05	1pl4B   52  G
ENSP00000441362	 rs4987023	Gga	Aga	G	R	99   	.   0.05	1pl4C   52  G
ENSP00000441362	 rs4987023	Gga	Aga	G	R	99   	.   0.05	1pl4D   52  G
ENSP00000441362	 rs4987023	Gga	Aga	G	R	99   	.   0.05	1pm9A   52  G
ENSP00000441362	 rs4987023	Gga	Aga	G	R	99   	.   0.05	1pm9B   52  G
ENSP00000441362	 rs4987023	Gga	Aga	G	R	99   	.   0.05	1qnmA   52  G
ENSP00000441362	 rs4987023	Gga	Aga	G	R	99   	.   0.05	1qnmB   52  G
ENSP00000441362	 rs4987023	Gga	Aga	G	R	99   	.   0.05	1szxA   52  G
ENSP00000441362	 rs4987023	Gga	Aga	G	R	99   	.   0.05	1szxB   52  G
ENSP00000441362	 rs4987023	Gga	Aga	G	R	99   	.   0.05	1varA   52  G
ENSP00000441362	 rs4987023	Gga	Aga	G	R	99   	.   0.05	1varB   52  G
ENSP00000441362	 rs4987023	Gga	Aga	G	R	99   	.   0.05	1xdcA   48  G
ENSP00000441362	 rs4987023	Gga	Aga	G	R	99   	.   0.05	1xdcB   48  G
ENSP00000441362	 rs4987023	Gga	Aga	G	R	99   	.   0.05	1xilA   49  G
ENSP00000441362	 rs4987023	Gga	Aga	G	R	99   	.   0.05	1xilB   49  G
ENSP00000441362	 rs4987023	Gga	Aga	G	R	99   	.   0.05	1zspA   52  G
ENSP00000441362	 rs4987023	Gga	Aga	G	R	99   	.   0.05	1zspB   52  G
ENSP00000441362	 rs4987023	Gga	Aga	G	R	99   	.   0.05	1zteA   52  G
ENSP00000441362	 rs4987023	Gga	Aga	G	R	99   	.   0.05	1zteB   52  G
ENSP00000441362	 rs4987023	Gga	Aga	G	R	99   	.   0.05	1zteC   52  G
ENSP00000441362	 rs4987023	Gga	Aga	G	R	99   	.   0.05	1zteD   52  G
ENSP00000441362	 rs4987023	Gga	Aga	G	R	99   	.   0.05	1zuqA   52  G
ENSP00000441362	 rs4987023	Gga	Aga	G	R	99   	.   0.05	1zuqB   52  G
ENSP00000441362	 rs4987023	Gga	Aga	G	R	99   	.   0.05	2adpA   51  G
ENSP00000441362	 rs4987023	Gga	Aga	G	R	99   	.   0.05	2adqA   52  G
ENSP00000441362	 rs4987023	Gga	Aga	G	R	99   	.   0.05	2gdsA   52  G
ENSP00000441362	 rs4987023	Gga	Aga	G	R	99   	.   0.05	2gdsB   52  G
ENSP00000441362	 rs4987023	Gga	Aga	G	R	99   	.   0.05	2gdsC   52  G
ENSP00000441362	 rs4987023	Gga	Aga	G	R	99   	.   0.05	2gdsD   52  G
ENSP00000441362	 rs4987023	Gga	Aga	G	R	99   	.   0.05	2p4kA   52  G
ENSP00000441362	 rs4987023	Gga	Aga	G	R	99   	.   0.05	2p4kB   52  G
ENSP00000441362	 rs4987023	Gga	Aga	G	R	99   	.   0.05	2p4kC   52  G
ENSP00000441362	 rs4987023	Gga	Aga	G	R	99   	.   0.05	2p4kD   52  G
ENSP00000441362	 rs4987023	Gga	Aga	G	R	99   	.   0.05	2qkaA   52  G
ENSP00000441362	 rs4987023	Gga	Aga	G	R	99   	.   0.05	2qkaB   52  G
ENSP00000441362	 rs4987023	Gga	Aga	G	R	99   	.   0.05	2qkcA   52  G
ENSP00000441362	 rs4987023	Gga	Aga	G	R	99   	.   0.05	2qkcB   52  G
ENSP00000441362	 rs4987023	Gga	Aga	G	R	99   	.   0.05	3c3sA   52  G
ENSP00000441362	 rs4987023	Gga	Aga	G	R	99   	.   0.05	3c3sB   52  G
ENSP00000441362	 rs4987023	Gga	Aga	G	R	99   	.   0.05	3c3tA   52  G
ENSP00000441362	 rs4987023	Gga	Aga	G	R	99   	.   0.05	3c3tB   52  G
ENSP00000441362	 rs4987023	Gga	Aga	G	R	99   	.   0.05	5gxoA   51  G
ENSP00000441362	 rs4987023	Gga	Aga	G	R	99   	.   0.05	5gxoB   51  G
ENSP00000441362	 rs4987023	Gga	Aga	G	R	99   	.   0.05	5t30A   53  G
ENSP00000441362	 rs4987023	Gga	Aga	G	R	99   	.   0.05	5t30B   53  G
ENSP00000441362	 rs4987023	Gga	Aga	G	R	99   	.   0.05	5vf9A   53  G
ENSP00000441362	 rs4987023	Gga	Aga	G	R	99   	.   0.05	5vf9B   53  G
ENSP00000441374	 rs2074824	gcC	gcT	A	A	1137 	.   0.03	3dlsA  156  A
ENSP00000441374	 rs2074824	gcC	gcT	A	A	1137 	.   0.03	3dlsB  150  A
ENSP00000441374	 rs2074824	gcC	gcT	A	A	1137 	.   0.03	3dlsC  151  A
ENSP00000441374	 rs2074824	gcC	gcT	A	A	1137 	.   0.03	3dlsD  155  A
ENSP00000441374	 rs2074824	gcC	gcT	A	A	1137 	.   0.03	3dlsE  152  A
ENSP00000441374	 rs2074824	gcC	gcT	A	A	1137 	.   0.03	3dlsF  152  A
ENSP00000441374	 rs2302050	aaG	aaA	K	K	1019 	.   0.05	3dlsA   38  K
ENSP00000441374	 rs2302050	aaG	aaA	K	K	1019 	.   0.05	3dlsB   38  K
ENSP00000441374	 rs2302050	aaG	aaA	K	K	1019 	.   0.05	3dlsC   38  K
ENSP00000441374	 rs2302050	aaG	aaA	K	K	1019 	.   0.05	3dlsD   38  K
ENSP00000441374	 rs2302050	aaG	aaA	K	K	1019 	.   0.05	3dlsE   38  K
ENSP00000441374	 rs2302050	aaG	aaA	K	K	1019 	.   0.05	3dlsF   38  K
ENSP00000441430	 rs7111236	ctA	ctG	L	L	121  	.   0.02	1gvjA   42  L
ENSP00000441430	 rs7111236	ctA	ctG	L	L	121  	.   0.02	1gvjB   42  L
ENSP00000441430	 rs7111236	ctA	ctG	L	L	121  	.   0.02	1k78F    3  L
ENSP00000441430	 rs7111236	ctA	ctG	L	L	121  	.   0.02	1k78H    4  L
ENSP00000441430	 rs7111236	ctA	ctG	L	L	121  	.   0.02	1k79E    5  L
ENSP00000441430	 rs7111236	ctA	ctG	L	L	121  	.   0.02	1k79F    5  L
ENSP00000441430	 rs7111236	ctA	ctG	L	L	121  	.   0.02	1k7aE    5  L
ENSP00000441430	 rs7111236	ctA	ctG	L	L	121  	.   0.02	1k7aF    5  L
ENSP00000441430	 rs7111236	ctA	ctG	L	L	121  	.   0.02	1md0A   38  L
ENSP00000441430	 rs7111236	ctA	ctG	L	L	121  	.   0.02	1md0B   38  L
ENSP00000441430	 rs7111236	ctA	ctG	L	L	121  	.   0.02	1mdmD   29  L
ENSP00000441430	 rs7111236	ctA	ctG	L	L	121  	.   0.02	1r36A   37  L
ENSP00000441430	 rs7111236	ctA	ctG	L	L	121  	.   0.02	2nnyC   30  L
ENSP00000441430	 rs7111236	ctA	ctG	L	L	121  	.   0.02	2nnyD   30  L
ENSP00000441430	 rs7111236	ctA	ctG	L	L	121  	.   0.02	2sttC   18  L
ENSP00000441430	 rs7111236	ctA	ctG	L	L	121  	.   0.02	2stwC   18  L
ENSP00000441430	 rs7111236	ctA	ctG	L	L	121  	.   0.02	3mfkA   36  L
ENSP00000441430	 rs7111236	ctA	ctG	L	L	121  	.   0.02	3mfkB   36  L
ENSP00000441430	 rs7111236	ctA	ctG	L	L	121  	.   0.02	3ri4A   36  L
ENSP00000441430	 rs7111236	ctA	ctG	L	L	121  	.   0.02	3ri4D   36  L
ENSP00000441430	 rs7111236	ctA	ctG	L	L	121  	.   0.02	3wtsC   19  L
ENSP00000441430	 rs7111236	ctA	ctG	L	L	121  	.   0.02	3wtsF    5  L
ENSP00000441430	 rs7111236	ctA	ctG	L	L	121  	.   0.02	3wttC   19  L
ENSP00000441430	 rs7111236	ctA	ctG	L	L	121  	.   0.02	3wttF    5  L
ENSP00000441430	 rs7111236	ctA	ctG	L	L	121  	.   0.02	3wtuC   19  L
ENSP00000441430	 rs7111236	ctA	ctG	L	L	121  	.   0.02	3wtuF    5  L
ENSP00000441430	 rs7111236	ctA	ctG	L	L	121  	.   0.02	3wtvC   19  L
ENSP00000441430	 rs7111236	ctA	ctG	L	L	121  	.   0.02	3wtvH    5  L
ENSP00000441430	 rs7111236	ctA	ctG	L	L	121  	.   0.02	3wtwC   19  L
ENSP00000441430	 rs7111236	ctA	ctG	L	L	121  	.   0.02	3wtwF    5  L
ENSP00000441430	 rs7111236	ctA	ctG	L	L	121  	.   0.02	3wtxC    4  L
ENSP00000441430	 rs7111236	ctA	ctG	L	L	121  	.   0.02	3wtxF    4  L
ENSP00000441430	 rs7111236	ctA	ctG	L	L	121  	.   0.02	3wtyC   19  L
ENSP00000441430	 rs7111236	ctA	ctG	L	L	121  	.   0.02	3wtyF    5  L
ENSP00000441430	 rs7111236	ctA	ctG	L	L	121  	.   0.02	3wtzA   32  L
ENSP00000441430	 rs7111236	ctA	ctG	L	L	121  	.   0.02	3wtzB   37  L
ENSP00000441430	 rs7111236	ctA	ctG	L	L	121  	.   0.02	3wu0A   37  L
ENSP00000441430	 rs7111236	ctA	ctG	L	L	121  	.   0.02	3wu0B   37  L
ENSP00000441430	 rs7111236	ctA	ctG	L	L	121  	.   0.02	3wu1B    5  L
ENSP00000441430	 rs7111236	ctA	ctG	L	L	121  	.   0.02	4bqaA   37  L
ENSP00000441430	 rs7111236	ctA	ctG	L	L	121  	.   0.02	4bqaD    5  L
ENSP00000441430	 rs7111236	ctA	ctG	L	L	121  	.   0.02	4bqaG    5  L
ENSP00000441430	 rs7111236	ctA	ctG	L	L	121  	.   0.02	4l0yB    4  L
ENSP00000441430	 rs7111236	ctA	ctG	L	L	121  	.   0.02	4l0zB    6  L
ENSP00000441430	 rs7111236	ctA	ctG	L	L	121  	.   0.02	4l18B    5  L
ENSP00000441430	 rs7111236	ctA	ctG	L	L	121  	.   0.02	4l18F    6  L
ENSP00000441430	 rs7111236	ctA	ctG	L	L	121  	.   0.02	4lg0B    5  L
ENSP00000441430	rs34846069	gaC	gaT	D	D	224  	*    0.8	1gvjB  145  D
ENSP00000441430	rs34846069	gaC	gaT	D	D	224  	*    0.8	1r36A  140  D
ENSP00000441430	rs34846069	gaC	gaT	D	D	224  	*    0.8	3wtzA  135  D
ENSP00000441430	rs34846069	gaC	gaT	D	D	224  	*    0.8	3wu0A  140  D
ENSP00000441434	 rs1050207	Acc	Ccc	T	P	245  	.   0.07	2i62A  241  T
ENSP00000441434	 rs1050207	Acc	Ccc	T	P	245  	.   0.07	2i62B  242  T
ENSP00000441434	 rs1050207	Acc	Ccc	T	P	245  	.   0.07	2i62C  242  T
ENSP00000441434	 rs1050207	Acc	Ccc	T	P	245  	.   0.07	2i62D  241  T
ENSP00000441434	 rs1050207	Acc	Ccc	T	P	245  	.   0.07	2iipA  250  T
ENSP00000441434	 rs1050207	Acc	Ccc	T	P	245  	.   0.07	2iipB  249  T
ENSP00000441434	 rs1050207	Acc	Ccc	T	P	245  	.   0.07	2iipC  236  T
ENSP00000441434	 rs1050207	Acc	Ccc	T	P	245  	.   0.07	2iipD  236  T
ENSP00000441434	 rs1050207	Acc	Ccc	T	P	245  	.   0.07	3rodA  243  T
ENSP00000441434	 rs1050207	Acc	Ccc	T	P	245  	.   0.07	3rodB  243  T
ENSP00000441434	 rs1050207	Acc	Ccc	T	P	245  	.   0.07	3rodC  243  T
ENSP00000441434	 rs1050207	Acc	Ccc	T	P	245  	.   0.07	3rodD  241  T
ENSP00000441434	 rs1050207	Acc	Ccc	T	P	245  	.   0.07	5xvkA  242  T
ENSP00000441434	 rs1050207	Acc	Ccc	T	P	245  	.   0.07	5xvkB  242  T
ENSP00000441434	 rs1050207	Acc	Ccc	T	P	245  	.   0.07	5xvqA  236  T
ENSP00000441434	 rs1050207	Acc	Ccc	T	P	245  	.   0.07	5xvqB  236  T
ENSP00000441434	 rs1050207	Acc	Ccc	T	P	245  	.   0.07	5yjfA  241  T
ENSP00000441434	 rs1050207	Acc	Ccc	T	P	245  	.   0.07	5yjfB  241  T
ENSP00000441434	 rs1050207	Acc	Ccc	T	P	245  	.   0.07	5yjfC  241  T
ENSP00000441434	 rs1050207	Acc	Ccc	T	P	245  	.   0.07	5yjfD  237  T
ENSP00000441434	 rs1050207	Acc	Ccc	T	P	245  	.   0.07	5yjiA  241  T
ENSP00000441434	 rs1050207	Acc	Ccc	T	P	245  	.   0.07	5yjiB  237  T
ENSP00000441434	 rs1050207	Acc	Ccc	T	P	245  	.   0.07	6b1aA  252  T
ENSP00000441434	 rs1050207	Acc	Ccc	T	P	245  	.   0.07	6b1aB  250  T
ENSP00000441434	 rs1050207	Acc	Ccc	T	P	245  	.   0.07	6b1aC  228  T
ENSP00000441434	 rs1050207	Acc	Ccc	T	P	245  	.   0.07	6b1aD  227  T
ENSP00000441434	 rs1050207	Acc	Ccc	T	P	245  	.   0.07	6chhA  252  T
ENSP00000441434	 rs1050207	Acc	Ccc	T	P	245  	.   0.07	6chhB  250  T
ENSP00000441434	 rs1050207	Acc	Ccc	T	P	245  	.   0.07	6chhC  228  T
ENSP00000441434	 rs1050207	Acc	Ccc	T	P	245  	.   0.07	6chhD  227  T
ENSP00000441463	rs11611479	acG	acA	T	T	58   	.   0.01	1ji7A   40  T
ENSP00000441463	rs11611479	acG	acA	T	T	58   	.   0.01	1ji7B   40  T
ENSP00000441463	rs11611479	acG	acA	T	T	58   	.   0.01	1ji7C   40  T
ENSP00000441463	rs11611479	acG	acA	T	T	58   	.   0.01	1lkyA   40  T
ENSP00000441463	rs11611479	acG	acA	T	T	58   	.   0.01	1lkyB   40  T
ENSP00000441463	rs11611479	acG	acA	T	T	58   	.   0.01	1lkyC   40  T
ENSP00000441463	rs11611479	acG	acA	T	T	58   	.   0.01	1lkyD   40  T
ENSP00000441463	rs11611479	acG	acA	T	T	58   	.   0.01	1lkyE   40  T
ENSP00000441463	rs11611479	acG	acA	T	T	58   	.   0.01	1lkyF   40  T
ENSP00000441463	rs11611479	acG	acA	T	T	58   	.   0.01	2qarA   41  T
ENSP00000441463	rs11611479	acG	acA	T	T	58   	.   0.01	2qarB   40  T
ENSP00000441463	rs11611479	acG	acA	T	T	58   	.   0.01	2qarD   41  T
ENSP00000441463	rs11611479	acG	acA	T	T	58   	.   0.01	2qarE   40  T
ENSP00000441463	rs11611479	acG	acA	T	T	58   	.   0.01	2qb0A   40  T
ENSP00000441463	rs11611479	acG	acA	T	T	58   	.   0.01	2qb0B   40  T
ENSP00000441463	rs11611479	acG	acA	T	T	58   	.   0.01	2qb0C   40  T
ENSP00000441463	rs11611479	acG	acA	T	T	58   	.   0.01	2qb0D   40  T
ENSP00000441463	rs11611479	acG	acA	T	T	58   	.   0.01	2qb1A   40  T
ENSP00000441463	rs11611479	acG	acA	T	T	58   	.   0.01	2qb1B   40  T
ENSP00000441488	    rs4925	gCt	gAt	A	D	112  	.   0.07	1eemA  136  A
ENSP00000441488	    rs4925	gCt	gAt	A	D	112  	.   0.07	3lflA  136  A
ENSP00000441488	    rs4925	gCt	gAt	A	D	112  	.   0.07	3lflB  136  A
ENSP00000441488	    rs4925	gCt	gAt	A	D	112  	.   0.07	3lflC  136  A
ENSP00000441488	    rs4925	gCt	gAt	A	D	112  	.   0.07	3vlnA  138  A
ENSP00000441488	    rs4925	gCt	gAt	A	D	112  	.   0.07	4is0A  137  A
ENSP00000441488	    rs4925	gCt	gAt	A	D	112  	.   0.07	4yqmA  136  A
ENSP00000441488	    rs4925	gCt	gAt	A	D	112  	.   0.07	4yqmB  136  A
ENSP00000441488	    rs4925	gCt	gAt	A	D	112  	.   0.07	4yqmC  136  A
ENSP00000441488	    rs4925	gCt	gAt	A	D	112  	.   0.07	4yquA  134  A
ENSP00000441488	    rs4925	gCt	gAt	A	D	112  	.   0.07	4yquB  134  A
ENSP00000441488	    rs4925	gCt	gAt	A	D	112  	.   0.07	4yqvA  136  A
ENSP00000441488	    rs4925	gCt	gAt	A	D	112  	.   0.07	4yqvB  136  A
ENSP00000441488	    rs4925	gCt	gAt	A	D	112  	.   0.07	4yqvC  136  A
ENSP00000441488	    rs4925	gCt	gAt	A	D	112  	.   0.07	5uehA  138  A
ENSP00000441488	    rs4925	gCt	gAt	A	D	112  	.   0.07	5v3qA  138  A
ENSP00000441488	rs11509436	tCt	tGt	S	C	58   	.   0.01	1eemA   82  S
ENSP00000441488	rs11509436	tCt	tGt	S	C	58   	.   0.01	3lflA   82  S
ENSP00000441488	rs11509436	tCt	tGt	S	C	58   	.   0.01	3lflB   82  S
ENSP00000441488	rs11509436	tCt	tGt	S	C	58   	.   0.01	3lflC   82  S
ENSP00000441488	rs11509436	tCt	tGt	S	C	58   	.   0.01	3vlnA   84  S
ENSP00000441488	rs11509436	tCt	tGt	S	C	58   	.   0.01	4is0A   83  S
ENSP00000441488	rs11509436	tCt	tGt	S	C	58   	.   0.01	4yqmA   82  S
ENSP00000441488	rs11509436	tCt	tGt	S	C	58   	.   0.01	4yqmB   82  S
ENSP00000441488	rs11509436	tCt	tGt	S	C	58   	.   0.01	4yqmC   82  S
ENSP00000441488	rs11509436	tCt	tGt	S	C	58   	.   0.01	4yquA   83  S
ENSP00000441488	rs11509436	tCt	tGt	S	C	58   	.   0.01	4yquB   82  S
ENSP00000441488	rs11509436	tCt	tGt	S	C	58   	.   0.01	4yqvA   82  S
ENSP00000441488	rs11509436	tCt	tGt	S	C	58   	.   0.01	4yqvB   82  S
ENSP00000441488	rs11509436	tCt	tGt	S	C	58   	.   0.01	4yqvC   82  S
ENSP00000441488	rs11509436	tCt	tGt	S	C	58   	.   0.01	5uehA   84  S
ENSP00000441488	rs11509436	tCt	tGt	S	C	58   	.   0.01	5v3qA   84  S
ENSP00000441488	rs11509439	gCc	gTc	A	V	208  	.   0.04	1eemA  232  A
ENSP00000441488	rs11509439	gCc	gTc	A	V	208  	.   0.04	3lflA  231  A
ENSP00000441488	rs11509439	gCc	gTc	A	V	208  	.   0.04	3vlnA  234  A
ENSP00000441488	rs11509439	gCc	gTc	A	V	208  	.   0.04	4is0A  233  A
ENSP00000441488	rs11509439	gCc	gTc	A	V	208  	.   0.04	4yqmA  232  A
ENSP00000441488	rs11509439	gCc	gTc	A	V	208  	.   0.04	4yqmB  232  A
ENSP00000441488	rs11509439	gCc	gTc	A	V	208  	.   0.04	4yqmC  232  A
ENSP00000441488	rs11509439	gCc	gTc	A	V	208  	.   0.04	4yquA  230  A
ENSP00000441488	rs11509439	gCc	gTc	A	V	208  	.   0.04	4yquB  230  A
ENSP00000441488	rs11509439	gCc	gTc	A	V	208  	.   0.04	4yqvA  232  A
ENSP00000441488	rs11509439	gCc	gTc	A	V	208  	.   0.04	4yqvB  232  A
ENSP00000441488	rs11509439	gCc	gTc	A	V	208  	.   0.04	4yqvC  232  A
ENSP00000441488	rs11509439	gCc	gTc	A	V	208  	.   0.04	5uehA  234  A
ENSP00000441488	rs11509439	gCc	gTc	A	V	208  	.   0.04	5v3qA  234  A
ENSP00000441488	rs78978552	gtC	gtT	V	V	184  	.   0.01	1eemA  208  V
ENSP00000441488	rs78978552	gtC	gtT	V	V	184  	.   0.01	3lflA  207  V
ENSP00000441488	rs78978552	gtC	gtT	V	V	184  	.   0.01	3lflB  207  V
ENSP00000441488	rs78978552	gtC	gtT	V	V	184  	.   0.01	3lflC  207  V
ENSP00000441488	rs78978552	gtC	gtT	V	V	184  	.   0.01	3vlnA  210  V
ENSP00000441488	rs78978552	gtC	gtT	V	V	184  	.   0.01	4is0A  209  V
ENSP00000441488	rs78978552	gtC	gtT	V	V	184  	.   0.01	4yqmA  208  V
ENSP00000441488	rs78978552	gtC	gtT	V	V	184  	.   0.01	4yqmB  208  V
ENSP00000441488	rs78978552	gtC	gtT	V	V	184  	.   0.01	4yqmC  208  V
ENSP00000441488	rs78978552	gtC	gtT	V	V	184  	.   0.01	4yquA  206  V
ENSP00000441488	rs78978552	gtC	gtT	V	V	184  	.   0.01	4yquB  206  V
ENSP00000441488	rs78978552	gtC	gtT	V	V	184  	.   0.01	4yqvA  208  V
ENSP00000441488	rs78978552	gtC	gtT	V	V	184  	.   0.01	4yqvB  208  V
ENSP00000441488	rs78978552	gtC	gtT	V	V	184  	.   0.01	4yqvC  208  V
ENSP00000441488	rs78978552	gtC	gtT	V	V	184  	.   0.01	5uehA  210  V
ENSP00000441488	rs78978552	gtC	gtT	V	V	184  	.   0.01	5v3qA  210  V
ENSP00000441493	  rs741761	caA	caT	Q	H	350  	.   0.01	3nvqA  470  Q
ENSP00000441493	  rs741761	caA	caT	Q	H	350  	.   0.01	3nvqC  470  Q
ENSP00000441493	  rs741761	caA	caG	Q	Q	350  	.   0.01	3nvqA  470  Q
ENSP00000441493	  rs741761	caA	caG	Q	Q	350  	.   0.01	3nvqC  470  Q
