ENSP00000441531	 rs3731003	aCa	aTa	T	I	546  	.   0.03	1x9nD  340  T
ENSP00000441572	 rs8049651	ctG	ctA	L	L	288  	.   0.11	2a5sA   22  L
ENSP00000441572	 rs8049651	ctG	ctA	L	L	288  	.   0.11	2a5tB   22  L
ENSP00000441625	 rs2304560	atT	atC	I	I	437  	.   0.01	4k92A  140  I
ENSP00000441625	 rs2304560	atT	atC	I	I	437  	.   0.01	4k92B  140  I
ENSP00000441661	 rs2275363	Gct	Act	A	T	107  	.   0.02	1srqA   30  T
ENSP00000441661	 rs2275363	Gct	Act	A	T	107  	.   0.02	1srqB   29  T
ENSP00000441661	 rs2275363	Gct	Act	A	T	107  	.   0.02	1srqC   31  T
ENSP00000441661	 rs2275363	Gct	Act	A	T	107  	.   0.02	3brwA   32  T
ENSP00000441661	 rs2275363	Gct	Act	A	T	107  	.   0.02	3brwB   30  T
ENSP00000441661	 rs2275363	Gct	Act	A	T	107  	.   0.02	3brwC   30  T
ENSP00000441667	 rs1805010	Atc	Ctc	I	L	75   	.   0.42	1iarB   50  I
ENSP00000441667	 rs1805010	Atc	Ctc	I	L	75   	.   0.42	3bplB   53  I
ENSP00000441667	 rs1805010	Atc	Ctc	I	L	75   	.   0.42	3bpnB   51  I
ENSP00000441667	 rs1805010	Atc	Ctc	I	L	75   	.   0.42	3bpoB   52  I
ENSP00000441667	 rs1805010	Atc	Ctc	I	L	75   	.   0.42	5e4eB   49  I
ENSP00000441667	 rs1805010	Atc	Gtc	I	V	75   	.   0.42	1iarB   50  I
ENSP00000441667	 rs1805010	Atc	Gtc	I	V	75   	.   0.42	3bplB   53  I
ENSP00000441667	 rs1805010	Atc	Gtc	I	V	75   	.   0.42	3bpnB   51  I
ENSP00000441667	 rs1805010	Atc	Gtc	I	V	75   	.   0.42	3bpoB   52  I
ENSP00000441667	 rs1805010	Atc	Gtc	I	V	75   	.   0.42	5e4eB   49  I
ENSP00000441667	 rs1805010	Atc	Ttc	I	F	75   	.   0.42	1iarB   50  I
ENSP00000441667	 rs1805010	Atc	Ttc	I	F	75   	.   0.42	3bplB   53  I
ENSP00000441667	 rs1805010	Atc	Ttc	I	F	75   	.   0.42	3bpnB   51  I
ENSP00000441667	 rs1805010	Atc	Ttc	I	F	75   	.   0.42	3bpoB   52  I
ENSP00000441667	 rs1805010	Atc	Ttc	I	F	75   	.   0.42	5e4eB   49  I
ENSP00000441677	rs36023382	Gtg	Ttg	V	L	301  	.   0.01	1sqiA  317  M
ENSP00000441677	rs36023382	Gtg	Ttg	V	L	301  	.   0.01	1sqiB  316  M
ENSP00000441677	rs36023382	Gtg	Ttg	V	L	301  	.   0.01	3isqA  332  V
ENSP00000441677	rs36023382	Gtg	Ttg	V	L	301  	.   0.01	5ec3A  332  V
ENSP00000441696	  rs876093	Gga	Aga	G	R	62   	.   0.01	3pl6C   42  R
ENSP00000441696	  rs876093	Gga	Aga	G	R	62   	.   0.01	4grlC   42  R
ENSP00000441696	  rs876093	Gga	Aga	G	R	62   	.   0.01	4mayC   42  R
ENSP00000441696	  rs876093	Gga	Aga	G	R	62   	.   0.01	5tezD   41  R
ENSP00000441696	  rs876093	Gga	Cga	G	R	62   	.   0.01	3pl6C   42  R
ENSP00000441696	  rs876093	Gga	Cga	G	R	62   	.   0.01	4grlC   42  R
ENSP00000441696	  rs876093	Gga	Cga	G	R	62   	.   0.01	4mayC   42  R
ENSP00000441696	  rs876093	Gga	Cga	G	R	62   	.   0.01	5tezD   41  R
ENSP00000441705	rs17019360	gtT	gtA	V	V	216  	.   0.14	1h6gA  221  P
ENSP00000441705	rs17019360	gtT	gtA	V	V	216  	.   0.14	1h6gB  207  P
ENSP00000441705	rs17019360	gtT	gtA	V	V	216  	.   0.14	4iggA  521  P
ENSP00000441705	rs17019360	gtT	gtA	V	V	216  	.   0.14	4iggB  521  P
ENSP00000441705	rs17019360	gtT	gtA	V	V	216  	.   0.14	4k1nA  491  P
ENSP00000441705	rs17019360	gtT	gtA	V	V	216  	.   0.14	4k1nB  491  P
ENSP00000441705	rs17019360	gtT	gtA	V	V	216  	.   0.14	5xflB  330  V
ENSP00000441705	rs17019360	gtT	gtA	V	V	216  	.   0.14	5xflC  330  V
ENSP00000441705	rs17019360	gtT	gtC	V	V	216  	.   0.14	1h6gA  221  P
ENSP00000441705	rs17019360	gtT	gtC	V	V	216  	.   0.14	1h6gB  207  P
ENSP00000441705	rs17019360	gtT	gtC	V	V	216  	.   0.14	4iggA  521  P
ENSP00000441705	rs17019360	gtT	gtC	V	V	216  	.   0.14	4iggB  521  P
ENSP00000441705	rs17019360	gtT	gtC	V	V	216  	.   0.14	4k1nA  491  P
ENSP00000441705	rs17019360	gtT	gtC	V	V	216  	.   0.14	4k1nB  491  P
ENSP00000441705	rs17019360	gtT	gtC	V	V	216  	.   0.14	5xflB  330  V
ENSP00000441705	rs17019360	gtT	gtC	V	V	216  	.   0.14	5xflC  330  V
ENSP00000441845	rs61736442	cCg	cTg	P	L	62   	.   0.04	4cczA   45  P
ENSP00000441845	rs61736441	Gtt	Att	V	I	229  	.   0.02	4cczA  210  V
ENSP00000441845	rs74767314	Aca	Cca	T	P	279  	.   0.01	4cczA  260  T
ENSP00000441845	rs61736440	gAt	gGt	D	G	621  	.   0.05	4cczA  581  D
ENSP00000441845	rs61736326	cGc	cAc	R	H	1113 	.   0.04	2o2kA  233  R
ENSP00000441845	rs61736326	cGc	cAc	R	H	1113 	.   0.04	2o2kB  233  R
ENSP00000441845	rs61739582	aAt	aGt	N	S	1171 	.   0.02	2o2kA  291  N
ENSP00000441845	rs61739582	aAt	aGt	N	S	1171 	.   0.02	2o2kB  291  N
ENSP00000441845	rs11799647	Att	Gtt	I	V	1208 	.   0.12	2o2kA  328  I
ENSP00000441845	rs11799647	Att	Gtt	I	V	1208 	.   0.12	2o2kB  328  I
ENSP00000441845	rs76418646	ccC	ccT	P	P	1207 	.   0.16	2o2kA  327  P
ENSP00000441845	rs76418646	ccC	ccT	P	P	1207 	.   0.16	2o2kB  327  P
ENSP00000441953	 rs2307394	aAt	aGt	N	S	78   	.   0.01	5uj7B   62  N
ENSP00000441953	 rs2307394	aAt	aGt	N	S	78   	.   0.01	5uj7E   62  N
ENSP00000441953	 rs2307394	aAt	aGt	N	S	78   	.   0.01	5ujmD   62  N
ENSP00000441953	 rs2307394	aAt	aCt	N	T	78   	.   0.01	5uj7B   62  N
ENSP00000441953	 rs2307394	aAt	aCt	N	T	78   	.   0.01	5uj7E   62  N
ENSP00000441953	 rs2307394	aAt	aCt	N	T	78   	.   0.01	5ujmD   62  N
ENSP00000441998	 rs1058396	Gac	Aac	D	N	148  	.   0.01	4ezcA  245  D
ENSP00000441998	 rs1058396	Gac	Aac	D	N	148  	.   0.01	4ezcB  245  D
ENSP00000441998	 rs1058396	Gac	Aac	D	N	148  	.   0.01	4ezcC  245  D
ENSP00000441998	 rs1058396	Gac	Aac	D	N	148  	.   0.01	4ezdA  245  D
ENSP00000441998	 rs1058396	Gac	Aac	D	N	148  	.   0.01	4ezdB  245  D
ENSP00000441998	 rs1058396	Gac	Aac	D	N	148  	.   0.01	4ezdC  245  D
ENSP00000441998	 rs2298718	ccA	ccG	P	P	64   	.   0.03	4ezcA  161  P
ENSP00000441998	 rs2298718	ccA	ccG	P	P	64   	.   0.03	4ezcB  161  P
ENSP00000441998	 rs2298718	ccA	ccG	P	P	64   	.   0.03	4ezcC  161  P
ENSP00000441998	 rs2298718	ccA	ccG	P	P	64   	.   0.03	4ezdA  161  P
ENSP00000441998	 rs2298718	ccA	ccG	P	P	64   	.   0.03	4ezdB  161  P
ENSP00000441998	 rs2298718	ccA	ccG	P	P	64   	.   0.03	4ezdC  161  P
ENSP00000442008	 rs2967172	gaC	gaT	D	D	623  	.    0.1	5wdeA  157  D
ENSP00000442014	 rs2286612	Ggt	Tgt	G	C	36   	.   0.05	5lf9A   36  G
ENSP00000442014	 rs2286612	Ggt	Tgt	G	C	36   	.   0.05	5lorA   39  G
ENSP00000442014	 rs2286612	Ggt	Tgt	G	C	36   	.   0.05	5lorB   39  G
ENSP00000442014	 rs2286612	Ggt	Tgt	G	C	36   	.   0.05	5louA   36  G
ENSP00000442014	 rs2286612	Ggt	Tgt	G	C	36   	.   0.05	5louB   51  G
ENSP00000442051	    rs6042	caC	caA	H	Q	91   	.   0.13	1danA  105  H
ENSP00000442051	    rs6042	caC	caA	H	Q	91   	.   0.13	1dvaB   74  H
ENSP00000442051	    rs6042	caC	caA	H	Q	91   	.   0.13	1dvaE   74  H
ENSP00000442051	    rs6042	caC	caA	H	Q	91   	.   0.13	1fakA   80  H
ENSP00000442051	    rs6042	caC	caA	H	Q	91   	.   0.13	1j9cB   68  H
ENSP00000442051	    rs6042	caC	caA	H	Q	91   	.   0.13	1kliA   32  H
ENSP00000442051	    rs6042	caC	caA	H	Q	91   	.   0.13	1kljA   27  H
ENSP00000442051	    rs6042	caC	caA	H	Q	91   	.   0.13	1o5dA   69  H
ENSP00000442051	    rs6042	caC	caA	H	Q	91   	.   0.13	1qfkA   67  H
ENSP00000442051	    rs6042	caC	caA	H	Q	91   	.   0.13	1w0yB  106  H
ENSP00000442051	    rs6042	caC	caA	H	Q	91   	.   0.13	1w2kB  106  H
ENSP00000442051	    rs6042	caC	caA	H	Q	91   	.   0.13	1w8bB   28  H
ENSP00000442051	    rs6042	caC	caA	H	Q	91   	.   0.13	1wqvA  105  H
ENSP00000442051	    rs6042	caC	caA	H	Q	91   	.   0.13	1wssA  105  H
ENSP00000442051	    rs6042	caC	caA	H	Q	91   	.   0.13	1wtgA  105  H
ENSP00000442051	    rs6042	caC	caA	H	Q	91   	.   0.13	1wunA  105  H
ENSP00000442051	    rs6042	caC	caA	H	Q	91   	.   0.13	1wv7A  105  H
ENSP00000442051	    rs6042	caC	caA	H	Q	91   	.   0.13	1z6jA  105  H
ENSP00000442051	    rs6042	caC	caA	H	Q	91   	.   0.13	2a2qA  105  H
ENSP00000442051	    rs6042	caC	caA	H	Q	91   	.   0.13	2aeiA  105  H
ENSP00000442051	    rs6042	caC	caA	H	Q	91   	.   0.13	2aerA  105  H
ENSP00000442051	    rs6042	caC	caA	H	Q	91   	.   0.13	2b7dA   67  H
ENSP00000442051	    rs6042	caC	caA	H	Q	91   	.   0.13	2b8oA  105  H
ENSP00000442051	    rs6042	caC	caA	H	Q	91   	.   0.13	2c4fB  102  H
ENSP00000442051	    rs6042	caC	caA	H	Q	91   	.   0.13	2ec9A  105  H
ENSP00000442051	    rs6042	caC	caA	H	Q	91   	.   0.13	2f9bA   67  H
ENSP00000442051	    rs6042	caC	caA	H	Q	91   	.   0.13	2firA  105  H
ENSP00000442051	    rs6042	caC	caA	H	Q	91   	.   0.13	2flbA   69  H
ENSP00000442051	    rs6042	caC	caA	H	Q	91   	.   0.13	2flrA   69  H
ENSP00000442051	    rs6042	caC	caA	H	Q	91   	.   0.13	2puqA   67  H
ENSP00000442051	    rs6042	caC	caA	H	Q	91   	.   0.13	2zp0A  105  H
ENSP00000442051	    rs6042	caC	caA	H	Q	91   	.   0.13	2zwlA  105  H
ENSP00000442051	    rs6042	caC	caA	H	Q	91   	.   0.13	2zzuA  105  H
ENSP00000442051	    rs6042	caC	caA	H	Q	91   	.   0.13	3elaA   68  H
ENSP00000442051	    rs6042	caC	caA	H	Q	91   	.   0.13	3th2A  105  H
ENSP00000442051	    rs6042	caC	caA	H	Q	91   	.   0.13	3th3A   69  H
ENSP00000442051	    rs6042	caC	caA	H	Q	91   	.   0.13	3th4A  105  H
ENSP00000442051	    rs6042	caC	caA	H	Q	91   	.   0.13	4iblA  103  H
ENSP00000442051	    rs6042	caC	caA	H	Q	91   	.   0.13	4ylqA  105  H
ENSP00000442051	    rs6042	caC	caA	H	Q	91   	.   0.13	4yt7B   28  H
ENSP00000442051	    rs6042	caC	caA	H	Q	91   	.   0.13	4z6aA   66  H
ENSP00000442051	    rs6042	caC	caA	H	Q	91   	.   0.13	4zmaA  102  H
ENSP00000442051	    rs6042	caC	caA	H	Q	91   	.   0.13	5l2zB   29  H
ENSP00000442051	    rs6042	caC	caA	H	Q	91   	.   0.13	5l30B   27  H
ENSP00000442051	    rs6042	caC	caA	H	Q	91   	.   0.13	5pa8A   27  H
ENSP00000442051	    rs6042	caC	caA	H	Q	91   	.   0.13	5pa9A   27  H
ENSP00000442051	    rs6042	caC	caA	H	Q	91   	.   0.13	5paaA   27  H
ENSP00000442051	    rs6042	caC	caA	H	Q	91   	.   0.13	5pacA   26  H
ENSP00000442051	    rs6042	caC	caA	H	Q	91   	.   0.13	5paeA   27  H
ENSP00000442051	    rs6042	caC	caA	H	Q	91   	.   0.13	5pafA   27  H
ENSP00000442051	    rs6042	caC	caA	H	Q	91   	.   0.13	5pagA   26  H
ENSP00000442051	    rs6042	caC	caA	H	Q	91   	.   0.13	5paiA   26  H
ENSP00000442051	    rs6042	caC	caA	H	Q	91   	.   0.13	5pajA   27  H
ENSP00000442051	    rs6042	caC	caA	H	Q	91   	.   0.13	5pakA   27  H
ENSP00000442051	    rs6042	caC	caA	H	Q	91   	.   0.13	5pamA   27  H
ENSP00000442051	    rs6042	caC	caA	H	Q	91   	.   0.13	5panA   26  H
ENSP00000442051	    rs6042	caC	caA	H	Q	91   	.   0.13	5paoA   27  H
ENSP00000442051	    rs6042	caC	caA	H	Q	91   	.   0.13	5paqA   27  H
ENSP00000442051	    rs6042	caC	caA	H	Q	91   	.   0.13	5parA   27  H
ENSP00000442051	    rs6042	caC	caA	H	Q	91   	.   0.13	5pasA   27  H
ENSP00000442051	    rs6042	caC	caA	H	Q	91   	.   0.13	5patA   27  H
ENSP00000442051	    rs6042	caC	caA	H	Q	91   	.   0.13	5pauA   27  H
ENSP00000442051	    rs6042	caC	caA	H	Q	91   	.   0.13	5pavA   27  H
ENSP00000442051	    rs6042	caC	caA	H	Q	91   	.   0.13	5pawA   27  H
ENSP00000442051	    rs6042	caC	caA	H	Q	91   	.   0.13	5paxA   27  H
ENSP00000442051	    rs6042	caC	caA	H	Q	91   	.   0.13	5payA   27  H
ENSP00000442051	    rs6042	caC	caA	H	Q	91   	.   0.13	5pb0A   27  H
ENSP00000442051	    rs6042	caC	caA	H	Q	91   	.   0.13	5pb1A   27  H
ENSP00000442051	    rs6042	caC	caA	H	Q	91   	.   0.13	5pb2A   27  H
ENSP00000442051	    rs6042	caC	caA	H	Q	91   	.   0.13	5pb3A   27  H
ENSP00000442051	    rs6042	caC	caA	H	Q	91   	.   0.13	5pb4A   26  H
ENSP00000442051	    rs6042	caC	caA	H	Q	91   	.   0.13	5pb5A   26  H
ENSP00000442051	    rs6042	caC	caA	H	Q	91   	.   0.13	5pb6A   27  H
ENSP00000442051	    rs6042	caC	caT	H	H	91   	.   0.13	1danA  105  H
ENSP00000442051	    rs6042	caC	caT	H	H	91   	.   0.13	1dvaB   74  H
ENSP00000442051	    rs6042	caC	caT	H	H	91   	.   0.13	1dvaE   74  H
ENSP00000442051	    rs6042	caC	caT	H	H	91   	.   0.13	1fakA   80  H
ENSP00000442051	    rs6042	caC	caT	H	H	91   	.   0.13	1j9cB   68  H
ENSP00000442051	    rs6042	caC	caT	H	H	91   	.   0.13	1kliA   32  H
ENSP00000442051	    rs6042	caC	caT	H	H	91   	.   0.13	1kljA   27  H
ENSP00000442051	    rs6042	caC	caT	H	H	91   	.   0.13	1o5dA   69  H
ENSP00000442051	    rs6042	caC	caT	H	H	91   	.   0.13	1qfkA   67  H
ENSP00000442051	    rs6042	caC	caT	H	H	91   	.   0.13	1w0yB  106  H
ENSP00000442051	    rs6042	caC	caT	H	H	91   	.   0.13	1w2kB  106  H
ENSP00000442051	    rs6042	caC	caT	H	H	91   	.   0.13	1w8bB   28  H
ENSP00000442051	    rs6042	caC	caT	H	H	91   	.   0.13	1wqvA  105  H
ENSP00000442051	    rs6042	caC	caT	H	H	91   	.   0.13	1wssA  105  H
ENSP00000442051	    rs6042	caC	caT	H	H	91   	.   0.13	1wtgA  105  H
ENSP00000442051	    rs6042	caC	caT	H	H	91   	.   0.13	1wunA  105  H
ENSP00000442051	    rs6042	caC	caT	H	H	91   	.   0.13	1wv7A  105  H
ENSP00000442051	    rs6042	caC	caT	H	H	91   	.   0.13	1z6jA  105  H
ENSP00000442051	    rs6042	caC	caT	H	H	91   	.   0.13	2a2qA  105  H
ENSP00000442051	    rs6042	caC	caT	H	H	91   	.   0.13	2aeiA  105  H
ENSP00000442051	    rs6042	caC	caT	H	H	91   	.   0.13	2aerA  105  H
ENSP00000442051	    rs6042	caC	caT	H	H	91   	.   0.13	2b7dA   67  H
ENSP00000442051	    rs6042	caC	caT	H	H	91   	.   0.13	2b8oA  105  H
ENSP00000442051	    rs6042	caC	caT	H	H	91   	.   0.13	2c4fB  102  H
ENSP00000442051	    rs6042	caC	caT	H	H	91   	.   0.13	2ec9A  105  H
ENSP00000442051	    rs6042	caC	caT	H	H	91   	.   0.13	2f9bA   67  H
ENSP00000442051	    rs6042	caC	caT	H	H	91   	.   0.13	2firA  105  H
ENSP00000442051	    rs6042	caC	caT	H	H	91   	.   0.13	2flbA   69  H
ENSP00000442051	    rs6042	caC	caT	H	H	91   	.   0.13	2flrA   69  H
ENSP00000442051	    rs6042	caC	caT	H	H	91   	.   0.13	2puqA   67  H
ENSP00000442051	    rs6042	caC	caT	H	H	91   	.   0.13	2zp0A  105  H
ENSP00000442051	    rs6042	caC	caT	H	H	91   	.   0.13	2zwlA  105  H
ENSP00000442051	    rs6042	caC	caT	H	H	91   	.   0.13	2zzuA  105  H
ENSP00000442051	    rs6042	caC	caT	H	H	91   	.   0.13	3elaA   68  H
ENSP00000442051	    rs6042	caC	caT	H	H	91   	.   0.13	3th2A  105  H
ENSP00000442051	    rs6042	caC	caT	H	H	91   	.   0.13	3th3A   69  H
ENSP00000442051	    rs6042	caC	caT	H	H	91   	.   0.13	3th4A  105  H
ENSP00000442051	    rs6042	caC	caT	H	H	91   	.   0.13	4iblA  103  H
ENSP00000442051	    rs6042	caC	caT	H	H	91   	.   0.13	4ylqA  105  H
ENSP00000442051	    rs6042	caC	caT	H	H	91   	.   0.13	4yt7B   28  H
ENSP00000442051	    rs6042	caC	caT	H	H	91   	.   0.13	4z6aA   66  H
ENSP00000442051	    rs6042	caC	caT	H	H	91   	.   0.13	4zmaA  102  H
ENSP00000442051	    rs6042	caC	caT	H	H	91   	.   0.13	5l2zB   29  H
ENSP00000442051	    rs6042	caC	caT	H	H	91   	.   0.13	5l30B   27  H
ENSP00000442051	    rs6042	caC	caT	H	H	91   	.   0.13	5pa8A   27  H
ENSP00000442051	    rs6042	caC	caT	H	H	91   	.   0.13	5pa9A   27  H
ENSP00000442051	    rs6042	caC	caT	H	H	91   	.   0.13	5paaA   27  H
ENSP00000442051	    rs6042	caC	caT	H	H	91   	.   0.13	5pacA   26  H
ENSP00000442051	    rs6042	caC	caT	H	H	91   	.   0.13	5paeA   27  H
ENSP00000442051	    rs6042	caC	caT	H	H	91   	.   0.13	5pafA   27  H
ENSP00000442051	    rs6042	caC	caT	H	H	91   	.   0.13	5pagA   26  H
ENSP00000442051	    rs6042	caC	caT	H	H	91   	.   0.13	5paiA   26  H
ENSP00000442051	    rs6042	caC	caT	H	H	91   	.   0.13	5pajA   27  H
ENSP00000442051	    rs6042	caC	caT	H	H	91   	.   0.13	5pakA   27  H
ENSP00000442051	    rs6042	caC	caT	H	H	91   	.   0.13	5pamA   27  H
ENSP00000442051	    rs6042	caC	caT	H	H	91   	.   0.13	5panA   26  H
ENSP00000442051	    rs6042	caC	caT	H	H	91   	.   0.13	5paoA   27  H
ENSP00000442051	    rs6042	caC	caT	H	H	91   	.   0.13	5paqA   27  H
ENSP00000442051	    rs6042	caC	caT	H	H	91   	.   0.13	5parA   27  H
ENSP00000442051	    rs6042	caC	caT	H	H	91   	.   0.13	5pasA   27  H
ENSP00000442051	    rs6042	caC	caT	H	H	91   	.   0.13	5patA   27  H
ENSP00000442051	    rs6042	caC	caT	H	H	91   	.   0.13	5pauA   27  H
ENSP00000442051	    rs6042	caC	caT	H	H	91   	.   0.13	5pavA   27  H
ENSP00000442051	    rs6042	caC	caT	H	H	91   	.   0.13	5pawA   27  H
ENSP00000442051	    rs6042	caC	caT	H	H	91   	.   0.13	5paxA   27  H
ENSP00000442051	    rs6042	caC	caT	H	H	91   	.   0.13	5payA   27  H
ENSP00000442051	    rs6042	caC	caT	H	H	91   	.   0.13	5pb0A   27  H
ENSP00000442051	    rs6042	caC	caT	H	H	91   	.   0.13	5pb1A   27  H
ENSP00000442051	    rs6042	caC	caT	H	H	91   	.   0.13	5pb2A   27  H
ENSP00000442051	    rs6042	caC	caT	H	H	91   	.   0.13	5pb3A   27  H
ENSP00000442051	    rs6042	caC	caT	H	H	91   	.   0.13	5pb4A   26  H
ENSP00000442051	    rs6042	caC	caT	H	H	91   	.   0.13	5pb5A   26  H
ENSP00000442051	    rs6042	caC	caT	H	H	91   	.   0.13	5pb6A   27  H
ENSP00000442098	rs10828317	aAc	aGc	N	S	192  	.   0.01	1bo1A  219  S
ENSP00000442098	rs10828317	aAc	aGc	N	S	192  	.   0.01	1bo1B  221  S
ENSP00000442098	rs10828317	aAc	aGc	N	S	192  	.   0.01	2ybxA  219  N
ENSP00000442098	rs10828317	aAc	aGc	N	S	192  	.   0.01	2ybxB  220  N
ENSP00000442098	rs10828317	aAc	aGc	N	S	192  	.   0.01	3wzzA  218  S
ENSP00000442098	rs10828317	aAc	aGc	N	S	192  	.   0.01	3wzzB  212  S
ENSP00000442098	rs10828317	aAc	aGc	N	S	192  	.   0.01	3x01A  215  S
ENSP00000442098	rs10828317	aAc	aGc	N	S	192  	.   0.01	3x01B  208  S
ENSP00000442098	rs10828317	aAc	aGc	N	S	192  	.   0.01	3x02A  215  S
ENSP00000442098	rs10828317	aAc	aGc	N	S	192  	.   0.01	3x02B  214  S
ENSP00000442098	rs10828317	aAc	aGc	N	S	192  	.   0.01	3x03A  218  S
ENSP00000442098	rs10828317	aAc	aGc	N	S	192  	.   0.01	3x03B  210  S
ENSP00000442098	rs10828317	aAc	aGc	N	S	192  	.   0.01	3x04A  215  S
ENSP00000442098	rs10828317	aAc	aGc	N	S	192  	.   0.01	3x05A  216  S
ENSP00000442098	rs10828317	aAc	aGc	N	S	192  	.   0.01	3x05B  211  S
ENSP00000442098	rs10828317	aAc	aGc	N	S	192  	.   0.01	3x06A  216  S
ENSP00000442098	rs10828317	aAc	aGc	N	S	192  	.   0.01	3x06B  214  S
ENSP00000442098	rs10828317	aAc	aGc	N	S	192  	.   0.01	3x07A  214  S
ENSP00000442098	rs10828317	aAc	aGc	N	S	192  	.   0.01	3x07B  207  S
ENSP00000442098	rs10828317	aAc	aGc	N	S	192  	.   0.01	3x08A  216  S
ENSP00000442098	rs10828317	aAc	aGc	N	S	192  	.   0.01	3x08B  213  S
ENSP00000442098	rs10828317	aAc	aGc	N	S	192  	.   0.01	3x09A  213  S
ENSP00000442098	rs10828317	aAc	aGc	N	S	192  	.   0.01	3x09B  213  S
ENSP00000442098	rs10828317	aAc	aGc	N	S	192  	.   0.01	3x0aA  216  S
ENSP00000442098	rs10828317	aAc	aGc	N	S	192  	.   0.01	3x0aB  212  S
ENSP00000442098	rs10828317	aAc	aGc	N	S	192  	.   0.01	3x0bA  215  S
ENSP00000442098	rs10828317	aAc	aGc	N	S	192  	.   0.01	3x0bB  208  S
ENSP00000442098	rs10828317	aAc	aGc	N	S	192  	.   0.01	3x0cA  216  S
ENSP00000442098	rs10828317	aAc	aGc	N	S	192  	.   0.01	3x0cB  215  S
ENSP00000442132	 rs1042327	aaT	aaC	N	N	237  	.   0.01	1c9bL  100  N
ENSP00000442132	 rs1042327	aaT	aaC	N	N	237  	.   0.01	1c9bN  100  N
ENSP00000442132	 rs1042327	aaT	aaC	N	N	237  	.   0.01	1c9bP  100  N
ENSP00000442132	 rs1042327	aaT	aaC	N	N	237  	.   0.01	1c9bR  100  N
ENSP00000442132	 rs1042327	aaT	aaC	N	N	237  	.   0.01	1c9bT  100  N
ENSP00000442132	 rs1042327	aaT	aaC	N	N	237  	.   0.01	1cdwC   99  N
ENSP00000442132	 rs1042327	aaT	aaC	N	N	237  	.   0.01	1jfiE  102  N
ENSP00000442132	 rs1042327	aaT	aaC	N	N	237  	.   0.01	1ngmI   99  N
ENSP00000442132	 rs1042327	aaT	aaC	N	N	237  	.   0.01	1ngmK   99  N
ENSP00000442132	 rs1042327	aaT	aaC	N	N	237  	.   0.01	1ngmM   99  N
ENSP00000442132	 rs1042327	aaT	aaC	N	N	237  	.   0.01	1ngmO   99  N
ENSP00000442132	 rs1042327	aaT	aaC	N	N	237  	.   0.01	1nh2C   99  N
ENSP00000442132	 rs1042327	aaT	aaC	N	N	237  	.   0.01	1nvpC   99  N
ENSP00000442132	 rs1042327	aaT	aaC	N	N	237  	.   0.01	1qn3A  102  N
ENSP00000442132	 rs1042327	aaT	aaC	N	N	237  	.   0.01	1qn4A  102  N
ENSP00000442132	 rs1042327	aaT	aaC	N	N	237  	.   0.01	1qn5A  102  N
ENSP00000442132	 rs1042327	aaT	aaC	N	N	237  	.   0.01	1qn5B  106  N
ENSP00000442132	 rs1042327	aaT	aaC	N	N	237  	.   0.01	1qn6A  103  N
ENSP00000442132	 rs1042327	aaT	aaC	N	N	237  	.   0.01	1qn7A  105  N
ENSP00000442132	 rs1042327	aaT	aaC	N	N	237  	.   0.01	1qn7B  106  N
ENSP00000442132	 rs1042327	aaT	aaC	N	N	237  	.   0.01	1qn8A  102  N
ENSP00000442132	 rs1042327	aaT	aaC	N	N	237  	.   0.01	1qn9A  102  N
ENSP00000442132	 rs1042327	aaT	aaC	N	N	237  	.   0.01	1qn9B  106  N
ENSP00000442132	 rs1042327	aaT	aaC	N	N	237  	.   0.01	1qnaA  101  N
ENSP00000442132	 rs1042327	aaT	aaC	N	N	237  	.   0.01	1qnaB  106  N
ENSP00000442132	 rs1042327	aaT	aaC	N	N	237  	.   0.01	1qnbA  102  N
ENSP00000442132	 rs1042327	aaT	aaC	N	N	237  	.   0.01	1qncA  102  N
ENSP00000442132	 rs1042327	aaT	aaC	N	N	237  	.   0.01	1rm1C   99  N
ENSP00000442132	 rs1042327	aaT	aaC	N	N	237  	.   0.01	1tbaB   99  N
ENSP00000442132	 rs1042327	aaT	aaC	N	N	237  	.   0.01	1tbpA   99  N
ENSP00000442132	 rs1042327	aaT	aaC	N	N	237  	.   0.01	1tbpB   99  N
ENSP00000442132	 rs1042327	aaT	aaC	N	N	237  	.   0.01	1tghC   99  N
ENSP00000442132	 rs1042327	aaT	aaC	N	N	237  	.   0.01	1vtlE  105  N
ENSP00000442132	 rs1042327	aaT	aaC	N	N	237  	.   0.01	1vtlF  105  N
ENSP00000442132	 rs1042327	aaT	aaC	N	N	237  	.   0.01	1ytbC   99  N
ENSP00000442132	 rs1042327	aaT	aaC	N	N	237  	.   0.01	1ytbD   99  N
ENSP00000442132	 rs1042327	aaT	aaC	N	N	237  	.   0.01	1ytfC   99  N
ENSP00000442132	 rs1042327	aaT	aaC	N	N	237  	.   0.01	4rocB  101  N
ENSP00000442132	 rs1042327	aaT	aaC	N	N	237  	.   0.01	4rodB  100  N
ENSP00000442132	 rs1042327	aaT	aaC	N	N	237  	.   0.01	4roeB  100  N
ENSP00000442132	 rs1042327	aaT	aaC	N	N	237  	.   0.01	4v1nO   99  N
ENSP00000442132	 rs1042327	aaT	aaC	N	N	237  	.   0.01	4v1oO   99  N
ENSP00000442132	 rs1042327	aaT	aaC	N	N	237  	.   0.01	5fmfS   99  N
ENSP00000442132	 rs1042327	aaT	aaC	N	N	237  	.   0.01	5furA   99  N
ENSP00000442132	 rs1042327	aaT	aaC	N	N	237  	.   0.01	5fywO   99  N
ENSP00000442132	 rs1042327	aaT	aaC	N	N	237  	.   0.01	5fz5O   99  N
ENSP00000442132	 rs1042327	aaT	aaC	N	N	237  	.   0.01	5iy6P  105  N
ENSP00000442132	 rs1042327	aaT	aaC	N	N	237  	.   0.01	5iy7P  105  N
ENSP00000442132	 rs1042327	aaT	aaC	N	N	237  	.   0.01	5iy8P  105  N
ENSP00000442132	 rs1042327	aaT	aaC	N	N	237  	.   0.01	5iy9P  105  N
ENSP00000442132	 rs1042327	aaT	aaC	N	N	237  	.   0.01	5iyaP  105  N
ENSP00000442132	 rs1042327	aaT	aaC	N	N	237  	.   0.01	5iybP  105  N
ENSP00000442132	 rs1042327	aaT	aaC	N	N	237  	.   0.01	5iycP  105  N
ENSP00000442132	 rs1042327	aaT	aaC	N	N	237  	.   0.01	5iydP  105  N
ENSP00000442132	 rs1042327	aaT	aaC	N	N	237  	.   0.01	5n9gB  101  N
ENSP00000442132	 rs1042327	aaT	aaC	N	N	237  	.   0.01	5n9gG  101  N
ENSP00000442132	 rs1042327	aaT	aaC	N	N	237  	.   0.01	5oqjO   99  N
ENSP00000442132	 rs1042327	aaT	aaC	N	N	237  	.   0.01	5oqmO   99  N
ENSP00000442132	 rs1042327	aaT	aaC	N	N	237  	.   0.01	6eu0U   99  N
ENSP00000442132	 rs1042327	aaT	aaC	N	N	237  	.   0.01	6f40R   99  N
ENSP00000442132	 rs1042327	aaT	aaC	N	N	237  	.   0.01	6f41R   99  N
ENSP00000442132	 rs1042327	aaT	aaC	N	N	237  	.   0.01	6f42R   99  N
ENSP00000442132	 rs1042327	aaT	aaC	N	N	237  	.   0.01	6f44R   99  N
ENSP00000442167	 rs3742037	atC	atT	I	I	631  	.   0.01	6bbjA  505  I
ENSP00000442167	 rs3742037	atC	atT	I	I	631  	.   0.01	6bbjB  505  I
ENSP00000442167	 rs3742037	atC	atT	I	I	631  	.   0.01	6bbjC  505  I
ENSP00000442167	 rs3742037	atC	atT	I	I	631  	.   0.01	6bbjD  505  I
ENSP00000442167	 rs3742037	atC	atT	I	I	631  	.   0.01	6c8fA  505  I
ENSP00000442167	 rs3742037	atC	atT	I	I	631  	.   0.01	6c8gA  505  I
ENSP00000442167	 rs3742037	atC	atT	I	I	631  	.   0.01	6c8hA  505  I
ENSP00000442180	 rs1058396	Gac	Aac	D	N	172  	.   0.01	4ezcA  245  D
ENSP00000442180	 rs1058396	Gac	Aac	D	N	172  	.   0.01	4ezcB  245  D
ENSP00000442180	 rs1058396	Gac	Aac	D	N	172  	.   0.01	4ezcC  245  D
ENSP00000442180	 rs1058396	Gac	Aac	D	N	172  	.   0.01	4ezdA  245  D
ENSP00000442180	 rs1058396	Gac	Aac	D	N	172  	.   0.01	4ezdB  245  D
ENSP00000442180	 rs1058396	Gac	Aac	D	N	172  	.   0.01	4ezdC  245  D
ENSP00000442180	 rs2298718	ccA	ccG	P	P	88   	.   0.01	4ezcA  161  P
ENSP00000442180	 rs2298718	ccA	ccG	P	P	88   	.   0.01	4ezcB  161  P
ENSP00000442180	 rs2298718	ccA	ccG	P	P	88   	.   0.01	4ezcC  161  P
ENSP00000442180	 rs2298718	ccA	ccG	P	P	88   	.   0.01	4ezdA  161  P
ENSP00000442180	 rs2298718	ccA	ccG	P	P	88   	.   0.01	4ezdB  161  P
ENSP00000442180	 rs2298718	ccA	ccG	P	P	88   	.   0.01	4ezdC  161  P
ENSP00000442206	rs121909362	Cgc	Tgc	R	C	179  	.   0.03	1a22B  116  R
ENSP00000442206	rs121909362	Cgc	Tgc	R	C	179  	.   0.03	1axiB  116  R
ENSP00000442206	rs121909362	Cgc	Tgc	R	C	179  	.   0.03	1hwgB  121  R
ENSP00000442206	rs121909362	Cgc	Tgc	R	C	179  	.   0.03	1hwgC  115  R
ENSP00000442206	rs121909362	Cgc	Tgc	R	C	179  	.   0.03	1hwhB  120  R
ENSP00000442206	rs121909362	Cgc	Tgc	R	C	179  	.   0.03	1kf9B  118  R
ENSP00000442206	rs121909362	Cgc	Tgc	R	C	179  	.   0.03	1kf9C  102  R
ENSP00000442206	rs121909362	Cgc	Tgc	R	C	179  	.   0.03	1kf9E  120  R
ENSP00000442206	rs121909362	Cgc	Tgc	R	C	179  	.   0.03	1kf9F  111  R
ENSP00000442206	rs121909362	Cgc	Tgc	R	C	179  	.   0.03	2aewA  123  R
ENSP00000442206	rs121909362	Cgc	Tgc	R	C	179  	.   0.03	2aewB  116  R
ENSP00000442206	rs121909362	Cgc	Tgc	R	C	179  	.   0.03	3hhrB  124  R
ENSP00000442206	rs121909362	Cgc	Tgc	R	C	179  	.   0.03	3hhrC  121  R
ENSP00000442226	rs12964819	gaC	gaT	D	D	123  	.   0.08	6cgsA   64  D
ENSP00000442226	rs12964819	gaC	gaT	D	D	123  	.   0.08	6cgsB   64  D
ENSP00000442256	 rs1135029	gcA	gcG	A	A	860  	.   0.01	1z1lA  292  A
ENSP00000442256	 rs1135029	gcA	gcG	A	A	860  	.   0.01	3ibjA  628  A
ENSP00000442256	 rs1135029	gcA	gcG	A	A	860  	.   0.01	3ibjB  606  A
ENSP00000442256	 rs1135029	gcA	gcG	A	A	860  	.   0.01	3itmA  273  A
ENSP00000442256	 rs1135029	gcA	gcG	A	A	860  	.   0.01	3itmB  286  A
ENSP00000442256	 rs1135029	gcA	gcG	A	A	860  	.   0.01	3itmC  281  A
ENSP00000442256	 rs1135029	gcA	gcG	A	A	860  	.   0.01	3itmD  286  A
ENSP00000442256	 rs1135029	gcA	gcG	A	A	860  	.   0.01	3ituA  289  A
ENSP00000442256	 rs1135029	gcA	gcG	A	A	860  	.   0.01	3ituB  285  A
ENSP00000442256	 rs1135029	gcA	gcG	A	A	860  	.   0.01	3ituC  278  A
ENSP00000442256	 rs1135029	gcA	gcG	A	A	860  	.   0.01	3ituD  278  A
ENSP00000442256	 rs1135029	gcA	gcG	A	A	860  	.   0.01	4c1iA  287  A
ENSP00000442256	 rs1135029	gcA	gcG	A	A	860  	.   0.01	4c1iB  288  A
ENSP00000442256	 rs1135029	gcA	gcG	A	A	860  	.   0.01	4c1iC  287  A
ENSP00000442256	 rs1135029	gcA	gcG	A	A	860  	.   0.01	4c1iD  287  A
ENSP00000442256	 rs1135029	gcA	gcG	A	A	860  	.   0.01	4d08A  289  A
ENSP00000442256	 rs1135029	gcA	gcG	A	A	860  	.   0.01	4d08B  288  A
ENSP00000442256	 rs1135029	gcA	gcG	A	A	860  	.   0.01	4d08C  278  A
ENSP00000442256	 rs1135029	gcA	gcG	A	A	860  	.   0.01	4d08D  281  A
ENSP00000442256	 rs1135029	gcA	gcG	A	A	860  	.   0.01	4d09A  289  A
ENSP00000442256	 rs1135029	gcA	gcG	A	A	860  	.   0.01	4d09B  288  A
ENSP00000442256	 rs1135029	gcA	gcG	A	A	860  	.   0.01	4d09C  280  A
ENSP00000442256	 rs1135029	gcA	gcG	A	A	860  	.   0.01	4d09D  278  A
ENSP00000442256	 rs1135029	gcA	gcG	A	A	860  	.   0.01	4htxA  289  A
ENSP00000442256	 rs1135029	gcA	gcG	A	A	860  	.   0.01	4htxB  288  A
ENSP00000442256	 rs1135029	gcA	gcG	A	A	860  	.   0.01	4htxC  277  A
ENSP00000442256	 rs1135029	gcA	gcG	A	A	860  	.   0.01	4htxD  278  A
ENSP00000442256	 rs1135029	gcA	gcG	A	A	860  	.   0.01	4htzA  289  A
ENSP00000442256	 rs1135029	gcA	gcG	A	A	860  	.   0.01	4htzB  288  A
ENSP00000442256	 rs1135029	gcA	gcG	A	A	860  	.   0.01	4htzC  277  A
ENSP00000442256	 rs1135029	gcA	gcG	A	A	860  	.   0.01	4htzD  277  A
ENSP00000442256	 rs1135029	gcA	gcG	A	A	860  	.   0.01	4jibA  291  A
ENSP00000442256	 rs1135029	gcA	gcG	A	A	860  	.   0.01	4jibB  288  A
ENSP00000442256	 rs1135029	gcA	gcG	A	A	860  	.   0.01	4jibC  278  A
ENSP00000442256	 rs1135029	gcA	gcG	A	A	860  	.   0.01	4jibD  286  A
ENSP00000442313	rs34950321	aCc	aTc	T	I	844  	.   0.01	5cjpE   20  T
ENSP00000442313	rs34950321	aCc	aTc	T	I	844  	.   0.01	5cjpF   20  T
ENSP00000442324	rs11549022	gtA	gtG	V	V	351  	.   0.02	1egcA  353  V
ENSP00000442324	rs11549022	gtA	gtG	V	V	351  	.   0.02	1egcB  353  V
ENSP00000442324	rs11549022	gtA	gtG	V	V	351  	.   0.02	1egcC  353  V
ENSP00000442324	rs11549022	gtA	gtG	V	V	351  	.   0.02	1egcD  353  V
ENSP00000442324	rs11549022	gtA	gtG	V	V	351  	.   0.02	1egdA  353  V
ENSP00000442324	rs11549022	gtA	gtG	V	V	351  	.   0.02	1egdB  353  V
ENSP00000442324	rs11549022	gtA	gtG	V	V	351  	.   0.02	1egdC  353  V
ENSP00000442324	rs11549022	gtA	gtG	V	V	351  	.   0.02	1egdD  353  V
ENSP00000442324	rs11549022	gtA	gtG	V	V	351  	.   0.02	1egeA  353  V
ENSP00000442324	rs11549022	gtA	gtG	V	V	351  	.   0.02	1egeB  353  V
ENSP00000442324	rs11549022	gtA	gtG	V	V	351  	.   0.02	1egeC  353  V
ENSP00000442324	rs11549022	gtA	gtG	V	V	351  	.   0.02	1egeD  353  V
ENSP00000442324	rs11549022	gtA	gtG	V	V	351  	.   0.02	1t9gA  353  V
ENSP00000442324	rs11549022	gtA	gtG	V	V	351  	.   0.02	1t9gB  353  V
ENSP00000442324	rs11549022	gtA	gtG	V	V	351  	.   0.02	1t9gC  354  V
ENSP00000442324	rs11549022	gtA	gtG	V	V	351  	.   0.02	1t9gD  353  V
ENSP00000442324	rs11549022	gtA	gtG	V	V	351  	.   0.02	1udyA  352  V
ENSP00000442324	rs11549022	gtA	gtG	V	V	351  	.   0.02	1udyB  352  V
ENSP00000442324	rs11549022	gtA	gtG	V	V	351  	.   0.02	1udyC  352  V
ENSP00000442324	rs11549022	gtA	gtG	V	V	351  	.   0.02	1udyD  352  V
ENSP00000442324	rs11549022	gtA	gtG	V	V	351  	.   0.02	2a1tA  353  V
ENSP00000442324	rs11549022	gtA	gtG	V	V	351  	.   0.02	2a1tB  353  V
ENSP00000442324	rs11549022	gtA	gtG	V	V	351  	.   0.02	2a1tC  354  V
ENSP00000442324	rs11549022	gtA	gtG	V	V	351  	.   0.02	2a1tD  353  V
ENSP00000442324	rs11549022	gtA	gtG	V	V	351  	.   0.02	3mddA  352  V
ENSP00000442324	rs11549022	gtA	gtG	V	V	351  	.   0.02	3mddB  352  V
ENSP00000442324	rs11549022	gtA	gtG	V	V	351  	.   0.02	3mdeA  352  V
ENSP00000442324	rs11549022	gtA	gtG	V	V	351  	.   0.02	3mdeB  352  V
ENSP00000442324	rs11549022	gtA	gtG	V	V	351  	.   0.02	4p13A  353  V
ENSP00000442324	rs11549022	gtA	gtG	V	V	351  	.   0.02	4p13B  353  V
ENSP00000442324	rs11549022	gtA	gtG	V	V	351  	.   0.02	4p13C  353  V
ENSP00000442324	rs11549022	gtA	gtG	V	V	351  	.   0.02	4p13D  353  V
ENSP00000442336	rs78919340	agC	agG	S	R	243  	.   0.07	4cgyA  223  S
ENSP00000442336	rs78919340	agC	agG	S	R	243  	.   0.07	4chtA  223  S
ENSP00000442343	 rs1058930	atC	atG	I	M	194  	.   0.08	1pq2A  237  I
ENSP00000442343	 rs1058930	atC	atG	I	M	194  	.   0.08	1pq2B  237  I
ENSP00000442343	 rs1058930	atC	atG	I	M	194  	.   0.08	2nnhA  237  I
ENSP00000442343	 rs1058930	atC	atG	I	M	194  	.   0.08	2nnhB  237  I
ENSP00000442343	 rs1058930	atC	atG	I	M	194  	.   0.08	2nniA  237  I
ENSP00000442343	 rs1058930	atC	atG	I	M	194  	.   0.08	2nnjA  237  I
ENSP00000442343	 rs1058930	atC	atG	I	M	194  	.   0.08	2vn0A  237  I
ENSP00000442343	 rs1058930	atC	atT	I	I	194  	.   0.08	1pq2A  237  I
ENSP00000442343	 rs1058930	atC	atT	I	I	194  	.   0.08	1pq2B  237  I
ENSP00000442343	 rs1058930	atC	atT	I	I	194  	.   0.08	2nnhA  237  I
ENSP00000442343	 rs1058930	atC	atT	I	I	194  	.   0.08	2nnhB  237  I
ENSP00000442343	 rs1058930	atC	atT	I	I	194  	.   0.08	2nniA  237  I
ENSP00000442343	 rs1058930	atC	atT	I	I	194  	.   0.08	2nnjA  237  I
ENSP00000442343	 rs1058930	atC	atT	I	I	194  	.   0.08	2vn0A  237  I
ENSP00000442343	rs10509681	aAa	aGa	K	R	329  	.   0.04	1pq2A  372  K
ENSP00000442343	rs10509681	aAa	aGa	K	R	329  	.   0.04	1pq2B  372  K
ENSP00000442343	rs10509681	aAa	aGa	K	R	329  	.   0.04	2nnhA  372  K
ENSP00000442343	rs10509681	aAa	aGa	K	R	329  	.   0.04	2nnhB  372  K
ENSP00000442343	rs10509681	aAa	aGa	K	R	329  	.   0.04	2nniA  372  K
ENSP00000442343	rs10509681	aAa	aGa	K	R	329  	.   0.04	2nnjA  372  K
ENSP00000442343	rs10509681	aAa	aGa	K	R	329  	.   0.04	2vn0A  372  K
ENSP00000442343	rs72558194	tTa	tCa	L	S	320  	.   0.01	1pq2A  363  L
ENSP00000442343	rs72558194	tTa	tCa	L	S	320  	.   0.01	1pq2B  363  L
ENSP00000442343	rs72558194	tTa	tCa	L	S	320  	.   0.01	2nnhA  363  L
ENSP00000442343	rs72558194	tTa	tCa	L	S	320  	.   0.01	2nnhB  363  L
ENSP00000442343	rs72558194	tTa	tCa	L	S	320  	.   0.01	2nniA  363  L
ENSP00000442343	rs72558194	tTa	tCa	L	S	320  	.   0.01	2nnjA  363  L
ENSP00000442343	rs72558194	tTa	tCa	L	S	320  	.   0.01	2vn0A  363  L
ENSP00000442343	rs11572103	Atc	Ttc	I	F	199  	.   0.16	1pq2A  242  I
ENSP00000442343	rs11572103	Atc	Ttc	I	F	199  	.   0.16	1pq2B  242  I
ENSP00000442343	rs11572103	Atc	Ttc	I	F	199  	.   0.16	2nnhA  242  I
ENSP00000442343	rs11572103	Atc	Ttc	I	F	199  	.   0.16	2nnhB  242  I
ENSP00000442343	rs11572103	Atc	Ttc	I	F	199  	.   0.16	2nniA  242  I
ENSP00000442343	rs11572103	Atc	Ttc	I	F	199  	.   0.16	2nnjA  242  I
ENSP00000442343	rs11572103	Atc	Ttc	I	F	199  	.   0.16	2vn0A  242  I
ENSP00000442343	rs11572102	Att	Gtt	I	V	174  	.   0.03	1pq2A  217  I
ENSP00000442343	rs11572102	Att	Gtt	I	V	174  	.   0.03	1pq2B  217  I
ENSP00000442343	rs11572102	Att	Gtt	I	V	174  	.   0.03	2nnhA  217  I
ENSP00000442343	rs11572102	Att	Gtt	I	V	174  	.   0.03	2nnhB  217  I
ENSP00000442343	rs11572102	Att	Gtt	I	V	174  	.   0.03	2nniA  217  I
ENSP00000442343	rs11572102	Att	Gtt	I	V	174  	.   0.03	2nnjA  217  I
ENSP00000442343	rs11572102	Att	Gtt	I	V	174  	.   0.03	2vn0A  217  I
ENSP00000442343	rs11572081	aaG	aaC	K	N	90   	.   0.03	1pq2A  133  K
ENSP00000442343	rs11572081	aaG	aaC	K	N	90   	.   0.03	1pq2B  133  K
ENSP00000442343	rs11572081	aaG	aaC	K	N	90   	.   0.03	2nnhA  133  K
ENSP00000442343	rs11572081	aaG	aaC	K	N	90   	.   0.03	2nnhB  133  K
ENSP00000442343	rs11572081	aaG	aaC	K	N	90   	.   0.03	2nniA  133  K
ENSP00000442343	rs11572081	aaG	aaC	K	N	90   	.   0.03	2nnjA  133  K
ENSP00000442343	rs11572081	aaG	aaC	K	N	90   	.   0.03	2vn0A  133  K
ENSP00000442343	rs11572080	aGg	aTg	R	M	69   	.   0.12	1pq2A  112  R
ENSP00000442343	rs11572080	aGg	aTg	R	M	69   	.   0.12	1pq2B  112  R
ENSP00000442343	rs11572080	aGg	aTg	R	M	69   	.   0.12	2nnhA  112  R
ENSP00000442343	rs11572080	aGg	aTg	R	M	69   	.   0.12	2nnhB  112  R
ENSP00000442343	rs11572080	aGg	aTg	R	M	69   	.   0.12	2nniA  112  R
ENSP00000442343	rs11572080	aGg	aTg	R	M	69   	.   0.12	2nnjA  112  R
ENSP00000442343	rs11572080	aGg	aTg	R	M	69   	.   0.12	2vn0A  112  R
ENSP00000442343	rs11572080	aGg	aAg	R	K	69   	.   0.12	1pq2A  112  R
ENSP00000442343	rs11572080	aGg	aAg	R	K	69   	.   0.12	1pq2B  112  R
ENSP00000442343	rs11572080	aGg	aAg	R	K	69   	.   0.12	2nnhA  112  R
ENSP00000442343	rs11572080	aGg	aAg	R	K	69   	.   0.12	2nnhB  112  R
ENSP00000442343	rs11572080	aGg	aAg	R	K	69   	.   0.12	2nniA  112  R
ENSP00000442343	rs11572080	aGg	aAg	R	K	69   	.   0.12	2nnjA  112  R
ENSP00000442343	rs11572080	aGg	aAg	R	K	69   	.   0.12	2vn0A  112  R
ENSP00000442343	rs11188150	caC	caT	H	H	283  	.   0.04	1pq2A  326  H
ENSP00000442343	rs11188150	caC	caT	H	H	283  	.   0.04	1pq2B  326  H
ENSP00000442343	rs11188150	caC	caT	H	H	283  	.   0.04	2nnhA  326  H
ENSP00000442343	rs11188150	caC	caT	H	H	283  	.   0.04	2nnhB  326  H
ENSP00000442343	rs11188150	caC	caT	H	H	283  	.   0.04	2nniA  326  H
ENSP00000442343	rs11188150	caC	caT	H	H	283  	.   0.04	2nnjA  326  H
ENSP00000442343	rs11188150	caC	caT	H	H	283  	.   0.04	2vn0A  326  H
ENSP00000442343	rs11572081	aaG	aaA	K	K	90   	.   0.03	1pq2A  133  K
ENSP00000442343	rs11572081	aaG	aaA	K	K	90   	.   0.03	1pq2B  133  K
ENSP00000442343	rs11572081	aaG	aaA	K	K	90   	.   0.03	2nnhA  133  K
ENSP00000442343	rs11572081	aaG	aaA	K	K	90   	.   0.03	2nnhB  133  K
ENSP00000442343	rs11572081	aaG	aaA	K	K	90   	.   0.03	2nniA  133  K
ENSP00000442343	rs11572081	aaG	aaA	K	K	90   	.   0.03	2nnjA  133  K
ENSP00000442343	rs11572081	aaG	aaA	K	K	90   	.   0.03	2vn0A  133  K
ENSP00000442345	rs45627734	cgG	cgA	R	R	201  	.   0.01	1b3jA  200  W
ENSP00000442345	rs45627734	cgG	cgA	R	R	201  	.   0.01	1hyrC  211  W
ENSP00000442345	rs45627734	cgG	cgA	R	R	201  	.   0.01	1je6A  211  R
ENSP00000442345	rs45627734	cgG	cgT	R	R	201  	.   0.01	1b3jA  200  W
ENSP00000442345	rs45627734	cgG	cgT	R	R	201  	.   0.01	1hyrC  211  W
ENSP00000442345	rs45627734	cgG	cgT	R	R	201  	.   0.01	1je6A  211  R
ENSP00000442371	   rs27141	ccA	ccG	P	P	545  	.   0.02	2a2nA   93  P
ENSP00000442371	   rs27141	ccA	ccG	P	P	545  	.   0.02	2a2nB   93  P
ENSP00000442371	   rs27141	ccA	ccG	P	P	545  	.   0.02	2a2nC   94  P
ENSP00000442389	rs11053646	aaG	aaC	K	N	114  	.   0.02	1ypoA   26  K
ENSP00000442389	rs11053646	aaG	aaC	K	N	114  	.   0.02	1ypoB   27  K
ENSP00000442389	rs11053646	aaG	aaC	K	N	114  	.   0.02	1ypoC   27  K
ENSP00000442389	rs11053646	aaG	aaC	K	N	114  	.   0.02	1ypoD   26  K
ENSP00000442389	rs11053646	aaG	aaC	K	N	114  	.   0.02	1ypoE   26  K
ENSP00000442389	rs11053646	aaG	aaC	K	N	114  	.   0.02	1ypoF   27  K
ENSP00000442389	rs11053646	aaG	aaC	K	N	114  	.   0.02	1ypoG   27  K
ENSP00000442389	rs11053646	aaG	aaC	K	N	114  	.   0.02	1ypoH   26  K
ENSP00000442389	rs11053646	aaG	aaC	K	N	114  	.   0.02	1ypqA   28  K
ENSP00000442389	rs11053646	aaG	aaC	K	N	114  	.   0.02	1ypqB   32  K
ENSP00000442389	rs11053646	aaG	aaC	K	N	114  	.   0.02	1ypuA   28  K
ENSP00000442389	rs11053646	aaG	aaC	K	N	114  	.   0.02	1ypuB   32  K
ENSP00000442389	rs11053646	aaG	aaC	K	N	114  	.   0.02	1yxjA   25  K
ENSP00000442389	rs11053646	aaG	aaC	K	N	114  	.   0.02	1yxjB   25  K
ENSP00000442389	rs11053646	aaG	aaC	K	N	114  	.   0.02	1yxkA   27  K
ENSP00000442389	rs11053646	aaG	aaC	K	N	114  	.   0.02	1yxkB   32  K
ENSP00000442389	rs11053646	aaG	aaC	K	N	114  	.   0.02	3vlgA   25  K
ENSP00000442470	  rs208294	Tat	Aat	Y	N	155  	.   0.01	5u1lA  122  Y
ENSP00000442470	  rs208294	Tat	Aat	Y	N	155  	.   0.01	5u1uA  122  Y
ENSP00000442470	  rs208294	Tat	Aat	Y	N	155  	.   0.01	5u1vA  124  Y
ENSP00000442470	  rs208294	Tat	Aat	Y	N	155  	.   0.01	5u1wA  125  Y
ENSP00000442470	  rs208294	Tat	Aat	Y	N	155  	.   0.01	5u1xA  125  Y
ENSP00000442470	  rs208294	Tat	Aat	Y	N	155  	.   0.01	5u1yA  122  Y
ENSP00000442470	  rs208294	Tat	Aat	Y	N	155  	.   0.01	5u2hA  122  Y
ENSP00000442470	  rs208294	Tat	Aat	Y	N	155  	.   0.01	5u2hB  115  Y
ENSP00000442470	  rs208294	Tat	Cat	Y	H	155  	.   0.01	5u1lA  122  Y
ENSP00000442470	  rs208294	Tat	Cat	Y	H	155  	.   0.01	5u1uA  122  Y
ENSP00000442470	  rs208294	Tat	Cat	Y	H	155  	.   0.01	5u1vA  124  Y
ENSP00000442470	  rs208294	Tat	Cat	Y	H	155  	.   0.01	5u1wA  125  Y
ENSP00000442470	  rs208294	Tat	Cat	Y	H	155  	.   0.01	5u1xA  125  Y
ENSP00000442470	  rs208294	Tat	Cat	Y	H	155  	.   0.01	5u1yA  122  Y
ENSP00000442470	  rs208294	Tat	Cat	Y	H	155  	.   0.01	5u2hA  122  Y
ENSP00000442470	  rs208294	Tat	Cat	Y	H	155  	.   0.01	5u2hB  115  Y
ENSP00000442470	  rs208294	Tat	Gat	Y	D	155  	.   0.01	5u1lA  122  Y
ENSP00000442470	  rs208294	Tat	Gat	Y	D	155  	.   0.01	5u1uA  122  Y
ENSP00000442470	  rs208294	Tat	Gat	Y	D	155  	.   0.01	5u1vA  124  Y
ENSP00000442470	  rs208294	Tat	Gat	Y	D	155  	.   0.01	5u1wA  125  Y
ENSP00000442470	  rs208294	Tat	Gat	Y	D	155  	.   0.01	5u1xA  125  Y
ENSP00000442470	  rs208294	Tat	Gat	Y	D	155  	.   0.01	5u1yA  122  Y
ENSP00000442470	  rs208294	Tat	Gat	Y	D	155  	.   0.01	5u2hA  122  Y
ENSP00000442470	  rs208294	Tat	Gat	Y	D	155  	.   0.01	5u2hB  115  Y
ENSP00000442470	rs28360447	Gga	Aga	G	R	150  	.   0.03	5u1lA  117  G
ENSP00000442470	rs28360447	Gga	Aga	G	R	150  	.   0.03	5u1uA  117  G
ENSP00000442470	rs28360447	Gga	Aga	G	R	150  	.   0.03	5u1vA  119  G
ENSP00000442470	rs28360447	Gga	Aga	G	R	150  	.   0.03	5u1wA  120  G
ENSP00000442470	rs28360447	Gga	Aga	G	R	150  	.   0.03	5u1xA  120  G
ENSP00000442470	rs28360447	Gga	Aga	G	R	150  	.   0.03	5u1yA  117  G
ENSP00000442470	rs28360447	Gga	Aga	G	R	150  	.   0.03	5u2hA  117  G
ENSP00000442470	rs28360447	Gga	Aga	G	R	150  	.   0.03	5u2hB  110  G
ENSP00000442470	rs28360457	cGg	cAg	R	Q	218  	.   0.01	5u1lA  274  R
ENSP00000442470	rs28360457	cGg	cAg	R	Q	218  	.   0.01	5u1uA  274  R
ENSP00000442470	rs28360457	cGg	cAg	R	Q	218  	.   0.01	5u1vA  276  R
ENSP00000442470	rs28360457	cGg	cAg	R	Q	218  	.   0.01	5u1wA  277  R
ENSP00000442470	rs28360457	cGg	cAg	R	Q	218  	.   0.01	5u1xA  277  R
ENSP00000442470	rs28360457	cGg	cAg	R	Q	218  	.   0.01	5u1yA  274  R
ENSP00000442470	rs28360457	cGg	cAg	R	Q	218  	.   0.01	5u2hA  264  R
ENSP00000442470	rs28360457	cGg	cAg	R	Q	218  	.   0.01	5u2hB  267  R
ENSP00000442472	 rs7975614	Gta	Tta	V	L	483  	.   0.04	3s94A  440  V
ENSP00000442472	 rs7975614	Gta	Tta	V	L	483  	.   0.04	3s94B  437  V
ENSP00000442472	 rs7975614	Gta	Tta	V	L	483  	.   0.04	4dg6A  464  V
ENSP00000442472	 rs7975614	Gta	Tta	V	L	483  	.   0.04	5gjeA  464  V
ENSP00000442472	 rs7975614	Gta	Ata	V	I	483  	.   0.04	3s94A  440  V
ENSP00000442472	 rs7975614	Gta	Ata	V	I	483  	.   0.04	3s94B  437  V
ENSP00000442472	 rs7975614	Gta	Ata	V	I	483  	.   0.04	4dg6A  464  V
ENSP00000442472	 rs7975614	Gta	Ata	V	I	483  	.   0.04	5gjeA  464  V
ENSP00000442479	 rs2289765	gcA	gcG	A	A	540  	*   0.52	5h64B  462  A
ENSP00000442479	 rs2289765	gcA	gcG	A	A	540  	*   0.52	5h64E  462  A
ENSP00000442479	 rs1567962	gcC	gcT	A	A	881  	.   0.05	5h64B  615  A
ENSP00000442479	 rs1567962	gcC	gcT	A	A	881  	.   0.05	5h64E  615  A
ENSP00000442482	  rs362129	aaC	aaT	N	N	53   	.   0.01	3lgdA   25  N
ENSP00000442482	  rs362129	aaC	aaT	N	N	53   	.   0.01	3lgdB   25  N
ENSP00000442482	  rs362129	aaC	aaT	N	N	53   	.   0.01	3lggA   25  N
ENSP00000442482	  rs362129	aaC	aaT	N	N	53   	.   0.01	3lggB   25  N
ENSP00000442563	rs61751983	gaT	gaG	D	E	386  	.   0.04	1g5hA  294  D
ENSP00000442563	rs61751983	gaT	gaG	D	E	386  	.   0.04	1g5hB  295  D
ENSP00000442563	rs61751983	gaT	gaG	D	E	386  	.   0.04	1g5hC  294  D
ENSP00000442563	rs61751983	gaT	gaG	D	E	386  	.   0.04	1g5hD  305  D
ENSP00000442563	rs61751983	gaT	gaG	D	E	386  	.   0.04	1g5iA  296  D
ENSP00000442563	rs61751983	gaT	gaG	D	E	386  	.   0.04	1g5iB  297  D
ENSP00000442563	rs61751983	gaT	gaG	D	E	386  	.   0.04	1g5iC  296  D
ENSP00000442563	rs61751983	gaT	gaG	D	E	386  	.   0.04	1g5iD  307  D
ENSP00000442563	rs61751983	gaT	gaG	D	E	386  	.   0.04	2g4cA  298  D
ENSP00000442563	rs61751983	gaT	gaG	D	E	386  	.   0.04	2g4cB  298  D
ENSP00000442563	rs61751983	gaT	gaG	D	E	386  	.   0.04	2g4cC  298  D
ENSP00000442563	rs61751983	gaT	gaG	D	E	386  	.   0.04	2g4cD  298  D
ENSP00000442563	rs61751983	gaT	gaG	D	E	386  	.   0.04	3iklA  265  D
ENSP00000442563	rs61751983	gaT	gaG	D	E	386  	.   0.04	3iklB  265  D
ENSP00000442563	rs61751983	gaT	gaG	D	E	386  	.   0.04	3ikmB  256  D
ENSP00000442563	rs61751983	gaT	gaG	D	E	386  	.   0.04	3ikmC  297  D
ENSP00000442563	rs61751983	gaT	gaG	D	E	386  	.   0.04	3ikmE  256  D
ENSP00000442563	rs61751983	gaT	gaG	D	E	386  	.   0.04	3ikmF  297  D
ENSP00000442563	rs61751983	gaT	gaG	D	E	386  	.   0.04	4ztuB  264  D
ENSP00000442563	rs61751983	gaT	gaG	D	E	386  	.   0.04	4ztuC  258  D
ENSP00000442563	rs61751983	gaT	gaG	D	E	386  	.   0.04	4ztzB  264  D
ENSP00000442563	rs61751983	gaT	gaG	D	E	386  	.   0.04	4ztzC  259  D
ENSP00000442563	rs61751983	gaT	gaG	D	E	386  	.   0.04	5c51B  264  D
ENSP00000442563	rs61751983	gaT	gaG	D	E	386  	.   0.04	5c51C  259  D
ENSP00000442563	rs61751983	gaT	gaG	D	E	386  	.   0.04	5c52B  264  D
ENSP00000442563	rs61751983	gaT	gaG	D	E	386  	.   0.04	5c52C  259  D
ENSP00000442563	rs61751983	gaT	gaG	D	E	386  	.   0.04	5c53B  264  D
ENSP00000442563	rs61751983	gaT	gaG	D	E	386  	.   0.04	5c53C  259  D
ENSP00000442572	  rs208294	Tat	Aat	Y	N	155  	.   0.02	5u1lA  122  Y
ENSP00000442572	  rs208294	Tat	Aat	Y	N	155  	.   0.02	5u1uA  122  Y
ENSP00000442572	  rs208294	Tat	Aat	Y	N	155  	.   0.02	5u1vA  124  Y
ENSP00000442572	  rs208294	Tat	Aat	Y	N	155  	.   0.02	5u1wA  125  Y
ENSP00000442572	  rs208294	Tat	Aat	Y	N	155  	.   0.02	5u1xA  125  Y
ENSP00000442572	  rs208294	Tat	Aat	Y	N	155  	.   0.02	5u1yA  122  Y
ENSP00000442572	  rs208294	Tat	Aat	Y	N	155  	.   0.02	5u2hA  122  Y
ENSP00000442572	  rs208294	Tat	Aat	Y	N	155  	.   0.02	5u2hB  115  Y
ENSP00000442572	  rs208294	Tat	Cat	Y	H	155  	.   0.02	5u1lA  122  Y
ENSP00000442572	  rs208294	Tat	Cat	Y	H	155  	.   0.02	5u1uA  122  Y
ENSP00000442572	  rs208294	Tat	Cat	Y	H	155  	.   0.02	5u1vA  124  Y
ENSP00000442572	  rs208294	Tat	Cat	Y	H	155  	.   0.02	5u1wA  125  Y
ENSP00000442572	  rs208294	Tat	Cat	Y	H	155  	.   0.02	5u1xA  125  Y
ENSP00000442572	  rs208294	Tat	Cat	Y	H	155  	.   0.02	5u1yA  122  Y
ENSP00000442572	  rs208294	Tat	Cat	Y	H	155  	.   0.02	5u2hA  122  Y
ENSP00000442572	  rs208294	Tat	Cat	Y	H	155  	.   0.02	5u2hB  115  Y
ENSP00000442572	  rs208294	Tat	Gat	Y	D	155  	.   0.02	5u1lA  122  Y
ENSP00000442572	  rs208294	Tat	Gat	Y	D	155  	.   0.02	5u1uA  122  Y
ENSP00000442572	  rs208294	Tat	Gat	Y	D	155  	.   0.02	5u1vA  124  Y
ENSP00000442572	  rs208294	Tat	Gat	Y	D	155  	.   0.02	5u1wA  125  Y
ENSP00000442572	  rs208294	Tat	Gat	Y	D	155  	.   0.02	5u1xA  125  Y
ENSP00000442572	  rs208294	Tat	Gat	Y	D	155  	.   0.02	5u1yA  122  Y
ENSP00000442572	  rs208294	Tat	Gat	Y	D	155  	.   0.02	5u2hA  122  Y
ENSP00000442572	  rs208294	Tat	Gat	Y	D	155  	.   0.02	5u2hB  115  Y
ENSP00000442572	 rs7958311	cGt	cAt	R	H	270  	.   0.01	5u1lA  237  R
ENSP00000442572	 rs7958311	cGt	cAt	R	H	270  	.   0.01	5u1uA  237  R
ENSP00000442572	 rs7958311	cGt	cAt	R	H	270  	.   0.01	5u1vA  239  R
ENSP00000442572	 rs7958311	cGt	cAt	R	H	270  	.   0.01	5u1wA  240  R
ENSP00000442572	 rs7958311	cGt	cAt	R	H	270  	.   0.01	5u1xA  240  R
ENSP00000442572	 rs7958311	cGt	cAt	R	H	270  	.   0.01	5u1yA  237  R
ENSP00000442572	 rs7958311	cGt	cAt	R	H	270  	.   0.01	5u2hA  231  R
ENSP00000442572	 rs7958311	cGt	cAt	R	H	270  	.   0.01	5u2hB  230  R
ENSP00000442572	 rs7958311	cGt	cCt	R	P	270  	.   0.01	5u1lA  237  R
ENSP00000442572	 rs7958311	cGt	cCt	R	P	270  	.   0.01	5u1uA  237  R
ENSP00000442572	 rs7958311	cGt	cCt	R	P	270  	.   0.01	5u1vA  239  R
ENSP00000442572	 rs7958311	cGt	cCt	R	P	270  	.   0.01	5u1wA  240  R
ENSP00000442572	 rs7958311	cGt	cCt	R	P	270  	.   0.01	5u1xA  240  R
ENSP00000442572	 rs7958311	cGt	cCt	R	P	270  	.   0.01	5u1yA  237  R
ENSP00000442572	 rs7958311	cGt	cCt	R	P	270  	.   0.01	5u2hA  231  R
ENSP00000442572	 rs7958311	cGt	cCt	R	P	270  	.   0.01	5u2hB  230  R
ENSP00000442572	 rs7958316	cGt	cAt	R	H	276  	.   0.03	5u1lA  243  R
ENSP00000442572	 rs7958316	cGt	cAt	R	H	276  	.   0.03	5u1uA  243  R
ENSP00000442572	 rs7958316	cGt	cAt	R	H	276  	.   0.03	5u1vA  245  R
ENSP00000442572	 rs7958316	cGt	cAt	R	H	276  	.   0.03	5u1wA  246  R
ENSP00000442572	 rs7958316	cGt	cAt	R	H	276  	.   0.03	5u1xA  246  R
ENSP00000442572	 rs7958316	cGt	cAt	R	H	276  	.   0.03	5u1yA  243  R
ENSP00000442572	 rs7958316	cGt	cAt	R	H	276  	.   0.03	5u2hA  237  R
ENSP00000442572	 rs7958316	cGt	cAt	R	H	276  	.   0.03	5u2hB  236  R
ENSP00000442572	rs28360447	Gga	Aga	G	R	150  	.   0.06	5u1lA  117  G
ENSP00000442572	rs28360447	Gga	Aga	G	R	150  	.   0.06	5u1uA  117  G
ENSP00000442572	rs28360447	Gga	Aga	G	R	150  	.   0.06	5u1vA  119  G
ENSP00000442572	rs28360447	Gga	Aga	G	R	150  	.   0.06	5u1wA  120  G
ENSP00000442572	rs28360447	Gga	Aga	G	R	150  	.   0.06	5u1xA  120  G
ENSP00000442572	rs28360447	Gga	Aga	G	R	150  	.   0.06	5u1yA  117  G
ENSP00000442572	rs28360447	Gga	Aga	G	R	150  	.   0.06	5u2hA  117  G
ENSP00000442572	rs28360447	Gga	Aga	G	R	150  	.   0.06	5u2hB  110  G
ENSP00000442572	rs28360457	cGg	cAg	R	Q	307  	.   0.02	5u1lA  274  R
ENSP00000442572	rs28360457	cGg	cAg	R	Q	307  	.   0.02	5u1uA  274  R
ENSP00000442572	rs28360457	cGg	cAg	R	Q	307  	.   0.02	5u1vA  276  R
ENSP00000442572	rs28360457	cGg	cAg	R	Q	307  	.   0.02	5u1wA  277  R
ENSP00000442572	rs28360457	cGg	cAg	R	Q	307  	.   0.02	5u1xA  277  R
ENSP00000442572	rs28360457	cGg	cAg	R	Q	307  	.   0.02	5u1yA  274  R
ENSP00000442572	rs28360457	cGg	cAg	R	Q	307  	.   0.02	5u2hA  264  R
ENSP00000442572	rs28360457	cGg	cAg	R	Q	307  	.   0.02	5u2hB  267  R
ENSP00000442697	 rs4987188	gGc	gAc	G	D	256  	.    0.2	2o8bC  307  G
ENSP00000442697	 rs4987188	gGc	gAc	G	D	256  	.    0.2	2o8cC  306  G
ENSP00000442697	 rs4987188	gGc	gAc	G	D	256  	.    0.2	2o8dC  306  G
ENSP00000442697	 rs4987188	gGc	gAc	G	D	256  	.    0.2	2o8eC  300  G
ENSP00000442697	 rs4987188	gGc	gAc	G	D	256  	.    0.2	2o8fC  308  G
ENSP00000442697	 rs4987188	gGc	gTc	G	V	256  	.    0.2	2o8bC  307  G
ENSP00000442697	 rs4987188	gGc	gTc	G	V	256  	.    0.2	2o8cC  306  G
ENSP00000442697	 rs4987188	gGc	gTc	G	V	256  	.    0.2	2o8dC  306  G
ENSP00000442697	 rs4987188	gGc	gTc	G	V	256  	.    0.2	2o8eC  300  G
ENSP00000442697	 rs4987188	gGc	gTc	G	V	256  	.    0.2	2o8fC  308  G
ENSP00000442715	 rs7751270	Cgc	Tgc	R	C	192  	.   0.04	2dkxA   69  R
ENSP00000442738	 rs3742037	atC	atT	I	I	618  	.   0.01	6bbjA  505  I
ENSP00000442738	 rs3742037	atC	atT	I	I	618  	.   0.01	6bbjB  505  I
ENSP00000442738	 rs3742037	atC	atT	I	I	618  	.   0.01	6bbjC  505  I
ENSP00000442738	 rs3742037	atC	atT	I	I	618  	.   0.01	6bbjD  505  I
ENSP00000442738	 rs3742037	atC	atT	I	I	618  	.   0.01	6c8fA  505  I
ENSP00000442738	 rs3742037	atC	atT	I	I	618  	.   0.01	6c8gA  505  I
ENSP00000442738	 rs3742037	atC	atT	I	I	618  	.   0.01	6c8hA  505  I
ENSP00000442841	 rs3731003	aCa	aTa	T	I	583  	.   0.02	1x9nD  340  T
ENSP00000442847	  rs764291	ccA	ccG	P	P	902  	.   0.02	2yuxA   18  P
ENSP00000442920	 rs5746129	Cgg	Tgg	R	W	110  	.   0.01	1ap5A  132  R
ENSP00000442920	 rs5746129	Cgg	Tgg	R	W	110  	.   0.01	1ap5B  132  R
ENSP00000442920	 rs5746129	Cgg	Tgg	R	W	110  	.   0.01	1ap6A  132  R
ENSP00000442920	 rs5746129	Cgg	Tgg	R	W	110  	.   0.01	1ap6B  132  R
ENSP00000442920	 rs5746129	Cgg	Tgg	R	W	110  	.   0.01	1em1A  132  R
ENSP00000442920	 rs5746129	Cgg	Tgg	R	W	110  	.   0.01	1em1B  132  R
ENSP00000442920	 rs5746129	Cgg	Tgg	R	W	110  	.   0.01	1ja8A  132  R
ENSP00000442920	 rs5746129	Cgg	Tgg	R	W	110  	.   0.01	1ja8B  132  R
ENSP00000442920	 rs5746129	Cgg	Tgg	R	W	110  	.   0.01	1luvA  132  R
ENSP00000442920	 rs5746129	Cgg	Tgg	R	W	110  	.   0.01	1luvB  132  R
ENSP00000442920	 rs5746129	Cgg	Tgg	R	W	110  	.   0.01	1luwA  132  R
ENSP00000442920	 rs5746129	Cgg	Tgg	R	W	110  	.   0.01	1luwB  132  R
ENSP00000442920	 rs5746129	Cgg	Tgg	R	W	110  	.   0.01	1msdA  132  R
ENSP00000442920	 rs5746129	Cgg	Tgg	R	W	110  	.   0.01	1msdB  132  R
ENSP00000442920	 rs5746129	Cgg	Tgg	R	W	110  	.   0.01	1n0jA  132  R
ENSP00000442920	 rs5746129	Cgg	Tgg	R	W	110  	.   0.01	1n0jB  132  R
ENSP00000442920	 rs5746129	Cgg	Tgg	R	W	110  	.   0.01	1n0nA  132  R
ENSP00000442920	 rs5746129	Cgg	Tgg	R	W	110  	.   0.01	1n0nB  132  R
ENSP00000442920	 rs5746129	Cgg	Tgg	R	W	110  	.   0.01	1pl4A  132  R
ENSP00000442920	 rs5746129	Cgg	Tgg	R	W	110  	.   0.01	1pl4B  132  R
ENSP00000442920	 rs5746129	Cgg	Tgg	R	W	110  	.   0.01	1pl4C  132  R
ENSP00000442920	 rs5746129	Cgg	Tgg	R	W	110  	.   0.01	1pl4D  132  R
ENSP00000442920	 rs5746129	Cgg	Tgg	R	W	110  	.   0.01	1pm9A  132  R
ENSP00000442920	 rs5746129	Cgg	Tgg	R	W	110  	.   0.01	1pm9B  132  R
ENSP00000442920	 rs5746129	Cgg	Tgg	R	W	110  	.   0.01	1qnmA  132  R
ENSP00000442920	 rs5746129	Cgg	Tgg	R	W	110  	.   0.01	1qnmB  132  R
ENSP00000442920	 rs5746129	Cgg	Tgg	R	W	110  	.   0.01	1szxA  132  R
ENSP00000442920	 rs5746129	Cgg	Tgg	R	W	110  	.   0.01	1szxB  132  R
ENSP00000442920	 rs5746129	Cgg	Tgg	R	W	110  	.   0.01	1varA  132  R
ENSP00000442920	 rs5746129	Cgg	Tgg	R	W	110  	.   0.01	1varB  132  R
ENSP00000442920	 rs5746129	Cgg	Tgg	R	W	110  	.   0.01	1xdcA  128  R
ENSP00000442920	 rs5746129	Cgg	Tgg	R	W	110  	.   0.01	1xdcB  128  R
ENSP00000442920	 rs5746129	Cgg	Tgg	R	W	110  	.   0.01	1xilA  129  R
ENSP00000442920	 rs5746129	Cgg	Tgg	R	W	110  	.   0.01	1xilB  129  R
ENSP00000442920	 rs5746129	Cgg	Tgg	R	W	110  	.   0.01	1zspA  132  R
ENSP00000442920	 rs5746129	Cgg	Tgg	R	W	110  	.   0.01	1zspB  132  R
ENSP00000442920	 rs5746129	Cgg	Tgg	R	W	110  	.   0.01	1zteA  132  R
ENSP00000442920	 rs5746129	Cgg	Tgg	R	W	110  	.   0.01	1zteB  132  R
ENSP00000442920	 rs5746129	Cgg	Tgg	R	W	110  	.   0.01	1zteC  132  R
ENSP00000442920	 rs5746129	Cgg	Tgg	R	W	110  	.   0.01	1zteD  132  R
ENSP00000442920	 rs5746129	Cgg	Tgg	R	W	110  	.   0.01	1zuqA  132  R
ENSP00000442920	 rs5746129	Cgg	Tgg	R	W	110  	.   0.01	1zuqB  132  R
ENSP00000442920	 rs5746129	Cgg	Tgg	R	W	110  	.   0.01	2adpA  131  R
ENSP00000442920	 rs5746129	Cgg	Tgg	R	W	110  	.   0.01	2adqA  132  R
ENSP00000442920	 rs5746129	Cgg	Tgg	R	W	110  	.   0.01	2gdsA  132  R
ENSP00000442920	 rs5746129	Cgg	Tgg	R	W	110  	.   0.01	2gdsB  132  R
ENSP00000442920	 rs5746129	Cgg	Tgg	R	W	110  	.   0.01	2gdsC  132  R
ENSP00000442920	 rs5746129	Cgg	Tgg	R	W	110  	.   0.01	2gdsD  132  R
ENSP00000442920	 rs5746129	Cgg	Tgg	R	W	110  	.   0.01	2p4kA  132  R
ENSP00000442920	 rs5746129	Cgg	Tgg	R	W	110  	.   0.01	2p4kB  132  R
ENSP00000442920	 rs5746129	Cgg	Tgg	R	W	110  	.   0.01	2p4kC  132  R
ENSP00000442920	 rs5746129	Cgg	Tgg	R	W	110  	.   0.01	2p4kD  132  R
ENSP00000442920	 rs5746129	Cgg	Tgg	R	W	110  	.   0.01	2qkaA  132  R
ENSP00000442920	 rs5746129	Cgg	Tgg	R	W	110  	.   0.01	2qkaB  132  R
ENSP00000442920	 rs5746129	Cgg	Tgg	R	W	110  	.   0.01	2qkcA  132  R
ENSP00000442920	 rs5746129	Cgg	Tgg	R	W	110  	.   0.01	2qkcB  132  R
ENSP00000442920	 rs5746129	Cgg	Tgg	R	W	110  	.   0.01	3c3sA  132  R
ENSP00000442920	 rs5746129	Cgg	Tgg	R	W	110  	.   0.01	3c3sB  132  R
ENSP00000442920	 rs5746129	Cgg	Tgg	R	W	110  	.   0.01	3c3tA  132  R
ENSP00000442920	 rs5746129	Cgg	Tgg	R	W	110  	.   0.01	3c3tB  132  R
ENSP00000442920	 rs5746129	Cgg	Tgg	R	W	110  	.   0.01	5gxoA  131  R
ENSP00000442920	 rs5746129	Cgg	Tgg	R	W	110  	.   0.01	5gxoB  131  R
ENSP00000442920	 rs5746129	Cgg	Tgg	R	W	110  	.   0.01	5t30A  133  R
ENSP00000442920	 rs5746129	Cgg	Tgg	R	W	110  	.   0.01	5t30B  133  R
ENSP00000442920	 rs5746129	Cgg	Tgg	R	W	110  	.   0.01	5vf9A  133  R
ENSP00000442920	 rs5746129	Cgg	Tgg	R	W	110  	.   0.01	5vf9B  133  R
ENSP00000442920	 rs1141718	aTa	aCa	I	T	36   	.   0.03	1ap5A   58  I
ENSP00000442920	 rs1141718	aTa	aCa	I	T	36   	.   0.03	1ap5B   58  I
ENSP00000442920	 rs1141718	aTa	aCa	I	T	36   	.   0.03	1ap6A   58  I
ENSP00000442920	 rs1141718	aTa	aCa	I	T	36   	.   0.03	1ap6B   58  I
ENSP00000442920	 rs1141718	aTa	aCa	I	T	36   	.   0.03	1em1A   58  I
ENSP00000442920	 rs1141718	aTa	aCa	I	T	36   	.   0.03	1em1B   58  I
ENSP00000442920	 rs1141718	aTa	aCa	I	T	36   	.   0.03	1ja8A   58  I
ENSP00000442920	 rs1141718	aTa	aCa	I	T	36   	.   0.03	1ja8B   58  I
ENSP00000442920	 rs1141718	aTa	aCa	I	T	36   	.   0.03	1luvA   58  I
ENSP00000442920	 rs1141718	aTa	aCa	I	T	36   	.   0.03	1luvB   58  I
ENSP00000442920	 rs1141718	aTa	aCa	I	T	36   	.   0.03	1luwA   58  I
ENSP00000442920	 rs1141718	aTa	aCa	I	T	36   	.   0.03	1luwB   58  I
ENSP00000442920	 rs1141718	aTa	aCa	I	T	36   	.   0.03	1msdA   58  I
ENSP00000442920	 rs1141718	aTa	aCa	I	T	36   	.   0.03	1msdB   58  I
ENSP00000442920	 rs1141718	aTa	aCa	I	T	36   	.   0.03	1n0jA   58  I
ENSP00000442920	 rs1141718	aTa	aCa	I	T	36   	.   0.03	1n0jB   58  I
ENSP00000442920	 rs1141718	aTa	aCa	I	T	36   	.   0.03	1n0nA   58  I
ENSP00000442920	 rs1141718	aTa	aCa	I	T	36   	.   0.03	1n0nB   58  I
ENSP00000442920	 rs1141718	aTa	aCa	I	T	36   	.   0.03	1pl4A   58  I
ENSP00000442920	 rs1141718	aTa	aCa	I	T	36   	.   0.03	1pl4B   58  I
ENSP00000442920	 rs1141718	aTa	aCa	I	T	36   	.   0.03	1pl4C   58  I
ENSP00000442920	 rs1141718	aTa	aCa	I	T	36   	.   0.03	1pl4D   58  I
ENSP00000442920	 rs1141718	aTa	aCa	I	T	36   	.   0.03	1pm9A   58  I
ENSP00000442920	 rs1141718	aTa	aCa	I	T	36   	.   0.03	1pm9B   58  I
ENSP00000442920	 rs1141718	aTa	aCa	I	T	36   	.   0.03	1qnmA   58  I
ENSP00000442920	 rs1141718	aTa	aCa	I	T	36   	.   0.03	1qnmB   58  I
ENSP00000442920	 rs1141718	aTa	aCa	I	T	36   	.   0.03	1szxA   58  I
ENSP00000442920	 rs1141718	aTa	aCa	I	T	36   	.   0.03	1szxB   58  I
ENSP00000442920	 rs1141718	aTa	aCa	I	T	36   	.   0.03	1varA   58  T
ENSP00000442920	 rs1141718	aTa	aCa	I	T	36   	.   0.03	1varB   58  T
ENSP00000442920	 rs1141718	aTa	aCa	I	T	36   	.   0.03	1xdcA   54  I
ENSP00000442920	 rs1141718	aTa	aCa	I	T	36   	.   0.03	1xdcB   54  I
ENSP00000442920	 rs1141718	aTa	aCa	I	T	36   	.   0.03	1xilA   55  I
ENSP00000442920	 rs1141718	aTa	aCa	I	T	36   	.   0.03	1xilB   55  I
ENSP00000442920	 rs1141718	aTa	aCa	I	T	36   	.   0.03	1zspA   58  I
ENSP00000442920	 rs1141718	aTa	aCa	I	T	36   	.   0.03	1zspB   58  I
ENSP00000442920	 rs1141718	aTa	aCa	I	T	36   	.   0.03	1zteA   58  I
ENSP00000442920	 rs1141718	aTa	aCa	I	T	36   	.   0.03	1zteB   58  I
ENSP00000442920	 rs1141718	aTa	aCa	I	T	36   	.   0.03	1zteC   58  I
ENSP00000442920	 rs1141718	aTa	aCa	I	T	36   	.   0.03	1zteD   58  I
ENSP00000442920	 rs1141718	aTa	aCa	I	T	36   	.   0.03	1zuqA   58  I
ENSP00000442920	 rs1141718	aTa	aCa	I	T	36   	.   0.03	1zuqB   58  I
ENSP00000442920	 rs1141718	aTa	aCa	I	T	36   	.   0.03	2adpA   57  I
ENSP00000442920	 rs1141718	aTa	aCa	I	T	36   	.   0.03	2adqA   58  I
ENSP00000442920	 rs1141718	aTa	aCa	I	T	36   	.   0.03	2gdsA   58  I
ENSP00000442920	 rs1141718	aTa	aCa	I	T	36   	.   0.03	2gdsB   58  I
ENSP00000442920	 rs1141718	aTa	aCa	I	T	36   	.   0.03	2gdsC   58  I
ENSP00000442920	 rs1141718	aTa	aCa	I	T	36   	.   0.03	2gdsD   58  I
ENSP00000442920	 rs1141718	aTa	aCa	I	T	36   	.   0.03	2p4kA   58  I
ENSP00000442920	 rs1141718	aTa	aCa	I	T	36   	.   0.03	2p4kB   58  I
ENSP00000442920	 rs1141718	aTa	aCa	I	T	36   	.   0.03	2p4kC   58  I
ENSP00000442920	 rs1141718	aTa	aCa	I	T	36   	.   0.03	2p4kD   58  I
ENSP00000442920	 rs1141718	aTa	aCa	I	T	36   	.   0.03	2qkaA   58  I
ENSP00000442920	 rs1141718	aTa	aCa	I	T	36   	.   0.03	2qkaB   58  I
ENSP00000442920	 rs1141718	aTa	aCa	I	T	36   	.   0.03	2qkcA   58  I
ENSP00000442920	 rs1141718	aTa	aCa	I	T	36   	.   0.03	2qkcB   58  I
ENSP00000442920	 rs1141718	aTa	aCa	I	T	36   	.   0.03	3c3sA   58  I
ENSP00000442920	 rs1141718	aTa	aCa	I	T	36   	.   0.03	3c3sB   58  I
ENSP00000442920	 rs1141718	aTa	aCa	I	T	36   	.   0.03	3c3tA   58  I
ENSP00000442920	 rs1141718	aTa	aCa	I	T	36   	.   0.03	3c3tB   58  I
ENSP00000442920	 rs1141718	aTa	aCa	I	T	36   	.   0.03	5gxoA   57  I
ENSP00000442920	 rs1141718	aTa	aCa	I	T	36   	.   0.03	5gxoB   57  I
ENSP00000442920	 rs1141718	aTa	aCa	I	T	36   	.   0.03	5t30A   59  I
ENSP00000442920	 rs1141718	aTa	aCa	I	T	36   	.   0.03	5t30B   59  I
ENSP00000442920	 rs1141718	aTa	aCa	I	T	36   	.   0.03	5vf9A   59  I
ENSP00000442920	 rs1141718	aTa	aCa	I	T	36   	.   0.03	5vf9B   59  I
ENSP00000442920	 rs4987023	Gga	Aga	G	R	30   	.   0.09	1ap5A   52  G
ENSP00000442920	 rs4987023	Gga	Aga	G	R	30   	.   0.09	1ap5B   52  G
ENSP00000442920	 rs4987023	Gga	Aga	G	R	30   	.   0.09	1ap6A   52  G
ENSP00000442920	 rs4987023	Gga	Aga	G	R	30   	.   0.09	1ap6B   52  G
ENSP00000442920	 rs4987023	Gga	Aga	G	R	30   	.   0.09	1em1A   52  G
ENSP00000442920	 rs4987023	Gga	Aga	G	R	30   	.   0.09	1em1B   52  G
ENSP00000442920	 rs4987023	Gga	Aga	G	R	30   	.   0.09	1ja8A   52  G
ENSP00000442920	 rs4987023	Gga	Aga	G	R	30   	.   0.09	1ja8B   52  G
ENSP00000442920	 rs4987023	Gga	Aga	G	R	30   	.   0.09	1luvA   52  G
ENSP00000442920	 rs4987023	Gga	Aga	G	R	30   	.   0.09	1luvB   52  G
ENSP00000442920	 rs4987023	Gga	Aga	G	R	30   	.   0.09	1luwA   52  G
ENSP00000442920	 rs4987023	Gga	Aga	G	R	30   	.   0.09	1luwB   52  G
ENSP00000442920	 rs4987023	Gga	Aga	G	R	30   	.   0.09	1msdA   52  G
ENSP00000442920	 rs4987023	Gga	Aga	G	R	30   	.   0.09	1msdB   52  G
ENSP00000442920	 rs4987023	Gga	Aga	G	R	30   	.   0.09	1n0jA   52  G
ENSP00000442920	 rs4987023	Gga	Aga	G	R	30   	.   0.09	1n0jB   52  G
ENSP00000442920	 rs4987023	Gga	Aga	G	R	30   	.   0.09	1n0nA   52  G
ENSP00000442920	 rs4987023	Gga	Aga	G	R	30   	.   0.09	1n0nB   52  G
ENSP00000442920	 rs4987023	Gga	Aga	G	R	30   	.   0.09	1pl4A   52  G
ENSP00000442920	 rs4987023	Gga	Aga	G	R	30   	.   0.09	1pl4B   52  G
ENSP00000442920	 rs4987023	Gga	Aga	G	R	30   	.   0.09	1pl4C   52  G
ENSP00000442920	 rs4987023	Gga	Aga	G	R	30   	.   0.09	1pl4D   52  G
ENSP00000442920	 rs4987023	Gga	Aga	G	R	30   	.   0.09	1pm9A   52  G
ENSP00000442920	 rs4987023	Gga	Aga	G	R	30   	.   0.09	1pm9B   52  G
ENSP00000442920	 rs4987023	Gga	Aga	G	R	30   	.   0.09	1qnmA   52  G
ENSP00000442920	 rs4987023	Gga	Aga	G	R	30   	.   0.09	1qnmB   52  G
ENSP00000442920	 rs4987023	Gga	Aga	G	R	30   	.   0.09	1szxA   52  G
ENSP00000442920	 rs4987023	Gga	Aga	G	R	30   	.   0.09	1szxB   52  G
ENSP00000442920	 rs4987023	Gga	Aga	G	R	30   	.   0.09	1varA   52  G
ENSP00000442920	 rs4987023	Gga	Aga	G	R	30   	.   0.09	1varB   52  G
ENSP00000442920	 rs4987023	Gga	Aga	G	R	30   	.   0.09	1xdcA   48  G
ENSP00000442920	 rs4987023	Gga	Aga	G	R	30   	.   0.09	1xdcB   48  G
ENSP00000442920	 rs4987023	Gga	Aga	G	R	30   	.   0.09	1xilA   49  G
ENSP00000442920	 rs4987023	Gga	Aga	G	R	30   	.   0.09	1xilB   49  G
ENSP00000442920	 rs4987023	Gga	Aga	G	R	30   	.   0.09	1zspA   52  G
ENSP00000442920	 rs4987023	Gga	Aga	G	R	30   	.   0.09	1zspB   52  G
ENSP00000442920	 rs4987023	Gga	Aga	G	R	30   	.   0.09	1zteA   52  G
ENSP00000442920	 rs4987023	Gga	Aga	G	R	30   	.   0.09	1zteB   52  G
ENSP00000442920	 rs4987023	Gga	Aga	G	R	30   	.   0.09	1zteC   52  G
ENSP00000442920	 rs4987023	Gga	Aga	G	R	30   	.   0.09	1zteD   52  G
ENSP00000442920	 rs4987023	Gga	Aga	G	R	30   	.   0.09	1zuqA   52  G
ENSP00000442920	 rs4987023	Gga	Aga	G	R	30   	.   0.09	1zuqB   52  G
ENSP00000442920	 rs4987023	Gga	Aga	G	R	30   	.   0.09	2adpA   51  G
ENSP00000442920	 rs4987023	Gga	Aga	G	R	30   	.   0.09	2adqA   52  G
ENSP00000442920	 rs4987023	Gga	Aga	G	R	30   	.   0.09	2gdsA   52  G
ENSP00000442920	 rs4987023	Gga	Aga	G	R	30   	.   0.09	2gdsB   52  G
ENSP00000442920	 rs4987023	Gga	Aga	G	R	30   	.   0.09	2gdsC   52  G
ENSP00000442920	 rs4987023	Gga	Aga	G	R	30   	.   0.09	2gdsD   52  G
ENSP00000442920	 rs4987023	Gga	Aga	G	R	30   	.   0.09	2p4kA   52  G
ENSP00000442920	 rs4987023	Gga	Aga	G	R	30   	.   0.09	2p4kB   52  G
ENSP00000442920	 rs4987023	Gga	Aga	G	R	30   	.   0.09	2p4kC   52  G
ENSP00000442920	 rs4987023	Gga	Aga	G	R	30   	.   0.09	2p4kD   52  G
ENSP00000442920	 rs4987023	Gga	Aga	G	R	30   	.   0.09	2qkaA   52  G
ENSP00000442920	 rs4987023	Gga	Aga	G	R	30   	.   0.09	2qkaB   52  G
ENSP00000442920	 rs4987023	Gga	Aga	G	R	30   	.   0.09	2qkcA   52  G
ENSP00000442920	 rs4987023	Gga	Aga	G	R	30   	.   0.09	2qkcB   52  G
ENSP00000442920	 rs4987023	Gga	Aga	G	R	30   	.   0.09	3c3sA   52  G
ENSP00000442920	 rs4987023	Gga	Aga	G	R	30   	.   0.09	3c3sB   52  G
ENSP00000442920	 rs4987023	Gga	Aga	G	R	30   	.   0.09	3c3tA   52  G
ENSP00000442920	 rs4987023	Gga	Aga	G	R	30   	.   0.09	3c3tB   52  G
ENSP00000442920	 rs4987023	Gga	Aga	G	R	30   	.   0.09	5gxoA   51  G
ENSP00000442920	 rs4987023	Gga	Aga	G	R	30   	.   0.09	5gxoB   51  G
ENSP00000442920	 rs4987023	Gga	Aga	G	R	30   	.   0.09	5t30A   53  G
ENSP00000442920	 rs4987023	Gga	Aga	G	R	30   	.   0.09	5t30B   53  G
ENSP00000442920	 rs4987023	Gga	Aga	G	R	30   	.   0.09	5vf9A   53  G
ENSP00000442920	 rs4987023	Gga	Aga	G	R	30   	.   0.09	5vf9B   53  G
ENSP00000442988	 rs6695033	Acc	Gcc	T	A	413  	.   0.01	3v9gA  451  T
ENSP00000442988	 rs6695033	Acc	Gcc	T	A	413  	.   0.01	3v9gB  451  T
ENSP00000442988	 rs6695033	Acc	Gcc	T	A	413  	.   0.01	3v9gC  451  T
ENSP00000442988	 rs6695033	Acc	Gcc	T	A	413  	.   0.01	3v9gD  451  T
ENSP00000442988	 rs6695033	Acc	Gcc	T	A	413  	.   0.01	3v9hA  451  T
ENSP00000442988	 rs6695033	Acc	Gcc	T	A	413  	.   0.01	3v9hB  451  T
ENSP00000442988	 rs6695033	Acc	Gcc	T	A	413  	.   0.01	3v9hC  449  T
ENSP00000442988	 rs6695033	Acc	Gcc	T	A	413  	.   0.01	3v9hD  442  T
ENSP00000442988	 rs6695033	Acc	Gcc	T	A	413  	.   0.01	3v9iA  443  T
ENSP00000442988	 rs6695033	Acc	Gcc	T	A	413  	.   0.01	3v9iB  438  T
ENSP00000442988	 rs6695033	Acc	Gcc	T	A	413  	.   0.01	3v9iC  440  T
ENSP00000442988	 rs6695033	Acc	Gcc	T	A	413  	.   0.01	3v9iD  419  T
ENSP00000442988	 rs6695033	Acc	Gcc	T	A	413  	.   0.01	3v9jA  454  T
ENSP00000442988	 rs6695033	Acc	Gcc	T	A	413  	.   0.01	3v9jB  456  T
ENSP00000442988	 rs6695033	Acc	Gcc	T	A	413  	.   0.01	3v9kA  444  T
ENSP00000442988	 rs6695033	Acc	Gcc	T	A	413  	.   0.01	3v9kB  456  T
ENSP00000442988	 rs6695033	Acc	Gcc	T	A	413  	.   0.01	3v9lA  444  T
ENSP00000442988	 rs6695033	Acc	Gcc	T	A	413  	.   0.01	3v9lB  456  T
ENSP00000442988	 rs6695033	Acc	Gcc	T	A	413  	.   0.01	4e3xA  454  T
ENSP00000442988	 rs6695033	Acc	Gcc	T	A	413  	.   0.01	4e3xB  456  T
ENSP00000442988	 rs6695033	Acc	Gcc	T	A	413  	.   0.01	4lgzA  443  T
ENSP00000442988	 rs6695033	Acc	Gcc	T	A	413  	.   0.01	4lgzB  454  T
ENSP00000442988	 rs6695033	Acc	Gcc	T	A	413  	.   0.01	4lh0A  443  T
ENSP00000442988	 rs6695033	Acc	Gcc	T	A	413  	.   0.01	4lh0B  454  T
ENSP00000442988	 rs6695033	Acc	Gcc	T	A	413  	.   0.01	4lh1A  444  T
ENSP00000442988	 rs6695033	Acc	Gcc	T	A	413  	.   0.01	4lh1B  455  T
ENSP00000442988	 rs6695033	Acc	Gcc	T	A	413  	.   0.01	4lh2A  444  T
ENSP00000442988	 rs6695033	Acc	Gcc	T	A	413  	.   0.01	4lh2B  454  T
ENSP00000442988	 rs6695033	Acc	Gcc	T	A	413  	.   0.01	4lh3A  443  T
ENSP00000442988	 rs6695033	Acc	Gcc	T	A	413  	.   0.01	4lh3B  455  T
ENSP00000442988	 rs6695033	Acc	Gcc	T	A	413  	.   0.01	4oe5A  449  T
ENSP00000442988	 rs6695033	Acc	Gcc	T	A	413  	.   0.01	4oe5B  451  T
ENSP00000442988	 rs6695033	Acc	Gcc	T	A	413  	.   0.01	4oe5C  451  T
ENSP00000442988	 rs6695033	Acc	Gcc	T	A	413  	.   0.01	4oe5D  451  T
ENSP00000442988	 rs2230709	Gtt	Att	V	I	410  	.   0.01	3v9gA  448  V
ENSP00000442988	 rs2230709	Gtt	Att	V	I	410  	.   0.01	3v9gB  448  V
ENSP00000442988	 rs2230709	Gtt	Att	V	I	410  	.   0.01	3v9gC  448  V
ENSP00000442988	 rs2230709	Gtt	Att	V	I	410  	.   0.01	3v9gD  448  V
ENSP00000442988	 rs2230709	Gtt	Att	V	I	410  	.   0.01	3v9hA  448  V
ENSP00000442988	 rs2230709	Gtt	Att	V	I	410  	.   0.01	3v9hB  448  V
ENSP00000442988	 rs2230709	Gtt	Att	V	I	410  	.   0.01	3v9hC  446  V
ENSP00000442988	 rs2230709	Gtt	Att	V	I	410  	.   0.01	3v9hD  439  V
ENSP00000442988	 rs2230709	Gtt	Att	V	I	410  	.   0.01	3v9iA  440  V
ENSP00000442988	 rs2230709	Gtt	Att	V	I	410  	.   0.01	3v9iB  435  V
ENSP00000442988	 rs2230709	Gtt	Att	V	I	410  	.   0.01	3v9iC  437  V
ENSP00000442988	 rs2230709	Gtt	Att	V	I	410  	.   0.01	3v9iD  416  V
ENSP00000442988	 rs2230709	Gtt	Att	V	I	410  	.   0.01	3v9jA  451  V
ENSP00000442988	 rs2230709	Gtt	Att	V	I	410  	.   0.01	3v9jB  453  V
ENSP00000442988	 rs2230709	Gtt	Att	V	I	410  	.   0.01	3v9kA  441  V
ENSP00000442988	 rs2230709	Gtt	Att	V	I	410  	.   0.01	3v9kB  453  V
ENSP00000442988	 rs2230709	Gtt	Att	V	I	410  	.   0.01	3v9lA  441  V
ENSP00000442988	 rs2230709	Gtt	Att	V	I	410  	.   0.01	3v9lB  453  V
ENSP00000442988	 rs2230709	Gtt	Att	V	I	410  	.   0.01	4e3xA  451  V
ENSP00000442988	 rs2230709	Gtt	Att	V	I	410  	.   0.01	4e3xB  453  V
ENSP00000442988	 rs2230709	Gtt	Att	V	I	410  	.   0.01	4lgzA  440  V
ENSP00000442988	 rs2230709	Gtt	Att	V	I	410  	.   0.01	4lgzB  451  V
ENSP00000442988	 rs2230709	Gtt	Att	V	I	410  	.   0.01	4lh0A  440  V
ENSP00000442988	 rs2230709	Gtt	Att	V	I	410  	.   0.01	4lh0B  451  V
ENSP00000442988	 rs2230709	Gtt	Att	V	I	410  	.   0.01	4lh1A  441  V
ENSP00000442988	 rs2230709	Gtt	Att	V	I	410  	.   0.01	4lh1B  452  V
ENSP00000442988	 rs2230709	Gtt	Att	V	I	410  	.   0.01	4lh2A  441  V
ENSP00000442988	 rs2230709	Gtt	Att	V	I	410  	.   0.01	4lh2B  451  V
ENSP00000442988	 rs2230709	Gtt	Att	V	I	410  	.   0.01	4lh3A  440  V
ENSP00000442988	 rs2230709	Gtt	Att	V	I	410  	.   0.01	4lh3B  452  V
ENSP00000442988	 rs2230709	Gtt	Att	V	I	410  	.   0.01	4oe5A  446  V
ENSP00000442988	 rs2230709	Gtt	Att	V	I	410  	.   0.01	4oe5B  448  V
ENSP00000442988	 rs2230709	Gtt	Att	V	I	410  	.   0.01	4oe5C  448  V
ENSP00000442988	 rs2230709	Gtt	Att	V	I	410  	.   0.01	4oe5D  448  V
ENSP00000442988	 rs2230708	gaT	gaC	D	D	400  	.   0.01	3v9gA  438  D
ENSP00000442988	 rs2230708	gaT	gaC	D	D	400  	.   0.01	3v9gB  438  D
ENSP00000442988	 rs2230708	gaT	gaC	D	D	400  	.   0.01	3v9gC  438  D
ENSP00000442988	 rs2230708	gaT	gaC	D	D	400  	.   0.01	3v9gD  438  D
ENSP00000442988	 rs2230708	gaT	gaC	D	D	400  	.   0.01	3v9hA  438  D
ENSP00000442988	 rs2230708	gaT	gaC	D	D	400  	.   0.01	3v9hB  438  D
ENSP00000442988	 rs2230708	gaT	gaC	D	D	400  	.   0.01	3v9hC  436  D
ENSP00000442988	 rs2230708	gaT	gaC	D	D	400  	.   0.01	3v9hD  429  D
ENSP00000442988	 rs2230708	gaT	gaC	D	D	400  	.   0.01	3v9iA  430  D
ENSP00000442988	 rs2230708	gaT	gaC	D	D	400  	.   0.01	3v9iB  425  D
ENSP00000442988	 rs2230708	gaT	gaC	D	D	400  	.   0.01	3v9iC  427  D
ENSP00000442988	 rs2230708	gaT	gaC	D	D	400  	.   0.01	3v9iD  406  D
ENSP00000442988	 rs2230708	gaT	gaC	D	D	400  	.   0.01	3v9jA  441  D
ENSP00000442988	 rs2230708	gaT	gaC	D	D	400  	.   0.01	3v9jB  443  D
ENSP00000442988	 rs2230708	gaT	gaC	D	D	400  	.   0.01	3v9kA  431  D
ENSP00000442988	 rs2230708	gaT	gaC	D	D	400  	.   0.01	3v9kB  443  D
ENSP00000442988	 rs2230708	gaT	gaC	D	D	400  	.   0.01	3v9lA  431  D
ENSP00000442988	 rs2230708	gaT	gaC	D	D	400  	.   0.01	3v9lB  443  D
ENSP00000442988	 rs2230708	gaT	gaC	D	D	400  	.   0.01	4e3xA  441  D
ENSP00000442988	 rs2230708	gaT	gaC	D	D	400  	.   0.01	4e3xB  443  D
ENSP00000442988	 rs2230708	gaT	gaC	D	D	400  	.   0.01	4lgzA  430  D
ENSP00000442988	 rs2230708	gaT	gaC	D	D	400  	.   0.01	4lgzB  441  D
ENSP00000442988	 rs2230708	gaT	gaC	D	D	400  	.   0.01	4lh0A  430  D
ENSP00000442988	 rs2230708	gaT	gaC	D	D	400  	.   0.01	4lh0B  441  D
ENSP00000442988	 rs2230708	gaT	gaC	D	D	400  	.   0.01	4lh1A  431  D
ENSP00000442988	 rs2230708	gaT	gaC	D	D	400  	.   0.01	4lh1B  442  D
ENSP00000442988	 rs2230708	gaT	gaC	D	D	400  	.   0.01	4lh2A  431  D
ENSP00000442988	 rs2230708	gaT	gaC	D	D	400  	.   0.01	4lh2B  441  D
ENSP00000442988	 rs2230708	gaT	gaC	D	D	400  	.   0.01	4lh3A  430  D
ENSP00000442988	 rs2230708	gaT	gaC	D	D	400  	.   0.01	4lh3B  442  D
ENSP00000442988	 rs2230708	gaT	gaC	D	D	400  	.   0.01	4oe5A  436  D
ENSP00000442988	 rs2230708	gaT	gaC	D	D	400  	.   0.01	4oe5B  438  D
ENSP00000442988	 rs2230708	gaT	gaC	D	D	400  	.   0.01	4oe5C  438  D
ENSP00000442988	 rs2230708	gaT	gaC	D	D	400  	.   0.01	4oe5D  438  D
ENSP00000442988	rs61757683	aCc	aTc	T	I	468  	.   0.27	3v9gA  506  T
ENSP00000442988	rs61757683	aCc	aTc	T	I	468  	.   0.27	3v9gB  506  T
ENSP00000442988	rs61757683	aCc	aTc	T	I	468  	.   0.27	3v9gC  506  T
ENSP00000442988	rs61757683	aCc	aTc	T	I	468  	.   0.27	3v9gD  506  T
ENSP00000442988	rs61757683	aCc	aTc	T	I	468  	.   0.27	3v9hA  506  T
ENSP00000442988	rs61757683	aCc	aTc	T	I	468  	.   0.27	3v9hB  506  T
ENSP00000442988	rs61757683	aCc	aTc	T	I	468  	.   0.27	3v9hC  504  T
ENSP00000442988	rs61757683	aCc	aTc	T	I	468  	.   0.27	3v9hD  497  T
ENSP00000442988	rs61757683	aCc	aTc	T	I	468  	.   0.27	3v9jA  509  T
ENSP00000442988	rs61757683	aCc	aTc	T	I	468  	.   0.27	3v9jB  511  T
ENSP00000442988	rs61757683	aCc	aTc	T	I	468  	.   0.27	3v9kA  499  T
ENSP00000442988	rs61757683	aCc	aTc	T	I	468  	.   0.27	3v9kB  511  T
ENSP00000442988	rs61757683	aCc	aTc	T	I	468  	.   0.27	3v9lA  499  T
ENSP00000442988	rs61757683	aCc	aTc	T	I	468  	.   0.27	3v9lB  511  T
ENSP00000442988	rs61757683	aCc	aTc	T	I	468  	.   0.27	4e3xA  509  T
ENSP00000442988	rs61757683	aCc	aTc	T	I	468  	.   0.27	4e3xB  511  T
ENSP00000442988	rs61757683	aCc	aTc	T	I	468  	.   0.27	4lgzA  498  T
ENSP00000442988	rs61757683	aCc	aTc	T	I	468  	.   0.27	4lgzB  509  T
ENSP00000442988	rs61757683	aCc	aTc	T	I	468  	.   0.27	4lh0A  498  T
ENSP00000442988	rs61757683	aCc	aTc	T	I	468  	.   0.27	4lh0B  509  T
ENSP00000442988	rs61757683	aCc	aTc	T	I	468  	.   0.27	4lh1A  499  T
ENSP00000442988	rs61757683	aCc	aTc	T	I	468  	.   0.27	4lh1B  510  T
ENSP00000442988	rs61757683	aCc	aTc	T	I	468  	.   0.27	4lh2A  499  T
ENSP00000442988	rs61757683	aCc	aTc	T	I	468  	.   0.27	4lh2B  509  T
ENSP00000442988	rs61757683	aCc	aTc	T	I	468  	.   0.27	4lh3A  498  T
ENSP00000442988	rs61757683	aCc	aTc	T	I	468  	.   0.27	4lh3B  510  T
ENSP00000442988	rs61757683	aCc	aTc	T	I	468  	.   0.27	4oe5B  499  T
ENSP00000442988	rs61757683	aCc	aTc	T	I	468  	.   0.27	4oe5C  497  T
ENSP00000442988	rs61757683	aCc	aAc	T	N	468  	.   0.27	3v9gA  506  T
ENSP00000442988	rs61757683	aCc	aAc	T	N	468  	.   0.27	3v9gB  506  T
ENSP00000442988	rs61757683	aCc	aAc	T	N	468  	.   0.27	3v9gC  506  T
ENSP00000442988	rs61757683	aCc	aAc	T	N	468  	.   0.27	3v9gD  506  T
ENSP00000442988	rs61757683	aCc	aAc	T	N	468  	.   0.27	3v9hA  506  T
ENSP00000442988	rs61757683	aCc	aAc	T	N	468  	.   0.27	3v9hB  506  T
ENSP00000442988	rs61757683	aCc	aAc	T	N	468  	.   0.27	3v9hC  504  T
ENSP00000442988	rs61757683	aCc	aAc	T	N	468  	.   0.27	3v9hD  497  T
ENSP00000442988	rs61757683	aCc	aAc	T	N	468  	.   0.27	3v9jA  509  T
ENSP00000442988	rs61757683	aCc	aAc	T	N	468  	.   0.27	3v9jB  511  T
ENSP00000442988	rs61757683	aCc	aAc	T	N	468  	.   0.27	3v9kA  499  T
ENSP00000442988	rs61757683	aCc	aAc	T	N	468  	.   0.27	3v9kB  511  T
ENSP00000442988	rs61757683	aCc	aAc	T	N	468  	.   0.27	3v9lA  499  T
ENSP00000442988	rs61757683	aCc	aAc	T	N	468  	.   0.27	3v9lB  511  T
ENSP00000442988	rs61757683	aCc	aAc	T	N	468  	.   0.27	4e3xA  509  T
ENSP00000442988	rs61757683	aCc	aAc	T	N	468  	.   0.27	4e3xB  511  T
ENSP00000442988	rs61757683	aCc	aAc	T	N	468  	.   0.27	4lgzA  498  T
ENSP00000442988	rs61757683	aCc	aAc	T	N	468  	.   0.27	4lgzB  509  T
ENSP00000442988	rs61757683	aCc	aAc	T	N	468  	.   0.27	4lh0A  498  T
ENSP00000442988	rs61757683	aCc	aAc	T	N	468  	.   0.27	4lh0B  509  T
ENSP00000442988	rs61757683	aCc	aAc	T	N	468  	.   0.27	4lh1A  499  T
ENSP00000442988	rs61757683	aCc	aAc	T	N	468  	.   0.27	4lh1B  510  T
ENSP00000442988	rs61757683	aCc	aAc	T	N	468  	.   0.27	4lh2A  499  T
ENSP00000442988	rs61757683	aCc	aAc	T	N	468  	.   0.27	4lh2B  509  T
ENSP00000442988	rs61757683	aCc	aAc	T	N	468  	.   0.27	4lh3A  498  T
ENSP00000442988	rs61757683	aCc	aAc	T	N	468  	.   0.27	4lh3B  510  T
ENSP00000442988	rs61757683	aCc	aAc	T	N	468  	.   0.27	4oe5B  499  T
ENSP00000442988	rs61757683	aCc	aAc	T	N	468  	.   0.27	4oe5C  497  T
