5m7gA
5m7eA
6bs2A
6bryA
6brfA
6br1A
6bbnA
5ylsA
5yljA
5yl4A
5yl2A
5xp3A
5xlzA
5xltA
5xkhA
5xkgA
5xkfA
5xkeA
5xiwA
5xi7A
5xi5A
5xhcA
5syeA
5ov7A
5oskA
5o7aA
5lovA
5jqgA
5jcoL
5jcoJ
5jcoI
5jcoH
5jcoD
5jcoB
5iyzA
5h7oA
5h74A
5ezyA
5cb4A
5ca1A
5ca0A
5c8yA
4yj2A
4x20A
4x1yA
4x1kA
4x1iA
4o4iA
4iijA
4f6rA
3hkeA
3hkcC
3hkcA
3hkbA
5sygA
5syfA
5lxsA
4lnuA
5sycA
5nqtA
5nm5A
4drxA
6fkjA
6fjmA
6fiiA
6dpvL
6dpvK
6dpvJ
6dpvE
6dpvC
6dpvA
5xafA
5nquA
5n5nG
5n5nF
5n5nE
5n5nD
5n5nC
5n5nB
5mioA
5m8dA
5la6A
5ij9A
5ij0A
5fnvA
5eypA
4yj3A
4x20C
4x1yC
4x1kC
4x1iC
4tuyA
4hnaA
3n2kC
3n2kA
3n2gC
3n2gA
3jatK
3jatI
3jatG
3jatE
3jatC
3jatA
3jasK
3jasI
3jasG
3jasE
3jasC
3jasA
3j8yB
3j8xB
3hkeC
3hkdC
3hkdA
3hkbC
5njhA
5mf4A
4i50A
3ryfA
1sa0A
5kx5C
3ryiA
5itzA
5eibA
4f61A
4drxC
3ryiC
3rycA
3edlD
1sa0C
5lovC
5kx5A
6fklC
6fkjC
6fjmC
6fjfC
6fjfA
6fiiC
6evwF
6evwE
6evwD
6evwC
6evwB
6evwA
6bs2C
6bryC
6brfC
6br1C
5ylsC
5yljC
5yl4C
5yl2C
5xp3C
5xlzC
5xltC
5xkhC
5xkgC
5xkfC
5xkeC
5xiwC
5xi7C
5xi5C
5xhcC
5xagC
5xafC
5ov7C
5oskC
5o7aC
5njhC
5ng1C
5ng1A
5nfzC
5nfzA
5mf4C
5m8gC
5m8dC
5m7gC
5m7eC
5lyjC
5lxtC
5lxsC
5lp6C
5la6C
5jvdC
5jqgC
5jh7C
5jcbC
5j2uC
5j2tB
5iyzC
5h7oC
5h74C
5gonC
5ezyC
5cb4C
5ca1C
5ca0C
5c8yC
5bmvC
4zolC
4zi7C
4zhqC
4yj3C
4yj2C
4wbnC
4tv9C
4tv8C
4tuyC
4o4lC
4o4jC
4o4iC
4o4hC
4o2bC
4o2aC
4iijC
4ihjC
4i55C
4i50C
4i4tC
6bbnC
6b0lA
6b0iA
6b0cC
5lxtA
4eb6A
3ut5A
3e22A
1z2bC
1z2bA
6fklA
6cvnB
6cvjA
6b0cA
5xagA
5lyjA
5lp6A
5kmgA
5jh7A
5jcbA
5j2uA
5j2tA
5gonA
5fnvC
5bmvA
4zolA
4zi7A
4zhqA
4wbnA
4tv9A
4o4lA
4o4jA
4o4hA
4o2bA
4o2aA
4eb6C
3ut5C
3ryhC
1tubA
1ia0A
5jvdA
4tv8A
3ryhA
3e22C
3du7C
4ihjA
4i55A
6ew0G
6ew0F
6ew0E
6ew0D
6ew0C
6ew0A
6evzL
6evzK
6evzJ
6evzI
6evzH
6evzE
6evyG
6evyF
6evyE
6evyD
6evyC
6evyA
6evxL
6evxK
6evxJ
6evxI
6evxH
6evxB
5m8gA
5hnyA
3jawC
3jawA
3jarM
3jarJ
3jarH
3jarF
3jarD
3jarA
3jalM
3jalJ
3jalH
3jalF
3jalD
3jalA
3jakM
3jakJ
3jakH
3jakF
3jakD
3jakA
3j6hA
3j1uB
3j1tB
1sa1A
6dpwL
6dpwK
6dpwJ
6dpwE
6dpwC
6dpwA
6dpuL
6dpuK
6dpuJ
6dpuE
6dpuC
6dpuA
6bjcL
6bjcJ
6bjcH
6bjcF
6bjcC
6bjcA
4f61G
4f61E
4f61C
4aboF
3ryfC
3rycC
1sa1C
3du7A
3j7iA
1ffxC
1ffxA
5mm7B
5mm4B
5m5cD
5m5cB
5m54D
5m54B
5m50C
5m50A
4atxB
4atuH
4atuF
4atuD
4atuB
4aboH
4aboD
4aboB
3jaoA
3j6gQ
3j6gO
3j6gM
3j6gK
3j6gI
3j6gG
3j6gE
3j6gC
3j6gA
3j6fQ
3j6fO
3j6fM
3j6fK
3j6fI
3j6fG
3j6fE
3j6fC
3j6fA
3j6eQ
3j6eO
3j6eM
3j6eK
3j6eI
3j6eG
3j6eE
3j6eC
3j6eA
2xrpH
2xrpF
2xrpD
2xrpB
5ogcB
5nd7B
5nd4B
5nd3B
5nd2B
5hnzA
5hnxA
5hnwA
4i4tA
3j6pB
3j2uD
3j2uB
3iz0A
3edlA
3dcoB
2wbeA
2p4nB
2hxhA
2hxfA
1tvkA
1jffA
