5lbzB
5lbzA
5lbyB
5lbyA
5lbwB
5lbwA
5lbuB
5lbuA
5lbtB
5lbtA
5bucB
5bucA
4zvnB
4zvnA
4zvmB
4zvmA
4zvlB
4zvlA
4zvkB
4zvkA
4xdhB
4xdhA
4xdgB
4xdgA
4u7hB
4u7hA
4u7gB
4u7gA
4u7fB
4u7fA
4qojB
4qojA
4qoiB
4qoiA
4qohB
4qohA
4qogB
4qogA
4qofB
4qofA
4qoeB
4qoeA
4qodB
4qodA
4gr9B
4gr9A
4gqiB
4gqiA
4fglD
4fglC
4fglB
4fglA
4fgkB
4fgkA
4fgjB
4fgjA
3uxhB
3uxhA
3uxeB
3uxeA
3tzbD
3tzbB
3temB
3temA
3te7B
3te7A
3ox3B
3ox3A
3ox2B
3ox2A
3ox1B
3ox1A
3owxB
3owxA
3owhB
3owhA
3ovmB
3ovmA
3o73B
3o73A
3o2nB
3o2nA
3nhyB
3nhyA
3nhwB
3nhwA
3nhuB
3nhuA
3nhsB
3nhsA
3nhrB
3nhrA
3nhpB
3nhpA
3nhlB
3nhlA
3nhkB
3nhkA
3nhjB
3nhjA
3nhfB
3nhfA
3nfrB
3nfrA
3gamB
3gamA
3g5mB
3g5mA
3fw1A
2qx9B
2qx9A
2qx8B
2qx8A
2qx6B
2qx6A
2qx4B
2qx4A
2qwxB
2qwxA
2qr2B
2qr2A
2qmzB
2qmzA
2qmyB
2qmyA
2bzsB
2bzsA
1zx1B
1zx1A
1xi2B
1xi2A
1sg0B
1sg0A
1qr2B
1qr2A
3tzbC
3tzbA
