5h37K
5h37I
5h37G
4ut9H
4ut9G
4ut9F
4ut9E
6b5oA
6b5nA
6b5mA
6b5lA
6db5D
6db5A
5tztD
5tztB
1vgeB
5iwlB
5iwlA
5azeB
4n0yA
6db6A
5w0dB
5u15C
5u15A
5tgbC
5tgbA
5o7pC
5o4oB
5jofG
5jofE
5jofC
5jofA
5igxB
5fecA
5f7eA
4jpkA
4jpiC
4jpiA
4imlC
4imlA
4imkB
4imkA
5tfsA
5tf1A
5fecC
4jdvC
4jdvA
4jdtB
5u0rA
5ifaA
5if0D
5if0A
5iesA
4nm8L
4nm8J
4nm8H
4nm4D
4nm4B
4hk0C
4hk0A
6aodB
5otjE
5otjB
5n4gA
4ypgE
4ypgB
4q2zC
4q2zA
5i17D
5umiE
5umiC
6db7D
6db7A
5nhrD
5nhrB
5czxE
5czxC
4hk3A
3sqoB
3hc4A
1wt5B
1wt5A
5nhwA
5nh3D
5nh3C
5ngvB
5l6yB
3n9gA
3iywF
3iywD
6dw2B
5wcaA
5vqmF
5vqmC
5k9oD
5k9oA
4irzC
4hcrD
4hcrA
3hc3A
3hc0C
3hc0A
6al5C
6al4F
6al4D
6al4B
4kq3B
5cbeA
4khtB
3ma9B
4ob5A
6b08A
5wl2C
5wkzA
5ob5B
5czvB
5cbeC
5cbaC
5cbaA
5c6wB
5c6wA
5c2bA
4yhoA
4yhnC
4yhnA
4yhmA
4yhlA
4yhkA
4yhiC
4yhiA
4ygvC
4ygvA
4xakE
4xakB
4odxD
4odxB
4m8qD
4m8qA
4m62D
4m62B
4leoA
3x3gA
3x3fA
2xtjD
2xqbB
5vagC
5i18B
5i17B
5i16D
5i16B
5i15B
5wl2A
4khxB
3macB
6ehyB
6ehyA
6c6zE
6c6zC
6b0eB
5kn5D
5kn5A
3nfsB
3nfpC
3nfpA
2d7tA
1it9B
6b0gB
5n4jB
4xhjH
4xhjD
3npsB
2jb5A
