6fwcB
6fwcA
6fw0B
6fw0A
6fvzB
6fvzA
5mrlB
5mrlA
4crtB
4crtA
4a7aB
4a7aA
4a79B
4a79A
3po7B
3po7A
2xfuB
2xfuA
2xfqB
2xfqA
2xfpB
2xfpA
2xfnB
2xfnA
2xcgB
2xcgA
2vz2B
2vz2A
2vrmB
2vrmA
2vrlB
2vrlA
2v61B
2v61A
2v60B
2v60A
2v5zB
2v5zA
2c70B
2c70A
2c67B
2c67A
2c66B
2c66A
2c65B
2c65A
2c64B
2c64A
2bybB
2bybA
2bk3B
2bk3A
1s3eB
1s3eA
1s3bB
1s3bA
1s2yB
1s2yA
1s2qB
1s2qA
1ojdJ
1ojdI
1ojdH
1ojdG
1ojdF
1ojdE
1ojdD
1ojdC
1ojdB
1ojdA
1ojcB
1ojcA
1ojaB
1ojaA
1oj9B
1oj9A
1gosB
1gosA
2xfoB
2xfoA
2c76B
2c76A
2c75B
2c75A
2c73B
2c73A
2c72B
2c72A
2bk5B
2bk5A
2bk4B
2bk4A
3zyxB
3zyxA
