4i5bB
1sebF
1sebB
6cqrG
6cqrB
4i5bE
3qxaD
3qxaB
2ojeF
2ojeB
2ipkB
2g9hB
1t5xB
1t5wE
1t5wB
1sjhB
1sjeB
1r5iF
1r5iB
1pywB
1kluB
6bizB
6biyB
6bixB
4x5wB
4ov5L
4ov5F
4ov5B
4c56K
3qxdD
3qxdB
2xn9E
2ianQ
2ianL
1lo5B
1kg0B
1dlhE
1dlhB
1aqdK
4ov5H
1zglQ
1klgB
1jwuB
1jwsB
1jwmB
1aqdH
1aqdE
1aqdB
4ov5D
4ov5J
4c56E
3s5lD
3s5lC
3pgcB
3pdoB
3l6fB
2icwE
2icwB
4md5B
6cqjH
6cqjB
2ianG
2iamB
6cqjE
4aenB
3pgcE
2ianB
1hxyB
1hqrB
4e41B
3s4sB
1fytB
3s4sF
3pgdE
3pgdB
5jlzD
4mdjB
4e41G
1fv1E
1fv1B
6bivB
6binC
6bilB
6bijB
4mdiB
4md4B
4md0B
4mczB
4mcyB
1h15E
1h15B
5laxD
4is6B
6birB
1bx2B
1d5xB
1bx2E
2wbjF
1zglG
5laxB
5jlzB
1zglL
1d5zB
1d5mB
2wbjB
1j8hB
1d6eB
6cpoE
2sebB
6cqqG
6cpoB
6atfD
6atfB
5v4nB
6cqqB
6atzD
6atzB
5v4nD
5ni9B
6cqnB
6cqlB
6atiD
6atiB
4y1aB
4y19B
1ymmB
6cpnB
6cplB
4gbxD
4fqxE
1zglB
5nigB
1a6aB
4ah2B
4h26E
4h26B
4h25B
2q6wE
2q6wB
4h25E
3c5jB
5v4mH
5v4mF
5v4mD
5v4mB
4h1lE
4h1lB
