5w6aC
5w6aA
5w69E
5w69C
5w69A
5w67A
4nt6A
5w69G
5xs3A
5vgdA
1efxA
5vgeA
1qqdA
1im9E
1im9A
4lcyD
4lcyA
6bj3A
4u1mA
3bxnA
3bvnD
3bvnA
6bj8A
5vz5A
4u1jA
1a9eA
1a9bD
1a9bA
6avgH
6at5A
5wmpA
5wmoA
5wmnC
5wmnA
5txsA
5eo1A
5eo0A
4qrrA
4prpA
4prnA
4priA
4preA
4prdA
4prbA
4praA
4pr5A
4lnrA
4jryA
4jrxA
3vfwA
3vfvA
3vfuA
3vftA
3vfsA
3vfrA
3vclA
3mv9A
3mv8A
3mv7A
3lksA
3lkrA
3lkqA
3lkpA
3lkoA
3lknA
3c9nA
3bwaA
3bw9A
2nx5P
2nx5K
2nx5F
2nx5A
2nw3A
2h6pA
2fz3A
2fyyA
2cikA
2axgA
2axfA
2ak4P
2ak4K
2ak4F
2ak4A
1zsdA
1zhlA
1zhkA
1xr9A
1xr8A
1xh3A
6bj2C
6avgD
6avfE
5xotA
5xosA
4u1nA
4u1kD
4u1kA
4u1hA
3vfpA
3vfoA
3vfnA
3vfmA
1cg9A
1a1nA
3kxfP
3kxfI
3kxfC
3kxfA
3kwwA
4o2fD
4o2fA
4o2eD
4o2eA
4o2cA
3skoA
4qrqA
3skmA
1m05C
1m05A
5wmrA
5wmqA
4xxcA
4qruA
4qrtA
4qrsA
4qrpF
4qrpA
4jqvA
3spvA
3sjvP
3sjvK
3sjvF
3sjvA
3ffcF
3ffcA
1mi5A
1agfA
1ageA
1agdA
1agcA
1agbA
3ln5A
5iekA
5degA
3x13A
4u1sA
4u1lD
4u1lA
4u1iA
5iehA
5ib5D
5ib5A
5ib4A
5ib3A
5ib2A
5ib1A
5defA
4g9fA
4g9dA
4g8iA
4g8gA
3x11A
3lv3A
3ln4A
3hcvA
3dtxA
3czfA
3bp7A
3bp4A
3b6sA
3b3iA
2bstA
2bssA
2bsrA
2a83A
1w0wA
1w0vA
1uxwA
1uxsA
1ogtA
1of2A
1k5nA
1jgeA
1jgdA
1hsaD
1hsaA
5v5lC
3x14A
3d18A
1a1oA
3x12A
5v5lA
5indC
5indA
5incC
5incA
5im7C
5im7A
4uq2C
4uq2A
3vrjA
3vriA
3uprE
3uprA
1x7qA
1qvoD
1qvoA
1q94D
1q94A
5wkhF
5wkhA
5wkfF
5wkfA
5wjnG
5wjnD
5wjnA
5wjlG
5wjlD
5wjlA
5u98D
5u98A
5gsdA
5grgA
5grdA
4n8vF
4n8vC
4mj6A
4mj5A
2hn7A
3w39D
3w39A
1a1mA
6bxqB
6bxpA
5v5mC
5t70A
5t6zA
5t6yA
5t6xA
5t6wA
5b39A
5b38A
4mjiF
4mjiA
3wuwA
3vh8E
3vh8A
3jttG
3jttD
3jttA
3jtsG
3jtsD
3jtsA
2ypkA
2rfxA
1e27A
4zfzJ
4zfzG
4zfzD
4zfzA
1e28A
2hjlA
2hjkA
5v5mA
2bvqA
2bvoA
6enyD
3rl2A
3rl1A
2yplA
2xpgA
2bvpA
4jqxA
3l3kA
3l3jA
3l3iA
3l3gA
3l3dA
3kpsA
3kprF
3kprA
3kpqA
3kppA
3kpoA
3kpnA
3kpmA
3kplA
3dxaK
3dxaF
3dxaA
3dx8A
3dx7A
3dx6A
1syvA
1sysA
1n2rA
1m6oA
6ei2A
4hwzA
5d2lP
5d2lA
4k7fA
4i48A
4hx1A
3oxrA
6am5A
5tezB
5nmkA
5nmhA
5nmgF
5nmgA
5nmfF
5nmfA
5nmeF
5nmeA
5n6bD
5n6bA
5merD
5merA
5meqA
5mepD
5mepA
5meoA
5menA
5iszA
5hyjF
5hyjA
5hhoA
5euoC
5eu6A
5eu5A
5eu4D
5eu4A
5eu3A
5e00A
5c0gA
5c0dA
5c0cA
5c0bF
5c0bA
5c0aF
5c0aA
5c09F
5c09A
5c08F
5c08A
5c07A
4wuuA
4wj5D
4wj5A
4uq3C
4uq3A
4qokA
4no5A
4no0A
4mnqA
4l3eA
4l3cY
4l3cV
4l3cS
4l3cP
4l3cM
4l3cJ
4l3cG
4l3cD
4l3cA
4l29Y
4l29V
4l29S
4l29P
4l29M
4l29J
4l29G
4l29D
4l29A
4k7fD
4jfqD
4jfqA
4jfpD
4jfpA
4jfoD
4jfoA
4jffA
4jfeA
4jfdA
4i4wA
4gksD
4gksA
4gknD
4gknA
4ftvA
4e5xD
4e5xA
3v5kD
3v5kA
3v5hD
3v5hA
3v5dD
3v5dA
3uttF
3uttA
3utsF
3utsA
3utqA
3to2A
3qfjA
3qfdD
3qfdA
3qeqA
3qdmA
3qdjA
3qdgA
3pwpA
3pwnD
3pwnA
3pwlD
3pwlA
3pwjD
3pwjA
3o4lA
3o3eD
3o3eA
3o3dD
3o3dA
3o3bD
3o3bA
3o3aD
3o3aA
3myjD
3myjA
3mgtJ
3mgtG
3hg1A
3haeG
3haeE
3haeC
3haeA
3gjfD
3gjfA
2vlrF
2vlrA
2vllD
2vllA
2vlkA
2vljA
2v2xD
2v2xA
2v2wD
2v2wA
2pyeA
2p5wA
2p5eA
2dypA
2bnrA
2bnqA
1p7qA
1ogaA
1akjA
5n1yA
5c0jA
5c0iA
5c0fA
5c0eA
5c0cF
5c07F
5jhdF
5jhdA
4nqxK
4nqxE
4nqxC
3rwjA
3rwiA
3rwhD
3rwhA
3rwgA
3rwfA
3rweA
3rwdD
3rwdA
3rwcD
3rwcA
6at9A
4nqxI
4nqxG
4nqxA
4nqvK
4nqvI
4nqvG
4nqvE
4nqvC
4nqvA
3bo8A
1w72D
1w72A
1zvsD
1zvsA
5bs0A
5brzA
2bckD
2bckA
