6ftxL
6ftxK
6fgeB
6fdkB
6ei1B
6cp2C
6b7oC
6b7oB
6b7mC
6b7mB
6asrA
6aqrD
5yikD
5yikC
5yijD
5yijC
5ydkC
5xveB
5xu8B
5xpkA
5xboA
5x3nA
5wfiD
5wfiC
5vzwF
5vzwB
5vzmA
5vo0F
5vo0C
5vnzF
5vnzC
5vf0A
5veyB
5ulhB
5ulfD
5ulfB
5ujnA
5txkB
5tutB
5ohpB
5ohnD
5ohnB
5ohmC
5ohlM
5ohlK
5ohlI
5ohkB
5nvgA
5mnjF
5mnjB
5mn9B
5m93A
5lrxD
5lrxB
5lrwD
5lrwB
5lrvC
5ln1B
5l8wC
5l8hB
5kyfB
5kyeD
5kyeB
5kydA
5kycB
5khyB
5kgfM
5kgfL
5k9pA
5jtvH
5jtvF
5jtvD
5jtvB
5jtjB
5jqsB
5jp3H
5jp3F
5jp3E
5jp3D
5jbyE
5jbyC
5jbyA
5jbvA
5j8pA
5h7sD
5h7sA
5gviB
5gojA
5goiB
5goiA
5gohA
5godB
5godA
5gobA
5ferF
5ferC
5eyaF
5eyaE
5edvH
5edvG
5edvF
5edvE
5e6jF
5e6jC
5dflA
5d0mC
5d0kL
5d0kK
5d0kJ
5d0kI
5cvoF
5cvoC
5cvnC
5cvmB
5craD
5craB
5bz0B
5aiuE
5aiuC
5aitF
5aitC
5af6E
5af6D
5af6C
5af6B
5af6A
5af4E
5af4C
5af4A
5a5bI
4zuxX
4zftD
4zftB
4zfrB
4z9sD
4z9sC
4z9sB
4z9sA
4y1hA
4xyzB
4xklC
4xklA
4xkhG
4wurB
4wlrC
4v3lB
4v3kE
4v3kB
4uf6K
4uf6H
4uf6E
4uf6B
4uelB
4s22D
4s22B
4s1zD
4rf1B
4rf0B
4r62B
4pqtB
4pigD
4pigC
4pigB
4pigA
4nqkH
4msqD
4msqB
4msmD
4msmB
4mm3A
4m0wB
4ljpB
4ljoB
4ldtD
4ldtB
4k1rD
4k1rB
4iumB
4ig7B
4i6nD
4i6nB
4hxdC
4hxdA
4dhzB
4dhjL
4dhjH
4dhjD
4dhjB
4ddiI
4ddiH
4ddiG
4ddiF
4ddiE
4ddiD
4ddgR
4ddgQ
4ddgP
4ddgO
4ddgN
4ddgM
4ddgI
4ddgH
4ddgG
4ddgF
4ddgE
4ddgD
4bvuC
4bozE
4bozB
4bosC
4bbnB
4auqF
4auqC
4ap4E
4ap4C
3zniP
3zniL
3zniH
3zniD
3znhB
3wwqK
3wwqH
3wwqE
3wwqB
3vuyE
3vuyC
3vuyA
3vuxC
3vuxB
3vuxA
3vuwC
3vhtC
3ugbB
3tmpH
3tmpF
3tmpD
3tmpB
3pt2B
3prpD
3prpB
3prmD
3prmB
3phwH
3phwF
3phwD
3phwB
3o65H
3o65F
3o65D
3o65B
3ns8A
3nobH
3nobG
3nobF
3nobA
3nheB
3n32A
3n30B
3n30A
3mhsD
3m3jE
3m3jC
3m3jB
3m3jA
3kw5B
3kvfB
3k9oB
3jw0F
3jw0E
3jvzF
3jvzE
3ihpD
3ihpC
3ifwB
3i3tH
3i3tG
3i3tF
3i3tE
3hm3D
3hm3C
3hm3B
3hm3A
3h7sB
3h7sA
3h7pB
3h1uB
3h1uA
3c0rD
3c0rB
3aulA
3albD
3albC
3albB
3albA
3a33B
2z59B
2xewK
2xewJ
2xewI
2xewH
2xewG
2xewF
2xewE
2xewD
2xewB
2xewA
2xbbD
2xbbC
2wwzA
2rr9B
2rr9A
2qhoC
2o6vG
2o6vC
2nr2A
2n3wC
2n3wB
2n3vC
2n3vB
2n3uC
2n3uB
2mwsA
2murB
2mroA
2mreA
2morA
2mjbA
2mj5A
2mcnB
2mbhB
2mbbB
2lz6A
2lvqB
2lvqA
2lvpB
2lvpA
2lvoA
2lj5A
2ld9A
2l3zA
2l0tA
2l0fA
2kwvB
2kwuB
2ktfA
2koxA
2kn5A
2klgA
2kdfC
2kdfB
2kdeC
2kdeB
2k8cA
2k8bA
2k39A
2jzzA
2jy6A
2jriC
2jriB
2jf5B
2hd5B
2gmiC
2gbkC
2gbjB
2g45D
2g45B
2fuhB
2denB
2bgfB
2bgfA
1yx6B
1yx5B
1xqqA
1wrdB
1v81A
1v80A
1ubqA
1ubiA
1tbeA
1s1qD
1q5wB
1g6jA
1fxtB
1f9jA
1d3zA
1aarB
1aarA
3jsvB
3a9kB
3a9jB
2znvC
5zq7C
5zq7B
5zq6C
5zq6B
5zq5C
5zq5B
5ydkK
5ydkH
5ydkE
5ydkB
5xitF
5xitA
5xisF
5xisC
5w46B
5u4pC
5tr4D
5tr4B
5o44F
5o44C
5l6jD
5l6jB
5l6iD
5l6iB
5l6hD
5l6hB
5ifrB
5emzE
5emzC
5emzA
4pihB
4pihA
4nqlB
4nnjE
4nnjD
4nnjB
4ii3D
4ii3B
4hcnB
3wxgE
3wxgB
3wwqJ
3wwqG
3wwqD
3wwqA
3vfkA
3rulD
3rulC
3rulB
3rulA
3jsvA
3dvnH
3dvnD
3dvgD
3cmmD
3cmmC
3a9kA
3a9jA
3a1qE
3a1qB
2znvE
2znvB
2ru6A
2rsuA
2nbeA
2nbdA
2n13B
2jt4B
2g3qB
1zguB
1wr1A
1q0wB
1otrB
