5x69F
5x69E
5x69D
5x69C
5x69B
5x69A
5x67B
5x67A
5x66F
5x66E
5x66D
5x66C
5x66B
5x66A
5x5qF
5x5qE
5x5qD
5x5qC
5x5qB
5x5qA
5x5dF
5x5dE
5x5dD
5x5dC
5x5dB
5x5dA
5x5aF
5x5aE
5x5aD
5x5aC
5x5aB
5x5aA
4up1D
4up1C
4up1B
4up1A
4o1uB
4o1uA
4kpwA
4h1iD
4h1iC
4h1iB
4h1iA
4gyhA
4gd7A
3ob7E
3ob7D
3ob7C
3ob7B
3ob7A
3n5gA
3n5eB
3n5eA
3hb8E
3hb8D
3hb8C
3hb8B
3hb8A
3h9kE
3h9kD
3h9kC
3h9kB
3h9kA
3gg5D
3gg5C
3gg5B
3gg5A
3ejlD
3ejlC
3ejlB
3ejlA
3ef9A
3edwA
3ebuA
3eawA
2rdaF
2rdaE
2rdaD
2rdaC
2rdaB
2rdaA
2rd8B
2rd8A
2onbA
1hw4A
1hw3A
1hvyD
1hvyC
1hvyB
1hvyA
5x4yA
5x4xA
5x4wA
5wrnF
5wrnE
5wrnD
5wrnC
5wrnB
5wrnA
5hs3F
5hs3E
5hs3D
5hs3C
5hs3B
5hs3A
4o1xD
4o1xC
4o1xB
4o1xA
4g6wA
4g2oA
4fgtA
3gh0A
3ehiA
3ed7A
1ypvA
1jujD
1jujC
1jujB
1jujA
1ju6D
1ju6C
1ju6B
1ju6A
1i00B
1i00A
3gh2A
1hzwB
1hzwA
4e28A
3egyA
4jefA
5fctB
5fctA
4ez8A
4einB
4e5oB
4e5oA
4e5oD
3ihiB
4e5oF
4e5oE
4e5oC
3ihiA
1rtsB
2tsrD
2tsrC
2tsrB
2tsrA
1rtsA
4einA
4eb4B
4eb4A
4eb4D
4eb4C
