3rgkA
1pmbB
1pmbA
1mygB
1mygA
1mwdB
1mwdA
1mwcB
1mwcA
1ycbB
1ycbA
1ycaB
1ycaA
1myjB
1myjA
1myiB
1myiA
1myhB
1myhA
1mnoB
1mnoA
1mdnB
1mdnA
1m6mB
1m6mA
1m6cB
1m6cA
1mnjA
1mniB
1mniA
1mnhA
1mnkB
1mnkA
1mnjB
5d5rA
5cngA
5cnfA
5cneA
5cndA
5cncA
5cnbA
5cn9A
5cn8A
5cn7A
5cn6A
5cn5A
5cn4A
5cmvA
5azrA
5azqA
4dc8A
4dc7A
3wfuA
3wftA
3vm9B
3vm9A
3v2zA
3v2vA
3lr9A
3ba2A
2vm0A
2vlzA
2vlyA
2vlxA
2v1kA
2v1jA
2v1iA
2v1hA
2v1gA
2v1fA
2v1eA
2o5tA
2o5sA
2o5qA
2o5oA
2o5mA
2o5lA
2o5bA
2o58A
2nssA
2nsrA
2in4A
2frkA
2frjA
2friA
2frfA
1ymcA
1ymbA
1wlaA
1npgA
1npfA
1gjnA
1dwtA
1dwsA
1dwrA
1aziA
5yl3A
3wi8A
3vauA
3lr7A
3hepA
3heoA
3henA
3hc9A
1ymaA
1xchA
1rseA
1nz2A
1hsyA
1hrmA
1bjeA
3wyoD
3wyoB
3rjnA
1nz5A
1nz4A
1nz3A
4twvA
4twuA
4ns2A
3rj6B
3rj6A
3wyoC
3wyoA
6bmgB
6bmgA
4pnjA
2eb8A
1ufpA
5mbnA
4nxcA
4nxaA
4mbnA
3u3eA
3edbA
3edaA
3ed9A
3eczA
3ecxA
3eclA
3e5oA
3e5iA
3e55A
3e4nA
2zt4A
2zt3A
2zt2A
2zt1A
2zt0A
2zszA
2zsyA
2zsxA
2zstA
2zssA
2zsrA
2zsqA
2zspA
2zsoA
2zsnA
2w6wA
2myeA
2mydA
2mycA
2mybA
2myaA
2mb5A
2jhoA
2ekuA
2ektA
2d6cA
2cmmA
1yoiA
1yohA
1yogA
1vxhA
1vxgA
1vxfA
1vxeA
1vxdA
1vxcA
1vxbA
1vxaA
1u7sA
1u7rA
1swmA
1speA
1myfA
1mbsA
1mboA
1mbnA
1mbiA
1mbdA
1mbcA
1iopA
1hjtA
1f6hA
1emyA
1ebcA
1cq2A
1bzrA
1bzpA
1bz6A
1bvdA
1bvcA
1ajhA
1ajgA
105mA
104mA
5oj9A
2z6sA
1jp8A
1jp6A
1dukA
5xl0A
2z6tA
2d6cB
1l2kA
1jpbA
1jp9A
1a6nA
1a6mA
1a6kA
2eb9A
1wvpA
5yzfA
5ut7A
5o41A
5m3sA
5kkkA
5jomA
4oodA
4h0bA
4h07A
3aseA
3a2gA
2oh8A
2mgmA
2mglA
2mgkA
2mbwA
1v9qA
1ufjA
1tesA
1jw8A
1j52A
1absA
112mA
111mA
110mA
109mA
5zeoA
5xkvA
5wjkA
5b85A
5b84A
4qauA
4pqcA
4pq6A
4of9A
4it8A
3o89A
2evpA
2evkA
2ef2A
5hluA
5hlqA
3sdnA
1j3fA
1ircA
1duoA
1dtmA
5vznA
5iksA
1a6gA
6g5tA
5ileA
3ogbA
3nmlA
2spoA
2spnA
2spmA
2splA
2ohbA
2ohaA
2oh9A
2mgjA
2mgiA
2mghA
2mggA
2mgfA
2mgeA
2mgdA
2mgcA
2mgbA
2mgaA
2g14A
2g12A
2g11A
2g10A
2g0zA
2g0xA
2g0vA
2g0sA
2g0rA
1mymA
1mtkA
1mtjA
1mtiA
1modA
1mocA
1mobA
1moaA
1mlsA
1mlrA
1mlqA
1mloA
1mlnA
1mlmA
1mllA
1mlkA
1mljA
1mlhA
1mlgA
1mlfA
1mgnA
1mcyA
1ltwA
1jdoA
1dtiA
1cpwA
1cp5A
1cp0A
1co9A
1co8A
1cioA
1cikA
1ch9A
1ch7A
1ch5A
1ch3A
1ch2A
1ch1A
108mA
107mA
106mA
103mA
102mA
101mA
6cf0A
5xkwA
5vzpA
5vzoA
5utaA
5ut9A
5ut8A
5kd1A
5ilmA
5hlxA
5c6yA
4pqbA
4lpiA
4fwzA
3mn0A
2bwhA
2bw9A
2bljA
2bliA
2blhA
1do7A
1do4A
1do3A
1do1A
6g5bA
6g5aA
6f1aA
6f19A
6f18A
6f17A
5utdA
5ilrA
5ilpA
3h58A
3h57A
1ofkA
1ofjA
1o16A
1mluA
1lueA
1h1xA
1fcsA
5vzqA
5vrtA
5vnuA
5ojbA
5havA
4mxlA
4mxkA
4fwyA
4fwxA
3k9zA
2w6yA
5utcA
5utbA
5ojaA
2w6xA
2e2yA
1obmA
1nazA
1n9xA
1n9iA
1n9hA
1n9fA
1mz0A
1myzA
1f65A
1f63A
1dxdA
1dxcA
6d45A
4tyxA
3m3bA
3m3aA
3m39A
3m38A
