5ly2D
5ly2C
5ly2B
5ly2A
5ly1D
5ly1C
5ly1B
5ly1A
5fyiB
5fyiA
5fyhB
5fyhA
5fycB
5fycA
5fy8B
5fy8A
5fweB
5fweA
5fpvH
5fpvG
5fpvF
5fpvE
5fpvD
5fpvC
5fpvB
5fpvA
5f5iB
5f5iA
5f3iD
5f3iC
5f3iB
5f3iA
5f3gD
5f3gC
5f3gB
5f3gA
5f3eD
5f3eC
5f3eB
5f3eA
5f3cD
5f3cC
5f3cB
5f3cA
5f39D
5f39C
5f39B
5f39A
5f37D
5f37C
5f37B
5f37A
5f32D
5f32C
5f32B
5f32A
5f2wD
5f2wC
5f2wB
5f2wA
5f2sD
5f2sC
5f2sB
5f2sA
5d6yJ
5d6yI
5d6yG
5d6yE
5d6yC
5d6yA
5d6xB
5d6xA
5d6wD
5d6wC
5d6wB
5d6wA
5anqB
5anqA
5a80B
5a80A
5a7wA
5a7sB
5a7sA
5a7qB
5a7qA
5a7pB
5a7pA
5a7oB
5a7oA
5a7nB
5a7nA
4v2wB
4v2wA
4v2vB
4v2vA
4uraB
4uraA
4gd4B
4gd4A
4bisB
4bisA
4ai9B
4ai9A
3u4sB
3u4sA
3rvhB
3rvhA
3pdqB
3pdqA
3njyB
3njyA
2ybsB
2ybsA
2ybpB
2ybpA
2ybkB
2ybkA
2wwjB
2wwjA
2vd7B
2vd7A
2qqsB
2qqsA
2q8eB
2q8eA
2q8dB
2q8dA
2q8cB
2q8cA
2pxjB
2pxjA
2p5bB
2p5bA
2ox0B
2ox0A
2ot7B
2ot7A
2os2B
2os2A
2oq7B
2oq7A
2oq6B
2oq6A
2gp5B
2gp5A
2gp3B
2gp3A
2gfaB
2gfaA
2gf7D
2gf7C
2gf7B
2gf7A
5a7wB
2qqrB
2qqrA
5kr7A
5kr7B
5fjkA
5fjhB
5fjhA
4xdpB
4xdpA
4xdoB
4xdoA
2xmlB
2xmlA
4lxlA
