1ysxA
5yb1B
5yb1A
5vnwB
5vnwA
5ijfA
5ifoA
5id7B
5id7A
5giyA
5gixB
5gixA
5fuoA
4z69B
4z69A
4n0uC
4n0fL
4n0fI
4n0fF
4n0fC
4lb9A
4lb2B
4lb2A
4la0B
4la0A
4l9qB
4l9qA
4l9kB
4l9kA
4l8uA
4k2cB
4k2cA
4iw2A
4g04B
4g04A
4g03B
4g03A
4emxB
4emxA
4bkeA
3uivB
3uivA
3sqjB
3sqjA
3lu8B
3lu8A
3lu7B
3lu7A
3lu6B
3lu6A
3jqzB
3jqzA
3cx9A
3b9mA
3b9lA
2ydfB
2ydfA
2xw1B
2xw1A
2xw0B
2xw0A
2xvqB
2xvqA
2vdbA
2i30A
2i2zA
2bxpA
2bxoA
2bxnA
2bxmA
2bxlA
2bxgB
2bxgA
2bxfB
2bxfA
2bxeB
2bxeA
2bxdB
2bxdA
2bxcB
2bxcA
2bxbB
2bxbA
2bxaB
2bxaA
2bx8B
2bx8A
1uorA
1o9xA
1n5uA
1hk4A
1ha2A
1h9zA
1gnjA
1gniA
1e7iA
1e7hA
1e7gA
1e7fA
1e7eA
1e7cA
1e7bA
1e7aB
1e7aA
1e78B
1e78A
1bm0B
1bm0A
1bkeA
1bj5A
1ao6B
1ao6A
4iw1A
3tdlA
3jryB
3jryA
3a73B
3a73A
2vueA
1e7bB
6ezqA
5yoqB
5yoqA
5x52B
5x52A
5ujbA
4e99A
2xvwA
2xvvA
2xvuB
2xvuA
2xsiA
2vufA
2vueB
2bxqA
2bxkA
2bxiA
1tf0A
1hk5A
1hk1A
5ujbB
1hk2A
4s1yA
2vufB
2bxhB
2bxhA
1hk3A
4k71A
4k71D
4hgkB
4hgkA
4hgmB
