5hpdA
4hjeD
4hjeC
4hjeB
4hjeA
3kmdD
3kmdC
3kmdB
3kmdA
5mcuB
5mcuA
5lgyB
4ibuB
2ataH
2ahiF
2adyD
2ac0F
5lgyD
5lgyC
5lgyA
2ataG
2ahiH
5mcvB
5mcvA
5mctB
5mctA
5mg7B
5mg7A
5buaA
2ahiE
2ac0H
4ibwA
3iglA
3d0aF
3d0aE
5ecgA
2fejA
4ibuD
5o1iB
5o1gB
5o1fB
5o1eB
5o1dB
5o1bB
5mf7B
5mf7A
5aokB
5ab9B
4lofA
4ibvA
4ibuC
4agmB
3zmeB
5o1iA
5o1hA
5o1gA
5o1fA
5o1aA
5g4oA
5a7bA
4agpA
4agoA
2j1xB
2binA
4ibzA
4ibqD
4ibqB
4ibzD
4ibzC
4ibzB
4ibqC
4ibqA
3igkA
2xwrB
2xwrA
2wgxA
4qo1B
2wgxB
6fj5D
6fj5C
6fj5B
6fj5A
5mcwB
5mcwA
4xr8D
4xr8C
4ibtC
4ibtA
2ataF
2adyC
2ac0E
1tupE
1tupC
1tsrE
1tsrC
1kzyB
1kzyA
1gzhC
4ibuA
2ocjD
2ocjC
2ocjB
2ocjA
2mejB
2ataE
2ac0G
1tupD
1tsrD
6ff9D
6ff9C
6ff9B
6ff9A
3kz8B
3kz8A
2ybgD
2ybgC
2h1lX
2h1lW
2h1lV
2h1lU
2h1lT
2h1lS
2h1lR
2h1lQ
2h1lP
2h1lO
2h1lN
2h1lM
4ijtA
4ibyA
4loeD
4loeC
4loeB
4loeA
4lo9D
4lo9C
4lo9B
4lo9A
4kvpD
4kvpC
4kvpB
4kvpA
4ibtD
4ibtB
4ibsD
4ibsC
4ibsB
4ibsA
3d07B
2j1zB
2j1zA
2ahiG
2ybgB
1ycsA
5ecgB
2ybgA
2j20B
2j20A
1gzhA
4ibyB
3d07A
3d0aH
5o1eA
5o1dA
5o1cA
5o1bA
5g4nA
5aolA
4agnA
4agmA
3d0aG
2bimB
2bimA
1uolB
1uolA
3d05A
5o1hB
5o1cB
5o1aB
5lapB
5g4oB
5g4nB
5g4mB
5aomB
5aolB
5aojB
5aoiB
5abaB
5a7bB
4agqB
4agpB
4agoB
4agnB
4aglB
2x0vB
2vukB
2j21B
5lapA
5g4mA
5aomA
5aokA
5aojA
5aoiA
5abaA
5ab9A
4agqA
4aglA
3zmeA
3d09A
3d06A
2x0wA
2x0uA
2vukA
2j1xA
2j1wB
2j1wA
2x0wB
2x0uB
2j1yB
3d08A
2x0vA
2j1yD
2j1yC
2j1yA
2pcxA
2j21A
2bioA
2bipA
2biqA
3ts8D
3ts8C
3ts8B
3ts8A
3q05D
3q05C
3q05B
3q05A
3q01B
3q01A
3q06D
3q06C
3q06B
3q06A
4mzrD
4mzrC
4mzrB
4mzrA
4mziA
