6fmlT
6fmlP
6c0wH
6c0wD
5kgfH
5kgfD
5gt0H
5gt0G
5jrgD
2cv5F
5z30H
5y0cJ
5y0cF
5x7xH
5x7xD
5fugK
5fugH
5fugE
5cpkD
5cpiH
5chlB
3x1uJ
3x1uF
3x1sH
3x1sD
3wtpD
3w98H
3w96H
3azfH
2xqlJ
2xqlH
2xqlF
2xqlD
2xqlB
2hioB
2cv5J
2aroF
2aroB
1tzyF
1tzyB
1hq3F
1hq3B
2rvqB
6etxP
6etxL
6buzH
6buzD
5xf5H
5xf5D
5xf4H
5xf4D
5xf3H
5xf3D
5jrgH
5gxqD
5b2jH
5b2jD
5b2iH
5b2iD
5b0zD
5avcH
5avcD
5avbH
5avbD
5av9H
5av9D
5av8H
5av8D
5av6H
5av6D
5av5H
5av5D
4ym6D
4ym5H
4nftB
4nftA
3waaD
3w99D
3w98D
3w96D
3aznD
3azmD
3azlD
3azkD
3azjD
3aziD
3azhD
3azgD
3azfD
3azeD
3aywD
3av2D
3afaD
3a6nD
5z30D
5y0dH
5y0dD
5veyA
5gxqH
5gtcH
5gtcD
5fugB
5cpkH
5cpjH
5cpjD
5cpiD
5b33H
5b33D
5b32H
5b32D
5b31H
5b31D
5b24H
5b24D
5b0zH
5b0yH
5b0yD
5ay8H
5ay8D
4z5tH
4z5tD
4ym6H
4ym5D
4nftD
4nftC
4cayB
3wtpH
3waaH
3wa9H
3wa9D
3w99H
3w97H
3w97D
3c9kF
3c9kB
3aznH
3azmH
3azlH
3azkH
3azjH
3aziH
3azhH
3azgH
3azeH
3aywH
3av2H
3av1H
3av1D
3afaH
3a6nH
3an2H
3an2D
5b40D
2f8nE
1u35F
5xm1H
5xm0H
5b40H
5b1mH
5b1lH
3kxbD
1u35J
5xm1D
5xm0D
5b1mD
5b1lD
4ld9H
1eqzD
4ld9D
1eqzH
1p3kJ
1p3iJ
1p3bF
6esiH
5onwJ
4ys3H
4ys3D
4xzqH
4xzqD
3x1tJ
3x1tF
3kwqH
3kwqD
3c1cH
3c1cD
2fj7J
2fj7F
2f8nH
1zlaJ
1zlaF
1p3pF
1p3oJ
1p3oF
1p3mF
1p3lF
1p3kF
1p3gJ
1p3gF
1p3bJ
1p3aJ
1p34F
6eshD
1p3mJ
1p3fF
1p3aF
6fq8H
6fq8D
6fq6H
6fq6D
6eshH
6esgH
6esgD
5g2eX
5g2eT
5g2eP
5g2eL
5g2eH
5g2eD
4x23R
4x23J
4x23F
4x23V
2pyoJ
2pyoF
1p3lJ
1p3iF
1p3fJ
5omxF
4z66H
4z66D
4qlcJ
3x1vJ
3utbH
3relH
3rekH
3rejH
1p34J
1m19J
1m19F
1m18J
1m18F
1kx4J
1kx3J
1kx3F
6g0lH
6ftxH
6esiD
5x0yH
5x0yD
5x0xH
5x0xD
5oxvK
5oxvB
5ongJ
5o9gH
5mluD
4zuxR
4zuxH
4qlcF
3tu4H
3tu4D
3mvdH
3mvdD
3lz1H
3lz0H
1m1aJ
1m1aF
3x1vF
1p3pJ
6g0lD
6ftxD
6esfH
6esfD
5xf6H
5xf6D
5oxvO
5oxvF
5ongF
5o9gD
5mluH
5hq2D
5e5aJ
5dnnH
5dnnD
5dnmH
5dnmD
5cp6J
5cp6F
4zuxN
4zuxD
4xujH
4xujD
4wu9H
4wu9D
4wu8J
4wu8F
4r8pH
4r8pD
4kgcH
4kgcD
4j8xH
4j8xD
4j8wH
4j8wD
4j8vH
4j8vD
4j8uH
4j8uD
3utaH
3utaD
3reiH
3reiD
3rehH
3rehD
3o62H
3o62D
3mnnH
3mnnD
3lz1D
3lz0D
3kuyH
3kuyD
3c1bH
3c1bD
2nzdJ
2nzdF
2nqbF
1kx5J
1kx5F
1f66J
1f66F
2nqbJ
5gt3H
3wkjH
3b6gF
3b6fF
1s32F
5f99D
3mgqD
3mgpD
3lelD
3utbD
3relD
3rekD
3rejD
3mgsH
3mgsD
3mgrH
3mgrD
3mgqH
3mgpH
3ljaH
3ljaD
3b6gJ
3b6fJ
1kx4F
1aoiJ
1aoiF
5gsuG
5f99H
5e5aF
3ut9H
1s32J
5onwF
5nl0H
3ut9D
3lelR
3lelN
3lelH
6fq5H
6fq5D
5omxJ
5nl0N
5nl0D
5gt3D
3kxbH
5gsuH
3wkjD
5bt1D
4m6bC
4kudH
2jssA
1id3F
4m6bA
4kudD
4jjnH
