3tvxB
3tvxA
3i8vB
2qykA
3i8vA
2qykB
5k6jA
3o0jA
1y2jB
1y2jA
1y2hB
1y2hA
1xotB
1xotA
1xmyB
1xmyA
1xmuB
1xm4B
1xm4A
1xlzB
1xlzA
1xlxB
1xlxA
1tb5B
1tb5A
1xn0B
1xn0A
4kp6A
1xm6B
1xosA
3ly2H
3ly2G
3ly2C
3ly2F
3ly2E
3ly2D
1xmuA
3g45B
5ohjB
1xm6A
3g45A
5ohjA
5laqA
3o56A
3frgA
2qylA
1rorB
1ro9B
1f0jB
3wd9B
3wd9A
3w5eB
3w5eA
1rorA
1ro9A
3o57A
3gwtA
3d3pA
3kktB
4ogbB
4nw7A
3sl3B
3sl3A
3kktA
4wcuD
4wcuA
4myqA
3sl8C
1ro6B
1ro6A
6f8wA
4wcuC
4ogbA
3sl5A
5wqaB
5wqaA
3sl8A
3sl6A
3ly2B
3ly2A
3g4lD
3g4kD
3g4iD
2fm5D
2fm5A
2fm0D
2fm0A
1zknD
1zknA
1q9mD
1q9mA
1ptwD
1ptwA
1oynD
1oynA
6f8wB
5wh6B
5wh5B
5tkbD
5lboD
5lboB
5lboA
4w1oD
4ogbD
4ogbC
3v9bC
3v9bA
3sl8D
3sl8B
3sl6D
3sl6C
3sl6B
3sl5D
3sl5C
3sl5B
3sl4D
3sl4C
3sl4B
3sl3D
3sl3C
3iakA
3g4kA
3g4iA
2qynB
1zknC
6fdcA
6f8xA
6f8uA
6f8tA
6f8rA
6f6uA
5lboC
5k32A
4w1oA
3sl4A
3g58A
1xorA
1xomB
1tbbA
1q9mC
1mkdL
1mkdK
1mkdJ
1mkdI
1mkdH
1mkdG
1mkdF
1mkdE
1mkdD
1mkdC
1mkdB
1mkdA
6f8vA
5wh6A
5wh5A
5tkbA
5k1iH
5k1iF
5k1iD
5k1iB
3v9bD
3v9bB
3g58C
3g58B
3g4lC
3g4lB
3g4lA
3g4kC
3g4kB
3g4iC
3g4iB
2qynA
2fm5C
2fm5B
2fm0C
2fm0B
1zknB
1y2kA
1y2eB
1y2eA
1y2dB
1y2dA
1y2cB
1y2cA
1y2bA
1xorB
1xoqA
1xonB
1xomA
1tbbB
1tb7B
1q9mB
1ptwC
1ptwB
1oynC
1oynB
6fdcB
6f8xB
6f8vB
6f8tB
6f8rB
6f6uB
4w1oB
3hmvB
3hmvA
2pw3B
5tkbC
5k1iG
5k1iA
1y2kB
1y2bB
1xoqB
1xonA
5k32B
5k1iE
5k1iC
4wcuB
4w1oC
2pw3A
1tb7A
6f8uB
3g58D
1f0jA
5tkbB
3k4sA
4wziA
4x0fB
4wziB
3iadA
6bojC
6bojD
6bojB
6bojA
4x0fA
3iadB
3iadD
3iadC
2qymA
3g4gD
3g4gA
3g4gB
3g4gC
