4uyhC
4uyhB
4uyhA
4uyfC
4uyfB
4alhC
4alhB
4alhA
4algA
4aknC
4aknB
4aknA
4a9oC
4a9oB
4a9oA
4a9nC
4a9nB
4a9nA
4a9mC
4a9mB
4a9mA
4a9jC
4a9jB
4a9jA
4a9iC
4a9iA
4a9hC
4a9hB
4a9hA
4a9fC
4a9fB
4a9fA
4a9eC
4a9eB
4a9eA
2yekC
2yekB
2yekA
2ydwC
2ydwB
2ydwA
4uyfA
5henB
5henA
5hemB
4a9iB
3aqaA
2dvsA
2dvrA
2dvqA
1x0jA
5henC
3aqaC
3aqaB
2dvsC
2dvsB
2dvrC
2dvrB
2dvqC
2dvqB
1x0jC
1x0jB
5hemA
5helA
3s91A
2nxbA
2nxbB
2l5eA
3uw9B
5ulaA
4nudA
5uvwB
6cd4A
6c7rA
5y1yA
5xi4A
5xi3A
5xi2A
5xhyA
5wuuA
5h21A
5eguD
5eguC
5d25A
4zw1A
4z1qA
4whwA
4lysA
4hxsA
4hxpA
4hxmA
4donA
3uw9A
3u5kB
5ulaB
5d0cA
5eguA
6ckrB
6cj1A
6ciyA
6cisA
5wa5A
5vboA
5nneA
5nncB
5nncA
5hq6A
5hm0A
5dlxA
4qr5A
4qr4A
4qr3A
4nr8A
4lr6A
