1eqzJ
1m1aH
6g0lF
6ftxF
6fmlN
6esgF
6esgB
6c0wF
5omxD
5hq2B
5gt0C
5gsuC
5e5aD
5cpkB
5c3iW
5c3iS
5c3iO
5c3iG
5c3iC
5ay8F
4z66B
4z5tF
4ys3F
4ys3B
4ym5B
4xzqF
4xzqB
4x23T
4x23P
4x23H
4x23D
3x1vD
3ut9B
3mgsB
3mgrB
3mgqB
3mgpB
3ljaB
3lelL
3lelB
3kwqB
3b6gD
3b6fD
3an2F
2io5C
2fj7D
2f8nD
1zlaD
1u35D
1p3lD
1p3kD
1p3aD
1m19D
1m18D
6fq5F
6fq5B
6esfF
6esfB
5z30F
5y0dF
5gt3F
5b2jF
5b2iF
4ld9F
3wtpF
3o62F
3azhF
3azeF
2cv5H
6esiB
5z30B
5y0dB
5y0cD
5xm1B
5xm0B
5x7xB
5oxvM
5oxvD
5onwD
5ongD
5o9gF
5mluF
5jrgB
5ja4B
5gxqB
5gtcB
5cpjB
5cpiB
5b33B
5b32B
5b31B
5b24B
5b1mB
5b1lB
5b0zB
5b0yB
5ay8B
4zuxP
4zuxF
4ym6B
4qlcD
4ld9B
3x1sB
3wtpB
3wkjB
3waaB
3wa9B
3w99B
3w98B
3w97B
3utbF
3relF
3rekF
3rejF
3lz1F
3lz0F
3c9kH
3c9kD
3c1cB
3azhB
3azgB
3azfB
3azeB
3aywB
3av2B
3av1B
3an2B
3afaB
2cv5D
1p3mD
1kx4H
6fq6B
5xm0F
5ongH
5mluB
5gxqF
5cpkF
5cpjF
5cpiF
5bnvB
5b33F
5b32F
5b31F
5b24F
5b1mF
5b1lF
5b0yF
4ym6F
3x1sF
3wkjF
3waaF
3wa9F
3w99F
3w98F
3w97F
3c1cF
3azgF
3azfF
3aywF
3av2F
3av1F
3afaF
3a6nF
2fj7H
2f8nG
2aroH
1zlaH
1tzyH
1hq3H
5kdmB
5c3iK
3w96B
3tu4F
3tu4B
6g0lB
6ftxB
6fq8F
6fq6F
6esiF
5xm1F
5x0xB
5oxvQ
5oxvH
5nl0L
5nl0F
5nl0B
5f99B
5b0zF
4zuxL
4zuxB
4z5tB
4h9rB
4h9qB
4h9pB
4h9oB
4h9nB
3x1uD
3w96F
3utbB
3relB
3rekB
3rejB
3mvdB
3lz1B
3lz0B
3kwqF
2hueC
2aroD
1u35H
1tzyD
1p3lH
1p34D
1m18H
1kx4D
1hq3D
1aoiD
4hgaC
4h9sD
4h9sC
1kx5H
1kx5D
1eqzF
6fmlR
6etxJ
6eshB
5xf6B
5xf5B
5xf4B
5xf3B
5dnnB
5dnmB
5cp6D
5b2jB
5b2iB
5avcB
5avbB
5av9B
5av8B
5av6B
5av5B
4zbjC
4z66F
4xujB
4wu9B
4wu8D
4r8pF
4kgcB
4j8xB
4j8wB
4j8vB
4j8uB
3utaB
3reiB
3rehB
3mnnB
3kuyB
2nzdD
1p3mH
1p3aH
1kx3D
5x0yB
4z2mE
2pyoH
1s32H
6eshF
5gt3B
3x1tD
3a6nB
2nqbD
1s32D
1p3kH
1p34H
5y0cH
5xf6F
5xf5F
5xf4F
5xf3F
5o9gB
5dnnF
5dnmF
5cp6H
5bsaC
5bs7C
5bnvD
5avcF
5avbF
4ym5F
4xujF
4wu9F
4wu8H
4kgcF
4j8xF
4j8wF
4j8vF
4j8uF
3x1vH
3x1uH
3x1tH
3utaF
3ut9F
3reiF
3rehF
3nqjB
3mnnF
3mgsF
3mgrF
3mgqF
3mgpF
3ljaF
3lelP
3kxbB
3kuyF
3b6gH
3b6fH
2nzdH
1kx3H
1aoiH
6fq8B
6etxN
6c0wB
6buzF
6buzB
5x7xF
5x0yF
5x0xF
5onwH
5omxH
5jrgF
5gtcF
5gt0D
5gsuD
5e5aH
5bo0B
5bnxB
5av9F
5av8F
5av6F
5av5F
4uuzB
4r8pB
4qlcH
3o62B
3mvdF
3lelF
3kxbF
3c1bF
3c1bB
2pyoD
2nqbH
1m1aD
1m19H
1f66H
1f66D
5f99F
5bsaD
5bs7D
3r45B
3azjB
1p3oH
1p3iH
1p3iD
1p3gD
5b40B
3nquB
3aznB
3azmB
3azlB
3azkB
3aziB
2hioD
1p3bD
3aznF
3azmF
3azkF
3azjF
3aziF
5kgfF
5kgfB
4eo5C
4z2mC
1p3pH
1p3oD
1p3fH
5b40F
1p3pD
1p3gH
1p3bH
3azlF
1p3fD
