5ya5A
5t3qA
5lspD
5lspA
5htiA
5eydA
5eycA
5eobA
5dg5B
5dg5A
4xyfA
4xmoA
4r1yA
4r1vA
4o3uB
4o3tB
4mxcA
4knbD
4knbC
4knbB
4knbA
4k3jB
4gg7A
4gg5A
4eevA
4deiA
4dehA
4degA
4ap7A
4aoiA
3zzeA
3zxzA
3zclA
3zc5A
3zbxA
3vw8A
3u6iA
3u6hA
3rhkB
3rhkA
3lq8A
3i5nA
3f66B
3f66A
3efkB
3efkA
3efjB
3efjA
3cd8A
3ccnA
2wkmA
2wgjA
2wd1A
2rfsA
2rfnB
2rfnA
2g15A
1shyB
2uzyD
2uzyB
2uzxD
2uzxB
3l8vA
3ctjA
3cthA
3ce3A
3c1xA
1r1wA
5ho6A
5hniB
5hniA
5hlwA
3f82A
3dkgA
3a4pA
3qtiB
3qtiA
3dkfA
5horA
5hoaA
4iwdA
3r7oA
3q6wA
1r0pA
5uafA
5uadA
5uabA
3dkcA
3q6uA
