6f2lB
6f2lA
6enqB
6enqA
6an1B
6an1A
5y2tA
5y2oA
5wr1B
5wr1A
5wr0B
5wr0A
5wqxB
5wqxA
5ugmB
5ugmA
5u5lB
5u5lA
5twoA
5ttoB
5ttoA
5lsgB
5lsgA
5hzcB
5hzcA
5gtpA
5gtoA
5gtnA
5f9bB
5f9bA
5dwlA
5dvcA
5dv8A
5dv6A
5dv3A
5dshA
5azvB
5azvA
4yt1B
4yt1A
4y29A
4xumB
4xumA
4xuhB
4xuhA
4xtaB
4xtaA
4r2uB
4r2uA
4r06B
4r06A
4pwlB
4pwlA
4pvuA
4prgD
4prgC
4prgB
4prgA
4jl4B
4jl4A
4jazB
4jazA
4heeA
4fgyA
4f9mA
4emaB
4emaA
4em9B
4em9A
4e4qB
4e4qA
4e4kB
4e4kA
4ci5B
4ci5A
4a4wB
4a4wA
4a4vB
4a4vA
3x1iB
3x1iA
3x1hB
3x1hA
3wmhB
3wmhA
3vspB
3vspA
3vsoB
3vsoA
3vn2A
3vjiB
3vjiA
3vjhB
3vjhA
3v9yA
3v9vA
3v9tA
3u9qA
3t03B
3t03A
3sz1B
3sz1A
3s9sA
3r8iB
3r8iA
3r8aA
3r5nA
3qt0A
3po9B
3po9A
3pbaB
3pbaA
3oswB
3oswA
3osiB
3osiA
3noaB
3noaA
3lmpA
3kmgC
3kmgA
3k8sB
3k8sA
3ia6B
3ia6A
3hodB
3hodA
3ho0B
3ho0A
3h0aB
3gbkB
3gbkA
3g9eA
3furA
3fejA
3e00B
3dzyB
3dzuB
3d6dB
3d6dA
3cwdB
3cwdA
3cdsB
3cdsA
3cdpB
3cdpA
3b3kB
3b3kA
3b1mA
3b0rB
3b0rA
3b0qB
3b0qA
3an4B
3an4A
3an3B
3an3A
3adxB
3adxA
3adwB
3adwA
3advB
3advA
3aduB
3aduA
3adtB
3adtA
3adsB
3adsA
2znoB
2znoA
2zk6B
2zk6A
2zk5B
2zk5A
2zk4B
2zk4A
2zk3B
2zk3A
2zk2B
2zk2A
2zk1B
2zk1A
2zk0B
2zk0A
2yfeB
2yfeA
2xkwB
2xkwA
2vv4A
2vv3B
2vv3A
2vv2B
2vv2A
2vv1A
2vv0B
2vstB
2vstA
2vsrB
2vsrA
2qmvA
2q8sB
2q8sA
2q6sB
2q6sA
2q6rB
2q6rA
2q61B
2q61A
2q5sB
2q5sA
2q5pB
2q5pA
2q59B
2q59A
2prgB
2prgA
2pobB
2pobA
2p4yB
2p4yA
2om9D
2om9C
2om9B
2om9A
2i4zB
2i4zA
2i4pB
2i4pA
2i4jB
2i4jA
2hwrB
2hwrA
2hwqB
2hwqA
2hfpA
2gtkA
2g0hB
2g0hA
2g0gB
2g0gA
2fvjA
2f4bB
2f4bA
2athB
2athA
1zgyA
1zeoB
1zeoA
1prgB
1prgA
1nyxB
1nyxA
1knuB
1knuA
1k74B
1i7iB
1i7iA
1fm9B
1fm6D
1fm6B
5ji0B
4xldA
4r6sB
4r6sA
4oj4A
4o8fB
4o8fA
4l98B
4l98A
4l96A
3r8aB
3et3A
3et0B
3et0A
3bc5A
2zvtB
2zvtA
2vv4B
2vv1B
2vv0A
1rdtC
3ty0B
3ty0A
1wm0A
4pvuB
3wj5A
3wj4A
3wj4B
3prgA
3cs8A
5y2oB
3wj5B
6c5tA
5y2tB
6c5qA
