4g69A
3rl8E
3rl8D
3rl8C
3rl8B
3rl8A
3rl7B
2i0iE
2i0iC
2i0iA
3rl7F
3rl7D
2oqsA
2g2lB
2g2lA
2i0lC
2i0lA
1pdrA
2awxB
2awxA
2awuB
1zokA
2m3mA
2awuA
4oajA
2x7zA
2awwB
2awwA
3uatA
5oibF
5oibE
5oibD
5oibB
3zrtC
5oijB
5oibC
5oi4D
2ka9A
5oigA
5oibA
4amhB
5oijA
5oi6D
5oi4A
5oi6B
3gslB
5ohwC
5mz7D
3jxtB
3gslA
5d13D
5d13B
5d13A
5oi6C
5oi4C
5oihA
5oi6A
3k82A
3i4wD
3i4wC
3i4wB
3i4wA
5ohwB
5oiiB
5ohwA
5mz7C
5d13C
4amhA
5ohwD
5oi4B
3jxtA
1qlcA
5mz7B
5mz7A
3zrtA
5oiiA
3zrtB
5w72A
5jxbA
1tq3A
5jxbB
1bfeA
1um7A
3zrtD
2he2B
1tp5A
1tp3A
