6bxqB
6bxpA
6bj8A
6bj3A
6bj2C
6avgH
6avfE
6at5A
5xotA
5xosA
5wmrA
5wmqA
5wmpA
5wmoA
5wmnC
5wmnA
5vz5A
5v5mC
5txsA
5t70A
5t6zA
5t6yA
5t6xA
5t6wA
5iekA
5iehA
5ib5D
5ib5A
5ib4A
5ib3A
5ib2A
5ib1A
5eo1A
5eo0A
5degA
5defA
5b39A
5b38A
4xxcA
4uq2C
4uq2A
4u1sA
4u1nA
4u1mA
4u1lD
4u1lA
4u1kD
4u1kA
4u1jA
4u1iA
4u1hA
4qruA
4qrtA
4qrsA
4qrrA
4qrqA
4qrpF
4qrpA
4prpA
4prnA
4priA
4preA
4prdA
4prbA
4praA
4pr5A
4nqxK
4nqxE
4nqxC
4mjiF
4mjiA
4lnrA
4jryA
4jrxA
4jqxA
4jqvA
4g9fA
4g9dA
4g8iA
4g8gA
3x14A
3x13A
3x12A
3x11A
3wuwA
3w39D
3w39A
3vrjA
3vriA
3vh8E
3vh8A
3vfwA
3vfvA
3vfuA
3vftA
3vfsA
3vfrA
3vfpA
3vfoA
3vfnA
3vfmA
3vclA
3uprE
3uprA
3spvA
3skoA
3skmA
3sjvP
3sjvK
3sjvF
3sjvA
3mv9A
3mv8A
3mv7A
3lv3A
3lksA
3lkrA
3lkqA
3lkpA
3lkoA
3lknA
3l3kA
3l3jA
3l3iA
3l3gA
3l3dA
3kxfP
3kxfI
3kxfC
3kxfA
3kwwA
3kpsA
3kprF
3kprA
3kpqA
3kppA
3kpoA
3kpnA
3kpmA
3kplA
3hcvA
3ffcF
3ffcA
3dxaK
3dxaF
3dxaA
3dx8A
3dx7A
3dx6A
3dtxA
3d18A
3czfA
3c9nA
3bxnA
3bwaA
3bw9A
3bvnD
3bvnA
3bp7A
3bp4A
3b6sA
3b3iA
2rfxA
2nx5P
2nx5K
2nx5F
2nx5A
2nw3A
2h6pA
2fz3A
2fyyA
2cikA
2bvqA
2bvoA
2bstA
2bssA
2bsrA
2axgA
2axfA
2ak4P
2ak4K
2ak4F
2ak4A
2a83A
1zsdA
1zhlA
1zhkA
1xr9A
1xr8A
1xh3A
1x7qA
1w0wA
1w0vA
1uxwA
1uxsA
1syvA
1sysA
1qvoD
1qvoA
1q94D
1q94A
1ogtA
1of2A
1n2rA
1mi5A
1m6oA
1m05C
1m05A
1k5nA
1jgeA
1jgdA
1hsaD
1hsaA
1e28A
1e27A
1cg9A
1agfA
1ageA
1agdA
1agcA
1agbA
1a9eA
1a9bD
1a9bA
1a1oA
1a1nA
1efxA
5v5lC
5indC
5indA
5incC
5incA
5im7C
5im7A
5nmkA
5nmhA
5nmgF
5nmgA
5nmfF
5nmfA
5nmeF
5nmeA
5n6bD
5n6bA
5n1yA
5merD
5merA
5meqA
5mepD
5mepA
5meoA
5menA
5hyjF
5hyjA
5hhoA
5eu6A
5eu5A
5eu4D
5eu4A
5eu3A
5c0jA
5c0iA
5c0gA
5c0fA
5c0eA
5c0dA
5c0cF
5c0cA
5c0aF
5c0aA
5c09F
5c09A
5c08F
5c08A
5c07F
5c07A
4zfzJ
4zfzG
4zfzD
4zfzA
4qokA
4no0A
4mnqA
4l3cY
4l3cV
4l3cS
4l3cP
4l3cM
4l3cJ
4l3cG
4l3cD
4l3cA
4l29Y
4l29V
4l29S
4l29P
4l29M
4l29J
4l29G
4l29D
4l29A
4jfqD
4jfpD
4jfpA
4jffA
4jfeA
4jfdA
4i4wA
4gksD
4gksA
4gknD
4gknA
3utsF
3utsA
3utqA
3rwjA
3rwiA
3rwhD
3rwhA
3rwgA
3rwfA
3rweA
3rwdD
3rwdA
3rwcD
3rwcA
3o4lA
3hg1A
3haeG
3haeE
3haeC
3haeA
3gjfD
3gjfA
2vlrF
2vlrA
2vllD
2vllA
2vlkA
2vljA
2v2xD
2v2xA
2v2wD
2v2wA
2pyeA
2p5wA
2p5eA
2bnrA
2bnqA
1p7qA
1ogaA
1akjA
6ei2A
6am5A
5tezB
5iszA
5euoC
5e9dA
5e00A
5d2lP
5d2lA
5c0bF
5c0bA
4wuuA
4wj5D
4wj5A
4uq3C
4uq3A
4no5A
4l3eA
4k7fD
4k7fA
4jfqA
4jfoD
4jfoA
4ftvA
4e5xD
4e5xA
3v5kD
3v5kA
3v5hD
3v5hA
3v5dD
3v5dA
3uttF
3uttA
3to2A
3rewD
3rewA
3qfjA
3qfdD
3qfdA
3qeqA
3qdmA
3qdjA
3qdgA
3pwpA
3pwnD
3pwnA
3pwlD
3pwlA
3pwjD
3pwjA
3o3eD
3o3eA
3o3dD
3o3dA
3o3bD
3o3bA
3o3aD
3o3aA
3myjD
3myjA
3mgtJ
3mgtG
3mgtD
3mgtA
3mgoJ
3mgoG
3mgoD
3mgoA
3klaD
3klaA
3i6kD
3i6kA
3i6gD
3i6gA
3hpjD
3hpjA
3h9sA
3h7bD
3h7bA
3givD
3givA
3fqxA
3fqwA
3fquA
3fqtA
3fqrA
3fqnA
3d3vA
3d39A
3bh9A
2x70D
2x70A
2x4uD
2x4uA
2x4tD
2x4tA
2x4sD
2x4sA
2x4rD
2x4rA
2x4qD
2x4qA
2x4pD
2x4pA
2x4oD
2x4oA
2x4nD
2x4nA
2uweF
2uweA
2jccF
2jccA
2j8uF
2j8uA
2guoD
2guoA
2gtzD
2gtzA
2gtwD
2gtwA
2gt9D
2gt9A
2gj6A
2gitD
2gitA
2f53A
2clrD
2clrA
2c7uD
2c7uA
2av7D
2av7A
2av1D
2av1A
1tvhD
1tvhA
1tvbD
1tvbA
1jhtA
1jf1A
5v5mA
5v5lA
1a1mA
5jhdF
5jhdA
2bckD
2bckA
