4ym9A
3uouA
3hgpA
3hgnA
2v35A
2v0bA
2oquA
2iotA
2g4uA
2g4tA
2de9A
2de8A
2d26C
2cv3A
2blqA
2bloA
2a7jA
2a7cA
1uvpA
1uvoA
1uo6A
1qnjA
1mmjA
1mcvA
1lkbA
1lkaA
1l1gA
1l0zA
1hv7A
1gwaA
1fzzA
1eaiB
1eaiA
1c1mA
9estA
8estA
7estA
6estA
5estA
5avdA
4gvuA
4estA
3odfA
3oddA
3mu8A
3mu5A
3mu4A
3mu1A
3mu0A
3mtyA
3mocA
3mo9A
3mo6A
3mo3A
3mnxA
3mnsA
3mncA
3mnbA
3estA
3e3tA
2h1uB
2fohA
2fogA
2fofA
2foeA
2fodA
2focA
2fobA
2foaA
2fo9A
2estA
2bdcA
2bdbA
2bdaB
2bd9A
2bd8B
2bd7B
2bd5B
2bd4B
2bd3B
2bd2B
2bb4B
1qr3A
1qixB
1qgfA
1okxB
1okxA
1nesA
1lvyA
1jimA
1incA
1hazB
1h9lB
1gvkB
1fleA
1estA
1esbA
1esaA
1elgA
1elfA
1eleA
1eldA
1elcA
1elbA
1elaA
1eauA
1eatA
1easA
1e38A
1e37A
1e36A
1e35A
1e34A
1btuA
1bmaA
1b0eA
1hb0A
1hayA
1haxB
