6g0lF
6g0lB
6ftxF
6ftxB
6fq8F
6fq8B
6fq6F
6fq6B
6fq5F
6fq5B
6fmlR
6fmlN
6etxN
6etxJ
6esiF
6esiB
6eshF
6eshB
6esgF
6esgB
6esfF
6esfB
6c0wF
6c0wB
6buzF
6buzB
5z30F
5z30B
5y0dF
5y0dB
5y0cH
5y0cD
5xm1F
5xm1B
5xm0F
5xm0B
5xf6F
5xf6B
5xf5F
5xf5B
5xf4F
5xf4B
5xf3F
5xf3B
5x7xF
5x7xB
5x0yF
5x0yB
5x0xF
5x0xB
5oxvQ
5oxvM
5oxvH
5oxvD
5onwH
5onwD
5ongH
5ongD
5omxH
5omxD
5o9gF
5o9gB
5nl0L
5nl0F
5nl0B
5mluF
5mluB
5kdmB
5jrgF
5jrgB
5ja4B
5hq2B
5gxqF
5gxqB
5gtcF
5gtcB
5gt3F
5gt3B
5gt0D
5gt0C
5gsuD
5gsuC
5f99B
5e5aH
5e5aD
5dnnF
5dnnB
5dnmF
5dnmB
5cpkF
5cpkB
5cpjF
5cpjB
5cpiF
5cpiB
5cp6H
5cp6D
5c3iW
5c3iS
5c3iO
5c3iK
5c3iG
5c3iC
5bsaD
5bsaC
5bs7D
5bs7C
5bo0B
5bnxB
5bnvD
5bnvB
5b33F
5b33B
5b32F
5b32B
5b31F
5b31B
5b2jF
5b2jB
5b2iF
5b2iB
5b24F
5b24B
5b1mF
5b1mB
5b1lF
5b1lB
5b0zF
5b0zB
5b0yF
5b0yB
5ay8F
5ay8B
5avcF
5avcB
5avbF
5avbB
5av9F
5av9B
5av8F
5av8B
5av6F
5av6B
5av5F
5av5B
4zuxP
4zuxL
4zuxF
4zuxB
4zbjC
4z66F
4z66B
4z5tF
4z5tB
4z2mE
4z2mC
4ys3F
4ys3B
4ym6F
4ym6B
4ym5F
4ym5B
4xzqF
4xzqB
4xujF
4xujB
4x23T
4x23P
4x23H
4x23D
4wu9F
4wu9B
4wu8H
4wu8D
4uuzB
4r8pF
4r8pB
4qlcH
4qlcD
4ld9F
4ld9B
4kgcF
4kgcB
4j8xF
4j8xB
4j8wF
4j8wB
4j8vF
4j8vB
4j8uF
4j8uB
4hgaC
4h9sD
4h9sC
4h9rB
4h9qB
4h9pB
4h9oB
4h9nB
3x1vH
3x1vD
3x1uH
3x1uD
3x1tH
3x1tD
3x1sF
3x1sB
3wtpF
3wtpB
3wkjF
3wkjB
3waaF
3waaB
3wa9F
3wa9B
3w99F
3w99B
3w98F
3w98B
3w97F
3w97B
3w96F
3w96B
3utbF
3utbB
3utaF
3utaB
3ut9F
3ut9B
3tu4F
3tu4B
3relF
3relB
3rekF
3rekB
3rejF
3rejB
3reiF
3reiB
3rehF
3rehB
3r45B
3o62F
3o62B
3nquB
3nqjB
3mvdF
3mvdB
3mnnF
3mnnB
3mgsF
3mgsB
3mgrF
3mgrB
3mgqF
3mgqB
3mgpF
3mgpB
3lz1F
3lz1B
3lz0F
3lz0B
3ljaF
3ljaB
3lelP
3lelL
3lelF
3lelB
3kxbF
3kxbB
3kwqF
3kwqB
3kuyF
3kuyB
3c9kH
3c9kD
3c1cF
3c1cB
3c1bF
3c1bB
3b6gH
3b6gD
3b6fH
3b6fD
3azhF
3azhB
3azgF
3azgB
3azfF
3azfB
3azeF
3azeB
3aywF
3aywB
3av2F
3av2B
3av1F
3av1B
3an2F
3an2B
3afaF
3afaB
3a6nF
3a6nB
2pyoH
2pyoD
2nzdH
2nzdD
2nqbH
2nqbD
2io5C
2hueC
2fj7H
2fj7D
2f8nG
2f8nD
2cv5H
2cv5D
2aroH
2aroD
1zlaH
1zlaD
1u35H
1u35D
1tzyH
1tzyD
1s32H
1s32D
1p3mH
1p3mD
1p3lH
1p3lD
1p3kH
1p3kD
1p3aH
1p3aD
1p34H
1p34D
1m1aH
1m1aD
1m19H
1m19D
1m18H
1m18D
1kx5H
1kx5D
1kx4H
1kx4D
1kx3H
1kx3D
1hq3H
1hq3D
1f66H
1f66D
1eqzJ
1eqzF
1aoiH
1aoiD
5f99F
1p3gH
5kgfF
5kgfB
5b40F
4eo5C
3aznF
3azmF
3azlF
3azkF
3azjF
3aziF
1p3pH
1p3pD
1p3oD
1p3fH
1p3fD
1p3bH
5b40B
3aznB
3azmB
3azlB
3azkB
3azjB
3aziB
2hioD
1p3oH
1p3iH
1p3iD
1p3gD
1p3bD
2yfwH
2yfvB
2yfwF
2yfwD
4jjnF
4kudF
1id3D
4jjnB
4kudB
2yfwB
1id3H
5zbbD
5zbaD
