6fj5D
6fj5C
6fj5B
6fj5A
5mg7B
5mg7A
5mf7B
5mf7A
5mcwB
5mcwA
5mcvB
5mcvA
5mcuB
5mcuA
5mctB
5mctA
5lgyD
5lgyC
5lgyB
5lgyA
5ecgB
5ecgA
5buaA
4xr8D
4xr8C
4qo1B
4hjeD
4hjeC
4hjeB
4hjeA
3kz8B
3kz8A
3kmdD
3kmdC
3kmdB
3kmdA
3iglA
2ybgD
2ybgC
2ybgB
2ybgA
2xwrB
2xwrA
2ocjD
2ocjC
2ocjB
2ocjA
2mejB
2fejA
2ataH
2ataG
2ataF
2ataE
2ahiH
2ahiG
2ahiF
2ahiE
2adyD
2adyC
2ac0H
2ac0G
2ac0F
2ac0E
1ycsA
1tupE
1tupD
1tupC
1tsrE
1tsrD
1tsrC
1kzyB
1kzyA
1gzhC
1gzhA
6ff9D
6ff9C
6ff9B
6ff9A
4loeD
4loeC
4loeB
4loeA
4lo9D
4lo9C
4lo9B
4lo9A
4kvpD
4kvpC
4kvpB
4kvpA
4ijtA
4ibsD
4ibsC
4ibsB
4ibsA
4ibqD
4ibqC
4ibqB
4ibqA
3d07B
3d07A
3d05A
2h1lX
2h1lW
2h1lV
2h1lU
2h1lT
2h1lS
2h1lR
2h1lQ
2h1lP
2h1lO
2h1lN
2h1lM
3d06A
4ibzD
4ibzC
4ibzB
4ibzA
4ibyB
4ibyA
4ibwA
4ibvA
4ibuD
4ibuC
4ibuB
4ibuA
4ibtD
4ibtC
4ibtB
4ibtA
3igkA
3d0aH
3d0aG
3d0aF
3d0aE
3d08A
4lofA
3d09A
1uolB
1uolA
2binA
5o1iB
5o1gB
5o1fB
5o1eB
5o1eA
5o1dB
5o1dA
5o1cA
5o1bB
5o1bA
5g4oB
5g4nB
5g4nA
5g4mB
5aolB
5aolA
5aokB
5aojB
5abaB
5ab9B
5a7bB
4agpB
4agnB
4agnA
4agmB
4agmA
4aglB
3zmeB
5o1iA
5o1hB
5o1hA
5o1gA
5o1fA
5o1cB
5o1aB
5o1aA
5lapB
5lapA
5g4oA
5g4mA
5aomB
5aomA
5aokA
5aojA
5aoiB
5aoiA
5abaA
5ab9A
5a7bA
4agqB
4agqA
4agpA
4agoB
4agoA
4aglA
3zmeA
2x0wB
2x0wA
2x0vB
2x0vA
2x0uB
2x0uA
2vukB
2vukA
2j20B
2j20A
2j1zB
2j1zA
2j1yD
2j1yC
2j1yB
2j1yA
2j1xB
2j1xA
2j1wB
2j1wA
2bimB
2bimA
2j21B
2j21A
2bioA
2wgxB
2wgxA
2bipA
2pcxA
2biqA
4mziA
3ts8D
3ts8C
3ts8B
3ts8A
3q05D
3q05C
3q05B
3q05A
3q01B
3q01A
3q06D
3q06C
3q06B
3q06A
2iooA
2iomA
2ioiA
3exjB
1hu8C
1hu8B
1hu8A
4mzrD
4mzrC
4mzrB
4mzrA
2p52A
2geqC
3exlA
2geqD
3exjA
