4ayuE
4ayuD
4ayuC
4ayuB
4ayuA
4avvE
4avvD
4avvC
4avvB
4avvA
4avtJ
4avtI
4avtH
4avtG
4avtF
4avtE
4avtD
4avtC
4avtB
4avtA
4avsE
4avsD
4avsC
4avsB
4avsA
3kqrE
3kqrD
3kqrC
3kqrB
3kqrA
3d5oE
3d5oD
3d5oC
3d5oB
3d5oA
2w08E
2w08D
2w08C
2w08B
2w08A
2a3yE
2a3yD
2a3yC
2a3yB
2a3yA
2a3xJ
2a3xI
2a3xH
2a3xG
2a3xF
2a3xE
2a3xD
2a3xC
2a3xB
2a3xA
2a3wT
2a3wS
2a3wR
2a3wQ
2a3wP
2a3wO
2a3wN
2a3wM
2a3wL
2a3wK
2a3wJ
2a3wI
2a3wH
2a3wG
2a3wF
2a3wE
2a3wD
2a3wC
2a3wB
2a3wA
1sacE
1sacD
1sacC
1sacB
1sacA
1lgnE
1lgnD
1lgnC
1lgnB
1lgnA
1gykE
1gykD
1gykC
1gykB
1gykA
