4h26E
4h26B
4h25B
4h25E
3c5jB
4h1lE
4h1lB
1aqdK
1aqdH
1aqdE
1aqdB
6cqjE
4e41B
2ianQ
2ianL
1lo5B
1kg0B
1hxyB
1dlhE
1dlhB
4e41G
4ov5L
4ov5F
4ov5B
4i5bE
4i5bB
4c56K
4aenB
3qxdD
3qxdB
2xn9E
2q6wE
2q6wB
2ianB
1fytB
4ov5J
4ov5D
4c56E
6cqrG
6cqrB
6cqjH
6cqjB
3qxaD
3qxaB
2ojeF
2ojeB
2ipkB
2ianG
2g9hB
1t5xB
1t5wE
1t5wB
1sjhB
1sjeB
1sebF
1sebB
1r5iF
1r5iB
1pywB
1kluB
3pgcE
5laxD
4x5wB
4ov5H
1klgB
1jwuB
1jwsB
1jwmB
2icwE
3s5lD
3s5lC
3pdoB
3l6fB
2icwB
6cqqG
6cpoB
4mdjB
4mdiB
3pgcB
2iamB
6cqqB
6atzB
2wbjF
1bx2E
1bx2B
6atzD
1j8hB
1hqrB
6birB
3s4sF
3s4sB
3pgdE
3pgdB
6cpoE
6bizB
6biyB
6bixB
6bivB
6binC
6bilB
6bijB
6atiD
6atiB
6atfD
6atfB
5ni9B
5jlzD
4md5B
4md4B
4md0B
4mczB
4mcyB
4is6B
2wbjB
1zglQ
1h15E
1h15B
1d5mB
4gbxD
1ymmB
1d6eB
5nigB
5laxB
5jlzB
4fqxE
1fv1E
1fv1B
6cpnB
6cplB
1zglL
2sebB
6cqnB
6cqlB
1zglG
1d5xB
1d5zB
1a6aB
4y1aB
4y19B
5v4nB
1zglB
5v4nD
4ah2B
2fseB
5v4mH
5v4mF
5v4mD
5v4mB
2fseD
4x5xD
4x5xB
