5o35B
5o35A
5o32G
5o32F
5o32B
5o32A
5m6wD
5m6wC
5m6wB
5m6wA
5fobA
5foaC
5foaA
5fo9D
5fo9A
5fo8A
5fo7A
3t4aF
3t4aE
3t4aD
3t4aC
3t4aB
3t4aA
3ohxH
3ohxG
3ohxD
3ohxC
3ohxB
3ohxA
3nmsD
3nmsB
3nmsA
3l5nB
3l5nA
3l3oH
3l3oG
3l3oF
3l3oE
3l3oB
3l3oA
3g6jD
3g6jC
3g6jB
3g6jA
2xwjG
2xwjE
2xwjC
2xwjA
2xwbC
2xwbA
2winH
2winG
2winF
2winE
2winD
2winC
2winB
2winA
2wiiB
2wiiA
2qkiF
2qkiE
2qkiC
2qkiB
2qkiA
2icfB
2iceG
2iceF
2iceE
2iceC
2iceB
2i07A
2a74F
2a74E
2a74C
2a74B
2a74A
2a73B
5fobB
5foaD
5foaB
5fo9E
5fo9B
5fo8B
5fo7B
2xwjH
2xwjF
2xwjD
2xwjB
2xwbD
2xwbB
2i07B
6ehgB
2qkiD
2icfA
2iceA
2a74D
2a73A
6ehgA
5nbqC
5nbqB
5nbqA
4zh1C
4zh1B
4ontF
4ontD
3rj3C
3rj3B
3rj3A
3oxuB
2wy8A
2wy7A
2nojG
2nojE
2nojC
2nojA
4zh1A
4m76A
3oxuC
3oedC
3oedA
2xqwB
2xqwA
1ghqA
1c3dA
4ontB
3oxuA
3d5sC
3d5sA
3d5rC
3d5rA
2goxC
2goxA
1qsjD
1qsjC
1qsjB
1qsjA
1qqfA
