3ddwB
3ddwA
3ddsB
3ddsA
3dd1B
3dd1A
3cemB
3cemA
3cejB
3cejA
3cehB
3cehA
2zb2B
2zb2A
2qllA
2atiB
2atiA
1l7xB
1l7xA
1l5sB
1l5sA
1l5rB
1l5rA
1l5qB
1l5qA
1fc0B
1fc0A
1fa9A
1exvB
1exvA
1em6B
1em6A
1xoiB
1xoiA
5ikoA
5ikpA
2ieiA
3g2nA
6f3uA
6f3sA
6f3rA
6f3lA
6f3jA
5ox4A
5ox3A
5ox1A
5ox0A
5owzA
5owyA
5o56A
5o54A
5o52A
5o50A
5lrfA
5lreA
5lrdA
5lrcA
5jtuA
5jttA
4yuaA
4ctoA
3zcvA
3zctA
3zcqA
3zcpA
3np7A
3ms2A
3mrxA
3l7aA
3cuwA
3cuvA
3cuuA
3cutA
3bdaA
3bd8A
3bd7A
3bd6A
3bcuA
3bcrA
2qrpA
2qn3A
2qn2A
2qn1A
2iegB
2ffrA
2f3uA
2f3sA
2f3qA
2f3pA
1xl1A
1xl0A
1xkxA
1xc7A
5memA
5mcbA
4yi5A
4yi3A
4mraA
4micA
4mi9A
4mi6A
4mi3A
4mhsA
4mhoA
4el5A
4el0A
4ekyA
4ekeA
4ej2A
4ctnA
4ctmA
3zcrA
3t3iA
3t3hA
3t3gA
3t3eA
3t3dA
3syrA
3symA
3s0jA
3npaA
3np9A
3nc4A
3mtdA
3mtaA
3mt9A
3mt8A
3mt7A
3mscA
3ms7A
3ms4A
3mrvA
3mrtA
3mqfA
3l7dA
3l7cA
3l7bA
3l79A
3g2lA
3g2kA
3g2jA
3g2iA
3g2hA
3ebpA
3eboA
3bcsA
3amvA
2qrqA
2qrmA
2qrhA
2qrgA
2qlnA
2qlmA
2pyiA
2pydA
2offA
2ieiB
2iegA
2gj4A
2g9vA
2g9rA
2ff5A
2fetA
1c8lA
4z5xA
3zcuA
3zcsA
3mtbA
2qnbA
2qn9A
2qn8A
2gm9A
2g9uA
2g9qA
1z6qA
1z6pA
1z62A
1ww2A
1p4jA
1p4hA
1p4gA
1k08A
1b4dA
1a8iA
3e3lD
3e3lA
2qn7A
1ww3A
1wv1A
1wv0A
1wuyA
1wutA
1uzuA
1p2gA
1p2bA
1p29A
1ktiA
1h5uA
1gfzA
1bx3A
3e3oD
3e3oB
3e3oA
3e3lC
3e3lB
2gpnA
1p2dA
1lwoA
1lwnA
1k06A
3e3nE
3e3nC
2gpaA
1e1yA
3e3oC
1pygB
3e3nH
2amvA
1gpyA
1gpbA
7gpbD
7gpbC
7gpbB
7gpbA
3e3nB
1gpaD
1gpaC
1gpaA
1abbD
1abbC
1abbB
1abbA
9gpbD
9gpbC
9gpbB
9gpbA
6gpbA
3e3nG
3e3nF
3e3nA
1pygD
1pygC
1pygA
1gpaB
3e3nD
2gpbA
1axrA
8gpbA
5gpbA
4gpbA
3gpbA
2skeA
2skdA
2skcA
2prjA
2priA
1z8dA
1noiD
1noiC
1noiB
1noiA
1hlfA
1ggnA
1gg8A
1fu8A
1fu7A
1fu4A
1ftyA
1ftwA
1ftqA
1fs4A
1c8kA
1c50A
1nokA
1nojA
