1zglQ
1zglL
1zglG
1hqrB
1h15E
1h15B
1fv1E
1fv1B
1zglB
1hxyB
4ov5J
2ianG
2iamB
3pgcE
2ianB
4e41G
4e41B
1fytB
4x5wB
4ov5H
4ov5D
3s4sB
1klgB
1jwuB
1jwsB
1jwmB
4c56E
3pgcB
2icwE
2icwB
6cqjH
6cqjB
4aenB
6cqjE
6cqrG
6cqrB
4ov5L
4ov5F
4ov5B
4c56K
3qxdD
3qxdB
3qxaD
3qxaB
2ojeF
2ojeB
2ipkB
2g9hB
1t5xB
1t5wE
1t5wB
1sjhB
1sjeB
1r5iF
1r5iB
1pywB
1kluB
2xn9E
2ianQ
2ianL
1lo5B
1kg0B
1dlhE
1dlhB
1aqdH
1aqdE
1aqdB
3s4sF
3pgdE
3pgdB
4i5bB
1sebF
1sebB
4i5bE
3s5lD
3s5lC
3pdoB
3l6fB
1aqdK
1d5mB
1j8hB
1d5zB
4gbxD
1d6eB
4fqxE
2sebB
1d5xB
4mdjB
5jlzD
6bizB
6biyB
6bixB
6bivB
6binC
6bilB
6bijB
5laxD
4mdiB
4md4B
4md0B
4mczB
4mcyB
4is6B
6birB
4y1aB
4y19B
4ah2B
6cqnB
6cqlB
6cpoE
4md5B
6cqqG
6cqqB
6cpoB
6cpnB
6cplB
1ymmB
5laxB
5jlzB
6atfD
6atfB
6atzD
6atzB
2wbjF
5ni9B
1bx2B
6atiD
6atiB
1bx2E
5nigB
2wbjB
5v4nD
5v4nB
2q6wE
2q6wB
4h25E
4h26E
4h26B
4h25B
3c5jB
4h1lE
4h1lB
4x5xD
4x5xB
5v4mH
5v4mF
5v4mD
5v4mB
1a6aB
2fseD
2fseB
3t0eB
3o6fB
3o6fF
