4m0eB
4m0fB
4m0eA
4ey7B
4ey6B
4ey5B
4ey4B
1b41A
1f8uA
2x8bA
4bdtA
5fpqB
5fpqA
4m0fA
4ey8A
4ey7A
4ey6A
4ey5A
4ey4A
3liiB
3liiA
4pqeA
5eihA
5eieA
5eiaA
5ehzA
5ehqA
5ehnA
4b80A
3dl7B
2xuqA
2xupA
2xuoA
2xukA
2xujA
2xuiA
2xuhA
2xudA
2ha3A
1q84A
1q83A
1n5mA
5fumA
5foqA
5eieB
5ehqB
4btlA
4bc0A
4b85A
4b83A
4b82A
4b81A
4b7zA
4arbA
4araA
4a23A
3dl7A
3dl4A
2xugA
2xufA
2wlsA
2whrA
2jeyA
2ha2A
2ha0B
2h9yA
2gywA
2gyvA
2gyuA
2c0qA
2c0pA
1n5rA
1ku6A
1j07A
1j06A
5fppA
5fkjD
5fkjC
5fkjB
5fkjA
5eihB
5eiaB
5ehzB
5ehnB
4btlB
4bc1D
4bc1C
4bc1A
4bc0D
4bc0C
4b83B
4b80B
4a16D
4a16C
4a16B
4a16A
3zlvB
3zlvA
3zluA
3zltA
2y2uA
2xuqB
2xuoB
2xukB
2xuiB
2xuhB
2xugB
2xufB
2xudB
2wu3A
2whqA
2jgmA
2jglA
2jgkA
2jgjA
2jgiA
2jgfA
2jgeA
2jf0A
2jezA
2ha3B
2ha2B
2ha0A
2h9yB
1q84B
1q83B
1n5rB
1n5mB
1j07B
5fumB
5foqB
5dtjB
4bc1B
4bc0B
4b85B
4b84A
4b82B
4b81B
4b7zB
4arbB
4araB
4a23B
3zluB
3zltB
3dl4B
2y2uB
2xupB
2wu3B
2wlsB
2whrB
2whqB
2jgmB
2jglB
2jgkB
2jgjB
2jgiB
2jgfB
2jgeB
2jf0B
2jezB
2jeyB
2gywB
2gyvB
2gyuB
2c0qB
2c0pB
1mahA
1j06B
1c2oD
1c2oC
1c2oB
1c2oA
1c2bA
5fppB
2xujB
2ha7A
2ha6A
2ha5A
2ha4A
1maaC
2ha7B
2ha4B
1maaD
2ha6B
2ha5B
4b84B
2y2vA
2wu4A
2whpA
5dtjA
5dtiA
1maaB
1maaA
2y2vB
2wu4B
2whpB
5dtiB
