6fmlS
6fmlO
5gt3C
2aroA
1tzyA
1hq3A
5gt3G
3c9kE
3c9kA
2hioA
2aroE
1tzyE
1hq3E
2xqlI
2xqlG
2xqlE
2xqlC
2xqlA
2rvqA
1eqzC
5jrgG
3x1vI
6etxO
6etxK
6buzG
6buzC
5y0dG
5y0dC
5y0cI
5y0cE
5xm1G
5xm1C
5xm0G
5xm0C
5xf5G
5xf5C
5xf4G
5xf4C
5xf3G
5xf3C
5x7xG
5x7xC
5jrgC
5gxqG
5gxqC
5gtcG
5gtcC
5cpkG
5cpkC
5cpjG
5cpjC
5cpiG
5cpiC
5b40G
5b40C
5b32C
5b31C
5b2jG
5b2jC
5b2iG
5b2iC
5b24G
5b24C
5b1mG
5b1mC
5b1lG
5b1lC
5b0zG
5b0zC
5b0yG
5b0yC
5ay8G
5ay8C
5avcG
5avcC
5avbG
5avbC
5av9G
5av9C
5av8G
5av8C
5av6G
5av6C
5av5G
5av5C
4z5tG
4z5tC
4ym6G
4ym6C
4ym5G
4ym5C
3x1vE
3x1sG
3x1sC
3wtpG
3wtpC
3wkjG
3wkjC
3w99C
3w98G
3w98C
3w97G
3w97C
3w96G
3w96C
3aznG
3aznC
3azmG
3azmC
3azlG
3azlC
3azkG
3azkC
3aziG
3aziC
3azhG
3azhC
3azgG
3azgC
3azfG
3azfC
3azeG
3azeC
3aywG
3aywC
3av2G
3av2C
3av1G
3av1C
3afaG
3afaC
3a6nG
3a6nC
2f8nJ
2cv5I
2cv5E
6c0wG
6c0wC
3w99G
3azjC
3an2G
3azjG
3an2C
5g2eW
5g2eS
5g2eO
5g2eK
5g2eG
5g2eC
6esiC
1eqzG
5kgfG
5kgfC
5f99C
6fq8G
5xf6G
5xf6C
5x0yG
5x0yC
5x0xG
5x0xC
5ongI
5ongE
5dnnG
5dnnC
5dnmG
5dnmC
5cp6I
5cp6E
4z66G
4z66C
4ys3G
4ys3C
4xzqG
4xzqC
4xujG
4xujC
4wu9G
4wu9C
4wu8I
4wu8E
4r8pG
4kgcG
4kgcC
4j8xG
4j8xC
4j8wG
4j8wC
4j8vG
4j8vC
4j8uG
4j8uC
3utaG
3utaC
3tu4G
3tu4C
3reiG
3reiC
3rehG
3rehC
3o62G
3mvdG
3mvdC
3mnnG
3mnnC
3mgsG
3mgrG
3mgqG
3mgpG
3ljaG
3lelQ
3lelM
3lelG
3kwqG
3kwqC
3kuyG
3kuyC
3c1bC
3b6gI
3b6gE
3b6fI
3b6fE
2nzdI
2nzdE
2fj7I
2fj7E
1s32I
1s32E
1p3pI
1p3pE
1p3oI
1p3oE
1p3mE
1p3lI
1p3lE
1p3kI
1p3kE
1p3gI
1p3fI
1p3bE
1p3aE
1p34I
1p34E
1m1aI
1m19E
1m18I
1m18E
1kx3I
1kx3E
1aoiI
6g0lG
6ftxG
6ftxC
6fq8C
6esiG
6eshG
6esgG
6esfG
6esfC
5oxvP
5oxvL
5oxvG
5oxvC
5o9gG
5o9gC
5nl0M
5nl0G
5nl0C
5mluG
5mluC
5hq2C
5e5aI
5e5aE
4zuxQ
4zuxM
4zuxG
4zuxC
4r8pC
3utbG
3utbC
3ut9G
3ut9C
3relG
3relC
3rekG
3rekC
3rejG
3rejC
3o62C
3mgsC
3mgrC
3mgqC
3mgpC
3lz1G
3lz1C
3lz0G
3lz0C
3ljaC
3lelC
3kxbC
3c1cG
3c1cC
3c1bG
1p3mI
1p3iI
1p3iE
1p3gE
1p3fE
1p3bI
1p3aI
1m1aE
1m19I
1kx4I
1kx4E
6eshC
6esgC
4ld9G
3kxbG
4ld9C
1aoiE
6fq5G
6fq5C
6fq6G
6fq6C
5onwI
5omxE
6g0lC
5onwE
5omxI
1zlaI
1zlaE
4khaB
1kx5I
1kx5E
5gt0F
5gt0E
5gsuF
5gsuE
5f99G
3x1uI
2pyoE
3x1tI
2nqbE
3x1uE
3x1tE
2nqbI
4qlcI
4qlcE
4x23U
4x23Q
4x23I
4x23E
2pyoI
5veyA
4wnnE
4wnnC
4wnnG
4wnnA
5bt1C
4kudC
4jjnG
4kudG
4jjnC
1id3E
1id3I
