6fa4F
6fa4E
6fa4D
6fa4C
6fa4B
6fa4A
6fa3F
6fa3E
6fa3D
6fa3C
6fa3B
6fa3A
6fa2E
6fa2B
6fa2A
6fa1F
6fa1E
6fa1D
6fa1C
6fa1B
6fa1A
6f76F
6f76E
6f76D
6f76C
6f76B
6f76A
6bp1A
6aseA
5w22B
5w22A
5vq1B
5vq1A
5vbmA
5uk9B
5uk9A
5ufeA
5octF
5octE
5octD
5octC
5octB
5octA
5ocoF
5ocoE
5ocoD
5ocoC
5ocoB
5ocoA
4wa7A
4obeB
4obeA
4lpkB
4lpkA
4epwA
4epvA
4eptA
3gftE
3gftB
3gftA
2mseC
2msdC
2mscC
6ccxB
6cchB
6cc9B
5tarA
6b0yA
6asaA
6arkA
5yy1A
5yxzA
5xcoA
5vq8B
5vq8A
5vq6B
5vq6A
5vq2B
5vq2A
5vq0B
5vq0A
5vp7B
5vp7A
5v9uA
5v9oA
5v9lC
5v9lB
5v9lA
5v71F
5v71E
5v71D
5v71C
5v71B
5v71A
5v6sA
5usjA
5us4B
5us4A
5uqwA
4tqaB
4tqaA
4tq9B
4tq9A
4ql3A
4q03A
4q02A
4q01B
4pzzA
4pzyB
4pzyA
4nmmA
4m22A
4lv6A
4lucB
4lucA
4ldjA
4epyA
4epxA
6fa2D
6b0yB
6b0vB
6b0vA
5whdA
5v9uB
5v6vB
5v6vA
5usjF
5usjE
5usjD
5usjC
5usjB
5uqwB
5ufqB
5ufqA
5o2sE
5o2sC
5o2sA
5mlbE
5mlbC
5mlbA
5f2eA
4q01A
4m22C
4m22B
4lyjA
4lv6B
4lrwB
4lrwA
4l8gA
4eprA
4dsuA
4dstA
4dsoA
4dsnA
5tb5C
5ocgA
5vpyB
5vpyA
5kykB
6fa2C
5kykA
3gftC
1xcmA
721pA
621pA
5x9sA
5wplA
5whaG
5wfrB
5wfrA
5wfqB
5wfqA
5wfpB
5wfpA
5wfoB
5wfoA
5wdqA
5wdpA
5wdoA
5vbzC
5vbzB
5vbzA
5vbeA
5p21A
5e95B
5b30A
5b2zA
4xvrA
4xvqA
4us2A
4us1A
4us0A
4urzA
4uryA
4urxA
4urwA
4urvA
4uruA
4rsgA
4nymB
4nymA
4nyjB
4nyjA
4nyiB
4nyiA
4g3xA
4g0nA
4efnA
4eflA
4dlzA
4dlyA
4dlxA
4dlwA
4dlvA
4dluA
4dltA
4dlsA
4dlrA
3v4fA
3tgpA
3rsoA
3rslA
3rs7A
3rs5A
3rs4A
3rs3A
3rs2A
3rs0A
3rrzA
3rryA
3oiuA
3lbnA
3lbiA
3lbhA
3l8zA
3l8yA
3k8yA
3i3sA
2rggA
2rgeA
2rgdA
2rgcA
2rgbA
2rgaA
2quzA
221pA
1zw6A
1zvqA
1xj0A
1xd2B
1xd2A
1wq1A
1qraA
1p2vA
1p2uA
1p2tA
1p2sA
1nvxB
1nvxA
1nvwB
1nvwA
1nvvB
1nvvA
1nvuB
1nvuA
1lf5A
1lf0A
1k8rA
1gnrA
1gnqA
1gnpA
1ctqA
1crqA
1crpA
1bkdA
121pA
6axgH
6axgF
6axgD
5vpzB
5vpzA
5vpiB
5vpiA
6ambA
5kykC
4m1yA
4m1tA
4lyhA
6fa2F
3gftF
3gftD
1lfdD
1lfdB
821pA
5wlbD
5wlbA
5uhvA
521pA
4l9wA
4l9sA
4k81H
4k81F
4k81D
4k81B
4efmA
421pA
3oiwA
3oivA
3lo5C
3kknA
3kkmA
3k9nA
3k9lC
3k9lB
3k9lA
2vh5C
2uziC
2n46A
2n42A
2lwiA
2lcfA
2evwA
2clcA
2cl7A
2cl6A
2cl0A
2ce2A
2c5lB
2c5lA
1pllA
1jaiA
1jahA
1he8B
1agpA
5wheA
4q21A
4m1yB
4lyhB
1iozA
4m21B
4m1wB
4m1wA
4m1tB
4m1sB
4m1oB
5tb5A
4m21A
4m1sA
4m1oA
4lyfB
4lyfA
3conA
5whbD
5whbA
3ddcA
2cldA
5whbG
4m1tC
4lyhC
4m1yC
4m1wC
4m1oC
5wheD
5whdC
5whbJ
5whaD
4lyfC
1iaqC
1iaqA
5wheB
6q21D
6q21C
6q21B
6q21A
1q21A
1aa9A
4m1sC
4m21C
3lo5A
1rvdA
1iaqB
1cluA
5wplJ
5wplD
2q21A
5whdB
