5fpqB
5fpqA
4pqeA
4m0fB
4m0fA
4m0eB
4m0eA
4ey8A
4ey7B
4ey7A
4ey6B
4ey6A
4ey5B
4ey5A
4ey4B
4ey4A
3liiB
3liiA
1b41A
1f8uA
2x8bA
4bdtA
2y2vB
2wu4A
5eihA
5eieA
5eiaA
5ehzA
5ehqA
5dtiB
4b80A
2y2vA
2wu4B
2whpA
2ha3A
5fumB
5fumA
5foqB
5foqA
5eihB
5eieB
5eiaB
5ehzB
5ehqB
5ehnA
4btlB
4btlA
4bc0A
4b85B
4b85A
4b83B
4b83A
4b82B
4b82A
4b81B
4b81A
4b80B
4b7zB
4b7zA
4arbB
4arbA
4araB
4araA
4a23B
4a23A
3zlvB
3zlvA
3zluA
3zltA
3dl7A
3dl4A
2y2uA
2wlsB
2wlsA
2whrB
2whrA
2whqB
2whqA
2whpB
2jgmA
2jglB
2jglA
2jgkA
2jgjB
2jgjA
2jgiA
2jgfB
2jgfA
2jgeA
2jf0B
2jf0A
2jezB
2jezA
2jeyB
2jeyA
2ha3B
2ha2B
2ha2A
2ha0B
2ha0A
2h9yB
2h9yA
2gywB
2gywA
2gyvB
2gyvA
2gyuB
2gyuA
2c0qB
2c0qA
2c0pB
2c0pA
1q84A
1q83A
1n5rB
1n5rA
1n5mA
1mahA
1ku6A
1j07B
1j07A
1j06B
1j06A
5fppB
5fppA
5fkjB
5fkjA
5ehnB
5dtjB
4bc1D
4bc1C
4bc1B
4bc1A
4bc0D
4bc0C
4bc0B
4a16D
4a16C
4a16B
4a16A
3zluB
3zltB
3dl7B
2y2uB
2xupA
2xukA
2xujA
2xuhA
2xudA
2wu3B
2wu3A
2jgmB
2jgkB
2jgiB
2jgeB
2ha4A
1q84B
1q83B
1n5mB
1maaA
1c2oD
1c2oC
1c2oB
1c2oA
1c2bA
5fkjD
5fkjC
4b84A
3dl4B
2xuqA
2xuoA
2xukB
2xuiA
2xuhB
2xugB
2xugA
2xufA
2ha7B
2ha7A
2ha6B
2ha6A
2ha5B
2ha5A
2ha4B
1maaD
2xuqB
2xupB
2xuoB
2xuiB
2xufB
2xudB
4b84B
2xujB
1maaB
5dtjA
5dtiA
1maaC
