5yoyL
5yoyK
5yoyJ
5yoyC
5yoyB
5yoyA
5wuxI
5wuxH
5wuxG
5mu8Z
5mu8Y
5mu8X
5mu8W
5mu8V
5mu8U
5mu8T
5mu8S
5mu8R
5mu8Q
5mu8P
5mu8O
5mu8N
5mu8M
5mu8L
5mu8K
5mu8J
5mu8I
5mu8H
5mu8G
5mu8F
5mu8E
5mu8D
5mu8C
5mu8B
5mu8A
5m2mK
5m2mI
5m2mG
5m2mC
5m2mB
5m2mA
5m2jA
5m2iF
5m2iE
5m2iD
5m2iC
5m2iB
5m2iA
4twtF
4twtE
4twtB
4twtA
4g3yC
3l9jB
2az5D
2az5C
2az5B
2az5A
5uuiA
3wd5A
3it8I
3it8H
3it8G
3it8C
3it8B
3it8A
1tnfC
1tnfB
1tnfA
1a8mC
1a8mB
1a8mA
2tunF
2tunE
2tunD
2tunC
2tunB
2tunA
5tswF
5tswE
5tswD
5tswC
5tswB
5tswA
4tsvA
3alqF
3alqE
3alqD
3alqC
3alqB
3alqA
2zjcB
2zjcC
2zjcA
2e7aA
2e7aC
2zpxC
2zpxB
2zpxA
2e7aB
2tnfC
2tnfB
2tnfA
