5vofB
5voeB
5k0hB
4zhaB
4zh8B
4y7bB
4y7aB
4y79B
4y76B
4y71B
4y6dB
4btuC
4btuA
4bttC
4bttA
4btiC
4btiA
4a7iA
3tk6B
3tk5B
3sw2A
3q3kB
3m37B
3m36B
3liwB
3kqeB
3kqdB
3kqcB
3kqbB
3k9xC
3k9xA
3iitB
3hptC
3ffgB
3ensC
3cs7B
3cenB
2y82B
2y81B
2y80B
2y7zB
2y7xB
2y5hB
2y5gB
2y5fB
2xc4B
2xbwB
2wyjB
2wygB
2w26B
2vwmD
2vwmC
2vvvB
2vvuB
2vvcD
2vvcC
2vh6B
2vh0B
2uwpB
2uwoB
2uwlB
2q1jB
2phbB
2p95B
2p94B
2p93B
2p3uA
2p3tA
2p3fB
2p16B
2jkhB
2j95B
2j94B
2j4iB
2j38B
2j34B
2j2uB
2gd4D
2gd4A
2g00B
2fzzB
2ei8B
2ei7B
2ei6B
2d1jB
2cjiB
2bqwA
2bq7A
2bq6A
2bohA
2bmgA
1z6eB
1xkbC
1xkbA
1xkaA
1wu1B
1v3xB
1nfyB
1nfxB
1nfwB
1nfuB
1mq6B
1mq5B
1lqdA
1lpzA
1lpkA
1lpgA
1ksnB
1iqnB
1iqmB
1iqlB
1iqkB
1iqjB
1iqiB
1iqhB
1iqgB
1iqfB
1iqeB
1ioeB
1hcgB
1g2mB
1g2lB
1fjsB
1f0sB
1f0rB
1ezqB
1c5mB
3hptA
3ensA
1faxB
2ra0B
1p0sA
