5oxsC
5oxsB
5oxsA
5oxrC
5oxrB
5oxrA
4e52C
4e52B
4e52A
3ikrC
3ikrB
3ikrA
3ikqC
3ikqB
3ikqA
3ikpC
3ikpB
3ikpA
3iknC
3iknB
3iknA
3g83C
3g83B
3g83A
3g81C
3g81B
3g81A
3dbzC
3dbzA
2rieC
2rieB
2rieA
2ridC
2ridB
2ridA
2ricB
2ribC
2ribB
2ribA
2riaC
2riaB
2riaA
2os9C
2os9B
2os9A
2orkC
2orkB
2orkA
2orjC
2orjB
2orjA
2ggxC
2ggxB
2ggxA
2gguC
2gguB
2gguA
1pwbC
1pwbB
1pwbA
1pw9C
1pw9B
1pw9A
1b08C
1b08B
1b08A
3g84C
3g84B
3g84A
3dbzB
2ricA
4m18L
4m18K
4m18J
4m18I
4m18H
4m18G
4m18F
4m18E
4m18D
4m18C
4m18B
4m18A
4m17L
4m17K
4m17J
4m17I
4m17H
4m17G
4m17F
4m17E
4m17D
4m17C
4m17B
4m17A
2ricC
