4m4rG
4m4rE
4m4rC
4m4rA
4m4pA
4bkaA
4bk5A
4bk4B
4bk4A
3gxuA
3ckhA
2y6oA
2y6mA
2xyuA
4bkfB
4bkfA
2helA
4w50D
4w50C
4w50B
4w50A
4w4zD
4w4zC
4w4zB
4w4zA
2lw8A
5jr2D
5jr2C
5jr2B
5jr2A
2wo3A
2wo1B
2wo2A
2wo1A
3zfmA
1jpaB
2henD
2henC
2henB
2henA
2r2pA
1jpaA
4gk4A
3dkoA
4p5zA
3zfyA
2reiA
3zfxI
4p4cA
3zfyB
3zfxH
5l6oA
4p5qA
4gk3A
4g2fA
3zfxE
3fy2A
2qodA
2qobA
5l6pA
4twoA
3zfxF
3zfxB
3zfxA
2qoqA
2qo7A
5mjaA
4twnA
3zfxG
3zfxD
2qo2A
5mjaB
2qoiA
3fxxA
2qokA
2gsfA
5mjbB
4gk2A
3zfxC
2qocA
2qo9A
5mjbA
2yn8A
6fnlA
3dzqA
2qolA
2qofA
2vwvA
2yn8B
6fnjB
6fnjA
2qooA
4aw5A
4bb4A
2x9fA
2qonA
6fnkA
3zewB
2vwwA
2vwuA
6fniA
6fnmA
2xvdA
