5ucjD
5ucjC
5ucjB
5ucjA
5uciD
5uciC
5uciB
5uciA
5uchD
5uchC
5uchB
5uchA
5uc4D
5uc4C
5uc4B
5uc4A
5fwpB
5fwpA
5fwmB
5fwmA
5fwlB
5fwlA
5fwkB
5fwkA
3nmqA
1uymA
3pryC
3pryB
3pryA
6ey9A
3ft8A
3hyzA
6ceoA
4cwoA
3wq9A
3t2sB
3t2sA
3k97A
3b28B
3b28A
3b26B
3b25A
3b24B
2bz5B
2bz5A
6f1nA
6eybA
6ey8A
6elpA
6eloA
6elnA
6el5A
6ei5A
5xreA
5xrbA
5xr9A
5xr5A
5xqeA
5xqdA
5vyyA
5odxA
5nyhA
5m4hA
5m4eA
5lo6A
5lo5A
5lo0A
5lnzA
5lnyA
5j9xA
5j86A
5j82A
5j64A
5j27A
5fnfA
5fndA
5fncA
5cf0A
4ykzA
4ykyA
4ykxA
4ykuA
4yktA
4ykrA
4ykqA
4xitA
4xirA
4xiqA
4xipA
4w7tA
4u93A
4r3mA
4o0bA
4o09A
4o07A
4o05A
4o04A
4nh8A
4nh7A
4lwiA
4lwhA
4lwgA
4lwfA
4lweA
4l94A
4l93B
4l93A
4l91A
4l90A
4l8zA
4hy6A
4fcrA
4fcqA
4fcpB
4fcpA
4eghA
4efuA
4eftA
4eehA
4cwtA
4cwsA
4cwrA
4cwqA
4cwpA
4cwnA
4cwfA
4bqgA
3whaB
3whaA
3tuhB
3tuhA
3t0hA
3rkzA
3r92A
3r91A
3qtfA
3qddA
3o0iA
3mnrA
3inxA
3inwA
3hz5A
3hz1A
3hyzB
3hyyA
3hhuB
3hhuA
3ft5A
3d0bA
3bm9A
3b26A
3b24A
2yi7A
2yi6A
2yi5A
2yi0A
2yehA
2yegB
2yegA
2yedA
2yecA
2yebA
2yeaA
2ye9A
2ye6A
2ye5A
2ye4A
2ye3A
2ye2A
2xhrA
2xduA
2xdsA
2xdlA
2xabB
2xabA
2wi7A
2wi6A
2wi5A
2wi4A
2wi3A
2wi2B
2wi2A
2wi1A
2vcjA
2vciA
2uwdA
2qg0B
2qg0A
2qfoB
2qfoA
2jjcA
2h55A
2fwzA
2fwyA
2bt0B
2bt0A
2bsmA
1uylA
1uykA
1uyhA
1uygA
1uyfA
1uyeA
1uydA
1uycA
1uy9A
1uy8A
1uy7A
1uy6A
4nh7B
4awoA
6eyaA
5ociA
4awqB
4awqA
4awpB
4awpA
4awoB
3vhaA
3r4mA
2yefA
2xdkA
2byiA
2byhA
4ykwB
4ykwA
4egkA
3t1kB
3t1kA
3t10A
3t0zA
2xdxA
5j6mA
3r4oB
3r4oA
2k5bA
1yc4A
1yc1A
5ls1A
5lrzA
5lr7A
5lq9A
5j8uB
5j8uA
5j8mB
5j8mA
5j80A
5j6nA
5j6lA
5j2xA
5j2vA
5j20A
5h22A
5ggzD
5ggzB
5ggzA
3owdA
3owbA
3ow6A
2ykjA
2ykiA
2ykeA
2ykcA
2ykbA
2yk9A
2yk2A
2yjxA
2yjwA
2yejA
2yeiA
2ye8A
2ye7A
2xjjB
2xjjA
2qg2A
2qf6D
2qf6C
2qf6B
2qf6A
2ccuA
2cctA
2ccsA
1yerA
1uyiA
5lo1A
4egiA
4jqlA
4b7pA
3vhdB
3vhcA
3k99C
3k99B
3b27A
2xhxA
1osfA
4bqjA
3vhdA
2xk2A
2xjgA
2xhtA
1yetA
1yesA
1byqA
5ggzC
2xjxA
5t21A
5lrlA
5lr1A
2yeeA
3rlrA
3rlpA
3k99D
3k99A
3ekrB
3ekrA
3ekoB
3ekoA
3k98A
1yc3A
3bmyA
3rlrB
3r4pB
3k98B
3hekA
3rlqB
3rlqA
3r4pA
3r4nB
3r4nA
3hekB
3rlpB
3q6mB
3q6mA
3q6mC
3q6nF
3q6nE
3q6nD
3q6nB
3q6nA
3q6nC
5nyiA
