2ef1B
2ef1A
5f21A
5f1oA
5f1kA
4xjsA
4f46B
4f46A
4cmhA
3u4hB
3u4hA
3roqB
3roqA
3ropB
3ropA
3romB
3romA
3rokB
3rokA
3rajA
3i9nB
3i9nA
3i9mB
3i9mA
3f6yA
3dzkB
3dzkA
3dziB
3dziA
3dzhB
3dzhA
3dzgB
3dzgA
3dzfF
3dzfE
3dzfD
3dzfC
3dzfB
3dzfA
2pgjB
2pgjA
2i67B
2i67A
2i66B
2i66A
1zvmD
1zvmC
1zvmB
1zvmA
1yh3B
1yh3A
5f1kB
4tmfB
4tmfA
3u4iB
3u4iA
4ogwA
3ofsE
3ofsC
3dzjB
3dzjA
2pglB
2pglA
2o3uB
2o3uA
2o3tB
2o3tA
2o3sB
2o3sA
2o3rB
2o3rA
2o3qB
2o3qA
2i65B
2i65A
2hctB
2hctA
4xjtA
4f45B
4f45A
3ofsF
3ofsD
3ofsB
3ofsA
