3l3kA
3l3jA
3l3iA
3l3gA
3l3dA
3kpmA
3kplA
3dx6A
1m6oA
4jqxA
3kpsA
3kprF
3kprA
3kpqA
3kppA
3kpoA
3kpnA
3dxaK
3dxaF
3dxaA
3dx8A
3dx7A
1syvA
1sysA
1n2rA
1a1oA
1a1mA
4prhA
3ln4A
6bj2C
5vz5A
5txsA
5indC
5indA
5incC
5incA
5im7C
5im7A
4qrrA
4prpA
4prnA
4priA
4preA
4prdA
4prbA
4praA
4pr5A
4lnrA
4jryA
4jrxA
3wuwA
3w39D
3w39A
3vfwA
3vfvA
3vfuA
3vftA
3vfsA
3vfrA
3mv9A
3mv8A
3mv7A
3ln5A
3lksA
3lkrA
3lkqA
3lkpA
3lkoA
3lknA
3c9nA
3bwaA
3bw9A
2nx5P
2nx5K
2nx5F
2nx5A
2nw3A
2h6pA
2fz3A
2fyyA
2cikA
2axgA
2axfA
2ak4P
2ak4K
2ak4F
2ak4A
1zsdA
1zhlA
1zhkA
1xr9A
1xr8A
1xh3A
1a9eA
1a9bD
1a9bA
6bj8A
6bj3A
6bxqB
6bxpA
5xotA
5xosA
5v5mC
5v5mA
5v5lC
5v5lA
5u98D
5u98A
5t70A
5t6zA
5t6yA
5t6xA
5t6wA
5iekA
5b39A
5b38A
4mjiF
4mjiA
3x12A
3vrjA
3vriA
3vh8E
3vh8A
3vfpA
3vfoA
3vfnA
3vfmA
3uprE
3uprA
2ypkA
2rfxA
1e27A
1cg9A
1a1nA
5iehA
5ib4A
5ib3A
5ib2A
5ib1A
4g9fA
4g9dA
4g8iA
4g8gA
3lv3A
3dtxA
3bp4A
3b6sA
2yplA
2hjlA
2hjkA
2bvqA
2bvpA
2bvoA
2bstA
2a83A
1w0vA
1uxsA
1ogtA
1jgeA
1hsaD
1hsaA
1e28A
5ib5D
5ib5A
3x11A
3kxfP
3kxfI
3kxfC
3kxfA
3kwwA
3hcvA
3d18A
3czfA
3bp7A
3b3iA
2bssA
2bsrA
1w0wA
1uxwA
1of2A
1k5nA
1jgdA
5degA
5defA
4xxcA
4jqvA
3x14A
4qrqA
1m05C
1m05A
5wmrA
4o2fD
4o2fA
4o2eD
4o2eA
4o2cA
3bxnA
3bvnD
3bvnA
3skmA
5wmqA
4qruA
4qrtA
4qrsA
4qrpF
4qrpA
4lcyD
4lcyA
3x13A
3spvA
3sjvP
3sjvK
3sjvF
3sjvA
3ffcF
3ffcA
1mi5A
1agfA
1ageA
1agdA
1agcA
1agbA
3skoA
4u1mA
1efxA
4u1jA
4u1nA
6avgH
6avfE
6at5A
5wmpA
5wmoA
5wmnC
5wmnA
5eo1A
5eo0A
3vclA
6avgD
4u1kD
4u1kA
4u1hA
4u1iA
4u1sA
4u1lD
4u1lA
5w6aC
5w6aA
5w69E
5w69C
5w69A
5w67A
5vgdA
5xs3A
5w69G
4nt6A
5vgeA
5xovD
5xovA
5wxdA
5wxcC
5wxcA
5wwuA
5wwjC
5wwjA
5wwiA
5wkhF
5wkhA
5wkfF
5wkfA
5wjnG
5wjnD
5wjnA
5wjlG
5wjlD
5wjlA
5hghA
5hgdD
5hgdA
5hgbJ
5hgbG
5hgbD
5hgbA
5hgaD
5hgaA
5gsdA
5grgA
5grdA
4wu7D
4wu7A
4wu5D
4wu5A
4uq2C
4uq2A
4n8vF
4n8vC
4mj6A
4mj5A
4f7tD
4f7tA
4f7pA
4f7mD
4f7mA
3wlbA
3wl9A
3w0wA
3vxuF
3vxuA
3vxsA
3vxrA
3vxpD
3vxpA
3vxoC
3vxoA
3vxnA
3vxmA
3rwjA
3rwiA
3rwhD
3rwhA
3rwgA
3rwfA
3rweA
3rwdD
3rwdA
3rwcD
3rwcA
3qzwD
3qzwA
3nfnA
3i6lA
2hn7A
2bckD
2bckA
1zvsD
1zvsA
1x7qA
1qvoD
1qvoA
1q94D
1q94A
4zuwA
3jttG
3jttD
3jttA
3jtsG
3jtsD
3jtsA
1im9E
1im9A
1qqdA
6enyD
4zuvD
4zuvA
4zuuA
4zutA
4zusA
3rl2A
3rl1A
2xpgA
6at9A
5bs0A
5brzA
4nqxK
4nqxI
4nqxG
4nqxE
4nqxC
4nqxA
4nqvK
4nqvI
4nqvG
4nqvE
4nqvC
4nqvA
4i48A
4hx1A
3bo8A
1w72D
1w72A
