6cqrF
6cqrA
6cqqF
6cqqA
6cqnA
6cqlA
6cpoD
6cpoA
6cplA
6bizA
6biyA
6bixA
6bivA
6birA
6binA
6bilA
6bijA
6atzC
6atzA
6atfC
5v4mG
5v4mE
5v4mC
5v4mA
5nigA
5ni9A
5laxC
5jlzC
5jlzA
4y1aA
4y19A
4x5xC
4x5xA
4ov5K
4ov5I
4ov5G
4ov5E
4ov5C
4ov5A
4mdjA
4mdiA
4md0A
4mczA
4mcyA
4is6A
4h26D
4h26A
4h25D
4h25A
4h1lD
4h1lA
4e41F
4e41A
4c56J
4c56D
4ah2A
4aenA
3t0eA
3qxaC
3qxaA
3pgdD
3pgdA
3pgcD
3pgcA
3o6fE
3o6fA
3c5jA
2xn9D
2wbjE
2wbjA
2sebA
2q6wD
2q6wA
2ojeE
2ojeA
2ipkA
2icwD
2icwA
2ianP
2ianK
2ianF
2ianA
2iamA
2g9hA
1zglP
1zglK
1zglF
1zglA
1ymmA
1t5xA
1t5wD
1t5wA
1sjhA
1sjeA
1sebE
1sebA
1r5iE
1r5iA
1pywA
1lo5A
1kluA
1klgA
1kg0A
1jwuA
1jwsA
1jwmA
1j8hA
1hxyA
1hqrA
1h15D
1h15A
1fytA
1fv1D
1fv1A
1dlhD
1dlhA
1d6eA
1d5zA
1d5xA
1d5mA
1bx2D
1bx2A
1aqdJ
1aqdG
1aqdD
1aqdA
1a6aA
6cqjG
6cqjD
6cqjA
6cpnA
6atiC
6atiA
6atfA
5v4nC
5v4nA
5laxA
4x5wA
4md5A
4i5bD
4i5bA
4gbxC
4fqxD
3s5lB
3s4sE
3pdoA
3s5lA
3s4sA
3qxdC
3qxdA
3l6fA
4md4A
2fseC
2fseA
4p2rK
4p2rF
4p2rA
4p2qK
4p2qF
4p2qA
3qibA
4p2rP
4p2qP
3qiwA
3qiuA
6bgaA
1kt2C
1kt2A
1fngC
1fngA
1fneC
1fneA
4p2oA
1r5wC
1r5wA
1r5vD
1r5vA
1ktdC
1ktdA
1iebC
1iebA
1ieaC
1ieaA
