1ydkA
1pl1B
1pl1A
1pkzB
1pkzA
1pkwB
1pkwA
1k3yB
1k3yA
1k3oB
1k3oA
1k3lB
1k3lA
1guhD
1guhC
1guhB
1guhA
1gsfD
1gsfC
1gsfB
1gsfA
1gsdD
1gsdC
1gsdB
1gsdA
3u6vB
3u6vA
3q74B
3q74A
3l0hB
3l0hA
3ktlB
3ktlA
2r6kB
2r6kA
2r3xB
2r3xA
1ydkB
1xwgB
1xwgA
1usbB
1usbA
1pl2B
1pl2A
1gseB
1gseA
2wjuH
2wjuG
2wjuF
2wjuE
2wjuD
2wjuC
2wjuB
2wjuA
2vctH
2vctG
2vctF
2vctE
2vctD
2vctC
2vctB
2vctA
3ik9H
3ik9G
3ik9E
3ik9D
3ik9C
3ik9A
3i6aH
3i6aG
3i6aE
3i6aD
3i6aC
3i6aA
3i69H
3i69G
3i69E
3i69D
3i69C
3i69A
3ik9F
3i6aF
3i69F
3ik9B
3i6aB
3i69B
2vcvP
2vcvO
2vcvN
2vcvM
2vcvL
2vcvK
2vcvJ
2vcvI
2vcvH
2vcvG
2vcvF
2vcvE
2vcvD
2vcvC
2vcvB
2vcvA
1tdiB
1tdiA
