2z2dA
2woaD
2wo9D
2wo9A
2wo8D
2n8rA
1utzB
1utzA
1uttA
1rosB
1rosA
3ba0A
2jxyA
6eoxA
5n5kA
5n5jA
5i0lA
4ijoA
4h49C
4guyA
3uvcA
3rttA
3rtsA
3nx7A
3n2vA
3n2uA
3lkaA
3lk8A
3f1aA
3f19A
3f18A
3f17A
3f16A
3f15A
3ehyA
3ehxA
2woaC
2woaB
2woaA
2wo9C
2wo9B
2wo8C
2wo8B
2wo8A
2pojA
2oxzA
2oxwA
2oxuA
2mlsA
2mlrA
2k2gA
2hu6A
1y93A
1jk3A
1jizB
1jizA
6enmB
6enmA
4gr8A
2krjA
2k9cA
6elaD
6elaC
6elaB
6elaA
6eknA
5labA
5l7fB
5l7fA
5l79A
5i4oD
5i4oC
5i4oB
5i4oA
5i43D
5i43C
5i43A
5i3mD
5i3mC
5i3mB
5i3mA
5i2zD
5i2zC
5i2zB
5i2zA
5i0lB
5d2bA
4h84B
4h84A
4h76A
4h49D
4h49B
4h49A
4h30B
4h30A
4gr3A
4gr0A
4gqlA
4efsA
3uvcB
3tskA
3ts4A
3ljgA
3lirA
3lilA
3likA
2w0dB
2w0dA
1z3jA
1ycmA
1rmzA
1os9F
1os9E
1os9D
1os9C
1os9B
1os9A
1os2F
1os2E
1os2D
1os2C
1os2B
1os2A
5i43B
5d3cA
5czmA
5cxaA
4i03A
2w0dD
2w0dC
