4ejiA
4ejhH
4ejhG
4ejhF
4ejhE
4ejhD
4ejhC
4ejhB
4ejhA
4ejgH
4ejgG
4ejgC
4ejgB
4ejgA
3t3sH
3t3sG
3t3sF
3t3sE
3t3sD
3t3sC
3t3sB
3t3sA
2p85F
2p85E
2p85D
2p85C
2p85B
2p85A
4ejgF
4ejgE
4ejgD
3t3qD
3t3qC
3t3qB
3t3qA
3ebsD
3ebsC
3ebsB
3ebsA
4ruiF
4ruiE
4ruiD
4ruiC
4ruiB
4ruiA
4ejjD
4ejjC
4ejjB
3t3rD
3t3rC
3t3rB
3t3rA
2fdyD
2fdyC
2fdyB
2fdwD
2fdwC
2fdwB
2fdvD
2fdvC
2fdvB
2fduD
2fduC
2fduB
1z11D
1z11C
1z11B
1z10D
1z10C
1z10B
4ejjA
2pg7D
2pg7C
2pg7B
2pg7A
2pg6D
2pg6C
2pg6B
2pg5D
2pg5C
2pg5B
2pg5A
2fdyA
2fdwA
2fdvA
2fduA
1z11A
1z10A
2pg6A
