4qruA
4qrtA
4qrsA
4qrpF
4qrpA
3spvA
3ffcF
1agfA
1ageA
1agdA
1agcA
1agbA
5wmrA
4qrqA
3skmA
5wmqA
3x13A
3skoA
3x14A
3sjvP
3sjvK
3sjvF
3sjvA
3ffcA
1mi5A
1m05C
1m05A
3ln4A
3ln5A
4u1mA
4o2fD
4o2fA
4o2eD
4o2eA
4o2cA
4u1nA
4u1jA
6avgD
5wmpA
5wmoA
5wmnC
5wmnA
3bxnA
4u1lD
4u1lA
4u1kD
4u1kA
4u1hA
6avgH
6avfE
6at5A
5eo1A
5eo0A
3vclA
5iekA
5iehA
4xxcA
4qrrA
4prpA
4prnA
4priA
4preA
4prdA
4prbA
4praA
4pr5A
4lnrA
4jryA
4jrxA
4jqvA
3vfwA
3vfvA
3vfuA
3vftA
3vfsA
3vfrA
3mv9A
3mv8A
3mv7A
3lksA
3lkrA
3lkqA
3lkpA
3lkoA
3lknA
3bwaA
3bw9A
2nx5P
2nx5K
2nx5F
2nx5A
2nw3A
2h6pA
2fz3A
2fyyA
2cikA
2axgA
2axfA
2ak4P
2ak4K
2ak4F
2ak4A
1zsdA
1zhlA
1zhkA
1xh3A
6bj8A
6bj3A
4u1iA
6bj2C
5xotA
5xosA
5txsA
3vfpA
3vfoA
3vfnA
3vfmA
3c9nA
3bvnD
3bvnA
1xr9A
1xr8A
1a1nA
4u1sA
4prhA
4mjiA
3kxfP
3kxfI
3kxfC
3kxfA
3kwwA
1e27A
4mjiF
1e28A
1a9eA
1a9bD
1a9bA
5vz5A
4lcyD
4lcyA
1cg9A
3w39D
3w39A
1a1oA
5ib5D
5ib5A
5ib4A
5ib3A
5ib2A
5ib1A
4nt6A
4g9fA
4g9dA
4g8iA
4g8gA
3lv3A
3kpsA
3kprF
3kprA
3kpqA
3kppA
3hcvA
3dxaK
3dxaF
3dxaA
3dx8A
3dtxA
3d18A
3czfA
3bp7A
3bp4A
3b6sA
3b3iA
2bstA
2bssA
2bsrA
2a83A
1w0wA
1w0vA
1uxwA
1uxsA
1syvA
1ogtA
1of2A
1k5nA
1jgeA
1jgdA
1hsaD
1hsaA
1a1mA
5vgeA
3l3kA
3l3jA
3l3iA
3l3gA
3l3dA
3kpmA
3kplA
3dx6A
1m6oA
5w6aC
5w6aA
5w69E
5w69C
5w69A
5w67A
5xs3A
5w69G
5degA
4jqxA
3x11A
3kpoA
3kpnA
3dx7A
1sysA
1n2rA
5vgdA
5defA
2bvpA
2bvqA
2bvoA
1efxA
3x12A
6bxqB
5v5mC
5t6yA
2yplA
2ypkA
5u98D
5u98A
3vrjA
3vriA
3uprE
3uprA
6bxpA
5t70A
5t6zA
5t6xA
5t6wA
5b39A
5b38A
3wuwA
3vh8E
3vh8A
2rfxA
2hjlA
2hjkA
1qqdA
5v5mA
5v5lA
