5z12G
5z12B
5uanA
5tbpD
5tbpC
5tbpB
5tbpA
5mmwA
5mkuA
5mkjA
5mk4C
5mk4A
5mj5A
5lyqA
5gymH
5gymG
5gymF
5gymE
5gymD
5gymC
5gymB
5gymA
5ec9A
4zshA
4zo1C
4rmeA
4rmdA
4rmcA
4rfwA
4pp5A
4pp3A
4pojA
4pohA
4oc7A
4nqaG
4nqaA
4n8rD
4n8rC
4n8rB
4n8rA
4n5gD
4n5gC
4n5gB
4n5gA
4m8hA
4m8eA
4k6iA
4k4jA
4cn7F
4cn7E
4cn7B
4cn5B
4cn3B
4cn3A
4cn2D
3uvvB
3r5mC
3r5mA
3r2aD
3r2aC
3r2aB
3r2aA
3r29B
3r29A
3pcuA
3ozjC
3ozjA
3oapA
3nsqB
3nsqA
3nspB
3nspA
3kwyA
3h0aA
3fugA
3fc6C
3fc6A
3falC
3falA
3e94A
3e00A
3dzyA
3dzuA
2zy0C
2zy0A
2zxzA
2p1vA
2p1uA
2p1tA
2nllC
2aclG
2aclE
2aclC
2aclA
1ynwD
1xvpC
1xvpA
1xv9C
1xv9A
1xlsD
1xlsC
1xlsB
1xlsA
1rdtA
1mznG
1mznE
1mznC
1mznA
1mvcA
1mv9A
1lbdA
1k74A
1g5yD
1g5yC
1g5yB
1g5yA
1g1uD
1g1uC
1g1uB
1g1uA
1fm9A
1fm6C
1fm6A
1fbyB
1fbyA
1by4H
1by4G
1by4E
5ji0A
3a9eA
1xdkE
1xdkA
1dkfA
4cn5A
4cn2C
1rxrA
1dszD
1by4F
4j5xB
4j5xA
4cn3D
4j5wD
4j5wC
4cn3C
4cn7A
1r0nC
1h9uD
1h9uC
1h9uB
1h9uA
1uhlA
5hjpC
5hjpA
5kyjD
5kyjB
5i4vB
5kyaD
5kyaB
5i4vD
2gl8D
2gl8C
2gl8B
2gl8A
3eybD
3eybC
3eybB
3eybA
4ummA
2hanC
1r0oC
1xiuA
1xiuB
2q60D
2q60C
2q60B
2q60A
