5xyyA
5xyxA
5tcoA
5tbeA
5n68A
5n67A
5n66A
5n65A
5n64A
5n63A
5mtyA
5mtxA
5ml5A
5etiA
5etfA
5etcA
5etaC
5etaA
4zthA
4r3cA
4l8mA
4kiqD
4kiqC
4kiqB
4kiqA
4kipB
4kipA
4kinD
4kinC
4kinB
4kinA
4fa2A
4f9yA
4f9wA
4ewqA
4ehvA
4eh9A
4eh8A
4eh7A
4eh6A
4eh5A
4eh4A
4eh3A
4eh2A
4e8aA
4e6cA
4e6aA
4e5bA
4dljA
4dliA
4aacA
4aa5A
4aa4A
4aa0A
4a9yA
3zyaA
3zsiA
3zshA
3zsgA
3zs5A
3uvrA
3uvqA
3uvpA
3u8wA
3s4qA
3s3iA
3rocA
3rinA
3queA
3qudA
3ocgA
3nwwA
3nnxA
3nnwA
3nnvA
3nnuA
3mw1A
3mvmB
3mvmA
3mvlB
3mvlA
3mptA
3mgyA
3lhjA
3lfaA
3l8xA
3kq7A
3kf7A
3k3jA
3k3iA
3itzA
3iphA
3hvcA
3hv7A
3hv6A
3hv5B
3hv5A
3hv4B
3hv4A
3hucA
3hrbA
3hp5A
3hp2A
3hllA
3hl7A
3hegA
3hecA
3ha8A
3gi3A
3gfeA
3gcuB
3gcuA
3fskA
3fsfA
3fmnA
3fmmA
3fmlA
3fmkA
3fmjA
3fmhA
3flzA
3flyA
3flwA
3flsA
3flqA
3flnA
3fl4A
3fkoA
3fknA
3fklA
3fi4A
3fc1A
3e93A
3e92A
3dt1A
3ds6D
3ds6C
3ds6B
3ds6A
3d83A
3d7zA
3c5uA
3bx5A
3bv3A
3bv2A
2zb1A
2zb0A
2zazA
2yixA
2yiwA
2yisA
2rg6A
2rg5A
2qd9A
2onlC
2onlA
2okrC
2okrA
2npqA
2lgcA
2gfsA
2fsoA
2ewaA
2baqA
2balA
2bakA
2bajA
1zzlA
1zz2A
1zyjA
1ywrA
1yqjA
1wfcA
1wbwA
1wbvA
1wbtA
1wbsA
1wboA
1wbnA
1w84A
1w83A
1w82A
1w7hA
1r39A
1oz1A
1ouyA
1oukA
1m7qA
1kv2A
1kv1A
1di9A
1bl7A
1bl6A
1a9uA
5uojA
5o8vA
5o8uA
5mz3A
5larA
4tyhB
4loqD
4loqC
4loqB
4loqA
4lopD
4lopC
4lopB
4lopA
4looA
4ka3A
4e5aA
3tg1A
3p7cA
3p7bA
3p7aA
3p79A
3p78A
3p5kA
3p4kA
3oefA
3odzA
3odyA
3od6A
3oc1A
3objA
3obgA
3o8uA
3o8tA
3o8pA
3newA
3mpaA
3mh3A
3mh2A
3mh1A
3mh0A
3gc7A
2y8oA
2ozaB
2i0hA
2gtnA
2gtmA
2ghmA
2ghlA
2fstA
2fsmA
2fslA
1yw2A
1r3cA
1oveA
1lezA
1lewA
1bmkA
5nzzH
5nzzG
5nzzF
5nzzE
3py3A
6anlA
5wjjA
5o90A
3ctqA
2puuA
3pg3A
3lffA
3lfeA
3lfdA
3lfcA
3lfbA
3l8sA
3iw8A
3iw7A
3iw6A
3iw5A
3hv3A
3hubA
3gcsA
3gcqA
3gcvA
3gcpA
4geoA
3ohtB
3ohtA
