2c7aA
2c7aB
4ov7A
4oorA
5cc0D
4ov7C
4oorC
4ov7D
4ov7B
4oorD
4oorB
5cc0A
5cbzF
5cbzA
5cbxE
5cbxA
4tntB
4tntA
4ondA
4ondD
4ondC
4ondB
5va7D
5va7A
5va0A
5emqC
5emcB
5cbzB
5cbxF
5cbxB
5cbyB
5empA
5cbzE
5cbyA
3g8xB
5cc1F
5cc1B
5va0D
5emqD
5empB
5emcC
5e6dD
5e6cB
4hn5A
3g6tB
1rgdA
3g8xA
5cc1E
5cc1A
5e6bA
5e6dC
5e6bD
5e6aD
5e6aA
5e69D
5e69A
4hn5D
3g97A
3g8uB
2gdaA
1gdcA
5e6cA
3g6uA
3g6tA
3g9pB
3g9pA
3g9oB
3g9oA
3g99B
3g97B
1r4rC
4hn6D
4hn6A
3g9mA
1r4oD
1r4oC
3g9jC
3g6rC
3g6qA
3g6pC
3fylA
1gluD
1gluC
3g9mB
3g6qB
1r4rD
3g6uB
3fylB
3g9iB
3g6pD
