1ffxD
1ffxB
5xafB
5mioB
5jcbB
5gonB
4yj3B
4yj2B
4tv9B
4o2bB
5oskB
5o7aB
4i55B
6fkjB
6fjfB
6fiiB
6bryB
5ylsB
5yljB
5yl4B
5yl2B
5xp3B
5xkhB
5xkgB
5xkeB
5xiwB
5xi7B
5xi5B
5xhcB
5xagB
5njhB
5m8gB
5m8dB
5m7eB
5lxsB
5jh7B
5j2uB
5j2tF
5h74B
5fnvB
4tuyB
4o4lB
4o4jB
4o4iB
4o2aB
4iijB
6bs2B
6brfB
6br1B
5xlzB
5xltB
5xkfB
5ov7B
5ng1B
5m7gB
5lxtB
5lp6B
5la6B
5itzB
5h7oB
5ezyB
5cb4B
5ca1B
5ca0B
5c8yB
4wbnB
4tv8B
4o4hB
4ihjB
4i4tB
1sa1B
6fklB
6fjmB
6fiiD
6b0lB
6b0iC
6b0cD
6b0cB
5njhD
5nfzB
5lyjB
5jvdB
5jqgB
5jh7D
5j2tC
5iyzB
6fklD
6fjfD
6dpvI
6dpvH
6dpvG
6dpvF
6dpvD
6dpvB
6dpuI
6dpuH
6dpuG
6dpuF
6dpuD
6dpuB
6cvnC
6cvjC
6bs2D
6bryD
6brfD
6br1D
6bjcM
6bjcK
6bjcI
6bjcG
6bjcD
6bjcB
5ylsD
5yljD
5yl4D
5yl2D
5xp3D
5xlzD
5xltD
5xkhD
5xkgD
5xkfD
5xkeD
5xiwD
5xi7D
5xi5D
5xhcD
5xagD
5xafD
5sygB
5syfB
5syeB
5sycB
5ov7D
5ogcC
5nquB
5nm5B
5nd7C
5nd4C
5nd3C
5nd2C
5mm7C
5mm4C
5m5cE
5m5cC
5m54E
5m54C
5m50D
5m50B
5lp6D
5lovD
5lovB
5la6D
5jvdD
5hnzB
5hnxB
5hnwB
5h7oD
5gonD
5cb4D
5ca1D
5ca0D
5c8yD
5bmvB
4zhqB
4yj3D
4yj2D
4wbnD
4tv9D
4tv8D
4tuyD
4o2bD
4o2aD
4iijD
4i55D
4f61F
4f61D
4f61B
4atxA
4atuG
4atuE
4atuC
4atuA
4aboG
4aboE
4aboC
4aboA
3jatL
3jatJ
3jatH
3jatF
3jatD
3jatB
3jasL
3jasJ
3jasH
3jasF
3jasD
3jasB
3jaoB
3j6pC
3j6hB
3j6gR
3j6gP
3j6gN
3j6gL
3j6gJ
3j6gH
3j6gF
3j6gD
3j6gB
3j6fR
3j6fP
3j6fN
3j6fL
3j6fJ
3j6fH
3j6fF
3j6fD
3j6fB
3j6eR
3j6eP
3j6eN
3j6eL
3j6eJ
3j6eH
3j6eF
3j6eD
3j6eB
3j2uE
3j2uC
3j1uC
3j1tC
3iz0B
3edlB
3dcoC
2xrpG
2xrpE
2xrpC
2xrpA
2wbeB
2p4nC
2hxhB
2hxfB
1tvkB
1tubB
1sa1D
1jffB
1ia0B
6fkjD
6ew0L
6ew0K
6ew0J
6ew0I
6ew0H
6ew0B
6evzG
6evzF
6evzD
6evzC
6evzB
6evzA
6evyL
6evyK
6evyJ
6evyI
6evyH
6evyB
6evxG
6evxF
6evxE
6evxD
6evxC
6evxA
6evwL
6evwK
6evwJ
6evwI
6evwH
6evwG
6dpwI
6dpwH
6dpwG
6dpwF
6dpwD
6dpwB
6cvnA
6bbnD
6bbnB
5oskD
5o7aD
5nqtB
5ng1D
5lxsD
5hnyB
5fnvD
5ezyD
5eypB
4zolB
4zi7B
4o4lD
4o4jD
4o4iD
4i50D
4i4tD
4drxB
3jawD
3jawB
3jarN
3jarK
3jarI
3jarG
3jarE
3jarB
3jalN
3jalK
3jalI
3jalG
3jalE
3jalB
3jakN
3jakK
3jakI
3jakG
3jakE
3jakB
3edlE
1sa0D
1sa0B
5mf4B
5m8gD
5m8dD
5m7gD
5m7eD
5lyjD
5j2uD
5bmvD
4zi7D
4zhqD
4o4hD
4ihjD
4i50B
3n2kD
3n2gD
3hkeD
3hkdD
6fjmD
6cvjB
5nfzD
5mf4D
5lxtD
5kmgB
5jqgD
5eibB
4hnaB
4f61H
4drxD
3j8yC
3j8xC
3du7D
3du7B
5jcbD
5iyzD
5h74D
4x20B
4x1yB
4x1kB
4x1iB
3n2gB
3hkcD
3hkcB
3hkbD
3e22D
3e22B
5kx5B
4zolD
4eb6D
4eb6B
3ut5D
3ut5B
3ryhB
3ryfB
3rycB
3j7iB
4x20D
4x1yD
4x1kD
4x1iD
3n2kB
3hkeB
3hkdB
3hkbB
1z2bD
1z2bB
5n5nL
5n5nK
5n5nJ
5n5nI
5n5nH
5n5nA
5kx5D
5jcoK
5jcoG
5jcoF
5jcoE
5jcoC
5jcoA
5ij0B
4lnuB
4f6rB
3ryiD
3ryiB
3ryhD
3ryfD
3rycD
