6ekqB
5t4vA
5t4uA
5owbA
5owaD
5owaC
5owaB
5owaA
5ov8B
5ov8A
5o5hA
5o5fA
5o5aA
5o55A
5o4tA
5o4sB
5o4sA
5mygD
5mygC
5mygB
5mygA
5mwzA
5mwhB
5mwhA
5mwgB
5mwgA
5g4rD
5g4rC
5g4rB
5g4rA
5fg5B
5fg5A
5fg4A
5ffyA
5ffwB
5ffwA
5ffvB
5ffvA
5ewwA
5ewvA
5ewhA
5ewdA
5ewcA
5evaA
5ev9A
5etdA
5etbA
5ercA
5eq1A
5epsA
5eprA
5e3gA
5e3dA
5dycA
5dyaA
5dy7A
5c89A
5c87A
5c85A
5c7nA
5c6sA
4uyeB
4uyeA
4qydA
4lc2A
3l42A
2x4yO
2x4yM
2x4yK
2x4yI
2x4yG
2x4yE
2x4yC
2x4yA
2x4xG
2x4xE
2x4xC
2x4xA
2x4wA
2x35A
3mo8A
6ekqA
5g4sA
5em3A
5d7xA
4qylD
4qylC
4qylB
4qylA
2rs9B
2d9eA
