3ri1B
3ri1A
2pvyC
2pvyB
2psqB
2psqA
1oecA
1nunB
1gjoA
3b2tB
2pvyA
4j99A
4j97D
4j97C
4j97B
4j97A
4j95D
2q0bB
2q0bA
2pzrB
2pzrA
2pzpB
2pzpA
2pz5B
2pz5A
2py3B
2py3A
2pvyD
2pvfA
3ojmB
3oj2D
3oj2C
5uglB
5uglA
4j99D
4j99C
4j99B
4j98B
4j98A
4j96B
4j96A
4j95C
4j95B
4j95A
3clyA
2pwlB
2pwlA
5ui0B
5ui0A
5ugxB
3b2tA
5uhnB
5uhnA
5ugxA
5eg3A
2fdbD
4nksA
4zsaB
3ky2B
5uq0B
5b7vB
5am7B
4v01B
3rhxA
5b7vA
4uwyB
4rwjB
5am6B
5a46A
4nksB
4f64B
4f63B
2fgiB
1fgkB
1fgiB
1agwB
1iilH
1iilG
5zv2A
5flfE
4rwlB
5o4aB
4rwlA
4rwkB
3tt0B
3js2B
4v05A
4v04B
4rwiB
4nkaA
4f65B
1ev2H
1ev2G
5am7A
4wunB
4j23A
4f64A
4f63A
3kxxC
1fgkA
1agwA
5zv2B
5ur1B
4nk9B
3gqlC
2fgiA
1fgiA
1e0oD
1e0oB
5o4aA
5o49A
5a46B
4v01A
4nk9A
3rhxB
1ev2F
5o49B
5flfA
5am6A
5a4cB
4v05B
4f65A
3gqlA
1ev2E
5flfB
3gqlB
1iilF
1iilE
1ii4H
1ii4G
1ii4F
1ii4E
5uq0A
5flfD
5flfC
5ew8B
5ew8A
4zsaA
3c4fB
3c4fA
4nkaB
3kxxD
2fdbB
5vndB
4uwcB
4uwbB
4uwyA
3js2A
5a4cA
4v04A
4uwbA
5ur1A
4rwjA
4k33A
3ky2A
4rwiA
3tt0A
3kxxB
4uwcA
4rwkA
3kxxA
4wunA
5vndA
3gqiA
1djsA
