3odyA
4lopC
4loqC
5tbeA
5xyyA
5etcA
4ewqA
4aacA
4aa4A
3u8wA
3s3iA
3rinA
3nnwA
3nnvA
3nnuA
3mptA
3kq7A
3itzA
3gfeA
3fmmA
3fmkA
3fmhA
3flzA
3flyA
3fknA
3e93A
3e92A
3dt1A
3ds6D
3ds6C
3d83A
3d7zA
2zb0A
2yixA
2lgcA
1zzlA
1yqjA
1wbwA
1wbvA
1wbtA
1wbsA
1wboA
1wbnA
1w84A
1w83A
1w82A
1w7hA
1ouyA
1oukA
1m7qA
1di9A
1bl7A
1bl6A
1a9uA
4zthA
4l8mA
4kiqD
4kiqC
4kiqB
4kiqA
4kipB
4kinD
4kinC
4kinB
4kinA
4fa2A
4f9yA
4eh3A
4aa5A
3zyaA
3queA
3qudA
3nwwA
3mw1A
3mvlB
3mvlA
3lhjA
3iphA
3hv5B
3hv5A
3hv4B
3hv4A
3hrbA
3hp2A
3ha8A
3gcuA
3fskA
3fsfA
3fmnA
3fmlA
3fmjA
3flwA
3flsA
3flqA
3fl4A
3fklA
3ds6B
3ds6A
3c5uA
3bx5A
3bv3A
2zb1A
2zazA
2onlC
2onlA
2okrC
2okrA
2gfsA
1wfcA
1r39A
1oz1A
5xyxA
5o90A
5n66A
5n65A
5mtxA
5etaC
5etaA
4r3cA
4kipA
4f9wA
4ehvA
4eh9A
4eh8A
4eh7A
4eh6A
4eh4A
4eh2A
4e6cA
4dljA
4dliA
4a9yA
3zshA
3zsgA
3uvrA
3uvqA
3uvpA
3rocA
3ocgA
3nnxA
3mvmB
3mvmA
3lfaA
3kf7A
3k3iA
3hv7A
3hv6A
3hucA
3hp5A
3hllA
3hl7A
3hegA
3gcuB
3fc1A
3bv2A
2rg6A
2rg5A
2qd9A
2ewaA
2balA
2bakA
2bajA
1zz2A
1zyjA
1kv1A
5tcoA
5o8vA
5n68A
5n67A
5n64A
5n63A
5mz3A
5mtyA
5ml5A
5etiA
4eh5A
4e8aA
4e6aA
4e5bA
4aa0A
3zsiA
3s4qA
3mgyA
3l8xA
3k3jA
3hvcA
3hecA
3gc7A
2yiwA
2yisA
2npqA
2i0hA
2fsoA
1r3cA
1oveA
1kv2A
5etfA
3zs5A
3od6A
3flnA
3fkoA
3fi4A
2y8oA
1ywrA
5o8uA
5nzzH
4loqA
4e5aA
3oefA
3odzA
3oc1A
3objA
3obgA
3o8uA
3o8tA
3o8pA
3newA
3mpaA
3mh3A
3mh2A
3mh1A
3mh0A
3gi3A
2fslA
5larA
4loqD
4loqB
4lopD
4lopB
4lopA
4looA
2fstA
2fsmA
2baqA
1bmkA
6anlA
5wjjA
5uojA
4ka3A
2ozaB
2gtnA
2gtmA
1yw2A
1lezA
1lewA
4tyhB
3tg1A
3py3A
3p7cA
3p7bA
3p7aA
3p79A
3p78A
3p5kA
2ghmA
2ghlA
5nzzG
5nzzF
5nzzE
3pg3A
3p4kA
3iw6A
3gcqA
3lffA
3lfeA
3lfdA
3lfcA
3lfbA
3l8sA
3iw8A
3iw7A
3iw5A
3hv3A
3hubA
3gcsA
3gcvA
3gcpA
3ctqA
2puuA
4geoA
3ohtB
3ohtA
