5ddyD
5ddyC
5ddmB
5ddmA
5cb1B
5ca7B
5ca7A
4xrhB
4xrhA
4xq8B
4xq8A
5cr0B
5cr0A
5cp2B
5cj7B
5cj7A
5chgB
5chgA
5cp2A
2jw5A
3hwtA
3mdcA
4x5vA
3mdaA
5iioP
5iioM
5ddyB
5ddyA
4k4iM
4k4iE
4k4hI
2gwsM
1xslP
1xslM
1rztP
1rztM
4k4hE
4k4gM
4k4hM
4k4hA
4k4gE
2bcvD
5dkwB
5dkwA
3hw8A
1xspD
4xusA
3c5gA
2pfoD
2bcsD
2bcqD
5iioN
2pfqD
2bcrD
1xsnD
1xslN
5iijA
5iiiA
4xa5A
5iioO
5iinA
5iimA
5iilA
5iikA
5cb1A
4k4iA
3hx0M
3hx0I
2gwsP
2gwsO
2gwsN
2bcuD
1xslO
1rztO
1rztN
2pfnD
3pmlA
4k4iI
4k4gI
3hx0E
3c5gE
5cwrA
4k4gA
3mghA
3c5fH
3c5fG
2pfpD
5cwrD
3pmlB
3hx0A
3uq2A
3pmnA
3mgiA
4fo6A
3upqA
3uq0A
3mghE
3pncA
