5u6jA
5tqgA
5tqfA
5tqeA
5pb6B
5pb6A
5pb5B
5pb5A
5pb4B
5pb4A
5pb3B
5pb3A
5pb2B
5pb2A
5pb1B
5pb1A
5pb0B
5pb0A
5payB
5payA
5paxB
5paxA
5pawB
5pawA
5pavB
5pavA
5pauB
5pauA
5patB
5patA
5pasB
5pasA
5parB
5parA
5paqB
5paqA
5paoB
5paoA
5panB
5panA
5pamB
5pamA
5pakB
5pakA
5pajB
5pajA
5paiB
5paiA
5pagB
5pagA
5pafB
5pafA
5paeB
5paeA
5pacB
5pacA
5pabA
5paaB
5paaA
5pa9B
5pa9A
5pa8B
5pa8A
5l30B
5l30A
5l2zB
5l2zA
5l2yA
5i46A
4zxyA
4zxxA
4z6aA
4yt7B
4yt7A
4yt6A
4x8vA
4x8uA
4x8tA
4x8sA
4ngaA
4ng9A
4na9A
4jzfA
4jzeA
4jzdA
4jyvA
4jyuA
4isiA
4ishA
4iblB
3th4B
3th3B
3th3A
3th2B
3elaA
2zzuB
2zwlB
2zp0B
2puqB
2puqA
2flrB
2flrA
2flbB
2flbA
2firB
2f9bB
2f9bA
2ec9B
2c4fA
2bz6A
2b8oB
2b7dB
2b7dA
2aerB
2aeiB
2a2qB
1z6jB
1ygcA
1wv7B
1wunB
1wtgB
1wssB
1wqvB
1w8bB
1w8bA
1w7xA
1w2kA
1w0yA
1qfkB
1qfkA
1o5dB
1o5dA
1kljB
1kljA
1kliB
1kliA
1jbuA
1j9cC
1j9cB
1fakB
1fakA
1dvaE
1dvaD
1dvaB
1dvaA
1danB
1cvwB
3elaB
4zmaB
4zmaA
4ylqA
4iblA
3th4A
3th2A
2zzuA
2zwlA
2zp0A
2firA
2ec9A
2c4fB
2b8oA
2aerA
2aeiA
2a2qA
1z6jA
1wv7A
1wunA
1wtgA
1wssA
1wqvA
1w2kB
1w0yB
1danA
4z6aB
4ylqB
