5vv0B
5vv0A
6av5B
6av5A
6av4B
6av4A
6av3B
6av3A
6av2B
6av2A
6av1B
6av1A
6av0B
6av0A
6auzB
6auzA
6auyB
6auyA
5vv5B
5vv5A
5vv4B
5vv4A
5vv3B
5vv3A
5vv2B
5vv2A
5vv1B
5vv1A
5vuzB
5vuzA
5vuyB
5vuyA
5vuxB
5vuxA
5vuwB
5vuwA
5vuvB
5vuvA
5uo7B
5uo7A
5uo6B
5uo6A
5uo5B
5uo5A
5uo4B
5uo4A
5uo3B
5uo3A
5uo2B
5uo2A
5uo1B
5uo1A
5fvxB
5fvxA
5fvwB
5fvwA
5fvvB
5fvvA
5fvuB
5fvuA
5adiB
5adiA
5adgB
5adgA
5adfB
5adfA
4v3uD
4v3uC
4v3uB
4v3uA
4uh6B
4uh6A
4uh5B
4uh5A
4uchB
4uchA
4d1nD
4d1nC
4d1nB
4d1nA
6auxB
6auxA
6auwB
6auwA
6auvB
6auvA
6auuB
6auuA
6autB
6autA
6ausB
6ausA
6aurB
6aurA
6auqB
6auqA
5vuuB
5vuuA
5vutB
5vutA
5vusB
5vusA
5vurB
5vurA
5vuqB
5vuqA
5vupB
5vupA
5vuoB
5vuoA
5vunB
5vunA
5vumB
5vumA
5vulB
5vulA
5vukB
5vukA
5vujB
5vujA
5vuiB
5vuiA
5uo0B
5uo0A
5unzB
5unzA
5unyB
5unyA
5unxB
5unxA
5unwB
5unwA
5unvB
5unvA
5unuB
5unuA
5untB
5untA
5unsB
5unsA
5unrB
5unrA
5fw0B
5fw0A
5fvtB
5fvtA
5fvsB
5fvsA
5fvrB
5fvrA
5fvqB
5fvqA
5fvpB
5fvpA
5fvoA
5agpB
5agpA
5agoB
5agoA
5agnB
5agnA
5agmB
5agmA
5aglB
5aglA
5agkB
5agkA
5adcB
5adcA
5adbB
5adbA
5adaB
5adaA
5ad9B
5ad9A
5ad8B
5ad8A
5ad7B
5ad7A
5ad6B
5ad6A
5ad5B
5ad5A
5ad4B
5ad4A
4v3zB
4v3zA
4v3yB
4v3yA
4v3xB
4v3xA
4v3wB
4v3wA
4v3vB
4v3vA
4uppB
4uppA
4upoB
4upoA
4upnB
4upnA
4upmB
4upmA
4uh4B
4uh4A
4uh3B
4uh3A
4uh2B
4uh2A
4uh1B
4uh1A
4uh0B
4uh0A
4ugzB
4ugzA
4luxB
4luxA
4kcoB
4kcoA
4kcnB
4kcnA
4kcmB
4kcmA
4kclB
4kclA
4kckB
4kckA
4kcjB
4kcjA
4kciB
4kciA
4kchB
4kchA
4k5gB
4k5gA
4k5fB
4k5fA
4k5dB
4k5dA
4jsjB
4jsjA
4jsiB
4jsiA
4jsfB
4jsfA
4jseB
4jseA
4imwB
4imwA
4imuB
4imuA
4imtB
4imtA
4imsB
4imsA
4gqeB
4gqeA
4fw0B
4fw0A
4fvzB
4fvzA
4fvyB
4fvyA
4fvxB
4fvxA
4fvwB
4fvwA
4euxB
4euxA
4d7oB
4d7oA
4d3bB
4d3bA
4d32B
4d32A
4d31B
4d31A
4d30B
4d30A
4d2zB
4d2zA
4d2yB
4d2yA
4cx6B
4cx6A
4cx5B
4cx5A
4ctxB
4ctxA
4ctwB
4ctwA
4ctvB
4ctvA
4ctuB
4ctuA
4cttB
4cttA
4ctrB
4ctrA
4ctqB
4ctqA
4ctpB
4ctpA
4cdtB
4cdtA
4caqB
4caqA
4capB
4capA
4caoB
4caoA
4canB
4canA
4camB
4camA
4c39B
4c39A
3ufwB
3ufwA
3ufvB
3ufvA
3ufuB
3ufuA
3uftB
3uftA
3ufsB
3ufsA
3ufrB
3ufrA
3ufqB
3ufqA
3ufpB
3ufpA
3ufoB
3ufoA
3tyoB
3tyoA
3tynB
3tynA
3tymB
3tymA
3tylB
3tylA
3svqB
3svqA
3svpB
3svpA
3rqnB
3rqnA
3rqmB
3rqmA
3rqlB
3rqlA
3rqkB
3rqkA
3rqjB
3rqjA
3q9aB
3q9aA
3q99B
3q99A
3pngB
3pngA
3pnfB
3pnfA
3pneB
3pneA
3nnzB
3nnzA
3nnyB
3nnyA
3nm0B
3nm0A
3nlzB
3nlzA
3nlyB
3nlyA
3nlxB
3nlxA
3nlwB
3nlwA
3nlvB
3nlvA
3nloA
3nlnA
3nlmB
3nlmA
3nlkA
3n60B
3n60A
3n5zB
3n5yB
3n5xB
3n5wB
3n5vB
3n2rB
3jtaB
3jt9B
3jt8B
3jt7B
3jt6B
3jt5B
3jt4B
3jt4A
3jt3B
3hspB
3hspA
3hsoB
3hsoA
3hsnB
3hsnA
3b3pB
3b3pA
3b3oB
3b3oA
3b3nB
3b3mB
2hx4B
2hx3B
2g6nB
2g6nA
2g6mB
2g6lB
2g6lA
2g6kB
2g6kA
2g6jB
2g6jA
2g6iB
2g6iA
2g6hB
1rs7B
1rs6B
1p6jB
1p6iB
1p6hB
1om5B
1om4B
1mmwB
1mmvB
1m00B
1lzzB
1lzxB
1k2uB
1k2tB
1k2sB
1k2rB
5g0oB
5g0oA
5g0nB
5g0nA
4k5eB
4jsgB
3nloB
3nlnB
3nlkB
3n66B
3n65B
3n64B
3n62B
3jx1B
3jx0B
3jwvB
3jwuB
3jwtB
3jwsB
3fc5B
1zzqB
1p6kB
4jshB
4jshA
5g0pB
5adeB
5addB
4cx4B
4cx3B
3nlrB
3nlqB
3nlpB
3n63B
3n61B
3jx5B
3jx4B
3jx3B
3jx2B
3jx2A
3dqrB
1zzuB
1zzrB
1zvlB
1zvlA
1vagA
1tllA
1qwcA
1qw6A
3nljB
3jx6B
1zviA
1tllB
1f20A
