6fqfD
6fqfC
6fqfB
6fqfA
6di4D
6di4B
6bwuB
6bwpD
6bwpB
6bnrD
6bnrB
6bb5B
5x2uL
5x2uJ
5x2uH
5x2uF
5x2uD
5x2uB
5x2tL
5x2tJ
5x2tH
5x2tF
5x2tD
5x2tB
5x2sL
5x2sJ
5x2sH
5x2sF
5x2sD
5x2sB
5x2rL
5x2rJ
5x2rH
5x2rF
5x2rD
5x2rB
5wohD
5wohB
5wogD
5wogC
5urcD
5urcB
5ucuB
5ni1D
5ni1B
5ksjD
5ksjB
5ksiD
5ksiB
5kdqD
5kdqB
5jdoF
5jdoD
5hy8J
5hy8H
5hy8F
5hy8D
5hy8B
5hu6B
5ee4D
5e29D
5e29B
4xs0B
4x0lB
4wjgV
4wjgQ
4wjgL
4wjgG
4wjgB
4romD
4romB
4rolD
4rolB
4ni1B
4ni0B
4n8tB
4n7pL
4n7pJ
4n7pH
4n7pF
4n7pD
4n7pB
4n7oL
4n7oJ
4n7oH
4n7oF
4n7oD
4n7oB
4n7nL
4n7nJ
4n7nH
4n7nF
4n7nD
4n7nB
4mqhB
4mqcB
4m4bB
4m4aB
4l7yD
4l7yB
4ij2D
4ij2B
4hhbD
4hhbB
4fc3B
3whmD
3whmB
3wcpD
3wcpB
3szkB
3r5iD
3r5iB
3qjdD
3qjdB
3qjbB
3p5qB
3oo5B
3oo4B
3odqD
3odqB
3nmmD
3nmmB
3kmfD
3kmfB
3ic2D
3ic2B
3ic0D
3ic0B
3hxnD
3hxnB
3hhbD
3hhbB
3d7oB
3d17D
3d17B
3b75J
3b75H
3b75F
3b75D
3b75B
2yrsH
2yrsF
2yrsD
2yrsB
2w6vD
2w6vB
2m6zD
2m6zB
2hhdD
2hhdB
2hhbD
2hhbB
2hcoB
2hbfB
2hbeB
2hbdB
2hbcB
2h35D
2h35B
2dxmD
2dxmB
2dn3B
2dn2D
2dn2B
2dn1B
2d60D
2d60B
2d5zD
2d5zB
1yziB
1yhrD
1yhrB
1yheD
1yheB
1yh9D
1yh9B
1ydzD
1ydzB
1y8wD
1y8wB
1y85D
1y85B
1y0dD
1y0dB
1y0cD
1y0cB
1y0aD
1y0aB
1y09D
1y09B
1xzvD
1xzvB
1xzuD
1xzuB
1xz7D
1xz7B
1xz5D
1xz5B
1xz4D
1xz4B
1xz2D
1xz2B
1xyeD
1xyeB
1xy0D
1xy0B
1xxtD
1xxtB
1vwtD
1vwtB
1uiwH
1uiwD
1uiwB
1thbD
1thbB
1sdlD
1sdlB
1sdkD
1sdkB
1rvwB
1rq4D
1rq4B
1rq3D
1rq3B
1rpsD
1rpsB
1r1yD
1r1yB
1r1xB
1qxeD
1qxeB
1qxdD
1qxdB
1qsiD
1qsiB
1qshD
1qshB
1nihD
1nihB
1mkoD
1mkoB
1ljwB
1lfzB
1lfyB
1lfvB
1lftB
1lfqB
1lflH
1lflF
1lflD
1lflB
1kd2D
1kd2B
1k0yD
1k0yB
1jy7L
1jy7J
1jy7H
1jy7F
1jy7D
1jy7B
1j41H
1j41F
1j41D
1j41B
1j40H
1j40F
1j40D
1j40B
1j3zH
1j3zF
1j3zD
1j3zB
1j3yH
1j3yF
1j3yD
1j3yB
1irdB
1hhoB
1hgcD
1hgcB
1hgbD
1hgbB
1hgaD
1hgaB
1hcoB
1hbbD
1hbbB
1hacD
1hacB
1habD
1habB
1gzxD
1gzxB
1gbvD
1gbvB
1gbuD
1gbuB
1g9vD
1g9vB
1fn3D
1fn3B
1dxtD
1dxtB
1dkeD
1dkeB
1cohD
1cohB
1cmyD
1cmyB
1clsD
1clsB
1ch4D
1ch4C
1ch4B
1ch4A
1cbmD
1cbmC
1cbmB
1cbmA
1cblD
1cblC
1cblB
1cblA
1bzzD
1bzzB
1bz1D
1bz1B
1bz0D
1bz0B
1buwD
1buwB
1bijD
1bijB
1bbbD
1bbbB
1babD
1babB
1b86D
1b86B
1aj9B
1a3oD
1a3oB
1a3nD
1a3nB
6hbwD
6hbwB
5ufjD
5ufjB
5u3iD
5u3iB
5e83D
5e83B
5e6eB
4mqiB
4mqgB
3w4uF
3w4uD
3w4uB
3s66B
3s65D
3s65B
3qjeD
3qjeB
3qjcB
3dutD
3dutB
2hheD
2hheB
2hbsH
2hbsF
2hbsD
2hbsB
1yvtB
1yvqD
1yvqB
1yihD
1yihB
1ygfD
1ygfB
1yffH
1yffF
1yffD
1yffB
1y83D
1y83B
1y7zD
1y7zB
1y7gD
1y7gB
1y7dD
1y7dB
1y7cD
1y7cB
1y5kD
1y5kB
1y5jD
1y5jB
1y5fD
1y5fB
1y4vD
1y4vB
1y0wD
1y0wB
1y0tD
1y0tB
1o1pC
1o1pB
1o1nC
1o1nB
1o1lC
1o1lB
1o1jC
1o1jB
1o1iB
1nqpD
1nqpB
1nejD
1nejB
1m9pD
1m9pB
1k1kB
1j7sD
1j7sB
1hdbD
1hdbB
1hbsH
1hbsF
1hbsD
1hbsB
1hbaD
1hbaB
1gliD
1gliB
1dxvD
1dxvB
1dxuD
1dxuB
1c7dC
1c7dB
1c7cC
1c7cB
1c7bD
1c7bB
1abyC
1abyB
1abwC
1abwB
1a0zD
1a0zB
1a0uD
1a0uB
5vmmB
5sw7B
3onzB
1yieD
1yieB
1yg5D
1yg5B
1yeqD
1yeqB
1yeoD
1yeoB
1yenD
1yenB
1ye2D
1ye2B
1ye1D
1ye1B
1ye0D
1ye0B
1y4rD
1y4rB
1y4qD
1y4qB
1y4fD
1y4fB
1y4bD
1y4bB
1y46D
1y46B
1y45D
1y45B
1y35D
1y35B
1y31D
1y31B
1y2zD
1y2zB
1y22D
1y22B
1o1oD
1o1oB
1o1mC
1o1mB
1o1kD
1o1kB
1a01D
1a00D
1a00B
