2gl8D
2gl8C
2gl8B
2gl8A
4cn7B
1by4G
4cn3B
4cn5B
1ynwD
2nllC
4cn2D
4cn7F
4cn3D
4cn3A
1by4E
4cn7E
1dszD
4cn3C
1by4F
1by4H
4cn7A
4cn2C
4cn5A
3e00A
3dzuA
5uanA
5ec9A
3h0aA
1rdtA
5mkuA
5z12G
5z12B
4rmeA
4rmdA
4rmcA
4rfwA
4pp5A
4pp3A
4pojA
4pohA
4m8hA
4m8eA
4k6iA
4k4jA
3r2aC
3oapA
1rxrA
5mmwA
5mkjA
5lyqA
4zshA
4zo1C
4oc7A
3r5mC
3r29B
3r29A
3pcuA
3fugA
3e94A
2zxzA
2p1vA
2p1uA
2p1tA
1mznG
1mznC
1mvcA
1fbyB
3kwyA
3r5mA
3ozjC
3ozjA
3nsqA
3nspA
2zy0C
2zy0A
5tbpC
5mj5A
5gymG
1mv9A
3r2aA
1r0nC
4n5gC
4n5gB
5gymF
5gymB
4n8rC
4n5gD
4n5gA
3uvvB
5mk4C
5mk4A
5gymA
2aclG
2aclE
2aclC
2aclA
5tbpB
5gymH
5gymE
5gymD
5gymC
1h9uD
1h9uC
1h9uB
1h9uA
5tbpD
5tbpA
4n8rD
4n8rB
4n8rA
3r2aD
3a9eA
3r2aB
3fc6A
3falA
1fbyA
3fc6C
3nsqB
3falC
1xdkE
1xdkA
5ji0A
3dzyA
1mznE
1mznA
4nqaA
3nspB
1dkfA
1uhlA
1g5yC
1g1uC
4j5wD
4j5wC
1g5yA
1g1uA
4nqaG
1xvpA
1xv9C
1xv9A
1xlsD
1xlsC
1xlsB
1xlsA
1k74A
1fm9A
1fm6C
1fm6A
1g5yD
1g5yB
1g1uD
1g1uB
5hjpC
5kyaB
5i4vD
5hjpA
1xvpC
4j5xB
5kyjB
5kyjD
5kyaD
5i4vB
1lbdA
4j5xA
3eybD
3eybC
3eybB
3eybA
2hanC
1r0oC
4ummA
1xiuA
1xiuB
2q60C
2q60B
2q60D
2q60A
