6av7D
6av7C
6av7B
6av7A
6av6D
6av6C
6av6B
6av6A
5vvdD
5vvdC
5vvdB
5vvdA
5vvcD
5vvcC
5vvcB
5vvcA
5vvbD
5vvbC
5vvbB
5vvbA
5uocD
5uocC
5uocB
5uocA
5uobD
5uobC
5uobB
5uobA
5uoaB
5uoaA
5uo9D
5uo9C
5uo9B
5uo9A
5uo8D
5uo8C
5uo8B
5uo8A
4d1pB
4d1pA
4d1oB
4d1oA
3nosB
3nosA
3eahB
1m9rB
1m9rA
1m9qB
1m9qA
1m9mB
1m9mA
1m9kB
1m9kA
1m9jB
1m9jA
3eahA
5vvnA
5vv6A
5adlA
4jsmA
4imxB
4imxA
4d33A
4culB
4culA
3rqpA
3nluA
3n5tA
3n5rA
3n5pA
3jwzA
3e7sB
3dqtA
3dqsA
1rs9A
1rs8A
1p6nA
5vvnB
5vvgB
5vvaB
5vvaA
5vv9B
5vv9A
5vv8B
5vv7B
5vv7A
5vv6B
5uodB
5uodA
5fvzA
5fvyB
5fvyA
5fj3B
5fj3A
5fj2B
5fj2A
5adnB
5admB
5admA
5adlB
5adkB
5adjB
5adjA
4uptB
4uptA
4upsB
4upsA
4uprB
4uprA
4upqB
4upqA
4uhaB
4uhaA
4uh9B
4uh9A
4uh8B
4uh8A
4uh7B
4uh7A
4luwB
4luwA
4kcsB
4kcsA
4kcrB
4kcrA
4kcqB
4kcqA
4kcpB
4kcpA
4k5kB
4k5kA
4k5jB
4k5jA
4k5iB
4k5iA
4k5hB
4k5hA
4jsmB
4jslB
4jslA
4jskB
4jskA
4d3aB
4d3aA
4d39B
4d39A
4d38B
4d38A
4d37B
4d37A
4d36B
4d36A
4d35B
4d35A
4d34B
4d34A
4d33B
4cx2B
4cx2A
4cx1B
4cx1A
4cwyB
4cwyA
4cwxB
4cwxA
4cwwB
4cwwA
4cwvB
4cwvA
4cvgB
4cunB
4cunA
4cumB
4cumA
4cu1B
4cu1A
4cu0B
4cu0A
4ctzB
4ctzA
4ctyB
4ctyA
4cftB
4cftA
4carB
4carA
4c3aB
4c3aA
3rqpB
3rqoB
3rqoA
3pnhB
3pnhA
3nluB
3nltB
3nlgB
3nlgA
3nlfB
3nlfA
3nleA
3nldB
3n5tB
3n5sB
3n5sA
3n5pB
3jwzB
3jwyB
1rs9B
1rs8B
1p6nB
1p6lB
1p6lA
5adnA
5fvzB
4cx0B
4cx0A
4cwzB
4cwzA
4cvgA
3nltA
3nlhB
3nleB
3nldA
3n6gB
3n6gA
3n6fB
3n6eB
3n6eA
3n6dB
3n6dA
3n6cA
3n6bB
3n6bA
3n5qB
3n5qA
3jwyA
3jwxB
3jwxA
3jwwB
3jwwA
3e7sA
3dqsB
2hx2B
2hx2A
1zzsA
1q2oA
1p6mB
1p6mA
3n6aA
3n5rB
3dqtB
9nseA
8nseA
7nseA
6nseA
5nseA
4nseA
3nseA
3nliB
3nliA
3nlhA
3n6fA
3n6cB
3n6aB
3n69B
3n69A
3n68B
3n68A
3n67B
3n67A
2nseA
2g6oA
1zztA
1nseA
1fopA
1fooA
1folA
1fojA
1foiA
1ed6A
1ed5A
1ed4A
1dmkA
1dmjA
1dmiA
1dm8A
1dm7A
1dm6A
1d1yA
1d1xA
1d1wA
1d1vA
1d0oA
1d0cA
9nseB
8nseB
7nseB
6nseB
5vvgA
5vv8A
5nseB
5adkA
4nseB
3nseB
2nseB
2g6oB
1nseB
1i83B
1i83A
1fopB
1fooB
1folB
1fojB
1foiB
1ed6B
1ed5B
1ed4B
1dmkB
1dmjB
1dmiB
1dm8B
1dm7B
1dm6B
1d1yB
1d1xB
1d1wB
1d1vB
1d0oB
1d0cB
1zzsB
1q2oB
1zztB
