5kirB
5kirA
5ikvB
5ikvA
5iktB
5iktA
5ikrB
5ikrA
5ikqB
5ikqA
5f1aB
5f1aA
5f19B
5f19A
6coxB
6coxA
5w58A
5coxD
5coxC
5coxB
5coxA
4z0lD
4z0lC
4z0lB
4z0lA
4rutD
4rutC
4rutB
4rutA
4otyB
4otyA
4otjD
4otjC
4otjB
4otjA
4m11D
4m11C
4m11B
4m11A
4m10D
4m10C
4m10B
4m10A
4fm5D
4fm5C
4fm5B
4fm5A
4coxD
4coxC
4coxB
4coxA
3rr3D
3rr3C
3rr3B
3rr3A
3q7dB
3q7dA
3pghD
3pghC
3pghB
3pghA
3ntgD
3ntgC
3ntgB
3ntgA
3ntbD
3ntbC
3ntbB
3ntbA
3nt1B
3nt1A
3mqeD
3mqeC
3mqeB
3mqeA
3ln1D
3ln1C
3ln1B
3ln1A
3ln0D
3ln0C
3ln0B
3ln0A
1pxxD
1pxxC
1pxxB
1pxxA
1ddxD
1ddxC
1ddxB
1ddxA
1cx2D
1cx2C
1cx2B
1cx2A
1cvuB
1cvuA
4rs0A
4rrzD
4rrzC
4rrzB
4rrzA
4rryD
4rryC
4rryB
4rryA
4rrxB
4rrxA
4rrwD
4rrwC
4rrwB
4rrwA
5fdqB
5fdqA
4ph9B
4ph9A
4e1gB
4e1gA
3tziB
3tziA
3qmoB
3qmoA
3qh0B
3qh0A
3oluB
3oluA
3oltB
3oltA
3mdlB
3mdlA
3krkB
3krkA
3hs7B
3hs7A
3hs6B
3hs6A
3hs5B
3hs5A
5jw1B
5jw1A
5jvzB
5jvzA
5jvyB
5jvyA
