9gssB
9gssA
8gssC
8gssB
8gssA
7gssB
7gssA
6gssB
6gssA
6ap9B
6ap9A
5x79B
5x79A
5l6xB
5l6xA
5jcwB
5jcwA
5j41B
5j41A
5gssB
5gssA
5djlB
5djlA
5ddlB
5ddlA
5dcgB
5dcgA
5dalB
4pgtB
4pgtA
4gssB
4gssA
3pgtB
3pgtA
3n9jB
3n9jA
3ie3B
3ie3A
3hkrB
3hkrA
3hjoB
3hjoA
3hjmD
3hjmC
3hjmB
3hjmA
3gusB
3gusA
3gssB
3gssA
3dgqB
3dgqA
3dd3B
3dd3A
3csjB
3csjA
3csiD
3csiC
3csiB
3csiA
3cshB
3cshA
2pgtB
2pgtA
2gssB
2gssA
2a2sB
2a2sA
2a2rB
2a2rA
20gsB
20gsA
1zgnB
1zgnA
1px7B
1px7A
1px6B
1px6A
1pgtB
1pgtA
1md4B
1md4A
1md3B
1md3A
1kbnB
1kbnA
1gssB
1gssA
1eohH
1eohG
1eohF
1eohE
1eohD
1eohC
1eohB
1eohA
1aqxD
1aqxC
1aqxB
1aqxA
1aqwD
1aqwC
1aqwB
1aqwA
1aqvB
1aqvA
19gsB
19gsA
18gsB
18gsA
16gsB
16gsA
13gsB
13gsA
12gsB
12gsA
11gsB
11gsA
10gsB
10gsA
5djmA
5djmB
3kmoB
3kmoA
3kmnB
3kmnA
3km6B
3km6A
22gsB
22gsA
1lbkB
1lbkA
1eogB
1eogA
17gsB
17gsA
5dakA
5dalA
2j9hB
2j9hA
14gsB
14gsA
5dakB
1bayA
