4fqfA
4fr8H
4fr8F
4fr8E
4fr8D
4fr8B
4fr8A
4fqfD
4fqfC
4fqfB
5l13H
5l13G
5l13F
5l13D
5l13C
5l13B
5l13A
4kwgH
4kwgG
4kwgF
4kwgE
4kwgD
4kwgC
4kwgB
4kwgA
4kwfH
4kwfG
4kwfF
4kwfE
4kwfD
4kwfC
4kwfB
4kwfA
4fr8G
3sz9H
3sz9G
3sz9F
3sz9E
3sz9D
3sz9B
3sz9A
3n81G
3n80H
3n80G
3n80F
3n80D
3n80C
3n80B
3n80A
3inlG
3inlF
3inlE
3inlD
3inlC
3inlB
3injG
3injF
3injE
3injD
3injC
3injB
3injA
2vleH
2vleG
2vleF
2vleE
2vleD
2vleC
2vleB
2vleA
2onpH
2onpG
2onpF
2onpE
2onpD
2onpC
2onpB
2onpA
2onoH
2onoG
2onoF
2onoE
2onoD
2onoC
2onoB
2onoA
2onnH
2onnG
2onnF
2onnE
2onnD
2onnC
2onnB
2onnA
2onmL
2onmK
2onmJ
2onmI
2onmH
2onmG
2onmF
2onmE
2onmD
2onmC
2onmB
2onmA
1zumD
1zumA
1o05H
1o05G
1o05F
1o05E
1o05D
1o05C
1o05B
1o05A
1o02H
1o02G
1o02F
1o02E
1o02D
1o02C
1o02B
1o02A
1o01H
1o01G
1o01F
1o01E
1o01D
1o01B
1o01A
1o00H
1o00G
1o00F
1o00E
1o00D
1o00C
1o00B
1o00A
1nzzH
1nzzG
1nzzF
1nzzE
1nzzD
1nzzC
1nzzB
1nzzA
1nzxH
1nzxG
1nzxF
1nzxE
1nzxD
1nzxC
1nzxB
1nzxA
1nzwH
1nzwG
1nzwF
1nzwE
1nzwD
1nzwC
1nzwB
1nzwA
1cw3H
1cw3G
1cw3F
1cw3E
1cw3D
1cw3C
1cw3B
1cw3A
5l13E
3sz9C
3n83H
3n83G
3n83F
3n83E
3n83D
3n83C
3n83B
3n83A
3n82H
3n82G
3n82F
3n82E
3n82D
3n82C
3n82B
3n82A
3n81H
3n81F
3n81E
3n81D
3n81C
3n81B
3n81A
3n80E
3inlH
3inlA
3injH
1o01C
4fr8C
1zumL
1zumK
1zumJ
1zumI
1zumH
1zumG
1zumF
1zumE
1zumC
1zumB
1ag8D
1ag8C
1ag8B
1ag8A
1a4zD
1a4zC
1a4zB
1a4zA
