4pvnB
4pvnA
4pvmB
4pvmA
4pvlB
4pvlA
4pmfB
4pmfA
4pmeB
4pmeA
4pm1B
4pm1A
4n86B
4n86A
4n85B
4n85A
4mrbB
4mrbA
4masB
4masA
4l1tB
4l1tA
4l1sB
4l1sA
4ky2B
4ky2A
4iklB
4iklA
4ikkB
4ikkA
4ikjB
4ikjA
4ikiB
4ikiA
4ik7B
4ik7A
4ik6B
4ik6A
4iizB
4iizA
4i85B
4i85A
4hjuB
4hjuA
4hjtB
4hjtA
4hjsB
4hjsA
4fi8B
4fi8A
4fi7B
4fi7A
4fi6B
4fi6A
4dewB
4dewA
4deuB
4detB
4detA
4desB
4desA
4derB
4derA
4d7bB
4d7bA
4ankB
4ankA
4actB
4actA
4ac4B
4ac4A
4ac2B
4ac2A
4abwB
4abwA
4abvB
4abvA
4abuB
4abuA
4abqB
4abqA
3w3bB
3w3bA
3tctB
3tctA
3p3uB
3p3uA
3p3tB
3p3tA
3p3sB
3p3sA
3p3rB
3p3rA
3neoB
3neoA
3neeB
3neeA
3m1oB
3m1oA
3kguB
3kguA
3ipeB
3ipeA
3ipbB
3ipbA
3imwB
3imwA
3imvB
3imvA
3imuB
3imuA
3imtB
3imtA
3imsB
3imsA
3imrB
3imrA
3i9pB
3i9pA
3hj0B
3hj0A
3gs7B
3gs7A
3gs4B
3gs4A
3gs0B
3gs0A
3glzB
3glzA
3fcbB
3fcbA
3fc8B
3fc8A
3espB
3espA
3esoB
3esoA
3esnB
3esnA
3d7pB
3d7pA
3d2tB
3d2tA
3cn4B
3cn4A
3cn3B
3cn3A
3cn2B
3cn2A
3cn1B
3cn1A
3cn0B
3cn0A
3cftB
3cftA
3cfqB
3cfqA
3cfnB
3cfnA
3cfmB
3cfmA
3cbrB
3cbrA
3bszD
3bszC
3bszB
3bszA
3b56B
3b56A
3a4dB
3a4dA
2wqaD
2wqaC
2wqaA
2royB
2royA
2roxB
2roxA
2qgeB
2qgeA
2qgdB
2qgdA
2qgcB
2qgcA
2qgbB
2qgbA
2h4eB
2h4eA
2gabB
2gabA
2g9kB
2g9kA
2g5uB
2g5uA
2g4gB
2g4gA
2flmB
2flmA
2fbrB
2fbrA
2f8iB
2f8iA
2f7iB
2f7iA
2b9aB
2b9aA
2b77B
2b77A
2b15B
2b15A
1zd6B
1zd6A
1zcrB
1zcrA
1z7jB
1z7jA
1y1dB
1y1dA
1u21B
1u21A
1tz8D
1tz8C
1tz8B
1tz8A
1tyrB
1tyrA
1ttaB
1ttaA
1tt6B
1tt6A
1qwhB
1qwhA
1ictH
1ictG
1ictF
1ictE
1ictD
1ictC
1ictB
1ictA
1f41B
1f41A
1e5aB
1e5aA
1e4hB
1e4hA
1e3fB
1e3fA
1bz8B
1bz8A
1bmzB
1bmzA
1bm7B
1bm7A
2tryB
2tryA
2trhB
2trhA
1ttcB
1ttcA
1ttbB
1ttbA
1tshB
1tshA
1tlmB
1tlmA
1thcA
1thaA
1rlbD
1rlbC
1rlbB
1rlbA
1qabB
1qabA
1etbA
1etaB
1etaA
1bzeB
1bzeA
1bzdB
1bzdA
4pwkB
4pwkA
4pwjB
4pwjA
4pwiB
4pwiA
4pwhB
4pwhA
4pwgB
4pwgA
4pwfB
4pwfA
4pweB
4pweA
4n87B
4n87A
4mrcB
4mrcA
4i89B
4i89A
4i87B
4i87A
4hisB
4hisA
4hiqB
4hiqA
4deuA
3u2jB
3u2jA
3u2iB
3u2iA
3tfbB
3tfbA
3ssgA
3ozlB
3ozlA
3ozkB
3ozkA
3ng5B
3ng5A
3nexB
3nexA
3nesB
3nesA
3kgtB
3kgtA
3kgsB
3kgsA
3i9iB
3i9iA
3i9aB
3i9aA
3do4H
3do4G
3do4F
3do4E
3do4D
3do4C
3do4B
3do4A
3dk2B
3dk2A
3dk0B
3dk0A
3djzB
3djzA
3djtB
3djtA
3djsB
3djsA
3djrB
3djrA
3cxfB
3cxfA
3bt0B
3bt0A
3a4fB
3a4fA
3a4eB
3a4eA
2wqaB
2pabB
2pabA
2noyB
2noyA
2g4eB
2g4eA
2g3zB
2g3zA
2g3xB
2g3xA
2b16B
2b16A
2b14B
2b14A
1x7tB
1x7tA
1x7sB
1x7sA
1ttrB
1ttrA
1thcB
1thaB
1qabD
1qabC
1iikB
1iikA
1iiiB
1iiiA
1fhnB
1fhnA
1f86B
1f86A
1etbB
1dvzB
1dvzA
1dvyB
1dvyA
1dvxB
1dvxA
1dvuB
1dvuA
1dvtB
1dvtA
1dvsB
1dvsA
1dvqB
1dvqA
2nboA
3grgD
3grgC
3grgB
3grgA
3grbD
3grbC
3grbB
3grbA
3gpsD
3gpsC
3gpsB
3gpsA
3didD
3didC
3didB
3didA
3dgdD
3dgdC
3dgdB
3dgdA
1soqD
1soqC
1soqB
1soqA
1sokB
1sokA
1ijnB
1ijnA
1gkoC
1gkoA
1gkoD
1gkoB
1fh2B
1fh2A
2nbpA
2qelD
2qelC
2qelB
2qelA
1g1oD
1g1oC
1g1oB
1g1oA
1kgjC
1kgjB
1kgiC
1kgjD
1kgiD
1kgiB
1kgiA
1ie4D
1ie4C
1ie4B
1ie4A
1gkeD
1gkeC
1gkeB
1gkeA
1kgjA
2qpfC
2qpfA
2qpfH
2qpfG
2qpfD
2qpfF
2qpfE
2qpfB
