4h26E
4h26B
4h25B
4h25E
4i5bB
3c5jB
1sebF
1sebB
6cqrG
6cqrB
4i5bE
3qxaD
3qxaB
2ojeF
2ojeB
2ipkB
2g9hB
1t5xB
1t5wE
1t5wB
1sjhB
1sjeB
1r5iF
1r5iB
1pywB
1kluB
4x5wB
4ov5L
4ov5F
4ov5B
4h1lE
4h1lB
4c56K
3qxdD
3qxdB
2xn9E
2ianQ
2ianL
1lo5B
1kg0B
1hxyB
1dlhE
1dlhB
1aqdK
4ov5H
1klgB
1jwuB
1jwsB
1jwmB
1aqdH
1aqdE
1aqdB
4ov5J
4ov5D
2icwE
4c56E
3pgcB
2icwB
6cqjH
6cqjB
4aenB
3s5lD
3s5lC
3pdoB
3l6fB
2ianG
2ianB
2iamB
6cqjE
3pgcE
4e41B
2q6wE
2q6wB
1fytB
4e41G
3s4sB
3s4sF
3pgdE
3pgdB
4mdjB
6cqqG
6cpoE
6cpoB
4mdiB
6cqqB
1zglQ
1hqrB
6birB
1zglL
1bx2B
5jlzD
1fv1E
1fv1B
6bizB
6biyB
6bixB
6bivB
6binC
6bilB
6bijB
6atzB
6atfD
6atfB
5laxD
4md4B
4md0B
4mczB
4mcyB
4is6B
2wbjF
1j8hB
1h15E
1h15B
1d5mB
1bx2E
6atzD
6cqnB
6cqlB
6atiD
6atiB
4md5B
1d5xB
6cpnB
6cplB
1d5zB
2wbjB
1d6eB
1ymmB
5laxB
5jlzB
2sebB
1zglG
4gbxD
4fqxE
5ni9B
4y1aB
4y19B
1zglB
4ah2B
1a6aB
5nigB
5v4nB
5v4nD
5v4mH
5v4mF
5v4mD
5v4mB
2fseB
2fseD
4x5xD
4x5xB
3o6fF
3t0eB
3o6fB
