4qc1B
6fh7A
6fh6A
6fguA
6fgtA
5pgtA
5pgsA
5pgrA
5pgqA
5pgpA
5pgoA
5pgnA
5pglA
5pgkA
5pgjA
5pgiA
5pghA
5pggA
5pgfA
5pgeA
5pgdA
5pgcA
5pgbA
5pgaA
5pg9A
5pg8A
5pg7A
5pg6A
5pg5A
5pg4A
5pg3A
5pg2A
5pg1A
5pg0A
5pfzA
5pfyA
5pfxA
5pfwA
5pfvA
5pfuA
5pftA
5pfsA
5pfrA
5pfqA
5pfpA
5pfoA
5pfnA
5pfmA
5pflA
5pfjA
5pfiA
5pfhA
5pfgA
5pffA
5pfeA
5pfdA
5pfcA
5pfbA
5pfaA
5pf9A
5pf8A
5pf7A
5pf6A
5pf5A
5pf4A
5pf3A
5pf2A
5pf1A
5pf0A
5pezA
5peyA
5pexA
5pewA
5pevA
5peuA
5petA
5pesA
5perA
5peqA
5peoA
5penA
5pemA
5pelA
5pekA
5pejA
5peiA
5pehA
5pegA
5pefA
5peeA
5pedA
5pecA
5pebA
5peaA
5pe9A
5pe8A
5pe7A
5pe6A
5pe5A
5pe4A
5pe3A
5pe2A
5pe1A
5pe0A
5pdzA
5pdyA
5pdxA
5pdwA
5pdvA
5pduA
5pdtA
5pdsA
5pdrA
5pdqA
5pdpA
5pdoA
5pdnA
5pdmA
5pdlA
5pdkA
5pdjA
5pdiA
5pdhA
5pdgA
5pdfA
5pdeA
5pddA
5pdcA
5pdbA
5pdaA
5pd9A
5pd8A
5pd7A
5pd6A
5pd5A
5pd4A
5pd3A
5pd2A
5pd1A
5pd0A
5pczA
5pcxA
5pcwA
5pcvA
5pcuA
5pctA
5pcsA
5pcrA
5pcqA
5pcpA
5pcoA
5pcnA
5pcmA
5pclA
5pckA
5pcjA
5pciA
5pchA
5pcgA
5pcfA
5pceA
5pcdA
5pccA
5pcbA
5pcaA
5pc9A
5pc8A
5pc7A
5pc6A
5pc5A
5pc4A
5pc3A
5pc2A
5pc1A
5pc0A
5pbzA
5pbyA
5pbxA
5pbwA
5pbvA
5pbuA
5pbtA
5pbsA
5pbrA
5pbqA
5pbpA
5pboA
5pbnA
5pbmA
5pblA
5pbkA
5pbjA
5pbiA
5pbhA
5pbgA
5pbfA
5pbeA
5pbdA
5pbcA
5pbbA
5pbaA
5pb9A
5pb8A
5pb7A
5orbA
5or9A
5mggA
5mgfA
5mgeA
5l99A
5l98A
5l97A
5l96A
5l8uA
5l8tA
5e9yA
5e9mA
5e9lA
5e9kA
5e9iA
5e74A
5e73A
5dyxA
5dyuA
5cugA
5cueA
5cudA
5cucA
5cubA
5cuaA
5cu8A
5cqaA
5cq8A
5cq7A
5cq6A
5cq4A
5cq3A
4xubA
4xuaA
4rvrA
4nrcA
4nraA
4nr9A
4ir6A
4ir5A
4ir4A
4ir3A
4cuuA
4cutA
4cusA
4curA
4cuqA
4cupA
3q2fA
3g0lA
6fi1B
6fi1A
5cq5A
4qf3B
4qf3A
4nrbA
4qc3B
4qc3A
4qc1A
6fhqB
6fhqA
2e7oA
