5yt2A
5ysyA
5gt4A
4itfA
4iteA
4g2iA
3x36A
3x31A
3wwrA
3wgpA
3w0yA
3w0cA
3w0aA
3vhwA
3tkcA
3p8xA
3ogtA
3kpzA
3cs6A
3cs4A
3az3A
3az2A
3az1A
3ax8A
3aurA
3auqA
3a78A
3a40A
3a3zA
2hb8A
2hb7A
2hasA
2harA
2hamA
1txiA
1s19A
1s0zA
1kb6D
1kb6C
1kb4D
1kb4C
1kb2D
1kb2C
1ie9A
1ie8A
1db1A
5v39A
3m7rA
3b0tA
3a2iA
3a2jA
1ynwC
5zwhA
5zwfA
5xuqA
3vt7A
5xzhA
5xpmA
3vjsA
3a2hA
5xzfA
5gicA
3vrvA
3vruA
3vjtA
2zlaA
3vt9A
3vt8A
5gieC
5zwiA
5zweA
5xppA
5xpoA
5xpnA
5h1eA
5b5bC
5b41A
5awkA
5awjA
4ynkA
3wtqA
3wt7A
3wt6A
3wt5A
3w5tA
3w5rA
3w5qA
3w5pA
3w0jA
3w0iA
3w0gA
3vtdA
3vtcA
3vtbA
3vt6A
3afrA
2zxnA
2zxmA
2zmjA
2zmiA
2zmhA
2zlcA
2zfxA
2o4rA
2o4jA
1rkhA
1rkgA
1rk3A
1rjkA
5xplA
5gidA
3vrwA
3vrtA
3aunA
2zl9A
3vt5A
3vt4A
5b5bA
3w0hA
5gieA
3vt3A
