1hwiD
1hwiC
1hw8D
1hw8C
3cdbC
3cdbB
3cdbA
3cdaC
3cdaB
3cdaA
3cd7C
3cd7B
3cd5D
3cd5C
3cd5B
3cd5A
3cd0C
3cd0B
3cd0A
3cczC
3cczB
3cczA
3ccwC
3ccwB
3ccwA
3cctC
3cctB
3cctA
3bglD
3bglC
3bglB
3bglA
2r4fC
2r4fB
2r4fA
2q6cD
2q6cC
2q6cB
2q6cA
2q6bD
2q6bC
2q6bB
2q1lC
2q1lB
1hwlA
1hwkA
1hwjC
1hwjA
1hw9A
1hw8B
1hw8A
1dqaC
1dqaB
1dqaA
1dq9D
1dq9C
1dq9B
1dq9A
1dq8D
1dq8C
1dq8B
1dq8A
3cdbD
3cdaD
3cd7D
3cd7A
3cd0D
3cczD
3ccwD
3cctD
2r4fD
2q1lD
2q1lA
1hwlD
1hwlC
1hwlB
1hwkD
1hwkC
1hwkB
1hwjD
1hwjB
1hwiB
1hwiA
1hw9D
1hw9C
1hw9B
1dqaD
2q6bA
