5t1hB
5t1hA
5owlB
5owlA
5owhA
5oniB
5oniA
5omyA
5nqcA
5n9nA
5n9lA
5n9kA
5n1vB
5n1vA
5m4iA
5m4fA
5m4cA
5m44A
5kwhB
5kwhA
5ku8B
5ku8A
5h8gA
5h8eB
5h8eA
5h8bB
5h8bA
5cqwB
5cqwA
5cquA
5b0xA
4ubaB
4ubaA
4ub7A
4rllA
4nh1B
4nh1A
4md7H
4md7G
4md7F
4md7E
4kwpA
4ib5C
4ib5B
4ib5A
4gubA
4grbA
4fbxA
3wowA
3wilA
3wikA
3warA
3u9cB
3u9cA
3u4uA
3rpsB
3rpsA
3r0tA
3qa0B
3qa0A
3q9zB
3q9zA
3q9yA
3q9xB
3q9xA
3q9wA
3q04A
3pe2A
3pe1A
3owlA
3owkA
3owjA
3nszA
3ngaB
3ngaA
3mb7A
3mb6A
3h30B
3h30A
3fwqB
3fwqA
3c13A
3bqcA
3axwA
3at4A
3at3A
3at2A
2zjwA
2r7iD
2r7iC
2r7iB
2r7iA
2pvrA
1pjkA
1jwhB
1jwhA
3amyA
6gmdB
6gmdA
6eiiB
6eiiA
5ouuB
5ouuA
5oumB
5oumA
5oueB
5oueA
5otpA
5otoB
5otoA
5otlB
5othB
5othA
5otdB
5otdA
5ot6B
5ot6A
5ot5B
5ot5A
5os7B
5os7A
5orkB
5orkA
5orjB
5orjA
5orhB
5orhA
5oquB
5oquA
5mpjB
5mpjA
5mp8B
5mp8A
5mowB
5moeB
5moeA
5modB
5modA
5mo8B
5mo8A
5mo7B
5mo7A
5mo6B
5mo6A
5mo5B
5mo5A
5mmrB
5mmrA
5mmfB
5mmfA
5cx9B
5cx9A
5cvhB
5cvhA
5cvgA
5cu3B
5cu3A
5cu2B
5cu2A
5cu0B
5cu0A
5ctpB
5ctpA
5ct0B
5ct0A
5cshB
5cshA
5cs6A
5clpB
4md9P
4md9M
4md9L
4md9K
4md9H
4md9G
4md9F
4md9E
4md8H
4md8G
4md8F
4md8E
4dglD
4dglC
3w8lB
3w8lA
5otpB
5otlA
5cs6B
5clpA
5mowA
5cvfA
3u87B
3u87A
3juhB
3juhA
1na7A
6ehuB
6ehuA
6ehkA
5oyfA
5oulA
5otzA
5otyA
5otsA
5otrA
5otqA
5otiA
5oszA
5osuA
5osrA
5ospA
5oslA
5os8A
5motA
5cu6A
5cu4A
5csvA
5cspA
6gihA
5movA
5mohA
3ofmA
5y9mB
5y9mA
5ooiB
5yf9B
5yf9A
3e3bA
5m56A
5m4uA
5ooiA
5m56B
