1p60A
3ipxA
2a7qA
1p62A
1p61A
1p5zA
2qroD
2qroC
2qroB
2qroA
2qrnD
2qrnC
2qrnB
2qrnA
3ipyB
3ipyA
2a30C
2a30A
1p60B
2a2zC
2a2zA
2a30D
2a2zD
2a2zB
2a30B
5mqtD
5mqlD
5mqlA
5mqjA
5mqtC
5mqtB
5mqtA
5mqjD
5mqjC
2zi9A
2noaA
2no9A
2no7A
2no6A
2no0A
5mqlC
5mqlB
5mqjB
3kfxB
2zi3A
2no1A
3hp1A
3mjrD
2zi5A
3mjrA
3kfxA
2zi6D
2zi6A
2zi5D
2zi9B
2zi7B
2zi4A
2no9B
2no1B
2no0B
3mjrB
2ziaB
2zi6B
3qenA
2zi5B
2no6B
4jlnB
4jlmB
4jlmA
4jlkB
4jljB
3qenB
3qejB
3qejA
3mjrC
2zi3B
2noaB
2no7B
4q1fB
4q1fA
4q1eB
4q1eA
4q1dA
4q1aB
4q18B
4l5bA
4jlnA
4jljA
2ziaA
4q1cB
4q1cA
4q1bA
4q1aA
4q19B
4q18A
4l5bB
4kcgB
4kcgA
4jlkA
2zi7A
2zi5C
4q1dB
4q1bB
4q19A
2zi6C
3qeoB
3qeoA
