5va7D
5va7A
5va0D
5va0A
5emqD
5emqC
5empB
5empA
5emcC
5emcB
5e6dD
5e6dC
5e6cB
5e6cA
5e6bD
5e6bA
5e6aD
5e6aA
5e69D
5e69A
4hn5D
4hn5A
2gdaA
1rgdA
1gdcA
3bqdA
1m2zC
1m2zA
4udcA
4lsjA
3k23E
3k23C
3k23A
3k22A
3e7cC
3e7cA
3cldC
3cldA
1p93G
1p93E
1p93C
1p93A
1nhzA
5uc3B
5uc3A
6el6A
5nfpA
5g5wA
5g3jA
4uddA
4csjA
3k22C
5cc1E
5cc1A
3g8xB
5cc1F
5cc1B
3g8uB
6el9A
6el7A
5nftA
3h52B
3h52D
3h52C
5cbyA
3g9mB
3g8xA
3g6qB
4p6xK
4p6xI
4p6xE
4p6xC
3g99B
3g97B
1r4rC
5cbyB
4p6xG
4p6xA
4p6wA
4mddA
4hn6D
4hn6A
3h52A
3g97A
3g6tB
4mddB
3g9iB
3g6pD
3g9mA
3g9jD
3g9iA
3g99A
3g8uA
3g6tA
3g6rD
3g6uB
3g6uA
3fylB
3g9pB
3g9pA
3g9oB
3g9oA
5cbxF
5cbxE
5cbxB
3g9jC
3g6rC
3g6qA
3g6pC
3fylA
5cbxA
3mneA
3mnoA
3mnpA
1r4oD
1r4oC
1gluD
1gluC
1r4rD
5cbzE
5cbzF
5cbzB
5cbzA
4ov7B
4oorB
5uc1B
5uc1A
4ov7C
4oorC
4ov7D
4oorD
5cc0A
4ov7A
4oorA
5cc0D
4tntB
4tntA
4ondD
4ondC
4ondB
4ondA
2c7aA
1latC
2c7aB
1latD
