3q6fL
3q6fJ
3q6fH
3q6fF
3q6fD
3q6fB
3piqA
3piqK
3piqI
3piqG
3piqE
3piqC
4qf1C
4qf1A
6azmD
6azmB
3gizB
3kdmD
3kdmB
5i1dD
5i1dB
5i1cB
5i1aD
5i1aB
5i19B
5hi5E
5hi5C
5hi4E
5hi4C
5hi3E
5hi3C
5hhxC
4y5xJ
4y5xG
4y5xD
4y5xA
4uu9E
4uu9A
3zhkB
3zhkA
2vxsH
2vxsG
2vxsF
2vxsE
1w72H
1w72G
4odhB
3f12B
3upcJ
3upcI
3upcH
3upcG
3upcF
3upcE
3upcD
3upcC
3upcB
3upcA
6foeC
6foeA
5truB
5ihzG
5ihzC
5ig7J
5ig7G
5ig7D
5ig7A
5ifjJ
5ifjG
5ifjD
5ifjA
5dr5A
4od2B
3gjfJ
3gjfI
3gjeD
3gjeB
3f12D
3eyqB
1dfbB
4hpyA
3eotA
5xj3J
5xj3G
5xj3D
5xj3A
5vzyA
5truD
5occB
5fv2C
5fv2B
5fv2A
5fgbD
5fgbC
5bk5E
4qciE
4qciB
4ogyC
4ogxB
4nylH
4nylF
4nylD
4nylB
4fqlA
3ztnC
3ztjK
3ztjI
3ztjG
3zhlA
3so3C
3skjD
3skjB
3kr3B
3d69D
3d69B
2vyrL
2vyrK
2vyrJ
2vyrI
2vyrH
2vyrG
2vyrF
2vyrE
1nl0B
1hezD
1hezB
1deeF
1deeD
1deeB
5f6iA
5bk5F
5bk5A
4tsbB
4p59B
1mhpE
1mhpB
1aqkB
6d01E
6d01C
6b0aA
6ao0B
6ammB
6amjC
5zxvE
5zxvC
5vzxC
5vzxA
5vyfB
5odbA
5njdX
5njdV
5njdT
5njdR
5njdP
5njdN
5n2kO
5n2kN
5n2kL
5n2kH
5n2kF
5n2kD
5n2kB
5gznE
5gznB
5ggvB
5gguC
5gguA
5d71B
5d70B
5cusH
5cusG
3zhdB
3zhdA
3wd5C
3hi6E
3hi6C
2ghwD
2ghwB
1adqC
6bqbB
5wi9F
5wi9D
5vyfE
5tpnB
5n2kJ
5kg9A
5cszA
4zypJ
4zypH
4zypF
4zykC
4zykA
4u3xA
4ttdE
4tscB
4tsaB
4ravD
4pgjA
3hi5A
2v7nH
2v7nF
2v7nB
2b2xE
2b2xB
6anpD
6anpC
4ttdC
6amjD
5hhvC
6g8rA
6d0xA
6d01G
6d01A
5xxyA
5x8lO
5x8lL
5x8lI
5x8lF
5x8lC
5whkA
5whjA
5f6jF
5f6jD
5f6hH
5f6hG
5f6hF
5f6hB
5f3hG
5f3hE
5f3hC
5dmjF
5dmjB
5d7sB
5d72E
5d72C
5cusI
5cusE
5c7xE
5c7xC
5bo1D
5bo1C
4v1dD
4ravB
4r90B
4qhuD
4qhuB
4oqtC
4o9hB
3kymP
3kymN
3kymL
3kymJ
3kymH
3kymF
3kymD
3kymB
3kykA
3idyE
3idyB
3idxB
3bn9F
3bn9C
2v7nD
2fjgF
2fjgD
2fjfX
2fjfV
2fjfT
2fjfR
2fjfP
2fjfN
2fjfL
2fjfJ
2fjfH
2fjfF
2fjfD
2fjfB
1vhpA
1t2jA
5i1hB
5i1gB
5i1eB
5gs1R
5gs1P
5gs1N
5gs1L
5gs1K
5gs1J
5gs1I
5gs1H
5gs1G
5gs1F
5gs1E
5gs1D
5gs1C
5gs1B
5grwB
5grwA
5grvA
5dt1A
5cszC
5bvpA
5bvjH
5bvjF
5bvjD
5bvjB
4orgH
4orgF
4orgD
4orgB
4od1A
4hijD
4hijB
1dqlB
5f3hA
5ihlH
5ihlF
5ihlB
5dmjD
6cyfL
6cyfI
6cyfF
5yy5C
5xj4B
5x8mB
5wymB
5wymA
5w4lI
5w4lC
5vebC
5vebA
5v2aD
5grjA
4nkiA
4hiiD
4hiiB
4hihD
4hihB
4hieB
4h8wB
3tnnG
3tnnE
3tnnC
3tnnA
3r1gB
3nh7J
3nh7G
3nh7D
3nh7A
2qqnB
1ohqB
1ohqA
6cyfC
6blhB
5gryB
5gryA
5grxB
5grxA
4xxdE
4xxdB
4xx1E
4xwgB
4gxvC
4gxvA
4gxuQ
4gxuM
5ihlD
