1u3wB
1u3wA
1ht0B
1ht0A
3hudB
3hudA
1u3vB
1u3vA
1u3uB
1u3uA
1hszB
1hszA
1hdxB
1hdxA
1dehB
1dehA
1htbB
1htbA
1hdzB
1hdzA
1hdyB
1hdyA
1u3tB
1u3tA
1hsoB
1hsoA
8adhA
7adhA
6adhB
6adhA
5vn1D
5vn1C
5vn1B
5vn1A
5vl0D
5vl0C
5vl0B
5vl0A
5vkrA
5vjgA
5vj5B
5vj5A
5adhA
4xd2B
4xd2A
4dxhB
4dxhA
4dwvB
4dwvA
3btoD
3btoC
3btoB
3btoA
2oxiB
2oxiA
2ohxB
2ohxA
2jhgB
2jhgA
2jhfB
2jhfA
1ye3A
1p1rD
1p1rC
1p1rB
1p1rA
1n92B
1n92A
1mg0D
1mg0C
1mg0B
1mg0A
1ldyD
1ldyC
1ldyB
1ldyA
1ldeD
1ldeC
1ldeB
1ldeA
1hldB
1hldA
1hf3B
1hf3A
1heuB
1heuA
1hetB
1hetA
1btoD
1btoC
1btoB
1btoA
1adgA
1adfA
1adcB
1adcA
1adbB
1adbA
6cy3A
6cxxB
6cxxA
5kjfB
5kjfA
5kjeB
5kjeA
5kjcB
5kjcA
5kj6B
5kj6A
5kj1B
5kj1A
5kczB
5kczA
5kcpB
5kcpA
5cduB
5cduA
5cdtB
5cdtA
5cdsB
5cdsA
5cdgB
5cdgA
4ng5B
4ng5A
4nfsB
4nfsA
4nfhB
4nfhA
3oq6B
3oq6A
1n8kB
1n8kA
1mgoB
1mgoA
1ju9B
1ju9A
1axgD
1axgC
1axgB
1axgA
1axeB
1axeA
1ee2B
1ee2A
1qv7B
1qv7A
1qv6B
1qv6A
1qljA
1qlhA
1a72A
1a71B
1a71A
