4jqxA
3kpoA
3kpnA
3dx7A
1sysA
1n2rA
3l3kA
3l3jA
3l3iA
3l3gA
3l3dA
3kpmA
3kplA
3dx6A
1m6oA
3kpsA
3kprF
3kprA
3kpqA
3kppA
3dxaK
3dxaF
3dxaA
3dx8A
1syvA
1a1oA
1a1mA
3w39D
3w39A
4qrrA
4prpA
4prnA
4praA
4pr5A
4lnrA
3mv9A
3mv8A
3mv7A
3lksA
3lkrA
3lkqA
3lkpA
3lkoA
3lknA
2nx5P
2nx5K
2nx5F
2nx5A
2h6pA
2fyyA
2cikA
2axgA
1zsdA
1zhkA
1xh3A
6bj8A
6bj3A
6bj2C
5xotA
5xosA
4priA
4preA
4prdA
4prbA
4mjiA
4jryA
4jrxA
3vfwA
3vfvA
3vfuA
3vftA
3vfsA
3vfrA
3bwaA
3bw9A
2nw3A
2fz3A
2axfA
2ak4P
2ak4K
2ak4F
2ak4A
1zhlA
1e27A
1a1nA
6bxqB
5v5mC
5txsA
5t6yA
5iekA
4mjiF
3wuwA
3vfpA
3vfoA
3vfnA
3vfmA
3ln4A
3c9nA
2ypkA
1xr9A
1xr8A
1e28A
5u98D
5u98A
3x12A
3vrjA
3vriA
3uprE
3uprA
6bxpA
5v5lA
5t70A
5t6zA
5t6xA
5t6wA
5iehA
5ib4A
5ib3A
5ib2A
5ib1A
5b39A
5b38A
4g9fA
4g9dA
4g8iA
4g8gA
3vh8E
3vh8A
3lv3A
3ln5A
3dtxA
3bp4A
3b6sA
2yplA
2rfxA
2hjlA
2hjkA
2bvpA
2bstA
2a83A
1w0vA
1uxsA
1ogtA
1jgeA
1hsaD
1hsaA
4prhA
5v5mA
5ib5D
5ib5A
3x11A
3kxfP
3kxfI
3kxfC
3kxfA
3kwwA
3hcvA
3d18A
3czfA
3bp7A
3b3iA
2bvqA
2bvoA
2bssA
2bsrA
1w0wA
1uxwA
1of2A
1k5nA
1jgdA
1a9eA
1a9bD
1a9bA
5v5lC
5indC
5indA
5incC
5incA
5im7C
5im7A
1cg9A
5vz5A
4xxcA
4jqvA
5degA
5defA
4o2fD
4o2fA
4o2eD
4o2eA
4o2cA
3bxnA
3x14A
4lcyD
4lcyA
4qrqA
5wmrA
5wmqA
4qruA
4qrtA
4qrsA
4qrpF
4qrpA
3x13A
3spvA
3skmA
3ffcF
1agfA
1ageA
1agdA
1agcA
1agbA
3skoA
3bvnD
3bvnA
1efxA
1m05C
1m05A
3sjvP
3sjvK
3sjvF
3sjvA
3ffcA
1mi5A
6avgD
5wmpA
5wmoA
5wmnC
5wmnA
