6e2qB
6e2pB
6e2pA
5wevA
5usyB
5usyA
5cf8B
5cf8A
5cf6A
5cf5A
5cf4B
5cf4A
5aepA
4zimA
4z32H
4z32G
4z32F
4z32E
4z32D
4z32C
4z32B
4z32A
4ytiA
4ythA
4ytfA
4ytcA
4jiaA
4ji9B
4ji9A
4ivaA
4hgeB
4hgeA
4gmyA
4gfmA
4f09A
4f08B
4f08A
4e4mD
4e4mC
4e4mB
4e4mA
4d1sA
4d0xA
4d0wA
4aqcB
4aqcA
3ugcA
3tjdB
3tjdA
3tjcB
3tjcA
3rvgA
3q32A
3lpbA
3kckA
3jy9A
3iokA
3io7A
3e64A
3e63A
3e62A
6e2qC
6e2qA
6drwA
5hezD
5hezC
5hezB
5hezA
5cf6B
5cf5B
4bbfD
4bbfC
4bbfB
4bbfA
4bbeD
4bbeC
4bbeB
4bbeA
3q32B
3krrA
3fupB
2b7aB
4p7eB
4p7eA
3lpbB
3fupA
2w1iB
2w1iA
2b7aA
6e2qD
6bbvA
6aajB
6aajA
5tq8A
5tq6B
5tq6A
5tq5A
5tq4A
5l3aA
4zimB
2xa4B
2xa4A
4e6qB
4e6qA
4e6dB
4e6dA
6m9hA
6bssA
6bs0A
6brwA
5winA
5wimA
5wilA
5wikA
5wijA
5ut6A
5ut5A
5ut4A
5ut3A
5ut2A
5ut1A
5ut0A
5uszA
5tq7A
5tq3B
4fvrA
4fvqA
4fvpA
4c62B
4c62A
4c61B
4c61A
3zmmB
3zmmA
5tq3A
5tq7B
5i4nA
4gl9I
4gl9D
4gl9A
4gl9B
