5zcqU
5zcqH
5zcpU
5zcpH
5zcoU
5zcoH
5z86U
5z86H
5z85U
5z85H
5z84U
5z84H
5xdxU
5xdxH
5xdqU
5xdqH
5x1fU
5x1fH
5x1bU
5x1bH
5x19U
5x19H
5wauU
5wauH
5w97U
5w97H
5iy5U
5iy5H
5b3sU
5b3sH
5b1bU
5b1bH
5b1aU
5b1aH
3x2qU
3x2qH
3wg7U
3wg7H
3asoU
3asoH
3asnU
3asnH
3ag4U
3ag4H
3ag3U
3ag3H
3ag2U
3ag2H
3ag1U
3ag1H
3abkU
3abkH
2occU
2occH
2einU
2einH
2eimU
2eimH
2eilU
2eilH
2eikU
2eikH
2eijU
2eijH
2dysU
2dysH
2dyrU
2dyrH
1v55U
1v55H
1v54U
1v54H
1ocrU
1ocrH
3abmU
3abmH
3ablU
3ablH
2zxwU
2zxwH
2y69U
2y69H
1oczU
1oczH
1ocoU
1ocoH
1occU
1occH
