5u2bC
5tn3B
5kr9A
5kcfA
5dzhA
5dueB
1g50B
5tn4B
5tluB
5tltB
5eitA
5e14B
5dxkB
5drjB
5dkgB
5dkeB
5digB
5didB
5di7B
4zn9B
4zn9A
4mg8B
4iwcB
4dmaA
2yjaB
2qgwB
2qabB
5krmB
5kraF
5e15B
5dz3B
5dz3A
5duhB
5du5B
4znsB
4tuzB
4pxmA
4iu7B
3uudA
2qzoB
2qa8B
2qa6A
2q6jA
1zkyB
1zkyA
5tmwC
5tlyA
5krfB
5kraB
5kccB
5ei1B
4mgdA
4mgcA
4mgaA
3uu7A
2qr9A
2p15A
1gwrA
6cbzA
5u2bA
5dz0B
5dy8B
5dweB
4mg7A
1qkuA
5u2dB
5tmwA
5tmsB
5tmqB
5tmlA
5tm3B
5tltA
5kctA
5kceA
5dz1A
5dwjB
5digA
4ivwA
4dmaB
3q95B
2qzoA
2qxmA
2qseA
5tn5A
5tn1B
5tn1A
5tmzC
5tmzA
5tmvB
5tmvA
5tmuC
5tmtB
5tmrA
5tmoA
5tm7A
5tm6B
5tlvA
5krfA
5dziA
5dz0A
5dy8A
5dxrA
5dlrA
5dkgA
4mgdB
4mg6B
4mg5B
4iw8D
4iw6A
4iu7A
3hlvB
1qkuC
1qkuB
1g50C
1g50A
5u2dA
5tn5B
5tn4A
5tmuA
5tmsA
5tmqA
5tmoB
5tmlB
5tm8A
5tm7B
5tm6A
5tm5B
5tm5A
5tlyB
5tlxB
5tlxA
5tlvB
5tloB
5tllB
5tllA
5tldB
5t1zA
5krmA
5krcA
5kr9B
5kd9B
5kd9A
5kcwA
5kcuB
5kceB
5kcdA
5kccA
5jmmB
5eitB
5e1cB
5e1cA
5e19B
5e19A
5e0xA
5e0wA
5dziB
5dz1B
5dxqB
5dxmB
5dxmA
5dxkA
5dugB
5dugA
5dueA
5dtvC
5drmA
5drjA
5dmfB
5dl4B
5dkbB
5dkbA
5dk9B
5dk9A
5didA
5di7A
4znwB
4znwA
4znvB
4znvA
4znuA
4zntB
4znhA
4zn7A
4tuzA
4ppsA
4pp6A
4mgbB
4mgaB
4mg9A
4mg7B
4mg5A
4ivwC
4iv2A
3uudB
3uuaA
3uu7B
3q95A
3l03B
3hm1B
3ertA
3erdA
3dt3B
2qxmB
2qseB
2qr9B
2qh6A
2qgtB
2qgtA
2qa6B
2q6jB
2p15B
2ouzA
2jf9C
2jf9A
2g5oB
2g5oA
2faiB
2bj4B
1x7eB
1x7eA
1l2iB
1l2iA
1gwqA
1a52B
1a52A
5wgdA
5tn8B
5tmtA
5tm9B
5tm8B
5tm3A
5tm2B
5tlmA
5tlfB
5tldA
5krjA
5kriB
5krhB
5krhA
5kcwB
5hyrA
5ei1A
5e14A
5e0wB
5dybA
5dxpB
5dxbA
5dx3A
5dwjA
5dwiB
5dwiA
5dweA
5dvsA
5dtvA
5dlrB
5dieB
4q13A
4mgcB
4mgbA
4mg8A
4iw8A
4iw6C
4ivyA
4iv2B
3hlvA
2qxsA
2ocfA
2jfaB
2g44B
2g44A
2b23B
2b1zB
2b1zA
2b1vB
1yinA
1yimA
1xpcA
1xp9A
1xp6A
1xp1A
1sj0A
1gwrB
1gwqB
1errA
5wgqB
5u2bE
5u2bB
5tn8A
5tn6B
5tmmB
5tm1B
5tluA
5tlmB
5tlgA
5kroB
5kroA
5krlB
5krkA
5kraE
5kcuA
5kctB
5ehjB
5ehjA
5egvB
5egvA
5e0xB
5dzhB
5dybB
5dxgA
5dxeA
5du5A
5drmB
5dp0A
5dmcB
5dksB
5dksA
4znuC
4zntA
4znsA
4znhB
4tv1B
4pppB
4pp6B
4mg9B
4iwfB
4ivyC
4iv4A
3uucD
3uucC
3uucB
3uuaB
2qh6B
2jfaA
2iokB
2iogA
2bj4A
1r5kC
1r5kB
1r5kA
5wgqA
5tm4B
5tlpB
5kcfB
5dydB
5dydA
5dxqA
5dp0B
4q50F
4q13B
4pppA
2b23A
1ereF
1ereE
1ereD
1ereC
1ereB
1ereA
5u2bF
5u2bD
5tn3A
5tmmA
5tm1A
5tloA
5kraA
5hyrB
5gtrA
5gs4A
5dxpA
5dxbB
5dwgA
5dmcA
4pxmB
4mg6A
3uucA
3dt3A
2iokA
5tn7B
5tn7A
5tn6A
5tmrC
5tm9A
5tm4A
5tlgB
5tlfA
5krlA
5krcB
5jmmA
5dxrB
5dvsB
5duhA
5dmfA
5dieA
4zn7B
4ppsB
4iwfA
4iwcA
3l03A
3erdB
2r6wA
2qxsB
2qgwA
2qabA
5wgdB
5tm2A
5tlpA
5t1zB
5krjB
5kriA
5dxgB
5dxeB
5dl4A
5dkeA
4xi3C
4xi3B
4tv1A
4q50H
4q50G
4q50E
3osaB
3osaA
3os9A
3os8B
3os8A
2faiA
2b1vA
1errB
5dwgB
4q50C
4iuiA
3hm1A
4iv4B
3os9B
2q70A
5tnbC
2qa8A
6c42B
5tnbD
5tn9A
5krkB
4xi3D
4xi3A
3os8D
3os8C
2r6yA
2jf9B
1x7rA
1qktA
1pcgB
6chzA
6chwA
5tnbA
5tn9C
5dx3B
4q50D
2i0jC
2i0jA
2ayrA
1pcgA
5fqpA
1uomA
5w9dB
5w9dA
5w9cC
5ufwB
5ufwA
3osaD
3osaC
5w9cB
5fqvA
5fqtA
5fqsA
5fqrA
5accA
5w9cD
5ufxA
2qe4A
6c42A
5ak2B
2i0jB
6cbzB
5aauB
2r6wB
2pogA
2i0jD
2qe4B
2q70B
2pogB
5ufxB
2r6yB
1xqcD
1xqcC
1xqcB
1xqcA
5kcdB
5w9cA
5tnbB
5aavB
5aavA
5ak2A
5aauA
