6at9A
4nqxK
4nqxI
4nqxG
4nqxE
4nqxC
4nqxA
4nqvK
4nqvI
4nqvG
4nqvE
4nqvC
4nqvA
3bo8A
1w72D
1w72A
5bs0A
5brzA
5wkhF
5wkhA
5wkfF
5wkfA
5wjnG
5wjnD
5wjnA
5wjlG
5wjlD
5wjlA
5gsdA
5grgA
5grdA
4uq2C
4uq2A
4n8vF
4n8vC
4mj6A
4mj5A
2hn7A
1x7qA
1qvoD
1qvoA
1q94D
1q94A
6enyD
3rl2A
3rl1A
2xpgA
5xovD
5xovA
5wxdA
5wxcC
5wxcA
5wwuA
5wwjC
5wwjA
5wwiA
5hghA
5hgdD
5hgdA
5hgbJ
5hgbG
5hgbD
5hgbA
5hgaD
5hgaA
4wu7D
4wu7A
4wu5D
4wu5A
4f7tD
4f7tA
4f7pA
4f7mD
4f7mA
3wlbA
3wl9A
3vxuF
3vxuA
3vxsA
3vxrA
3vxpD
3vxpA
3vxoC
3vxoA
3vxnA
3vxmA
3qzwD
3qzwA
3nfnA
3i6lA
6ei2A
4hwzA
3w0wA
2hlaA
1hsbA
3rewD
3rewA
6am5A
5tezB
5iszA
5euoC
5e00A
5c0bF
5c0bA
4wuuA
4wj5D
4wj5A
4uq3C
4uq3A
4no5A
4l3eA
4k7fD
4jfqA
4jfoD
4jfoA
4ftvA
4e5xD
4e5xA
3v5kD
3v5kA
3v5hD
3v5hA
3v5dD
3v5dA
3uttF
3uttA
3to2A
3qfjA
3qfdD
3qfdA
3qeqA
3qdmA
3qdjA
3qdgA
3pwpA
3pwnD
3pwnA
3pwlD
3pwlA
3pwjD
3pwjA
3o3eD
3o3eA
3o3dD
3o3dA
3o3bD
3o3bA
3o3aD
3o3aA
3myjD
3myjA
3mgtJ
3mgtG
3mgtD
3mgtA
3mgoJ
3mgoG
3mgoD
3mgoA
3klaD
3klaA
3ixaD
3ixaA
3i6gD
3i6gA
3hpjD
3hpjA
3h9sA
3h9hD
3h9hA
3h7bD
3h7bA
3givD
3givA
3fqxA
3fqwA
3fquA
3fqtA
3fqrA
3fqnA
3d3vA
3d39A
3bh9A
2x70D
2x70A
2x4uD
2x4uA
2x4tD
2x4tA
2x4sD
2x4sA
2x4rD
2x4rA
2x4qD
2x4qA
2x4pD
2x4pA
2x4oD
2x4oA
2x4nD
2x4nA
2uweF
2uweA
2jccF
2jccA
2j8uF
2j8uA
2guoD
2guoA
2gtzD
2gtzA
2gtwD
2gtwA
2gt9D
2gt9A
2gj6A
2gitD
2gitA
2f53A
2clrD
2clrA
2c7uD
2c7uA
2av7D
2av7A
1tvhD
1tvhA
1tvbD
1tvbA
1t22A
1t21A
1t20A
1t1zA
1t1yA
1t1xA
1t1wA
1s8dA
1qr1D
1qr1A
1qewA
1lp9F
1lp9A
1im3M
1im3I
1im3E
1im3A
1i7uD
1i7uA
1i7tD
1i7tA
1i7rD
1i7rA
1i4fA
1i1yD
1i1yA
1i1fD
1i1fA
1hhkD
1hhkA
1hhjD
1hhjA
1hhiD
1hhiA
1hhhA
1hhgD
1hhgA
1eezD
1eezA
1eeyD
1eeyA
1duzD
1duzA
1duyD
1duyA
1bd2A
1b0gD
1b0gA
6amtD
6amtA
5fdwA
5fa4A
5fa3A
5f9jA
5f7dA
5euoA
5eotA
5enwA
5ddhA
5d9sA
5d2nG
5d2nC
5d2lP
5d2lK
5d2lA
4u6yA
4u6xA
4no3A
4no2A
4nnyA
4nnxA
4k7fA
3i6kD
3i6kA
3d25A
3bhbA
3bh8A
3bgmA
2f54F
2f54A
1s9yA
1s9xA
1s9wA
1qseA
1qrnA
1jhtA
1jf1A
1ao7A
5e9dF
3hlaA
5wshA
5swqA
5nqkA
5nmkA
5nmhA
5nmgF
5nmgA
5nmfF
5nmfA
5nmeF
5nmeA
5nhtA
5n6bD
5n6bA
5merD
5merA
5meqA
5mepD
5mepA
5meoA
5menA
5jhdF
5jhdA
5hyjF
5hyjA
5hhqA
5hhpA
5hhoA
5hhnA
5eu6A
5eu5A
5eu4D
5eu4A
5eu3A
5c0gA
5c0dA
5c0cA
5c0aF
5c0aA
5c09F
5c09A
5c08F
5c08A
5c07A
4qokA
4no0A
4mnqA
4l3cY
4l3cV
4l3cS
4l3cP
4l3cM
4l3cJ
4l3cG
4l3cD
4l3cA
4l29Y
4l29V
4l29S
4l29P
4l29M
4l29J
4l29G
4l29D
4l29A
4jfqD
4jfpD
4jfpA
4jffA
4jfeA
4jfdA
4i4wA
4i48A
4hx1A
4gksD
4gksA
4gknD
4gknA
3utsF
3utsA
3utqA
3oxsA
3oxrA
3ox8D
3ox8A
3o4lA
3mrrA
3mrqA
3mrpA
3mroA
3mrnA
3mrmA
3mrlA
3mrkA
3mrjA
3mriA
3mrhA
3mrgA
3mrfA
3mreA
3mrdA
3mrcA
3mrbA
3mr9A
3hg1A
3haeG
3haeE
3haeC
3haeA
3gsxA
3gswA
3gsvA
3gsuA
3gsrA
3gsqA
3gsoA
3gsnA
3gjfD
3gjfA
3ft4A
3ft3A
3ft2A
2vlrF
2vlrA
2vllD
2vllA
2vlkA
2vljA
2v2xD
2v2xA
2v2wD
2v2wA
2pyeA
2p5wA
2p5eA
2bnrA
2bnqA
2av1D
2av1A
1qsfA
1p7qA
1ogaA
1akjA
5n1yA
5c0jA
5c0iA
5c0fA
5c0eA
5c0cF
5c07F
2bckD
2bckA
3x11A
3wuwA
6bxpA
5t70A
5t6zA
5t6xA
5t6wA
5b39A
5b38A
3vh8E
3vh8A
2rfxA
6bxqB
6avgH
6at5A
5v5mC
5t6yA
5eo1A
5eo0A
4u1mA
3jttG
3jttD
3jttA
3jtsG
3jtsD
3jtsA
4u1jA
6apnB
6apnA
