4aacA
1wbwA
1wbvA
1wbtA
1wbsA
1wbnA
1w84A
1w83A
1w82A
1w7hA
4aa4A
3od6A
3itzA
5xyyA
1ouyA
5etcA
4ewqA
3hp2A
3gfeA
3e93A
3dt1A
2lgcA
1yqjA
5mz3A
5larA
4loqB
4lopD
4lopB
4lopA
3u8wA
3s3iA
3rinA
3nnwA
3ds6D
3ds6C
2zb0A
2yixA
2okrC
1zzlA
1wboA
1oukA
1m7qA
1di9A
1bl7A
1bl6A
1a9uA
4looA
3queA
3odzA
3nnvA
3nnuA
3mptA
3kq7A
3fmhA
3flzA
3flyA
3e92A
3d83A
3d7zA
5etiA
3zyaA
3iphA
3fmmA
3fmkA
3flwA
3flqA
3fknA
2zb1A
2zazA
1r39A
4zthA
4loqA
4fa2A
4f9yA
3qudA
3nwwA
3mvlB
3mvlA
3hrbA
3fmjA
3flsA
3fklA
3ds6B
3ds6A
2gfsA
1oz1A
5xyxA
5uojA
4loqD
4kinB
3uvrA
3mw1A
3lhjA
3ha8A
3gc7A
3fskA
3fmnA
3fmlA
2i0hA
2balA
1wfcA
1r3cA
1oveA
1lezA
1bmkA
5etaA
4l8mA
4aa5A
4a9yA
3hv5B
3hv5A
3hv4A
3gcuA
3gcqA
3fsfA
3fl4A
3fc1A
2ozaB
2onlC
2okrA
2bakA
1yw2A
5n66A
5mtxA
4kiqD
4kiqC
4kiqB
4kiqA
4kipB
4kinC
4kinA
3uvqA
3py3A
3lfaA
3hv4B
3c5uA
3bx5A
3bv3A
3bv2A
2y8oA
2onlA
5nzzE
5etfA
4kipA
4kinD
4f9wA
4ehvA
4eh3A
3zsiA
3zsgA
3rocA
3pg3A
3ocgA
3nnxA
3kf7A
3iw6A
3hucA
3hllA
3hl7A
3gcuB
3flnA
3fkoA
2fslA
1zz2A
5nzzG
5nzzF
5etaC
4tyhB
4r3cA
4eh8A
4eh7A
4eh4A
4eh2A
4dljA
3zs5A
3uvpA
3mvmA
3iw5A
3hv3A
2rg6A
2rg5A
2gtmA
2bajA
5tbeA
5o90A
5n67A
5n65A
5ml5A
4ka3A
4eh9A
4eh6A
4dliA
3mvmB
3lfeA
3lfbA
3l8sA
3k3iA
3hegA
3fi4A
2fsmA
1ywrA
1lewA
5n63A
4lopC
4e6cA
4e5aA
3zshA
3p4kA
3oefA
3o8pA
3mh1A
3lfdA
3hv7A
3hv6A
3hp5A
3gcvA
2yiwA
2yisA
2qd9A
2gtnA
2fstA
2fsoA
1zyjA
1kv1A
5n68A
4loqC
4aa0A
3mgyA
3lffA
3k3jA
3iw7A
3hubA
3hecA
2ghmA
5n64A
5mtyA
4eh5A
4e8aA
3tg1A
3newA
3mh3A
3iw8A
3hvcA
2npqA
2ghlA
2ewaA
6anlA
5o8uA
4e6aA
4e5bA
3s4qA
3p7cA
3p7bA
3p7aA
3p79A
3p78A
3p5kA
3objA
3obgA
3o8uA
3o8tA
3mpaA
3mh0A
3lfcA
3l8xA
3gcsA
3gcpA
1kv2A
5tcoA
3oc1A
3mh2A
3gi3A
2baqA
5wjjA
5o8vA
3ctqA
2puuA
5nzzH
4geoA
3odyA
