5w6aC
5w6aA
5w69G
5w69E
5w69C
5w69A
5w67A
5xs3A
5vgdA
1qqdA
1im9E
1im9A
4nt6A
5vgeA
1efxA
4lcyD
4lcyA
6avgD
6avgH
6at5A
5eo1A
5eo0A
3vclA
3bxnA
6avfE
5wmpA
5wmoA
5wmnC
5wmnA
3bvnD
3bvnA
5txsA
4u1mA
4u1kD
4u1kA
4u1hA
3c9nA
1xr9A
1xr8A
4o2fD
4o2fA
4o2eD
4o2eA
4o2cA
3skoA
3skmA
5vz5A
4u1nA
4u1jA
4qrqA
5wmrA
5wmqA
4qruA
4qrtA
4qrsA
4qrpF
4qrpA
3x13A
3spvA
3ln5A
3ffcF
1agfA
1ageA
1agdA
1agcA
1agbA
5degA
4xxcA
4qrrA
4prpA
4prnA
4priA
4preA
4prdA
4prbA
4praA
4pr5A
4lnrA
4jryA
4jrxA
4jqvA
3vfwA
3vfvA
3vfuA
3vftA
3vfsA
3vfrA
3sjvP
3sjvK
3sjvF
3sjvA
3mv9A
3mv8A
3mv7A
3lksA
3lkrA
3lkqA
3lkpA
3lkoA
3lknA
3ffcA
3bwaA
3bw9A
2nx5P
2nx5K
2nx5F
2nx5A
2nw3A
2h6pA
2fz3A
2fyyA
2cikA
2axgA
2axfA
2ak4P
2ak4K
2ak4F
2ak4A
1zsdA
1zhlA
1zhkA
1xh3A
1mi5A
1m05C
1m05A
6bj8A
6bj3A
6bj2C
5xotA
5xosA
5ib5D
5ib5A
5ib4A
5ib3A
5ib2A
5ib1A
5defA
4g9fA
4g9dA
4g8iA
4g8gA
3x14A
3vfpA
3vfoA
3vfnA
3vfmA
3lv3A
3hcvA
3dtxA
3czfA
3bp7A
3bp4A
3b6sA
3b3iA
2bstA
2bssA
2bsrA
2a83A
1w0wA
1w0vA
1uxwA
1uxsA
1ogtA
1of2A
1k5nA
1jgeA
1jgdA
1hsaD
1hsaA
1a9eA
1a9bD
1a9bA
1a1nA
3ln4A
1cg9A
5iekA
3kxfP
3kxfI
3kxfC
3kxfA
3kwwA
3d18A
5v5lC
5iehA
4u1lD
4u1lA
3x11A
1a1oA
5wkhF
5wkhA
5wkfF
5wkfA
5wjnG
5wjnD
5wjnA
5wjlG
5wjlD
5wjlA
5gsdA
5grgA
5grdA
4n8vF
4n8vC
4mjiF
4mj6A
4mj5A
2ypkA
2hn7A
5u98D
5u98A
5v5lA
5indC
5indA
5incC
5incA
5im7C
5im7A
4u1sA
4u1iA
3w39D
3w39A
6bxpA
5t70A
5t6zA
5t6xA
5t6wA
5b39A
5b38A
4uq2C
4uq2A
4mjiA
3wuwA
3vh8E
3vh8A
3jttG
3jttD
3jttA
3jtsG
3jtsD
3jtsA
2rfxA
1x7qA
1qvoD
1qvoA
1q94D
1q94A
1e27A
6enyD
3rl2A
3rl1A
2xpgA
2hjlA
2hjkA
1a1mA
6bxqB
5v5mC
5t6yA
1e28A
3x12A
3vrjA
3vriA
3uprE
3uprA
2yplA
2bvpA
4zfzJ
4zfzG
4zfzD
4zfzA
2bvqA
2bvoA
5v5mA
4jqxA
3l3kA
3l3jA
3l3iA
3l3gA
3l3dA
3kpsA
3kprF
3kprA
3kpqA
3kppA
3kpoA
3kpnA
3kpmA
3kplA
3dxaK
3dxaF
3dxaA
3dx8A
3dx7A
3dx6A
1syvA
1sysA
1n2rA
1m6oA
6at9A
5xovD
5xovA
5wxdA
5wxcC
5wxcA
5wwuA
5wwjC
5wwjA
5wwiA
5hghA
5hgdD
5hgdA
5hgbJ
5hgbG
5hgbD
5hgbA
5hgaD
5hgaA
4wu7D
4wu7A
4wu5D
4wu5A
4nqxI
4nqxG
4nqxA
4nqvK
4nqvI
4nqvG
4nqvE
4nqvC
4nqvA
4hwzA
4f7tD
4f7tA
4f7pA
4f7mD
4f7mA
3wlbA
3wl9A
3vxuF
3vxuA
3vxsA
3vxrA
3vxpD
3vxpA
3vxoC
3vxoA
3vxnA
3vxmA
3qzwD
3qzwA
3nfnA
3i6lA
3bo8A
1w72D
1w72A
6ei2A
5bs0A
5brzA
4nqxK
4nqxE
4nqxC
2dypA
4i48A
4hx1A
3kyoC
3kyoA
3w0wA
3rwjA
3rwiA
3rwhD
3rwhA
3rwgA
3rwfA
3rweA
3rwdD
3rwdA
3rwcD
3rwcA
6amtD
6amtA
5fdwA
5f9jA
5euoA
5enwA
5ddhA
5d9sA
4u6yA
4u6xA
4no3A
4no2A
4nnyA
4nnxA
3kynA
3d25A
3bhbA
3bh8A
3bgmA
2f54F
2f54A
1s9yA
1s9xA
1s9wA
1qseA
1qrnA
1ao7A
6am5A
5tezB
5iszA
5euoC
5e00A
5c0bF
5c0bA
4wuuA
4wj5D
4wj5A
4uq3C
4uq3A
4no5A
4l3eA
4k7fD
4jfqA
4jfoD
4jfoA
4ftvA
4e5xD
4e5xA
3v5kD
3v5kA
3v5hD
3v5hA
3v5dD
3v5dA
3uttF
3uttA
3to2A
3qfjA
3qfdD
3qfdA
3qeqA
3qdmA
3qdjA
3qdgA
3pwpA
3pwnD
3pwnA
3pwlD
3pwlA
3pwjD
3pwjA
3o3eD
3o3eA
3o3dD
3o3dA
3o3bD
3o3bA
3o3aD
3o3aA
3myjD
3myjA
3mgtJ
3mgtG
3mgtD
3mgtA
3mgoJ
3mgoG
3mgoD
3mgoA
3klaD
3klaA
3i6gD
3i6gA
3hpjD
3hpjA
3h9sA
3h7bD
3h7bA
3givD
3givA
3fqxA
3fqwA
1ydpA
4zuvD
4zuvA
4zuuA
4zutA
4zusA
5jhdF
5jhdA
4zuwA
2bckD
2bckA
6gl1E
6gl1A
6gh4G
6gh4C
6gh4A
6gh1J
6gh1G
6gh1D
6gh1A
6ggmA
