5zcqN
5zcqA
5zcpN
5zcpA
5zcoN
5zcoA
5z86N
5z86A
5z85N
5z85A
5z84N
5z84A
5xdxN
5xdxA
5xdqN
5xdqA
5x1fN
5x1fA
5x1bN
5x1bA
5x19N
5x19A
5wauN
5wauA
5w97N
5w97A
5lufW
5iy5N
5iy5A
5b3sN
5b3sA
5b1bN
5b1bA
5b1aN
5b1aA
3x2qN
3x2qA
3wg7N
3wg7A
3asoN
3asoA
3asnN
3asnA
3ag4N
3ag4A
3ag3N
3ag3A
3ag2N
3ag2A
3ag1N
3ag1A
3abmN
3abmA
3ablN
3ablA
3abkN
3abkA
2zxwN
2zxwA
2ybbT
2y69N
2y69A
2occN
2occA
2einN
2einA
2eimN
2eimA
2eilN
2eilA
2eikN
2eikA
2eijN
2eijA
2dysN
2dysA
2dyrN
2dyrA
1v55N
1v55A
1v54N
1v54A
1oczN
1oczA
1ocrN
1ocrA
1ocoN
1ocoA
1occN
1occA
