4m4rG
4m4rE
4m4rC
4m4rA
4m4pA
4bkaA
4bk5A
4bk4B
4bk4A
2y6oA
2y6mA
2xyuA
4bkfB
4bkfA
2helA
4w50D
4w50C
4w50B
4w50A
4w4zC
4w4zB
4w4zA
2lw8A
5jr2D
5jr2C
5jr2B
5jr2A
2wo3A
2wo2A
2wo1B
3zfmA
1jpaB
2r2pA
2henD
2henC
2henB
2henA
1jpaA
4gk4A
3zfxI
3dkoA
4p5zA
2reiA
4gk3A
4g2fA
4p4cA
3zfxH
3zfyA
2qo9A
4p5qA
3zfxE
3fy2A
2qodA
2qobA
4twoA
3zfyB
3zfxF
3zfxB
3zfxA
2qoqA
2qo7A
5mjaA
5l6oA
4twnA
3zfxG
3zfxD
2qo2A
2gsfA
5mjaB
3dzqA
2qooA
2qoiA
5l6pA
5mjbA
4gk2A
3fxxA
2qokA
5mjbB
3zfxC
2qocA
2qolA
2qofA
2vwvA
2yn8A
6fnlA
2yn8B
6fnkA
2vwwA
2vwuA
6fnjB
6fnjA
3zewB
6fniA
6fnmA
2qonA
4bb4A
4aw5A
2x9fA
2xvdA
