2wbjF
2wbjB
1ymmB
1bx2E
1bx2B
6cqqG
6cqqB
6cpoE
6cpoB
5v4mH
5v4mF
5v4mD
5v4mB
6cqrG
6cqrB
4i5bE
4i5bB
3qxaD
3qxaB
2ojeF
2ojeB
2ipkB
2g9hB
1t5xB
1t5wE
1t5wB
1sjhB
1sjeB
1sebF
1sebB
1r5iF
1r5iB
1pywB
1kluB
4x5wB
4ov5L
4ov5F
4ov5B
4c56K
3qxdD
3qxdB
2xn9E
2ianQ
2ianL
1lo5B
1kg0B
1dlhE
1dlhB
1aqdK
4ov5J
4ov5H
4ov5D
2icwE
1klgB
1jwuB
1jwsB
1jwmB
1aqdH
1aqdE
1aqdB
6cqjH
6cqjB
4c56E
3pgcB
2icwB
2ianG
2iamB
6cqjE
4aenB
3pgcE
2ianB
1hxyB
4e41G
4e41B
3s5lD
3s5lC
3pdoB
3l6fB
1fytB
3s4sB
3s4sF
3pgdE
3pgdB
6cqnB
6cqlB
4mdjB
6cpnB
6cplB
6bizB
6biyB
6bixB
4mdiB
1d5mB
5jlzD
4md5B
1j8hB
6bivB
6binC
6bilB
6bijB
6atzB
6atfD
6atfB
5laxD
4md4B
4md0B
4mczB
4mcyB
4is6B
6atzD
1d5xB
1d5zB
6atiD
6atiB
4gbxD
1d6eB
4fqxE
2sebB
1a6aB
6birB
4ah2B
5laxB
5jlzB
4y1aB
4y19B
1zglQ
1zglL
5ni9B
5v4nB
1hqrB
5v4nD
1h15E
1h15B
1fv1E
1fv1B
4h26E
4h26B
4h25B
1zglG
1zglB
4h25E
5nigB
3c5jB
2q6wE
2q6wB
4h1lE
4h1lB
2fseD
2fseB
4x5xD
4x5xB
3o6fF
3t0eB
3o6fB
