5vo4A
5t8jA
5t8eA
5jjmG
5jjmE
5jjmC
5jjmA
5cj6A
4ql8A
4hlwA
3zqtA
3v4aA
3v49A
3rljA
3g0wA
3b68A
3b67A
3b66A
3b65A
3b5rA
2z4jA
2ylqA
2ylpA
2yloA
2yhdA
2qpyA
2q7jA
2q7iA
2pnuA
2pklA
2pixA
2piwA
2pivA
2piuA
2pitA
2pirA
2piqA
2pipA
2pioA
2nw4A
2ihqA
2hvcA
2axaA
2ax9A
2ao6A
2ambA
2amaA
2am9A
1xq3A
1xowA
1xj7A
1t7tA
1t7rA
1t7mA
1t7fA
1t79A
1t76A
1t74A
1t73A
1t65A
1t63A
1t5zA
1i37A
1e3gA
5v8qA
4ofuA
4ofrA
4oezA
4oeyA
4oedA
4oeaA
4k7aA
3rllA
3l3zA
3l3xA
2q7lA
2q7kA
2oz7A
2ax8A
2ax7A
2ax6A
1z95A
1xnnA
1i38A
4olmA
4okxA
4okwA
4oktA
4okbA
4ok1A
4ojbA
4oj9A
4oiuA
4oilA
4ohaA
4oh6A
4oh5A
4oghA
1gs4A
1r4iD
1r4iC
4ov7D
4oorD
5cc0A
4ov7A
4oorA
5cc0D
4ov7C
4oorC
4ov7B
4oorB
5cbzE
