3k8oC
3ggsC
3ggsA
3gb9A
3phbE
3k8oF
3k8oE
3k8oD
3k8oA
2a0yA
2a0xA
2a0wA
1rt9A
1rszA
1rr6A
3k8oB
3inyA
3ggsB
3gb9C
3d1vA
1yryA
1v45A
1v41A
1v3qA
1v2hA
1rfgA
1rctA
1pwyA
1pf7A
1m73A
3phbF
3k8qA
3bgsA
2q7oA
2oc4A
1ulbA
1ulaA
4gkaF
4gkaD
4gkaC
4eceF
4eceE
4eceD
4eceC
4eceB
4eceA
4eb8C
4earC
4earA
2on6A
2oc9A
5ugfD
5ugfA
5etjB
4gkaE
4gkaA
3phbC
3gb9B
5ugfF
5ugfE
5ugfB
5etjF
5etjE
5etjD
5etjC
5etjA
3phbD
3phbB
3phbA
4gkaB
4earB
5ugfC
4eb8B
4eb8A
1lvuE
1lvuD
1lvuB
1lvuA
1fxuA
1lvuF
1lvuC
1b8nA
1vfnA
1lv8F
1lv8E
1lv8D
1lv8C
1lv8B
1lv8A
1v48A
1a9sA
1a9rA
1a9qA
1a9pA
1a9oA
1b8oA
3fucC
3fucB
3fucA
2qplA
2ai3A
2ai2A
2ai1A
4pnpA
3pnpA
1pbnA
1a9tA
