5hfaB
5hfaA
5hf9B
5hf9A
5hf8B
5hf8A
5hf6B
5hf6A
5hf5B
5hf5A
5fpqB
5fpqA
4pqeA
4m0fB
4m0fA
4m0eB
4m0eA
4ey8A
4ey7B
4ey7A
4ey6B
4ey6A
4ey5B
4ey5A
4ey4B
4ey4A
4bdtA
3liiB
3liiA
2x8bA
1f8uA
1b41A
5hq3A
5hq3B
5ov9A
5fumA
5fppA
5foqA
5eihA
5eieA
5eiaA
5ehzA
5ehqA
5ehnA
4btlA
4b85A
4b84A
4b83A
4b82A
4b81A
4b80A
4b7zA
4arbA
4araA
4a23A
3zlvB
3zlvA
3zluA
3zltA
3dl7A
3dl4A
2y2vA
2y2uA
2xuqA
2xupA
2xuoA
2xukA
2xujA
2xuiA
2xuhA
2xudA
2wu4A
2wu3A
2wlsA
2whrA
2whqA
2whpA
2jgmA
2jglA
2jgkA
2jgjA
2jgiA
2jgfA
2jgeA
2jf0A
2jezA
2jeyA
2ha7A
2ha6A
2ha5A
2ha4A
2ha3A
2ha2A
2h9yA
2gywA
2gyvA
2gyuA
2c0qA
2c0pA
1q84A
1q83A
1n5rA
1n5mA
1maaC
1j07A
1j06A
4bc0A
5fkjA
5eieB
5ehqB
3zltB
2xugA
2xufA
2ha0A
1maaB
1ku6A
5ov9B
5hcuB
5fumB
5foqB
5fkjD
5fkjC
5fkjB
5eihB
5eiaB
5ehzB
5ehnB
5dtjB
5dtiB
4btlB
4bc1D
4bc1C
4bc1A
4bc0D
4bc0C
4b85B
4b84B
4b83B
4b82B
4b81B
4b80B
4b7zB
4arbB
4araB
4a23B
4a16D
4a16C
4a16B
4a16A
3zluB
3dl7B
3dl4B
2y2vB
2y2uB
2xuqB
2xupB
2xuoB
2xukB
2xujB
2xuiB
2xuhB
2xugB
2xufB
2xudB
2wu4B
2wu3B
2wlsB
2whrB
2whqB
2whpB
2jgmB
2jglB
2jgkB
2jgjB
2jgiB
2jgfB
2jgeB
2jf0B
2jezB
2jeyB
2ha7B
2ha6B
2ha5B
2ha4B
2ha3B
2ha2B
2ha0B
2h9yB
2gywB
2gyvB
2gyuB
2c0qB
2c0pB
1q84B
1q83B
1n5rB
1n5mB
1mahA
1maaD
1maaA
1j07B
1j06B
5fppB
4bc1B
4bc0B
1c2oD
1c2oC
1c2oB
1c2oA
1c2bA
5hcuA
5dtjA
5dtiA
