2d31A
2d31D
2dypA
1ydpA
3kyoC
3kyoA
3kynA
5vgdA
6enyD
6at9A
4nqxI
4nqxG
4nqxA
4nqvK
4nqvI
4nqvG
4nqvE
4nqvC
4nqvA
3rl2A
3rl1A
3bo8A
2xpgA
1w72D
1w72A
5w6aC
5w6aA
5w69G
5w69E
5w69C
5w69A
5w67A
5wkhF
5wkhA
5wkfF
5wkfA
5wjnG
5wjnD
5wjnA
5wjlG
5wjlD
5wjlA
5gsdA
5grgA
5grdA
5bs0A
5brzA
4nt6A
4nqxK
4nqxE
4nqxC
4n8vF
4n8vC
4mj6A
4mj5A
2hn7A
5xs3A
4uq2C
4uq2A
1x7qA
1qvoD
1qvoA
1q94D
1q94A
1im9E
1im9A
5xovD
5xovA
5wxdA
5wxcC
5wxcA
5wwuA
5wwjC
5wwjA
5wwiA
5hghA
5hgdD
5hgdA
5hgbJ
5hgbG
5hgbD
5hgbA
5hgaD
5hgaA
4wu7D
4wu7A
4wu5D
4wu5A
4f7tD
4f7tA
4f7pA
4f7mD
4f7mA
3wlbA
3wl9A
3vxuF
3vxuA
3vxsA
3vxrA
3vxpD
3vxpA
3vxoC
3vxoA
3vxnA
3vxmA
3qzwD
3qzwA
3nfnA
3i6lA
1qqdA
1efxA
4zfzJ
4zfzG
4zfzD
4zfzA
3x11A
3wuwA
4lcyD
4lcyA
2yplA
2ypkA
2hjlA
2hjkA
2bvpA
5u98D
5u98A
6avgD
6bxpA
5t70A
5t6zA
5t6xA
5t6wA
5b39A
5b38A
3vh8E
3vh8A
2rfxA
2bvqA
2bvoA
3w0wA
6bxqB
5v5mC
5v5lC
5t6yA
3jttG
3jttD
3jttA
3jtsG
3jtsD
3jtsA
6avgH
6at5A
6am5A
5tezB
5iszA
5euoC
5eo1A
5eo0A
5e00A
5c0bF
5c0bA
4wuuA
4wj5D
4wj5A
4uq3C
4uq3A
4no5A
4l3eA
4k7fD
4jfqA
4jfoD
4jfoA
4ftvA
4e5xD
4e5xA
3x12A
3vrjA
3vriA
3vclA
3v5kD
3v5kA
3v5hD
3v5hA
3v5dD
3v5dA
3uttF
3uttA
3uprE
3uprA
3to2A
3qfjA
3qfdD
3qfdA
3qeqA
3qdmA
3qdjA
3qdgA
3pwpA
3pwnD
3pwnA
3pwlD
3pwlA
3pwjD
3pwjA
3oxrA
3o3eD
3o3eA
3o3dD
3o3dA
3o3bD
3o3bA
3o3aD
3o3aA
3myjD
3myjA
3mgtJ
3mgtG
3mgtD
3mgtA
3mgoJ
3mgoG
3mgoD
3mgoA
3klaD
3klaA
3i6gD
3i6gA
3hpjD
3hpjA
3h9sA
3h7bD
3h7bA
3givD
2uweF
2uweA
2jccF
2jccA
2j8uF
2j8uA
2av7D
2av7A
5d2lP
5d2lA
4k7fA
5v5lA
5indC
5indA
5incC
5incA
5im7C
5im7A
4u1mA
5wmpA
5wmoA
5wmnC
5wmnA
5jhdF
5jhdA
3kxfP
3kxfI
3kxfC
3kxfA
3kwwA
2av1D
2av1A
4o2fD
4o2fA
4o2eD
4o2eA
4o2cA
5wmrA
5v5mA
4u1nA
4u1jA
5vz5A
4u1kD
4u1kA
4u1hA
3bvnD
3bvnA
1a9eA
1a9bD
1a9bA
5wmqA
5txsA
5ib5D
5ib5A
5ib4A
5ib3A
5ib2A
5ib1A
4qrrA
4prpA
4prnA
4priA
4preA
4prdA
4prbA
4praA
4pr5A
4lnrA
4jryA
4jrxA
4g9fA
4g9dA
4g8iA
4g8gA
3vfwA
3vfvA
3vfuA
3vftA
3vfsA
3vfrA
3vfpA
3vfoA
3vfnA
3vfmA
3mv9A
3mv8A
3mv7A
3lv3A
3lksA
3lkrA
3lkqA
3lkpA
3lkoA
3lknA
3hcvA
3dtxA
3czfA
3c9nA
3bxnA
3bwaA
3bw9A
3bp7A
3bp4A
3b6sA
3b3iA
2nx5P
2nx5K
2nx5F
2nx5A
2nw3A
2h6pA
2fz3A
2fyyA
2cikA
2bstA
2bssA
2bsrA
2axgA
2axfA
2ak4P
2ak4K
2ak4F
2ak4A
2a83A
1zsdA
1zhlA
1zhkA
1xr9A
1xr8A
1xh3A
1w0wA
1w0vA
1uxwA
1uxsA
1ogtA
1of2A
1k5nA
1jgeA
1jgdA
1hsaD
1hsaA
6bj3A
5vgeA
3skmA
6bj8A
4qrqA
1m05C
1m05A
3skoA
4u1sA
4u1iA
4u1lD
4u1lA
3sjvP
3sjvK
3sjvF
3sjvA
3ffcA
1mi5A
1cg9A
5xotA
5xosA
5degA
5defA
4qruA
4qrtA
4qrsA
4qrpF
4qrpA
3x13A
3spvA
3rwjA
3rwiA
3rwhD
3rwhA
3rwgA
3rwfA
3rweA
3rwdD
3rwdA
3rwcD
3rwcA
3ffcF
3d18A
1agfA
1ageA
1agdA
1agcA
1agbA
1a1nA
4mjiF
3ln5A
3ln4A
3w39D
3w39A
4mjiA
1e27A
5knmA
5iekA
4xxcA
4jqvA
3x14A
2bckD
2bckA
1e28A
1a1oA
5iueG
5iueC
5iueA
6gl1E
6gl1A
6gh4G
6gh4C
6gh4A
6gh1J
6gh1G
6gh1D
6gh1A
6ggmA
5iueE
6gl1C
3ciiD
3ciiA
3cdgE
3cdgA
3bzeG
3bzeC
3bzeA
1zvsD
1zvsA
1mheC
1mheA
