4j23A
3ri1B
3ri1A
2pvyC
2pvyB
2psqB
2psqA
1oecA
1gjoA
1ev2H
1ev2G
1ev2F
1ev2E
1e0oD
1e0oB
4j99A
4j97D
4j97C
4j97B
4j97A
4j95D
3clyA
3b2tB
3b2tA
2q0bB
2q0bA
2pzrB
2pzrA
2pzpB
2pzpA
2pz5B
2pz5A
2py3B
2py3A
2pvyD
2pvyA
2pvfA
2fdbD
2fdbB
1iilH
1iilG
1iilF
1iilE
1ii4H
1ii4G
1ii4F
1ii4E
5uglB
5uglA
4j99D
4j99C
4j99B
4j98B
4j98A
4j96B
4j96A
4j95C
4j95B
4j95A
2pwlB
2pwlA
5ui0B
5ui0A
5ugxB
5uhnB
5uhnA
5ugxA
5eg3A
1djsA
4nksA
4rwlA
3ky2B
5uq0B
5b7vB
5am7B
5a46A
4v04B
4nkaA
4zsaB
4v05A
4v01B
4uwyB
4rwlB
5b7vA
5am6B
4v01A
4rwjB
4nk9B
4nk9A
5zv2A
4f65A
3rhxA
3gqlA
5uq0A
5o49B
5am7A
5am6A
5a4cB
4rwkB
4nksB
4f64B
4f63B
3js2B
3gqlB
2fgiB
1fgkB
1fgiB
1agwB
5zv2B
5o4aB
5o4aA
5flfE
5ew8A
4rwiB
3tt0B
3gqlC
5o49A
5ew8B
4zsaA
4wunB
4f65B
4f64A
4f63A
3rhxB
3kxxC
3c4fB
3c4fA
1fgkA
1agwA
5ur1B
5a46B
4v05B
4nkaB
2fgiA
1fgiA
5vndB
5flfB
5flfA
4uwbB
1nunB
5flfC
5flfD
4uwcB
3ojmB
3oj2D
3oj2C
3kxxD
3js2A
5a4cA
4v04A
4uwbA
5ur1A
4uwyA
3tt0A
4uwcA
4wunA
4rwjA
3ky2A
4rwiA
3kxxB
3kxxA
5vndA
4rwkA
3gqiA
4k33A
5nwzB
5jkgA
5nudA
