3c5jB
4h1lE
4h1lB
4h26E
4h26B
4h25B
4h25E
2q6wE
2q6wB
6atzB
6atfD
6atfB
6atzD
6atiD
6atiB
1a6aB
4i5bB
1sebF
1sebB
1j8hB
1hxyB
1d5mB
6cqrG
6cqrB
6bivB
6binC
6bilB
6bijB
5jlzD
4ov5L
4ov5F
4ov5B
4md4B
4md0B
4mczB
4mcyB
4i5bE
4c56K
3qxdD
3qxdB
3qxaD
3qxaB
2ojeF
2ojeB
2ipkB
2g9hB
1t5xB
1t5wE
1t5wB
1sjhB
1sjeB
1r5iF
1r5iB
1pywB
1kluB
5laxD
4x5wB
4ov5H
4is6B
2xn9E
2ianQ
2ianL
1lo5B
1klgB
1kg0B
1jwuB
1jwsB
1jwmB
1dlhE
1dlhB
1aqdK
1aqdH
1aqdE
1aqdB
4ov5J
4ov5D
2icwE
4c56E
3pgcB
2icwB
1d5xB
6cqjH
6cqjB
4aenB
3s5lD
3s5lC
3pdoB
3l6fB
2ianG
2ianB
2iamB
1d5zB
6cqjE
3pgcE
4e41B
1fytB
1d6eB
4e41G
3s4sB
2sebB
3s4sF
3pgdE
3pgdB
5laxB
5jlzB
6bizB
6biyB
6bixB
6birB
5ni9B
4y1aB
4y19B
6cqnB
6cqlB
6cpnB
6cplB
4md5B
4gbxD
4fqxE
4mdjB
6cqqG
6cpoE
6cpoB
4mdiB
6cqqB
1bx2B
5nigB
2wbjF
1zglQ
1hqrB
1bx2E
2wbjB
1zglL
1fv1E
1fv1B
1h15E
1h15B
1ymmB
5v4nB
5v4nD
1zglG
1zglB
3t0eB
3o6fB
5v4mH
5v4mF
5v4mD
5v4mB
2fseD
2fseB
4ah2B
4x5xD
4x5xB
3o6fF
