3l3kA
3l3jA
3l3iA
3l3gA
3l3dA
3kpmA
3kplA
3dx6A
1m6oA
4jqxA
3kpsA
3kprF
3kprA
3kpqA
3kppA
3kpoA
3kpnA
3dxaK
3dxaF
3dxaA
3dx8A
3dx7A
1syvA
1sysA
1n2rA
6bxqB
6bxpA
5v5mC
5u98D
5u98A
5t70A
5t6zA
5t6yA
5t6xA
5t6wA
5ib4A
5ib3A
5ib2A
5ib1A
5b39A
5b38A
4g9fA
4g9dA
4g8iA
4g8gA
3x12A
3x11A
3wuwA
3vrjA
3vriA
3vh8E
3vh8A
3uprE
3uprA
3lv3A
3dtxA
3bp4A
3b6sA
2ypkA
2rfxA
2bstA
2a83A
1w0vA
1uxsA
1ogtA
1jgeA
1hsaD
1hsaA
6bj8A
6bj3A
5xotA
5xosA
5vz5A
5txsA
5indC
5indA
5incC
5incA
5im7C
5im7A
5ib5D
5ib5A
4qrrA
4prpA
4prnA
4priA
4preA
4prdA
4prbA
4praA
4pr5A
4lnrA
4jryA
4jrxA
3vfwA
3vfvA
3vfuA
3vftA
3vfsA
3vfrA
3mv9A
3mv8A
3mv7A
3lksA
3lkrA
3lkqA
3lkpA
3lkoA
3lknA
3hcvA
3czfA
3c9nA
3bwaA
3bw9A
3bp7A
3b3iA
2nx5P
2nx5K
2nx5F
2nx5A
2nw3A
2h6pA
2fz3A
2fyyA
2cikA
2bssA
2bsrA
2axgA
2axfA
2ak4P
2ak4K
2ak4F
2ak4A
1zsdA
1zhlA
1zhkA
1xr9A
1xr8A
1xh3A
1w0wA
1uxwA
1of2A
1k5nA
1jgdA
1cg9A
1a9eA
1a9bD
1a9bA
1a1oA
1a1nA
6bj2C
4lcyD
4lcyA
2yplA
2hjlA
2hjkA
2bvqA
2bvpA
2bvoA
5v5mA
5v5lC
5degA
5defA
4xxcA
4jqvA
3vfpA
3vfoA
3vfnA
3vfmA
3kxfP
3kxfI
3kxfC
3kxfA
3kwwA
3d18A
5v5lA
1a1mA
5iekA
5iehA
3bxnA
3bvnD
3bvnA
4o2fD
4o2fA
4o2eD
4o2eA
4o2cA
3ln5A
4u1nA
4u1mA
4u1jA
3sjvP
3sjvK
3sjvF
3sjvA
3ffcA
1mi5A
1m05C
1m05A
5wmrA
5wmqA
4qruA
4qrtA
4qrsA
4qrqA
4qrpF
4qrpA
4mjiF
4mjiA
3x14A
3x13A
3w39D
3w39A
3spvA
3skoA
3skmA
3ln4A
3ffcF
1e28A
1e27A
1agfA
1ageA
1agdA
1agcA
1agbA
5wmpA
5wmoA
5wmnC
5wmnA
4u1kD
4u1kA
4u1hA
6avgH
6at5A
5eo1A
5eo0A
3vclA
6avgD
6avfE
5w6aC
5w6aA
5w69E
5w69C
5w69A
5w67A
4u1iA
1efxA
5xs3A
4u1sA
4uq2C
4uq2A
4u1lD
4u1lA
1x7qA
1qvoD
1qvoA
1q94D
1q94A
5wkhF
5wkhA
5wkfF
5wkfA
5wjnG
5wjnD
5wjnA
5wjlG
5wjlD
5wjlA
5gsdA
5grgA
5grdA
4nt6A
4n8vF
4n8vC
4mj6A
4mj5A
2hn7A
1qqdA
1im9E
1im9A
5vgdA
5vgeA
6enyD
5w69G
3rl2A
3rl1A
2xpgA
4zfzJ
4zfzG
4zfzD
4zfzA
6at9A
5xovD
5xovA
5wxdA
5wxcC
5wxcA
5wwuA
5wwjC
5wwjA
5wwiA
5hghA
5hgdD
5hgdA
5hgbJ
5hgbG
5hgbD
5hgbA
5hgaD
5hgaA
4wu7D
4wu7A
4wu5D
4wu5A
4nqxK
4nqxI
4nqxG
4nqxE
4nqxC
4nqxA
4nqvK
4nqvI
4nqvG
4nqvE
4nqvC
4nqvA
4f7tD
4f7tA
4f7pA
4f7mD
4f7mA
3wlbA
3wl9A
3vxuF
3vxuA
3vxsA
3vxrA
3vxpD
3vxpA
3vxoC
3vxoA
3vxnA
3vxmA
3qzwD
3qzwA
3nfnA
3i6lA
3bo8A
1w72D
1w72A
5bs0A
5brzA
3w0wA
3jttG
3jttD
3jttA
3jtsG
3jtsD
3jtsA
1zvsD
1zvsA
3rwjA
3rwiA
3rwhD
3rwhA
3rwgA
3rwfA
3rweA
3rwdD
3rwdA
3rwcD
3rwcA
2bckD
2bckA
6ei2A
4hwzA
6am5A
5tezB
5nmkA
5nmhA
5nmgF
5nmgA
5nmfF
5nmfA
5nmeF
5nmeA
5n6bD
5n6bA
5n1yA
5merD
5merA
5meqA
5mepD
5mepA
5meoA
5menA
5iszA
5hyjF
5hyjA
5hhoA
5euoC
5eu6A
5eu5A
5eu4D
5eu4A
5eu3A
5e00A
5c0jA
5c0iA
5c0gA
5c0fA
5c0eA
5c0dA
5c0cF
5c0cA
5c0bF
5c0bA
5c0aF
5c0aA
5c09F
5c09A
5c08F
5c08A
5c07F
5c07A
4wuuA
4wj5D
4wj5A
4uq3C
4uq3A
4qokA
4no0A
4mnqA
4l3cY
4l3cV
4l3cS
4l3cP
4l3cM
4l3cJ
4l3cG
4l3cD
4l3cA
4l29Y
4l29V
4l29S
4l29P
4l29M
4l29J
4l29G
4l29D
4l29A
4jfqD
4jfpD
4jfpA
4jffA
4jfeA
4jfdA
4i4wA
4gksD
4gksA
4gknD
4gknA
3utsF
3utsA
3utqA
3o4lA
3hg1A
3haeG
3haeE
3haeC
3haeA
3gjfD
3gjfA
2vlrF
2vlrA
2vllD
2vllA
2vlkA
2vljA
2v2xD
2v2xA
2v2wD
2v2wA
2pyeA
2p5wA
2p5eA
2jccF
2jccA
2bnrA
2bnqA
1p7qA
1ogaA
1akjA
4i48A
4hx1A
2dypA
3kyoC
3kyoA
3kynA
1ydpA
