5tm9B
5tm9A
5tlpB
5gtrA
5gs4A
3uucD
3uucC
3uucB
3uucA
3ertA
3erdB
3erdA
3dt3B
3dt3A
2yjaB
2ouzA
2jfaB
2jfaA
2jf9C
2jf9B
2jf9A
2iokB
2iokA
2iogA
2bj4B
2bj4A
1yinA
1yimA
1xpcA
1xp9A
1xp6A
1xp1A
1sj0A
1r5kC
1r5kB
1r5kA
1qkuC
1qkuB
1qkuA
1l2iB
1l2iA
1gwrB
1gwrA
1gwqB
1gwqA
1g50C
1g50B
1g50A
1errB
1errA
1ereF
1ereE
1ereD
1ereC
1ereB
1ereA
6cbzA
5wgqB
5wgqA
5wgdA
5u2dB
5u2dA
5u2bF
5u2bD
5u2bC
5u2bB
5u2bA
5tn8B
5tn8A
5tn7B
5tn7A
5tn6B
5tn6A
5tn5B
5tn5A
5tn4B
5tn4A
5tn3B
5tn3A
5tn1B
5tn1A
5tmzC
5tmzA
5tmwC
5tmwA
5tmvB
5tmvA
5tmuC
5tmuA
5tmtB
5tmtA
5tmsB
5tmsA
5tmrC
5tmrA
5tmqB
5tmqA
5tmoB
5tmoA
5tmmA
5tmlB
5tmlA
5tm8B
5tm8A
5tm7B
5tm7A
5tm6B
5tm6A
5tm5B
5tm5A
5tm4A
5tm3B
5tm3A
5tm2B
5tm1B
5tlyB
5tlyA
5tlxB
5tlxA
5tlvB
5tlvA
5tluB
5tluA
5tltB
5tltA
5tlpA
5tloB
5tloA
5tlmB
5tlmA
5tllB
5tllA
5tlgB
5tlgA
5tlfB
5tlfA
5tldB
5tldA
5kroB
5kroA
5krmB
5krmA
5krlB
5krlA
5krkA
5krjB
5krjA
5kriB
5kriA
5krhB
5krhA
5krfB
5krfA
5krcB
5krcA
5kraF
5kraE
5kraB
5kraA
5kr9B
5kr9A
5kd9B
5kd9A
5kcwB
5kcwA
5kcuB
5kcuA
5kctB
5kctA
5kcfB
5kcfA
5kceB
5kceA
5kcdB
5kcdA
5kccB
5kccA
5jmmB
5jmmA
5hyrB
5eitB
5eitA
5ei1B
5ei1A
5ehjB
5ehjA
5egvB
5egvA
5e1cB
5e1cA
5e19B
5e19A
5e15B
5e14B
5e14A
5e0xB
5e0xA
5e0wB
5e0wA
5dziB
5dziA
5dzhB
5dzhA
5dz3B
5dz3A
5dz1B
5dz1A
5dz0B
5dz0A
5dydB
5dydA
5dybB
5dybA
5dy8B
5dy8A
5dxrB
5dxrA
5dxqB
5dxqA
5dxpB
5dxmB
5dxmA
5dxkB
5dxkA
5dxgA
5dxeA
5dxbB
5dxbA
5dx3A
5dwjB
5dwjA
5dwiB
5dwiA
5dwgA
5dweB
5dweA
5dvsB
5dvsA
5duhB
5duhA
5dugB
5dugA
5dueB
5dueA
5du5B
5du5A
5dtvC
5dtvA
5drmB
5drmA
5drjB
5drjA
5dp0B
5dp0A
5dmfB
5dmfA
5dmcB
5dmcA
5dlrB
5dlrA
5dl4B
5dl4A
5dksB
5dksA
5dkgB
5dkgA
5dkeB
5dkbB
5dkbA
5dk9B
5dk9A
5digB
5digA
5dieB
5dieA
5didB
5didA
5di7B
5di7A
4znwB
4znwA
4znvB
4znvA
4znuC
4znuA
4zntA
4znsB
4znsA
4znhB
4znhA
4zn9B
4zn9A
4zn7B
4zn7A
4tv1B
4tv1A
4tuzB
4tuzA
4q13B
4q13A
4pxmB
4pxmA
4ppsB
4ppsA
4pppB
4pppA
4pp6B
4pp6A
4mgdB
4mgdA
4mgcB
4mgcA
4mgbB
4mgbA
4mgaB
4mgaA
4mg9B
4mg9A
4mg8B
4mg8A
4mg7B
4mg7A
4mg6B
4mg6A
4mg5B
4mg5A
4iwfB
4iwfA
4iwcB
4iwcA
4iw8D
4iw8A
4iw6C
4iw6A
4ivyC
4ivyA
4ivwC
4ivwA
4iv4B
4iv4A
4iv2B
4iv2A
4iu7B
4iu7A
4dmaB
4dmaA
3uudB
3uudA
3uuaB
3uuaA
3uu7B
3uu7A
3q95B
3q95A
3l03B
3l03A
3hm1B
3hm1A
3hlvB
3hlvA
2qzoB
2qzoA
2qxsB
2qxsA
2qxmB
2qxmA
2qseB
2qseA
2qr9B
2qr9A
2qh6B
2qh6A
2qgwB
2qgwA
2qgtB
2qgtA
2qabB
2qabA
2qa8B
2qa8A
2qa6B
2qa6A
2q6jB
2q6jA
2p15B
2p15A
2ocfA
2g5oB
2g5oA
2g44B
2g44A
2faiB
2faiA
2b23B
2b23A
2b1zA
2b1vA
1zkyB
1zkyA
1x7rA
1x7eB
1x7eA
1a52B
1a52A
5wgdB
5u2bE
5tmmB
5tm4B
5tm2A
5tm1A
5krkB
5e15A
5dxpA
5dxgB
5dxeB
5dwgB
5dkeA
4q50H
4q50G
4q50F
4q50E
4q50D
4q50C
4iuiC
5t1zB
5t1zA
4xi3C
3osaB
3osaA
3os8B
3os8A
2b1vB
5tnbD
5tnbC
5tnbB
5tnbA
5tn9D
5tn9C
5tn9A
5hyrA
5dx3B
4zntB
4xi3D
4xi3B
4xi3A
3osaD
3osaC
3os9C
3os9B
3os9A
3os8D
3os8C
2yatA
2r6yB
2r6yA
2r6wB
2r6wA
2q70B
2q70A
2pogB
2pogA
2i0jD
2i0jC
2i0jB
2i0jA
1xqcD
1xqcC
1xqcB
1xqcA
1uomA
6chzA
6chwA
5fqpA
2ayrA
1qktA
1pcgB
6cbzB
6c42B
5w9cD
5w9cC
5fqvA
5fqtA
5fqsA
5fqrA
5accA
2b1zB
1pcgA
5aauB
6c42A
5w9dB
5w9dA
5w9cB
5ufxB
5ufxA
5ufwB
5ufwA
5w9cA
5aavA
5ak2A
5aauA
