4wv1B
4wv1A
3ri1B
3ri1A
3euuB
3euuA
3darB
3darA
3cu1C
3cu1A
3cafA
2pvyC
2pvyB
2psqB
2psqA
1wvzA
1oecA
1gjoA
3clyA
3b2tB
2pvyA
4j99A
4j97D
4j97C
4j97B
4j97A
4j95D
2q0bB
2q0bA
2pzrB
2pzrA
2pzpB
2pzpA
2pz5B
2pz5A
2py3B
2py3A
2pvyD
2pvfA
5uglB
5uglA
4j99D
4j99C
4j99B
4j98B
4j98A
4j96B
4j96A
4j95C
4j95B
4j95A
3b2tA
2pwlB
2pwlA
5ui0B
5ui0A
5ugxB
5uhnB
5uhnA
5ugxA
5eg3A
4nksA
4zsaB
3ky2B
5uq0B
5b7vB
5am7B
4v01B
3rhxA
5b7vA
4uwyB
4rwlA
4rwjB
5am6B
5a46A
4v04B
4nksB
4f64B
4f63B
2fgiB
1fgkB
1fgiB
1agwB
4v05A
4nkaA
5zv2A
5flfE
4rwlB
5o4aB
4v01A
4rwkB
4nk9B
4nk9A
3tt0B
3js2B
4rwiB
4f65B
4f65A
5o49B
5am7A
5am6A
5a4cB
4wunB
4f64A
4f63A
3kxxC
3gqlB
1fgkA
1agwA
5zv2B
5ur1B
5uq0A
5ew8A
3gqlC
2fgiA
1fgiA
5o4aA
5o49A
5ew8B
5a46B
4zsaA
3rhxB
3c4fB
3c4fA
5vndB
5flfA
4v05B
4nkaB
3gqlA
5flfB
5flfD
5flfC
4uwbB
3kxxD
4uwcB
5a4cA
3js2A
4v04A
4uwbA
4uwyA
5ur1A
3tt0A
4uwcA
4rwjA
4k33A
3ky2A
4wunA
4rwiA
3kxxB
3kxxA
5vndA
4rwkA
3gqiA
2fdbD
1iilH
1iilG
1ev2H
1ev2F
1iilF
1iilE
1ii4H
1ii4G
1ii4F
1ii4E
1ev2G
4j23A
1e0oB
1e0oD
1ev2E
3ojmB
2fdbB
1nunB
3oj2D
3oj2C
1djsA
