2jetB
1kdqA
8gchB
7gchB
6gchB
6chaE
6chaB
5gchB
5chaE
5chaB
4vgcB
4gchB
4chaE
4chaB
3vgcB
3ru4D
3gctB
3gchB
3bg4B
2vgcB
2p8oB
2gmtB
2gctB
2gchB
2chaE
2chaB
1yphE
1yphB
1vgcB
1n8oB
1mtnF
1mtnB
1hjaB
1gmhB
1gmdB
1gmcB
1ghbB
1ghaB
1ggdB
1gg6B
1gctB
1choB
1cbwF
1cbwB
1ca0F
1ca0B
1afqB
1ab9B
4q2kA
4q2kD
4q2kB
4q2kC
1oxgA
1chgA
1acbA
3t62E
3t62C
3t62A
1t8oC
1t8oA
1t8nC
1t8nA
1t8mC
1t8mA
1t8lC
1t8lA
1t7cC
1t7cA
1p2qC
1p2qA
1p2nC
1p2nA
1gl1C
1gl1B
1gl1A
1p2oC
1p2oA
1p2mC
1p2mA
1gcdA
1k2iA
2y6tD
2y6tC
2y6tB
2y6tA
2cgaB
2cgaA
1ex3A
1cgjA
1cgiA
5j4sA
5j4qA
1gl0A
1dlkD
1dlkB
