4uyhC
4uyhB
4uyhA
4uyfC
4uyfB
4alhC
4alhB
4alhA
4algA
4aknC
4aknB
4aknA
4a9oC
4a9oB
4a9oA
4a9nC
4a9nB
4a9nA
4a9mC
4a9mB
4a9mA
4a9jC
4a9jB
4a9jA
4a9iC
4a9iA
4a9hC
4a9hB
4a9hA
4a9fC
4a9fB
4a9fA
4a9eC
4a9eB
4a9eA
2yekC
2yekB
2yekA
2ydwC
2ydwB
2ydwA
4uyfA
5henB
5henA
5hemB
4a9iB
3aqaA
2dvsA
2dvrA
2dvqA
1x0jA
5henC
3aqaC
3aqaB
2dvsC
2dvsB
2dvrC
2dvrB
2dvqC
2dvqB
1x0jC
1x0jB
5u5sA
5hemA
4uygC
5u6vA
5n2lD
5n2lB
5n2lA
5hfqA
5dw1D
5dw1C
5dw1B
5dw1A
5bt5A
4uygF
4uygE
4uygB
4uygA
4mr6A
4mr5A
3oniA
5n2lC
5ek9B
5ek9A
4uygD
2e3kC
2e3kA
5helA
5o3iA
5o39A
4qewA
4qeuA
5o3cA
5o3hA
5o3gB
5o3gA
5o3fA
5o3eA
5o3bD
5o3bC
5o3bB
5o3bA
5o3aA
5dfdA
5dfcA
5dfbA
4qevA
2e3kD
2g4aA
4j1pA
5o3dA
5o38A
5uewB
5uewA
2e3kB
2dvvA
5ibnA
5xheA
5xhkA
3s91A
2nxbA
5ig6A
2nxbB
2l5eA
5a7cB
5hjcA
5hfrB
5hfrA
3s92A
2oo1D
2oo1C
2oo1B
2oo1A
5hfrD
5hfrC
5a7cD
5a7cC
2yw5A
6c7qA
4z93A
5ulaA
5a7cA
5uvwB
3uw9B
6c7rA
5eguC
4nudA
5uooA
5ulaB
5eguA
6ckrB
