3ggsC
3ggsB
3ggsA
3gb9C
3gb9B
3gb9A
5ugfF
5ugfE
5ugfD
5ugfC
5ugfB
5ugfA
5etjF
5etjE
5etjD
5etjC
5etjB
5etjA
3phbF
3phbE
3phbD
3phbC
3phbB
3phbA
3k8qA
3k8oF
3k8oE
3k8oD
3k8oC
3k8oB
3k8oA
3inyA
3d1vA
3bgsA
2q7oA
2on6A
2oc9A
2oc4A
2a0yA
2a0xA
2a0wA
1yryA
1v45A
1v41A
1v3qA
1v2hA
1ulbA
1ulaA
1rt9A
1rszA
1rr6A
1rfgA
1rctA
1pwyA
1pf7A
1m73A
4gkaF
4gkaE
4gkaD
4gkaC
4gkaB
4gkaA
4eceF
4eceE
4eceD
4eceC
4eceB
4eceA
4eb8C
4eb8B
4eb8A
4earC
4earB
4earA
1lv8F
1lv8E
1lv8D
1lv8C
1lv8B
1lv8A
1b8oA
1fxuA
3fucC
3fucB
3fucA
2qplA
4pnpA
3pnpA
1pbnA
1lvuF
1lvuC
1a9tA
1a9sA
1a9rA
1a9qA
1a9pA
1a9oA
1lvuE
1lvuD
1lvuB
1lvuA
1b8nA
2ai3A
2ai2A
2ai1A
1vfnA
1v48A
