4n9oA
4kmlA
4dgiA
2w9eA
2lsbA
1qm3A
1qm2A
1qm1A
1qm0A
1qlzA
1qlxA
1i4mA
1hjnA
1hjmA
5yj5A
2lftA
3hafA
2m8tA
1fo7A
1fkcA
3hj5B
3hj5A
3hesA
3heqB
3heqA
3hakA
1e1wA
1e1uA
1e1sA
1e1pA
1e1jA
1e1gA
3hesB
5yj4A
2k1dA
3hjxA
3herB
3herA
2lv1A
2lejA
1h0lA
2kunA
5l6rA
1dx1A
1dx0A
1dwzA
1dwyA
4yx2A
4ma8A
1ag2A
1tqcA
1tpxA
6aq7A
1xyuA
1uw3A
1y2sA
4h88A
1tqbA
4ma7A
4hmmA
2ktmA
1xywA
4yxkA
4yxhA
4hmrA
3o79A
2johA
2n53A
1xyqA
2mv9A
2mv8A
4hmmB
4hlsA
2k56A
2fj3A
1xyxA
4yxlA
2l39A
2l1hA
2kfoA
4hmrB
3o79B
2jomA
1y15A
1xykA
1xyjA
2l40A
2l1eA
2l1dA
2ku5A
2ku4A
2k5oA
4hlsB
1y16A
2lh8A
1b10A
2ku6A
2kfmA
2l1kA
2kflA
