1p60A
3ipyB
3ipyA
3ipxA
2qroD
2qroC
2qroB
2qroA
2qrnD
2qrnC
2qrnB
2qrnA
2a7qA
1p62A
1p61A
1p60B
1p5zA
2a30D
2a30C
2a30A
2a2zD
2a2zC
2a2zB
2a2zA
2a30B
5mqtD
5mqlD
5mqtC
5mqtA
5mqlA
5mqjC
5mqjA
5mqtB
5mqlC
5mqlB
5mqjD
5mqjB
3hp1A
3mjrD
2zi6D
2zi6A
2zi5D
2zi5A
3kfxB
2noaA
2no9A
2no7A
2no6A
2no1A
2no0A
3mjrB
3mjrA
3kfxA
2zi4A
2no9B
3mjrC
2ziaA
2zi6B
2zi5B
2noaB
2no6B
2no1B
2no0B
2zi9A
2zi7B
2zi6C
2zi5C
2zi3A
2no7B
4jlnB
3qenB
3qenA
3qejB
3qejA
2zi7A
4q1fB
4q1fA
4q1eB
4q1eA
4q1dA
4q1cB
4q1cA
4q1bB
4q1bA
4q1aB
4q1aA
4q19B
4q19A
4q18B
4q18A
4l5bB
4l5bA
4kcgB
4kcgA
4jlnA
4jlmB
4jlmA
4jlkB
4jlkA
4jljB
4jljA
2zi9B
4q1dB
2zi3B
2ziaB
3qeoB
3qeoA
