4zogB
4zogA
4yc8B
4yc8A
4xeyB
4xeyA
4wa9B
4wa9A
3ue4B
3ue4A
3qriB
3pyyB
3pyyA
3cs9D
3cs9C
3cs9B
3cs9A
2hziB
2hziA
2hz4C
2hz4B
2hz4A
2hz0B
2hz0A
2hyyD
2hyyC
2hyyB
2hyyA
2g1tC
2g1tB
2g1tA
2fo0A
1oplA
1oplB
4twpB
4twpA
3qrjB
3qrjA
3kf4B
2v7aB
2v7aA
2g2iB
2g2iA
2g2hB
2g2hA
2g2fB
2g2fA
1m52B
1m52A
5mo4A
3qrkA
3kfaB
3kfaA
3kf4A
2qohB
2qohA
2f4jA
1opkA
6amwA
6amvA
3dk6B
1zzpA
3ik3B
6bl8B
6bl8A
5hu9A
3oy3B
3oy3A
3ik3A
3dk7B
3dk7A
3dk6A
3dk3B
3dk3A
2z60A
2g1tD
3oxzA
3mssD
3mssC
3mssB
3mssA
2hiwB
2hiwA
2e2bB
2e2bA
1opjB
3qriA
3k5vB
2hznA
1iepB
1iepA
1fpuA
3ms9A
1fpuB
3k5vA
1opjA
3ms9B
2gqgB
2gqgA
2xynC
3hmiA
2xynB
2xynA
4xliB
4xliA
3gvuA
