5mpmA
4nabA
6hefA
5xabA
5xaaA
5xa9A
5xa8A
5xa7A
5a3sB
5a3sA
5a3rA
5a3qA
4ycnA
4ycmA
4yclA
4xouA
4uu1A
4uu0A
4j2tA
4bewB
4bewA
3w5dA
3w5cA
3w5bA
3w5aB
3w5aA
3nanA
3namA
3nalA
3n8gA
3n5kB
3n5kA
3j7tA
3fpsA
3fpbA
3fgoB
3fgoA
3ba6A
3b9rB
3b9rA
3b9bA
3ar9A
3ar8A
3ar7A
3ar6A
3ar5A
3ar4A
3ar3A
3ar2A
2zbgA
2zbfA
2zbeB
2zbeA
2zbdA
2yfyA
2eauA
2eatA
2earA
2dqsA
2c9mB
2c9mA
2c8lA
2c8kA
2c88A
2by4A
2agvB
2agvA
1xp5A
1wpgD
1wpgC
1wpgB
1wpgA
1vfpB
1vfpA
1t5tA
1t5sA
1su4A
1kjuA
1iwoB
1iwoA
4h1wA
2oa0A
5ncqA
4kytA
2o9jA
4y3uA
3tlmA
