5k0hA
4zhaA
4zh8A
4y7bA
4y7aA
4y79A
4y76A
4y71A
4y6dA
4btuD
4btuB
4bttD
4bttB
4btiD
4btiB
4a7iB
3tk6A
3tk5A
3sw2B
3q3kA
3m37A
3m36A
3liwA
3kqeA
3kqdA
3kqcA
3kqbA
3kl6A
3k9xD
3k9xC
3k9xB
3k9xA
3iitA
3hptD
3hptC
3hptB
3ffgA
3ensD
3ensC
3ensB
3cs7A
3cenA
2y82A
2y81A
2y80A
2y7zA
2y7xA
2xc5A
2xc4A
2xc0A
2xbyA
2xbxA
2xbwA
2wyjA
2wygA
2w3kA
2w3iA
2w26A
2vh6A
2vh0A
2uwpA
2uwoA
2uwlA
2ra0A
2q1jA
2pr3A
2phbA
2p95A
2p94A
2p93A
2p3uB
2p3tB
2p3fA
2p16A
2j95A
2j94A
2j4iA
2j38A
2j34A
2j2uA
2h9eA
2g00A
2fzzA
2ei8A
2ei7A
2ei6A
2d1jA
2cjiA
2bqwB
2bq7B
2bq6B
2bohB
2bmgB
1z6eA
1xkbD
1xkbC
1xkbB
1xkbA
1xkaB
1xkaA
1wu1A
1v3xA
1p0sB
1nfyA
1nfxA
1nfwA
1nfuA
1mq6A
1mq5A
1lqdB
1lpzB
1lpkB
1lpgB
1ksnA
1iqnA
1iqmA
1iqlA
1iqkA
1iqjA
1iqiA
1iqhA
1iqgA
1iqfA
1iqeA
1ioeA
1hcgA
1g2mA
1g2lA
1fjsA
1f0sA
1f0rA
1ezqA
1c5mA
5vofA
5voeA
2y5hA
2y5gA
2y5fA
2xbvA
2vwoA
2vwnA
2vwmB
2vwmA
2vwlA
2vvvA
2vvuA
2vvcB
2vvcA
2jkhA
2gd4E
2gd4B
2bokA
1faxA
3hptA
3ensA
1kigA
