5fp0A
5am5A
5am4A
5am3A
5am2A
5am1A
5am0A
5alzA
5alyA
5alxA
5alwA
5alvA
5aluA
5altA
5alsA
5alqA
5alpA
5aloA
5alnA
5almA
5allA
5alkA
5aljA
5aliA
5alhA
5algA
5alfA
5aleA
5aldA
5akzA
5akyA
5akxA
5aklA
5akkA
5akjA
5akiA
5akhA
5akgA
5akeA
5ak6A
5ak5A
5ak4A
5ak3A
5aicA
5aibA
5aiaA
5ai9A
5ai8A
5ai6A
5ai5A
5ai4A
5ai0A
5ahxA
4y2yA
4y2xA
4y2vA
4y2uA
4y2tA
4y2sA
4y2rA
4y2qA
4y2pA
4y2jA
4od0A
4oczA
4j03A
4haiA
3wkeA
3wkdA
3wkcA
3wkbA
3wkaA
3wk9A
3wk8A
3wk7A
3wk6A
3wk5A
3wk4A
3otqA
3kooA
3i28A
3i1yA
1zd5A
1zd4A
1zd3A
1zd2A
1s8oA
5alrA
4jncA
4x6yB
4x6yA
4x6xB
4x6xA
3pdcB
3pdcA
