5tjlA
4fqwA
1r81A
1r7yA
1r7vA
1r7tA
1lziA
1lz0A
5cmiA
4y64A
4y63A
4y62A
4c2sB
3zgfB
3v0oB
3v0lA
3u0yB
3ioiA
2a8wA
1zjoA
1zi5A
1zi3A
1zi1A
1xz6A
1wt2A
1wt1A
1wszA
4c2sA
3v0oA
5cmjA
5cmfA
3iojB
3iojA
3iohA
2i7bA
1zi4A
1wt3A
1wt0A
5cmgA
1zjpA
5tjkA
5m7aA
5c4bA
5c3bA
5c3aA
5c36A
4gbpA
4frdA
4frbA
3zgfA
3sxgA
3sxeA
3sx7A
3sx5A
2rj6A
2rj5A
5cqlA
4kxoA
4frpA
4froA
4frlA
4fraA
3zggA
3sx8A
2y7aC
2y7aB
1zhjA
1r82A
1r7xA
5cmhA
2rj4A
5c3dA
5c38A
5c1hA
4frqA
3sxbA
2y7aD
2rj0A
2rizA
2riyA
5tjoA
4frmA
4frhA
4freA
3i0dA
2pgvA
2a8uA
1zj3A
1zj2A
1zj1A
1zj0A
1zizA
1r80A
1r7uA
1lzjA
1lz7A
5bxcA
5m7cB
5m7cA
5m7bA
5m79A
5c4fA
4kc4A
4kc2A
4kc1A
3v0pB
3v0nB
3v0nA
3v0mB
3v0mA
3u0yA
3sx3A
2rj8A
2rj7A
5tjnA
5cqnA
5c8rA
5c4dA
5c49A
5c1lA
3sxdA
3sxcA
3i0gA
3i0fA
3i0eA
3i0cA
2rj9A
2rixA
2ritA
2pgyA
2o1gA
2o1fA
5m7dA
5c4eA
5c47A
5c1gA
3v0pA
3u0xA
3sxaA
2rj1A
5c4cA
3u0xB
2y7aA
3i0lA
3i0kA
3i0jA
3i0iA
3i0hA
5cqpA
3v0qB
3v0qA
2o1hA
5c48A
5cqoA
5cqmA
