4tntB
4tntA
2abiC
2abiB
2abiA
5hcvC
5hcvB
5hcvA
4udaA
2oaxF
2oaxE
2oaxD
2oaxC
2oaxB
2oaxA
2aa7A
2aa5B
2aa5A
2aa2A
2a3iA
1ya3C
1ya3B
1ya3A
1y9rB
1y9rA
3vhuA
2ab2B
2ab2A
2aaxB
2aaxA
2aa6B
2aa6A
5mwyA
5mwpA
5l7gA
5l7eA
4udbA
4pf3A
3wfgA
3wffA
5l7hA
3vhvA
5cbzF
5cbzB
5cbzA
5cbzE
5cbxA
5cbxF
5cbxE
5cbxB
1rgdA
5va7D
5va7A
5va0A
5emqC
5emcB
4ov7B
4oorB
5cbyA
5cc1E
5cc1A
5cc1F
5cc1B
5cc0A
4ov7A
4oorA
5va0D
5empB
5e6dD
5e6cB
5cc0D
5cbyB
4ov7C
4oorC
4hn5A
3g8uB
2gdaA
1gdcA
5empA
4ov7D
4oorD
3g9pB
3g9pA
3g9oB
3g9oA
3g8xB
5e6bA
3g9jC
3g6rC
3g6qA
3g6pC
3fylA
5e6dC
5e6bD
5e6aD
5e6aA
5e69D
5e69A
4hn5D
3g99B
3g97B
1r4rC
5emqD
5emcC
3g97A
3g9jD
3g9iA
3g99A
3g8uA
3g6rD
5e6cA
3g9mB
3g9mA
3g6qB
3g6uA
3g6tA
3g8xA
3g6uB
3fylB
4hn6D
4hn6A
3g9iB
3g6pD
4ondB
4ondA
4ondD
4ondC
2c7aA
2c7aB
1r4rD
1gluD
1gluC
1r4oD
1r4oC
