4mf3B
4mf3A
3fvoB
3fvoA
3fvnB
3fvnA
3fvkB
3fvkA
3fvgB
3fvgA
3fv2B
3fv2A
3fv1B
3fv1A
3fuzB
3fuzA
2znuA
2zntA
2znsA
5nf5B
5nf5A
5mfwB
5mfwA
5mfvB
5mfvA
5mfqB
5mfqA
5m2vB
5m2vA
4ymbB
4ymbA
4qf9C
4qf9B
4qf9A
4e0xB
4e0xA
4dldB
4dldA
3s2vA
3gbbA
3gbaD
3gbaC
3c36B
3c36A
3c35B
3c35A
3c34B
3c34A
3c33B
3c33A
3c32B
3c32A
3c31B
3c31A
2wkyB
2wkyA
2qs4D
2qs4C
2qs4B
2qs3B
2qs3A
2qs2B
2qs2A
2qs1B
2qs1A
2pbwB
2pbwA
2ojtB
2ojtA
2f36D
2f36B
2f35B
2f35A
2f34B
2f34A
1ycjB
1vsoA
1txfA
5nebB
5nebA
3s2vB
3gbbB
3gbaB
3gbaA
2qs4A
2f36C
2f36A
1ycjA
5cmkA
5cmkB
5cmmA
4h8iB
4h8iA
3qxmB
1yaeB
3g3fA
1yaeD
1tt1B
1tt1A
1sd3B
1sd3A
1s9tB
1s9tA
1s7yB
1s7yA
1s50A
3qxmA
2xxvB
2xxuB
2xxrB
1yaeE
1yaeC
4bdnC
4bdmA
3g3fB
2xxyD
2xxxD
2xxvA
2xxuA
2xxtB
2xxtA
2xxrA
4bdrA
3g3gA
2xxwB
4bdrB
4bdqB
4bdqA
4bdoD
4bdlA
2xxwA
4bdmD
4bdmC
4bdmB
4bdlB
2xxyC
2xxyB
2xxyA
2xxxC
2xxxB
2xxxA
1yaeF
1yaeA
4bdnB
3g3gB
4bdoA
4bdnA
2i0cB
2i0cA
4bdoC
4bdoB
3g3hA
4bdnD
3g3iA
2i0bC
2i0bA
3u93A
5o4fA
3u93B
6f29A
6f28A
5nf6B
4nwdA
4igrA
4e0wA
3u94C
3u94B
3u94A
3u92B
3u92A
3g3jA
3g3iB
6f28B
5o4fB
5nf6A
3g3hB
2i0bB
4nwcA
4g8nA
3u94D
3s9eB
3s9eA
3g3kA
3g3jB
4mh5A
3g3kB
5kufD
5kufC
5kufB
5kufA
4uqqC
4uqqA
4uqqD
4uqqB
5kuhD
5kuhC
5kuhB
5kuhA
