3etaB
3etaA
1i44A
6cebA
4zxbE
6cebB
6ce9B
6ce9A
6ce7B
6ce7A
5kqvF
5kqvE
4xstA
4xssB
4ogaE
4ibmB
4ibmA
3w13A
3w12A
3w11E
3bu6A
3bu5A
3bu3A
2z8cA
2b4sD
2b4sB
2auhA
1rqqB
1rqqA
5j3hD
5e1sA
2hr7B
2hr7A
5hhwA
4xlvA
3eknA
1irkA
1ir3A
1gagA
1p14A
3ekkA
3qquB
3d94A
3qquA
2oj9A
1k3aA
3nw6A
2zm3B
3lvpB
3f5pP
3f5pO
3f5pN
3f5pI
3lvpD
3lvpC
3f5pM
3f5pK
3f5pJ
2zm3D
1m7nB
1m7nA
3qquD
3nw7A
3nw5A
3lw0D
3lw0C
3lw0B
3lw0A
3f5pD
1jqhB
5hznG
5hznF
5hznE
5hznC
5hznB
5hznA
4d2rA
3i81A
3f5pL
2zm3C
3qquC
3o23A
3f5pB
3lvpA
3f5pH
3f5pG
3f5pF
3f5pE
3f5pA
2zm3A
1p4oA
5fxqA
3f5pC
1jqhC
1jqhA
