3gdqA
4wv7B
4wv5B
4wv5A
4wv7A
5xi9A
1xqsD
1xqsC
5xirA
3a8yB
5bpnA
2e88A
5bn8A
5aqwA
3jxuA
3d2fD
3d2fB
3ay9A
3atvA
3atuA
2e8aA
1hjoA
3d2eD
3d2eB
5mksA
5bplA
1s3xA
5bn9A
5ar0A
4io8A
5bpmA
5aqyA
5mkrA
3a8yA
5aqxA
5aqzA
4po2A
4po2B
7hscA
1ckrA
3c7nB
4hwiA
3cqxA
4h5wB
4h5wA
4h5vA
4h5tA
4h5rB
4h5rA
4h5nB
4h5nA
4fsvA
3hscA
2qwmB
2qwmA
2qwlB
2qwlA
2qw9B
2qw9A
1ngjA
5fpeA
5fpdB
5fpdA
5aqvA
5aqsC
5aqkA
1ngiA
1hpmA
6b1nA
6b1iB
6b1iA
3m3zA
3ldqA
3fzmA
3fzlA
3fzkA
3fzhA
3fzfA
3cqxB
2qwrA
2qwqA
2qwnA
1hx1A
5fpmA
5fpeB
5aqtA
5aqgE
4fl9A
2qwoA
1ngfA
5fpnB
5fpnA
5fpmB
2qwpA
2bupA
1qqoA
1nghA
1nggA
1ngeA
1ngdA
1ngcA
1ngbA
1ngaA
1kazA
1kayA
1kaxA
1bupA
1ba1A
1ba0A
5aquA
5aqrE
5aqrC
5aqrA
5aqqE
5aqqA
5aqpE
5aqpC
5aqoC
5aqoA
5aqnA
5aqjC
5aqjA
5aqiC
5aqiA
5aqhA
5aqgC
5aqgA
5aqfC
1atsA
1atrA
1yuwA
6b1nB
6b1mB
6b1mA
3i33A
5aqsA
5aqqC
5aqpA
5aqoE
5aqnE
5aqnC
5aqmC
5aqlC
5aqlA
5aqjE
5aqfA
2v7zB
2v7zA
1qqmA
5aqmA
1qqnA
5gjjA
3fe1C
3fe1A
3fe1B
