5w4xC
5w4xB
5w4xA
5vr8F
5vr8E
5vr8D
5vr8A
4rjtC
4rjtB
4rjtA
4edfD
4edfC
4edfB
4edfA
3tf5C
3tf5B
3tf5A
3tdkL
3tdkK
3tdkJ
3tdkI
3tdkH
3tdkG
3tdkF
3tdkE
3tdkD
3tdkC
3tdkB
3tdkA
3ptzF
3ptzE
3ptzD
3ptzC
3ptzB
3ptzA
3prjF
3prjE
3prjD
3prjC
3prjB
3prjA
2qg4H
2qg4G
2qg4F
2qg4E
2qg4D
2qg4C
2qg4B
2qg4A
2q3eL
2q3eK
2q3eJ
2q3eI
2q3eH
2q3eG
2q3eF
2q3eE
2q3eD
2q3eC
2q3eB
2q3eA
6c4kC
6c4kB
6c4kA
6c4jL
6c4jK
6c4jJ
6c4jI
6c4jH
6c4jG
6c4jF
6c4jE
6c4jD
6c4jC
6c4jB
5vr8C
5vr8B
5tjhF
5tjhE
5tjhD
5tjhC
5tjhB
5tjhA
3khuE
3itkE
6c4jA
3khuF
3khuD
3khuC
3khuB
3khuA
3itkF
3itkD
3itkC
3itkB
3itkA
