1c46A
5lvkB
5lvkA
5lshA
4ml7C
4i0cB
4i0cA
3ln2B
3ln2A
3lhmA
3fe0A
3ebaB
2zwbA
2zilA
2zikA
2zijA
2nwdA
2lhmA
2hefA
2heaA
1yaqA
1yamA
1wqmA
1ubzA
1rezA
1reyA
1rexA
1remA
1re2A
1oujA
1ouiA
1oufA
1oueA
1oudA
1oucA
1oubA
1op9B
1lzsB
1lzsA
1lzrA
1lz6A
1lz5A
1lz1A
1lmtA
1lhkA
1lhjA
1lhhA
1jwrA
1jsfA
1jkdA
1jkcA
1iy4A
1iy3A
1iwzA
1iwyA
1iwxA
1iwwA
1iwvA
1iwuA
1iwtA
1ip7B
1ip7A
1ip5A
1inuA
1i22D
1i22C
1i22B
1i22A
1i20A
1i1zA
1gfvA
1gfuA
1gftA
1gf7A
1gf6A
1gf5A
1gf4A
1gf3A
1ge4A
1ge3A
1gbzA
1gbyA
1gbxA
1gbwA
1gboA
1eqeA
1eq5A
1di5A
1d6qA
1bb5B
1bb5A
1bb4B
1bb4A
1bb3B
1bb3A
1b7mA
134lA
133lA
1di4A
4ml7A
2meiA
2mehA
2megA
2mefA
2meeA
2medA
2mecB
2mecA
2mebA
2meaB
2meaA
2heeA
2hedA
2hecA
2hebA
2bqoA
2bqnA
2bqkA
2bqjA
2bqiA
2bqhA
2bqgA
2bqfA
2bqbA
2bqaA
208lA
207lA
1yapA
1yaoA
1yanA
1wqrA
1wqqA
1wqpA
1wqoA
1wqnA
1w08A
1tdyA
1tcyA
1tbyA
1tayA
1ouhA
1ougA
1ouaA
1lz4A
1lyyA
1lozA
1lhmA
1lhlA
1lhiA
1laaA
1jkbA
1jkaA
1ip6A
1ip4A
1ip3B
1ip3A
1ip2A
1ip1A
1hnlA
1gfrA
1gfkA
1gfjA
1gfhA
1gfgA
1gfeA
1gfaA
1gf9A
1gf8A
1gf0A
1gezA
1gevA
1ge2A
1ge1A
1ge0A
1gdxA
1gdwA
1gb9A
1gb8A
1gb7A
1gb6A
1gb5A
1gb3A
1gb2A
1gb0A
1gazA
1gayA
1eq4A
1di3A
1d6pA
1ckhA
1ckgB
1ckgA
1ckfA
1ckdA
1ckcA
1cj9A
1cj8A
1cj7A
1cj6A
1c45A
1c43A
1b7sA
1b7rA
1b7qA
1b7pA
1b7oA
1b7nA
1b7lA
1b5zB
1b5zA
1b5yA
1b5xA
1b5wA
1b5vA
1b5uA
2bqmA
2bqlA
2bqeA
2bqdA
2bqcA
1qswD
1qswC
1qswB
1qswA
1ix0A
1c7pA
1iocA
