5ddyD
5ddyC
5ddmB
5ddmA
5cb1B
5ca7B
5ca7A
4xrhB
4xrhA
4xq8B
4xq8A
5cr0B
5cr0A
5cp2B
5cp2A
5cj7B
5cj7A
5chgB
5chgA
4x5vA
5iioP
5iioO
5iioN
5iioM
5iinA
5iimA
5iilA
5iikA
5ddyB
5ddyA
5cb1A
4xusA
4k4iM
4k4iE
4k4iA
4k4hI
4k4hE
4k4gM
3mdaA
2gwsP
2gwsO
2gwsN
2gwsM
2bcvD
2bcuD
2bcsD
2bcrD
2bcqD
1xslP
1xslO
1xslN
1xslM
1rztP
1rztO
1rztN
1rztM
5dkwB
5dkwA
4k4iI
4k4hM
4k4hA
4k4gI
4k4gE
5iijA
5iiiA
4k4gA
3mdcA
5cwrA
3hwtA
3hw8A
3c5gE
3c5fH
3c5fG
2pfqD
2pfpD
2pfoD
2pfnD
1xspD
1xsnD
5cwrD
3c5gA
3hx0M
3hx0I
3hx0E
3hx0A
3pmlB
3pmlA
3mgiA
3mghE
3pncA
3mghA
3uq0A
3uq2A
3upqA
3pmnA
4fo6A
4xa5A
