5nevD
5nevB
5lmkD
5lmkB
5if1D
5if1B
5cyiD
5cyiB
4fx3D
4fx3B
4eosD
4eosB
4eorD
4eorB
4eoqD
4eoqB
4eopD
4eopB
4eooD
4eooB
4eonD
4eonB
4eomD
4eomB
4eolD
4eolB
4eokD
4eokB
4eojD
4eojB
4eoiD
4eoiB
4cfxD
4cfxB
4cfwD
4cfwB
4cfnD
4cfnB
4cfmD
4cfmB
4bcpD
4bcpB
4bcmB
4bckD
4bckB
3f5xD
3f5xB
3eocD
3eocB
3ej1D
3ej1B
3eidD
3eidB
2x1nD
2x1nB
2wxvD
2wxvB
2wpaD
2wpaB
2wmbD
2wmbB
2wmaD
2wmaB
2wipD
2wipB
2wihD
2wihB
2whbD
2whbB
2wfyD
2wfyB
2wevD
2wevB
2v22D
2v22B
2uzlD
2uzlB
2uzeD
2uzeB
2uzdD
2uzdB
2uzbD
2uzbB
2uueD
2uueB
2iw9D
2iw9B
2iw8D
2iw8B
2iw6D
2iw6B
2i40D
2i40B
2cjmD
2cjmB
2cciD
2cciB
2cchD
2cchB
2c6tD
2c6tB
2c5xD
2c5xB
2c5vD
2c5vB
2c5oD
2c5oB
2c5nD
2c5nB
2c4gD
2c4gB
2bpmD
2bpmB
2bkzD
2bkzB
1vywD
1vywB
1urcD
1urcB
1qmzD
1qmzB
1pkdD
1pkdB
1p5eD
1p5eB
1ol2D
1ol2B
1ol1D
1ol1B
1okwD
1okwB
1okvD
1okvB
1oiyD
1oiyB
1oiuD
1oiuB
1oi9D
1oi9B
1oguD
1oguB
1jsuB
1jstD
1jstB
1h28D
1h28B
1h27D
1h27B
1h26D
1h26B
1h25D
1h25B
1h24D
1h24B
1h1sD
1h1sB
1h1rD
1h1rB
1h1qD
1h1qB
1h1pD
1h1pB
1gy3D
1gy3B
1fvvD
1fvvB
1finD
1finB
1e9hD
1e9hB
4bcoD
4bcoB
4bcmD
4bcnD
4bcqD
4bcnB
4bcqB
4cfvD
4cfvB
1vinA
4cfuB
3my5D
3my5B
3dogD
3dogB
3ddqD
3ddqB
3ddpD
3ddpB
3bhvD
3bhvB
3bhuD
3bhuB
3bhtD
3bhtB
2g9xD
2g9xB
3tnwD
3tnwB
4cfuD
4ii5B
4ii5D
4i3zD
4i3zB
3qhwD
3qhwB
3qhrD
3qhrB
