6etxM
6etxI
5z30E
5z30A
5y0dE
5y0dA
5y0cG
5y0cC
5xf5E
5xf5A
5xf4E
5xf4A
5xf3E
5xf3A
5jrgE
5jrgA
5gtcE
5gtcA
5gt3E
5gt3A
5gt0B
5gt0A
5gsuB
5gsuA
5cpkE
5cpkA
5cpjE
5cpjA
5cpiE
5cpiA
5c3iV
5c3iR
5c3iN
5c3iJ
5c3iF
5c3iB
5b31E
5b31A
5b2jE
5b2jA
5b2iE
5b2iA
5b24E
5b24A
5b1mE
5b1mA
5avcE
5avcA
5avbE
5avbA
5av9E
5av9A
5av8E
5av8A
5av6E
5av6A
5av5E
5av5A
4z2mD
4z2mB
4ym6E
4ym6A
4ym5E
4ym5A
3x1vG
3x1vC
3x1uG
3x1uC
3x1tG
3x1tC
3x1sE
3x1sA
3wkjE
3wkjA
3waaE
3waaA
3wa9E
3wa9A
3w99E
3w99A
3w98E
3w98A
3w97E
3w97A
3w96E
3w96A
3aznE
3aznA
3azmE
3azmA
3azlE
3azlA
3azkE
3azkA
3azjE
3azjA
3aziE
3aziA
3afaE
3afaA
2cv5G
2cv5C
1u35G
1u35C
1eqzI
1eqzE
6fmlQ
5x0yA
5x0xA
5kgfE
5kgfA
5b0zE
5b0zA
5b0yE
4qlcG
4qlcC
4ld9A
4kgcE
4kgcA
3azhE
3azhA
3azgE
3azgA
3azfE
3azfA
3azeE
3azeA
3aywE
3aywA
3av1E
3av1A
2pyoG
2pyoC
2nqbG
2nqbC
2f8nF
2f8nC
2aroG
1tzyG
1hq3G
6fmlM
5x0yE
5x0xE
5b0yA
4ld9E
3c9kG
3c9kC
2hioC
2aroC
1tzyC
1hq3C
5bsaB
5bsaA
5bs7B
5bs7A
5bo0A
4uuzA
2io5B
1kx5G
1kx5C
1aoiG
3b6gG
3b6gC
3b6fG
3b6fC
6fq5A
6esiA
6eshA
6esfE
6esfA
5nl0K
5nl0A
5hq2A
5e5aG
5e5aC
4r8pA
3utbA
3ut9A
3tu4A
3relA
3rekA
3rejA
3o62E
3o62A
3mvdA
3mgsE
3mgsA
3mgrE
3mgrA
3mgqE
3mgqA
3mgpE
3mgpA
3ljaE
3ljaA
3lelO
3lelK
3lelE
3lelA
3c1bE
3c1bA
2fj7G
2fj7C
1s32G
1s32C
1p3pG
1p3pC
1p3oC
1p3iC
1p3gG
1p3gC
1p3fG
1p3fC
1p3bG
1p3bC
1m1aG
1m1aC
1m19G
1m19C
1m18G
1m18C
1kx4C
1kx3G
1kx3C
1f66C
1aoiC
6g0lE
6g0lA
6ftxA
6fq8A
6fq6E
6fq6A
6fq5E
6eshE
6esgA
5xf6E
5xf6A
5oxvR
5oxvN
5oxvI
5oxvE
5o9gE
5o9gA
5nl0E
5mluE
5mluA
5dnnE
5dnnA
5dnmE
5dnmA
5cp6G
5cp6C
5b40E
5b40A
5b1lE
5b1lA
4zuxO
4zuxK
4zuxE
4zuxA
4z66E
4z66A
4ys3E
4ys3A
4xzqE
4xzqA
4xujE
4xujA
4wu9E
4wu9A
4wu8G
4wu8C
4r8pE
4j8xE
4j8xA
4j8wE
4j8wA
4j8vE
4j8vA
4j8uE
4j8uA
3utbE
3utaE
3utaA
3ut9E
3tu4E
3relE
3rekE
3rejE
3reiE
3reiA
3rehE
3rehA
3mvdE
3mnnE
3mnnA
3lz1E
3lz1A
3lz0E
3lz0A
3kuyE
3kuyA
2nzdG
2nzdC
1p3oG
1kx4G
6fq8E
6esgE
6esiE
1f66G
5omxG
5f99E
5f99A
1p3mG
1p3mC
1p3lG
1p3kG
5omxC
3kwqE
3kwqA
3c1cE
3c1cA
3a6nE
3a6nA
1zlaG
1zlaC
1p3lC
1p3kC
1p3aG
1p3aC
1p34G
1p34C
4x23O
4x23C
3kxbE
3kxbA
1p3iG
4eo5B
5x7xE
5kdmA
3wtpE
2hueB
5xm0E
5xm0A
5ongG
5b33E
5b33A
5b32E
5b32A
3av2E
3av2A
5x7xA
5onwG
5onwC
5ongC
4x23S
4x23G
4hgaB
5xm1E
5ja4A
5bnvC
5xm1A
5bnxA
5bnvA
4z5tE
4z5tA
5gxqE
5gxqA
4h9oA
4zbjB
4h9rA
4h9qA
4h9pA
4h9nA
4h9sB
4h9sA
6ftxE
5zbbC
4kudE
4kudA
4jjnE
5zbaC
4jjnA
1id3G
1id3C
5ay8E
