6b90A
5t19A
5ka1A
5ka0A
5k9wA
5k9vA
4y14B
4y14A
4qbwA
4i8nA
3smeA
3i80A
3i7zA
3eu0A
3eb1A
3eaxA
3d9cA
3cweA
2zn7A
2zmmA
2veyA
2vexA
2vewA
2vevA
2veuA
2qbsA
2qbrA
2qbqA
2qbpA
2hnqA
2hnpA
2hb1A
2h4kA
2h4gA
2fjnB
2fjnA
2fjmB
2fjmA
2f71A
2f70A
2f6zA
2f6yA
2f6wA
2f6vA
2f6tA
2cniA
2cnhA
2cngA
2cnfA
2cmaA
2cm8A
2cm7A
2cm3B
2cm3A
2bgeA
2bgdA
2b07A
2azrA
1xboA
1waxA
1t4jA
1t49A
1t48A
1sugA
1qxkA
1q6tB
1q6tA
1q6sB
1q6sA
1q6pB
1q6pA
1q6nB
1q6nA
1q6mA
1q6jA
1q1mA
1pynA
1pxhA
1ph0A
1onzA
1onyA
1oevA
1oeuA
1oetA
1oesA
1oeoA
1oemA
1nz7A
1no6A
1nnyA
1nl9A
1lqfD
1lqfC
1lqfB
1lqfA
1kavA
1kakA
1jf7B
1jf7A
1g7gA
1bzjA
5ka9A
5ka7A
4zrtA
4qbeA
4qapA
4qahA
3qkqA
3qkpA
2ntaA
2nt7A
2f6fA
2b4sA
1ptyA
1pa1A
1g7fA
1g1hA
1g1gA
1g1fA
1eeoA
1eenA
1aaxA
5kadB
5kadA
5kacA
5kabA
5kaaA
5ka8A
5ka4A
4bjoB
4bjoA
3zmqA
3zmpB
3zmpA
3a5kA
3a5jA
2cneA
2cmcA
2cmbA
2cm2A
2b4sC
1i57A
6b8zA
6b8xA
6b8tA
6b8eA
5ka3A
5ka2A
3zv2A
1ptuA
1pttA
1l8gA
1ecvA
1c88A
1c87A
1c85A
1c84A
1c83A
1bzhA
1bzcA
1ptvA
1nweA
6baiA
6b95A
1nwlA
1a5yA
1c86A
1gfyA
