5kr7B
5kr7A
5fjkA
5fjhB
5fjhA
4xdpB
4xdpA
4xdoB
4xdoA
2xmlB
2xmlA
2xdpA
4lxlA
5f3iB
5f3gC
5f3cB
5vmpC
5f3eD
5a7oB
5vgiC
5ly2D
5ly1D
4gd4B
3njyB
3njyA
2os2A
2oq7A
5ly1B
5fpvH
5fpvE
5f3iD
5f3gB
5f3cC
5a7qB
5a7oA
5ly2B
5f3gA
5f39B
5f32B
5a7sA
3u4sA
2q8dB
2gp3B
5ly2C
5ly2A
5ly1C
5fweA
5fpvG
5fpvF
5fpvD
5fpvC
5fpvB
5fpvA
5f3iC
5f3eA
5f3cA
5f39C
5f39A
5f32A
5f2sA
4v2wA
4v2vB
3pdqB
2q8eB
2pxjB
2p5bB
2ox0B
2ot7B
2os2B
2oq6B
2gp5B
5vgiD
5vgiB
5vgiA
5tvrB
5fyiA
5fyhA
5fycA
5f5iB
5f3eC
5f3eB
5f2wA
5a80B
5a80A
5a7wA
5a7sB
5a7pB
5a7nB
5a7nA
2wwjA
2q8cB
5fyiB
5f5iA
5f3gD
5f39D
5f37C
5f2sD
5anqB
4uraB
4uraA
3u4sB
5fyhB
5fycB
5fy8B
5f2sC
4bisB
4bisA
4ai9A
2ybsA
2wwjB
2oq7B
2oq6A
5fy8A
5f3cD
5f37D
5f37A
5f2wD
5f2wB
5anqA
5a7wB
5a7pA
4gd4A
3rvhB
2q8cA
5ly1A
4ai9B
2ybsB
2ybpA
2ybkB
2ybkA
2vd7B
2q8eA
2ox0A
2ot7A
5vmpB
5vmpA
5tvsB
5tvsA
5tvrA
5f3iA
5f32D
5f32C
5f2wC
5a7qA
3rvhA
2vd7A
5fweB
4v2wB
4v2vA
3pdqA
2ybpB
5vmpD
2pxjA
2p5bA
2gp5A
5f37B
5f2sB
2q8dA
