3pgtB
3pgtA
3n9jB
3n9jA
3gusB
3gusA
3gssB
3gssA
3dgqB
3dgqA
3dd3B
3dd3A
3csjB
3csjA
3cshB
3cshA
2gssB
2gssA
2a2sB
2a2sA
2a2rB
2a2rA
20gsB
20gsA
1zgnB
1zgnA
1md4B
1md4A
1md3B
1md3A
1gssB
1gssA
1aqxD
1aqxC
1aqxB
1aqxA
1aqwD
1aqwC
1aqwB
1aqwA
1aqvB
1aqvA
19gsB
19gsA
18gsB
18gsA
16gsB
16gsA
13gsB
13gsA
12gsB
12gsA
11gsB
11gsA
10gsB
10gsA
3ie3B
3ie3A
3hkrB
3hkrA
3hjoB
3hjoA
3hjmD
3hjmC
3hjmB
3hjmA
3csiD
3csiC
3csiB
3csiA
2pgtB
2pgtA
22gsB
22gsA
1px7B
1px7A
1px6B
1px6A
1pgtB
1pgtA
1eohH
1eohG
1eohF
1eohE
1eohD
1eohC
1eohB
1eohA
1eogB
1eogA
17gsB
17gsA
14gsB
14gsA
3kmoB
3kmoA
3kmnB
3kmnA
3km6B
3km6A
1kbnB
1kbnA
2j9hB
2j9hA
1lbkB
1lbkA
1bayA
1bayB
2gsrB
2gsrA
2glrB
2glrA
1gsyB
1gsyA
1glqB
1glqA
1glpB
1glpA
1gtiF
1gtiE
1gtiD
1gtiC
1gtiB
1gtiA
3o76B
3o76A
2oadB
2oadA
2oacB
2oacA
2oa7B
2oa7A
