5lsaA
4xueB
4pykA
4pyjA
4pyiA
3bwmA
3a7eA
4xueA
4xudA
4xucA
3bwyA
5k05B
5k0bH
5k0bE
5k0bC
5k09Q
5k09O
5k09N
5k09L
5k09J
5k09H
5k09F
5k09C
5k0eA
5k0cB
5k0cA
5k0bB
5k09X
5k09W
5k09V
5k09U
5k09T
5k09S
5k09P
5k09M
5k09K
5k09I
5k09E
5k09D
5k09B
5pa7A
5pa6A
5pa5A
5pa4A
5pa3A
5pa2A
5p9zA
5p9yA
5p9xA
5p9vA
5p9tA
5p9rB
5p9rA
5p9qA
5p9pA
5p9oA
5p9nA
5p94A
5p93A
5p92A
5p91A
5p90A
5p8zA
5p8yA
5p8xA
5p8wB
5lr6D
5lqnA
5lqjC
5k0bG
5k0bF
5k0bA
5k05A
4pyqB
4pyqA
3r6tA
3oztA
3ozsA
3ozrA
3oe5A
3oe4A
3nweA
5pa0A
5k09R
5k09G
5k09A
5p8wA
5lqkA
4pyoB
5p9uA
5p9sA
5lr6C
5lqjD
5lqjB
5lqjA
5k03A
5k01A
4pyoA
5p8wC
5lr6B
5lr6A
5k0bD
5pa7B
2cl5B
5p9eA
5p98A
5p95A
5lquB
5k0gA
5k0fB
5k0fA
4p7gD
4p7gC
4p7gB
3hvjB
3a7dA
5pa1A
5p9wA
5p9dA
5p9cA
5p9aA
5p99A
5p97A
5p96A
5lquA
5lqrA
5lqaA
5fhqA
4pymA
4p7gA
4p7fA
3u81A
3s68A
3nwbA
3nw9A
3hvkA
3hvjA
3hviA
3hvhA
4p7jA
2zvjA
2zlbA
1jr4A
4p58A
5p9bA
5k0jB
5k0jA
5k0gB
2cl5A
5lqcA
5k0lD
5k0lC
5k0lA
5fhrB
5fhrA
4pynA
4pylA
1vidA
1h1dA
5k0lB
2zthA
5k0nD
5k0nC
5k0nB
5k0nA
