6f78B
6f78A
6f2uB
6f2uA
5hnuB
5hnuA
5hntB
5hntA
4zfcB
4zfcA
4yvxB
4yvxA
4yvvB
4yvvA
4xveA
4xvdB
4xvdA
4wrhA
4wdxB
4wdxA
4wdwB
4wdwA
4wduA
4wdtA
4hmnA
4h7cA
4famB
4famA
4falA
4fa3A
4dbwB
4dbwA
4dbuB
4dbuA
4dbsB
4dbsA
3uweA
3ugrA
3ug8A
3ufyA
3r94A
3r8hA
3r8gA
3r7mA
3r6iA
3r58A
3r43A
1s2cA
1s2aA
1s1rA
1s1pA
5jm5B
5jm5A
2fgbA
2f38A
1zq5A
1xf0A
1ry8B
1ry8A
1ry0B
1ry0A
4dz5A
4yvpB
4yvpA
3ntyA
3gugA
3c3uA
1mrqA
4jq4B
4l1xB
4l1xA
4xo7B
4xo7A
2hdjB
2hdjA
1xjbB
1ihiB
1ihiA
4jtqB
4jq3B
4jq2B
1j96B
4xo6B
4xo6A
4l1wB
4l1wA
4jtrB
4jtrA
4jtqA
4jqaB
4jqaA
4jq4A
4jq3A
4jq2A
4jq1B
4jq1A
1xjbA
1j96A
2ipjB
2ipjA
2fvlC
2fvlB
2fvlA
