4cx7D
4cx7C
4cx7B
4cx7A
3ej8D
3ej8C
3ej8B
3ej8A
3e7gD
3e7gC
3e7gB
3e7gA
2nsiD
2nsiC
2nsiB
2nsiA
1nsiD
1nsiC
1nsiB
1nsiA
4nosD
4nosC
4nosB
4nosA
4ux6B
1nocA
4js9B
2y37B
3e6tB
3e6oB
3e68B
2y37A
1m8eB
1dwxB
3nw2A
3nodA
2nodA
2bhjA
1nodA
1dwxA
3nw2B
3nqsB
3nqsA
3nodB
3e7tB
3e7tA
3e6nB
3e6nA
3e6lB
3e6lA
3e67B
3e67A
3dwjB
2nodB
1r35B
1r35A
1nodB
1m9tA
1m8iB
1m8iA
1m8hB
1m8hA
1m8dB
4js9A
1jwkA
1m9tB
1m8eA
1jwkB
1jwjB
1jwjA
3e6tA
3e6oA
3e68A
3dwjA
1m8dA
3e7iB
3e7iA
1qomB
1qomA
1dwwB
1dwwA
1dwvB
1dwvA
1df1B
1df1A
3e65A
1vafB
1vafA
1qw5B
1qw5A
1qw4B
1qw4A
1n2nB
1n2nA
3e7mA
3ebfB
3ebfA
3ebdB
3ebdA
3eaiB
3eaiA
3e7mB
3e65B
