6bl2C
6bl2B
6bl2A
6bl1C
6bl1B
6bl1A
6bl0C
6bl0B
6bl0A
6bkzB
6bkzA
6bkyF
6bkyE
6bkyD
6bkyC
6bkyB
6bkyA
6bkxC
6bkxB
6bkxA
5yfnB
5yfnA
5yfmC
5yfmB
5yfmA
3masB
1t0lD
1t0lC
1t0lB
1t0lA
1t09B
1t09A
6b0zC
6b0zB
6adgB
6adgA
5tqhD
5tqhC
5tqhB
5tqhA
5svfD
5lgeD
5lgeC
5lgeB
5lgeA
5de1B
4umxB
4umxA
4l06F
4l06E
4l06D
4l06C
4l06B
4l06A
4l04F
4l04E
4l04D
4l04C
4l04B
4l04A
4l03C
4l03B
4l03A
4kzoC
4kzoB
4kzoA
3inmC
3inmB
3inmA
6b0zD
6b0zA
6adgC
5svfC
5svfB
5svfA
5sunB
5sunA
5k11B
5k11A
5k10B
5k10A
5de1A
4xs3B
4xs3A
4xrxB
4xrxA
4umyB
4umyA
4i3lB
4i3lA
4i3kB
4i3kA
3masA
3marB
3marA
3mapB
3mapA
5l57A
5l58A
5yziB
5yziA
5yzhB
5yzhA
