6d8eA
5xwdA
5wb7D
5wb7C
5wb7A
5ugbA
5fedA
5em8A
5cavA
4zjvB
4zjvA
4zauA
4uv7A
4uipA
4tksA
4lrmE
4lrmD
4lrmC
4lrmB
4lrmA
4krpA
4kroA
4jrvA
4jr3A
4jq8A
4jq7A
4i23A
4g5jA
3w33A
3w32A
3w2sA
3vjoA
3qwqA
3pozA
3p0yA
3belA
3b2vC
2rgpA
2rf9B
2rf9A
2j6mA
2j5fA
2j5eA
2ityA
2itxA
2itwA
2gs2A
1xkkA
1moxB
1moxA
1m17A
1m14A
1ivoB
1ivoA
3njpB
3njpA
1nqlA
6aruA
5yu9D
5yu9C
5yu9B
5yu9A
5y9tA
5xgmA
5xdlA
5xdkA
5x2kA
5x28A
5x27A
5x26A
5jebA
5j9zA
5j9yA
5gtzA
5gtyH
5gtyG
5gtyF
5gtyE
5gtyD
5gtyC
5gtyB
5gtyA
5gmpA
5feqA
5feeA
5czhA
5cnoB
5cnoA
5cnnB
5cnnA
4wd5A
4riyD
4riyB
4rixD
4rixB
4riwD
4riwB
4r5sA
4lqmA
4i24B
4i24A
4g5pA
3ikaB
3ikaA
3gt8D
3gt8C
3gt8B
3gt8A
3gopA
2rfdB
2rfdA
2jiuB
2jiuA
2jitA
2itzA
2itvA
2ituA
2ittA
2itqA
2itpA
2itoA
2itnA
2gs7B
2eb3A
2eb2A
5wb8A
5gnkA
4hjoA
3lzbD
3lzbC
3lzbB
3lzbA
2rfeD
2rfeC
2rfeB
2jivB
2jivA
2gs7A
3c09F
3c09C
3b2uX
3b2uR
3b2uL
1yy9A
5xgnB
5x2fD
5x2fB
5x2aB
5wb8D
5wb7B
5hibA
5cziA
4zseB
4r3rA
4r3pA
2jitB
5xgnA
5x2fC
5x2fA
5x2cB
5x2cA
5x2aD
5x2aC
5x2aA
5hicA
5hczA
5hcyA
5hcxA
5em7A
5em6A
5em5A
5edrA
5edqA
5edpA
5d41B
5d41A
5cauA
5casA
5caqA
5capA
5caoA
5canA
5calA
5c8nA
5c8mA
5c8kA
4zseD
4zseC
4zseA
4wrgA
4wkqA
4rj8A
4rj7A
4rj6A
4rj5A
4rj4A
4ll0B
4ll0A
4i21B
4i21A
4i20A
4g5pB
3w2rA
3vjnA
3ug2A
3ug1A
2rfeA
6b3sA
5y25A
5u8lA
5hg8A
5hg5A
4wd5B
4li5A
4i22A
4i1zA
3w2qA
3w2pA
3w2oA
3b2uU
3b2uI
3b2uF
2gs6A
5zwjA
5uwdA
5ugcA
5ugaA
5ug9A
5ug8A
5hg9A
5hg7A
6b3sJ
6b3sG
6b3sD
3b2uO
3b2uC
5sx4F
5sx4E
4krmK
4krmE
4krmC
4krmA
4krlB
5sx5F
4krmI
4krmG
5sx5E
3rcdD
3rcdB
3pp0A
3rcdC
3rcdA
3pp0B
3bbwA
3bbtB
3bbwB
3bbtA
2r4bB
2r4bA
3bceC
3bceB
3bceA
