5vgdA
4nt6A
1qqdA
5w6aC
5w6aA
5w69E
5w69C
5w69A
5w67A
5w69G
1im9E
1im9A
1efxA
5vgeA
5xs3A
4lcyD
4lcyA
3bxnA
6avgH
6at5A
5wmpA
5wmoA
5wmnC
5wmnA
5eo1A
5eo0A
3vclA
6avgD
4u1kD
4u1kA
4u1hA
6avfE
4u1mA
3bvnD
3bvnA
4o2fD
4o2fA
4o2eD
4o2eA
4o2cA
4u1jA
5txsA
3c9nA
1xr9A
1xr8A
3skoA
4u1nA
6bj2C
5wmqA
4qruA
4qrtA
4qrsA
4qrpF
4qrpA
4priA
4preA
4prdA
4prbA
4jryA
4jrxA
3x13A
3vfwA
3vfvA
3vfuA
3vftA
3vfsA
3vfrA
3spvA
3skmA
3ffcF
3bwaA
3bw9A
2nw3A
2fz3A
2axfA
2ak4P
2ak4K
2ak4F
2ak4A
1zhlA
1agfA
1ageA
1agdA
1agcA
1agbA
6bj3A
6bj8A
4u1lD
4u1lA
5vz5A
5degA
5defA
4qrrA
4prpA
4prnA
4praA
4pr5A
4lnrA
3vfpA
3vfoA
3vfnA
3vfmA
3mv9A
3mv8A
3mv7A
3lksA
3lkrA
3lkqA
3lkpA
3lkoA
3lknA
2nx5P
2nx5K
2nx5F
2nx5A
2h6pA
2fyyA
2cikA
2axgA
1zsdA
1zhkA
1xh3A
3ln4A
5xotA
5xosA
5iekA
5ib5D
5ib5A
5ib4A
5ib3A
5ib2A
5ib1A
4g9fA
4g9dA
4g8iA
4g8gA
3x14A
3sjvP
3sjvK
3sjvF
3sjvA
3lv3A
3kxfP
3kxfI
3kxfC
3kxfA
3kwwA
3hcvA
3ffcA
3dtxA
3czfA
3bp7A
3bp4A
3b6sA
3b3iA
2bstA
2bssA
2bsrA
2a83A
1w0wA
1w0vA
1uxwA
1uxsA
1ogtA
1of2A
1mi5A
1k5nA
1jgeA
1jgdA
1hsaD
1hsaA
1a1nA
4prhA
3ln5A
4u1sA
4u1iA
3w39D
3w39A
5v5lA
5iehA
4xxcA
4mjiF
4mjiA
4jqvA
3d18A
1e27A
1a9eA
1a9bD
1a9bA
3x11A
1e28A
1cg9A
1a1oA
1a1mA
5v5lC
5indC
5indA
5incC
5incA
5im7C
5im7A
2bvqA
2bvoA
