5l9xA
5l1lA
5l1kA
5l1jA
5l1iA
5kg7A
5kg6A
5kg5A
5kg4A
5kg3A
5kg2A
5kg1A
5kg0A
5kfzA
5kfyA
5kfrA
5kfqA
5kfpA
5kfoA
5kfnA
5kfmA
5kflA
5kfkA
5kfjA
5kfiA
5kfhA
5kfgA
5kffA
5kfeA
5kfdA
5kfcA
5kfbA
5kfaA
5jumA
5f9nA
5f9lA
5ewgA
5ewfA
5eweA
5dqiA
5dqhA
5dqgA
5dlgA
5dlfA
5dgbA
5dgaA
5dg9A
5dg8A
5dg7A
4ru9A
4rnoA
4rnnA
4rnmA
4q8fA
4q8eA
4o3sA
4o3rA
4o3qA
4o3pA
4o3oA
4o3nA
4j9sA
4j9rA
4j9qA
4j9pA
4j9oA
4j9nA
4j9mA
4j9lA
4j9kA
4ed8A
4ed7A
4ed6A
4ed3A
4ed2A
4ed1A
4ed0A
4eczA
4ecyA
4ecxA
4ecwA
4ecvA
4ecuA
4ectA
4ecsA
4ecrA
4ecqA
4dl7A
4dl6A
4dl5A
4dl4A
4dl3A
4dl2A
3si8A
3mr5A
3mr3A
3mr2A
3jaaA
6d0zA
6d0mA
5kfxA
5kfwA
5kfvA
5kfuA
5kftA
5kfsA
4yr3A
4yr2A
4yr0A
4eeyA
3tq1A
3mr6A
4yqwA
4yp3A
