5qa2A
5qa1A
5qa0A
5q9zA
5q9yA
5q9xA
5q9wA
5q9vA
5q9uA
5q9tA
5q9sA
5q9rA
5q9qA
5q9pA
5q9oA
5q9nA
5q9mA
5q9lA
5q9kA
5q9jA
5q9iA
5q9hA
5q9gA
5q9fA
5q9eA
5q9dA
5q9cA
5q9bA
5q9aA
5q99A
5q98A
5q97A
5q96A
5q95A
5q94A
5q93A
5q92A
5q91A
5q90A
5q8zA
5q8yA
5q8xA
5q8wA
5q8vA
5q8uA
5q8tA
5q8sA
5q8rA
5q8qA
5q8pA
5q8oA
5q8nA
5q8mA
5q8lA
5q8kA
5q8jA
5q8iA
5q8hA
5q8gA
5q8fA
5q8eA
5q8dA
5q8cA
5q8bA
5q8aA
5q89A
5q88A
5q87A
5q86A
5q85A
5q84A
5q83A
5q82A
5q81A
5q80A
5q7zA
5q7yA
5q7xA
5q7wA
5q7vA
5q7uA
5q7tA
5q7sA
5q7rA
5q7qA
5q7pA
5q7oA
5q7nA
5q7mA
5q7lA
5q7kA
5q7jA
5q7iA
5q7hA
5q7gA
5q7fA
5q7eA
5q7dA
5q7cA
5q7bA
5q7aA
5q79A
5q78A
5q77A
5q76A
5q75A
5q74A
5q73A
5q72A
5q71A
5q70A
5q6zA
5q6yA
5q6xA
5q6wA
5q6vA
5q6uA
5q6tA
5q6sA
5q6rA
5q6qA
5q6pA
5q6oA
5q6nA
5q6mA
5q6lA
5q6kA
5q6jA
5q6iA
5q6hA
5q6gA
5q6fA
5q6eA
5q6dA
5q6cA
5q6bA
5q6aA
5q69A
5q68A
5q67A
5q66A
5q65A
5q64A
5q63A
5q62A
5q61A
5q60A
5q5zA
5q5yA
5q5xA
5q5wA
5q5vA
5q5uA
5q5tA
5q5sA
5q5rA
5q5qA
5q5pA
5q5oA
5q5nA
5q5mA
5q5lA
5q5kA
5q5jA
5q5iA
5q5hA
5q5gA
5q5fA
5q5eA
5q5dA
5q5cA
5q5bA
5q5aA
5q59A
5q58A
5q57A
5q56A
5q55A
5q54A
5q53A
5q52A
5q51A
5q50A
5q4zA
5q4yA
5q4xA
5q4wA
5q4vA
5q4uA
5q4tA
5q4sA
5q4rA
5q4qA
5q4pA
5q4oA
5q4nA
5q4mA
5q4lA
5q4kA
5q4jA
5q4iA
5q4hA
5q4gA
5q4fA
5q4eA
5q4dA
5q4cA
5q4bA
5q4aA
5q49A
5q48A
5q47A
5q46A
5q45A
5q44A
5q43A
5q42A
5q41A
5q40A
5q3zA
5q3yA
5q3xA
5q3wA
5q3vA
5q3uA
5q3tA
5q3sA
5q3rA
5q3qA
5q3pA
5q3oA
5q3nA
5q3mA
5q3lA
5q3kA
5q3jA
5q3iA
5q3hA
5q3gA
5q3fA
5q3eA
5q3dA
5q3cA
5q3bA
5q3aA
5q39A
5q38A
5q37A
5q36A
5q35A
5q34A
5q33A
5q32A
5q31A
5q30A
5q2zA
5q2yA
5q2xA
5q2wA
5q2vA
5q2uA
5q2tA
5q2sA
5q2rA
5q2qA
5q2pA
5q2oA
5q2nA
5q2mA
5q2lA
5q2kA
5q2jA
5q2iA
5q2hA
5q2gA
5q2fA
5q2eA
5q2dA
5q2cA
5q2bA
5q2aA
5q29A
5q28A
5q27A
5q26A
5q25A
5q24A
5q23A
5q22A
5q20A
5q1zA
5q1yA
5q1xA
5q1wA
5q1vA
5q1uA
5q1tA
5q1sA
5q1rA
5q1qA
5q1pA
5q1oA
5q1nA
5q1mA
5q1lA
5q1kA
5q1jA
5nzyA
5nzxA
5nzwA
4b87A
5ahrA
