4tntB
4tntA
5cbzF
5cbzB
5cbzA
5cbzE
5cbxE
5cbxA
5va7D
5va7A
5va0A
5emqC
5emcB
4ov7B
4oorB
5cbxF
5cbxB
4ov7A
4oorA
5cc0D
5cbyB
4ov7C
4oorC
5empA
1rgdA
4ov7D
4oorD
5cc1E
5cc1A
5cc1F
5cc1B
5cc0A
5va0D
5emqD
5empB
5emcC
5e6dD
5e6cB
4hn5A
3g8uB
2gdaA
1gdcA
3g6tB
5cbyA
3g8xB
5e6bA
3g9jC
3g6rC
3g6qA
3g6pC
3fylA
5e6dC
5e6bD
5e6aD
5e6aA
5e69D
5e69A
4hn5D
3g99B
3g97B
1r4rC
3g97A
4ondB
3g6uA
3g6tA
3g8xA
3g9pB
3g9pA
3g9oB
3g9oA
4ondA
4hn6D
4hn6A
4ondD
4ondC
3g6uB
3fylB
5e6cA
3g9mA
2c7aB
1r4rD
1r4oD
1r4oC
3g9jD
3g9iA
3g99A
3g8uA
3g6rD
3g9mB
3g6qB
2c7aA
3g9iB
3g6pD
1gluD
1gluC
