5kniG
5kniF
5kniE
5kniD
5kniC
5kniB
5kniA
5jhqD
5jhqC
5jhqB
5jhqA
4n4vB
4n4vA
4n3rB
4mt9B
4mt9A
4mskD
4mskC
4mskB
4mskA
4msgB
4i9iD
4i9iC
4i9iB
4dviB
4dviA
5etyD
5etyC
5etyB
5etyA
5ebtD
4uw1H
4uw1G
4uw1F
4uw1E
4uw1D
4uw1B
4uw1A
4uuhA
4u6aA
4torD
4torC
4torB
4torA
4n4tB
4n4tA
4n3rA
4msgA
4li8B
4li8A
4li7B
4li7A
4li6B
4li6A
4krsB
4krsA
4k4fB
4k4fA
4k4eB
4k4eA
4i9iA
3uh4B
3uh4A
3uh2B
3uh2A
3uddB
3uddA
2rf5A
6cf6B
6cf6A
5hkpB
5hkpA
3utmA
3utmB
5eceD
5eceC
5eceB
5eceA
5ebtC
5ebtB
5ebtA
4w5sA
4uw1C
4tosB
4tosA
4oa7D
4oa7C
4oa7B
4oa7A
4w6eA
5ju5C
5ju5F
5ju5D
5jtiB
5jtiA
5ju5A
5jtiE
5jtiC
5gp7A
4tjyD
4tkgA
4pnrA
4tkiA
4tkfD
4tkfA
4tk5D
4tk0A
4tjyA
4tjwA
4tjuD
4pnrD
4pnnA
4pnmA
4pnlA
4pmlD
4pmlA
4tkgD
4tjuA
4pnsA
4pnmD
4pnnD
4pnlD
4tkiD
4tk5A
4pnqA
4tk0D
4tjwD
4pntD
4pnsD
4pnqD
5aehA
4uvzA
4uvlA
4pntA
4bs4A
3p0nA
5fpgB
5fpgA
4m7bB
4m7bA
3p0pB
3p0pA
3kr8A
5owtA
5nobA
5dczA
3twsA
3twrA
5aehB
3twsC
5owsB
5nutB
5nutA
5al5B
5al4B
5al3B
5al2B
5al1B
5akwB
5akuA
4z68A
4w5iB
4ux4B
4uvzB
4uvyB
4uvxB
4uvwB
4uvvB
4uvuB
4uvtB
4uvsB
4uvoB
4uvoA
4uvnB
4uvnA
4uvlB
4uhgB
4ufyB
4ufuB
4j3lA
4j22B
4j22A
4j21A
4j1zB
4j1zA
4iueA
4buyB
4buxB
4buwB
4buvB
4buuB
4butB
4busB
4buiB
4bufB
4bueB
4budB
4buaB
4bu8B
4bu7B
4bu6B
4bu5B
4bu3B
4bs4B
4bfpB
4avwB
4avuB
3w51B
3w51A
3u9hB
3twvA
3twsD
3mhkA
3kr7A
5owtB
5owsA
5al5A
5al4A
5al3A
5al2A
5al1A
5akwA
5akuB
4w5iA
4ux4A
4uvyA
4uvxA
4uvwA
4uvvA
4uvuA
4uvtA
4uhgA
4ufyA
4ufuA
4j3mB
4j3mA
4buyA
4buxA
4buwA
4buvA
4butA
4busA
4buiA
4bufA
4bueA
4budA
4buaA
4bu9A
4bu8A
4bu7A
4bu6A
4bu5A
4bu3A
4bj9B
4bj9A
4bfpA
4avwA
4avuA
3ua9B
3ua9A
3u9yA
3u9hA
3p0qB
3p0qA
3p0nB
3mhjB
3mhjA
3kr8B
4bjcA
5nwgA
5fpfB
5fpfA
5c5rC
5c5qC
5c5pC
4pnrB
3twuA
5nobB
4bu9B
4buuA
4bjbA
3twvD
3twtA
5nxeC
5nwgC
5nwdC
5nwcC
5nwbC
5nvhC
5nvfC
5nveC
5nveA
5nvcC
5nt4C
5nt0C
5nsxC
5nspC
5c5pA
5adtA
5adsA
5adrA
5adqA
4uvpC
4uvpA
4ui8B
4ui7B
4ui6B
4ui5B
4ui4B
4ui3B
4tkgB
4l34C
4l33C
4l32C
4l31C
4l2kC
4l2gC
4l2fC
4l10C
4l0vC
4l0tC
4l0sC
4l0iC
4l0bC
4l09C
4kzuC
4kzqC
4kzlC
4hlmC
4hlkC
4hlhC
4hlgC
4hlfC
4hknA
4hkkC
4hkkA
4hkiC
5nxeA
5nwdA
5nwcA
5nwbA
5nvhA
5nvfA
5nvcA
5nt4A
5nt0A
5nsxA
5nspA
5c5rA
5c5qA
4ui8A
4ui7A
4ui6A
4ui5A
4ui4A
4ui3A
4pmlB
4l34A
4l33A
4l32A
4l31A
4l2kA
4l2gA
4l2fA
4l10A
4l0vA
4l0tA
4l0sA
4l0iA
4l0bA
4l09A
4kzuA
4kzqA
4kzlA
4hmhA
4hlmA
4hlkA
4hlhA
4hlgA
4hlfA
4hl5A
4hkiA
4uvsA
4tjuB
3twrC
3twwA
3twvC
3twvB
3twsB
3twrB
4tk0B
4pnnB
5bxoB
4tkiB
4tkfB
4tk5B
4tjyB
3twtB
5bxoA
4pnsB
4pnlB
3twxB
3twxA
3twwB
3twrD
5bxuA
4tjuC
4pnrC
4pnqB
4pntB
4pntC
4tkiC
4tkfC
4tk5C
4tk0C
4tjyC
4tjwC
4tjwB
4pnsC
4pnqC
4pnnC
4pnlC
4pmlC
3twtD
3twtC
4tkgC
4pnmB
4pnmC
3twqB
3twqA
4hyfC
4hyfB
4hyfA
