1xb1K
1xb1I
1xb1G
1xb1E
1xb1C
1xb1A
1xb0K
1xb0I
1xb0G
1xb0E
1xb0C
1xb0A
3hl5B
2vslA
1g73C
4hy0H
4hy0F
4hy0E
4hy0B
4hy0A
5o6tA
4kmpB
4kmpA
4ic2B
3g76C
3g76A
3g76G
3g76E
5o6tB
3hl5A
2jk7A
1nw9A
4ic2A
6ey2B
5m6mA
5m6hA
4hy0G
4hy0D
6h6qB
4hy0C
6ey2G
5m6eA
4ec4J
4ec4H
4ec4F
4ec4E
4ec4D
4ec4C
4ec4B
3cm7D
3clxD
6ey2H
6ey2E
6ey2C
6ey2A
5m6lA
5m6fA
5c0kA
4ic3B
4ec4I
4ec4G
3cm2J
1tftA
1tfqA
1g3fA
1f9xA
4ic3A
3cm7C
3cm2I
3cm2H
3cm2G
3cm2F
3cm2E
3cm2C
3cm2B
3cm2A
6h6rA
6h6qA
6ey2F
6ey2D
5oqwB
5oqwA
5c84A
5c83A
5c7dA
5c7cA
5c7bA
5c7aA
5c3kA
5c3hA
5c0lA
4ec4A
3eylB
3eylA
3cm7B
3cm7A
3cm2D
3clxC
3clxB
3clxA
2opyA
3g76H
3g76D
3g76B
2opzD
2opzC
2opzB
2opzA
1g73D
