6fa2F
6fa2E
6fa2D
6fa2C
6f76C
5uk9B
5ufeA
5tb5C
5octF
5octE
5octD
5octC
4wa7A
4obeB
4obeA
4lpkB
4lpkA
3gftF
3gftE
3gftD
3gftC
3gftB
2mseC
2msdC
2mscC
6ccxB
6cchB
6cc9B
5tarA
6fa4F
6fa4E
6fa4D
6fa4C
6fa4B
6fa4A
6fa3F
6fa3E
6fa3D
6fa3C
6fa3B
6fa3A
6fa2B
6fa2A
6fa1F
6fa1E
6fa1D
6fa1C
6fa1B
6fa1A
6f76F
6f76E
6f76D
6f76B
6f76A
6bp1A
6aseA
6asaA
5xcoA
5wlbD
5wlbA
5whbJ
5whbG
5whbD
5whbA
5whaG
5w22B
5w22A
5vq8B
5vq8A
5vq6B
5vq6A
5vq2B
5vq2A
5v9oA
5v9lC
5v9lB
5v9lA
5v71F
5v71E
5v71D
5v71C
5v71B
5v71A
5usjF
5usjE
5usjD
5usjC
5usjB
5usjA
5us4B
5us4A
5uqwB
5uqwA
5uk9A
5ufqB
5ufqA
5tb5A
5octB
5octA
5ocoF
5ocoE
5ocoD
5ocoC
5ocoB
5ocoA
5o2tA
5o2sG
5o2sE
5o2sC
5o2sA
5mlbG
5mlbE
5mlbC
5mlbA
5mlaA
5kykC
5kykB
5kykA
4tqaB
4tqaA
4tq9B
4tq9A
4ql3A
4nmmA
4ldjA
4l8gA
4epwA
4epvA
4eptA
3gftA
5wpmA
5whaJ
5whaD
5whaA
4dsuA
4dstA
4dsoA
4dsnA
5wheA
5whdB
5whdA
5vq1B
5vq1A
5vq0B
5vq0A
5vp7B
5vp7A
5ocgA
4epyA
4epxA
4eprA
5wheD
5wheC
5wheB
5whdD
5whdC
5vpzB
5vpzA
5vpyB
5vpyA
5vpiB
5vpiA
4q03A
4q02A
4q01B
4q01A
4pzzA
4pzyB
4pzyA
6b0yB
6b0yA
6b0vB
6b0vA
6arkA
5yy1A
5yxzA
5vbmA
5v9uB
5v9uA
5v6vB
5v6vA
5v6sA
5f2eA
4m22B
4lyjA
4lv6B
4lv6A
4lucB
4lucA
4m22C
4m22A
4m21A
4m1yB
4m1yA
4m1wC
4m1wB
4m1wA
4m1tB
4m1tA
4m1sB
4m1sA
4m1oB
4m1oA
4lyhB
4lyhA
4lyfB
4lyfA
4m21B
4m1yC
4m1tC
4m1oC
4lyhC
4lyfC
4lrwB
4lrwA
4m21C
4m1sC
5wplA
5wplJ
5wplD
5wplG
6axgJ
6axgH
6axgF
6axgD
6axgL
6axgB
5x9sA
5wfrB
5wfrA
5wfqB
5wfqA
5wfpB
5wfpA
5wfoB
5wfoA
5wdoA
5p21A
5e95B
5b30A
5b2zA
4us2A
4us1A
4us0A
4urzA
4uryA
4urxA
4urwA
4urvA
4uruA
4nymB
4nyjB
4nyiB
4eflA
4dlwA
4dluA
4dltA
4dlsA
3tgpA
3rsoA
3rs5A
3rs3A
3rs2A
3rs0A
3rrzA
3rryA
3lbnA
3lbiA
3lbhA
3l8zA
3l8yA
3k8yA
1xd2B
1wq1A
1qraA
1p2vA
1p2sA
1nvwB
1nvwA
1nvvB
1k8rA
1gnrA
1gnqA
1gnpA
1ctqA
1crqA
1crpA
1bkdA
121pA
4g0nA
3rs7A
3rs4A
3kudA
4rsgA
1p2uA
1p2tA
2rggA
2rgeA
3rslA
6ambA
1iaqC
821pA
721pA
621pA
5wdqA
5wdpA
4nymA
4nyjA
4nyiA
4l9wA
4k81H
4k81F
4k81D
4k81B
4g3xA
4efnA
4efmA
4dlzA
4dlyA
4dlxA
4dlvA
4dlrA
421pA
3v4fA
3oiwA
3oiuA
3kknA
3i3sA
2vh5C
2uziC
2rgdA
2rgcA
2rgbA
2rgaA
2quzA
2n46A
2n42A
2lwiA
2lcfA
2c5lB
2c5lA
221pA
1zvqA
1xd2A
1xcmA
1nvxB
1nvxA
1nvvA
1nvuB
1nvuA
1lfdD
1lfdB
1lf5A
1lf0A
1jaiA
1jahA
1iaqB
1he8B
1agpA
5vbzC
5vbzB
5vbeA
4xvqA
3k9nA
2cldA
1zw6A
1xj0A
1iaqA
4xvrA
1pllA
4l9sA
3oivA
3k9lA
1rvdA
1cluA
3k9lC
3k9lB
5vbzA
4q21A
3lo5B
3kkmA
5uhvA
521pA
3ddcA
2x1vA
2evwA
2clcA
2cl7A
2cl6A
2cl0A
2ce2A
3lo5C
1iozA
3lo5A
6q21D
6q21C
6q21B
6q21A
1q21A
1aa9A
3conA
1plkA
1pljA
2q21A
