6cpgC
6cpgA
6cpfA
6cpeA
5osfA
5oseA
5osdA
5os6A
5os5A
5os4A
5os3A
5os2A
5os1A
5os0A
5orzA
5oryA
5orxA
5orwA
5orvA
5ortA
5orsA
5orrA
5orpA
5oroA
5ornA
5orlA
5oneA
5odtA
5obrA
5objA
5lxmA
5l8lA
5l8kA
5l8jA
5g1xA
5g15A
5ew9A
5dt4A
5dt3A
5dt0A
5drdA
5dr9A
5dr6A
5dr2A
5dpvA
5dosA
5dnrA
5dn3A
5aagA
5aafA
5aaeA
5aadA
4ztsA
4ztrA
4ztqA
4zs0A
4uzdB
4uzdA
4uynA
4o0sA
4jbqA
4jbpA
4jboA
4jajA
4jaiA
4j8nD
4j8nC
4j8nB
4j8nA
4j8mA
4dhfB
4dhfA
4deeA
4dedA
4debA
4deaA
4cegA
4c3rA
4c3pC
4c3pA
4byjA
4byiA
4b0gA
3w2cD
3w2cC
3w2cB
3w2cA
3w18B
3w18A
3w16A
3w10A
3vapA
3up7A
3up2A
3uolB
3uolA
3uokB
3uokA
3uojB
3uojA
3uohB
3uohA
3uodA
3uo6B
3uo6A
3uo5A
3uo4A
3unzB
3unzA
3r22A
3r21A
3qbnA
3p9jA
3o51A
3o50B
3o50A
3nrmA
3mygA
3m11A
3k5uA
3h10C
3h10B
3h0zC
3h0zB
3h0zA
3h0yA
3fdnA
3efwB
3efwA
3e5aA
2xruA
2xngA
2xneA
2x81A
2x6eA
2x6dA
2w1gA
2w1fA
2w1eA
2w1dA
2w1cA
2np8A
2j50B
2j50A
2j4zB
2j4zA
2dwbA
2c6eB
2c6eA
2c6dA
2bmcF
2bmcE
2bmcD
2bmcC
2bmcB
2bmcA
1ol7A
1ol6A
1ol5A
1muoA
1mq4A
4uzhA
4o0wA
4o0uA
4bn1A
3lauA
3ha6A
3h10A
2wqeA
2wtvD
2wtvA
4prjA
3cohB
3cohA
2wtwA
2wtvC
2wtvB
3dj7A
3dajA
3d2iA
3d15A
3dj6A
3dj5A
3d2kA
3d14A
