5u6vA
5u5sA
5n2lD
5n2lC
5n2lB
5n2lA
5ek9B
5ek9A
5dw1D
5dw1C
5dw1B
5dw1A
5bt5A
4uygF
4uygE
4uygD
4uygC
4uygB
4uygA
4mr6A
4mr5A
3oniA
2e3kC
2e3kA
5o3iA
5o3hA
5o3gB
5o3gA
5o3fA
5o3eA
5o3cA
5o3bD
5o3bC
5o3bB
5o3bA
5o3aA
5o39A
5hfqA
5dfdA
5dfcA
5dfbA
4qewA
4qevA
4qeuA
2g4aA
2e3kD
5uewB
5uewA
5o3dA
5o38A
4j1pA
2e3kB
5ibnA
2dvvA
5xheA
5xhkA
5ig6A
2n3kA
6bnhA
2nd1A
2nd0A
2nczA
6bggB
6bghA
5a7cB
6c7qA
5hjcA
4z93A
3s92A
2oo1D
2oo1C
2oo1B
2oo1A
5a7cD
5a7cC
5a7cA
5uooA
5hfrB
5hfrA
5hfrD
5hfrC
2i8nA
5uvtA
5uvxB
5u2cB
5t35E
5t35A
2yemB
2ouoA
5jwmB
5jwmA
2yemA
5uvuA
5ueqA
4kv4A
5uvxA
5uf0A
5ueyA
5uevA
5ueoA
5uvzA
5uvyA
5uvvB
5uvvA
5uvsA
5uezA
5uexA
5ueuB
5ueuA
5uetA
5uesA
5uerA
5uepA
5ueoB
2e7nA
