5uq3A
5uq2A
5uq1C
5uq1A
5osjA
5oo0A
5nevC
5nevA
5mhqA
5lmkC
5lmkA
5l2wA
5k4jA
5jq8A
5jq5A
5if1C
5if1A
5ieyA
5iexA
5ievA
5fp6A
5fp5A
5d1jA
5cyiC
5cyiA
5anoA
5ankA
5anjA
5aniA
5angA
5aneA
5andA
5a14A
4rj3A
4nj3A
4lynA
4kd1A
4ii5C
4ii5A
4i3zC
4i3zA
4gcjA
4fx3C
4fx3A
4fkwA
4fkvA
4fkuA
4fktA
4fksA
4fkrA
4fkqA
4fkpA
4fkoA
4fklA
4fkjA
4fkiA
4fkgA
4ez7A
4ez3A
4erwA
4eosC
4eosA
4eorC
4eorA
4eoqC
4eoqA
4ek8A
4ek6A
4ek5A
4ek4A
4ek3A
4d1zA
4d1xA
4cfxC
4cfxA
4cfwC
4cfwA
4cfvC
4cfvA
4cfuC
4cfuA
4cfnC
4cfnA
4cfmC
4cfmA
4bzdA
4bghA
4bcqC
4bcqA
4bcpC
4bcpA
4bcoC
4bcoA
4bcnC
4bcnA
4bcmC
4bcmA
4bckC
4bckA
4acmA
3wblA
3unkA
3unjA
3uliA
3tnwC
3tnwA
3tizA
3tiyA
3ti1A
3sw7A
3sw4A
3sqqA
3s2pA
3s1hA
3s0oA
3s00A
3rzbA
3rpyA
3rpvA
3rprA
3rpoA
3royA
3rniA
3rmfA
3rm7A
3rm6A
3rkbA
3rk9A
3rk7A
3rk5A
3rjcA
3ralA
3rakA
3raiA
3rahA
3r9oA
3r9nA
3r9hA
3r9dA
3r8zA
3r8vA
3r8uA
3r8pA
3r8mA
3r8lA
3r83A
3r7yA
3r7vA
3r7uA
3r7iA
3r7eA
3r73A
3r71A
3r6xA
3r28A
3r1yA
3r1sA
3r1qA
3qziA
3qzhA
3qzgA
3qzfA
3qxpA
3qxoA
3qx4A
3qx2A
3qwkA
3qwjA
3qu0A
3qtzA
3qtxA
3qtwA
3qtuA
3qtsA
3qtrA
3qtqA
3qruA
3qrtA
3qqlA
3qqkA
3qqjA
3qqhA
3qqgA
3qqfA
3ql8A
3qhwC
3qhwA
3qhrC
3qhrA
3py1A
3py0A
3pxzA
3pxyA
3pxrA
3pxqA
3pxfA
3pj8A
3ns9A
3my5C
3my5A
3lfsA
3lfqA
3lfnA
3le6A
3iggA
3ig7A
3fz1A
3f5xC
3f5xA
3ezvA
3ezrA
3eocC
3eocA
3ej1C
3ej1A
3eidC
3eidA
3dogC
3dogA
3ddqC
3ddqA
3ddpC
3ddpA
3bhvC
3bhvA
3bhuC
3bhuA
3bhtC
3bhtA
2xnbA
2xmyA
2x1nC
2x1nA
2wxvC
2wxvA
2wpaC
2wpaA
2wmbC
2wmbA
2wmaC
2wmaA
2wipC
2wipA
2wihC
2wihA
2whbC
2whbA
2wfyC
2wfyA
2wevC
2wevA
2w1hA
2w17A
2w06A
2w05A
2vv9A
2vu3A
2vttA
2vtsA
2vtrA
2vtqA
2vtpA
2vtoA
2vtnA
2vtmA
2vtlA
2vtjA
2vtiA
2vthA
2vtaA
2v22C
2v22A
2v0dA
2uzoA
2uznA
2uzlC
2uzlA
2uzeC
2uzeA
2uzdC
2uzdA
2uzbC
2uzbA
2uueC
2uueA
2r64A
2r3rA
2r3qA
2r3pA
2r3oA
2r3nA
2r3mA
2r3lA
2r3kA
2r3jA
2r3iA
2r3hA
2r3gA
2r3fA
2jgzA
2j9mA
2i40C
2i40A
2g9xC
2g9xA
2fvdA
2exmA
2duvA
2clxA
2cjmC
2cjmA
2cciC
2cciA
2cchC
2cchA
2c6tC
2c6tA
2c6oA
2c6mA
2c6lA
2c6kA
2c6iA
2c69A
2c68A
2c5yA
2c5xC
2c5xA
2c5vC
2c5vA
2c5oC
2c5oA
2c5nC
2c5nA
2c4gC
2c4gA
2btsA
2btrA
2bpmC
2bpmA
2bkzC
2bkzA
2bhhA
2bheA
2b55A
2b54A
2b53A
2b52A
2a4lA
2a0cA
1ykrA
1y91A
1y8yA
1wccA
1w98A
1w8cA
1w0xA
1vyzA
1vywC
1vywA
1v1kA
1urwA
1urcC
1urcA
1r78A
1qmzC
1qmzA
1pyeA
1pxpA
1pxoA
1pxnA
1pxmA
1pxlA
1pxkA
1pxjA
1pxiA
1pw2A
1pkdC
1pkdA
1pf8A
1p5eC
1p5eA
1p2aA
1ol2C
1ol2A
1ol1C
1ol1A
1okwC
1okwA
1okvC
1okvA
1oiyC
1oiyA
1oiuC
1oiuA
1oirA
1oiqA
1oi9C
1oi9A
1oguC
1oguA
1ke9A
1ke8A
1ke7A
1ke6A
1ke5A
1jvpA
1jsvA
1jsuA
1jstC
1jstA
1hclA
1hckA
1h28C
1h28A
1h27C
1h27A
1h26C
1h26A
1h25C
1h25A
1h24C
1h24A
1h1sC
1h1sA
1h1rC
1h1rA
1h1qC
1h1qA
1h1pC
1h1pA
1h0wA
1h0vA
1h08A
1h07A
1h00A
1gz8A
1gy3C
1gy3A
1gihA
1g5sA
1fvvC
1fvvA
1fvtA
1fq1B
1finC
1finA
1f5qC
1f5qA
1e9hC
1e9hA
1e1xA
1e1vA
1dm2A
1di8A
1ckpA
1buhA
1b39A
1b38A
1aq1A
4eopC
4eopA
4eooC
4eooA
2iw9A
2iw6C
2iw6A
2iw9C
1oitA
5osmA
5oo3A
5oo1A
4eoiC
4eoiA
1h01A
4eonC
4eonA
4eomA
4eolC
4eolA
4eokC
4eokA
4eojA
2iw8A
2ds1A
4eomC
4eojC
2iw8C
1gijA
1giiA
